000 (310103.000.000) 2023-06-09 14:35:46 Job submitted from host: <172.30.1.200:9618?addrs=172.30.1.200-9618&alias=tamsa2.snu.ac.kr&noUDP&sock=schedd_3510_2582>
...
000 (310103.001.000) 2023-06-09 14:35:46 Job submitted from host: <172.30.1.200:9618?addrs=172.30.1.200-9618&alias=tamsa2.snu.ac.kr&noUDP&sock=schedd_3510_2582>
...
000 (310103.002.000) 2023-06-09 14:35:46 Job submitted from host: <172.30.1.200:9618?addrs=172.30.1.200-9618&alias=tamsa2.snu.ac.kr&noUDP&sock=schedd_3510_2582>
...
000 (310103.003.000) 2023-06-09 14:35:46 Job submitted from host: <172.30.1.200:9618?addrs=172.30.1.200-9618&alias=tamsa2.snu.ac.kr&noUDP&sock=schedd_3510_2582>
...
000 (310103.004.000) 2023-06-09 14:35:46 Job submitted from host: <172.30.1.200:9618?addrs=172.30.1.200-9618&alias=tamsa2.snu.ac.kr&noUDP&sock=schedd_3510_2582>
...
000 (310103.005.000) 2023-06-09 14:35:46 Job submitted from host: <172.30.1.200:9618?addrs=172.30.1.200-9618&alias=tamsa2.snu.ac.kr&noUDP&sock=schedd_3510_2582>
...
000 (310103.006.000) 2023-06-09 14:35:46 Job submitted from host: <172.30.1.200:9618?addrs=172.30.1.200-9618&alias=tamsa2.snu.ac.kr&noUDP&sock=schedd_3510_2582>
...
000 (310103.007.000) 2023-06-09 14:35:46 Job submitted from host: <172.30.1.200:9618?addrs=172.30.1.200-9618&alias=tamsa2.snu.ac.kr&noUDP&sock=schedd_3510_2582>
...
000 (310103.008.000) 2023-06-09 14:35:46 Job submitted from host: <172.30.1.200:9618?addrs=172.30.1.200-9618&alias=tamsa2.snu.ac.kr&noUDP&sock=schedd_3510_2582>
...
000 (310103.009.000) 2023-06-09 14:35:46 Job submitted from host: <172.30.1.200:9618?addrs=172.30.1.200-9618&alias=tamsa2.snu.ac.kr&noUDP&sock=schedd_3510_2582>
...
001 (310103.000.000) 2023-06-09 14:37:17 Job executing on host: <172.30.1.207:9618?addrs=172.30.1.207-9618&alias=node7&noUDP&sock=startd_3802_6f2a>
...
001 (310103.001.000) 2023-06-09 14:37:17 Job executing on host: <172.30.1.207:9618?addrs=172.30.1.207-9618&alias=node7&noUDP&sock=startd_3802_6f2a>
...
001 (310103.002.000) 2023-06-09 14:37:17 Job executing on host: <172.30.1.207:9618?addrs=172.30.1.207-9618&alias=node7&noUDP&sock=startd_3802_6f2a>
...
001 (310103.005.000) 2023-06-09 14:37:17 Job executing on host: <172.30.1.211:9618?addrs=172.30.1.211-9618&alias=node11&noUDP&sock=startd_3790_3407>
...
001 (310103.006.000) 2023-06-09 14:37:17 Job executing on host: <172.30.1.203:9618?addrs=172.30.1.203-9618&alias=node3&noUDP&sock=startd_3773_8aeb>
...
001 (310103.004.000) 2023-06-09 14:37:17 Job executing on host: <172.30.1.211:9618?addrs=172.30.1.211-9618&alias=node11&noUDP&sock=startd_3790_3407>
...
001 (310103.003.000) 2023-06-09 14:37:17 Job executing on host: <172.30.1.207:9618?addrs=172.30.1.207-9618&alias=node7&noUDP&sock=startd_3802_6f2a>
...
001 (310103.008.000) 2023-06-09 14:37:17 Job executing on host: <172.30.1.210:9618?addrs=172.30.1.210-9618&alias=node10&noUDP&sock=startd_3787_253e>
...
001 (310103.007.000) 2023-06-09 14:37:17 Job executing on host: <172.30.1.204:9618?addrs=172.30.1.204-9618&alias=node4&noUDP&sock=startd_3843_8e8c>
...
001 (310103.009.000) 2023-06-09 14:37:17 Job executing on host: <172.30.1.210:9618?addrs=172.30.1.210-9618&alias=node10&noUDP&sock=startd_3787_253e>
...
006 (310103.000.000) 2023-06-09 14:37:25 Image size of job updated: 602716
	180  -  MemoryUsage of job (MB)
	183596  -  ResidentSetSize of job (KB)
...
006 (310103.001.000) 2023-06-09 14:37:25 Image size of job updated: 601176
	178  -  MemoryUsage of job (MB)
	181856  -  ResidentSetSize of job (KB)
...
006 (310103.006.000) 2023-06-09 14:37:26 Image size of job updated: 551352
	156  -  MemoryUsage of job (MB)
	158996  -  ResidentSetSize of job (KB)
...
006 (310103.005.000) 2023-06-09 14:37:26 Image size of job updated: 600796
	180  -  MemoryUsage of job (MB)
	183632  -  ResidentSetSize of job (KB)
...
006 (310103.002.000) 2023-06-09 14:37:26 Image size of job updated: 601056
	180  -  MemoryUsage of job (MB)
	183632  -  ResidentSetSize of job (KB)
...
006 (310103.004.000) 2023-06-09 14:37:26 Image size of job updated: 579744
	180  -  MemoryUsage of job (MB)
	183684  -  ResidentSetSize of job (KB)
...
006 (310103.003.000) 2023-06-09 14:37:26 Image size of job updated: 601180
	180  -  MemoryUsage of job (MB)
	183692  -  ResidentSetSize of job (KB)
...
006 (310103.007.000) 2023-06-09 14:37:26 Image size of job updated: 551788
	152  -  MemoryUsage of job (MB)
	155344  -  ResidentSetSize of job (KB)
...
005 (310103.000.000) 2023-06-09 14:37:35 Job terminated.
	(1) Normal termination (return value 0)
		Usr 0 00:00:13, Sys 0 00:00:00  -  Run Remote Usage
		Usr 0 00:00:00, Sys 0 00:00:00  -  Run Local Usage
		Usr 0 00:00:13, Sys 0 00:00:00  -  Total Remote Usage
		Usr 0 00:00:00, Sys 0 00:00:00  -  Total Local Usage
	0  -  Run Bytes Sent By Job
	0  -  Run Bytes Received By Job
	0  -  Total Bytes Sent By Job
	0  -  Total Bytes Received By Job
	Partitionable Resources :    Usage  Request Allocated 
	   Cpus                 :                 1         1 
	   Disk (KB)            :        1        1    128928 
	   Memory (MB)          :      180     3900      3968 

	Job terminated of its own accord at 2023-06-09T05:37:35Z.
...
006 (310103.009.000) 2023-06-09 14:37:35 Image size of job updated: 391844
	164  -  MemoryUsage of job (MB)
	167384  -  ResidentSetSize of job (KB)
...
006 (310103.008.000) 2023-06-09 14:37:35 Image size of job updated: 391976
	152  -  MemoryUsage of job (MB)
	155372  -  ResidentSetSize of job (KB)
...
005 (310103.002.000) 2023-06-09 14:37:35 Job terminated.
	(1) Normal termination (return value 0)
		Usr 0 00:00:11, Sys 0 00:00:00  -  Run Remote Usage
		Usr 0 00:00:00, Sys 0 00:00:00  -  Run Local Usage
		Usr 0 00:00:11, Sys 0 00:00:00  -  Total Remote Usage
		Usr 0 00:00:00, Sys 0 00:00:00  -  Total Local Usage
	0  -  Run Bytes Sent By Job
	0  -  Run Bytes Received By Job
	0  -  Total Bytes Sent By Job
	0  -  Total Bytes Received By Job
	Partitionable Resources :    Usage  Request Allocated 
	   Cpus                 :                 1         1 
	   Disk (KB)            :        1        1    128928 
	   Memory (MB)          :      180     3900      3968 

	Job terminated of its own accord at 2023-06-09T05:37:35Z.
...
006 (310103.003.000) 2023-06-09 14:37:36 Image size of job updated: 607400
	180  -  MemoryUsage of job (MB)
	183692  -  ResidentSetSize of job (KB)
...
005 (310103.003.000) 2023-06-09 14:37:36 Job terminated.
	(1) Normal termination (return value 0)
		Usr 0 00:00:12, Sys 0 00:00:00  -  Run Remote Usage
		Usr 0 00:00:00, Sys 0 00:00:00  -  Run Local Usage
		Usr 0 00:00:12, Sys 0 00:00:00  -  Total Remote Usage
		Usr 0 00:00:00, Sys 0 00:00:00  -  Total Local Usage
	0  -  Run Bytes Sent By Job
	0  -  Run Bytes Received By Job
	0  -  Total Bytes Sent By Job
	0  -  Total Bytes Received By Job
	Partitionable Resources :    Usage  Request Allocated 
	   Cpus                 :                 1         1 
	   Disk (KB)            :        1        1    128928 
	   Memory (MB)          :      180     3900      3968 

	Job terminated of its own accord at 2023-06-09T05:37:36Z.
...
006 (310103.001.000) 2023-06-09 14:37:36 Image size of job updated: 607264
	178  -  MemoryUsage of job (MB)
	181856  -  ResidentSetSize of job (KB)
...
005 (310103.001.000) 2023-06-09 14:37:36 Job terminated.
	(1) Normal termination (return value 0)
		Usr 0 00:00:14, Sys 0 00:00:00  -  Run Remote Usage
		Usr 0 00:00:00, Sys 0 00:00:00  -  Run Local Usage
		Usr 0 00:00:14, Sys 0 00:00:00  -  Total Remote Usage
		Usr 0 00:00:00, Sys 0 00:00:00  -  Total Local Usage
	0  -  Run Bytes Sent By Job
	0  -  Run Bytes Received By Job
	0  -  Total Bytes Sent By Job
	0  -  Total Bytes Received By Job
	Partitionable Resources :    Usage  Request Allocated 
	   Cpus                 :                 1         1 
	   Disk (KB)            :        1        1    128928 
	   Memory (MB)          :      178     3900      3968 

	Job terminated of its own accord at 2023-06-09T05:37:36Z.
...
005 (310103.004.000) 2023-06-09 14:37:37 Job terminated.
	(1) Normal termination (return value 0)
		Usr 0 00:00:13, Sys 0 00:00:00  -  Run Remote Usage
		Usr 0 00:00:00, Sys 0 00:00:00  -  Run Local Usage
		Usr 0 00:00:13, Sys 0 00:00:00  -  Total Remote Usage
		Usr 0 00:00:00, Sys 0 00:00:00  -  Total Local Usage
	0  -  Run Bytes Sent By Job
	0  -  Run Bytes Received By Job
	0  -  Total Bytes Sent By Job
	0  -  Total Bytes Received By Job
	Partitionable Resources :    Usage  Request Allocated 
	   Cpus                 :                 1         1 
	   Disk (KB)            :        1        1    128928 
	   Memory (MB)          :      180     3900      3968 

	Job terminated of its own accord at 2023-06-09T05:37:37Z.
...
006 (310103.005.000) 2023-06-09 14:37:38 Image size of job updated: 607200
	180  -  MemoryUsage of job (MB)
	183632  -  ResidentSetSize of job (KB)
...
005 (310103.005.000) 2023-06-09 14:37:38 Job terminated.
	(1) Normal termination (return value 0)
		Usr 0 00:00:14, Sys 0 00:00:01  -  Run Remote Usage
		Usr 0 00:00:00, Sys 0 00:00:00  -  Run Local Usage
		Usr 0 00:00:14, Sys 0 00:00:01  -  Total Remote Usage
		Usr 0 00:00:00, Sys 0 00:00:00  -  Total Local Usage
	0  -  Run Bytes Sent By Job
	0  -  Run Bytes Received By Job
	0  -  Total Bytes Sent By Job
	0  -  Total Bytes Received By Job
	Partitionable Resources :    Usage  Request Allocated 
	   Cpus                 :                 1         1 
	   Disk (KB)            :        1        1    128928 
	   Memory (MB)          :      180     3900      3968 

	Job terminated of its own accord at 2023-06-09T05:37:38Z.
...
006 (310103.009.000) 2023-06-09 14:37:44 Image size of job updated: 601096
	164  -  MemoryUsage of job (MB)
	167416  -  ResidentSetSize of job (KB)
...
005 (310103.009.000) 2023-06-09 14:37:44 Job terminated.
	(1) Normal termination (return value 0)
		Usr 0 00:00:11, Sys 0 00:00:00  -  Run Remote Usage
		Usr 0 00:00:00, Sys 0 00:00:00  -  Run Local Usage
		Usr 0 00:00:11, Sys 0 00:00:00  -  Total Remote Usage
		Usr 0 00:00:00, Sys 0 00:00:00  -  Total Local Usage
	0  -  Run Bytes Sent By Job
	0  -  Run Bytes Received By Job
	0  -  Total Bytes Sent By Job
	0  -  Total Bytes Received By Job
	Partitionable Resources :    Usage  Request Allocated 
	   Cpus                 :                 1         1 
	   Disk (KB)            :        1        1    128928 
	   Memory (MB)          :      164     3900      3968 

	Job terminated of its own accord at 2023-06-09T05:37:44Z.
...
006 (310103.007.000) 2023-06-09 14:37:44 Image size of job updated: 613328
	152  -  MemoryUsage of job (MB)
	155344  -  ResidentSetSize of job (KB)
...
005 (310103.007.000) 2023-06-09 14:37:45 Job terminated.
	(1) Normal termination (return value 0)
		Usr 0 00:00:20, Sys 0 00:00:01  -  Run Remote Usage
		Usr 0 00:00:00, Sys 0 00:00:00  -  Run Local Usage
		Usr 0 00:00:20, Sys 0 00:00:01  -  Total Remote Usage
		Usr 0 00:00:00, Sys 0 00:00:00  -  Total Local Usage
	0  -  Run Bytes Sent By Job
	0  -  Run Bytes Received By Job
	0  -  Total Bytes Sent By Job
	0  -  Total Bytes Received By Job
	Partitionable Resources :    Usage  Request Allocated 
	   Cpus                 :                 1         1 
	   Disk (KB)            :        1        1    128928 
	   Memory (MB)          :      152     3900      3968 

	Job terminated of its own accord at 2023-06-09T05:37:44Z.
...
006 (310103.008.000) 2023-06-09 14:37:45 Image size of job updated: 607256
	152  -  MemoryUsage of job (MB)
	155372  -  ResidentSetSize of job (KB)
...
005 (310103.008.000) 2023-06-09 14:37:45 Job terminated.
	(1) Normal termination (return value 0)
		Usr 0 00:00:12, Sys 0 00:00:00  -  Run Remote Usage
		Usr 0 00:00:00, Sys 0 00:00:00  -  Run Local Usage
		Usr 0 00:00:12, Sys 0 00:00:00  -  Total Remote Usage
		Usr 0 00:00:00, Sys 0 00:00:00  -  Total Local Usage
	0  -  Run Bytes Sent By Job
	0  -  Run Bytes Received By Job
	0  -  Total Bytes Sent By Job
	0  -  Total Bytes Received By Job
	Partitionable Resources :    Usage  Request Allocated 
	   Cpus                 :                 1         1 
	   Disk (KB)            :        1        1    128928 
	   Memory (MB)          :      152     3900      3968 

	Job terminated of its own accord at 2023-06-09T05:37:45Z.
...
006 (310103.006.000) 2023-06-09 14:37:45 Image size of job updated: 604236
	156  -  MemoryUsage of job (MB)
	159184  -  ResidentSetSize of job (KB)
...
005 (310103.006.000) 2023-06-09 14:37:45 Job terminated.
	(1) Normal termination (return value 0)
		Usr 0 00:00:20, Sys 0 00:00:01  -  Run Remote Usage
		Usr 0 00:00:00, Sys 0 00:00:00  -  Run Local Usage
		Usr 0 00:00:20, Sys 0 00:00:01  -  Total Remote Usage
		Usr 0 00:00:00, Sys 0 00:00:00  -  Total Local Usage
	0  -  Run Bytes Sent By Job
	0  -  Run Bytes Received By Job
	0  -  Total Bytes Sent By Job
	0  -  Total Bytes Received By Job
	Partitionable Resources :    Usage  Request Allocated 
	   Cpus                 :                 1         1 
	   Disk (KB)            :        1        1    128928 
	   Memory (MB)          :      156     3900      3968 

	Job terminated of its own accord at 2023-06-09T05:37:45Z.
...
000 (310113.000.000) 2023-06-09 14:54:10 Job submitted from host: <172.30.1.200:9618?addrs=172.30.1.200-9618&alias=tamsa2.snu.ac.kr&noUDP&sock=schedd_3510_2582>
...
000 (310113.001.000) 2023-06-09 14:54:10 Job submitted from host: <172.30.1.200:9618?addrs=172.30.1.200-9618&alias=tamsa2.snu.ac.kr&noUDP&sock=schedd_3510_2582>
...
000 (310113.002.000) 2023-06-09 14:54:10 Job submitted from host: <172.30.1.200:9618?addrs=172.30.1.200-9618&alias=tamsa2.snu.ac.kr&noUDP&sock=schedd_3510_2582>
...
000 (310113.003.000) 2023-06-09 14:54:10 Job submitted from host: <172.30.1.200:9618?addrs=172.30.1.200-9618&alias=tamsa2.snu.ac.kr&noUDP&sock=schedd_3510_2582>
...
000 (310113.004.000) 2023-06-09 14:54:10 Job submitted from host: <172.30.1.200:9618?addrs=172.30.1.200-9618&alias=tamsa2.snu.ac.kr&noUDP&sock=schedd_3510_2582>
...
000 (310113.005.000) 2023-06-09 14:54:10 Job submitted from host: <172.30.1.200:9618?addrs=172.30.1.200-9618&alias=tamsa2.snu.ac.kr&noUDP&sock=schedd_3510_2582>
...
000 (310113.006.000) 2023-06-09 14:54:10 Job submitted from host: <172.30.1.200:9618?addrs=172.30.1.200-9618&alias=tamsa2.snu.ac.kr&noUDP&sock=schedd_3510_2582>
...
000 (310113.007.000) 2023-06-09 14:54:10 Job submitted from host: <172.30.1.200:9618?addrs=172.30.1.200-9618&alias=tamsa2.snu.ac.kr&noUDP&sock=schedd_3510_2582>
...
000 (310113.008.000) 2023-06-09 14:54:10 Job submitted from host: <172.30.1.200:9618?addrs=172.30.1.200-9618&alias=tamsa2.snu.ac.kr&noUDP&sock=schedd_3510_2582>
...
000 (310113.009.000) 2023-06-09 14:54:10 Job submitted from host: <172.30.1.200:9618?addrs=172.30.1.200-9618&alias=tamsa2.snu.ac.kr&noUDP&sock=schedd_3510_2582>
...
001 (310113.005.000) 2023-06-09 14:55:19 Job executing on host: <172.30.1.204:9618?addrs=172.30.1.204-9618&alias=node4&noUDP&sock=startd_3843_8e8c>
...
001 (310113.006.000) 2023-06-09 14:55:19 Job executing on host: <172.30.1.204:9618?addrs=172.30.1.204-9618&alias=node4&noUDP&sock=startd_3843_8e8c>
...
001 (310113.004.000) 2023-06-09 14:55:19 Job executing on host: <172.30.1.203:9618?addrs=172.30.1.203-9618&alias=node3&noUDP&sock=startd_3773_8aeb>
...
001 (310113.000.000) 2023-06-09 14:55:19 Job executing on host: <172.30.1.207:9618?addrs=172.30.1.207-9618&alias=node7&noUDP&sock=startd_3802_6f2a>
...
001 (310113.003.000) 2023-06-09 14:55:19 Job executing on host: <172.30.1.207:9618?addrs=172.30.1.207-9618&alias=node7&noUDP&sock=startd_3802_6f2a>
...
001 (310113.001.000) 2023-06-09 14:55:19 Job executing on host: <172.30.1.207:9618?addrs=172.30.1.207-9618&alias=node7&noUDP&sock=startd_3802_6f2a>
...
001 (310113.002.000) 2023-06-09 14:55:19 Job executing on host: <172.30.1.207:9618?addrs=172.30.1.207-9618&alias=node7&noUDP&sock=startd_3802_6f2a>
...
001 (310113.007.000) 2023-06-09 14:55:19 Job executing on host: <172.30.1.201:9618?addrs=172.30.1.201-9618&alias=node1&noUDP&sock=startd_4675_3d58>
...
001 (310113.008.000) 2023-06-09 14:55:19 Job executing on host: <172.30.1.201:9618?addrs=172.30.1.201-9618&alias=node1&noUDP&sock=startd_4675_3d58>
...
001 (310113.009.000) 2023-06-09 14:55:19 Job executing on host: <172.30.1.201:9618?addrs=172.30.1.201-9618&alias=node1&noUDP&sock=startd_4675_3d58>
...
006 (310113.004.000) 2023-06-09 14:55:28 Image size of job updated: 131424
	129  -  MemoryUsage of job (MB)
	131424  -  ResidentSetSize of job (KB)
...
006 (310113.005.000) 2023-06-09 14:55:28 Image size of job updated: 181800
	178  -  MemoryUsage of job (MB)
	181800  -  ResidentSetSize of job (KB)
...
006 (310113.006.000) 2023-06-09 14:55:28 Image size of job updated: 168760
	165  -  MemoryUsage of job (MB)
	168760  -  ResidentSetSize of job (KB)
...
006 (310113.008.000) 2023-06-09 14:55:28 Image size of job updated: 177036
	173  -  MemoryUsage of job (MB)
	177036  -  ResidentSetSize of job (KB)
...
006 (310113.009.000) 2023-06-09 14:55:28 Image size of job updated: 181788
	178  -  MemoryUsage of job (MB)
	181788  -  ResidentSetSize of job (KB)
...
006 (310113.007.000) 2023-06-09 14:55:28 Image size of job updated: 166180
	163  -  MemoryUsage of job (MB)
	166180  -  ResidentSetSize of job (KB)
...
006 (310113.000.000) 2023-06-09 14:55:28 Image size of job updated: 181800
	178  -  MemoryUsage of job (MB)
	181800  -  ResidentSetSize of job (KB)
...
006 (310113.002.000) 2023-06-09 14:55:28 Image size of job updated: 179632
	176  -  MemoryUsage of job (MB)
	179632  -  ResidentSetSize of job (KB)
...
006 (310113.003.000) 2023-06-09 14:55:28 Image size of job updated: 181852
	178  -  MemoryUsage of job (MB)
	181852  -  ResidentSetSize of job (KB)
...
006 (310113.001.000) 2023-06-09 14:55:28 Image size of job updated: 179228
	176  -  MemoryUsage of job (MB)
	179228  -  ResidentSetSize of job (KB)
...
006 (310113.003.000) 2023-06-09 14:55:40 Image size of job updated: 605220
	178  -  MemoryUsage of job (MB)
	181852  -  ResidentSetSize of job (KB)
...
005 (310113.003.000) 2023-06-09 14:55:40 Job terminated.
	(1) Normal termination (return value 0)
		Usr 0 00:00:14, Sys 0 00:00:01  -  Run Remote Usage
		Usr 0 00:00:00, Sys 0 00:00:00  -  Run Local Usage
		Usr 0 00:00:14, Sys 0 00:00:01  -  Total Remote Usage
		Usr 0 00:00:00, Sys 0 00:00:00  -  Total Local Usage
	0  -  Run Bytes Sent By Job
	0  -  Run Bytes Received By Job
	0  -  Total Bytes Sent By Job
	0  -  Total Bytes Received By Job
	Partitionable Resources :    Usage  Request Allocated 
	   Cpus                 :                 1         1 
	   Disk (KB)            :        1        1    128928 
	   Memory (MB)          :      178     3900      3968 

	Job terminated of its own accord at 2023-06-09T05:55:40Z.
...
006 (310113.002.000) 2023-06-09 14:55:40 Image size of job updated: 608124
	176  -  MemoryUsage of job (MB)
	179640  -  ResidentSetSize of job (KB)
...
005 (310113.002.000) 2023-06-09 14:55:40 Job terminated.
	(1) Normal termination (return value 0)
		Usr 0 00:00:15, Sys 0 00:00:01  -  Run Remote Usage
		Usr 0 00:00:00, Sys 0 00:00:00  -  Run Local Usage
		Usr 0 00:00:15, Sys 0 00:00:01  -  Total Remote Usage
		Usr 0 00:00:00, Sys 0 00:00:00  -  Total Local Usage
	0  -  Run Bytes Sent By Job
	0  -  Run Bytes Received By Job
	0  -  Total Bytes Sent By Job
	0  -  Total Bytes Received By Job
	Partitionable Resources :    Usage  Request Allocated 
	   Cpus                 :                 1         1 
	   Disk (KB)            :        1        1    128928 
	   Memory (MB)          :      176     3900      3968 

	Job terminated of its own accord at 2023-06-09T05:55:40Z.
...
006 (310113.000.000) 2023-06-09 14:55:40 Image size of job updated: 608904
	178  -  MemoryUsage of job (MB)
	181800  -  ResidentSetSize of job (KB)
...
005 (310113.000.000) 2023-06-09 14:55:40 Job terminated.
	(1) Normal termination (return value 0)
		Usr 0 00:00:15, Sys 0 00:00:01  -  Run Remote Usage
		Usr 0 00:00:00, Sys 0 00:00:00  -  Run Local Usage
		Usr 0 00:00:15, Sys 0 00:00:01  -  Total Remote Usage
		Usr 0 00:00:00, Sys 0 00:00:00  -  Total Local Usage
	0  -  Run Bytes Sent By Job
	0  -  Run Bytes Received By Job
	0  -  Total Bytes Sent By Job
	0  -  Total Bytes Received By Job
	Partitionable Resources :    Usage  Request Allocated 
	   Cpus                 :                 1         1 
	   Disk (KB)            :        1        1    128928 
	   Memory (MB)          :      178     3900      3968 

	Job terminated of its own accord at 2023-06-09T05:55:40Z.
...
006 (310113.009.000) 2023-06-09 14:55:42 Image size of job updated: 605092
	178  -  MemoryUsage of job (MB)
	181788  -  ResidentSetSize of job (KB)
...
005 (310113.009.000) 2023-06-09 14:55:42 Job terminated.
	(1) Normal termination (return value 0)
		Usr 0 00:00:17, Sys 0 00:00:01  -  Run Remote Usage
		Usr 0 00:00:00, Sys 0 00:00:00  -  Run Local Usage
		Usr 0 00:00:17, Sys 0 00:00:01  -  Total Remote Usage
		Usr 0 00:00:00, Sys 0 00:00:00  -  Total Local Usage
	0  -  Run Bytes Sent By Job
	0  -  Run Bytes Received By Job
	0  -  Total Bytes Sent By Job
	0  -  Total Bytes Received By Job
	Partitionable Resources :    Usage  Request Allocated 
	   Cpus                 :                 1         1 
	   Disk (KB)            :        1        1    128992 
	   Memory (MB)          :      178     3900      3968 

	Job terminated of its own accord at 2023-06-09T05:55:42Z.
...
006 (310113.001.000) 2023-06-09 14:55:43 Image size of job updated: 607168
	176  -  MemoryUsage of job (MB)
	179228  -  ResidentSetSize of job (KB)
...
005 (310113.001.000) 2023-06-09 14:55:43 Job terminated.
	(1) Normal termination (return value 0)
		Usr 0 00:00:17, Sys 0 00:00:01  -  Run Remote Usage
		Usr 0 00:00:00, Sys 0 00:00:00  -  Run Local Usage
		Usr 0 00:00:17, Sys 0 00:00:01  -  Total Remote Usage
		Usr 0 00:00:00, Sys 0 00:00:00  -  Total Local Usage
	0  -  Run Bytes Sent By Job
	0  -  Run Bytes Received By Job
	0  -  Total Bytes Sent By Job
	0  -  Total Bytes Received By Job
	Partitionable Resources :    Usage  Request Allocated 
	   Cpus                 :                 1         1 
	   Disk (KB)            :        1        1    128928 
	   Memory (MB)          :      176     3900      3968 

	Job terminated of its own accord at 2023-06-09T05:55:43Z.
...
006 (310113.007.000) 2023-06-09 14:55:43 Image size of job updated: 607312
	165  -  MemoryUsage of job (MB)
	168488  -  ResidentSetSize of job (KB)
...
005 (310113.007.000) 2023-06-09 14:55:43 Job terminated.
	(1) Normal termination (return value 0)
		Usr 0 00:00:19, Sys 0 00:00:01  -  Run Remote Usage
		Usr 0 00:00:00, Sys 0 00:00:00  -  Run Local Usage
		Usr 0 00:00:19, Sys 0 00:00:01  -  Total Remote Usage
		Usr 0 00:00:00, Sys 0 00:00:00  -  Total Local Usage
	0  -  Run Bytes Sent By Job
	0  -  Run Bytes Received By Job
	0  -  Total Bytes Sent By Job
	0  -  Total Bytes Received By Job
	Partitionable Resources :    Usage  Request Allocated 
	   Cpus                 :                 1         1 
	   Disk (KB)            :        1        1    128992 
	   Memory (MB)          :      165     3900      3968 

	Job terminated of its own accord at 2023-06-09T05:55:43Z.
...
006 (310113.005.000) 2023-06-09 14:55:43 Image size of job updated: 604316
	178  -  MemoryUsage of job (MB)
	181800  -  ResidentSetSize of job (KB)
...
006 (310113.006.000) 2023-06-09 14:55:43 Image size of job updated: 603512
	165  -  MemoryUsage of job (MB)
	168772  -  ResidentSetSize of job (KB)
...
005 (310113.005.000) 2023-06-09 14:55:44 Job terminated.
	(1) Normal termination (return value 0)
		Usr 0 00:00:19, Sys 0 00:00:00  -  Run Remote Usage
		Usr 0 00:00:00, Sys 0 00:00:00  -  Run Local Usage
		Usr 0 00:00:19, Sys 0 00:00:00  -  Total Remote Usage
		Usr 0 00:00:00, Sys 0 00:00:00  -  Total Local Usage
	0  -  Run Bytes Sent By Job
	0  -  Run Bytes Received By Job
	0  -  Total Bytes Sent By Job
	0  -  Total Bytes Received By Job
	Partitionable Resources :    Usage  Request Allocated 
	   Cpus                 :                 1         1 
	   Disk (KB)            :        1        1    128928 
	   Memory (MB)          :      178     3900      3968 

	Job terminated of its own accord at 2023-06-09T05:55:43Z.
...
005 (310113.006.000) 2023-06-09 14:55:44 Job terminated.
	(1) Normal termination (return value 0)
		Usr 0 00:00:19, Sys 0 00:00:01  -  Run Remote Usage
		Usr 0 00:00:00, Sys 0 00:00:00  -  Run Local Usage
		Usr 0 00:00:19, Sys 0 00:00:01  -  Total Remote Usage
		Usr 0 00:00:00, Sys 0 00:00:00  -  Total Local Usage
	0  -  Run Bytes Sent By Job
	0  -  Run Bytes Received By Job
	0  -  Total Bytes Sent By Job
	0  -  Total Bytes Received By Job
	Partitionable Resources :    Usage  Request Allocated 
	   Cpus                 :                 1         1 
	   Disk (KB)            :        1        1    128928 
	   Memory (MB)          :      165     3900      3968 

	Job terminated of its own accord at 2023-06-09T05:55:43Z.
...
006 (310113.008.000) 2023-06-09 14:55:45 Image size of job updated: 614264
	173  -  MemoryUsage of job (MB)
	177036  -  ResidentSetSize of job (KB)
...
005 (310113.008.000) 2023-06-09 14:55:45 Job terminated.
	(1) Normal termination (return value 0)
		Usr 0 00:00:20, Sys 0 00:00:01  -  Run Remote Usage
		Usr 0 00:00:00, Sys 0 00:00:00  -  Run Local Usage
		Usr 0 00:00:20, Sys 0 00:00:01  -  Total Remote Usage
		Usr 0 00:00:00, Sys 0 00:00:00  -  Total Local Usage
	0  -  Run Bytes Sent By Job
	0  -  Run Bytes Received By Job
	0  -  Total Bytes Sent By Job
	0  -  Total Bytes Received By Job
	Partitionable Resources :    Usage  Request Allocated 
	   Cpus                 :                 1         1 
	   Disk (KB)            :        1        1    128992 
	   Memory (MB)          :      173     3900      3968 

	Job terminated of its own accord at 2023-06-09T05:55:45Z.
...
006 (310113.004.000) 2023-06-09 14:55:52 Image size of job updated: 607240
	129  -  MemoryUsage of job (MB)
	131496  -  ResidentSetSize of job (KB)
...
005 (310113.004.000) 2023-06-09 14:55:52 Job terminated.
	(1) Normal termination (return value 0)
		Usr 0 00:00:22, Sys 0 00:00:01  -  Run Remote Usage
		Usr 0 00:00:00, Sys 0 00:00:00  -  Run Local Usage
		Usr 0 00:00:22, Sys 0 00:00:01  -  Total Remote Usage
		Usr 0 00:00:00, Sys 0 00:00:00  -  Total Local Usage
	0  -  Run Bytes Sent By Job
	0  -  Run Bytes Received By Job
	0  -  Total Bytes Sent By Job
	0  -  Total Bytes Received By Job
	Partitionable Resources :    Usage  Request Allocated 
	   Cpus                 :                 1         1 
	   Disk (KB)            :        1        1    128928 
	   Memory (MB)          :      129     3900      3968 

	Job terminated of its own accord at 2023-06-09T05:55:52Z.
...
000 (310153.000.000) 2023-06-09 15:39:26 Job submitted from host: <172.30.1.200:9618?addrs=172.30.1.200-9618&alias=tamsa2.snu.ac.kr&noUDP&sock=schedd_3510_2582>
...
000 (310153.001.000) 2023-06-09 15:39:26 Job submitted from host: <172.30.1.200:9618?addrs=172.30.1.200-9618&alias=tamsa2.snu.ac.kr&noUDP&sock=schedd_3510_2582>
...
000 (310153.002.000) 2023-06-09 15:39:26 Job submitted from host: <172.30.1.200:9618?addrs=172.30.1.200-9618&alias=tamsa2.snu.ac.kr&noUDP&sock=schedd_3510_2582>
...
000 (310153.003.000) 2023-06-09 15:39:26 Job submitted from host: <172.30.1.200:9618?addrs=172.30.1.200-9618&alias=tamsa2.snu.ac.kr&noUDP&sock=schedd_3510_2582>
...
000 (310153.004.000) 2023-06-09 15:39:26 Job submitted from host: <172.30.1.200:9618?addrs=172.30.1.200-9618&alias=tamsa2.snu.ac.kr&noUDP&sock=schedd_3510_2582>
...
000 (310153.005.000) 2023-06-09 15:39:26 Job submitted from host: <172.30.1.200:9618?addrs=172.30.1.200-9618&alias=tamsa2.snu.ac.kr&noUDP&sock=schedd_3510_2582>
...
000 (310153.006.000) 2023-06-09 15:39:26 Job submitted from host: <172.30.1.200:9618?addrs=172.30.1.200-9618&alias=tamsa2.snu.ac.kr&noUDP&sock=schedd_3510_2582>
...
000 (310153.007.000) 2023-06-09 15:39:26 Job submitted from host: <172.30.1.200:9618?addrs=172.30.1.200-9618&alias=tamsa2.snu.ac.kr&noUDP&sock=schedd_3510_2582>
...
000 (310153.008.000) 2023-06-09 15:39:26 Job submitted from host: <172.30.1.200:9618?addrs=172.30.1.200-9618&alias=tamsa2.snu.ac.kr&noUDP&sock=schedd_3510_2582>
...
000 (310153.009.000) 2023-06-09 15:39:26 Job submitted from host: <172.30.1.200:9618?addrs=172.30.1.200-9618&alias=tamsa2.snu.ac.kr&noUDP&sock=schedd_3510_2582>
...
001 (310153.004.000) 2023-06-09 15:39:40 Job executing on host: <172.30.1.207:9618?addrs=172.30.1.207-9618&alias=node7&noUDP&sock=startd_3802_6f2a>
...
001 (310153.005.000) 2023-06-09 15:39:40 Job executing on host: <172.30.1.207:9618?addrs=172.30.1.207-9618&alias=node7&noUDP&sock=startd_3802_6f2a>
...
001 (310153.001.000) 2023-06-09 15:39:40 Job executing on host: <172.30.1.206:9618?addrs=172.30.1.206-9618&alias=node6&noUDP&sock=startd_3777_494c>
...
001 (310153.006.000) 2023-06-09 15:39:40 Job executing on host: <172.30.1.207:9618?addrs=172.30.1.207-9618&alias=node7&noUDP&sock=startd_3802_6f2a>
...
001 (310153.002.000) 2023-06-09 15:39:40 Job executing on host: <172.30.1.206:9618?addrs=172.30.1.206-9618&alias=node6&noUDP&sock=startd_3777_494c>
...
001 (310153.007.000) 2023-06-09 15:39:40 Job executing on host: <172.30.1.207:9618?addrs=172.30.1.207-9618&alias=node7&noUDP&sock=startd_3802_6f2a>
...
001 (310153.000.000) 2023-06-09 15:39:40 Job executing on host: <172.30.1.206:9618?addrs=172.30.1.206-9618&alias=node6&noUDP&sock=startd_3777_494c>
...
001 (310153.008.000) 2023-06-09 15:39:41 Job executing on host: <172.30.1.207:9618?addrs=172.30.1.207-9618&alias=node7&noUDP&sock=startd_3802_6f2a>
...
001 (310153.003.000) 2023-06-09 15:39:41 Job executing on host: <172.30.1.206:9618?addrs=172.30.1.206-9618&alias=node6&noUDP&sock=startd_3777_494c>
...
001 (310153.009.000) 2023-06-09 15:39:41 Job executing on host: <172.30.1.207:9618?addrs=172.30.1.207-9618&alias=node7&noUDP&sock=startd_3802_6f2a>
...
006 (310153.000.000) 2023-06-09 15:39:49 Image size of job updated: 181816
	178  -  MemoryUsage of job (MB)
	181816  -  ResidentSetSize of job (KB)
...
006 (310153.003.000) 2023-06-09 15:39:49 Image size of job updated: 181772
	178  -  MemoryUsage of job (MB)
	181772  -  ResidentSetSize of job (KB)
...
006 (310153.008.000) 2023-06-09 15:39:49 Image size of job updated: 551796
	152  -  MemoryUsage of job (MB)
	155380  -  ResidentSetSize of job (KB)
...
006 (310153.009.000) 2023-06-09 15:39:49 Image size of job updated: 551788
	178  -  MemoryUsage of job (MB)
	181828  -  ResidentSetSize of job (KB)
...
006 (310153.004.000) 2023-06-09 15:39:49 Image size of job updated: 551788
	178  -  MemoryUsage of job (MB)
	181684  -  ResidentSetSize of job (KB)
...
006 (310153.005.000) 2023-06-09 15:39:49 Image size of job updated: 551784
	178  -  MemoryUsage of job (MB)
	181684  -  ResidentSetSize of job (KB)
...
006 (310153.001.000) 2023-06-09 15:39:49 Image size of job updated: 183636
	180  -  MemoryUsage of job (MB)
	183636  -  ResidentSetSize of job (KB)
...
006 (310153.006.000) 2023-06-09 15:39:49 Image size of job updated: 551784
	178  -  MemoryUsage of job (MB)
	181840  -  ResidentSetSize of job (KB)
...
006 (310153.002.000) 2023-06-09 15:39:49 Image size of job updated: 183596
	180  -  MemoryUsage of job (MB)
	183592  -  ResidentSetSize of job (KB)
...
006 (310153.007.000) 2023-06-09 15:39:50 Image size of job updated: 551776
	168  -  MemoryUsage of job (MB)
	171100  -  ResidentSetSize of job (KB)
...
006 (310153.002.000) 2023-06-09 15:39:54 Image size of job updated: 604268
	180  -  MemoryUsage of job (MB)
	183592  -  ResidentSetSize of job (KB)
...
005 (310153.002.000) 2023-06-09 15:39:54 Job terminated.
	(1) Normal termination (return value 0)
		Usr 0 00:00:09, Sys 0 00:00:00  -  Run Remote Usage
		Usr 0 00:00:00, Sys 0 00:00:00  -  Run Local Usage
		Usr 0 00:00:09, Sys 0 00:00:00  -  Total Remote Usage
		Usr 0 00:00:00, Sys 0 00:00:00  -  Total Local Usage
	0  -  Run Bytes Sent By Job
	0  -  Run Bytes Received By Job
	0  -  Total Bytes Sent By Job
	0  -  Total Bytes Received By Job
	Partitionable Resources :    Usage  Request Allocated 
	   Cpus                 :        0        1         1 
	   Disk (KB)            :        1        1     95898 
	   Memory (MB)          :      180     3900      3968 

	Job terminated of its own accord at 2023-06-09T06:39:54Z.
...
006 (310153.003.000) 2023-06-09 15:39:55 Image size of job updated: 608428
	178  -  MemoryUsage of job (MB)
	181772  -  ResidentSetSize of job (KB)
...
005 (310153.003.000) 2023-06-09 15:39:55 Job terminated.
	(1) Normal termination (return value 0)
		Usr 0 00:00:09, Sys 0 00:00:00  -  Run Remote Usage
		Usr 0 00:00:00, Sys 0 00:00:00  -  Run Local Usage
		Usr 0 00:00:09, Sys 0 00:00:00  -  Total Remote Usage
		Usr 0 00:00:00, Sys 0 00:00:00  -  Total Local Usage
	0  -  Run Bytes Sent By Job
	0  -  Run Bytes Received By Job
	0  -  Total Bytes Sent By Job
	0  -  Total Bytes Received By Job
	Partitionable Resources :    Usage  Request Allocated 
	   Cpus                 :        0        1         1 
	   Disk (KB)            :        1        1     95898 
	   Memory (MB)          :      178     3900      3968 

	Job terminated of its own accord at 2023-06-09T06:39:55Z.
...
006 (310153.000.000) 2023-06-09 15:39:55 Image size of job updated: 608928
	178  -  MemoryUsage of job (MB)
	181816  -  ResidentSetSize of job (KB)
...
005 (310153.000.000) 2023-06-09 15:39:55 Job terminated.
	(1) Normal termination (return value 0)
		Usr 0 00:00:10, Sys 0 00:00:00  -  Run Remote Usage
		Usr 0 00:00:00, Sys 0 00:00:00  -  Run Local Usage
		Usr 0 00:00:10, Sys 0 00:00:00  -  Total Remote Usage
		Usr 0 00:00:00, Sys 0 00:00:00  -  Total Local Usage
	0  -  Run Bytes Sent By Job
	0  -  Run Bytes Received By Job
	0  -  Total Bytes Sent By Job
	0  -  Total Bytes Received By Job
	Partitionable Resources :    Usage  Request Allocated 
	   Cpus                 :        0        1         1 
	   Disk (KB)            :        1        1     95898 
	   Memory (MB)          :      178     3900      3968 

	Job terminated of its own accord at 2023-06-09T06:39:55Z.
...
006 (310153.001.000) 2023-06-09 15:39:56 Image size of job updated: 607144
	180  -  MemoryUsage of job (MB)
	183636  -  ResidentSetSize of job (KB)
...
005 (310153.001.000) 2023-06-09 15:39:56 Job terminated.
	(1) Normal termination (return value 0)
		Usr 0 00:00:10, Sys 0 00:00:00  -  Run Remote Usage
		Usr 0 00:00:00, Sys 0 00:00:00  -  Run Local Usage
		Usr 0 00:00:10, Sys 0 00:00:00  -  Total Remote Usage
		Usr 0 00:00:00, Sys 0 00:00:00  -  Total Local Usage
	0  -  Run Bytes Sent By Job
	0  -  Run Bytes Received By Job
	0  -  Total Bytes Sent By Job
	0  -  Total Bytes Received By Job
	Partitionable Resources :    Usage  Request Allocated 
	   Cpus                 :        0        1         1 
	   Disk (KB)            :        1        1     95898 
	   Memory (MB)          :      180     3900      3968 

	Job terminated of its own accord at 2023-06-09T06:39:56Z.
...
006 (310153.009.000) 2023-06-09 15:40:00 Image size of job updated: 602776
	178  -  MemoryUsage of job (MB)
	181828  -  ResidentSetSize of job (KB)
...
006 (310153.006.000) 2023-06-09 15:40:00 Image size of job updated: 602776
	178  -  MemoryUsage of job (MB)
	181840  -  ResidentSetSize of job (KB)
...
005 (310153.009.000) 2023-06-09 15:40:00 Job terminated.
	(1) Normal termination (return value 0)
		Usr 0 00:00:15, Sys 0 00:00:01  -  Run Remote Usage
		Usr 0 00:00:00, Sys 0 00:00:00  -  Run Local Usage
		Usr 0 00:00:15, Sys 0 00:00:01  -  Total Remote Usage
		Usr 0 00:00:00, Sys 0 00:00:00  -  Total Local Usage
	0  -  Run Bytes Sent By Job
	0  -  Run Bytes Received By Job
	0  -  Total Bytes Sent By Job
	0  -  Total Bytes Received By Job
	Partitionable Resources :    Usage  Request Allocated 
	   Cpus                 :                 1         1 
	   Disk (KB)            :        1        1    128928 
	   Memory (MB)          :      178     3900      3968 

	Job terminated of its own accord at 2023-06-09T06:40:00Z.
...
005 (310153.006.000) 2023-06-09 15:40:00 Job terminated.
	(1) Normal termination (return value 0)
		Usr 0 00:00:15, Sys 0 00:00:00  -  Run Remote Usage
		Usr 0 00:00:00, Sys 0 00:00:00  -  Run Local Usage
		Usr 0 00:00:15, Sys 0 00:00:00  -  Total Remote Usage
		Usr 0 00:00:00, Sys 0 00:00:00  -  Total Local Usage
	0  -  Run Bytes Sent By Job
	0  -  Run Bytes Received By Job
	0  -  Total Bytes Sent By Job
	0  -  Total Bytes Received By Job
	Partitionable Resources :    Usage  Request Allocated 
	   Cpus                 :                 1         1 
	   Disk (KB)            :        1        1    128928 
	   Memory (MB)          :      178     3900      3968 

	Job terminated of its own accord at 2023-06-09T06:40:00Z.
...
006 (310153.004.000) 2023-06-09 15:40:00 Image size of job updated: 609000
	178  -  MemoryUsage of job (MB)
	181684  -  ResidentSetSize of job (KB)
...
005 (310153.004.000) 2023-06-09 15:40:00 Job terminated.
	(1) Normal termination (return value 0)
		Usr 0 00:00:16, Sys 0 00:00:00  -  Run Remote Usage
		Usr 0 00:00:00, Sys 0 00:00:00  -  Run Local Usage
		Usr 0 00:00:16, Sys 0 00:00:00  -  Total Remote Usage
		Usr 0 00:00:00, Sys 0 00:00:00  -  Total Local Usage
	0  -  Run Bytes Sent By Job
	0  -  Run Bytes Received By Job
	0  -  Total Bytes Sent By Job
	0  -  Total Bytes Received By Job
	Partitionable Resources :    Usage  Request Allocated 
	   Cpus                 :                 1         1 
	   Disk (KB)            :        1        1    128928 
	   Memory (MB)          :      178     3900      3968 

	Job terminated of its own accord at 2023-06-09T06:40:00Z.
...
006 (310153.007.000) 2023-06-09 15:40:01 Image size of job updated: 609080
	168  -  MemoryUsage of job (MB)
	171204  -  ResidentSetSize of job (KB)
...
005 (310153.007.000) 2023-06-09 15:40:01 Job terminated.
	(1) Normal termination (return value 0)
		Usr 0 00:00:17, Sys 0 00:00:00  -  Run Remote Usage
		Usr 0 00:00:00, Sys 0 00:00:00  -  Run Local Usage
		Usr 0 00:00:17, Sys 0 00:00:00  -  Total Remote Usage
		Usr 0 00:00:00, Sys 0 00:00:00  -  Total Local Usage
	0  -  Run Bytes Sent By Job
	0  -  Run Bytes Received By Job
	0  -  Total Bytes Sent By Job
	0  -  Total Bytes Received By Job
	Partitionable Resources :    Usage  Request Allocated 
	   Cpus                 :                 1         1 
	   Disk (KB)            :        1        1    128928 
	   Memory (MB)          :      168     3900      3968 

	Job terminated of its own accord at 2023-06-09T06:40:01Z.
...
006 (310153.005.000) 2023-06-09 15:40:01 Image size of job updated: 607268
	178  -  MemoryUsage of job (MB)
	181684  -  ResidentSetSize of job (KB)
...
005 (310153.005.000) 2023-06-09 15:40:01 Job terminated.
	(1) Normal termination (return value 0)
		Usr 0 00:00:17, Sys 0 00:00:01  -  Run Remote Usage
		Usr 0 00:00:00, Sys 0 00:00:00  -  Run Local Usage
		Usr 0 00:00:17, Sys 0 00:00:01  -  Total Remote Usage
		Usr 0 00:00:00, Sys 0 00:00:00  -  Total Local Usage
	0  -  Run Bytes Sent By Job
	0  -  Run Bytes Received By Job
	0  -  Total Bytes Sent By Job
	0  -  Total Bytes Received By Job
	Partitionable Resources :    Usage  Request Allocated 
	   Cpus                 :                 1         1 
	   Disk (KB)            :        1        1    128928 
	   Memory (MB)          :      178     3900      3968 

	Job terminated of its own accord at 2023-06-09T06:40:01Z.
...
006 (310153.008.000) 2023-06-09 15:40:02 Image size of job updated: 607280
	152  -  MemoryUsage of job (MB)
	155380  -  ResidentSetSize of job (KB)
...
005 (310153.008.000) 2023-06-09 15:40:02 Job terminated.
	(1) Normal termination (return value 0)
		Usr 0 00:00:18, Sys 0 00:00:00  -  Run Remote Usage
		Usr 0 00:00:00, Sys 0 00:00:00  -  Run Local Usage
		Usr 0 00:00:18, Sys 0 00:00:00  -  Total Remote Usage
		Usr 0 00:00:00, Sys 0 00:00:00  -  Total Local Usage
	0  -  Run Bytes Sent By Job
	0  -  Run Bytes Received By Job
	0  -  Total Bytes Sent By Job
	0  -  Total Bytes Received By Job
	Partitionable Resources :    Usage  Request Allocated 
	   Cpus                 :                 1         1 
	   Disk (KB)            :        1        1    128928 
	   Memory (MB)          :      152     3900      3968 

	Job terminated of its own accord at 2023-06-09T06:40:02Z.
...
