000 (330331.000.000) 2023-07-25 13:52:02 Job submitted from host: <172.30.1.200:9618?addrs=172.30.1.200-9618&alias=tamsa2.snu.ac.kr&noUDP&sock=schedd_3510_2582>
...
000 (330331.001.000) 2023-07-25 13:52:02 Job submitted from host: <172.30.1.200:9618?addrs=172.30.1.200-9618&alias=tamsa2.snu.ac.kr&noUDP&sock=schedd_3510_2582>
...
000 (330331.002.000) 2023-07-25 13:52:02 Job submitted from host: <172.30.1.200:9618?addrs=172.30.1.200-9618&alias=tamsa2.snu.ac.kr&noUDP&sock=schedd_3510_2582>
...
000 (330331.003.000) 2023-07-25 13:52:02 Job submitted from host: <172.30.1.200:9618?addrs=172.30.1.200-9618&alias=tamsa2.snu.ac.kr&noUDP&sock=schedd_3510_2582>
...
000 (330331.004.000) 2023-07-25 13:52:02 Job submitted from host: <172.30.1.200:9618?addrs=172.30.1.200-9618&alias=tamsa2.snu.ac.kr&noUDP&sock=schedd_3510_2582>
...
000 (330331.005.000) 2023-07-25 13:52:02 Job submitted from host: <172.30.1.200:9618?addrs=172.30.1.200-9618&alias=tamsa2.snu.ac.kr&noUDP&sock=schedd_3510_2582>
...
000 (330331.006.000) 2023-07-25 13:52:02 Job submitted from host: <172.30.1.200:9618?addrs=172.30.1.200-9618&alias=tamsa2.snu.ac.kr&noUDP&sock=schedd_3510_2582>
...
000 (330331.007.000) 2023-07-25 13:52:02 Job submitted from host: <172.30.1.200:9618?addrs=172.30.1.200-9618&alias=tamsa2.snu.ac.kr&noUDP&sock=schedd_3510_2582>
...
000 (330331.008.000) 2023-07-25 13:52:02 Job submitted from host: <172.30.1.200:9618?addrs=172.30.1.200-9618&alias=tamsa2.snu.ac.kr&noUDP&sock=schedd_3510_2582>
...
000 (330331.009.000) 2023-07-25 13:52:02 Job submitted from host: <172.30.1.200:9618?addrs=172.30.1.200-9618&alias=tamsa2.snu.ac.kr&noUDP&sock=schedd_3510_2582>
...
001 (330331.000.000) 2023-07-25 13:52:18 Job executing on host: <172.30.1.202:9618?addrs=172.30.1.202-9618&alias=node2&noUDP&sock=startd_19693_56a6>
...
001 (330331.005.000) 2023-07-25 13:52:18 Job executing on host: <172.30.1.207:9618?addrs=172.30.1.207-9618&alias=node7&noUDP&sock=startd_3802_6f2a>
...
001 (330331.007.000) 2023-07-25 13:52:18 Job executing on host: <172.30.1.207:9618?addrs=172.30.1.207-9618&alias=node7&noUDP&sock=startd_3802_6f2a>
...
001 (330331.008.000) 2023-07-25 13:52:18 Job executing on host: <172.30.1.207:9618?addrs=172.30.1.207-9618&alias=node7&noUDP&sock=startd_3802_6f2a>
...
001 (330331.001.000) 2023-07-25 13:52:18 Job executing on host: <172.30.1.202:9618?addrs=172.30.1.202-9618&alias=node2&noUDP&sock=startd_19693_56a6>
...
001 (330331.009.000) 2023-07-25 13:52:18 Job executing on host: <172.30.1.207:9618?addrs=172.30.1.207-9618&alias=node7&noUDP&sock=startd_3802_6f2a>
...
001 (330331.006.000) 2023-07-25 13:52:18 Job executing on host: <172.30.1.207:9618?addrs=172.30.1.207-9618&alias=node7&noUDP&sock=startd_3802_6f2a>
...
001 (330331.002.000) 2023-07-25 13:52:18 Job executing on host: <172.30.1.202:9618?addrs=172.30.1.202-9618&alias=node2&noUDP&sock=startd_19693_56a6>
...
001 (330331.004.000) 2023-07-25 13:52:18 Job executing on host: <172.30.1.202:9618?addrs=172.30.1.202-9618&alias=node2&noUDP&sock=startd_19693_56a6>
...
001 (330331.003.000) 2023-07-25 13:52:18 Job executing on host: <172.30.1.202:9618?addrs=172.30.1.202-9618&alias=node2&noUDP&sock=startd_19693_56a6>
...
006 (330331.000.000) 2023-07-25 13:52:26 Image size of job updated: 634828
	183  -  MemoryUsage of job (MB)
	186652  -  ResidentSetSize of job (KB)
...
006 (330331.005.000) 2023-07-25 13:52:26 Image size of job updated: 199496
	183  -  MemoryUsage of job (MB)
	186748  -  ResidentSetSize of job (KB)
...
006 (330331.007.000) 2023-07-25 13:52:26 Image size of job updated: 203908
	185  -  MemoryUsage of job (MB)
	188852  -  ResidentSetSize of job (KB)
...
006 (330331.001.000) 2023-07-25 13:52:26 Image size of job updated: 634824
	183  -  MemoryUsage of job (MB)
	186660  -  ResidentSetSize of job (KB)
...
006 (330331.008.000) 2023-07-25 13:52:26 Image size of job updated: 215776
	183  -  MemoryUsage of job (MB)
	186800  -  ResidentSetSize of job (KB)
...
006 (330331.009.000) 2023-07-25 13:52:27 Image size of job updated: 210772
	183  -  MemoryUsage of job (MB)
	186892  -  ResidentSetSize of job (KB)
...
006 (330331.006.000) 2023-07-25 13:52:27 Image size of job updated: 201984
	183  -  MemoryUsage of job (MB)
	186880  -  ResidentSetSize of job (KB)
...
006 (330331.002.000) 2023-07-25 13:52:27 Image size of job updated: 634828
	183  -  MemoryUsage of job (MB)
	186888  -  ResidentSetSize of job (KB)
...
006 (330331.004.000) 2023-07-25 13:52:27 Image size of job updated: 634828
	185  -  MemoryUsage of job (MB)
	188892  -  ResidentSetSize of job (KB)
...
006 (330331.003.000) 2023-07-25 13:52:27 Image size of job updated: 634828
	183  -  MemoryUsage of job (MB)
	186760  -  ResidentSetSize of job (KB)
...
006 (330331.007.000) 2023-07-25 13:52:32 Image size of job updated: 686484
	185  -  MemoryUsage of job (MB)
	188860  -  ResidentSetSize of job (KB)
...
005 (330331.007.000) 2023-07-25 13:52:32 Job terminated.
	(1) Normal termination (return value 0)
		Usr 0 00:00:09, Sys 0 00:00:01  -  Run Remote Usage
		Usr 0 00:00:00, Sys 0 00:00:00  -  Run Local Usage
		Usr 0 00:00:09, Sys 0 00:00:01  -  Total Remote Usage
		Usr 0 00:00:00, Sys 0 00:00:00  -  Total Local Usage
	0  -  Run Bytes Sent By Job
	0  -  Run Bytes Received By Job
	0  -  Total Bytes Sent By Job
	0  -  Total Bytes Received By Job
	Partitionable Resources :    Usage  Request Allocated 
	   Cpus                 :                 1         1 
	   Disk (KB)            :        1        1    128928 
	   Memory (MB)          :      185     3900      3968 

	Job terminated of its own accord at 2023-07-25T04:52:32Z.
...
006 (330331.009.000) 2023-07-25 13:52:33 Image size of job updated: 686600
	183  -  MemoryUsage of job (MB)
	186892  -  ResidentSetSize of job (KB)
...
005 (330331.009.000) 2023-07-25 13:52:33 Job terminated.
	(1) Normal termination (return value 0)
		Usr 0 00:00:10, Sys 0 00:00:01  -  Run Remote Usage
		Usr 0 00:00:00, Sys 0 00:00:00  -  Run Local Usage
		Usr 0 00:00:10, Sys 0 00:00:01  -  Total Remote Usage
		Usr 0 00:00:00, Sys 0 00:00:00  -  Total Local Usage
	0  -  Run Bytes Sent By Job
	0  -  Run Bytes Received By Job
	0  -  Total Bytes Sent By Job
	0  -  Total Bytes Received By Job
	Partitionable Resources :    Usage  Request Allocated 
	   Cpus                 :                 1         1 
	   Disk (KB)            :        1        1    128928 
	   Memory (MB)          :      183     3900      3968 

	Job terminated of its own accord at 2023-07-25T04:52:33Z.
...
005 (330331.003.000) 2023-07-25 13:52:34 Job terminated.
	(1) Normal termination (return value 0)
		Usr 0 00:00:11, Sys 0 00:00:01  -  Run Remote Usage
		Usr 0 00:00:00, Sys 0 00:00:00  -  Run Local Usage
		Usr 0 00:00:11, Sys 0 00:00:01  -  Total Remote Usage
		Usr 0 00:00:00, Sys 0 00:00:00  -  Total Local Usage
	0  -  Run Bytes Sent By Job
	0  -  Run Bytes Received By Job
	0  -  Total Bytes Sent By Job
	0  -  Total Bytes Received By Job
	Partitionable Resources :    Usage  Request Allocated 
	   Cpus                 :                 1         1 
	   Disk (KB)            :        1        1    128913 
	   Memory (MB)          :      183     3900      3968 

	Job terminated of its own accord at 2023-07-25T04:52:34Z.
...
006 (330331.008.000) 2023-07-25 13:52:35 Image size of job updated: 686624
	183  -  MemoryUsage of job (MB)
	186800  -  ResidentSetSize of job (KB)
...
005 (330331.008.000) 2023-07-25 13:52:35 Job terminated.
	(1) Normal termination (return value 0)
		Usr 0 00:00:12, Sys 0 00:00:01  -  Run Remote Usage
		Usr 0 00:00:00, Sys 0 00:00:00  -  Run Local Usage
		Usr 0 00:00:12, Sys 0 00:00:01  -  Total Remote Usage
		Usr 0 00:00:00, Sys 0 00:00:00  -  Total Local Usage
	0  -  Run Bytes Sent By Job
	0  -  Run Bytes Received By Job
	0  -  Total Bytes Sent By Job
	0  -  Total Bytes Received By Job
	Partitionable Resources :    Usage  Request Allocated 
	   Cpus                 :                 1         1 
	   Disk (KB)            :        1        1    128928 
	   Memory (MB)          :      183     3900      3968 

	Job terminated of its own accord at 2023-07-25T04:52:35Z.
...
006 (330331.004.000) 2023-07-25 13:52:35 Image size of job updated: 686508
	185  -  MemoryUsage of job (MB)
	188892  -  ResidentSetSize of job (KB)
...
005 (330331.004.000) 2023-07-25 13:52:35 Job terminated.
	(1) Normal termination (return value 0)
		Usr 0 00:00:12, Sys 0 00:00:01  -  Run Remote Usage
		Usr 0 00:00:00, Sys 0 00:00:00  -  Run Local Usage
		Usr 0 00:00:12, Sys 0 00:00:01  -  Total Remote Usage
		Usr 0 00:00:00, Sys 0 00:00:00  -  Total Local Usage
	0  -  Run Bytes Sent By Job
	0  -  Run Bytes Received By Job
	0  -  Total Bytes Sent By Job
	0  -  Total Bytes Received By Job
	Partitionable Resources :    Usage  Request Allocated 
	   Cpus                 :                 1         1 
	   Disk (KB)            :        1        1    128913 
	   Memory (MB)          :      185     3900      3968 

	Job terminated of its own accord at 2023-07-25T04:52:35Z.
...
006 (330331.006.000) 2023-07-25 13:52:36 Image size of job updated: 687640
	183  -  MemoryUsage of job (MB)
	186880  -  ResidentSetSize of job (KB)
...
005 (330331.006.000) 2023-07-25 13:52:36 Job terminated.
	(1) Normal termination (return value 0)
		Usr 0 00:00:13, Sys 0 00:00:01  -  Run Remote Usage
		Usr 0 00:00:00, Sys 0 00:00:00  -  Run Local Usage
		Usr 0 00:00:13, Sys 0 00:00:01  -  Total Remote Usage
		Usr 0 00:00:00, Sys 0 00:00:00  -  Total Local Usage
	0  -  Run Bytes Sent By Job
	0  -  Run Bytes Received By Job
	0  -  Total Bytes Sent By Job
	0  -  Total Bytes Received By Job
	Partitionable Resources :    Usage  Request Allocated 
	   Cpus                 :                 1         1 
	   Disk (KB)            :        1        1    128928 
	   Memory (MB)          :      183     3900      3968 

	Job terminated of its own accord at 2023-07-25T04:52:36Z.
...
006 (330331.001.000) 2023-07-25 13:52:39 Image size of job updated: 686604
	183  -  MemoryUsage of job (MB)
	186660  -  ResidentSetSize of job (KB)
...
005 (330331.001.000) 2023-07-25 13:52:39 Job terminated.
	(1) Normal termination (return value 0)
		Usr 0 00:00:13, Sys 0 00:00:01  -  Run Remote Usage
		Usr 0 00:00:00, Sys 0 00:00:00  -  Run Local Usage
		Usr 0 00:00:13, Sys 0 00:00:01  -  Total Remote Usage
		Usr 0 00:00:00, Sys 0 00:00:00  -  Total Local Usage
	0  -  Run Bytes Sent By Job
	0  -  Run Bytes Received By Job
	0  -  Total Bytes Sent By Job
	0  -  Total Bytes Received By Job
	Partitionable Resources :    Usage  Request Allocated 
	   Cpus                 :                 1         1 
	   Disk (KB)            :        1        1    128913 
	   Memory (MB)          :      183     3900      3968 

	Job terminated of its own accord at 2023-07-25T04:52:39Z.
...
006 (330331.005.000) 2023-07-25 13:52:43 Image size of job updated: 688460
	183  -  MemoryUsage of job (MB)
	186748  -  ResidentSetSize of job (KB)
...
006 (330331.002.000) 2023-07-25 13:52:43 Image size of job updated: 686736
	183  -  MemoryUsage of job (MB)
	186888  -  ResidentSetSize of job (KB)
...
005 (330331.005.000) 2023-07-25 13:52:43 Job terminated.
	(1) Normal termination (return value 0)
		Usr 0 00:00:16, Sys 0 00:00:01  -  Run Remote Usage
		Usr 0 00:00:00, Sys 0 00:00:00  -  Run Local Usage
		Usr 0 00:00:16, Sys 0 00:00:01  -  Total Remote Usage
		Usr 0 00:00:00, Sys 0 00:00:00  -  Total Local Usage
	0  -  Run Bytes Sent By Job
	0  -  Run Bytes Received By Job
	0  -  Total Bytes Sent By Job
	0  -  Total Bytes Received By Job
	Partitionable Resources :    Usage  Request Allocated 
	   Cpus                 :                 1         1 
	   Disk (KB)            :        1        1    128928 
	   Memory (MB)          :      183     3900      3968 

	Job terminated of its own accord at 2023-07-25T04:52:43Z.
...
006 (330331.000.000) 2023-07-25 13:52:43 Image size of job updated: 686596
	183  -  MemoryUsage of job (MB)
	186652  -  ResidentSetSize of job (KB)
...
005 (330331.002.000) 2023-07-25 13:52:43 Job terminated.
	(1) Normal termination (return value 0)
		Usr 0 00:00:17, Sys 0 00:00:00  -  Run Remote Usage
		Usr 0 00:00:00, Sys 0 00:00:00  -  Run Local Usage
		Usr 0 00:00:17, Sys 0 00:00:00  -  Total Remote Usage
		Usr 0 00:00:00, Sys 0 00:00:00  -  Total Local Usage
	0  -  Run Bytes Sent By Job
	0  -  Run Bytes Received By Job
	0  -  Total Bytes Sent By Job
	0  -  Total Bytes Received By Job
	Partitionable Resources :    Usage  Request Allocated 
	   Cpus                 :                 1         1 
	   Disk (KB)            :        1        1    128913 
	   Memory (MB)          :      183     3900      3968 

	Job terminated of its own accord at 2023-07-25T04:52:43Z.
...
005 (330331.000.000) 2023-07-25 13:52:43 Job terminated.
	(1) Normal termination (return value 0)
		Usr 0 00:00:17, Sys 0 00:00:01  -  Run Remote Usage
		Usr 0 00:00:00, Sys 0 00:00:00  -  Run Local Usage
		Usr 0 00:00:17, Sys 0 00:00:01  -  Total Remote Usage
		Usr 0 00:00:00, Sys 0 00:00:00  -  Total Local Usage
	0  -  Run Bytes Sent By Job
	0  -  Run Bytes Received By Job
	0  -  Total Bytes Sent By Job
	0  -  Total Bytes Received By Job
	Partitionable Resources :    Usage  Request Allocated 
	   Cpus                 :                 1         1 
	   Disk (KB)            :        1        1    128913 
	   Memory (MB)          :      183     3900      3968 

	Job terminated of its own accord at 2023-07-25T04:52:43Z.
...
