000 (330317.000.000) 2023-07-25 13:47:21 Job submitted from host: <172.30.1.200:9618?addrs=172.30.1.200-9618&alias=tamsa2.snu.ac.kr&noUDP&sock=schedd_3510_2582>
...
000 (330317.001.000) 2023-07-25 13:47:21 Job submitted from host: <172.30.1.200:9618?addrs=172.30.1.200-9618&alias=tamsa2.snu.ac.kr&noUDP&sock=schedd_3510_2582>
...
000 (330317.002.000) 2023-07-25 13:47:21 Job submitted from host: <172.30.1.200:9618?addrs=172.30.1.200-9618&alias=tamsa2.snu.ac.kr&noUDP&sock=schedd_3510_2582>
...
000 (330317.003.000) 2023-07-25 13:47:21 Job submitted from host: <172.30.1.200:9618?addrs=172.30.1.200-9618&alias=tamsa2.snu.ac.kr&noUDP&sock=schedd_3510_2582>
...
000 (330317.004.000) 2023-07-25 13:47:21 Job submitted from host: <172.30.1.200:9618?addrs=172.30.1.200-9618&alias=tamsa2.snu.ac.kr&noUDP&sock=schedd_3510_2582>
...
000 (330317.005.000) 2023-07-25 13:47:21 Job submitted from host: <172.30.1.200:9618?addrs=172.30.1.200-9618&alias=tamsa2.snu.ac.kr&noUDP&sock=schedd_3510_2582>
...
000 (330317.006.000) 2023-07-25 13:47:21 Job submitted from host: <172.30.1.200:9618?addrs=172.30.1.200-9618&alias=tamsa2.snu.ac.kr&noUDP&sock=schedd_3510_2582>
...
000 (330317.007.000) 2023-07-25 13:47:21 Job submitted from host: <172.30.1.200:9618?addrs=172.30.1.200-9618&alias=tamsa2.snu.ac.kr&noUDP&sock=schedd_3510_2582>
...
000 (330317.008.000) 2023-07-25 13:47:21 Job submitted from host: <172.30.1.200:9618?addrs=172.30.1.200-9618&alias=tamsa2.snu.ac.kr&noUDP&sock=schedd_3510_2582>
...
000 (330317.009.000) 2023-07-25 13:47:21 Job submitted from host: <172.30.1.200:9618?addrs=172.30.1.200-9618&alias=tamsa2.snu.ac.kr&noUDP&sock=schedd_3510_2582>
...
001 (330317.004.000) 2023-07-25 13:47:35 Job executing on host: <172.30.1.201:9618?addrs=172.30.1.201-9618&alias=node1&noUDP&sock=startd_40439_5e70>
...
001 (330317.005.000) 2023-07-25 13:47:35 Job executing on host: <172.30.1.201:9618?addrs=172.30.1.201-9618&alias=node1&noUDP&sock=startd_40439_5e70>
...
001 (330317.008.000) 2023-07-25 13:47:35 Job executing on host: <172.30.1.201:9618?addrs=172.30.1.201-9618&alias=node1&noUDP&sock=startd_40439_5e70>
...
001 (330317.009.000) 2023-07-25 13:47:35 Job executing on host: <172.30.1.201:9618?addrs=172.30.1.201-9618&alias=node1&noUDP&sock=startd_40439_5e70>
...
001 (330317.002.000) 2023-07-25 13:47:35 Job executing on host: <172.30.1.211:9618?addrs=172.30.1.211-9618&alias=node11&noUDP&sock=startd_3790_3407>
...
001 (330317.006.000) 2023-07-25 13:47:35 Job executing on host: <172.30.1.201:9618?addrs=172.30.1.201-9618&alias=node1&noUDP&sock=startd_40439_5e70>
...
001 (330317.000.000) 2023-07-25 13:47:35 Job executing on host: <172.30.1.211:9618?addrs=172.30.1.211-9618&alias=node11&noUDP&sock=startd_3790_3407>
...
001 (330317.007.000) 2023-07-25 13:47:36 Job executing on host: <172.30.1.201:9618?addrs=172.30.1.201-9618&alias=node1&noUDP&sock=startd_40439_5e70>
...
001 (330317.001.000) 2023-07-25 13:47:36 Job executing on host: <172.30.1.211:9618?addrs=172.30.1.211-9618&alias=node11&noUDP&sock=startd_3790_3407>
...
001 (330317.003.000) 2023-07-25 13:47:36 Job executing on host: <172.30.1.211:9618?addrs=172.30.1.211-9618&alias=node11&noUDP&sock=startd_3790_3407>
...
006 (330317.004.000) 2023-07-25 13:47:42 Image size of job updated: 148612
	0  -  MemoryUsage of job (MB)
	0  -  ResidentSetSize of job (KB)
...
005 (330317.004.000) 2023-07-25 13:47:42 Job terminated.
	(1) Normal termination (return value 1)
		Usr 0 00:00:04, Sys 0 00:00:00  -  Run Remote Usage
		Usr 0 00:00:00, Sys 0 00:00:00  -  Run Local Usage
		Usr 0 00:00:04, Sys 0 00:00:00  -  Total Remote Usage
		Usr 0 00:00:00, Sys 0 00:00:00  -  Total Local Usage
	0  -  Run Bytes Sent By Job
	0  -  Run Bytes Received By Job
	0  -  Total Bytes Sent By Job
	0  -  Total Bytes Received By Job
	Partitionable Resources :    Usage  Request Allocated 
	   Cpus                 :                 1         1 
	   Disk (KB)            :        1        1    128947 
	   Memory (MB)          :        0     3900      3968 

	Job terminated of its own accord at 2023-07-25T04:47:42Z.
...
006 (330317.000.000) 2023-07-25 13:47:43 Image size of job updated: 157224
	0  -  MemoryUsage of job (MB)
	0  -  ResidentSetSize of job (KB)
...
005 (330317.000.000) 2023-07-25 13:47:43 Job terminated.
	(1) Normal termination (return value 1)
		Usr 0 00:00:04, Sys 0 00:00:00  -  Run Remote Usage
		Usr 0 00:00:00, Sys 0 00:00:00  -  Run Local Usage
		Usr 0 00:00:04, Sys 0 00:00:00  -  Total Remote Usage
		Usr 0 00:00:00, Sys 0 00:00:00  -  Total Local Usage
	0  -  Run Bytes Sent By Job
	0  -  Run Bytes Received By Job
	0  -  Total Bytes Sent By Job
	0  -  Total Bytes Received By Job
	Partitionable Resources :    Usage  Request Allocated 
	   Cpus                 :                 1         1 
	   Disk (KB)            :        1        1    128928 
	   Memory (MB)          :        0     3900      3968 

	Job terminated of its own accord at 2023-07-25T04:47:43Z.
...
006 (330317.001.000) 2023-07-25 13:47:43 Image size of job updated: 650608
	0  -  MemoryUsage of job (MB)
	0  -  ResidentSetSize of job (KB)
...
005 (330317.001.000) 2023-07-25 13:47:43 Job terminated.
	(1) Normal termination (return value 1)
		Usr 0 00:00:04, Sys 0 00:00:00  -  Run Remote Usage
		Usr 0 00:00:00, Sys 0 00:00:00  -  Run Local Usage
		Usr 0 00:00:04, Sys 0 00:00:00  -  Total Remote Usage
		Usr 0 00:00:00, Sys 0 00:00:00  -  Total Local Usage
	0  -  Run Bytes Sent By Job
	0  -  Run Bytes Received By Job
	0  -  Total Bytes Sent By Job
	0  -  Total Bytes Received By Job
	Partitionable Resources :    Usage  Request Allocated 
	   Cpus                 :                 1         1 
	   Disk (KB)            :        1        1    128928 
	   Memory (MB)          :        0     3900      3968 

	Job terminated of its own accord at 2023-07-25T04:47:43Z.
...
006 (330317.006.000) 2023-07-25 13:47:44 Image size of job updated: 645424
	183  -  MemoryUsage of job (MB)
	186868  -  ResidentSetSize of job (KB)
...
006 (330317.007.000) 2023-07-25 13:47:44 Image size of job updated: 645440
	205  -  MemoryUsage of job (MB)
	209132  -  ResidentSetSize of job (KB)
...
006 (330317.003.000) 2023-07-25 13:47:44 Image size of job updated: 645404
	183  -  MemoryUsage of job (MB)
	186960  -  ResidentSetSize of job (KB)
...
006 (330317.005.000) 2023-07-25 13:47:44 Image size of job updated: 645404
	205  -  MemoryUsage of job (MB)
	209036  -  ResidentSetSize of job (KB)
...
006 (330317.008.000) 2023-07-25 13:47:44 Image size of job updated: 645440
	202  -  MemoryUsage of job (MB)
	206320  -  ResidentSetSize of job (KB)
...
006 (330317.009.000) 2023-07-25 13:47:44 Image size of job updated: 645408
	205  -  MemoryUsage of job (MB)
	209480  -  ResidentSetSize of job (KB)
...
006 (330317.002.000) 2023-07-25 13:47:45 Image size of job updated: 645440
	202  -  MemoryUsage of job (MB)
	206080  -  ResidentSetSize of job (KB)
...
006 (330317.009.000) 2023-07-25 13:47:54 Image size of job updated: 687684
	205  -  MemoryUsage of job (MB)
	209480  -  ResidentSetSize of job (KB)
...
005 (330317.009.000) 2023-07-25 13:47:54 Job terminated.
	(1) Normal termination (return value 0)
		Usr 0 00:00:16, Sys 0 00:00:01  -  Run Remote Usage
		Usr 0 00:00:00, Sys 0 00:00:00  -  Run Local Usage
		Usr 0 00:00:16, Sys 0 00:00:01  -  Total Remote Usage
		Usr 0 00:00:00, Sys 0 00:00:00  -  Total Local Usage
	0  -  Run Bytes Sent By Job
	0  -  Run Bytes Received By Job
	0  -  Total Bytes Sent By Job
	0  -  Total Bytes Received By Job
	Partitionable Resources :    Usage  Request Allocated 
	   Cpus                 :                 1         1 
	   Disk (KB)            :        1        1    128947 
	   Memory (MB)          :      205     3900      3968 

	Job terminated of its own accord at 2023-07-25T04:47:54Z.
...
006 (330317.008.000) 2023-07-25 13:47:54 Image size of job updated: 688092
	202  -  MemoryUsage of job (MB)
	206380  -  ResidentSetSize of job (KB)
...
005 (330317.008.000) 2023-07-25 13:47:54 Job terminated.
	(1) Normal termination (return value 0)
		Usr 0 00:00:16, Sys 0 00:00:01  -  Run Remote Usage
		Usr 0 00:00:00, Sys 0 00:00:00  -  Run Local Usage
		Usr 0 00:00:16, Sys 0 00:00:01  -  Total Remote Usage
		Usr 0 00:00:00, Sys 0 00:00:00  -  Total Local Usage
	0  -  Run Bytes Sent By Job
	0  -  Run Bytes Received By Job
	0  -  Total Bytes Sent By Job
	0  -  Total Bytes Received By Job
	Partitionable Resources :    Usage  Request Allocated 
	   Cpus                 :                 1         1 
	   Disk (KB)            :        1        1    128947 
	   Memory (MB)          :      202     3900      3968 

	Job terminated of its own accord at 2023-07-25T04:47:54Z.
...
006 (330317.007.000) 2023-07-25 13:47:56 Image size of job updated: 688068
	205  -  MemoryUsage of job (MB)
	209132  -  ResidentSetSize of job (KB)
...
005 (330317.007.000) 2023-07-25 13:47:56 Job terminated.
	(1) Normal termination (return value 0)
		Usr 0 00:00:17, Sys 0 00:00:01  -  Run Remote Usage
		Usr 0 00:00:00, Sys 0 00:00:00  -  Run Local Usage
		Usr 0 00:00:17, Sys 0 00:00:01  -  Total Remote Usage
		Usr 0 00:00:00, Sys 0 00:00:00  -  Total Local Usage
	0  -  Run Bytes Sent By Job
	0  -  Run Bytes Received By Job
	0  -  Total Bytes Sent By Job
	0  -  Total Bytes Received By Job
	Partitionable Resources :    Usage  Request Allocated 
	   Cpus                 :                 1         1 
	   Disk (KB)            :        1        1    128947 
	   Memory (MB)          :      205     3900      3968 

	Job terminated of its own accord at 2023-07-25T04:47:56Z.
...
006 (330317.003.000) 2023-07-25 13:47:57 Image size of job updated: 686672
	183  -  MemoryUsage of job (MB)
	186960  -  ResidentSetSize of job (KB)
...
005 (330317.003.000) 2023-07-25 13:47:57 Job terminated.
	(1) Normal termination (return value 0)
		Usr 0 00:00:18, Sys 0 00:00:01  -  Run Remote Usage
		Usr 0 00:00:00, Sys 0 00:00:00  -  Run Local Usage
		Usr 0 00:00:18, Sys 0 00:00:01  -  Total Remote Usage
		Usr 0 00:00:00, Sys 0 00:00:00  -  Total Local Usage
	0  -  Run Bytes Sent By Job
	0  -  Run Bytes Received By Job
	0  -  Total Bytes Sent By Job
	0  -  Total Bytes Received By Job
	Partitionable Resources :    Usage  Request Allocated 
	   Cpus                 :                 1         1 
	   Disk (KB)            :        1        1    128928 
	   Memory (MB)          :      183     3900      3968 

	Job terminated of its own accord at 2023-07-25T04:47:57Z.
...
006 (330317.005.000) 2023-07-25 13:47:59 Image size of job updated: 687232
	205  -  MemoryUsage of job (MB)
	209036  -  ResidentSetSize of job (KB)
...
005 (330317.005.000) 2023-07-25 13:47:59 Job terminated.
	(1) Normal termination (return value 0)
		Usr 0 00:00:20, Sys 0 00:00:01  -  Run Remote Usage
		Usr 0 00:00:00, Sys 0 00:00:00  -  Run Local Usage
		Usr 0 00:00:20, Sys 0 00:00:01  -  Total Remote Usage
		Usr 0 00:00:00, Sys 0 00:00:00  -  Total Local Usage
	0  -  Run Bytes Sent By Job
	0  -  Run Bytes Received By Job
	0  -  Total Bytes Sent By Job
	0  -  Total Bytes Received By Job
	Partitionable Resources :    Usage  Request Allocated 
	   Cpus                 :                 1         1 
	   Disk (KB)            :        1        1    128947 
	   Memory (MB)          :      205     3900      3968 

	Job terminated of its own accord at 2023-07-25T04:47:59Z.
...
006 (330317.006.000) 2023-07-25 13:47:59 Image size of job updated: 687740
	183  -  MemoryUsage of job (MB)
	186868  -  ResidentSetSize of job (KB)
...
005 (330317.006.000) 2023-07-25 13:47:59 Job terminated.
	(1) Normal termination (return value 0)
		Usr 0 00:00:20, Sys 0 00:00:01  -  Run Remote Usage
		Usr 0 00:00:00, Sys 0 00:00:00  -  Run Local Usage
		Usr 0 00:00:20, Sys 0 00:00:01  -  Total Remote Usage
		Usr 0 00:00:00, Sys 0 00:00:00  -  Total Local Usage
	0  -  Run Bytes Sent By Job
	0  -  Run Bytes Received By Job
	0  -  Total Bytes Sent By Job
	0  -  Total Bytes Received By Job
	Partitionable Resources :    Usage  Request Allocated 
	   Cpus                 :                 1         1 
	   Disk (KB)            :        1        1    128947 
	   Memory (MB)          :      183     3900      3968 

	Job terminated of its own accord at 2023-07-25T04:47:59Z.
...
006 (330317.002.000) 2023-07-25 13:48:01 Image size of job updated: 687680
	202  -  MemoryUsage of job (MB)
	206080  -  ResidentSetSize of job (KB)
...
005 (330317.002.000) 2023-07-25 13:48:01 Job terminated.
	(1) Normal termination (return value 0)
		Usr 0 00:00:21, Sys 0 00:00:01  -  Run Remote Usage
		Usr 0 00:00:00, Sys 0 00:00:00  -  Run Local Usage
		Usr 0 00:00:21, Sys 0 00:00:01  -  Total Remote Usage
		Usr 0 00:00:00, Sys 0 00:00:00  -  Total Local Usage
	0  -  Run Bytes Sent By Job
	0  -  Run Bytes Received By Job
	0  -  Total Bytes Sent By Job
	0  -  Total Bytes Received By Job
	Partitionable Resources :    Usage  Request Allocated 
	   Cpus                 :                 1         1 
	   Disk (KB)            :        1        1    128928 
	   Memory (MB)          :      202     3900      3968 

	Job terminated of its own accord at 2023-07-25T04:48:01Z.
...
