000 (311101.000.000) 2023-06-12 18:55:10 Job submitted from host: <172.30.1.200:9618?addrs=172.30.1.200-9618&alias=tamsa2.snu.ac.kr&noUDP&sock=schedd_3510_2582>
...
000 (311101.001.000) 2023-06-12 18:55:10 Job submitted from host: <172.30.1.200:9618?addrs=172.30.1.200-9618&alias=tamsa2.snu.ac.kr&noUDP&sock=schedd_3510_2582>
...
000 (311101.002.000) 2023-06-12 18:55:10 Job submitted from host: <172.30.1.200:9618?addrs=172.30.1.200-9618&alias=tamsa2.snu.ac.kr&noUDP&sock=schedd_3510_2582>
...
000 (311101.003.000) 2023-06-12 18:55:10 Job submitted from host: <172.30.1.200:9618?addrs=172.30.1.200-9618&alias=tamsa2.snu.ac.kr&noUDP&sock=schedd_3510_2582>
...
000 (311101.004.000) 2023-06-12 18:55:10 Job submitted from host: <172.30.1.200:9618?addrs=172.30.1.200-9618&alias=tamsa2.snu.ac.kr&noUDP&sock=schedd_3510_2582>
...
000 (311101.005.000) 2023-06-12 18:55:10 Job submitted from host: <172.30.1.200:9618?addrs=172.30.1.200-9618&alias=tamsa2.snu.ac.kr&noUDP&sock=schedd_3510_2582>
...
000 (311101.006.000) 2023-06-12 18:55:10 Job submitted from host: <172.30.1.200:9618?addrs=172.30.1.200-9618&alias=tamsa2.snu.ac.kr&noUDP&sock=schedd_3510_2582>
...
000 (311101.007.000) 2023-06-12 18:55:10 Job submitted from host: <172.30.1.200:9618?addrs=172.30.1.200-9618&alias=tamsa2.snu.ac.kr&noUDP&sock=schedd_3510_2582>
...
000 (311101.008.000) 2023-06-12 18:55:10 Job submitted from host: <172.30.1.200:9618?addrs=172.30.1.200-9618&alias=tamsa2.snu.ac.kr&noUDP&sock=schedd_3510_2582>
...
000 (311101.009.000) 2023-06-12 18:55:10 Job submitted from host: <172.30.1.200:9618?addrs=172.30.1.200-9618&alias=tamsa2.snu.ac.kr&noUDP&sock=schedd_3510_2582>
...
001 (311101.000.000) 2023-06-12 18:55:19 Job executing on host: <172.30.1.205:9618?addrs=172.30.1.205-9618&alias=node5&noUDP&sock=startd_3770_7c22>
...
001 (311101.001.000) 2023-06-12 18:55:19 Job executing on host: <172.30.1.205:9618?addrs=172.30.1.205-9618&alias=node5&noUDP&sock=startd_3770_7c22>
...
001 (311101.005.000) 2023-06-12 18:55:19 Job executing on host: <172.30.1.201:9618?addrs=172.30.1.201-9618&alias=node1&noUDP&sock=startd_4675_3d58>
...
001 (311101.006.000) 2023-06-12 18:55:19 Job executing on host: <172.30.1.202:9618?addrs=172.30.1.202-9618&alias=node2&noUDP&sock=startd_19693_56a6>
...
001 (311101.002.000) 2023-06-12 18:55:19 Job executing on host: <172.30.1.205:9618?addrs=172.30.1.205-9618&alias=node5&noUDP&sock=startd_3770_7c22>
...
040 (311101.008.000) 2023-06-12 18:55:19 Started transferring input files
	Transferring to host: <172.30.1.101:9618?addrs=172.30.1.101-9618&alias=n1&noUDP&sock=slot1_50_3367_1b22_15016>
...
040 (311101.008.000) 2023-06-12 18:55:19 Finished transferring input files
...
001 (311101.007.000) 2023-06-12 18:55:19 Job executing on host: <172.30.1.202:9618?addrs=172.30.1.202-9618&alias=node2&noUDP&sock=startd_19693_56a6>
...
001 (311101.003.000) 2023-06-12 18:55:19 Job executing on host: <172.30.1.205:9618?addrs=172.30.1.205-9618&alias=node5&noUDP&sock=startd_3770_7c22>
...
001 (311101.004.000) 2023-06-12 18:55:20 Job executing on host: <172.30.1.211:9618?addrs=172.30.1.211-9618&alias=node11&noUDP&sock=startd_3790_3407>
...
001 (311101.008.000) 2023-06-12 18:55:20 Job executing on host: <172.30.1.101:9618?addrs=172.30.1.101-9618&alias=n1&noUDP&sock=startd_3332_0da7>
...
006 (311101.004.000) 2023-06-12 18:55:28 Image size of job updated: 220068
	184  -  MemoryUsage of job (MB)
	187632  -  ResidentSetSize of job (KB)
...
006 (311101.000.000) 2023-06-12 18:55:28 Image size of job updated: 186084
	175  -  MemoryUsage of job (MB)
	178756  -  ResidentSetSize of job (KB)
...
006 (311101.005.000) 2023-06-12 18:55:28 Image size of job updated: 207540
	175  -  MemoryUsage of job (MB)
	178760  -  ResidentSetSize of job (KB)
...
006 (311101.001.000) 2023-06-12 18:55:28 Image size of job updated: 635688
	175  -  MemoryUsage of job (MB)
	178764  -  ResidentSetSize of job (KB)
...
006 (311101.006.000) 2023-06-12 18:55:28 Image size of job updated: 176748
	160  -  MemoryUsage of job (MB)
	163776  -  ResidentSetSize of job (KB)
...
006 (311101.002.000) 2023-06-12 18:55:28 Image size of job updated: 635684
	176  -  MemoryUsage of job (MB)
	179348  -  ResidentSetSize of job (KB)
...
006 (311101.007.000) 2023-06-12 18:55:28 Image size of job updated: 175368
	161  -  MemoryUsage of job (MB)
	164064  -  ResidentSetSize of job (KB)
...
006 (311101.003.000) 2023-06-12 18:55:28 Image size of job updated: 635680
	177  -  MemoryUsage of job (MB)
	180616  -  ResidentSetSize of job (KB)
...
006 (311101.008.000) 2023-06-12 18:55:29 Image size of job updated: 123044
	112  -  MemoryUsage of job (MB)
	113712  -  ResidentSetSize of job (KB)
...
006 (311101.002.000) 2023-06-12 18:55:57 Image size of job updated: 691996
	176  -  MemoryUsage of job (MB)
	179348  -  ResidentSetSize of job (KB)
...
005 (311101.002.000) 2023-06-12 18:55:57 Job terminated.
	(1) Normal termination (return value 0)
		Usr 0 00:00:29, Sys 0 00:00:02  -  Run Remote Usage
		Usr 0 00:00:00, Sys 0 00:00:00  -  Run Local Usage
		Usr 0 00:00:29, Sys 0 00:00:02  -  Total Remote Usage
		Usr 0 00:00:00, Sys 0 00:00:00  -  Total Local Usage
	0  -  Run Bytes Sent By Job
	0  -  Run Bytes Received By Job
	0  -  Total Bytes Sent By Job
	0  -  Total Bytes Received By Job
	Partitionable Resources :    Usage  Request Allocated 
	   Cpus                 :        0        1         1 
	   Disk (KB)            :        1        1    128928 
	   Memory (MB)          :      176     3900      3968 

	Job terminated of its own accord at 2023-06-12T09:55:57Z.
...
006 (311101.000.000) 2023-06-12 18:55:58 Image size of job updated: 694884
	175  -  MemoryUsage of job (MB)
	178756  -  ResidentSetSize of job (KB)
...
005 (311101.000.000) 2023-06-12 18:55:59 Job terminated.
	(1) Normal termination (return value 0)
		Usr 0 00:00:31, Sys 0 00:00:01  -  Run Remote Usage
		Usr 0 00:00:00, Sys 0 00:00:00  -  Run Local Usage
		Usr 0 00:00:31, Sys 0 00:00:01  -  Total Remote Usage
		Usr 0 00:00:00, Sys 0 00:00:00  -  Total Local Usage
	0  -  Run Bytes Sent By Job
	0  -  Run Bytes Received By Job
	0  -  Total Bytes Sent By Job
	0  -  Total Bytes Received By Job
	Partitionable Resources :    Usage  Request Allocated 
	   Cpus                 :     0.02        1         1 
	   Disk (KB)            :     1           1    128928 
	   Memory (MB)          :   175        3900      3968 

	Job terminated of its own accord at 2023-06-12T09:55:58Z.
...
006 (311101.005.000) 2023-06-12 18:56:00 Image size of job updated: 691592
	175  -  MemoryUsage of job (MB)
	178760  -  ResidentSetSize of job (KB)
...
005 (311101.005.000) 2023-06-12 18:56:00 Job terminated.
	(1) Normal termination (return value 0)
		Usr 0 00:00:32, Sys 0 00:00:01  -  Run Remote Usage
		Usr 0 00:00:00, Sys 0 00:00:00  -  Run Local Usage
		Usr 0 00:00:32, Sys 0 00:00:01  -  Total Remote Usage
		Usr 0 00:00:00, Sys 0 00:00:00  -  Total Local Usage
	0  -  Run Bytes Sent By Job
	0  -  Run Bytes Received By Job
	0  -  Total Bytes Sent By Job
	0  -  Total Bytes Received By Job
	Partitionable Resources :    Usage  Request Allocated 
	   Cpus                 :                 1         1 
	   Disk (KB)            :        1        1    128992 
	   Memory (MB)          :      175     3900      3968 

	Job terminated of its own accord at 2023-06-12T09:56:00Z.
...
006 (311101.006.000) 2023-06-12 18:56:07 Image size of job updated: 691948
	160  -  MemoryUsage of job (MB)
	163776  -  ResidentSetSize of job (KB)
...
005 (311101.006.000) 2023-06-12 18:56:07 Job terminated.
	(1) Normal termination (return value 0)
		Usr 0 00:00:38, Sys 0 00:00:02  -  Run Remote Usage
		Usr 0 00:00:00, Sys 0 00:00:00  -  Run Local Usage
		Usr 0 00:00:38, Sys 0 00:00:02  -  Total Remote Usage
		Usr 0 00:00:00, Sys 0 00:00:00  -  Total Local Usage
	0  -  Run Bytes Sent By Job
	0  -  Run Bytes Received By Job
	0  -  Total Bytes Sent By Job
	0  -  Total Bytes Received By Job
	Partitionable Resources :    Usage  Request Allocated 
	   Cpus                 :                 1         1 
	   Disk (KB)            :        1        1    128913 
	   Memory (MB)          :      160     3900      3968 

	Job terminated of its own accord at 2023-06-12T09:56:07Z.
...
006 (311101.003.000) 2023-06-12 18:56:09 Image size of job updated: 691600
	177  -  MemoryUsage of job (MB)
	180616  -  ResidentSetSize of job (KB)
...
005 (311101.003.000) 2023-06-12 18:56:09 Job terminated.
	(1) Normal termination (return value 0)
		Usr 0 00:00:41, Sys 0 00:00:02  -  Run Remote Usage
		Usr 0 00:00:00, Sys 0 00:00:00  -  Run Local Usage
		Usr 0 00:00:41, Sys 0 00:00:02  -  Total Remote Usage
		Usr 0 00:00:00, Sys 0 00:00:00  -  Total Local Usage
	0  -  Run Bytes Sent By Job
	0  -  Run Bytes Received By Job
	0  -  Total Bytes Sent By Job
	0  -  Total Bytes Received By Job
	Partitionable Resources :    Usage  Request Allocated 
	   Cpus                 :        0        1         1 
	   Disk (KB)            :        1        1    128928 
	   Memory (MB)          :      177     3900      3968 

	Job terminated of its own accord at 2023-06-12T09:56:09Z.
...
006 (311101.001.000) 2023-06-12 18:56:09 Image size of job updated: 693180
	175  -  MemoryUsage of job (MB)
	178816  -  ResidentSetSize of job (KB)
...
005 (311101.001.000) 2023-06-12 18:56:09 Job terminated.
	(1) Normal termination (return value 0)
		Usr 0 00:00:41, Sys 0 00:00:02  -  Run Remote Usage
		Usr 0 00:00:00, Sys 0 00:00:00  -  Run Local Usage
		Usr 0 00:00:41, Sys 0 00:00:02  -  Total Remote Usage
		Usr 0 00:00:00, Sys 0 00:00:00  -  Total Local Usage
	0  -  Run Bytes Sent By Job
	0  -  Run Bytes Received By Job
	0  -  Total Bytes Sent By Job
	0  -  Total Bytes Received By Job
	Partitionable Resources :    Usage  Request Allocated 
	   Cpus                 :     0.02        1         1 
	   Disk (KB)            :     1           1    128928 
	   Memory (MB)          :   175        3900      3968 

	Job terminated of its own accord at 2023-06-12T09:56:09Z.
...
006 (311101.007.000) 2023-06-12 18:56:09 Image size of job updated: 692188
	161  -  MemoryUsage of job (MB)
	164064  -  ResidentSetSize of job (KB)
...
005 (311101.007.000) 2023-06-12 18:56:09 Job terminated.
	(1) Normal termination (return value 0)
		Usr 0 00:00:40, Sys 0 00:00:02  -  Run Remote Usage
		Usr 0 00:00:00, Sys 0 00:00:00  -  Run Local Usage
		Usr 0 00:00:40, Sys 0 00:00:02  -  Total Remote Usage
		Usr 0 00:00:00, Sys 0 00:00:00  -  Total Local Usage
	0  -  Run Bytes Sent By Job
	0  -  Run Bytes Received By Job
	0  -  Total Bytes Sent By Job
	0  -  Total Bytes Received By Job
	Partitionable Resources :    Usage  Request Allocated 
	   Cpus                 :                 1         1 
	   Disk (KB)            :        1        1    128913 
	   Memory (MB)          :      161     3900      3968 

	Job terminated of its own accord at 2023-06-12T09:56:09Z.
...
001 (311101.009.000) 2023-06-12 18:56:19 Job executing on host: <172.30.1.205:9618?addrs=172.30.1.205-9618&alias=node5&noUDP&sock=startd_3770_7c22>
...
006 (311101.004.000) 2023-06-12 18:56:19 Image size of job updated: 697104
	184  -  MemoryUsage of job (MB)
	187632  -  ResidentSetSize of job (KB)
...
005 (311101.004.000) 2023-06-12 18:56:20 Job terminated.
	(1) Normal termination (return value 0)
		Usr 0 00:00:52, Sys 0 00:00:02  -  Run Remote Usage
		Usr 0 00:00:00, Sys 0 00:00:00  -  Run Local Usage
		Usr 0 00:00:52, Sys 0 00:00:02  -  Total Remote Usage
		Usr 0 00:00:00, Sys 0 00:00:00  -  Total Local Usage
	0  -  Run Bytes Sent By Job
	0  -  Run Bytes Received By Job
	0  -  Total Bytes Sent By Job
	0  -  Total Bytes Received By Job
	Partitionable Resources :    Usage  Request Allocated 
	   Cpus                 :                 1         1 
	   Disk (KB)            :        1        1    128928 
	   Memory (MB)          :      184     3900      3968 

	Job terminated of its own accord at 2023-06-12T09:56:19Z.
...
006 (311101.008.000) 2023-06-12 18:56:20 Image size of job updated: 692448
	112  -  MemoryUsage of job (MB)
	113712  -  ResidentSetSize of job (KB)
...
040 (311101.008.000) 2023-06-12 18:56:20 Started transferring output files
...
040 (311101.008.000) 2023-06-12 18:56:20 Finished transferring output files
...
005 (311101.008.000) 2023-06-12 18:56:20 Job terminated.
	(1) Normal termination (return value 0)
		Usr 0 00:00:43, Sys 0 00:00:03  -  Run Remote Usage
		Usr 0 00:00:00, Sys 0 00:00:00  -  Run Local Usage
		Usr 0 00:00:43, Sys 0 00:00:03  -  Total Remote Usage
		Usr 0 00:00:00, Sys 0 00:00:00  -  Total Local Usage
	7505  -  Run Bytes Sent By Job
	149  -  Run Bytes Received By Job
	7505  -  Total Bytes Sent By Job
	149  -  Total Bytes Received By Job
	Partitionable Resources :    Usage  Request Allocated 
	   Cpus                 :     0.65        1         1 
	   Disk (KB)            :    58           1    127998 
	   Memory (MB)          :   112        3900      3968 

	Job terminated of its own accord at 2023-06-12T09:56:20Z.
...
006 (311101.009.000) 2023-06-12 18:56:27 Image size of job updated: 187936
	184  -  MemoryUsage of job (MB)
	187936  -  ResidentSetSize of job (KB)
...
006 (311101.009.000) 2023-06-12 18:56:48 Image size of job updated: 692148
	184  -  MemoryUsage of job (MB)
	187936  -  ResidentSetSize of job (KB)
...
005 (311101.009.000) 2023-06-12 18:56:48 Job terminated.
	(1) Normal termination (return value 0)
		Usr 0 00:00:24, Sys 0 00:00:02  -  Run Remote Usage
		Usr 0 00:00:00, Sys 0 00:00:00  -  Run Local Usage
		Usr 0 00:00:24, Sys 0 00:00:02  -  Total Remote Usage
		Usr 0 00:00:00, Sys 0 00:00:00  -  Total Local Usage
	0  -  Run Bytes Sent By Job
	0  -  Run Bytes Received By Job
	0  -  Total Bytes Sent By Job
	0  -  Total Bytes Received By Job
	Partitionable Resources :    Usage  Request Allocated 
	   Cpus                 :                 1         1 
	   Disk (KB)            :        1        1    128928 
	   Memory (MB)          :      184     3900      3968 

	Job terminated of its own accord at 2023-06-12T09:56:48Z.
...
