000 (330078.000.000) 2023-07-25 10:56:47 Job submitted from host: <172.30.1.200:9618?addrs=172.30.1.200-9618&alias=tamsa2.snu.ac.kr&noUDP&sock=schedd_3510_2582>
...
000 (330078.001.000) 2023-07-25 10:56:47 Job submitted from host: <172.30.1.200:9618?addrs=172.30.1.200-9618&alias=tamsa2.snu.ac.kr&noUDP&sock=schedd_3510_2582>
...
000 (330078.002.000) 2023-07-25 10:56:47 Job submitted from host: <172.30.1.200:9618?addrs=172.30.1.200-9618&alias=tamsa2.snu.ac.kr&noUDP&sock=schedd_3510_2582>
...
000 (330078.003.000) 2023-07-25 10:56:47 Job submitted from host: <172.30.1.200:9618?addrs=172.30.1.200-9618&alias=tamsa2.snu.ac.kr&noUDP&sock=schedd_3510_2582>
...
000 (330078.004.000) 2023-07-25 10:56:47 Job submitted from host: <172.30.1.200:9618?addrs=172.30.1.200-9618&alias=tamsa2.snu.ac.kr&noUDP&sock=schedd_3510_2582>
...
000 (330078.005.000) 2023-07-25 10:56:47 Job submitted from host: <172.30.1.200:9618?addrs=172.30.1.200-9618&alias=tamsa2.snu.ac.kr&noUDP&sock=schedd_3510_2582>
...
000 (330078.006.000) 2023-07-25 10:56:47 Job submitted from host: <172.30.1.200:9618?addrs=172.30.1.200-9618&alias=tamsa2.snu.ac.kr&noUDP&sock=schedd_3510_2582>
...
000 (330078.007.000) 2023-07-25 10:56:47 Job submitted from host: <172.30.1.200:9618?addrs=172.30.1.200-9618&alias=tamsa2.snu.ac.kr&noUDP&sock=schedd_3510_2582>
...
000 (330078.008.000) 2023-07-25 10:56:47 Job submitted from host: <172.30.1.200:9618?addrs=172.30.1.200-9618&alias=tamsa2.snu.ac.kr&noUDP&sock=schedd_3510_2582>
...
000 (330078.009.000) 2023-07-25 10:56:47 Job submitted from host: <172.30.1.200:9618?addrs=172.30.1.200-9618&alias=tamsa2.snu.ac.kr&noUDP&sock=schedd_3510_2582>
...
040 (330078.000.000) 2023-07-25 10:56:54 Started transferring input files
	Transferring to host: <172.30.1.111:9618?addrs=172.30.1.111-9618&alias=n11&noUDP&sock=slot1_13_4451_e1ce_37666>
...
040 (330078.000.000) 2023-07-25 10:56:54 Finished transferring input files
...
040 (330078.001.000) 2023-07-25 10:56:55 Started transferring input files
	Transferring to host: <172.30.1.111:9618?addrs=172.30.1.111-9618&alias=n11&noUDP&sock=slot1_14_4451_e1ce_37667>
...
040 (330078.001.000) 2023-07-25 10:56:55 Finished transferring input files
...
040 (330078.002.000) 2023-07-25 10:56:55 Started transferring input files
	Transferring to host: <172.30.1.111:9618?addrs=172.30.1.111-9618&alias=n11&noUDP&sock=slot1_15_4451_e1ce_37668>
...
040 (330078.002.000) 2023-07-25 10:56:55 Finished transferring input files
...
040 (330078.003.000) 2023-07-25 10:56:55 Started transferring input files
	Transferring to host: <172.30.1.111:9618?addrs=172.30.1.111-9618&alias=n11&noUDP&sock=slot1_16_4451_e1ce_37669>
...
040 (330078.003.000) 2023-07-25 10:56:55 Finished transferring input files
...
040 (330078.004.000) 2023-07-25 10:56:55 Started transferring input files
	Transferring to host: <172.30.1.111:9618?addrs=172.30.1.111-9618&alias=n11&noUDP&sock=slot1_17_4451_e1ce_37670>
...
040 (330078.004.000) 2023-07-25 10:56:55 Finished transferring input files
...
040 (330078.005.000) 2023-07-25 10:56:55 Started transferring input files
	Transferring to host: <172.30.1.111:9618?addrs=172.30.1.111-9618&alias=n11&noUDP&sock=slot1_18_4451_e1ce_37671>
...
040 (330078.005.000) 2023-07-25 10:56:55 Finished transferring input files
...
040 (330078.006.000) 2023-07-25 10:56:55 Started transferring input files
	Transferring to host: <172.30.1.111:9618?addrs=172.30.1.111-9618&alias=n11&noUDP&sock=slot1_19_4451_e1ce_37672>
...
040 (330078.006.000) 2023-07-25 10:56:55 Finished transferring input files
...
040 (330078.007.000) 2023-07-25 10:56:55 Started transferring input files
	Transferring to host: <172.30.1.111:9618?addrs=172.30.1.111-9618&alias=n11&noUDP&sock=slot1_20_4451_e1ce_37673>
...
040 (330078.007.000) 2023-07-25 10:56:55 Finished transferring input files
...
040 (330078.008.000) 2023-07-25 10:56:55 Started transferring input files
	Transferring to host: <172.30.1.111:9618?addrs=172.30.1.111-9618&alias=n11&noUDP&sock=slot1_21_4451_e1ce_37674>
...
040 (330078.008.000) 2023-07-25 10:56:55 Finished transferring input files
...
040 (330078.009.000) 2023-07-25 10:56:55 Started transferring input files
	Transferring to host: <172.30.1.111:9618?addrs=172.30.1.111-9618&alias=n11&noUDP&sock=slot1_22_4451_e1ce_37675>
...
040 (330078.009.000) 2023-07-25 10:56:55 Finished transferring input files
...
001 (330078.000.000) 2023-07-25 10:56:55 Job executing on host: <172.30.1.111:9618?addrs=172.30.1.111-9618&alias=n11&noUDP&sock=startd_4417_45e8>
...
001 (330078.001.000) 2023-07-25 10:56:56 Job executing on host: <172.30.1.111:9618?addrs=172.30.1.111-9618&alias=n11&noUDP&sock=startd_4417_45e8>
...
001 (330078.002.000) 2023-07-25 10:56:56 Job executing on host: <172.30.1.111:9618?addrs=172.30.1.111-9618&alias=n11&noUDP&sock=startd_4417_45e8>
...
001 (330078.003.000) 2023-07-25 10:56:56 Job executing on host: <172.30.1.111:9618?addrs=172.30.1.111-9618&alias=n11&noUDP&sock=startd_4417_45e8>
...
001 (330078.004.000) 2023-07-25 10:56:56 Job executing on host: <172.30.1.111:9618?addrs=172.30.1.111-9618&alias=n11&noUDP&sock=startd_4417_45e8>
...
001 (330078.005.000) 2023-07-25 10:56:56 Job executing on host: <172.30.1.111:9618?addrs=172.30.1.111-9618&alias=n11&noUDP&sock=startd_4417_45e8>
...
001 (330078.006.000) 2023-07-25 10:56:56 Job executing on host: <172.30.1.111:9618?addrs=172.30.1.111-9618&alias=n11&noUDP&sock=startd_4417_45e8>
...
001 (330078.007.000) 2023-07-25 10:56:56 Job executing on host: <172.30.1.111:9618?addrs=172.30.1.111-9618&alias=n11&noUDP&sock=startd_4417_45e8>
...
001 (330078.008.000) 2023-07-25 10:56:56 Job executing on host: <172.30.1.111:9618?addrs=172.30.1.111-9618&alias=n11&noUDP&sock=startd_4417_45e8>
...
001 (330078.009.000) 2023-07-25 10:56:56 Job executing on host: <172.30.1.111:9618?addrs=172.30.1.111-9618&alias=n11&noUDP&sock=startd_4417_45e8>
...
006 (330078.000.000) 2023-07-25 10:57:04 Image size of job updated: 429096
	182  -  MemoryUsage of job (MB)
	186252  -  ResidentSetSize of job (KB)
...
006 (330078.001.000) 2023-07-25 10:57:04 Image size of job updated: 405064
	182  -  MemoryUsage of job (MB)
	186280  -  ResidentSetSize of job (KB)
...
006 (330078.002.000) 2023-07-25 10:57:04 Image size of job updated: 433104
	182  -  MemoryUsage of job (MB)
	186316  -  ResidentSetSize of job (KB)
...
006 (330078.003.000) 2023-07-25 10:57:04 Image size of job updated: 434100
	182  -  MemoryUsage of job (MB)
	186320  -  ResidentSetSize of job (KB)
...
006 (330078.004.000) 2023-07-25 10:57:04 Image size of job updated: 408420
	182  -  MemoryUsage of job (MB)
	186320  -  ResidentSetSize of job (KB)
...
006 (330078.005.000) 2023-07-25 10:57:04 Image size of job updated: 424744
	182  -  MemoryUsage of job (MB)
	186316  -  ResidentSetSize of job (KB)
...
006 (330078.006.000) 2023-07-25 10:57:04 Image size of job updated: 417192
	182  -  MemoryUsage of job (MB)
	186164  -  ResidentSetSize of job (KB)
...
006 (330078.007.000) 2023-07-25 10:57:05 Image size of job updated: 424160
	204  -  MemoryUsage of job (MB)
	208572  -  ResidentSetSize of job (KB)
...
006 (330078.008.000) 2023-07-25 10:57:05 Image size of job updated: 438448
	204  -  MemoryUsage of job (MB)
	208784  -  ResidentSetSize of job (KB)
...
006 (330078.009.000) 2023-07-25 10:57:05 Image size of job updated: 408804
	182  -  MemoryUsage of job (MB)
	186292  -  ResidentSetSize of job (KB)
...
006 (330078.008.000) 2023-07-25 10:57:10 Image size of job updated: 681284
	204  -  MemoryUsage of job (MB)
	208784  -  ResidentSetSize of job (KB)
...
040 (330078.008.000) 2023-07-25 10:57:10 Started transferring output files
...
040 (330078.008.000) 2023-07-25 10:57:10 Finished transferring output files
...
005 (330078.008.000) 2023-07-25 10:57:10 Job terminated.
	(1) Normal termination (return value 0)
		Usr 0 00:00:11, Sys 0 00:00:01  -  Run Remote Usage
		Usr 0 00:00:00, Sys 0 00:00:00  -  Run Local Usage
		Usr 0 00:00:11, Sys 0 00:00:01  -  Total Remote Usage
		Usr 0 00:00:00, Sys 0 00:00:00  -  Total Local Usage
	899  -  Run Bytes Sent By Job
	169  -  Run Bytes Received By Job
	899  -  Total Bytes Sent By Job
	169  -  Total Bytes Received By Job
	Partitionable Resources :    Usage  Request Allocated 
	   Cpus                 :                 1         1 
	   Disk (KB)            :       47        1    127802 
	   GPUs                 :                           0 
	   Memory (MB)          :      204     3900      3968 

	Job terminated of its own accord at 2023-07-25T01:57:10Z.
...
006 (330078.000.000) 2023-07-25 10:57:13 Image size of job updated: 686528
	182  -  MemoryUsage of job (MB)
	186252  -  ResidentSetSize of job (KB)
...
040 (330078.000.000) 2023-07-25 10:57:13 Started transferring output files
...
040 (330078.000.000) 2023-07-25 10:57:14 Finished transferring output files
...
005 (330078.000.000) 2023-07-25 10:57:14 Job terminated.
	(1) Normal termination (return value 0)
		Usr 0 00:00:14, Sys 0 00:00:01  -  Run Remote Usage
		Usr 0 00:00:00, Sys 0 00:00:00  -  Run Local Usage
		Usr 0 00:00:14, Sys 0 00:00:01  -  Total Remote Usage
		Usr 0 00:00:00, Sys 0 00:00:00  -  Total Local Usage
	1155  -  Run Bytes Sent By Job
	169  -  Run Bytes Received By Job
	1155  -  Total Bytes Sent By Job
	169  -  Total Bytes Received By Job
	Partitionable Resources :    Usage  Request Allocated 
	   Cpus                 :                 1         1 
	   Disk (KB)            :       47        1    127802 
	   GPUs                 :                           0 
	   Memory (MB)          :      182     3900      3968 

	Job terminated of its own accord at 2023-07-25T01:57:13Z.
...
006 (330078.007.000) 2023-07-25 10:57:16 Image size of job updated: 683120
	204  -  MemoryUsage of job (MB)
	208572  -  ResidentSetSize of job (KB)
...
040 (330078.007.000) 2023-07-25 10:57:16 Started transferring output files
...
040 (330078.007.000) 2023-07-25 10:57:16 Finished transferring output files
...
006 (330078.003.000) 2023-07-25 10:57:16 Image size of job updated: 694708
	182  -  MemoryUsage of job (MB)
	186320  -  ResidentSetSize of job (KB)
...
006 (330078.009.000) 2023-07-25 10:57:16 Image size of job updated: 685692
	182  -  MemoryUsage of job (MB)
	186292  -  ResidentSetSize of job (KB)
...
006 (330078.006.000) 2023-07-25 10:57:16 Image size of job updated: 684956
	182  -  MemoryUsage of job (MB)
	186164  -  ResidentSetSize of job (KB)
...
005 (330078.007.000) 2023-07-25 10:57:16 Job terminated.
	(1) Normal termination (return value 0)
		Usr 0 00:00:15, Sys 0 00:00:00  -  Run Remote Usage
		Usr 0 00:00:00, Sys 0 00:00:00  -  Run Local Usage
		Usr 0 00:00:15, Sys 0 00:00:00  -  Total Remote Usage
		Usr 0 00:00:00, Sys 0 00:00:00  -  Total Local Usage
	960  -  Run Bytes Sent By Job
	169  -  Run Bytes Received By Job
	960  -  Total Bytes Sent By Job
	169  -  Total Bytes Received By Job
	Partitionable Resources :    Usage  Request Allocated 
	   Cpus                 :                 1         1 
	   Disk (KB)            :       47        1    127802 
	   GPUs                 :                           0 
	   Memory (MB)          :      204     3900      3968 

	Job terminated of its own accord at 2023-07-25T01:57:16Z.
...
040 (330078.006.000) 2023-07-25 10:57:16 Started transferring output files
...
040 (330078.009.000) 2023-07-25 10:57:16 Started transferring output files
...
040 (330078.009.000) 2023-07-25 10:57:16 Finished transferring output files
...
040 (330078.003.000) 2023-07-25 10:57:16 Started transferring output files
...
040 (330078.006.000) 2023-07-25 10:57:16 Finished transferring output files
...
040 (330078.003.000) 2023-07-25 10:57:16 Finished transferring output files
...
005 (330078.009.000) 2023-07-25 10:57:16 Job terminated.
	(1) Normal termination (return value 0)
		Usr 0 00:00:16, Sys 0 00:00:00  -  Run Remote Usage
		Usr 0 00:00:00, Sys 0 00:00:00  -  Run Local Usage
		Usr 0 00:00:16, Sys 0 00:00:00  -  Total Remote Usage
		Usr 0 00:00:00, Sys 0 00:00:00  -  Total Local Usage
	961  -  Run Bytes Sent By Job
	169  -  Run Bytes Received By Job
	961  -  Total Bytes Sent By Job
	169  -  Total Bytes Received By Job
	Partitionable Resources :    Usage  Request Allocated 
	   Cpus                 :                 1         1 
	   Disk (KB)            :       47        1    127802 
	   GPUs                 :                           0 
	   Memory (MB)          :      182     3900      3968 

	Job terminated of its own accord at 2023-07-25T01:57:16Z.
...
005 (330078.006.000) 2023-07-25 10:57:16 Job terminated.
	(1) Normal termination (return value 0)
		Usr 0 00:00:16, Sys 0 00:00:01  -  Run Remote Usage
		Usr 0 00:00:00, Sys 0 00:00:00  -  Run Local Usage
		Usr 0 00:00:16, Sys 0 00:00:01  -  Total Remote Usage
		Usr 0 00:00:00, Sys 0 00:00:00  -  Total Local Usage
	929  -  Run Bytes Sent By Job
	169  -  Run Bytes Received By Job
	929  -  Total Bytes Sent By Job
	169  -  Total Bytes Received By Job
	Partitionable Resources :    Usage  Request Allocated 
	   Cpus                 :                 1         1 
	   Disk (KB)            :       47        1    127802 
	   GPUs                 :                           0 
	   Memory (MB)          :      182     3900      3968 

	Job terminated of its own accord at 2023-07-25T01:57:16Z.
...
005 (330078.003.000) 2023-07-25 10:57:16 Job terminated.
	(1) Normal termination (return value 0)
		Usr 0 00:00:16, Sys 0 00:00:01  -  Run Remote Usage
		Usr 0 00:00:00, Sys 0 00:00:00  -  Run Local Usage
		Usr 0 00:00:16, Sys 0 00:00:01  -  Total Remote Usage
		Usr 0 00:00:00, Sys 0 00:00:00  -  Total Local Usage
	1218  -  Run Bytes Sent By Job
	169  -  Run Bytes Received By Job
	1218  -  Total Bytes Sent By Job
	169  -  Total Bytes Received By Job
	Partitionable Resources :    Usage  Request Allocated 
	   Cpus                 :                 1         1 
	   Disk (KB)            :       47        1    127802 
	   GPUs                 :                           0 
	   Memory (MB)          :      182     3900      3968 

	Job terminated of its own accord at 2023-07-25T01:57:16Z.
...
006 (330078.005.000) 2023-07-25 10:57:16 Image size of job updated: 687504
	182  -  MemoryUsage of job (MB)
	186316  -  ResidentSetSize of job (KB)
...
006 (330078.001.000) 2023-07-25 10:57:16 Image size of job updated: 687288
	182  -  MemoryUsage of job (MB)
	186280  -  ResidentSetSize of job (KB)
...
040 (330078.005.000) 2023-07-25 10:57:16 Started transferring output files
...
040 (330078.001.000) 2023-07-25 10:57:16 Started transferring output files
...
040 (330078.005.000) 2023-07-25 10:57:16 Finished transferring output files
...
040 (330078.001.000) 2023-07-25 10:57:16 Finished transferring output files
...
005 (330078.005.000) 2023-07-25 10:57:16 Job terminated.
	(1) Normal termination (return value 0)
		Usr 0 00:00:17, Sys 0 00:00:01  -  Run Remote Usage
		Usr 0 00:00:00, Sys 0 00:00:00  -  Run Local Usage
		Usr 0 00:00:17, Sys 0 00:00:01  -  Total Remote Usage
		Usr 0 00:00:00, Sys 0 00:00:00  -  Total Local Usage
	1218  -  Run Bytes Sent By Job
	169  -  Run Bytes Received By Job
	1218  -  Total Bytes Sent By Job
	169  -  Total Bytes Received By Job
	Partitionable Resources :    Usage  Request Allocated 
	   Cpus                 :                 1         1 
	   Disk (KB)            :       47        1    127802 
	   GPUs                 :                           0 
	   Memory (MB)          :      182     3900      3968 

	Job terminated of its own accord at 2023-07-25T01:57:16Z.
...
005 (330078.001.000) 2023-07-25 10:57:16 Job terminated.
	(1) Normal termination (return value 0)
		Usr 0 00:00:17, Sys 0 00:00:01  -  Run Remote Usage
		Usr 0 00:00:00, Sys 0 00:00:00  -  Run Local Usage
		Usr 0 00:00:17, Sys 0 00:00:01  -  Total Remote Usage
		Usr 0 00:00:00, Sys 0 00:00:00  -  Total Local Usage
	1186  -  Run Bytes Sent By Job
	169  -  Run Bytes Received By Job
	1186  -  Total Bytes Sent By Job
	169  -  Total Bytes Received By Job
	Partitionable Resources :    Usage  Request Allocated 
	   Cpus                 :                 1         1 
	   Disk (KB)            :       47        1    127802 
	   GPUs                 :                           0 
	   Memory (MB)          :      182     3900      3968 

	Job terminated of its own accord at 2023-07-25T01:57:16Z.
...
006 (330078.004.000) 2023-07-25 10:57:17 Image size of job updated: 687260
	182  -  MemoryUsage of job (MB)
	186320  -  ResidentSetSize of job (KB)
...
040 (330078.004.000) 2023-07-25 10:57:17 Started transferring output files
...
040 (330078.004.000) 2023-07-25 10:57:17 Finished transferring output files
...
005 (330078.004.000) 2023-07-25 10:57:17 Job terminated.
	(1) Normal termination (return value 0)
		Usr 0 00:00:16, Sys 0 00:00:01  -  Run Remote Usage
		Usr 0 00:00:00, Sys 0 00:00:00  -  Run Local Usage
		Usr 0 00:00:16, Sys 0 00:00:01  -  Total Remote Usage
		Usr 0 00:00:00, Sys 0 00:00:00  -  Total Local Usage
	1218  -  Run Bytes Sent By Job
	169  -  Run Bytes Received By Job
	1218  -  Total Bytes Sent By Job
	169  -  Total Bytes Received By Job
	Partitionable Resources :    Usage  Request Allocated 
	   Cpus                 :                 1         1 
	   Disk (KB)            :       47        1    127802 
	   GPUs                 :                           0 
	   Memory (MB)          :      182     3900      3968 

	Job terminated of its own accord at 2023-07-25T01:57:17Z.
...
006 (330078.002.000) 2023-07-25 10:57:18 Image size of job updated: 685720
	182  -  MemoryUsage of job (MB)
	186316  -  ResidentSetSize of job (KB)
...
040 (330078.002.000) 2023-07-25 10:57:18 Started transferring output files
...
040 (330078.002.000) 2023-07-25 10:57:18 Finished transferring output files
...
005 (330078.002.000) 2023-07-25 10:57:18 Job terminated.
	(1) Normal termination (return value 0)
		Usr 0 00:00:17, Sys 0 00:00:01  -  Run Remote Usage
		Usr 0 00:00:00, Sys 0 00:00:00  -  Run Local Usage
		Usr 0 00:00:17, Sys 0 00:00:01  -  Total Remote Usage
		Usr 0 00:00:00, Sys 0 00:00:00  -  Total Local Usage
	1218  -  Run Bytes Sent By Job
	169  -  Run Bytes Received By Job
	1218  -  Total Bytes Sent By Job
	169  -  Total Bytes Received By Job
	Partitionable Resources :    Usage  Request Allocated 
	   Cpus                 :                 1         1 
	   Disk (KB)            :       47        1    127802 
	   GPUs                 :                           0 
	   Memory (MB)          :      182     3900      3968 

	Job terminated of its own accord at 2023-07-25T01:57:18Z.
...
