000 (330194.000.000) 2023-07-25 13:00:42 Job submitted from host: <172.30.1.200:9618?addrs=172.30.1.200-9618&alias=tamsa2.snu.ac.kr&noUDP&sock=schedd_3510_2582>
...
000 (330194.001.000) 2023-07-25 13:00:42 Job submitted from host: <172.30.1.200:9618?addrs=172.30.1.200-9618&alias=tamsa2.snu.ac.kr&noUDP&sock=schedd_3510_2582>
...
000 (330194.002.000) 2023-07-25 13:00:42 Job submitted from host: <172.30.1.200:9618?addrs=172.30.1.200-9618&alias=tamsa2.snu.ac.kr&noUDP&sock=schedd_3510_2582>
...
000 (330194.003.000) 2023-07-25 13:00:42 Job submitted from host: <172.30.1.200:9618?addrs=172.30.1.200-9618&alias=tamsa2.snu.ac.kr&noUDP&sock=schedd_3510_2582>
...
000 (330194.004.000) 2023-07-25 13:00:42 Job submitted from host: <172.30.1.200:9618?addrs=172.30.1.200-9618&alias=tamsa2.snu.ac.kr&noUDP&sock=schedd_3510_2582>
...
000 (330194.005.000) 2023-07-25 13:00:42 Job submitted from host: <172.30.1.200:9618?addrs=172.30.1.200-9618&alias=tamsa2.snu.ac.kr&noUDP&sock=schedd_3510_2582>
...
000 (330194.006.000) 2023-07-25 13:00:42 Job submitted from host: <172.30.1.200:9618?addrs=172.30.1.200-9618&alias=tamsa2.snu.ac.kr&noUDP&sock=schedd_3510_2582>
...
000 (330194.007.000) 2023-07-25 13:00:42 Job submitted from host: <172.30.1.200:9618?addrs=172.30.1.200-9618&alias=tamsa2.snu.ac.kr&noUDP&sock=schedd_3510_2582>
...
000 (330194.008.000) 2023-07-25 13:00:42 Job submitted from host: <172.30.1.200:9618?addrs=172.30.1.200-9618&alias=tamsa2.snu.ac.kr&noUDP&sock=schedd_3510_2582>
...
000 (330194.009.000) 2023-07-25 13:00:42 Job submitted from host: <172.30.1.200:9618?addrs=172.30.1.200-9618&alias=tamsa2.snu.ac.kr&noUDP&sock=schedd_3510_2582>
...
001 (330194.000.000) 2023-07-25 13:00:57 Job executing on host: <172.30.1.205:9618?addrs=172.30.1.205-9618&alias=node5&noUDP&sock=startd_3770_7c22>
...
001 (330194.001.000) 2023-07-25 13:00:57 Job executing on host: <172.30.1.205:9618?addrs=172.30.1.205-9618&alias=node5&noUDP&sock=startd_3770_7c22>
...
001 (330194.002.000) 2023-07-25 13:00:57 Job executing on host: <172.30.1.205:9618?addrs=172.30.1.205-9618&alias=node5&noUDP&sock=startd_3770_7c22>
...
001 (330194.003.000) 2023-07-25 13:00:57 Job executing on host: <172.30.1.205:9618?addrs=172.30.1.205-9618&alias=node5&noUDP&sock=startd_3770_7c22>
...
001 (330194.004.000) 2023-07-25 13:00:57 Job executing on host: <172.30.1.205:9618?addrs=172.30.1.205-9618&alias=node5&noUDP&sock=startd_3770_7c22>
...
001 (330194.005.000) 2023-07-25 13:00:57 Job executing on host: <172.30.1.205:9618?addrs=172.30.1.205-9618&alias=node5&noUDP&sock=startd_3770_7c22>
...
001 (330194.006.000) 2023-07-25 13:00:57 Job executing on host: <172.30.1.205:9618?addrs=172.30.1.205-9618&alias=node5&noUDP&sock=startd_3770_7c22>
...
001 (330194.007.000) 2023-07-25 13:00:57 Job executing on host: <172.30.1.205:9618?addrs=172.30.1.205-9618&alias=node5&noUDP&sock=startd_3770_7c22>
...
001 (330194.008.000) 2023-07-25 13:00:57 Job executing on host: <172.30.1.205:9618?addrs=172.30.1.205-9618&alias=node5&noUDP&sock=startd_3770_7c22>
...
001 (330194.009.000) 2023-07-25 13:00:57 Job executing on host: <172.30.1.205:9618?addrs=172.30.1.205-9618&alias=node5&noUDP&sock=startd_3770_7c22>
...
006 (330194.000.000) 2023-07-25 13:01:05 Image size of job updated: 385952
	207  -  MemoryUsage of job (MB)
	210996  -  ResidentSetSize of job (KB)
...
006 (330194.001.000) 2023-07-25 13:01:05 Image size of job updated: 385952
	183  -  MemoryUsage of job (MB)
	186796  -  ResidentSetSize of job (KB)
...
006 (330194.002.000) 2023-07-25 13:01:05 Image size of job updated: 385952
	183  -  MemoryUsage of job (MB)
	186744  -  ResidentSetSize of job (KB)
...
006 (330194.003.000) 2023-07-25 13:01:05 Image size of job updated: 329220
	206  -  MemoryUsage of job (MB)
	210856  -  ResidentSetSize of job (KB)
...
006 (330194.004.000) 2023-07-25 13:01:05 Image size of job updated: 272128
	194  -  MemoryUsage of job (MB)
	198100  -  ResidentSetSize of job (KB)
...
006 (330194.005.000) 2023-07-25 13:01:06 Image size of job updated: 212120
	207  -  MemoryUsage of job (MB)
	210972  -  ResidentSetSize of job (KB)
...
006 (330194.006.000) 2023-07-25 13:01:06 Image size of job updated: 213776
	207  -  MemoryUsage of job (MB)
	210972  -  ResidentSetSize of job (KB)
...
006 (330194.007.000) 2023-07-25 13:01:06 Image size of job updated: 210904
	206  -  MemoryUsage of job (MB)
	210904  -  ResidentSetSize of job (KB)
...
006 (330194.008.000) 2023-07-25 13:01:06 Image size of job updated: 188144
	183  -  MemoryUsage of job (MB)
	186880  -  ResidentSetSize of job (KB)
...
006 (330194.009.000) 2023-07-25 13:01:06 Image size of job updated: 209888
	205  -  MemoryUsage of job (MB)
	209328  -  ResidentSetSize of job (KB)
...
006 (330194.009.000) 2023-07-25 13:01:15 Image size of job updated: 687120
	205  -  MemoryUsage of job (MB)
	209328  -  ResidentSetSize of job (KB)
...
005 (330194.009.000) 2023-07-25 13:01:15 Job terminated.
	(1) Normal termination (return value 0)
		Usr 0 00:00:15, Sys 0 00:00:01  -  Run Remote Usage
		Usr 0 00:00:00, Sys 0 00:00:00  -  Run Local Usage
		Usr 0 00:00:15, Sys 0 00:00:01  -  Total Remote Usage
		Usr 0 00:00:00, Sys 0 00:00:00  -  Total Local Usage
	0  -  Run Bytes Sent By Job
	0  -  Run Bytes Received By Job
	0  -  Total Bytes Sent By Job
	0  -  Total Bytes Received By Job
	Partitionable Resources :    Usage  Request Allocated 
	   Cpus                 :                 1         1 
	   Disk (KB)            :        1        1    128928 
	   Memory (MB)          :      205     3900      3968 

	Job terminated of its own accord at 2023-07-25T04:01:15Z.
...
006 (330194.007.000) 2023-07-25 13:01:15 Image size of job updated: 688292
	206  -  MemoryUsage of job (MB)
	210904  -  ResidentSetSize of job (KB)
...
005 (330194.007.000) 2023-07-25 13:01:15 Job terminated.
	(1) Normal termination (return value 0)
		Usr 0 00:00:15, Sys 0 00:00:00  -  Run Remote Usage
		Usr 0 00:00:00, Sys 0 00:00:00  -  Run Local Usage
		Usr 0 00:00:15, Sys 0 00:00:00  -  Total Remote Usage
		Usr 0 00:00:00, Sys 0 00:00:00  -  Total Local Usage
	0  -  Run Bytes Sent By Job
	0  -  Run Bytes Received By Job
	0  -  Total Bytes Sent By Job
	0  -  Total Bytes Received By Job
	Partitionable Resources :    Usage  Request Allocated 
	   Cpus                 :                 1         1 
	   Disk (KB)            :        1        1    128928 
	   Memory (MB)          :      206     3900      3968 

	Job terminated of its own accord at 2023-07-25T04:01:15Z.
...
006 (330194.003.000) 2023-07-25 13:01:15 Image size of job updated: 688236
	206  -  MemoryUsage of job (MB)
	210856  -  ResidentSetSize of job (KB)
...
005 (330194.003.000) 2023-07-25 13:01:16 Job terminated.
	(1) Normal termination (return value 0)
		Usr 0 00:00:16, Sys 0 00:00:00  -  Run Remote Usage
		Usr 0 00:00:00, Sys 0 00:00:00  -  Run Local Usage
		Usr 0 00:00:16, Sys 0 00:00:00  -  Total Remote Usage
		Usr 0 00:00:00, Sys 0 00:00:00  -  Total Local Usage
	0  -  Run Bytes Sent By Job
	0  -  Run Bytes Received By Job
	0  -  Total Bytes Sent By Job
	0  -  Total Bytes Received By Job
	Partitionable Resources :    Usage  Request Allocated 
	   Cpus                 :                 1         1 
	   Disk (KB)            :        1        1    128928 
	   Memory (MB)          :      206     3900      3968 

	Job terminated of its own accord at 2023-07-25T04:01:15Z.
...
006 (330194.004.000) 2023-07-25 13:01:17 Image size of job updated: 688536
	194  -  MemoryUsage of job (MB)
	198112  -  ResidentSetSize of job (KB)
...
005 (330194.004.000) 2023-07-25 13:01:17 Job terminated.
	(1) Normal termination (return value 0)
		Usr 0 00:00:18, Sys 0 00:00:01  -  Run Remote Usage
		Usr 0 00:00:00, Sys 0 00:00:00  -  Run Local Usage
		Usr 0 00:00:18, Sys 0 00:00:01  -  Total Remote Usage
		Usr 0 00:00:00, Sys 0 00:00:00  -  Total Local Usage
	0  -  Run Bytes Sent By Job
	0  -  Run Bytes Received By Job
	0  -  Total Bytes Sent By Job
	0  -  Total Bytes Received By Job
	Partitionable Resources :    Usage  Request Allocated 
	   Cpus                 :                 1         1 
	   Disk (KB)            :        1        1    128928 
	   Memory (MB)          :      194     3900      3968 

	Job terminated of its own accord at 2023-07-25T04:01:17Z.
...
006 (330194.002.000) 2023-07-25 13:01:19 Image size of job updated: 687172
	183  -  MemoryUsage of job (MB)
	186744  -  ResidentSetSize of job (KB)
...
006 (330194.000.000) 2023-07-25 13:01:19 Image size of job updated: 686576
	207  -  MemoryUsage of job (MB)
	210996  -  ResidentSetSize of job (KB)
...
005 (330194.002.000) 2023-07-25 13:01:19 Job terminated.
	(1) Normal termination (return value 0)
		Usr 0 00:00:18, Sys 0 00:00:01  -  Run Remote Usage
		Usr 0 00:00:00, Sys 0 00:00:00  -  Run Local Usage
		Usr 0 00:00:18, Sys 0 00:00:01  -  Total Remote Usage
		Usr 0 00:00:00, Sys 0 00:00:00  -  Total Local Usage
	0  -  Run Bytes Sent By Job
	0  -  Run Bytes Received By Job
	0  -  Total Bytes Sent By Job
	0  -  Total Bytes Received By Job
	Partitionable Resources :    Usage  Request Allocated 
	   Cpus                 :                 1         1 
	   Disk (KB)            :        1        1    128928 
	   Memory (MB)          :      183     3900      3968 

	Job terminated of its own accord at 2023-07-25T04:01:19Z.
...
005 (330194.000.000) 2023-07-25 13:01:19 Job terminated.
	(1) Normal termination (return value 0)
		Usr 0 00:00:18, Sys 0 00:00:00  -  Run Remote Usage
		Usr 0 00:00:00, Sys 0 00:00:00  -  Run Local Usage
		Usr 0 00:00:18, Sys 0 00:00:00  -  Total Remote Usage
		Usr 0 00:00:00, Sys 0 00:00:00  -  Total Local Usage
	0  -  Run Bytes Sent By Job
	0  -  Run Bytes Received By Job
	0  -  Total Bytes Sent By Job
	0  -  Total Bytes Received By Job
	Partitionable Resources :    Usage  Request Allocated 
	   Cpus                 :                 1         1 
	   Disk (KB)            :        1        1    128928 
	   Memory (MB)          :      207     3900      3968 

	Job terminated of its own accord at 2023-07-25T04:01:19Z.
...
006 (330194.005.000) 2023-07-25 13:01:21 Image size of job updated: 695564
	207  -  MemoryUsage of job (MB)
	210972  -  ResidentSetSize of job (KB)
...
006 (330194.008.000) 2023-07-25 13:01:21 Image size of job updated: 695564
	183  -  MemoryUsage of job (MB)
	186880  -  ResidentSetSize of job (KB)
...
005 (330194.005.000) 2023-07-25 13:01:21 Job terminated.
	(1) Normal termination (return value 0)
		Usr 0 00:00:21, Sys 0 00:00:01  -  Run Remote Usage
		Usr 0 00:00:00, Sys 0 00:00:00  -  Run Local Usage
		Usr 0 00:00:21, Sys 0 00:00:01  -  Total Remote Usage
		Usr 0 00:00:00, Sys 0 00:00:00  -  Total Local Usage
	0  -  Run Bytes Sent By Job
	0  -  Run Bytes Received By Job
	0  -  Total Bytes Sent By Job
	0  -  Total Bytes Received By Job
	Partitionable Resources :    Usage  Request Allocated 
	   Cpus                 :                 1         1 
	   Disk (KB)            :        1        1    128928 
	   Memory (MB)          :      207     3900      3968 

	Job terminated of its own accord at 2023-07-25T04:01:21Z.
...
005 (330194.008.000) 2023-07-25 13:01:21 Job terminated.
	(1) Normal termination (return value 0)
		Usr 0 00:00:21, Sys 0 00:00:00  -  Run Remote Usage
		Usr 0 00:00:00, Sys 0 00:00:00  -  Run Local Usage
		Usr 0 00:00:21, Sys 0 00:00:00  -  Total Remote Usage
		Usr 0 00:00:00, Sys 0 00:00:00  -  Total Local Usage
	0  -  Run Bytes Sent By Job
	0  -  Run Bytes Received By Job
	0  -  Total Bytes Sent By Job
	0  -  Total Bytes Received By Job
	Partitionable Resources :    Usage  Request Allocated 
	   Cpus                 :                 1         1 
	   Disk (KB)            :        1        1    128928 
	   Memory (MB)          :      183     3900      3968 

	Job terminated of its own accord at 2023-07-25T04:01:21Z.
...
006 (330194.006.000) 2023-07-25 13:01:24 Image size of job updated: 688360
	207  -  MemoryUsage of job (MB)
	210972  -  ResidentSetSize of job (KB)
...
006 (330194.001.000) 2023-07-25 13:01:24 Image size of job updated: 695536
	183  -  MemoryUsage of job (MB)
	186796  -  ResidentSetSize of job (KB)
...
005 (330194.001.000) 2023-07-25 13:01:24 Job terminated.
	(1) Normal termination (return value 0)
		Usr 0 00:00:23, Sys 0 00:00:01  -  Run Remote Usage
		Usr 0 00:00:00, Sys 0 00:00:00  -  Run Local Usage
		Usr 0 00:00:23, Sys 0 00:00:01  -  Total Remote Usage
		Usr 0 00:00:00, Sys 0 00:00:00  -  Total Local Usage
	0  -  Run Bytes Sent By Job
	0  -  Run Bytes Received By Job
	0  -  Total Bytes Sent By Job
	0  -  Total Bytes Received By Job
	Partitionable Resources :    Usage  Request Allocated 
	   Cpus                 :                 1         1 
	   Disk (KB)            :        1        1    128928 
	   Memory (MB)          :      183     3900      3968 

	Job terminated of its own accord at 2023-07-25T04:01:24Z.
...
005 (330194.006.000) 2023-07-25 13:01:24 Job terminated.
	(1) Normal termination (return value 0)
		Usr 0 00:00:22, Sys 0 00:00:00  -  Run Remote Usage
		Usr 0 00:00:00, Sys 0 00:00:00  -  Run Local Usage
		Usr 0 00:00:22, Sys 0 00:00:00  -  Total Remote Usage
		Usr 0 00:00:00, Sys 0 00:00:00  -  Total Local Usage
	0  -  Run Bytes Sent By Job
	0  -  Run Bytes Received By Job
	0  -  Total Bytes Sent By Job
	0  -  Total Bytes Received By Job
	Partitionable Resources :    Usage  Request Allocated 
	   Cpus                 :                 1         1 
	   Disk (KB)            :        1        1    128928 
	   Memory (MB)          :      207     3900      3968 

	Job terminated of its own accord at 2023-07-25T04:01:24Z.
...
