000 (330075.000.000) 2023-07-25 10:56:46 Job submitted from host: <172.30.1.200:9618?addrs=172.30.1.200-9618&alias=tamsa2.snu.ac.kr&noUDP&sock=schedd_3510_2582>
...
000 (330075.001.000) 2023-07-25 10:56:46 Job submitted from host: <172.30.1.200:9618?addrs=172.30.1.200-9618&alias=tamsa2.snu.ac.kr&noUDP&sock=schedd_3510_2582>
...
000 (330075.002.000) 2023-07-25 10:56:46 Job submitted from host: <172.30.1.200:9618?addrs=172.30.1.200-9618&alias=tamsa2.snu.ac.kr&noUDP&sock=schedd_3510_2582>
...
000 (330075.003.000) 2023-07-25 10:56:46 Job submitted from host: <172.30.1.200:9618?addrs=172.30.1.200-9618&alias=tamsa2.snu.ac.kr&noUDP&sock=schedd_3510_2582>
...
000 (330075.004.000) 2023-07-25 10:56:46 Job submitted from host: <172.30.1.200:9618?addrs=172.30.1.200-9618&alias=tamsa2.snu.ac.kr&noUDP&sock=schedd_3510_2582>
...
000 (330075.005.000) 2023-07-25 10:56:46 Job submitted from host: <172.30.1.200:9618?addrs=172.30.1.200-9618&alias=tamsa2.snu.ac.kr&noUDP&sock=schedd_3510_2582>
...
000 (330075.006.000) 2023-07-25 10:56:46 Job submitted from host: <172.30.1.200:9618?addrs=172.30.1.200-9618&alias=tamsa2.snu.ac.kr&noUDP&sock=schedd_3510_2582>
...
000 (330075.007.000) 2023-07-25 10:56:46 Job submitted from host: <172.30.1.200:9618?addrs=172.30.1.200-9618&alias=tamsa2.snu.ac.kr&noUDP&sock=schedd_3510_2582>
...
000 (330075.008.000) 2023-07-25 10:56:46 Job submitted from host: <172.30.1.200:9618?addrs=172.30.1.200-9618&alias=tamsa2.snu.ac.kr&noUDP&sock=schedd_3510_2582>
...
000 (330075.009.000) 2023-07-25 10:56:46 Job submitted from host: <172.30.1.200:9618?addrs=172.30.1.200-9618&alias=tamsa2.snu.ac.kr&noUDP&sock=schedd_3510_2582>
...
040 (330075.004.000) 2023-07-25 10:56:54 Started transferring input files
	Transferring to host: <172.30.1.102:9618?addrs=172.30.1.102-9618&alias=n2&noUDP&sock=slot1_14_3347_03a1_57626>
...
040 (330075.004.000) 2023-07-25 10:56:54 Finished transferring input files
...
040 (330075.009.000) 2023-07-25 10:56:54 Started transferring input files
	Transferring to host: <172.30.1.101:9618?addrs=172.30.1.101-9618&alias=n1&noUDP&sock=slot1_6_3367_1b22_45655>
...
040 (330075.009.000) 2023-07-25 10:56:54 Finished transferring input files
...
040 (330075.005.000) 2023-07-25 10:56:54 Started transferring input files
	Transferring to host: <172.30.1.102:9618?addrs=172.30.1.102-9618&alias=n2&noUDP&sock=slot1_15_3347_03a1_57627>
...
040 (330075.005.000) 2023-07-25 10:56:54 Finished transferring input files
...
040 (330075.006.000) 2023-07-25 10:56:54 Started transferring input files
	Transferring to host: <172.30.1.102:9618?addrs=172.30.1.102-9618&alias=n2&noUDP&sock=slot1_16_3347_03a1_57628>
...
040 (330075.006.000) 2023-07-25 10:56:54 Finished transferring input files
...
040 (330075.007.000) 2023-07-25 10:56:54 Started transferring input files
	Transferring to host: <172.30.1.102:9618?addrs=172.30.1.102-9618&alias=n2&noUDP&sock=slot1_17_3347_03a1_57629>
...
040 (330075.007.000) 2023-07-25 10:56:54 Finished transferring input files
...
040 (330075.008.000) 2023-07-25 10:56:54 Started transferring input files
	Transferring to host: <172.30.1.102:9618?addrs=172.30.1.102-9618&alias=n2&noUDP&sock=slot1_30_3347_03a1_57630>
...
040 (330075.008.000) 2023-07-25 10:56:54 Finished transferring input files
...
040 (330075.000.000) 2023-07-25 10:56:54 Started transferring input files
	Transferring to host: <172.30.1.107:9618?addrs=172.30.1.107-9618&alias=n7&noUDP&sock=slot1_30_4258_e566_60745>
...
040 (330075.000.000) 2023-07-25 10:56:54 Finished transferring input files
...
040 (330075.001.000) 2023-07-25 10:56:54 Started transferring input files
	Transferring to host: <172.30.1.107:9618?addrs=172.30.1.107-9618&alias=n7&noUDP&sock=slot1_31_4258_e566_60746>
...
040 (330075.001.000) 2023-07-25 10:56:54 Finished transferring input files
...
040 (330075.002.000) 2023-07-25 10:56:55 Started transferring input files
	Transferring to host: <172.30.1.107:9618?addrs=172.30.1.107-9618&alias=n7&noUDP&sock=slot1_32_4258_e566_60747>
...
040 (330075.002.000) 2023-07-25 10:56:55 Finished transferring input files
...
040 (330075.003.000) 2023-07-25 10:56:55 Started transferring input files
	Transferring to host: <172.30.1.107:9618?addrs=172.30.1.107-9618&alias=n7&noUDP&sock=slot1_33_4258_e566_60748>
...
040 (330075.003.000) 2023-07-25 10:56:55 Finished transferring input files
...
001 (330075.004.000) 2023-07-25 10:56:55 Job executing on host: <172.30.1.102:9618?addrs=172.30.1.102-9618&alias=n2&noUDP&sock=startd_3313_055a>
...
001 (330075.009.000) 2023-07-25 10:56:55 Job executing on host: <172.30.1.101:9618?addrs=172.30.1.101-9618&alias=n1&noUDP&sock=startd_3332_0da7>
...
001 (330075.005.000) 2023-07-25 10:56:55 Job executing on host: <172.30.1.102:9618?addrs=172.30.1.102-9618&alias=n2&noUDP&sock=startd_3313_055a>
...
001 (330075.006.000) 2023-07-25 10:56:55 Job executing on host: <172.30.1.102:9618?addrs=172.30.1.102-9618&alias=n2&noUDP&sock=startd_3313_055a>
...
001 (330075.007.000) 2023-07-25 10:56:55 Job executing on host: <172.30.1.102:9618?addrs=172.30.1.102-9618&alias=n2&noUDP&sock=startd_3313_055a>
...
001 (330075.008.000) 2023-07-25 10:56:55 Job executing on host: <172.30.1.102:9618?addrs=172.30.1.102-9618&alias=n2&noUDP&sock=startd_3313_055a>
...
001 (330075.000.000) 2023-07-25 10:56:55 Job executing on host: <172.30.1.107:9618?addrs=172.30.1.107-9618&alias=n7&noUDP&sock=startd_4224_e421>
...
001 (330075.001.000) 2023-07-25 10:56:55 Job executing on host: <172.30.1.107:9618?addrs=172.30.1.107-9618&alias=n7&noUDP&sock=startd_4224_e421>
...
001 (330075.002.000) 2023-07-25 10:56:56 Job executing on host: <172.30.1.107:9618?addrs=172.30.1.107-9618&alias=n7&noUDP&sock=startd_4224_e421>
...
001 (330075.003.000) 2023-07-25 10:56:56 Job executing on host: <172.30.1.107:9618?addrs=172.30.1.107-9618&alias=n7&noUDP&sock=startd_4224_e421>
...
006 (330075.004.000) 2023-07-25 10:57:03 Image size of job updated: 62984
	62  -  MemoryUsage of job (MB)
	62984  -  ResidentSetSize of job (KB)
...
006 (330075.000.000) 2023-07-25 10:57:04 Image size of job updated: 473044
	182  -  MemoryUsage of job (MB)
	185724  -  ResidentSetSize of job (KB)
...
006 (330075.001.000) 2023-07-25 10:57:04 Image size of job updated: 473044
	182  -  MemoryUsage of job (MB)
	185712  -  ResidentSetSize of job (KB)
...
006 (330075.005.000) 2023-07-25 10:57:04 Image size of job updated: 400412
	75  -  MemoryUsage of job (MB)
	76416  -  ResidentSetSize of job (KB)
...
006 (330075.006.000) 2023-07-25 10:57:04 Image size of job updated: 400416
	79  -  MemoryUsage of job (MB)
	80756  -  ResidentSetSize of job (KB)
...
006 (330075.009.000) 2023-07-25 10:57:04 Image size of job updated: 50100
	33  -  MemoryUsage of job (MB)
	33116  -  ResidentSetSize of job (KB)
...
006 (330075.007.000) 2023-07-25 10:57:04 Image size of job updated: 400412
	84  -  MemoryUsage of job (MB)
	85944  -  ResidentSetSize of job (KB)
...
006 (330075.008.000) 2023-07-25 10:57:04 Image size of job updated: 400416
	91  -  MemoryUsage of job (MB)
	92256  -  ResidentSetSize of job (KB)
...
006 (330075.002.000) 2023-07-25 10:57:05 Image size of job updated: 473048
	182  -  MemoryUsage of job (MB)
	186196  -  ResidentSetSize of job (KB)
...
006 (330075.003.000) 2023-07-25 10:57:05 Image size of job updated: 473044
	182  -  MemoryUsage of job (MB)
	186116  -  ResidentSetSize of job (KB)
...
006 (330075.003.000) 2023-07-25 10:57:28 Image size of job updated: 686516
	182  -  MemoryUsage of job (MB)
	186116  -  ResidentSetSize of job (KB)
...
040 (330075.003.000) 2023-07-25 10:57:28 Started transferring output files
...
040 (330075.003.000) 2023-07-25 10:57:28 Finished transferring output files
...
005 (330075.003.000) 2023-07-25 10:57:28 Job terminated.
	(1) Normal termination (return value 0)
		Usr 0 00:00:27, Sys 0 00:00:01  -  Run Remote Usage
		Usr 0 00:00:00, Sys 0 00:00:00  -  Run Local Usage
		Usr 0 00:00:27, Sys 0 00:00:01  -  Total Remote Usage
		Usr 0 00:00:00, Sys 0 00:00:00  -  Total Local Usage
	1129  -  Run Bytes Sent By Job
	170  -  Run Bytes Received By Job
	1129  -  Total Bytes Sent By Job
	170  -  Total Bytes Received By Job
	Partitionable Resources :    Usage  Request Allocated 
	   Cpus                 :                 1         1 
	   Disk (KB)            :       46        1    127899 
	   Memory (MB)          :      182     3900      3968 

	Job terminated of its own accord at 2023-07-25T01:57:28Z.
...
006 (330075.001.000) 2023-07-25 10:57:28 Image size of job updated: 686660
	182  -  MemoryUsage of job (MB)
	185712  -  ResidentSetSize of job (KB)
...
040 (330075.001.000) 2023-07-25 10:57:28 Started transferring output files
...
040 (330075.001.000) 2023-07-25 10:57:28 Finished transferring output files
...
005 (330075.001.000) 2023-07-25 10:57:28 Job terminated.
	(1) Normal termination (return value 0)
		Usr 0 00:00:27, Sys 0 00:00:01  -  Run Remote Usage
		Usr 0 00:00:00, Sys 0 00:00:00  -  Run Local Usage
		Usr 0 00:00:27, Sys 0 00:00:01  -  Total Remote Usage
		Usr 0 00:00:00, Sys 0 00:00:00  -  Total Local Usage
	1128  -  Run Bytes Sent By Job
	170  -  Run Bytes Received By Job
	1128  -  Total Bytes Sent By Job
	170  -  Total Bytes Received By Job
	Partitionable Resources :    Usage  Request Allocated 
	   Cpus                 :                 1         1 
	   Disk (KB)            :       46        1    127899 
	   Memory (MB)          :      182     3900      3968 

	Job terminated of its own accord at 2023-07-25T01:57:28Z.
...
006 (330075.002.000) 2023-07-25 10:57:29 Image size of job updated: 686972
	182  -  MemoryUsage of job (MB)
	186196  -  ResidentSetSize of job (KB)
...
040 (330075.002.000) 2023-07-25 10:57:30 Started transferring output files
...
040 (330075.002.000) 2023-07-25 10:57:30 Finished transferring output files
...
005 (330075.002.000) 2023-07-25 10:57:30 Job terminated.
	(1) Normal termination (return value 0)
		Usr 0 00:00:29, Sys 0 00:00:01  -  Run Remote Usage
		Usr 0 00:00:00, Sys 0 00:00:00  -  Run Local Usage
		Usr 0 00:00:29, Sys 0 00:00:01  -  Total Remote Usage
		Usr 0 00:00:00, Sys 0 00:00:00  -  Total Local Usage
	1222  -  Run Bytes Sent By Job
	170  -  Run Bytes Received By Job
	1222  -  Total Bytes Sent By Job
	170  -  Total Bytes Received By Job
	Partitionable Resources :    Usage  Request Allocated 
	   Cpus                 :                 1         1 
	   Disk (KB)            :       46        1    127899 
	   Memory (MB)          :      182     3900      3968 

	Job terminated of its own accord at 2023-07-25T01:57:29Z.
...
006 (330075.000.000) 2023-07-25 10:57:35 Image size of job updated: 686192
	182  -  MemoryUsage of job (MB)
	185724  -  ResidentSetSize of job (KB)
...
040 (330075.000.000) 2023-07-25 10:57:36 Started transferring output files
...
040 (330075.000.000) 2023-07-25 10:57:36 Finished transferring output files
...
005 (330075.000.000) 2023-07-25 10:57:36 Job terminated.
	(1) Normal termination (return value 0)
		Usr 0 00:00:35, Sys 0 00:00:01  -  Run Remote Usage
		Usr 0 00:00:00, Sys 0 00:00:00  -  Run Local Usage
		Usr 0 00:00:35, Sys 0 00:00:01  -  Total Remote Usage
		Usr 0 00:00:00, Sys 0 00:00:00  -  Total Local Usage
	1190  -  Run Bytes Sent By Job
	170  -  Run Bytes Received By Job
	1190  -  Total Bytes Sent By Job
	170  -  Total Bytes Received By Job
	Partitionable Resources :    Usage  Request Allocated 
	   Cpus                 :                 1         1 
	   Disk (KB)            :       46        1    127899 
	   Memory (MB)          :      182     3900      3968 

	Job terminated of its own accord at 2023-07-25T01:57:35Z.
...
006 (330075.008.000) 2023-07-25 10:57:37 Image size of job updated: 684392
	91  -  MemoryUsage of job (MB)
	92380  -  ResidentSetSize of job (KB)
...
040 (330075.008.000) 2023-07-25 10:57:37 Started transferring output files
...
040 (330075.008.000) 2023-07-25 10:57:37 Finished transferring output files
...
005 (330075.008.000) 2023-07-25 10:57:37 Job terminated.
	(1) Normal termination (return value 0)
		Usr 0 00:00:30, Sys 0 00:00:02  -  Run Remote Usage
		Usr 0 00:00:00, Sys 0 00:00:00  -  Run Local Usage
		Usr 0 00:00:30, Sys 0 00:00:02  -  Total Remote Usage
		Usr 0 00:00:00, Sys 0 00:00:00  -  Total Local Usage
	871  -  Run Bytes Sent By Job
	170  -  Run Bytes Received By Job
	871  -  Total Bytes Sent By Job
	170  -  Total Bytes Received By Job
	Partitionable Resources :    Usage  Request Allocated 
	   Cpus                 :                 1         1 
	   Disk (KB)            :       46        1    123869 
	   Memory (MB)          :       91     3900      3968 

	Job terminated of its own accord at 2023-07-25T01:57:37Z.
...
006 (330075.007.000) 2023-07-25 10:57:53 Image size of job updated: 684392
	84  -  MemoryUsage of job (MB)
	85996  -  ResidentSetSize of job (KB)
...
040 (330075.007.000) 2023-07-25 10:57:53 Started transferring output files
...
040 (330075.007.000) 2023-07-25 10:57:53 Finished transferring output files
...
005 (330075.007.000) 2023-07-25 10:57:53 Job terminated.
	(1) Normal termination (return value 0)
		Usr 0 00:00:45, Sys 0 00:00:02  -  Run Remote Usage
		Usr 0 00:00:00, Sys 0 00:00:00  -  Run Local Usage
		Usr 0 00:00:45, Sys 0 00:00:02  -  Total Remote Usage
		Usr 0 00:00:00, Sys 0 00:00:00  -  Total Local Usage
	900  -  Run Bytes Sent By Job
	170  -  Run Bytes Received By Job
	900  -  Total Bytes Sent By Job
	170  -  Total Bytes Received By Job
	Partitionable Resources :    Usage  Request Allocated 
	   Cpus                 :                 1         1 
	   Disk (KB)            :       46        1    123869 
	   Memory (MB)          :       84     3900      3968 

	Job terminated of its own accord at 2023-07-25T01:57:53Z.
...
006 (330075.006.000) 2023-07-25 10:57:53 Image size of job updated: 685700
	80  -  MemoryUsage of job (MB)
	80904  -  ResidentSetSize of job (KB)
...
040 (330075.006.000) 2023-07-25 10:57:53 Started transferring output files
...
040 (330075.006.000) 2023-07-25 10:57:53 Finished transferring output files
...
005 (330075.006.000) 2023-07-25 10:57:53 Job terminated.
	(1) Normal termination (return value 0)
		Usr 0 00:00:46, Sys 0 00:00:02  -  Run Remote Usage
		Usr 0 00:00:00, Sys 0 00:00:00  -  Run Local Usage
		Usr 0 00:00:46, Sys 0 00:00:02  -  Total Remote Usage
		Usr 0 00:00:00, Sys 0 00:00:00  -  Total Local Usage
	963  -  Run Bytes Sent By Job
	170  -  Run Bytes Received By Job
	963  -  Total Bytes Sent By Job
	170  -  Total Bytes Received By Job
	Partitionable Resources :    Usage  Request Allocated 
	   Cpus                 :                 1         1 
	   Disk (KB)            :       46        1    123869 
	   Memory (MB)          :       80     3900      3968 

	Job terminated of its own accord at 2023-07-25T01:57:53Z.
...
006 (330075.004.000) 2023-07-25 10:57:59 Image size of job updated: 685696
	62  -  MemoryUsage of job (MB)
	63008  -  ResidentSetSize of job (KB)
...
040 (330075.004.000) 2023-07-25 10:57:59 Started transferring output files
...
040 (330075.004.000) 2023-07-25 10:57:59 Finished transferring output files
...
005 (330075.004.000) 2023-07-25 10:57:59 Job terminated.
	(1) Normal termination (return value 0)
		Usr 0 00:00:52, Sys 0 00:00:03  -  Run Remote Usage
		Usr 0 00:00:00, Sys 0 00:00:00  -  Run Local Usage
		Usr 0 00:00:52, Sys 0 00:00:03  -  Total Remote Usage
		Usr 0 00:00:00, Sys 0 00:00:00  -  Total Local Usage
	1191  -  Run Bytes Sent By Job
	170  -  Run Bytes Received By Job
	1191  -  Total Bytes Sent By Job
	170  -  Total Bytes Received By Job
	Partitionable Resources :    Usage  Request Allocated 
	   Cpus                 :                 1         1 
	   Disk (KB)            :       46        1    123869 
	   Memory (MB)          :       62     3900      3968 

	Job terminated of its own accord at 2023-07-25T01:57:59Z.
...
006 (330075.005.000) 2023-07-25 10:58:09 Image size of job updated: 684852
	75  -  MemoryUsage of job (MB)
	76496  -  ResidentSetSize of job (KB)
...
040 (330075.005.000) 2023-07-25 10:58:09 Started transferring output files
...
040 (330075.005.000) 2023-07-25 10:58:09 Finished transferring output files
...
005 (330075.005.000) 2023-07-25 10:58:09 Job terminated.
	(1) Normal termination (return value 0)
		Usr 0 00:00:58, Sys 0 00:00:03  -  Run Remote Usage
		Usr 0 00:00:00, Sys 0 00:00:00  -  Run Local Usage
		Usr 0 00:00:58, Sys 0 00:00:03  -  Total Remote Usage
		Usr 0 00:00:00, Sys 0 00:00:00  -  Total Local Usage
	1191  -  Run Bytes Sent By Job
	170  -  Run Bytes Received By Job
	1191  -  Total Bytes Sent By Job
	170  -  Total Bytes Received By Job
	Partitionable Resources :    Usage  Request Allocated 
	   Cpus                 :                 1         1 
	   Disk (KB)            :       46        1    123869 
	   Memory (MB)          :       75     3900      3968 

	Job terminated of its own accord at 2023-07-25T01:58:09Z.
...
006 (330075.009.000) 2023-07-25 10:58:30 Image size of job updated: 684412
	33  -  MemoryUsage of job (MB)
	33328  -  ResidentSetSize of job (KB)
...
040 (330075.009.000) 2023-07-25 10:58:31 Started transferring output files
...
040 (330075.009.000) 2023-07-25 10:58:31 Finished transferring output files
...
005 (330075.009.000) 2023-07-25 10:58:31 Job terminated.
	(1) Normal termination (return value 0)
		Usr 0 00:00:40, Sys 0 00:00:03  -  Run Remote Usage
		Usr 0 00:00:00, Sys 0 00:00:00  -  Run Local Usage
		Usr 0 00:00:40, Sys 0 00:00:03  -  Total Remote Usage
		Usr 0 00:00:00, Sys 0 00:00:00  -  Total Local Usage
	901  -  Run Bytes Sent By Job
	170  -  Run Bytes Received By Job
	901  -  Total Bytes Sent By Job
	170  -  Total Bytes Received By Job
	Partitionable Resources :    Usage  Request Allocated 
	   Cpus                 :                 1         1 
	   Disk (KB)            :       46        1    127998 
	   Memory (MB)          :       33     3900      3968 

	Job terminated of its own accord at 2023-07-25T01:58:30Z.
...
