Starts at Mon Jun 12 17:20:08 2023
[tnp_tamsa] Use Configs["HLTEl23_2016b"] from config/ele_TopHNT_v1.py
Fit ibin = 0
['HistPdf::sigPhysPass(x,histPass_genmatching,2)', 'HistPdf::sigPhysFail(x,histFail_genmatching,2)', 'Gaussian::sigResPass(x,meanP[-0.0,-5.0,5.0],sigmaP[0.02,0.02,4.0])', 'Gaussian::sigResFail(x,meanF[-0.0,-5.0,5.0],sigmaF[0.02,0.02,4.0])', 'FCONV::sigPass(x, sigPhysPass , sigResPass)', 'FCONV::sigFail(x, sigPhysFail , sigResFail)', 'RooCMSShape::bkgPass(x,acmsP[60.,50.,80.],betaP[0.05,0.01,0.08],gammaP[0.1, -1, 1],peakP[90.0])', 'RooCMSShape::bkgFail(x,acmsF[60.,50.,80.],betaF[0.05,0.01,0.08],gammaF[0.1, -1, 1],peakF[90.0])']
Warning: non-zero fit status 1
Warning: non-zero fit status 3
Fit ibin = 10
['HistPdf::sigPhysPass(x,histPass_genmatching,2)', 'HistPdf::sigPhysFail(x,histFail_genmatching,2)', 'Gaussian::sigResPass(x,meanP[-0.0,-5.0,5.0],sigmaP[0.02,0.02,4.0])', 'Gaussian::sigResFail(x,meanF[-0.0,-5.0,5.0],sigmaF[0.02,0.02,4.0])', 'FCONV::sigPass(x, sigPhysPass , sigResPass)', 'FCONV::sigFail(x, sigPhysFail , sigResFail)', 'RooCMSShape::bkgPass(x,acmsP[60.,50.,80.],betaP[0.05,0.01,0.08],gammaP[0.1, -1, 1],peakP[90.0])', 'RooCMSShape::bkgFail(x,acmsF[60.,50.,80.],betaF[0.05,0.01,0.08],gammaF[0.1, -1, 1],peakF[90.0])']
Warning: non-zero fit status 1
Warning: non-zero fit status 3
Fit ibin = 20
['HistPdf::sigPhysPass(x,histPass_genmatching,2)', 'HistPdf::sigPhysFail(x,histFail_genmatching,2)', 'Gaussian::sigResPass(x,meanP[-0.0,-5.0,5.0],sigmaP[0.02,0.02,4.0])', 'Gaussian::sigResFail(x,meanF[-0.0,-5.0,5.0],sigmaF[0.02,0.02,4.0])', 'FCONV::sigPass(x, sigPhysPass , sigResPass)', 'FCONV::sigFail(x, sigPhysFail , sigResFail)', 'RooCMSShape::bkgPass(x,acmsP[60.,50.,80.],betaP[0.05,0.01,0.08],gammaP[0.1, -1, 1],peakP[90.0])', 'RooCMSShape::bkgFail(x,acmsF[60.,50.,80.],betaF[0.05,0.01,0.08],gammaF[0.1, -1, 1],peakF[90.0])']
Warning: non-zero fit status 301
Warning: non-zero fit status 1
Fit ibin = 30
['HistPdf::sigPhysPass(x,histPass_genmatching,2)', 'HistPdf::sigPhysFail(x,histFail_genmatching,2)', 'Gaussian::sigResPass(x,meanP[-0.0,-5.0,5.0],sigmaP[0.02,0.02,4.0])', 'Gaussian::sigResFail(x,meanF[-0.0,-5.0,5.0],sigmaF[0.02,0.02,4.0])', 'FCONV::sigPass(x, sigPhysPass , sigResPass)', 'FCONV::sigFail(x, sigPhysFail , sigResFail)', 'RooCMSShape::bkgPass(x,acmsP[60.,50.,80.],betaP[0.05,0.01,0.08],gammaP[0.1, -1, 1],peakP[90.0])', 'RooCMSShape::bkgFail(x,acmsF[60.,50.,80.],betaF[0.05,0.01,0.08],gammaF[0.1, -1, 1],peakF[90.0])']
Warning: non-zero fit status 303
Warning: non-zero fit status 1
Fit ibin = 40
['HistPdf::sigPhysPass(x,histPass_genmatching,2)', 'HistPdf::sigPhysFail(x,histFail_genmatching,2)', 'Gaussian::sigResPass(x,meanP[-0.0,-5.0,5.0],sigmaP[0.02,0.02,4.0])', 'Gaussian::sigResFail(x,meanF[-0.0,-5.0,5.0],sigmaF[0.02,0.02,4.0])', 'FCONV::sigPass(x, sigPhysPass , sigResPass)', 'FCONV::sigFail(x, sigPhysFail , sigResFail)', 'RooCMSShape::bkgPass(x,acmsP[60.,50.,80.],betaP[0.05,0.01,0.08],gammaP[0.1, -1, 1],peakP[90.0])', 'RooCMSShape::bkgFail(x,acmsF[60.,50.,80.],betaF[0.05,0.01,0.08],gammaF[0.1, -1, 1],peakF[90.0])']
Warning: non-zero fit status 303
Fit ibin = 50
['HistPdf::sigPhysPass(x,histPass_genmatching,2)', 'HistPdf::sigPhysFail(x,histFail_genmatching,2)', 'Gaussian::sigResPass(x,meanP[-0.0,-5.0,5.0],sigmaP[0.02,0.02,4.0])', 'Gaussian::sigResFail(x,meanF[-0.0,-5.0,5.0],sigmaF[0.02,0.02,4.0])', 'FCONV::sigPass(x, sigPhysPass , sigResPass)', 'FCONV::sigFail(x, sigPhysFail , sigResFail)', 'RooCMSShape::bkgPass(x,acmsP[60.,50.,80.],betaP[0.05,0.01,0.08],gammaP[0.1, -1, 1],peakP[90.0])', 'RooCMSShape::bkgFail(x,acmsF[60.,50.,80.],betaF[0.05,0.01,0.08],gammaF[0.1, -1, 1],peakF[90.0])']
Warning: non-zero fit status 303
Fit ibin = 60
['HistPdf::sigPhysPass(x,histPass_genmatching,2)', 'HistPdf::sigPhysFail(x,histFail_genmatching,2)', 'Gaussian::sigResPass(x,meanP[-0.0,-5.0,5.0],sigmaP[0.02,0.02,4.0])', 'Gaussian::sigResFail(x,meanF[-0.0,-5.0,5.0],sigmaF[0.02,0.02,4.0])', 'FCONV::sigPass(x, sigPhysPass , sigResPass)', 'FCONV::sigFail(x, sigPhysFail , sigResFail)', 'RooCMSShape::bkgPass(x,acmsP[60.,50.,80.],betaP[0.05,0.01,0.08],gammaP[0.1, -1, 1],peakP[90.0])', 'RooCMSShape::bkgFail(x,acmsF[60.,50.,80.],betaF[0.05,0.01,0.08],gammaF[0.1, -1, 1],peakF[90.0])']
Warning: non-zero fit status 303
Warning: non-zero fit status 1
Fit ibin = 70
['HistPdf::sigPhysPass(x,histPass_genmatching,2)', 'HistPdf::sigPhysFail(x,histFail_genmatching,2)', 'Gaussian::sigResPass(x,meanP[-0.0,-5.0,5.0],sigmaP[0.02,0.02,4.0])', 'Gaussian::sigResFail(x,meanF[-0.0,-5.0,5.0],sigmaF[0.02,0.02,4.0])', 'FCONV::sigPass(x, sigPhysPass , sigResPass)', 'FCONV::sigFail(x, sigPhysFail , sigResFail)', 'RooCMSShape::bkgPass(x,acmsP[60.,50.,80.],betaP[0.05,0.01,0.08],gammaP[0.1, -1, 1],peakP[90.0])', 'RooCMSShape::bkgFail(x,acmsF[60.,50.,80.],betaF[0.05,0.01,0.08],gammaF[0.1, -1, 1],peakF[90.0])']
Warning: non-zero fit status 303
Warning: non-zero fit status 1
Fit ibin = 80
['HistPdf::sigPhysPass(x,histPass_genmatching,2)', 'HistPdf::sigPhysFail(x,histFail_genmatching,2)', 'Gaussian::sigResPass(x,meanP[-0.0,-5.0,5.0],sigmaP[0.02,0.02,4.0])', 'Gaussian::sigResFail(x,meanF[-0.0,-5.0,5.0],sigmaF[0.02,0.02,4.0])', 'FCONV::sigPass(x, sigPhysPass , sigResPass)', 'FCONV::sigFail(x, sigPhysFail , sigResFail)', 'RooCMSShape::bkgPass(x,acmsP[60.,50.,80.],betaP[0.05,0.01,0.08],gammaP[0.1, -1, 1],peakP[90.0])', 'RooCMSShape::bkgFail(x,acmsF[60.,50.,80.],betaF[0.05,0.01,0.08],gammaF[0.1, -1, 1],peakF[90.0])']
Warning: non-zero fit status 3
Warning: non-zero fit status 1
Fit ibin = 90
['HistPdf::sigPhysPass(x,histPass_genmatching,2)', 'HistPdf::sigPhysFail(x,histFail_genmatching,2)', 'Gaussian::sigResPass(x,meanP[-0.0,-5.0,5.0],sigmaP[0.02,0.02,4.0])', 'Gaussian::sigResFail(x,meanF[-0.0,-5.0,5.0],sigmaF[0.02,0.02,4.0])', 'FCONV::sigPass(x, sigPhysPass , sigResPass)', 'FCONV::sigFail(x, sigPhysFail , sigResFail)', 'RooCMSShape::bkgPass(x,acmsP[60.,50.,80.],betaP[0.05,0.01,0.08],gammaP[0.1, -1, 1],peakP[90.0])', 'RooCMSShape::bkgFail(x,acmsF[60.,50.,80.],betaF[0.05,0.01,0.08],gammaF[0.1, -1, 1],peakF[90.0])']
Warning: non-zero fit status 1
Warning: non-zero fit status 3
Ends at  Mon Jun 12 17:23:17 2023
Time took 189.253163099 seconds.
