000 (310132.000.000) 2023-06-09 15:23:10 Job submitted from host: <172.30.1.200:9618?addrs=172.30.1.200-9618&alias=tamsa2.snu.ac.kr&noUDP&sock=schedd_3510_2582>
...
000 (310132.001.000) 2023-06-09 15:23:10 Job submitted from host: <172.30.1.200:9618?addrs=172.30.1.200-9618&alias=tamsa2.snu.ac.kr&noUDP&sock=schedd_3510_2582>
...
000 (310132.002.000) 2023-06-09 15:23:10 Job submitted from host: <172.30.1.200:9618?addrs=172.30.1.200-9618&alias=tamsa2.snu.ac.kr&noUDP&sock=schedd_3510_2582>
...
000 (310132.003.000) 2023-06-09 15:23:10 Job submitted from host: <172.30.1.200:9618?addrs=172.30.1.200-9618&alias=tamsa2.snu.ac.kr&noUDP&sock=schedd_3510_2582>
...
000 (310132.004.000) 2023-06-09 15:23:10 Job submitted from host: <172.30.1.200:9618?addrs=172.30.1.200-9618&alias=tamsa2.snu.ac.kr&noUDP&sock=schedd_3510_2582>
...
000 (310132.005.000) 2023-06-09 15:23:10 Job submitted from host: <172.30.1.200:9618?addrs=172.30.1.200-9618&alias=tamsa2.snu.ac.kr&noUDP&sock=schedd_3510_2582>
...
000 (310132.006.000) 2023-06-09 15:23:10 Job submitted from host: <172.30.1.200:9618?addrs=172.30.1.200-9618&alias=tamsa2.snu.ac.kr&noUDP&sock=schedd_3510_2582>
...
000 (310132.007.000) 2023-06-09 15:23:10 Job submitted from host: <172.30.1.200:9618?addrs=172.30.1.200-9618&alias=tamsa2.snu.ac.kr&noUDP&sock=schedd_3510_2582>
...
000 (310132.008.000) 2023-06-09 15:23:10 Job submitted from host: <172.30.1.200:9618?addrs=172.30.1.200-9618&alias=tamsa2.snu.ac.kr&noUDP&sock=schedd_3510_2582>
...
000 (310132.009.000) 2023-06-09 15:23:10 Job submitted from host: <172.30.1.200:9618?addrs=172.30.1.200-9618&alias=tamsa2.snu.ac.kr&noUDP&sock=schedd_3510_2582>
...
001 (310132.003.000) 2023-06-09 15:23:18 Job executing on host: <172.30.1.202:9618?addrs=172.30.1.202-9618&alias=node2&noUDP&sock=startd_19693_56a6>
...
001 (310132.004.000) 2023-06-09 15:23:18 Job executing on host: <172.30.1.202:9618?addrs=172.30.1.202-9618&alias=node2&noUDP&sock=startd_19693_56a6>
...
001 (310132.000.000) 2023-06-09 15:23:18 Job executing on host: <172.30.1.209:9618?addrs=172.30.1.209-9618&alias=node9&noUDP&sock=startd_3776_99b3>
...
001 (310132.005.000) 2023-06-09 15:23:18 Job executing on host: <172.30.1.202:9618?addrs=172.30.1.202-9618&alias=node2&noUDP&sock=startd_19693_56a6>
...
001 (310132.001.000) 2023-06-09 15:23:18 Job executing on host: <172.30.1.209:9618?addrs=172.30.1.209-9618&alias=node9&noUDP&sock=startd_3776_99b3>
...
001 (310132.006.000) 2023-06-09 15:23:18 Job executing on host: <172.30.1.202:9618?addrs=172.30.1.202-9618&alias=node2&noUDP&sock=startd_19693_56a6>
...
001 (310132.002.000) 2023-06-09 15:23:18 Job executing on host: <172.30.1.209:9618?addrs=172.30.1.209-9618&alias=node9&noUDP&sock=startd_3776_99b3>
...
001 (310132.007.000) 2023-06-09 15:23:18 Job executing on host: <172.30.1.202:9618?addrs=172.30.1.202-9618&alias=node2&noUDP&sock=startd_19693_56a6>
...
001 (310132.008.000) 2023-06-09 15:23:18 Job executing on host: <172.30.1.202:9618?addrs=172.30.1.202-9618&alias=node2&noUDP&sock=startd_19693_56a6>
...
001 (310132.009.000) 2023-06-09 15:23:18 Job executing on host: <172.30.1.202:9618?addrs=172.30.1.202-9618&alias=node2&noUDP&sock=startd_19693_56a6>
...
006 (310132.009.000) 2023-06-09 15:23:27 Image size of job updated: 183448
	180  -  MemoryUsage of job (MB)
	183448  -  ResidentSetSize of job (KB)
...
006 (310132.003.000) 2023-06-09 15:23:27 Image size of job updated: 183764
	180  -  MemoryUsage of job (MB)
	183764  -  ResidentSetSize of job (KB)
...
006 (310132.004.000) 2023-06-09 15:23:27 Image size of job updated: 183620
	180  -  MemoryUsage of job (MB)
	183604  -  ResidentSetSize of job (KB)
...
006 (310132.005.000) 2023-06-09 15:23:27 Image size of job updated: 183616
	180  -  MemoryUsage of job (MB)
	183608  -  ResidentSetSize of job (KB)
...
006 (310132.006.000) 2023-06-09 15:23:27 Image size of job updated: 183444
	180  -  MemoryUsage of job (MB)
	183444  -  ResidentSetSize of job (KB)
...
006 (310132.007.000) 2023-06-09 15:23:27 Image size of job updated: 183448
	180  -  MemoryUsage of job (MB)
	183448  -  ResidentSetSize of job (KB)
...
006 (310132.008.000) 2023-06-09 15:23:27 Image size of job updated: 183740
	180  -  MemoryUsage of job (MB)
	183740  -  ResidentSetSize of job (KB)
...
006 (310132.001.000) 2023-06-09 15:23:28 Image size of job updated: 603896
	183  -  MemoryUsage of job (MB)
	186472  -  ResidentSetSize of job (KB)
...
006 (310132.000.000) 2023-06-09 15:23:28 Image size of job updated: 603820
	181  -  MemoryUsage of job (MB)
	184812  -  ResidentSetSize of job (KB)
...
006 (310132.002.000) 2023-06-09 15:23:28 Image size of job updated: 611836
	181  -  MemoryUsage of job (MB)
	184756  -  ResidentSetSize of job (KB)
...
005 (310132.001.000) 2023-06-09 15:23:28 Job terminated.
	(1) Normal termination (return value 0)
		Usr 0 00:00:06, Sys 0 00:00:00  -  Run Remote Usage
		Usr 0 00:00:00, Sys 0 00:00:00  -  Run Local Usage
		Usr 0 00:00:06, Sys 0 00:00:00  -  Total Remote Usage
		Usr 0 00:00:00, Sys 0 00:00:00  -  Total Local Usage
	0  -  Run Bytes Sent By Job
	0  -  Run Bytes Received By Job
	0  -  Total Bytes Sent By Job
	0  -  Total Bytes Received By Job
	Partitionable Resources :    Usage  Request Allocated 
	   Cpus                 :     0.71        1         1 
	   Disk (KB)            :     1           1    128928 
	   Memory (MB)          :   183        3900      3968 

	Job terminated of its own accord at 2023-06-09T06:23:28Z.
...
005 (310132.002.000) 2023-06-09 15:23:28 Job terminated.
	(1) Normal termination (return value 0)
		Usr 0 00:00:06, Sys 0 00:00:00  -  Run Remote Usage
		Usr 0 00:00:00, Sys 0 00:00:00  -  Run Local Usage
		Usr 0 00:00:06, Sys 0 00:00:00  -  Total Remote Usage
		Usr 0 00:00:00, Sys 0 00:00:00  -  Total Local Usage
	0  -  Run Bytes Sent By Job
	0  -  Run Bytes Received By Job
	0  -  Total Bytes Sent By Job
	0  -  Total Bytes Received By Job
	Partitionable Resources :    Usage  Request Allocated 
	   Cpus                 :     0.72        1         1 
	   Disk (KB)            :     1           1    128928 
	   Memory (MB)          :   181        3900      3968 

	Job terminated of its own accord at 2023-06-09T06:23:28Z.
...
006 (310132.000.000) 2023-06-09 15:23:28 Image size of job updated: 605556
	181  -  MemoryUsage of job (MB)
	184812  -  ResidentSetSize of job (KB)
...
005 (310132.000.000) 2023-06-09 15:23:28 Job terminated.
	(1) Normal termination (return value 0)
		Usr 0 00:00:06, Sys 0 00:00:00  -  Run Remote Usage
		Usr 0 00:00:00, Sys 0 00:00:00  -  Run Local Usage
		Usr 0 00:00:06, Sys 0 00:00:00  -  Total Remote Usage
		Usr 0 00:00:00, Sys 0 00:00:00  -  Total Local Usage
	0  -  Run Bytes Sent By Job
	0  -  Run Bytes Received By Job
	0  -  Total Bytes Sent By Job
	0  -  Total Bytes Received By Job
	Partitionable Resources :    Usage  Request Allocated 
	   Cpus                 :     0.75        1         1 
	   Disk (KB)            :     1           1    128928 
	   Memory (MB)          :   181        3900      3968 

	Job terminated of its own accord at 2023-06-09T06:23:28Z.
...
006 (310132.008.000) 2023-06-09 15:23:29 Image size of job updated: 603776
	180  -  MemoryUsage of job (MB)
	183740  -  ResidentSetSize of job (KB)
...
006 (310132.004.000) 2023-06-09 15:23:29 Image size of job updated: 603836
	180  -  MemoryUsage of job (MB)
	183604  -  ResidentSetSize of job (KB)
...
006 (310132.005.000) 2023-06-09 15:23:29 Image size of job updated: 603780
	180  -  MemoryUsage of job (MB)
	183608  -  ResidentSetSize of job (KB)
...
005 (310132.008.000) 2023-06-09 15:23:29 Job terminated.
	(1) Normal termination (return value 0)
		Usr 0 00:00:06, Sys 0 00:00:00  -  Run Remote Usage
		Usr 0 00:00:00, Sys 0 00:00:00  -  Run Local Usage
		Usr 0 00:00:06, Sys 0 00:00:00  -  Total Remote Usage
		Usr 0 00:00:00, Sys 0 00:00:00  -  Total Local Usage
	0  -  Run Bytes Sent By Job
	0  -  Run Bytes Received By Job
	0  -  Total Bytes Sent By Job
	0  -  Total Bytes Received By Job
	Partitionable Resources :    Usage  Request Allocated 
	   Cpus                 :                 1         1 
	   Disk (KB)            :        1        1    128913 
	   Memory (MB)          :      180     3900      3968 

	Job terminated of its own accord at 2023-06-09T06:23:29Z.
...
005 (310132.004.000) 2023-06-09 15:23:29 Job terminated.
	(1) Normal termination (return value 0)
		Usr 0 00:00:06, Sys 0 00:00:00  -  Run Remote Usage
		Usr 0 00:00:00, Sys 0 00:00:00  -  Run Local Usage
		Usr 0 00:00:06, Sys 0 00:00:00  -  Total Remote Usage
		Usr 0 00:00:00, Sys 0 00:00:00  -  Total Local Usage
	0  -  Run Bytes Sent By Job
	0  -  Run Bytes Received By Job
	0  -  Total Bytes Sent By Job
	0  -  Total Bytes Received By Job
	Partitionable Resources :    Usage  Request Allocated 
	   Cpus                 :                 1         1 
	   Disk (KB)            :        1        1    128913 
	   Memory (MB)          :      180     3900      3968 

	Job terminated of its own accord at 2023-06-09T06:23:29Z.
...
005 (310132.005.000) 2023-06-09 15:23:29 Job terminated.
	(1) Normal termination (return value 0)
		Usr 0 00:00:05, Sys 0 00:00:00  -  Run Remote Usage
		Usr 0 00:00:00, Sys 0 00:00:00  -  Run Local Usage
		Usr 0 00:00:05, Sys 0 00:00:00  -  Total Remote Usage
		Usr 0 00:00:00, Sys 0 00:00:00  -  Total Local Usage
	0  -  Run Bytes Sent By Job
	0  -  Run Bytes Received By Job
	0  -  Total Bytes Sent By Job
	0  -  Total Bytes Received By Job
	Partitionable Resources :    Usage  Request Allocated 
	   Cpus                 :                 1         1 
	   Disk (KB)            :        1        1    128913 
	   Memory (MB)          :      180     3900      3968 

	Job terminated of its own accord at 2023-06-09T06:23:29Z.
...
006 (310132.007.000) 2023-06-09 15:23:29 Image size of job updated: 603872
	180  -  MemoryUsage of job (MB)
	183448  -  ResidentSetSize of job (KB)
...
005 (310132.007.000) 2023-06-09 15:23:29 Job terminated.
	(1) Normal termination (return value 0)
		Usr 0 00:00:06, Sys 0 00:00:00  -  Run Remote Usage
		Usr 0 00:00:00, Sys 0 00:00:00  -  Run Local Usage
		Usr 0 00:00:06, Sys 0 00:00:00  -  Total Remote Usage
		Usr 0 00:00:00, Sys 0 00:00:00  -  Total Local Usage
	0  -  Run Bytes Sent By Job
	0  -  Run Bytes Received By Job
	0  -  Total Bytes Sent By Job
	0  -  Total Bytes Received By Job
	Partitionable Resources :    Usage  Request Allocated 
	   Cpus                 :                 1         1 
	   Disk (KB)            :        1        1    128913 
	   Memory (MB)          :      180     3900      3968 

	Job terminated of its own accord at 2023-06-09T06:23:29Z.
...
006 (310132.006.000) 2023-06-09 15:23:30 Image size of job updated: 612932
	180  -  MemoryUsage of job (MB)
	183444  -  ResidentSetSize of job (KB)
...
005 (310132.006.000) 2023-06-09 15:23:30 Job terminated.
	(1) Normal termination (return value 0)
		Usr 0 00:00:06, Sys 0 00:00:00  -  Run Remote Usage
		Usr 0 00:00:00, Sys 0 00:00:00  -  Run Local Usage
		Usr 0 00:00:06, Sys 0 00:00:00  -  Total Remote Usage
		Usr 0 00:00:00, Sys 0 00:00:00  -  Total Local Usage
	0  -  Run Bytes Sent By Job
	0  -  Run Bytes Received By Job
	0  -  Total Bytes Sent By Job
	0  -  Total Bytes Received By Job
	Partitionable Resources :    Usage  Request Allocated 
	   Cpus                 :                 1         1 
	   Disk (KB)            :        1        1    128913 
	   Memory (MB)          :      180     3900      3968 

	Job terminated of its own accord at 2023-06-09T06:23:30Z.
...
006 (310132.009.000) 2023-06-09 15:23:30 Image size of job updated: 612868
	180  -  MemoryUsage of job (MB)
	183448  -  ResidentSetSize of job (KB)
...
005 (310132.009.000) 2023-06-09 15:23:30 Job terminated.
	(1) Normal termination (return value 0)
		Usr 0 00:00:06, Sys 0 00:00:00  -  Run Remote Usage
		Usr 0 00:00:00, Sys 0 00:00:00  -  Run Local Usage
		Usr 0 00:00:06, Sys 0 00:00:00  -  Total Remote Usage
		Usr 0 00:00:00, Sys 0 00:00:00  -  Total Local Usage
	0  -  Run Bytes Sent By Job
	0  -  Run Bytes Received By Job
	0  -  Total Bytes Sent By Job
	0  -  Total Bytes Received By Job
	Partitionable Resources :    Usage  Request Allocated 
	   Cpus                 :                 1         1 
	   Disk (KB)            :        1        1    128913 
	   Memory (MB)          :      180     3900      3968 

	Job terminated of its own accord at 2023-06-09T06:23:30Z.
...
006 (310132.003.000) 2023-06-09 15:23:30 Image size of job updated: 612916
	180  -  MemoryUsage of job (MB)
	183764  -  ResidentSetSize of job (KB)
...
005 (310132.003.000) 2023-06-09 15:23:30 Job terminated.
	(1) Normal termination (return value 0)
		Usr 0 00:00:07, Sys 0 00:00:00  -  Run Remote Usage
		Usr 0 00:00:00, Sys 0 00:00:00  -  Run Local Usage
		Usr 0 00:00:07, Sys 0 00:00:00  -  Total Remote Usage
		Usr 0 00:00:00, Sys 0 00:00:00  -  Total Local Usage
	0  -  Run Bytes Sent By Job
	0  -  Run Bytes Received By Job
	0  -  Total Bytes Sent By Job
	0  -  Total Bytes Received By Job
	Partitionable Resources :    Usage  Request Allocated 
	   Cpus                 :                 1         1 
	   Disk (KB)            :        1        1    128913 
	   Memory (MB)          :      180     3900      3968 

	Job terminated of its own accord at 2023-06-09T06:23:30Z.
...
