000 (330071.000.000) 2023-07-25 10:56:44 Job submitted from host: <172.30.1.200:9618?addrs=172.30.1.200-9618&alias=tamsa2.snu.ac.kr&noUDP&sock=schedd_3510_2582>
...
000 (330071.001.000) 2023-07-25 10:56:44 Job submitted from host: <172.30.1.200:9618?addrs=172.30.1.200-9618&alias=tamsa2.snu.ac.kr&noUDP&sock=schedd_3510_2582>
...
000 (330071.002.000) 2023-07-25 10:56:44 Job submitted from host: <172.30.1.200:9618?addrs=172.30.1.200-9618&alias=tamsa2.snu.ac.kr&noUDP&sock=schedd_3510_2582>
...
000 (330071.003.000) 2023-07-25 10:56:44 Job submitted from host: <172.30.1.200:9618?addrs=172.30.1.200-9618&alias=tamsa2.snu.ac.kr&noUDP&sock=schedd_3510_2582>
...
000 (330071.004.000) 2023-07-25 10:56:44 Job submitted from host: <172.30.1.200:9618?addrs=172.30.1.200-9618&alias=tamsa2.snu.ac.kr&noUDP&sock=schedd_3510_2582>
...
000 (330071.005.000) 2023-07-25 10:56:44 Job submitted from host: <172.30.1.200:9618?addrs=172.30.1.200-9618&alias=tamsa2.snu.ac.kr&noUDP&sock=schedd_3510_2582>
...
000 (330071.006.000) 2023-07-25 10:56:44 Job submitted from host: <172.30.1.200:9618?addrs=172.30.1.200-9618&alias=tamsa2.snu.ac.kr&noUDP&sock=schedd_3510_2582>
...
000 (330071.007.000) 2023-07-25 10:56:44 Job submitted from host: <172.30.1.200:9618?addrs=172.30.1.200-9618&alias=tamsa2.snu.ac.kr&noUDP&sock=schedd_3510_2582>
...
000 (330071.008.000) 2023-07-25 10:56:44 Job submitted from host: <172.30.1.200:9618?addrs=172.30.1.200-9618&alias=tamsa2.snu.ac.kr&noUDP&sock=schedd_3510_2582>
...
000 (330071.009.000) 2023-07-25 10:56:44 Job submitted from host: <172.30.1.200:9618?addrs=172.30.1.200-9618&alias=tamsa2.snu.ac.kr&noUDP&sock=schedd_3510_2582>
...
040 (330071.002.000) 2023-07-25 10:56:53 Started transferring input files
	Transferring to host: <172.30.1.109:9618?addrs=172.30.1.109-9618&alias=n9&noUDP&sock=slot1_6_4265_d407_73076>
...
040 (330071.002.000) 2023-07-25 10:56:53 Finished transferring input files
...
040 (330071.003.000) 2023-07-25 10:56:53 Started transferring input files
	Transferring to host: <172.30.1.109:9618?addrs=172.30.1.109-9618&alias=n9&noUDP&sock=slot1_10_4265_d407_73077>
...
040 (330071.003.000) 2023-07-25 10:56:53 Finished transferring input files
...
040 (330071.004.000) 2023-07-25 10:56:53 Started transferring input files
	Transferring to host: <172.30.1.109:9618?addrs=172.30.1.109-9618&alias=n9&noUDP&sock=slot1_11_4265_d407_73078>
...
040 (330071.004.000) 2023-07-25 10:56:53 Finished transferring input files
...
040 (330071.005.000) 2023-07-25 10:56:53 Started transferring input files
	Transferring to host: <172.30.1.109:9618?addrs=172.30.1.109-9618&alias=n9&noUDP&sock=slot1_12_4265_d407_73079>
...
040 (330071.005.000) 2023-07-25 10:56:53 Finished transferring input files
...
040 (330071.006.000) 2023-07-25 10:56:54 Started transferring input files
	Transferring to host: <172.30.1.109:9618?addrs=172.30.1.109-9618&alias=n9&noUDP&sock=slot1_13_4265_d407_73080>
...
040 (330071.006.000) 2023-07-25 10:56:54 Finished transferring input files
...
040 (330071.007.000) 2023-07-25 10:56:54 Started transferring input files
	Transferring to host: <172.30.1.109:9618?addrs=172.30.1.109-9618&alias=n9&noUDP&sock=slot1_14_4265_d407_73081>
...
040 (330071.007.000) 2023-07-25 10:56:54 Finished transferring input files
...
040 (330071.008.000) 2023-07-25 10:56:54 Started transferring input files
	Transferring to host: <172.30.1.109:9618?addrs=172.30.1.109-9618&alias=n9&noUDP&sock=slot1_15_4265_d407_73082>
...
040 (330071.008.000) 2023-07-25 10:56:54 Finished transferring input files
...
040 (330071.009.000) 2023-07-25 10:56:54 Started transferring input files
	Transferring to host: <172.30.1.109:9618?addrs=172.30.1.109-9618&alias=n9&noUDP&sock=slot1_16_4265_d407_73083>
...
040 (330071.009.000) 2023-07-25 10:56:54 Finished transferring input files
...
040 (330071.000.000) 2023-07-25 10:56:54 Started transferring input files
	Transferring to host: <172.30.1.108:9618?addrs=172.30.1.108-9618&alias=n8&noUDP&sock=slot1_24_4278_fce7_72931>
...
040 (330071.000.000) 2023-07-25 10:56:54 Finished transferring input files
...
040 (330071.001.000) 2023-07-25 10:56:54 Started transferring input files
	Transferring to host: <172.30.1.108:9618?addrs=172.30.1.108-9618&alias=n8&noUDP&sock=slot1_25_4278_fce7_72932>
...
040 (330071.001.000) 2023-07-25 10:56:54 Finished transferring input files
...
001 (330071.002.000) 2023-07-25 10:56:54 Job executing on host: <172.30.1.109:9618?addrs=172.30.1.109-9618&alias=n9&noUDP&sock=startd_4231_b14b>
...
001 (330071.003.000) 2023-07-25 10:56:54 Job executing on host: <172.30.1.109:9618?addrs=172.30.1.109-9618&alias=n9&noUDP&sock=startd_4231_b14b>
...
001 (330071.004.000) 2023-07-25 10:56:54 Job executing on host: <172.30.1.109:9618?addrs=172.30.1.109-9618&alias=n9&noUDP&sock=startd_4231_b14b>
...
001 (330071.005.000) 2023-07-25 10:56:54 Job executing on host: <172.30.1.109:9618?addrs=172.30.1.109-9618&alias=n9&noUDP&sock=startd_4231_b14b>
...
001 (330071.006.000) 2023-07-25 10:56:55 Job executing on host: <172.30.1.109:9618?addrs=172.30.1.109-9618&alias=n9&noUDP&sock=startd_4231_b14b>
...
001 (330071.007.000) 2023-07-25 10:56:55 Job executing on host: <172.30.1.109:9618?addrs=172.30.1.109-9618&alias=n9&noUDP&sock=startd_4231_b14b>
...
001 (330071.008.000) 2023-07-25 10:56:55 Job executing on host: <172.30.1.109:9618?addrs=172.30.1.109-9618&alias=n9&noUDP&sock=startd_4231_b14b>
...
001 (330071.009.000) 2023-07-25 10:56:55 Job executing on host: <172.30.1.109:9618?addrs=172.30.1.109-9618&alias=n9&noUDP&sock=startd_4231_b14b>
...
001 (330071.000.000) 2023-07-25 10:56:55 Job executing on host: <172.30.1.108:9618?addrs=172.30.1.108-9618&alias=n8&noUDP&sock=startd_4243_ec6e>
...
001 (330071.001.000) 2023-07-25 10:56:55 Job executing on host: <172.30.1.108:9618?addrs=172.30.1.108-9618&alias=n8&noUDP&sock=startd_4243_ec6e>
...
006 (330071.004.000) 2023-07-25 10:57:03 Image size of job updated: 211376
	204  -  MemoryUsage of job (MB)
	208528  -  ResidentSetSize of job (KB)
...
006 (330071.005.000) 2023-07-25 10:57:03 Image size of job updated: 681316
	204  -  MemoryUsage of job (MB)
	208812  -  ResidentSetSize of job (KB)
...
006 (330071.006.000) 2023-07-25 10:57:03 Image size of job updated: 644844
	183  -  MemoryUsage of job (MB)
	186376  -  ResidentSetSize of job (KB)
...
006 (330071.007.000) 2023-07-25 10:57:03 Image size of job updated: 681240
	204  -  MemoryUsage of job (MB)
	208724  -  ResidentSetSize of job (KB)
...
006 (330071.008.000) 2023-07-25 10:57:03 Image size of job updated: 655336
	195  -  MemoryUsage of job (MB)
	199076  -  ResidentSetSize of job (KB)
...
006 (330071.009.000) 2023-07-25 10:57:03 Image size of job updated: 681324
	204  -  MemoryUsage of job (MB)
	208808  -  ResidentSetSize of job (KB)
...
006 (330071.002.000) 2023-07-25 10:57:03 Image size of job updated: 681316
	204  -  MemoryUsage of job (MB)
	208808  -  ResidentSetSize of job (KB)
...
006 (330071.003.000) 2023-07-25 10:57:03 Image size of job updated: 681244
	204  -  MemoryUsage of job (MB)
	208724  -  ResidentSetSize of job (KB)
...
006 (330071.000.000) 2023-07-25 10:57:04 Image size of job updated: 644864
	182  -  MemoryUsage of job (MB)
	186176  -  ResidentSetSize of job (KB)
...
006 (330071.001.000) 2023-07-25 10:57:04 Image size of job updated: 641960
	182  -  MemoryUsage of job (MB)
	186168  -  ResidentSetSize of job (KB)
...
040 (330071.009.000) 2023-07-25 10:57:05 Started transferring output files
...
040 (330071.009.000) 2023-07-25 10:57:05 Finished transferring output files
...
005 (330071.009.000) 2023-07-25 10:57:05 Job terminated.
	(1) Normal termination (return value 0)
		Usr 0 00:00:08, Sys 0 00:00:01  -  Run Remote Usage
		Usr 0 00:00:00, Sys 0 00:00:00  -  Run Local Usage
		Usr 0 00:00:08, Sys 0 00:00:01  -  Total Remote Usage
		Usr 0 00:00:00, Sys 0 00:00:00  -  Total Local Usage
	902  -  Run Bytes Sent By Job
	170  -  Run Bytes Received By Job
	902  -  Total Bytes Sent By Job
	170  -  Total Bytes Received By Job
	Partitionable Resources :    Usage  Request Allocated 
	   Cpus                 :                 1         1 
	   Disk (KB)            :       46        1    127899 
	   Memory (MB)          :      204     3900      3968 

	Job terminated of its own accord at 2023-07-25T01:57:05Z.
...
006 (330071.007.000) 2023-07-25 10:57:08 Image size of job updated: 681304
	204  -  MemoryUsage of job (MB)
	208724  -  ResidentSetSize of job (KB)
...
040 (330071.007.000) 2023-07-25 10:57:08 Started transferring output files
...
040 (330071.007.000) 2023-07-25 10:57:08 Finished transferring output files
...
005 (330071.007.000) 2023-07-25 10:57:08 Job terminated.
	(1) Normal termination (return value 0)
		Usr 0 00:00:10, Sys 0 00:00:01  -  Run Remote Usage
		Usr 0 00:00:00, Sys 0 00:00:00  -  Run Local Usage
		Usr 0 00:00:10, Sys 0 00:00:01  -  Total Remote Usage
		Usr 0 00:00:00, Sys 0 00:00:00  -  Total Local Usage
	932  -  Run Bytes Sent By Job
	170  -  Run Bytes Received By Job
	932  -  Total Bytes Sent By Job
	170  -  Total Bytes Received By Job
	Partitionable Resources :    Usage  Request Allocated 
	   Cpus                 :                 1         1 
	   Disk (KB)            :       46        1    127899 
	   Memory (MB)          :      204     3900      3968 

	Job terminated of its own accord at 2023-07-25T01:57:08Z.
...
006 (330071.008.000) 2023-07-25 10:57:09 Image size of job updated: 681440
	195  -  MemoryUsage of job (MB)
	199096  -  ResidentSetSize of job (KB)
...
040 (330071.008.000) 2023-07-25 10:57:09 Started transferring output files
...
040 (330071.008.000) 2023-07-25 10:57:09 Finished transferring output files
...
005 (330071.008.000) 2023-07-25 10:57:09 Job terminated.
	(1) Normal termination (return value 0)
		Usr 0 00:00:12, Sys 0 00:00:01  -  Run Remote Usage
		Usr 0 00:00:00, Sys 0 00:00:00  -  Run Local Usage
		Usr 0 00:00:12, Sys 0 00:00:01  -  Total Remote Usage
		Usr 0 00:00:00, Sys 0 00:00:00  -  Total Local Usage
	933  -  Run Bytes Sent By Job
	170  -  Run Bytes Received By Job
	933  -  Total Bytes Sent By Job
	170  -  Total Bytes Received By Job
	Partitionable Resources :    Usage  Request Allocated 
	   Cpus                 :                 1         1 
	   Disk (KB)            :       46        1    127899 
	   Memory (MB)          :      195     3900      3968 

	Job terminated of its own accord at 2023-07-25T01:57:09Z.
...
006 (330071.003.000) 2023-07-25 10:57:10 Image size of job updated: 686492
	204  -  MemoryUsage of job (MB)
	208724  -  ResidentSetSize of job (KB)
...
006 (330071.005.000) 2023-07-25 10:57:10 Image size of job updated: 686596
	204  -  MemoryUsage of job (MB)
	208812  -  ResidentSetSize of job (KB)
...
040 (330071.003.000) 2023-07-25 10:57:10 Started transferring output files
...
040 (330071.003.000) 2023-07-25 10:57:10 Finished transferring output files
...
005 (330071.003.000) 2023-07-25 10:57:10 Job terminated.
	(1) Normal termination (return value 0)
		Usr 0 00:00:13, Sys 0 00:00:01  -  Run Remote Usage
		Usr 0 00:00:00, Sys 0 00:00:00  -  Run Local Usage
		Usr 0 00:00:13, Sys 0 00:00:01  -  Total Remote Usage
		Usr 0 00:00:00, Sys 0 00:00:00  -  Total Local Usage
	1128  -  Run Bytes Sent By Job
	170  -  Run Bytes Received By Job
	1128  -  Total Bytes Sent By Job
	170  -  Total Bytes Received By Job
	Partitionable Resources :    Usage  Request Allocated 
	   Cpus                 :                 1         1 
	   Disk (KB)            :       46        1    127899 
	   Memory (MB)          :      204     3900      3968 

	Job terminated of its own accord at 2023-07-25T01:57:10Z.
...
040 (330071.005.000) 2023-07-25 10:57:10 Started transferring output files
...
040 (330071.005.000) 2023-07-25 10:57:10 Finished transferring output files
...
005 (330071.005.000) 2023-07-25 10:57:10 Job terminated.
	(1) Normal termination (return value 0)
		Usr 0 00:00:13, Sys 0 00:00:01  -  Run Remote Usage
		Usr 0 00:00:00, Sys 0 00:00:00  -  Run Local Usage
		Usr 0 00:00:13, Sys 0 00:00:01  -  Total Remote Usage
		Usr 0 00:00:00, Sys 0 00:00:00  -  Total Local Usage
	1189  -  Run Bytes Sent By Job
	170  -  Run Bytes Received By Job
	1189  -  Total Bytes Sent By Job
	170  -  Total Bytes Received By Job
	Partitionable Resources :    Usage  Request Allocated 
	   Cpus                 :                 1         1 
	   Disk (KB)            :       46        1    127899 
	   Memory (MB)          :      204     3900      3968 

	Job terminated of its own accord at 2023-07-25T01:57:10Z.
...
006 (330071.002.000) 2023-07-25 10:57:11 Image size of job updated: 687268
	204  -  MemoryUsage of job (MB)
	208808  -  ResidentSetSize of job (KB)
...
040 (330071.002.000) 2023-07-25 10:57:11 Started transferring output files
...
040 (330071.002.000) 2023-07-25 10:57:11 Finished transferring output files
...
005 (330071.002.000) 2023-07-25 10:57:11 Job terminated.
	(1) Normal termination (return value 0)
		Usr 0 00:00:14, Sys 0 00:00:01  -  Run Remote Usage
		Usr 0 00:00:00, Sys 0 00:00:00  -  Run Local Usage
		Usr 0 00:00:14, Sys 0 00:00:01  -  Total Remote Usage
		Usr 0 00:00:00, Sys 0 00:00:00  -  Total Local Usage
	1191  -  Run Bytes Sent By Job
	170  -  Run Bytes Received By Job
	1191  -  Total Bytes Sent By Job
	170  -  Total Bytes Received By Job
	Partitionable Resources :    Usage  Request Allocated 
	   Cpus                 :                 1         1 
	   Disk (KB)            :       46        1    127899 
	   Memory (MB)          :      204     3900      3968 

	Job terminated of its own accord at 2023-07-25T01:57:11Z.
...
006 (330071.001.000) 2023-07-25 10:57:12 Image size of job updated: 685672
	182  -  MemoryUsage of job (MB)
	186168  -  ResidentSetSize of job (KB)
...
040 (330071.001.000) 2023-07-25 10:57:12 Started transferring output files
...
040 (330071.001.000) 2023-07-25 10:57:12 Finished transferring output files
...
005 (330071.001.000) 2023-07-25 10:57:12 Job terminated.
	(1) Normal termination (return value 0)
		Usr 0 00:00:10, Sys 0 00:00:01  -  Run Remote Usage
		Usr 0 00:00:00, Sys 0 00:00:00  -  Run Local Usage
		Usr 0 00:00:10, Sys 0 00:00:01  -  Total Remote Usage
		Usr 0 00:00:00, Sys 0 00:00:00  -  Total Local Usage
	1097  -  Run Bytes Sent By Job
	170  -  Run Bytes Received By Job
	1097  -  Total Bytes Sent By Job
	170  -  Total Bytes Received By Job
	Partitionable Resources :    Usage  Request Allocated 
	   Cpus                 :                 1         1 
	   Disk (KB)            :       46        1    127899 
	   Memory (MB)          :      182     3900      3968 

	Job terminated of its own accord at 2023-07-25T01:57:12Z.
...
006 (330071.006.000) 2023-07-25 10:57:15 Image size of job updated: 685780
	183  -  MemoryUsage of job (MB)
	186376  -  ResidentSetSize of job (KB)
...
040 (330071.006.000) 2023-07-25 10:57:15 Started transferring output files
...
040 (330071.006.000) 2023-07-25 10:57:15 Finished transferring output files
...
005 (330071.006.000) 2023-07-25 10:57:15 Job terminated.
	(1) Normal termination (return value 0)
		Usr 0 00:00:16, Sys 0 00:00:01  -  Run Remote Usage
		Usr 0 00:00:00, Sys 0 00:00:00  -  Run Local Usage
		Usr 0 00:00:16, Sys 0 00:00:01  -  Total Remote Usage
		Usr 0 00:00:00, Sys 0 00:00:00  -  Total Local Usage
	963  -  Run Bytes Sent By Job
	170  -  Run Bytes Received By Job
	963  -  Total Bytes Sent By Job
	170  -  Total Bytes Received By Job
	Partitionable Resources :    Usage  Request Allocated 
	   Cpus                 :                 1         1 
	   Disk (KB)            :       46        1    127899 
	   Memory (MB)          :      183     3900      3968 

	Job terminated of its own accord at 2023-07-25T01:57:15Z.
...
006 (330071.000.000) 2023-07-25 10:57:17 Image size of job updated: 691100
	182  -  MemoryUsage of job (MB)
	186176  -  ResidentSetSize of job (KB)
...
040 (330071.000.000) 2023-07-25 10:57:18 Started transferring output files
...
040 (330071.000.000) 2023-07-25 10:57:18 Finished transferring output files
...
005 (330071.000.000) 2023-07-25 10:57:18 Job terminated.
	(1) Normal termination (return value 0)
		Usr 0 00:00:15, Sys 0 00:00:01  -  Run Remote Usage
		Usr 0 00:00:00, Sys 0 00:00:00  -  Run Local Usage
		Usr 0 00:00:15, Sys 0 00:00:01  -  Total Remote Usage
		Usr 0 00:00:00, Sys 0 00:00:00  -  Total Local Usage
	1252  -  Run Bytes Sent By Job
	170  -  Run Bytes Received By Job
	1252  -  Total Bytes Sent By Job
	170  -  Total Bytes Received By Job
	Partitionable Resources :    Usage  Request Allocated 
	   Cpus                 :                 1         1 
	   Disk (KB)            :       46        1    127899 
	   Memory (MB)          :      182     3900      3968 

	Job terminated of its own accord at 2023-07-25T01:57:17Z.
...
006 (330071.004.000) 2023-07-25 10:57:18 Image size of job updated: 684436
	204  -  MemoryUsage of job (MB)
	208560  -  ResidentSetSize of job (KB)
...
040 (330071.004.000) 2023-07-25 10:57:18 Started transferring output files
...
040 (330071.004.000) 2023-07-25 10:57:18 Finished transferring output files
...
005 (330071.004.000) 2023-07-25 10:57:18 Job terminated.
	(1) Normal termination (return value 0)
		Usr 0 00:00:18, Sys 0 00:00:01  -  Run Remote Usage
		Usr 0 00:00:00, Sys 0 00:00:00  -  Run Local Usage
		Usr 0 00:00:18, Sys 0 00:00:01  -  Total Remote Usage
		Usr 0 00:00:00, Sys 0 00:00:00  -  Total Local Usage
	1191  -  Run Bytes Sent By Job
	170  -  Run Bytes Received By Job
	1191  -  Total Bytes Sent By Job
	170  -  Total Bytes Received By Job
	Partitionable Resources :    Usage  Request Allocated 
	   Cpus                 :                 1         1 
	   Disk (KB)            :       46        1    127899 
	   Memory (MB)          :      204     3900      3968 

	Job terminated of its own accord at 2023-07-25T01:57:18Z.
...
