000 (311000.000.000) 2023-06-12 17:15:42 Job submitted from host: <172.30.1.200:9618?addrs=172.30.1.200-9618&alias=tamsa2.snu.ac.kr&noUDP&sock=schedd_3510_2582>
...
000 (311000.001.000) 2023-06-12 17:15:42 Job submitted from host: <172.30.1.200:9618?addrs=172.30.1.200-9618&alias=tamsa2.snu.ac.kr&noUDP&sock=schedd_3510_2582>
...
000 (311000.002.000) 2023-06-12 17:15:42 Job submitted from host: <172.30.1.200:9618?addrs=172.30.1.200-9618&alias=tamsa2.snu.ac.kr&noUDP&sock=schedd_3510_2582>
...
000 (311000.003.000) 2023-06-12 17:15:42 Job submitted from host: <172.30.1.200:9618?addrs=172.30.1.200-9618&alias=tamsa2.snu.ac.kr&noUDP&sock=schedd_3510_2582>
...
000 (311000.004.000) 2023-06-12 17:15:42 Job submitted from host: <172.30.1.200:9618?addrs=172.30.1.200-9618&alias=tamsa2.snu.ac.kr&noUDP&sock=schedd_3510_2582>
...
000 (311000.005.000) 2023-06-12 17:15:42 Job submitted from host: <172.30.1.200:9618?addrs=172.30.1.200-9618&alias=tamsa2.snu.ac.kr&noUDP&sock=schedd_3510_2582>
...
000 (311000.006.000) 2023-06-12 17:15:42 Job submitted from host: <172.30.1.200:9618?addrs=172.30.1.200-9618&alias=tamsa2.snu.ac.kr&noUDP&sock=schedd_3510_2582>
...
000 (311000.007.000) 2023-06-12 17:15:42 Job submitted from host: <172.30.1.200:9618?addrs=172.30.1.200-9618&alias=tamsa2.snu.ac.kr&noUDP&sock=schedd_3510_2582>
...
000 (311000.008.000) 2023-06-12 17:15:42 Job submitted from host: <172.30.1.200:9618?addrs=172.30.1.200-9618&alias=tamsa2.snu.ac.kr&noUDP&sock=schedd_3510_2582>
...
000 (311000.009.000) 2023-06-12 17:15:42 Job submitted from host: <172.30.1.200:9618?addrs=172.30.1.200-9618&alias=tamsa2.snu.ac.kr&noUDP&sock=schedd_3510_2582>
...
040 (311000.006.000) 2023-06-12 17:15:57 Started transferring input files
	Transferring to host: <172.30.1.107:9618?addrs=172.30.1.107-9618&alias=n7&noUDP&sock=slot1_1_4258_e566_16284>
...
040 (311000.006.000) 2023-06-12 17:15:57 Finished transferring input files
...
040 (311000.007.000) 2023-06-12 17:15:57 Started transferring input files
	Transferring to host: <172.30.1.107:9618?addrs=172.30.1.107-9618&alias=n7&noUDP&sock=slot1_3_4258_e566_16285>
...
040 (311000.007.000) 2023-06-12 17:15:57 Finished transferring input files
...
040 (311000.008.000) 2023-06-12 17:15:57 Started transferring input files
	Transferring to host: <172.30.1.107:9618?addrs=172.30.1.107-9618&alias=n7&noUDP&sock=slot1_4_4258_e566_16286>
...
040 (311000.008.000) 2023-06-12 17:15:57 Finished transferring input files
...
040 (311000.000.000) 2023-06-12 17:15:57 Started transferring input files
	Transferring to host: <172.30.1.110:9618?addrs=172.30.1.110-9618&alias=n10&noUDP&sock=slot1_15_4288_08a7_22383>
...
040 (311000.000.000) 2023-06-12 17:15:57 Finished transferring input files
...
040 (311000.009.000) 2023-06-12 17:15:57 Started transferring input files
	Transferring to host: <172.30.1.107:9618?addrs=172.30.1.107-9618&alias=n7&noUDP&sock=slot1_5_4258_e566_16287>
...
040 (311000.009.000) 2023-06-12 17:15:57 Finished transferring input files
...
040 (311000.001.000) 2023-06-12 17:15:57 Started transferring input files
	Transferring to host: <172.30.1.110:9618?addrs=172.30.1.110-9618&alias=n10&noUDP&sock=slot1_26_4288_08a7_22384>
...
040 (311000.001.000) 2023-06-12 17:15:57 Finished transferring input files
...
040 (311000.002.000) 2023-06-12 17:15:57 Started transferring input files
	Transferring to host: <172.30.1.110:9618?addrs=172.30.1.110-9618&alias=n10&noUDP&sock=slot1_27_4288_08a7_22385>
...
040 (311000.002.000) 2023-06-12 17:15:57 Finished transferring input files
...
040 (311000.003.000) 2023-06-12 17:15:57 Started transferring input files
	Transferring to host: <172.30.1.110:9618?addrs=172.30.1.110-9618&alias=n10&noUDP&sock=slot1_28_4288_08a7_22386>
...
040 (311000.003.000) 2023-06-12 17:15:57 Finished transferring input files
...
040 (311000.004.000) 2023-06-12 17:15:57 Started transferring input files
	Transferring to host: <172.30.1.110:9618?addrs=172.30.1.110-9618&alias=n10&noUDP&sock=slot1_31_4288_08a7_22387>
...
040 (311000.004.000) 2023-06-12 17:15:57 Finished transferring input files
...
040 (311000.005.000) 2023-06-12 17:15:57 Started transferring input files
	Transferring to host: <172.30.1.110:9618?addrs=172.30.1.110-9618&alias=n10&noUDP&sock=slot1_32_4288_08a7_22388>
...
040 (311000.005.000) 2023-06-12 17:15:57 Finished transferring input files
...
001 (311000.006.000) 2023-06-12 17:15:58 Job executing on host: <172.30.1.107:9618?addrs=172.30.1.107-9618&alias=n7&noUDP&sock=startd_4224_e421>
...
001 (311000.007.000) 2023-06-12 17:15:58 Job executing on host: <172.30.1.107:9618?addrs=172.30.1.107-9618&alias=n7&noUDP&sock=startd_4224_e421>
...
001 (311000.008.000) 2023-06-12 17:15:58 Job executing on host: <172.30.1.107:9618?addrs=172.30.1.107-9618&alias=n7&noUDP&sock=startd_4224_e421>
...
001 (311000.000.000) 2023-06-12 17:15:58 Job executing on host: <172.30.1.110:9618?addrs=172.30.1.110-9618&alias=n10&noUDP&sock=startd_4254_77f9>
...
001 (311000.009.000) 2023-06-12 17:15:58 Job executing on host: <172.30.1.107:9618?addrs=172.30.1.107-9618&alias=n7&noUDP&sock=startd_4224_e421>
...
001 (311000.001.000) 2023-06-12 17:15:58 Job executing on host: <172.30.1.110:9618?addrs=172.30.1.110-9618&alias=n10&noUDP&sock=startd_4254_77f9>
...
001 (311000.002.000) 2023-06-12 17:15:58 Job executing on host: <172.30.1.110:9618?addrs=172.30.1.110-9618&alias=n10&noUDP&sock=startd_4254_77f9>
...
001 (311000.003.000) 2023-06-12 17:15:58 Job executing on host: <172.30.1.110:9618?addrs=172.30.1.110-9618&alias=n10&noUDP&sock=startd_4254_77f9>
...
001 (311000.004.000) 2023-06-12 17:15:58 Job executing on host: <172.30.1.110:9618?addrs=172.30.1.110-9618&alias=n10&noUDP&sock=startd_4254_77f9>
...
001 (311000.005.000) 2023-06-12 17:15:58 Job executing on host: <172.30.1.110:9618?addrs=172.30.1.110-9618&alias=n10&noUDP&sock=startd_4254_77f9>
...
006 (311000.006.000) 2023-06-12 17:16:06 Image size of job updated: 686124
	206  -  MemoryUsage of job (MB)
	210844  -  ResidentSetSize of job (KB)
...
006 (311000.005.000) 2023-06-12 17:16:07 Image size of job updated: 646780
	206  -  MemoryUsage of job (MB)
	210860  -  ResidentSetSize of job (KB)
...
006 (311000.007.000) 2023-06-12 17:16:07 Image size of job updated: 666212
	208  -  MemoryUsage of job (MB)
	212688  -  ResidentSetSize of job (KB)
...
006 (311000.008.000) 2023-06-12 17:16:07 Image size of job updated: 686260
	208  -  MemoryUsage of job (MB)
	212680  -  ResidentSetSize of job (KB)
...
006 (311000.000.000) 2023-06-12 17:16:07 Image size of job updated: 646780
	208  -  MemoryUsage of job (MB)
	212676  -  ResidentSetSize of job (KB)
...
006 (311000.009.000) 2023-06-12 17:16:07 Image size of job updated: 686276
	208  -  MemoryUsage of job (MB)
	212696  -  ResidentSetSize of job (KB)
...
006 (311000.001.000) 2023-06-12 17:16:07 Image size of job updated: 646784
	205  -  MemoryUsage of job (MB)
	209252  -  ResidentSetSize of job (KB)
...
006 (311000.002.000) 2023-06-12 17:16:07 Image size of job updated: 646752
	206  -  MemoryUsage of job (MB)
	210936  -  ResidentSetSize of job (KB)
...
006 (311000.003.000) 2023-06-12 17:16:07 Image size of job updated: 646756
	205  -  MemoryUsage of job (MB)
	209268  -  ResidentSetSize of job (KB)
...
006 (311000.004.000) 2023-06-12 17:16:08 Image size of job updated: 646760
	184  -  MemoryUsage of job (MB)
	187708  -  ResidentSetSize of job (KB)
...
040 (311000.006.000) 2023-06-12 17:16:12 Started transferring output files
...
040 (311000.006.000) 2023-06-12 17:16:12 Finished transferring output files
...
005 (311000.006.000) 2023-06-12 17:16:12 Job terminated.
	(1) Normal termination (return value 0)
		Usr 0 00:00:12, Sys 0 00:00:01  -  Run Remote Usage
		Usr 0 00:00:00, Sys 0 00:00:00  -  Run Local Usage
		Usr 0 00:00:12, Sys 0 00:00:01  -  Total Remote Usage
		Usr 0 00:00:00, Sys 0 00:00:00  -  Total Local Usage
	3818  -  Run Bytes Sent By Job
	148  -  Run Bytes Received By Job
	3818  -  Total Bytes Sent By Job
	148  -  Total Bytes Received By Job
	Partitionable Resources :    Usage  Request Allocated 
	   Cpus                 :                 1         1 
	   Disk (KB)            :       49        1    127899 
	   Memory (MB)          :      206     3900      3968 

	Job terminated of its own accord at 2023-06-12T08:16:12Z.
...
040 (311000.009.000) 2023-06-12 17:16:12 Started transferring output files
...
040 (311000.009.000) 2023-06-12 17:16:12 Finished transferring output files
...
005 (311000.009.000) 2023-06-12 17:16:12 Job terminated.
	(1) Normal termination (return value 0)
		Usr 0 00:00:12, Sys 0 00:00:01  -  Run Remote Usage
		Usr 0 00:00:00, Sys 0 00:00:00  -  Run Local Usage
		Usr 0 00:00:12, Sys 0 00:00:01  -  Total Remote Usage
		Usr 0 00:00:00, Sys 0 00:00:00  -  Total Local Usage
	3849  -  Run Bytes Sent By Job
	148  -  Run Bytes Received By Job
	3849  -  Total Bytes Sent By Job
	148  -  Total Bytes Received By Job
	Partitionable Resources :    Usage  Request Allocated 
	   Cpus                 :                 1         1 
	   Disk (KB)            :       49        1    127899 
	   Memory (MB)          :      208     3900      3968 

	Job terminated of its own accord at 2023-06-12T08:16:12Z.
...
006 (311000.000.000) 2023-06-12 17:16:13 Image size of job updated: 686200
	208  -  MemoryUsage of job (MB)
	212676  -  ResidentSetSize of job (KB)
...
040 (311000.000.000) 2023-06-12 17:16:13 Started transferring output files
...
040 (311000.000.000) 2023-06-12 17:16:13 Finished transferring output files
...
005 (311000.000.000) 2023-06-12 17:16:13 Job terminated.
	(1) Normal termination (return value 0)
		Usr 0 00:00:12, Sys 0 00:00:01  -  Run Remote Usage
		Usr 0 00:00:00, Sys 0 00:00:00  -  Run Local Usage
		Usr 0 00:00:12, Sys 0 00:00:01  -  Total Remote Usage
		Usr 0 00:00:00, Sys 0 00:00:00  -  Total Local Usage
	3858  -  Run Bytes Sent By Job
	148  -  Run Bytes Received By Job
	3858  -  Total Bytes Sent By Job
	148  -  Total Bytes Received By Job
	Partitionable Resources :    Usage  Request Allocated 
	   Cpus                 :                 1         1 
	   Disk (KB)            :       49        1    127899 
	   Memory (MB)          :      208     3900      3968 

	Job terminated of its own accord at 2023-06-12T08:16:13Z.
...
006 (311000.007.000) 2023-06-12 17:16:15 Image size of job updated: 688060
	208  -  MemoryUsage of job (MB)
	212688  -  ResidentSetSize of job (KB)
...
040 (311000.007.000) 2023-06-12 17:16:15 Started transferring output files
...
040 (311000.007.000) 2023-06-12 17:16:15 Finished transferring output files
...
005 (311000.007.000) 2023-06-12 17:16:15 Job terminated.
	(1) Normal termination (return value 0)
		Usr 0 00:00:14, Sys 0 00:00:01  -  Run Remote Usage
		Usr 0 00:00:00, Sys 0 00:00:00  -  Run Local Usage
		Usr 0 00:00:14, Sys 0 00:00:01  -  Total Remote Usage
		Usr 0 00:00:00, Sys 0 00:00:00  -  Total Local Usage
	3818  -  Run Bytes Sent By Job
	148  -  Run Bytes Received By Job
	3818  -  Total Bytes Sent By Job
	148  -  Total Bytes Received By Job
	Partitionable Resources :    Usage  Request Allocated 
	   Cpus                 :                 1         1 
	   Disk (KB)            :       49        1    127899 
	   Memory (MB)          :      208     3900      3968 

	Job terminated of its own accord at 2023-06-12T08:16:15Z.
...
006 (311000.003.000) 2023-06-12 17:16:16 Image size of job updated: 686396
	205  -  MemoryUsage of job (MB)
	209268  -  ResidentSetSize of job (KB)
...
040 (311000.003.000) 2023-06-12 17:16:16 Started transferring output files
...
040 (311000.003.000) 2023-06-12 17:16:16 Finished transferring output files
...
005 (311000.003.000) 2023-06-12 17:16:16 Job terminated.
	(1) Normal termination (return value 0)
		Usr 0 00:00:15, Sys 0 00:00:01  -  Run Remote Usage
		Usr 0 00:00:00, Sys 0 00:00:00  -  Run Local Usage
		Usr 0 00:00:15, Sys 0 00:00:01  -  Total Remote Usage
		Usr 0 00:00:00, Sys 0 00:00:00  -  Total Local Usage
	3859  -  Run Bytes Sent By Job
	148  -  Run Bytes Received By Job
	3859  -  Total Bytes Sent By Job
	148  -  Total Bytes Received By Job
	Partitionable Resources :    Usage  Request Allocated 
	   Cpus                 :                 1         1 
	   Disk (KB)            :       49        1    127899 
	   Memory (MB)          :      205     3900      3968 

	Job terminated of its own accord at 2023-06-12T08:16:16Z.
...
006 (311000.005.000) 2023-06-12 17:16:16 Image size of job updated: 686264
	206  -  MemoryUsage of job (MB)
	210860  -  ResidentSetSize of job (KB)
...
040 (311000.005.000) 2023-06-12 17:16:16 Started transferring output files
...
040 (311000.005.000) 2023-06-12 17:16:16 Finished transferring output files
...
005 (311000.005.000) 2023-06-12 17:16:16 Job terminated.
	(1) Normal termination (return value 0)
		Usr 0 00:00:15, Sys 0 00:00:01  -  Run Remote Usage
		Usr 0 00:00:00, Sys 0 00:00:00  -  Run Local Usage
		Usr 0 00:00:15, Sys 0 00:00:01  -  Total Remote Usage
		Usr 0 00:00:00, Sys 0 00:00:00  -  Total Local Usage
	3880  -  Run Bytes Sent By Job
	148  -  Run Bytes Received By Job
	3880  -  Total Bytes Sent By Job
	148  -  Total Bytes Received By Job
	Partitionable Resources :    Usage  Request Allocated 
	   Cpus                 :                 1         1 
	   Disk (KB)            :       49        1    127899 
	   Memory (MB)          :      206     3900      3968 

	Job terminated of its own accord at 2023-06-12T08:16:16Z.
...
040 (311000.008.000) 2023-06-12 17:16:17 Started transferring output files
...
040 (311000.008.000) 2023-06-12 17:16:17 Finished transferring output files
...
005 (311000.008.000) 2023-06-12 17:16:17 Job terminated.
	(1) Normal termination (return value 0)
		Usr 0 00:00:17, Sys 0 00:00:01  -  Run Remote Usage
		Usr 0 00:00:00, Sys 0 00:00:00  -  Run Local Usage
		Usr 0 00:00:17, Sys 0 00:00:01  -  Total Remote Usage
		Usr 0 00:00:00, Sys 0 00:00:00  -  Total Local Usage
	3849  -  Run Bytes Sent By Job
	148  -  Run Bytes Received By Job
	3849  -  Total Bytes Sent By Job
	148  -  Total Bytes Received By Job
	Partitionable Resources :    Usage  Request Allocated 
	   Cpus                 :                 1         1 
	   Disk (KB)            :       49        1    127899 
	   Memory (MB)          :      208     3900      3968 

	Job terminated of its own accord at 2023-06-12T08:16:17Z.
...
006 (311000.004.000) 2023-06-12 17:16:19 Image size of job updated: 686008
	184  -  MemoryUsage of job (MB)
	187708  -  ResidentSetSize of job (KB)
...
040 (311000.004.000) 2023-06-12 17:16:19 Started transferring output files
...
040 (311000.004.000) 2023-06-12 17:16:19 Finished transferring output files
...
005 (311000.004.000) 2023-06-12 17:16:19 Job terminated.
	(1) Normal termination (return value 0)
		Usr 0 00:00:18, Sys 0 00:00:01  -  Run Remote Usage
		Usr 0 00:00:00, Sys 0 00:00:00  -  Run Local Usage
		Usr 0 00:00:18, Sys 0 00:00:01  -  Total Remote Usage
		Usr 0 00:00:00, Sys 0 00:00:00  -  Total Local Usage
	3854  -  Run Bytes Sent By Job
	148  -  Run Bytes Received By Job
	3854  -  Total Bytes Sent By Job
	148  -  Total Bytes Received By Job
	Partitionable Resources :    Usage  Request Allocated 
	   Cpus                 :                 1         1 
	   Disk (KB)            :       49        1    127899 
	   Memory (MB)          :      184     3900      3968 

	Job terminated of its own accord at 2023-06-12T08:16:19Z.
...
006 (311000.001.000) 2023-06-12 17:16:24 Image size of job updated: 686392
	205  -  MemoryUsage of job (MB)
	209252  -  ResidentSetSize of job (KB)
...
040 (311000.001.000) 2023-06-12 17:16:24 Started transferring output files
...
040 (311000.001.000) 2023-06-12 17:16:24 Finished transferring output files
...
005 (311000.001.000) 2023-06-12 17:16:24 Job terminated.
	(1) Normal termination (return value 0)
		Usr 0 00:00:23, Sys 0 00:00:01  -  Run Remote Usage
		Usr 0 00:00:00, Sys 0 00:00:00  -  Run Local Usage
		Usr 0 00:00:23, Sys 0 00:00:01  -  Total Remote Usage
		Usr 0 00:00:00, Sys 0 00:00:00  -  Total Local Usage
	3890  -  Run Bytes Sent By Job
	148  -  Run Bytes Received By Job
	3890  -  Total Bytes Sent By Job
	148  -  Total Bytes Received By Job
	Partitionable Resources :    Usage  Request Allocated 
	   Cpus                 :                 1         1 
	   Disk (KB)            :       49        1    127899 
	   Memory (MB)          :      205     3900      3968 

	Job terminated of its own accord at 2023-06-12T08:16:24Z.
...
006 (311000.002.000) 2023-06-12 17:16:24 Image size of job updated: 686212
	206  -  MemoryUsage of job (MB)
	210936  -  ResidentSetSize of job (KB)
...
040 (311000.002.000) 2023-06-12 17:16:24 Started transferring output files
...
040 (311000.002.000) 2023-06-12 17:16:24 Finished transferring output files
...
005 (311000.002.000) 2023-06-12 17:16:24 Job terminated.
	(1) Normal termination (return value 0)
		Usr 0 00:00:24, Sys 0 00:00:01  -  Run Remote Usage
		Usr 0 00:00:00, Sys 0 00:00:00  -  Run Local Usage
		Usr 0 00:00:24, Sys 0 00:00:01  -  Total Remote Usage
		Usr 0 00:00:00, Sys 0 00:00:00  -  Total Local Usage
	4311  -  Run Bytes Sent By Job
	148  -  Run Bytes Received By Job
	4311  -  Total Bytes Sent By Job
	148  -  Total Bytes Received By Job
	Partitionable Resources :    Usage  Request Allocated 
	   Cpus                 :                 1         1 
	   Disk (KB)            :       49        1    127899 
	   Memory (MB)          :      206     3900      3968 

	Job terminated of its own accord at 2023-06-12T08:16:24Z.
...
