000 (310920.000.000) 2023-06-12 15:35:19 Job submitted from host: <172.30.1.200:9618?addrs=172.30.1.200-9618&alias=tamsa2.snu.ac.kr&noUDP&sock=schedd_3510_2582>
...
000 (310920.001.000) 2023-06-12 15:35:19 Job submitted from host: <172.30.1.200:9618?addrs=172.30.1.200-9618&alias=tamsa2.snu.ac.kr&noUDP&sock=schedd_3510_2582>
...
000 (310920.002.000) 2023-06-12 15:35:19 Job submitted from host: <172.30.1.200:9618?addrs=172.30.1.200-9618&alias=tamsa2.snu.ac.kr&noUDP&sock=schedd_3510_2582>
...
000 (310920.003.000) 2023-06-12 15:35:19 Job submitted from host: <172.30.1.200:9618?addrs=172.30.1.200-9618&alias=tamsa2.snu.ac.kr&noUDP&sock=schedd_3510_2582>
...
000 (310920.004.000) 2023-06-12 15:35:19 Job submitted from host: <172.30.1.200:9618?addrs=172.30.1.200-9618&alias=tamsa2.snu.ac.kr&noUDP&sock=schedd_3510_2582>
...
000 (310920.005.000) 2023-06-12 15:35:19 Job submitted from host: <172.30.1.200:9618?addrs=172.30.1.200-9618&alias=tamsa2.snu.ac.kr&noUDP&sock=schedd_3510_2582>
...
000 (310920.006.000) 2023-06-12 15:35:19 Job submitted from host: <172.30.1.200:9618?addrs=172.30.1.200-9618&alias=tamsa2.snu.ac.kr&noUDP&sock=schedd_3510_2582>
...
000 (310920.007.000) 2023-06-12 15:35:19 Job submitted from host: <172.30.1.200:9618?addrs=172.30.1.200-9618&alias=tamsa2.snu.ac.kr&noUDP&sock=schedd_3510_2582>
...
000 (310920.008.000) 2023-06-12 15:35:19 Job submitted from host: <172.30.1.200:9618?addrs=172.30.1.200-9618&alias=tamsa2.snu.ac.kr&noUDP&sock=schedd_3510_2582>
...
000 (310920.009.000) 2023-06-12 15:35:19 Job submitted from host: <172.30.1.200:9618?addrs=172.30.1.200-9618&alias=tamsa2.snu.ac.kr&noUDP&sock=schedd_3510_2582>
...
001 (310920.000.000) 2023-06-12 15:35:32 Job executing on host: <172.30.1.206:9618?addrs=172.30.1.206-9618&alias=node6&noUDP&sock=startd_3777_494c>
...
001 (310920.002.000) 2023-06-12 15:35:32 Job executing on host: <172.30.1.202:9618?addrs=172.30.1.202-9618&alias=node2&noUDP&sock=startd_19693_56a6>
...
001 (310920.001.000) 2023-06-12 15:35:32 Job executing on host: <172.30.1.206:9618?addrs=172.30.1.206-9618&alias=node6&noUDP&sock=startd_3777_494c>
...
006 (310920.000.000) 2023-06-12 15:35:40 Image size of job updated: 635684
	184  -  MemoryUsage of job (MB)
	187624  -  ResidentSetSize of job (KB)
...
006 (310920.002.000) 2023-06-12 15:35:40 Image size of job updated: 182780
	179  -  MemoryUsage of job (MB)
	182780  -  ResidentSetSize of job (KB)
...
006 (310920.001.000) 2023-06-12 15:35:40 Image size of job updated: 635684
	184  -  MemoryUsage of job (MB)
	187884  -  ResidentSetSize of job (KB)
...
006 (310920.002.000) 2023-06-12 15:36:12 Image size of job updated: 689888
	179  -  MemoryUsage of job (MB)
	182788  -  ResidentSetSize of job (KB)
...
005 (310920.002.000) 2023-06-12 15:36:12 Job terminated.
	(1) Normal termination (return value 0)
		Usr 0 00:00:30, Sys 0 00:00:02  -  Run Remote Usage
		Usr 0 00:00:00, Sys 0 00:00:00  -  Run Local Usage
		Usr 0 00:00:30, Sys 0 00:00:02  -  Total Remote Usage
		Usr 0 00:00:00, Sys 0 00:00:00  -  Total Local Usage
	0  -  Run Bytes Sent By Job
	0  -  Run Bytes Received By Job
	0  -  Total Bytes Sent By Job
	0  -  Total Bytes Received By Job
	Partitionable Resources :    Usage  Request Allocated 
	   Cpus                 :                 1         1 
	   Disk (KB)            :        1        1    128913 
	   Memory (MB)          :      179     3900      3968 

	Job terminated of its own accord at 2023-06-12T06:36:12Z.
...
006 (310920.000.000) 2023-06-12 15:36:13 Image size of job updated: 695588
	184  -  MemoryUsage of job (MB)
	187624  -  ResidentSetSize of job (KB)
...
005 (310920.000.000) 2023-06-12 15:36:13 Job terminated.
	(1) Normal termination (return value 0)
		Usr 0 00:00:33, Sys 0 00:00:02  -  Run Remote Usage
		Usr 0 00:00:00, Sys 0 00:00:00  -  Run Local Usage
		Usr 0 00:00:33, Sys 0 00:00:02  -  Total Remote Usage
		Usr 0 00:00:00, Sys 0 00:00:00  -  Total Local Usage
	0  -  Run Bytes Sent By Job
	0  -  Run Bytes Received By Job
	0  -  Total Bytes Sent By Job
	0  -  Total Bytes Received By Job
	Partitionable Resources :    Usage  Request Allocated 
	   Cpus                 :                 1         1 
	   Disk (KB)            :        1        1     95898 
	   Memory (MB)          :      184     3900      3968 

	Job terminated of its own accord at 2023-06-12T06:36:13Z.
...
006 (310920.001.000) 2023-06-12 15:36:19 Image size of job updated: 695560
	184  -  MemoryUsage of job (MB)
	187884  -  ResidentSetSize of job (KB)
...
005 (310920.001.000) 2023-06-12 15:36:19 Job terminated.
	(1) Normal termination (return value 0)
		Usr 0 00:00:37, Sys 0 00:00:01  -  Run Remote Usage
		Usr 0 00:00:00, Sys 0 00:00:00  -  Run Local Usage
		Usr 0 00:00:37, Sys 0 00:00:01  -  Total Remote Usage
		Usr 0 00:00:00, Sys 0 00:00:00  -  Total Local Usage
	0  -  Run Bytes Sent By Job
	0  -  Run Bytes Received By Job
	0  -  Total Bytes Sent By Job
	0  -  Total Bytes Received By Job
	Partitionable Resources :    Usage  Request Allocated 
	   Cpus                 :                 1         1 
	   Disk (KB)            :        1        1     95898 
	   Memory (MB)          :      184     3900      3968 

	Job terminated of its own accord at 2023-06-12T06:36:19Z.
...
001 (310920.003.000) 2023-06-12 15:36:32 Job executing on host: <172.30.1.205:9618?addrs=172.30.1.205-9618&alias=node5&noUDP&sock=startd_3770_7c22>
...
001 (310920.004.000) 2023-06-12 15:36:32 Job executing on host: <172.30.1.206:9618?addrs=172.30.1.206-9618&alias=node6&noUDP&sock=startd_3777_494c>
...
001 (310920.008.000) 2023-06-12 15:36:32 Job executing on host: <172.30.1.201:9618?addrs=172.30.1.201-9618&alias=node1&noUDP&sock=startd_4675_3d58>
...
001 (310920.007.000) 2023-06-12 15:36:32 Job executing on host: <172.30.1.203:9618?addrs=172.30.1.203-9618&alias=node3&noUDP&sock=startd_3773_8aeb>
...
001 (310920.005.000) 2023-06-12 15:36:32 Job executing on host: <172.30.1.206:9618?addrs=172.30.1.206-9618&alias=node6&noUDP&sock=startd_3777_494c>
...
001 (310920.009.000) 2023-06-12 15:36:32 Job executing on host: <172.30.1.201:9618?addrs=172.30.1.201-9618&alias=node1&noUDP&sock=startd_4675_3d58>
...
001 (310920.006.000) 2023-06-12 15:36:32 Job executing on host: <172.30.1.206:9618?addrs=172.30.1.206-9618&alias=node6&noUDP&sock=startd_3777_494c>
...
006 (310920.006.000) 2023-06-12 15:36:41 Image size of job updated: 187892
	184  -  MemoryUsage of job (MB)
	187892  -  ResidentSetSize of job (KB)
...
006 (310920.003.000) 2023-06-12 15:36:41 Image size of job updated: 400868
	180  -  MemoryUsage of job (MB)
	183324  -  ResidentSetSize of job (KB)
...
006 (310920.004.000) 2023-06-12 15:36:41 Image size of job updated: 197804
	194  -  MemoryUsage of job (MB)
	197804  -  ResidentSetSize of job (KB)
...
006 (310920.007.000) 2023-06-12 15:36:41 Image size of job updated: 181296
	178  -  MemoryUsage of job (MB)
	181296  -  ResidentSetSize of job (KB)
...
006 (310920.008.000) 2023-06-12 15:36:41 Image size of job updated: 187640
	184  -  MemoryUsage of job (MB)
	187640  -  ResidentSetSize of job (KB)
...
006 (310920.005.000) 2023-06-12 15:36:41 Image size of job updated: 189284
	185  -  MemoryUsage of job (MB)
	189284  -  ResidentSetSize of job (KB)
...
006 (310920.009.000) 2023-06-12 15:36:41 Image size of job updated: 647028
	184  -  MemoryUsage of job (MB)
	187624  -  ResidentSetSize of job (KB)
...
006 (310920.006.000) 2023-06-12 15:37:04 Image size of job updated: 692152
	184  -  MemoryUsage of job (MB)
	187892  -  ResidentSetSize of job (KB)
...
005 (310920.006.000) 2023-06-12 15:37:04 Job terminated.
	(1) Normal termination (return value 0)
		Usr 0 00:00:26, Sys 0 00:00:01  -  Run Remote Usage
		Usr 0 00:00:00, Sys 0 00:00:00  -  Run Local Usage
		Usr 0 00:00:26, Sys 0 00:00:01  -  Total Remote Usage
		Usr 0 00:00:00, Sys 0 00:00:00  -  Total Local Usage
	0  -  Run Bytes Sent By Job
	0  -  Run Bytes Received By Job
	0  -  Total Bytes Sent By Job
	0  -  Total Bytes Received By Job
	Partitionable Resources :    Usage  Request Allocated 
	   Cpus                 :                 1         1 
	   Disk (KB)            :        1        1     95898 
	   Memory (MB)          :      184     3900      3968 

	Job terminated of its own accord at 2023-06-12T06:37:04Z.
...
006 (310920.004.000) 2023-06-12 15:37:06 Image size of job updated: 692104
	194  -  MemoryUsage of job (MB)
	197804  -  ResidentSetSize of job (KB)
...
005 (310920.004.000) 2023-06-12 15:37:06 Job terminated.
	(1) Normal termination (return value 0)
		Usr 0 00:00:29, Sys 0 00:00:01  -  Run Remote Usage
		Usr 0 00:00:00, Sys 0 00:00:00  -  Run Local Usage
		Usr 0 00:00:29, Sys 0 00:00:01  -  Total Remote Usage
		Usr 0 00:00:00, Sys 0 00:00:00  -  Total Local Usage
	0  -  Run Bytes Sent By Job
	0  -  Run Bytes Received By Job
	0  -  Total Bytes Sent By Job
	0  -  Total Bytes Received By Job
	Partitionable Resources :    Usage  Request Allocated 
	   Cpus                 :                 1         1 
	   Disk (KB)            :        1        1     95898 
	   Memory (MB)          :      194     3900      3968 

	Job terminated of its own accord at 2023-06-12T06:37:06Z.
...
006 (310920.005.000) 2023-06-12 15:37:08 Image size of job updated: 691932
	185  -  MemoryUsage of job (MB)
	189284  -  ResidentSetSize of job (KB)
...
005 (310920.005.000) 2023-06-12 15:37:08 Job terminated.
	(1) Normal termination (return value 0)
		Usr 0 00:00:30, Sys 0 00:00:01  -  Run Remote Usage
		Usr 0 00:00:00, Sys 0 00:00:00  -  Run Local Usage
		Usr 0 00:00:30, Sys 0 00:00:01  -  Total Remote Usage
		Usr 0 00:00:00, Sys 0 00:00:00  -  Total Local Usage
	0  -  Run Bytes Sent By Job
	0  -  Run Bytes Received By Job
	0  -  Total Bytes Sent By Job
	0  -  Total Bytes Received By Job
	Partitionable Resources :    Usage  Request Allocated 
	   Cpus                 :                 1         1 
	   Disk (KB)            :        1        1     95898 
	   Memory (MB)          :      185     3900      3968 

	Job terminated of its own accord at 2023-06-12T06:37:08Z.
...
006 (310920.003.000) 2023-06-12 15:37:08 Image size of job updated: 695020
	180  -  MemoryUsage of job (MB)
	183324  -  ResidentSetSize of job (KB)
...
005 (310920.003.000) 2023-06-12 15:37:08 Job terminated.
	(1) Normal termination (return value 0)
		Usr 0 00:00:29, Sys 0 00:00:02  -  Run Remote Usage
		Usr 0 00:00:00, Sys 0 00:00:00  -  Run Local Usage
		Usr 0 00:00:29, Sys 0 00:00:02  -  Total Remote Usage
		Usr 0 00:00:00, Sys 0 00:00:00  -  Total Local Usage
	0  -  Run Bytes Sent By Job
	0  -  Run Bytes Received By Job
	0  -  Total Bytes Sent By Job
	0  -  Total Bytes Received By Job
	Partitionable Resources :    Usage  Request Allocated 
	   Cpus                 :                 1         1 
	   Disk (KB)            :        1        1    128928 
	   Memory (MB)          :      180     3900      3968 

	Job terminated of its own accord at 2023-06-12T06:37:08Z.
...
006 (310920.009.000) 2023-06-12 15:37:10 Image size of job updated: 690420
	184  -  MemoryUsage of job (MB)
	187624  -  ResidentSetSize of job (KB)
...
005 (310920.009.000) 2023-06-12 15:37:10 Job terminated.
	(1) Normal termination (return value 0)
		Usr 0 00:00:29, Sys 0 00:00:02  -  Run Remote Usage
		Usr 0 00:00:00, Sys 0 00:00:00  -  Run Local Usage
		Usr 0 00:00:29, Sys 0 00:00:02  -  Total Remote Usage
		Usr 0 00:00:00, Sys 0 00:00:00  -  Total Local Usage
	0  -  Run Bytes Sent By Job
	0  -  Run Bytes Received By Job
	0  -  Total Bytes Sent By Job
	0  -  Total Bytes Received By Job
	Partitionable Resources :    Usage  Request Allocated 
	   Cpus                 :     0.90        1         1 
	   Disk (KB)            :     1           1    128992 
	   Memory (MB)          :   184        3900      3968 

	Job terminated of its own accord at 2023-06-12T06:37:10Z.
...
006 (310920.008.000) 2023-06-12 15:37:10 Image size of job updated: 701440
	184  -  MemoryUsage of job (MB)
	187640  -  ResidentSetSize of job (KB)
...
005 (310920.008.000) 2023-06-12 15:37:10 Job terminated.
	(1) Normal termination (return value 0)
		Usr 0 00:00:28, Sys 0 00:00:01  -  Run Remote Usage
		Usr 0 00:00:00, Sys 0 00:00:00  -  Run Local Usage
		Usr 0 00:00:28, Sys 0 00:00:01  -  Total Remote Usage
		Usr 0 00:00:00, Sys 0 00:00:00  -  Total Local Usage
	0  -  Run Bytes Sent By Job
	0  -  Run Bytes Received By Job
	0  -  Total Bytes Sent By Job
	0  -  Total Bytes Received By Job
	Partitionable Resources :    Usage  Request Allocated 
	   Cpus                 :     0.77        1         1 
	   Disk (KB)            :     1           1    128992 
	   Memory (MB)          :   184        3900      3968 

	Job terminated of its own accord at 2023-06-12T06:37:10Z.
...
006 (310920.007.000) 2023-06-12 15:37:20 Image size of job updated: 691640
	178  -  MemoryUsage of job (MB)
	181304  -  ResidentSetSize of job (KB)
...
005 (310920.007.000) 2023-06-12 15:37:20 Job terminated.
	(1) Normal termination (return value 0)
		Usr 0 00:00:38, Sys 0 00:00:01  -  Run Remote Usage
		Usr 0 00:00:00, Sys 0 00:00:00  -  Run Local Usage
		Usr 0 00:00:38, Sys 0 00:00:01  -  Total Remote Usage
		Usr 0 00:00:00, Sys 0 00:00:00  -  Total Local Usage
	0  -  Run Bytes Sent By Job
	0  -  Run Bytes Received By Job
	0  -  Total Bytes Sent By Job
	0  -  Total Bytes Received By Job
	Partitionable Resources :    Usage  Request Allocated 
	   Cpus                 :                 1         1 
	   Disk (KB)            :        1        1    128928 
	   Memory (MB)          :      178     3900      3968 

	Job terminated of its own accord at 2023-06-12T06:37:20Z.
...
