000 (311106.000.000) 2023-06-12 18:55:13 Job submitted from host: <172.30.1.200:9618?addrs=172.30.1.200-9618&alias=tamsa2.snu.ac.kr&noUDP&sock=schedd_3510_2582>
...
000 (311106.001.000) 2023-06-12 18:55:13 Job submitted from host: <172.30.1.200:9618?addrs=172.30.1.200-9618&alias=tamsa2.snu.ac.kr&noUDP&sock=schedd_3510_2582>
...
000 (311106.002.000) 2023-06-12 18:55:13 Job submitted from host: <172.30.1.200:9618?addrs=172.30.1.200-9618&alias=tamsa2.snu.ac.kr&noUDP&sock=schedd_3510_2582>
...
000 (311106.003.000) 2023-06-12 18:55:13 Job submitted from host: <172.30.1.200:9618?addrs=172.30.1.200-9618&alias=tamsa2.snu.ac.kr&noUDP&sock=schedd_3510_2582>
...
000 (311106.004.000) 2023-06-12 18:55:13 Job submitted from host: <172.30.1.200:9618?addrs=172.30.1.200-9618&alias=tamsa2.snu.ac.kr&noUDP&sock=schedd_3510_2582>
...
000 (311106.005.000) 2023-06-12 18:55:13 Job submitted from host: <172.30.1.200:9618?addrs=172.30.1.200-9618&alias=tamsa2.snu.ac.kr&noUDP&sock=schedd_3510_2582>
...
000 (311106.006.000) 2023-06-12 18:55:13 Job submitted from host: <172.30.1.200:9618?addrs=172.30.1.200-9618&alias=tamsa2.snu.ac.kr&noUDP&sock=schedd_3510_2582>
...
000 (311106.007.000) 2023-06-12 18:55:13 Job submitted from host: <172.30.1.200:9618?addrs=172.30.1.200-9618&alias=tamsa2.snu.ac.kr&noUDP&sock=schedd_3510_2582>
...
000 (311106.008.000) 2023-06-12 18:55:13 Job submitted from host: <172.30.1.200:9618?addrs=172.30.1.200-9618&alias=tamsa2.snu.ac.kr&noUDP&sock=schedd_3510_2582>
...
000 (311106.009.000) 2023-06-12 18:55:13 Job submitted from host: <172.30.1.200:9618?addrs=172.30.1.200-9618&alias=tamsa2.snu.ac.kr&noUDP&sock=schedd_3510_2582>
...
040 (311106.000.000) 2023-06-12 18:58:20 Started transferring input files
	Transferring to host: <172.30.1.111:9618?addrs=172.30.1.111-9618&alias=n11&noUDP&sock=slot1_36_4451_e1ce_13217>
...
040 (311106.000.000) 2023-06-12 18:58:20 Finished transferring input files
...
001 (311106.000.000) 2023-06-12 18:58:21 Job executing on host: <172.30.1.111:9618?addrs=172.30.1.111-9618&alias=n11&noUDP&sock=startd_4417_45e8>
...
006 (311106.000.000) 2023-06-12 18:58:30 Image size of job updated: 469020
	185  -  MemoryUsage of job (MB)
	188528  -  ResidentSetSize of job (KB)
...
001 (311106.002.000) 2023-06-12 18:59:20 Job executing on host: <172.30.1.206:9618?addrs=172.30.1.206-9618&alias=node6&noUDP&sock=startd_3777_494c>
...
001 (311106.008.000) 2023-06-12 18:59:20 Job executing on host: <172.30.1.202:9618?addrs=172.30.1.202-9618&alias=node2&noUDP&sock=startd_19693_56a6>
...
001 (311106.004.000) 2023-06-12 18:59:20 Job executing on host: <172.30.1.211:9618?addrs=172.30.1.211-9618&alias=node11&noUDP&sock=startd_3790_3407>
...
001 (311106.003.000) 2023-06-12 18:59:20 Job executing on host: <172.30.1.207:9618?addrs=172.30.1.207-9618&alias=node7&noUDP&sock=startd_3802_6f2a>
...
001 (311106.001.000) 2023-06-12 18:59:20 Job executing on host: <172.30.1.205:9618?addrs=172.30.1.205-9618&alias=node5&noUDP&sock=startd_3770_7c22>
...
001 (311106.007.000) 2023-06-12 18:59:21 Job executing on host: <172.30.1.202:9618?addrs=172.30.1.202-9618&alias=node2&noUDP&sock=startd_19693_56a6>
...
001 (311106.005.000) 2023-06-12 18:59:21 Job executing on host: <172.30.1.209:9618?addrs=172.30.1.209-9618&alias=node9&noUDP&sock=startd_3776_99b3>
...
001 (311106.009.000) 2023-06-12 18:59:21 Job executing on host: <172.30.1.202:9618?addrs=172.30.1.202-9618&alias=node2&noUDP&sock=startd_19693_56a6>
...
001 (311106.006.000) 2023-06-12 18:59:21 Job executing on host: <172.30.1.209:9618?addrs=172.30.1.209-9618&alias=node9&noUDP&sock=startd_3776_99b3>
...
006 (311106.006.000) 2023-06-12 18:59:30 Image size of job updated: 153512
	150  -  MemoryUsage of job (MB)
	153512  -  ResidentSetSize of job (KB)
...
006 (311106.007.000) 2023-06-12 18:59:30 Image size of job updated: 154836
	152  -  MemoryUsage of job (MB)
	154836  -  ResidentSetSize of job (KB)
...
006 (311106.008.000) 2023-06-12 18:59:30 Image size of job updated: 154856
	152  -  MemoryUsage of job (MB)
	154856  -  ResidentSetSize of job (KB)
...
006 (311106.009.000) 2023-06-12 18:59:30 Image size of job updated: 154832
	152  -  MemoryUsage of job (MB)
	154832  -  ResidentSetSize of job (KB)
...
006 (311106.002.000) 2023-06-12 18:59:30 Image size of job updated: 520996
	184  -  MemoryUsage of job (MB)
	188212  -  ResidentSetSize of job (KB)
...
006 (311106.001.000) 2023-06-12 18:59:30 Image size of job updated: 168752
	165  -  MemoryUsage of job (MB)
	168620  -  ResidentSetSize of job (KB)
...
006 (311106.003.000) 2023-06-12 18:59:30 Image size of job updated: 156300
	153  -  MemoryUsage of job (MB)
	155840  -  ResidentSetSize of job (KB)
...
006 (311106.004.000) 2023-06-12 18:59:30 Image size of job updated: 154728
	152  -  MemoryUsage of job (MB)
	154728  -  ResidentSetSize of job (KB)
...
006 (311106.005.000) 2023-06-12 18:59:30 Image size of job updated: 168464
	165  -  MemoryUsage of job (MB)
	168464  -  ResidentSetSize of job (KB)
...
006 (311106.000.000) 2023-06-12 19:01:24 Image size of job updated: 699924
	185  -  MemoryUsage of job (MB)
	188528  -  ResidentSetSize of job (KB)
...
040 (311106.000.000) 2023-06-12 19:01:24 Started transferring output files
...
040 (311106.000.000) 2023-06-12 19:01:24 Finished transferring output files
...
005 (311106.000.000) 2023-06-12 19:01:24 Job terminated.
	(1) Normal termination (return value 0)
		Usr 0 00:02:57, Sys 0 00:00:01  -  Run Remote Usage
		Usr 0 00:00:00, Sys 0 00:00:00  -  Run Local Usage
		Usr 0 00:02:57, Sys 0 00:00:01  -  Total Remote Usage
		Usr 0 00:00:00, Sys 0 00:00:00  -  Total Local Usage
	12971  -  Run Bytes Sent By Job
	148  -  Run Bytes Received By Job
	12971  -  Total Bytes Sent By Job
	148  -  Total Bytes Received By Job
	Partitionable Resources :    Usage  Request Allocated 
	   Cpus                 :                 1         1 
	   Disk (KB)            :       58        1    127802 
	   GPUs                 :                           0 
	   Memory (MB)          :      185     3900      3968 

	Job terminated of its own accord at 2023-06-12T10:01:24Z.
...
006 (311106.001.000) 2023-06-12 19:02:51 Image size of job updated: 696432
	165  -  MemoryUsage of job (MB)
	168640  -  ResidentSetSize of job (KB)
...
005 (311106.001.000) 2023-06-12 19:02:51 Job terminated.
	(1) Normal termination (return value 0)
		Usr 0 00:03:21, Sys 0 00:00:02  -  Run Remote Usage
		Usr 0 00:00:00, Sys 0 00:00:00  -  Run Local Usage
		Usr 0 00:03:21, Sys 0 00:00:02  -  Total Remote Usage
		Usr 0 00:00:00, Sys 0 00:00:00  -  Total Local Usage
	0  -  Run Bytes Sent By Job
	0  -  Run Bytes Received By Job
	0  -  Total Bytes Sent By Job
	0  -  Total Bytes Received By Job
	Partitionable Resources :    Usage  Request Allocated 
	   Cpus                 :     1.00        1         1 
	   Disk (KB)            :     1           1    128928 
	   Memory (MB)          :   165        3900      3968 

	Job terminated of its own accord at 2023-06-12T10:02:51Z.
...
006 (311106.002.000) 2023-06-12 19:03:06 Image size of job updated: 696424
	184  -  MemoryUsage of job (MB)
	188212  -  ResidentSetSize of job (KB)
...
005 (311106.002.000) 2023-06-12 19:03:06 Job terminated.
	(1) Normal termination (return value 0)
		Usr 0 00:03:38, Sys 0 00:00:02  -  Run Remote Usage
		Usr 0 00:00:00, Sys 0 00:00:00  -  Run Local Usage
		Usr 0 00:03:38, Sys 0 00:00:02  -  Total Remote Usage
		Usr 0 00:00:00, Sys 0 00:00:00  -  Total Local Usage
	0  -  Run Bytes Sent By Job
	0  -  Run Bytes Received By Job
	0  -  Total Bytes Sent By Job
	0  -  Total Bytes Received By Job
	Partitionable Resources :    Usage  Request Allocated 
	   Cpus                 :     1.00        1         1 
	   Disk (KB)            :     1           1     95898 
	   Memory (MB)          :   184        3900      3968 

	Job terminated of its own accord at 2023-06-12T10:03:06Z.
...
006 (311106.005.000) 2023-06-12 19:03:37 Image size of job updated: 698112
	165  -  MemoryUsage of job (MB)
	168464  -  ResidentSetSize of job (KB)
...
005 (311106.005.000) 2023-06-12 19:03:37 Job terminated.
	(1) Normal termination (return value 0)
		Usr 0 00:03:59, Sys 0 00:00:02  -  Run Remote Usage
		Usr 0 00:00:00, Sys 0 00:00:00  -  Run Local Usage
		Usr 0 00:03:59, Sys 0 00:00:02  -  Total Remote Usage
		Usr 0 00:00:00, Sys 0 00:00:00  -  Total Local Usage
	0  -  Run Bytes Sent By Job
	0  -  Run Bytes Received By Job
	0  -  Total Bytes Sent By Job
	0  -  Total Bytes Received By Job
	Partitionable Resources :    Usage  Request Allocated 
	   Cpus                 :                 1         1 
	   Disk (KB)            :        1        1    128928 
	   Memory (MB)          :      165     3900      3968 

	Job terminated of its own accord at 2023-06-12T10:03:37Z.
...
006 (311106.006.000) 2023-06-12 19:03:38 Image size of job updated: 699820
	150  -  MemoryUsage of job (MB)
	153512  -  ResidentSetSize of job (KB)
...
005 (311106.006.000) 2023-06-12 19:03:38 Job terminated.
	(1) Normal termination (return value 0)
		Usr 0 00:04:05, Sys 0 00:00:02  -  Run Remote Usage
		Usr 0 00:00:00, Sys 0 00:00:00  -  Run Local Usage
		Usr 0 00:04:05, Sys 0 00:00:02  -  Total Remote Usage
		Usr 0 00:00:00, Sys 0 00:00:00  -  Total Local Usage
	0  -  Run Bytes Sent By Job
	0  -  Run Bytes Received By Job
	0  -  Total Bytes Sent By Job
	0  -  Total Bytes Received By Job
	Partitionable Resources :    Usage  Request Allocated 
	   Cpus                 :                 1         1 
	   Disk (KB)            :        1        1    128928 
	   Memory (MB)          :      150     3900      3968 

	Job terminated of its own accord at 2023-06-12T10:03:38Z.
...
006 (311106.003.000) 2023-06-12 19:03:43 Image size of job updated: 700264
	153  -  MemoryUsage of job (MB)
	155860  -  ResidentSetSize of job (KB)
...
005 (311106.003.000) 2023-06-12 19:03:43 Job terminated.
	(1) Normal termination (return value 0)
		Usr 0 00:04:03, Sys 0 00:00:02  -  Run Remote Usage
		Usr 0 00:00:00, Sys 0 00:00:00  -  Run Local Usage
		Usr 0 00:04:03, Sys 0 00:00:02  -  Total Remote Usage
		Usr 0 00:00:00, Sys 0 00:00:00  -  Total Local Usage
	0  -  Run Bytes Sent By Job
	0  -  Run Bytes Received By Job
	0  -  Total Bytes Sent By Job
	0  -  Total Bytes Received By Job
	Partitionable Resources :    Usage  Request Allocated 
	   Cpus                 :     1.00        1         1 
	   Disk (KB)            :     1           1    128928 
	   Memory (MB)          :   153        3900      3968 

	Job terminated of its own accord at 2023-06-12T10:03:43Z.
...
006 (311106.004.000) 2023-06-12 19:03:52 Image size of job updated: 698056
	152  -  MemoryUsage of job (MB)
	154728  -  ResidentSetSize of job (KB)
...
005 (311106.004.000) 2023-06-12 19:03:52 Job terminated.
	(1) Normal termination (return value 0)
		Usr 0 00:04:12, Sys 0 00:00:02  -  Run Remote Usage
		Usr 0 00:00:00, Sys 0 00:00:00  -  Run Local Usage
		Usr 0 00:04:12, Sys 0 00:00:02  -  Total Remote Usage
		Usr 0 00:00:00, Sys 0 00:00:00  -  Total Local Usage
	0  -  Run Bytes Sent By Job
	0  -  Run Bytes Received By Job
	0  -  Total Bytes Sent By Job
	0  -  Total Bytes Received By Job
	Partitionable Resources :    Usage  Request Allocated 
	   Cpus                 :     0.73        1         1 
	   Disk (KB)            :     1           1    128928 
	   Memory (MB)          :   152        3900      3968 

	Job terminated of its own accord at 2023-06-12T10:03:52Z.
...
006 (311106.007.000) 2023-06-12 19:03:57 Image size of job updated: 699640
	152  -  MemoryUsage of job (MB)
	154836  -  ResidentSetSize of job (KB)
...
005 (311106.007.000) 2023-06-12 19:03:57 Job terminated.
	(1) Normal termination (return value 0)
		Usr 0 00:04:26, Sys 0 00:00:03  -  Run Remote Usage
		Usr 0 00:00:00, Sys 0 00:00:00  -  Run Local Usage
		Usr 0 00:04:26, Sys 0 00:00:03  -  Total Remote Usage
		Usr 0 00:00:00, Sys 0 00:00:00  -  Total Local Usage
	0  -  Run Bytes Sent By Job
	0  -  Run Bytes Received By Job
	0  -  Total Bytes Sent By Job
	0  -  Total Bytes Received By Job
	Partitionable Resources :    Usage  Request Allocated 
	   Cpus                 :     0.98        1         1 
	   Disk (KB)            :     1           1    128913 
	   Memory (MB)          :   152        3900      3968 

	Job terminated of its own accord at 2023-06-12T10:03:57Z.
...
006 (311106.008.000) 2023-06-12 19:04:11 Image size of job updated: 696596
	152  -  MemoryUsage of job (MB)
	154856  -  ResidentSetSize of job (KB)
...
005 (311106.008.000) 2023-06-12 19:04:11 Job terminated.
	(1) Normal termination (return value 0)
		Usr 0 00:04:37, Sys 0 00:00:03  -  Run Remote Usage
		Usr 0 00:00:00, Sys 0 00:00:00  -  Run Local Usage
		Usr 0 00:04:37, Sys 0 00:00:03  -  Total Remote Usage
		Usr 0 00:00:00, Sys 0 00:00:00  -  Total Local Usage
	0  -  Run Bytes Sent By Job
	0  -  Run Bytes Received By Job
	0  -  Total Bytes Sent By Job
	0  -  Total Bytes Received By Job
	Partitionable Resources :    Usage  Request Allocated 
	   Cpus                 :     0.99        1         1 
	   Disk (KB)            :     1           1    128913 
	   Memory (MB)          :   152        3900      3968 

	Job terminated of its own accord at 2023-06-12T10:04:11Z.
...
006 (311106.009.000) 2023-06-12 19:04:30 Image size of job updated: 699992
	222  -  MemoryUsage of job (MB)
	226600  -  ResidentSetSize of job (KB)
...
005 (311106.009.000) 2023-06-12 19:04:49 Job terminated.
	(1) Normal termination (return value 0)
		Usr 0 00:05:15, Sys 0 00:00:03  -  Run Remote Usage
		Usr 0 00:00:00, Sys 0 00:00:00  -  Run Local Usage
		Usr 0 00:05:15, Sys 0 00:00:03  -  Total Remote Usage
		Usr 0 00:00:00, Sys 0 00:00:00  -  Total Local Usage
	0  -  Run Bytes Sent By Job
	0  -  Run Bytes Received By Job
	0  -  Total Bytes Sent By Job
	0  -  Total Bytes Received By Job
	Partitionable Resources :    Usage  Request Allocated 
	   Cpus                 :     0.90        1         1 
	   Disk (KB)            :     1           1    128913 
	   Memory (MB)          :   222        3900      3968 

	Job terminated of its own accord at 2023-06-12T10:04:49Z.
...
