000 (330117.000.000) 2023-07-25 11:47:27 Job submitted from host: <172.30.1.200:9618?addrs=172.30.1.200-9618&alias=tamsa2.snu.ac.kr&noUDP&sock=schedd_3510_2582>
...
000 (330117.001.000) 2023-07-25 11:47:27 Job submitted from host: <172.30.1.200:9618?addrs=172.30.1.200-9618&alias=tamsa2.snu.ac.kr&noUDP&sock=schedd_3510_2582>
...
000 (330117.002.000) 2023-07-25 11:47:27 Job submitted from host: <172.30.1.200:9618?addrs=172.30.1.200-9618&alias=tamsa2.snu.ac.kr&noUDP&sock=schedd_3510_2582>
...
000 (330117.003.000) 2023-07-25 11:47:27 Job submitted from host: <172.30.1.200:9618?addrs=172.30.1.200-9618&alias=tamsa2.snu.ac.kr&noUDP&sock=schedd_3510_2582>
...
000 (330117.004.000) 2023-07-25 11:47:27 Job submitted from host: <172.30.1.200:9618?addrs=172.30.1.200-9618&alias=tamsa2.snu.ac.kr&noUDP&sock=schedd_3510_2582>
...
000 (330117.005.000) 2023-07-25 11:47:27 Job submitted from host: <172.30.1.200:9618?addrs=172.30.1.200-9618&alias=tamsa2.snu.ac.kr&noUDP&sock=schedd_3510_2582>
...
000 (330117.006.000) 2023-07-25 11:47:27 Job submitted from host: <172.30.1.200:9618?addrs=172.30.1.200-9618&alias=tamsa2.snu.ac.kr&noUDP&sock=schedd_3510_2582>
...
000 (330117.007.000) 2023-07-25 11:47:27 Job submitted from host: <172.30.1.200:9618?addrs=172.30.1.200-9618&alias=tamsa2.snu.ac.kr&noUDP&sock=schedd_3510_2582>
...
000 (330117.008.000) 2023-07-25 11:47:27 Job submitted from host: <172.30.1.200:9618?addrs=172.30.1.200-9618&alias=tamsa2.snu.ac.kr&noUDP&sock=schedd_3510_2582>
...
000 (330117.009.000) 2023-07-25 11:47:27 Job submitted from host: <172.30.1.200:9618?addrs=172.30.1.200-9618&alias=tamsa2.snu.ac.kr&noUDP&sock=schedd_3510_2582>
...
001 (330117.009.000) 2023-07-25 11:47:41 Job executing on host: <172.30.1.208:9618?addrs=172.30.1.208-9618&alias=node8&noUDP&sock=startd_3802_6f2a>
...
001 (330117.000.000) 2023-07-25 11:47:42 Job executing on host: <172.30.1.210:9618?addrs=172.30.1.210-9618&alias=node10&noUDP&sock=startd_3787_253e>
...
001 (330117.001.000) 2023-07-25 11:47:42 Job executing on host: <172.30.1.210:9618?addrs=172.30.1.210-9618&alias=node10&noUDP&sock=startd_3787_253e>
...
001 (330117.002.000) 2023-07-25 11:47:42 Job executing on host: <172.30.1.210:9618?addrs=172.30.1.210-9618&alias=node10&noUDP&sock=startd_3787_253e>
...
001 (330117.003.000) 2023-07-25 11:47:43 Job executing on host: <172.30.1.210:9618?addrs=172.30.1.210-9618&alias=node10&noUDP&sock=startd_3787_253e>
...
001 (330117.005.000) 2023-07-25 11:47:43 Job executing on host: <172.30.1.210:9618?addrs=172.30.1.210-9618&alias=node10&noUDP&sock=startd_3787_253e>
...
001 (330117.004.000) 2023-07-25 11:47:43 Job executing on host: <172.30.1.210:9618?addrs=172.30.1.210-9618&alias=node10&noUDP&sock=startd_3787_253e>
...
001 (330117.006.000) 2023-07-25 11:47:43 Job executing on host: <172.30.1.210:9618?addrs=172.30.1.210-9618&alias=node10&noUDP&sock=startd_3787_253e>
...
001 (330117.007.000) 2023-07-25 11:47:43 Job executing on host: <172.30.1.210:9618?addrs=172.30.1.210-9618&alias=node10&noUDP&sock=startd_3787_253e>
...
001 (330117.008.000) 2023-07-25 11:47:43 Job executing on host: <172.30.1.210:9618?addrs=172.30.1.210-9618&alias=node10&noUDP&sock=startd_3787_253e>
...
006 (330117.009.000) 2023-07-25 11:47:50 Image size of job updated: 220912
	204  -  MemoryUsage of job (MB)
	208856  -  ResidentSetSize of job (KB)
...
006 (330117.000.000) 2023-07-25 11:47:51 Image size of job updated: 644816
	182  -  MemoryUsage of job (MB)
	186020  -  ResidentSetSize of job (KB)
...
006 (330117.001.000) 2023-07-25 11:47:51 Image size of job updated: 644856
	182  -  MemoryUsage of job (MB)
	186020  -  ResidentSetSize of job (KB)
...
006 (330117.002.000) 2023-07-25 11:47:51 Image size of job updated: 644864
	182  -  MemoryUsage of job (MB)
	186108  -  ResidentSetSize of job (KB)
...
006 (330117.003.000) 2023-07-25 11:47:51 Image size of job updated: 644816
	182  -  MemoryUsage of job (MB)
	186004  -  ResidentSetSize of job (KB)
...
006 (330117.005.000) 2023-07-25 11:47:51 Image size of job updated: 644848
	182  -  MemoryUsage of job (MB)
	186004  -  ResidentSetSize of job (KB)
...
006 (330117.004.000) 2023-07-25 11:47:51 Image size of job updated: 644852
	182  -  MemoryUsage of job (MB)
	186008  -  ResidentSetSize of job (KB)
...
005 (330117.009.000) 2023-07-25 11:47:52 Job terminated.
	(1) Normal termination (return value 0)
		Usr 0 00:00:07, Sys 0 00:00:00  -  Run Remote Usage
		Usr 0 00:00:00, Sys 0 00:00:00  -  Run Local Usage
		Usr 0 00:00:07, Sys 0 00:00:00  -  Total Remote Usage
		Usr 0 00:00:00, Sys 0 00:00:00  -  Total Local Usage
	0  -  Run Bytes Sent By Job
	0  -  Run Bytes Received By Job
	0  -  Total Bytes Sent By Job
	0  -  Total Bytes Received By Job
	Partitionable Resources :    Usage  Request Allocated 
	   Cpus                 :                 1         1 
	   Disk (KB)            :        1        1    128928 
	   Memory (MB)          :      204     3900      3968 

	Job terminated of its own accord at 2023-07-25T02:47:52Z.
...
006 (330117.006.000) 2023-07-25 11:47:52 Image size of job updated: 644852
	182  -  MemoryUsage of job (MB)
	186216  -  ResidentSetSize of job (KB)
...
006 (330117.007.000) 2023-07-25 11:47:52 Image size of job updated: 644852
	182  -  MemoryUsage of job (MB)
	186164  -  ResidentSetSize of job (KB)
...
006 (330117.008.000) 2023-07-25 11:47:52 Image size of job updated: 644852
	182  -  MemoryUsage of job (MB)
	186140  -  ResidentSetSize of job (KB)
...
006 (330117.007.000) 2023-07-25 11:48:01 Image size of job updated: 644852
	182  -  MemoryUsage of job (MB)
	186192  -  ResidentSetSize of job (KB)
...
005 (330117.007.000) 2023-07-25 11:48:01 Job terminated.
	(1) Normal termination (return value 0)
		Usr 0 00:00:13, Sys 0 00:00:01  -  Run Remote Usage
		Usr 0 00:00:00, Sys 0 00:00:00  -  Run Local Usage
		Usr 0 00:00:13, Sys 0 00:00:01  -  Total Remote Usage
		Usr 0 00:00:00, Sys 0 00:00:00  -  Total Local Usage
	0  -  Run Bytes Sent By Job
	0  -  Run Bytes Received By Job
	0  -  Total Bytes Sent By Job
	0  -  Total Bytes Received By Job
	Partitionable Resources :    Usage  Request Allocated 
	   Cpus                 :                 1         1 
	   Disk (KB)            :        1        1    128928 
	   Memory (MB)          :      182     3900      3968 

	Job terminated of its own accord at 2023-07-25T02:48:01Z.
...
006 (330117.002.000) 2023-07-25 11:48:01 Image size of job updated: 686536
	182  -  MemoryUsage of job (MB)
	186108  -  ResidentSetSize of job (KB)
...
005 (330117.002.000) 2023-07-25 11:48:01 Job terminated.
	(1) Normal termination (return value 0)
		Usr 0 00:00:13, Sys 0 00:00:01  -  Run Remote Usage
		Usr 0 00:00:00, Sys 0 00:00:00  -  Run Local Usage
		Usr 0 00:00:13, Sys 0 00:00:01  -  Total Remote Usage
		Usr 0 00:00:00, Sys 0 00:00:00  -  Total Local Usage
	0  -  Run Bytes Sent By Job
	0  -  Run Bytes Received By Job
	0  -  Total Bytes Sent By Job
	0  -  Total Bytes Received By Job
	Partitionable Resources :    Usage  Request Allocated 
	   Cpus                 :                 1         1 
	   Disk (KB)            :        1        1    128928 
	   Memory (MB)          :      182     3900      3968 

	Job terminated of its own accord at 2023-07-25T02:48:01Z.
...
006 (330117.000.000) 2023-07-25 11:48:01 Image size of job updated: 686440
	182  -  MemoryUsage of job (MB)
	186020  -  ResidentSetSize of job (KB)
...
005 (330117.000.000) 2023-07-25 11:48:01 Job terminated.
	(1) Normal termination (return value 0)
		Usr 0 00:00:13, Sys 0 00:00:01  -  Run Remote Usage
		Usr 0 00:00:00, Sys 0 00:00:00  -  Run Local Usage
		Usr 0 00:00:13, Sys 0 00:00:01  -  Total Remote Usage
		Usr 0 00:00:00, Sys 0 00:00:00  -  Total Local Usage
	0  -  Run Bytes Sent By Job
	0  -  Run Bytes Received By Job
	0  -  Total Bytes Sent By Job
	0  -  Total Bytes Received By Job
	Partitionable Resources :    Usage  Request Allocated 
	   Cpus                 :                 1         1 
	   Disk (KB)            :        1        1    128928 
	   Memory (MB)          :      182     3900      3968 

	Job terminated of its own accord at 2023-07-25T02:48:01Z.
...
006 (330117.008.000) 2023-07-25 11:48:01 Image size of job updated: 686736
	182  -  MemoryUsage of job (MB)
	186140  -  ResidentSetSize of job (KB)
...
005 (330117.008.000) 2023-07-25 11:48:01 Job terminated.
	(1) Normal termination (return value 0)
		Usr 0 00:00:14, Sys 0 00:00:01  -  Run Remote Usage
		Usr 0 00:00:00, Sys 0 00:00:00  -  Run Local Usage
		Usr 0 00:00:14, Sys 0 00:00:01  -  Total Remote Usage
		Usr 0 00:00:00, Sys 0 00:00:00  -  Total Local Usage
	0  -  Run Bytes Sent By Job
	0  -  Run Bytes Received By Job
	0  -  Total Bytes Sent By Job
	0  -  Total Bytes Received By Job
	Partitionable Resources :    Usage  Request Allocated 
	   Cpus                 :                 1         1 
	   Disk (KB)            :        1        1    128928 
	   Memory (MB)          :      182     3900      3968 

	Job terminated of its own accord at 2023-07-25T02:48:01Z.
...
006 (330117.003.000) 2023-07-25 11:48:02 Image size of job updated: 686456
	182  -  MemoryUsage of job (MB)
	186004  -  ResidentSetSize of job (KB)
...
005 (330117.003.000) 2023-07-25 11:48:02 Job terminated.
	(1) Normal termination (return value 0)
		Usr 0 00:00:14, Sys 0 00:00:01  -  Run Remote Usage
		Usr 0 00:00:00, Sys 0 00:00:00  -  Run Local Usage
		Usr 0 00:00:14, Sys 0 00:00:01  -  Total Remote Usage
		Usr 0 00:00:00, Sys 0 00:00:00  -  Total Local Usage
	0  -  Run Bytes Sent By Job
	0  -  Run Bytes Received By Job
	0  -  Total Bytes Sent By Job
	0  -  Total Bytes Received By Job
	Partitionable Resources :    Usage  Request Allocated 
	   Cpus                 :                 1         1 
	   Disk (KB)            :        1        1    128928 
	   Memory (MB)          :      182     3900      3968 

	Job terminated of its own accord at 2023-07-25T02:48:02Z.
...
006 (330117.006.000) 2023-07-25 11:48:02 Image size of job updated: 685652
	182  -  MemoryUsage of job (MB)
	186216  -  ResidentSetSize of job (KB)
...
005 (330117.006.000) 2023-07-25 11:48:03 Job terminated.
	(1) Normal termination (return value 0)
		Usr 0 00:00:15, Sys 0 00:00:01  -  Run Remote Usage
		Usr 0 00:00:00, Sys 0 00:00:00  -  Run Local Usage
		Usr 0 00:00:15, Sys 0 00:00:01  -  Total Remote Usage
		Usr 0 00:00:00, Sys 0 00:00:00  -  Total Local Usage
	0  -  Run Bytes Sent By Job
	0  -  Run Bytes Received By Job
	0  -  Total Bytes Sent By Job
	0  -  Total Bytes Received By Job
	Partitionable Resources :    Usage  Request Allocated 
	   Cpus                 :                 1         1 
	   Disk (KB)            :        1        1    128928 
	   Memory (MB)          :      182     3900      3968 

	Job terminated of its own accord at 2023-07-25T02:48:02Z.
...
006 (330117.001.000) 2023-07-25 11:48:03 Image size of job updated: 686544
	182  -  MemoryUsage of job (MB)
	186020  -  ResidentSetSize of job (KB)
...
005 (330117.001.000) 2023-07-25 11:48:03 Job terminated.
	(1) Normal termination (return value 0)
		Usr 0 00:00:15, Sys 0 00:00:01  -  Run Remote Usage
		Usr 0 00:00:00, Sys 0 00:00:00  -  Run Local Usage
		Usr 0 00:00:15, Sys 0 00:00:01  -  Total Remote Usage
		Usr 0 00:00:00, Sys 0 00:00:00  -  Total Local Usage
	0  -  Run Bytes Sent By Job
	0  -  Run Bytes Received By Job
	0  -  Total Bytes Sent By Job
	0  -  Total Bytes Received By Job
	Partitionable Resources :    Usage  Request Allocated 
	   Cpus                 :                 1         1 
	   Disk (KB)            :        1        1    128928 
	   Memory (MB)          :      182     3900      3968 

	Job terminated of its own accord at 2023-07-25T02:48:03Z.
...
006 (330117.004.000) 2023-07-25 11:48:05 Image size of job updated: 685632
	182  -  MemoryUsage of job (MB)
	186008  -  ResidentSetSize of job (KB)
...
005 (330117.004.000) 2023-07-25 11:48:05 Job terminated.
	(1) Normal termination (return value 0)
		Usr 0 00:00:17, Sys 0 00:00:01  -  Run Remote Usage
		Usr 0 00:00:00, Sys 0 00:00:00  -  Run Local Usage
		Usr 0 00:00:17, Sys 0 00:00:01  -  Total Remote Usage
		Usr 0 00:00:00, Sys 0 00:00:00  -  Total Local Usage
	0  -  Run Bytes Sent By Job
	0  -  Run Bytes Received By Job
	0  -  Total Bytes Sent By Job
	0  -  Total Bytes Received By Job
	Partitionable Resources :    Usage  Request Allocated 
	   Cpus                 :                 1         1 
	   Disk (KB)            :        1        1    128928 
	   Memory (MB)          :      182     3900      3968 

	Job terminated of its own accord at 2023-07-25T02:48:05Z.
...
006 (330117.005.000) 2023-07-25 11:48:06 Image size of job updated: 686580
	182  -  MemoryUsage of job (MB)
	186004  -  ResidentSetSize of job (KB)
...
005 (330117.005.000) 2023-07-25 11:48:06 Job terminated.
	(1) Normal termination (return value 0)
		Usr 0 00:00:18, Sys 0 00:00:01  -  Run Remote Usage
		Usr 0 00:00:00, Sys 0 00:00:00  -  Run Local Usage
		Usr 0 00:00:18, Sys 0 00:00:01  -  Total Remote Usage
		Usr 0 00:00:00, Sys 0 00:00:00  -  Total Local Usage
	0  -  Run Bytes Sent By Job
	0  -  Run Bytes Received By Job
	0  -  Total Bytes Sent By Job
	0  -  Total Bytes Received By Job
	Partitionable Resources :    Usage  Request Allocated 
	   Cpus                 :                 1         1 
	   Disk (KB)            :        1        1    128928 
	   Memory (MB)          :      182     3900      3968 

	Job terminated of its own accord at 2023-07-25T02:48:06Z.
...
