000 (310100.000.000) 2023-06-09 14:35:45 Job submitted from host: <172.30.1.200:9618?addrs=172.30.1.200-9618&alias=tamsa2.snu.ac.kr&noUDP&sock=schedd_3510_2582>
...
000 (310100.001.000) 2023-06-09 14:35:45 Job submitted from host: <172.30.1.200:9618?addrs=172.30.1.200-9618&alias=tamsa2.snu.ac.kr&noUDP&sock=schedd_3510_2582>
...
000 (310100.002.000) 2023-06-09 14:35:45 Job submitted from host: <172.30.1.200:9618?addrs=172.30.1.200-9618&alias=tamsa2.snu.ac.kr&noUDP&sock=schedd_3510_2582>
...
000 (310100.003.000) 2023-06-09 14:35:45 Job submitted from host: <172.30.1.200:9618?addrs=172.30.1.200-9618&alias=tamsa2.snu.ac.kr&noUDP&sock=schedd_3510_2582>
...
000 (310100.004.000) 2023-06-09 14:35:45 Job submitted from host: <172.30.1.200:9618?addrs=172.30.1.200-9618&alias=tamsa2.snu.ac.kr&noUDP&sock=schedd_3510_2582>
...
000 (310100.005.000) 2023-06-09 14:35:45 Job submitted from host: <172.30.1.200:9618?addrs=172.30.1.200-9618&alias=tamsa2.snu.ac.kr&noUDP&sock=schedd_3510_2582>
...
000 (310100.006.000) 2023-06-09 14:35:45 Job submitted from host: <172.30.1.200:9618?addrs=172.30.1.200-9618&alias=tamsa2.snu.ac.kr&noUDP&sock=schedd_3510_2582>
...
000 (310100.007.000) 2023-06-09 14:35:45 Job submitted from host: <172.30.1.200:9618?addrs=172.30.1.200-9618&alias=tamsa2.snu.ac.kr&noUDP&sock=schedd_3510_2582>
...
000 (310100.008.000) 2023-06-09 14:35:45 Job submitted from host: <172.30.1.200:9618?addrs=172.30.1.200-9618&alias=tamsa2.snu.ac.kr&noUDP&sock=schedd_3510_2582>
...
000 (310100.009.000) 2023-06-09 14:35:45 Job submitted from host: <172.30.1.200:9618?addrs=172.30.1.200-9618&alias=tamsa2.snu.ac.kr&noUDP&sock=schedd_3510_2582>
...
001 (310100.000.000) 2023-06-09 14:35:54 Job executing on host: <172.30.1.205:9618?addrs=172.30.1.205-9618&alias=node5&noUDP&sock=startd_3770_7c22>
...
001 (310100.001.000) 2023-06-09 14:35:54 Job executing on host: <172.30.1.206:9618?addrs=172.30.1.206-9618&alias=node6&noUDP&sock=startd_3777_494c>
...
001 (310100.002.000) 2023-06-09 14:35:54 Job executing on host: <172.30.1.207:9618?addrs=172.30.1.207-9618&alias=node7&noUDP&sock=startd_3802_6f2a>
...
001 (310100.003.000) 2023-06-09 14:35:54 Job executing on host: <172.30.1.207:9618?addrs=172.30.1.207-9618&alias=node7&noUDP&sock=startd_3802_6f2a>
...
001 (310100.006.000) 2023-06-09 14:35:54 Job executing on host: <172.30.1.204:9618?addrs=172.30.1.204-9618&alias=node4&noUDP&sock=startd_3843_8e8c>
...
001 (310100.007.000) 2023-06-09 14:35:54 Job executing on host: <172.30.1.208:9618?addrs=172.30.1.208-9618&alias=node8&noUDP&sock=startd_3802_6f2a>
...
001 (310100.005.000) 2023-06-09 14:35:54 Job executing on host: <172.30.1.203:9618?addrs=172.30.1.203-9618&alias=node3&noUDP&sock=startd_3773_8aeb>
...
001 (310100.004.000) 2023-06-09 14:35:54 Job executing on host: <172.30.1.207:9618?addrs=172.30.1.207-9618&alias=node7&noUDP&sock=startd_3802_6f2a>
...
001 (310100.008.000) 2023-06-09 14:35:54 Job executing on host: <172.30.1.208:9618?addrs=172.30.1.208-9618&alias=node8&noUDP&sock=startd_3802_6f2a>
...
001 (310100.009.000) 2023-06-09 14:35:54 Job executing on host: <172.30.1.208:9618?addrs=172.30.1.208-9618&alias=node8&noUDP&sock=startd_3802_6f2a>
...
006 (310100.001.000) 2023-06-09 14:36:02 Image size of job updated: 639828
	183  -  MemoryUsage of job (MB)
	186492  -  ResidentSetSize of job (KB)
...
006 (310100.000.000) 2023-06-09 14:36:02 Image size of job updated: 110844
	109  -  MemoryUsage of job (MB)
	110844  -  ResidentSetSize of job (KB)
...
006 (310100.002.000) 2023-06-09 14:36:02 Image size of job updated: 182216
	176  -  MemoryUsage of job (MB)
	180048  -  ResidentSetSize of job (KB)
...
006 (310100.003.000) 2023-06-09 14:36:02 Image size of job updated: 191596
	176  -  MemoryUsage of job (MB)
	180044  -  ResidentSetSize of job (KB)
...
006 (310100.006.000) 2023-06-09 14:36:02 Image size of job updated: 176948
	151  -  MemoryUsage of job (MB)
	154032  -  ResidentSetSize of job (KB)
...
006 (310100.005.000) 2023-06-09 14:36:02 Image size of job updated: 118052
	116  -  MemoryUsage of job (MB)
	118052  -  ResidentSetSize of job (KB)
...
006 (310100.007.000) 2023-06-09 14:36:02 Image size of job updated: 400236
	70  -  MemoryUsage of job (MB)
	71604  -  ResidentSetSize of job (KB)
...
006 (310100.004.000) 2023-06-09 14:36:02 Image size of job updated: 194472
	176  -  MemoryUsage of job (MB)
	180044  -  ResidentSetSize of job (KB)
...
006 (310100.008.000) 2023-06-09 14:36:02 Image size of job updated: 400416
	70  -  MemoryUsage of job (MB)
	71608  -  ResidentSetSize of job (KB)
...
006 (310100.009.000) 2023-06-09 14:36:03 Image size of job updated: 400416
	70  -  MemoryUsage of job (MB)
	71668  -  ResidentSetSize of job (KB)
...
006 (310100.001.000) 2023-06-09 14:36:11 Image size of job updated: 645788
	183  -  MemoryUsage of job (MB)
	186492  -  ResidentSetSize of job (KB)
...
005 (310100.001.000) 2023-06-09 14:36:11 Job terminated.
	(1) Normal termination (return value 0)
		Usr 0 00:00:10, Sys 0 00:00:00  -  Run Remote Usage
		Usr 0 00:00:00, Sys 0 00:00:00  -  Run Local Usage
		Usr 0 00:00:10, Sys 0 00:00:00  -  Total Remote Usage
		Usr 0 00:00:00, Sys 0 00:00:00  -  Total Local Usage
	0  -  Run Bytes Sent By Job
	0  -  Run Bytes Received By Job
	0  -  Total Bytes Sent By Job
	0  -  Total Bytes Received By Job
	Partitionable Resources :    Usage  Request Allocated 
	   Cpus                 :                 1         1 
	   Disk (KB)            :        1        1     95898 
	   Memory (MB)          :      183     3900      3968 

	Job terminated of its own accord at 2023-06-09T05:36:11Z.
...
006 (310100.002.000) 2023-06-09 14:36:13 Image size of job updated: 685224
	176  -  MemoryUsage of job (MB)
	180048  -  ResidentSetSize of job (KB)
...
005 (310100.002.000) 2023-06-09 14:36:14 Job terminated.
	(1) Normal termination (return value 0)
		Usr 0 00:00:11, Sys 0 00:00:01  -  Run Remote Usage
		Usr 0 00:00:00, Sys 0 00:00:00  -  Run Local Usage
		Usr 0 00:00:11, Sys 0 00:00:01  -  Total Remote Usage
		Usr 0 00:00:00, Sys 0 00:00:00  -  Total Local Usage
	0  -  Run Bytes Sent By Job
	0  -  Run Bytes Received By Job
	0  -  Total Bytes Sent By Job
	0  -  Total Bytes Received By Job
	Partitionable Resources :    Usage  Request Allocated 
	   Cpus                 :                 1         1 
	   Disk (KB)            :        1        1    128928 
	   Memory (MB)          :      176     3900      3968 

	Job terminated of its own accord at 2023-06-09T05:36:13Z.
...
006 (310100.004.000) 2023-06-09 14:36:17 Image size of job updated: 685200
	176  -  MemoryUsage of job (MB)
	180044  -  ResidentSetSize of job (KB)
...
005 (310100.004.000) 2023-06-09 14:36:17 Job terminated.
	(1) Normal termination (return value 0)
		Usr 0 00:00:15, Sys 0 00:00:01  -  Run Remote Usage
		Usr 0 00:00:00, Sys 0 00:00:00  -  Run Local Usage
		Usr 0 00:00:15, Sys 0 00:00:01  -  Total Remote Usage
		Usr 0 00:00:00, Sys 0 00:00:00  -  Total Local Usage
	0  -  Run Bytes Sent By Job
	0  -  Run Bytes Received By Job
	0  -  Total Bytes Sent By Job
	0  -  Total Bytes Received By Job
	Partitionable Resources :    Usage  Request Allocated 
	   Cpus                 :                 1         1 
	   Disk (KB)            :        1        1    128928 
	   Memory (MB)          :      176     3900      3968 

	Job terminated of its own accord at 2023-06-09T05:36:17Z.
...
006 (310100.006.000) 2023-06-09 14:36:22 Image size of job updated: 645736
	151  -  MemoryUsage of job (MB)
	154032  -  ResidentSetSize of job (KB)
...
005 (310100.006.000) 2023-06-09 14:36:22 Job terminated.
	(1) Normal termination (return value 0)
		Usr 0 00:00:19, Sys 0 00:00:01  -  Run Remote Usage
		Usr 0 00:00:00, Sys 0 00:00:00  -  Run Local Usage
		Usr 0 00:00:19, Sys 0 00:00:01  -  Total Remote Usage
		Usr 0 00:00:00, Sys 0 00:00:00  -  Total Local Usage
	0  -  Run Bytes Sent By Job
	0  -  Run Bytes Received By Job
	0  -  Total Bytes Sent By Job
	0  -  Total Bytes Received By Job
	Partitionable Resources :    Usage  Request Allocated 
	   Cpus                 :                 1         1 
	   Disk (KB)            :        1        1    128928 
	   Memory (MB)          :      151     3900      3968 

	Job terminated of its own accord at 2023-06-09T05:36:22Z.
...
006 (310100.000.000) 2023-06-09 14:36:24 Image size of job updated: 685388
	109  -  MemoryUsage of job (MB)
	110844  -  ResidentSetSize of job (KB)
...
005 (310100.000.000) 2023-06-09 14:36:24 Job terminated.
	(1) Normal termination (return value 0)
		Usr 0 00:00:17, Sys 0 00:00:01  -  Run Remote Usage
		Usr 0 00:00:00, Sys 0 00:00:00  -  Run Local Usage
		Usr 0 00:00:17, Sys 0 00:00:01  -  Total Remote Usage
		Usr 0 00:00:00, Sys 0 00:00:00  -  Total Local Usage
	0  -  Run Bytes Sent By Job
	0  -  Run Bytes Received By Job
	0  -  Total Bytes Sent By Job
	0  -  Total Bytes Received By Job
	Partitionable Resources :    Usage  Request Allocated 
	   Cpus                 :                 1         1 
	   Disk (KB)            :        1        1    128928 
	   Memory (MB)          :      109     3900      3968 

	Job terminated of its own accord at 2023-06-09T05:36:24Z.
...
006 (310100.003.000) 2023-06-09 14:36:24 Image size of job updated: 690344
	176  -  MemoryUsage of job (MB)
	180044  -  ResidentSetSize of job (KB)
...
005 (310100.003.000) 2023-06-09 14:36:24 Job terminated.
	(1) Normal termination (return value 0)
		Usr 0 00:00:23, Sys 0 00:00:01  -  Run Remote Usage
		Usr 0 00:00:00, Sys 0 00:00:00  -  Run Local Usage
		Usr 0 00:00:23, Sys 0 00:00:01  -  Total Remote Usage
		Usr 0 00:00:00, Sys 0 00:00:00  -  Total Local Usage
	0  -  Run Bytes Sent By Job
	0  -  Run Bytes Received By Job
	0  -  Total Bytes Sent By Job
	0  -  Total Bytes Received By Job
	Partitionable Resources :    Usage  Request Allocated 
	   Cpus                 :                 1         1 
	   Disk (KB)            :        1        1    128928 
	   Memory (MB)          :      176     3900      3968 

	Job terminated of its own accord at 2023-06-09T05:36:24Z.
...
006 (310100.005.000) 2023-06-09 14:36:26 Image size of job updated: 685292
	116  -  MemoryUsage of job (MB)
	118052  -  ResidentSetSize of job (KB)
...
005 (310100.005.000) 2023-06-09 14:36:26 Job terminated.
	(1) Normal termination (return value 0)
		Usr 0 00:00:20, Sys 0 00:00:01  -  Run Remote Usage
		Usr 0 00:00:00, Sys 0 00:00:00  -  Run Local Usage
		Usr 0 00:00:20, Sys 0 00:00:01  -  Total Remote Usage
		Usr 0 00:00:00, Sys 0 00:00:00  -  Total Local Usage
	0  -  Run Bytes Sent By Job
	0  -  Run Bytes Received By Job
	0  -  Total Bytes Sent By Job
	0  -  Total Bytes Received By Job
	Partitionable Resources :    Usage  Request Allocated 
	   Cpus                 :                 1         1 
	   Disk (KB)            :        1        1    128928 
	   Memory (MB)          :      116     3900      3968 

	Job terminated of its own accord at 2023-06-09T05:36:26Z.
...
006 (310100.008.000) 2023-06-09 14:36:28 Image size of job updated: 685384
	70  -  MemoryUsage of job (MB)
	71608  -  ResidentSetSize of job (KB)
...
005 (310100.008.000) 2023-06-09 14:36:28 Job terminated.
	(1) Normal termination (return value 0)
		Usr 0 00:00:20, Sys 0 00:00:01  -  Run Remote Usage
		Usr 0 00:00:00, Sys 0 00:00:00  -  Run Local Usage
		Usr 0 00:00:20, Sys 0 00:00:01  -  Total Remote Usage
		Usr 0 00:00:00, Sys 0 00:00:00  -  Total Local Usage
	0  -  Run Bytes Sent By Job
	0  -  Run Bytes Received By Job
	0  -  Total Bytes Sent By Job
	0  -  Total Bytes Received By Job
	Partitionable Resources :    Usage  Request Allocated 
	   Cpus                 :                 1         1 
	   Disk (KB)            :        1        1    128928 
	   Memory (MB)          :       70     3900      3968 

	Job terminated of its own accord at 2023-06-09T05:36:28Z.
...
006 (310100.007.000) 2023-06-09 14:36:35 Image size of job updated: 690200
	70  -  MemoryUsage of job (MB)
	71604  -  ResidentSetSize of job (KB)
...
005 (310100.007.000) 2023-06-09 14:36:35 Job terminated.
	(1) Normal termination (return value 0)
		Usr 0 00:00:24, Sys 0 00:00:01  -  Run Remote Usage
		Usr 0 00:00:00, Sys 0 00:00:00  -  Run Local Usage
		Usr 0 00:00:24, Sys 0 00:00:01  -  Total Remote Usage
		Usr 0 00:00:00, Sys 0 00:00:00  -  Total Local Usage
	0  -  Run Bytes Sent By Job
	0  -  Run Bytes Received By Job
	0  -  Total Bytes Sent By Job
	0  -  Total Bytes Received By Job
	Partitionable Resources :    Usage  Request Allocated 
	   Cpus                 :                 1         1 
	   Disk (KB)            :        1        1    128928 
	   Memory (MB)          :       70     3900      3968 

	Job terminated of its own accord at 2023-06-09T05:36:35Z.
...
006 (310100.009.000) 2023-06-09 14:36:36 Image size of job updated: 687016
	70  -  MemoryUsage of job (MB)
	71668  -  ResidentSetSize of job (KB)
...
005 (310100.009.000) 2023-06-09 14:36:36 Job terminated.
	(1) Normal termination (return value 0)
		Usr 0 00:00:26, Sys 0 00:00:01  -  Run Remote Usage
		Usr 0 00:00:00, Sys 0 00:00:00  -  Run Local Usage
		Usr 0 00:00:26, Sys 0 00:00:01  -  Total Remote Usage
		Usr 0 00:00:00, Sys 0 00:00:00  -  Total Local Usage
	0  -  Run Bytes Sent By Job
	0  -  Run Bytes Received By Job
	0  -  Total Bytes Sent By Job
	0  -  Total Bytes Received By Job
	Partitionable Resources :    Usage  Request Allocated 
	   Cpus                 :                 1         1 
	   Disk (KB)            :        1        1    128928 
	   Memory (MB)          :       70     3900      3968 

	Job terminated of its own accord at 2023-06-09T05:36:36Z.
...
000 (310110.000.000) 2023-06-09 14:54:09 Job submitted from host: <172.30.1.200:9618?addrs=172.30.1.200-9618&alias=tamsa2.snu.ac.kr&noUDP&sock=schedd_3510_2582>
...
000 (310110.001.000) 2023-06-09 14:54:09 Job submitted from host: <172.30.1.200:9618?addrs=172.30.1.200-9618&alias=tamsa2.snu.ac.kr&noUDP&sock=schedd_3510_2582>
...
000 (310110.002.000) 2023-06-09 14:54:09 Job submitted from host: <172.30.1.200:9618?addrs=172.30.1.200-9618&alias=tamsa2.snu.ac.kr&noUDP&sock=schedd_3510_2582>
...
000 (310110.003.000) 2023-06-09 14:54:09 Job submitted from host: <172.30.1.200:9618?addrs=172.30.1.200-9618&alias=tamsa2.snu.ac.kr&noUDP&sock=schedd_3510_2582>
...
000 (310110.004.000) 2023-06-09 14:54:09 Job submitted from host: <172.30.1.200:9618?addrs=172.30.1.200-9618&alias=tamsa2.snu.ac.kr&noUDP&sock=schedd_3510_2582>
...
000 (310110.005.000) 2023-06-09 14:54:09 Job submitted from host: <172.30.1.200:9618?addrs=172.30.1.200-9618&alias=tamsa2.snu.ac.kr&noUDP&sock=schedd_3510_2582>
...
000 (310110.006.000) 2023-06-09 14:54:09 Job submitted from host: <172.30.1.200:9618?addrs=172.30.1.200-9618&alias=tamsa2.snu.ac.kr&noUDP&sock=schedd_3510_2582>
...
000 (310110.007.000) 2023-06-09 14:54:09 Job submitted from host: <172.30.1.200:9618?addrs=172.30.1.200-9618&alias=tamsa2.snu.ac.kr&noUDP&sock=schedd_3510_2582>
...
000 (310110.008.000) 2023-06-09 14:54:09 Job submitted from host: <172.30.1.200:9618?addrs=172.30.1.200-9618&alias=tamsa2.snu.ac.kr&noUDP&sock=schedd_3510_2582>
...
000 (310110.009.000) 2023-06-09 14:54:09 Job submitted from host: <172.30.1.200:9618?addrs=172.30.1.200-9618&alias=tamsa2.snu.ac.kr&noUDP&sock=schedd_3510_2582>
...
001 (310110.008.000) 2023-06-09 14:54:19 Job executing on host: <172.30.1.208:9618?addrs=172.30.1.208-9618&alias=node8&noUDP&sock=startd_3802_6f2a>
...
001 (310110.007.000) 2023-06-09 14:54:19 Job executing on host: <172.30.1.210:9618?addrs=172.30.1.210-9618&alias=node10&noUDP&sock=startd_3787_253e>
...
001 (310110.004.000) 2023-06-09 14:54:19 Job executing on host: <172.30.1.204:9618?addrs=172.30.1.204-9618&alias=node4&noUDP&sock=startd_3843_8e8c>
...
001 (310110.009.000) 2023-06-09 14:54:19 Job executing on host: <172.30.1.209:9618?addrs=172.30.1.209-9618&alias=node9&noUDP&sock=startd_3776_99b3>
...
001 (310110.006.000) 2023-06-09 14:54:19 Job executing on host: <172.30.1.201:9618?addrs=172.30.1.201-9618&alias=node1&noUDP&sock=startd_4675_3d58>
...
001 (310110.005.000) 2023-06-09 14:54:19 Job executing on host: <172.30.1.201:9618?addrs=172.30.1.201-9618&alias=node1&noUDP&sock=startd_4675_3d58>
...
001 (310110.000.000) 2023-06-09 14:54:19 Job executing on host: <172.30.1.207:9618?addrs=172.30.1.207-9618&alias=node7&noUDP&sock=startd_3802_6f2a>
...
001 (310110.003.000) 2023-06-09 14:54:19 Job executing on host: <172.30.1.207:9618?addrs=172.30.1.207-9618&alias=node7&noUDP&sock=startd_3802_6f2a>
...
001 (310110.001.000) 2023-06-09 14:54:19 Job executing on host: <172.30.1.207:9618?addrs=172.30.1.207-9618&alias=node7&noUDP&sock=startd_3802_6f2a>
...
001 (310110.002.000) 2023-06-09 14:54:19 Job executing on host: <172.30.1.207:9618?addrs=172.30.1.207-9618&alias=node7&noUDP&sock=startd_3802_6f2a>
...
006 (310110.007.000) 2023-06-09 14:54:27 Image size of job updated: 184476
	180  -  MemoryUsage of job (MB)
	184228  -  ResidentSetSize of job (KB)
...
006 (310110.004.000) 2023-06-09 14:54:27 Image size of job updated: 186216
	182  -  MemoryUsage of job (MB)
	186200  -  ResidentSetSize of job (KB)
...
006 (310110.008.000) 2023-06-09 14:54:27 Image size of job updated: 71452
	70  -  MemoryUsage of job (MB)
	71452  -  ResidentSetSize of job (KB)
...
006 (310110.009.000) 2023-06-09 14:54:27 Image size of job updated: 430380
	114  -  MemoryUsage of job (MB)
	116728  -  ResidentSetSize of job (KB)
...
006 (310110.005.000) 2023-06-09 14:54:27 Image size of job updated: 515316
	154  -  MemoryUsage of job (MB)
	156704  -  ResidentSetSize of job (KB)
...
006 (310110.006.000) 2023-06-09 14:54:27 Image size of job updated: 515044
	154  -  MemoryUsage of job (MB)
	156712  -  ResidentSetSize of job (KB)
...
006 (310110.000.000) 2023-06-09 14:54:27 Image size of job updated: 125448
	123  -  MemoryUsage of job (MB)
	125448  -  ResidentSetSize of job (KB)
...
006 (310110.003.000) 2023-06-09 14:54:27 Image size of job updated: 125444
	123  -  MemoryUsage of job (MB)
	125444  -  ResidentSetSize of job (KB)
...
006 (310110.001.000) 2023-06-09 14:54:27 Image size of job updated: 125440
	123  -  MemoryUsage of job (MB)
	125440  -  ResidentSetSize of job (KB)
...
006 (310110.002.000) 2023-06-09 14:54:27 Image size of job updated: 125444
	123  -  MemoryUsage of job (MB)
	125444  -  ResidentSetSize of job (KB)
...
006 (310110.005.000) 2023-06-09 14:54:43 Image size of job updated: 684928
	154  -  MemoryUsage of job (MB)
	156704  -  ResidentSetSize of job (KB)
...
005 (310110.005.000) 2023-06-09 14:54:43 Job terminated.
	(1) Normal termination (return value 0)
		Usr 0 00:00:15, Sys 0 00:00:01  -  Run Remote Usage
		Usr 0 00:00:00, Sys 0 00:00:00  -  Run Local Usage
		Usr 0 00:00:15, Sys 0 00:00:01  -  Total Remote Usage
		Usr 0 00:00:00, Sys 0 00:00:00  -  Total Local Usage
	0  -  Run Bytes Sent By Job
	0  -  Run Bytes Received By Job
	0  -  Total Bytes Sent By Job
	0  -  Total Bytes Received By Job
	Partitionable Resources :    Usage  Request Allocated 
	   Cpus                 :                 1         1 
	   Disk (KB)            :        1        1    128992 
	   Memory (MB)          :      154     3900      3968 

	Job terminated of its own accord at 2023-06-09T05:54:43Z.
...
006 (310110.001.000) 2023-06-09 14:54:43 Image size of job updated: 684944
	123  -  MemoryUsage of job (MB)
	125440  -  ResidentSetSize of job (KB)
...
005 (310110.001.000) 2023-06-09 14:54:44 Job terminated.
	(1) Normal termination (return value 0)
		Usr 0 00:00:14, Sys 0 00:00:01  -  Run Remote Usage
		Usr 0 00:00:00, Sys 0 00:00:00  -  Run Local Usage
		Usr 0 00:00:14, Sys 0 00:00:01  -  Total Remote Usage
		Usr 0 00:00:00, Sys 0 00:00:00  -  Total Local Usage
	0  -  Run Bytes Sent By Job
	0  -  Run Bytes Received By Job
	0  -  Total Bytes Sent By Job
	0  -  Total Bytes Received By Job
	Partitionable Resources :    Usage  Request Allocated 
	   Cpus                 :                 1         1 
	   Disk (KB)            :        1        1    128928 
	   Memory (MB)          :      123     3900      3968 

	Job terminated of its own accord at 2023-06-09T05:54:43Z.
...
006 (310110.004.000) 2023-06-09 14:54:44 Image size of job updated: 684888
	182  -  MemoryUsage of job (MB)
	186200  -  ResidentSetSize of job (KB)
...
005 (310110.004.000) 2023-06-09 14:54:44 Job terminated.
	(1) Normal termination (return value 0)
		Usr 0 00:00:19, Sys 0 00:00:01  -  Run Remote Usage
		Usr 0 00:00:00, Sys 0 00:00:00  -  Run Local Usage
		Usr 0 00:00:19, Sys 0 00:00:01  -  Total Remote Usage
		Usr 0 00:00:00, Sys 0 00:00:00  -  Total Local Usage
	0  -  Run Bytes Sent By Job
	0  -  Run Bytes Received By Job
	0  -  Total Bytes Sent By Job
	0  -  Total Bytes Received By Job
	Partitionable Resources :    Usage  Request Allocated 
	   Cpus                 :                 1         1 
	   Disk (KB)            :        1        1    128928 
	   Memory (MB)          :      182     3900      3968 

	Job terminated of its own accord at 2023-06-09T05:54:44Z.
...
006 (310110.006.000) 2023-06-09 14:54:45 Image size of job updated: 685280
	154  -  MemoryUsage of job (MB)
	156712  -  ResidentSetSize of job (KB)
...
005 (310110.006.000) 2023-06-09 14:54:45 Job terminated.
	(1) Normal termination (return value 0)
		Usr 0 00:00:17, Sys 0 00:00:01  -  Run Remote Usage
		Usr 0 00:00:00, Sys 0 00:00:00  -  Run Local Usage
		Usr 0 00:00:17, Sys 0 00:00:01  -  Total Remote Usage
		Usr 0 00:00:00, Sys 0 00:00:00  -  Total Local Usage
	0  -  Run Bytes Sent By Job
	0  -  Run Bytes Received By Job
	0  -  Total Bytes Sent By Job
	0  -  Total Bytes Received By Job
	Partitionable Resources :    Usage  Request Allocated 
	   Cpus                 :                 1         1 
	   Disk (KB)            :        1        1    128992 
	   Memory (MB)          :      154     3900      3968 

	Job terminated of its own accord at 2023-06-09T05:54:45Z.
...
006 (310110.000.000) 2023-06-09 14:54:46 Image size of job updated: 685512
	123  -  MemoryUsage of job (MB)
	125448  -  ResidentSetSize of job (KB)
...
005 (310110.000.000) 2023-06-09 14:54:46 Job terminated.
	(1) Normal termination (return value 0)
		Usr 0 00:00:14, Sys 0 00:00:01  -  Run Remote Usage
		Usr 0 00:00:00, Sys 0 00:00:00  -  Run Local Usage
		Usr 0 00:00:14, Sys 0 00:00:01  -  Total Remote Usage
		Usr 0 00:00:00, Sys 0 00:00:00  -  Total Local Usage
	0  -  Run Bytes Sent By Job
	0  -  Run Bytes Received By Job
	0  -  Total Bytes Sent By Job
	0  -  Total Bytes Received By Job
	Partitionable Resources :    Usage  Request Allocated 
	   Cpus                 :                 1         1 
	   Disk (KB)            :        1        1    128928 
	   Memory (MB)          :      123     3900      3968 

	Job terminated of its own accord at 2023-06-09T05:54:46Z.
...
006 (310110.007.000) 2023-06-09 14:54:46 Image size of job updated: 690288
	180  -  MemoryUsage of job (MB)
	184228  -  ResidentSetSize of job (KB)
...
005 (310110.007.000) 2023-06-09 14:54:46 Job terminated.
	(1) Normal termination (return value 0)
		Usr 0 00:00:18, Sys 0 00:00:01  -  Run Remote Usage
		Usr 0 00:00:00, Sys 0 00:00:00  -  Run Local Usage
		Usr 0 00:00:18, Sys 0 00:00:01  -  Total Remote Usage
		Usr 0 00:00:00, Sys 0 00:00:00  -  Total Local Usage
	0  -  Run Bytes Sent By Job
	0  -  Run Bytes Received By Job
	0  -  Total Bytes Sent By Job
	0  -  Total Bytes Received By Job
	Partitionable Resources :    Usage  Request Allocated 
	   Cpus                 :                 1         1 
	   Disk (KB)            :        1        1    128928 
	   Memory (MB)          :      180     3900      3968 

	Job terminated of its own accord at 2023-06-09T05:54:46Z.
...
006 (310110.002.000) 2023-06-09 14:54:48 Image size of job updated: 688544
	123  -  MemoryUsage of job (MB)
	125444  -  ResidentSetSize of job (KB)
...
005 (310110.002.000) 2023-06-09 14:54:49 Job terminated.
	(1) Normal termination (return value 0)
		Usr 0 00:00:17, Sys 0 00:00:01  -  Run Remote Usage
		Usr 0 00:00:00, Sys 0 00:00:00  -  Run Local Usage
		Usr 0 00:00:17, Sys 0 00:00:01  -  Total Remote Usage
		Usr 0 00:00:00, Sys 0 00:00:00  -  Total Local Usage
	0  -  Run Bytes Sent By Job
	0  -  Run Bytes Received By Job
	0  -  Total Bytes Sent By Job
	0  -  Total Bytes Received By Job
	Partitionable Resources :    Usage  Request Allocated 
	   Cpus                 :                 1         1 
	   Disk (KB)            :        1        1    128928 
	   Memory (MB)          :      123     3900      3968 

	Job terminated of its own accord at 2023-06-09T05:54:48Z.
...
006 (310110.003.000) 2023-06-09 14:55:01 Image size of job updated: 690204
	123  -  MemoryUsage of job (MB)
	125444  -  ResidentSetSize of job (KB)
...
005 (310110.003.000) 2023-06-09 14:55:02 Job terminated.
	(1) Normal termination (return value 0)
		Usr 0 00:00:31, Sys 0 00:00:01  -  Run Remote Usage
		Usr 0 00:00:00, Sys 0 00:00:00  -  Run Local Usage
		Usr 0 00:00:31, Sys 0 00:00:01  -  Total Remote Usage
		Usr 0 00:00:00, Sys 0 00:00:00  -  Total Local Usage
	0  -  Run Bytes Sent By Job
	0  -  Run Bytes Received By Job
	0  -  Total Bytes Sent By Job
	0  -  Total Bytes Received By Job
	Partitionable Resources :    Usage  Request Allocated 
	   Cpus                 :                 1         1 
	   Disk (KB)            :        1        1    128928 
	   Memory (MB)          :      123     3900      3968 

	Job terminated of its own accord at 2023-06-09T05:55:01Z.
...
006 (310110.009.000) 2023-06-09 14:55:06 Image size of job updated: 685516
	114  -  MemoryUsage of job (MB)
	116728  -  ResidentSetSize of job (KB)
...
006 (310110.008.000) 2023-06-09 14:55:06 Image size of job updated: 685176
	70  -  MemoryUsage of job (MB)
	71452  -  ResidentSetSize of job (KB)
...
005 (310110.009.000) 2023-06-09 14:55:06 Job terminated.
	(1) Normal termination (return value 0)
		Usr 0 00:00:30, Sys 0 00:00:01  -  Run Remote Usage
		Usr 0 00:00:00, Sys 0 00:00:00  -  Run Local Usage
		Usr 0 00:00:30, Sys 0 00:00:01  -  Total Remote Usage
		Usr 0 00:00:00, Sys 0 00:00:00  -  Total Local Usage
	0  -  Run Bytes Sent By Job
	0  -  Run Bytes Received By Job
	0  -  Total Bytes Sent By Job
	0  -  Total Bytes Received By Job
	Partitionable Resources :    Usage  Request Allocated 
	   Cpus                 :                 1         1 
	   Disk (KB)            :        1        1    128928 
	   Memory (MB)          :      114     3900      3968 

	Job terminated of its own accord at 2023-06-09T05:55:06Z.
...
005 (310110.008.000) 2023-06-09 14:55:06 Job terminated.
	(1) Normal termination (return value 0)
		Usr 0 00:00:27, Sys 0 00:00:01  -  Run Remote Usage
		Usr 0 00:00:00, Sys 0 00:00:00  -  Run Local Usage
		Usr 0 00:00:27, Sys 0 00:00:01  -  Total Remote Usage
		Usr 0 00:00:00, Sys 0 00:00:00  -  Total Local Usage
	0  -  Run Bytes Sent By Job
	0  -  Run Bytes Received By Job
	0  -  Total Bytes Sent By Job
	0  -  Total Bytes Received By Job
	Partitionable Resources :    Usage  Request Allocated 
	   Cpus                 :                 1         1 
	   Disk (KB)            :        1        1    128928 
	   Memory (MB)          :       70     3900      3968 

	Job terminated of its own accord at 2023-06-09T05:55:06Z.
...
000 (310150.000.000) 2023-06-09 15:39:23 Job submitted from host: <172.30.1.200:9618?addrs=172.30.1.200-9618&alias=tamsa2.snu.ac.kr&noUDP&sock=schedd_3510_2582>
...
000 (310150.001.000) 2023-06-09 15:39:23 Job submitted from host: <172.30.1.200:9618?addrs=172.30.1.200-9618&alias=tamsa2.snu.ac.kr&noUDP&sock=schedd_3510_2582>
...
000 (310150.002.000) 2023-06-09 15:39:23 Job submitted from host: <172.30.1.200:9618?addrs=172.30.1.200-9618&alias=tamsa2.snu.ac.kr&noUDP&sock=schedd_3510_2582>
...
000 (310150.003.000) 2023-06-09 15:39:23 Job submitted from host: <172.30.1.200:9618?addrs=172.30.1.200-9618&alias=tamsa2.snu.ac.kr&noUDP&sock=schedd_3510_2582>
...
000 (310150.004.000) 2023-06-09 15:39:23 Job submitted from host: <172.30.1.200:9618?addrs=172.30.1.200-9618&alias=tamsa2.snu.ac.kr&noUDP&sock=schedd_3510_2582>
...
000 (310150.005.000) 2023-06-09 15:39:23 Job submitted from host: <172.30.1.200:9618?addrs=172.30.1.200-9618&alias=tamsa2.snu.ac.kr&noUDP&sock=schedd_3510_2582>
...
000 (310150.006.000) 2023-06-09 15:39:23 Job submitted from host: <172.30.1.200:9618?addrs=172.30.1.200-9618&alias=tamsa2.snu.ac.kr&noUDP&sock=schedd_3510_2582>
...
000 (310150.007.000) 2023-06-09 15:39:23 Job submitted from host: <172.30.1.200:9618?addrs=172.30.1.200-9618&alias=tamsa2.snu.ac.kr&noUDP&sock=schedd_3510_2582>
...
000 (310150.008.000) 2023-06-09 15:39:23 Job submitted from host: <172.30.1.200:9618?addrs=172.30.1.200-9618&alias=tamsa2.snu.ac.kr&noUDP&sock=schedd_3510_2582>
...
000 (310150.009.000) 2023-06-09 15:39:23 Job submitted from host: <172.30.1.200:9618?addrs=172.30.1.200-9618&alias=tamsa2.snu.ac.kr&noUDP&sock=schedd_3510_2582>
...
001 (310150.000.000) 2023-06-09 15:39:36 Job executing on host: <172.30.1.205:9618?addrs=172.30.1.205-9618&alias=node5&noUDP&sock=startd_3770_7c22>
...
001 (310150.001.000) 2023-06-09 15:39:38 Job executing on host: <172.30.1.205:9618?addrs=172.30.1.205-9618&alias=node5&noUDP&sock=startd_3770_7c22>
...
001 (310150.002.000) 2023-06-09 15:39:39 Job executing on host: <172.30.1.205:9618?addrs=172.30.1.205-9618&alias=node5&noUDP&sock=startd_3770_7c22>
...
001 (310150.004.000) 2023-06-09 15:39:39 Job executing on host: <172.30.1.206:9618?addrs=172.30.1.206-9618&alias=node6&noUDP&sock=startd_3777_494c>
...
001 (310150.003.000) 2023-06-09 15:39:39 Job executing on host: <172.30.1.205:9618?addrs=172.30.1.205-9618&alias=node5&noUDP&sock=startd_3770_7c22>
...
001 (310150.005.000) 2023-06-09 15:39:39 Job executing on host: <172.30.1.206:9618?addrs=172.30.1.206-9618&alias=node6&noUDP&sock=startd_3777_494c>
...
001 (310150.006.000) 2023-06-09 15:39:39 Job executing on host: <172.30.1.207:9618?addrs=172.30.1.207-9618&alias=node7&noUDP&sock=startd_3802_6f2a>
...
001 (310150.007.000) 2023-06-09 15:39:39 Job executing on host: <172.30.1.201:9618?addrs=172.30.1.201-9618&alias=node1&noUDP&sock=startd_4675_3d58>
...
001 (310150.008.000) 2023-06-09 15:39:40 Job executing on host: <172.30.1.208:9618?addrs=172.30.1.208-9618&alias=node8&noUDP&sock=startd_3802_6f2a>
...
001 (310150.009.000) 2023-06-09 15:39:40 Job executing on host: <172.30.1.209:9618?addrs=172.30.1.209-9618&alias=node9&noUDP&sock=startd_3776_99b3>
...
006 (310150.000.000) 2023-06-09 15:39:44 Image size of job updated: 613804
	189  -  MemoryUsage of job (MB)
	192776  -  ResidentSetSize of job (KB)
...
006 (310150.001.000) 2023-06-09 15:39:47 Image size of job updated: 513412
	205  -  MemoryUsage of job (MB)
	209848  -  ResidentSetSize of job (KB)
...
006 (310150.002.000) 2023-06-09 15:39:48 Image size of job updated: 442988
	205  -  MemoryUsage of job (MB)
	209844  -  ResidentSetSize of job (KB)
...
006 (310150.003.000) 2023-06-09 15:39:48 Image size of job updated: 441248
	201  -  MemoryUsage of job (MB)
	204932  -  ResidentSetSize of job (KB)
...
006 (310150.005.000) 2023-06-09 15:39:49 Image size of job updated: 226432
	205  -  MemoryUsage of job (MB)
	209872  -  ResidentSetSize of job (KB)
...
006 (310150.004.000) 2023-06-09 15:39:49 Image size of job updated: 218940
	206  -  MemoryUsage of job (MB)
	209968  -  ResidentSetSize of job (KB)
...
006 (310150.007.000) 2023-06-09 15:39:49 Image size of job updated: 186464
	183  -  MemoryUsage of job (MB)
	186464  -  ResidentSetSize of job (KB)
...
006 (310150.006.000) 2023-06-09 15:39:49 Image size of job updated: 634364
	183  -  MemoryUsage of job (MB)
	186524  -  ResidentSetSize of job (KB)
...
006 (310150.008.000) 2023-06-09 15:39:49 Image size of job updated: 236324
	201  -  MemoryUsage of job (MB)
	205332  -  ResidentSetSize of job (KB)
...
006 (310150.009.000) 2023-06-09 15:39:49 Image size of job updated: 391524
	204  -  MemoryUsage of job (MB)
	208264  -  ResidentSetSize of job (KB)
...
006 (310150.001.000) 2023-06-09 15:39:55 Image size of job updated: 688644
	205  -  MemoryUsage of job (MB)
	209848  -  ResidentSetSize of job (KB)
...
006 (310150.002.000) 2023-06-09 15:39:55 Image size of job updated: 686820
	205  -  MemoryUsage of job (MB)
	209844  -  ResidentSetSize of job (KB)
...
005 (310150.001.000) 2023-06-09 15:39:55 Job terminated.
	(1) Normal termination (return value 0)
		Usr 0 00:00:12, Sys 0 00:00:01  -  Run Remote Usage
		Usr 0 00:00:00, Sys 0 00:00:00  -  Run Local Usage
		Usr 0 00:00:12, Sys 0 00:00:01  -  Total Remote Usage
		Usr 0 00:00:00, Sys 0 00:00:00  -  Total Local Usage
	0  -  Run Bytes Sent By Job
	0  -  Run Bytes Received By Job
	0  -  Total Bytes Sent By Job
	0  -  Total Bytes Received By Job
	Partitionable Resources :    Usage  Request Allocated 
	   Cpus                 :                 1         1 
	   Disk (KB)            :        1        1    128928 
	   Memory (MB)          :      205     3900      3968 

	Job terminated of its own accord at 2023-06-09T06:39:55Z.
...
005 (310150.002.000) 2023-06-09 15:39:55 Job terminated.
	(1) Normal termination (return value 0)
		Usr 0 00:00:12, Sys 0 00:00:00  -  Run Remote Usage
		Usr 0 00:00:00, Sys 0 00:00:00  -  Run Local Usage
		Usr 0 00:00:12, Sys 0 00:00:00  -  Total Remote Usage
		Usr 0 00:00:00, Sys 0 00:00:00  -  Total Local Usage
	0  -  Run Bytes Sent By Job
	0  -  Run Bytes Received By Job
	0  -  Total Bytes Sent By Job
	0  -  Total Bytes Received By Job
	Partitionable Resources :    Usage  Request Allocated 
	   Cpus                 :                 1         1 
	   Disk (KB)            :        1        1    128928 
	   Memory (MB)          :      205     3900      3968 

	Job terminated of its own accord at 2023-06-09T06:39:55Z.
...
006 (310150.005.000) 2023-06-09 15:39:55 Image size of job updated: 685360
	205  -  MemoryUsage of job (MB)
	209872  -  ResidentSetSize of job (KB)
...
005 (310150.005.000) 2023-06-09 15:39:55 Job terminated.
	(1) Normal termination (return value 0)
		Usr 0 00:00:09, Sys 0 00:00:00  -  Run Remote Usage
		Usr 0 00:00:00, Sys 0 00:00:00  -  Run Local Usage
		Usr 0 00:00:09, Sys 0 00:00:00  -  Total Remote Usage
		Usr 0 00:00:00, Sys 0 00:00:00  -  Total Local Usage
	0  -  Run Bytes Sent By Job
	0  -  Run Bytes Received By Job
	0  -  Total Bytes Sent By Job
	0  -  Total Bytes Received By Job
	Partitionable Resources :    Usage  Request Allocated 
	   Cpus                 :     0.05        1         1 
	   Disk (KB)            :     1           1     95898 
	   Memory (MB)          :   205        3900      3968 

	Job terminated of its own accord at 2023-06-09T06:39:55Z.
...
006 (310150.000.000) 2023-06-09 15:39:56 Image size of job updated: 688640
	189  -  MemoryUsage of job (MB)
	192784  -  ResidentSetSize of job (KB)
...
005 (310150.000.000) 2023-06-09 15:39:56 Job terminated.
	(1) Normal termination (return value 0)
		Usr 0 00:00:12, Sys 0 00:00:01  -  Run Remote Usage
		Usr 0 00:00:00, Sys 0 00:00:00  -  Run Local Usage
		Usr 0 00:00:12, Sys 0 00:00:01  -  Total Remote Usage
		Usr 0 00:00:00, Sys 0 00:00:00  -  Total Local Usage
	0  -  Run Bytes Sent By Job
	0  -  Run Bytes Received By Job
	0  -  Total Bytes Sent By Job
	0  -  Total Bytes Received By Job
	Partitionable Resources :    Usage  Request Allocated 
	   Cpus                 :        0        1         1 
	   Disk (KB)            :        1        1    128928 
	   Memory (MB)          :      189     3900      3968 

	Job terminated of its own accord at 2023-06-09T06:39:56Z.
...
006 (310150.004.000) 2023-06-09 15:39:58 Image size of job updated: 685196
	206  -  MemoryUsage of job (MB)
	209968  -  ResidentSetSize of job (KB)
...
005 (310150.004.000) 2023-06-09 15:39:58 Job terminated.
	(1) Normal termination (return value 0)
		Usr 0 00:00:12, Sys 0 00:00:01  -  Run Remote Usage
		Usr 0 00:00:00, Sys 0 00:00:00  -  Run Local Usage
		Usr 0 00:00:12, Sys 0 00:00:01  -  Total Remote Usage
		Usr 0 00:00:00, Sys 0 00:00:00  -  Total Local Usage
	0  -  Run Bytes Sent By Job
	0  -  Run Bytes Received By Job
	0  -  Total Bytes Sent By Job
	0  -  Total Bytes Received By Job
	Partitionable Resources :    Usage  Request Allocated 
	   Cpus                 :     0.03        1         1 
	   Disk (KB)            :     1           1     95898 
	   Memory (MB)          :   206        3900      3968 

	Job terminated of its own accord at 2023-06-09T06:39:58Z.
...
006 (310150.006.000) 2023-06-09 15:40:01 Image size of job updated: 690192
	183  -  MemoryUsage of job (MB)
	186524  -  ResidentSetSize of job (KB)
...
005 (310150.006.000) 2023-06-09 15:40:01 Job terminated.
	(1) Normal termination (return value 0)
		Usr 0 00:00:15, Sys 0 00:00:01  -  Run Remote Usage
		Usr 0 00:00:00, Sys 0 00:00:00  -  Run Local Usage
		Usr 0 00:00:15, Sys 0 00:00:01  -  Total Remote Usage
		Usr 0 00:00:00, Sys 0 00:00:00  -  Total Local Usage
	0  -  Run Bytes Sent By Job
	0  -  Run Bytes Received By Job
	0  -  Total Bytes Sent By Job
	0  -  Total Bytes Received By Job
	Partitionable Resources :    Usage  Request Allocated 
	   Cpus                 :                 1         1 
	   Disk (KB)            :        1        1    128928 
	   Memory (MB)          :      183     3900      3968 

	Job terminated of its own accord at 2023-06-09T06:40:01Z.
...
006 (310150.008.000) 2023-06-09 15:40:02 Image size of job updated: 685020
	201  -  MemoryUsage of job (MB)
	205332  -  ResidentSetSize of job (KB)
...
005 (310150.008.000) 2023-06-09 15:40:02 Job terminated.
	(1) Normal termination (return value 0)
		Usr 0 00:00:17, Sys 0 00:00:01  -  Run Remote Usage
		Usr 0 00:00:00, Sys 0 00:00:00  -  Run Local Usage
		Usr 0 00:00:17, Sys 0 00:00:01  -  Total Remote Usage
		Usr 0 00:00:00, Sys 0 00:00:00  -  Total Local Usage
	0  -  Run Bytes Sent By Job
	0  -  Run Bytes Received By Job
	0  -  Total Bytes Sent By Job
	0  -  Total Bytes Received By Job
	Partitionable Resources :    Usage  Request Allocated 
	   Cpus                 :                 1         1 
	   Disk (KB)            :        1        1    128928 
	   Memory (MB)          :      201     3900      3968 

	Job terminated of its own accord at 2023-06-09T06:40:02Z.
...
006 (310150.009.000) 2023-06-09 15:40:05 Image size of job updated: 685368
	204  -  MemoryUsage of job (MB)
	208264  -  ResidentSetSize of job (KB)
...
005 (310150.009.000) 2023-06-09 15:40:05 Job terminated.
	(1) Normal termination (return value 0)
		Usr 0 00:00:20, Sys 0 00:00:01  -  Run Remote Usage
		Usr 0 00:00:00, Sys 0 00:00:00  -  Run Local Usage
		Usr 0 00:00:20, Sys 0 00:00:01  -  Total Remote Usage
		Usr 0 00:00:00, Sys 0 00:00:00  -  Total Local Usage
	0  -  Run Bytes Sent By Job
	0  -  Run Bytes Received By Job
	0  -  Total Bytes Sent By Job
	0  -  Total Bytes Received By Job
	Partitionable Resources :    Usage  Request Allocated 
	   Cpus                 :                 1         1 
	   Disk (KB)            :        1        1    128928 
	   Memory (MB)          :      204     3900      3968 

	Job terminated of its own accord at 2023-06-09T06:40:05Z.
...
006 (310150.003.000) 2023-06-09 15:40:05 Image size of job updated: 690192
	201  -  MemoryUsage of job (MB)
	204932  -  ResidentSetSize of job (KB)
...
005 (310150.003.000) 2023-06-09 15:40:05 Job terminated.
	(1) Normal termination (return value 0)
		Usr 0 00:00:22, Sys 0 00:00:00  -  Run Remote Usage
		Usr 0 00:00:00, Sys 0 00:00:00  -  Run Local Usage
		Usr 0 00:00:22, Sys 0 00:00:00  -  Total Remote Usage
		Usr 0 00:00:00, Sys 0 00:00:00  -  Total Local Usage
	0  -  Run Bytes Sent By Job
	0  -  Run Bytes Received By Job
	0  -  Total Bytes Sent By Job
	0  -  Total Bytes Received By Job
	Partitionable Resources :    Usage  Request Allocated 
	   Cpus                 :                 1         1 
	   Disk (KB)            :        1        1    128928 
	   Memory (MB)          :      201     3900      3968 

	Job terminated of its own accord at 2023-06-09T06:40:05Z.
...
006 (310150.007.000) 2023-06-09 15:40:07 Image size of job updated: 685496
	183  -  MemoryUsage of job (MB)
	186464  -  ResidentSetSize of job (KB)
...
005 (310150.007.000) 2023-06-09 15:40:07 Job terminated.
	(1) Normal termination (return value 0)
		Usr 0 00:00:22, Sys 0 00:00:01  -  Run Remote Usage
		Usr 0 00:00:00, Sys 0 00:00:00  -  Run Local Usage
		Usr 0 00:00:22, Sys 0 00:00:01  -  Total Remote Usage
		Usr 0 00:00:00, Sys 0 00:00:00  -  Total Local Usage
	0  -  Run Bytes Sent By Job
	0  -  Run Bytes Received By Job
	0  -  Total Bytes Sent By Job
	0  -  Total Bytes Received By Job
	Partitionable Resources :    Usage  Request Allocated 
	   Cpus                 :                 1         1 
	   Disk (KB)            :        1        1    128992 
	   Memory (MB)          :      183     3900      3968 

	Job terminated of its own accord at 2023-06-09T06:40:07Z.
...
