000 (330173.000.000) 2023-07-25 12:44:51 Job submitted from host: <172.30.1.200:9618?addrs=172.30.1.200-9618&alias=tamsa2.snu.ac.kr&noUDP&sock=schedd_3510_2582>
...
000 (330173.001.000) 2023-07-25 12:44:51 Job submitted from host: <172.30.1.200:9618?addrs=172.30.1.200-9618&alias=tamsa2.snu.ac.kr&noUDP&sock=schedd_3510_2582>
...
000 (330173.002.000) 2023-07-25 12:44:51 Job submitted from host: <172.30.1.200:9618?addrs=172.30.1.200-9618&alias=tamsa2.snu.ac.kr&noUDP&sock=schedd_3510_2582>
...
000 (330173.003.000) 2023-07-25 12:44:51 Job submitted from host: <172.30.1.200:9618?addrs=172.30.1.200-9618&alias=tamsa2.snu.ac.kr&noUDP&sock=schedd_3510_2582>
...
000 (330173.004.000) 2023-07-25 12:44:51 Job submitted from host: <172.30.1.200:9618?addrs=172.30.1.200-9618&alias=tamsa2.snu.ac.kr&noUDP&sock=schedd_3510_2582>
...
000 (330173.005.000) 2023-07-25 12:44:51 Job submitted from host: <172.30.1.200:9618?addrs=172.30.1.200-9618&alias=tamsa2.snu.ac.kr&noUDP&sock=schedd_3510_2582>
...
000 (330173.006.000) 2023-07-25 12:44:51 Job submitted from host: <172.30.1.200:9618?addrs=172.30.1.200-9618&alias=tamsa2.snu.ac.kr&noUDP&sock=schedd_3510_2582>
...
000 (330173.007.000) 2023-07-25 12:44:51 Job submitted from host: <172.30.1.200:9618?addrs=172.30.1.200-9618&alias=tamsa2.snu.ac.kr&noUDP&sock=schedd_3510_2582>
...
000 (330173.008.000) 2023-07-25 12:44:51 Job submitted from host: <172.30.1.200:9618?addrs=172.30.1.200-9618&alias=tamsa2.snu.ac.kr&noUDP&sock=schedd_3510_2582>
...
000 (330173.009.000) 2023-07-25 12:44:51 Job submitted from host: <172.30.1.200:9618?addrs=172.30.1.200-9618&alias=tamsa2.snu.ac.kr&noUDP&sock=schedd_3510_2582>
...
001 (330173.003.000) 2023-07-25 12:45:07 Job executing on host: <172.30.1.210:9618?addrs=172.30.1.210-9618&alias=node10&noUDP&sock=startd_3787_253e>
...
001 (330173.004.000) 2023-07-25 12:45:07 Job executing on host: <172.30.1.210:9618?addrs=172.30.1.210-9618&alias=node10&noUDP&sock=startd_3787_253e>
...
001 (330173.005.000) 2023-07-25 12:45:07 Job executing on host: <172.30.1.210:9618?addrs=172.30.1.210-9618&alias=node10&noUDP&sock=startd_3787_253e>
...
001 (330173.006.000) 2023-07-25 12:45:07 Job executing on host: <172.30.1.210:9618?addrs=172.30.1.210-9618&alias=node10&noUDP&sock=startd_3787_253e>
...
001 (330173.007.000) 2023-07-25 12:45:07 Job executing on host: <172.30.1.210:9618?addrs=172.30.1.210-9618&alias=node10&noUDP&sock=startd_3787_253e>
...
001 (330173.008.000) 2023-07-25 12:45:07 Job executing on host: <172.30.1.210:9618?addrs=172.30.1.210-9618&alias=node10&noUDP&sock=startd_3787_253e>
...
001 (330173.009.000) 2023-07-25 12:45:07 Job executing on host: <172.30.1.210:9618?addrs=172.30.1.210-9618&alias=node10&noUDP&sock=startd_3787_253e>
...
001 (330173.000.000) 2023-07-25 12:45:08 Job executing on host: <172.30.1.204:9618?addrs=172.30.1.204-9618&alias=node4&noUDP&sock=startd_3843_8e8c>
...
001 (330173.001.000) 2023-07-25 12:45:09 Job executing on host: <172.30.1.204:9618?addrs=172.30.1.204-9618&alias=node4&noUDP&sock=startd_3843_8e8c>
...
001 (330173.002.000) 2023-07-25 12:45:09 Job executing on host: <172.30.1.204:9618?addrs=172.30.1.204-9618&alias=node4&noUDP&sock=startd_3843_8e8c>
...
006 (330173.003.000) 2023-07-25 12:45:15 Image size of job updated: 497544
	184  -  MemoryUsage of job (MB)
	188132  -  ResidentSetSize of job (KB)
...
006 (330173.004.000) 2023-07-25 12:45:15 Image size of job updated: 498564
	183  -  MemoryUsage of job (MB)
	186800  -  ResidentSetSize of job (KB)
...
006 (330173.005.000) 2023-07-25 12:45:15 Image size of job updated: 485392
	183  -  MemoryUsage of job (MB)
	186820  -  ResidentSetSize of job (KB)
...
006 (330173.006.000) 2023-07-25 12:45:15 Image size of job updated: 497412
	183  -  MemoryUsage of job (MB)
	186824  -  ResidentSetSize of job (KB)
...
006 (330173.007.000) 2023-07-25 12:45:15 Image size of job updated: 498116
	183  -  MemoryUsage of job (MB)
	186756  -  ResidentSetSize of job (KB)
...
006 (330173.008.000) 2023-07-25 12:45:16 Image size of job updated: 497032
	193  -  MemoryUsage of job (MB)
	197016  -  ResidentSetSize of job (KB)
...
006 (330173.009.000) 2023-07-25 12:45:16 Image size of job updated: 497544
	183  -  MemoryUsage of job (MB)
	186924  -  ResidentSetSize of job (KB)
...
006 (330173.000.000) 2023-07-25 12:45:17 Image size of job updated: 208756
	204  -  MemoryUsage of job (MB)
	208756  -  ResidentSetSize of job (KB)
...
006 (330173.001.000) 2023-07-25 12:45:17 Image size of job updated: 196104
	192  -  MemoryUsage of job (MB)
	196104  -  ResidentSetSize of job (KB)
...
006 (330173.002.000) 2023-07-25 12:45:17 Image size of job updated: 186824
	183  -  MemoryUsage of job (MB)
	186824  -  ResidentSetSize of job (KB)
...
006 (330173.003.000) 2023-07-25 12:45:29 Image size of job updated: 682004
	184  -  MemoryUsage of job (MB)
	188140  -  ResidentSetSize of job (KB)
...
005 (330173.003.000) 2023-07-25 12:45:29 Job terminated.
	(1) Normal termination (return value 0)
		Usr 0 00:00:19, Sys 0 00:00:01  -  Run Remote Usage
		Usr 0 00:00:00, Sys 0 00:00:00  -  Run Local Usage
		Usr 0 00:00:19, Sys 0 00:00:01  -  Total Remote Usage
		Usr 0 00:00:00, Sys 0 00:00:00  -  Total Local Usage
	0  -  Run Bytes Sent By Job
	0  -  Run Bytes Received By Job
	0  -  Total Bytes Sent By Job
	0  -  Total Bytes Received By Job
	Partitionable Resources :    Usage  Request Allocated 
	   Cpus                 :                 1         1 
	   Disk (KB)            :        1        1    128928 
	   Memory (MB)          :      184     3900      3968 

	Job terminated of its own accord at 2023-07-25T03:45:29Z.
...
006 (330173.007.000) 2023-07-25 12:45:29 Image size of job updated: 685392
	183  -  MemoryUsage of job (MB)
	186756  -  ResidentSetSize of job (KB)
...
005 (330173.007.000) 2023-07-25 12:45:29 Job terminated.
	(1) Normal termination (return value 0)
		Usr 0 00:00:19, Sys 0 00:00:01  -  Run Remote Usage
		Usr 0 00:00:00, Sys 0 00:00:00  -  Run Local Usage
		Usr 0 00:00:19, Sys 0 00:00:01  -  Total Remote Usage
		Usr 0 00:00:00, Sys 0 00:00:00  -  Total Local Usage
	0  -  Run Bytes Sent By Job
	0  -  Run Bytes Received By Job
	0  -  Total Bytes Sent By Job
	0  -  Total Bytes Received By Job
	Partitionable Resources :    Usage  Request Allocated 
	   Cpus                 :                 1         1 
	   Disk (KB)            :        1        1    128928 
	   Memory (MB)          :      183     3900      3968 

	Job terminated of its own accord at 2023-07-25T03:45:29Z.
...
006 (330173.008.000) 2023-07-25 12:45:34 Image size of job updated: 696340
	193  -  MemoryUsage of job (MB)
	197044  -  ResidentSetSize of job (KB)
...
005 (330173.008.000) 2023-07-25 12:45:34 Job terminated.
	(1) Normal termination (return value 0)
		Usr 0 00:00:21, Sys 0 00:00:01  -  Run Remote Usage
		Usr 0 00:00:00, Sys 0 00:00:00  -  Run Local Usage
		Usr 0 00:00:21, Sys 0 00:00:01  -  Total Remote Usage
		Usr 0 00:00:00, Sys 0 00:00:00  -  Total Local Usage
	0  -  Run Bytes Sent By Job
	0  -  Run Bytes Received By Job
	0  -  Total Bytes Sent By Job
	0  -  Total Bytes Received By Job
	Partitionable Resources :    Usage  Request Allocated 
	   Cpus                 :                 1         1 
	   Disk (KB)            :        1        1    128928 
	   Memory (MB)          :      193     3900      3968 

	Job terminated of its own accord at 2023-07-25T03:45:34Z.
...
006 (330173.002.000) 2023-07-25 12:45:34 Image size of job updated: 697056
	183  -  MemoryUsage of job (MB)
	186824  -  ResidentSetSize of job (KB)
...
006 (330173.009.000) 2023-07-25 12:45:35 Image size of job updated: 697116
	183  -  MemoryUsage of job (MB)
	186924  -  ResidentSetSize of job (KB)
...
006 (330173.006.000) 2023-07-25 12:45:35 Image size of job updated: 697064
	183  -  MemoryUsage of job (MB)
	186824  -  ResidentSetSize of job (KB)
...
006 (330173.005.000) 2023-07-25 12:45:35 Image size of job updated: 697060
	183  -  MemoryUsage of job (MB)
	186820  -  ResidentSetSize of job (KB)
...
005 (330173.009.000) 2023-07-25 12:45:35 Job terminated.
	(1) Normal termination (return value 0)
		Usr 0 00:00:21, Sys 0 00:00:01  -  Run Remote Usage
		Usr 0 00:00:00, Sys 0 00:00:00  -  Run Local Usage
		Usr 0 00:00:21, Sys 0 00:00:01  -  Total Remote Usage
		Usr 0 00:00:00, Sys 0 00:00:00  -  Total Local Usage
	0  -  Run Bytes Sent By Job
	0  -  Run Bytes Received By Job
	0  -  Total Bytes Sent By Job
	0  -  Total Bytes Received By Job
	Partitionable Resources :    Usage  Request Allocated 
	   Cpus                 :                 1         1 
	   Disk (KB)            :        1        1    128928 
	   Memory (MB)          :      183     3900      3968 

	Job terminated of its own accord at 2023-07-25T03:45:35Z.
...
005 (330173.002.000) 2023-07-25 12:45:35 Job terminated.
	(1) Normal termination (return value 0)
		Usr 0 00:00:22, Sys 0 00:00:01  -  Run Remote Usage
		Usr 0 00:00:00, Sys 0 00:00:00  -  Run Local Usage
		Usr 0 00:00:22, Sys 0 00:00:01  -  Total Remote Usage
		Usr 0 00:00:00, Sys 0 00:00:00  -  Total Local Usage
	0  -  Run Bytes Sent By Job
	0  -  Run Bytes Received By Job
	0  -  Total Bytes Sent By Job
	0  -  Total Bytes Received By Job
	Partitionable Resources :    Usage  Request Allocated 
	   Cpus                 :                 1         1 
	   Disk (KB)            :        1        1    128928 
	   Memory (MB)          :      183     3900      3968 

	Job terminated of its own accord at 2023-07-25T03:45:34Z.
...
005 (330173.006.000) 2023-07-25 12:45:35 Job terminated.
	(1) Normal termination (return value 0)
		Usr 0 00:00:22, Sys 0 00:00:01  -  Run Remote Usage
		Usr 0 00:00:00, Sys 0 00:00:00  -  Run Local Usage
		Usr 0 00:00:22, Sys 0 00:00:01  -  Total Remote Usage
		Usr 0 00:00:00, Sys 0 00:00:00  -  Total Local Usage
	0  -  Run Bytes Sent By Job
	0  -  Run Bytes Received By Job
	0  -  Total Bytes Sent By Job
	0  -  Total Bytes Received By Job
	Partitionable Resources :    Usage  Request Allocated 
	   Cpus                 :                 1         1 
	   Disk (KB)            :        1        1    128928 
	   Memory (MB)          :      183     3900      3968 

	Job terminated of its own accord at 2023-07-25T03:45:35Z.
...
005 (330173.005.000) 2023-07-25 12:45:35 Job terminated.
	(1) Normal termination (return value 0)
		Usr 0 00:00:22, Sys 0 00:00:01  -  Run Remote Usage
		Usr 0 00:00:00, Sys 0 00:00:00  -  Run Local Usage
		Usr 0 00:00:22, Sys 0 00:00:01  -  Total Remote Usage
		Usr 0 00:00:00, Sys 0 00:00:00  -  Total Local Usage
	0  -  Run Bytes Sent By Job
	0  -  Run Bytes Received By Job
	0  -  Total Bytes Sent By Job
	0  -  Total Bytes Received By Job
	Partitionable Resources :    Usage  Request Allocated 
	   Cpus                 :                 1         1 
	   Disk (KB)            :        1        1    128928 
	   Memory (MB)          :      183     3900      3968 

	Job terminated of its own accord at 2023-07-25T03:45:35Z.
...
006 (330173.001.000) 2023-07-25 12:45:37 Image size of job updated: 691940
	192  -  MemoryUsage of job (MB)
	196248  -  ResidentSetSize of job (KB)
...
005 (330173.001.000) 2023-07-25 12:45:37 Job terminated.
	(1) Normal termination (return value 0)
		Usr 0 00:00:23, Sys 0 00:00:01  -  Run Remote Usage
		Usr 0 00:00:00, Sys 0 00:00:00  -  Run Local Usage
		Usr 0 00:00:23, Sys 0 00:00:01  -  Total Remote Usage
		Usr 0 00:00:00, Sys 0 00:00:00  -  Total Local Usage
	0  -  Run Bytes Sent By Job
	0  -  Run Bytes Received By Job
	0  -  Total Bytes Sent By Job
	0  -  Total Bytes Received By Job
	Partitionable Resources :    Usage  Request Allocated 
	   Cpus                 :                 1         1 
	   Disk (KB)            :        1        1    128928 
	   Memory (MB)          :      192     3900      3968 

	Job terminated of its own accord at 2023-07-25T03:45:37Z.
...
006 (330173.004.000) 2023-07-25 12:45:37 Image size of job updated: 687292
	183  -  MemoryUsage of job (MB)
	186800  -  ResidentSetSize of job (KB)
...
005 (330173.004.000) 2023-07-25 12:45:37 Job terminated.
	(1) Normal termination (return value 0)
		Usr 0 00:00:24, Sys 0 00:00:01  -  Run Remote Usage
		Usr 0 00:00:00, Sys 0 00:00:00  -  Run Local Usage
		Usr 0 00:00:24, Sys 0 00:00:01  -  Total Remote Usage
		Usr 0 00:00:00, Sys 0 00:00:00  -  Total Local Usage
	0  -  Run Bytes Sent By Job
	0  -  Run Bytes Received By Job
	0  -  Total Bytes Sent By Job
	0  -  Total Bytes Received By Job
	Partitionable Resources :    Usage  Request Allocated 
	   Cpus                 :                 1         1 
	   Disk (KB)            :        1        1    128928 
	   Memory (MB)          :      183     3900      3968 

	Job terminated of its own accord at 2023-07-25T03:45:37Z.
...
006 (330173.000.000) 2023-07-25 12:45:38 Image size of job updated: 691936
	204  -  MemoryUsage of job (MB)
	208776  -  ResidentSetSize of job (KB)
...
005 (330173.000.000) 2023-07-25 12:45:38 Job terminated.
	(1) Normal termination (return value 0)
		Usr 0 00:00:25, Sys 0 00:00:01  -  Run Remote Usage
		Usr 0 00:00:00, Sys 0 00:00:00  -  Run Local Usage
		Usr 0 00:00:25, Sys 0 00:00:01  -  Total Remote Usage
		Usr 0 00:00:00, Sys 0 00:00:00  -  Total Local Usage
	0  -  Run Bytes Sent By Job
	0  -  Run Bytes Received By Job
	0  -  Total Bytes Sent By Job
	0  -  Total Bytes Received By Job
	Partitionable Resources :    Usage  Request Allocated 
	   Cpus                 :                 1         1 
	   Disk (KB)            :        1        1    128928 
	   Memory (MB)          :      204     3900      3968 

	Job terminated of its own accord at 2023-07-25T03:45:37Z.
...
