000 (330322.000.000) 2023-07-25 13:47:22 Job submitted from host: <172.30.1.200:9618?addrs=172.30.1.200-9618&alias=tamsa2.snu.ac.kr&noUDP&sock=schedd_3510_2582>
...
000 (330322.001.000) 2023-07-25 13:47:22 Job submitted from host: <172.30.1.200:9618?addrs=172.30.1.200-9618&alias=tamsa2.snu.ac.kr&noUDP&sock=schedd_3510_2582>
...
000 (330322.002.000) 2023-07-25 13:47:22 Job submitted from host: <172.30.1.200:9618?addrs=172.30.1.200-9618&alias=tamsa2.snu.ac.kr&noUDP&sock=schedd_3510_2582>
...
000 (330322.003.000) 2023-07-25 13:47:22 Job submitted from host: <172.30.1.200:9618?addrs=172.30.1.200-9618&alias=tamsa2.snu.ac.kr&noUDP&sock=schedd_3510_2582>
...
000 (330322.004.000) 2023-07-25 13:47:22 Job submitted from host: <172.30.1.200:9618?addrs=172.30.1.200-9618&alias=tamsa2.snu.ac.kr&noUDP&sock=schedd_3510_2582>
...
000 (330322.005.000) 2023-07-25 13:47:22 Job submitted from host: <172.30.1.200:9618?addrs=172.30.1.200-9618&alias=tamsa2.snu.ac.kr&noUDP&sock=schedd_3510_2582>
...
000 (330322.006.000) 2023-07-25 13:47:22 Job submitted from host: <172.30.1.200:9618?addrs=172.30.1.200-9618&alias=tamsa2.snu.ac.kr&noUDP&sock=schedd_3510_2582>
...
000 (330322.007.000) 2023-07-25 13:47:22 Job submitted from host: <172.30.1.200:9618?addrs=172.30.1.200-9618&alias=tamsa2.snu.ac.kr&noUDP&sock=schedd_3510_2582>
...
000 (330322.008.000) 2023-07-25 13:47:22 Job submitted from host: <172.30.1.200:9618?addrs=172.30.1.200-9618&alias=tamsa2.snu.ac.kr&noUDP&sock=schedd_3510_2582>
...
000 (330322.009.000) 2023-07-25 13:47:22 Job submitted from host: <172.30.1.200:9618?addrs=172.30.1.200-9618&alias=tamsa2.snu.ac.kr&noUDP&sock=schedd_3510_2582>
...
040 (330322.003.000) 2023-07-25 13:47:36 Started transferring input files
	Transferring to host: <172.30.1.111:9618?addrs=172.30.1.111-9618&alias=n11&noUDP&sock=slot1_1_4451_e1ce_37762>
...
040 (330322.000.000) 2023-07-25 13:47:36 Started transferring input files
	Transferring to host: <172.30.1.102:9618?addrs=172.30.1.102-9618&alias=n2&noUDP&sock=slot1_1_3347_03a1_57701>
...
040 (330322.003.000) 2023-07-25 13:47:36 Finished transferring input files
...
040 (330322.000.000) 2023-07-25 13:47:36 Finished transferring input files
...
040 (330322.004.000) 2023-07-25 13:47:36 Started transferring input files
	Transferring to host: <172.30.1.111:9618?addrs=172.30.1.111-9618&alias=n11&noUDP&sock=slot1_2_4451_e1ce_37763>
...
040 (330322.004.000) 2023-07-25 13:47:36 Finished transferring input files
...
040 (330322.001.000) 2023-07-25 13:47:36 Started transferring input files
	Transferring to host: <172.30.1.102:9618?addrs=172.30.1.102-9618&alias=n2&noUDP&sock=slot1_2_3347_03a1_57702>
...
040 (330322.005.000) 2023-07-25 13:47:36 Started transferring input files
	Transferring to host: <172.30.1.111:9618?addrs=172.30.1.111-9618&alias=n11&noUDP&sock=slot1_3_4451_e1ce_37764>
...
040 (330322.001.000) 2023-07-25 13:47:36 Finished transferring input files
...
040 (330322.005.000) 2023-07-25 13:47:36 Finished transferring input files
...
040 (330322.006.000) 2023-07-25 13:47:36 Started transferring input files
	Transferring to host: <172.30.1.111:9618?addrs=172.30.1.111-9618&alias=n11&noUDP&sock=slot1_4_4451_e1ce_37765>
...
040 (330322.006.000) 2023-07-25 13:47:36 Finished transferring input files
...
040 (330322.002.000) 2023-07-25 13:47:36 Started transferring input files
	Transferring to host: <172.30.1.102:9618?addrs=172.30.1.102-9618&alias=n2&noUDP&sock=slot1_9_3347_03a1_57703>
...
040 (330322.002.000) 2023-07-25 13:47:36 Finished transferring input files
...
040 (330322.008.000) 2023-07-25 13:47:36 Started transferring input files
	Transferring to host: <172.30.1.111:9618?addrs=172.30.1.111-9618&alias=n11&noUDP&sock=slot1_6_4451_e1ce_37766>
...
040 (330322.008.000) 2023-07-25 13:47:36 Finished transferring input files
...
040 (330322.007.000) 2023-07-25 13:47:36 Started transferring input files
	Transferring to host: <172.30.1.111:9618?addrs=172.30.1.111-9618&alias=n11&noUDP&sock=slot1_5_4451_e1ce_37767>
...
040 (330322.007.000) 2023-07-25 13:47:36 Finished transferring input files
...
040 (330322.009.000) 2023-07-25 13:47:36 Started transferring input files
	Transferring to host: <172.30.1.111:9618?addrs=172.30.1.111-9618&alias=n11&noUDP&sock=slot1_7_4451_e1ce_37768>
...
040 (330322.009.000) 2023-07-25 13:47:36 Finished transferring input files
...
001 (330322.003.000) 2023-07-25 13:47:37 Job executing on host: <172.30.1.111:9618?addrs=172.30.1.111-9618&alias=n11&noUDP&sock=startd_4417_45e8>
...
001 (330322.000.000) 2023-07-25 13:47:37 Job executing on host: <172.30.1.102:9618?addrs=172.30.1.102-9618&alias=n2&noUDP&sock=startd_3313_055a>
...
001 (330322.004.000) 2023-07-25 13:47:37 Job executing on host: <172.30.1.111:9618?addrs=172.30.1.111-9618&alias=n11&noUDP&sock=startd_4417_45e8>
...
001 (330322.001.000) 2023-07-25 13:47:37 Job executing on host: <172.30.1.102:9618?addrs=172.30.1.102-9618&alias=n2&noUDP&sock=startd_3313_055a>
...
001 (330322.005.000) 2023-07-25 13:47:37 Job executing on host: <172.30.1.111:9618?addrs=172.30.1.111-9618&alias=n11&noUDP&sock=startd_4417_45e8>
...
001 (330322.006.000) 2023-07-25 13:47:37 Job executing on host: <172.30.1.111:9618?addrs=172.30.1.111-9618&alias=n11&noUDP&sock=startd_4417_45e8>
...
001 (330322.002.000) 2023-07-25 13:47:37 Job executing on host: <172.30.1.102:9618?addrs=172.30.1.102-9618&alias=n2&noUDP&sock=startd_3313_055a>
...
001 (330322.008.000) 2023-07-25 13:47:37 Job executing on host: <172.30.1.111:9618?addrs=172.30.1.111-9618&alias=n11&noUDP&sock=startd_4417_45e8>
...
001 (330322.007.000) 2023-07-25 13:47:37 Job executing on host: <172.30.1.111:9618?addrs=172.30.1.111-9618&alias=n11&noUDP&sock=startd_4417_45e8>
...
001 (330322.009.000) 2023-07-25 13:47:37 Job executing on host: <172.30.1.111:9618?addrs=172.30.1.111-9618&alias=n11&noUDP&sock=startd_4417_45e8>
...
006 (330322.003.000) 2023-07-25 13:47:45 Image size of job updated: 385964
	61  -  MemoryUsage of job (MB)
	61824  -  ResidentSetSize of job (KB)
...
006 (330322.004.000) 2023-07-25 13:47:45 Image size of job updated: 385952
	61  -  MemoryUsage of job (MB)
	61824  -  ResidentSetSize of job (KB)
...
006 (330322.005.000) 2023-07-25 13:47:45 Image size of job updated: 385952
	61  -  MemoryUsage of job (MB)
	61824  -  ResidentSetSize of job (KB)
...
006 (330322.006.000) 2023-07-25 13:47:45 Image size of job updated: 385952
	61  -  MemoryUsage of job (MB)
	61824  -  ResidentSetSize of job (KB)
...
006 (330322.000.000) 2023-07-25 13:47:45 Image size of job updated: 96208
	70  -  MemoryUsage of job (MB)
	71452  -  ResidentSetSize of job (KB)
...
006 (330322.008.000) 2023-07-25 13:47:45 Image size of job updated: 385952
	61  -  MemoryUsage of job (MB)
	61920  -  ResidentSetSize of job (KB)
...
006 (330322.001.000) 2023-07-25 13:47:46 Image size of job updated: 103116
	84  -  MemoryUsage of job (MB)
	85748  -  ResidentSetSize of job (KB)
...
006 (330322.007.000) 2023-07-25 13:47:46 Image size of job updated: 385844
	129  -  MemoryUsage of job (MB)
	131892  -  ResidentSetSize of job (KB)
...
006 (330322.002.000) 2023-07-25 13:47:46 Image size of job updated: 109764
	86  -  MemoryUsage of job (MB)
	87344  -  ResidentSetSize of job (KB)
...
006 (330322.009.000) 2023-07-25 13:47:46 Image size of job updated: 385844
	122  -  MemoryUsage of job (MB)
	124868  -  ResidentSetSize of job (KB)
...
006 (330322.003.000) 2023-07-25 13:47:55 Image size of job updated: 686460
	61  -  MemoryUsage of job (MB)
	61824  -  ResidentSetSize of job (KB)
...
040 (330322.003.000) 2023-07-25 13:47:55 Started transferring output files
...
040 (330322.003.000) 2023-07-25 13:47:55 Finished transferring output files
...
005 (330322.003.000) 2023-07-25 13:47:55 Job terminated.
	(1) Normal termination (return value 0)
		Usr 0 00:00:09, Sys 0 00:00:00  -  Run Remote Usage
		Usr 0 00:00:00, Sys 0 00:00:00  -  Run Local Usage
		Usr 0 00:00:09, Sys 0 00:00:00  -  Total Remote Usage
		Usr 0 00:00:00, Sys 0 00:00:00  -  Total Local Usage
	7579  -  Run Bytes Sent By Job
	165  -  Run Bytes Received By Job
	7579  -  Total Bytes Sent By Job
	165  -  Total Bytes Received By Job
	Partitionable Resources :    Usage  Request Allocated 
	   Cpus                 :                 1         1 
	   Disk (KB)            :       53        1    127802 
	   GPUs                 :                           0 
	   Memory (MB)          :       61     3900      3968 

	Job terminated of its own accord at 2023-07-25T04:47:55Z.
...
006 (330322.008.000) 2023-07-25 13:47:56 Image size of job updated: 687260
	61  -  MemoryUsage of job (MB)
	61920  -  ResidentSetSize of job (KB)
...
040 (330322.008.000) 2023-07-25 13:47:56 Started transferring output files
...
040 (330322.008.000) 2023-07-25 13:47:56 Finished transferring output files
...
005 (330322.008.000) 2023-07-25 13:47:56 Job terminated.
	(1) Normal termination (return value 0)
		Usr 0 00:00:10, Sys 0 00:00:00  -  Run Remote Usage
		Usr 0 00:00:00, Sys 0 00:00:00  -  Run Local Usage
		Usr 0 00:00:10, Sys 0 00:00:00  -  Total Remote Usage
		Usr 0 00:00:00, Sys 0 00:00:00  -  Total Local Usage
	1104  -  Run Bytes Sent By Job
	165  -  Run Bytes Received By Job
	1104  -  Total Bytes Sent By Job
	165  -  Total Bytes Received By Job
	Partitionable Resources :    Usage  Request Allocated 
	   Cpus                 :                 1         1 
	   Disk (KB)            :       47        1    127802 
	   GPUs                 :                           0 
	   Memory (MB)          :       61     3900      3968 

	Job terminated of its own accord at 2023-07-25T04:47:56Z.
...
006 (330322.009.000) 2023-07-25 13:47:58 Image size of job updated: 688108
	123  -  MemoryUsage of job (MB)
	124960  -  ResidentSetSize of job (KB)
...
040 (330322.009.000) 2023-07-25 13:47:58 Started transferring output files
...
040 (330322.009.000) 2023-07-25 13:47:58 Finished transferring output files
...
005 (330322.009.000) 2023-07-25 13:47:58 Job terminated.
	(1) Normal termination (return value 0)
		Usr 0 00:00:11, Sys 0 00:00:01  -  Run Remote Usage
		Usr 0 00:00:00, Sys 0 00:00:00  -  Run Local Usage
		Usr 0 00:00:11, Sys 0 00:00:01  -  Total Remote Usage
		Usr 0 00:00:00, Sys 0 00:00:00  -  Total Local Usage
	1166  -  Run Bytes Sent By Job
	165  -  Run Bytes Received By Job
	1166  -  Total Bytes Sent By Job
	165  -  Total Bytes Received By Job
	Partitionable Resources :    Usage  Request Allocated 
	   Cpus                 :                 1         1 
	   Disk (KB)            :       47        1    127802 
	   GPUs                 :                           0 
	   Memory (MB)          :      123     3900      3968 

	Job terminated of its own accord at 2023-07-25T04:47:58Z.
...
006 (330322.004.000) 2023-07-25 13:47:58 Image size of job updated: 687576
	61  -  MemoryUsage of job (MB)
	61824  -  ResidentSetSize of job (KB)
...
040 (330322.004.000) 2023-07-25 13:47:58 Started transferring output files
...
040 (330322.004.000) 2023-07-25 13:47:58 Finished transferring output files
...
005 (330322.004.000) 2023-07-25 13:47:58 Job terminated.
	(1) Normal termination (return value 0)
		Usr 0 00:00:12, Sys 0 00:00:00  -  Run Remote Usage
		Usr 0 00:00:00, Sys 0 00:00:00  -  Run Local Usage
		Usr 0 00:00:12, Sys 0 00:00:00  -  Total Remote Usage
		Usr 0 00:00:00, Sys 0 00:00:00  -  Total Local Usage
	1828  -  Run Bytes Sent By Job
	165  -  Run Bytes Received By Job
	1828  -  Total Bytes Sent By Job
	165  -  Total Bytes Received By Job
	Partitionable Resources :    Usage  Request Allocated 
	   Cpus                 :                 1         1 
	   Disk (KB)            :       48        1    127802 
	   GPUs                 :                           0 
	   Memory (MB)          :       61     3900      3968 

	Job terminated of its own accord at 2023-07-25T04:47:58Z.
...
006 (330322.007.000) 2023-07-25 13:47:59 Image size of job updated: 687604
	129  -  MemoryUsage of job (MB)
	131892  -  ResidentSetSize of job (KB)
...
040 (330322.007.000) 2023-07-25 13:47:59 Started transferring output files
...
040 (330322.007.000) 2023-07-25 13:47:59 Finished transferring output files
...
005 (330322.007.000) 2023-07-25 13:47:59 Job terminated.
	(1) Normal termination (return value 0)
		Usr 0 00:00:13, Sys 0 00:00:01  -  Run Remote Usage
		Usr 0 00:00:00, Sys 0 00:00:00  -  Run Local Usage
		Usr 0 00:00:13, Sys 0 00:00:01  -  Total Remote Usage
		Usr 0 00:00:00, Sys 0 00:00:00  -  Total Local Usage
	1197  -  Run Bytes Sent By Job
	165  -  Run Bytes Received By Job
	1197  -  Total Bytes Sent By Job
	165  -  Total Bytes Received By Job
	Partitionable Resources :    Usage  Request Allocated 
	   Cpus                 :                 1         1 
	   Disk (KB)            :       47        1    127802 
	   GPUs                 :                           0 
	   Memory (MB)          :      129     3900      3968 

	Job terminated of its own accord at 2023-07-25T04:47:59Z.
...
006 (330322.005.000) 2023-07-25 13:47:59 Image size of job updated: 687196
	61  -  MemoryUsage of job (MB)
	61824  -  ResidentSetSize of job (KB)
...
040 (330322.005.000) 2023-07-25 13:47:59 Started transferring output files
...
040 (330322.005.000) 2023-07-25 13:47:59 Finished transferring output files
...
005 (330322.005.000) 2023-07-25 13:47:59 Job terminated.
	(1) Normal termination (return value 0)
		Usr 0 00:00:13, Sys 0 00:00:01  -  Run Remote Usage
		Usr 0 00:00:00, Sys 0 00:00:00  -  Run Local Usage
		Usr 0 00:00:13, Sys 0 00:00:01  -  Total Remote Usage
		Usr 0 00:00:00, Sys 0 00:00:00  -  Total Local Usage
	1255  -  Run Bytes Sent By Job
	165  -  Run Bytes Received By Job
	1255  -  Total Bytes Sent By Job
	165  -  Total Bytes Received By Job
	Partitionable Resources :    Usage  Request Allocated 
	   Cpus                 :                 1         1 
	   Disk (KB)            :       47        1    127802 
	   GPUs                 :                           0 
	   Memory (MB)          :       61     3900      3968 

	Job terminated of its own accord at 2023-07-25T04:47:59Z.
...
006 (330322.006.000) 2023-07-25 13:47:59 Image size of job updated: 687600
	61  -  MemoryUsage of job (MB)
	61824  -  ResidentSetSize of job (KB)
...
040 (330322.006.000) 2023-07-25 13:47:59 Started transferring output files
...
040 (330322.006.000) 2023-07-25 13:47:59 Finished transferring output files
...
005 (330322.006.000) 2023-07-25 13:47:59 Job terminated.
	(1) Normal termination (return value 0)
		Usr 0 00:00:13, Sys 0 00:00:00  -  Run Remote Usage
		Usr 0 00:00:00, Sys 0 00:00:00  -  Run Local Usage
		Usr 0 00:00:13, Sys 0 00:00:00  -  Total Remote Usage
		Usr 0 00:00:00, Sys 0 00:00:00  -  Total Local Usage
	1166  -  Run Bytes Sent By Job
	165  -  Run Bytes Received By Job
	1166  -  Total Bytes Sent By Job
	165  -  Total Bytes Received By Job
	Partitionable Resources :    Usage  Request Allocated 
	   Cpus                 :                 1         1 
	   Disk (KB)            :       47        1    127802 
	   GPUs                 :                           0 
	   Memory (MB)          :       61     3900      3968 

	Job terminated of its own accord at 2023-07-25T04:47:59Z.
...
006 (330322.000.000) 2023-07-25 13:48:08 Image size of job updated: 687244
	70  -  MemoryUsage of job (MB)
	71452  -  ResidentSetSize of job (KB)
...
040 (330322.000.000) 2023-07-25 13:48:08 Started transferring output files
...
040 (330322.000.000) 2023-07-25 13:48:08 Finished transferring output files
...
005 (330322.000.000) 2023-07-25 13:48:08 Job terminated.
	(1) Normal termination (return value 0)
		Usr 0 00:00:19, Sys 0 00:00:02  -  Run Remote Usage
		Usr 0 00:00:00, Sys 0 00:00:00  -  Run Local Usage
		Usr 0 00:00:19, Sys 0 00:00:02  -  Total Remote Usage
		Usr 0 00:00:00, Sys 0 00:00:00  -  Total Local Usage
	1827  -  Run Bytes Sent By Job
	165  -  Run Bytes Received By Job
	1827  -  Total Bytes Sent By Job
	165  -  Total Bytes Received By Job
	Partitionable Resources :    Usage  Request Allocated 
	   Cpus                 :                 1         1 
	   Disk (KB)            :       47        1    123869 
	   Memory (MB)          :       70     3900      3968 

	Job terminated of its own accord at 2023-07-25T04:48:08Z.
...
006 (330322.001.000) 2023-07-25 13:48:08 Image size of job updated: 687200
	84  -  MemoryUsage of job (MB)
	85920  -  ResidentSetSize of job (KB)
...
040 (330322.001.000) 2023-07-25 13:48:08 Started transferring output files
...
040 (330322.001.000) 2023-07-25 13:48:08 Finished transferring output files
...
005 (330322.001.000) 2023-07-25 13:48:08 Job terminated.
	(1) Normal termination (return value 0)
		Usr 0 00:00:19, Sys 0 00:00:02  -  Run Remote Usage
		Usr 0 00:00:00, Sys 0 00:00:00  -  Run Local Usage
		Usr 0 00:00:19, Sys 0 00:00:02  -  Total Remote Usage
		Usr 0 00:00:00, Sys 0 00:00:00  -  Total Local Usage
	1827  -  Run Bytes Sent By Job
	165  -  Run Bytes Received By Job
	1827  -  Total Bytes Sent By Job
	165  -  Total Bytes Received By Job
	Partitionable Resources :    Usage  Request Allocated 
	   Cpus                 :                 1         1 
	   Disk (KB)            :       47        1    123869 
	   Memory (MB)          :       84     3900      3968 

	Job terminated of its own accord at 2023-07-25T04:48:08Z.
...
006 (330322.002.000) 2023-07-25 13:48:13 Image size of job updated: 685344
	86  -  MemoryUsage of job (MB)
	87416  -  ResidentSetSize of job (KB)
...
040 (330322.002.000) 2023-07-25 13:48:13 Started transferring output files
...
040 (330322.002.000) 2023-07-25 13:48:13 Finished transferring output files
...
005 (330322.002.000) 2023-07-25 13:48:13 Job terminated.
	(1) Normal termination (return value 0)
		Usr 0 00:00:23, Sys 0 00:00:02  -  Run Remote Usage
		Usr 0 00:00:00, Sys 0 00:00:00  -  Run Local Usage
		Usr 0 00:00:23, Sys 0 00:00:02  -  Total Remote Usage
		Usr 0 00:00:00, Sys 0 00:00:00  -  Total Local Usage
	1317  -  Run Bytes Sent By Job
	165  -  Run Bytes Received By Job
	1317  -  Total Bytes Sent By Job
	165  -  Total Bytes Received By Job
	Partitionable Resources :    Usage  Request Allocated 
	   Cpus                 :                 1         1 
	   Disk (KB)            :       46        1    123869 
	   Memory (MB)          :       86     3900      3968 

	Job terminated of its own accord at 2023-07-25T04:48:13Z.
...
