Starts at Tue Jul 25 13:47:46 2023
[tnp_tamsa] Use Configs["NUM_Mu17Leg1_DEN_TopHNT_2018"] from config/TopHNT_Muon_v0.py
Fit ibin = 3
Warning: non-zero fit status 302
Warning: non-zero fit status 3
[#0] ERROR:Eval -- RooAbsReal::logEvalError(sigPhysPass) evaluation error, 
 origin       : RooHistPdf::sigPhysPass[ pdfObs=(x) ]
 message      : p.d.f normalization integral is zero or negative: 0
 server values: pdfObs=(x = 71.5796)
[#0] ERROR:Eval -- RooAbsReal::logEvalError(sigPhysPass) evaluation error, 
 origin       : RooHistPdf::sigPhysPass[ pdfObs=(x) ]
 message      : p.d.f normalization integral is zero or negative: 0
 server values: pdfObs=(x = 71.6591)
[#0] ERROR:Eval -- RooAbsReal::logEvalError(sigPhysPass) evaluation error, 
 origin       : RooHistPdf::sigPhysPass[ pdfObs=(x) ]
 message      : p.d.f normalization integral is zero or negative: 0
 server values: pdfObs=(x = 71.7387)
[#0] ERROR:Eval -- RooAbsReal::logEvalError(sigPhysPass) evaluation error, 
 origin       : RooHistPdf::sigPhysPass[ pdfObs=(x) ]
 message      : p.d.f normalization integral is zero or negative: 0
 server values: pdfObs=(x = 71.8183)
[#0] ERROR:Eval -- RooAbsReal::logEvalError(sigPhysPass) evaluation error, 
 origin       : RooHistPdf::sigPhysPass[ pdfObs=(x) ]
 message      : p.d.f normalization integral is zero or negative: 0
 server values: pdfObs=(x = 71.8978)
[#0] ERROR:Eval -- RooAbsReal::logEvalError(sigPhysPass) evaluation error, 
 origin       : RooHistPdf::sigPhysPass[ pdfObs=(x) ]
 message      : p.d.f normalization integral is zero or negative: 0
 server values: pdfObs=(x = 71.9774)
[#0] ERROR:Eval -- RooAbsReal::logEvalError(sigPhysPass) evaluation error, 
 origin       : RooHistPdf::sigPhysPass[ pdfObs=(x) ]
 message      : p.d.f normalization integral is zero or negative: 0
 server values: pdfObs=(x = 72.057)
[#0] ERROR:Eval -- RooAbsReal::logEvalError(sigPhysPass) evaluation error, 
 origin       : RooHistPdf::sigPhysPass[ pdfObs=(x) ]
 message      : p.d.f normalization integral is zero or negative: 0
 server values: pdfObs=(x = 72.1366)
[#0] ERROR:Eval -- RooAbsReal::logEvalError(sigPhysPass) evaluation error, 
 origin       : RooHistPdf::sigPhysPass[ pdfObs=(x) ]
 message      : p.d.f normalization integral is zero or negative: 0
 server values: pdfObs=(x = 72.2161)
[#0] ERROR:Eval -- RooAbsReal::logEvalError(sigPhysPass) evaluation error, 
 origin       : RooHistPdf::sigPhysPass[ pdfObs=(x) ]
 message      : p.d.f normalization integral is zero or negative: 0
 server values: pdfObs=(x = 72.2957)
[#0] ERROR:Eval -- RooAbsReal::logEvalError(sigPhysPass) evaluation error, 
 origin       : RooHistPdf::sigPhysPass[ pdfObs=(x) ]
 message      : p.d.f normalization integral is zero or negative: 0
 server values: pdfObs=(x = 72.3753)
[#0] ERROR:Eval -- RooAbsReal::logEvalError(sigPhysPass) evaluation error, 
 origin       : RooHistPdf::sigPhysPass[ pdfObs=(x) ]
 message      : p.d.f normalization integral is zero or negative: 0
 server values: pdfObs=(x = 72.4548)
[#0] ERROR:Eval -- RooAbsReal::logEvalError(sigPhysPass) evaluation error, 
 origin       : RooHistPdf::sigPhysPass[ pdfObs=(x) ]
 message      : p.d.f normalization integral is zero or negative: 0
 server values: pdfObs=(x = 72.5344)
[#0] ERROR:Eval -- RooAbsReal::logEvalError(sigPhysPass) evaluation error, 
 origin       : RooHistPdf::sigPhysPass[ pdfObs=(x) ]
 message      : p.d.f normalization integral is zero or negative: 0
 server values: pdfObs=(x = 72.614)
[#0] ERROR:Eval -- RooAbsReal::logEvalError(sigPhysPass) evaluation error, 
 origin       : RooHistPdf::sigPhysPass[ pdfObs=(x) ]
 message      : p.d.f normalization integral is zero or negative: 0
 server values: pdfObs=(x = 72.6935)
[#0] ERROR:Eval -- RooAbsReal::logEvalError(sigPhysPass) evaluation error, 
 origin       : RooHistPdf::sigPhysPass[ pdfObs=(x) ]
 message      : p.d.f normalization integral is zero or negative: 0
 server values: pdfObs=(x = 72.7731)
[#0] ERROR:Eval -- RooAbsReal::logEvalError(sigPhysPass) evaluation error, 
 origin       : RooHistPdf::sigPhysPass[ pdfObs=(x) ]
 message      : p.d.f normalization integral is zero or negative: 0
 server values: pdfObs=(x = 72.8527)
[#0] ERROR:Eval -- RooAbsReal::logEvalError(sigPhysPass) evaluation error, 
 origin       : RooHistPdf::sigPhysPass[ pdfObs=(x) ]
 message      : p.d.f normalization integral is zero or negative: 0
 server values: pdfObs=(x = 72.9323)
[#0] ERROR:Eval -- RooAbsReal::logEvalError(sigPhysPass) evaluation error, 
 origin       : RooHistPdf::sigPhysPass[ pdfObs=(x) ]
 message      : p.d.f normalization integral is zero or negative: 0
 server values: pdfObs=(x = 73.0118)
[#0] ERROR:Eval -- RooAbsReal::logEvalError(sigPhysPass) evaluation error, 
 origin       : RooHistPdf::sigPhysPass[ pdfObs=(x) ]
 message      : p.d.f normalization integral is zero or negative: 0
 server values: pdfObs=(x = 73.0914)
[#0] ERROR:Eval -- RooAbsReal::logEvalError(sigPhysPass) evaluation error, 
 origin       : RooHistPdf::sigPhysPass[ pdfObs=(x) ]
 message      : p.d.f normalization integral is zero or negative: 0
 server values: pdfObs=(x = 73.171)
[#0] ERROR:Eval -- RooAbsReal::logEvalError(sigPhysPass) evaluation error, 
 origin       : RooHistPdf::sigPhysPass[ pdfObs=(x) ]
 message      : p.d.f normalization integral is zero or negative: 0
 server values: pdfObs=(x = 73.2505)
[#0] ERROR:Eval -- RooAbsReal::logEvalError(sigPhysPass) evaluation error, 
 origin       : RooHistPdf::sigPhysPass[ pdfObs=(x) ]
 message      : p.d.f normalization integral is zero or negative: 0
 server values: pdfObs=(x = 73.3301)
[#0] ERROR:Eval -- RooAbsReal::logEvalError(sigPhysPass) evaluation error, 
 origin       : RooHistPdf::sigPhysPass[ pdfObs=(x) ]
 message      : p.d.f normalization integral is zero or negative: 0
 server values: pdfObs=(x = 73.4097)
[#0] ERROR:Eval -- RooAbsReal::logEvalError(sigPhysPass) evaluation error, 
 origin       : RooHistPdf::sigPhysPass[ pdfObs=(x) ]
 message      : p.d.f normalization integral is zero or negative: 0
 server values: pdfObs=(x = 73.4892)
Fit ibin = 13
Fit ibin = 23
Warning: non-zero fit status 3
Fit ibin = 33
Ends at  Tue Jul 25 13:47:55 2023
Time took 9.03404903412 seconds.
