000 (310125.000.000) 2023-06-09 15:11:06 Job submitted from host: <172.30.1.200:9618?addrs=172.30.1.200-9618&alias=tamsa2.snu.ac.kr&noUDP&sock=schedd_3510_2582>
...
000 (310125.001.000) 2023-06-09 15:11:06 Job submitted from host: <172.30.1.200:9618?addrs=172.30.1.200-9618&alias=tamsa2.snu.ac.kr&noUDP&sock=schedd_3510_2582>
...
000 (310125.002.000) 2023-06-09 15:11:06 Job submitted from host: <172.30.1.200:9618?addrs=172.30.1.200-9618&alias=tamsa2.snu.ac.kr&noUDP&sock=schedd_3510_2582>
...
000 (310125.003.000) 2023-06-09 15:11:06 Job submitted from host: <172.30.1.200:9618?addrs=172.30.1.200-9618&alias=tamsa2.snu.ac.kr&noUDP&sock=schedd_3510_2582>
...
000 (310125.004.000) 2023-06-09 15:11:06 Job submitted from host: <172.30.1.200:9618?addrs=172.30.1.200-9618&alias=tamsa2.snu.ac.kr&noUDP&sock=schedd_3510_2582>
...
000 (310125.005.000) 2023-06-09 15:11:06 Job submitted from host: <172.30.1.200:9618?addrs=172.30.1.200-9618&alias=tamsa2.snu.ac.kr&noUDP&sock=schedd_3510_2582>
...
000 (310125.006.000) 2023-06-09 15:11:06 Job submitted from host: <172.30.1.200:9618?addrs=172.30.1.200-9618&alias=tamsa2.snu.ac.kr&noUDP&sock=schedd_3510_2582>
...
000 (310125.007.000) 2023-06-09 15:11:06 Job submitted from host: <172.30.1.200:9618?addrs=172.30.1.200-9618&alias=tamsa2.snu.ac.kr&noUDP&sock=schedd_3510_2582>
...
000 (310125.008.000) 2023-06-09 15:11:06 Job submitted from host: <172.30.1.200:9618?addrs=172.30.1.200-9618&alias=tamsa2.snu.ac.kr&noUDP&sock=schedd_3510_2582>
...
000 (310125.009.000) 2023-06-09 15:11:06 Job submitted from host: <172.30.1.200:9618?addrs=172.30.1.200-9618&alias=tamsa2.snu.ac.kr&noUDP&sock=schedd_3510_2582>
...
001 (310125.007.000) 2023-06-09 15:11:12 Job executing on host: <172.30.1.210:9618?addrs=172.30.1.210-9618&alias=node10&noUDP&sock=startd_3787_253e>
...
001 (310125.009.000) 2023-06-09 15:11:13 Job executing on host: <172.30.1.210:9618?addrs=172.30.1.210-9618&alias=node10&noUDP&sock=startd_3787_253e>
...
001 (310125.008.000) 2023-06-09 15:11:13 Job executing on host: <172.30.1.210:9618?addrs=172.30.1.210-9618&alias=node10&noUDP&sock=startd_3787_253e>
...
001 (310125.000.000) 2023-06-09 15:11:13 Job executing on host: <172.30.1.201:9618?addrs=172.30.1.201-9618&alias=node1&noUDP&sock=startd_4675_3d58>
...
001 (310125.001.000) 2023-06-09 15:11:13 Job executing on host: <172.30.1.201:9618?addrs=172.30.1.201-9618&alias=node1&noUDP&sock=startd_4675_3d58>
...
001 (310125.002.000) 2023-06-09 15:11:13 Job executing on host: <172.30.1.201:9618?addrs=172.30.1.201-9618&alias=node1&noUDP&sock=startd_4675_3d58>
...
001 (310125.003.000) 2023-06-09 15:11:13 Job executing on host: <172.30.1.201:9618?addrs=172.30.1.201-9618&alias=node1&noUDP&sock=startd_4675_3d58>
...
001 (310125.004.000) 2023-06-09 15:11:13 Job executing on host: <172.30.1.201:9618?addrs=172.30.1.201-9618&alias=node1&noUDP&sock=startd_4675_3d58>
...
001 (310125.005.000) 2023-06-09 15:11:13 Job executing on host: <172.30.1.201:9618?addrs=172.30.1.201-9618&alias=node1&noUDP&sock=startd_4675_3d58>
...
001 (310125.006.000) 2023-06-09 15:11:13 Job executing on host: <172.30.1.201:9618?addrs=172.30.1.201-9618&alias=node1&noUDP&sock=startd_4675_3d58>
...
006 (310125.007.000) 2023-06-09 15:11:21 Image size of job updated: 508420
	199  -  MemoryUsage of job (MB)
	203628  -  ResidentSetSize of job (KB)
...
006 (310125.009.000) 2023-06-09 15:11:22 Image size of job updated: 507880
	203  -  MemoryUsage of job (MB)
	207736  -  ResidentSetSize of job (KB)
...
006 (310125.008.000) 2023-06-09 15:11:22 Image size of job updated: 507864
	183  -  MemoryUsage of job (MB)
	187092  -  ResidentSetSize of job (KB)
...
006 (310125.005.000) 2023-06-09 15:11:22 Image size of job updated: 221400
	183  -  MemoryUsage of job (MB)
	187096  -  ResidentSetSize of job (KB)
...
006 (310125.001.000) 2023-06-09 15:11:22 Image size of job updated: 221400
	183  -  MemoryUsage of job (MB)
	186792  -  ResidentSetSize of job (KB)
...
006 (310125.002.000) 2023-06-09 15:11:22 Image size of job updated: 221400
	151  -  MemoryUsage of job (MB)
	153636  -  ResidentSetSize of job (KB)
...
006 (310125.003.000) 2023-06-09 15:11:22 Image size of job updated: 611540
	152  -  MemoryUsage of job (MB)
	154684  -  ResidentSetSize of job (KB)
...
006 (310125.006.000) 2023-06-09 15:11:22 Image size of job updated: 611516
	152  -  MemoryUsage of job (MB)
	155036  -  ResidentSetSize of job (KB)
...
006 (310125.000.000) 2023-06-09 15:11:22 Image size of job updated: 640624
	178  -  MemoryUsage of job (MB)
	181824  -  ResidentSetSize of job (KB)
...
006 (310125.004.000) 2023-06-09 15:11:22 Image size of job updated: 647916
	183  -  MemoryUsage of job (MB)
	186796  -  ResidentSetSize of job (KB)
...
006 (310125.008.000) 2023-06-09 15:11:45 Image size of job updated: 685256
	183  -  MemoryUsage of job (MB)
	187092  -  ResidentSetSize of job (KB)
...
005 (310125.008.000) 2023-06-09 15:11:45 Job terminated.
	(1) Normal termination (return value 0)
		Usr 0 00:00:28, Sys 0 00:00:01  -  Run Remote Usage
		Usr 0 00:00:00, Sys 0 00:00:00  -  Run Local Usage
		Usr 0 00:00:28, Sys 0 00:00:01  -  Total Remote Usage
		Usr 0 00:00:00, Sys 0 00:00:00  -  Total Local Usage
	0  -  Run Bytes Sent By Job
	0  -  Run Bytes Received By Job
	0  -  Total Bytes Sent By Job
	0  -  Total Bytes Received By Job
	Partitionable Resources :    Usage  Request Allocated 
	   Cpus                 :                 1         1 
	   Disk (KB)            :        1        1    128928 
	   Memory (MB)          :      183     3900      3968 

	Job terminated of its own accord at 2023-06-09T06:11:45Z.
...
006 (310125.001.000) 2023-06-09 15:11:48 Image size of job updated: 687680
	183  -  MemoryUsage of job (MB)
	186792  -  ResidentSetSize of job (KB)
...
005 (310125.001.000) 2023-06-09 15:11:48 Job terminated.
	(1) Normal termination (return value 0)
		Usr 0 00:00:29, Sys 0 00:00:01  -  Run Remote Usage
		Usr 0 00:00:00, Sys 0 00:00:00  -  Run Local Usage
		Usr 0 00:00:29, Sys 0 00:00:01  -  Total Remote Usage
		Usr 0 00:00:00, Sys 0 00:00:00  -  Total Local Usage
	0  -  Run Bytes Sent By Job
	0  -  Run Bytes Received By Job
	0  -  Total Bytes Sent By Job
	0  -  Total Bytes Received By Job
	Partitionable Resources :    Usage  Request Allocated 
	   Cpus                 :     0.94        1         1 
	   Disk (KB)            :     1           1    128992 
	   Memory (MB)          :   183        3900      3968 

	Job terminated of its own accord at 2023-06-09T06:11:48Z.
...
006 (310125.009.000) 2023-06-09 15:11:53 Image size of job updated: 687956
	203  -  MemoryUsage of job (MB)
	207736  -  ResidentSetSize of job (KB)
...
005 (310125.009.000) 2023-06-09 15:11:53 Job terminated.
	(1) Normal termination (return value 0)
		Usr 0 00:00:34, Sys 0 00:00:01  -  Run Remote Usage
		Usr 0 00:00:00, Sys 0 00:00:00  -  Run Local Usage
		Usr 0 00:00:34, Sys 0 00:00:01  -  Total Remote Usage
		Usr 0 00:00:00, Sys 0 00:00:00  -  Total Local Usage
	0  -  Run Bytes Sent By Job
	0  -  Run Bytes Received By Job
	0  -  Total Bytes Sent By Job
	0  -  Total Bytes Received By Job
	Partitionable Resources :    Usage  Request Allocated 
	   Cpus                 :                 1         1 
	   Disk (KB)            :        1        1    128928 
	   Memory (MB)          :      203     3900      3968 

	Job terminated of its own accord at 2023-06-09T06:11:53Z.
...
006 (310125.007.000) 2023-06-09 15:12:02 Image size of job updated: 691664
	199  -  MemoryUsage of job (MB)
	203656  -  ResidentSetSize of job (KB)
...
005 (310125.007.000) 2023-06-09 15:12:02 Job terminated.
	(1) Normal termination (return value 0)
		Usr 0 00:00:43, Sys 0 00:00:01  -  Run Remote Usage
		Usr 0 00:00:00, Sys 0 00:00:00  -  Run Local Usage
		Usr 0 00:00:43, Sys 0 00:00:01  -  Total Remote Usage
		Usr 0 00:00:00, Sys 0 00:00:00  -  Total Local Usage
	0  -  Run Bytes Sent By Job
	0  -  Run Bytes Received By Job
	0  -  Total Bytes Sent By Job
	0  -  Total Bytes Received By Job
	Partitionable Resources :    Usage  Request Allocated 
	   Cpus                 :                 1         1 
	   Disk (KB)            :        1        1    128928 
	   Memory (MB)          :      199     3900      3968 

	Job terminated of its own accord at 2023-06-09T06:12:02Z.
...
006 (310125.003.000) 2023-06-09 15:12:06 Image size of job updated: 689140
	152  -  MemoryUsage of job (MB)
	154684  -  ResidentSetSize of job (KB)
...
005 (310125.003.000) 2023-06-09 15:12:06 Job terminated.
	(1) Normal termination (return value 0)
		Usr 0 00:00:44, Sys 0 00:00:01  -  Run Remote Usage
		Usr 0 00:00:00, Sys 0 00:00:00  -  Run Local Usage
		Usr 0 00:00:44, Sys 0 00:00:01  -  Total Remote Usage
		Usr 0 00:00:00, Sys 0 00:00:00  -  Total Local Usage
	0  -  Run Bytes Sent By Job
	0  -  Run Bytes Received By Job
	0  -  Total Bytes Sent By Job
	0  -  Total Bytes Received By Job
	Partitionable Resources :    Usage  Request Allocated 
	   Cpus                 :     0.97        1         1 
	   Disk (KB)            :     1           1    128992 
	   Memory (MB)          :   152        3900      3968 

	Job terminated of its own accord at 2023-06-09T06:12:06Z.
...
006 (310125.000.000) 2023-06-09 15:12:09 Image size of job updated: 689904
	178  -  MemoryUsage of job (MB)
	181832  -  ResidentSetSize of job (KB)
...
005 (310125.000.000) 2023-06-09 15:12:09 Job terminated.
	(1) Normal termination (return value 0)
		Usr 0 00:00:50, Sys 0 00:00:01  -  Run Remote Usage
		Usr 0 00:00:00, Sys 0 00:00:00  -  Run Local Usage
		Usr 0 00:00:50, Sys 0 00:00:01  -  Total Remote Usage
		Usr 0 00:00:00, Sys 0 00:00:00  -  Total Local Usage
	0  -  Run Bytes Sent By Job
	0  -  Run Bytes Received By Job
	0  -  Total Bytes Sent By Job
	0  -  Total Bytes Received By Job
	Partitionable Resources :    Usage  Request Allocated 
	   Cpus                 :     0.97        1         1 
	   Disk (KB)            :     1           1    128992 
	   Memory (MB)          :   178        3900      3968 

	Job terminated of its own accord at 2023-06-09T06:12:09Z.
...
006 (310125.006.000) 2023-06-09 15:12:14 Image size of job updated: 690964
	152  -  MemoryUsage of job (MB)
	155036  -  ResidentSetSize of job (KB)
...
005 (310125.006.000) 2023-06-09 15:12:14 Job terminated.
	(1) Normal termination (return value 0)
		Usr 0 00:00:49, Sys 0 00:00:01  -  Run Remote Usage
		Usr 0 00:00:00, Sys 0 00:00:00  -  Run Local Usage
		Usr 0 00:00:49, Sys 0 00:00:01  -  Total Remote Usage
		Usr 0 00:00:00, Sys 0 00:00:00  -  Total Local Usage
	0  -  Run Bytes Sent By Job
	0  -  Run Bytes Received By Job
	0  -  Total Bytes Sent By Job
	0  -  Total Bytes Received By Job
	Partitionable Resources :    Usage  Request Allocated 
	   Cpus                 :     0.97        1         1 
	   Disk (KB)            :     1           1    128992 
	   Memory (MB)          :   152        3900      3968 

	Job terminated of its own accord at 2023-06-09T06:12:14Z.
...
006 (310125.005.000) 2023-06-09 15:12:22 Image size of job updated: 689712
	183  -  MemoryUsage of job (MB)
	187096  -  ResidentSetSize of job (KB)
...
005 (310125.005.000) 2023-06-09 15:12:22 Job terminated.
	(1) Normal termination (return value 0)
		Usr 0 00:01:00, Sys 0 00:00:01  -  Run Remote Usage
		Usr 0 00:00:00, Sys 0 00:00:00  -  Run Local Usage
		Usr 0 00:01:00, Sys 0 00:00:01  -  Total Remote Usage
		Usr 0 00:00:00, Sys 0 00:00:00  -  Total Local Usage
	0  -  Run Bytes Sent By Job
	0  -  Run Bytes Received By Job
	0  -  Total Bytes Sent By Job
	0  -  Total Bytes Received By Job
	Partitionable Resources :    Usage  Request Allocated 
	   Cpus                 :     0.95        1         1 
	   Disk (KB)            :     1           1    128992 
	   Memory (MB)          :   183        3900      3968 

	Job terminated of its own accord at 2023-06-09T06:12:22Z.
...
006 (310125.002.000) 2023-06-09 15:12:25 Image size of job updated: 689880
	151  -  MemoryUsage of job (MB)
	153636  -  ResidentSetSize of job (KB)
...
005 (310125.002.000) 2023-06-09 15:12:25 Job terminated.
	(1) Normal termination (return value 0)
		Usr 0 00:01:01, Sys 0 00:00:01  -  Run Remote Usage
		Usr 0 00:00:00, Sys 0 00:00:00  -  Run Local Usage
		Usr 0 00:01:01, Sys 0 00:00:01  -  Total Remote Usage
		Usr 0 00:00:00, Sys 0 00:00:00  -  Total Local Usage
	0  -  Run Bytes Sent By Job
	0  -  Run Bytes Received By Job
	0  -  Total Bytes Sent By Job
	0  -  Total Bytes Received By Job
	Partitionable Resources :    Usage  Request Allocated 
	   Cpus                 :     0.77        1         1 
	   Disk (KB)            :     1           1    128992 
	   Memory (MB)          :   151        3900      3968 

	Job terminated of its own accord at 2023-06-09T06:12:25Z.
...
006 (310125.004.000) 2023-06-09 15:12:25 Image size of job updated: 688032
	183  -  MemoryUsage of job (MB)
	186796  -  ResidentSetSize of job (KB)
...
005 (310125.004.000) 2023-06-09 15:12:25 Job terminated.
	(1) Normal termination (return value 0)
		Usr 0 00:01:06, Sys 0 00:00:01  -  Run Remote Usage
		Usr 0 00:00:00, Sys 0 00:00:00  -  Run Local Usage
		Usr 0 00:01:06, Sys 0 00:00:01  -  Total Remote Usage
		Usr 0 00:00:00, Sys 0 00:00:00  -  Total Local Usage
	0  -  Run Bytes Sent By Job
	0  -  Run Bytes Received By Job
	0  -  Total Bytes Sent By Job
	0  -  Total Bytes Received By Job
	Partitionable Resources :    Usage  Request Allocated 
	   Cpus                 :     0.95        1         1 
	   Disk (KB)            :     1           1    128992 
	   Memory (MB)          :   183        3900      3968 

	Job terminated of its own accord at 2023-06-09T06:12:25Z.
...
000 (310205.000.000) 2023-06-09 16:52:35 Job submitted from host: <172.30.1.200:9618?addrs=172.30.1.200-9618&alias=tamsa2.snu.ac.kr&noUDP&sock=schedd_3510_2582>
...
000 (310205.001.000) 2023-06-09 16:52:35 Job submitted from host: <172.30.1.200:9618?addrs=172.30.1.200-9618&alias=tamsa2.snu.ac.kr&noUDP&sock=schedd_3510_2582>
...
000 (310205.002.000) 2023-06-09 16:52:35 Job submitted from host: <172.30.1.200:9618?addrs=172.30.1.200-9618&alias=tamsa2.snu.ac.kr&noUDP&sock=schedd_3510_2582>
...
000 (310205.003.000) 2023-06-09 16:52:35 Job submitted from host: <172.30.1.200:9618?addrs=172.30.1.200-9618&alias=tamsa2.snu.ac.kr&noUDP&sock=schedd_3510_2582>
...
000 (310205.004.000) 2023-06-09 16:52:35 Job submitted from host: <172.30.1.200:9618?addrs=172.30.1.200-9618&alias=tamsa2.snu.ac.kr&noUDP&sock=schedd_3510_2582>
...
000 (310205.005.000) 2023-06-09 16:52:35 Job submitted from host: <172.30.1.200:9618?addrs=172.30.1.200-9618&alias=tamsa2.snu.ac.kr&noUDP&sock=schedd_3510_2582>
...
000 (310205.006.000) 2023-06-09 16:52:35 Job submitted from host: <172.30.1.200:9618?addrs=172.30.1.200-9618&alias=tamsa2.snu.ac.kr&noUDP&sock=schedd_3510_2582>
...
000 (310205.007.000) 2023-06-09 16:52:35 Job submitted from host: <172.30.1.200:9618?addrs=172.30.1.200-9618&alias=tamsa2.snu.ac.kr&noUDP&sock=schedd_3510_2582>
...
000 (310205.008.000) 2023-06-09 16:52:35 Job submitted from host: <172.30.1.200:9618?addrs=172.30.1.200-9618&alias=tamsa2.snu.ac.kr&noUDP&sock=schedd_3510_2582>
...
000 (310205.009.000) 2023-06-09 16:52:35 Job submitted from host: <172.30.1.200:9618?addrs=172.30.1.200-9618&alias=tamsa2.snu.ac.kr&noUDP&sock=schedd_3510_2582>
...
001 (310205.003.000) 2023-06-09 16:52:49 Job executing on host: <172.30.1.201:9618?addrs=172.30.1.201-9618&alias=node1&noUDP&sock=startd_4675_3d58>
...
001 (310205.004.000) 2023-06-09 16:52:49 Job executing on host: <172.30.1.201:9618?addrs=172.30.1.201-9618&alias=node1&noUDP&sock=startd_4675_3d58>
...
001 (310205.005.000) 2023-06-09 16:52:50 Job executing on host: <172.30.1.201:9618?addrs=172.30.1.201-9618&alias=node1&noUDP&sock=startd_4675_3d58>
...
001 (310205.000.000) 2023-06-09 16:52:50 Job executing on host: <172.30.1.204:9618?addrs=172.30.1.204-9618&alias=node4&noUDP&sock=startd_3843_8e8c>
...
001 (310205.006.000) 2023-06-09 16:52:50 Job executing on host: <172.30.1.201:9618?addrs=172.30.1.201-9618&alias=node1&noUDP&sock=startd_4675_3d58>
...
001 (310205.001.000) 2023-06-09 16:52:50 Job executing on host: <172.30.1.204:9618?addrs=172.30.1.204-9618&alias=node4&noUDP&sock=startd_3843_8e8c>
...
001 (310205.007.000) 2023-06-09 16:52:50 Job executing on host: <172.30.1.201:9618?addrs=172.30.1.201-9618&alias=node1&noUDP&sock=startd_4675_3d58>
...
001 (310205.002.000) 2023-06-09 16:52:50 Job executing on host: <172.30.1.204:9618?addrs=172.30.1.204-9618&alias=node4&noUDP&sock=startd_3843_8e8c>
...
001 (310205.008.000) 2023-06-09 16:52:50 Job executing on host: <172.30.1.201:9618?addrs=172.30.1.201-9618&alias=node1&noUDP&sock=startd_4675_3d58>
...
001 (310205.009.000) 2023-06-09 16:52:50 Job executing on host: <172.30.1.201:9618?addrs=172.30.1.201-9618&alias=node1&noUDP&sock=startd_4675_3d58>
...
006 (310205.004.000) 2023-06-09 16:52:58 Image size of job updated: 437428
	183  -  MemoryUsage of job (MB)
	186780  -  ResidentSetSize of job (KB)
...
006 (310205.005.000) 2023-06-09 16:52:58 Image size of job updated: 429444
	183  -  MemoryUsage of job (MB)
	187040  -  ResidentSetSize of job (KB)
...
006 (310205.000.000) 2023-06-09 16:52:58 Image size of job updated: 188308
	183  -  MemoryUsage of job (MB)
	186804  -  ResidentSetSize of job (KB)
...
006 (310205.006.000) 2023-06-09 16:52:58 Image size of job updated: 423904
	183  -  MemoryUsage of job (MB)
	186816  -  ResidentSetSize of job (KB)
...
006 (310205.001.000) 2023-06-09 16:52:58 Image size of job updated: 199888
	183  -  MemoryUsage of job (MB)
	186748  -  ResidentSetSize of job (KB)
...
006 (310205.007.000) 2023-06-09 16:52:58 Image size of job updated: 421732
	183  -  MemoryUsage of job (MB)
	186856  -  ResidentSetSize of job (KB)
...
006 (310205.008.000) 2023-06-09 16:52:58 Image size of job updated: 413940
	183  -  MemoryUsage of job (MB)
	186744  -  ResidentSetSize of job (KB)
...
006 (310205.003.000) 2023-06-09 16:52:58 Image size of job updated: 448584
	183  -  MemoryUsage of job (MB)
	186808  -  ResidentSetSize of job (KB)
...
006 (310205.002.000) 2023-06-09 16:52:59 Image size of job updated: 188780
	183  -  MemoryUsage of job (MB)
	186824  -  ResidentSetSize of job (KB)
...
006 (310205.009.000) 2023-06-09 16:52:59 Image size of job updated: 399416
	203  -  MemoryUsage of job (MB)
	207184  -  ResidentSetSize of job (KB)
...
006 (310205.001.000) 2023-06-09 16:53:10 Image size of job updated: 684812
	183  -  MemoryUsage of job (MB)
	186748  -  ResidentSetSize of job (KB)
...
005 (310205.001.000) 2023-06-09 16:53:10 Job terminated.
	(1) Normal termination (return value 0)
		Usr 0 00:00:15, Sys 0 00:00:00  -  Run Remote Usage
		Usr 0 00:00:00, Sys 0 00:00:00  -  Run Local Usage
		Usr 0 00:00:15, Sys 0 00:00:00  -  Total Remote Usage
		Usr 0 00:00:00, Sys 0 00:00:00  -  Total Local Usage
	0  -  Run Bytes Sent By Job
	0  -  Run Bytes Received By Job
	0  -  Total Bytes Sent By Job
	0  -  Total Bytes Received By Job
	Partitionable Resources :    Usage  Request Allocated 
	   Cpus                 :                 1         1 
	   Disk (KB)            :        1        1    128928 
	   Memory (MB)          :      183     3900      3968 

	Job terminated of its own accord at 2023-06-09T07:53:10Z.
...
006 (310205.002.000) 2023-06-09 16:53:17 Image size of job updated: 684852
	183  -  MemoryUsage of job (MB)
	186824  -  ResidentSetSize of job (KB)
...
005 (310205.002.000) 2023-06-09 16:53:17 Job terminated.
	(1) Normal termination (return value 0)
		Usr 0 00:00:22, Sys 0 00:00:00  -  Run Remote Usage
		Usr 0 00:00:00, Sys 0 00:00:00  -  Run Local Usage
		Usr 0 00:00:22, Sys 0 00:00:00  -  Total Remote Usage
		Usr 0 00:00:00, Sys 0 00:00:00  -  Total Local Usage
	0  -  Run Bytes Sent By Job
	0  -  Run Bytes Received By Job
	0  -  Total Bytes Sent By Job
	0  -  Total Bytes Received By Job
	Partitionable Resources :    Usage  Request Allocated 
	   Cpus                 :                 1         1 
	   Disk (KB)            :        1        1    128928 
	   Memory (MB)          :      183     3900      3968 

	Job terminated of its own accord at 2023-06-09T07:53:17Z.
...
006 (310205.000.000) 2023-06-09 16:53:17 Image size of job updated: 689588
	183  -  MemoryUsage of job (MB)
	186804  -  ResidentSetSize of job (KB)
...
005 (310205.000.000) 2023-06-09 16:53:17 Job terminated.
	(1) Normal termination (return value 0)
		Usr 0 00:00:23, Sys 0 00:00:01  -  Run Remote Usage
		Usr 0 00:00:00, Sys 0 00:00:00  -  Run Local Usage
		Usr 0 00:00:23, Sys 0 00:00:01  -  Total Remote Usage
		Usr 0 00:00:00, Sys 0 00:00:00  -  Total Local Usage
	0  -  Run Bytes Sent By Job
	0  -  Run Bytes Received By Job
	0  -  Total Bytes Sent By Job
	0  -  Total Bytes Received By Job
	Partitionable Resources :    Usage  Request Allocated 
	   Cpus                 :                 1         1 
	   Disk (KB)            :        1        1    128928 
	   Memory (MB)          :      183     3900      3968 

	Job terminated of its own accord at 2023-06-09T07:53:17Z.
...
006 (310205.009.000) 2023-06-09 16:53:18 Image size of job updated: 684752
	203  -  MemoryUsage of job (MB)
	207184  -  ResidentSetSize of job (KB)
...
005 (310205.009.000) 2023-06-09 16:53:19 Job terminated.
	(1) Normal termination (return value 0)
		Usr 0 00:00:24, Sys 0 00:00:01  -  Run Remote Usage
		Usr 0 00:00:00, Sys 0 00:00:00  -  Run Local Usage
		Usr 0 00:00:24, Sys 0 00:00:01  -  Total Remote Usage
		Usr 0 00:00:00, Sys 0 00:00:00  -  Total Local Usage
	0  -  Run Bytes Sent By Job
	0  -  Run Bytes Received By Job
	0  -  Total Bytes Sent By Job
	0  -  Total Bytes Received By Job
	Partitionable Resources :    Usage  Request Allocated 
	   Cpus                 :                 1         1 
	   Disk (KB)            :        1        1    128992 
	   Memory (MB)          :      203     3900      3968 

	Job terminated of its own accord at 2023-06-09T07:53:18Z.
...
006 (310205.003.000) 2023-06-09 16:53:23 Image size of job updated: 685464
	183  -  MemoryUsage of job (MB)
	186808  -  ResidentSetSize of job (KB)
...
005 (310205.003.000) 2023-06-09 16:53:23 Job terminated.
	(1) Normal termination (return value 0)
		Usr 0 00:00:29, Sys 0 00:00:01  -  Run Remote Usage
		Usr 0 00:00:00, Sys 0 00:00:00  -  Run Local Usage
		Usr 0 00:00:29, Sys 0 00:00:01  -  Total Remote Usage
		Usr 0 00:00:00, Sys 0 00:00:00  -  Total Local Usage
	0  -  Run Bytes Sent By Job
	0  -  Run Bytes Received By Job
	0  -  Total Bytes Sent By Job
	0  -  Total Bytes Received By Job
	Partitionable Resources :    Usage  Request Allocated 
	   Cpus                 :                 1         1 
	   Disk (KB)            :        1        1    128992 
	   Memory (MB)          :      183     3900      3968 

	Job terminated of its own accord at 2023-06-09T07:53:23Z.
...
006 (310205.008.000) 2023-06-09 16:53:25 Image size of job updated: 685380
	183  -  MemoryUsage of job (MB)
	186744  -  ResidentSetSize of job (KB)
...
006 (310205.006.000) 2023-06-09 16:53:25 Image size of job updated: 685504
	183  -  MemoryUsage of job (MB)
	186816  -  ResidentSetSize of job (KB)
...
005 (310205.008.000) 2023-06-09 16:53:25 Job terminated.
	(1) Normal termination (return value 0)
		Usr 0 00:00:31, Sys 0 00:00:01  -  Run Remote Usage
		Usr 0 00:00:00, Sys 0 00:00:00  -  Run Local Usage
		Usr 0 00:00:31, Sys 0 00:00:01  -  Total Remote Usage
		Usr 0 00:00:00, Sys 0 00:00:00  -  Total Local Usage
	0  -  Run Bytes Sent By Job
	0  -  Run Bytes Received By Job
	0  -  Total Bytes Sent By Job
	0  -  Total Bytes Received By Job
	Partitionable Resources :    Usage  Request Allocated 
	   Cpus                 :                 1         1 
	   Disk (KB)            :        1        1    128992 
	   Memory (MB)          :      183     3900      3968 

	Job terminated of its own accord at 2023-06-09T07:53:25Z.
...
005 (310205.006.000) 2023-06-09 16:53:26 Job terminated.
	(1) Normal termination (return value 0)
		Usr 0 00:00:30, Sys 0 00:00:01  -  Run Remote Usage
		Usr 0 00:00:00, Sys 0 00:00:00  -  Run Local Usage
		Usr 0 00:00:30, Sys 0 00:00:01  -  Total Remote Usage
		Usr 0 00:00:00, Sys 0 00:00:00  -  Total Local Usage
	0  -  Run Bytes Sent By Job
	0  -  Run Bytes Received By Job
	0  -  Total Bytes Sent By Job
	0  -  Total Bytes Received By Job
	Partitionable Resources :    Usage  Request Allocated 
	   Cpus                 :                 1         1 
	   Disk (KB)            :        1        1    128992 
	   Memory (MB)          :      183     3900      3968 

	Job terminated of its own accord at 2023-06-09T07:53:25Z.
...
006 (310205.005.000) 2023-06-09 16:53:26 Image size of job updated: 686108
	183  -  MemoryUsage of job (MB)
	187040  -  ResidentSetSize of job (KB)
...
005 (310205.005.000) 2023-06-09 16:53:26 Job terminated.
	(1) Normal termination (return value 0)
		Usr 0 00:00:32, Sys 0 00:00:01  -  Run Remote Usage
		Usr 0 00:00:00, Sys 0 00:00:00  -  Run Local Usage
		Usr 0 00:00:32, Sys 0 00:00:01  -  Total Remote Usage
		Usr 0 00:00:00, Sys 0 00:00:00  -  Total Local Usage
	0  -  Run Bytes Sent By Job
	0  -  Run Bytes Received By Job
	0  -  Total Bytes Sent By Job
	0  -  Total Bytes Received By Job
	Partitionable Resources :    Usage  Request Allocated 
	   Cpus                 :                 1         1 
	   Disk (KB)            :        1        1    128992 
	   Memory (MB)          :      183     3900      3968 

	Job terminated of its own accord at 2023-06-09T07:53:26Z.
...
006 (310205.007.000) 2023-06-09 16:53:27 Image size of job updated: 687736
	183  -  MemoryUsage of job (MB)
	186856  -  ResidentSetSize of job (KB)
...
005 (310205.007.000) 2023-06-09 16:53:27 Job terminated.
	(1) Normal termination (return value 0)
		Usr 0 00:00:33, Sys 0 00:00:01  -  Run Remote Usage
		Usr 0 00:00:00, Sys 0 00:00:00  -  Run Local Usage
		Usr 0 00:00:33, Sys 0 00:00:01  -  Total Remote Usage
		Usr 0 00:00:00, Sys 0 00:00:00  -  Total Local Usage
	0  -  Run Bytes Sent By Job
	0  -  Run Bytes Received By Job
	0  -  Total Bytes Sent By Job
	0  -  Total Bytes Received By Job
	Partitionable Resources :    Usage  Request Allocated 
	   Cpus                 :                 1         1 
	   Disk (KB)            :        1        1    128992 
	   Memory (MB)          :      183     3900      3968 

	Job terminated of its own accord at 2023-06-09T07:53:27Z.
...
006 (310205.004.000) 2023-06-09 16:53:28 Image size of job updated: 687720
	183  -  MemoryUsage of job (MB)
	186780  -  ResidentSetSize of job (KB)
...
005 (310205.004.000) 2023-06-09 16:53:28 Job terminated.
	(1) Normal termination (return value 0)
		Usr 0 00:00:34, Sys 0 00:00:01  -  Run Remote Usage
		Usr 0 00:00:00, Sys 0 00:00:00  -  Run Local Usage
		Usr 0 00:00:34, Sys 0 00:00:01  -  Total Remote Usage
		Usr 0 00:00:00, Sys 0 00:00:00  -  Total Local Usage
	0  -  Run Bytes Sent By Job
	0  -  Run Bytes Received By Job
	0  -  Total Bytes Sent By Job
	0  -  Total Bytes Received By Job
	Partitionable Resources :    Usage  Request Allocated 
	   Cpus                 :                 1         1 
	   Disk (KB)            :        1        1    128992 
	   Memory (MB)          :      183     3900      3968 

	Job terminated of its own accord at 2023-06-09T07:53:28Z.
...
