000 (330136.000.000) 2023-07-25 11:52:16 Job submitted from host: <172.30.1.200:9618?addrs=172.30.1.200-9618&alias=tamsa2.snu.ac.kr&noUDP&sock=schedd_3510_2582>
...
000 (330136.001.000) 2023-07-25 11:52:16 Job submitted from host: <172.30.1.200:9618?addrs=172.30.1.200-9618&alias=tamsa2.snu.ac.kr&noUDP&sock=schedd_3510_2582>
...
000 (330136.002.000) 2023-07-25 11:52:16 Job submitted from host: <172.30.1.200:9618?addrs=172.30.1.200-9618&alias=tamsa2.snu.ac.kr&noUDP&sock=schedd_3510_2582>
...
000 (330136.003.000) 2023-07-25 11:52:16 Job submitted from host: <172.30.1.200:9618?addrs=172.30.1.200-9618&alias=tamsa2.snu.ac.kr&noUDP&sock=schedd_3510_2582>
...
000 (330136.004.000) 2023-07-25 11:52:16 Job submitted from host: <172.30.1.200:9618?addrs=172.30.1.200-9618&alias=tamsa2.snu.ac.kr&noUDP&sock=schedd_3510_2582>
...
000 (330136.005.000) 2023-07-25 11:52:16 Job submitted from host: <172.30.1.200:9618?addrs=172.30.1.200-9618&alias=tamsa2.snu.ac.kr&noUDP&sock=schedd_3510_2582>
...
000 (330136.006.000) 2023-07-25 11:52:16 Job submitted from host: <172.30.1.200:9618?addrs=172.30.1.200-9618&alias=tamsa2.snu.ac.kr&noUDP&sock=schedd_3510_2582>
...
000 (330136.007.000) 2023-07-25 11:52:16 Job submitted from host: <172.30.1.200:9618?addrs=172.30.1.200-9618&alias=tamsa2.snu.ac.kr&noUDP&sock=schedd_3510_2582>
...
000 (330136.008.000) 2023-07-25 11:52:16 Job submitted from host: <172.30.1.200:9618?addrs=172.30.1.200-9618&alias=tamsa2.snu.ac.kr&noUDP&sock=schedd_3510_2582>
...
000 (330136.009.000) 2023-07-25 11:52:16 Job submitted from host: <172.30.1.200:9618?addrs=172.30.1.200-9618&alias=tamsa2.snu.ac.kr&noUDP&sock=schedd_3510_2582>
...
001 (330136.002.000) 2023-07-25 11:52:30 Job executing on host: <172.30.1.204:9618?addrs=172.30.1.204-9618&alias=node4&noUDP&sock=startd_3843_8e8c>
...
001 (330136.003.000) 2023-07-25 11:52:30 Job executing on host: <172.30.1.204:9618?addrs=172.30.1.204-9618&alias=node4&noUDP&sock=startd_3843_8e8c>
...
001 (330136.004.000) 2023-07-25 11:52:30 Job executing on host: <172.30.1.204:9618?addrs=172.30.1.204-9618&alias=node4&noUDP&sock=startd_3843_8e8c>
...
001 (330136.005.000) 2023-07-25 11:52:30 Job executing on host: <172.30.1.204:9618?addrs=172.30.1.204-9618&alias=node4&noUDP&sock=startd_3843_8e8c>
...
001 (330136.006.000) 2023-07-25 11:52:30 Job executing on host: <172.30.1.204:9618?addrs=172.30.1.204-9618&alias=node4&noUDP&sock=startd_3843_8e8c>
...
001 (330136.007.000) 2023-07-25 11:52:30 Job executing on host: <172.30.1.204:9618?addrs=172.30.1.204-9618&alias=node4&noUDP&sock=startd_3843_8e8c>
...
001 (330136.008.000) 2023-07-25 11:52:30 Job executing on host: <172.30.1.204:9618?addrs=172.30.1.204-9618&alias=node4&noUDP&sock=startd_3843_8e8c>
...
001 (330136.009.000) 2023-07-25 11:52:30 Job executing on host: <172.30.1.204:9618?addrs=172.30.1.204-9618&alias=node4&noUDP&sock=startd_3843_8e8c>
...
001 (330136.000.000) 2023-07-25 11:52:32 Job executing on host: <172.30.1.203:9618?addrs=172.30.1.203-9618&alias=node3&noUDP&sock=startd_3773_8aeb>
...
001 (330136.001.000) 2023-07-25 11:52:32 Job executing on host: <172.30.1.203:9618?addrs=172.30.1.203-9618&alias=node3&noUDP&sock=startd_3773_8aeb>
...
006 (330136.002.000) 2023-07-25 11:52:38 Image size of job updated: 185816
	148  -  MemoryUsage of job (MB)
	150792  -  ResidentSetSize of job (KB)
...
006 (330136.003.000) 2023-07-25 11:52:38 Image size of job updated: 154772
	148  -  MemoryUsage of job (MB)
	151156  -  ResidentSetSize of job (KB)
...
006 (330136.004.000) 2023-07-25 11:52:38 Image size of job updated: 157980
	152  -  MemoryUsage of job (MB)
	155240  -  ResidentSetSize of job (KB)
...
006 (330136.005.000) 2023-07-25 11:52:39 Image size of job updated: 185232
	178  -  MemoryUsage of job (MB)
	182112  -  ResidentSetSize of job (KB)
...
006 (330136.006.000) 2023-07-25 11:52:39 Image size of job updated: 185040
	179  -  MemoryUsage of job (MB)
	182304  -  ResidentSetSize of job (KB)
...
006 (330136.007.000) 2023-07-25 11:52:39 Image size of job updated: 187136
	181  -  MemoryUsage of job (MB)
	185256  -  ResidentSetSize of job (KB)
...
006 (330136.008.000) 2023-07-25 11:52:39 Image size of job updated: 189272
	182  -  MemoryUsage of job (MB)
	185420  -  ResidentSetSize of job (KB)
...
006 (330136.009.000) 2023-07-25 11:52:39 Image size of job updated: 187556
	181  -  MemoryUsage of job (MB)
	184576  -  ResidentSetSize of job (KB)
...
006 (330136.000.000) 2023-07-25 11:52:40 Image size of job updated: 654444
	206  -  MemoryUsage of job (MB)
	210280  -  ResidentSetSize of job (KB)
...
006 (330136.001.000) 2023-07-25 11:52:41 Image size of job updated: 644580
	182  -  MemoryUsage of job (MB)
	186252  -  ResidentSetSize of job (KB)
...
006 (330136.000.000) 2023-07-25 11:52:51 Image size of job updated: 685656
	206  -  MemoryUsage of job (MB)
	210280  -  ResidentSetSize of job (KB)
...
005 (330136.000.000) 2023-07-25 11:52:51 Job terminated.
	(1) Normal termination (return value 0)
		Usr 0 00:00:17, Sys 0 00:00:01  -  Run Remote Usage
		Usr 0 00:00:00, Sys 0 00:00:00  -  Run Local Usage
		Usr 0 00:00:17, Sys 0 00:00:01  -  Total Remote Usage
		Usr 0 00:00:00, Sys 0 00:00:00  -  Total Local Usage
	0  -  Run Bytes Sent By Job
	0  -  Run Bytes Received By Job
	0  -  Total Bytes Sent By Job
	0  -  Total Bytes Received By Job
	Partitionable Resources :    Usage  Request Allocated 
	   Cpus                 :                 1         1 
	   Disk (KB)            :        1        1    128928 
	   Memory (MB)          :      206     3900      3968 

	Job terminated of its own accord at 2023-07-25T02:52:51Z.
...
006 (330136.001.000) 2023-07-25 11:52:53 Image size of job updated: 687636
	182  -  MemoryUsage of job (MB)
	186252  -  ResidentSetSize of job (KB)
...
005 (330136.001.000) 2023-07-25 11:52:53 Job terminated.
	(1) Normal termination (return value 0)
		Usr 0 00:00:18, Sys 0 00:00:00  -  Run Remote Usage
		Usr 0 00:00:00, Sys 0 00:00:00  -  Run Local Usage
		Usr 0 00:00:18, Sys 0 00:00:00  -  Total Remote Usage
		Usr 0 00:00:00, Sys 0 00:00:00  -  Total Local Usage
	0  -  Run Bytes Sent By Job
	0  -  Run Bytes Received By Job
	0  -  Total Bytes Sent By Job
	0  -  Total Bytes Received By Job
	Partitionable Resources :    Usage  Request Allocated 
	   Cpus                 :                 1         1 
	   Disk (KB)            :        1        1    128928 
	   Memory (MB)          :      182     3900      3968 

	Job terminated of its own accord at 2023-07-25T02:52:53Z.
...
006 (330136.007.000) 2023-07-25 11:52:55 Image size of job updated: 654676
	182  -  MemoryUsage of job (MB)
	185392  -  ResidentSetSize of job (KB)
...
005 (330136.007.000) 2023-07-25 11:52:55 Job terminated.
	(1) Normal termination (return value 0)
		Usr 0 00:00:16, Sys 0 00:00:01  -  Run Remote Usage
		Usr 0 00:00:00, Sys 0 00:00:00  -  Run Local Usage
		Usr 0 00:00:16, Sys 0 00:00:01  -  Total Remote Usage
		Usr 0 00:00:00, Sys 0 00:00:00  -  Total Local Usage
	0  -  Run Bytes Sent By Job
	0  -  Run Bytes Received By Job
	0  -  Total Bytes Sent By Job
	0  -  Total Bytes Received By Job
	Partitionable Resources :    Usage  Request Allocated 
	   Cpus                 :                 1         1 
	   Disk (KB)            :        1        1    128928 
	   Memory (MB)          :      182     3900      3968 

	Job terminated of its own accord at 2023-07-25T02:52:55Z.
...
006 (330136.009.000) 2023-07-25 11:52:55 Image size of job updated: 686736
	182  -  MemoryUsage of job (MB)
	186280  -  ResidentSetSize of job (KB)
...
005 (330136.009.000) 2023-07-25 11:52:56 Job terminated.
	(1) Normal termination (return value 0)
		Usr 0 00:00:18, Sys 0 00:00:01  -  Run Remote Usage
		Usr 0 00:00:00, Sys 0 00:00:00  -  Run Local Usage
		Usr 0 00:00:18, Sys 0 00:00:01  -  Total Remote Usage
		Usr 0 00:00:00, Sys 0 00:00:00  -  Total Local Usage
	0  -  Run Bytes Sent By Job
	0  -  Run Bytes Received By Job
	0  -  Total Bytes Sent By Job
	0  -  Total Bytes Received By Job
	Partitionable Resources :    Usage  Request Allocated 
	   Cpus                 :                 1         1 
	   Disk (KB)            :        1        1    128928 
	   Memory (MB)          :      182     3900      3968 

	Job terminated of its own accord at 2023-07-25T02:52:55Z.
...
006 (330136.002.000) 2023-07-25 11:52:58 Image size of job updated: 687592
	148  -  MemoryUsage of job (MB)
	150800  -  ResidentSetSize of job (KB)
...
005 (330136.002.000) 2023-07-25 11:52:58 Job terminated.
	(1) Normal termination (return value 0)
		Usr 0 00:00:20, Sys 0 00:00:01  -  Run Remote Usage
		Usr 0 00:00:00, Sys 0 00:00:00  -  Run Local Usage
		Usr 0 00:00:20, Sys 0 00:00:01  -  Total Remote Usage
		Usr 0 00:00:00, Sys 0 00:00:00  -  Total Local Usage
	0  -  Run Bytes Sent By Job
	0  -  Run Bytes Received By Job
	0  -  Total Bytes Sent By Job
	0  -  Total Bytes Received By Job
	Partitionable Resources :    Usage  Request Allocated 
	   Cpus                 :                 1         1 
	   Disk (KB)            :        1        1    128928 
	   Memory (MB)          :      148     3900      3968 

	Job terminated of its own accord at 2023-07-25T02:52:58Z.
...
006 (330136.008.000) 2023-07-25 11:52:59 Image size of job updated: 685724
	182  -  MemoryUsage of job (MB)
	185420  -  ResidentSetSize of job (KB)
...
006 (330136.005.000) 2023-07-25 11:52:59 Image size of job updated: 687596
	178  -  MemoryUsage of job (MB)
	182120  -  ResidentSetSize of job (KB)
...
005 (330136.008.000) 2023-07-25 11:52:59 Job terminated.
	(1) Normal termination (return value 0)
		Usr 0 00:00:20, Sys 0 00:00:01  -  Run Remote Usage
		Usr 0 00:00:00, Sys 0 00:00:00  -  Run Local Usage
		Usr 0 00:00:20, Sys 0 00:00:01  -  Total Remote Usage
		Usr 0 00:00:00, Sys 0 00:00:00  -  Total Local Usage
	0  -  Run Bytes Sent By Job
	0  -  Run Bytes Received By Job
	0  -  Total Bytes Sent By Job
	0  -  Total Bytes Received By Job
	Partitionable Resources :    Usage  Request Allocated 
	   Cpus                 :                 1         1 
	   Disk (KB)            :        1        1    128928 
	   Memory (MB)          :      182     3900      3968 

	Job terminated of its own accord at 2023-07-25T02:52:59Z.
...
005 (330136.005.000) 2023-07-25 11:52:59 Job terminated.
	(1) Normal termination (return value 0)
		Usr 0 00:00:19, Sys 0 00:00:01  -  Run Remote Usage
		Usr 0 00:00:00, Sys 0 00:00:00  -  Run Local Usage
		Usr 0 00:00:19, Sys 0 00:00:01  -  Total Remote Usage
		Usr 0 00:00:00, Sys 0 00:00:00  -  Total Local Usage
	0  -  Run Bytes Sent By Job
	0  -  Run Bytes Received By Job
	0  -  Total Bytes Sent By Job
	0  -  Total Bytes Received By Job
	Partitionable Resources :    Usage  Request Allocated 
	   Cpus                 :                 1         1 
	   Disk (KB)            :        1        1    128928 
	   Memory (MB)          :      178     3900      3968 

	Job terminated of its own accord at 2023-07-25T02:52:59Z.
...
006 (330136.006.000) 2023-07-25 11:52:59 Image size of job updated: 685844
	179  -  MemoryUsage of job (MB)
	182304  -  ResidentSetSize of job (KB)
...
005 (330136.006.000) 2023-07-25 11:52:59 Job terminated.
	(1) Normal termination (return value 0)
		Usr 0 00:00:20, Sys 0 00:00:01  -  Run Remote Usage
		Usr 0 00:00:00, Sys 0 00:00:00  -  Run Local Usage
		Usr 0 00:00:20, Sys 0 00:00:01  -  Total Remote Usage
		Usr 0 00:00:00, Sys 0 00:00:00  -  Total Local Usage
	0  -  Run Bytes Sent By Job
	0  -  Run Bytes Received By Job
	0  -  Total Bytes Sent By Job
	0  -  Total Bytes Received By Job
	Partitionable Resources :    Usage  Request Allocated 
	   Cpus                 :                 1         1 
	   Disk (KB)            :        1        1    128928 
	   Memory (MB)          :      179     3900      3968 

	Job terminated of its own accord at 2023-07-25T02:52:59Z.
...
006 (330136.003.000) 2023-07-25 11:52:59 Image size of job updated: 687620
	148  -  MemoryUsage of job (MB)
	151156  -  ResidentSetSize of job (KB)
...
005 (330136.003.000) 2023-07-25 11:52:59 Job terminated.
	(1) Normal termination (return value 0)
		Usr 0 00:00:22, Sys 0 00:00:01  -  Run Remote Usage
		Usr 0 00:00:00, Sys 0 00:00:00  -  Run Local Usage
		Usr 0 00:00:22, Sys 0 00:00:01  -  Total Remote Usage
		Usr 0 00:00:00, Sys 0 00:00:00  -  Total Local Usage
	0  -  Run Bytes Sent By Job
	0  -  Run Bytes Received By Job
	0  -  Total Bytes Sent By Job
	0  -  Total Bytes Received By Job
	Partitionable Resources :    Usage  Request Allocated 
	   Cpus                 :                 1         1 
	   Disk (KB)            :        1        1    128928 
	   Memory (MB)          :      148     3900      3968 

	Job terminated of its own accord at 2023-07-25T02:52:59Z.
...
006 (330136.004.000) 2023-07-25 11:53:02 Image size of job updated: 685880
	152  -  MemoryUsage of job (MB)
	155244  -  ResidentSetSize of job (KB)
...
005 (330136.004.000) 2023-07-25 11:53:02 Job terminated.
	(1) Normal termination (return value 0)
		Usr 0 00:00:23, Sys 0 00:00:01  -  Run Remote Usage
		Usr 0 00:00:00, Sys 0 00:00:00  -  Run Local Usage
		Usr 0 00:00:23, Sys 0 00:00:01  -  Total Remote Usage
		Usr 0 00:00:00, Sys 0 00:00:00  -  Total Local Usage
	0  -  Run Bytes Sent By Job
	0  -  Run Bytes Received By Job
	0  -  Total Bytes Sent By Job
	0  -  Total Bytes Received By Job
	Partitionable Resources :    Usage  Request Allocated 
	   Cpus                 :                 1         1 
	   Disk (KB)            :        1        1    128928 
	   Memory (MB)          :      152     3900      3968 

	Job terminated of its own accord at 2023-07-25T02:53:02Z.
...
