000 (330183.000.000) 2023-07-25 12:44:53 Job submitted from host: <172.30.1.200:9618?addrs=172.30.1.200-9618&alias=tamsa2.snu.ac.kr&noUDP&sock=schedd_3510_2582>
...
000 (330183.001.000) 2023-07-25 12:44:53 Job submitted from host: <172.30.1.200:9618?addrs=172.30.1.200-9618&alias=tamsa2.snu.ac.kr&noUDP&sock=schedd_3510_2582>
...
000 (330183.002.000) 2023-07-25 12:44:53 Job submitted from host: <172.30.1.200:9618?addrs=172.30.1.200-9618&alias=tamsa2.snu.ac.kr&noUDP&sock=schedd_3510_2582>
...
000 (330183.003.000) 2023-07-25 12:44:53 Job submitted from host: <172.30.1.200:9618?addrs=172.30.1.200-9618&alias=tamsa2.snu.ac.kr&noUDP&sock=schedd_3510_2582>
...
000 (330183.004.000) 2023-07-25 12:44:53 Job submitted from host: <172.30.1.200:9618?addrs=172.30.1.200-9618&alias=tamsa2.snu.ac.kr&noUDP&sock=schedd_3510_2582>
...
000 (330183.005.000) 2023-07-25 12:44:53 Job submitted from host: <172.30.1.200:9618?addrs=172.30.1.200-9618&alias=tamsa2.snu.ac.kr&noUDP&sock=schedd_3510_2582>
...
000 (330183.006.000) 2023-07-25 12:44:53 Job submitted from host: <172.30.1.200:9618?addrs=172.30.1.200-9618&alias=tamsa2.snu.ac.kr&noUDP&sock=schedd_3510_2582>
...
000 (330183.007.000) 2023-07-25 12:44:53 Job submitted from host: <172.30.1.200:9618?addrs=172.30.1.200-9618&alias=tamsa2.snu.ac.kr&noUDP&sock=schedd_3510_2582>
...
000 (330183.008.000) 2023-07-25 12:44:53 Job submitted from host: <172.30.1.200:9618?addrs=172.30.1.200-9618&alias=tamsa2.snu.ac.kr&noUDP&sock=schedd_3510_2582>
...
000 (330183.009.000) 2023-07-25 12:44:53 Job submitted from host: <172.30.1.200:9618?addrs=172.30.1.200-9618&alias=tamsa2.snu.ac.kr&noUDP&sock=schedd_3510_2582>
...
001 (330183.001.000) 2023-07-25 12:46:01 Job executing on host: <172.30.1.205:9618?addrs=172.30.1.205-9618&alias=node5&noUDP&sock=startd_3770_7c22>
...
001 (330183.000.000) 2023-07-25 12:46:01 Job executing on host: <172.30.1.205:9618?addrs=172.30.1.205-9618&alias=node5&noUDP&sock=startd_3770_7c22>
...
001 (330183.002.000) 2023-07-25 12:46:02 Job executing on host: <172.30.1.205:9618?addrs=172.30.1.205-9618&alias=node5&noUDP&sock=startd_3770_7c22>
...
001 (330183.003.000) 2023-07-25 12:46:02 Job executing on host: <172.30.1.205:9618?addrs=172.30.1.205-9618&alias=node5&noUDP&sock=startd_3770_7c22>
...
001 (330183.004.000) 2023-07-25 12:46:02 Job executing on host: <172.30.1.205:9618?addrs=172.30.1.205-9618&alias=node5&noUDP&sock=startd_3770_7c22>
...
001 (330183.005.000) 2023-07-25 12:46:02 Job executing on host: <172.30.1.205:9618?addrs=172.30.1.205-9618&alias=node5&noUDP&sock=startd_3770_7c22>
...
001 (330183.006.000) 2023-07-25 12:46:02 Job executing on host: <172.30.1.205:9618?addrs=172.30.1.205-9618&alias=node5&noUDP&sock=startd_3770_7c22>
...
001 (330183.007.000) 2023-07-25 12:46:02 Job executing on host: <172.30.1.205:9618?addrs=172.30.1.205-9618&alias=node5&noUDP&sock=startd_3770_7c22>
...
001 (330183.008.000) 2023-07-25 12:46:02 Job executing on host: <172.30.1.205:9618?addrs=172.30.1.205-9618&alias=node5&noUDP&sock=startd_3770_7c22>
...
001 (330183.009.000) 2023-07-25 12:46:02 Job executing on host: <172.30.1.205:9618?addrs=172.30.1.205-9618&alias=node5&noUDP&sock=startd_3770_7c22>
...
006 (330183.000.000) 2023-07-25 12:46:10 Image size of job updated: 392548
	208  -  MemoryUsage of job (MB)
	212900  -  ResidentSetSize of job (KB)
...
006 (330183.002.000) 2023-07-25 12:46:10 Image size of job updated: 391524
	205  -  MemoryUsage of job (MB)
	209428  -  ResidentSetSize of job (KB)
...
006 (330183.003.000) 2023-07-25 12:46:10 Image size of job updated: 391524
	208  -  MemoryUsage of job (MB)
	212664  -  ResidentSetSize of job (KB)
...
006 (330183.004.000) 2023-07-25 12:46:10 Image size of job updated: 391532
	207  -  MemoryUsage of job (MB)
	210960  -  ResidentSetSize of job (KB)
...
006 (330183.005.000) 2023-07-25 12:46:10 Image size of job updated: 389680
	208  -  MemoryUsage of job (MB)
	212768  -  ResidentSetSize of job (KB)
...
006 (330183.006.000) 2023-07-25 12:46:10 Image size of job updated: 385964
	206  -  MemoryUsage of job (MB)
	210852  -  ResidentSetSize of job (KB)
...
006 (330183.007.000) 2023-07-25 12:46:10 Image size of job updated: 301008
	206  -  MemoryUsage of job (MB)
	210896  -  ResidentSetSize of job (KB)
...
006 (330183.008.000) 2023-07-25 12:46:10 Image size of job updated: 211016
	207  -  MemoryUsage of job (MB)
	211016  -  ResidentSetSize of job (KB)
...
006 (330183.001.000) 2023-07-25 12:46:11 Image size of job updated: 392548
	208  -  MemoryUsage of job (MB)
	212968  -  ResidentSetSize of job (KB)
...
006 (330183.009.000) 2023-07-25 12:46:11 Image size of job updated: 209416
	205  -  MemoryUsage of job (MB)
	209416  -  ResidentSetSize of job (KB)
...
005 (330183.001.000) 2023-07-25 12:46:13 Job terminated.
	(1) Normal termination (return value 0)
		Usr 0 00:00:10, Sys 0 00:00:00  -  Run Remote Usage
		Usr 0 00:00:00, Sys 0 00:00:00  -  Run Local Usage
		Usr 0 00:00:10, Sys 0 00:00:00  -  Total Remote Usage
		Usr 0 00:00:00, Sys 0 00:00:00  -  Total Local Usage
	0  -  Run Bytes Sent By Job
	0  -  Run Bytes Received By Job
	0  -  Total Bytes Sent By Job
	0  -  Total Bytes Received By Job
	Partitionable Resources :    Usage  Request Allocated 
	   Cpus                 :                 1         1 
	   Disk (KB)            :        1        1    128928 
	   Memory (MB)          :      208     3900      3968 

	Job terminated of its own accord at 2023-07-25T03:46:13Z.
...
006 (330183.005.000) 2023-07-25 12:46:14 Image size of job updated: 686444
	208  -  MemoryUsage of job (MB)
	212768  -  ResidentSetSize of job (KB)
...
005 (330183.005.000) 2023-07-25 12:46:14 Job terminated.
	(1) Normal termination (return value 0)
		Usr 0 00:00:10, Sys 0 00:00:00  -  Run Remote Usage
		Usr 0 00:00:00, Sys 0 00:00:00  -  Run Local Usage
		Usr 0 00:00:10, Sys 0 00:00:00  -  Total Remote Usage
		Usr 0 00:00:00, Sys 0 00:00:00  -  Total Local Usage
	0  -  Run Bytes Sent By Job
	0  -  Run Bytes Received By Job
	0  -  Total Bytes Sent By Job
	0  -  Total Bytes Received By Job
	Partitionable Resources :    Usage  Request Allocated 
	   Cpus                 :                 1         1 
	   Disk (KB)            :        1        1    128928 
	   Memory (MB)          :      208     3900      3968 

	Job terminated of its own accord at 2023-07-25T03:46:14Z.
...
006 (330183.000.000) 2023-07-25 12:46:15 Image size of job updated: 686600
	208  -  MemoryUsage of job (MB)
	212900  -  ResidentSetSize of job (KB)
...
005 (330183.000.000) 2023-07-25 12:46:15 Job terminated.
	(1) Normal termination (return value 0)
		Usr 0 00:00:12, Sys 0 00:00:00  -  Run Remote Usage
		Usr 0 00:00:00, Sys 0 00:00:00  -  Run Local Usage
		Usr 0 00:00:12, Sys 0 00:00:00  -  Total Remote Usage
		Usr 0 00:00:00, Sys 0 00:00:00  -  Total Local Usage
	0  -  Run Bytes Sent By Job
	0  -  Run Bytes Received By Job
	0  -  Total Bytes Sent By Job
	0  -  Total Bytes Received By Job
	Partitionable Resources :    Usage  Request Allocated 
	   Cpus                 :                 1         1 
	   Disk (KB)            :        1        1    128928 
	   Memory (MB)          :      208     3900      3968 

	Job terminated of its own accord at 2023-07-25T03:46:15Z.
...
006 (330183.007.000) 2023-07-25 12:46:16 Image size of job updated: 686500
	206  -  MemoryUsage of job (MB)
	210896  -  ResidentSetSize of job (KB)
...
005 (330183.007.000) 2023-07-25 12:46:16 Job terminated.
	(1) Normal termination (return value 0)
		Usr 0 00:00:12, Sys 0 00:00:00  -  Run Remote Usage
		Usr 0 00:00:00, Sys 0 00:00:00  -  Run Local Usage
		Usr 0 00:00:12, Sys 0 00:00:00  -  Total Remote Usage
		Usr 0 00:00:00, Sys 0 00:00:00  -  Total Local Usage
	0  -  Run Bytes Sent By Job
	0  -  Run Bytes Received By Job
	0  -  Total Bytes Sent By Job
	0  -  Total Bytes Received By Job
	Partitionable Resources :    Usage  Request Allocated 
	   Cpus                 :                 1         1 
	   Disk (KB)            :        1        1    128928 
	   Memory (MB)          :      206     3900      3968 

	Job terminated of its own accord at 2023-07-25T03:46:16Z.
...
006 (330183.008.000) 2023-07-25 12:46:16 Image size of job updated: 688440
	207  -  MemoryUsage of job (MB)
	211016  -  ResidentSetSize of job (KB)
...
005 (330183.008.000) 2023-07-25 12:46:16 Job terminated.
	(1) Normal termination (return value 0)
		Usr 0 00:00:13, Sys 0 00:00:00  -  Run Remote Usage
		Usr 0 00:00:00, Sys 0 00:00:00  -  Run Local Usage
		Usr 0 00:00:13, Sys 0 00:00:00  -  Total Remote Usage
		Usr 0 00:00:00, Sys 0 00:00:00  -  Total Local Usage
	0  -  Run Bytes Sent By Job
	0  -  Run Bytes Received By Job
	0  -  Total Bytes Sent By Job
	0  -  Total Bytes Received By Job
	Partitionable Resources :    Usage  Request Allocated 
	   Cpus                 :                 1         1 
	   Disk (KB)            :        1        1    128928 
	   Memory (MB)          :      207     3900      3968 

	Job terminated of its own accord at 2023-07-25T03:46:16Z.
...
006 (330183.006.000) 2023-07-25 12:46:16 Image size of job updated: 686468
	206  -  MemoryUsage of job (MB)
	210852  -  ResidentSetSize of job (KB)
...
005 (330183.006.000) 2023-07-25 12:46:16 Job terminated.
	(1) Normal termination (return value 0)
		Usr 0 00:00:13, Sys 0 00:00:01  -  Run Remote Usage
		Usr 0 00:00:00, Sys 0 00:00:00  -  Run Local Usage
		Usr 0 00:00:13, Sys 0 00:00:01  -  Total Remote Usage
		Usr 0 00:00:00, Sys 0 00:00:00  -  Total Local Usage
	0  -  Run Bytes Sent By Job
	0  -  Run Bytes Received By Job
	0  -  Total Bytes Sent By Job
	0  -  Total Bytes Received By Job
	Partitionable Resources :    Usage  Request Allocated 
	   Cpus                 :                 1         1 
	   Disk (KB)            :        1        1    128928 
	   Memory (MB)          :      206     3900      3968 

	Job terminated of its own accord at 2023-07-25T03:46:16Z.
...
006 (330183.009.000) 2023-07-25 12:46:18 Image size of job updated: 687256
	205  -  MemoryUsage of job (MB)
	209416  -  ResidentSetSize of job (KB)
...
005 (330183.009.000) 2023-07-25 12:46:18 Job terminated.
	(1) Normal termination (return value 0)
		Usr 0 00:00:14, Sys 0 00:00:00  -  Run Remote Usage
		Usr 0 00:00:00, Sys 0 00:00:00  -  Run Local Usage
		Usr 0 00:00:14, Sys 0 00:00:00  -  Total Remote Usage
		Usr 0 00:00:00, Sys 0 00:00:00  -  Total Local Usage
	0  -  Run Bytes Sent By Job
	0  -  Run Bytes Received By Job
	0  -  Total Bytes Sent By Job
	0  -  Total Bytes Received By Job
	Partitionable Resources :    Usage  Request Allocated 
	   Cpus                 :                 1         1 
	   Disk (KB)            :        1        1    128928 
	   Memory (MB)          :      205     3900      3968 

	Job terminated of its own accord at 2023-07-25T03:46:18Z.
...
006 (330183.002.000) 2023-07-25 12:46:18 Image size of job updated: 686768
	205  -  MemoryUsage of job (MB)
	209428  -  ResidentSetSize of job (KB)
...
005 (330183.002.000) 2023-07-25 12:46:18 Job terminated.
	(1) Normal termination (return value 0)
		Usr 0 00:00:14, Sys 0 00:00:01  -  Run Remote Usage
		Usr 0 00:00:00, Sys 0 00:00:00  -  Run Local Usage
		Usr 0 00:00:14, Sys 0 00:00:01  -  Total Remote Usage
		Usr 0 00:00:00, Sys 0 00:00:00  -  Total Local Usage
	0  -  Run Bytes Sent By Job
	0  -  Run Bytes Received By Job
	0  -  Total Bytes Sent By Job
	0  -  Total Bytes Received By Job
	Partitionable Resources :    Usage  Request Allocated 
	   Cpus                 :                 1         1 
	   Disk (KB)            :        1        1    128928 
	   Memory (MB)          :      205     3900      3968 

	Job terminated of its own accord at 2023-07-25T03:46:18Z.
...
006 (330183.003.000) 2023-07-25 12:46:19 Image size of job updated: 686452
	208  -  MemoryUsage of job (MB)
	212664  -  ResidentSetSize of job (KB)
...
005 (330183.003.000) 2023-07-25 12:46:19 Job terminated.
	(1) Normal termination (return value 0)
		Usr 0 00:00:15, Sys 0 00:00:00  -  Run Remote Usage
		Usr 0 00:00:00, Sys 0 00:00:00  -  Run Local Usage
		Usr 0 00:00:15, Sys 0 00:00:00  -  Total Remote Usage
		Usr 0 00:00:00, Sys 0 00:00:00  -  Total Local Usage
	0  -  Run Bytes Sent By Job
	0  -  Run Bytes Received By Job
	0  -  Total Bytes Sent By Job
	0  -  Total Bytes Received By Job
	Partitionable Resources :    Usage  Request Allocated 
	   Cpus                 :                 1         1 
	   Disk (KB)            :        1        1    128928 
	   Memory (MB)          :      208     3900      3968 

	Job terminated of its own accord at 2023-07-25T03:46:19Z.
...
006 (330183.004.000) 2023-07-25 12:46:19 Image size of job updated: 688352
	207  -  MemoryUsage of job (MB)
	210960  -  ResidentSetSize of job (KB)
...
005 (330183.004.000) 2023-07-25 12:46:19 Job terminated.
	(1) Normal termination (return value 0)
		Usr 0 00:00:16, Sys 0 00:00:00  -  Run Remote Usage
		Usr 0 00:00:00, Sys 0 00:00:00  -  Run Local Usage
		Usr 0 00:00:16, Sys 0 00:00:00  -  Total Remote Usage
		Usr 0 00:00:00, Sys 0 00:00:00  -  Total Local Usage
	0  -  Run Bytes Sent By Job
	0  -  Run Bytes Received By Job
	0  -  Total Bytes Sent By Job
	0  -  Total Bytes Received By Job
	Partitionable Resources :    Usage  Request Allocated 
	   Cpus                 :                 1         1 
	   Disk (KB)            :        1        1    128928 
	   Memory (MB)          :      207     3900      3968 

	Job terminated of its own accord at 2023-07-25T03:46:19Z.
...
