000 (311046.000.000) 2023-06-12 17:46:39 Job submitted from host: <172.30.1.200:9618?addrs=172.30.1.200-9618&alias=tamsa2.snu.ac.kr&noUDP&sock=schedd_3510_2582>
...
000 (311046.001.000) 2023-06-12 17:46:39 Job submitted from host: <172.30.1.200:9618?addrs=172.30.1.200-9618&alias=tamsa2.snu.ac.kr&noUDP&sock=schedd_3510_2582>
...
000 (311046.002.000) 2023-06-12 17:46:39 Job submitted from host: <172.30.1.200:9618?addrs=172.30.1.200-9618&alias=tamsa2.snu.ac.kr&noUDP&sock=schedd_3510_2582>
...
000 (311046.003.000) 2023-06-12 17:46:39 Job submitted from host: <172.30.1.200:9618?addrs=172.30.1.200-9618&alias=tamsa2.snu.ac.kr&noUDP&sock=schedd_3510_2582>
...
000 (311046.004.000) 2023-06-12 17:46:39 Job submitted from host: <172.30.1.200:9618?addrs=172.30.1.200-9618&alias=tamsa2.snu.ac.kr&noUDP&sock=schedd_3510_2582>
...
000 (311046.005.000) 2023-06-12 17:46:39 Job submitted from host: <172.30.1.200:9618?addrs=172.30.1.200-9618&alias=tamsa2.snu.ac.kr&noUDP&sock=schedd_3510_2582>
...
000 (311046.006.000) 2023-06-12 17:46:39 Job submitted from host: <172.30.1.200:9618?addrs=172.30.1.200-9618&alias=tamsa2.snu.ac.kr&noUDP&sock=schedd_3510_2582>
...
000 (311046.007.000) 2023-06-12 17:46:39 Job submitted from host: <172.30.1.200:9618?addrs=172.30.1.200-9618&alias=tamsa2.snu.ac.kr&noUDP&sock=schedd_3510_2582>
...
000 (311046.008.000) 2023-06-12 17:46:39 Job submitted from host: <172.30.1.200:9618?addrs=172.30.1.200-9618&alias=tamsa2.snu.ac.kr&noUDP&sock=schedd_3510_2582>
...
000 (311046.009.000) 2023-06-12 17:46:39 Job submitted from host: <172.30.1.200:9618?addrs=172.30.1.200-9618&alias=tamsa2.snu.ac.kr&noUDP&sock=schedd_3510_2582>
...
040 (311046.006.000) 2023-06-12 17:46:43 Started transferring input files
	Transferring to host: <172.30.1.107:9618?addrs=172.30.1.107-9618&alias=n7&noUDP&sock=slot1_10_4258_e566_16412>
...
040 (311046.006.000) 2023-06-12 17:46:43 Finished transferring input files
...
040 (311046.007.000) 2023-06-12 17:46:43 Started transferring input files
	Transferring to host: <172.30.1.107:9618?addrs=172.30.1.107-9618&alias=n7&noUDP&sock=slot1_15_4258_e566_16413>
...
040 (311046.007.000) 2023-06-12 17:46:43 Finished transferring input files
...
040 (311046.008.000) 2023-06-12 17:46:43 Started transferring input files
	Transferring to host: <172.30.1.107:9618?addrs=172.30.1.107-9618&alias=n7&noUDP&sock=slot1_16_4258_e566_16414>
...
040 (311046.008.000) 2023-06-12 17:46:43 Finished transferring input files
...
040 (311046.009.000) 2023-06-12 17:46:43 Started transferring input files
	Transferring to host: <172.30.1.107:9618?addrs=172.30.1.107-9618&alias=n7&noUDP&sock=slot1_17_4258_e566_16415>
...
040 (311046.009.000) 2023-06-12 17:46:43 Finished transferring input files
...
040 (311046.000.000) 2023-06-12 17:46:43 Started transferring input files
	Transferring to host: <172.30.1.110:9618?addrs=172.30.1.110-9618&alias=n10&noUDP&sock=slot1_29_4288_08a7_22468>
...
040 (311046.000.000) 2023-06-12 17:46:43 Finished transferring input files
...
040 (311046.001.000) 2023-06-12 17:46:43 Started transferring input files
	Transferring to host: <172.30.1.110:9618?addrs=172.30.1.110-9618&alias=n10&noUDP&sock=slot1_30_4288_08a7_22469>
...
040 (311046.001.000) 2023-06-12 17:46:43 Finished transferring input files
...
040 (311046.002.000) 2023-06-12 17:46:43 Started transferring input files
	Transferring to host: <172.30.1.110:9618?addrs=172.30.1.110-9618&alias=n10&noUDP&sock=slot1_31_4288_08a7_22470>
...
040 (311046.002.000) 2023-06-12 17:46:43 Finished transferring input files
...
040 (311046.003.000) 2023-06-12 17:46:44 Started transferring input files
	Transferring to host: <172.30.1.110:9618?addrs=172.30.1.110-9618&alias=n10&noUDP&sock=slot1_32_4288_08a7_22471>
...
040 (311046.003.000) 2023-06-12 17:46:44 Finished transferring input files
...
040 (311046.004.000) 2023-06-12 17:46:44 Started transferring input files
	Transferring to host: <172.30.1.110:9618?addrs=172.30.1.110-9618&alias=n10&noUDP&sock=slot1_33_4288_08a7_22472>
...
040 (311046.004.000) 2023-06-12 17:46:44 Finished transferring input files
...
040 (311046.005.000) 2023-06-12 17:46:44 Started transferring input files
	Transferring to host: <172.30.1.110:9618?addrs=172.30.1.110-9618&alias=n10&noUDP&sock=slot1_34_4288_08a7_22473>
...
040 (311046.005.000) 2023-06-12 17:46:44 Finished transferring input files
...
001 (311046.006.000) 2023-06-12 17:46:44 Job executing on host: <172.30.1.107:9618?addrs=172.30.1.107-9618&alias=n7&noUDP&sock=startd_4224_e421>
...
001 (311046.007.000) 2023-06-12 17:46:44 Job executing on host: <172.30.1.107:9618?addrs=172.30.1.107-9618&alias=n7&noUDP&sock=startd_4224_e421>
...
001 (311046.008.000) 2023-06-12 17:46:44 Job executing on host: <172.30.1.107:9618?addrs=172.30.1.107-9618&alias=n7&noUDP&sock=startd_4224_e421>
...
001 (311046.009.000) 2023-06-12 17:46:44 Job executing on host: <172.30.1.107:9618?addrs=172.30.1.107-9618&alias=n7&noUDP&sock=startd_4224_e421>
...
001 (311046.000.000) 2023-06-12 17:46:44 Job executing on host: <172.30.1.110:9618?addrs=172.30.1.110-9618&alias=n10&noUDP&sock=startd_4254_77f9>
...
001 (311046.001.000) 2023-06-12 17:46:44 Job executing on host: <172.30.1.110:9618?addrs=172.30.1.110-9618&alias=n10&noUDP&sock=startd_4254_77f9>
...
001 (311046.002.000) 2023-06-12 17:46:44 Job executing on host: <172.30.1.110:9618?addrs=172.30.1.110-9618&alias=n10&noUDP&sock=startd_4254_77f9>
...
001 (311046.003.000) 2023-06-12 17:46:45 Job executing on host: <172.30.1.110:9618?addrs=172.30.1.110-9618&alias=n10&noUDP&sock=startd_4254_77f9>
...
001 (311046.004.000) 2023-06-12 17:46:45 Job executing on host: <172.30.1.110:9618?addrs=172.30.1.110-9618&alias=n10&noUDP&sock=startd_4254_77f9>
...
001 (311046.005.000) 2023-06-12 17:46:45 Job executing on host: <172.30.1.110:9618?addrs=172.30.1.110-9618&alias=n10&noUDP&sock=startd_4254_77f9>
...
006 (311046.002.000) 2023-06-12 17:46:53 Image size of job updated: 188136
	184  -  MemoryUsage of job (MB)
	187624  -  ResidentSetSize of job (KB)
...
006 (311046.003.000) 2023-06-12 17:46:53 Image size of job updated: 194160
	184  -  MemoryUsage of job (MB)
	188060  -  ResidentSetSize of job (KB)
...
006 (311046.004.000) 2023-06-12 17:46:53 Image size of job updated: 188028
	184  -  MemoryUsage of job (MB)
	187900  -  ResidentSetSize of job (KB)
...
006 (311046.005.000) 2023-06-12 17:46:53 Image size of job updated: 189324
	184  -  MemoryUsage of job (MB)
	187624  -  ResidentSetSize of job (KB)
...
006 (311046.006.000) 2023-06-12 17:46:53 Image size of job updated: 647048
	199  -  MemoryUsage of job (MB)
	202872  -  ResidentSetSize of job (KB)
...
006 (311046.007.000) 2023-06-12 17:46:53 Image size of job updated: 647048
	195  -  MemoryUsage of job (MB)
	198664  -  ResidentSetSize of job (KB)
...
006 (311046.008.000) 2023-06-12 17:46:53 Image size of job updated: 647052
	201  -  MemoryUsage of job (MB)
	205664  -  ResidentSetSize of job (KB)
...
006 (311046.009.000) 2023-06-12 17:46:53 Image size of job updated: 647060
	184  -  MemoryUsage of job (MB)
	188128  -  ResidentSetSize of job (KB)
...
006 (311046.000.000) 2023-06-12 17:46:53 Image size of job updated: 197880
	192  -  MemoryUsage of job (MB)
	195900  -  ResidentSetSize of job (KB)
...
006 (311046.001.000) 2023-06-12 17:46:53 Image size of job updated: 197488
	187  -  MemoryUsage of job (MB)
	191100  -  ResidentSetSize of job (KB)
...
006 (311046.004.000) 2023-06-12 17:47:14 Image size of job updated: 686652
	184  -  MemoryUsage of job (MB)
	187900  -  ResidentSetSize of job (KB)
...
040 (311046.004.000) 2023-06-12 17:47:14 Started transferring output files
...
040 (311046.004.000) 2023-06-12 17:47:14 Finished transferring output files
...
005 (311046.004.000) 2023-06-12 17:47:14 Job terminated.
	(1) Normal termination (return value 0)
		Usr 0 00:00:23, Sys 0 00:00:01  -  Run Remote Usage
		Usr 0 00:00:00, Sys 0 00:00:00  -  Run Local Usage
		Usr 0 00:00:23, Sys 0 00:00:01  -  Total Remote Usage
		Usr 0 00:00:00, Sys 0 00:00:00  -  Total Local Usage
	7535  -  Run Bytes Sent By Job
	148  -  Run Bytes Received By Job
	7535  -  Total Bytes Sent By Job
	148  -  Total Bytes Received By Job
	Partitionable Resources :    Usage  Request Allocated 
	   Cpus                 :                 1         1 
	   Disk (KB)            :       52        1    127899 
	   Memory (MB)          :      184     3900      3968 

	Job terminated of its own accord at 2023-06-12T08:47:14Z.
...
006 (311046.001.000) 2023-06-12 17:47:14 Image size of job updated: 692180
	187  -  MemoryUsage of job (MB)
	191352  -  ResidentSetSize of job (KB)
...
040 (311046.001.000) 2023-06-12 17:47:14 Started transferring output files
...
040 (311046.001.000) 2023-06-12 17:47:14 Finished transferring output files
...
005 (311046.001.000) 2023-06-12 17:47:14 Job terminated.
	(1) Normal termination (return value 0)
		Usr 0 00:00:22, Sys 0 00:00:01  -  Run Remote Usage
		Usr 0 00:00:00, Sys 0 00:00:00  -  Run Local Usage
		Usr 0 00:00:22, Sys 0 00:00:01  -  Total Remote Usage
		Usr 0 00:00:00, Sys 0 00:00:00  -  Total Local Usage
	7483  -  Run Bytes Sent By Job
	148  -  Run Bytes Received By Job
	7483  -  Total Bytes Sent By Job
	148  -  Total Bytes Received By Job
	Partitionable Resources :    Usage  Request Allocated 
	   Cpus                 :                 1         1 
	   Disk (KB)            :       52        1    127899 
	   Memory (MB)          :      187     3900      3968 

	Job terminated of its own accord at 2023-06-12T08:47:14Z.
...
006 (311046.008.000) 2023-06-12 17:47:14 Image size of job updated: 688608
	202  -  MemoryUsage of job (MB)
	205912  -  ResidentSetSize of job (KB)
...
040 (311046.008.000) 2023-06-12 17:47:14 Started transferring output files
...
040 (311046.008.000) 2023-06-12 17:47:14 Finished transferring output files
...
005 (311046.008.000) 2023-06-12 17:47:14 Job terminated.
	(1) Normal termination (return value 0)
		Usr 0 00:00:23, Sys 0 00:00:01  -  Run Remote Usage
		Usr 0 00:00:00, Sys 0 00:00:00  -  Run Local Usage
		Usr 0 00:00:23, Sys 0 00:00:01  -  Total Remote Usage
		Usr 0 00:00:00, Sys 0 00:00:00  -  Total Local Usage
	7463  -  Run Bytes Sent By Job
	148  -  Run Bytes Received By Job
	7463  -  Total Bytes Sent By Job
	148  -  Total Bytes Received By Job
	Partitionable Resources :    Usage  Request Allocated 
	   Cpus                 :                 1         1 
	   Disk (KB)            :       52        1    127899 
	   Memory (MB)          :      202     3900      3968 

	Job terminated of its own accord at 2023-06-12T08:47:14Z.
...
006 (311046.000.000) 2023-06-12 17:47:16 Image size of job updated: 692160
	192  -  MemoryUsage of job (MB)
	195900  -  ResidentSetSize of job (KB)
...
040 (311046.000.000) 2023-06-12 17:47:16 Started transferring output files
...
040 (311046.000.000) 2023-06-12 17:47:16 Finished transferring output files
...
005 (311046.000.000) 2023-06-12 17:47:16 Job terminated.
	(1) Normal termination (return value 0)
		Usr 0 00:00:24, Sys 0 00:00:01  -  Run Remote Usage
		Usr 0 00:00:00, Sys 0 00:00:00  -  Run Local Usage
		Usr 0 00:00:24, Sys 0 00:00:01  -  Total Remote Usage
		Usr 0 00:00:00, Sys 0 00:00:00  -  Total Local Usage
	7514  -  Run Bytes Sent By Job
	148  -  Run Bytes Received By Job
	7514  -  Total Bytes Sent By Job
	148  -  Total Bytes Received By Job
	Partitionable Resources :    Usage  Request Allocated 
	   Cpus                 :                 1         1 
	   Disk (KB)            :       52        1    127899 
	   Memory (MB)          :      192     3900      3968 

	Job terminated of its own accord at 2023-06-12T08:47:16Z.
...
006 (311046.005.000) 2023-06-12 17:47:17 Image size of job updated: 695400
	184  -  MemoryUsage of job (MB)
	187624  -  ResidentSetSize of job (KB)
...
040 (311046.005.000) 2023-06-12 17:47:17 Started transferring output files
...
040 (311046.005.000) 2023-06-12 17:47:17 Finished transferring output files
...
005 (311046.005.000) 2023-06-12 17:47:17 Job terminated.
	(1) Normal termination (return value 0)
		Usr 0 00:00:27, Sys 0 00:00:01  -  Run Remote Usage
		Usr 0 00:00:00, Sys 0 00:00:00  -  Run Local Usage
		Usr 0 00:00:27, Sys 0 00:00:01  -  Total Remote Usage
		Usr 0 00:00:00, Sys 0 00:00:00  -  Total Local Usage
	7524  -  Run Bytes Sent By Job
	148  -  Run Bytes Received By Job
	7524  -  Total Bytes Sent By Job
	148  -  Total Bytes Received By Job
	Partitionable Resources :    Usage  Request Allocated 
	   Cpus                 :                 1         1 
	   Disk (KB)            :       52        1    127899 
	   Memory (MB)          :      184     3900      3968 

	Job terminated of its own accord at 2023-06-12T08:47:17Z.
...
006 (311046.009.000) 2023-06-12 17:47:19 Image size of job updated: 691724
	184  -  MemoryUsage of job (MB)
	188128  -  ResidentSetSize of job (KB)
...
006 (311046.007.000) 2023-06-12 17:47:20 Image size of job updated: 692080
	195  -  MemoryUsage of job (MB)
	198728  -  ResidentSetSize of job (KB)
...
040 (311046.009.000) 2023-06-12 17:47:20 Started transferring output files
...
040 (311046.009.000) 2023-06-12 17:47:20 Finished transferring output files
...
005 (311046.009.000) 2023-06-12 17:47:20 Job terminated.
	(1) Normal termination (return value 0)
		Usr 0 00:00:29, Sys 0 00:00:01  -  Run Remote Usage
		Usr 0 00:00:00, Sys 0 00:00:00  -  Run Local Usage
		Usr 0 00:00:29, Sys 0 00:00:01  -  Total Remote Usage
		Usr 0 00:00:00, Sys 0 00:00:00  -  Total Local Usage
	7524  -  Run Bytes Sent By Job
	148  -  Run Bytes Received By Job
	7524  -  Total Bytes Sent By Job
	148  -  Total Bytes Received By Job
	Partitionable Resources :    Usage  Request Allocated 
	   Cpus                 :                 1         1 
	   Disk (KB)            :       52        1    127899 
	   Memory (MB)          :      184     3900      3968 

	Job terminated of its own accord at 2023-06-12T08:47:19Z.
...
040 (311046.007.000) 2023-06-12 17:47:20 Started transferring output files
...
040 (311046.007.000) 2023-06-12 17:47:20 Finished transferring output files
...
005 (311046.007.000) 2023-06-12 17:47:20 Job terminated.
	(1) Normal termination (return value 0)
		Usr 0 00:00:29, Sys 0 00:00:01  -  Run Remote Usage
		Usr 0 00:00:00, Sys 0 00:00:00  -  Run Local Usage
		Usr 0 00:00:29, Sys 0 00:00:01  -  Total Remote Usage
		Usr 0 00:00:00, Sys 0 00:00:00  -  Total Local Usage
	7494  -  Run Bytes Sent By Job
	148  -  Run Bytes Received By Job
	7494  -  Total Bytes Sent By Job
	148  -  Total Bytes Received By Job
	Partitionable Resources :    Usage  Request Allocated 
	   Cpus                 :                 1         1 
	   Disk (KB)            :       52        1    127899 
	   Memory (MB)          :      195     3900      3968 

	Job terminated of its own accord at 2023-06-12T08:47:19Z.
...
006 (311046.006.000) 2023-06-12 17:47:22 Image size of job updated: 691776
	199  -  MemoryUsage of job (MB)
	202896  -  ResidentSetSize of job (KB)
...
040 (311046.006.000) 2023-06-12 17:47:22 Started transferring output files
...
040 (311046.006.000) 2023-06-12 17:47:22 Finished transferring output files
...
005 (311046.006.000) 2023-06-12 17:47:22 Job terminated.
	(1) Normal termination (return value 0)
		Usr 0 00:00:30, Sys 0 00:00:01  -  Run Remote Usage
		Usr 0 00:00:00, Sys 0 00:00:00  -  Run Local Usage
		Usr 0 00:00:30, Sys 0 00:00:01  -  Total Remote Usage
		Usr 0 00:00:00, Sys 0 00:00:00  -  Total Local Usage
	7525  -  Run Bytes Sent By Job
	148  -  Run Bytes Received By Job
	7525  -  Total Bytes Sent By Job
	148  -  Total Bytes Received By Job
	Partitionable Resources :    Usage  Request Allocated 
	   Cpus                 :                 1         1 
	   Disk (KB)            :       52        1    127899 
	   Memory (MB)          :      199     3900      3968 

	Job terminated of its own accord at 2023-06-12T08:47:22Z.
...
006 (311046.003.000) 2023-06-12 17:47:23 Image size of job updated: 691984
	184  -  MemoryUsage of job (MB)
	188060  -  ResidentSetSize of job (KB)
...
040 (311046.003.000) 2023-06-12 17:47:23 Started transferring output files
...
040 (311046.003.000) 2023-06-12 17:47:23 Finished transferring output files
...
005 (311046.003.000) 2023-06-12 17:47:23 Job terminated.
	(1) Normal termination (return value 0)
		Usr 0 00:00:31, Sys 0 00:00:01  -  Run Remote Usage
		Usr 0 00:00:00, Sys 0 00:00:00  -  Run Local Usage
		Usr 0 00:00:31, Sys 0 00:00:01  -  Total Remote Usage
		Usr 0 00:00:00, Sys 0 00:00:00  -  Total Local Usage
	7607  -  Run Bytes Sent By Job
	148  -  Run Bytes Received By Job
	7607  -  Total Bytes Sent By Job
	148  -  Total Bytes Received By Job
	Partitionable Resources :    Usage  Request Allocated 
	   Cpus                 :                 1         1 
	   Disk (KB)            :       52        1    127899 
	   Memory (MB)          :      184     3900      3968 

	Job terminated of its own accord at 2023-06-12T08:47:23Z.
...
006 (311046.002.000) 2023-06-12 17:47:30 Image size of job updated: 691796
	184  -  MemoryUsage of job (MB)
	187624  -  ResidentSetSize of job (KB)
...
040 (311046.002.000) 2023-06-12 17:47:30 Started transferring output files
...
040 (311046.002.000) 2023-06-12 17:47:30 Finished transferring output files
...
005 (311046.002.000) 2023-06-12 17:47:30 Job terminated.
	(1) Normal termination (return value 0)
		Usr 0 00:00:39, Sys 0 00:00:01  -  Run Remote Usage
		Usr 0 00:00:00, Sys 0 00:00:00  -  Run Local Usage
		Usr 0 00:00:39, Sys 0 00:00:01  -  Total Remote Usage
		Usr 0 00:00:00, Sys 0 00:00:00  -  Total Local Usage
	7545  -  Run Bytes Sent By Job
	148  -  Run Bytes Received By Job
	7545  -  Total Bytes Sent By Job
	148  -  Total Bytes Received By Job
	Partitionable Resources :    Usage  Request Allocated 
	   Cpus                 :                 1         1 
	   Disk (KB)            :       52        1    127899 
	   Memory (MB)          :      184     3900      3968 

	Job terminated of its own accord at 2023-06-12T08:47:30Z.
...
