000 (311028.000.000) 2023-06-12 17:36:59 Job submitted from host: <172.30.1.200:9618?addrs=172.30.1.200-9618&alias=tamsa2.snu.ac.kr&noUDP&sock=schedd_3510_2582>
...
000 (311028.001.000) 2023-06-12 17:36:59 Job submitted from host: <172.30.1.200:9618?addrs=172.30.1.200-9618&alias=tamsa2.snu.ac.kr&noUDP&sock=schedd_3510_2582>
...
000 (311028.002.000) 2023-06-12 17:36:59 Job submitted from host: <172.30.1.200:9618?addrs=172.30.1.200-9618&alias=tamsa2.snu.ac.kr&noUDP&sock=schedd_3510_2582>
...
000 (311028.003.000) 2023-06-12 17:36:59 Job submitted from host: <172.30.1.200:9618?addrs=172.30.1.200-9618&alias=tamsa2.snu.ac.kr&noUDP&sock=schedd_3510_2582>
...
000 (311028.004.000) 2023-06-12 17:36:59 Job submitted from host: <172.30.1.200:9618?addrs=172.30.1.200-9618&alias=tamsa2.snu.ac.kr&noUDP&sock=schedd_3510_2582>
...
000 (311028.005.000) 2023-06-12 17:36:59 Job submitted from host: <172.30.1.200:9618?addrs=172.30.1.200-9618&alias=tamsa2.snu.ac.kr&noUDP&sock=schedd_3510_2582>
...
000 (311028.006.000) 2023-06-12 17:36:59 Job submitted from host: <172.30.1.200:9618?addrs=172.30.1.200-9618&alias=tamsa2.snu.ac.kr&noUDP&sock=schedd_3510_2582>
...
000 (311028.007.000) 2023-06-12 17:36:59 Job submitted from host: <172.30.1.200:9618?addrs=172.30.1.200-9618&alias=tamsa2.snu.ac.kr&noUDP&sock=schedd_3510_2582>
...
000 (311028.008.000) 2023-06-12 17:36:59 Job submitted from host: <172.30.1.200:9618?addrs=172.30.1.200-9618&alias=tamsa2.snu.ac.kr&noUDP&sock=schedd_3510_2582>
...
000 (311028.009.000) 2023-06-12 17:36:59 Job submitted from host: <172.30.1.200:9618?addrs=172.30.1.200-9618&alias=tamsa2.snu.ac.kr&noUDP&sock=schedd_3510_2582>
...
040 (311028.000.000) 2023-06-12 17:37:14 Started transferring input files
	Transferring to host: <172.30.1.106:9618?addrs=172.30.1.106-9618&alias=n6&noUDP&sock=slot1_4_3308_8900_8024>
...
040 (311028.000.000) 2023-06-12 17:37:14 Finished transferring input files
...
040 (311028.006.000) 2023-06-12 17:37:14 Started transferring input files
	Transferring to host: <172.30.1.108:9618?addrs=172.30.1.108-9618&alias=n8&noUDP&sock=slot1_14_4278_fce7_21820>
...
040 (311028.001.000) 2023-06-12 17:37:14 Started transferring input files
	Transferring to host: <172.30.1.106:9618?addrs=172.30.1.106-9618&alias=n6&noUDP&sock=slot1_5_3308_8900_8025>
...
040 (311028.006.000) 2023-06-12 17:37:14 Finished transferring input files
...
040 (311028.001.000) 2023-06-12 17:37:14 Finished transferring input files
...
040 (311028.002.000) 2023-06-12 17:37:14 Started transferring input files
	Transferring to host: <172.30.1.106:9618?addrs=172.30.1.106-9618&alias=n6&noUDP&sock=slot1_6_3308_8900_8026>
...
040 (311028.007.000) 2023-06-12 17:37:14 Started transferring input files
	Transferring to host: <172.30.1.108:9618?addrs=172.30.1.108-9618&alias=n8&noUDP&sock=slot1_18_4278_fce7_21821>
...
040 (311028.002.000) 2023-06-12 17:37:14 Finished transferring input files
...
040 (311028.007.000) 2023-06-12 17:37:14 Finished transferring input files
...
040 (311028.003.000) 2023-06-12 17:37:14 Started transferring input files
	Transferring to host: <172.30.1.106:9618?addrs=172.30.1.106-9618&alias=n6&noUDP&sock=slot1_7_3308_8900_8027>
...
040 (311028.003.000) 2023-06-12 17:37:14 Finished transferring input files
...
040 (311028.004.000) 2023-06-12 17:37:14 Started transferring input files
	Transferring to host: <172.30.1.106:9618?addrs=172.30.1.106-9618&alias=n6&noUDP&sock=slot1_9_3308_8900_8028>
...
040 (311028.008.000) 2023-06-12 17:37:14 Started transferring input files
	Transferring to host: <172.30.1.108:9618?addrs=172.30.1.108-9618&alias=n8&noUDP&sock=slot1_21_4278_fce7_21822>
...
040 (311028.005.000) 2023-06-12 17:37:14 Started transferring input files
	Transferring to host: <172.30.1.106:9618?addrs=172.30.1.106-9618&alias=n6&noUDP&sock=slot1_10_3308_8900_8029>
...
040 (311028.009.000) 2023-06-12 17:37:14 Started transferring input files
	Transferring to host: <172.30.1.108:9618?addrs=172.30.1.108-9618&alias=n8&noUDP&sock=slot1_22_4278_fce7_21823>
...
040 (311028.004.000) 2023-06-12 17:37:14 Finished transferring input files
...
040 (311028.008.000) 2023-06-12 17:37:14 Finished transferring input files
...
040 (311028.005.000) 2023-06-12 17:37:14 Finished transferring input files
...
040 (311028.009.000) 2023-06-12 17:37:14 Finished transferring input files
...
001 (311028.000.000) 2023-06-12 17:37:15 Job executing on host: <172.30.1.106:9618?addrs=172.30.1.106-9618&alias=n6&noUDP&sock=startd_3274_4528>
...
001 (311028.001.000) 2023-06-12 17:37:15 Job executing on host: <172.30.1.106:9618?addrs=172.30.1.106-9618&alias=n6&noUDP&sock=startd_3274_4528>
...
001 (311028.006.000) 2023-06-12 17:37:15 Job executing on host: <172.30.1.108:9618?addrs=172.30.1.108-9618&alias=n8&noUDP&sock=startd_4243_ec6e>
...
001 (311028.002.000) 2023-06-12 17:37:15 Job executing on host: <172.30.1.106:9618?addrs=172.30.1.106-9618&alias=n6&noUDP&sock=startd_3274_4528>
...
001 (311028.007.000) 2023-06-12 17:37:15 Job executing on host: <172.30.1.108:9618?addrs=172.30.1.108-9618&alias=n8&noUDP&sock=startd_4243_ec6e>
...
001 (311028.003.000) 2023-06-12 17:37:15 Job executing on host: <172.30.1.106:9618?addrs=172.30.1.106-9618&alias=n6&noUDP&sock=startd_3274_4528>
...
001 (311028.008.000) 2023-06-12 17:37:15 Job executing on host: <172.30.1.108:9618?addrs=172.30.1.108-9618&alias=n8&noUDP&sock=startd_4243_ec6e>
...
001 (311028.004.000) 2023-06-12 17:37:15 Job executing on host: <172.30.1.106:9618?addrs=172.30.1.106-9618&alias=n6&noUDP&sock=startd_3274_4528>
...
001 (311028.005.000) 2023-06-12 17:37:15 Job executing on host: <172.30.1.106:9618?addrs=172.30.1.106-9618&alias=n6&noUDP&sock=startd_3274_4528>
...
001 (311028.009.000) 2023-06-12 17:37:15 Job executing on host: <172.30.1.108:9618?addrs=172.30.1.108-9618&alias=n8&noUDP&sock=startd_4243_ec6e>
...
006 (311028.005.000) 2023-06-12 17:37:24 Image size of job updated: 133880
	70  -  MemoryUsage of job (MB)
	71604  -  ResidentSetSize of job (KB)
...
006 (311028.009.000) 2023-06-12 17:37:24 Image size of job updated: 399416
	151  -  MemoryUsage of job (MB)
	154516  -  ResidentSetSize of job (KB)
...
006 (311028.008.000) 2023-06-12 17:37:24 Image size of job updated: 399248
	151  -  MemoryUsage of job (MB)
	154532  -  ResidentSetSize of job (KB)
...
006 (311028.000.000) 2023-06-12 17:37:24 Image size of job updated: 114416
	94  -  MemoryUsage of job (MB)
	95552  -  ResidentSetSize of job (KB)
...
006 (311028.001.000) 2023-06-12 17:37:24 Image size of job updated: 115044
	107  -  MemoryUsage of job (MB)
	109428  -  ResidentSetSize of job (KB)
...
006 (311028.006.000) 2023-06-12 17:37:24 Image size of job updated: 399280
	154  -  MemoryUsage of job (MB)
	156716  -  ResidentSetSize of job (KB)
...
006 (311028.002.000) 2023-06-12 17:37:24 Image size of job updated: 133880
	109  -  MemoryUsage of job (MB)
	110888  -  ResidentSetSize of job (KB)
...
006 (311028.007.000) 2023-06-12 17:37:24 Image size of job updated: 399280
	168  -  MemoryUsage of job (MB)
	171928  -  ResidentSetSize of job (KB)
...
006 (311028.003.000) 2023-06-12 17:37:24 Image size of job updated: 133880
	99  -  MemoryUsage of job (MB)
	101080  -  ResidentSetSize of job (KB)
...
006 (311028.004.000) 2023-06-12 17:37:25 Image size of job updated: 133880
	114  -  MemoryUsage of job (MB)
	116192  -  ResidentSetSize of job (KB)
...
006 (311028.006.000) 2023-06-12 17:37:41 Image size of job updated: 654636
	154  -  MemoryUsage of job (MB)
	156716  -  ResidentSetSize of job (KB)
...
040 (311028.006.000) 2023-06-12 17:37:41 Started transferring output files
...
040 (311028.006.000) 2023-06-12 17:37:41 Finished transferring output files
...
005 (311028.006.000) 2023-06-12 17:37:41 Job terminated.
	(1) Normal termination (return value 0)
		Usr 0 00:00:19, Sys 0 00:00:01  -  Run Remote Usage
		Usr 0 00:00:00, Sys 0 00:00:00  -  Run Local Usage
		Usr 0 00:00:19, Sys 0 00:00:01  -  Total Remote Usage
		Usr 0 00:00:00, Sys 0 00:00:00  -  Total Local Usage
	5606  -  Run Bytes Sent By Job
	147  -  Run Bytes Received By Job
	5606  -  Total Bytes Sent By Job
	147  -  Total Bytes Received By Job
	Partitionable Resources :    Usage  Request Allocated 
	   Cpus                 :                 1         1 
	   Disk (KB)            :       50        1    127899 
	   Memory (MB)          :      154     3900      3968 

	Job terminated of its own accord at 2023-06-12T08:37:41Z.
...
006 (311028.008.000) 2023-06-12 17:37:42 Image size of job updated: 690748
	151  -  MemoryUsage of job (MB)
	154532  -  ResidentSetSize of job (KB)
...
040 (311028.008.000) 2023-06-12 17:37:42 Started transferring output files
...
040 (311028.008.000) 2023-06-12 17:37:42 Finished transferring output files
...
005 (311028.008.000) 2023-06-12 17:37:42 Job terminated.
	(1) Normal termination (return value 0)
		Usr 0 00:00:20, Sys 0 00:00:01  -  Run Remote Usage
		Usr 0 00:00:00, Sys 0 00:00:00  -  Run Local Usage
		Usr 0 00:00:20, Sys 0 00:00:01  -  Total Remote Usage
		Usr 0 00:00:00, Sys 0 00:00:00  -  Total Local Usage
	5575  -  Run Bytes Sent By Job
	147  -  Run Bytes Received By Job
	5575  -  Total Bytes Sent By Job
	147  -  Total Bytes Received By Job
	Partitionable Resources :    Usage  Request Allocated 
	   Cpus                 :                 1         1 
	   Disk (KB)            :       50        1    127899 
	   Memory (MB)          :      151     3900      3968 

	Job terminated of its own accord at 2023-06-12T08:37:42Z.
...
006 (311028.009.000) 2023-06-12 17:37:43 Image size of job updated: 691864
	151  -  MemoryUsage of job (MB)
	154516  -  ResidentSetSize of job (KB)
...
040 (311028.009.000) 2023-06-12 17:37:43 Started transferring output files
...
040 (311028.009.000) 2023-06-12 17:37:43 Finished transferring output files
...
005 (311028.009.000) 2023-06-12 17:37:43 Job terminated.
	(1) Normal termination (return value 0)
		Usr 0 00:00:21, Sys 0 00:00:01  -  Run Remote Usage
		Usr 0 00:00:00, Sys 0 00:00:00  -  Run Local Usage
		Usr 0 00:00:21, Sys 0 00:00:01  -  Total Remote Usage
		Usr 0 00:00:00, Sys 0 00:00:00  -  Total Local Usage
	5575  -  Run Bytes Sent By Job
	147  -  Run Bytes Received By Job
	5575  -  Total Bytes Sent By Job
	147  -  Total Bytes Received By Job
	Partitionable Resources :    Usage  Request Allocated 
	   Cpus                 :                 1         1 
	   Disk (KB)            :       50        1    127899 
	   Memory (MB)          :      151     3900      3968 

	Job terminated of its own accord at 2023-06-12T08:37:43Z.
...
006 (311028.007.000) 2023-06-12 17:37:45 Image size of job updated: 690712
	168  -  MemoryUsage of job (MB)
	171932  -  ResidentSetSize of job (KB)
...
040 (311028.007.000) 2023-06-12 17:37:45 Started transferring output files
...
040 (311028.007.000) 2023-06-12 17:37:45 Finished transferring output files
...
005 (311028.007.000) 2023-06-12 17:37:45 Job terminated.
	(1) Normal termination (return value 0)
		Usr 0 00:00:23, Sys 0 00:00:01  -  Run Remote Usage
		Usr 0 00:00:00, Sys 0 00:00:00  -  Run Local Usage
		Usr 0 00:00:23, Sys 0 00:00:01  -  Total Remote Usage
		Usr 0 00:00:00, Sys 0 00:00:00  -  Total Local Usage
	5544  -  Run Bytes Sent By Job
	147  -  Run Bytes Received By Job
	5544  -  Total Bytes Sent By Job
	147  -  Total Bytes Received By Job
	Partitionable Resources :    Usage  Request Allocated 
	   Cpus                 :                 1         1 
	   Disk (KB)            :       50        1    127899 
	   Memory (MB)          :      168     3900      3968 

	Job terminated of its own accord at 2023-06-12T08:37:45Z.
...
006 (311028.005.000) 2023-06-12 17:37:54 Image size of job updated: 689084
	70  -  MemoryUsage of job (MB)
	71604  -  ResidentSetSize of job (KB)
...
040 (311028.005.000) 2023-06-12 17:37:54 Started transferring output files
...
040 (311028.005.000) 2023-06-12 17:37:54 Finished transferring output files
...
005 (311028.005.000) 2023-06-12 17:37:54 Job terminated.
	(1) Normal termination (return value 0)
		Usr 0 00:00:28, Sys 0 00:00:02  -  Run Remote Usage
		Usr 0 00:00:00, Sys 0 00:00:00  -  Run Local Usage
		Usr 0 00:00:28, Sys 0 00:00:02  -  Total Remote Usage
		Usr 0 00:00:00, Sys 0 00:00:00  -  Total Local Usage
	5544  -  Run Bytes Sent By Job
	147  -  Run Bytes Received By Job
	5544  -  Total Bytes Sent By Job
	147  -  Total Bytes Received By Job
	Partitionable Resources :    Usage  Request Allocated 
	   Cpus                 :                 1         1 
	   Disk (KB)            :       50        1     61930 
	   Memory (MB)          :       70     3900      3968 

	Job terminated of its own accord at 2023-06-12T08:37:54Z.
...
006 (311028.003.000) 2023-06-12 17:37:54 Image size of job updated: 694040
	99  -  MemoryUsage of job (MB)
	101172  -  ResidentSetSize of job (KB)
...
040 (311028.003.000) 2023-06-12 17:37:54 Started transferring output files
...
040 (311028.003.000) 2023-06-12 17:37:54 Finished transferring output files
...
005 (311028.003.000) 2023-06-12 17:37:54 Job terminated.
	(1) Normal termination (return value 0)
		Usr 0 00:00:29, Sys 0 00:00:02  -  Run Remote Usage
		Usr 0 00:00:00, Sys 0 00:00:00  -  Run Local Usage
		Usr 0 00:00:29, Sys 0 00:00:02  -  Total Remote Usage
		Usr 0 00:00:00, Sys 0 00:00:00  -  Total Local Usage
	5587  -  Run Bytes Sent By Job
	147  -  Run Bytes Received By Job
	5587  -  Total Bytes Sent By Job
	147  -  Total Bytes Received By Job
	Partitionable Resources :    Usage  Request Allocated 
	   Cpus                 :                 1         1 
	   Disk (KB)            :       50        1     61930 
	   Memory (MB)          :       99     3900      3968 

	Job terminated of its own accord at 2023-06-12T08:37:54Z.
...
006 (311028.001.000) 2023-06-12 17:37:57 Image size of job updated: 690652
	107  -  MemoryUsage of job (MB)
	109516  -  ResidentSetSize of job (KB)
...
040 (311028.001.000) 2023-06-12 17:37:57 Started transferring output files
...
040 (311028.001.000) 2023-06-12 17:37:57 Finished transferring output files
...
005 (311028.001.000) 2023-06-12 17:37:57 Job terminated.
	(1) Normal termination (return value 0)
		Usr 0 00:00:31, Sys 0 00:00:01  -  Run Remote Usage
		Usr 0 00:00:00, Sys 0 00:00:00  -  Run Local Usage
		Usr 0 00:00:31, Sys 0 00:00:01  -  Total Remote Usage
		Usr 0 00:00:00, Sys 0 00:00:00  -  Total Local Usage
	5646  -  Run Bytes Sent By Job
	147  -  Run Bytes Received By Job
	5646  -  Total Bytes Sent By Job
	147  -  Total Bytes Received By Job
	Partitionable Resources :    Usage  Request Allocated 
	   Cpus                 :     1.00        1         1 
	   Disk (KB)            :    56           1     61930 
	   Memory (MB)          :   107        3900      3968 

	Job terminated of its own accord at 2023-06-12T08:37:57Z.
...
006 (311028.002.000) 2023-06-12 17:38:07 Image size of job updated: 686556
	109  -  MemoryUsage of job (MB)
	110920  -  ResidentSetSize of job (KB)
...
040 (311028.002.000) 2023-06-12 17:38:07 Started transferring output files
...
006 (311028.000.000) 2023-06-12 17:38:08 Image size of job updated: 688852
	94  -  MemoryUsage of job (MB)
	95632  -  ResidentSetSize of job (KB)
...
040 (311028.000.000) 2023-06-12 17:38:08 Started transferring output files
...
040 (311028.002.000) 2023-06-12 17:38:08 Finished transferring output files
...
040 (311028.000.000) 2023-06-12 17:38:08 Finished transferring output files
...
005 (311028.002.000) 2023-06-12 17:38:08 Job terminated.
	(1) Normal termination (return value 0)
		Usr 0 00:00:41, Sys 0 00:00:01  -  Run Remote Usage
		Usr 0 00:00:00, Sys 0 00:00:00  -  Run Local Usage
		Usr 0 00:00:41, Sys 0 00:00:01  -  Total Remote Usage
		Usr 0 00:00:00, Sys 0 00:00:00  -  Total Local Usage
	5618  -  Run Bytes Sent By Job
	147  -  Run Bytes Received By Job
	5618  -  Total Bytes Sent By Job
	147  -  Total Bytes Received By Job
	Partitionable Resources :    Usage  Request Allocated 
	   Cpus                 :     1.00        1         1 
	   Disk (KB)            :    56           1     61930 
	   Memory (MB)          :   109        3900      3968 

	Job terminated of its own accord at 2023-06-12T08:38:07Z.
...
005 (311028.000.000) 2023-06-12 17:38:08 Job terminated.
	(1) Normal termination (return value 0)
		Usr 0 00:00:42, Sys 0 00:00:02  -  Run Remote Usage
		Usr 0 00:00:00, Sys 0 00:00:00  -  Run Local Usage
		Usr 0 00:00:42, Sys 0 00:00:02  -  Total Remote Usage
		Usr 0 00:00:00, Sys 0 00:00:00  -  Total Local Usage
	5587  -  Run Bytes Sent By Job
	147  -  Run Bytes Received By Job
	5587  -  Total Bytes Sent By Job
	147  -  Total Bytes Received By Job
	Partitionable Resources :    Usage  Request Allocated 
	   Cpus                 :     1.00        1         1 
	   Disk (KB)            :    56           1     61930 
	   Memory (MB)          :    94        3900      3968 

	Job terminated of its own accord at 2023-06-12T08:38:08Z.
...
006 (311028.004.000) 2023-06-12 17:38:12 Image size of job updated: 689844
	114  -  MemoryUsage of job (MB)
	116192  -  ResidentSetSize of job (KB)
...
040 (311028.004.000) 2023-06-12 17:38:12 Started transferring output files
...
040 (311028.004.000) 2023-06-12 17:38:12 Finished transferring output files
...
005 (311028.004.000) 2023-06-12 17:38:12 Job terminated.
	(1) Normal termination (return value 0)
		Usr 0 00:00:46, Sys 0 00:00:01  -  Run Remote Usage
		Usr 0 00:00:00, Sys 0 00:00:00  -  Run Local Usage
		Usr 0 00:00:46, Sys 0 00:00:01  -  Total Remote Usage
		Usr 0 00:00:00, Sys 0 00:00:00  -  Total Local Usage
	5705  -  Run Bytes Sent By Job
	147  -  Run Bytes Received By Job
	5705  -  Total Bytes Sent By Job
	147  -  Total Bytes Received By Job
	Partitionable Resources :    Usage  Request Allocated 
	   Cpus                 :     0.96        1         1 
	   Disk (KB)            :    56           1     61930 
	   Memory (MB)          :   114        3900      3968 

	Job terminated of its own accord at 2023-06-12T08:38:12Z.
...
