000 (330217.000.000) 2023-07-25 13:01:07 Job submitted from host: <172.30.1.200:9618?addrs=172.30.1.200-9618&alias=tamsa2.snu.ac.kr&noUDP&sock=schedd_3510_2582>
...
000 (330217.001.000) 2023-07-25 13:01:07 Job submitted from host: <172.30.1.200:9618?addrs=172.30.1.200-9618&alias=tamsa2.snu.ac.kr&noUDP&sock=schedd_3510_2582>
...
000 (330217.002.000) 2023-07-25 13:01:07 Job submitted from host: <172.30.1.200:9618?addrs=172.30.1.200-9618&alias=tamsa2.snu.ac.kr&noUDP&sock=schedd_3510_2582>
...
000 (330217.003.000) 2023-07-25 13:01:07 Job submitted from host: <172.30.1.200:9618?addrs=172.30.1.200-9618&alias=tamsa2.snu.ac.kr&noUDP&sock=schedd_3510_2582>
...
000 (330217.004.000) 2023-07-25 13:01:07 Job submitted from host: <172.30.1.200:9618?addrs=172.30.1.200-9618&alias=tamsa2.snu.ac.kr&noUDP&sock=schedd_3510_2582>
...
000 (330217.005.000) 2023-07-25 13:01:07 Job submitted from host: <172.30.1.200:9618?addrs=172.30.1.200-9618&alias=tamsa2.snu.ac.kr&noUDP&sock=schedd_3510_2582>
...
000 (330217.006.000) 2023-07-25 13:01:07 Job submitted from host: <172.30.1.200:9618?addrs=172.30.1.200-9618&alias=tamsa2.snu.ac.kr&noUDP&sock=schedd_3510_2582>
...
000 (330217.007.000) 2023-07-25 13:01:07 Job submitted from host: <172.30.1.200:9618?addrs=172.30.1.200-9618&alias=tamsa2.snu.ac.kr&noUDP&sock=schedd_3510_2582>
...
000 (330217.008.000) 2023-07-25 13:01:07 Job submitted from host: <172.30.1.200:9618?addrs=172.30.1.200-9618&alias=tamsa2.snu.ac.kr&noUDP&sock=schedd_3510_2582>
...
000 (330217.009.000) 2023-07-25 13:01:07 Job submitted from host: <172.30.1.200:9618?addrs=172.30.1.200-9618&alias=tamsa2.snu.ac.kr&noUDP&sock=schedd_3510_2582>
...
001 (330217.000.000) 2023-07-25 13:01:20 Job executing on host: <172.30.1.204:9618?addrs=172.30.1.204-9618&alias=node4&noUDP&sock=startd_3843_8e8c>
...
001 (330217.001.000) 2023-07-25 13:01:20 Job executing on host: <172.30.1.204:9618?addrs=172.30.1.204-9618&alias=node4&noUDP&sock=startd_3843_8e8c>
...
001 (330217.002.000) 2023-07-25 13:01:20 Job executing on host: <172.30.1.204:9618?addrs=172.30.1.204-9618&alias=node4&noUDP&sock=startd_3843_8e8c>
...
001 (330217.006.000) 2023-07-25 13:01:20 Job executing on host: <172.30.1.204:9618?addrs=172.30.1.204-9618&alias=node4&noUDP&sock=startd_3843_8e8c>
...
001 (330217.007.000) 2023-07-25 13:01:20 Job executing on host: <172.30.1.204:9618?addrs=172.30.1.204-9618&alias=node4&noUDP&sock=startd_3843_8e8c>
...
001 (330217.008.000) 2023-07-25 13:01:20 Job executing on host: <172.30.1.204:9618?addrs=172.30.1.204-9618&alias=node4&noUDP&sock=startd_3843_8e8c>
...
001 (330217.003.000) 2023-07-25 13:01:20 Job executing on host: <172.30.1.204:9618?addrs=172.30.1.204-9618&alias=node4&noUDP&sock=startd_3843_8e8c>
...
001 (330217.004.000) 2023-07-25 13:01:20 Job executing on host: <172.30.1.204:9618?addrs=172.30.1.204-9618&alias=node4&noUDP&sock=startd_3843_8e8c>
...
001 (330217.005.000) 2023-07-25 13:01:20 Job executing on host: <172.30.1.204:9618?addrs=172.30.1.204-9618&alias=node4&noUDP&sock=startd_3843_8e8c>
...
001 (330217.009.000) 2023-07-25 13:01:20 Job executing on host: <172.30.1.204:9618?addrs=172.30.1.204-9618&alias=node4&noUDP&sock=startd_3843_8e8c>
...
006 (330217.002.000) 2023-07-25 13:01:29 Image size of job updated: 505500
	139  -  MemoryUsage of job (MB)
	142228  -  ResidentSetSize of job (KB)
...
006 (330217.007.000) 2023-07-25 13:01:29 Image size of job updated: 504788
	148  -  MemoryUsage of job (MB)
	150936  -  ResidentSetSize of job (KB)
...
006 (330217.006.000) 2023-07-25 13:01:29 Image size of job updated: 504788
	148  -  MemoryUsage of job (MB)
	150940  -  ResidentSetSize of job (KB)
...
006 (330217.008.000) 2023-07-25 13:01:29 Image size of job updated: 505500
	148  -  MemoryUsage of job (MB)
	150828  -  ResidentSetSize of job (KB)
...
006 (330217.003.000) 2023-07-25 13:01:29 Image size of job updated: 505128
	148  -  MemoryUsage of job (MB)
	150840  -  ResidentSetSize of job (KB)
...
006 (330217.004.000) 2023-07-25 13:01:29 Image size of job updated: 505500
	148  -  MemoryUsage of job (MB)
	150824  -  ResidentSetSize of job (KB)
...
006 (330217.000.000) 2023-07-25 13:01:29 Image size of job updated: 503996
	150  -  MemoryUsage of job (MB)
	152604  -  ResidentSetSize of job (KB)
...
006 (330217.001.000) 2023-07-25 13:01:29 Image size of job updated: 505500
	151  -  MemoryUsage of job (MB)
	154356  -  ResidentSetSize of job (KB)
...
006 (330217.005.000) 2023-07-25 13:01:30 Image size of job updated: 506832
	175  -  MemoryUsage of job (MB)
	178272  -  ResidentSetSize of job (KB)
...
006 (330217.009.000) 2023-07-25 13:01:30 Image size of job updated: 506832
	175  -  MemoryUsage of job (MB)
	179020  -  ResidentSetSize of job (KB)
...
006 (330217.009.000) 2023-07-25 13:01:49 Image size of job updated: 687380
	175  -  MemoryUsage of job (MB)
	179020  -  ResidentSetSize of job (KB)
...
005 (330217.009.000) 2023-07-25 13:01:49 Job terminated.
	(1) Normal termination (return value 0)
		Usr 0 00:00:21, Sys 0 00:00:01  -  Run Remote Usage
		Usr 0 00:00:00, Sys 0 00:00:00  -  Run Local Usage
		Usr 0 00:00:21, Sys 0 00:00:01  -  Total Remote Usage
		Usr 0 00:00:00, Sys 0 00:00:00  -  Total Local Usage
	0  -  Run Bytes Sent By Job
	0  -  Run Bytes Received By Job
	0  -  Total Bytes Sent By Job
	0  -  Total Bytes Received By Job
	Partitionable Resources :    Usage  Request Allocated 
	   Cpus                 :                 1         1 
	   Disk (KB)            :        1        1    128928 
	   Memory (MB)          :      175     3900      3968 

	Job terminated of its own accord at 2023-07-25T04:01:49Z.
...
006 (330217.003.000) 2023-07-25 13:01:51 Image size of job updated: 687244
	148  -  MemoryUsage of job (MB)
	150840  -  ResidentSetSize of job (KB)
...
005 (330217.003.000) 2023-07-25 13:01:51 Job terminated.
	(1) Normal termination (return value 0)
		Usr 0 00:00:22, Sys 0 00:00:01  -  Run Remote Usage
		Usr 0 00:00:00, Sys 0 00:00:00  -  Run Local Usage
		Usr 0 00:00:22, Sys 0 00:00:01  -  Total Remote Usage
		Usr 0 00:00:00, Sys 0 00:00:00  -  Total Local Usage
	0  -  Run Bytes Sent By Job
	0  -  Run Bytes Received By Job
	0  -  Total Bytes Sent By Job
	0  -  Total Bytes Received By Job
	Partitionable Resources :    Usage  Request Allocated 
	   Cpus                 :                 1         1 
	   Disk (KB)            :        1        1    128928 
	   Memory (MB)          :      148     3900      3968 

	Job terminated of its own accord at 2023-07-25T04:01:51Z.
...
006 (330217.005.000) 2023-07-25 13:01:55 Image size of job updated: 687352
	175  -  MemoryUsage of job (MB)
	178280  -  ResidentSetSize of job (KB)
...
005 (330217.005.000) 2023-07-25 13:01:55 Job terminated.
	(1) Normal termination (return value 0)
		Usr 0 00:00:27, Sys 0 00:00:01  -  Run Remote Usage
		Usr 0 00:00:00, Sys 0 00:00:00  -  Run Local Usage
		Usr 0 00:00:27, Sys 0 00:00:01  -  Total Remote Usage
		Usr 0 00:00:00, Sys 0 00:00:00  -  Total Local Usage
	0  -  Run Bytes Sent By Job
	0  -  Run Bytes Received By Job
	0  -  Total Bytes Sent By Job
	0  -  Total Bytes Received By Job
	Partitionable Resources :    Usage  Request Allocated 
	   Cpus                 :                 1         1 
	   Disk (KB)            :        1        1    128928 
	   Memory (MB)          :      175     3900      3968 

	Job terminated of its own accord at 2023-07-25T04:01:55Z.
...
006 (330217.007.000) 2023-07-25 13:01:56 Image size of job updated: 688092
	148  -  MemoryUsage of job (MB)
	150936  -  ResidentSetSize of job (KB)
...
005 (330217.007.000) 2023-07-25 13:01:56 Job terminated.
	(1) Normal termination (return value 0)
		Usr 0 00:00:28, Sys 0 00:00:01  -  Run Remote Usage
		Usr 0 00:00:00, Sys 0 00:00:00  -  Run Local Usage
		Usr 0 00:00:28, Sys 0 00:00:01  -  Total Remote Usage
		Usr 0 00:00:00, Sys 0 00:00:00  -  Total Local Usage
	0  -  Run Bytes Sent By Job
	0  -  Run Bytes Received By Job
	0  -  Total Bytes Sent By Job
	0  -  Total Bytes Received By Job
	Partitionable Resources :    Usage  Request Allocated 
	   Cpus                 :                 1         1 
	   Disk (KB)            :        1        1    128928 
	   Memory (MB)          :      148     3900      3968 

	Job terminated of its own accord at 2023-07-25T04:01:56Z.
...
006 (330217.004.000) 2023-07-25 13:01:57 Image size of job updated: 687648
	148  -  MemoryUsage of job (MB)
	150824  -  ResidentSetSize of job (KB)
...
005 (330217.004.000) 2023-07-25 13:01:57 Job terminated.
	(1) Normal termination (return value 0)
		Usr 0 00:00:28, Sys 0 00:00:01  -  Run Remote Usage
		Usr 0 00:00:00, Sys 0 00:00:00  -  Run Local Usage
		Usr 0 00:00:28, Sys 0 00:00:01  -  Total Remote Usage
		Usr 0 00:00:00, Sys 0 00:00:00  -  Total Local Usage
	0  -  Run Bytes Sent By Job
	0  -  Run Bytes Received By Job
	0  -  Total Bytes Sent By Job
	0  -  Total Bytes Received By Job
	Partitionable Resources :    Usage  Request Allocated 
	   Cpus                 :                 1         1 
	   Disk (KB)            :        1        1    128928 
	   Memory (MB)          :      148     3900      3968 

	Job terminated of its own accord at 2023-07-25T04:01:57Z.
...
006 (330217.008.000) 2023-07-25 13:01:57 Image size of job updated: 688520
	148  -  MemoryUsage of job (MB)
	150832  -  ResidentSetSize of job (KB)
...
005 (330217.008.000) 2023-07-25 13:01:57 Job terminated.
	(1) Normal termination (return value 0)
		Usr 0 00:00:29, Sys 0 00:00:01  -  Run Remote Usage
		Usr 0 00:00:00, Sys 0 00:00:00  -  Run Local Usage
		Usr 0 00:00:29, Sys 0 00:00:01  -  Total Remote Usage
		Usr 0 00:00:00, Sys 0 00:00:00  -  Total Local Usage
	0  -  Run Bytes Sent By Job
	0  -  Run Bytes Received By Job
	0  -  Total Bytes Sent By Job
	0  -  Total Bytes Received By Job
	Partitionable Resources :    Usage  Request Allocated 
	   Cpus                 :                 1         1 
	   Disk (KB)            :        1        1    128928 
	   Memory (MB)          :      148     3900      3968 

	Job terminated of its own accord at 2023-07-25T04:01:57Z.
...
006 (330217.001.000) 2023-07-25 13:01:58 Image size of job updated: 687576
	151  -  MemoryUsage of job (MB)
	154500  -  ResidentSetSize of job (KB)
...
005 (330217.001.000) 2023-07-25 13:01:58 Job terminated.
	(1) Normal termination (return value 0)
		Usr 0 00:00:29, Sys 0 00:00:01  -  Run Remote Usage
		Usr 0 00:00:00, Sys 0 00:00:00  -  Run Local Usage
		Usr 0 00:00:29, Sys 0 00:00:01  -  Total Remote Usage
		Usr 0 00:00:00, Sys 0 00:00:00  -  Total Local Usage
	0  -  Run Bytes Sent By Job
	0  -  Run Bytes Received By Job
	0  -  Total Bytes Sent By Job
	0  -  Total Bytes Received By Job
	Partitionable Resources :    Usage  Request Allocated 
	   Cpus                 :                 1         1 
	   Disk (KB)            :        1        1    128928 
	   Memory (MB)          :      151     3900      3968 

	Job terminated of its own accord at 2023-07-25T04:01:58Z.
...
006 (330217.002.000) 2023-07-25 13:01:58 Image size of job updated: 688640
	139  -  MemoryUsage of job (MB)
	142244  -  ResidentSetSize of job (KB)
...
005 (330217.002.000) 2023-07-25 13:01:58 Job terminated.
	(1) Normal termination (return value 0)
		Usr 0 00:00:30, Sys 0 00:00:01  -  Run Remote Usage
		Usr 0 00:00:00, Sys 0 00:00:00  -  Run Local Usage
		Usr 0 00:00:30, Sys 0 00:00:01  -  Total Remote Usage
		Usr 0 00:00:00, Sys 0 00:00:00  -  Total Local Usage
	0  -  Run Bytes Sent By Job
	0  -  Run Bytes Received By Job
	0  -  Total Bytes Sent By Job
	0  -  Total Bytes Received By Job
	Partitionable Resources :    Usage  Request Allocated 
	   Cpus                 :                 1         1 
	   Disk (KB)            :        1        1    128928 
	   Memory (MB)          :      139     3900      3968 

	Job terminated of its own accord at 2023-07-25T04:01:58Z.
...
006 (330217.000.000) 2023-07-25 13:01:58 Image size of job updated: 688520
	150  -  MemoryUsage of job (MB)
	152604  -  ResidentSetSize of job (KB)
...
005 (330217.000.000) 2023-07-25 13:01:58 Job terminated.
	(1) Normal termination (return value 0)
		Usr 0 00:00:30, Sys 0 00:00:01  -  Run Remote Usage
		Usr 0 00:00:00, Sys 0 00:00:00  -  Run Local Usage
		Usr 0 00:00:30, Sys 0 00:00:01  -  Total Remote Usage
		Usr 0 00:00:00, Sys 0 00:00:00  -  Total Local Usage
	0  -  Run Bytes Sent By Job
	0  -  Run Bytes Received By Job
	0  -  Total Bytes Sent By Job
	0  -  Total Bytes Received By Job
	Partitionable Resources :    Usage  Request Allocated 
	   Cpus                 :                 1         1 
	   Disk (KB)            :        1        1    128928 
	   Memory (MB)          :      150     3900      3968 

	Job terminated of its own accord at 2023-07-25T04:01:58Z.
...
006 (330217.006.000) 2023-07-25 13:02:00 Image size of job updated: 687764
	148  -  MemoryUsage of job (MB)
	150940  -  ResidentSetSize of job (KB)
...
005 (330217.006.000) 2023-07-25 13:02:00 Job terminated.
	(1) Normal termination (return value 0)
		Usr 0 00:00:31, Sys 0 00:00:01  -  Run Remote Usage
		Usr 0 00:00:00, Sys 0 00:00:00  -  Run Local Usage
		Usr 0 00:00:31, Sys 0 00:00:01  -  Total Remote Usage
		Usr 0 00:00:00, Sys 0 00:00:00  -  Total Local Usage
	0  -  Run Bytes Sent By Job
	0  -  Run Bytes Received By Job
	0  -  Total Bytes Sent By Job
	0  -  Total Bytes Received By Job
	Partitionable Resources :    Usage  Request Allocated 
	   Cpus                 :                 1         1 
	   Disk (KB)            :        1        1    128928 
	   Memory (MB)          :      148     3900      3968 

	Job terminated of its own accord at 2023-07-25T04:02:00Z.
...
