000 (330165.000.000) 2023-07-25 12:44:48 Job submitted from host: <172.30.1.200:9618?addrs=172.30.1.200-9618&alias=tamsa2.snu.ac.kr&noUDP&sock=schedd_3510_2582>
...
000 (330165.001.000) 2023-07-25 12:44:48 Job submitted from host: <172.30.1.200:9618?addrs=172.30.1.200-9618&alias=tamsa2.snu.ac.kr&noUDP&sock=schedd_3510_2582>
...
000 (330165.002.000) 2023-07-25 12:44:48 Job submitted from host: <172.30.1.200:9618?addrs=172.30.1.200-9618&alias=tamsa2.snu.ac.kr&noUDP&sock=schedd_3510_2582>
...
000 (330165.003.000) 2023-07-25 12:44:48 Job submitted from host: <172.30.1.200:9618?addrs=172.30.1.200-9618&alias=tamsa2.snu.ac.kr&noUDP&sock=schedd_3510_2582>
...
000 (330165.004.000) 2023-07-25 12:44:48 Job submitted from host: <172.30.1.200:9618?addrs=172.30.1.200-9618&alias=tamsa2.snu.ac.kr&noUDP&sock=schedd_3510_2582>
...
000 (330165.005.000) 2023-07-25 12:44:48 Job submitted from host: <172.30.1.200:9618?addrs=172.30.1.200-9618&alias=tamsa2.snu.ac.kr&noUDP&sock=schedd_3510_2582>
...
000 (330165.006.000) 2023-07-25 12:44:48 Job submitted from host: <172.30.1.200:9618?addrs=172.30.1.200-9618&alias=tamsa2.snu.ac.kr&noUDP&sock=schedd_3510_2582>
...
000 (330165.007.000) 2023-07-25 12:44:48 Job submitted from host: <172.30.1.200:9618?addrs=172.30.1.200-9618&alias=tamsa2.snu.ac.kr&noUDP&sock=schedd_3510_2582>
...
000 (330165.008.000) 2023-07-25 12:44:48 Job submitted from host: <172.30.1.200:9618?addrs=172.30.1.200-9618&alias=tamsa2.snu.ac.kr&noUDP&sock=schedd_3510_2582>
...
000 (330165.009.000) 2023-07-25 12:44:48 Job submitted from host: <172.30.1.200:9618?addrs=172.30.1.200-9618&alias=tamsa2.snu.ac.kr&noUDP&sock=schedd_3510_2582>
...
001 (330165.000.000) 2023-07-25 12:45:06 Job executing on host: <172.30.1.201:9618?addrs=172.30.1.201-9618&alias=node1&noUDP&sock=startd_40439_5e70>
...
001 (330165.001.000) 2023-07-25 12:45:06 Job executing on host: <172.30.1.201:9618?addrs=172.30.1.201-9618&alias=node1&noUDP&sock=startd_40439_5e70>
...
001 (330165.002.000) 2023-07-25 12:45:07 Job executing on host: <172.30.1.201:9618?addrs=172.30.1.201-9618&alias=node1&noUDP&sock=startd_40439_5e70>
...
001 (330165.003.000) 2023-07-25 12:45:07 Job executing on host: <172.30.1.201:9618?addrs=172.30.1.201-9618&alias=node1&noUDP&sock=startd_40439_5e70>
...
001 (330165.004.000) 2023-07-25 12:45:07 Job executing on host: <172.30.1.201:9618?addrs=172.30.1.201-9618&alias=node1&noUDP&sock=startd_40439_5e70>
...
001 (330165.005.000) 2023-07-25 12:45:07 Job executing on host: <172.30.1.201:9618?addrs=172.30.1.201-9618&alias=node1&noUDP&sock=startd_40439_5e70>
...
001 (330165.006.000) 2023-07-25 12:45:07 Job executing on host: <172.30.1.201:9618?addrs=172.30.1.201-9618&alias=node1&noUDP&sock=startd_40439_5e70>
...
001 (330165.007.000) 2023-07-25 12:45:07 Job executing on host: <172.30.1.201:9618?addrs=172.30.1.201-9618&alias=node1&noUDP&sock=startd_40439_5e70>
...
001 (330165.008.000) 2023-07-25 12:45:07 Job executing on host: <172.30.1.201:9618?addrs=172.30.1.201-9618&alias=node1&noUDP&sock=startd_40439_5e70>
...
001 (330165.009.000) 2023-07-25 12:45:07 Job executing on host: <172.30.1.201:9618?addrs=172.30.1.201-9618&alias=node1&noUDP&sock=startd_40439_5e70>
...
006 (330165.001.000) 2023-07-25 12:45:15 Image size of job updated: 394724
	207  -  MemoryUsage of job (MB)
	210972  -  ResidentSetSize of job (KB)
...
006 (330165.002.000) 2023-07-25 12:45:15 Image size of job updated: 391844
	183  -  MemoryUsage of job (MB)
	186772  -  ResidentSetSize of job (KB)
...
006 (330165.003.000) 2023-07-25 12:45:15 Image size of job updated: 385952
	183  -  MemoryUsage of job (MB)
	186764  -  ResidentSetSize of job (KB)
...
006 (330165.004.000) 2023-07-25 12:45:15 Image size of job updated: 375776
	185  -  MemoryUsage of job (MB)
	188832  -  ResidentSetSize of job (KB)
...
006 (330165.005.000) 2023-07-25 12:45:15 Image size of job updated: 208716
	183  -  MemoryUsage of job (MB)
	186800  -  ResidentSetSize of job (KB)
...
006 (330165.006.000) 2023-07-25 12:45:15 Image size of job updated: 190636
	187  -  MemoryUsage of job (MB)
	190636  -  ResidentSetSize of job (KB)
...
006 (330165.000.000) 2023-07-25 12:45:15 Image size of job updated: 396256
	207  -  MemoryUsage of job (MB)
	211000  -  ResidentSetSize of job (KB)
...
006 (330165.007.000) 2023-07-25 12:45:16 Image size of job updated: 202332
	198  -  MemoryUsage of job (MB)
	202332  -  ResidentSetSize of job (KB)
...
006 (330165.008.000) 2023-07-25 12:45:16 Image size of job updated: 186932
	183  -  MemoryUsage of job (MB)
	186932  -  ResidentSetSize of job (KB)
...
006 (330165.009.000) 2023-07-25 12:45:16 Image size of job updated: 186716
	183  -  MemoryUsage of job (MB)
	186716  -  ResidentSetSize of job (KB)
...
006 (330165.005.000) 2023-07-25 12:45:26 Image size of job updated: 688356
	183  -  MemoryUsage of job (MB)
	186800  -  ResidentSetSize of job (KB)
...
005 (330165.005.000) 2023-07-25 12:45:26 Job terminated.
	(1) Normal termination (return value 0)
		Usr 0 00:00:17, Sys 0 00:00:00  -  Run Remote Usage
		Usr 0 00:00:00, Sys 0 00:00:00  -  Run Local Usage
		Usr 0 00:00:17, Sys 0 00:00:00  -  Total Remote Usage
		Usr 0 00:00:00, Sys 0 00:00:00  -  Total Local Usage
	0  -  Run Bytes Sent By Job
	0  -  Run Bytes Received By Job
	0  -  Total Bytes Sent By Job
	0  -  Total Bytes Received By Job
	Partitionable Resources :    Usage  Request Allocated 
	   Cpus                 :                 1         1 
	   Disk (KB)            :        1        1    128947 
	   Memory (MB)          :      183     3900      3968 

	Job terminated of its own accord at 2023-07-25T03:45:26Z.
...
006 (330165.001.000) 2023-07-25 12:45:26 Image size of job updated: 688500
	207  -  MemoryUsage of job (MB)
	210972  -  ResidentSetSize of job (KB)
...
005 (330165.001.000) 2023-07-25 12:45:26 Job terminated.
	(1) Normal termination (return value 0)
		Usr 0 00:00:18, Sys 0 00:00:01  -  Run Remote Usage
		Usr 0 00:00:00, Sys 0 00:00:00  -  Run Local Usage
		Usr 0 00:00:18, Sys 0 00:00:01  -  Total Remote Usage
		Usr 0 00:00:00, Sys 0 00:00:00  -  Total Local Usage
	0  -  Run Bytes Sent By Job
	0  -  Run Bytes Received By Job
	0  -  Total Bytes Sent By Job
	0  -  Total Bytes Received By Job
	Partitionable Resources :    Usage  Request Allocated 
	   Cpus                 :                 1         1 
	   Disk (KB)            :        1        1    128947 
	   Memory (MB)          :      207     3900      3968 

	Job terminated of its own accord at 2023-07-25T03:45:26Z.
...
006 (330165.008.000) 2023-07-25 12:45:28 Image size of job updated: 686692
	183  -  MemoryUsage of job (MB)
	186932  -  ResidentSetSize of job (KB)
...
005 (330165.008.000) 2023-07-25 12:45:28 Job terminated.
	(1) Normal termination (return value 0)
		Usr 0 00:00:19, Sys 0 00:00:00  -  Run Remote Usage
		Usr 0 00:00:00, Sys 0 00:00:00  -  Run Local Usage
		Usr 0 00:00:19, Sys 0 00:00:00  -  Total Remote Usage
		Usr 0 00:00:00, Sys 0 00:00:00  -  Total Local Usage
	0  -  Run Bytes Sent By Job
	0  -  Run Bytes Received By Job
	0  -  Total Bytes Sent By Job
	0  -  Total Bytes Received By Job
	Partitionable Resources :    Usage  Request Allocated 
	   Cpus                 :                 1         1 
	   Disk (KB)            :        1        1    128947 
	   Memory (MB)          :      183     3900      3968 

	Job terminated of its own accord at 2023-07-25T03:45:28Z.
...
006 (330165.006.000) 2023-07-25 12:45:28 Image size of job updated: 687568
	187  -  MemoryUsage of job (MB)
	190808  -  ResidentSetSize of job (KB)
...
005 (330165.006.000) 2023-07-25 12:45:29 Job terminated.
	(1) Normal termination (return value 0)
		Usr 0 00:00:19, Sys 0 00:00:01  -  Run Remote Usage
		Usr 0 00:00:00, Sys 0 00:00:00  -  Run Local Usage
		Usr 0 00:00:19, Sys 0 00:00:01  -  Total Remote Usage
		Usr 0 00:00:00, Sys 0 00:00:00  -  Total Local Usage
	0  -  Run Bytes Sent By Job
	0  -  Run Bytes Received By Job
	0  -  Total Bytes Sent By Job
	0  -  Total Bytes Received By Job
	Partitionable Resources :    Usage  Request Allocated 
	   Cpus                 :                 1         1 
	   Disk (KB)            :        1        1    128947 
	   Memory (MB)          :      187     3900      3968 

	Job terminated of its own accord at 2023-07-25T03:45:28Z.
...
006 (330165.000.000) 2023-07-25 12:45:29 Image size of job updated: 688408
	207  -  MemoryUsage of job (MB)
	211000  -  ResidentSetSize of job (KB)
...
005 (330165.000.000) 2023-07-25 12:45:29 Job terminated.
	(1) Normal termination (return value 0)
		Usr 0 00:00:21, Sys 0 00:00:01  -  Run Remote Usage
		Usr 0 00:00:00, Sys 0 00:00:00  -  Run Local Usage
		Usr 0 00:00:21, Sys 0 00:00:01  -  Total Remote Usage
		Usr 0 00:00:00, Sys 0 00:00:00  -  Total Local Usage
	0  -  Run Bytes Sent By Job
	0  -  Run Bytes Received By Job
	0  -  Total Bytes Sent By Job
	0  -  Total Bytes Received By Job
	Partitionable Resources :    Usage  Request Allocated 
	   Cpus                 :                 1         1 
	   Disk (KB)            :        1        1    128947 
	   Memory (MB)          :      207     3900      3968 

	Job terminated of its own accord at 2023-07-25T03:45:29Z.
...
006 (330165.007.000) 2023-07-25 12:45:30 Image size of job updated: 688372
	198  -  MemoryUsage of job (MB)
	202348  -  ResidentSetSize of job (KB)
...
005 (330165.007.000) 2023-07-25 12:45:30 Job terminated.
	(1) Normal termination (return value 0)
		Usr 0 00:00:20, Sys 0 00:00:00  -  Run Remote Usage
		Usr 0 00:00:00, Sys 0 00:00:00  -  Run Local Usage
		Usr 0 00:00:20, Sys 0 00:00:00  -  Total Remote Usage
		Usr 0 00:00:00, Sys 0 00:00:00  -  Total Local Usage
	0  -  Run Bytes Sent By Job
	0  -  Run Bytes Received By Job
	0  -  Total Bytes Sent By Job
	0  -  Total Bytes Received By Job
	Partitionable Resources :    Usage  Request Allocated 
	   Cpus                 :                 1         1 
	   Disk (KB)            :        1        1    128947 
	   Memory (MB)          :      198     3900      3968 

	Job terminated of its own accord at 2023-07-25T03:45:30Z.
...
006 (330165.002.000) 2023-07-25 12:45:34 Image size of job updated: 687640
	183  -  MemoryUsage of job (MB)
	186772  -  ResidentSetSize of job (KB)
...
006 (330165.003.000) 2023-07-25 12:45:34 Image size of job updated: 686564
	183  -  MemoryUsage of job (MB)
	186764  -  ResidentSetSize of job (KB)
...
006 (330165.004.000) 2023-07-25 12:45:34 Image size of job updated: 686804
	185  -  MemoryUsage of job (MB)
	188832  -  ResidentSetSize of job (KB)
...
005 (330165.002.000) 2023-07-25 12:45:34 Job terminated.
	(1) Normal termination (return value 0)
		Usr 0 00:00:22, Sys 0 00:00:01  -  Run Remote Usage
		Usr 0 00:00:00, Sys 0 00:00:00  -  Run Local Usage
		Usr 0 00:00:22, Sys 0 00:00:01  -  Total Remote Usage
		Usr 0 00:00:00, Sys 0 00:00:00  -  Total Local Usage
	0  -  Run Bytes Sent By Job
	0  -  Run Bytes Received By Job
	0  -  Total Bytes Sent By Job
	0  -  Total Bytes Received By Job
	Partitionable Resources :    Usage  Request Allocated 
	   Cpus                 :                 1         1 
	   Disk (KB)            :        1        1    128947 
	   Memory (MB)          :      183     3900      3968 

	Job terminated of its own accord at 2023-07-25T03:45:34Z.
...
005 (330165.003.000) 2023-07-25 12:45:34 Job terminated.
	(1) Normal termination (return value 0)
		Usr 0 00:00:22, Sys 0 00:00:00  -  Run Remote Usage
		Usr 0 00:00:00, Sys 0 00:00:00  -  Run Local Usage
		Usr 0 00:00:22, Sys 0 00:00:00  -  Total Remote Usage
		Usr 0 00:00:00, Sys 0 00:00:00  -  Total Local Usage
	0  -  Run Bytes Sent By Job
	0  -  Run Bytes Received By Job
	0  -  Total Bytes Sent By Job
	0  -  Total Bytes Received By Job
	Partitionable Resources :    Usage  Request Allocated 
	   Cpus                 :                 1         1 
	   Disk (KB)            :        1        1    128947 
	   Memory (MB)          :      183     3900      3968 

	Job terminated of its own accord at 2023-07-25T03:45:34Z.
...
005 (330165.004.000) 2023-07-25 12:45:34 Job terminated.
	(1) Normal termination (return value 0)
		Usr 0 00:00:22, Sys 0 00:00:01  -  Run Remote Usage
		Usr 0 00:00:00, Sys 0 00:00:00  -  Run Local Usage
		Usr 0 00:00:22, Sys 0 00:00:01  -  Total Remote Usage
		Usr 0 00:00:00, Sys 0 00:00:00  -  Total Local Usage
	0  -  Run Bytes Sent By Job
	0  -  Run Bytes Received By Job
	0  -  Total Bytes Sent By Job
	0  -  Total Bytes Received By Job
	Partitionable Resources :    Usage  Request Allocated 
	   Cpus                 :                 1         1 
	   Disk (KB)            :        1        1    128947 
	   Memory (MB)          :      185     3900      3968 

	Job terminated of its own accord at 2023-07-25T03:45:34Z.
...
006 (330165.009.000) 2023-07-25 12:45:35 Image size of job updated: 686672
	183  -  MemoryUsage of job (MB)
	186716  -  ResidentSetSize of job (KB)
...
005 (330165.009.000) 2023-07-25 12:45:35 Job terminated.
	(1) Normal termination (return value 0)
		Usr 0 00:00:24, Sys 0 00:00:00  -  Run Remote Usage
		Usr 0 00:00:00, Sys 0 00:00:00  -  Run Local Usage
		Usr 0 00:00:24, Sys 0 00:00:00  -  Total Remote Usage
		Usr 0 00:00:00, Sys 0 00:00:00  -  Total Local Usage
	0  -  Run Bytes Sent By Job
	0  -  Run Bytes Received By Job
	0  -  Total Bytes Sent By Job
	0  -  Total Bytes Received By Job
	Partitionable Resources :    Usage  Request Allocated 
	   Cpus                 :                 1         1 
	   Disk (KB)            :        1        1    128947 
	   Memory (MB)          :      183     3900      3968 

	Job terminated of its own accord at 2023-07-25T03:45:35Z.
...
