000 (310130.000.000) 2023-06-09 15:23:05 Job submitted from host: <172.30.1.200:9618?addrs=172.30.1.200-9618&alias=tamsa2.snu.ac.kr&noUDP&sock=schedd_3510_2582>
...
000 (310130.001.000) 2023-06-09 15:23:05 Job submitted from host: <172.30.1.200:9618?addrs=172.30.1.200-9618&alias=tamsa2.snu.ac.kr&noUDP&sock=schedd_3510_2582>
...
000 (310130.002.000) 2023-06-09 15:23:05 Job submitted from host: <172.30.1.200:9618?addrs=172.30.1.200-9618&alias=tamsa2.snu.ac.kr&noUDP&sock=schedd_3510_2582>
...
000 (310130.003.000) 2023-06-09 15:23:05 Job submitted from host: <172.30.1.200:9618?addrs=172.30.1.200-9618&alias=tamsa2.snu.ac.kr&noUDP&sock=schedd_3510_2582>
...
000 (310130.004.000) 2023-06-09 15:23:05 Job submitted from host: <172.30.1.200:9618?addrs=172.30.1.200-9618&alias=tamsa2.snu.ac.kr&noUDP&sock=schedd_3510_2582>
...
000 (310130.005.000) 2023-06-09 15:23:05 Job submitted from host: <172.30.1.200:9618?addrs=172.30.1.200-9618&alias=tamsa2.snu.ac.kr&noUDP&sock=schedd_3510_2582>
...
000 (310130.006.000) 2023-06-09 15:23:05 Job submitted from host: <172.30.1.200:9618?addrs=172.30.1.200-9618&alias=tamsa2.snu.ac.kr&noUDP&sock=schedd_3510_2582>
...
000 (310130.007.000) 2023-06-09 15:23:05 Job submitted from host: <172.30.1.200:9618?addrs=172.30.1.200-9618&alias=tamsa2.snu.ac.kr&noUDP&sock=schedd_3510_2582>
...
000 (310130.008.000) 2023-06-09 15:23:05 Job submitted from host: <172.30.1.200:9618?addrs=172.30.1.200-9618&alias=tamsa2.snu.ac.kr&noUDP&sock=schedd_3510_2582>
...
000 (310130.009.000) 2023-06-09 15:23:05 Job submitted from host: <172.30.1.200:9618?addrs=172.30.1.200-9618&alias=tamsa2.snu.ac.kr&noUDP&sock=schedd_3510_2582>
...
001 (310130.000.000) 2023-06-09 15:23:17 Job executing on host: <172.30.1.204:9618?addrs=172.30.1.204-9618&alias=node4&noUDP&sock=startd_3843_8e8c>
...
001 (310130.004.000) 2023-06-09 15:23:17 Job executing on host: <172.30.1.201:9618?addrs=172.30.1.201-9618&alias=node1&noUDP&sock=startd_4675_3d58>
...
001 (310130.001.000) 2023-06-09 15:23:17 Job executing on host: <172.30.1.204:9618?addrs=172.30.1.204-9618&alias=node4&noUDP&sock=startd_3843_8e8c>
...
001 (310130.006.000) 2023-06-09 15:23:18 Job executing on host: <172.30.1.201:9618?addrs=172.30.1.201-9618&alias=node1&noUDP&sock=startd_4675_3d58>
...
001 (310130.003.000) 2023-06-09 15:23:18 Job executing on host: <172.30.1.204:9618?addrs=172.30.1.204-9618&alias=node4&noUDP&sock=startd_3843_8e8c>
...
001 (310130.007.000) 2023-06-09 15:23:18 Job executing on host: <172.30.1.201:9618?addrs=172.30.1.201-9618&alias=node1&noUDP&sock=startd_4675_3d58>
...
001 (310130.002.000) 2023-06-09 15:23:18 Job executing on host: <172.30.1.204:9618?addrs=172.30.1.204-9618&alias=node4&noUDP&sock=startd_3843_8e8c>
...
001 (310130.008.000) 2023-06-09 15:23:18 Job executing on host: <172.30.1.201:9618?addrs=172.30.1.201-9618&alias=node1&noUDP&sock=startd_4675_3d58>
...
001 (310130.005.000) 2023-06-09 15:23:18 Job executing on host: <172.30.1.201:9618?addrs=172.30.1.201-9618&alias=node1&noUDP&sock=startd_4675_3d58>
...
001 (310130.009.000) 2023-06-09 15:23:18 Job executing on host: <172.30.1.201:9618?addrs=172.30.1.201-9618&alias=node1&noUDP&sock=startd_4675_3d58>
...
006 (310130.001.000) 2023-06-09 15:23:26 Image size of job updated: 168640
	165  -  MemoryUsage of job (MB)
	168640  -  ResidentSetSize of job (KB)
...
006 (310130.006.000) 2023-06-09 15:23:26 Image size of job updated: 604728
	183  -  MemoryUsage of job (MB)
	186468  -  ResidentSetSize of job (KB)
...
006 (310130.007.000) 2023-06-09 15:23:26 Image size of job updated: 605468
	183  -  MemoryUsage of job (MB)
	186392  -  ResidentSetSize of job (KB)
...
006 (310130.003.000) 2023-06-09 15:23:26 Image size of job updated: 624068
	168  -  MemoryUsage of job (MB)
	171908  -  ResidentSetSize of job (KB)
...
006 (310130.002.000) 2023-06-09 15:23:26 Image size of job updated: 624068
	170  -  MemoryUsage of job (MB)
	173796  -  ResidentSetSize of job (KB)
...
006 (310130.008.000) 2023-06-09 15:23:26 Image size of job updated: 605468
	183  -  MemoryUsage of job (MB)
	186388  -  ResidentSetSize of job (KB)
...
006 (310130.005.000) 2023-06-09 15:23:26 Image size of job updated: 605468
	183  -  MemoryUsage of job (MB)
	186428  -  ResidentSetSize of job (KB)
...
006 (310130.009.000) 2023-06-09 15:23:26 Image size of job updated: 604736
	187  -  MemoryUsage of job (MB)
	190892  -  ResidentSetSize of job (KB)
...
006 (310130.000.000) 2023-06-09 15:23:26 Image size of job updated: 624064
	175  -  MemoryUsage of job (MB)
	178532  -  ResidentSetSize of job (KB)
...
006 (310130.004.000) 2023-06-09 15:23:26 Image size of job updated: 604736
	183  -  MemoryUsage of job (MB)
	186508  -  ResidentSetSize of job (KB)
...
006 (310130.006.000) 2023-06-09 15:23:35 Image size of job updated: 685000
	183  -  MemoryUsage of job (MB)
	186468  -  ResidentSetSize of job (KB)
...
005 (310130.006.000) 2023-06-09 15:23:35 Job terminated.
	(1) Normal termination (return value 0)
		Usr 0 00:00:13, Sys 0 00:00:01  -  Run Remote Usage
		Usr 0 00:00:00, Sys 0 00:00:00  -  Run Local Usage
		Usr 0 00:00:13, Sys 0 00:00:01  -  Total Remote Usage
		Usr 0 00:00:00, Sys 0 00:00:00  -  Total Local Usage
	0  -  Run Bytes Sent By Job
	0  -  Run Bytes Received By Job
	0  -  Total Bytes Sent By Job
	0  -  Total Bytes Received By Job
	Partitionable Resources :    Usage  Request Allocated 
	   Cpus                 :                 1         1 
	   Disk (KB)            :        1        1    128992 
	   Memory (MB)          :      183     3900      3968 

	Job terminated of its own accord at 2023-06-09T06:23:35Z.
...
006 (310130.005.000) 2023-06-09 15:23:36 Image size of job updated: 685020
	183  -  MemoryUsage of job (MB)
	186428  -  ResidentSetSize of job (KB)
...
005 (310130.005.000) 2023-06-09 15:23:36 Job terminated.
	(1) Normal termination (return value 0)
		Usr 0 00:00:13, Sys 0 00:00:01  -  Run Remote Usage
		Usr 0 00:00:00, Sys 0 00:00:00  -  Run Local Usage
		Usr 0 00:00:13, Sys 0 00:00:01  -  Total Remote Usage
		Usr 0 00:00:00, Sys 0 00:00:00  -  Total Local Usage
	0  -  Run Bytes Sent By Job
	0  -  Run Bytes Received By Job
	0  -  Total Bytes Sent By Job
	0  -  Total Bytes Received By Job
	Partitionable Resources :    Usage  Request Allocated 
	   Cpus                 :                 1         1 
	   Disk (KB)            :        1        1    128992 
	   Memory (MB)          :      183     3900      3968 

	Job terminated of its own accord at 2023-06-09T06:23:36Z.
...
006 (310130.004.000) 2023-06-09 15:23:37 Image size of job updated: 686752
	183  -  MemoryUsage of job (MB)
	186508  -  ResidentSetSize of job (KB)
...
005 (310130.004.000) 2023-06-09 15:23:37 Job terminated.
	(1) Normal termination (return value 0)
		Usr 0 00:00:15, Sys 0 00:00:01  -  Run Remote Usage
		Usr 0 00:00:00, Sys 0 00:00:00  -  Run Local Usage
		Usr 0 00:00:15, Sys 0 00:00:01  -  Total Remote Usage
		Usr 0 00:00:00, Sys 0 00:00:00  -  Total Local Usage
	0  -  Run Bytes Sent By Job
	0  -  Run Bytes Received By Job
	0  -  Total Bytes Sent By Job
	0  -  Total Bytes Received By Job
	Partitionable Resources :    Usage  Request Allocated 
	   Cpus                 :                 1         1 
	   Disk (KB)            :        1        1    128992 
	   Memory (MB)          :      183     3900      3968 

	Job terminated of its own accord at 2023-06-09T06:23:37Z.
...
006 (310130.008.000) 2023-06-09 15:23:37 Image size of job updated: 685152
	183  -  MemoryUsage of job (MB)
	186396  -  ResidentSetSize of job (KB)
...
005 (310130.008.000) 2023-06-09 15:23:37 Job terminated.
	(1) Normal termination (return value 0)
		Usr 0 00:00:16, Sys 0 00:00:01  -  Run Remote Usage
		Usr 0 00:00:00, Sys 0 00:00:00  -  Run Local Usage
		Usr 0 00:00:16, Sys 0 00:00:01  -  Total Remote Usage
		Usr 0 00:00:00, Sys 0 00:00:00  -  Total Local Usage
	0  -  Run Bytes Sent By Job
	0  -  Run Bytes Received By Job
	0  -  Total Bytes Sent By Job
	0  -  Total Bytes Received By Job
	Partitionable Resources :    Usage  Request Allocated 
	   Cpus                 :                 1         1 
	   Disk (KB)            :        1        1    128992 
	   Memory (MB)          :      183     3900      3968 

	Job terminated of its own accord at 2023-06-09T06:23:37Z.
...
006 (310130.009.000) 2023-06-09 15:23:38 Image size of job updated: 693952
	187  -  MemoryUsage of job (MB)
	190964  -  ResidentSetSize of job (KB)
...
005 (310130.009.000) 2023-06-09 15:23:38 Job terminated.
	(1) Normal termination (return value 0)
		Usr 0 00:00:15, Sys 0 00:00:01  -  Run Remote Usage
		Usr 0 00:00:00, Sys 0 00:00:00  -  Run Local Usage
		Usr 0 00:00:15, Sys 0 00:00:01  -  Total Remote Usage
		Usr 0 00:00:00, Sys 0 00:00:00  -  Total Local Usage
	0  -  Run Bytes Sent By Job
	0  -  Run Bytes Received By Job
	0  -  Total Bytes Sent By Job
	0  -  Total Bytes Received By Job
	Partitionable Resources :    Usage  Request Allocated 
	   Cpus                 :                 1         1 
	   Disk (KB)            :        1        1    128992 
	   Memory (MB)          :      187     3900      3968 

	Job terminated of its own accord at 2023-06-09T06:23:38Z.
...
006 (310130.007.000) 2023-06-09 15:23:40 Image size of job updated: 684924
	183  -  MemoryUsage of job (MB)
	186392  -  ResidentSetSize of job (KB)
...
005 (310130.007.000) 2023-06-09 15:23:40 Job terminated.
	(1) Normal termination (return value 0)
		Usr 0 00:00:18, Sys 0 00:00:01  -  Run Remote Usage
		Usr 0 00:00:00, Sys 0 00:00:00  -  Run Local Usage
		Usr 0 00:00:18, Sys 0 00:00:01  -  Total Remote Usage
		Usr 0 00:00:00, Sys 0 00:00:00  -  Total Local Usage
	0  -  Run Bytes Sent By Job
	0  -  Run Bytes Received By Job
	0  -  Total Bytes Sent By Job
	0  -  Total Bytes Received By Job
	Partitionable Resources :    Usage  Request Allocated 
	   Cpus                 :                 1         1 
	   Disk (KB)            :        1        1    128992 
	   Memory (MB)          :      183     3900      3968 

	Job terminated of its own accord at 2023-06-09T06:23:40Z.
...
005 (310130.003.000) 2023-06-09 15:23:41 Job terminated.
	(1) Normal termination (return value 0)
		Usr 0 00:00:14, Sys 0 00:00:01  -  Run Remote Usage
		Usr 0 00:00:00, Sys 0 00:00:00  -  Run Local Usage
		Usr 0 00:00:14, Sys 0 00:00:01  -  Total Remote Usage
		Usr 0 00:00:00, Sys 0 00:00:00  -  Total Local Usage
	0  -  Run Bytes Sent By Job
	0  -  Run Bytes Received By Job
	0  -  Total Bytes Sent By Job
	0  -  Total Bytes Received By Job
	Partitionable Resources :    Usage  Request Allocated 
	   Cpus                 :                 1         1 
	   Disk (KB)            :        1        1    128928 
	   Memory (MB)          :      168     3900      3968 

	Job terminated of its own accord at 2023-06-09T06:23:41Z.
...
006 (310130.002.000) 2023-06-09 15:23:42 Image size of job updated: 694776
	171  -  MemoryUsage of job (MB)
	174212  -  ResidentSetSize of job (KB)
...
005 (310130.002.000) 2023-06-09 15:23:42 Job terminated.
	(1) Normal termination (return value 0)
		Usr 0 00:00:16, Sys 0 00:00:01  -  Run Remote Usage
		Usr 0 00:00:00, Sys 0 00:00:00  -  Run Local Usage
		Usr 0 00:00:16, Sys 0 00:00:01  -  Total Remote Usage
		Usr 0 00:00:00, Sys 0 00:00:00  -  Total Local Usage
	0  -  Run Bytes Sent By Job
	0  -  Run Bytes Received By Job
	0  -  Total Bytes Sent By Job
	0  -  Total Bytes Received By Job
	Partitionable Resources :    Usage  Request Allocated 
	   Cpus                 :                 1         1 
	   Disk (KB)            :        1        1    128928 
	   Memory (MB)          :      171     3900      3968 

	Job terminated of its own accord at 2023-06-09T06:23:42Z.
...
006 (310130.000.000) 2023-06-09 15:23:43 Image size of job updated: 685188
	175  -  MemoryUsage of job (MB)
	178532  -  ResidentSetSize of job (KB)
...
005 (310130.000.000) 2023-06-09 15:23:43 Job terminated.
	(1) Normal termination (return value 0)
		Usr 0 00:00:17, Sys 0 00:00:01  -  Run Remote Usage
		Usr 0 00:00:00, Sys 0 00:00:00  -  Run Local Usage
		Usr 0 00:00:17, Sys 0 00:00:01  -  Total Remote Usage
		Usr 0 00:00:00, Sys 0 00:00:00  -  Total Local Usage
	0  -  Run Bytes Sent By Job
	0  -  Run Bytes Received By Job
	0  -  Total Bytes Sent By Job
	0  -  Total Bytes Received By Job
	Partitionable Resources :    Usage  Request Allocated 
	   Cpus                 :                 1         1 
	   Disk (KB)            :        1        1    128928 
	   Memory (MB)          :      175     3900      3968 

	Job terminated of its own accord at 2023-06-09T06:23:43Z.
...
006 (310130.001.000) 2023-06-09 15:23:43 Image size of job updated: 685184
	167  -  MemoryUsage of job (MB)
	170372  -  ResidentSetSize of job (KB)
...
005 (310130.001.000) 2023-06-09 15:23:43 Job terminated.
	(1) Normal termination (return value 0)
		Usr 0 00:00:17, Sys 0 00:00:01  -  Run Remote Usage
		Usr 0 00:00:00, Sys 0 00:00:00  -  Run Local Usage
		Usr 0 00:00:17, Sys 0 00:00:01  -  Total Remote Usage
		Usr 0 00:00:00, Sys 0 00:00:00  -  Total Local Usage
	0  -  Run Bytes Sent By Job
	0  -  Run Bytes Received By Job
	0  -  Total Bytes Sent By Job
	0  -  Total Bytes Received By Job
	Partitionable Resources :    Usage  Request Allocated 
	   Cpus                 :                 1         1 
	   Disk (KB)            :        1        1    128928 
	   Memory (MB)          :      167     3900      3968 

	Job terminated of its own accord at 2023-06-09T06:23:43Z.
...
