000 (311103.000.000) 2023-06-12 18:55:12 Job submitted from host: <172.30.1.200:9618?addrs=172.30.1.200-9618&alias=tamsa2.snu.ac.kr&noUDP&sock=schedd_3510_2582>
...
000 (311103.001.000) 2023-06-12 18:55:12 Job submitted from host: <172.30.1.200:9618?addrs=172.30.1.200-9618&alias=tamsa2.snu.ac.kr&noUDP&sock=schedd_3510_2582>
...
000 (311103.002.000) 2023-06-12 18:55:12 Job submitted from host: <172.30.1.200:9618?addrs=172.30.1.200-9618&alias=tamsa2.snu.ac.kr&noUDP&sock=schedd_3510_2582>
...
000 (311103.003.000) 2023-06-12 18:55:12 Job submitted from host: <172.30.1.200:9618?addrs=172.30.1.200-9618&alias=tamsa2.snu.ac.kr&noUDP&sock=schedd_3510_2582>
...
000 (311103.004.000) 2023-06-12 18:55:12 Job submitted from host: <172.30.1.200:9618?addrs=172.30.1.200-9618&alias=tamsa2.snu.ac.kr&noUDP&sock=schedd_3510_2582>
...
000 (311103.005.000) 2023-06-12 18:55:12 Job submitted from host: <172.30.1.200:9618?addrs=172.30.1.200-9618&alias=tamsa2.snu.ac.kr&noUDP&sock=schedd_3510_2582>
...
000 (311103.006.000) 2023-06-12 18:55:12 Job submitted from host: <172.30.1.200:9618?addrs=172.30.1.200-9618&alias=tamsa2.snu.ac.kr&noUDP&sock=schedd_3510_2582>
...
000 (311103.007.000) 2023-06-12 18:55:12 Job submitted from host: <172.30.1.200:9618?addrs=172.30.1.200-9618&alias=tamsa2.snu.ac.kr&noUDP&sock=schedd_3510_2582>
...
000 (311103.008.000) 2023-06-12 18:55:12 Job submitted from host: <172.30.1.200:9618?addrs=172.30.1.200-9618&alias=tamsa2.snu.ac.kr&noUDP&sock=schedd_3510_2582>
...
000 (311103.009.000) 2023-06-12 18:55:12 Job submitted from host: <172.30.1.200:9618?addrs=172.30.1.200-9618&alias=tamsa2.snu.ac.kr&noUDP&sock=schedd_3510_2582>
...
040 (311103.000.000) 2023-06-12 18:56:19 Started transferring input files
	Transferring to host: <172.30.1.111:9618?addrs=172.30.1.111-9618&alias=n11&noUDP&sock=slot1_15_4451_e1ce_13206>
...
040 (311103.000.000) 2023-06-12 18:56:19 Finished transferring input files
...
040 (311103.002.000) 2023-06-12 18:56:19 Started transferring input files
	Transferring to host: <172.30.1.111:9618?addrs=172.30.1.111-9618&alias=n11&noUDP&sock=slot1_31_4451_e1ce_13207>
...
040 (311103.002.000) 2023-06-12 18:56:19 Finished transferring input files
...
040 (311103.001.000) 2023-06-12 18:56:19 Started transferring input files
	Transferring to host: <172.30.1.111:9618?addrs=172.30.1.111-9618&alias=n11&noUDP&sock=slot1_25_4451_e1ce_13208>
...
040 (311103.001.000) 2023-06-12 18:56:19 Finished transferring input files
...
040 (311103.003.000) 2023-06-12 18:56:19 Started transferring input files
	Transferring to host: <172.30.1.111:9618?addrs=172.30.1.111-9618&alias=n11&noUDP&sock=slot1_36_4451_e1ce_13209>
...
040 (311103.003.000) 2023-06-12 18:56:19 Finished transferring input files
...
001 (311103.000.000) 2023-06-12 18:56:20 Job executing on host: <172.30.1.111:9618?addrs=172.30.1.111-9618&alias=n11&noUDP&sock=startd_4417_45e8>
...
001 (311103.002.000) 2023-06-12 18:56:20 Job executing on host: <172.30.1.111:9618?addrs=172.30.1.111-9618&alias=n11&noUDP&sock=startd_4417_45e8>
...
001 (311103.001.000) 2023-06-12 18:56:20 Job executing on host: <172.30.1.111:9618?addrs=172.30.1.111-9618&alias=n11&noUDP&sock=startd_4417_45e8>
...
001 (311103.003.000) 2023-06-12 18:56:20 Job executing on host: <172.30.1.111:9618?addrs=172.30.1.111-9618&alias=n11&noUDP&sock=startd_4417_45e8>
...
006 (311103.000.000) 2023-06-12 18:56:28 Image size of job updated: 189204
	182  -  MemoryUsage of job (MB)
	185376  -  ResidentSetSize of job (KB)
...
006 (311103.002.000) 2023-06-12 18:56:28 Image size of job updated: 186876
	181  -  MemoryUsage of job (MB)
	185328  -  ResidentSetSize of job (KB)
...
006 (311103.001.000) 2023-06-12 18:56:29 Image size of job updated: 190364
	184  -  MemoryUsage of job (MB)
	188012  -  ResidentSetSize of job (KB)
...
006 (311103.003.000) 2023-06-12 18:56:29 Image size of job updated: 190232
	184  -  MemoryUsage of job (MB)
	187988  -  ResidentSetSize of job (KB)
...
040 (311103.001.000) 2023-06-12 18:56:33 Started transferring output files
...
040 (311103.001.000) 2023-06-12 18:56:33 Finished transferring output files
...
005 (311103.001.000) 2023-06-12 18:56:33 Job terminated.
	(1) Normal termination (return value 0)
		Usr 0 00:00:09, Sys 0 00:00:01  -  Run Remote Usage
		Usr 0 00:00:00, Sys 0 00:00:00  -  Run Local Usage
		Usr 0 00:00:09, Sys 0 00:00:01  -  Total Remote Usage
		Usr 0 00:00:00, Sys 0 00:00:00  -  Total Local Usage
	6917  -  Run Bytes Sent By Job
	149  -  Run Bytes Received By Job
	6917  -  Total Bytes Sent By Job
	149  -  Total Bytes Received By Job
	Partitionable Resources :    Usage  Request Allocated 
	   Cpus                 :                 1         1 
	   Disk (KB)            :       52        1    127802 
	   GPUs                 :                           0 
	   Memory (MB)          :      184     3900      3968 

	Job terminated of its own accord at 2023-06-12T09:56:33Z.
...
006 (311103.003.000) 2023-06-12 18:56:33 Image size of job updated: 610276
	184  -  MemoryUsage of job (MB)
	187988  -  ResidentSetSize of job (KB)
...
006 (311103.000.000) 2023-06-12 18:56:33 Image size of job updated: 612348
	182  -  MemoryUsage of job (MB)
	185376  -  ResidentSetSize of job (KB)
...
040 (311103.003.000) 2023-06-12 18:56:33 Started transferring output files
...
040 (311103.003.000) 2023-06-12 18:56:33 Finished transferring output files
...
005 (311103.003.000) 2023-06-12 18:56:33 Job terminated.
	(1) Normal termination (return value 0)
		Usr 0 00:00:10, Sys 0 00:00:01  -  Run Remote Usage
		Usr 0 00:00:00, Sys 0 00:00:00  -  Run Local Usage
		Usr 0 00:00:10, Sys 0 00:00:01  -  Total Remote Usage
		Usr 0 00:00:00, Sys 0 00:00:00  -  Total Local Usage
	6916  -  Run Bytes Sent By Job
	149  -  Run Bytes Received By Job
	6916  -  Total Bytes Sent By Job
	149  -  Total Bytes Received By Job
	Partitionable Resources :    Usage  Request Allocated 
	   Cpus                 :                 1         1 
	   Disk (KB)            :       52        1    127802 
	   GPUs                 :                           0 
	   Memory (MB)          :      184     3900      3968 

	Job terminated of its own accord at 2023-06-12T09:56:33Z.
...
040 (311103.000.000) 2023-06-12 18:56:34 Started transferring output files
...
040 (311103.000.000) 2023-06-12 18:56:34 Finished transferring output files
...
005 (311103.000.000) 2023-06-12 18:56:34 Job terminated.
	(1) Normal termination (return value 0)
		Usr 0 00:00:10, Sys 0 00:00:01  -  Run Remote Usage
		Usr 0 00:00:00, Sys 0 00:00:00  -  Run Local Usage
		Usr 0 00:00:10, Sys 0 00:00:01  -  Total Remote Usage
		Usr 0 00:00:00, Sys 0 00:00:00  -  Total Local Usage
	6524  -  Run Bytes Sent By Job
	149  -  Run Bytes Received By Job
	6524  -  Total Bytes Sent By Job
	149  -  Total Bytes Received By Job
	Partitionable Resources :    Usage  Request Allocated 
	   Cpus                 :                 1         1 
	   Disk (KB)            :       52        1    127802 
	   GPUs                 :                           0 
	   Memory (MB)          :      182     3900      3968 

	Job terminated of its own accord at 2023-06-12T09:56:33Z.
...
006 (311103.002.000) 2023-06-12 18:56:34 Image size of job updated: 611472
	181  -  MemoryUsage of job (MB)
	185328  -  ResidentSetSize of job (KB)
...
040 (311103.002.000) 2023-06-12 18:56:34 Started transferring output files
...
040 (311103.002.000) 2023-06-12 18:56:34 Finished transferring output files
...
005 (311103.002.000) 2023-06-12 18:56:34 Job terminated.
	(1) Normal termination (return value 0)
		Usr 0 00:00:10, Sys 0 00:00:01  -  Run Remote Usage
		Usr 0 00:00:00, Sys 0 00:00:00  -  Run Local Usage
		Usr 0 00:00:10, Sys 0 00:00:01  -  Total Remote Usage
		Usr 0 00:00:00, Sys 0 00:00:00  -  Total Local Usage
	6916  -  Run Bytes Sent By Job
	149  -  Run Bytes Received By Job
	6916  -  Total Bytes Sent By Job
	149  -  Total Bytes Received By Job
	Partitionable Resources :    Usage  Request Allocated 
	   Cpus                 :                 1         1 
	   Disk (KB)            :       52        1    127802 
	   GPUs                 :                           0 
	   Memory (MB)          :      181     3900      3968 

	Job terminated of its own accord at 2023-06-12T09:56:34Z.
...
001 (311103.004.000) 2023-06-12 18:57:19 Job executing on host: <172.30.1.205:9618?addrs=172.30.1.205-9618&alias=node5&noUDP&sock=startd_3770_7c22>
...
040 (311103.007.000) 2023-06-12 18:57:19 Started transferring input files
	Transferring to host: <172.30.1.109:9618?addrs=172.30.1.109-9618&alias=n9&noUDP&sock=slot1_12_4265_d407_23238>
...
001 (311103.005.000) 2023-06-12 18:57:19 Job executing on host: <172.30.1.211:9618?addrs=172.30.1.211-9618&alias=node11&noUDP&sock=startd_3790_3407>
...
040 (311103.008.000) 2023-06-12 18:57:19 Started transferring input files
	Transferring to host: <172.30.1.107:9618?addrs=172.30.1.107-9618&alias=n7&noUDP&sock=slot1_30_4258_e566_16748>
...
001 (311103.006.000) 2023-06-12 18:57:19 Job executing on host: <172.30.1.209:9618?addrs=172.30.1.209-9618&alias=node9&noUDP&sock=startd_3776_99b3>
...
040 (311103.007.000) 2023-06-12 18:57:19 Finished transferring input files
...
040 (311103.008.000) 2023-06-12 18:57:19 Finished transferring input files
...
040 (311103.009.000) 2023-06-12 18:57:19 Started transferring input files
	Transferring to host: <172.30.1.101:9618?addrs=172.30.1.101-9618&alias=n1&noUDP&sock=slot1_46_3367_1b22_15017>
...
040 (311103.009.000) 2023-06-12 18:57:19 Finished transferring input files
...
001 (311103.007.000) 2023-06-12 18:57:20 Job executing on host: <172.30.1.109:9618?addrs=172.30.1.109-9618&alias=n9&noUDP&sock=startd_4231_b14b>
...
001 (311103.008.000) 2023-06-12 18:57:20 Job executing on host: <172.30.1.107:9618?addrs=172.30.1.107-9618&alias=n7&noUDP&sock=startd_4224_e421>
...
001 (311103.009.000) 2023-06-12 18:57:20 Job executing on host: <172.30.1.101:9618?addrs=172.30.1.101-9618&alias=n1&noUDP&sock=startd_3332_0da7>
...
006 (311103.004.000) 2023-06-12 18:57:28 Image size of job updated: 183164
	179  -  MemoryUsage of job (MB)
	183156  -  ResidentSetSize of job (KB)
...
006 (311103.006.000) 2023-06-12 18:57:28 Image size of job updated: 162052
	152  -  MemoryUsage of job (MB)
	155600  -  ResidentSetSize of job (KB)
...
006 (311103.005.000) 2023-06-12 18:57:28 Image size of job updated: 183120
	179  -  MemoryUsage of job (MB)
	183120  -  ResidentSetSize of job (KB)
...
006 (311103.007.000) 2023-06-12 18:57:29 Image size of job updated: 479732
	153  -  MemoryUsage of job (MB)
	156544  -  ResidentSetSize of job (KB)
...
006 (311103.008.000) 2023-06-12 18:57:29 Image size of job updated: 575588
	181  -  MemoryUsage of job (MB)
	185040  -  ResidentSetSize of job (KB)
...
006 (311103.009.000) 2023-06-12 18:57:29 Image size of job updated: 396124
	95  -  MemoryUsage of job (MB)
	97004  -  ResidentSetSize of job (KB)
...
040 (311103.008.000) 2023-06-12 18:57:38 Started transferring output files
...
040 (311103.008.000) 2023-06-12 18:57:38 Finished transferring output files
...
005 (311103.008.000) 2023-06-12 18:57:38 Job terminated.
	(1) Normal termination (return value 0)
		Usr 0 00:00:14, Sys 0 00:00:01  -  Run Remote Usage
		Usr 0 00:00:00, Sys 0 00:00:00  -  Run Local Usage
		Usr 0 00:00:14, Sys 0 00:00:01  -  Total Remote Usage
		Usr 0 00:00:00, Sys 0 00:00:00  -  Total Local Usage
	6414  -  Run Bytes Sent By Job
	149  -  Run Bytes Received By Job
	6414  -  Total Bytes Sent By Job
	149  -  Total Bytes Received By Job
	Partitionable Resources :    Usage  Request Allocated 
	   Cpus                 :                 1         1 
	   Disk (KB)            :       51        1    127899 
	   Memory (MB)          :      181     3900      3968 

	Job terminated of its own accord at 2023-06-12T09:57:38Z.
...
006 (311103.004.000) 2023-06-12 18:57:40 Image size of job updated: 604400
	179  -  MemoryUsage of job (MB)
	183156  -  ResidentSetSize of job (KB)
...
005 (311103.004.000) 2023-06-12 18:57:41 Job terminated.
	(1) Normal termination (return value 0)
		Usr 0 00:00:14, Sys 0 00:00:01  -  Run Remote Usage
		Usr 0 00:00:00, Sys 0 00:00:00  -  Run Local Usage
		Usr 0 00:00:14, Sys 0 00:00:01  -  Total Remote Usage
		Usr 0 00:00:00, Sys 0 00:00:00  -  Total Local Usage
	0  -  Run Bytes Sent By Job
	0  -  Run Bytes Received By Job
	0  -  Total Bytes Sent By Job
	0  -  Total Bytes Received By Job
	Partitionable Resources :    Usage  Request Allocated 
	   Cpus                 :                 1         1 
	   Disk (KB)            :        1        1    128928 
	   Memory (MB)          :      179     3900      3968 

	Job terminated of its own accord at 2023-06-12T09:57:40Z.
...
006 (311103.005.000) 2023-06-12 18:57:42 Image size of job updated: 604400
	179  -  MemoryUsage of job (MB)
	183120  -  ResidentSetSize of job (KB)
...
005 (311103.005.000) 2023-06-12 18:57:42 Job terminated.
	(1) Normal termination (return value 0)
		Usr 0 00:00:14, Sys 0 00:00:01  -  Run Remote Usage
		Usr 0 00:00:00, Sys 0 00:00:00  -  Run Local Usage
		Usr 0 00:00:14, Sys 0 00:00:01  -  Total Remote Usage
		Usr 0 00:00:00, Sys 0 00:00:00  -  Total Local Usage
	0  -  Run Bytes Sent By Job
	0  -  Run Bytes Received By Job
	0  -  Total Bytes Sent By Job
	0  -  Total Bytes Received By Job
	Partitionable Resources :    Usage  Request Allocated 
	   Cpus                 :                 1         1 
	   Disk (KB)            :        1        1    128928 
	   Memory (MB)          :      179     3900      3968 

	Job terminated of its own accord at 2023-06-12T09:57:42Z.
...
040 (311103.007.000) 2023-06-12 18:57:42 Started transferring output files
...
040 (311103.007.000) 2023-06-12 18:57:42 Finished transferring output files
...
005 (311103.007.000) 2023-06-12 18:57:42 Job terminated.
	(1) Normal termination (return value 0)
		Usr 0 00:00:13, Sys 0 00:00:01  -  Run Remote Usage
		Usr 0 00:00:00, Sys 0 00:00:00  -  Run Local Usage
		Usr 0 00:00:13, Sys 0 00:00:01  -  Total Remote Usage
		Usr 0 00:00:00, Sys 0 00:00:00  -  Total Local Usage
	6897  -  Run Bytes Sent By Job
	149  -  Run Bytes Received By Job
	6897  -  Total Bytes Sent By Job
	149  -  Total Bytes Received By Job
	Partitionable Resources :    Usage  Request Allocated 
	   Cpus                 :                 1         1 
	   Disk (KB)            :       52        1    127899 
	   Memory (MB)          :      153     3900      3968 

	Job terminated of its own accord at 2023-06-12T09:57:42Z.
...
006 (311103.006.000) 2023-06-12 18:57:46 Image size of job updated: 605360
	153  -  MemoryUsage of job (MB)
	155652  -  ResidentSetSize of job (KB)
...
005 (311103.006.000) 2023-06-12 18:57:46 Job terminated.
	(1) Normal termination (return value 0)
		Usr 0 00:00:14, Sys 0 00:00:01  -  Run Remote Usage
		Usr 0 00:00:00, Sys 0 00:00:00  -  Run Local Usage
		Usr 0 00:00:14, Sys 0 00:00:01  -  Total Remote Usage
		Usr 0 00:00:00, Sys 0 00:00:00  -  Total Local Usage
	0  -  Run Bytes Sent By Job
	0  -  Run Bytes Received By Job
	0  -  Total Bytes Sent By Job
	0  -  Total Bytes Received By Job
	Partitionable Resources :    Usage  Request Allocated 
	   Cpus                 :                 1         1 
	   Disk (KB)            :        1        1    128928 
	   Memory (MB)          :      153     3900      3968 

	Job terminated of its own accord at 2023-06-12T09:57:46Z.
...
006 (311103.009.000) 2023-06-12 18:58:02 Image size of job updated: 610644
	95  -  MemoryUsage of job (MB)
	97080  -  ResidentSetSize of job (KB)
...
040 (311103.009.000) 2023-06-12 18:58:02 Started transferring output files
...
040 (311103.009.000) 2023-06-12 18:58:02 Finished transferring output files
...
005 (311103.009.000) 2023-06-12 18:58:02 Job terminated.
	(1) Normal termination (return value 0)
		Usr 0 00:00:27, Sys 0 00:00:03  -  Run Remote Usage
		Usr 0 00:00:00, Sys 0 00:00:00  -  Run Local Usage
		Usr 0 00:00:27, Sys 0 00:00:03  -  Total Remote Usage
		Usr 0 00:00:00, Sys 0 00:00:00  -  Total Local Usage
	6807  -  Run Bytes Sent By Job
	149  -  Run Bytes Received By Job
	6807  -  Total Bytes Sent By Job
	149  -  Total Bytes Received By Job
	Partitionable Resources :    Usage  Request Allocated 
	   Cpus                 :                 1         1 
	   Disk (KB)            :       52        1    127998 
	   Memory (MB)          :       95     3900      3968 

	Job terminated of its own accord at 2023-06-12T09:58:02Z.
...
