000 (330068.000.000) 2023-07-25 10:56:43 Job submitted from host: <172.30.1.200:9618?addrs=172.30.1.200-9618&alias=tamsa2.snu.ac.kr&noUDP&sock=schedd_3510_2582>
...
000 (330068.001.000) 2023-07-25 10:56:43 Job submitted from host: <172.30.1.200:9618?addrs=172.30.1.200-9618&alias=tamsa2.snu.ac.kr&noUDP&sock=schedd_3510_2582>
...
000 (330068.002.000) 2023-07-25 10:56:43 Job submitted from host: <172.30.1.200:9618?addrs=172.30.1.200-9618&alias=tamsa2.snu.ac.kr&noUDP&sock=schedd_3510_2582>
...
000 (330068.003.000) 2023-07-25 10:56:43 Job submitted from host: <172.30.1.200:9618?addrs=172.30.1.200-9618&alias=tamsa2.snu.ac.kr&noUDP&sock=schedd_3510_2582>
...
000 (330068.004.000) 2023-07-25 10:56:43 Job submitted from host: <172.30.1.200:9618?addrs=172.30.1.200-9618&alias=tamsa2.snu.ac.kr&noUDP&sock=schedd_3510_2582>
...
000 (330068.005.000) 2023-07-25 10:56:43 Job submitted from host: <172.30.1.200:9618?addrs=172.30.1.200-9618&alias=tamsa2.snu.ac.kr&noUDP&sock=schedd_3510_2582>
...
000 (330068.006.000) 2023-07-25 10:56:43 Job submitted from host: <172.30.1.200:9618?addrs=172.30.1.200-9618&alias=tamsa2.snu.ac.kr&noUDP&sock=schedd_3510_2582>
...
000 (330068.007.000) 2023-07-25 10:56:43 Job submitted from host: <172.30.1.200:9618?addrs=172.30.1.200-9618&alias=tamsa2.snu.ac.kr&noUDP&sock=schedd_3510_2582>
...
000 (330068.008.000) 2023-07-25 10:56:43 Job submitted from host: <172.30.1.200:9618?addrs=172.30.1.200-9618&alias=tamsa2.snu.ac.kr&noUDP&sock=schedd_3510_2582>
...
000 (330068.009.000) 2023-07-25 10:56:43 Job submitted from host: <172.30.1.200:9618?addrs=172.30.1.200-9618&alias=tamsa2.snu.ac.kr&noUDP&sock=schedd_3510_2582>
...
040 (330068.002.000) 2023-07-25 10:56:53 Started transferring input files
	Transferring to host: <172.30.1.106:9618?addrs=172.30.1.106-9618&alias=n6&noUDP&sock=slot1_5_3308_8900_26227>
...
040 (330068.002.000) 2023-07-25 10:56:53 Finished transferring input files
...
040 (330068.003.000) 2023-07-25 10:56:53 Started transferring input files
	Transferring to host: <172.30.1.106:9618?addrs=172.30.1.106-9618&alias=n6&noUDP&sock=slot1_6_3308_8900_26228>
...
040 (330068.000.000) 2023-07-25 10:56:53 Started transferring input files
	Transferring to host: <172.30.1.103:9618?addrs=172.30.1.103-9618&alias=n3&noUDP&sock=slot1_7_3668_300e_31146>
...
040 (330068.006.000) 2023-07-25 10:56:53 Started transferring input files
	Transferring to host: <172.30.1.104:9618?addrs=172.30.1.104-9618&alias=n4&noUDP&sock=slot1_3_3701_7070_25923>
...
040 (330068.003.000) 2023-07-25 10:56:53 Finished transferring input files
...
040 (330068.000.000) 2023-07-25 10:56:53 Finished transferring input files
...
040 (330068.006.000) 2023-07-25 10:56:53 Finished transferring input files
...
040 (330068.001.000) 2023-07-25 10:56:53 Started transferring input files
	Transferring to host: <172.30.1.103:9618?addrs=172.30.1.103-9618&alias=n3&noUDP&sock=slot1_8_3668_300e_31147>
...
040 (330068.007.000) 2023-07-25 10:56:53 Started transferring input files
	Transferring to host: <172.30.1.104:9618?addrs=172.30.1.104-9618&alias=n4&noUDP&sock=slot1_5_3701_7070_25924>
...
040 (330068.004.000) 2023-07-25 10:56:53 Started transferring input files
	Transferring to host: <172.30.1.106:9618?addrs=172.30.1.106-9618&alias=n6&noUDP&sock=slot1_7_3308_8900_26229>
...
040 (330068.001.000) 2023-07-25 10:56:53 Finished transferring input files
...
040 (330068.007.000) 2023-07-25 10:56:53 Finished transferring input files
...
040 (330068.004.000) 2023-07-25 10:56:53 Finished transferring input files
...
040 (330068.008.000) 2023-07-25 10:56:53 Started transferring input files
	Transferring to host: <172.30.1.104:9618?addrs=172.30.1.104-9618&alias=n4&noUDP&sock=slot1_6_3701_7070_25925>
...
040 (330068.005.000) 2023-07-25 10:56:53 Started transferring input files
	Transferring to host: <172.30.1.106:9618?addrs=172.30.1.106-9618&alias=n6&noUDP&sock=slot1_8_3308_8900_26230>
...
040 (330068.008.000) 2023-07-25 10:56:53 Finished transferring input files
...
040 (330068.005.000) 2023-07-25 10:56:53 Finished transferring input files
...
040 (330068.009.000) 2023-07-25 10:56:53 Started transferring input files
	Transferring to host: <172.30.1.104:9618?addrs=172.30.1.104-9618&alias=n4&noUDP&sock=slot1_7_3701_7070_25926>
...
040 (330068.009.000) 2023-07-25 10:56:53 Finished transferring input files
...
001 (330068.002.000) 2023-07-25 10:56:54 Job executing on host: <172.30.1.106:9618?addrs=172.30.1.106-9618&alias=n6&noUDP&sock=startd_3274_4528>
...
001 (330068.000.000) 2023-07-25 10:56:54 Job executing on host: <172.30.1.103:9618?addrs=172.30.1.103-9618&alias=n3&noUDP&sock=startd_3634_3341>
...
001 (330068.003.000) 2023-07-25 10:56:54 Job executing on host: <172.30.1.106:9618?addrs=172.30.1.106-9618&alias=n6&noUDP&sock=startd_3274_4528>
...
001 (330068.006.000) 2023-07-25 10:56:54 Job executing on host: <172.30.1.104:9618?addrs=172.30.1.104-9618&alias=n4&noUDP&sock=startd_3667_d5e1>
...
001 (330068.001.000) 2023-07-25 10:56:54 Job executing on host: <172.30.1.103:9618?addrs=172.30.1.103-9618&alias=n3&noUDP&sock=startd_3634_3341>
...
001 (330068.007.000) 2023-07-25 10:56:54 Job executing on host: <172.30.1.104:9618?addrs=172.30.1.104-9618&alias=n4&noUDP&sock=startd_3667_d5e1>
...
001 (330068.004.000) 2023-07-25 10:56:54 Job executing on host: <172.30.1.106:9618?addrs=172.30.1.106-9618&alias=n6&noUDP&sock=startd_3274_4528>
...
001 (330068.008.000) 2023-07-25 10:56:54 Job executing on host: <172.30.1.104:9618?addrs=172.30.1.104-9618&alias=n4&noUDP&sock=startd_3667_d5e1>
...
001 (330068.005.000) 2023-07-25 10:56:54 Job executing on host: <172.30.1.106:9618?addrs=172.30.1.106-9618&alias=n6&noUDP&sock=startd_3274_4528>
...
001 (330068.009.000) 2023-07-25 10:56:54 Job executing on host: <172.30.1.104:9618?addrs=172.30.1.104-9618&alias=n4&noUDP&sock=startd_3667_d5e1>
...
006 (330068.002.000) 2023-07-25 10:57:03 Image size of job updated: 644576
	182  -  MemoryUsage of job (MB)
	186168  -  ResidentSetSize of job (KB)
...
006 (330068.003.000) 2023-07-25 10:57:03 Image size of job updated: 644560
	182  -  MemoryUsage of job (MB)
	186092  -  ResidentSetSize of job (KB)
...
006 (330068.006.000) 2023-07-25 10:57:03 Image size of job updated: 168436
	165  -  MemoryUsage of job (MB)
	168428  -  ResidentSetSize of job (KB)
...
006 (330068.000.000) 2023-07-25 10:57:03 Image size of job updated: 207832
	191  -  MemoryUsage of job (MB)
	195300  -  ResidentSetSize of job (KB)
...
006 (330068.004.000) 2023-07-25 10:57:03 Image size of job updated: 644568
	182  -  MemoryUsage of job (MB)
	186112  -  ResidentSetSize of job (KB)
...
006 (330068.007.000) 2023-07-25 10:57:03 Image size of job updated: 171516
	168  -  MemoryUsage of job (MB)
	171516  -  ResidentSetSize of job (KB)
...
006 (330068.001.000) 2023-07-25 10:57:03 Image size of job updated: 188380
	182  -  MemoryUsage of job (MB)
	186220  -  ResidentSetSize of job (KB)
...
006 (330068.008.000) 2023-07-25 10:57:03 Image size of job updated: 177132
	173  -  MemoryUsage of job (MB)
	177104  -  ResidentSetSize of job (KB)
...
006 (330068.005.000) 2023-07-25 10:57:03 Image size of job updated: 644568
	182  -  MemoryUsage of job (MB)
	186088  -  ResidentSetSize of job (KB)
...
006 (330068.009.000) 2023-07-25 10:57:03 Image size of job updated: 195300
	178  -  MemoryUsage of job (MB)
	182084  -  ResidentSetSize of job (KB)
...
006 (330068.000.000) 2023-07-25 10:57:20 Image size of job updated: 686828
	191  -  MemoryUsage of job (MB)
	195376  -  ResidentSetSize of job (KB)
...
040 (330068.000.000) 2023-07-25 10:57:20 Started transferring output files
...
040 (330068.000.000) 2023-07-25 10:57:20 Finished transferring output files
...
005 (330068.000.000) 2023-07-25 10:57:20 Job terminated.
	(1) Normal termination (return value 0)
		Usr 0 00:00:21, Sys 0 00:00:01  -  Run Remote Usage
		Usr 0 00:00:00, Sys 0 00:00:00  -  Run Local Usage
		Usr 0 00:00:21, Sys 0 00:00:01  -  Total Remote Usage
		Usr 0 00:00:00, Sys 0 00:00:00  -  Total Local Usage
	1186  -  Run Bytes Sent By Job
	169  -  Run Bytes Received By Job
	1186  -  Total Bytes Sent By Job
	169  -  Total Bytes Received By Job
	Partitionable Resources :    Usage  Request Allocated 
	   Cpus                 :     0.04        1         1 
	   Disk (KB)            :    52           1     61930 
	   Memory (MB)          :   191        3900      3968 

	Job terminated of its own accord at 2023-07-25T01:57:20Z.
...
006 (330068.007.000) 2023-07-25 10:57:20 Image size of job updated: 685552
	168  -  MemoryUsage of job (MB)
	171544  -  ResidentSetSize of job (KB)
...
040 (330068.007.000) 2023-07-25 10:57:20 Started transferring output files
...
040 (330068.007.000) 2023-07-25 10:57:20 Finished transferring output files
...
005 (330068.007.000) 2023-07-25 10:57:20 Job terminated.
	(1) Normal termination (return value 0)
		Usr 0 00:00:19, Sys 0 00:00:01  -  Run Remote Usage
		Usr 0 00:00:00, Sys 0 00:00:00  -  Run Local Usage
		Usr 0 00:00:19, Sys 0 00:00:01  -  Total Remote Usage
		Usr 0 00:00:00, Sys 0 00:00:00  -  Total Local Usage
	929  -  Run Bytes Sent By Job
	169  -  Run Bytes Received By Job
	929  -  Total Bytes Sent By Job
	169  -  Total Bytes Received By Job
	Partitionable Resources :    Usage  Request Allocated 
	   Cpus                 :                 1         1 
	   Disk (KB)            :       46        1     61930 
	   Memory (MB)          :      168     3900      3968 

	Job terminated of its own accord at 2023-07-25T01:57:20Z.
...
006 (330068.005.000) 2023-07-25 10:57:20 Image size of job updated: 685876
	182  -  MemoryUsage of job (MB)
	186088  -  ResidentSetSize of job (KB)
...
040 (330068.005.000) 2023-07-25 10:57:20 Started transferring output files
...
040 (330068.005.000) 2023-07-25 10:57:20 Finished transferring output files
...
005 (330068.005.000) 2023-07-25 10:57:20 Job terminated.
	(1) Normal termination (return value 0)
		Usr 0 00:00:21, Sys 0 00:00:01  -  Run Remote Usage
		Usr 0 00:00:00, Sys 0 00:00:00  -  Run Local Usage
		Usr 0 00:00:21, Sys 0 00:00:01  -  Total Remote Usage
		Usr 0 00:00:00, Sys 0 00:00:00  -  Total Local Usage
	1249  -  Run Bytes Sent By Job
	169  -  Run Bytes Received By Job
	1249  -  Total Bytes Sent By Job
	169  -  Total Bytes Received By Job
	Partitionable Resources :    Usage  Request Allocated 
	   Cpus                 :                 1         1 
	   Disk (KB)            :       46        1     61930 
	   Memory (MB)          :      182     3900      3968 

	Job terminated of its own accord at 2023-07-25T01:57:20Z.
...
006 (330068.009.000) 2023-07-25 10:57:20 Image size of job updated: 685780
	178  -  MemoryUsage of job (MB)
	182088  -  ResidentSetSize of job (KB)
...
040 (330068.009.000) 2023-07-25 10:57:20 Started transferring output files
...
040 (330068.009.000) 2023-07-25 10:57:20 Finished transferring output files
...
005 (330068.009.000) 2023-07-25 10:57:20 Job terminated.
	(1) Normal termination (return value 0)
		Usr 0 00:00:19, Sys 0 00:00:01  -  Run Remote Usage
		Usr 0 00:00:00, Sys 0 00:00:00  -  Run Local Usage
		Usr 0 00:00:19, Sys 0 00:00:01  -  Total Remote Usage
		Usr 0 00:00:00, Sys 0 00:00:00  -  Total Local Usage
	992  -  Run Bytes Sent By Job
	169  -  Run Bytes Received By Job
	992  -  Total Bytes Sent By Job
	169  -  Total Bytes Received By Job
	Partitionable Resources :    Usage  Request Allocated 
	   Cpus                 :                 1         1 
	   Disk (KB)            :       46        1     61930 
	   Memory (MB)          :      178     3900      3968 

	Job terminated of its own accord at 2023-07-25T01:57:20Z.
...
006 (330068.001.000) 2023-07-25 10:57:20 Image size of job updated: 687652
	182  -  MemoryUsage of job (MB)
	186220  -  ResidentSetSize of job (KB)
...
040 (330068.001.000) 2023-07-25 10:57:20 Started transferring output files
...
040 (330068.001.000) 2023-07-25 10:57:20 Finished transferring output files
...
005 (330068.001.000) 2023-07-25 10:57:20 Job terminated.
	(1) Normal termination (return value 0)
		Usr 0 00:00:22, Sys 0 00:00:01  -  Run Remote Usage
		Usr 0 00:00:00, Sys 0 00:00:00  -  Run Local Usage
		Usr 0 00:00:22, Sys 0 00:00:01  -  Total Remote Usage
		Usr 0 00:00:00, Sys 0 00:00:00  -  Total Local Usage
	1216  -  Run Bytes Sent By Job
	169  -  Run Bytes Received By Job
	1216  -  Total Bytes Sent By Job
	169  -  Total Bytes Received By Job
	Partitionable Resources :    Usage  Request Allocated 
	   Cpus                 :     0.03        1         1 
	   Disk (KB)            :    52           1     61930 
	   Memory (MB)          :   182        3900      3968 

	Job terminated of its own accord at 2023-07-25T01:57:20Z.
...
006 (330068.003.000) 2023-07-25 10:57:22 Image size of job updated: 686068
	182  -  MemoryUsage of job (MB)
	186092  -  ResidentSetSize of job (KB)
...
040 (330068.003.000) 2023-07-25 10:57:22 Started transferring output files
...
040 (330068.003.000) 2023-07-25 10:57:22 Finished transferring output files
...
005 (330068.003.000) 2023-07-25 10:57:22 Job terminated.
	(1) Normal termination (return value 0)
		Usr 0 00:00:22, Sys 0 00:00:01  -  Run Remote Usage
		Usr 0 00:00:00, Sys 0 00:00:00  -  Run Local Usage
		Usr 0 00:00:22, Sys 0 00:00:01  -  Total Remote Usage
		Usr 0 00:00:00, Sys 0 00:00:00  -  Total Local Usage
	1218  -  Run Bytes Sent By Job
	169  -  Run Bytes Received By Job
	1218  -  Total Bytes Sent By Job
	169  -  Total Bytes Received By Job
	Partitionable Resources :    Usage  Request Allocated 
	   Cpus                 :                 1         1 
	   Disk (KB)            :       46        1     61930 
	   Memory (MB)          :      182     3900      3968 

	Job terminated of its own accord at 2023-07-25T01:57:22Z.
...
006 (330068.004.000) 2023-07-25 10:57:22 Image size of job updated: 687652
	182  -  MemoryUsage of job (MB)
	186112  -  ResidentSetSize of job (KB)
...
040 (330068.004.000) 2023-07-25 10:57:22 Started transferring output files
...
040 (330068.004.000) 2023-07-25 10:57:22 Finished transferring output files
...
005 (330068.004.000) 2023-07-25 10:57:22 Job terminated.
	(1) Normal termination (return value 0)
		Usr 0 00:00:23, Sys 0 00:00:01  -  Run Remote Usage
		Usr 0 00:00:00, Sys 0 00:00:00  -  Run Local Usage
		Usr 0 00:00:23, Sys 0 00:00:01  -  Total Remote Usage
		Usr 0 00:00:00, Sys 0 00:00:00  -  Total Local Usage
	1218  -  Run Bytes Sent By Job
	169  -  Run Bytes Received By Job
	1218  -  Total Bytes Sent By Job
	169  -  Total Bytes Received By Job
	Partitionable Resources :    Usage  Request Allocated 
	   Cpus                 :                 1         1 
	   Disk (KB)            :       46        1     61930 
	   Memory (MB)          :      182     3900      3968 

	Job terminated of its own accord at 2023-07-25T01:57:22Z.
...
006 (330068.006.000) 2023-07-25 10:57:23 Image size of job updated: 685660
	165  -  MemoryUsage of job (MB)
	168460  -  ResidentSetSize of job (KB)
...
040 (330068.006.000) 2023-07-25 10:57:23 Started transferring output files
...
040 (330068.006.000) 2023-07-25 10:57:23 Finished transferring output files
...
005 (330068.006.000) 2023-07-25 10:57:23 Job terminated.
	(1) Normal termination (return value 0)
		Usr 0 00:00:22, Sys 0 00:00:01  -  Run Remote Usage
		Usr 0 00:00:00, Sys 0 00:00:00  -  Run Local Usage
		Usr 0 00:00:22, Sys 0 00:00:01  -  Total Remote Usage
		Usr 0 00:00:00, Sys 0 00:00:00  -  Total Local Usage
	960  -  Run Bytes Sent By Job
	169  -  Run Bytes Received By Job
	960  -  Total Bytes Sent By Job
	169  -  Total Bytes Received By Job
	Partitionable Resources :    Usage  Request Allocated 
	   Cpus                 :                 1         1 
	   Disk (KB)            :       46        1     61930 
	   Memory (MB)          :      165     3900      3968 

	Job terminated of its own accord at 2023-07-25T01:57:23Z.
...
006 (330068.002.000) 2023-07-25 10:57:24 Image size of job updated: 685876
	182  -  MemoryUsage of job (MB)
	186168  -  ResidentSetSize of job (KB)
...
040 (330068.002.000) 2023-07-25 10:57:24 Started transferring output files
...
040 (330068.002.000) 2023-07-25 10:57:24 Finished transferring output files
...
005 (330068.002.000) 2023-07-25 10:57:24 Job terminated.
	(1) Normal termination (return value 0)
		Usr 0 00:00:24, Sys 0 00:00:01  -  Run Remote Usage
		Usr 0 00:00:00, Sys 0 00:00:00  -  Run Local Usage
		Usr 0 00:00:24, Sys 0 00:00:01  -  Total Remote Usage
		Usr 0 00:00:00, Sys 0 00:00:00  -  Total Local Usage
	1249  -  Run Bytes Sent By Job
	169  -  Run Bytes Received By Job
	1249  -  Total Bytes Sent By Job
	169  -  Total Bytes Received By Job
	Partitionable Resources :    Usage  Request Allocated 
	   Cpus                 :                 1         1 
	   Disk (KB)            :       46        1     61930 
	   Memory (MB)          :      182     3900      3968 

	Job terminated of its own accord at 2023-07-25T01:57:24Z.
...
006 (330068.008.000) 2023-07-25 10:57:27 Image size of job updated: 685748
	173  -  MemoryUsage of job (MB)
	177104  -  ResidentSetSize of job (KB)
...
040 (330068.008.000) 2023-07-25 10:57:27 Started transferring output files
...
040 (330068.008.000) 2023-07-25 10:57:27 Finished transferring output files
...
005 (330068.008.000) 2023-07-25 10:57:27 Job terminated.
	(1) Normal termination (return value 0)
		Usr 0 00:00:27, Sys 0 00:00:01  -  Run Remote Usage
		Usr 0 00:00:00, Sys 0 00:00:00  -  Run Local Usage
		Usr 0 00:00:27, Sys 0 00:00:01  -  Total Remote Usage
		Usr 0 00:00:00, Sys 0 00:00:00  -  Total Local Usage
	961  -  Run Bytes Sent By Job
	169  -  Run Bytes Received By Job
	961  -  Total Bytes Sent By Job
	169  -  Total Bytes Received By Job
	Partitionable Resources :    Usage  Request Allocated 
	   Cpus                 :                 1         1 
	   Disk (KB)            :       46        1     61930 
	   Memory (MB)          :      173     3900      3968 

	Job terminated of its own accord at 2023-07-25T01:57:27Z.
...
