000 (330176.000.000) 2023-07-25 12:44:52 Job submitted from host: <172.30.1.200:9618?addrs=172.30.1.200-9618&alias=tamsa2.snu.ac.kr&noUDP&sock=schedd_3510_2582>
...
000 (330176.001.000) 2023-07-25 12:44:52 Job submitted from host: <172.30.1.200:9618?addrs=172.30.1.200-9618&alias=tamsa2.snu.ac.kr&noUDP&sock=schedd_3510_2582>
...
000 (330176.002.000) 2023-07-25 12:44:52 Job submitted from host: <172.30.1.200:9618?addrs=172.30.1.200-9618&alias=tamsa2.snu.ac.kr&noUDP&sock=schedd_3510_2582>
...
000 (330176.003.000) 2023-07-25 12:44:52 Job submitted from host: <172.30.1.200:9618?addrs=172.30.1.200-9618&alias=tamsa2.snu.ac.kr&noUDP&sock=schedd_3510_2582>
...
000 (330176.004.000) 2023-07-25 12:44:52 Job submitted from host: <172.30.1.200:9618?addrs=172.30.1.200-9618&alias=tamsa2.snu.ac.kr&noUDP&sock=schedd_3510_2582>
...
000 (330176.005.000) 2023-07-25 12:44:52 Job submitted from host: <172.30.1.200:9618?addrs=172.30.1.200-9618&alias=tamsa2.snu.ac.kr&noUDP&sock=schedd_3510_2582>
...
000 (330176.006.000) 2023-07-25 12:44:52 Job submitted from host: <172.30.1.200:9618?addrs=172.30.1.200-9618&alias=tamsa2.snu.ac.kr&noUDP&sock=schedd_3510_2582>
...
000 (330176.007.000) 2023-07-25 12:44:52 Job submitted from host: <172.30.1.200:9618?addrs=172.30.1.200-9618&alias=tamsa2.snu.ac.kr&noUDP&sock=schedd_3510_2582>
...
000 (330176.008.000) 2023-07-25 12:44:52 Job submitted from host: <172.30.1.200:9618?addrs=172.30.1.200-9618&alias=tamsa2.snu.ac.kr&noUDP&sock=schedd_3510_2582>
...
000 (330176.009.000) 2023-07-25 12:44:52 Job submitted from host: <172.30.1.200:9618?addrs=172.30.1.200-9618&alias=tamsa2.snu.ac.kr&noUDP&sock=schedd_3510_2582>
...
001 (330176.009.000) 2023-07-25 12:45:07 Job executing on host: <172.30.1.208:9618?addrs=172.30.1.208-9618&alias=node8&noUDP&sock=startd_3802_6f2a>
...
001 (330176.000.000) 2023-07-25 12:45:08 Job executing on host: <172.30.1.210:9618?addrs=172.30.1.210-9618&alias=node10&noUDP&sock=startd_3787_253e>
...
001 (330176.001.000) 2023-07-25 12:45:09 Job executing on host: <172.30.1.210:9618?addrs=172.30.1.210-9618&alias=node10&noUDP&sock=startd_3787_253e>
...
001 (330176.002.000) 2023-07-25 12:45:09 Job executing on host: <172.30.1.210:9618?addrs=172.30.1.210-9618&alias=node10&noUDP&sock=startd_3787_253e>
...
001 (330176.003.000) 2023-07-25 12:45:09 Job executing on host: <172.30.1.210:9618?addrs=172.30.1.210-9618&alias=node10&noUDP&sock=startd_3787_253e>
...
001 (330176.005.000) 2023-07-25 12:45:09 Job executing on host: <172.30.1.210:9618?addrs=172.30.1.210-9618&alias=node10&noUDP&sock=startd_3787_253e>
...
001 (330176.004.000) 2023-07-25 12:45:09 Job executing on host: <172.30.1.210:9618?addrs=172.30.1.210-9618&alias=node10&noUDP&sock=startd_3787_253e>
...
001 (330176.006.000) 2023-07-25 12:45:09 Job executing on host: <172.30.1.210:9618?addrs=172.30.1.210-9618&alias=node10&noUDP&sock=startd_3787_253e>
...
001 (330176.007.000) 2023-07-25 12:45:09 Job executing on host: <172.30.1.210:9618?addrs=172.30.1.210-9618&alias=node10&noUDP&sock=startd_3787_253e>
...
001 (330176.008.000) 2023-07-25 12:45:09 Job executing on host: <172.30.1.210:9618?addrs=172.30.1.210-9618&alias=node10&noUDP&sock=startd_3787_253e>
...
006 (330176.009.000) 2023-07-25 12:45:16 Image size of job updated: 640336
	183  -  MemoryUsage of job (MB)
	186764  -  ResidentSetSize of job (KB)
...
006 (330176.000.000) 2023-07-25 12:45:17 Image size of job updated: 391524
	183  -  MemoryUsage of job (MB)
	187016  -  ResidentSetSize of job (KB)
...
006 (330176.001.000) 2023-07-25 12:45:17 Image size of job updated: 645436
	183  -  MemoryUsage of job (MB)
	186996  -  ResidentSetSize of job (KB)
...
006 (330176.002.000) 2023-07-25 12:45:17 Image size of job updated: 645456
	185  -  MemoryUsage of job (MB)
	188896  -  ResidentSetSize of job (KB)
...
006 (330176.003.000) 2023-07-25 12:45:17 Image size of job updated: 681672
	205  -  MemoryUsage of job (MB)
	209464  -  ResidentSetSize of job (KB)
...
006 (330176.005.000) 2023-07-25 12:45:17 Image size of job updated: 645436
	183  -  MemoryUsage of job (MB)
	186796  -  ResidentSetSize of job (KB)
...
006 (330176.004.000) 2023-07-25 12:45:18 Image size of job updated: 645404
	183  -  MemoryUsage of job (MB)
	186848  -  ResidentSetSize of job (KB)
...
006 (330176.006.000) 2023-07-25 12:45:18 Image size of job updated: 645436
	185  -  MemoryUsage of job (MB)
	188944  -  ResidentSetSize of job (KB)
...
006 (330176.007.000) 2023-07-25 12:45:18 Image size of job updated: 645428
	190  -  MemoryUsage of job (MB)
	193984  -  ResidentSetSize of job (KB)
...
006 (330176.008.000) 2023-07-25 12:45:18 Image size of job updated: 645432
	183  -  MemoryUsage of job (MB)
	186916  -  ResidentSetSize of job (KB)
...
006 (330176.003.000) 2023-07-25 12:45:35 Image size of job updated: 696620
	205  -  MemoryUsage of job (MB)
	209464  -  ResidentSetSize of job (KB)
...
005 (330176.003.000) 2023-07-25 12:45:35 Job terminated.
	(1) Normal termination (return value 0)
		Usr 0 00:00:21, Sys 0 00:00:01  -  Run Remote Usage
		Usr 0 00:00:00, Sys 0 00:00:00  -  Run Local Usage
		Usr 0 00:00:21, Sys 0 00:00:01  -  Total Remote Usage
		Usr 0 00:00:00, Sys 0 00:00:00  -  Total Local Usage
	0  -  Run Bytes Sent By Job
	0  -  Run Bytes Received By Job
	0  -  Total Bytes Sent By Job
	0  -  Total Bytes Received By Job
	Partitionable Resources :    Usage  Request Allocated 
	   Cpus                 :                 1         1 
	   Disk (KB)            :        1        1    128928 
	   Memory (MB)          :      205     3900      3968 

	Job terminated of its own accord at 2023-07-25T03:45:35Z.
...
006 (330176.001.000) 2023-07-25 12:45:35 Image size of job updated: 688512
	183  -  MemoryUsage of job (MB)
	186996  -  ResidentSetSize of job (KB)
...
005 (330176.001.000) 2023-07-25 12:45:35 Job terminated.
	(1) Normal termination (return value 0)
		Usr 0 00:00:22, Sys 0 00:00:01  -  Run Remote Usage
		Usr 0 00:00:00, Sys 0 00:00:00  -  Run Local Usage
		Usr 0 00:00:22, Sys 0 00:00:01  -  Total Remote Usage
		Usr 0 00:00:00, Sys 0 00:00:00  -  Total Local Usage
	0  -  Run Bytes Sent By Job
	0  -  Run Bytes Received By Job
	0  -  Total Bytes Sent By Job
	0  -  Total Bytes Received By Job
	Partitionable Resources :    Usage  Request Allocated 
	   Cpus                 :                 1         1 
	   Disk (KB)            :        1        1    128928 
	   Memory (MB)          :      183     3900      3968 

	Job terminated of its own accord at 2023-07-25T03:45:35Z.
...
006 (330176.009.000) 2023-07-25 12:45:36 Image size of job updated: 691884
	183  -  MemoryUsage of job (MB)
	186764  -  ResidentSetSize of job (KB)
...
005 (330176.009.000) 2023-07-25 12:45:36 Job terminated.
	(1) Normal termination (return value 0)
		Usr 0 00:00:20, Sys 0 00:00:01  -  Run Remote Usage
		Usr 0 00:00:00, Sys 0 00:00:00  -  Run Local Usage
		Usr 0 00:00:20, Sys 0 00:00:01  -  Total Remote Usage
		Usr 0 00:00:00, Sys 0 00:00:00  -  Total Local Usage
	0  -  Run Bytes Sent By Job
	0  -  Run Bytes Received By Job
	0  -  Total Bytes Sent By Job
	0  -  Total Bytes Received By Job
	Partitionable Resources :    Usage  Request Allocated 
	   Cpus                 :                 1         1 
	   Disk (KB)            :        1        1    128928 
	   Memory (MB)          :      183     3900      3968 

	Job terminated of its own accord at 2023-07-25T03:45:36Z.
...
006 (330176.004.000) 2023-07-25 12:45:37 Image size of job updated: 687740
	183  -  MemoryUsage of job (MB)
	186848  -  ResidentSetSize of job (KB)
...
005 (330176.004.000) 2023-07-25 12:45:37 Job terminated.
	(1) Normal termination (return value 0)
		Usr 0 00:00:24, Sys 0 00:00:01  -  Run Remote Usage
		Usr 0 00:00:00, Sys 0 00:00:00  -  Run Local Usage
		Usr 0 00:00:24, Sys 0 00:00:01  -  Total Remote Usage
		Usr 0 00:00:00, Sys 0 00:00:00  -  Total Local Usage
	0  -  Run Bytes Sent By Job
	0  -  Run Bytes Received By Job
	0  -  Total Bytes Sent By Job
	0  -  Total Bytes Received By Job
	Partitionable Resources :    Usage  Request Allocated 
	   Cpus                 :                 1         1 
	   Disk (KB)            :        1        1    128928 
	   Memory (MB)          :      183     3900      3968 

	Job terminated of its own accord at 2023-07-25T03:45:37Z.
...
006 (330176.008.000) 2023-07-25 12:45:37 Image size of job updated: 695632
	183  -  MemoryUsage of job (MB)
	186916  -  ResidentSetSize of job (KB)
...
006 (330176.007.000) 2023-07-25 12:45:38 Image size of job updated: 687296
	190  -  MemoryUsage of job (MB)
	194052  -  ResidentSetSize of job (KB)
...
005 (330176.008.000) 2023-07-25 12:45:38 Job terminated.
	(1) Normal termination (return value 0)
		Usr 0 00:00:23, Sys 0 00:00:00  -  Run Remote Usage
		Usr 0 00:00:00, Sys 0 00:00:00  -  Run Local Usage
		Usr 0 00:00:23, Sys 0 00:00:00  -  Total Remote Usage
		Usr 0 00:00:00, Sys 0 00:00:00  -  Total Local Usage
	0  -  Run Bytes Sent By Job
	0  -  Run Bytes Received By Job
	0  -  Total Bytes Sent By Job
	0  -  Total Bytes Received By Job
	Partitionable Resources :    Usage  Request Allocated 
	   Cpus                 :                 1         1 
	   Disk (KB)            :        1        1    128928 
	   Memory (MB)          :      183     3900      3968 

	Job terminated of its own accord at 2023-07-25T03:45:37Z.
...
005 (330176.007.000) 2023-07-25 12:45:38 Job terminated.
	(1) Normal termination (return value 0)
		Usr 0 00:00:22, Sys 0 00:00:01  -  Run Remote Usage
		Usr 0 00:00:00, Sys 0 00:00:00  -  Run Local Usage
		Usr 0 00:00:22, Sys 0 00:00:01  -  Total Remote Usage
		Usr 0 00:00:00, Sys 0 00:00:00  -  Total Local Usage
	0  -  Run Bytes Sent By Job
	0  -  Run Bytes Received By Job
	0  -  Total Bytes Sent By Job
	0  -  Total Bytes Received By Job
	Partitionable Resources :    Usage  Request Allocated 
	   Cpus                 :                 1         1 
	   Disk (KB)            :        1        1    128928 
	   Memory (MB)          :      190     3900      3968 

	Job terminated of its own accord at 2023-07-25T03:45:38Z.
...
006 (330176.006.000) 2023-07-25 12:45:38 Image size of job updated: 687784
	185  -  MemoryUsage of job (MB)
	188944  -  ResidentSetSize of job (KB)
...
005 (330176.006.000) 2023-07-25 12:45:38 Job terminated.
	(1) Normal termination (return value 0)
		Usr 0 00:00:26, Sys 0 00:00:01  -  Run Remote Usage
		Usr 0 00:00:00, Sys 0 00:00:00  -  Run Local Usage
		Usr 0 00:00:26, Sys 0 00:00:01  -  Total Remote Usage
		Usr 0 00:00:00, Sys 0 00:00:00  -  Total Local Usage
	0  -  Run Bytes Sent By Job
	0  -  Run Bytes Received By Job
	0  -  Total Bytes Sent By Job
	0  -  Total Bytes Received By Job
	Partitionable Resources :    Usage  Request Allocated 
	   Cpus                 :                 1         1 
	   Disk (KB)            :        1        1    128928 
	   Memory (MB)          :      185     3900      3968 

	Job terminated of its own accord at 2023-07-25T03:45:38Z.
...
006 (330176.000.000) 2023-07-25 12:45:38 Image size of job updated: 686704
	183  -  MemoryUsage of job (MB)
	187016  -  ResidentSetSize of job (KB)
...
005 (330176.000.000) 2023-07-25 12:45:38 Job terminated.
	(1) Normal termination (return value 0)
		Usr 0 00:00:27, Sys 0 00:00:01  -  Run Remote Usage
		Usr 0 00:00:00, Sys 0 00:00:00  -  Run Local Usage
		Usr 0 00:00:27, Sys 0 00:00:01  -  Total Remote Usage
		Usr 0 00:00:00, Sys 0 00:00:00  -  Total Local Usage
	0  -  Run Bytes Sent By Job
	0  -  Run Bytes Received By Job
	0  -  Total Bytes Sent By Job
	0  -  Total Bytes Received By Job
	Partitionable Resources :    Usage  Request Allocated 
	   Cpus                 :                 1         1 
	   Disk (KB)            :        1        1    128928 
	   Memory (MB)          :      183     3900      3968 

	Job terminated of its own accord at 2023-07-25T03:45:38Z.
...
006 (330176.005.000) 2023-07-25 12:45:39 Image size of job updated: 691180
	183  -  MemoryUsage of job (MB)
	186796  -  ResidentSetSize of job (KB)
...
005 (330176.005.000) 2023-07-25 12:45:39 Job terminated.
	(1) Normal termination (return value 0)
		Usr 0 00:00:25, Sys 0 00:00:01  -  Run Remote Usage
		Usr 0 00:00:00, Sys 0 00:00:00  -  Run Local Usage
		Usr 0 00:00:25, Sys 0 00:00:01  -  Total Remote Usage
		Usr 0 00:00:00, Sys 0 00:00:00  -  Total Local Usage
	0  -  Run Bytes Sent By Job
	0  -  Run Bytes Received By Job
	0  -  Total Bytes Sent By Job
	0  -  Total Bytes Received By Job
	Partitionable Resources :    Usage  Request Allocated 
	   Cpus                 :                 1         1 
	   Disk (KB)            :        1        1    128928 
	   Memory (MB)          :      183     3900      3968 

	Job terminated of its own accord at 2023-07-25T03:45:39Z.
...
006 (330176.002.000) 2023-07-25 12:45:41 Image size of job updated: 691004
	185  -  MemoryUsage of job (MB)
	188896  -  ResidentSetSize of job (KB)
...
005 (330176.002.000) 2023-07-25 12:45:41 Job terminated.
	(1) Normal termination (return value 0)
		Usr 0 00:00:27, Sys 0 00:00:01  -  Run Remote Usage
		Usr 0 00:00:00, Sys 0 00:00:00  -  Run Local Usage
		Usr 0 00:00:27, Sys 0 00:00:01  -  Total Remote Usage
		Usr 0 00:00:00, Sys 0 00:00:00  -  Total Local Usage
	0  -  Run Bytes Sent By Job
	0  -  Run Bytes Received By Job
	0  -  Total Bytes Sent By Job
	0  -  Total Bytes Received By Job
	Partitionable Resources :    Usage  Request Allocated 
	   Cpus                 :                 1         1 
	   Disk (KB)            :        1        1    128928 
	   Memory (MB)          :      185     3900      3968 

	Job terminated of its own accord at 2023-07-25T03:45:41Z.
...
