000 (311086.000.000) 2023-06-12 18:34:27 Job submitted from host: <172.30.1.200:9618?addrs=172.30.1.200-9618&alias=tamsa2.snu.ac.kr&noUDP&sock=schedd_3510_2582>
...
000 (311086.001.000) 2023-06-12 18:34:27 Job submitted from host: <172.30.1.200:9618?addrs=172.30.1.200-9618&alias=tamsa2.snu.ac.kr&noUDP&sock=schedd_3510_2582>
...
000 (311086.002.000) 2023-06-12 18:34:27 Job submitted from host: <172.30.1.200:9618?addrs=172.30.1.200-9618&alias=tamsa2.snu.ac.kr&noUDP&sock=schedd_3510_2582>
...
000 (311086.003.000) 2023-06-12 18:34:27 Job submitted from host: <172.30.1.200:9618?addrs=172.30.1.200-9618&alias=tamsa2.snu.ac.kr&noUDP&sock=schedd_3510_2582>
...
000 (311086.004.000) 2023-06-12 18:34:27 Job submitted from host: <172.30.1.200:9618?addrs=172.30.1.200-9618&alias=tamsa2.snu.ac.kr&noUDP&sock=schedd_3510_2582>
...
000 (311086.005.000) 2023-06-12 18:34:27 Job submitted from host: <172.30.1.200:9618?addrs=172.30.1.200-9618&alias=tamsa2.snu.ac.kr&noUDP&sock=schedd_3510_2582>
...
000 (311086.006.000) 2023-06-12 18:34:27 Job submitted from host: <172.30.1.200:9618?addrs=172.30.1.200-9618&alias=tamsa2.snu.ac.kr&noUDP&sock=schedd_3510_2582>
...
000 (311086.007.000) 2023-06-12 18:34:27 Job submitted from host: <172.30.1.200:9618?addrs=172.30.1.200-9618&alias=tamsa2.snu.ac.kr&noUDP&sock=schedd_3510_2582>
...
000 (311086.008.000) 2023-06-12 18:34:27 Job submitted from host: <172.30.1.200:9618?addrs=172.30.1.200-9618&alias=tamsa2.snu.ac.kr&noUDP&sock=schedd_3510_2582>
...
000 (311086.009.000) 2023-06-12 18:34:27 Job submitted from host: <172.30.1.200:9618?addrs=172.30.1.200-9618&alias=tamsa2.snu.ac.kr&noUDP&sock=schedd_3510_2582>
...
040 (311086.000.000) 2023-06-12 18:34:38 Started transferring input files
	Transferring to host: <172.30.1.108:9618?addrs=172.30.1.108-9618&alias=n8&noUDP&sock=slot1_19_4278_fce7_22061>
...
040 (311086.001.000) 2023-06-12 18:34:38 Started transferring input files
	Transferring to host: <172.30.1.108:9618?addrs=172.30.1.108-9618&alias=n8&noUDP&sock=slot1_21_4278_fce7_22062>
...
040 (311086.000.000) 2023-06-12 18:34:38 Finished transferring input files
...
040 (311086.001.000) 2023-06-12 18:34:38 Finished transferring input files
...
040 (311086.002.000) 2023-06-12 18:34:38 Started transferring input files
	Transferring to host: <172.30.1.108:9618?addrs=172.30.1.108-9618&alias=n8&noUDP&sock=slot1_22_4278_fce7_22063>
...
040 (311086.002.000) 2023-06-12 18:34:38 Finished transferring input files
...
040 (311086.003.000) 2023-06-12 18:34:38 Started transferring input files
	Transferring to host: <172.30.1.108:9618?addrs=172.30.1.108-9618&alias=n8&noUDP&sock=slot1_25_4278_fce7_22064>
...
040 (311086.004.000) 2023-06-12 18:34:38 Started transferring input files
	Transferring to host: <172.30.1.108:9618?addrs=172.30.1.108-9618&alias=n8&noUDP&sock=slot1_26_4278_fce7_22065>
...
040 (311086.003.000) 2023-06-12 18:34:38 Finished transferring input files
...
040 (311086.004.000) 2023-06-12 18:34:38 Finished transferring input files
...
040 (311086.005.000) 2023-06-12 18:34:38 Started transferring input files
	Transferring to host: <172.30.1.108:9618?addrs=172.30.1.108-9618&alias=n8&noUDP&sock=slot1_28_4278_fce7_22066>
...
040 (311086.005.000) 2023-06-12 18:34:38 Finished transferring input files
...
040 (311086.006.000) 2023-06-12 18:34:38 Started transferring input files
	Transferring to host: <172.30.1.108:9618?addrs=172.30.1.108-9618&alias=n8&noUDP&sock=slot1_29_4278_fce7_22067>
...
040 (311086.007.000) 2023-06-12 18:34:38 Started transferring input files
	Transferring to host: <172.30.1.108:9618?addrs=172.30.1.108-9618&alias=n8&noUDP&sock=slot1_30_4278_fce7_22068>
...
040 (311086.006.000) 2023-06-12 18:34:38 Finished transferring input files
...
040 (311086.008.000) 2023-06-12 18:34:38 Started transferring input files
	Transferring to host: <172.30.1.108:9618?addrs=172.30.1.108-9618&alias=n8&noUDP&sock=slot1_31_4278_fce7_22069>
...
040 (311086.007.000) 2023-06-12 18:34:38 Finished transferring input files
...
040 (311086.008.000) 2023-06-12 18:34:38 Finished transferring input files
...
040 (311086.009.000) 2023-06-12 18:34:38 Started transferring input files
	Transferring to host: <172.30.1.108:9618?addrs=172.30.1.108-9618&alias=n8&noUDP&sock=slot1_32_4278_fce7_22071>
...
040 (311086.009.000) 2023-06-12 18:34:38 Finished transferring input files
...
001 (311086.000.000) 2023-06-12 18:34:39 Job executing on host: <172.30.1.108:9618?addrs=172.30.1.108-9618&alias=n8&noUDP&sock=startd_4243_ec6e>
...
001 (311086.001.000) 2023-06-12 18:34:39 Job executing on host: <172.30.1.108:9618?addrs=172.30.1.108-9618&alias=n8&noUDP&sock=startd_4243_ec6e>
...
001 (311086.002.000) 2023-06-12 18:34:39 Job executing on host: <172.30.1.108:9618?addrs=172.30.1.108-9618&alias=n8&noUDP&sock=startd_4243_ec6e>
...
001 (311086.003.000) 2023-06-12 18:34:39 Job executing on host: <172.30.1.108:9618?addrs=172.30.1.108-9618&alias=n8&noUDP&sock=startd_4243_ec6e>
...
001 (311086.004.000) 2023-06-12 18:34:39 Job executing on host: <172.30.1.108:9618?addrs=172.30.1.108-9618&alias=n8&noUDP&sock=startd_4243_ec6e>
...
001 (311086.005.000) 2023-06-12 18:34:39 Job executing on host: <172.30.1.108:9618?addrs=172.30.1.108-9618&alias=n8&noUDP&sock=startd_4243_ec6e>
...
001 (311086.006.000) 2023-06-12 18:34:39 Job executing on host: <172.30.1.108:9618?addrs=172.30.1.108-9618&alias=n8&noUDP&sock=startd_4243_ec6e>
...
001 (311086.007.000) 2023-06-12 18:34:39 Job executing on host: <172.30.1.108:9618?addrs=172.30.1.108-9618&alias=n8&noUDP&sock=startd_4243_ec6e>
...
001 (311086.008.000) 2023-06-12 18:34:39 Job executing on host: <172.30.1.108:9618?addrs=172.30.1.108-9618&alias=n8&noUDP&sock=startd_4243_ec6e>
...
001 (311086.009.000) 2023-06-12 18:34:39 Job executing on host: <172.30.1.108:9618?addrs=172.30.1.108-9618&alias=n8&noUDP&sock=startd_4243_ec6e>
...
006 (311086.000.000) 2023-06-12 18:34:47 Image size of job updated: 187632
	184  -  MemoryUsage of job (MB)
	187632  -  ResidentSetSize of job (KB)
...
006 (311086.001.000) 2023-06-12 18:34:47 Image size of job updated: 188076
	184  -  MemoryUsage of job (MB)
	188076  -  ResidentSetSize of job (KB)
...
006 (311086.002.000) 2023-06-12 18:34:47 Image size of job updated: 187636
	184  -  MemoryUsage of job (MB)
	187636  -  ResidentSetSize of job (KB)
...
006 (311086.009.000) 2023-06-12 18:34:48 Image size of job updated: 647044
	184  -  MemoryUsage of job (MB)
	187836  -  ResidentSetSize of job (KB)
...
006 (311086.003.000) 2023-06-12 18:34:48 Image size of job updated: 647068
	184  -  MemoryUsage of job (MB)
	188100  -  ResidentSetSize of job (KB)
...
006 (311086.004.000) 2023-06-12 18:34:48 Image size of job updated: 647060
	184  -  MemoryUsage of job (MB)
	188096  -  ResidentSetSize of job (KB)
...
006 (311086.005.000) 2023-06-12 18:34:48 Image size of job updated: 647028
	184  -  MemoryUsage of job (MB)
	187848  -  ResidentSetSize of job (KB)
...
006 (311086.006.000) 2023-06-12 18:34:48 Image size of job updated: 647060
	184  -  MemoryUsage of job (MB)
	188072  -  ResidentSetSize of job (KB)
...
006 (311086.007.000) 2023-06-12 18:34:48 Image size of job updated: 647048
	184  -  MemoryUsage of job (MB)
	188140  -  ResidentSetSize of job (KB)
...
006 (311086.008.000) 2023-06-12 18:34:48 Image size of job updated: 647064
	184  -  MemoryUsage of job (MB)
	188076  -  ResidentSetSize of job (KB)
...
006 (311086.003.000) 2023-06-12 18:36:46 Image size of job updated: 697076
	184  -  MemoryUsage of job (MB)
	188100  -  ResidentSetSize of job (KB)
...
040 (311086.003.000) 2023-06-12 18:36:46 Started transferring output files
...
040 (311086.003.000) 2023-06-12 18:36:46 Finished transferring output files
...
005 (311086.003.000) 2023-06-12 18:36:46 Job terminated.
	(1) Normal termination (return value 0)
		Usr 0 00:02:01, Sys 0 00:00:02  -  Run Remote Usage
		Usr 0 00:00:00, Sys 0 00:00:00  -  Run Local Usage
		Usr 0 00:02:01, Sys 0 00:00:02  -  Total Remote Usage
		Usr 0 00:00:00, Sys 0 00:00:00  -  Total Local Usage
	9431  -  Run Bytes Sent By Job
	148  -  Run Bytes Received By Job
	9431  -  Total Bytes Sent By Job
	148  -  Total Bytes Received By Job
	Partitionable Resources :    Usage  Request Allocated 
	   Cpus                 :                 1         1 
	   Disk (KB)            :       54        1    127899 
	   Memory (MB)          :      184     3900      3968 

	Job terminated of its own accord at 2023-06-12T09:36:46Z.
...
006 (311086.009.000) 2023-06-12 18:36:54 Image size of job updated: 698348
	184  -  MemoryUsage of job (MB)
	187836  -  ResidentSetSize of job (KB)
...
040 (311086.009.000) 2023-06-12 18:36:54 Started transferring output files
...
040 (311086.009.000) 2023-06-12 18:36:54 Finished transferring output files
...
005 (311086.009.000) 2023-06-12 18:36:54 Job terminated.
	(1) Normal termination (return value 0)
		Usr 0 00:02:09, Sys 0 00:00:02  -  Run Remote Usage
		Usr 0 00:00:00, Sys 0 00:00:00  -  Run Local Usage
		Usr 0 00:02:09, Sys 0 00:00:02  -  Total Remote Usage
		Usr 0 00:00:00, Sys 0 00:00:00  -  Total Local Usage
	9591  -  Run Bytes Sent By Job
	148  -  Run Bytes Received By Job
	9591  -  Total Bytes Sent By Job
	148  -  Total Bytes Received By Job
	Partitionable Resources :    Usage  Request Allocated 
	   Cpus                 :                 1         1 
	   Disk (KB)            :       54        1    127899 
	   Memory (MB)          :      184     3900      3968 

	Job terminated of its own accord at 2023-06-12T09:36:54Z.
...
006 (311086.007.000) 2023-06-12 18:36:55 Image size of job updated: 698368
	184  -  MemoryUsage of job (MB)
	188140  -  ResidentSetSize of job (KB)
...
040 (311086.007.000) 2023-06-12 18:36:55 Started transferring output files
...
040 (311086.007.000) 2023-06-12 18:36:55 Finished transferring output files
...
005 (311086.007.000) 2023-06-12 18:36:55 Job terminated.
	(1) Normal termination (return value 0)
		Usr 0 00:02:08, Sys 0 00:00:02  -  Run Remote Usage
		Usr 0 00:00:00, Sys 0 00:00:00  -  Run Local Usage
		Usr 0 00:02:08, Sys 0 00:00:02  -  Total Remote Usage
		Usr 0 00:00:00, Sys 0 00:00:00  -  Total Local Usage
	9830  -  Run Bytes Sent By Job
	148  -  Run Bytes Received By Job
	9830  -  Total Bytes Sent By Job
	148  -  Total Bytes Received By Job
	Partitionable Resources :    Usage  Request Allocated 
	   Cpus                 :                 1         1 
	   Disk (KB)            :       54        1    127899 
	   Memory (MB)          :      184     3900      3968 

	Job terminated of its own accord at 2023-06-12T09:36:55Z.
...
006 (311086.006.000) 2023-06-12 18:37:01 Image size of job updated: 697120
	184  -  MemoryUsage of job (MB)
	188072  -  ResidentSetSize of job (KB)
...
040 (311086.006.000) 2023-06-12 18:37:01 Started transferring output files
...
040 (311086.006.000) 2023-06-12 18:37:01 Finished transferring output files
...
005 (311086.006.000) 2023-06-12 18:37:01 Job terminated.
	(1) Normal termination (return value 0)
		Usr 0 00:02:15, Sys 0 00:00:02  -  Run Remote Usage
		Usr 0 00:00:00, Sys 0 00:00:00  -  Run Local Usage
		Usr 0 00:02:15, Sys 0 00:00:02  -  Total Remote Usage
		Usr 0 00:00:00, Sys 0 00:00:00  -  Total Local Usage
	12096  -  Run Bytes Sent By Job
	148  -  Run Bytes Received By Job
	12096  -  Total Bytes Sent By Job
	148  -  Total Bytes Received By Job
	Partitionable Resources :    Usage  Request Allocated 
	   Cpus                 :                 1         1 
	   Disk (KB)            :       57        1    127899 
	   Memory (MB)          :      184     3900      3968 

	Job terminated of its own accord at 2023-06-12T09:37:01Z.
...
006 (311086.002.000) 2023-06-12 18:37:03 Image size of job updated: 697496
	184  -  MemoryUsage of job (MB)
	187636  -  ResidentSetSize of job (KB)
...
040 (311086.002.000) 2023-06-12 18:37:03 Started transferring output files
...
040 (311086.002.000) 2023-06-12 18:37:03 Finished transferring output files
...
005 (311086.002.000) 2023-06-12 18:37:04 Job terminated.
	(1) Normal termination (return value 0)
		Usr 0 00:02:20, Sys 0 00:00:02  -  Run Remote Usage
		Usr 0 00:00:00, Sys 0 00:00:00  -  Run Local Usage
		Usr 0 00:02:20, Sys 0 00:00:02  -  Total Remote Usage
		Usr 0 00:00:00, Sys 0 00:00:00  -  Total Local Usage
	9580  -  Run Bytes Sent By Job
	148  -  Run Bytes Received By Job
	9580  -  Total Bytes Sent By Job
	148  -  Total Bytes Received By Job
	Partitionable Resources :    Usage  Request Allocated 
	   Cpus                 :                 1         1 
	   Disk (KB)            :       54        1    127899 
	   Memory (MB)          :      184     3900      3968 

	Job terminated of its own accord at 2023-06-12T09:37:03Z.
...
006 (311086.000.000) 2023-06-12 18:37:07 Image size of job updated: 698380
	184  -  MemoryUsage of job (MB)
	187632  -  ResidentSetSize of job (KB)
...
040 (311086.000.000) 2023-06-12 18:37:07 Started transferring output files
...
040 (311086.000.000) 2023-06-12 18:37:07 Finished transferring output files
...
005 (311086.000.000) 2023-06-12 18:37:07 Job terminated.
	(1) Normal termination (return value 0)
		Usr 0 00:02:23, Sys 0 00:00:02  -  Run Remote Usage
		Usr 0 00:00:00, Sys 0 00:00:00  -  Run Local Usage
		Usr 0 00:02:23, Sys 0 00:00:02  -  Total Remote Usage
		Usr 0 00:00:00, Sys 0 00:00:00  -  Total Local Usage
	9822  -  Run Bytes Sent By Job
	148  -  Run Bytes Received By Job
	9822  -  Total Bytes Sent By Job
	148  -  Total Bytes Received By Job
	Partitionable Resources :    Usage  Request Allocated 
	   Cpus                 :                 1         1 
	   Disk (KB)            :       54        1    127899 
	   Memory (MB)          :      184     3900      3968 

	Job terminated of its own accord at 2023-06-12T09:37:07Z.
...
006 (311086.004.000) 2023-06-12 18:37:08 Image size of job updated: 697108
	184  -  MemoryUsage of job (MB)
	188096  -  ResidentSetSize of job (KB)
...
040 (311086.004.000) 2023-06-12 18:37:08 Started transferring output files
...
040 (311086.004.000) 2023-06-12 18:37:08 Finished transferring output files
...
005 (311086.004.000) 2023-06-12 18:37:08 Job terminated.
	(1) Normal termination (return value 0)
		Usr 0 00:02:23, Sys 0 00:00:02  -  Run Remote Usage
		Usr 0 00:00:00, Sys 0 00:00:00  -  Run Local Usage
		Usr 0 00:02:23, Sys 0 00:00:02  -  Total Remote Usage
		Usr 0 00:00:00, Sys 0 00:00:00  -  Total Local Usage
	8760  -  Run Bytes Sent By Job
	148  -  Run Bytes Received By Job
	8760  -  Total Bytes Sent By Job
	148  -  Total Bytes Received By Job
	Partitionable Resources :    Usage  Request Allocated 
	   Cpus                 :                 1         1 
	   Disk (KB)            :       53        1    127899 
	   Memory (MB)          :      184     3900      3968 

	Job terminated of its own accord at 2023-06-12T09:37:08Z.
...
006 (311086.008.000) 2023-06-12 18:37:13 Image size of job updated: 695292
	184  -  MemoryUsage of job (MB)
	188076  -  ResidentSetSize of job (KB)
...
040 (311086.008.000) 2023-06-12 18:37:13 Started transferring output files
...
040 (311086.008.000) 2023-06-12 18:37:13 Finished transferring output files
...
005 (311086.008.000) 2023-06-12 18:37:13 Job terminated.
	(1) Normal termination (return value 0)
		Usr 0 00:02:27, Sys 0 00:00:01  -  Run Remote Usage
		Usr 0 00:00:00, Sys 0 00:00:00  -  Run Local Usage
		Usr 0 00:02:27, Sys 0 00:00:01  -  Total Remote Usage
		Usr 0 00:00:00, Sys 0 00:00:00  -  Total Local Usage
	9923  -  Run Bytes Sent By Job
	148  -  Run Bytes Received By Job
	9923  -  Total Bytes Sent By Job
	148  -  Total Bytes Received By Job
	Partitionable Resources :    Usage  Request Allocated 
	   Cpus                 :                 1         1 
	   Disk (KB)            :       55        1    127899 
	   Memory (MB)          :      184     3900      3968 

	Job terminated of its own accord at 2023-06-12T09:37:13Z.
...
006 (311086.005.000) 2023-06-12 18:37:26 Image size of job updated: 698336
	184  -  MemoryUsage of job (MB)
	187848  -  ResidentSetSize of job (KB)
...
040 (311086.005.000) 2023-06-12 18:37:26 Started transferring output files
...
040 (311086.005.000) 2023-06-12 18:37:26 Finished transferring output files
...
005 (311086.005.000) 2023-06-12 18:37:26 Job terminated.
	(1) Normal termination (return value 0)
		Usr 0 00:02:41, Sys 0 00:00:02  -  Run Remote Usage
		Usr 0 00:00:00, Sys 0 00:00:00  -  Run Local Usage
		Usr 0 00:02:41, Sys 0 00:00:02  -  Total Remote Usage
		Usr 0 00:00:00, Sys 0 00:00:00  -  Total Local Usage
	9591  -  Run Bytes Sent By Job
	148  -  Run Bytes Received By Job
	9591  -  Total Bytes Sent By Job
	148  -  Total Bytes Received By Job
	Partitionable Resources :    Usage  Request Allocated 
	   Cpus                 :                 1         1 
	   Disk (KB)            :       54        1    127899 
	   Memory (MB)          :      184     3900      3968 

	Job terminated of its own accord at 2023-06-12T09:37:26Z.
...
006 (311086.001.000) 2023-06-12 18:37:37 Image size of job updated: 695328
	184  -  MemoryUsage of job (MB)
	188084  -  ResidentSetSize of job (KB)
...
040 (311086.001.000) 2023-06-12 18:37:37 Started transferring output files
...
040 (311086.001.000) 2023-06-12 18:37:37 Finished transferring output files
...
005 (311086.001.000) 2023-06-12 18:37:37 Job terminated.
	(1) Normal termination (return value 0)
		Usr 0 00:02:53, Sys 0 00:00:01  -  Run Remote Usage
		Usr 0 00:00:00, Sys 0 00:00:00  -  Run Local Usage
		Usr 0 00:02:53, Sys 0 00:00:01  -  Total Remote Usage
		Usr 0 00:00:00, Sys 0 00:00:00  -  Total Local Usage
	9822  -  Run Bytes Sent By Job
	148  -  Run Bytes Received By Job
	9822  -  Total Bytes Sent By Job
	148  -  Total Bytes Received By Job
	Partitionable Resources :    Usage  Request Allocated 
	   Cpus                 :                 1         1 
	   Disk (KB)            :       54        1    127899 
	   Memory (MB)          :      184     3900      3968 

	Job terminated of its own accord at 2023-06-12T09:37:37Z.
...
