000 (330224.000.000) 2023-07-25 13:01:08 Job submitted from host: <172.30.1.200:9618?addrs=172.30.1.200-9618&alias=tamsa2.snu.ac.kr&noUDP&sock=schedd_3510_2582>
...
000 (330224.001.000) 2023-07-25 13:01:08 Job submitted from host: <172.30.1.200:9618?addrs=172.30.1.200-9618&alias=tamsa2.snu.ac.kr&noUDP&sock=schedd_3510_2582>
...
000 (330224.002.000) 2023-07-25 13:01:08 Job submitted from host: <172.30.1.200:9618?addrs=172.30.1.200-9618&alias=tamsa2.snu.ac.kr&noUDP&sock=schedd_3510_2582>
...
000 (330224.003.000) 2023-07-25 13:01:08 Job submitted from host: <172.30.1.200:9618?addrs=172.30.1.200-9618&alias=tamsa2.snu.ac.kr&noUDP&sock=schedd_3510_2582>
...
000 (330224.004.000) 2023-07-25 13:01:08 Job submitted from host: <172.30.1.200:9618?addrs=172.30.1.200-9618&alias=tamsa2.snu.ac.kr&noUDP&sock=schedd_3510_2582>
...
000 (330224.005.000) 2023-07-25 13:01:08 Job submitted from host: <172.30.1.200:9618?addrs=172.30.1.200-9618&alias=tamsa2.snu.ac.kr&noUDP&sock=schedd_3510_2582>
...
000 (330224.006.000) 2023-07-25 13:01:08 Job submitted from host: <172.30.1.200:9618?addrs=172.30.1.200-9618&alias=tamsa2.snu.ac.kr&noUDP&sock=schedd_3510_2582>
...
000 (330224.007.000) 2023-07-25 13:01:08 Job submitted from host: <172.30.1.200:9618?addrs=172.30.1.200-9618&alias=tamsa2.snu.ac.kr&noUDP&sock=schedd_3510_2582>
...
000 (330224.008.000) 2023-07-25 13:01:08 Job submitted from host: <172.30.1.200:9618?addrs=172.30.1.200-9618&alias=tamsa2.snu.ac.kr&noUDP&sock=schedd_3510_2582>
...
000 (330224.009.000) 2023-07-25 13:01:08 Job submitted from host: <172.30.1.200:9618?addrs=172.30.1.200-9618&alias=tamsa2.snu.ac.kr&noUDP&sock=schedd_3510_2582>
...
001 (330224.008.000) 2023-07-25 13:01:18 Job executing on host: <172.30.1.209:9618?addrs=172.30.1.209-9618&alias=node9&noUDP&sock=startd_3776_99b3>
...
001 (330224.009.000) 2023-07-25 13:01:19 Job executing on host: <172.30.1.209:9618?addrs=172.30.1.209-9618&alias=node9&noUDP&sock=startd_3776_99b3>
...
001 (330224.000.000) 2023-07-25 13:01:25 Job executing on host: <172.30.1.208:9618?addrs=172.30.1.208-9618&alias=node8&noUDP&sock=startd_3802_6f2a>
...
001 (330224.001.000) 2023-07-25 13:01:25 Job executing on host: <172.30.1.208:9618?addrs=172.30.1.208-9618&alias=node8&noUDP&sock=startd_3802_6f2a>
...
001 (330224.002.000) 2023-07-25 13:01:25 Job executing on host: <172.30.1.208:9618?addrs=172.30.1.208-9618&alias=node8&noUDP&sock=startd_3802_6f2a>
...
001 (330224.005.000) 2023-07-25 13:01:25 Job executing on host: <172.30.1.208:9618?addrs=172.30.1.208-9618&alias=node8&noUDP&sock=startd_3802_6f2a>
...
001 (330224.006.000) 2023-07-25 13:01:25 Job executing on host: <172.30.1.208:9618?addrs=172.30.1.208-9618&alias=node8&noUDP&sock=startd_3802_6f2a>
...
001 (330224.003.000) 2023-07-25 13:01:25 Job executing on host: <172.30.1.208:9618?addrs=172.30.1.208-9618&alias=node8&noUDP&sock=startd_3802_6f2a>
...
001 (330224.004.000) 2023-07-25 13:01:25 Job executing on host: <172.30.1.208:9618?addrs=172.30.1.208-9618&alias=node8&noUDP&sock=startd_3802_6f2a>
...
001 (330224.007.000) 2023-07-25 13:01:25 Job executing on host: <172.30.1.208:9618?addrs=172.30.1.208-9618&alias=node8&noUDP&sock=startd_3802_6f2a>
...
006 (330224.008.000) 2023-07-25 13:01:27 Image size of job updated: 159804
	148  -  MemoryUsage of job (MB)
	150608  -  ResidentSetSize of job (KB)
...
006 (330224.009.000) 2023-07-25 13:01:29 Image size of job updated: 640040
	178  -  MemoryUsage of job (MB)
	181512  -  ResidentSetSize of job (KB)
...
006 (330224.000.000) 2023-07-25 13:01:34 Image size of job updated: 197188
	183  -  MemoryUsage of job (MB)
	186832  -  ResidentSetSize of job (KB)
...
006 (330224.001.000) 2023-07-25 13:01:34 Image size of job updated: 196296
	183  -  MemoryUsage of job (MB)
	186740  -  ResidentSetSize of job (KB)
...
006 (330224.006.000) 2023-07-25 13:01:34 Image size of job updated: 189500
	183  -  MemoryUsage of job (MB)
	186780  -  ResidentSetSize of job (KB)
...
006 (330224.002.000) 2023-07-25 13:01:34 Image size of job updated: 191848
	183  -  MemoryUsage of job (MB)
	186692  -  ResidentSetSize of job (KB)
...
006 (330224.005.000) 2023-07-25 13:01:34 Image size of job updated: 216776
	206  -  MemoryUsage of job (MB)
	210872  -  ResidentSetSize of job (KB)
...
006 (330224.004.000) 2023-07-25 13:01:34 Image size of job updated: 202220
	192  -  MemoryUsage of job (MB)
	195928  -  ResidentSetSize of job (KB)
...
006 (330224.003.000) 2023-07-25 13:01:34 Image size of job updated: 188784
	183  -  MemoryUsage of job (MB)
	186732  -  ResidentSetSize of job (KB)
...
006 (330224.007.000) 2023-07-25 13:01:34 Image size of job updated: 193820
	185  -  MemoryUsage of job (MB)
	188764  -  ResidentSetSize of job (KB)
...
006 (330224.009.000) 2023-07-25 13:01:40 Image size of job updated: 686480
	178  -  MemoryUsage of job (MB)
	181516  -  ResidentSetSize of job (KB)
...
005 (330224.009.000) 2023-07-25 13:01:40 Job terminated.
	(1) Normal termination (return value 0)
		Usr 0 00:00:12, Sys 0 00:00:01  -  Run Remote Usage
		Usr 0 00:00:00, Sys 0 00:00:00  -  Run Local Usage
		Usr 0 00:00:12, Sys 0 00:00:01  -  Total Remote Usage
		Usr 0 00:00:00, Sys 0 00:00:00  -  Total Local Usage
	0  -  Run Bytes Sent By Job
	0  -  Run Bytes Received By Job
	0  -  Total Bytes Sent By Job
	0  -  Total Bytes Received By Job
	Partitionable Resources :    Usage  Request Allocated 
	   Cpus                 :                 1         1 
	   Disk (KB)            :        1        1    128928 
	   Memory (MB)          :      178     3900      3968 

	Job terminated of its own accord at 2023-07-25T04:01:40Z.
...
006 (330224.008.000) 2023-07-25 13:01:40 Image size of job updated: 687232
	148  -  MemoryUsage of job (MB)
	150620  -  ResidentSetSize of job (KB)
...
005 (330224.008.000) 2023-07-25 13:01:40 Job terminated.
	(1) Normal termination (return value 0)
		Usr 0 00:00:13, Sys 0 00:00:01  -  Run Remote Usage
		Usr 0 00:00:00, Sys 0 00:00:00  -  Run Local Usage
		Usr 0 00:00:13, Sys 0 00:00:01  -  Total Remote Usage
		Usr 0 00:00:00, Sys 0 00:00:00  -  Total Local Usage
	0  -  Run Bytes Sent By Job
	0  -  Run Bytes Received By Job
	0  -  Total Bytes Sent By Job
	0  -  Total Bytes Received By Job
	Partitionable Resources :    Usage  Request Allocated 
	   Cpus                 :                 1         1 
	   Disk (KB)            :        1        1    128928 
	   Memory (MB)          :      148     3900      3968 

	Job terminated of its own accord at 2023-07-25T04:01:40Z.
...
006 (330224.005.000) 2023-07-25 13:01:43 Image size of job updated: 686352
	206  -  MemoryUsage of job (MB)
	210872  -  ResidentSetSize of job (KB)
...
005 (330224.005.000) 2023-07-25 13:01:43 Job terminated.
	(1) Normal termination (return value 0)
		Usr 0 00:00:13, Sys 0 00:00:01  -  Run Remote Usage
		Usr 0 00:00:00, Sys 0 00:00:00  -  Run Local Usage
		Usr 0 00:00:13, Sys 0 00:00:01  -  Total Remote Usage
		Usr 0 00:00:00, Sys 0 00:00:00  -  Total Local Usage
	0  -  Run Bytes Sent By Job
	0  -  Run Bytes Received By Job
	0  -  Total Bytes Sent By Job
	0  -  Total Bytes Received By Job
	Partitionable Resources :    Usage  Request Allocated 
	   Cpus                 :                 1         1 
	   Disk (KB)            :        1        1    128928 
	   Memory (MB)          :      206     3900      3968 

	Job terminated of its own accord at 2023-07-25T04:01:43Z.
...
006 (330224.002.000) 2023-07-25 13:01:44 Image size of job updated: 686436
	183  -  MemoryUsage of job (MB)
	186692  -  ResidentSetSize of job (KB)
...
005 (330224.002.000) 2023-07-25 13:01:44 Job terminated.
	(1) Normal termination (return value 0)
		Usr 0 00:00:14, Sys 0 00:00:01  -  Run Remote Usage
		Usr 0 00:00:00, Sys 0 00:00:00  -  Run Local Usage
		Usr 0 00:00:14, Sys 0 00:00:01  -  Total Remote Usage
		Usr 0 00:00:00, Sys 0 00:00:00  -  Total Local Usage
	0  -  Run Bytes Sent By Job
	0  -  Run Bytes Received By Job
	0  -  Total Bytes Sent By Job
	0  -  Total Bytes Received By Job
	Partitionable Resources :    Usage  Request Allocated 
	   Cpus                 :                 1         1 
	   Disk (KB)            :        1        1    128928 
	   Memory (MB)          :      183     3900      3968 

	Job terminated of its own accord at 2023-07-25T04:01:43Z.
...
006 (330224.000.000) 2023-07-25 13:01:44 Image size of job updated: 686604
	183  -  MemoryUsage of job (MB)
	186832  -  ResidentSetSize of job (KB)
...
005 (330224.000.000) 2023-07-25 13:01:44 Job terminated.
	(1) Normal termination (return value 0)
		Usr 0 00:00:15, Sys 0 00:00:01  -  Run Remote Usage
		Usr 0 00:00:00, Sys 0 00:00:00  -  Run Local Usage
		Usr 0 00:00:15, Sys 0 00:00:01  -  Total Remote Usage
		Usr 0 00:00:00, Sys 0 00:00:00  -  Total Local Usage
	0  -  Run Bytes Sent By Job
	0  -  Run Bytes Received By Job
	0  -  Total Bytes Sent By Job
	0  -  Total Bytes Received By Job
	Partitionable Resources :    Usage  Request Allocated 
	   Cpus                 :                 1         1 
	   Disk (KB)            :        1        1    128928 
	   Memory (MB)          :      183     3900      3968 

	Job terminated of its own accord at 2023-07-25T04:01:44Z.
...
006 (330224.006.000) 2023-07-25 13:01:47 Image size of job updated: 686560
	183  -  MemoryUsage of job (MB)
	186780  -  ResidentSetSize of job (KB)
...
005 (330224.006.000) 2023-07-25 13:01:47 Job terminated.
	(1) Normal termination (return value 0)
		Usr 0 00:00:17, Sys 0 00:00:01  -  Run Remote Usage
		Usr 0 00:00:00, Sys 0 00:00:00  -  Run Local Usage
		Usr 0 00:00:17, Sys 0 00:00:01  -  Total Remote Usage
		Usr 0 00:00:00, Sys 0 00:00:00  -  Total Local Usage
	0  -  Run Bytes Sent By Job
	0  -  Run Bytes Received By Job
	0  -  Total Bytes Sent By Job
	0  -  Total Bytes Received By Job
	Partitionable Resources :    Usage  Request Allocated 
	   Cpus                 :                 1         1 
	   Disk (KB)            :        1        1    128928 
	   Memory (MB)          :      183     3900      3968 

	Job terminated of its own accord at 2023-07-25T04:01:47Z.
...
006 (330224.007.000) 2023-07-25 13:01:47 Image size of job updated: 688248
	185  -  MemoryUsage of job (MB)
	188780  -  ResidentSetSize of job (KB)
...
005 (330224.007.000) 2023-07-25 13:01:47 Job terminated.
	(1) Normal termination (return value 0)
		Usr 0 00:00:18, Sys 0 00:00:01  -  Run Remote Usage
		Usr 0 00:00:00, Sys 0 00:00:00  -  Run Local Usage
		Usr 0 00:00:18, Sys 0 00:00:01  -  Total Remote Usage
		Usr 0 00:00:00, Sys 0 00:00:00  -  Total Local Usage
	0  -  Run Bytes Sent By Job
	0  -  Run Bytes Received By Job
	0  -  Total Bytes Sent By Job
	0  -  Total Bytes Received By Job
	Partitionable Resources :    Usage  Request Allocated 
	   Cpus                 :                 1         1 
	   Disk (KB)            :        1        1    128928 
	   Memory (MB)          :      185     3900      3968 

	Job terminated of its own accord at 2023-07-25T04:01:47Z.
...
006 (330224.001.000) 2023-07-25 13:01:48 Image size of job updated: 688348
	183  -  MemoryUsage of job (MB)
	186740  -  ResidentSetSize of job (KB)
...
005 (330224.001.000) 2023-07-25 13:01:48 Job terminated.
	(1) Normal termination (return value 0)
		Usr 0 00:00:18, Sys 0 00:00:01  -  Run Remote Usage
		Usr 0 00:00:00, Sys 0 00:00:00  -  Run Local Usage
		Usr 0 00:00:18, Sys 0 00:00:01  -  Total Remote Usage
		Usr 0 00:00:00, Sys 0 00:00:00  -  Total Local Usage
	0  -  Run Bytes Sent By Job
	0  -  Run Bytes Received By Job
	0  -  Total Bytes Sent By Job
	0  -  Total Bytes Received By Job
	Partitionable Resources :    Usage  Request Allocated 
	   Cpus                 :                 1         1 
	   Disk (KB)            :        1        1    128928 
	   Memory (MB)          :      183     3900      3968 

	Job terminated of its own accord at 2023-07-25T04:01:48Z.
...
006 (330224.003.000) 2023-07-25 13:01:48 Image size of job updated: 687196
	183  -  MemoryUsage of job (MB)
	186732  -  ResidentSetSize of job (KB)
...
005 (330224.003.000) 2023-07-25 13:01:48 Job terminated.
	(1) Normal termination (return value 0)
		Usr 0 00:00:18, Sys 0 00:00:01  -  Run Remote Usage
		Usr 0 00:00:00, Sys 0 00:00:00  -  Run Local Usage
		Usr 0 00:00:18, Sys 0 00:00:01  -  Total Remote Usage
		Usr 0 00:00:00, Sys 0 00:00:00  -  Total Local Usage
	0  -  Run Bytes Sent By Job
	0  -  Run Bytes Received By Job
	0  -  Total Bytes Sent By Job
	0  -  Total Bytes Received By Job
	Partitionable Resources :    Usage  Request Allocated 
	   Cpus                 :                 1         1 
	   Disk (KB)            :        1        1    128928 
	   Memory (MB)          :      183     3900      3968 

	Job terminated of its own accord at 2023-07-25T04:01:48Z.
...
006 (330224.004.000) 2023-07-25 13:01:50 Image size of job updated: 687580
	192  -  MemoryUsage of job (MB)
	196064  -  ResidentSetSize of job (KB)
...
005 (330224.004.000) 2023-07-25 13:01:50 Job terminated.
	(1) Normal termination (return value 0)
		Usr 0 00:00:20, Sys 0 00:00:01  -  Run Remote Usage
		Usr 0 00:00:00, Sys 0 00:00:00  -  Run Local Usage
		Usr 0 00:00:20, Sys 0 00:00:01  -  Total Remote Usage
		Usr 0 00:00:00, Sys 0 00:00:00  -  Total Local Usage
	0  -  Run Bytes Sent By Job
	0  -  Run Bytes Received By Job
	0  -  Total Bytes Sent By Job
	0  -  Total Bytes Received By Job
	Partitionable Resources :    Usage  Request Allocated 
	   Cpus                 :                 1         1 
	   Disk (KB)            :        1        1    128928 
	   Memory (MB)          :      192     3900      3968 

	Job terminated of its own accord at 2023-07-25T04:01:50Z.
...
