Starts at Fri Jun  9 15:30:52 2023
[tnp_tamsa] Use Configs["POGMVANoIsoWP90_2017"] from config/reproducePOG_v1.py
Fit ibin = 2
['HistPdf::sigPhysPass(x,histPass_genmatching_genmass,2)', 'HistPdf::sigPhysFail(x,histFail_genmatching_genmass,2)', 'RooCBShape::sigResPass(x,meanP[-0.0,-5.0,5.0],sigmaP[1,0.3,10.0],alphaP[2.0,1.2,3.5],nP[3,-5,5])', 'RooCBShape::sigResFail(x,meanF[-0.0,-5.0,5.0],sigmaF[1,0.3,10.0],alphaF[2.0,1.2,3.5],nF[3,-5,5])', 'FCONV::sigPass(x, sigPhysPass , sigResPass)', 'FCONV::sigFail(x, sigPhysFail , sigResFail)', 'Fit sigPass histPass_genmatching', 'Fit sigFail histFail_genmatching', 'SetConstant alphaP nP alphaF nF', 'RooCMSShape::bkgPass(x,acmsP[60.,50.,80.],betaP[0.05,0.01,0.08],gammaP[0.1, -1, 1],peakP[90.0])', 'RooCMSShape::bkgFail(x,acmsF[60.,50.,80.],betaF[0.05,0.01,0.08],gammaF[0.1, -1, 1],peakF[90.0])']
Fit ibin = 12
['HistPdf::sigPhysPass(x,histPass_genmatching_genmass,2)', 'HistPdf::sigPhysFail(x,histFail_genmatching_genmass,2)', 'RooCBShape::sigResPass(x,meanP[-0.0,-5.0,5.0],sigmaP[1,0.3,10.0],alphaP[2.0,1.2,3.5],nP[3,-5,5])', 'RooCBShape::sigResFail(x,meanF[-0.0,-5.0,5.0],sigmaF[1,0.3,10.0],alphaF[2.0,1.2,3.5],nF[3,-5,5])', 'FCONV::sigPass(x, sigPhysPass , sigResPass)', 'FCONV::sigFail(x, sigPhysFail , sigResFail)', 'Fit sigPass histPass_genmatching', 'Fit sigFail histFail_genmatching', 'SetConstant alphaP nP alphaF nF', 'RooCMSShape::bkgPass(x,acmsP[60.,50.,80.],betaP[0.05,0.01,0.08],gammaP[0.1, -1, 1],peakP[90.0])', 'RooCMSShape::bkgFail(x,acmsF[60.,50.,80.],betaF[0.05,0.01,0.08],gammaF[0.1, -1, 1],peakF[90.0])']
Fit ibin = 22
Warning: non-zero fit status 3
['HistPdf::sigPhysPass(x,histPass_genmatching_genmass,2)', 'HistPdf::sigPhysFail(x,histFail_genmatching_genmass,2)', 'RooCBShape::sigResPass(x,meanP[-0.0,-5.0,5.0],sigmaP[1,0.3,10.0],alphaP[2.0,1.2,3.5],nP[3,-5,5])', 'RooCBShape::sigResFail(x,meanF[-0.0,-5.0,5.0],sigmaF[1,0.3,10.0],alphaF[2.0,1.2,3.5],nF[3,-5,5])', 'FCONV::sigPass(x, sigPhysPass , sigResPass)', 'FCONV::sigFail(x, sigPhysFail , sigResFail)', 'Fit sigPass histPass_genmatching', 'Fit sigFail histFail_genmatching', 'SetConstant alphaP nP alphaF nF', 'RooCMSShape::bkgPass(x,acmsP[60.,50.,80.],betaP[0.05,0.01,0.08],gammaP[0.1, -1, 1],peakP[90.0])', 'RooCMSShape::bkgFail(x,acmsF[60.,50.,80.],betaF[0.05,0.01,0.08],gammaF[0.1, -1, 1],peakF[90.0])']
Fit ibin = 32
['HistPdf::sigPhysPass(x,histPass_genmatching_genmass,2)', 'HistPdf::sigPhysFail(x,histFail_genmatching_genmass,2)', 'RooCBShape::sigResPass(x,meanP[-0.0,-5.0,5.0],sigmaP[1,0.3,10.0],alphaP[2.0,1.2,3.5],nP[3,-5,5])', 'RooCBShape::sigResFail(x,meanF[-0.0,-5.0,5.0],sigmaF[1,0.3,10.0],alphaF[2.0,1.2,3.5],nF[3,-5,5])', 'FCONV::sigPass(x, sigPhysPass , sigResPass)', 'FCONV::sigFail(x, sigPhysFail , sigResFail)', 'Fit sigPass histPass_genmatching', 'Fit sigFail histFail_genmatching', 'SetConstant alphaP nP alphaF nF', 'RooCMSShape::bkgPass(x,acmsP[60.,50.,80.],betaP[0.05,0.01,0.08],gammaP[0.1, -1, 1],peakP[90.0])', 'RooCMSShape::bkgFail(x,acmsF[60.,50.,80.],betaF[0.05,0.01,0.08],gammaF[0.1, -1, 1],peakF[90.0])']
Fit ibin = 42
['HistPdf::sigPhysPass(x,histPass_genmatching_genmass,2)', 'HistPdf::sigPhysFail(x,histFail_genmatching_genmass,2)', 'RooCBShape::sigResPass(x,meanP[-0.0,-5.0,5.0],sigmaP[1,0.3,10.0],alphaP[2.0,1.2,3.5],nP[3,-5,5])', 'RooCBShape::sigResFail(x,meanF[-0.0,-5.0,5.0],sigmaF[1,0.3,10.0],alphaF[2.0,1.2,3.5],nF[3,-5,5])', 'FCONV::sigPass(x, sigPhysPass , sigResPass)', 'FCONV::sigFail(x, sigPhysFail , sigResFail)', 'Fit sigPass histPass_genmatching', 'Fit sigFail histFail_genmatching', 'SetConstant alphaP nP alphaF nF', 'RooCMSShape::bkgPass(x,acmsP[60.,50.,80.],betaP[0.05,0.01,0.08],gammaP[0.1, -1, 1],peakP[90.0])', 'RooCMSShape::bkgFail(x,acmsF[60.,50.,80.],betaF[0.05,0.01,0.08],gammaF[0.1, -1, 1],peakF[90.0])']
Warning: non-zero fit status 0
Fit ibin = 52
Warning: non-zero fit status 302
['HistPdf::sigPhysPass(x,histPass_genmatching_genmass,2)', 'HistPdf::sigPhysFail(x,histFail_genmatching_genmass,2)', 'RooCBShape::sigResPass(x,meanP[-0.0,-5.0,5.0],sigmaP[1,0.3,10.0],alphaP[2.0,1.2,3.5],nP[3,-5,5])', 'RooCBShape::sigResFail(x,meanF[-0.0,-5.0,5.0],sigmaF[1,0.3,10.0],alphaF[2.0,1.2,3.5],nF[3,-5,5])', 'FCONV::sigPass(x, sigPhysPass , sigResPass)', 'FCONV::sigFail(x, sigPhysFail , sigResFail)', 'Fit sigPass histPass_genmatching', 'Fit sigFail histFail_genmatching', 'SetConstant alphaP nP alphaF nF', 'RooCMSShape::bkgPass(x,acmsP[60.,50.,80.],betaP[0.05,0.01,0.08],gammaP[0.1, -1, 1],peakP[90.0])', 'RooCMSShape::bkgFail(x,acmsF[60.,50.,80.],betaF[0.05,0.01,0.08],gammaF[0.1, -1, 1],peakF[90.0])']
Warning: non-zero fit status 302
Ends at  Fri Jun  9 15:31:52 2023
Time took 60.574753046 seconds.
