000 (310992.000.000) 2023-06-12 17:15:41 Job submitted from host: <172.30.1.200:9618?addrs=172.30.1.200-9618&alias=tamsa2.snu.ac.kr&noUDP&sock=schedd_3510_2582>
...
000 (310992.001.000) 2023-06-12 17:15:41 Job submitted from host: <172.30.1.200:9618?addrs=172.30.1.200-9618&alias=tamsa2.snu.ac.kr&noUDP&sock=schedd_3510_2582>
...
000 (310992.002.000) 2023-06-12 17:15:41 Job submitted from host: <172.30.1.200:9618?addrs=172.30.1.200-9618&alias=tamsa2.snu.ac.kr&noUDP&sock=schedd_3510_2582>
...
000 (310992.003.000) 2023-06-12 17:15:41 Job submitted from host: <172.30.1.200:9618?addrs=172.30.1.200-9618&alias=tamsa2.snu.ac.kr&noUDP&sock=schedd_3510_2582>
...
000 (310992.004.000) 2023-06-12 17:15:41 Job submitted from host: <172.30.1.200:9618?addrs=172.30.1.200-9618&alias=tamsa2.snu.ac.kr&noUDP&sock=schedd_3510_2582>
...
000 (310992.005.000) 2023-06-12 17:15:41 Job submitted from host: <172.30.1.200:9618?addrs=172.30.1.200-9618&alias=tamsa2.snu.ac.kr&noUDP&sock=schedd_3510_2582>
...
000 (310992.006.000) 2023-06-12 17:15:41 Job submitted from host: <172.30.1.200:9618?addrs=172.30.1.200-9618&alias=tamsa2.snu.ac.kr&noUDP&sock=schedd_3510_2582>
...
000 (310992.007.000) 2023-06-12 17:15:41 Job submitted from host: <172.30.1.200:9618?addrs=172.30.1.200-9618&alias=tamsa2.snu.ac.kr&noUDP&sock=schedd_3510_2582>
...
000 (310992.008.000) 2023-06-12 17:15:41 Job submitted from host: <172.30.1.200:9618?addrs=172.30.1.200-9618&alias=tamsa2.snu.ac.kr&noUDP&sock=schedd_3510_2582>
...
000 (310992.009.000) 2023-06-12 17:15:41 Job submitted from host: <172.30.1.200:9618?addrs=172.30.1.200-9618&alias=tamsa2.snu.ac.kr&noUDP&sock=schedd_3510_2582>
...
001 (310992.000.000) 2023-06-12 17:15:56 Job executing on host: <172.30.1.205:9618?addrs=172.30.1.205-9618&alias=node5&noUDP&sock=startd_3770_7c22>
...
001 (310992.003.000) 2023-06-12 17:15:56 Job executing on host: <172.30.1.208:9618?addrs=172.30.1.208-9618&alias=node8&noUDP&sock=startd_3802_6f2a>
...
001 (310992.002.000) 2023-06-12 17:15:56 Job executing on host: <172.30.1.204:9618?addrs=172.30.1.204-9618&alias=node4&noUDP&sock=startd_3843_8e8c>
...
001 (310992.001.000) 2023-06-12 17:15:56 Job executing on host: <172.30.1.205:9618?addrs=172.30.1.205-9618&alias=node5&noUDP&sock=startd_3770_7c22>
...
001 (310992.004.000) 2023-06-12 17:15:56 Job executing on host: <172.30.1.208:9618?addrs=172.30.1.208-9618&alias=node8&noUDP&sock=startd_3802_6f2a>
...
001 (310992.009.000) 2023-06-12 17:15:56 Job executing on host: <172.30.1.209:9618?addrs=172.30.1.209-9618&alias=node9&noUDP&sock=startd_3776_99b3>
...
001 (310992.005.000) 2023-06-12 17:15:56 Job executing on host: <172.30.1.208:9618?addrs=172.30.1.208-9618&alias=node8&noUDP&sock=startd_3802_6f2a>
...
001 (310992.007.000) 2023-06-12 17:15:56 Job executing on host: <172.30.1.208:9618?addrs=172.30.1.208-9618&alias=node8&noUDP&sock=startd_3802_6f2a>
...
001 (310992.008.000) 2023-06-12 17:15:57 Job executing on host: <172.30.1.208:9618?addrs=172.30.1.208-9618&alias=node8&noUDP&sock=startd_3802_6f2a>
...
001 (310992.006.000) 2023-06-12 17:15:57 Job executing on host: <172.30.1.208:9618?addrs=172.30.1.208-9618&alias=node8&noUDP&sock=startd_3802_6f2a>
...
006 (310992.007.000) 2023-06-12 17:16:05 Image size of job updated: 567088
	184  -  MemoryUsage of job (MB)
	187484  -  ResidentSetSize of job (KB)
...
006 (310992.008.000) 2023-06-12 17:16:05 Image size of job updated: 606012
	184  -  MemoryUsage of job (MB)
	187516  -  ResidentSetSize of job (KB)
...
006 (310992.006.000) 2023-06-12 17:16:05 Image size of job updated: 606012
	184  -  MemoryUsage of job (MB)
	187488  -  ResidentSetSize of job (KB)
...
006 (310992.000.000) 2023-06-12 17:16:05 Image size of job updated: 400420
	183  -  MemoryUsage of job (MB)
	187220  -  ResidentSetSize of job (KB)
...
006 (310992.003.000) 2023-06-12 17:16:05 Image size of job updated: 606008
	195  -  MemoryUsage of job (MB)
	199532  -  ResidentSetSize of job (KB)
...
006 (310992.002.000) 2023-06-12 17:16:05 Image size of job updated: 385952
	176  -  MemoryUsage of job (MB)
	179392  -  ResidentSetSize of job (KB)
...
006 (310992.001.000) 2023-06-12 17:16:05 Image size of job updated: 400420
	183  -  MemoryUsage of job (MB)
	187216  -  ResidentSetSize of job (KB)
...
006 (310992.004.000) 2023-06-12 17:16:05 Image size of job updated: 606524
	186  -  MemoryUsage of job (MB)
	189736  -  ResidentSetSize of job (KB)
...
006 (310992.009.000) 2023-06-12 17:16:05 Image size of job updated: 187480
	184  -  MemoryUsage of job (MB)
	187480  -  ResidentSetSize of job (KB)
...
006 (310992.005.000) 2023-06-12 17:16:05 Image size of job updated: 600364
	194  -  MemoryUsage of job (MB)
	198152  -  ResidentSetSize of job (KB)
...
006 (310992.003.000) 2023-06-12 17:16:14 Image size of job updated: 606008
	195  -  MemoryUsage of job (MB)
	199564  -  ResidentSetSize of job (KB)
...
005 (310992.003.000) 2023-06-12 17:16:15 Job terminated.
	(1) Normal termination (return value 0)
		Usr 0 00:00:13, Sys 0 00:00:01  -  Run Remote Usage
		Usr 0 00:00:00, Sys 0 00:00:00  -  Run Local Usage
		Usr 0 00:00:13, Sys 0 00:00:01  -  Total Remote Usage
		Usr 0 00:00:00, Sys 0 00:00:00  -  Total Local Usage
	0  -  Run Bytes Sent By Job
	0  -  Run Bytes Received By Job
	0  -  Total Bytes Sent By Job
	0  -  Total Bytes Received By Job
	Partitionable Resources :    Usage  Request Allocated 
	   Cpus                 :                 1         1 
	   Disk (KB)            :        1        1    128928 
	   Memory (MB)          :      195     3900      3968 

	Job terminated of its own accord at 2023-06-12T08:16:14Z.
...
006 (310992.008.000) 2023-06-12 17:16:15 Image size of job updated: 686260
	184  -  MemoryUsage of job (MB)
	187516  -  ResidentSetSize of job (KB)
...
005 (310992.008.000) 2023-06-12 17:16:15 Job terminated.
	(1) Normal termination (return value 0)
		Usr 0 00:00:14, Sys 0 00:00:01  -  Run Remote Usage
		Usr 0 00:00:00, Sys 0 00:00:00  -  Run Local Usage
		Usr 0 00:00:14, Sys 0 00:00:01  -  Total Remote Usage
		Usr 0 00:00:00, Sys 0 00:00:00  -  Total Local Usage
	0  -  Run Bytes Sent By Job
	0  -  Run Bytes Received By Job
	0  -  Total Bytes Sent By Job
	0  -  Total Bytes Received By Job
	Partitionable Resources :    Usage  Request Allocated 
	   Cpus                 :                 1         1 
	   Disk (KB)            :        1        1    128928 
	   Memory (MB)          :      184     3900      3968 

	Job terminated of its own accord at 2023-06-12T08:16:15Z.
...
006 (310992.005.000) 2023-06-12 17:16:16 Image size of job updated: 688220
	194  -  MemoryUsage of job (MB)
	198152  -  ResidentSetSize of job (KB)
...
005 (310992.005.000) 2023-06-12 17:16:16 Job terminated.
	(1) Normal termination (return value 0)
		Usr 0 00:00:15, Sys 0 00:00:01  -  Run Remote Usage
		Usr 0 00:00:00, Sys 0 00:00:00  -  Run Local Usage
		Usr 0 00:00:15, Sys 0 00:00:01  -  Total Remote Usage
		Usr 0 00:00:00, Sys 0 00:00:00  -  Total Local Usage
	0  -  Run Bytes Sent By Job
	0  -  Run Bytes Received By Job
	0  -  Total Bytes Sent By Job
	0  -  Total Bytes Received By Job
	Partitionable Resources :    Usage  Request Allocated 
	   Cpus                 :                 1         1 
	   Disk (KB)            :        1        1    128928 
	   Memory (MB)          :      194     3900      3968 

	Job terminated of its own accord at 2023-06-12T08:16:16Z.
...
006 (310992.006.000) 2023-06-12 17:16:17 Image size of job updated: 689644
	184  -  MemoryUsage of job (MB)
	187488  -  ResidentSetSize of job (KB)
...
005 (310992.006.000) 2023-06-12 17:16:17 Job terminated.
	(1) Normal termination (return value 0)
		Usr 0 00:00:16, Sys 0 00:00:01  -  Run Remote Usage
		Usr 0 00:00:00, Sys 0 00:00:00  -  Run Local Usage
		Usr 0 00:00:16, Sys 0 00:00:01  -  Total Remote Usage
		Usr 0 00:00:00, Sys 0 00:00:00  -  Total Local Usage
	0  -  Run Bytes Sent By Job
	0  -  Run Bytes Received By Job
	0  -  Total Bytes Sent By Job
	0  -  Total Bytes Received By Job
	Partitionable Resources :    Usage  Request Allocated 
	   Cpus                 :                 1         1 
	   Disk (KB)            :        1        1    128928 
	   Memory (MB)          :      184     3900      3968 

	Job terminated of its own accord at 2023-06-12T08:16:17Z.
...
006 (310992.004.000) 2023-06-12 17:16:19 Image size of job updated: 686240
	186  -  MemoryUsage of job (MB)
	189736  -  ResidentSetSize of job (KB)
...
005 (310992.004.000) 2023-06-12 17:16:19 Job terminated.
	(1) Normal termination (return value 0)
		Usr 0 00:00:19, Sys 0 00:00:01  -  Run Remote Usage
		Usr 0 00:00:00, Sys 0 00:00:00  -  Run Local Usage
		Usr 0 00:00:19, Sys 0 00:00:01  -  Total Remote Usage
		Usr 0 00:00:00, Sys 0 00:00:00  -  Total Local Usage
	0  -  Run Bytes Sent By Job
	0  -  Run Bytes Received By Job
	0  -  Total Bytes Sent By Job
	0  -  Total Bytes Received By Job
	Partitionable Resources :    Usage  Request Allocated 
	   Cpus                 :                 1         1 
	   Disk (KB)            :        1        1    128928 
	   Memory (MB)          :      186     3900      3968 

	Job terminated of its own accord at 2023-06-12T08:16:19Z.
...
006 (310992.009.000) 2023-06-12 17:16:20 Image size of job updated: 686440
	184  -  MemoryUsage of job (MB)
	187480  -  ResidentSetSize of job (KB)
...
005 (310992.009.000) 2023-06-12 17:16:20 Job terminated.
	(1) Normal termination (return value 0)
		Usr 0 00:00:17, Sys 0 00:00:01  -  Run Remote Usage
		Usr 0 00:00:00, Sys 0 00:00:00  -  Run Local Usage
		Usr 0 00:00:17, Sys 0 00:00:01  -  Total Remote Usage
		Usr 0 00:00:00, Sys 0 00:00:00  -  Total Local Usage
	0  -  Run Bytes Sent By Job
	0  -  Run Bytes Received By Job
	0  -  Total Bytes Sent By Job
	0  -  Total Bytes Received By Job
	Partitionable Resources :    Usage  Request Allocated 
	   Cpus                 :                 1         1 
	   Disk (KB)            :        1        1    128928 
	   Memory (MB)          :      184     3900      3968 

	Job terminated of its own accord at 2023-06-12T08:16:20Z.
...
006 (310992.000.000) 2023-06-12 17:16:22 Image size of job updated: 686388
	183  -  MemoryUsage of job (MB)
	187220  -  ResidentSetSize of job (KB)
...
005 (310992.000.000) 2023-06-12 17:16:22 Job terminated.
	(1) Normal termination (return value 0)
		Usr 0 00:00:19, Sys 0 00:00:01  -  Run Remote Usage
		Usr 0 00:00:00, Sys 0 00:00:00  -  Run Local Usage
		Usr 0 00:00:19, Sys 0 00:00:01  -  Total Remote Usage
		Usr 0 00:00:00, Sys 0 00:00:00  -  Total Local Usage
	0  -  Run Bytes Sent By Job
	0  -  Run Bytes Received By Job
	0  -  Total Bytes Sent By Job
	0  -  Total Bytes Received By Job
	Partitionable Resources :    Usage  Request Allocated 
	   Cpus                 :                 1         1 
	   Disk (KB)            :        1        1    128928 
	   Memory (MB)          :      183     3900      3968 

	Job terminated of its own accord at 2023-06-12T08:16:22Z.
...
006 (310992.007.000) 2023-06-12 17:16:22 Image size of job updated: 686452
	184  -  MemoryUsage of job (MB)
	187484  -  ResidentSetSize of job (KB)
...
005 (310992.007.000) 2023-06-12 17:16:22 Job terminated.
	(1) Normal termination (return value 0)
		Usr 0 00:00:22, Sys 0 00:00:01  -  Run Remote Usage
		Usr 0 00:00:00, Sys 0 00:00:00  -  Run Local Usage
		Usr 0 00:00:22, Sys 0 00:00:01  -  Total Remote Usage
		Usr 0 00:00:00, Sys 0 00:00:00  -  Total Local Usage
	0  -  Run Bytes Sent By Job
	0  -  Run Bytes Received By Job
	0  -  Total Bytes Sent By Job
	0  -  Total Bytes Received By Job
	Partitionable Resources :    Usage  Request Allocated 
	   Cpus                 :                 1         1 
	   Disk (KB)            :        1        1    128928 
	   Memory (MB)          :      184     3900      3968 

	Job terminated of its own accord at 2023-06-12T08:16:22Z.
...
006 (310992.002.000) 2023-06-12 17:16:27 Image size of job updated: 685896
	176  -  MemoryUsage of job (MB)
	179392  -  ResidentSetSize of job (KB)
...
005 (310992.002.000) 2023-06-12 17:16:27 Job terminated.
	(1) Normal termination (return value 0)
		Usr 0 00:00:22, Sys 0 00:00:01  -  Run Remote Usage
		Usr 0 00:00:00, Sys 0 00:00:00  -  Run Local Usage
		Usr 0 00:00:22, Sys 0 00:00:01  -  Total Remote Usage
		Usr 0 00:00:00, Sys 0 00:00:00  -  Total Local Usage
	0  -  Run Bytes Sent By Job
	0  -  Run Bytes Received By Job
	0  -  Total Bytes Sent By Job
	0  -  Total Bytes Received By Job
	Partitionable Resources :    Usage  Request Allocated 
	   Cpus                 :                 1         1 
	   Disk (KB)            :        1        1    128928 
	   Memory (MB)          :      176     3900      3968 

	Job terminated of its own accord at 2023-06-12T08:16:27Z.
...
006 (310992.001.000) 2023-06-12 17:16:31 Image size of job updated: 686440
	183  -  MemoryUsage of job (MB)
	187216  -  ResidentSetSize of job (KB)
...
005 (310992.001.000) 2023-06-12 17:16:31 Job terminated.
	(1) Normal termination (return value 0)
		Usr 0 00:00:28, Sys 0 00:00:01  -  Run Remote Usage
		Usr 0 00:00:00, Sys 0 00:00:00  -  Run Local Usage
		Usr 0 00:00:28, Sys 0 00:00:01  -  Total Remote Usage
		Usr 0 00:00:00, Sys 0 00:00:00  -  Total Local Usage
	0  -  Run Bytes Sent By Job
	0  -  Run Bytes Received By Job
	0  -  Total Bytes Sent By Job
	0  -  Total Bytes Received By Job
	Partitionable Resources :    Usage  Request Allocated 
	   Cpus                 :                 1         1 
	   Disk (KB)            :        1        1    128928 
	   Memory (MB)          :      183     3900      3968 

	Job terminated of its own accord at 2023-06-12T08:16:31Z.
...
