000 (330321.000.000) 2023-07-25 13:47:22 Job submitted from host: <172.30.1.200:9618?addrs=172.30.1.200-9618&alias=tamsa2.snu.ac.kr&noUDP&sock=schedd_3510_2582>
...
000 (330321.001.000) 2023-07-25 13:47:22 Job submitted from host: <172.30.1.200:9618?addrs=172.30.1.200-9618&alias=tamsa2.snu.ac.kr&noUDP&sock=schedd_3510_2582>
...
000 (330321.002.000) 2023-07-25 13:47:22 Job submitted from host: <172.30.1.200:9618?addrs=172.30.1.200-9618&alias=tamsa2.snu.ac.kr&noUDP&sock=schedd_3510_2582>
...
000 (330321.003.000) 2023-07-25 13:47:22 Job submitted from host: <172.30.1.200:9618?addrs=172.30.1.200-9618&alias=tamsa2.snu.ac.kr&noUDP&sock=schedd_3510_2582>
...
000 (330321.004.000) 2023-07-25 13:47:22 Job submitted from host: <172.30.1.200:9618?addrs=172.30.1.200-9618&alias=tamsa2.snu.ac.kr&noUDP&sock=schedd_3510_2582>
...
000 (330321.005.000) 2023-07-25 13:47:22 Job submitted from host: <172.30.1.200:9618?addrs=172.30.1.200-9618&alias=tamsa2.snu.ac.kr&noUDP&sock=schedd_3510_2582>
...
000 (330321.006.000) 2023-07-25 13:47:22 Job submitted from host: <172.30.1.200:9618?addrs=172.30.1.200-9618&alias=tamsa2.snu.ac.kr&noUDP&sock=schedd_3510_2582>
...
000 (330321.007.000) 2023-07-25 13:47:22 Job submitted from host: <172.30.1.200:9618?addrs=172.30.1.200-9618&alias=tamsa2.snu.ac.kr&noUDP&sock=schedd_3510_2582>
...
000 (330321.008.000) 2023-07-25 13:47:22 Job submitted from host: <172.30.1.200:9618?addrs=172.30.1.200-9618&alias=tamsa2.snu.ac.kr&noUDP&sock=schedd_3510_2582>
...
000 (330321.009.000) 2023-07-25 13:47:22 Job submitted from host: <172.30.1.200:9618?addrs=172.30.1.200-9618&alias=tamsa2.snu.ac.kr&noUDP&sock=schedd_3510_2582>
...
040 (330321.000.000) 2023-07-25 13:47:36 Started transferring input files
	Transferring to host: <172.30.1.109:9618?addrs=172.30.1.109-9618&alias=n9&noUDP&sock=slot1_3_4265_d407_73183>
...
040 (330321.000.000) 2023-07-25 13:47:36 Finished transferring input files
...
040 (330321.001.000) 2023-07-25 13:47:36 Started transferring input files
	Transferring to host: <172.30.1.109:9618?addrs=172.30.1.109-9618&alias=n9&noUDP&sock=slot1_7_4265_d407_73185>
...
040 (330321.001.000) 2023-07-25 13:47:36 Finished transferring input files
...
040 (330321.003.000) 2023-07-25 13:47:36 Started transferring input files
	Transferring to host: <172.30.1.109:9618?addrs=172.30.1.109-9618&alias=n9&noUDP&sock=slot1_10_4265_d407_73186>
...
040 (330321.003.000) 2023-07-25 13:47:36 Finished transferring input files
...
040 (330321.002.000) 2023-07-25 13:47:36 Started transferring input files
	Transferring to host: <172.30.1.109:9618?addrs=172.30.1.109-9618&alias=n9&noUDP&sock=slot1_8_4265_d407_73187>
...
040 (330321.002.000) 2023-07-25 13:47:36 Finished transferring input files
...
040 (330321.004.000) 2023-07-25 13:47:36 Started transferring input files
	Transferring to host: <172.30.1.109:9618?addrs=172.30.1.109-9618&alias=n9&noUDP&sock=slot1_12_4265_d407_73188>
...
040 (330321.004.000) 2023-07-25 13:47:36 Finished transferring input files
...
040 (330321.005.000) 2023-07-25 13:47:36 Started transferring input files
	Transferring to host: <172.30.1.109:9618?addrs=172.30.1.109-9618&alias=n9&noUDP&sock=slot1_16_4265_d407_73189>
...
040 (330321.005.000) 2023-07-25 13:47:36 Finished transferring input files
...
040 (330321.006.000) 2023-07-25 13:47:36 Started transferring input files
	Transferring to host: <172.30.1.109:9618?addrs=172.30.1.109-9618&alias=n9&noUDP&sock=slot1_18_4265_d407_73190>
...
040 (330321.006.000) 2023-07-25 13:47:36 Finished transferring input files
...
040 (330321.007.000) 2023-07-25 13:47:36 Started transferring input files
	Transferring to host: <172.30.1.109:9618?addrs=172.30.1.109-9618&alias=n9&noUDP&sock=slot1_20_4265_d407_73191>
...
040 (330321.007.000) 2023-07-25 13:47:36 Finished transferring input files
...
040 (330321.008.000) 2023-07-25 13:47:36 Started transferring input files
	Transferring to host: <172.30.1.109:9618?addrs=172.30.1.109-9618&alias=n9&noUDP&sock=slot1_21_4265_d407_73192>
...
040 (330321.008.000) 2023-07-25 13:47:36 Finished transferring input files
...
040 (330321.009.000) 2023-07-25 13:47:36 Started transferring input files
	Transferring to host: <172.30.1.109:9618?addrs=172.30.1.109-9618&alias=n9&noUDP&sock=slot1_22_4265_d407_73193>
...
040 (330321.009.000) 2023-07-25 13:47:36 Finished transferring input files
...
001 (330321.000.000) 2023-07-25 13:47:37 Job executing on host: <172.30.1.109:9618?addrs=172.30.1.109-9618&alias=n9&noUDP&sock=startd_4231_b14b>
...
001 (330321.001.000) 2023-07-25 13:47:37 Job executing on host: <172.30.1.109:9618?addrs=172.30.1.109-9618&alias=n9&noUDP&sock=startd_4231_b14b>
...
001 (330321.003.000) 2023-07-25 13:47:37 Job executing on host: <172.30.1.109:9618?addrs=172.30.1.109-9618&alias=n9&noUDP&sock=startd_4231_b14b>
...
001 (330321.002.000) 2023-07-25 13:47:37 Job executing on host: <172.30.1.109:9618?addrs=172.30.1.109-9618&alias=n9&noUDP&sock=startd_4231_b14b>
...
001 (330321.004.000) 2023-07-25 13:47:37 Job executing on host: <172.30.1.109:9618?addrs=172.30.1.109-9618&alias=n9&noUDP&sock=startd_4231_b14b>
...
001 (330321.005.000) 2023-07-25 13:47:37 Job executing on host: <172.30.1.109:9618?addrs=172.30.1.109-9618&alias=n9&noUDP&sock=startd_4231_b14b>
...
001 (330321.006.000) 2023-07-25 13:47:37 Job executing on host: <172.30.1.109:9618?addrs=172.30.1.109-9618&alias=n9&noUDP&sock=startd_4231_b14b>
...
001 (330321.007.000) 2023-07-25 13:47:37 Job executing on host: <172.30.1.109:9618?addrs=172.30.1.109-9618&alias=n9&noUDP&sock=startd_4231_b14b>
...
001 (330321.008.000) 2023-07-25 13:47:37 Job executing on host: <172.30.1.109:9618?addrs=172.30.1.109-9618&alias=n9&noUDP&sock=startd_4231_b14b>
...
001 (330321.009.000) 2023-07-25 13:47:37 Job executing on host: <172.30.1.109:9618?addrs=172.30.1.109-9618&alias=n9&noUDP&sock=startd_4231_b14b>
...
006 (330321.000.000) 2023-07-25 13:47:45 Image size of job updated: 385952
	183  -  MemoryUsage of job (MB)
	186980  -  ResidentSetSize of job (KB)
...
006 (330321.001.000) 2023-07-25 13:47:45 Image size of job updated: 385844
	183  -  MemoryUsage of job (MB)
	186996  -  ResidentSetSize of job (KB)
...
006 (330321.003.000) 2023-07-25 13:47:45 Image size of job updated: 385956
	183  -  MemoryUsage of job (MB)
	186988  -  ResidentSetSize of job (KB)
...
006 (330321.002.000) 2023-07-25 13:47:45 Image size of job updated: 385956
	183  -  MemoryUsage of job (MB)
	186988  -  ResidentSetSize of job (KB)
...
006 (330321.004.000) 2023-07-25 13:47:45 Image size of job updated: 385956
	183  -  MemoryUsage of job (MB)
	186992  -  ResidentSetSize of job (KB)
...
006 (330321.005.000) 2023-07-25 13:47:45 Image size of job updated: 385956
	183  -  MemoryUsage of job (MB)
	186760  -  ResidentSetSize of job (KB)
...
006 (330321.006.000) 2023-07-25 13:47:46 Image size of job updated: 645448
	183  -  MemoryUsage of job (MB)
	186740  -  ResidentSetSize of job (KB)
...
006 (330321.007.000) 2023-07-25 13:47:46 Image size of job updated: 645452
	183  -  MemoryUsage of job (MB)
	186848  -  ResidentSetSize of job (KB)
...
006 (330321.008.000) 2023-07-25 13:47:46 Image size of job updated: 645448
	183  -  MemoryUsage of job (MB)
	186744  -  ResidentSetSize of job (KB)
...
006 (330321.009.000) 2023-07-25 13:47:46 Image size of job updated: 645444
	183  -  MemoryUsage of job (MB)
	186736  -  ResidentSetSize of job (KB)
...
006 (330321.000.000) 2023-07-25 13:47:47 Image size of job updated: 645452
	183  -  MemoryUsage of job (MB)
	186980  -  ResidentSetSize of job (KB)
...
040 (330321.000.000) 2023-07-25 13:47:47 Started transferring output files
...
040 (330321.000.000) 2023-07-25 13:47:47 Finished transferring output files
...
005 (330321.000.000) 2023-07-25 13:47:47 Job terminated.
	(1) Normal termination (return value 1)
		Usr 0 00:00:06, Sys 0 00:00:00  -  Run Remote Usage
		Usr 0 00:00:00, Sys 0 00:00:00  -  Run Local Usage
		Usr 0 00:00:06, Sys 0 00:00:00  -  Total Remote Usage
		Usr 0 00:00:00, Sys 0 00:00:00  -  Total Local Usage
	1292  -  Run Bytes Sent By Job
	164  -  Run Bytes Received By Job
	1292  -  Total Bytes Sent By Job
	164  -  Total Bytes Received By Job
	Partitionable Resources :    Usage  Request Allocated 
	   Cpus                 :                 1         1 
	   Disk (KB)            :       46        1    127899 
	   Memory (MB)          :      183     3900      3968 

	Job terminated of its own accord at 2023-07-25T04:47:47Z.
...
006 (330321.004.000) 2023-07-25 13:47:49 Image size of job updated: 645488
	183  -  MemoryUsage of job (MB)
	186992  -  ResidentSetSize of job (KB)
...
040 (330321.004.000) 2023-07-25 13:47:49 Started transferring output files
...
040 (330321.004.000) 2023-07-25 13:47:49 Finished transferring output files
...
005 (330321.004.000) 2023-07-25 13:47:49 Job terminated.
	(1) Normal termination (return value 1)
		Usr 0 00:00:07, Sys 0 00:00:00  -  Run Remote Usage
		Usr 0 00:00:00, Sys 0 00:00:00  -  Run Local Usage
		Usr 0 00:00:07, Sys 0 00:00:00  -  Total Remote Usage
		Usr 0 00:00:00, Sys 0 00:00:00  -  Total Local Usage
	1292  -  Run Bytes Sent By Job
	164  -  Run Bytes Received By Job
	1292  -  Total Bytes Sent By Job
	164  -  Total Bytes Received By Job
	Partitionable Resources :    Usage  Request Allocated 
	   Cpus                 :                 1         1 
	   Disk (KB)            :       46        1    127899 
	   Memory (MB)          :      183     3900      3968 

	Job terminated of its own accord at 2023-07-25T04:47:49Z.
...
006 (330321.001.000) 2023-07-25 13:47:50 Image size of job updated: 645488
	183  -  MemoryUsage of job (MB)
	186996  -  ResidentSetSize of job (KB)
...
040 (330321.001.000) 2023-07-25 13:47:50 Started transferring output files
...
040 (330321.001.000) 2023-07-25 13:47:50 Finished transferring output files
...
005 (330321.001.000) 2023-07-25 13:47:50 Job terminated.
	(1) Normal termination (return value 1)
		Usr 0 00:00:09, Sys 0 00:00:00  -  Run Remote Usage
		Usr 0 00:00:00, Sys 0 00:00:00  -  Run Local Usage
		Usr 0 00:00:09, Sys 0 00:00:00  -  Total Remote Usage
		Usr 0 00:00:00, Sys 0 00:00:00  -  Total Local Usage
	1261  -  Run Bytes Sent By Job
	164  -  Run Bytes Received By Job
	1261  -  Total Bytes Sent By Job
	164  -  Total Bytes Received By Job
	Partitionable Resources :    Usage  Request Allocated 
	   Cpus                 :                 1         1 
	   Disk (KB)            :       46        1    127899 
	   Memory (MB)          :      183     3900      3968 

	Job terminated of its own accord at 2023-07-25T04:47:50Z.
...
006 (330321.003.000) 2023-07-25 13:48:07 Image size of job updated: 687704
	183  -  MemoryUsage of job (MB)
	186988  -  ResidentSetSize of job (KB)
...
040 (330321.003.000) 2023-07-25 13:48:07 Started transferring output files
...
040 (330321.003.000) 2023-07-25 13:48:07 Finished transferring output files
...
005 (330321.003.000) 2023-07-25 13:48:07 Job terminated.
	(1) Normal termination (return value 0)
		Usr 0 00:00:25, Sys 0 00:00:01  -  Run Remote Usage
		Usr 0 00:00:00, Sys 0 00:00:00  -  Run Local Usage
		Usr 0 00:00:25, Sys 0 00:00:01  -  Total Remote Usage
		Usr 0 00:00:00, Sys 0 00:00:00  -  Total Local Usage
	3316  -  Run Bytes Sent By Job
	164  -  Run Bytes Received By Job
	3316  -  Total Bytes Sent By Job
	164  -  Total Bytes Received By Job
	Partitionable Resources :    Usage  Request Allocated 
	   Cpus                 :                 1         1 
	   Disk (KB)            :       48        1    127899 
	   Memory (MB)          :      183     3900      3968 

	Job terminated of its own accord at 2023-07-25T04:48:07Z.
...
006 (330321.002.000) 2023-07-25 13:48:08 Image size of job updated: 686788
	183  -  MemoryUsage of job (MB)
	186988  -  ResidentSetSize of job (KB)
...
040 (330321.002.000) 2023-07-25 13:48:08 Started transferring output files
...
040 (330321.002.000) 2023-07-25 13:48:08 Finished transferring output files
...
005 (330321.002.000) 2023-07-25 13:48:08 Job terminated.
	(1) Normal termination (return value 0)
		Usr 0 00:00:27, Sys 0 00:00:01  -  Run Remote Usage
		Usr 0 00:00:00, Sys 0 00:00:00  -  Run Local Usage
		Usr 0 00:00:27, Sys 0 00:00:01  -  Total Remote Usage
		Usr 0 00:00:00, Sys 0 00:00:00  -  Total Local Usage
	9870  -  Run Bytes Sent By Job
	164  -  Run Bytes Received By Job
	9870  -  Total Bytes Sent By Job
	164  -  Total Bytes Received By Job
	Partitionable Resources :    Usage  Request Allocated 
	   Cpus                 :                 1         1 
	   Disk (KB)            :       55        1    127899 
	   Memory (MB)          :      183     3900      3968 

	Job terminated of its own accord at 2023-07-25T04:48:08Z.
...
006 (330321.007.000) 2023-07-25 13:48:11 Image size of job updated: 687004
	183  -  MemoryUsage of job (MB)
	186848  -  ResidentSetSize of job (KB)
...
040 (330321.007.000) 2023-07-25 13:48:11 Started transferring output files
...
040 (330321.007.000) 2023-07-25 13:48:11 Finished transferring output files
...
005 (330321.007.000) 2023-07-25 13:48:11 Job terminated.
	(1) Normal termination (return value 0)
		Usr 0 00:00:29, Sys 0 00:00:01  -  Run Remote Usage
		Usr 0 00:00:00, Sys 0 00:00:00  -  Run Local Usage
		Usr 0 00:00:29, Sys 0 00:00:01  -  Total Remote Usage
		Usr 0 00:00:00, Sys 0 00:00:00  -  Total Local Usage
	1162  -  Run Bytes Sent By Job
	164  -  Run Bytes Received By Job
	1162  -  Total Bytes Sent By Job
	164  -  Total Bytes Received By Job
	Partitionable Resources :    Usage  Request Allocated 
	   Cpus                 :                 1         1 
	   Disk (KB)            :       46        1    127899 
	   Memory (MB)          :      183     3900      3968 

	Job terminated of its own accord at 2023-07-25T04:48:11Z.
...
006 (330321.006.000) 2023-07-25 13:48:12 Image size of job updated: 687876
	183  -  MemoryUsage of job (MB)
	186740  -  ResidentSetSize of job (KB)
...
040 (330321.006.000) 2023-07-25 13:48:12 Started transferring output files
...
040 (330321.006.000) 2023-07-25 13:48:12 Finished transferring output files
...
005 (330321.006.000) 2023-07-25 13:48:12 Job terminated.
	(1) Normal termination (return value 0)
		Usr 0 00:00:30, Sys 0 00:00:01  -  Run Remote Usage
		Usr 0 00:00:00, Sys 0 00:00:00  -  Run Local Usage
		Usr 0 00:00:30, Sys 0 00:00:01  -  Total Remote Usage
		Usr 0 00:00:00, Sys 0 00:00:00  -  Total Local Usage
	1193  -  Run Bytes Sent By Job
	164  -  Run Bytes Received By Job
	1193  -  Total Bytes Sent By Job
	164  -  Total Bytes Received By Job
	Partitionable Resources :    Usage  Request Allocated 
	   Cpus                 :                 1         1 
	   Disk (KB)            :       46        1    127899 
	   Memory (MB)          :      183     3900      3968 

	Job terminated of its own accord at 2023-07-25T04:48:12Z.
...
006 (330321.008.000) 2023-07-25 13:48:13 Image size of job updated: 686528
	183  -  MemoryUsage of job (MB)
	186744  -  ResidentSetSize of job (KB)
...
040 (330321.008.000) 2023-07-25 13:48:13 Started transferring output files
...
040 (330321.008.000) 2023-07-25 13:48:13 Finished transferring output files
...
005 (330321.008.000) 2023-07-25 13:48:13 Job terminated.
	(1) Normal termination (return value 0)
		Usr 0 00:00:31, Sys 0 00:00:01  -  Run Remote Usage
		Usr 0 00:00:00, Sys 0 00:00:00  -  Run Local Usage
		Usr 0 00:00:31, Sys 0 00:00:01  -  Total Remote Usage
		Usr 0 00:00:00, Sys 0 00:00:00  -  Total Local Usage
	1224  -  Run Bytes Sent By Job
	164  -  Run Bytes Received By Job
	1224  -  Total Bytes Sent By Job
	164  -  Total Bytes Received By Job
	Partitionable Resources :    Usage  Request Allocated 
	   Cpus                 :                 1         1 
	   Disk (KB)            :       46        1    127899 
	   Memory (MB)          :      183     3900      3968 

	Job terminated of its own accord at 2023-07-25T04:48:13Z.
...
006 (330321.005.000) 2023-07-25 13:48:14 Image size of job updated: 688812
	183  -  MemoryUsage of job (MB)
	186760  -  ResidentSetSize of job (KB)
...
040 (330321.005.000) 2023-07-25 13:48:14 Started transferring output files
...
040 (330321.005.000) 2023-07-25 13:48:14 Finished transferring output files
...
005 (330321.005.000) 2023-07-25 13:48:14 Job terminated.
	(1) Normal termination (return value 0)
		Usr 0 00:00:32, Sys 0 00:00:01  -  Run Remote Usage
		Usr 0 00:00:00, Sys 0 00:00:00  -  Run Local Usage
		Usr 0 00:00:32, Sys 0 00:00:01  -  Total Remote Usage
		Usr 0 00:00:00, Sys 0 00:00:00  -  Total Local Usage
	1220  -  Run Bytes Sent By Job
	164  -  Run Bytes Received By Job
	1220  -  Total Bytes Sent By Job
	164  -  Total Bytes Received By Job
	Partitionable Resources :    Usage  Request Allocated 
	   Cpus                 :                 1         1 
	   Disk (KB)            :       46        1    127899 
	   Memory (MB)          :      183     3900      3968 

	Job terminated of its own accord at 2023-07-25T04:48:14Z.
...
006 (330321.009.000) 2023-07-25 13:48:20 Image size of job updated: 686576
	183  -  MemoryUsage of job (MB)
	186736  -  ResidentSetSize of job (KB)
...
040 (330321.009.000) 2023-07-25 13:48:20 Started transferring output files
...
040 (330321.009.000) 2023-07-25 13:48:20 Finished transferring output files
...
005 (330321.009.000) 2023-07-25 13:48:20 Job terminated.
	(1) Normal termination (return value 0)
		Usr 0 00:00:38, Sys 0 00:00:00  -  Run Remote Usage
		Usr 0 00:00:00, Sys 0 00:00:00  -  Run Local Usage
		Usr 0 00:00:38, Sys 0 00:00:00  -  Total Remote Usage
		Usr 0 00:00:00, Sys 0 00:00:00  -  Total Local Usage
	1192  -  Run Bytes Sent By Job
	164  -  Run Bytes Received By Job
	1192  -  Total Bytes Sent By Job
	164  -  Total Bytes Received By Job
	Partitionable Resources :    Usage  Request Allocated 
	   Cpus                 :                 1         1 
	   Disk (KB)            :       46        1    127899 
	   Memory (MB)          :      183     3900      3968 

	Job terminated of its own accord at 2023-07-25T04:48:20Z.
...
