000 (330070.000.000) 2023-07-25 10:56:44 Job submitted from host: <172.30.1.200:9618?addrs=172.30.1.200-9618&alias=tamsa2.snu.ac.kr&noUDP&sock=schedd_3510_2582>
...
000 (330070.001.000) 2023-07-25 10:56:44 Job submitted from host: <172.30.1.200:9618?addrs=172.30.1.200-9618&alias=tamsa2.snu.ac.kr&noUDP&sock=schedd_3510_2582>
...
000 (330070.002.000) 2023-07-25 10:56:44 Job submitted from host: <172.30.1.200:9618?addrs=172.30.1.200-9618&alias=tamsa2.snu.ac.kr&noUDP&sock=schedd_3510_2582>
...
000 (330070.003.000) 2023-07-25 10:56:44 Job submitted from host: <172.30.1.200:9618?addrs=172.30.1.200-9618&alias=tamsa2.snu.ac.kr&noUDP&sock=schedd_3510_2582>
...
000 (330070.004.000) 2023-07-25 10:56:44 Job submitted from host: <172.30.1.200:9618?addrs=172.30.1.200-9618&alias=tamsa2.snu.ac.kr&noUDP&sock=schedd_3510_2582>
...
000 (330070.005.000) 2023-07-25 10:56:44 Job submitted from host: <172.30.1.200:9618?addrs=172.30.1.200-9618&alias=tamsa2.snu.ac.kr&noUDP&sock=schedd_3510_2582>
...
000 (330070.006.000) 2023-07-25 10:56:44 Job submitted from host: <172.30.1.200:9618?addrs=172.30.1.200-9618&alias=tamsa2.snu.ac.kr&noUDP&sock=schedd_3510_2582>
...
000 (330070.007.000) 2023-07-25 10:56:44 Job submitted from host: <172.30.1.200:9618?addrs=172.30.1.200-9618&alias=tamsa2.snu.ac.kr&noUDP&sock=schedd_3510_2582>
...
000 (330070.008.000) 2023-07-25 10:56:44 Job submitted from host: <172.30.1.200:9618?addrs=172.30.1.200-9618&alias=tamsa2.snu.ac.kr&noUDP&sock=schedd_3510_2582>
...
000 (330070.009.000) 2023-07-25 10:56:44 Job submitted from host: <172.30.1.200:9618?addrs=172.30.1.200-9618&alias=tamsa2.snu.ac.kr&noUDP&sock=schedd_3510_2582>
...
040 (330070.000.000) 2023-07-25 10:56:53 Started transferring input files
	Transferring to host: <172.30.1.108:9618?addrs=172.30.1.108-9618&alias=n8&noUDP&sock=slot1_14_4278_fce7_72921>
...
040 (330070.000.000) 2023-07-25 10:56:53 Finished transferring input files
...
040 (330070.001.000) 2023-07-25 10:56:53 Started transferring input files
	Transferring to host: <172.30.1.108:9618?addrs=172.30.1.108-9618&alias=n8&noUDP&sock=slot1_15_4278_fce7_72922>
...
040 (330070.001.000) 2023-07-25 10:56:53 Finished transferring input files
...
040 (330070.002.000) 2023-07-25 10:56:54 Started transferring input files
	Transferring to host: <172.30.1.108:9618?addrs=172.30.1.108-9618&alias=n8&noUDP&sock=slot1_16_4278_fce7_72923>
...
040 (330070.002.000) 2023-07-25 10:56:54 Finished transferring input files
...
040 (330070.003.000) 2023-07-25 10:56:54 Started transferring input files
	Transferring to host: <172.30.1.108:9618?addrs=172.30.1.108-9618&alias=n8&noUDP&sock=slot1_17_4278_fce7_72924>
...
040 (330070.003.000) 2023-07-25 10:56:54 Finished transferring input files
...
040 (330070.004.000) 2023-07-25 10:56:54 Started transferring input files
	Transferring to host: <172.30.1.108:9618?addrs=172.30.1.108-9618&alias=n8&noUDP&sock=slot1_18_4278_fce7_72925>
...
040 (330070.004.000) 2023-07-25 10:56:54 Finished transferring input files
...
040 (330070.005.000) 2023-07-25 10:56:54 Started transferring input files
	Transferring to host: <172.30.1.108:9618?addrs=172.30.1.108-9618&alias=n8&noUDP&sock=slot1_19_4278_fce7_72926>
...
040 (330070.005.000) 2023-07-25 10:56:54 Finished transferring input files
...
040 (330070.006.000) 2023-07-25 10:56:54 Started transferring input files
	Transferring to host: <172.30.1.108:9618?addrs=172.30.1.108-9618&alias=n8&noUDP&sock=slot1_20_4278_fce7_72927>
...
040 (330070.006.000) 2023-07-25 10:56:54 Finished transferring input files
...
040 (330070.007.000) 2023-07-25 10:56:54 Started transferring input files
	Transferring to host: <172.30.1.108:9618?addrs=172.30.1.108-9618&alias=n8&noUDP&sock=slot1_21_4278_fce7_72928>
...
040 (330070.007.000) 2023-07-25 10:56:54 Finished transferring input files
...
040 (330070.008.000) 2023-07-25 10:56:54 Started transferring input files
	Transferring to host: <172.30.1.108:9618?addrs=172.30.1.108-9618&alias=n8&noUDP&sock=slot1_22_4278_fce7_72929>
...
040 (330070.008.000) 2023-07-25 10:56:54 Finished transferring input files
...
040 (330070.009.000) 2023-07-25 10:56:54 Started transferring input files
	Transferring to host: <172.30.1.108:9618?addrs=172.30.1.108-9618&alias=n8&noUDP&sock=slot1_23_4278_fce7_72930>
...
040 (330070.009.000) 2023-07-25 10:56:54 Finished transferring input files
...
001 (330070.000.000) 2023-07-25 10:56:54 Job executing on host: <172.30.1.108:9618?addrs=172.30.1.108-9618&alias=n8&noUDP&sock=startd_4243_ec6e>
...
001 (330070.001.000) 2023-07-25 10:56:54 Job executing on host: <172.30.1.108:9618?addrs=172.30.1.108-9618&alias=n8&noUDP&sock=startd_4243_ec6e>
...
001 (330070.002.000) 2023-07-25 10:56:55 Job executing on host: <172.30.1.108:9618?addrs=172.30.1.108-9618&alias=n8&noUDP&sock=startd_4243_ec6e>
...
001 (330070.003.000) 2023-07-25 10:56:55 Job executing on host: <172.30.1.108:9618?addrs=172.30.1.108-9618&alias=n8&noUDP&sock=startd_4243_ec6e>
...
001 (330070.004.000) 2023-07-25 10:56:55 Job executing on host: <172.30.1.108:9618?addrs=172.30.1.108-9618&alias=n8&noUDP&sock=startd_4243_ec6e>
...
001 (330070.005.000) 2023-07-25 10:56:55 Job executing on host: <172.30.1.108:9618?addrs=172.30.1.108-9618&alias=n8&noUDP&sock=startd_4243_ec6e>
...
001 (330070.006.000) 2023-07-25 10:56:55 Job executing on host: <172.30.1.108:9618?addrs=172.30.1.108-9618&alias=n8&noUDP&sock=startd_4243_ec6e>
...
001 (330070.007.000) 2023-07-25 10:56:55 Job executing on host: <172.30.1.108:9618?addrs=172.30.1.108-9618&alias=n8&noUDP&sock=startd_4243_ec6e>
...
001 (330070.008.000) 2023-07-25 10:56:55 Job executing on host: <172.30.1.108:9618?addrs=172.30.1.108-9618&alias=n8&noUDP&sock=startd_4243_ec6e>
...
001 (330070.009.000) 2023-07-25 10:56:55 Job executing on host: <172.30.1.108:9618?addrs=172.30.1.108-9618&alias=n8&noUDP&sock=startd_4243_ec6e>
...
006 (330070.001.000) 2023-07-25 10:57:03 Image size of job updated: 182316
	179  -  MemoryUsage of job (MB)
	182316  -  ResidentSetSize of job (KB)
...
006 (330070.002.000) 2023-07-25 10:57:03 Image size of job updated: 641632
	179  -  MemoryUsage of job (MB)
	182772  -  ResidentSetSize of job (KB)
...
006 (330070.003.000) 2023-07-25 10:57:03 Image size of job updated: 644584
	182  -  MemoryUsage of job (MB)
	185620  -  ResidentSetSize of job (KB)
...
006 (330070.004.000) 2023-07-25 10:57:03 Image size of job updated: 644600
	182  -  MemoryUsage of job (MB)
	186024  -  ResidentSetSize of job (KB)
...
006 (330070.005.000) 2023-07-25 10:57:03 Image size of job updated: 644584
	182  -  MemoryUsage of job (MB)
	185620  -  ResidentSetSize of job (KB)
...
006 (330070.006.000) 2023-07-25 10:57:03 Image size of job updated: 644584
	182  -  MemoryUsage of job (MB)
	186032  -  ResidentSetSize of job (KB)
...
006 (330070.007.000) 2023-07-25 10:57:03 Image size of job updated: 641612
	182  -  MemoryUsage of job (MB)
	185620  -  ResidentSetSize of job (KB)
...
006 (330070.000.000) 2023-07-25 10:57:03 Image size of job updated: 641596
	182  -  MemoryUsage of job (MB)
	186120  -  ResidentSetSize of job (KB)
...
006 (330070.008.000) 2023-07-25 10:57:04 Image size of job updated: 644584
	182  -  MemoryUsage of job (MB)
	186184  -  ResidentSetSize of job (KB)
...
006 (330070.009.000) 2023-07-25 10:57:04 Image size of job updated: 644588
	182  -  MemoryUsage of job (MB)
	186248  -  ResidentSetSize of job (KB)
...
006 (330070.009.000) 2023-07-25 10:57:10 Image size of job updated: 685480
	182  -  MemoryUsage of job (MB)
	186248  -  ResidentSetSize of job (KB)
...
040 (330070.009.000) 2023-07-25 10:57:10 Started transferring output files
...
040 (330070.009.000) 2023-07-25 10:57:10 Finished transferring output files
...
005 (330070.009.000) 2023-07-25 10:57:10 Job terminated.
	(1) Normal termination (return value 0)
		Usr 0 00:00:09, Sys 0 00:00:01  -  Run Remote Usage
		Usr 0 00:00:00, Sys 0 00:00:00  -  Run Local Usage
		Usr 0 00:00:09, Sys 0 00:00:01  -  Total Remote Usage
		Usr 0 00:00:00, Sys 0 00:00:00  -  Total Local Usage
	930  -  Run Bytes Sent By Job
	169  -  Run Bytes Received By Job
	930  -  Total Bytes Sent By Job
	169  -  Total Bytes Received By Job
	Partitionable Resources :    Usage  Request Allocated 
	   Cpus                 :                 1         1 
	   Disk (KB)            :       46        1    127899 
	   Memory (MB)          :      182     3900      3968 

	Job terminated of its own accord at 2023-07-25T01:57:10Z.
...
006 (330070.008.000) 2023-07-25 10:57:10 Image size of job updated: 684912
	182  -  MemoryUsage of job (MB)
	186184  -  ResidentSetSize of job (KB)
...
040 (330070.008.000) 2023-07-25 10:57:10 Started transferring output files
...
040 (330070.008.000) 2023-07-25 10:57:10 Finished transferring output files
...
005 (330070.008.000) 2023-07-25 10:57:10 Job terminated.
	(1) Normal termination (return value 0)
		Usr 0 00:00:09, Sys 0 00:00:01  -  Run Remote Usage
		Usr 0 00:00:00, Sys 0 00:00:00  -  Run Local Usage
		Usr 0 00:00:09, Sys 0 00:00:01  -  Total Remote Usage
		Usr 0 00:00:00, Sys 0 00:00:00  -  Total Local Usage
	899  -  Run Bytes Sent By Job
	169  -  Run Bytes Received By Job
	899  -  Total Bytes Sent By Job
	169  -  Total Bytes Received By Job
	Partitionable Resources :    Usage  Request Allocated 
	   Cpus                 :                 1         1 
	   Disk (KB)            :       46        1    127899 
	   Memory (MB)          :      182     3900      3968 

	Job terminated of its own accord at 2023-07-25T01:57:10Z.
...
006 (330070.007.000) 2023-07-25 10:57:12 Image size of job updated: 685852
	182  -  MemoryUsage of job (MB)
	185620  -  ResidentSetSize of job (KB)
...
040 (330070.007.000) 2023-07-25 10:57:12 Started transferring output files
...
040 (330070.007.000) 2023-07-25 10:57:12 Finished transferring output files
...
005 (330070.007.000) 2023-07-25 10:57:12 Job terminated.
	(1) Normal termination (return value 0)
		Usr 0 00:00:11, Sys 0 00:00:01  -  Run Remote Usage
		Usr 0 00:00:00, Sys 0 00:00:00  -  Run Local Usage
		Usr 0 00:00:11, Sys 0 00:00:01  -  Total Remote Usage
		Usr 0 00:00:00, Sys 0 00:00:00  -  Total Local Usage
	1019  -  Run Bytes Sent By Job
	169  -  Run Bytes Received By Job
	1019  -  Total Bytes Sent By Job
	169  -  Total Bytes Received By Job
	Partitionable Resources :    Usage  Request Allocated 
	   Cpus                 :                 1         1 
	   Disk (KB)            :       46        1    127899 
	   Memory (MB)          :      182     3900      3968 

	Job terminated of its own accord at 2023-07-25T01:57:12Z.
...
006 (330070.001.000) 2023-07-25 10:57:13 Image size of job updated: 685828
	179  -  MemoryUsage of job (MB)
	182316  -  ResidentSetSize of job (KB)
...
040 (330070.001.000) 2023-07-25 10:57:13 Started transferring output files
...
006 (330070.006.000) 2023-07-25 10:57:13 Image size of job updated: 681300
	182  -  MemoryUsage of job (MB)
	186032  -  ResidentSetSize of job (KB)
...
040 (330070.006.000) 2023-07-25 10:57:13 Started transferring output files
...
040 (330070.006.000) 2023-07-25 10:57:14 Finished transferring output files
...
040 (330070.001.000) 2023-07-25 10:57:14 Finished transferring output files
...
005 (330070.001.000) 2023-07-25 10:57:14 Job terminated.
	(1) Normal termination (return value 0)
		Usr 0 00:00:12, Sys 0 00:00:01  -  Run Remote Usage
		Usr 0 00:00:00, Sys 0 00:00:00  -  Run Local Usage
		Usr 0 00:00:12, Sys 0 00:00:01  -  Total Remote Usage
		Usr 0 00:00:00, Sys 0 00:00:00  -  Total Local Usage
	1304  -  Run Bytes Sent By Job
	169  -  Run Bytes Received By Job
	1304  -  Total Bytes Sent By Job
	169  -  Total Bytes Received By Job
	Partitionable Resources :    Usage  Request Allocated 
	   Cpus                 :                 1         1 
	   Disk (KB)            :       46        1    127899 
	   Memory (MB)          :      179     3900      3968 

	Job terminated of its own accord at 2023-07-25T01:57:13Z.
...
005 (330070.006.000) 2023-07-25 10:57:14 Job terminated.
	(1) Normal termination (return value 0)
		Usr 0 00:00:12, Sys 0 00:00:01  -  Run Remote Usage
		Usr 0 00:00:00, Sys 0 00:00:00  -  Run Local Usage
		Usr 0 00:00:12, Sys 0 00:00:01  -  Total Remote Usage
		Usr 0 00:00:00, Sys 0 00:00:00  -  Total Local Usage
	929  -  Run Bytes Sent By Job
	169  -  Run Bytes Received By Job
	929  -  Total Bytes Sent By Job
	169  -  Total Bytes Received By Job
	Partitionable Resources :    Usage  Request Allocated 
	   Cpus                 :                 1         1 
	   Disk (KB)            :       46        1    127899 
	   Memory (MB)          :      182     3900      3968 

	Job terminated of its own accord at 2023-07-25T01:57:13Z.
...
006 (330070.000.000) 2023-07-25 10:57:15 Image size of job updated: 685692
	182  -  MemoryUsage of job (MB)
	186120  -  ResidentSetSize of job (KB)
...
040 (330070.000.000) 2023-07-25 10:57:15 Started transferring output files
...
040 (330070.000.000) 2023-07-25 10:57:15 Finished transferring output files
...
006 (330070.005.000) 2023-07-25 10:57:15 Image size of job updated: 685864
	182  -  MemoryUsage of job (MB)
	185620  -  ResidentSetSize of job (KB)
...
005 (330070.000.000) 2023-07-25 10:57:15 Job terminated.
	(1) Normal termination (return value 0)
		Usr 0 00:00:13, Sys 0 00:00:01  -  Run Remote Usage
		Usr 0 00:00:00, Sys 0 00:00:00  -  Run Local Usage
		Usr 0 00:00:13, Sys 0 00:00:01  -  Total Remote Usage
		Usr 0 00:00:00, Sys 0 00:00:00  -  Total Local Usage
	1214  -  Run Bytes Sent By Job
	169  -  Run Bytes Received By Job
	1214  -  Total Bytes Sent By Job
	169  -  Total Bytes Received By Job
	Partitionable Resources :    Usage  Request Allocated 
	   Cpus                 :                 1         1 
	   Disk (KB)            :       46        1    127899 
	   Memory (MB)          :      182     3900      3968 

	Job terminated of its own accord at 2023-07-25T01:57:15Z.
...
040 (330070.005.000) 2023-07-25 10:57:15 Started transferring output files
...
040 (330070.005.000) 2023-07-25 10:57:15 Finished transferring output files
...
005 (330070.005.000) 2023-07-25 10:57:15 Job terminated.
	(1) Normal termination (return value 0)
		Usr 0 00:00:15, Sys 0 00:00:01  -  Run Remote Usage
		Usr 0 00:00:00, Sys 0 00:00:00  -  Run Local Usage
		Usr 0 00:00:15, Sys 0 00:00:01  -  Total Remote Usage
		Usr 0 00:00:00, Sys 0 00:00:00  -  Total Local Usage
	1336  -  Run Bytes Sent By Job
	169  -  Run Bytes Received By Job
	1336  -  Total Bytes Sent By Job
	169  -  Total Bytes Received By Job
	Partitionable Resources :    Usage  Request Allocated 
	   Cpus                 :                 1         1 
	   Disk (KB)            :       46        1    127899 
	   Memory (MB)          :      182     3900      3968 

	Job terminated of its own accord at 2023-07-25T01:57:15Z.
...
006 (330070.003.000) 2023-07-25 10:57:16 Image size of job updated: 685676
	182  -  MemoryUsage of job (MB)
	185620  -  ResidentSetSize of job (KB)
...
040 (330070.003.000) 2023-07-25 10:57:16 Started transferring output files
...
040 (330070.003.000) 2023-07-25 10:57:16 Finished transferring output files
...
005 (330070.003.000) 2023-07-25 10:57:16 Job terminated.
	(1) Normal termination (return value 0)
		Usr 0 00:00:14, Sys 0 00:00:01  -  Run Remote Usage
		Usr 0 00:00:00, Sys 0 00:00:00  -  Run Local Usage
		Usr 0 00:00:14, Sys 0 00:00:01  -  Total Remote Usage
		Usr 0 00:00:00, Sys 0 00:00:00  -  Total Local Usage
	1305  -  Run Bytes Sent By Job
	169  -  Run Bytes Received By Job
	1305  -  Total Bytes Sent By Job
	169  -  Total Bytes Received By Job
	Partitionable Resources :    Usage  Request Allocated 
	   Cpus                 :                 1         1 
	   Disk (KB)            :       46        1    127899 
	   Memory (MB)          :      182     3900      3968 

	Job terminated of its own accord at 2023-07-25T01:57:16Z.
...
006 (330070.002.000) 2023-07-25 10:57:18 Image size of job updated: 686828
	179  -  MemoryUsage of job (MB)
	182800  -  ResidentSetSize of job (KB)
...
040 (330070.002.000) 2023-07-25 10:57:18 Started transferring output files
...
040 (330070.002.000) 2023-07-25 10:57:18 Finished transferring output files
...
005 (330070.002.000) 2023-07-25 10:57:18 Job terminated.
	(1) Normal termination (return value 0)
		Usr 0 00:00:18, Sys 0 00:00:01  -  Run Remote Usage
		Usr 0 00:00:00, Sys 0 00:00:00  -  Run Local Usage
		Usr 0 00:00:18, Sys 0 00:00:01  -  Total Remote Usage
		Usr 0 00:00:00, Sys 0 00:00:00  -  Total Local Usage
	1277  -  Run Bytes Sent By Job
	169  -  Run Bytes Received By Job
	1277  -  Total Bytes Sent By Job
	169  -  Total Bytes Received By Job
	Partitionable Resources :    Usage  Request Allocated 
	   Cpus                 :                 1         1 
	   Disk (KB)            :       46        1    127899 
	   Memory (MB)          :      179     3900      3968 

	Job terminated of its own accord at 2023-07-25T01:57:18Z.
...
006 (330070.004.000) 2023-07-25 10:57:19 Image size of job updated: 685916
	182  -  MemoryUsage of job (MB)
	186024  -  ResidentSetSize of job (KB)
...
040 (330070.004.000) 2023-07-25 10:57:19 Started transferring output files
...
040 (330070.004.000) 2023-07-25 10:57:19 Finished transferring output files
...
005 (330070.004.000) 2023-07-25 10:57:19 Job terminated.
	(1) Normal termination (return value 0)
		Usr 0 00:00:16, Sys 0 00:00:01  -  Run Remote Usage
		Usr 0 00:00:00, Sys 0 00:00:00  -  Run Local Usage
		Usr 0 00:00:16, Sys 0 00:00:01  -  Total Remote Usage
		Usr 0 00:00:00, Sys 0 00:00:00  -  Total Local Usage
	1277  -  Run Bytes Sent By Job
	169  -  Run Bytes Received By Job
	1277  -  Total Bytes Sent By Job
	169  -  Total Bytes Received By Job
	Partitionable Resources :    Usage  Request Allocated 
	   Cpus                 :                 1         1 
	   Disk (KB)            :       46        1    127899 
	   Memory (MB)          :      182     3900      3968 

	Job terminated of its own accord at 2023-07-25T01:57:19Z.
...
