000 (310924.000.000) 2023-06-12 15:35:20 Job submitted from host: <172.30.1.200:9618?addrs=172.30.1.200-9618&alias=tamsa2.snu.ac.kr&noUDP&sock=schedd_3510_2582>
...
000 (310924.001.000) 2023-06-12 15:35:20 Job submitted from host: <172.30.1.200:9618?addrs=172.30.1.200-9618&alias=tamsa2.snu.ac.kr&noUDP&sock=schedd_3510_2582>
...
000 (310924.002.000) 2023-06-12 15:35:20 Job submitted from host: <172.30.1.200:9618?addrs=172.30.1.200-9618&alias=tamsa2.snu.ac.kr&noUDP&sock=schedd_3510_2582>
...
000 (310924.003.000) 2023-06-12 15:35:20 Job submitted from host: <172.30.1.200:9618?addrs=172.30.1.200-9618&alias=tamsa2.snu.ac.kr&noUDP&sock=schedd_3510_2582>
...
000 (310924.004.000) 2023-06-12 15:35:20 Job submitted from host: <172.30.1.200:9618?addrs=172.30.1.200-9618&alias=tamsa2.snu.ac.kr&noUDP&sock=schedd_3510_2582>
...
000 (310924.005.000) 2023-06-12 15:35:20 Job submitted from host: <172.30.1.200:9618?addrs=172.30.1.200-9618&alias=tamsa2.snu.ac.kr&noUDP&sock=schedd_3510_2582>
...
000 (310924.006.000) 2023-06-12 15:35:20 Job submitted from host: <172.30.1.200:9618?addrs=172.30.1.200-9618&alias=tamsa2.snu.ac.kr&noUDP&sock=schedd_3510_2582>
...
000 (310924.007.000) 2023-06-12 15:35:20 Job submitted from host: <172.30.1.200:9618?addrs=172.30.1.200-9618&alias=tamsa2.snu.ac.kr&noUDP&sock=schedd_3510_2582>
...
000 (310924.008.000) 2023-06-12 15:35:20 Job submitted from host: <172.30.1.200:9618?addrs=172.30.1.200-9618&alias=tamsa2.snu.ac.kr&noUDP&sock=schedd_3510_2582>
...
000 (310924.009.000) 2023-06-12 15:35:20 Job submitted from host: <172.30.1.200:9618?addrs=172.30.1.200-9618&alias=tamsa2.snu.ac.kr&noUDP&sock=schedd_3510_2582>
...
001 (310924.005.000) 2023-06-12 15:39:33 Job executing on host: <172.30.1.208:9618?addrs=172.30.1.208-9618&alias=node8&noUDP&sock=startd_3802_6f2a>
...
001 (310924.006.000) 2023-06-12 15:39:33 Job executing on host: <172.30.1.202:9618?addrs=172.30.1.202-9618&alias=node2&noUDP&sock=startd_19693_56a6>
...
001 (310924.000.000) 2023-06-12 15:39:33 Job executing on host: <172.30.1.201:9618?addrs=172.30.1.201-9618&alias=node1&noUDP&sock=startd_4675_3d58>
...
040 (310924.008.000) 2023-06-12 15:39:33 Started transferring input files
	Transferring to host: <172.30.1.111:9618?addrs=172.30.1.111-9618&alias=n11&noUDP&sock=slot1_40_4451_e1ce_12953>
...
040 (310924.008.000) 2023-06-12 15:39:33 Finished transferring input files
...
040 (310924.007.000) 2023-06-12 15:39:33 Started transferring input files
	Transferring to host: <172.30.1.101:9618?addrs=172.30.1.101-9618&alias=n1&noUDP&sock=slot1_5_3367_1b22_14688>
...
040 (310924.007.000) 2023-06-12 15:39:33 Finished transferring input files
...
001 (310924.001.000) 2023-06-12 15:39:33 Job executing on host: <172.30.1.201:9618?addrs=172.30.1.201-9618&alias=node1&noUDP&sock=startd_4675_3d58>
...
040 (310924.009.000) 2023-06-12 15:39:33 Started transferring input files
	Transferring to host: <172.30.1.111:9618?addrs=172.30.1.111-9618&alias=n11&noUDP&sock=slot1_41_4451_e1ce_12954>
...
040 (310924.009.000) 2023-06-12 15:39:33 Finished transferring input files
...
001 (310924.002.000) 2023-06-12 15:39:33 Job executing on host: <172.30.1.201:9618?addrs=172.30.1.201-9618&alias=node1&noUDP&sock=startd_4675_3d58>
...
001 (310924.003.000) 2023-06-12 15:39:33 Job executing on host: <172.30.1.201:9618?addrs=172.30.1.201-9618&alias=node1&noUDP&sock=startd_4675_3d58>
...
001 (310924.004.000) 2023-06-12 15:39:33 Job executing on host: <172.30.1.201:9618?addrs=172.30.1.201-9618&alias=node1&noUDP&sock=startd_4675_3d58>
...
001 (310924.008.000) 2023-06-12 15:39:34 Job executing on host: <172.30.1.111:9618?addrs=172.30.1.111-9618&alias=n11&noUDP&sock=startd_4417_45e8>
...
001 (310924.007.000) 2023-06-12 15:39:34 Job executing on host: <172.30.1.101:9618?addrs=172.30.1.101-9618&alias=n1&noUDP&sock=startd_3332_0da7>
...
001 (310924.009.000) 2023-06-12 15:39:34 Job executing on host: <172.30.1.111:9618?addrs=172.30.1.111-9618&alias=n11&noUDP&sock=startd_4417_45e8>
...
006 (310924.006.000) 2023-06-12 15:39:41 Image size of job updated: 310628
	152  -  MemoryUsage of job (MB)
	154956  -  ResidentSetSize of job (KB)
...
006 (310924.005.000) 2023-06-12 15:39:41 Image size of job updated: 508996
	161  -  MemoryUsage of job (MB)
	164356  -  ResidentSetSize of job (KB)
...
006 (310924.000.000) 2023-06-12 15:39:41 Image size of job updated: 155080
	152  -  MemoryUsage of job (MB)
	155080  -  ResidentSetSize of job (KB)
...
006 (310924.001.000) 2023-06-12 15:39:41 Image size of job updated: 167332
	164  -  MemoryUsage of job (MB)
	167332  -  ResidentSetSize of job (KB)
...
006 (310924.008.000) 2023-06-12 15:39:42 Image size of job updated: 206864
	203  -  MemoryUsage of job (MB)
	206864  -  ResidentSetSize of job (KB)
...
006 (310924.007.000) 2023-06-12 15:39:42 Image size of job updated: 125960
	61  -  MemoryUsage of job (MB)
	61848  -  ResidentSetSize of job (KB)
...
006 (310924.002.000) 2023-06-12 15:39:42 Image size of job updated: 187716
	184  -  MemoryUsage of job (MB)
	187716  -  ResidentSetSize of job (KB)
...
006 (310924.003.000) 2023-06-12 15:39:42 Image size of job updated: 167424
	164  -  MemoryUsage of job (MB)
	167424  -  ResidentSetSize of job (KB)
...
006 (310924.004.000) 2023-06-12 15:39:42 Image size of job updated: 186292
	182  -  MemoryUsage of job (MB)
	186292  -  ResidentSetSize of job (KB)
...
006 (310924.009.000) 2023-06-12 15:39:43 Image size of job updated: 208852
	204  -  MemoryUsage of job (MB)
	208852  -  ResidentSetSize of job (KB)
...
006 (310924.009.000) 2023-06-12 15:40:06 Image size of job updated: 694404
	204  -  MemoryUsage of job (MB)
	208852  -  ResidentSetSize of job (KB)
...
040 (310924.009.000) 2023-06-12 15:40:06 Started transferring output files
...
040 (310924.009.000) 2023-06-12 15:40:06 Finished transferring output files
...
005 (310924.009.000) 2023-06-12 15:40:06 Job terminated.
	(1) Normal termination (return value 0)
		Usr 0 00:00:29, Sys 0 00:00:01  -  Run Remote Usage
		Usr 0 00:00:00, Sys 0 00:00:00  -  Run Local Usage
		Usr 0 00:00:29, Sys 0 00:00:01  -  Total Remote Usage
		Usr 0 00:00:00, Sys 0 00:00:00  -  Total Local Usage
	9280  -  Run Bytes Sent By Job
	144  -  Run Bytes Received By Job
	9280  -  Total Bytes Sent By Job
	144  -  Total Bytes Received By Job
	Partitionable Resources :    Usage  Request Allocated 
	   Cpus                 :                 1         1 
	   Disk (KB)            :       55        1    127802 
	   GPUs                 :                           0 
	   Memory (MB)          :      204     3900      3968 

	Job terminated of its own accord at 2023-06-12T06:40:06Z.
...
006 (310924.008.000) 2023-06-12 15:40:09 Image size of job updated: 691212
	203  -  MemoryUsage of job (MB)
	206880  -  ResidentSetSize of job (KB)
...
040 (310924.008.000) 2023-06-12 15:40:09 Started transferring output files
...
040 (310924.008.000) 2023-06-12 15:40:09 Finished transferring output files
...
005 (310924.008.000) 2023-06-12 15:40:09 Job terminated.
	(1) Normal termination (return value 0)
		Usr 0 00:00:32, Sys 0 00:00:01  -  Run Remote Usage
		Usr 0 00:00:00, Sys 0 00:00:00  -  Run Local Usage
		Usr 0 00:00:32, Sys 0 00:00:01  -  Total Remote Usage
		Usr 0 00:00:00, Sys 0 00:00:00  -  Total Local Usage
	9310  -  Run Bytes Sent By Job
	144  -  Run Bytes Received By Job
	9310  -  Total Bytes Sent By Job
	144  -  Total Bytes Received By Job
	Partitionable Resources :    Usage  Request Allocated 
	   Cpus                 :                 1         1 
	   Disk (KB)            :       55        1    127802 
	   GPUs                 :                           0 
	   Memory (MB)          :      203     3900      3968 

	Job terminated of its own accord at 2023-06-12T06:40:09Z.
...
006 (310924.005.000) 2023-06-12 15:40:16 Image size of job updated: 692264
	161  -  MemoryUsage of job (MB)
	164400  -  ResidentSetSize of job (KB)
...
005 (310924.005.000) 2023-06-12 15:40:16 Job terminated.
	(1) Normal termination (return value 0)
		Usr 0 00:00:35, Sys 0 00:00:02  -  Run Remote Usage
		Usr 0 00:00:00, Sys 0 00:00:00  -  Run Local Usage
		Usr 0 00:00:35, Sys 0 00:00:02  -  Total Remote Usage
		Usr 0 00:00:00, Sys 0 00:00:00  -  Total Local Usage
	0  -  Run Bytes Sent By Job
	0  -  Run Bytes Received By Job
	0  -  Total Bytes Sent By Job
	0  -  Total Bytes Received By Job
	Partitionable Resources :    Usage  Request Allocated 
	   Cpus                 :                 1         1 
	   Disk (KB)            :        1        1    128928 
	   Memory (MB)          :      161     3900      3968 

	Job terminated of its own accord at 2023-06-12T06:40:16Z.
...
006 (310924.000.000) 2023-06-12 15:40:19 Image size of job updated: 694412
	152  -  MemoryUsage of job (MB)
	155080  -  ResidentSetSize of job (KB)
...
005 (310924.000.000) 2023-06-12 15:40:19 Job terminated.
	(1) Normal termination (return value 0)
		Usr 0 00:00:37, Sys 0 00:00:01  -  Run Remote Usage
		Usr 0 00:00:00, Sys 0 00:00:00  -  Run Local Usage
		Usr 0 00:00:37, Sys 0 00:00:01  -  Total Remote Usage
		Usr 0 00:00:00, Sys 0 00:00:00  -  Total Local Usage
	0  -  Run Bytes Sent By Job
	0  -  Run Bytes Received By Job
	0  -  Total Bytes Sent By Job
	0  -  Total Bytes Received By Job
	Partitionable Resources :    Usage  Request Allocated 
	   Cpus                 :                 1         1 
	   Disk (KB)            :        1        1    128992 
	   Memory (MB)          :      152     3900      3968 

	Job terminated of its own accord at 2023-06-12T06:40:19Z.
...
006 (310924.004.000) 2023-06-12 15:40:21 Image size of job updated: 696472
	182  -  MemoryUsage of job (MB)
	186304  -  ResidentSetSize of job (KB)
...
005 (310924.004.000) 2023-06-12 15:40:21 Job terminated.
	(1) Normal termination (return value 0)
		Usr 0 00:00:42, Sys 0 00:00:01  -  Run Remote Usage
		Usr 0 00:00:00, Sys 0 00:00:00  -  Run Local Usage
		Usr 0 00:00:42, Sys 0 00:00:01  -  Total Remote Usage
		Usr 0 00:00:00, Sys 0 00:00:00  -  Total Local Usage
	0  -  Run Bytes Sent By Job
	0  -  Run Bytes Received By Job
	0  -  Total Bytes Sent By Job
	0  -  Total Bytes Received By Job
	Partitionable Resources :    Usage  Request Allocated 
	   Cpus                 :                 1         1 
	   Disk (KB)            :        1        1    128992 
	   Memory (MB)          :      182     3900      3968 

	Job terminated of its own accord at 2023-06-12T06:40:21Z.
...
006 (310924.006.000) 2023-06-12 15:40:34 Image size of job updated: 696232
	152  -  MemoryUsage of job (MB)
	154956  -  ResidentSetSize of job (KB)
...
005 (310924.006.000) 2023-06-12 15:40:34 Job terminated.
	(1) Normal termination (return value 0)
		Usr 0 00:00:51, Sys 0 00:00:02  -  Run Remote Usage
		Usr 0 00:00:00, Sys 0 00:00:00  -  Run Local Usage
		Usr 0 00:00:51, Sys 0 00:00:02  -  Total Remote Usage
		Usr 0 00:00:00, Sys 0 00:00:00  -  Total Local Usage
	0  -  Run Bytes Sent By Job
	0  -  Run Bytes Received By Job
	0  -  Total Bytes Sent By Job
	0  -  Total Bytes Received By Job
	Partitionable Resources :    Usage  Request Allocated 
	   Cpus                 :                 1         1 
	   Disk (KB)            :        1        1    128913 
	   Memory (MB)          :      152     3900      3968 

	Job terminated of its own accord at 2023-06-12T06:40:34Z.
...
006 (310924.001.000) 2023-06-12 15:40:35 Image size of job updated: 695680
	164  -  MemoryUsage of job (MB)
	167332  -  ResidentSetSize of job (KB)
...
005 (310924.001.000) 2023-06-12 15:40:35 Job terminated.
	(1) Normal termination (return value 0)
		Usr 0 00:00:55, Sys 0 00:00:01  -  Run Remote Usage
		Usr 0 00:00:00, Sys 0 00:00:00  -  Run Local Usage
		Usr 0 00:00:55, Sys 0 00:00:01  -  Total Remote Usage
		Usr 0 00:00:00, Sys 0 00:00:00  -  Total Local Usage
	0  -  Run Bytes Sent By Job
	0  -  Run Bytes Received By Job
	0  -  Total Bytes Sent By Job
	0  -  Total Bytes Received By Job
	Partitionable Resources :    Usage  Request Allocated 
	   Cpus                 :                 1         1 
	   Disk (KB)            :        1        1    128992 
	   Memory (MB)          :      164     3900      3968 

	Job terminated of its own accord at 2023-06-12T06:40:35Z.
...
006 (310924.003.000) 2023-06-12 15:40:37 Image size of job updated: 695664
	164  -  MemoryUsage of job (MB)
	167436  -  ResidentSetSize of job (KB)
...
005 (310924.003.000) 2023-06-12 15:40:37 Job terminated.
	(1) Normal termination (return value 0)
		Usr 0 00:00:59, Sys 0 00:00:01  -  Run Remote Usage
		Usr 0 00:00:00, Sys 0 00:00:00  -  Run Local Usage
		Usr 0 00:00:59, Sys 0 00:00:01  -  Total Remote Usage
		Usr 0 00:00:00, Sys 0 00:00:00  -  Total Local Usage
	0  -  Run Bytes Sent By Job
	0  -  Run Bytes Received By Job
	0  -  Total Bytes Sent By Job
	0  -  Total Bytes Received By Job
	Partitionable Resources :    Usage  Request Allocated 
	   Cpus                 :                 1         1 
	   Disk (KB)            :        1        1    128992 
	   Memory (MB)          :      164     3900      3968 

	Job terminated of its own accord at 2023-06-12T06:40:37Z.
...
006 (310924.002.000) 2023-06-12 15:41:04 Image size of job updated: 692732
	184  -  MemoryUsage of job (MB)
	187932  -  ResidentSetSize of job (KB)
...
005 (310924.002.000) 2023-06-12 15:41:05 Job terminated.
	(1) Normal termination (return value 0)
		Usr 0 00:01:25, Sys 0 00:00:01  -  Run Remote Usage
		Usr 0 00:00:00, Sys 0 00:00:00  -  Run Local Usage
		Usr 0 00:01:25, Sys 0 00:00:01  -  Total Remote Usage
		Usr 0 00:00:00, Sys 0 00:00:00  -  Total Local Usage
	0  -  Run Bytes Sent By Job
	0  -  Run Bytes Received By Job
	0  -  Total Bytes Sent By Job
	0  -  Total Bytes Received By Job
	Partitionable Resources :    Usage  Request Allocated 
	   Cpus                 :                 1         1 
	   Disk (KB)            :        1        1    128992 
	   Memory (MB)          :      184     3900      3968 

	Job terminated of its own accord at 2023-06-12T06:41:04Z.
...
006 (310924.007.000) 2023-06-12 15:42:02 Image size of job updated: 694148
	61  -  MemoryUsage of job (MB)
	61860  -  ResidentSetSize of job (KB)
...
040 (310924.007.000) 2023-06-12 15:42:02 Started transferring output files
...
040 (310924.007.000) 2023-06-12 15:42:02 Finished transferring output files
...
005 (310924.007.000) 2023-06-12 15:42:02 Job terminated.
	(1) Normal termination (return value 0)
		Usr 0 00:02:10, Sys 0 00:00:04  -  Run Remote Usage
		Usr 0 00:00:00, Sys 0 00:00:00  -  Run Local Usage
		Usr 0 00:02:10, Sys 0 00:00:04  -  Total Remote Usage
		Usr 0 00:00:00, Sys 0 00:00:00  -  Total Local Usage
	9703  -  Run Bytes Sent By Job
	144  -  Run Bytes Received By Job
	9703  -  Total Bytes Sent By Job
	144  -  Total Bytes Received By Job
	Partitionable Resources :    Usage  Request Allocated 
	   Cpus                 :     0.91        1         1 
	   Disk (KB)            :    60           1    127998 
	   Memory (MB)          :    61        3900      3968 

	Job terminated of its own accord at 2023-06-12T06:42:02Z.
...
