000 (311077.000.000) 2023-06-12 18:18:29 Job submitted from host: <172.30.1.200:9618?addrs=172.30.1.200-9618&alias=tamsa2.snu.ac.kr&noUDP&sock=schedd_3510_2582>
...
000 (311077.001.000) 2023-06-12 18:18:29 Job submitted from host: <172.30.1.200:9618?addrs=172.30.1.200-9618&alias=tamsa2.snu.ac.kr&noUDP&sock=schedd_3510_2582>
...
000 (311077.002.000) 2023-06-12 18:18:29 Job submitted from host: <172.30.1.200:9618?addrs=172.30.1.200-9618&alias=tamsa2.snu.ac.kr&noUDP&sock=schedd_3510_2582>
...
000 (311077.003.000) 2023-06-12 18:18:29 Job submitted from host: <172.30.1.200:9618?addrs=172.30.1.200-9618&alias=tamsa2.snu.ac.kr&noUDP&sock=schedd_3510_2582>
...
000 (311077.004.000) 2023-06-12 18:18:29 Job submitted from host: <172.30.1.200:9618?addrs=172.30.1.200-9618&alias=tamsa2.snu.ac.kr&noUDP&sock=schedd_3510_2582>
...
000 (311077.005.000) 2023-06-12 18:18:29 Job submitted from host: <172.30.1.200:9618?addrs=172.30.1.200-9618&alias=tamsa2.snu.ac.kr&noUDP&sock=schedd_3510_2582>
...
000 (311077.006.000) 2023-06-12 18:18:29 Job submitted from host: <172.30.1.200:9618?addrs=172.30.1.200-9618&alias=tamsa2.snu.ac.kr&noUDP&sock=schedd_3510_2582>
...
000 (311077.007.000) 2023-06-12 18:18:29 Job submitted from host: <172.30.1.200:9618?addrs=172.30.1.200-9618&alias=tamsa2.snu.ac.kr&noUDP&sock=schedd_3510_2582>
...
000 (311077.008.000) 2023-06-12 18:18:29 Job submitted from host: <172.30.1.200:9618?addrs=172.30.1.200-9618&alias=tamsa2.snu.ac.kr&noUDP&sock=schedd_3510_2582>
...
000 (311077.009.000) 2023-06-12 18:18:29 Job submitted from host: <172.30.1.200:9618?addrs=172.30.1.200-9618&alias=tamsa2.snu.ac.kr&noUDP&sock=schedd_3510_2582>
...
040 (311077.000.000) 2023-06-12 18:18:35 Started transferring input files
	Transferring to host: <172.30.1.107:9618?addrs=172.30.1.107-9618&alias=n7&noUDP&sock=slot1_14_4258_e566_16537>
...
040 (311077.000.000) 2023-06-12 18:18:35 Finished transferring input files
...
040 (311077.001.000) 2023-06-12 18:18:35 Started transferring input files
	Transferring to host: <172.30.1.107:9618?addrs=172.30.1.107-9618&alias=n7&noUDP&sock=slot1_18_4258_e566_16538>
...
040 (311077.001.000) 2023-06-12 18:18:35 Finished transferring input files
...
040 (311077.002.000) 2023-06-12 18:18:35 Started transferring input files
	Transferring to host: <172.30.1.107:9618?addrs=172.30.1.107-9618&alias=n7&noUDP&sock=slot1_21_4258_e566_16539>
...
040 (311077.002.000) 2023-06-12 18:18:35 Finished transferring input files
...
040 (311077.003.000) 2023-06-12 18:18:35 Started transferring input files
	Transferring to host: <172.30.1.107:9618?addrs=172.30.1.107-9618&alias=n7&noUDP&sock=slot1_22_4258_e566_16540>
...
040 (311077.003.000) 2023-06-12 18:18:35 Finished transferring input files
...
040 (311077.004.000) 2023-06-12 18:18:35 Started transferring input files
	Transferring to host: <172.30.1.107:9618?addrs=172.30.1.107-9618&alias=n7&noUDP&sock=slot1_23_4258_e566_16541>
...
040 (311077.004.000) 2023-06-12 18:18:35 Finished transferring input files
...
040 (311077.005.000) 2023-06-12 18:18:35 Started transferring input files
	Transferring to host: <172.30.1.107:9618?addrs=172.30.1.107-9618&alias=n7&noUDP&sock=slot1_24_4258_e566_16542>
...
040 (311077.005.000) 2023-06-12 18:18:35 Finished transferring input files
...
040 (311077.006.000) 2023-06-12 18:18:35 Started transferring input files
	Transferring to host: <172.30.1.107:9618?addrs=172.30.1.107-9618&alias=n7&noUDP&sock=slot1_25_4258_e566_16543>
...
040 (311077.006.000) 2023-06-12 18:18:35 Finished transferring input files
...
040 (311077.007.000) 2023-06-12 18:18:35 Started transferring input files
	Transferring to host: <172.30.1.107:9618?addrs=172.30.1.107-9618&alias=n7&noUDP&sock=slot1_26_4258_e566_16544>
...
040 (311077.007.000) 2023-06-12 18:18:35 Finished transferring input files
...
040 (311077.008.000) 2023-06-12 18:18:35 Started transferring input files
	Transferring to host: <172.30.1.107:9618?addrs=172.30.1.107-9618&alias=n7&noUDP&sock=slot1_27_4258_e566_16545>
...
040 (311077.008.000) 2023-06-12 18:18:35 Finished transferring input files
...
040 (311077.009.000) 2023-06-12 18:18:35 Started transferring input files
	Transferring to host: <172.30.1.107:9618?addrs=172.30.1.107-9618&alias=n7&noUDP&sock=slot1_28_4258_e566_16546>
...
040 (311077.009.000) 2023-06-12 18:18:35 Finished transferring input files
...
001 (311077.000.000) 2023-06-12 18:18:36 Job executing on host: <172.30.1.107:9618?addrs=172.30.1.107-9618&alias=n7&noUDP&sock=startd_4224_e421>
...
001 (311077.001.000) 2023-06-12 18:18:36 Job executing on host: <172.30.1.107:9618?addrs=172.30.1.107-9618&alias=n7&noUDP&sock=startd_4224_e421>
...
001 (311077.002.000) 2023-06-12 18:18:36 Job executing on host: <172.30.1.107:9618?addrs=172.30.1.107-9618&alias=n7&noUDP&sock=startd_4224_e421>
...
001 (311077.003.000) 2023-06-12 18:18:36 Job executing on host: <172.30.1.107:9618?addrs=172.30.1.107-9618&alias=n7&noUDP&sock=startd_4224_e421>
...
001 (311077.004.000) 2023-06-12 18:18:36 Job executing on host: <172.30.1.107:9618?addrs=172.30.1.107-9618&alias=n7&noUDP&sock=startd_4224_e421>
...
001 (311077.005.000) 2023-06-12 18:18:36 Job executing on host: <172.30.1.107:9618?addrs=172.30.1.107-9618&alias=n7&noUDP&sock=startd_4224_e421>
...
001 (311077.006.000) 2023-06-12 18:18:36 Job executing on host: <172.30.1.107:9618?addrs=172.30.1.107-9618&alias=n7&noUDP&sock=startd_4224_e421>
...
001 (311077.007.000) 2023-06-12 18:18:36 Job executing on host: <172.30.1.107:9618?addrs=172.30.1.107-9618&alias=n7&noUDP&sock=startd_4224_e421>
...
001 (311077.008.000) 2023-06-12 18:18:36 Job executing on host: <172.30.1.107:9618?addrs=172.30.1.107-9618&alias=n7&noUDP&sock=startd_4224_e421>
...
001 (311077.009.000) 2023-06-12 18:18:36 Job executing on host: <172.30.1.107:9618?addrs=172.30.1.107-9618&alias=n7&noUDP&sock=startd_4224_e421>
...
006 (311077.000.000) 2023-06-12 18:18:44 Image size of job updated: 647048
	205  -  MemoryUsage of job (MB)
	209336  -  ResidentSetSize of job (KB)
...
006 (311077.001.000) 2023-06-12 18:18:44 Image size of job updated: 647052
	184  -  MemoryUsage of job (MB)
	187944  -  ResidentSetSize of job (KB)
...
006 (311077.002.000) 2023-06-12 18:18:44 Image size of job updated: 647048
	186  -  MemoryUsage of job (MB)
	190100  -  ResidentSetSize of job (KB)
...
006 (311077.003.000) 2023-06-12 18:18:44 Image size of job updated: 647076
	205  -  MemoryUsage of job (MB)
	209764  -  ResidentSetSize of job (KB)
...
006 (311077.004.000) 2023-06-12 18:18:44 Image size of job updated: 660636
	205  -  MemoryUsage of job (MB)
	209760  -  ResidentSetSize of job (KB)
...
006 (311077.005.000) 2023-06-12 18:18:45 Image size of job updated: 647068
	205  -  MemoryUsage of job (MB)
	209772  -  ResidentSetSize of job (KB)
...
006 (311077.006.000) 2023-06-12 18:18:45 Image size of job updated: 647108
	209  -  MemoryUsage of job (MB)
	213128  -  ResidentSetSize of job (KB)
...
006 (311077.007.000) 2023-06-12 18:18:45 Image size of job updated: 647048
	205  -  MemoryUsage of job (MB)
	209788  -  ResidentSetSize of job (KB)
...
006 (311077.008.000) 2023-06-12 18:18:45 Image size of job updated: 647048
	205  -  MemoryUsage of job (MB)
	209768  -  ResidentSetSize of job (KB)
...
006 (311077.009.000) 2023-06-12 18:18:45 Image size of job updated: 647076
	209  -  MemoryUsage of job (MB)
	213164  -  ResidentSetSize of job (KB)
...
006 (311077.002.000) 2023-06-12 18:19:01 Image size of job updated: 689896
	186  -  MemoryUsage of job (MB)
	190124  -  ResidentSetSize of job (KB)
...
040 (311077.002.000) 2023-06-12 18:19:01 Started transferring output files
...
040 (311077.002.000) 2023-06-12 18:19:01 Finished transferring output files
...
005 (311077.002.000) 2023-06-12 18:19:01 Job terminated.
	(1) Normal termination (return value 0)
		Usr 0 00:00:20, Sys 0 00:00:01  -  Run Remote Usage
		Usr 0 00:00:00, Sys 0 00:00:00  -  Run Local Usage
		Usr 0 00:00:20, Sys 0 00:00:01  -  Total Remote Usage
		Usr 0 00:00:00, Sys 0 00:00:00  -  Total Local Usage
	7483  -  Run Bytes Sent By Job
	148  -  Run Bytes Received By Job
	7483  -  Total Bytes Sent By Job
	148  -  Total Bytes Received By Job
	Partitionable Resources :    Usage  Request Allocated 
	   Cpus                 :     0.95        1         1 
	   Disk (KB)            :    58           1    127899 
	   Memory (MB)          :   186        3900      3968 

	Job terminated of its own accord at 2023-06-12T09:19:01Z.
...
006 (311077.003.000) 2023-06-12 18:19:02 Image size of job updated: 692700
	205  -  MemoryUsage of job (MB)
	209764  -  ResidentSetSize of job (KB)
...
040 (311077.003.000) 2023-06-12 18:19:02 Started transferring output files
...
040 (311077.003.000) 2023-06-12 18:19:02 Finished transferring output files
...
005 (311077.003.000) 2023-06-12 18:19:02 Job terminated.
	(1) Normal termination (return value 0)
		Usr 0 00:00:22, Sys 0 00:00:01  -  Run Remote Usage
		Usr 0 00:00:00, Sys 0 00:00:00  -  Run Local Usage
		Usr 0 00:00:22, Sys 0 00:00:01  -  Total Remote Usage
		Usr 0 00:00:00, Sys 0 00:00:00  -  Total Local Usage
	7514  -  Run Bytes Sent By Job
	148  -  Run Bytes Received By Job
	7514  -  Total Bytes Sent By Job
	148  -  Total Bytes Received By Job
	Partitionable Resources :    Usage  Request Allocated 
	   Cpus                 :     0.94        1         1 
	   Disk (KB)            :    58           1    127899 
	   Memory (MB)          :   205        3900      3968 

	Job terminated of its own accord at 2023-06-12T09:19:02Z.
...
006 (311077.008.000) 2023-06-12 18:19:03 Image size of job updated: 692112
	205  -  MemoryUsage of job (MB)
	209768  -  ResidentSetSize of job (KB)
...
040 (311077.008.000) 2023-06-12 18:19:03 Started transferring output files
...
040 (311077.008.000) 2023-06-12 18:19:03 Finished transferring output files
...
005 (311077.008.000) 2023-06-12 18:19:03 Job terminated.
	(1) Normal termination (return value 0)
		Usr 0 00:00:22, Sys 0 00:00:01  -  Run Remote Usage
		Usr 0 00:00:00, Sys 0 00:00:00  -  Run Local Usage
		Usr 0 00:00:22, Sys 0 00:00:01  -  Total Remote Usage
		Usr 0 00:00:00, Sys 0 00:00:00  -  Total Local Usage
	7525  -  Run Bytes Sent By Job
	148  -  Run Bytes Received By Job
	7525  -  Total Bytes Sent By Job
	148  -  Total Bytes Received By Job
	Partitionable Resources :    Usage  Request Allocated 
	   Cpus                 :     0.95        1         1 
	   Disk (KB)            :    58           1    127899 
	   Memory (MB)          :   205        3900      3968 

	Job terminated of its own accord at 2023-06-12T09:19:03Z.
...
006 (311077.004.000) 2023-06-12 18:19:05 Image size of job updated: 692168
	205  -  MemoryUsage of job (MB)
	209760  -  ResidentSetSize of job (KB)
...
040 (311077.004.000) 2023-06-12 18:19:05 Started transferring output files
...
040 (311077.004.000) 2023-06-12 18:19:05 Finished transferring output files
...
005 (311077.004.000) 2023-06-12 18:19:05 Job terminated.
	(1) Normal termination (return value 0)
		Usr 0 00:00:25, Sys 0 00:00:01  -  Run Remote Usage
		Usr 0 00:00:00, Sys 0 00:00:00  -  Run Local Usage
		Usr 0 00:00:25, Sys 0 00:00:01  -  Total Remote Usage
		Usr 0 00:00:00, Sys 0 00:00:00  -  Total Local Usage
	7502  -  Run Bytes Sent By Job
	148  -  Run Bytes Received By Job
	7502  -  Total Bytes Sent By Job
	148  -  Total Bytes Received By Job
	Partitionable Resources :    Usage  Request Allocated 
	   Cpus                 :     0.92        1         1 
	   Disk (KB)            :    58           1    127899 
	   Memory (MB)          :   205        3900      3968 

	Job terminated of its own accord at 2023-06-12T09:19:05Z.
...
006 (311077.001.000) 2023-06-12 18:19:06 Image size of job updated: 694868
	184  -  MemoryUsage of job (MB)
	187944  -  ResidentSetSize of job (KB)
...
040 (311077.001.000) 2023-06-12 18:19:06 Started transferring output files
...
040 (311077.001.000) 2023-06-12 18:19:06 Finished transferring output files
...
005 (311077.001.000) 2023-06-12 18:19:06 Job terminated.
	(1) Normal termination (return value 0)
		Usr 0 00:00:26, Sys 0 00:00:01  -  Run Remote Usage
		Usr 0 00:00:00, Sys 0 00:00:00  -  Run Local Usage
		Usr 0 00:00:26, Sys 0 00:00:01  -  Total Remote Usage
		Usr 0 00:00:00, Sys 0 00:00:00  -  Total Local Usage
	7514  -  Run Bytes Sent By Job
	148  -  Run Bytes Received By Job
	7514  -  Total Bytes Sent By Job
	148  -  Total Bytes Received By Job
	Partitionable Resources :    Usage  Request Allocated 
	   Cpus                 :     0.95        1         1 
	   Disk (KB)            :    58           1    127899 
	   Memory (MB)          :   184        3900      3968 

	Job terminated of its own accord at 2023-06-12T09:19:06Z.
...
006 (311077.006.000) 2023-06-12 18:19:08 Image size of job updated: 692104
	209  -  MemoryUsage of job (MB)
	213128  -  ResidentSetSize of job (KB)
...
040 (311077.006.000) 2023-06-12 18:19:08 Started transferring output files
...
040 (311077.006.000) 2023-06-12 18:19:08 Finished transferring output files
...
005 (311077.006.000) 2023-06-12 18:19:08 Job terminated.
	(1) Normal termination (return value 0)
		Usr 0 00:00:28, Sys 0 00:00:01  -  Run Remote Usage
		Usr 0 00:00:00, Sys 0 00:00:00  -  Run Local Usage
		Usr 0 00:00:28, Sys 0 00:00:01  -  Total Remote Usage
		Usr 0 00:00:00, Sys 0 00:00:00  -  Total Local Usage
	7494  -  Run Bytes Sent By Job
	148  -  Run Bytes Received By Job
	7494  -  Total Bytes Sent By Job
	148  -  Total Bytes Received By Job
	Partitionable Resources :    Usage  Request Allocated 
	   Cpus                 :     0.96        1         1 
	   Disk (KB)            :    58           1    127899 
	   Memory (MB)          :   209        3900      3968 

	Job terminated of its own accord at 2023-06-12T09:19:08Z.
...
006 (311077.007.000) 2023-06-12 18:19:09 Image size of job updated: 692184
	205  -  MemoryUsage of job (MB)
	209788  -  ResidentSetSize of job (KB)
...
040 (311077.007.000) 2023-06-12 18:19:09 Started transferring output files
...
040 (311077.007.000) 2023-06-12 18:19:09 Finished transferring output files
...
005 (311077.007.000) 2023-06-12 18:19:09 Job terminated.
	(1) Normal termination (return value 0)
		Usr 0 00:00:29, Sys 0 00:00:01  -  Run Remote Usage
		Usr 0 00:00:00, Sys 0 00:00:00  -  Run Local Usage
		Usr 0 00:00:29, Sys 0 00:00:01  -  Total Remote Usage
		Usr 0 00:00:00, Sys 0 00:00:00  -  Total Local Usage
	7494  -  Run Bytes Sent By Job
	148  -  Run Bytes Received By Job
	7494  -  Total Bytes Sent By Job
	148  -  Total Bytes Received By Job
	Partitionable Resources :    Usage  Request Allocated 
	   Cpus                 :     0.95        1         1 
	   Disk (KB)            :    58           1    127899 
	   Memory (MB)          :   205        3900      3968 

	Job terminated of its own accord at 2023-06-12T09:19:09Z.
...
006 (311077.005.000) 2023-06-12 18:19:10 Image size of job updated: 695016
	205  -  MemoryUsage of job (MB)
	209772  -  ResidentSetSize of job (KB)
...
040 (311077.005.000) 2023-06-12 18:19:10 Started transferring output files
...
040 (311077.005.000) 2023-06-12 18:19:10 Finished transferring output files
...
005 (311077.005.000) 2023-06-12 18:19:10 Job terminated.
	(1) Normal termination (return value 0)
		Usr 0 00:00:30, Sys 0 00:00:01  -  Run Remote Usage
		Usr 0 00:00:00, Sys 0 00:00:00  -  Run Local Usage
		Usr 0 00:00:30, Sys 0 00:00:01  -  Total Remote Usage
		Usr 0 00:00:00, Sys 0 00:00:00  -  Total Local Usage
	7763  -  Run Bytes Sent By Job
	148  -  Run Bytes Received By Job
	7763  -  Total Bytes Sent By Job
	148  -  Total Bytes Received By Job
	Partitionable Resources :    Usage  Request Allocated 
	   Cpus                 :     0.95        1         1 
	   Disk (KB)            :    58           1    127899 
	   Memory (MB)          :   205        3900      3968 

	Job terminated of its own accord at 2023-06-12T09:19:10Z.
...
006 (311077.000.000) 2023-06-12 18:19:10 Image size of job updated: 701172
	205  -  MemoryUsage of job (MB)
	209336  -  ResidentSetSize of job (KB)
...
040 (311077.000.000) 2023-06-12 18:19:10 Started transferring output files
...
040 (311077.000.000) 2023-06-12 18:19:10 Finished transferring output files
...
005 (311077.000.000) 2023-06-12 18:19:10 Job terminated.
	(1) Normal termination (return value 0)
		Usr 0 00:00:31, Sys 0 00:00:01  -  Run Remote Usage
		Usr 0 00:00:00, Sys 0 00:00:00  -  Run Local Usage
		Usr 0 00:00:31, Sys 0 00:00:01  -  Total Remote Usage
		Usr 0 00:00:00, Sys 0 00:00:00  -  Total Local Usage
	7545  -  Run Bytes Sent By Job
	148  -  Run Bytes Received By Job
	7545  -  Total Bytes Sent By Job
	148  -  Total Bytes Received By Job
	Partitionable Resources :    Usage  Request Allocated 
	   Cpus                 :     0.95        1         1 
	   Disk (KB)            :    58           1    127899 
	   Memory (MB)          :   205        3900      3968 

	Job terminated of its own accord at 2023-06-12T09:19:10Z.
...
006 (311077.009.000) 2023-06-12 18:19:16 Image size of job updated: 691828
	209  -  MemoryUsage of job (MB)
	213164  -  ResidentSetSize of job (KB)
...
040 (311077.009.000) 2023-06-12 18:19:16 Started transferring output files
...
040 (311077.009.000) 2023-06-12 18:19:16 Finished transferring output files
...
005 (311077.009.000) 2023-06-12 18:19:16 Job terminated.
	(1) Normal termination (return value 0)
		Usr 0 00:00:35, Sys 0 00:00:01  -  Run Remote Usage
		Usr 0 00:00:00, Sys 0 00:00:00  -  Run Local Usage
		Usr 0 00:00:35, Sys 0 00:00:01  -  Total Remote Usage
		Usr 0 00:00:00, Sys 0 00:00:00  -  Total Local Usage
	7524  -  Run Bytes Sent By Job
	148  -  Run Bytes Received By Job
	7524  -  Total Bytes Sent By Job
	148  -  Total Bytes Received By Job
	Partitionable Resources :    Usage  Request Allocated 
	   Cpus                 :     0.96        1         1 
	   Disk (KB)            :    58           1    127899 
	   Memory (MB)          :   209        3900      3968 

	Job terminated of its own accord at 2023-06-12T09:19:16Z.
...
