000 (311071.000.000) 2023-06-12 18:18:26 Job submitted from host: <172.30.1.200:9618?addrs=172.30.1.200-9618&alias=tamsa2.snu.ac.kr&noUDP&sock=schedd_3510_2582>
...
000 (311071.001.000) 2023-06-12 18:18:26 Job submitted from host: <172.30.1.200:9618?addrs=172.30.1.200-9618&alias=tamsa2.snu.ac.kr&noUDP&sock=schedd_3510_2582>
...
000 (311071.002.000) 2023-06-12 18:18:26 Job submitted from host: <172.30.1.200:9618?addrs=172.30.1.200-9618&alias=tamsa2.snu.ac.kr&noUDP&sock=schedd_3510_2582>
...
000 (311071.003.000) 2023-06-12 18:18:26 Job submitted from host: <172.30.1.200:9618?addrs=172.30.1.200-9618&alias=tamsa2.snu.ac.kr&noUDP&sock=schedd_3510_2582>
...
000 (311071.004.000) 2023-06-12 18:18:26 Job submitted from host: <172.30.1.200:9618?addrs=172.30.1.200-9618&alias=tamsa2.snu.ac.kr&noUDP&sock=schedd_3510_2582>
...
000 (311071.005.000) 2023-06-12 18:18:26 Job submitted from host: <172.30.1.200:9618?addrs=172.30.1.200-9618&alias=tamsa2.snu.ac.kr&noUDP&sock=schedd_3510_2582>
...
000 (311071.006.000) 2023-06-12 18:18:26 Job submitted from host: <172.30.1.200:9618?addrs=172.30.1.200-9618&alias=tamsa2.snu.ac.kr&noUDP&sock=schedd_3510_2582>
...
000 (311071.007.000) 2023-06-12 18:18:26 Job submitted from host: <172.30.1.200:9618?addrs=172.30.1.200-9618&alias=tamsa2.snu.ac.kr&noUDP&sock=schedd_3510_2582>
...
000 (311071.008.000) 2023-06-12 18:18:26 Job submitted from host: <172.30.1.200:9618?addrs=172.30.1.200-9618&alias=tamsa2.snu.ac.kr&noUDP&sock=schedd_3510_2582>
...
000 (311071.009.000) 2023-06-12 18:18:26 Job submitted from host: <172.30.1.200:9618?addrs=172.30.1.200-9618&alias=tamsa2.snu.ac.kr&noUDP&sock=schedd_3510_2582>
...
040 (311071.000.000) 2023-06-12 18:18:34 Started transferring input files
	Transferring to host: <172.30.1.108:9618?addrs=172.30.1.108-9618&alias=n8&noUDP&sock=slot1_21_4278_fce7_21977>
...
040 (311071.000.000) 2023-06-12 18:18:34 Finished transferring input files
...
040 (311071.001.000) 2023-06-12 18:18:34 Started transferring input files
	Transferring to host: <172.30.1.108:9618?addrs=172.30.1.108-9618&alias=n8&noUDP&sock=slot1_22_4278_fce7_21978>
...
040 (311071.001.000) 2023-06-12 18:18:34 Finished transferring input files
...
040 (311071.002.000) 2023-06-12 18:18:34 Started transferring input files
	Transferring to host: <172.30.1.108:9618?addrs=172.30.1.108-9618&alias=n8&noUDP&sock=slot1_23_4278_fce7_21979>
...
040 (311071.002.000) 2023-06-12 18:18:34 Finished transferring input files
...
040 (311071.003.000) 2023-06-12 18:18:34 Started transferring input files
	Transferring to host: <172.30.1.108:9618?addrs=172.30.1.108-9618&alias=n8&noUDP&sock=slot1_25_4278_fce7_21980>
...
040 (311071.003.000) 2023-06-12 18:18:34 Finished transferring input files
...
040 (311071.006.000) 2023-06-12 18:18:34 Started transferring input files
	Transferring to host: <172.30.1.108:9618?addrs=172.30.1.108-9618&alias=n8&noUDP&sock=slot1_29_4278_fce7_21981>
...
040 (311071.006.000) 2023-06-12 18:18:34 Finished transferring input files
...
040 (311071.005.000) 2023-06-12 18:18:34 Started transferring input files
	Transferring to host: <172.30.1.108:9618?addrs=172.30.1.108-9618&alias=n8&noUDP&sock=slot1_28_4278_fce7_21982>
...
040 (311071.005.000) 2023-06-12 18:18:34 Finished transferring input files
...
040 (311071.004.000) 2023-06-12 18:18:34 Started transferring input files
	Transferring to host: <172.30.1.108:9618?addrs=172.30.1.108-9618&alias=n8&noUDP&sock=slot1_26_4278_fce7_21983>
...
040 (311071.004.000) 2023-06-12 18:18:34 Finished transferring input files
...
040 (311071.007.000) 2023-06-12 18:18:35 Started transferring input files
	Transferring to host: <172.30.1.108:9618?addrs=172.30.1.108-9618&alias=n8&noUDP&sock=slot1_30_4278_fce7_21984>
...
040 (311071.007.000) 2023-06-12 18:18:35 Finished transferring input files
...
040 (311071.008.000) 2023-06-12 18:18:35 Started transferring input files
	Transferring to host: <172.30.1.108:9618?addrs=172.30.1.108-9618&alias=n8&noUDP&sock=slot1_31_4278_fce7_21985>
...
040 (311071.008.000) 2023-06-12 18:18:35 Finished transferring input files
...
040 (311071.009.000) 2023-06-12 18:18:35 Started transferring input files
	Transferring to host: <172.30.1.108:9618?addrs=172.30.1.108-9618&alias=n8&noUDP&sock=slot1_32_4278_fce7_21986>
...
040 (311071.009.000) 2023-06-12 18:18:35 Finished transferring input files
...
001 (311071.000.000) 2023-06-12 18:18:35 Job executing on host: <172.30.1.108:9618?addrs=172.30.1.108-9618&alias=n8&noUDP&sock=startd_4243_ec6e>
...
001 (311071.001.000) 2023-06-12 18:18:35 Job executing on host: <172.30.1.108:9618?addrs=172.30.1.108-9618&alias=n8&noUDP&sock=startd_4243_ec6e>
...
001 (311071.002.000) 2023-06-12 18:18:35 Job executing on host: <172.30.1.108:9618?addrs=172.30.1.108-9618&alias=n8&noUDP&sock=startd_4243_ec6e>
...
001 (311071.003.000) 2023-06-12 18:18:35 Job executing on host: <172.30.1.108:9618?addrs=172.30.1.108-9618&alias=n8&noUDP&sock=startd_4243_ec6e>
...
001 (311071.006.000) 2023-06-12 18:18:35 Job executing on host: <172.30.1.108:9618?addrs=172.30.1.108-9618&alias=n8&noUDP&sock=startd_4243_ec6e>
...
001 (311071.005.000) 2023-06-12 18:18:35 Job executing on host: <172.30.1.108:9618?addrs=172.30.1.108-9618&alias=n8&noUDP&sock=startd_4243_ec6e>
...
001 (311071.004.000) 2023-06-12 18:18:35 Job executing on host: <172.30.1.108:9618?addrs=172.30.1.108-9618&alias=n8&noUDP&sock=startd_4243_ec6e>
...
001 (311071.007.000) 2023-06-12 18:18:36 Job executing on host: <172.30.1.108:9618?addrs=172.30.1.108-9618&alias=n8&noUDP&sock=startd_4243_ec6e>
...
001 (311071.008.000) 2023-06-12 18:18:36 Job executing on host: <172.30.1.108:9618?addrs=172.30.1.108-9618&alias=n8&noUDP&sock=startd_4243_ec6e>
...
001 (311071.009.000) 2023-06-12 18:18:36 Job executing on host: <172.30.1.108:9618?addrs=172.30.1.108-9618&alias=n8&noUDP&sock=startd_4243_ec6e>
...
006 (311071.005.000) 2023-06-12 18:18:44 Image size of job updated: 195256
	179  -  MemoryUsage of job (MB)
	183140  -  ResidentSetSize of job (KB)
...
006 (311071.004.000) 2023-06-12 18:18:44 Image size of job updated: 604052
	181  -  MemoryUsage of job (MB)
	184948  -  ResidentSetSize of job (KB)
...
006 (311071.007.000) 2023-06-12 18:18:44 Image size of job updated: 580488
	172  -  MemoryUsage of job (MB)
	175992  -  ResidentSetSize of job (KB)
...
006 (311071.008.000) 2023-06-12 18:18:44 Image size of job updated: 566060
	167  -  MemoryUsage of job (MB)
	170508  -  ResidentSetSize of job (KB)
...
006 (311071.009.000) 2023-06-12 18:18:44 Image size of job updated: 604104
	181  -  MemoryUsage of job (MB)
	185016  -  ResidentSetSize of job (KB)
...
006 (311071.000.000) 2023-06-12 18:18:44 Image size of job updated: 604152
	181  -  MemoryUsage of job (MB)
	185060  -  ResidentSetSize of job (KB)
...
006 (311071.001.000) 2023-06-12 18:18:44 Image size of job updated: 604132
	181  -  MemoryUsage of job (MB)
	185048  -  ResidentSetSize of job (KB)
...
006 (311071.002.000) 2023-06-12 18:18:44 Image size of job updated: 604372
	182  -  MemoryUsage of job (MB)
	185492  -  ResidentSetSize of job (KB)
...
006 (311071.003.000) 2023-06-12 18:18:44 Image size of job updated: 604104
	181  -  MemoryUsage of job (MB)
	185332  -  ResidentSetSize of job (KB)
...
006 (311071.006.000) 2023-06-12 18:18:44 Image size of job updated: 604104
	182  -  MemoryUsage of job (MB)
	185656  -  ResidentSetSize of job (KB)
...
040 (311071.002.000) 2023-06-12 18:18:50 Started transferring output files
...
040 (311071.002.000) 2023-06-12 18:18:50 Finished transferring output files
...
005 (311071.002.000) 2023-06-12 18:18:51 Job terminated.
	(1) Normal termination (return value 0)
		Usr 0 00:00:10, Sys 0 00:00:01  -  Run Remote Usage
		Usr 0 00:00:00, Sys 0 00:00:00  -  Run Local Usage
		Usr 0 00:00:10, Sys 0 00:00:01  -  Total Remote Usage
		Usr 0 00:00:00, Sys 0 00:00:00  -  Total Local Usage
	6423  -  Run Bytes Sent By Job
	148  -  Run Bytes Received By Job
	6423  -  Total Bytes Sent By Job
	148  -  Total Bytes Received By Job
	Partitionable Resources :    Usage  Request Allocated 
	   Cpus                 :                 1         1 
	   Disk (KB)            :       51        1    127899 
	   Memory (MB)          :      182     3900      3968 

	Job terminated of its own accord at 2023-06-12T09:18:50Z.
...
006 (311071.006.000) 2023-06-12 18:18:51 Image size of job updated: 611424
	182  -  MemoryUsage of job (MB)
	185656  -  ResidentSetSize of job (KB)
...
040 (311071.006.000) 2023-06-12 18:18:51 Started transferring output files
...
040 (311071.006.000) 2023-06-12 18:18:51 Finished transferring output files
...
005 (311071.006.000) 2023-06-12 18:18:51 Job terminated.
	(1) Normal termination (return value 0)
		Usr 0 00:00:11, Sys 0 00:00:01  -  Run Remote Usage
		Usr 0 00:00:00, Sys 0 00:00:00  -  Run Local Usage
		Usr 0 00:00:11, Sys 0 00:00:01  -  Total Remote Usage
		Usr 0 00:00:00, Sys 0 00:00:00  -  Total Local Usage
	6403  -  Run Bytes Sent By Job
	148  -  Run Bytes Received By Job
	6403  -  Total Bytes Sent By Job
	148  -  Total Bytes Received By Job
	Partitionable Resources :    Usage  Request Allocated 
	   Cpus                 :                 1         1 
	   Disk (KB)            :       51        1    127899 
	   Memory (MB)          :      182     3900      3968 

	Job terminated of its own accord at 2023-06-12T09:18:51Z.
...
006 (311071.000.000) 2023-06-12 18:18:53 Image size of job updated: 611688
	181  -  MemoryUsage of job (MB)
	185060  -  ResidentSetSize of job (KB)
...
040 (311071.000.000) 2023-06-12 18:18:53 Started transferring output files
...
040 (311071.000.000) 2023-06-12 18:18:53 Finished transferring output files
...
005 (311071.000.000) 2023-06-12 18:18:53 Job terminated.
	(1) Normal termination (return value 0)
		Usr 0 00:00:12, Sys 0 00:00:01  -  Run Remote Usage
		Usr 0 00:00:00, Sys 0 00:00:00  -  Run Local Usage
		Usr 0 00:00:12, Sys 0 00:00:01  -  Total Remote Usage
		Usr 0 00:00:00, Sys 0 00:00:00  -  Total Local Usage
	7330  -  Run Bytes Sent By Job
	148  -  Run Bytes Received By Job
	7330  -  Total Bytes Sent By Job
	148  -  Total Bytes Received By Job
	Partitionable Resources :    Usage  Request Allocated 
	   Cpus                 :                 1         1 
	   Disk (KB)            :       52        1    127899 
	   Memory (MB)          :      181     3900      3968 

	Job terminated of its own accord at 2023-06-12T09:18:53Z.
...
006 (311071.009.000) 2023-06-12 18:18:53 Image size of job updated: 611460
	181  -  MemoryUsage of job (MB)
	185016  -  ResidentSetSize of job (KB)
...
040 (311071.009.000) 2023-06-12 18:18:53 Started transferring output files
...
040 (311071.009.000) 2023-06-12 18:18:53 Finished transferring output files
...
005 (311071.009.000) 2023-06-12 18:18:53 Job terminated.
	(1) Normal termination (return value 0)
		Usr 0 00:00:12, Sys 0 00:00:01  -  Run Remote Usage
		Usr 0 00:00:00, Sys 0 00:00:00  -  Run Local Usage
		Usr 0 00:00:12, Sys 0 00:00:01  -  Total Remote Usage
		Usr 0 00:00:00, Sys 0 00:00:00  -  Total Local Usage
	6524  -  Run Bytes Sent By Job
	148  -  Run Bytes Received By Job
	6524  -  Total Bytes Sent By Job
	148  -  Total Bytes Received By Job
	Partitionable Resources :    Usage  Request Allocated 
	   Cpus                 :                 1         1 
	   Disk (KB)            :       51        1    127899 
	   Memory (MB)          :      181     3900      3968 

	Job terminated of its own accord at 2023-06-12T09:18:53Z.
...
006 (311071.003.000) 2023-06-12 18:18:53 Image size of job updated: 611780
	182  -  MemoryUsage of job (MB)
	185368  -  ResidentSetSize of job (KB)
...
006 (311071.004.000) 2023-06-12 18:18:53 Image size of job updated: 611696
	181  -  MemoryUsage of job (MB)
	184948  -  ResidentSetSize of job (KB)
...
040 (311071.003.000) 2023-06-12 18:18:53 Started transferring output files
...
040 (311071.004.000) 2023-06-12 18:18:53 Started transferring output files
...
040 (311071.003.000) 2023-06-12 18:18:53 Finished transferring output files
...
040 (311071.004.000) 2023-06-12 18:18:53 Finished transferring output files
...
005 (311071.003.000) 2023-06-12 18:18:53 Job terminated.
	(1) Normal termination (return value 0)
		Usr 0 00:00:12, Sys 0 00:00:01  -  Run Remote Usage
		Usr 0 00:00:00, Sys 0 00:00:00  -  Run Local Usage
		Usr 0 00:00:12, Sys 0 00:00:01  -  Total Remote Usage
		Usr 0 00:00:00, Sys 0 00:00:00  -  Total Local Usage
	6996  -  Run Bytes Sent By Job
	148  -  Run Bytes Received By Job
	6996  -  Total Bytes Sent By Job
	148  -  Total Bytes Received By Job
	Partitionable Resources :    Usage  Request Allocated 
	   Cpus                 :                 1         1 
	   Disk (KB)            :       52        1    127899 
	   Memory (MB)          :      182     3900      3968 

	Job terminated of its own accord at 2023-06-12T09:18:53Z.
...
005 (311071.004.000) 2023-06-12 18:18:53 Job terminated.
	(1) Normal termination (return value 0)
		Usr 0 00:00:12, Sys 0 00:00:01  -  Run Remote Usage
		Usr 0 00:00:00, Sys 0 00:00:00  -  Run Local Usage
		Usr 0 00:00:12, Sys 0 00:00:01  -  Total Remote Usage
		Usr 0 00:00:00, Sys 0 00:00:00  -  Total Local Usage
	6444  -  Run Bytes Sent By Job
	148  -  Run Bytes Received By Job
	6444  -  Total Bytes Sent By Job
	148  -  Total Bytes Received By Job
	Partitionable Resources :    Usage  Request Allocated 
	   Cpus                 :                 1         1 
	   Disk (KB)            :       51        1    127899 
	   Memory (MB)          :      181     3900      3968 

	Job terminated of its own accord at 2023-06-12T09:18:53Z.
...
006 (311071.001.000) 2023-06-12 18:18:53 Image size of job updated: 612460
	181  -  MemoryUsage of job (MB)
	185048  -  ResidentSetSize of job (KB)
...
040 (311071.001.000) 2023-06-12 18:18:53 Started transferring output files
...
040 (311071.001.000) 2023-06-12 18:18:53 Finished transferring output files
...
005 (311071.001.000) 2023-06-12 18:18:53 Job terminated.
	(1) Normal termination (return value 0)
		Usr 0 00:00:14, Sys 0 00:00:01  -  Run Remote Usage
		Usr 0 00:00:00, Sys 0 00:00:00  -  Run Local Usage
		Usr 0 00:00:14, Sys 0 00:00:01  -  Total Remote Usage
		Usr 0 00:00:00, Sys 0 00:00:00  -  Total Local Usage
	6423  -  Run Bytes Sent By Job
	148  -  Run Bytes Received By Job
	6423  -  Total Bytes Sent By Job
	148  -  Total Bytes Received By Job
	Partitionable Resources :    Usage  Request Allocated 
	   Cpus                 :                 1         1 
	   Disk (KB)            :       51        1    127899 
	   Memory (MB)          :      181     3900      3968 

	Job terminated of its own accord at 2023-06-12T09:18:53Z.
...
006 (311071.005.000) 2023-06-12 18:18:54 Image size of job updated: 611604
	179  -  MemoryUsage of job (MB)
	183140  -  ResidentSetSize of job (KB)
...
040 (311071.005.000) 2023-06-12 18:18:54 Started transferring output files
...
040 (311071.005.000) 2023-06-12 18:18:54 Finished transferring output files
...
005 (311071.005.000) 2023-06-12 18:18:54 Job terminated.
	(1) Normal termination (return value 0)
		Usr 0 00:00:14, Sys 0 00:00:01  -  Run Remote Usage
		Usr 0 00:00:00, Sys 0 00:00:00  -  Run Local Usage
		Usr 0 00:00:14, Sys 0 00:00:01  -  Total Remote Usage
		Usr 0 00:00:00, Sys 0 00:00:00  -  Total Local Usage
	6524  -  Run Bytes Sent By Job
	148  -  Run Bytes Received By Job
	6524  -  Total Bytes Sent By Job
	148  -  Total Bytes Received By Job
	Partitionable Resources :    Usage  Request Allocated 
	   Cpus                 :                 1         1 
	   Disk (KB)            :       51        1    127899 
	   Memory (MB)          :      179     3900      3968 

	Job terminated of its own accord at 2023-06-12T09:18:54Z.
...
006 (311071.007.000) 2023-06-12 18:18:55 Image size of job updated: 611560
	172  -  MemoryUsage of job (MB)
	176096  -  ResidentSetSize of job (KB)
...
040 (311071.007.000) 2023-06-12 18:18:55 Started transferring output files
...
040 (311071.007.000) 2023-06-12 18:18:55 Finished transferring output files
...
005 (311071.007.000) 2023-06-12 18:18:55 Job terminated.
	(1) Normal termination (return value 0)
		Usr 0 00:00:15, Sys 0 00:00:01  -  Run Remote Usage
		Usr 0 00:00:00, Sys 0 00:00:00  -  Run Local Usage
		Usr 0 00:00:15, Sys 0 00:00:01  -  Total Remote Usage
		Usr 0 00:00:00, Sys 0 00:00:00  -  Total Local Usage
	6434  -  Run Bytes Sent By Job
	148  -  Run Bytes Received By Job
	6434  -  Total Bytes Sent By Job
	148  -  Total Bytes Received By Job
	Partitionable Resources :    Usage  Request Allocated 
	   Cpus                 :                 1         1 
	   Disk (KB)            :       51        1    127899 
	   Memory (MB)          :      172     3900      3968 

	Job terminated of its own accord at 2023-06-12T09:18:55Z.
...
006 (311071.008.000) 2023-06-12 18:18:55 Image size of job updated: 612584
	167  -  MemoryUsage of job (MB)
	170508  -  ResidentSetSize of job (KB)
...
040 (311071.008.000) 2023-06-12 18:18:56 Started transferring output files
...
040 (311071.008.000) 2023-06-12 18:18:56 Finished transferring output files
...
005 (311071.008.000) 2023-06-12 18:18:56 Job terminated.
	(1) Normal termination (return value 0)
		Usr 0 00:00:16, Sys 0 00:00:01  -  Run Remote Usage
		Usr 0 00:00:00, Sys 0 00:00:00  -  Run Local Usage
		Usr 0 00:00:16, Sys 0 00:00:01  -  Total Remote Usage
		Usr 0 00:00:00, Sys 0 00:00:00  -  Total Local Usage
	7431  -  Run Bytes Sent By Job
	148  -  Run Bytes Received By Job
	7431  -  Total Bytes Sent By Job
	148  -  Total Bytes Received By Job
	Partitionable Resources :    Usage  Request Allocated 
	   Cpus                 :                 1         1 
	   Disk (KB)            :       52        1    127899 
	   Memory (MB)          :      167     3900      3968 

	Job terminated of its own accord at 2023-06-12T09:18:55Z.
...
