000 (330086.000.000) 2023-07-25 10:59:24 Job submitted from host: <172.30.1.200:9618?addrs=172.30.1.200-9618&alias=tamsa2.snu.ac.kr&noUDP&sock=schedd_3510_2582>
...
000 (330086.001.000) 2023-07-25 10:59:24 Job submitted from host: <172.30.1.200:9618?addrs=172.30.1.200-9618&alias=tamsa2.snu.ac.kr&noUDP&sock=schedd_3510_2582>
...
000 (330086.002.000) 2023-07-25 10:59:24 Job submitted from host: <172.30.1.200:9618?addrs=172.30.1.200-9618&alias=tamsa2.snu.ac.kr&noUDP&sock=schedd_3510_2582>
...
000 (330086.003.000) 2023-07-25 10:59:24 Job submitted from host: <172.30.1.200:9618?addrs=172.30.1.200-9618&alias=tamsa2.snu.ac.kr&noUDP&sock=schedd_3510_2582>
...
000 (330086.004.000) 2023-07-25 10:59:24 Job submitted from host: <172.30.1.200:9618?addrs=172.30.1.200-9618&alias=tamsa2.snu.ac.kr&noUDP&sock=schedd_3510_2582>
...
000 (330086.005.000) 2023-07-25 10:59:24 Job submitted from host: <172.30.1.200:9618?addrs=172.30.1.200-9618&alias=tamsa2.snu.ac.kr&noUDP&sock=schedd_3510_2582>
...
000 (330086.006.000) 2023-07-25 10:59:24 Job submitted from host: <172.30.1.200:9618?addrs=172.30.1.200-9618&alias=tamsa2.snu.ac.kr&noUDP&sock=schedd_3510_2582>
...
000 (330086.007.000) 2023-07-25 10:59:24 Job submitted from host: <172.30.1.200:9618?addrs=172.30.1.200-9618&alias=tamsa2.snu.ac.kr&noUDP&sock=schedd_3510_2582>
...
000 (330086.008.000) 2023-07-25 10:59:24 Job submitted from host: <172.30.1.200:9618?addrs=172.30.1.200-9618&alias=tamsa2.snu.ac.kr&noUDP&sock=schedd_3510_2582>
...
000 (330086.009.000) 2023-07-25 10:59:24 Job submitted from host: <172.30.1.200:9618?addrs=172.30.1.200-9618&alias=tamsa2.snu.ac.kr&noUDP&sock=schedd_3510_2582>
...
040 (330086.000.000) 2023-07-25 10:59:38 Started transferring input files
	Transferring to host: <172.30.1.106:9618?addrs=172.30.1.106-9618&alias=n6&noUDP&sock=slot1_7_3308_8900_26233>
...
040 (330086.003.000) 2023-07-25 10:59:38 Started transferring input files
	Transferring to host: <172.30.1.104:9618?addrs=172.30.1.104-9618&alias=n4&noUDP&sock=slot1_6_3701_7070_25933>
...
040 (330086.000.000) 2023-07-25 10:59:38 Finished transferring input files
...
040 (330086.003.000) 2023-07-25 10:59:38 Finished transferring input files
...
040 (330086.005.000) 2023-07-25 10:59:38 Started transferring input files
	Transferring to host: <172.30.1.108:9618?addrs=172.30.1.108-9618&alias=n8&noUDP&sock=slot1_1_4278_fce7_72933>
...
040 (330086.005.000) 2023-07-25 10:59:38 Finished transferring input files
...
040 (330086.001.000) 2023-07-25 10:59:38 Started transferring input files
	Transferring to host: <172.30.1.106:9618?addrs=172.30.1.106-9618&alias=n6&noUDP&sock=slot1_8_3308_8900_26234>
...
040 (330086.002.000) 2023-07-25 10:59:38 Started transferring input files
	Transferring to host: <172.30.1.104:9618?addrs=172.30.1.104-9618&alias=n4&noUDP&sock=slot1_5_3701_7070_25934>
...
040 (330086.001.000) 2023-07-25 10:59:38 Finished transferring input files
...
040 (330086.002.000) 2023-07-25 10:59:38 Finished transferring input files
...
040 (330086.006.000) 2023-07-25 10:59:38 Started transferring input files
	Transferring to host: <172.30.1.108:9618?addrs=172.30.1.108-9618&alias=n8&noUDP&sock=slot1_6_4278_fce7_72934>
...
040 (330086.004.000) 2023-07-25 10:59:38 Started transferring input files
	Transferring to host: <172.30.1.104:9618?addrs=172.30.1.104-9618&alias=n4&noUDP&sock=slot1_7_3701_7070_25935>
...
040 (330086.006.000) 2023-07-25 10:59:38 Finished transferring input files
...
040 (330086.004.000) 2023-07-25 10:59:38 Finished transferring input files
...
040 (330086.007.000) 2023-07-25 10:59:38 Started transferring input files
	Transferring to host: <172.30.1.108:9618?addrs=172.30.1.108-9618&alias=n8&noUDP&sock=slot1_10_4278_fce7_72935>
...
040 (330086.007.000) 2023-07-25 10:59:38 Finished transferring input files
...
040 (330086.008.000) 2023-07-25 10:59:38 Started transferring input files
	Transferring to host: <172.30.1.108:9618?addrs=172.30.1.108-9618&alias=n8&noUDP&sock=slot1_11_4278_fce7_72936>
...
040 (330086.008.000) 2023-07-25 10:59:38 Finished transferring input files
...
040 (330086.009.000) 2023-07-25 10:59:38 Started transferring input files
	Transferring to host: <172.30.1.108:9618?addrs=172.30.1.108-9618&alias=n8&noUDP&sock=slot1_12_4278_fce7_72937>
...
040 (330086.009.000) 2023-07-25 10:59:38 Finished transferring input files
...
001 (330086.000.000) 2023-07-25 10:59:39 Job executing on host: <172.30.1.106:9618?addrs=172.30.1.106-9618&alias=n6&noUDP&sock=startd_3274_4528>
...
001 (330086.003.000) 2023-07-25 10:59:39 Job executing on host: <172.30.1.104:9618?addrs=172.30.1.104-9618&alias=n4&noUDP&sock=startd_3667_d5e1>
...
001 (330086.005.000) 2023-07-25 10:59:39 Job executing on host: <172.30.1.108:9618?addrs=172.30.1.108-9618&alias=n8&noUDP&sock=startd_4243_ec6e>
...
001 (330086.002.000) 2023-07-25 10:59:39 Job executing on host: <172.30.1.104:9618?addrs=172.30.1.104-9618&alias=n4&noUDP&sock=startd_3667_d5e1>
...
001 (330086.001.000) 2023-07-25 10:59:39 Job executing on host: <172.30.1.106:9618?addrs=172.30.1.106-9618&alias=n6&noUDP&sock=startd_3274_4528>
...
001 (330086.006.000) 2023-07-25 10:59:39 Job executing on host: <172.30.1.108:9618?addrs=172.30.1.108-9618&alias=n8&noUDP&sock=startd_4243_ec6e>
...
001 (330086.004.000) 2023-07-25 10:59:39 Job executing on host: <172.30.1.104:9618?addrs=172.30.1.104-9618&alias=n4&noUDP&sock=startd_3667_d5e1>
...
001 (330086.007.000) 2023-07-25 10:59:39 Job executing on host: <172.30.1.108:9618?addrs=172.30.1.108-9618&alias=n8&noUDP&sock=startd_4243_ec6e>
...
001 (330086.008.000) 2023-07-25 10:59:39 Job executing on host: <172.30.1.108:9618?addrs=172.30.1.108-9618&alias=n8&noUDP&sock=startd_4243_ec6e>
...
001 (330086.009.000) 2023-07-25 10:59:39 Job executing on host: <172.30.1.108:9618?addrs=172.30.1.108-9618&alias=n8&noUDP&sock=startd_4243_ec6e>
...
006 (330086.000.000) 2023-07-25 10:59:47 Image size of job updated: 186252
	182  -  MemoryUsage of job (MB)
	186252  -  ResidentSetSize of job (KB)
...
006 (330086.005.000) 2023-07-25 10:59:47 Image size of job updated: 186196
	182  -  MemoryUsage of job (MB)
	186196  -  ResidentSetSize of job (KB)
...
006 (330086.003.000) 2023-07-25 10:59:47 Image size of job updated: 193388
	189  -  MemoryUsage of job (MB)
	193388  -  ResidentSetSize of job (KB)
...
006 (330086.002.000) 2023-07-25 10:59:47 Image size of job updated: 186248
	182  -  MemoryUsage of job (MB)
	186248  -  ResidentSetSize of job (KB)
...
006 (330086.001.000) 2023-07-25 10:59:47 Image size of job updated: 186252
	182  -  MemoryUsage of job (MB)
	186252  -  ResidentSetSize of job (KB)
...
006 (330086.006.000) 2023-07-25 10:59:47 Image size of job updated: 186252
	182  -  MemoryUsage of job (MB)
	186252  -  ResidentSetSize of job (KB)
...
006 (330086.004.000) 2023-07-25 10:59:47 Image size of job updated: 186248
	182  -  MemoryUsage of job (MB)
	186248  -  ResidentSetSize of job (KB)
...
006 (330086.007.000) 2023-07-25 10:59:47 Image size of job updated: 208720
	204  -  MemoryUsage of job (MB)
	208720  -  ResidentSetSize of job (KB)
...
006 (330086.008.000) 2023-07-25 10:59:47 Image size of job updated: 186284
	182  -  MemoryUsage of job (MB)
	186284  -  ResidentSetSize of job (KB)
...
006 (330086.009.000) 2023-07-25 10:59:47 Image size of job updated: 186252
	182  -  MemoryUsage of job (MB)
	186252  -  ResidentSetSize of job (KB)
...
006 (330086.007.000) 2023-07-25 10:59:51 Image size of job updated: 208808
	204  -  MemoryUsage of job (MB)
	208720  -  ResidentSetSize of job (KB)
...
040 (330086.007.000) 2023-07-25 10:59:51 Started transferring output files
...
040 (330086.007.000) 2023-07-25 10:59:51 Finished transferring output files
...
005 (330086.007.000) 2023-07-25 10:59:51 Job terminated.
	(1) Normal termination (return value 0)
		Usr 0 00:00:08, Sys 0 00:00:01  -  Run Remote Usage
		Usr 0 00:00:00, Sys 0 00:00:00  -  Run Local Usage
		Usr 0 00:00:08, Sys 0 00:00:01  -  Total Remote Usage
		Usr 0 00:00:00, Sys 0 00:00:00  -  Total Local Usage
	991  -  Run Bytes Sent By Job
	170  -  Run Bytes Received By Job
	991  -  Total Bytes Sent By Job
	170  -  Total Bytes Received By Job
	Partitionable Resources :    Usage  Request Allocated 
	   Cpus                 :                 1         1 
	   Disk (KB)            :       46        1    127899 
	   Memory (MB)          :      204     3900      3968 

	Job terminated of its own accord at 2023-07-25T01:59:51Z.
...
006 (330086.009.000) 2023-07-25 10:59:52 Image size of job updated: 685716
	182  -  MemoryUsage of job (MB)
	186252  -  ResidentSetSize of job (KB)
...
040 (330086.009.000) 2023-07-25 10:59:52 Started transferring output files
...
040 (330086.009.000) 2023-07-25 10:59:52 Finished transferring output files
...
005 (330086.009.000) 2023-07-25 10:59:52 Job terminated.
	(1) Normal termination (return value 0)
		Usr 0 00:00:09, Sys 0 00:00:00  -  Run Remote Usage
		Usr 0 00:00:00, Sys 0 00:00:00  -  Run Local Usage
		Usr 0 00:00:09, Sys 0 00:00:00  -  Total Remote Usage
		Usr 0 00:00:00, Sys 0 00:00:00  -  Total Local Usage
	902  -  Run Bytes Sent By Job
	170  -  Run Bytes Received By Job
	902  -  Total Bytes Sent By Job
	170  -  Total Bytes Received By Job
	Partitionable Resources :    Usage  Request Allocated 
	   Cpus                 :                 1         1 
	   Disk (KB)            :       46        1    127899 
	   Memory (MB)          :      182     3900      3968 

	Job terminated of its own accord at 2023-07-25T01:59:52Z.
...
006 (330086.008.000) 2023-07-25 10:59:53 Image size of job updated: 685844
	182  -  MemoryUsage of job (MB)
	186284  -  ResidentSetSize of job (KB)
...
040 (330086.008.000) 2023-07-25 10:59:53 Started transferring output files
...
040 (330086.008.000) 2023-07-25 10:59:53 Finished transferring output files
...
005 (330086.008.000) 2023-07-25 10:59:53 Job terminated.
	(1) Normal termination (return value 0)
		Usr 0 00:00:10, Sys 0 00:00:00  -  Run Remote Usage
		Usr 0 00:00:00, Sys 0 00:00:00  -  Run Local Usage
		Usr 0 00:00:10, Sys 0 00:00:00  -  Total Remote Usage
		Usr 0 00:00:00, Sys 0 00:00:00  -  Total Local Usage
	933  -  Run Bytes Sent By Job
	170  -  Run Bytes Received By Job
	933  -  Total Bytes Sent By Job
	170  -  Total Bytes Received By Job
	Partitionable Resources :    Usage  Request Allocated 
	   Cpus                 :                 1         1 
	   Disk (KB)            :       46        1    127899 
	   Memory (MB)          :      182     3900      3968 

	Job terminated of its own accord at 2023-07-25T01:59:53Z.
...
006 (330086.006.000) 2023-07-25 10:59:55 Image size of job updated: 685860
	182  -  MemoryUsage of job (MB)
	186252  -  ResidentSetSize of job (KB)
...
040 (330086.006.000) 2023-07-25 10:59:55 Started transferring output files
...
040 (330086.006.000) 2023-07-25 10:59:55 Finished transferring output files
...
005 (330086.006.000) 2023-07-25 10:59:55 Job terminated.
	(1) Normal termination (return value 0)
		Usr 0 00:00:12, Sys 0 00:00:00  -  Run Remote Usage
		Usr 0 00:00:00, Sys 0 00:00:00  -  Run Local Usage
		Usr 0 00:00:12, Sys 0 00:00:00  -  Total Remote Usage
		Usr 0 00:00:00, Sys 0 00:00:00  -  Total Local Usage
	963  -  Run Bytes Sent By Job
	170  -  Run Bytes Received By Job
	963  -  Total Bytes Sent By Job
	170  -  Total Bytes Received By Job
	Partitionable Resources :    Usage  Request Allocated 
	   Cpus                 :                 1         1 
	   Disk (KB)            :       46        1    127899 
	   Memory (MB)          :      182     3900      3968 

	Job terminated of its own accord at 2023-07-25T01:59:55Z.
...
006 (330086.001.000) 2023-07-25 10:59:55 Image size of job updated: 681232
	182  -  MemoryUsage of job (MB)
	186252  -  ResidentSetSize of job (KB)
...
040 (330086.001.000) 2023-07-25 10:59:55 Started transferring output files
...
040 (330086.001.000) 2023-07-25 10:59:55 Finished transferring output files
...
005 (330086.001.000) 2023-07-25 10:59:55 Job terminated.
	(1) Normal termination (return value 0)
		Usr 0 00:00:12, Sys 0 00:00:01  -  Run Remote Usage
		Usr 0 00:00:00, Sys 0 00:00:00  -  Run Local Usage
		Usr 0 00:00:12, Sys 0 00:00:01  -  Total Remote Usage
		Usr 0 00:00:00, Sys 0 00:00:00  -  Total Local Usage
	1128  -  Run Bytes Sent By Job
	170  -  Run Bytes Received By Job
	1128  -  Total Bytes Sent By Job
	170  -  Total Bytes Received By Job
	Partitionable Resources :    Usage  Request Allocated 
	   Cpus                 :                 1         1 
	   Disk (KB)            :       46        1     61930 
	   Memory (MB)          :      182     3900      3968 

	Job terminated of its own accord at 2023-07-25T01:59:55Z.
...
006 (330086.005.000) 2023-07-25 10:59:56 Image size of job updated: 687708
	182  -  MemoryUsage of job (MB)
	186196  -  ResidentSetSize of job (KB)
...
040 (330086.005.000) 2023-07-25 10:59:56 Started transferring output files
...
040 (330086.005.000) 2023-07-25 10:59:56 Finished transferring output files
...
005 (330086.005.000) 2023-07-25 10:59:56 Job terminated.
	(1) Normal termination (return value 0)
		Usr 0 00:00:13, Sys 0 00:00:01  -  Run Remote Usage
		Usr 0 00:00:00, Sys 0 00:00:00  -  Run Local Usage
		Usr 0 00:00:13, Sys 0 00:00:01  -  Total Remote Usage
		Usr 0 00:00:00, Sys 0 00:00:00  -  Total Local Usage
	1371  -  Run Bytes Sent By Job
	170  -  Run Bytes Received By Job
	1371  -  Total Bytes Sent By Job
	170  -  Total Bytes Received By Job
	Partitionable Resources :    Usage  Request Allocated 
	   Cpus                 :                 1         1 
	   Disk (KB)            :       46        1    127899 
	   Memory (MB)          :      182     3900      3968 

	Job terminated of its own accord at 2023-07-25T01:59:56Z.
...
006 (330086.004.000) 2023-07-25 10:59:57 Image size of job updated: 685692
	182  -  MemoryUsage of job (MB)
	186248  -  ResidentSetSize of job (KB)
...
006 (330086.002.000) 2023-07-25 10:59:57 Image size of job updated: 685676
	182  -  MemoryUsage of job (MB)
	186248  -  ResidentSetSize of job (KB)
...
040 (330086.004.000) 2023-07-25 10:59:57 Started transferring output files
...
040 (330086.004.000) 2023-07-25 10:59:57 Finished transferring output files
...
040 (330086.002.000) 2023-07-25 10:59:57 Started transferring output files
...
005 (330086.004.000) 2023-07-25 10:59:57 Job terminated.
	(1) Normal termination (return value 0)
		Usr 0 00:00:15, Sys 0 00:00:01  -  Run Remote Usage
		Usr 0 00:00:00, Sys 0 00:00:00  -  Run Local Usage
		Usr 0 00:00:15, Sys 0 00:00:01  -  Total Remote Usage
		Usr 0 00:00:00, Sys 0 00:00:00  -  Total Local Usage
	1250  -  Run Bytes Sent By Job
	170  -  Run Bytes Received By Job
	1250  -  Total Bytes Sent By Job
	170  -  Total Bytes Received By Job
	Partitionable Resources :    Usage  Request Allocated 
	   Cpus                 :                 1         1 
	   Disk (KB)            :       46        1     61930 
	   Memory (MB)          :      182     3900      3968 

	Job terminated of its own accord at 2023-07-25T01:59:57Z.
...
040 (330086.002.000) 2023-07-25 10:59:57 Finished transferring output files
...
005 (330086.002.000) 2023-07-25 10:59:57 Job terminated.
	(1) Normal termination (return value 0)
		Usr 0 00:00:15, Sys 0 00:00:01  -  Run Remote Usage
		Usr 0 00:00:00, Sys 0 00:00:00  -  Run Local Usage
		Usr 0 00:00:15, Sys 0 00:00:01  -  Total Remote Usage
		Usr 0 00:00:00, Sys 0 00:00:00  -  Total Local Usage
	1281  -  Run Bytes Sent By Job
	170  -  Run Bytes Received By Job
	1281  -  Total Bytes Sent By Job
	170  -  Total Bytes Received By Job
	Partitionable Resources :    Usage  Request Allocated 
	   Cpus                 :                 1         1 
	   Disk (KB)            :       46        1     61930 
	   Memory (MB)          :      182     3900      3968 

	Job terminated of its own accord at 2023-07-25T01:59:57Z.
...
006 (330086.000.000) 2023-07-25 10:59:58 Image size of job updated: 694832
	182  -  MemoryUsage of job (MB)
	186252  -  ResidentSetSize of job (KB)
...
040 (330086.000.000) 2023-07-25 10:59:58 Started transferring output files
...
040 (330086.000.000) 2023-07-25 10:59:58 Finished transferring output files
...
005 (330086.000.000) 2023-07-25 10:59:58 Job terminated.
	(1) Normal termination (return value 0)
		Usr 0 00:00:15, Sys 0 00:00:01  -  Run Remote Usage
		Usr 0 00:00:00, Sys 0 00:00:00  -  Run Local Usage
		Usr 0 00:00:15, Sys 0 00:00:01  -  Total Remote Usage
		Usr 0 00:00:00, Sys 0 00:00:00  -  Total Local Usage
	1190  -  Run Bytes Sent By Job
	170  -  Run Bytes Received By Job
	1190  -  Total Bytes Sent By Job
	170  -  Total Bytes Received By Job
	Partitionable Resources :    Usage  Request Allocated 
	   Cpus                 :                 1         1 
	   Disk (KB)            :       46        1     61930 
	   Memory (MB)          :      182     3900      3968 

	Job terminated of its own accord at 2023-07-25T01:59:58Z.
...
006 (330086.003.000) 2023-07-25 10:59:58 Image size of job updated: 685744
	189  -  MemoryUsage of job (MB)
	193388  -  ResidentSetSize of job (KB)
...
040 (330086.003.000) 2023-07-25 10:59:58 Started transferring output files
...
040 (330086.003.000) 2023-07-25 10:59:58 Finished transferring output files
...
005 (330086.003.000) 2023-07-25 10:59:58 Job terminated.
	(1) Normal termination (return value 0)
		Usr 0 00:00:15, Sys 0 00:00:01  -  Run Remote Usage
		Usr 0 00:00:00, Sys 0 00:00:00  -  Run Local Usage
		Usr 0 00:00:15, Sys 0 00:00:01  -  Total Remote Usage
		Usr 0 00:00:00, Sys 0 00:00:00  -  Total Local Usage
	1520  -  Run Bytes Sent By Job
	170  -  Run Bytes Received By Job
	1520  -  Total Bytes Sent By Job
	170  -  Total Bytes Received By Job
	Partitionable Resources :    Usage  Request Allocated 
	   Cpus                 :                 1         1 
	   Disk (KB)            :       47        1     61930 
	   Memory (MB)          :      189     3900      3968 

	Job terminated of its own accord at 2023-07-25T01:59:58Z.
...
