000 (311039.000.000) 2023-06-12 17:46:35 Job submitted from host: <172.30.1.200:9618?addrs=172.30.1.200-9618&alias=tamsa2.snu.ac.kr&noUDP&sock=schedd_3510_2582>
...
000 (311039.001.000) 2023-06-12 17:46:35 Job submitted from host: <172.30.1.200:9618?addrs=172.30.1.200-9618&alias=tamsa2.snu.ac.kr&noUDP&sock=schedd_3510_2582>
...
000 (311039.002.000) 2023-06-12 17:46:35 Job submitted from host: <172.30.1.200:9618?addrs=172.30.1.200-9618&alias=tamsa2.snu.ac.kr&noUDP&sock=schedd_3510_2582>
...
000 (311039.003.000) 2023-06-12 17:46:35 Job submitted from host: <172.30.1.200:9618?addrs=172.30.1.200-9618&alias=tamsa2.snu.ac.kr&noUDP&sock=schedd_3510_2582>
...
000 (311039.004.000) 2023-06-12 17:46:35 Job submitted from host: <172.30.1.200:9618?addrs=172.30.1.200-9618&alias=tamsa2.snu.ac.kr&noUDP&sock=schedd_3510_2582>
...
000 (311039.005.000) 2023-06-12 17:46:35 Job submitted from host: <172.30.1.200:9618?addrs=172.30.1.200-9618&alias=tamsa2.snu.ac.kr&noUDP&sock=schedd_3510_2582>
...
000 (311039.006.000) 2023-06-12 17:46:35 Job submitted from host: <172.30.1.200:9618?addrs=172.30.1.200-9618&alias=tamsa2.snu.ac.kr&noUDP&sock=schedd_3510_2582>
...
000 (311039.007.000) 2023-06-12 17:46:35 Job submitted from host: <172.30.1.200:9618?addrs=172.30.1.200-9618&alias=tamsa2.snu.ac.kr&noUDP&sock=schedd_3510_2582>
...
000 (311039.008.000) 2023-06-12 17:46:35 Job submitted from host: <172.30.1.200:9618?addrs=172.30.1.200-9618&alias=tamsa2.snu.ac.kr&noUDP&sock=schedd_3510_2582>
...
000 (311039.009.000) 2023-06-12 17:46:35 Job submitted from host: <172.30.1.200:9618?addrs=172.30.1.200-9618&alias=tamsa2.snu.ac.kr&noUDP&sock=schedd_3510_2582>
...
001 (311039.001.000) 2023-06-12 17:46:42 Job executing on host: <172.30.1.208:9618?addrs=172.30.1.208-9618&alias=node8&noUDP&sock=startd_3802_6f2a>
...
001 (311039.000.000) 2023-06-12 17:46:42 Job executing on host: <172.30.1.210:9618?addrs=172.30.1.210-9618&alias=node10&noUDP&sock=startd_3787_253e>
...
001 (311039.002.000) 2023-06-12 17:46:42 Job executing on host: <172.30.1.208:9618?addrs=172.30.1.208-9618&alias=node8&noUDP&sock=startd_3802_6f2a>
...
001 (311039.008.000) 2023-06-12 17:46:42 Job executing on host: <172.30.1.209:9618?addrs=172.30.1.209-9618&alias=node9&noUDP&sock=startd_3776_99b3>
...
001 (311039.003.000) 2023-06-12 17:46:42 Job executing on host: <172.30.1.208:9618?addrs=172.30.1.208-9618&alias=node8&noUDP&sock=startd_3802_6f2a>
...
001 (311039.005.000) 2023-06-12 17:46:42 Job executing on host: <172.30.1.208:9618?addrs=172.30.1.208-9618&alias=node8&noUDP&sock=startd_3802_6f2a>
...
001 (311039.009.000) 2023-06-12 17:46:42 Job executing on host: <172.30.1.209:9618?addrs=172.30.1.209-9618&alias=node9&noUDP&sock=startd_3776_99b3>
...
001 (311039.006.000) 2023-06-12 17:46:42 Job executing on host: <172.30.1.208:9618?addrs=172.30.1.208-9618&alias=node8&noUDP&sock=startd_3802_6f2a>
...
001 (311039.004.000) 2023-06-12 17:46:42 Job executing on host: <172.30.1.208:9618?addrs=172.30.1.208-9618&alias=node8&noUDP&sock=startd_3802_6f2a>
...
001 (311039.007.000) 2023-06-12 17:46:42 Job executing on host: <172.30.1.208:9618?addrs=172.30.1.208-9618&alias=node8&noUDP&sock=startd_3802_6f2a>
...
006 (311039.000.000) 2023-06-12 17:46:50 Image size of job updated: 164592
	161  -  MemoryUsage of job (MB)
	164592  -  ResidentSetSize of job (KB)
...
006 (311039.001.000) 2023-06-12 17:46:50 Image size of job updated: 524340
	167  -  MemoryUsage of job (MB)
	170924  -  ResidentSetSize of job (KB)
...
006 (311039.002.000) 2023-06-12 17:46:50 Image size of job updated: 524436
	168  -  MemoryUsage of job (MB)
	171892  -  ResidentSetSize of job (KB)
...
006 (311039.008.000) 2023-06-12 17:46:50 Image size of job updated: 497812
	175  -  MemoryUsage of job (MB)
	178776  -  ResidentSetSize of job (KB)
...
006 (311039.003.000) 2023-06-12 17:46:50 Image size of job updated: 524088
	173  -  MemoryUsage of job (MB)
	176396  -  ResidentSetSize of job (KB)
...
006 (311039.005.000) 2023-06-12 17:46:50 Image size of job updated: 524192
	173  -  MemoryUsage of job (MB)
	176392  -  ResidentSetSize of job (KB)
...
006 (311039.009.000) 2023-06-12 17:46:50 Image size of job updated: 496964
	176  -  MemoryUsage of job (MB)
	179960  -  ResidentSetSize of job (KB)
...
006 (311039.006.000) 2023-06-12 17:46:51 Image size of job updated: 521052
	184  -  MemoryUsage of job (MB)
	187624  -  ResidentSetSize of job (KB)
...
006 (311039.004.000) 2023-06-12 17:46:51 Image size of job updated: 520984
	184  -  MemoryUsage of job (MB)
	187636  -  ResidentSetSize of job (KB)
...
006 (311039.007.000) 2023-06-12 17:46:51 Image size of job updated: 524440
	184  -  MemoryUsage of job (MB)
	187632  -  ResidentSetSize of job (KB)
...
006 (311039.003.000) 2023-06-12 17:49:53 Image size of job updated: 697564
	173  -  MemoryUsage of job (MB)
	176396  -  ResidentSetSize of job (KB)
...
006 (311039.004.000) 2023-06-12 17:49:53 Image size of job updated: 697592
	184  -  MemoryUsage of job (MB)
	187636  -  ResidentSetSize of job (KB)
...
005 (311039.004.000) 2023-06-12 17:49:53 Job terminated.
	(1) Normal termination (return value 0)
		Usr 0 00:03:01, Sys 0 00:00:02  -  Run Remote Usage
		Usr 0 00:00:00, Sys 0 00:00:00  -  Run Local Usage
		Usr 0 00:03:01, Sys 0 00:00:02  -  Total Remote Usage
		Usr 0 00:00:00, Sys 0 00:00:00  -  Total Local Usage
	0  -  Run Bytes Sent By Job
	0  -  Run Bytes Received By Job
	0  -  Total Bytes Sent By Job
	0  -  Total Bytes Received By Job
	Partitionable Resources :    Usage  Request Allocated 
	   Cpus                 :     0.97        1         1 
	   Disk (KB)            :     1           1    128928 
	   Memory (MB)          :   184        3900      3968 

	Job terminated of its own accord at 2023-06-12T08:49:53Z.
...
005 (311039.003.000) 2023-06-12 17:49:53 Job terminated.
	(1) Normal termination (return value 0)
		Usr 0 00:02:58, Sys 0 00:00:02  -  Run Remote Usage
		Usr 0 00:00:00, Sys 0 00:00:00  -  Run Local Usage
		Usr 0 00:02:58, Sys 0 00:00:02  -  Total Remote Usage
		Usr 0 00:00:00, Sys 0 00:00:00  -  Total Local Usage
	0  -  Run Bytes Sent By Job
	0  -  Run Bytes Received By Job
	0  -  Total Bytes Sent By Job
	0  -  Total Bytes Received By Job
	Partitionable Resources :    Usage  Request Allocated 
	   Cpus                 :     0.97        1         1 
	   Disk (KB)            :     1           1    128928 
	   Memory (MB)          :   173        3900      3968 

	Job terminated of its own accord at 2023-06-12T08:49:53Z.
...
006 (311039.001.000) 2023-06-12 17:50:05 Image size of job updated: 697520
	167  -  MemoryUsage of job (MB)
	170956  -  ResidentSetSize of job (KB)
...
005 (311039.001.000) 2023-06-12 17:50:05 Job terminated.
	(1) Normal termination (return value 0)
		Usr 0 00:03:10, Sys 0 00:00:01  -  Run Remote Usage
		Usr 0 00:00:00, Sys 0 00:00:00  -  Run Local Usage
		Usr 0 00:03:10, Sys 0 00:00:01  -  Total Remote Usage
		Usr 0 00:00:00, Sys 0 00:00:00  -  Total Local Usage
	0  -  Run Bytes Sent By Job
	0  -  Run Bytes Received By Job
	0  -  Total Bytes Sent By Job
	0  -  Total Bytes Received By Job
	Partitionable Resources :    Usage  Request Allocated 
	   Cpus                 :     0.94        1         1 
	   Disk (KB)            :     1           1    128928 
	   Memory (MB)          :   167        3900      3968 

	Job terminated of its own accord at 2023-06-12T08:50:05Z.
...
006 (311039.008.000) 2023-06-12 17:50:21 Image size of job updated: 697496
	175  -  MemoryUsage of job (MB)
	178776  -  ResidentSetSize of job (KB)
...
005 (311039.008.000) 2023-06-12 17:50:21 Job terminated.
	(1) Normal termination (return value 0)
		Usr 0 00:03:28, Sys 0 00:00:02  -  Run Remote Usage
		Usr 0 00:00:00, Sys 0 00:00:00  -  Run Local Usage
		Usr 0 00:03:28, Sys 0 00:00:02  -  Total Remote Usage
		Usr 0 00:00:00, Sys 0 00:00:00  -  Total Local Usage
	0  -  Run Bytes Sent By Job
	0  -  Run Bytes Received By Job
	0  -  Total Bytes Sent By Job
	0  -  Total Bytes Received By Job
	Partitionable Resources :    Usage  Request Allocated 
	   Cpus                 :     1.00        1         1 
	   Disk (KB)            :     1           1    128928 
	   Memory (MB)          :   175        3900      3968 

	Job terminated of its own accord at 2023-06-12T08:50:21Z.
...
006 (311039.000.000) 2023-06-12 17:50:23 Image size of job updated: 697476
	162  -  MemoryUsage of job (MB)
	165084  -  ResidentSetSize of job (KB)
...
005 (311039.000.000) 2023-06-12 17:50:23 Job terminated.
	(1) Normal termination (return value 0)
		Usr 0 00:03:28, Sys 0 00:00:03  -  Run Remote Usage
		Usr 0 00:00:00, Sys 0 00:00:00  -  Run Local Usage
		Usr 0 00:03:28, Sys 0 00:00:03  -  Total Remote Usage
		Usr 0 00:00:00, Sys 0 00:00:00  -  Total Local Usage
	0  -  Run Bytes Sent By Job
	0  -  Run Bytes Received By Job
	0  -  Total Bytes Sent By Job
	0  -  Total Bytes Received By Job
	Partitionable Resources :    Usage  Request Allocated 
	   Cpus                 :     0.95        1         1 
	   Disk (KB)            :     1           1    128928 
	   Memory (MB)          :   162        3900      3968 

	Job terminated of its own accord at 2023-06-12T08:50:23Z.
...
006 (311039.006.000) 2023-06-12 17:50:24 Image size of job updated: 697552
	184  -  MemoryUsage of job (MB)
	187624  -  ResidentSetSize of job (KB)
...
005 (311039.006.000) 2023-06-12 17:50:25 Job terminated.
	(1) Normal termination (return value 0)
		Usr 0 00:03:31, Sys 0 00:00:02  -  Run Remote Usage
		Usr 0 00:00:00, Sys 0 00:00:00  -  Run Local Usage
		Usr 0 00:03:31, Sys 0 00:00:02  -  Total Remote Usage
		Usr 0 00:00:00, Sys 0 00:00:00  -  Total Local Usage
	0  -  Run Bytes Sent By Job
	0  -  Run Bytes Received By Job
	0  -  Total Bytes Sent By Job
	0  -  Total Bytes Received By Job
	Partitionable Resources :    Usage  Request Allocated 
	   Cpus                 :     1.00        1         1 
	   Disk (KB)            :     1           1    128928 
	   Memory (MB)          :   184        3900      3968 

	Job terminated of its own accord at 2023-06-12T08:50:24Z.
...
006 (311039.002.000) 2023-06-12 17:50:29 Image size of job updated: 698140
	168  -  MemoryUsage of job (MB)
	171956  -  ResidentSetSize of job (KB)
...
005 (311039.002.000) 2023-06-12 17:50:29 Job terminated.
	(1) Normal termination (return value 0)
		Usr 0 00:03:36, Sys 0 00:00:01  -  Run Remote Usage
		Usr 0 00:00:00, Sys 0 00:00:00  -  Run Local Usage
		Usr 0 00:03:36, Sys 0 00:00:01  -  Total Remote Usage
		Usr 0 00:00:00, Sys 0 00:00:00  -  Total Local Usage
	0  -  Run Bytes Sent By Job
	0  -  Run Bytes Received By Job
	0  -  Total Bytes Sent By Job
	0  -  Total Bytes Received By Job
	Partitionable Resources :    Usage  Request Allocated 
	   Cpus                 :     1.00        1         1 
	   Disk (KB)            :     1           1    128928 
	   Memory (MB)          :   168        3900      3968 

	Job terminated of its own accord at 2023-06-12T08:50:29Z.
...
006 (311039.005.000) 2023-06-12 17:50:33 Image size of job updated: 697052
	173  -  MemoryUsage of job (MB)
	176392  -  ResidentSetSize of job (KB)
...
005 (311039.005.000) 2023-06-12 17:50:34 Job terminated.
	(1) Normal termination (return value 0)
		Usr 0 00:03:37, Sys 0 00:00:02  -  Run Remote Usage
		Usr 0 00:00:00, Sys 0 00:00:00  -  Run Local Usage
		Usr 0 00:03:37, Sys 0 00:00:02  -  Total Remote Usage
		Usr 0 00:00:00, Sys 0 00:00:00  -  Total Local Usage
	0  -  Run Bytes Sent By Job
	0  -  Run Bytes Received By Job
	0  -  Total Bytes Sent By Job
	0  -  Total Bytes Received By Job
	Partitionable Resources :    Usage  Request Allocated 
	   Cpus                 :     0.94        1         1 
	   Disk (KB)            :     1           1    128928 
	   Memory (MB)          :   173        3900      3968 

	Job terminated of its own accord at 2023-06-12T08:50:33Z.
...
006 (311039.007.000) 2023-06-12 17:50:40 Image size of job updated: 697516
	184  -  MemoryUsage of job (MB)
	187632  -  ResidentSetSize of job (KB)
...
005 (311039.007.000) 2023-06-12 17:50:40 Job terminated.
	(1) Normal termination (return value 0)
		Usr 0 00:03:47, Sys 0 00:00:02  -  Run Remote Usage
		Usr 0 00:00:00, Sys 0 00:00:00  -  Run Local Usage
		Usr 0 00:03:47, Sys 0 00:00:02  -  Total Remote Usage
		Usr 0 00:00:00, Sys 0 00:00:00  -  Total Local Usage
	0  -  Run Bytes Sent By Job
	0  -  Run Bytes Received By Job
	0  -  Total Bytes Sent By Job
	0  -  Total Bytes Received By Job
	Partitionable Resources :    Usage  Request Allocated 
	   Cpus                 :     1.00        1         1 
	   Disk (KB)            :     1           1    128928 
	   Memory (MB)          :   184        3900      3968 

	Job terminated of its own accord at 2023-06-12T08:50:40Z.
...
006 (311039.009.000) 2023-06-12 17:50:42 Image size of job updated: 697560
	176  -  MemoryUsage of job (MB)
	179960  -  ResidentSetSize of job (KB)
...
005 (311039.009.000) 2023-06-12 17:50:42 Job terminated.
	(1) Normal termination (return value 0)
		Usr 0 00:03:50, Sys 0 00:00:01  -  Run Remote Usage
		Usr 0 00:00:00, Sys 0 00:00:00  -  Run Local Usage
		Usr 0 00:03:50, Sys 0 00:00:01  -  Total Remote Usage
		Usr 0 00:00:00, Sys 0 00:00:00  -  Total Local Usage
	0  -  Run Bytes Sent By Job
	0  -  Run Bytes Received By Job
	0  -  Total Bytes Sent By Job
	0  -  Total Bytes Received By Job
	Partitionable Resources :    Usage  Request Allocated 
	   Cpus                 :     0.97        1         1 
	   Disk (KB)            :     1           1    128928 
	   Memory (MB)          :   176        3900      3968 

	Job terminated of its own accord at 2023-06-12T08:50:42Z.
...
