000 (310923.000.000) 2023-06-12 15:35:19 Job submitted from host: <172.30.1.200:9618?addrs=172.30.1.200-9618&alias=tamsa2.snu.ac.kr&noUDP&sock=schedd_3510_2582>
...
000 (310923.001.000) 2023-06-12 15:35:19 Job submitted from host: <172.30.1.200:9618?addrs=172.30.1.200-9618&alias=tamsa2.snu.ac.kr&noUDP&sock=schedd_3510_2582>
...
000 (310923.002.000) 2023-06-12 15:35:19 Job submitted from host: <172.30.1.200:9618?addrs=172.30.1.200-9618&alias=tamsa2.snu.ac.kr&noUDP&sock=schedd_3510_2582>
...
000 (310923.003.000) 2023-06-12 15:35:19 Job submitted from host: <172.30.1.200:9618?addrs=172.30.1.200-9618&alias=tamsa2.snu.ac.kr&noUDP&sock=schedd_3510_2582>
...
000 (310923.004.000) 2023-06-12 15:35:19 Job submitted from host: <172.30.1.200:9618?addrs=172.30.1.200-9618&alias=tamsa2.snu.ac.kr&noUDP&sock=schedd_3510_2582>
...
000 (310923.005.000) 2023-06-12 15:35:19 Job submitted from host: <172.30.1.200:9618?addrs=172.30.1.200-9618&alias=tamsa2.snu.ac.kr&noUDP&sock=schedd_3510_2582>
...
000 (310923.006.000) 2023-06-12 15:35:19 Job submitted from host: <172.30.1.200:9618?addrs=172.30.1.200-9618&alias=tamsa2.snu.ac.kr&noUDP&sock=schedd_3510_2582>
...
000 (310923.007.000) 2023-06-12 15:35:19 Job submitted from host: <172.30.1.200:9618?addrs=172.30.1.200-9618&alias=tamsa2.snu.ac.kr&noUDP&sock=schedd_3510_2582>
...
000 (310923.008.000) 2023-06-12 15:35:19 Job submitted from host: <172.30.1.200:9618?addrs=172.30.1.200-9618&alias=tamsa2.snu.ac.kr&noUDP&sock=schedd_3510_2582>
...
000 (310923.009.000) 2023-06-12 15:35:19 Job submitted from host: <172.30.1.200:9618?addrs=172.30.1.200-9618&alias=tamsa2.snu.ac.kr&noUDP&sock=schedd_3510_2582>
...
001 (310923.003.000) 2023-06-12 15:38:32 Job executing on host: <172.30.1.208:9618?addrs=172.30.1.208-9618&alias=node8&noUDP&sock=startd_3802_6f2a>
...
040 (310923.004.000) 2023-06-12 15:38:32 Started transferring input files
	Transferring to host: <172.30.1.101:9618?addrs=172.30.1.101-9618&alias=n1&noUDP&sock=slot1_5_3367_1b22_14686>
...
040 (310923.004.000) 2023-06-12 15:38:32 Finished transferring input files
...
040 (310923.005.000) 2023-06-12 15:38:32 Started transferring input files
	Transferring to host: <172.30.1.101:9618?addrs=172.30.1.101-9618&alias=n1&noUDP&sock=slot1_58_3367_1b22_14687>
...
040 (310923.005.000) 2023-06-12 15:38:32 Finished transferring input files
...
001 (310923.000.000) 2023-06-12 15:38:32 Job executing on host: <172.30.1.201:9618?addrs=172.30.1.201-9618&alias=node1&noUDP&sock=startd_4675_3d58>
...
001 (310923.001.000) 2023-06-12 15:38:32 Job executing on host: <172.30.1.201:9618?addrs=172.30.1.201-9618&alias=node1&noUDP&sock=startd_4675_3d58>
...
001 (310923.002.000) 2023-06-12 15:38:32 Job executing on host: <172.30.1.201:9618?addrs=172.30.1.201-9618&alias=node1&noUDP&sock=startd_4675_3d58>
...
001 (310923.004.000) 2023-06-12 15:38:33 Job executing on host: <172.30.1.101:9618?addrs=172.30.1.101-9618&alias=n1&noUDP&sock=startd_3332_0da7>
...
001 (310923.005.000) 2023-06-12 15:38:33 Job executing on host: <172.30.1.101:9618?addrs=172.30.1.101-9618&alias=n1&noUDP&sock=startd_3332_0da7>
...
006 (310923.000.000) 2023-06-12 15:38:41 Image size of job updated: 158208
	155  -  MemoryUsage of job (MB)
	158208  -  ResidentSetSize of job (KB)
...
006 (310923.001.000) 2023-06-12 15:38:41 Image size of job updated: 163872
	161  -  MemoryUsage of job (MB)
	163872  -  ResidentSetSize of job (KB)
...
006 (310923.002.000) 2023-06-12 15:38:41 Image size of job updated: 171840
	168  -  MemoryUsage of job (MB)
	171840  -  ResidentSetSize of job (KB)
...
006 (310923.003.000) 2023-06-12 15:38:41 Image size of job updated: 505936
	153  -  MemoryUsage of job (MB)
	156648  -  ResidentSetSize of job (KB)
...
006 (310923.005.000) 2023-06-12 15:38:42 Image size of job updated: 80024
	79  -  MemoryUsage of job (MB)
	80024  -  ResidentSetSize of job (KB)
...
006 (310923.004.000) 2023-06-12 15:38:42 Image size of job updated: 113692
	112  -  MemoryUsage of job (MB)
	113692  -  ResidentSetSize of job (KB)
...
006 (310923.002.000) 2023-06-12 15:39:07 Image size of job updated: 612056
	168  -  MemoryUsage of job (MB)
	171840  -  ResidentSetSize of job (KB)
...
005 (310923.002.000) 2023-06-12 15:39:07 Job terminated.
	(1) Normal termination (return value 0)
		Usr 0 00:00:28, Sys 0 00:00:01  -  Run Remote Usage
		Usr 0 00:00:00, Sys 0 00:00:00  -  Run Local Usage
		Usr 0 00:00:28, Sys 0 00:00:01  -  Total Remote Usage
		Usr 0 00:00:00, Sys 0 00:00:00  -  Total Local Usage
	0  -  Run Bytes Sent By Job
	0  -  Run Bytes Received By Job
	0  -  Total Bytes Sent By Job
	0  -  Total Bytes Received By Job
	Partitionable Resources :    Usage  Request Allocated 
	   Cpus                 :                 1         1 
	   Disk (KB)            :        1        1    128992 
	   Memory (MB)          :      168     3900      3968 

	Job terminated of its own accord at 2023-06-12T06:39:07Z.
...
006 (310923.000.000) 2023-06-12 15:39:09 Image size of job updated: 614200
	155  -  MemoryUsage of job (MB)
	158412  -  ResidentSetSize of job (KB)
...
005 (310923.000.000) 2023-06-12 15:39:09 Job terminated.
	(1) Normal termination (return value 0)
		Usr 0 00:00:31, Sys 0 00:00:01  -  Run Remote Usage
		Usr 0 00:00:00, Sys 0 00:00:00  -  Run Local Usage
		Usr 0 00:00:31, Sys 0 00:00:01  -  Total Remote Usage
		Usr 0 00:00:00, Sys 0 00:00:00  -  Total Local Usage
	0  -  Run Bytes Sent By Job
	0  -  Run Bytes Received By Job
	0  -  Total Bytes Sent By Job
	0  -  Total Bytes Received By Job
	Partitionable Resources :    Usage  Request Allocated 
	   Cpus                 :                 1         1 
	   Disk (KB)            :        1        1    128992 
	   Memory (MB)          :      155     3900      3968 

	Job terminated of its own accord at 2023-06-12T06:39:09Z.
...
006 (310923.001.000) 2023-06-12 15:39:09 Image size of job updated: 615240
	161  -  MemoryUsage of job (MB)
	163872  -  ResidentSetSize of job (KB)
...
005 (310923.001.000) 2023-06-12 15:39:09 Job terminated.
	(1) Normal termination (return value 0)
		Usr 0 00:00:32, Sys 0 00:00:01  -  Run Remote Usage
		Usr 0 00:00:00, Sys 0 00:00:00  -  Run Local Usage
		Usr 0 00:00:32, Sys 0 00:00:01  -  Total Remote Usage
		Usr 0 00:00:00, Sys 0 00:00:00  -  Total Local Usage
	0  -  Run Bytes Sent By Job
	0  -  Run Bytes Received By Job
	0  -  Total Bytes Sent By Job
	0  -  Total Bytes Received By Job
	Partitionable Resources :    Usage  Request Allocated 
	   Cpus                 :                 1         1 
	   Disk (KB)            :        1        1    128992 
	   Memory (MB)          :      161     3900      3968 

	Job terminated of its own accord at 2023-06-12T06:39:09Z.
...
006 (310923.003.000) 2023-06-12 15:39:09 Image size of job updated: 614112
	153  -  MemoryUsage of job (MB)
	156648  -  ResidentSetSize of job (KB)
...
005 (310923.003.000) 2023-06-12 15:39:09 Job terminated.
	(1) Normal termination (return value 0)
		Usr 0 00:00:29, Sys 0 00:00:01  -  Run Remote Usage
		Usr 0 00:00:00, Sys 0 00:00:00  -  Run Local Usage
		Usr 0 00:00:29, Sys 0 00:00:01  -  Total Remote Usage
		Usr 0 00:00:00, Sys 0 00:00:00  -  Total Local Usage
	0  -  Run Bytes Sent By Job
	0  -  Run Bytes Received By Job
	0  -  Total Bytes Sent By Job
	0  -  Total Bytes Received By Job
	Partitionable Resources :    Usage  Request Allocated 
	   Cpus                 :                 1         1 
	   Disk (KB)            :        1        1    128928 
	   Memory (MB)          :      153     3900      3968 

	Job terminated of its own accord at 2023-06-12T06:39:09Z.
...
006 (310923.004.000) 2023-06-12 15:39:31 Image size of job updated: 612404
	112  -  MemoryUsage of job (MB)
	113692  -  ResidentSetSize of job (KB)
...
040 (310923.004.000) 2023-06-12 15:39:31 Started transferring output files
...
040 (310923.004.000) 2023-06-12 15:39:31 Finished transferring output files
...
005 (310923.004.000) 2023-06-12 15:39:31 Job terminated.
	(1) Normal termination (return value 0)
		Usr 0 00:00:46, Sys 0 00:00:03  -  Run Remote Usage
		Usr 0 00:00:00, Sys 0 00:00:00  -  Run Local Usage
		Usr 0 00:00:46, Sys 0 00:00:03  -  Total Remote Usage
		Usr 0 00:00:00, Sys 0 00:00:00  -  Total Local Usage
	11408  -  Run Bytes Sent By Job
	143  -  Run Bytes Received By Job
	11408  -  Total Bytes Sent By Job
	143  -  Total Bytes Received By Job
	Partitionable Resources :    Usage  Request Allocated 
	   Cpus                 :                 1         1 
	   Disk (KB)            :       56        1    127998 
	   Memory (MB)          :      112     3900      3968 

	Job terminated of its own accord at 2023-06-12T06:39:31Z.
...
001 (310923.006.000) 2023-06-12 15:39:33 Job executing on host: <172.30.1.206:9618?addrs=172.30.1.206-9618&alias=node6&noUDP&sock=startd_3777_494c>
...
001 (310923.008.000) 2023-06-12 15:39:33 Job executing on host: <172.30.1.203:9618?addrs=172.30.1.203-9618&alias=node3&noUDP&sock=startd_3773_8aeb>
...
001 (310923.009.000) 2023-06-12 15:39:33 Job executing on host: <172.30.1.201:9618?addrs=172.30.1.201-9618&alias=node1&noUDP&sock=startd_4675_3d58>
...
001 (310923.007.000) 2023-06-12 15:39:33 Job executing on host: <172.30.1.206:9618?addrs=172.30.1.206-9618&alias=node6&noUDP&sock=startd_3777_494c>
...
006 (310923.005.000) 2023-06-12 15:39:39 Image size of job updated: 614244
	79  -  MemoryUsage of job (MB)
	80300  -  ResidentSetSize of job (KB)
...
040 (310923.005.000) 2023-06-12 15:39:40 Started transferring output files
...
040 (310923.005.000) 2023-06-12 15:39:40 Finished transferring output files
...
005 (310923.005.000) 2023-06-12 15:39:40 Job terminated.
	(1) Normal termination (return value 0)
		Usr 0 00:00:52, Sys 0 00:00:05  -  Run Remote Usage
		Usr 0 00:00:00, Sys 0 00:00:00  -  Run Local Usage
		Usr 0 00:00:52, Sys 0 00:00:05  -  Total Remote Usage
		Usr 0 00:00:00, Sys 0 00:00:00  -  Total Local Usage
	9952  -  Run Bytes Sent By Job
	143  -  Run Bytes Received By Job
	9952  -  Total Bytes Sent By Job
	143  -  Total Bytes Received By Job
	Partitionable Resources :    Usage  Request Allocated 
	   Cpus                 :                 1         1 
	   Disk (KB)            :       55        1    127998 
	   Memory (MB)          :       79     3900      3968 

	Job terminated of its own accord at 2023-06-12T06:39:39Z.
...
006 (310923.006.000) 2023-06-12 15:39:41 Image size of job updated: 164772
	161  -  MemoryUsage of job (MB)
	164772  -  ResidentSetSize of job (KB)
...
006 (310923.009.000) 2023-06-12 15:39:41 Image size of job updated: 156648
	153  -  MemoryUsage of job (MB)
	156648  -  ResidentSetSize of job (KB)
...
006 (310923.008.000) 2023-06-12 15:39:41 Image size of job updated: 164688
	161  -  MemoryUsage of job (MB)
	164688  -  ResidentSetSize of job (KB)
...
006 (310923.007.000) 2023-06-12 15:39:41 Image size of job updated: 158768
	156  -  MemoryUsage of job (MB)
	158768  -  ResidentSetSize of job (KB)
...
006 (310923.007.000) 2023-06-12 15:40:07 Image size of job updated: 612288
	156  -  MemoryUsage of job (MB)
	158768  -  ResidentSetSize of job (KB)
...
005 (310923.007.000) 2023-06-12 15:40:07 Job terminated.
	(1) Normal termination (return value 0)
		Usr 0 00:00:29, Sys 0 00:00:01  -  Run Remote Usage
		Usr 0 00:00:00, Sys 0 00:00:00  -  Run Local Usage
		Usr 0 00:00:29, Sys 0 00:00:01  -  Total Remote Usage
		Usr 0 00:00:00, Sys 0 00:00:00  -  Total Local Usage
	0  -  Run Bytes Sent By Job
	0  -  Run Bytes Received By Job
	0  -  Total Bytes Sent By Job
	0  -  Total Bytes Received By Job
	Partitionable Resources :    Usage  Request Allocated 
	   Cpus                 :                 1         1 
	   Disk (KB)            :        1        1     95898 
	   Memory (MB)          :      156     3900      3968 

	Job terminated of its own accord at 2023-06-12T06:40:07Z.
...
006 (310923.008.000) 2023-06-12 15:40:09 Image size of job updated: 611212
	161  -  MemoryUsage of job (MB)
	164688  -  ResidentSetSize of job (KB)
...
005 (310923.008.000) 2023-06-12 15:40:09 Job terminated.
	(1) Normal termination (return value 0)
		Usr 0 00:00:29, Sys 0 00:00:01  -  Run Remote Usage
		Usr 0 00:00:00, Sys 0 00:00:00  -  Run Local Usage
		Usr 0 00:00:29, Sys 0 00:00:01  -  Total Remote Usage
		Usr 0 00:00:00, Sys 0 00:00:00  -  Total Local Usage
	0  -  Run Bytes Sent By Job
	0  -  Run Bytes Received By Job
	0  -  Total Bytes Sent By Job
	0  -  Total Bytes Received By Job
	Partitionable Resources :    Usage  Request Allocated 
	   Cpus                 :                 1         1 
	   Disk (KB)            :        1        1    128928 
	   Memory (MB)          :      161     3900      3968 

	Job terminated of its own accord at 2023-06-12T06:40:09Z.
...
006 (310923.006.000) 2023-06-12 15:40:09 Image size of job updated: 614304
	161  -  MemoryUsage of job (MB)
	164772  -  ResidentSetSize of job (KB)
...
005 (310923.006.000) 2023-06-12 15:40:09 Job terminated.
	(1) Normal termination (return value 0)
		Usr 0 00:00:31, Sys 0 00:00:01  -  Run Remote Usage
		Usr 0 00:00:00, Sys 0 00:00:00  -  Run Local Usage
		Usr 0 00:00:31, Sys 0 00:00:01  -  Total Remote Usage
		Usr 0 00:00:00, Sys 0 00:00:00  -  Total Local Usage
	0  -  Run Bytes Sent By Job
	0  -  Run Bytes Received By Job
	0  -  Total Bytes Sent By Job
	0  -  Total Bytes Received By Job
	Partitionable Resources :    Usage  Request Allocated 
	   Cpus                 :                 1         1 
	   Disk (KB)            :        1        1     95898 
	   Memory (MB)          :      161     3900      3968 

	Job terminated of its own accord at 2023-06-12T06:40:09Z.
...
006 (310923.009.000) 2023-06-12 15:40:11 Image size of job updated: 610244
	153  -  MemoryUsage of job (MB)
	156648  -  ResidentSetSize of job (KB)
...
005 (310923.009.000) 2023-06-12 15:40:11 Job terminated.
	(1) Normal termination (return value 0)
		Usr 0 00:00:32, Sys 0 00:00:01  -  Run Remote Usage
		Usr 0 00:00:00, Sys 0 00:00:00  -  Run Local Usage
		Usr 0 00:00:32, Sys 0 00:00:01  -  Total Remote Usage
		Usr 0 00:00:00, Sys 0 00:00:00  -  Total Local Usage
	0  -  Run Bytes Sent By Job
	0  -  Run Bytes Received By Job
	0  -  Total Bytes Sent By Job
	0  -  Total Bytes Received By Job
	Partitionable Resources :    Usage  Request Allocated 
	   Cpus                 :                 1         1 
	   Disk (KB)            :        1        1    128992 
	   Memory (MB)          :      153     3900      3968 

	Job terminated of its own accord at 2023-06-12T06:40:11Z.
...
