000 (311010.000.000) 2023-06-12 17:19:54 Job submitted from host: <172.30.1.200:9618?addrs=172.30.1.200-9618&alias=tamsa2.snu.ac.kr&noUDP&sock=schedd_3510_2582>
...
000 (311010.001.000) 2023-06-12 17:19:54 Job submitted from host: <172.30.1.200:9618?addrs=172.30.1.200-9618&alias=tamsa2.snu.ac.kr&noUDP&sock=schedd_3510_2582>
...
000 (311010.002.000) 2023-06-12 17:19:54 Job submitted from host: <172.30.1.200:9618?addrs=172.30.1.200-9618&alias=tamsa2.snu.ac.kr&noUDP&sock=schedd_3510_2582>
...
000 (311010.003.000) 2023-06-12 17:19:54 Job submitted from host: <172.30.1.200:9618?addrs=172.30.1.200-9618&alias=tamsa2.snu.ac.kr&noUDP&sock=schedd_3510_2582>
...
000 (311010.004.000) 2023-06-12 17:19:54 Job submitted from host: <172.30.1.200:9618?addrs=172.30.1.200-9618&alias=tamsa2.snu.ac.kr&noUDP&sock=schedd_3510_2582>
...
000 (311010.005.000) 2023-06-12 17:19:54 Job submitted from host: <172.30.1.200:9618?addrs=172.30.1.200-9618&alias=tamsa2.snu.ac.kr&noUDP&sock=schedd_3510_2582>
...
000 (311010.006.000) 2023-06-12 17:19:54 Job submitted from host: <172.30.1.200:9618?addrs=172.30.1.200-9618&alias=tamsa2.snu.ac.kr&noUDP&sock=schedd_3510_2582>
...
000 (311010.007.000) 2023-06-12 17:19:54 Job submitted from host: <172.30.1.200:9618?addrs=172.30.1.200-9618&alias=tamsa2.snu.ac.kr&noUDP&sock=schedd_3510_2582>
...
000 (311010.008.000) 2023-06-12 17:19:54 Job submitted from host: <172.30.1.200:9618?addrs=172.30.1.200-9618&alias=tamsa2.snu.ac.kr&noUDP&sock=schedd_3510_2582>
...
000 (311010.009.000) 2023-06-12 17:19:54 Job submitted from host: <172.30.1.200:9618?addrs=172.30.1.200-9618&alias=tamsa2.snu.ac.kr&noUDP&sock=schedd_3510_2582>
...
040 (311010.000.000) 2023-06-12 17:20:05 Started transferring input files
	Transferring to host: <172.30.1.102:9618?addrs=172.30.1.102-9618&alias=n2&noUDP&sock=slot1_4_3347_03a1_18581>
...
040 (311010.000.000) 2023-06-12 17:20:05 Finished transferring input files
...
040 (311010.001.000) 2023-06-12 17:20:05 Started transferring input files
	Transferring to host: <172.30.1.102:9618?addrs=172.30.1.102-9618&alias=n2&noUDP&sock=slot1_6_3347_03a1_18582>
...
040 (311010.001.000) 2023-06-12 17:20:05 Finished transferring input files
...
040 (311010.002.000) 2023-06-12 17:20:05 Started transferring input files
	Transferring to host: <172.30.1.102:9618?addrs=172.30.1.102-9618&alias=n2&noUDP&sock=slot1_14_3347_03a1_18583>
...
040 (311010.002.000) 2023-06-12 17:20:05 Finished transferring input files
...
040 (311010.003.000) 2023-06-12 17:20:06 Started transferring input files
	Transferring to host: <172.30.1.102:9618?addrs=172.30.1.102-9618&alias=n2&noUDP&sock=slot1_17_3347_03a1_18584>
...
040 (311010.004.000) 2023-06-12 17:20:06 Started transferring input files
	Transferring to host: <172.30.1.102:9618?addrs=172.30.1.102-9618&alias=n2&noUDP&sock=slot1_21_3347_03a1_18585>
...
040 (311010.003.000) 2023-06-12 17:20:06 Finished transferring input files
...
040 (311010.004.000) 2023-06-12 17:20:06 Finished transferring input files
...
040 (311010.005.000) 2023-06-12 17:20:06 Started transferring input files
	Transferring to host: <172.30.1.102:9618?addrs=172.30.1.102-9618&alias=n2&noUDP&sock=slot1_23_3347_03a1_18586>
...
040 (311010.005.000) 2023-06-12 17:20:06 Finished transferring input files
...
001 (311010.000.000) 2023-06-12 17:20:06 Job executing on host: <172.30.1.102:9618?addrs=172.30.1.102-9618&alias=n2&noUDP&sock=startd_3313_055a>
...
001 (311010.001.000) 2023-06-12 17:20:06 Job executing on host: <172.30.1.102:9618?addrs=172.30.1.102-9618&alias=n2&noUDP&sock=startd_3313_055a>
...
001 (311010.002.000) 2023-06-12 17:20:06 Job executing on host: <172.30.1.102:9618?addrs=172.30.1.102-9618&alias=n2&noUDP&sock=startd_3313_055a>
...
001 (311010.003.000) 2023-06-12 17:20:07 Job executing on host: <172.30.1.102:9618?addrs=172.30.1.102-9618&alias=n2&noUDP&sock=startd_3313_055a>
...
001 (311010.004.000) 2023-06-12 17:20:07 Job executing on host: <172.30.1.102:9618?addrs=172.30.1.102-9618&alias=n2&noUDP&sock=startd_3313_055a>
...
040 (311010.006.000) 2023-06-12 17:20:07 Started transferring input files
	Transferring to host: <172.30.1.102:9618?addrs=172.30.1.102-9618&alias=n2&noUDP&sock=slot1_24_3347_03a1_18587>
...
040 (311010.007.000) 2023-06-12 17:20:07 Started transferring input files
	Transferring to host: <172.30.1.102:9618?addrs=172.30.1.102-9618&alias=n2&noUDP&sock=slot1_25_3347_03a1_18588>
...
040 (311010.006.000) 2023-06-12 17:20:07 Finished transferring input files
...
001 (311010.005.000) 2023-06-12 17:20:07 Job executing on host: <172.30.1.102:9618?addrs=172.30.1.102-9618&alias=n2&noUDP&sock=startd_3313_055a>
...
040 (311010.007.000) 2023-06-12 17:20:07 Finished transferring input files
...
040 (311010.008.000) 2023-06-12 17:20:07 Started transferring input files
	Transferring to host: <172.30.1.102:9618?addrs=172.30.1.102-9618&alias=n2&noUDP&sock=slot1_26_3347_03a1_18589>
...
040 (311010.008.000) 2023-06-12 17:20:07 Finished transferring input files
...
040 (311010.009.000) 2023-06-12 17:20:07 Started transferring input files
	Transferring to host: <172.30.1.102:9618?addrs=172.30.1.102-9618&alias=n2&noUDP&sock=slot1_27_3347_03a1_18590>
...
040 (311010.009.000) 2023-06-12 17:20:07 Finished transferring input files
...
001 (311010.006.000) 2023-06-12 17:20:08 Job executing on host: <172.30.1.102:9618?addrs=172.30.1.102-9618&alias=n2&noUDP&sock=startd_3313_055a>
...
001 (311010.007.000) 2023-06-12 17:20:08 Job executing on host: <172.30.1.102:9618?addrs=172.30.1.102-9618&alias=n2&noUDP&sock=startd_3313_055a>
...
001 (311010.008.000) 2023-06-12 17:20:08 Job executing on host: <172.30.1.102:9618?addrs=172.30.1.102-9618&alias=n2&noUDP&sock=startd_3313_055a>
...
001 (311010.009.000) 2023-06-12 17:20:08 Job executing on host: <172.30.1.102:9618?addrs=172.30.1.102-9618&alias=n2&noUDP&sock=startd_3313_055a>
...
006 (311010.003.000) 2023-06-12 17:20:15 Image size of job updated: 550688
	152  -  MemoryUsage of job (MB)
	155248  -  ResidentSetSize of job (KB)
...
006 (311010.004.000) 2023-06-12 17:20:15 Image size of job updated: 550832
	152  -  MemoryUsage of job (MB)
	154964  -  ResidentSetSize of job (KB)
...
006 (311010.000.000) 2023-06-12 17:20:15 Image size of job updated: 550692
	153  -  MemoryUsage of job (MB)
	155856  -  ResidentSetSize of job (KB)
...
006 (311010.001.000) 2023-06-12 17:20:15 Image size of job updated: 550720
	153  -  MemoryUsage of job (MB)
	156092  -  ResidentSetSize of job (KB)
...
006 (311010.002.000) 2023-06-12 17:20:15 Image size of job updated: 550720
	152  -  MemoryUsage of job (MB)
	154996  -  ResidentSetSize of job (KB)
...
006 (311010.005.000) 2023-06-12 17:20:16 Image size of job updated: 550676
	176  -  MemoryUsage of job (MB)
	179772  -  ResidentSetSize of job (KB)
...
006 (311010.009.000) 2023-06-12 17:20:17 Image size of job updated: 548912
	178  -  MemoryUsage of job (MB)
	181976  -  ResidentSetSize of job (KB)
...
006 (311010.006.000) 2023-06-12 17:20:17 Image size of job updated: 550720
	184  -  MemoryUsage of job (MB)
	188192  -  ResidentSetSize of job (KB)
...
006 (311010.007.000) 2023-06-12 17:20:17 Image size of job updated: 550680
	184  -  MemoryUsage of job (MB)
	187940  -  ResidentSetSize of job (KB)
...
006 (311010.008.000) 2023-06-12 17:20:17 Image size of job updated: 550680
	184  -  MemoryUsage of job (MB)
	188228  -  ResidentSetSize of job (KB)
...
006 (311010.009.000) 2023-06-12 17:21:06 Image size of job updated: 694684
	178  -  MemoryUsage of job (MB)
	181976  -  ResidentSetSize of job (KB)
...
040 (311010.009.000) 2023-06-12 17:21:06 Started transferring output files
...
040 (311010.009.000) 2023-06-12 17:21:06 Finished transferring output files
...
005 (311010.009.000) 2023-06-12 17:21:06 Job terminated.
	(1) Normal termination (return value 0)
		Usr 0 00:00:50, Sys 0 00:00:03  -  Run Remote Usage
		Usr 0 00:00:00, Sys 0 00:00:00  -  Run Local Usage
		Usr 0 00:00:50, Sys 0 00:00:03  -  Total Remote Usage
		Usr 0 00:00:00, Sys 0 00:00:00  -  Total Local Usage
	9175  -  Run Bytes Sent By Job
	149  -  Run Bytes Received By Job
	9175  -  Total Bytes Sent By Job
	149  -  Total Bytes Received By Job
	Partitionable Resources :    Usage  Request Allocated 
	   Cpus                 :     0.80        1         1 
	   Disk (KB)            :    59           1    123869 
	   Memory (MB)          :   178        3900      3968 

	Job terminated of its own accord at 2023-06-12T08:21:06Z.
...
006 (311010.001.000) 2023-06-12 17:21:07 Image size of job updated: 694816
	153  -  MemoryUsage of job (MB)
	156092  -  ResidentSetSize of job (KB)
...
040 (311010.001.000) 2023-06-12 17:21:07 Started transferring output files
...
040 (311010.001.000) 2023-06-12 17:21:07 Finished transferring output files
...
005 (311010.001.000) 2023-06-12 17:21:07 Job terminated.
	(1) Normal termination (return value 0)
		Usr 0 00:00:54, Sys 0 00:00:03  -  Run Remote Usage
		Usr 0 00:00:00, Sys 0 00:00:00  -  Run Local Usage
		Usr 0 00:00:54, Sys 0 00:00:03  -  Total Remote Usage
		Usr 0 00:00:00, Sys 0 00:00:00  -  Total Local Usage
	9195  -  Run Bytes Sent By Job
	149  -  Run Bytes Received By Job
	9195  -  Total Bytes Sent By Job
	149  -  Total Bytes Received By Job
	Partitionable Resources :    Usage  Request Allocated 
	   Cpus                 :     0.98        1         1 
	   Disk (KB)            :    59           1    123869 
	   Memory (MB)          :   153        3900      3968 

	Job terminated of its own accord at 2023-06-12T08:21:07Z.
...
006 (311010.006.000) 2023-06-12 17:21:09 Image size of job updated: 694772
	184  -  MemoryUsage of job (MB)
	188192  -  ResidentSetSize of job (KB)
...
040 (311010.006.000) 2023-06-12 17:21:09 Started transferring output files
...
040 (311010.006.000) 2023-06-12 17:21:09 Finished transferring output files
...
005 (311010.006.000) 2023-06-12 17:21:09 Job terminated.
	(1) Normal termination (return value 0)
		Usr 0 00:00:55, Sys 0 00:00:03  -  Run Remote Usage
		Usr 0 00:00:00, Sys 0 00:00:00  -  Run Local Usage
		Usr 0 00:00:55, Sys 0 00:00:03  -  Total Remote Usage
		Usr 0 00:00:00, Sys 0 00:00:00  -  Total Local Usage
	9144  -  Run Bytes Sent By Job
	149  -  Run Bytes Received By Job
	9144  -  Total Bytes Sent By Job
	149  -  Total Bytes Received By Job
	Partitionable Resources :    Usage  Request Allocated 
	   Cpus                 :     0.99        1         1 
	   Disk (KB)            :    59           1    123869 
	   Memory (MB)          :   184        3900      3968 

	Job terminated of its own accord at 2023-06-12T08:21:09Z.
...
006 (311010.008.000) 2023-06-12 17:21:09 Image size of job updated: 694932
	184  -  MemoryUsage of job (MB)
	188228  -  ResidentSetSize of job (KB)
...
040 (311010.008.000) 2023-06-12 17:21:09 Started transferring output files
...
040 (311010.008.000) 2023-06-12 17:21:09 Finished transferring output files
...
005 (311010.008.000) 2023-06-12 17:21:09 Job terminated.
	(1) Normal termination (return value 0)
		Usr 0 00:00:56, Sys 0 00:00:03  -  Run Remote Usage
		Usr 0 00:00:00, Sys 0 00:00:00  -  Run Local Usage
		Usr 0 00:00:56, Sys 0 00:00:03  -  Total Remote Usage
		Usr 0 00:00:00, Sys 0 00:00:00  -  Total Local Usage
	9174  -  Run Bytes Sent By Job
	149  -  Run Bytes Received By Job
	9174  -  Total Bytes Sent By Job
	149  -  Total Bytes Received By Job
	Partitionable Resources :    Usage  Request Allocated 
	   Cpus                 :     0.97        1         1 
	   Disk (KB)            :    59           1    123869 
	   Memory (MB)          :   184        3900      3968 

	Job terminated of its own accord at 2023-06-12T08:21:09Z.
...
006 (311010.003.000) 2023-06-12 17:21:13 Image size of job updated: 694908
	152  -  MemoryUsage of job (MB)
	155328  -  ResidentSetSize of job (KB)
...
040 (311010.003.000) 2023-06-12 17:21:13 Started transferring output files
...
040 (311010.003.000) 2023-06-12 17:21:13 Finished transferring output files
...
005 (311010.003.000) 2023-06-12 17:21:13 Job terminated.
	(1) Normal termination (return value 0)
		Usr 0 00:00:59, Sys 0 00:00:03  -  Run Remote Usage
		Usr 0 00:00:00, Sys 0 00:00:00  -  Run Local Usage
		Usr 0 00:00:59, Sys 0 00:00:03  -  Total Remote Usage
		Usr 0 00:00:00, Sys 0 00:00:00  -  Total Local Usage
	9285  -  Run Bytes Sent By Job
	149  -  Run Bytes Received By Job
	9285  -  Total Bytes Sent By Job
	149  -  Total Bytes Received By Job
	Partitionable Resources :    Usage  Request Allocated 
	   Cpus                 :     0.99        1         1 
	   Disk (KB)            :    60           1    123869 
	   Memory (MB)          :   152        3900      3968 

	Job terminated of its own accord at 2023-06-12T08:21:13Z.
...
006 (311010.002.000) 2023-06-12 17:21:14 Image size of job updated: 695052
	152  -  MemoryUsage of job (MB)
	154996  -  ResidentSetSize of job (KB)
...
040 (311010.002.000) 2023-06-12 17:21:14 Started transferring output files
...
040 (311010.002.000) 2023-06-12 17:21:14 Finished transferring output files
...
005 (311010.002.000) 2023-06-12 17:21:14 Job terminated.
	(1) Normal termination (return value 0)
		Usr 0 00:01:00, Sys 0 00:00:03  -  Run Remote Usage
		Usr 0 00:00:00, Sys 0 00:00:00  -  Run Local Usage
		Usr 0 00:01:00, Sys 0 00:00:03  -  Total Remote Usage
		Usr 0 00:00:00, Sys 0 00:00:00  -  Total Local Usage
	9288  -  Run Bytes Sent By Job
	149  -  Run Bytes Received By Job
	9288  -  Total Bytes Sent By Job
	149  -  Total Bytes Received By Job
	Partitionable Resources :    Usage  Request Allocated 
	   Cpus                 :     0.89        1         1 
	   Disk (KB)            :    60           1    123869 
	   Memory (MB)          :   152        3900      3968 

	Job terminated of its own accord at 2023-06-12T08:21:14Z.
...
006 (311010.004.000) 2023-06-12 17:21:16 Image size of job updated: 695304
	152  -  MemoryUsage of job (MB)
	154964  -  ResidentSetSize of job (KB)
...
040 (311010.004.000) 2023-06-12 17:21:16 Started transferring output files
...
040 (311010.004.000) 2023-06-12 17:21:16 Finished transferring output files
...
005 (311010.004.000) 2023-06-12 17:21:16 Job terminated.
	(1) Normal termination (return value 0)
		Usr 0 00:01:02, Sys 0 00:00:03  -  Run Remote Usage
		Usr 0 00:00:00, Sys 0 00:00:00  -  Run Local Usage
		Usr 0 00:01:02, Sys 0 00:00:03  -  Total Remote Usage
		Usr 0 00:00:00, Sys 0 00:00:00  -  Total Local Usage
	9247  -  Run Bytes Sent By Job
	149  -  Run Bytes Received By Job
	9247  -  Total Bytes Sent By Job
	149  -  Total Bytes Received By Job
	Partitionable Resources :    Usage  Request Allocated 
	   Cpus                 :     0.97        1         1 
	   Disk (KB)            :    60           1    123869 
	   Memory (MB)          :   152        3900      3968 

	Job terminated of its own accord at 2023-06-12T08:21:16Z.
...
006 (311010.005.000) 2023-06-12 17:21:19 Image size of job updated: 695136
	176  -  MemoryUsage of job (MB)
	179772  -  ResidentSetSize of job (KB)
...
040 (311010.005.000) 2023-06-12 17:21:19 Started transferring output files
...
040 (311010.005.000) 2023-06-12 17:21:19 Finished transferring output files
...
005 (311010.005.000) 2023-06-12 17:21:19 Job terminated.
	(1) Normal termination (return value 0)
		Usr 0 00:01:04, Sys 0 00:00:03  -  Run Remote Usage
		Usr 0 00:00:00, Sys 0 00:00:00  -  Run Local Usage
		Usr 0 00:01:04, Sys 0 00:00:03  -  Total Remote Usage
		Usr 0 00:00:00, Sys 0 00:00:00  -  Total Local Usage
	9206  -  Run Bytes Sent By Job
	149  -  Run Bytes Received By Job
	9206  -  Total Bytes Sent By Job
	149  -  Total Bytes Received By Job
	Partitionable Resources :    Usage  Request Allocated 
	   Cpus                 :     0.87        1         1 
	   Disk (KB)            :    59           1    123869 
	   Memory (MB)          :   176        3900      3968 

	Job terminated of its own accord at 2023-06-12T08:21:19Z.
...
006 (311010.000.000) 2023-06-12 17:21:20 Image size of job updated: 695408
	153  -  MemoryUsage of job (MB)
	155864  -  ResidentSetSize of job (KB)
...
040 (311010.000.000) 2023-06-12 17:21:20 Started transferring output files
...
040 (311010.000.000) 2023-06-12 17:21:20 Finished transferring output files
...
005 (311010.000.000) 2023-06-12 17:21:20 Job terminated.
	(1) Normal termination (return value 0)
		Usr 0 00:01:06, Sys 0 00:00:03  -  Run Remote Usage
		Usr 0 00:00:00, Sys 0 00:00:00  -  Run Local Usage
		Usr 0 00:01:06, Sys 0 00:00:03  -  Total Remote Usage
		Usr 0 00:00:00, Sys 0 00:00:00  -  Total Local Usage
	9288  -  Run Bytes Sent By Job
	149  -  Run Bytes Received By Job
	9288  -  Total Bytes Sent By Job
	149  -  Total Bytes Received By Job
	Partitionable Resources :    Usage  Request Allocated 
	   Cpus                 :     0.92        1         1 
	   Disk (KB)            :    60           1    123869 
	   Memory (MB)          :   153        3900      3968 

	Job terminated of its own accord at 2023-06-12T08:21:20Z.
...
006 (311010.007.000) 2023-06-12 17:21:31 Image size of job updated: 696060
	184  -  MemoryUsage of job (MB)
	187940  -  ResidentSetSize of job (KB)
...
040 (311010.007.000) 2023-06-12 17:21:31 Started transferring output files
...
040 (311010.007.000) 2023-06-12 17:21:31 Finished transferring output files
...
005 (311010.007.000) 2023-06-12 17:21:31 Job terminated.
	(1) Normal termination (return value 0)
		Usr 0 00:01:17, Sys 0 00:00:02  -  Run Remote Usage
		Usr 0 00:00:00, Sys 0 00:00:00  -  Run Local Usage
		Usr 0 00:01:17, Sys 0 00:00:02  -  Total Remote Usage
		Usr 0 00:00:00, Sys 0 00:00:00  -  Total Local Usage
	9175  -  Run Bytes Sent By Job
	149  -  Run Bytes Received By Job
	9175  -  Total Bytes Sent By Job
	149  -  Total Bytes Received By Job
	Partitionable Resources :    Usage  Request Allocated 
	   Cpus                 :     0.91        1         1 
	   Disk (KB)            :    59           1    123869 
	   Memory (MB)          :   184        3900      3968 

	Job terminated of its own accord at 2023-06-12T08:21:31Z.
...
