000 (310687.000.000) 2023-06-12 12:52:01 Job submitted from host: <172.30.1.200:9618?addrs=172.30.1.200-9618&alias=tamsa2.snu.ac.kr&noUDP&sock=schedd_3510_2582>
...
000 (310687.001.000) 2023-06-12 12:52:01 Job submitted from host: <172.30.1.200:9618?addrs=172.30.1.200-9618&alias=tamsa2.snu.ac.kr&noUDP&sock=schedd_3510_2582>
...
000 (310687.002.000) 2023-06-12 12:52:01 Job submitted from host: <172.30.1.200:9618?addrs=172.30.1.200-9618&alias=tamsa2.snu.ac.kr&noUDP&sock=schedd_3510_2582>
...
000 (310687.003.000) 2023-06-12 12:52:01 Job submitted from host: <172.30.1.200:9618?addrs=172.30.1.200-9618&alias=tamsa2.snu.ac.kr&noUDP&sock=schedd_3510_2582>
...
000 (310687.004.000) 2023-06-12 12:52:01 Job submitted from host: <172.30.1.200:9618?addrs=172.30.1.200-9618&alias=tamsa2.snu.ac.kr&noUDP&sock=schedd_3510_2582>
...
000 (310687.005.000) 2023-06-12 12:52:01 Job submitted from host: <172.30.1.200:9618?addrs=172.30.1.200-9618&alias=tamsa2.snu.ac.kr&noUDP&sock=schedd_3510_2582>
...
000 (310687.006.000) 2023-06-12 12:52:01 Job submitted from host: <172.30.1.200:9618?addrs=172.30.1.200-9618&alias=tamsa2.snu.ac.kr&noUDP&sock=schedd_3510_2582>
...
000 (310687.007.000) 2023-06-12 12:52:01 Job submitted from host: <172.30.1.200:9618?addrs=172.30.1.200-9618&alias=tamsa2.snu.ac.kr&noUDP&sock=schedd_3510_2582>
...
000 (310687.008.000) 2023-06-12 12:52:01 Job submitted from host: <172.30.1.200:9618?addrs=172.30.1.200-9618&alias=tamsa2.snu.ac.kr&noUDP&sock=schedd_3510_2582>
...
000 (310687.009.000) 2023-06-12 12:52:01 Job submitted from host: <172.30.1.200:9618?addrs=172.30.1.200-9618&alias=tamsa2.snu.ac.kr&noUDP&sock=schedd_3510_2582>
...
001 (310687.000.000) 2023-06-12 12:52:13 Job executing on host: <172.30.1.202:9618?addrs=172.30.1.202-9618&alias=node2&noUDP&sock=startd_19693_56a6>
...
001 (310687.001.000) 2023-06-12 12:52:13 Job executing on host: <172.30.1.202:9618?addrs=172.30.1.202-9618&alias=node2&noUDP&sock=startd_19693_56a6>
...
001 (310687.002.000) 2023-06-12 12:52:13 Job executing on host: <172.30.1.202:9618?addrs=172.30.1.202-9618&alias=node2&noUDP&sock=startd_19693_56a6>
...
001 (310687.003.000) 2023-06-12 12:52:13 Job executing on host: <172.30.1.202:9618?addrs=172.30.1.202-9618&alias=node2&noUDP&sock=startd_19693_56a6>
...
001 (310687.004.000) 2023-06-12 12:52:13 Job executing on host: <172.30.1.202:9618?addrs=172.30.1.202-9618&alias=node2&noUDP&sock=startd_19693_56a6>
...
001 (310687.005.000) 2023-06-12 12:52:13 Job executing on host: <172.30.1.202:9618?addrs=172.30.1.202-9618&alias=node2&noUDP&sock=startd_19693_56a6>
...
001 (310687.006.000) 2023-06-12 12:52:13 Job executing on host: <172.30.1.202:9618?addrs=172.30.1.202-9618&alias=node2&noUDP&sock=startd_19693_56a6>
...
001 (310687.007.000) 2023-06-12 12:52:14 Job executing on host: <172.30.1.202:9618?addrs=172.30.1.202-9618&alias=node2&noUDP&sock=startd_19693_56a6>
...
001 (310687.008.000) 2023-06-12 12:52:14 Job executing on host: <172.30.1.202:9618?addrs=172.30.1.202-9618&alias=node2&noUDP&sock=startd_19693_56a6>
...
001 (310687.009.000) 2023-06-12 12:52:14 Job executing on host: <172.30.1.202:9618?addrs=172.30.1.202-9618&alias=node2&noUDP&sock=startd_19693_56a6>
...
006 (310687.006.000) 2023-06-12 12:52:22 Image size of job updated: 187272
	183  -  MemoryUsage of job (MB)
	186916  -  ResidentSetSize of job (KB)
...
006 (310687.007.000) 2023-06-12 12:52:22 Image size of job updated: 186960
	183  -  MemoryUsage of job (MB)
	186960  -  ResidentSetSize of job (KB)
...
006 (310687.008.000) 2023-06-12 12:52:22 Image size of job updated: 186696
	183  -  MemoryUsage of job (MB)
	186696  -  ResidentSetSize of job (KB)
...
006 (310687.009.000) 2023-06-12 12:52:22 Image size of job updated: 188348
	183  -  MemoryUsage of job (MB)
	186884  -  ResidentSetSize of job (KB)
...
006 (310687.000.000) 2023-06-12 12:52:22 Image size of job updated: 188116
	183  -  MemoryUsage of job (MB)
	186952  -  ResidentSetSize of job (KB)
...
006 (310687.001.000) 2023-06-12 12:52:22 Image size of job updated: 186952
	183  -  MemoryUsage of job (MB)
	186908  -  ResidentSetSize of job (KB)
...
006 (310687.002.000) 2023-06-12 12:52:22 Image size of job updated: 189044
	183  -  MemoryUsage of job (MB)
	187088  -  ResidentSetSize of job (KB)
...
006 (310687.003.000) 2023-06-12 12:52:22 Image size of job updated: 186636
	183  -  MemoryUsage of job (MB)
	186636  -  ResidentSetSize of job (KB)
...
006 (310687.004.000) 2023-06-12 12:52:22 Image size of job updated: 187248
	183  -  MemoryUsage of job (MB)
	186916  -  ResidentSetSize of job (KB)
...
006 (310687.005.000) 2023-06-12 12:52:22 Image size of job updated: 186924
	183  -  MemoryUsage of job (MB)
	186868  -  ResidentSetSize of job (KB)
...
006 (310687.000.000) 2023-06-12 12:52:45 Image size of job updated: 690676
	183  -  MemoryUsage of job (MB)
	186952  -  ResidentSetSize of job (KB)
...
005 (310687.000.000) 2023-06-12 12:52:45 Job terminated.
	(1) Normal termination (return value 0)
		Usr 0 00:00:28, Sys 0 00:00:01  -  Run Remote Usage
		Usr 0 00:00:00, Sys 0 00:00:00  -  Run Local Usage
		Usr 0 00:00:28, Sys 0 00:00:01  -  Total Remote Usage
		Usr 0 00:00:00, Sys 0 00:00:00  -  Total Local Usage
	0  -  Run Bytes Sent By Job
	0  -  Run Bytes Received By Job
	0  -  Total Bytes Sent By Job
	0  -  Total Bytes Received By Job
	Partitionable Resources :    Usage  Request Allocated 
	   Cpus                 :     0.86        1         1 
	   Disk (KB)            :     1           1    128913 
	   Memory (MB)          :   183        3900      3968 

	Job terminated of its own accord at 2023-06-12T03:52:45Z.
...
006 (310687.006.000) 2023-06-12 12:52:50 Image size of job updated: 690812
	183  -  MemoryUsage of job (MB)
	186916  -  ResidentSetSize of job (KB)
...
005 (310687.006.000) 2023-06-12 12:52:50 Job terminated.
	(1) Normal termination (return value 0)
		Usr 0 00:00:32, Sys 0 00:00:01  -  Run Remote Usage
		Usr 0 00:00:00, Sys 0 00:00:00  -  Run Local Usage
		Usr 0 00:00:32, Sys 0 00:00:01  -  Total Remote Usage
		Usr 0 00:00:00, Sys 0 00:00:00  -  Total Local Usage
	0  -  Run Bytes Sent By Job
	0  -  Run Bytes Received By Job
	0  -  Total Bytes Sent By Job
	0  -  Total Bytes Received By Job
	Partitionable Resources :    Usage  Request Allocated 
	   Cpus                 :     0.84        1         1 
	   Disk (KB)            :     1           1    128913 
	   Memory (MB)          :   183        3900      3968 

	Job terminated of its own accord at 2023-06-12T03:52:50Z.
...
006 (310687.001.000) 2023-06-12 12:52:58 Image size of job updated: 685660
	183  -  MemoryUsage of job (MB)
	186908  -  ResidentSetSize of job (KB)
...
005 (310687.001.000) 2023-06-12 12:52:58 Job terminated.
	(1) Normal termination (return value 0)
		Usr 0 00:00:41, Sys 0 00:00:01  -  Run Remote Usage
		Usr 0 00:00:00, Sys 0 00:00:00  -  Run Local Usage
		Usr 0 00:00:41, Sys 0 00:00:01  -  Total Remote Usage
		Usr 0 00:00:00, Sys 0 00:00:00  -  Total Local Usage
	0  -  Run Bytes Sent By Job
	0  -  Run Bytes Received By Job
	0  -  Total Bytes Sent By Job
	0  -  Total Bytes Received By Job
	Partitionable Resources :    Usage  Request Allocated 
	   Cpus                 :     0.85        1         1 
	   Disk (KB)            :     1           1    128913 
	   Memory (MB)          :   183        3900      3968 

	Job terminated of its own accord at 2023-06-12T03:52:58Z.
...
006 (310687.004.000) 2023-06-12 12:52:59 Image size of job updated: 691524
	183  -  MemoryUsage of job (MB)
	186916  -  ResidentSetSize of job (KB)
...
005 (310687.004.000) 2023-06-12 12:52:59 Job terminated.
	(1) Normal termination (return value 0)
		Usr 0 00:00:42, Sys 0 00:00:01  -  Run Remote Usage
		Usr 0 00:00:00, Sys 0 00:00:00  -  Run Local Usage
		Usr 0 00:00:42, Sys 0 00:00:01  -  Total Remote Usage
		Usr 0 00:00:00, Sys 0 00:00:00  -  Total Local Usage
	0  -  Run Bytes Sent By Job
	0  -  Run Bytes Received By Job
	0  -  Total Bytes Sent By Job
	0  -  Total Bytes Received By Job
	Partitionable Resources :    Usage  Request Allocated 
	   Cpus                 :     0.84        1         1 
	   Disk (KB)            :     1           1    128913 
	   Memory (MB)          :   183        3900      3968 

	Job terminated of its own accord at 2023-06-12T03:52:59Z.
...
006 (310687.005.000) 2023-06-12 12:53:01 Image size of job updated: 692016
	183  -  MemoryUsage of job (MB)
	186868  -  ResidentSetSize of job (KB)
...
005 (310687.005.000) 2023-06-12 12:53:01 Job terminated.
	(1) Normal termination (return value 0)
		Usr 0 00:00:42, Sys 0 00:00:01  -  Run Remote Usage
		Usr 0 00:00:00, Sys 0 00:00:00  -  Run Local Usage
		Usr 0 00:00:42, Sys 0 00:00:01  -  Total Remote Usage
		Usr 0 00:00:00, Sys 0 00:00:00  -  Total Local Usage
	0  -  Run Bytes Sent By Job
	0  -  Run Bytes Received By Job
	0  -  Total Bytes Sent By Job
	0  -  Total Bytes Received By Job
	Partitionable Resources :    Usage  Request Allocated 
	   Cpus                 :     0.84        1         1 
	   Disk (KB)            :     1           1    128913 
	   Memory (MB)          :   183        3900      3968 

	Job terminated of its own accord at 2023-06-12T03:53:01Z.
...
006 (310687.009.000) 2023-06-12 12:53:01 Image size of job updated: 691292
	183  -  MemoryUsage of job (MB)
	186884  -  ResidentSetSize of job (KB)
...
005 (310687.009.000) 2023-06-12 12:53:01 Job terminated.
	(1) Normal termination (return value 0)
		Usr 0 00:00:43, Sys 0 00:00:01  -  Run Remote Usage
		Usr 0 00:00:00, Sys 0 00:00:00  -  Run Local Usage
		Usr 0 00:00:43, Sys 0 00:00:01  -  Total Remote Usage
		Usr 0 00:00:00, Sys 0 00:00:00  -  Total Local Usage
	0  -  Run Bytes Sent By Job
	0  -  Run Bytes Received By Job
	0  -  Total Bytes Sent By Job
	0  -  Total Bytes Received By Job
	Partitionable Resources :    Usage  Request Allocated 
	   Cpus                 :     0.78        1         1 
	   Disk (KB)            :     1           1    128913 
	   Memory (MB)          :   183        3900      3968 

	Job terminated of its own accord at 2023-06-12T03:53:01Z.
...
006 (310687.008.000) 2023-06-12 12:53:03 Image size of job updated: 689040
	183  -  MemoryUsage of job (MB)
	186696  -  ResidentSetSize of job (KB)
...
005 (310687.008.000) 2023-06-12 12:53:03 Job terminated.
	(1) Normal termination (return value 0)
		Usr 0 00:00:45, Sys 0 00:00:01  -  Run Remote Usage
		Usr 0 00:00:00, Sys 0 00:00:00  -  Run Local Usage
		Usr 0 00:00:45, Sys 0 00:00:01  -  Total Remote Usage
		Usr 0 00:00:00, Sys 0 00:00:00  -  Total Local Usage
	0  -  Run Bytes Sent By Job
	0  -  Run Bytes Received By Job
	0  -  Total Bytes Sent By Job
	0  -  Total Bytes Received By Job
	Partitionable Resources :    Usage  Request Allocated 
	   Cpus                 :     0.88        1         1 
	   Disk (KB)            :     1           1    128913 
	   Memory (MB)          :   183        3900      3968 

	Job terminated of its own accord at 2023-06-12T03:53:03Z.
...
006 (310687.002.000) 2023-06-12 12:53:08 Image size of job updated: 690880
	183  -  MemoryUsage of job (MB)
	187088  -  ResidentSetSize of job (KB)
...
005 (310687.002.000) 2023-06-12 12:53:08 Job terminated.
	(1) Normal termination (return value 0)
		Usr 0 00:00:50, Sys 0 00:00:01  -  Run Remote Usage
		Usr 0 00:00:00, Sys 0 00:00:00  -  Run Local Usage
		Usr 0 00:00:50, Sys 0 00:00:01  -  Total Remote Usage
		Usr 0 00:00:00, Sys 0 00:00:00  -  Total Local Usage
	0  -  Run Bytes Sent By Job
	0  -  Run Bytes Received By Job
	0  -  Total Bytes Sent By Job
	0  -  Total Bytes Received By Job
	Partitionable Resources :    Usage  Request Allocated 
	   Cpus                 :     0.81        1         1 
	   Disk (KB)            :     1           1    128913 
	   Memory (MB)          :   183        3900      3968 

	Job terminated of its own accord at 2023-06-12T03:53:08Z.
...
006 (310687.003.000) 2023-06-12 12:53:14 Image size of job updated: 690972
	183  -  MemoryUsage of job (MB)
	186672  -  ResidentSetSize of job (KB)
...
005 (310687.003.000) 2023-06-12 12:53:14 Job terminated.
	(1) Normal termination (return value 0)
		Usr 0 00:00:56, Sys 0 00:00:01  -  Run Remote Usage
		Usr 0 00:00:00, Sys 0 00:00:00  -  Run Local Usage
		Usr 0 00:00:56, Sys 0 00:00:01  -  Total Remote Usage
		Usr 0 00:00:00, Sys 0 00:00:00  -  Total Local Usage
	0  -  Run Bytes Sent By Job
	0  -  Run Bytes Received By Job
	0  -  Total Bytes Sent By Job
	0  -  Total Bytes Received By Job
	Partitionable Resources :    Usage  Request Allocated 
	   Cpus                 :     0.82        1         1 
	   Disk (KB)            :     1           1    128913 
	   Memory (MB)          :   183        3900      3968 

	Job terminated of its own accord at 2023-06-12T03:53:14Z.
...
006 (310687.007.000) 2023-06-12 12:53:16 Image size of job updated: 690860
	183  -  MemoryUsage of job (MB)
	186960  -  ResidentSetSize of job (KB)
...
005 (310687.007.000) 2023-06-12 12:53:16 Job terminated.
	(1) Normal termination (return value 0)
		Usr 0 00:00:57, Sys 0 00:00:01  -  Run Remote Usage
		Usr 0 00:00:00, Sys 0 00:00:00  -  Run Local Usage
		Usr 0 00:00:57, Sys 0 00:00:01  -  Total Remote Usage
		Usr 0 00:00:00, Sys 0 00:00:00  -  Total Local Usage
	0  -  Run Bytes Sent By Job
	0  -  Run Bytes Received By Job
	0  -  Total Bytes Sent By Job
	0  -  Total Bytes Received By Job
	Partitionable Resources :    Usage  Request Allocated 
	   Cpus                 :     0.82        1         1 
	   Disk (KB)            :     1           1    128913 
	   Memory (MB)          :   183        3900      3968 

	Job terminated of its own accord at 2023-06-12T03:53:16Z.
...
000 (310912.000.000) 2023-06-12 15:21:30 Job submitted from host: <172.30.1.200:9618?addrs=172.30.1.200-9618&alias=tamsa2.snu.ac.kr&noUDP&sock=schedd_3510_2582>
...
000 (310912.001.000) 2023-06-12 15:21:30 Job submitted from host: <172.30.1.200:9618?addrs=172.30.1.200-9618&alias=tamsa2.snu.ac.kr&noUDP&sock=schedd_3510_2582>
...
000 (310912.002.000) 2023-06-12 15:21:30 Job submitted from host: <172.30.1.200:9618?addrs=172.30.1.200-9618&alias=tamsa2.snu.ac.kr&noUDP&sock=schedd_3510_2582>
...
000 (310912.003.000) 2023-06-12 15:21:30 Job submitted from host: <172.30.1.200:9618?addrs=172.30.1.200-9618&alias=tamsa2.snu.ac.kr&noUDP&sock=schedd_3510_2582>
...
000 (310912.004.000) 2023-06-12 15:21:30 Job submitted from host: <172.30.1.200:9618?addrs=172.30.1.200-9618&alias=tamsa2.snu.ac.kr&noUDP&sock=schedd_3510_2582>
...
000 (310912.005.000) 2023-06-12 15:21:30 Job submitted from host: <172.30.1.200:9618?addrs=172.30.1.200-9618&alias=tamsa2.snu.ac.kr&noUDP&sock=schedd_3510_2582>
...
000 (310912.006.000) 2023-06-12 15:21:30 Job submitted from host: <172.30.1.200:9618?addrs=172.30.1.200-9618&alias=tamsa2.snu.ac.kr&noUDP&sock=schedd_3510_2582>
...
000 (310912.007.000) 2023-06-12 15:21:30 Job submitted from host: <172.30.1.200:9618?addrs=172.30.1.200-9618&alias=tamsa2.snu.ac.kr&noUDP&sock=schedd_3510_2582>
...
000 (310912.008.000) 2023-06-12 15:21:30 Job submitted from host: <172.30.1.200:9618?addrs=172.30.1.200-9618&alias=tamsa2.snu.ac.kr&noUDP&sock=schedd_3510_2582>
...
000 (310912.009.000) 2023-06-12 15:21:30 Job submitted from host: <172.30.1.200:9618?addrs=172.30.1.200-9618&alias=tamsa2.snu.ac.kr&noUDP&sock=schedd_3510_2582>
...
001 (310912.000.000) 2023-06-12 15:25:20 Job executing on host: <172.30.1.210:9618?addrs=172.30.1.210-9618&alias=node10&noUDP&sock=startd_3787_253e>
...
001 (310912.001.000) 2023-06-12 15:25:20 Job executing on host: <172.30.1.202:9618?addrs=172.30.1.202-9618&alias=node2&noUDP&sock=startd_19693_56a6>
...
040 (310912.003.000) 2023-06-12 15:25:20 Started transferring input files
	Transferring to host: <172.30.1.108:9618?addrs=172.30.1.108-9618&alias=n8&noUDP&sock=slot1_11_4278_fce7_21283>
...
040 (310912.003.000) 2023-06-12 15:25:20 Finished transferring input files
...
040 (310912.006.000) 2023-06-12 15:25:20 Started transferring input files
	Transferring to host: <172.30.1.109:9618?addrs=172.30.1.109-9618&alias=n9&noUDP&sock=slot1_5_4265_d407_22434>
...
040 (310912.007.000) 2023-06-12 15:25:20 Started transferring input files
	Transferring to host: <172.30.1.110:9618?addrs=172.30.1.110-9618&alias=n10&noUDP&sock=slot1_4_4288_08a7_22106>
...
040 (310912.004.000) 2023-06-12 15:25:20 Started transferring input files
	Transferring to host: <172.30.1.108:9618?addrs=172.30.1.108-9618&alias=n8&noUDP&sock=slot1_18_4278_fce7_21284>
...
040 (310912.006.000) 2023-06-12 15:25:20 Finished transferring input files
...
040 (310912.004.000) 2023-06-12 15:25:20 Finished transferring input files
...
040 (310912.007.000) 2023-06-12 15:25:20 Finished transferring input files
...
040 (310912.008.000) 2023-06-12 15:25:20 Started transferring input files
	Transferring to host: <172.30.1.102:9618?addrs=172.30.1.102-9618&alias=n2&noUDP&sock=slot1_4_3347_03a1_18342>
...
040 (310912.008.000) 2023-06-12 15:25:20 Finished transferring input files
...
040 (310912.005.000) 2023-06-12 15:25:20 Started transferring input files
	Transferring to host: <172.30.1.108:9618?addrs=172.30.1.108-9618&alias=n8&noUDP&sock=slot1_19_4278_fce7_21285>
...
040 (310912.005.000) 2023-06-12 15:25:20 Finished transferring input files
...
001 (310912.002.000) 2023-06-12 15:25:21 Job executing on host: <172.30.1.202:9618?addrs=172.30.1.202-9618&alias=node2&noUDP&sock=startd_19693_56a6>
...
040 (310912.009.000) 2023-06-12 15:25:21 Started transferring input files
	Transferring to host: <172.30.1.102:9618?addrs=172.30.1.102-9618&alias=n2&noUDP&sock=slot1_36_3347_03a1_18343>
...
040 (310912.009.000) 2023-06-12 15:25:21 Finished transferring input files
...
001 (310912.003.000) 2023-06-12 15:25:21 Job executing on host: <172.30.1.108:9618?addrs=172.30.1.108-9618&alias=n8&noUDP&sock=startd_4243_ec6e>
...
001 (310912.006.000) 2023-06-12 15:25:21 Job executing on host: <172.30.1.109:9618?addrs=172.30.1.109-9618&alias=n9&noUDP&sock=startd_4231_b14b>
...
001 (310912.004.000) 2023-06-12 15:25:21 Job executing on host: <172.30.1.108:9618?addrs=172.30.1.108-9618&alias=n8&noUDP&sock=startd_4243_ec6e>
...
001 (310912.007.000) 2023-06-12 15:25:21 Job executing on host: <172.30.1.110:9618?addrs=172.30.1.110-9618&alias=n10&noUDP&sock=startd_4254_77f9>
...
001 (310912.008.000) 2023-06-12 15:25:21 Job executing on host: <172.30.1.102:9618?addrs=172.30.1.102-9618&alias=n2&noUDP&sock=startd_3313_055a>
...
001 (310912.005.000) 2023-06-12 15:25:21 Job executing on host: <172.30.1.108:9618?addrs=172.30.1.108-9618&alias=n8&noUDP&sock=startd_4243_ec6e>
...
001 (310912.009.000) 2023-06-12 15:25:22 Job executing on host: <172.30.1.102:9618?addrs=172.30.1.102-9618&alias=n2&noUDP&sock=startd_3313_055a>
...
006 (310912.002.000) 2023-06-12 15:25:29 Image size of job updated: 166900
	163  -  MemoryUsage of job (MB)
	166900  -  ResidentSetSize of job (KB)
...
006 (310912.001.000) 2023-06-12 15:25:29 Image size of job updated: 212972
	184  -  MemoryUsage of job (MB)
	187928  -  ResidentSetSize of job (KB)
...
006 (310912.000.000) 2023-06-12 15:25:29 Image size of job updated: 550480
	184  -  MemoryUsage of job (MB)
	187968  -  ResidentSetSize of job (KB)
...
006 (310912.006.000) 2023-06-12 15:25:30 Image size of job updated: 621112
	184  -  MemoryUsage of job (MB)
	187924  -  ResidentSetSize of job (KB)
...
006 (310912.005.000) 2023-06-12 15:25:30 Image size of job updated: 281296
	184  -  MemoryUsage of job (MB)
	188200  -  ResidentSetSize of job (KB)
...
006 (310912.008.000) 2023-06-12 15:25:30 Image size of job updated: 154724
	152  -  MemoryUsage of job (MB)
	154724  -  ResidentSetSize of job (KB)
...
006 (310912.009.000) 2023-06-12 15:25:30 Image size of job updated: 177540
	156  -  MemoryUsage of job (MB)
	159544  -  ResidentSetSize of job (KB)
...
006 (310912.003.000) 2023-06-12 15:25:30 Image size of job updated: 648964
	184  -  MemoryUsage of job (MB)
	188024  -  ResidentSetSize of job (KB)
...
006 (310912.004.000) 2023-06-12 15:25:31 Image size of job updated: 649000
	184  -  MemoryUsage of job (MB)
	188232  -  ResidentSetSize of job (KB)
...
006 (310912.007.000) 2023-06-12 15:25:31 Image size of job updated: 649040
	184  -  MemoryUsage of job (MB)
	188256  -  ResidentSetSize of job (KB)
...
006 (310912.003.000) 2023-06-12 15:25:49 Image size of job updated: 689896
	184  -  MemoryUsage of job (MB)
	188032  -  ResidentSetSize of job (KB)
...
040 (310912.003.000) 2023-06-12 15:25:49 Started transferring output files
...
040 (310912.003.000) 2023-06-12 15:25:49 Finished transferring output files
...
005 (310912.003.000) 2023-06-12 15:25:49 Job terminated.
	(1) Normal termination (return value 0)
		Usr 0 00:00:23, Sys 0 00:00:01  -  Run Remote Usage
		Usr 0 00:00:00, Sys 0 00:00:00  -  Run Local Usage
		Usr 0 00:00:23, Sys 0 00:00:01  -  Total Remote Usage
		Usr 0 00:00:00, Sys 0 00:00:00  -  Total Local Usage
	5649  -  Run Bytes Sent By Job
	142  -  Run Bytes Received By Job
	5649  -  Total Bytes Sent By Job
	142  -  Total Bytes Received By Job
	Partitionable Resources :    Usage  Request Allocated 
	   Cpus                 :                 1         1 
	   Disk (KB)            :       51        1    127899 
	   Memory (MB)          :      184     3900      3968 

	Job terminated of its own accord at 2023-06-12T06:25:49Z.
...
006 (310912.005.000) 2023-06-12 15:25:57 Image size of job updated: 693340
	184  -  MemoryUsage of job (MB)
	188200  -  ResidentSetSize of job (KB)
...
040 (310912.005.000) 2023-06-12 15:25:57 Started transferring output files
...
040 (310912.005.000) 2023-06-12 15:25:57 Finished transferring output files
...
005 (310912.005.000) 2023-06-12 15:25:57 Job terminated.
	(1) Normal termination (return value 0)
		Usr 0 00:00:31, Sys 0 00:00:01  -  Run Remote Usage
		Usr 0 00:00:00, Sys 0 00:00:00  -  Run Local Usage
		Usr 0 00:00:31, Sys 0 00:00:01  -  Total Remote Usage
		Usr 0 00:00:00, Sys 0 00:00:00  -  Total Local Usage
	6153  -  Run Bytes Sent By Job
	142  -  Run Bytes Received By Job
	6153  -  Total Bytes Sent By Job
	142  -  Total Bytes Received By Job
	Partitionable Resources :    Usage  Request Allocated 
	   Cpus                 :                 1         1 
	   Disk (KB)            :       51        1    127899 
	   Memory (MB)          :      184     3900      3968 

	Job terminated of its own accord at 2023-06-12T06:25:57Z.
...
006 (310912.004.000) 2023-06-12 15:25:57 Image size of job updated: 692836
	184  -  MemoryUsage of job (MB)
	188232  -  ResidentSetSize of job (KB)
...
040 (310912.004.000) 2023-06-12 15:25:57 Started transferring output files
...
040 (310912.004.000) 2023-06-12 15:25:57 Finished transferring output files
...
005 (310912.004.000) 2023-06-12 15:25:57 Job terminated.
	(1) Normal termination (return value 0)
		Usr 0 00:00:32, Sys 0 00:00:01  -  Run Remote Usage
		Usr 0 00:00:00, Sys 0 00:00:00  -  Run Local Usage
		Usr 0 00:00:32, Sys 0 00:00:01  -  Total Remote Usage
		Usr 0 00:00:00, Sys 0 00:00:00  -  Total Local Usage
	5705  -  Run Bytes Sent By Job
	142  -  Run Bytes Received By Job
	5705  -  Total Bytes Sent By Job
	142  -  Total Bytes Received By Job
	Partitionable Resources :    Usage  Request Allocated 
	   Cpus                 :                 1         1 
	   Disk (KB)            :       51        1    127899 
	   Memory (MB)          :      184     3900      3968 

	Job terminated of its own accord at 2023-06-12T06:25:57Z.
...
006 (310912.000.000) 2023-06-12 15:25:59 Image size of job updated: 691996
	184  -  MemoryUsage of job (MB)
	187968  -  ResidentSetSize of job (KB)
...
005 (310912.000.000) 2023-06-12 15:25:59 Job terminated.
	(1) Normal termination (return value 0)
		Usr 0 00:00:34, Sys 0 00:00:01  -  Run Remote Usage
		Usr 0 00:00:00, Sys 0 00:00:00  -  Run Local Usage
		Usr 0 00:00:34, Sys 0 00:00:01  -  Total Remote Usage
		Usr 0 00:00:00, Sys 0 00:00:00  -  Total Local Usage
	0  -  Run Bytes Sent By Job
	0  -  Run Bytes Received By Job
	0  -  Total Bytes Sent By Job
	0  -  Total Bytes Received By Job
	Partitionable Resources :    Usage  Request Allocated 
	   Cpus                 :                 1         1 
	   Disk (KB)            :        1        1    128928 
	   Memory (MB)          :      184     3900      3968 

	Job terminated of its own accord at 2023-06-12T06:25:59Z.
...
006 (310912.007.000) 2023-06-12 15:26:12 Image size of job updated: 687464
	184  -  MemoryUsage of job (MB)
	188256  -  ResidentSetSize of job (KB)
...
040 (310912.007.000) 2023-06-12 15:26:12 Started transferring output files
...
040 (310912.007.000) 2023-06-12 15:26:12 Finished transferring output files
...
005 (310912.007.000) 2023-06-12 15:26:12 Job terminated.
	(1) Normal termination (return value 0)
		Usr 0 00:00:47, Sys 0 00:00:01  -  Run Remote Usage
		Usr 0 00:00:00, Sys 0 00:00:00  -  Run Local Usage
		Usr 0 00:00:47, Sys 0 00:00:01  -  Total Remote Usage
		Usr 0 00:00:00, Sys 0 00:00:00  -  Total Local Usage
	6064  -  Run Bytes Sent By Job
	142  -  Run Bytes Received By Job
	6064  -  Total Bytes Sent By Job
	142  -  Total Bytes Received By Job
	Partitionable Resources :    Usage  Request Allocated 
	   Cpus                 :                 1         1 
	   Disk (KB)            :       51        1    127899 
	   Memory (MB)          :      184     3900      3968 

	Job terminated of its own accord at 2023-06-12T06:26:12Z.
...
006 (310912.001.000) 2023-06-12 15:26:17 Image size of job updated: 686960
	184  -  MemoryUsage of job (MB)
	187928  -  ResidentSetSize of job (KB)
...
005 (310912.001.000) 2023-06-12 15:26:17 Job terminated.
	(1) Normal termination (return value 0)
		Usr 0 00:00:52, Sys 0 00:00:01  -  Run Remote Usage
		Usr 0 00:00:00, Sys 0 00:00:00  -  Run Local Usage
		Usr 0 00:00:52, Sys 0 00:00:01  -  Total Remote Usage
		Usr 0 00:00:00, Sys 0 00:00:00  -  Total Local Usage
	0  -  Run Bytes Sent By Job
	0  -  Run Bytes Received By Job
	0  -  Total Bytes Sent By Job
	0  -  Total Bytes Received By Job
	Partitionable Resources :    Usage  Request Allocated 
	   Cpus                 :                 1         1 
	   Disk (KB)            :        1        1    128913 
	   Memory (MB)          :      184     3900      3968 

	Job terminated of its own accord at 2023-06-12T06:26:17Z.
...
006 (310912.006.000) 2023-06-12 15:26:26 Image size of job updated: 686744
	184  -  MemoryUsage of job (MB)
	187924  -  ResidentSetSize of job (KB)
...
040 (310912.006.000) 2023-06-12 15:26:26 Started transferring output files
...
040 (310912.006.000) 2023-06-12 15:26:26 Finished transferring output files
...
005 (310912.006.000) 2023-06-12 15:26:26 Job terminated.
	(1) Normal termination (return value 0)
		Usr 0 00:01:01, Sys 0 00:00:01  -  Run Remote Usage
		Usr 0 00:00:00, Sys 0 00:00:00  -  Run Local Usage
		Usr 0 00:01:01, Sys 0 00:00:01  -  Total Remote Usage
		Usr 0 00:00:00, Sys 0 00:00:00  -  Total Local Usage
	5699  -  Run Bytes Sent By Job
	142  -  Run Bytes Received By Job
	5699  -  Total Bytes Sent By Job
	142  -  Total Bytes Received By Job
	Partitionable Resources :    Usage  Request Allocated 
	   Cpus                 :                 1         1 
	   Disk (KB)            :       51        1    127899 
	   Memory (MB)          :      184     3900      3968 

	Job terminated of its own accord at 2023-06-12T06:26:26Z.
...
006 (310912.002.000) 2023-06-12 15:26:32 Image size of job updated: 691976
	163  -  MemoryUsage of job (MB)
	166900  -  ResidentSetSize of job (KB)
...
005 (310912.002.000) 2023-06-12 15:26:32 Job terminated.
	(1) Normal termination (return value 0)
		Usr 0 00:01:07, Sys 0 00:00:01  -  Run Remote Usage
		Usr 0 00:00:00, Sys 0 00:00:00  -  Run Local Usage
		Usr 0 00:01:07, Sys 0 00:00:01  -  Total Remote Usage
		Usr 0 00:00:00, Sys 0 00:00:00  -  Total Local Usage
	0  -  Run Bytes Sent By Job
	0  -  Run Bytes Received By Job
	0  -  Total Bytes Sent By Job
	0  -  Total Bytes Received By Job
	Partitionable Resources :    Usage  Request Allocated 
	   Cpus                 :                 1         1 
	   Disk (KB)            :        1        1    128913 
	   Memory (MB)          :      163     3900      3968 

	Job terminated of its own accord at 2023-06-12T06:26:32Z.
...
006 (310912.009.000) 2023-06-12 15:26:41 Image size of job updated: 689864
	156  -  MemoryUsage of job (MB)
	159640  -  ResidentSetSize of job (KB)
...
040 (310912.009.000) 2023-06-12 15:26:41 Started transferring output files
...
040 (310912.009.000) 2023-06-12 15:26:41 Finished transferring output files
...
005 (310912.009.000) 2023-06-12 15:26:41 Job terminated.
	(1) Normal termination (return value 0)
		Usr 0 00:01:11, Sys 0 00:00:04  -  Run Remote Usage
		Usr 0 00:00:00, Sys 0 00:00:00  -  Run Local Usage
		Usr 0 00:01:11, Sys 0 00:00:04  -  Total Remote Usage
		Usr 0 00:00:00, Sys 0 00:00:00  -  Total Local Usage
	5667  -  Run Bytes Sent By Job
	142  -  Run Bytes Received By Job
	5667  -  Total Bytes Sent By Job
	142  -  Total Bytes Received By Job
	Partitionable Resources :    Usage  Request Allocated 
	   Cpus                 :     0.98        1         1 
	   Disk (KB)            :    56           1    123869 
	   Memory (MB)          :   156        3900      3968 

	Job terminated of its own accord at 2023-06-12T06:26:41Z.
...
006 (310912.008.000) 2023-06-12 15:26:48 Image size of job updated: 690936
	152  -  MemoryUsage of job (MB)
	154724  -  ResidentSetSize of job (KB)
...
040 (310912.008.000) 2023-06-12 15:26:48 Started transferring output files
...
040 (310912.008.000) 2023-06-12 15:26:48 Finished transferring output files
...
005 (310912.008.000) 2023-06-12 15:26:48 Job terminated.
	(1) Normal termination (return value 0)
		Usr 0 00:01:19, Sys 0 00:00:02  -  Run Remote Usage
		Usr 0 00:00:00, Sys 0 00:00:00  -  Run Local Usage
		Usr 0 00:01:19, Sys 0 00:00:02  -  Total Remote Usage
		Usr 0 00:00:00, Sys 0 00:00:00  -  Total Local Usage
	6154  -  Run Bytes Sent By Job
	142  -  Run Bytes Received By Job
	6154  -  Total Bytes Sent By Job
	142  -  Total Bytes Received By Job
	Partitionable Resources :    Usage  Request Allocated 
	   Cpus                 :     0.98        1         1 
	   Disk (KB)            :    57           1    123869 
	   Memory (MB)          :   152        3900      3968 

	Job terminated of its own accord at 2023-06-12T06:26:48Z.
...
000 (310944.000.000) 2023-06-12 16:27:51 Job submitted from host: <172.30.1.200:9618?addrs=172.30.1.200-9618&alias=tamsa2.snu.ac.kr&noUDP&sock=schedd_3510_2582>
...
000 (310944.001.000) 2023-06-12 16:27:51 Job submitted from host: <172.30.1.200:9618?addrs=172.30.1.200-9618&alias=tamsa2.snu.ac.kr&noUDP&sock=schedd_3510_2582>
...
000 (310944.002.000) 2023-06-12 16:27:51 Job submitted from host: <172.30.1.200:9618?addrs=172.30.1.200-9618&alias=tamsa2.snu.ac.kr&noUDP&sock=schedd_3510_2582>
...
000 (310944.003.000) 2023-06-12 16:27:51 Job submitted from host: <172.30.1.200:9618?addrs=172.30.1.200-9618&alias=tamsa2.snu.ac.kr&noUDP&sock=schedd_3510_2582>
...
000 (310944.004.000) 2023-06-12 16:27:51 Job submitted from host: <172.30.1.200:9618?addrs=172.30.1.200-9618&alias=tamsa2.snu.ac.kr&noUDP&sock=schedd_3510_2582>
...
000 (310944.005.000) 2023-06-12 16:27:51 Job submitted from host: <172.30.1.200:9618?addrs=172.30.1.200-9618&alias=tamsa2.snu.ac.kr&noUDP&sock=schedd_3510_2582>
...
000 (310944.006.000) 2023-06-12 16:27:51 Job submitted from host: <172.30.1.200:9618?addrs=172.30.1.200-9618&alias=tamsa2.snu.ac.kr&noUDP&sock=schedd_3510_2582>
...
000 (310944.007.000) 2023-06-12 16:27:51 Job submitted from host: <172.30.1.200:9618?addrs=172.30.1.200-9618&alias=tamsa2.snu.ac.kr&noUDP&sock=schedd_3510_2582>
...
000 (310944.008.000) 2023-06-12 16:27:51 Job submitted from host: <172.30.1.200:9618?addrs=172.30.1.200-9618&alias=tamsa2.snu.ac.kr&noUDP&sock=schedd_3510_2582>
...
000 (310944.009.000) 2023-06-12 16:27:51 Job submitted from host: <172.30.1.200:9618?addrs=172.30.1.200-9618&alias=tamsa2.snu.ac.kr&noUDP&sock=schedd_3510_2582>
...
001 (310944.000.000) 2023-06-12 16:30:04 Job executing on host: <172.30.1.203:9618?addrs=172.30.1.203-9618&alias=node3&noUDP&sock=startd_3773_8aeb>
...
001 (310944.001.000) 2023-06-12 16:30:04 Job executing on host: <172.30.1.201:9618?addrs=172.30.1.201-9618&alias=node1&noUDP&sock=startd_4675_3d58>
...
001 (310944.002.000) 2023-06-12 16:30:04 Job executing on host: <172.30.1.208:9618?addrs=172.30.1.208-9618&alias=node8&noUDP&sock=startd_3802_6f2a>
...
040 (310944.005.000) 2023-06-12 16:30:04 Started transferring input files
	Transferring to host: <172.30.1.110:9618?addrs=172.30.1.110-9618&alias=n10&noUDP&sock=slot1_3_4288_08a7_22183>
...
001 (310944.003.000) 2023-06-12 16:30:04 Job executing on host: <172.30.1.209:9618?addrs=172.30.1.209-9618&alias=node9&noUDP&sock=startd_3776_99b3>
...
001 (310944.004.000) 2023-06-12 16:30:04 Job executing on host: <172.30.1.202:9618?addrs=172.30.1.202-9618&alias=node2&noUDP&sock=startd_19693_56a6>
...
040 (310944.005.000) 2023-06-12 16:30:04 Finished transferring input files
...
040 (310944.006.000) 2023-06-12 16:30:04 Started transferring input files
	Transferring to host: <172.30.1.104:9618?addrs=172.30.1.104-9618&alias=n4&noUDP&sock=slot1_2_3701_7070_6970>
...
040 (310944.007.000) 2023-06-12 16:30:04 Started transferring input files
	Transferring to host: <172.30.1.108:9618?addrs=172.30.1.108-9618&alias=n8&noUDP&sock=slot1_7_4278_fce7_21408>
...
040 (310944.006.000) 2023-06-12 16:30:04 Finished transferring input files
...
040 (310944.007.000) 2023-06-12 16:30:04 Finished transferring input files
...
040 (310944.008.000) 2023-06-12 16:30:04 Started transferring input files
	Transferring to host: <172.30.1.108:9618?addrs=172.30.1.108-9618&alias=n8&noUDP&sock=slot1_31_4278_fce7_21409>
...
040 (310944.008.000) 2023-06-12 16:30:04 Finished transferring input files
...
040 (310944.009.000) 2023-06-12 16:30:04 Started transferring input files
	Transferring to host: <172.30.1.108:9618?addrs=172.30.1.108-9618&alias=n8&noUDP&sock=slot1_32_4278_fce7_21410>
...
040 (310944.009.000) 2023-06-12 16:30:04 Finished transferring input files
...
001 (310944.005.000) 2023-06-12 16:30:05 Job executing on host: <172.30.1.110:9618?addrs=172.30.1.110-9618&alias=n10&noUDP&sock=startd_4254_77f9>
...
001 (310944.007.000) 2023-06-12 16:30:05 Job executing on host: <172.30.1.108:9618?addrs=172.30.1.108-9618&alias=n8&noUDP&sock=startd_4243_ec6e>
...
001 (310944.006.000) 2023-06-12 16:30:05 Job executing on host: <172.30.1.104:9618?addrs=172.30.1.104-9618&alias=n4&noUDP&sock=startd_3667_d5e1>
...
001 (310944.008.000) 2023-06-12 16:30:05 Job executing on host: <172.30.1.108:9618?addrs=172.30.1.108-9618&alias=n8&noUDP&sock=startd_4243_ec6e>
...
001 (310944.009.000) 2023-06-12 16:30:05 Job executing on host: <172.30.1.108:9618?addrs=172.30.1.108-9618&alias=n8&noUDP&sock=startd_4243_ec6e>
...
006 (310944.000.000) 2023-06-12 16:30:12 Image size of job updated: 181316
	161  -  MemoryUsage of job (MB)
	164032  -  ResidentSetSize of job (KB)
...
006 (310944.002.000) 2023-06-12 16:30:12 Image size of job updated: 176972
	157  -  MemoryUsage of job (MB)
	160492  -  ResidentSetSize of job (KB)
...
006 (310944.001.000) 2023-06-12 16:30:12 Image size of job updated: 154524
	151  -  MemoryUsage of job (MB)
	154524  -  ResidentSetSize of job (KB)
...
006 (310944.004.000) 2023-06-12 16:30:12 Image size of job updated: 187680
	164  -  MemoryUsage of job (MB)
	166972  -  ResidentSetSize of job (KB)
...
006 (310944.003.000) 2023-06-12 16:30:12 Image size of job updated: 154544
	151  -  MemoryUsage of job (MB)
	154544  -  ResidentSetSize of job (KB)
...
006 (310944.005.000) 2023-06-12 16:30:13 Image size of job updated: 386892
	184  -  MemoryUsage of job (MB)
	188228  -  ResidentSetSize of job (KB)
...
006 (310944.006.000) 2023-06-12 16:30:13 Image size of job updated: 164796
	153  -  MemoryUsage of job (MB)
	156220  -  ResidentSetSize of job (KB)
...
006 (310944.007.000) 2023-06-12 16:30:13 Image size of job updated: 479212
	156  -  MemoryUsage of job (MB)
	159456  -  ResidentSetSize of job (KB)
...
006 (310944.008.000) 2023-06-12 16:30:13 Image size of job updated: 479212
	184  -  MemoryUsage of job (MB)
	188192  -  ResidentSetSize of job (KB)
...
006 (310944.009.000) 2023-06-12 16:30:13 Image size of job updated: 479216
	184  -  MemoryUsage of job (MB)
	188196  -  ResidentSetSize of job (KB)
...
006 (310944.005.000) 2023-06-12 16:31:31 Image size of job updated: 692080
	184  -  MemoryUsage of job (MB)
	188228  -  ResidentSetSize of job (KB)
...
040 (310944.005.000) 2023-06-12 16:31:31 Started transferring output files
...
040 (310944.005.000) 2023-06-12 16:31:31 Finished transferring output files
...
005 (310944.005.000) 2023-06-12 16:31:31 Job terminated.
	(1) Normal termination (return value 0)
		Usr 0 00:01:25, Sys 0 00:00:01  -  Run Remote Usage
		Usr 0 00:00:00, Sys 0 00:00:00  -  Run Local Usage
		Usr 0 00:01:25, Sys 0 00:00:01  -  Total Remote Usage
		Usr 0 00:00:00, Sys 0 00:00:00  -  Total Local Usage
	7751  -  Run Bytes Sent By Job
	142  -  Run Bytes Received By Job
	7751  -  Total Bytes Sent By Job
	142  -  Total Bytes Received By Job
	Partitionable Resources :    Usage  Request Allocated 
	   Cpus                 :                 1         1 
	   Disk (KB)            :       53        1    127899 
	   Memory (MB)          :      184     3900      3968 

	Job terminated of its own accord at 2023-06-12T07:31:31Z.
...
006 (310944.008.000) 2023-06-12 16:32:30 Image size of job updated: 690288
	184  -  MemoryUsage of job (MB)
	188192  -  ResidentSetSize of job (KB)
...
040 (310944.008.000) 2023-06-12 16:32:30 Started transferring output files
...
040 (310944.008.000) 2023-06-12 16:32:30 Finished transferring output files
...
005 (310944.008.000) 2023-06-12 16:32:30 Job terminated.
	(1) Normal termination (return value 0)
		Usr 0 00:02:20, Sys 0 00:00:02  -  Run Remote Usage
		Usr 0 00:00:00, Sys 0 00:00:00  -  Run Local Usage
		Usr 0 00:02:20, Sys 0 00:00:02  -  Total Remote Usage
		Usr 0 00:00:00, Sys 0 00:00:00  -  Total Local Usage
	7420  -  Run Bytes Sent By Job
	142  -  Run Bytes Received By Job
	7420  -  Total Bytes Sent By Job
	142  -  Total Bytes Received By Job
	Partitionable Resources :    Usage  Request Allocated 
	   Cpus                 :                 1         1 
	   Disk (KB)            :       52        1    127899 
	   Memory (MB)          :      184     3900      3968 

	Job terminated of its own accord at 2023-06-12T07:32:30Z.
...
006 (310944.009.000) 2023-06-12 16:32:31 Image size of job updated: 692112
	184  -  MemoryUsage of job (MB)
	188196  -  ResidentSetSize of job (KB)
...
040 (310944.009.000) 2023-06-12 16:32:31 Started transferring output files
...
040 (310944.009.000) 2023-06-12 16:32:31 Finished transferring output files
...
005 (310944.009.000) 2023-06-12 16:32:31 Job terminated.
	(1) Normal termination (return value 0)
		Usr 0 00:02:20, Sys 0 00:00:02  -  Run Remote Usage
		Usr 0 00:00:00, Sys 0 00:00:00  -  Run Local Usage
		Usr 0 00:02:20, Sys 0 00:00:02  -  Total Remote Usage
		Usr 0 00:00:00, Sys 0 00:00:00  -  Total Local Usage
	7330  -  Run Bytes Sent By Job
	142  -  Run Bytes Received By Job
	7330  -  Total Bytes Sent By Job
	142  -  Total Bytes Received By Job
	Partitionable Resources :    Usage  Request Allocated 
	   Cpus                 :                 1         1 
	   Disk (KB)            :       52        1    127899 
	   Memory (MB)          :      184     3900      3968 

	Job terminated of its own accord at 2023-06-12T07:32:31Z.
...
006 (310944.000.000) 2023-06-12 16:32:44 Image size of job updated: 693352
	161  -  MemoryUsage of job (MB)
	164036  -  ResidentSetSize of job (KB)
...
005 (310944.000.000) 2023-06-12 16:32:44 Job terminated.
	(1) Normal termination (return value 0)
		Usr 0 00:02:30, Sys 0 00:00:02  -  Run Remote Usage
		Usr 0 00:00:00, Sys 0 00:00:00  -  Run Local Usage
		Usr 0 00:02:30, Sys 0 00:00:02  -  Total Remote Usage
		Usr 0 00:00:00, Sys 0 00:00:00  -  Total Local Usage
	0  -  Run Bytes Sent By Job
	0  -  Run Bytes Received By Job
	0  -  Total Bytes Sent By Job
	0  -  Total Bytes Received By Job
	Partitionable Resources :    Usage  Request Allocated 
	   Cpus                 :                 1         1 
	   Disk (KB)            :        1        1    128928 
	   Memory (MB)          :      161     3900      3968 

	Job terminated of its own accord at 2023-06-12T07:32:44Z.
...
006 (310944.002.000) 2023-06-12 16:32:50 Image size of job updated: 692144
	157  -  MemoryUsage of job (MB)
	160492  -  ResidentSetSize of job (KB)
...
005 (310944.002.000) 2023-06-12 16:32:50 Job terminated.
	(1) Normal termination (return value 0)
		Usr 0 00:02:39, Sys 0 00:00:01  -  Run Remote Usage
		Usr 0 00:00:00, Sys 0 00:00:00  -  Run Local Usage
		Usr 0 00:02:39, Sys 0 00:00:01  -  Total Remote Usage
		Usr 0 00:00:00, Sys 0 00:00:00  -  Total Local Usage
	0  -  Run Bytes Sent By Job
	0  -  Run Bytes Received By Job
	0  -  Total Bytes Sent By Job
	0  -  Total Bytes Received By Job
	Partitionable Resources :    Usage  Request Allocated 
	   Cpus                 :                 1         1 
	   Disk (KB)            :        1        1    128928 
	   Memory (MB)          :      157     3900      3968 

	Job terminated of its own accord at 2023-06-12T07:32:50Z.
...
006 (310944.001.000) 2023-06-12 16:33:02 Image size of job updated: 692104
	151  -  MemoryUsage of job (MB)
	154572  -  ResidentSetSize of job (KB)
...
005 (310944.001.000) 2023-06-12 16:33:02 Job terminated.
	(1) Normal termination (return value 0)
		Usr 0 00:02:45, Sys 0 00:00:01  -  Run Remote Usage
		Usr 0 00:00:00, Sys 0 00:00:00  -  Run Local Usage
		Usr 0 00:02:45, Sys 0 00:00:01  -  Total Remote Usage
		Usr 0 00:00:00, Sys 0 00:00:00  -  Total Local Usage
	0  -  Run Bytes Sent By Job
	0  -  Run Bytes Received By Job
	0  -  Total Bytes Sent By Job
	0  -  Total Bytes Received By Job
	Partitionable Resources :    Usage  Request Allocated 
	   Cpus                 :     0.98        1         1 
	   Disk (KB)            :     1           1    128992 
	   Memory (MB)          :   151        3900      3968 

	Job terminated of its own accord at 2023-06-12T07:33:01Z.
...
006 (310944.003.000) 2023-06-12 16:33:08 Image size of job updated: 692116
	151  -  MemoryUsage of job (MB)
	154544  -  ResidentSetSize of job (KB)
...
005 (310944.003.000) 2023-06-12 16:33:08 Job terminated.
	(1) Normal termination (return value 0)
		Usr 0 00:02:52, Sys 0 00:00:01  -  Run Remote Usage
		Usr 0 00:00:00, Sys 0 00:00:00  -  Run Local Usage
		Usr 0 00:02:52, Sys 0 00:00:01  -  Total Remote Usage
		Usr 0 00:00:00, Sys 0 00:00:00  -  Total Local Usage
	0  -  Run Bytes Sent By Job
	0  -  Run Bytes Received By Job
	0  -  Total Bytes Sent By Job
	0  -  Total Bytes Received By Job
	Partitionable Resources :    Usage  Request Allocated 
	   Cpus                 :                 1         1 
	   Disk (KB)            :        1        1    128928 
	   Memory (MB)          :      151     3900      3968 

	Job terminated of its own accord at 2023-06-12T07:33:08Z.
...
006 (310944.004.000) 2023-06-12 16:33:12 Image size of job updated: 692136
	164  -  MemoryUsage of job (MB)
	166972  -  ResidentSetSize of job (KB)
...
005 (310944.004.000) 2023-06-12 16:33:12 Job terminated.
	(1) Normal termination (return value 0)
		Usr 0 00:02:57, Sys 0 00:00:01  -  Run Remote Usage
		Usr 0 00:00:00, Sys 0 00:00:00  -  Run Local Usage
		Usr 0 00:02:57, Sys 0 00:00:01  -  Total Remote Usage
		Usr 0 00:00:00, Sys 0 00:00:00  -  Total Local Usage
	0  -  Run Bytes Sent By Job
	0  -  Run Bytes Received By Job
	0  -  Total Bytes Sent By Job
	0  -  Total Bytes Received By Job
	Partitionable Resources :    Usage  Request Allocated 
	   Cpus                 :     1.00        1         1 
	   Disk (KB)            :     1           1    128913 
	   Memory (MB)          :   164        3900      3968 

	Job terminated of its own accord at 2023-06-12T07:33:12Z.
...
006 (310944.007.000) 2023-06-12 16:33:30 Image size of job updated: 692164
	156  -  MemoryUsage of job (MB)
	159460  -  ResidentSetSize of job (KB)
...
040 (310944.007.000) 2023-06-12 16:33:30 Started transferring output files
...
040 (310944.007.000) 2023-06-12 16:33:30 Finished transferring output files
...
005 (310944.007.000) 2023-06-12 16:33:30 Job terminated.
	(1) Normal termination (return value 0)
		Usr 0 00:03:22, Sys 0 00:00:01  -  Run Remote Usage
		Usr 0 00:00:00, Sys 0 00:00:00  -  Run Local Usage
		Usr 0 00:03:22, Sys 0 00:00:01  -  Total Remote Usage
		Usr 0 00:00:00, Sys 0 00:00:00  -  Total Local Usage
	7359  -  Run Bytes Sent By Job
	142  -  Run Bytes Received By Job
	7359  -  Total Bytes Sent By Job
	142  -  Total Bytes Received By Job
	Partitionable Resources :    Usage  Request Allocated 
	   Cpus                 :                 1         1 
	   Disk (KB)            :       52        1    127899 
	   Memory (MB)          :      156     3900      3968 

	Job terminated of its own accord at 2023-06-12T07:33:30Z.
...
006 (310944.006.000) 2023-06-12 16:34:14 Image size of job updated: 695720
	153  -  MemoryUsage of job (MB)
	156220  -  ResidentSetSize of job (KB)
...
040 (310944.006.000) 2023-06-12 16:34:14 Started transferring output files
...
040 (310944.006.000) 2023-06-12 16:34:14 Finished transferring output files
...
005 (310944.006.000) 2023-06-12 16:34:14 Job terminated.
	(1) Normal termination (return value 0)
		Usr 0 00:04:03, Sys 0 00:00:02  -  Run Remote Usage
		Usr 0 00:00:00, Sys 0 00:00:00  -  Run Local Usage
		Usr 0 00:04:03, Sys 0 00:00:02  -  Total Remote Usage
		Usr 0 00:00:00, Sys 0 00:00:00  -  Total Local Usage
	7604  -  Run Bytes Sent By Job
	142  -  Run Bytes Received By Job
	7604  -  Total Bytes Sent By Job
	142  -  Total Bytes Received By Job
	Partitionable Resources :    Usage  Request Allocated 
	   Cpus                 :     1.00        1         1 
	   Disk (KB)            :    58           1     61930 
	   Memory (MB)          :   153        3900      3968 

	Job terminated of its own accord at 2023-06-12T07:34:14Z.
...
