Starts at Mon Jun 12 16:30:08 2023
[tnp_tamsa] Use Configs["TopHNT_2018"] from config/TopHNT_v1.py
Fit ibin = 6
['HistPdf::sigPhysPass(x,histPass_genmatching,2)', 'HistPdf::sigPhysFail(x,histFail_genmatching,2)', 'RooCBShape::sigResPass(x,meanP[-0.0,-5.0,5.0],sigmaP[1,0.3,10.0],alphaP[2.0,1.2,3.5],nP[3,-5,5])', 'RooCBShape::sigResFail(x,meanF[-0.0,-5.0,5.0],sigmaF[1,0.3,10.0],alphaF[2.0,1.2,3.5],nF[3,-5,5])', 'FCONV::sigPass(x, sigPhysPass , sigResPass)', 'FCONV::sigFail(x, sigPhysFail , sigResFail)', 'Fit sigPass histPass_genmatching', 'Fit sigFail histFail_genmatching', 'SetConstant alphaP nP alphaF nF', 'RooCMSShape::bkgPass(x,acmsP[60.,50.,80.],betaP[0.05,0.01,0.08],gammaP[0.1, -1, 1],peakP[90.0])', 'RooCMSShape::bkgFail(x,acmsF[60.,50.,80.],betaF[0.05,0.01,0.08],gammaF[0.1, -1, 1],peakF[90.0])']
Warning: non-zero fit status 3
Warning: non-zero fit status 1
Fit ibin = 16
['HistPdf::sigPhysPass(x,histPass_genmatching,2)', 'HistPdf::sigPhysFail(x,histFail_genmatching,2)', 'RooCBShape::sigResPass(x,meanP[-0.0,-5.0,5.0],sigmaP[1,0.3,10.0],alphaP[2.0,1.2,3.5],nP[3,-5,5])', 'RooCBShape::sigResFail(x,meanF[-0.0,-5.0,5.0],sigmaF[1,0.3,10.0],alphaF[2.0,1.2,3.5],nF[3,-5,5])', 'FCONV::sigPass(x, sigPhysPass , sigResPass)', 'FCONV::sigFail(x, sigPhysFail , sigResFail)', 'Fit sigPass histPass_genmatching', 'Fit sigFail histFail_genmatching', 'SetConstant alphaP nP alphaF nF', 'RooCMSShape::bkgPass(x,acmsP[60.,50.,80.],betaP[0.05,0.01,0.08],gammaP[0.1, -1, 1],peakP[90.0])', 'RooCMSShape::bkgFail(x,acmsF[60.,50.,80.],betaF[0.05,0.01,0.08],gammaF[0.1, -1, 1],peakF[90.0])']
Warning: non-zero fit status 303
Warning: non-zero fit status 302
Fit ibin = 26
['HistPdf::sigPhysPass(x,histPass_genmatching,2)', 'HistPdf::sigPhysFail(x,histFail_genmatching,2)', 'RooCBShape::sigResPass(x,meanP[-0.0,-5.0,5.0],sigmaP[1,0.3,10.0],alphaP[2.0,1.2,3.5],nP[3,-5,5])', 'RooCBShape::sigResFail(x,meanF[-0.0,-5.0,5.0],sigmaF[1,0.3,10.0],alphaF[2.0,1.2,3.5],nF[3,-5,5])', 'FCONV::sigPass(x, sigPhysPass , sigResPass)', 'FCONV::sigFail(x, sigPhysFail , sigResFail)', 'Fit sigPass histPass_genmatching', 'Fit sigFail histFail_genmatching', 'SetConstant alphaP nP alphaF nF', 'RooCMSShape::bkgPass(x,acmsP[60.,50.,80.],betaP[0.05,0.01,0.08],gammaP[0.1, -1, 1],peakP[90.0])', 'RooCMSShape::bkgFail(x,acmsF[60.,50.,80.],betaF[0.05,0.01,0.08],gammaF[0.1, -1, 1],peakF[90.0])']
Warning: non-zero fit status 303
Warning: non-zero fit status 303
Fit ibin = 36
['HistPdf::sigPhysPass(x,histPass_genmatching,2)', 'HistPdf::sigPhysFail(x,histFail_genmatching,2)', 'RooCBShape::sigResPass(x,meanP[-0.0,-5.0,5.0],sigmaP[1,0.3,10.0],alphaP[2.0,1.2,3.5],nP[3,-5,5])', 'RooCBShape::sigResFail(x,meanF[-0.0,-5.0,5.0],sigmaF[1,0.3,10.0],alphaF[2.0,1.2,3.5],nF[3,-5,5])', 'FCONV::sigPass(x, sigPhysPass , sigResPass)', 'FCONV::sigFail(x, sigPhysFail , sigResFail)', 'Fit sigPass histPass_genmatching', 'Fit sigFail histFail_genmatching', 'SetConstant alphaP nP alphaF nF', 'RooCMSShape::bkgPass(x,acmsP[60.,50.,80.],betaP[0.05,0.01,0.08],gammaP[0.1, -1, 1],peakP[90.0])', 'RooCMSShape::bkgFail(x,acmsF[60.,50.,80.],betaF[0.05,0.01,0.08],gammaF[0.1, -1, 1],peakF[90.0])']
Warning: non-zero fit status 303
Warning: non-zero fit status 302
Fit ibin = 46
['HistPdf::sigPhysPass(x,histPass_genmatching,2)', 'HistPdf::sigPhysFail(x,histFail_genmatching,2)', 'RooCBShape::sigResPass(x,meanP[-0.0,-5.0,5.0],sigmaP[1,0.3,10.0],alphaP[2.0,1.2,3.5],nP[3,-5,5])', 'RooCBShape::sigResFail(x,meanF[-0.0,-5.0,5.0],sigmaF[1,0.3,10.0],alphaF[2.0,1.2,3.5],nF[3,-5,5])', 'FCONV::sigPass(x, sigPhysPass , sigResPass)', 'FCONV::sigFail(x, sigPhysFail , sigResFail)', 'Fit sigPass histPass_genmatching', 'Fit sigFail histFail_genmatching', 'SetConstant alphaP nP alphaF nF', 'RooCMSShape::bkgPass(x,acmsP[60.,50.,80.],betaP[0.05,0.01,0.08],gammaP[0.1, -1, 1],peakP[90.0])', 'RooCMSShape::bkgFail(x,acmsF[60.,50.,80.],betaF[0.05,0.01,0.08],gammaF[0.1, -1, 1],peakF[90.0])']
Warning: non-zero fit status 3
Warning: non-zero fit status 1
Fit ibin = 56
['HistPdf::sigPhysPass(x,histPass_genmatching,2)', 'HistPdf::sigPhysFail(x,histFail_genmatching,2)', 'RooCBShape::sigResPass(x,meanP[-0.0,-5.0,5.0],sigmaP[1,0.3,10.0],alphaP[2.0,1.2,3.5],nP[3,-5,5])', 'RooCBShape::sigResFail(x,meanF[-0.0,-5.0,5.0],sigmaF[1,0.3,10.0],alphaF[2.0,1.2,3.5],nF[3,-5,5])', 'FCONV::sigPass(x, sigPhysPass , sigResPass)', 'FCONV::sigFail(x, sigPhysFail , sigResFail)', 'Fit sigPass histPass_genmatching', 'Fit sigFail histFail_genmatching', 'SetConstant alphaP nP alphaF nF', 'RooCMSShape::bkgPass(x,acmsP[60.,50.,80.],betaP[0.05,0.01,0.08],gammaP[0.1, -1, 1],peakP[90.0])', 'RooCMSShape::bkgFail(x,acmsF[60.,50.,80.],betaF[0.05,0.01,0.08],gammaF[0.1, -1, 1],peakF[90.0])']
Warning: non-zero fit status 1
Warning: non-zero fit status 1
Ends at  Mon Jun 12 16:34:14 2023
Time took 245.602642775 seconds.
