000 (310195.000.000) 2023-06-09 16:09:51 Job submitted from host: <172.30.1.200:9618?addrs=172.30.1.200-9618&alias=tamsa2.snu.ac.kr&noUDP&sock=schedd_3510_2582>
...
000 (310195.001.000) 2023-06-09 16:09:51 Job submitted from host: <172.30.1.200:9618?addrs=172.30.1.200-9618&alias=tamsa2.snu.ac.kr&noUDP&sock=schedd_3510_2582>
...
000 (310195.002.000) 2023-06-09 16:09:51 Job submitted from host: <172.30.1.200:9618?addrs=172.30.1.200-9618&alias=tamsa2.snu.ac.kr&noUDP&sock=schedd_3510_2582>
...
000 (310195.003.000) 2023-06-09 16:09:51 Job submitted from host: <172.30.1.200:9618?addrs=172.30.1.200-9618&alias=tamsa2.snu.ac.kr&noUDP&sock=schedd_3510_2582>
...
000 (310195.004.000) 2023-06-09 16:09:51 Job submitted from host: <172.30.1.200:9618?addrs=172.30.1.200-9618&alias=tamsa2.snu.ac.kr&noUDP&sock=schedd_3510_2582>
...
000 (310195.005.000) 2023-06-09 16:09:51 Job submitted from host: <172.30.1.200:9618?addrs=172.30.1.200-9618&alias=tamsa2.snu.ac.kr&noUDP&sock=schedd_3510_2582>
...
000 (310195.006.000) 2023-06-09 16:09:51 Job submitted from host: <172.30.1.200:9618?addrs=172.30.1.200-9618&alias=tamsa2.snu.ac.kr&noUDP&sock=schedd_3510_2582>
...
000 (310195.007.000) 2023-06-09 16:09:51 Job submitted from host: <172.30.1.200:9618?addrs=172.30.1.200-9618&alias=tamsa2.snu.ac.kr&noUDP&sock=schedd_3510_2582>
...
000 (310195.008.000) 2023-06-09 16:09:51 Job submitted from host: <172.30.1.200:9618?addrs=172.30.1.200-9618&alias=tamsa2.snu.ac.kr&noUDP&sock=schedd_3510_2582>
...
000 (310195.009.000) 2023-06-09 16:09:51 Job submitted from host: <172.30.1.200:9618?addrs=172.30.1.200-9618&alias=tamsa2.snu.ac.kr&noUDP&sock=schedd_3510_2582>
...
001 (310195.004.000) 2023-06-09 16:10:04 Job executing on host: <172.30.1.204:9618?addrs=172.30.1.204-9618&alias=node4&noUDP&sock=startd_3843_8e8c>
...
001 (310195.002.000) 2023-06-09 16:10:04 Job executing on host: <172.30.1.204:9618?addrs=172.30.1.204-9618&alias=node4&noUDP&sock=startd_3843_8e8c>
...
001 (310195.003.000) 2023-06-09 16:10:04 Job executing on host: <172.30.1.204:9618?addrs=172.30.1.204-9618&alias=node4&noUDP&sock=startd_3843_8e8c>
...
001 (310195.005.000) 2023-06-09 16:10:04 Job executing on host: <172.30.1.204:9618?addrs=172.30.1.204-9618&alias=node4&noUDP&sock=startd_3843_8e8c>
...
001 (310195.006.000) 2023-06-09 16:10:04 Job executing on host: <172.30.1.204:9618?addrs=172.30.1.204-9618&alias=node4&noUDP&sock=startd_3843_8e8c>
...
001 (310195.000.000) 2023-06-09 16:10:04 Job executing on host: <172.30.1.203:9618?addrs=172.30.1.203-9618&alias=node3&noUDP&sock=startd_3773_8aeb>
...
001 (310195.007.000) 2023-06-09 16:10:04 Job executing on host: <172.30.1.204:9618?addrs=172.30.1.204-9618&alias=node4&noUDP&sock=startd_3843_8e8c>
...
001 (310195.008.000) 2023-06-09 16:10:04 Job executing on host: <172.30.1.204:9618?addrs=172.30.1.204-9618&alias=node4&noUDP&sock=startd_3843_8e8c>
...
001 (310195.001.000) 2023-06-09 16:10:04 Job executing on host: <172.30.1.203:9618?addrs=172.30.1.203-9618&alias=node3&noUDP&sock=startd_3773_8aeb>
...
001 (310195.009.000) 2023-06-09 16:10:04 Job executing on host: <172.30.1.204:9618?addrs=172.30.1.204-9618&alias=node4&noUDP&sock=startd_3843_8e8c>
...
006 (310195.004.000) 2023-06-09 16:10:12 Image size of job updated: 612236
	183  -  MemoryUsage of job (MB)
	186872  -  ResidentSetSize of job (KB)
...
006 (310195.002.000) 2023-06-09 16:10:12 Image size of job updated: 611544
	203  -  MemoryUsage of job (MB)
	207732  -  ResidentSetSize of job (KB)
...
006 (310195.003.000) 2023-06-09 16:10:12 Image size of job updated: 564300
	207  -  MemoryUsage of job (MB)
	211444  -  ResidentSetSize of job (KB)
...
006 (310195.005.000) 2023-06-09 16:10:12 Image size of job updated: 612296
	183  -  MemoryUsage of job (MB)
	187096  -  ResidentSetSize of job (KB)
...
006 (310195.006.000) 2023-06-09 16:10:13 Image size of job updated: 594428
	204  -  MemoryUsage of job (MB)
	207900  -  ResidentSetSize of job (KB)
...
006 (310195.000.000) 2023-06-09 16:10:13 Image size of job updated: 647916
	183  -  MemoryUsage of job (MB)
	186856  -  ResidentSetSize of job (KB)
...
006 (310195.007.000) 2023-06-09 16:10:13 Image size of job updated: 549828
	203  -  MemoryUsage of job (MB)
	207796  -  ResidentSetSize of job (KB)
...
006 (310195.008.000) 2023-06-09 16:10:13 Image size of job updated: 549820
	204  -  MemoryUsage of job (MB)
	208068  -  ResidentSetSize of job (KB)
...
006 (310195.001.000) 2023-06-09 16:10:13 Image size of job updated: 662572
	191  -  MemoryUsage of job (MB)
	194916  -  ResidentSetSize of job (KB)
...
006 (310195.009.000) 2023-06-09 16:10:13 Image size of job updated: 549392
	204  -  MemoryUsage of job (MB)
	208072  -  ResidentSetSize of job (KB)
...
006 (310195.002.000) 2023-06-09 16:10:33 Image size of job updated: 685028
	203  -  MemoryUsage of job (MB)
	207732  -  ResidentSetSize of job (KB)
...
005 (310195.002.000) 2023-06-09 16:10:33 Job terminated.
	(1) Normal termination (return value 0)
		Usr 0 00:00:26, Sys 0 00:00:01  -  Run Remote Usage
		Usr 0 00:00:00, Sys 0 00:00:00  -  Run Local Usage
		Usr 0 00:00:26, Sys 0 00:00:01  -  Total Remote Usage
		Usr 0 00:00:00, Sys 0 00:00:00  -  Total Local Usage
	0  -  Run Bytes Sent By Job
	0  -  Run Bytes Received By Job
	0  -  Total Bytes Sent By Job
	0  -  Total Bytes Received By Job
	Partitionable Resources :    Usage  Request Allocated 
	   Cpus                 :                 1         1 
	   Disk (KB)            :        1        1    128928 
	   Memory (MB)          :      203     3900      3968 

	Job terminated of its own accord at 2023-06-09T07:10:33Z.
...
006 (310195.003.000) 2023-06-09 16:10:38 Image size of job updated: 688060
	207  -  MemoryUsage of job (MB)
	211444  -  ResidentSetSize of job (KB)
...
005 (310195.003.000) 2023-06-09 16:10:38 Job terminated.
	(1) Normal termination (return value 0)
		Usr 0 00:00:31, Sys 0 00:00:01  -  Run Remote Usage
		Usr 0 00:00:00, Sys 0 00:00:00  -  Run Local Usage
		Usr 0 00:00:31, Sys 0 00:00:01  -  Total Remote Usage
		Usr 0 00:00:00, Sys 0 00:00:00  -  Total Local Usage
	0  -  Run Bytes Sent By Job
	0  -  Run Bytes Received By Job
	0  -  Total Bytes Sent By Job
	0  -  Total Bytes Received By Job
	Partitionable Resources :    Usage  Request Allocated 
	   Cpus                 :                 1         1 
	   Disk (KB)            :        1        1    128928 
	   Memory (MB)          :      207     3900      3968 

	Job terminated of its own accord at 2023-06-09T07:10:38Z.
...
006 (310195.004.000) 2023-06-09 16:10:46 Image size of job updated: 689040
	183  -  MemoryUsage of job (MB)
	186872  -  ResidentSetSize of job (KB)
...
005 (310195.004.000) 2023-06-09 16:10:46 Job terminated.
	(1) Normal termination (return value 0)
		Usr 0 00:00:37, Sys 0 00:00:01  -  Run Remote Usage
		Usr 0 00:00:00, Sys 0 00:00:00  -  Run Local Usage
		Usr 0 00:00:37, Sys 0 00:00:01  -  Total Remote Usage
		Usr 0 00:00:00, Sys 0 00:00:00  -  Total Local Usage
	0  -  Run Bytes Sent By Job
	0  -  Run Bytes Received By Job
	0  -  Total Bytes Sent By Job
	0  -  Total Bytes Received By Job
	Partitionable Resources :    Usage  Request Allocated 
	   Cpus                 :                 1         1 
	   Disk (KB)            :        1        1    128928 
	   Memory (MB)          :      183     3900      3968 

	Job terminated of its own accord at 2023-06-09T07:10:46Z.
...
006 (310195.006.000) 2023-06-09 16:10:46 Image size of job updated: 689928
	204  -  MemoryUsage of job (MB)
	207900  -  ResidentSetSize of job (KB)
...
005 (310195.006.000) 2023-06-09 16:10:46 Job terminated.
	(1) Normal termination (return value 0)
		Usr 0 00:00:40, Sys 0 00:00:01  -  Run Remote Usage
		Usr 0 00:00:00, Sys 0 00:00:00  -  Run Local Usage
		Usr 0 00:00:40, Sys 0 00:00:01  -  Total Remote Usage
		Usr 0 00:00:00, Sys 0 00:00:00  -  Total Local Usage
	0  -  Run Bytes Sent By Job
	0  -  Run Bytes Received By Job
	0  -  Total Bytes Sent By Job
	0  -  Total Bytes Received By Job
	Partitionable Resources :    Usage  Request Allocated 
	   Cpus                 :                 1         1 
	   Disk (KB)            :        1        1    128928 
	   Memory (MB)          :      204     3900      3968 

	Job terminated of its own accord at 2023-06-09T07:10:46Z.
...
006 (310195.005.000) 2023-06-09 16:10:50 Image size of job updated: 691128
	183  -  MemoryUsage of job (MB)
	187096  -  ResidentSetSize of job (KB)
...
005 (310195.005.000) 2023-06-09 16:10:50 Job terminated.
	(1) Normal termination (return value 0)
		Usr 0 00:00:43, Sys 0 00:00:01  -  Run Remote Usage
		Usr 0 00:00:00, Sys 0 00:00:00  -  Run Local Usage
		Usr 0 00:00:43, Sys 0 00:00:01  -  Total Remote Usage
		Usr 0 00:00:00, Sys 0 00:00:00  -  Total Local Usage
	0  -  Run Bytes Sent By Job
	0  -  Run Bytes Received By Job
	0  -  Total Bytes Sent By Job
	0  -  Total Bytes Received By Job
	Partitionable Resources :    Usage  Request Allocated 
	   Cpus                 :                 1         1 
	   Disk (KB)            :        1        1    128928 
	   Memory (MB)          :      183     3900      3968 

	Job terminated of its own accord at 2023-06-09T07:10:50Z.
...
006 (310195.001.000) 2023-06-09 16:10:50 Image size of job updated: 687884
	191  -  MemoryUsage of job (MB)
	194916  -  ResidentSetSize of job (KB)
...
005 (310195.001.000) 2023-06-09 16:10:50 Job terminated.
	(1) Normal termination (return value 0)
		Usr 0 00:00:39, Sys 0 00:00:01  -  Run Remote Usage
		Usr 0 00:00:00, Sys 0 00:00:00  -  Run Local Usage
		Usr 0 00:00:39, Sys 0 00:00:01  -  Total Remote Usage
		Usr 0 00:00:00, Sys 0 00:00:00  -  Total Local Usage
	0  -  Run Bytes Sent By Job
	0  -  Run Bytes Received By Job
	0  -  Total Bytes Sent By Job
	0  -  Total Bytes Received By Job
	Partitionable Resources :    Usage  Request Allocated 
	   Cpus                 :                 1         1 
	   Disk (KB)            :        1        1    128928 
	   Memory (MB)          :      191     3900      3968 

	Job terminated of its own accord at 2023-06-09T07:10:50Z.
...
006 (310195.000.000) 2023-06-09 16:10:52 Image size of job updated: 687908
	183  -  MemoryUsage of job (MB)
	186856  -  ResidentSetSize of job (KB)
...
005 (310195.000.000) 2023-06-09 16:10:52 Job terminated.
	(1) Normal termination (return value 0)
		Usr 0 00:00:40, Sys 0 00:00:01  -  Run Remote Usage
		Usr 0 00:00:00, Sys 0 00:00:00  -  Run Local Usage
		Usr 0 00:00:40, Sys 0 00:00:01  -  Total Remote Usage
		Usr 0 00:00:00, Sys 0 00:00:00  -  Total Local Usage
	0  -  Run Bytes Sent By Job
	0  -  Run Bytes Received By Job
	0  -  Total Bytes Sent By Job
	0  -  Total Bytes Received By Job
	Partitionable Resources :    Usage  Request Allocated 
	   Cpus                 :                 1         1 
	   Disk (KB)            :        1        1    128928 
	   Memory (MB)          :      183     3900      3968 

	Job terminated of its own accord at 2023-06-09T07:10:52Z.
...
006 (310195.009.000) 2023-06-09 16:10:54 Image size of job updated: 698648
	204  -  MemoryUsage of job (MB)
	208072  -  ResidentSetSize of job (KB)
...
005 (310195.009.000) 2023-06-09 16:10:54 Job terminated.
	(1) Normal termination (return value 0)
		Usr 0 00:00:47, Sys 0 00:00:01  -  Run Remote Usage
		Usr 0 00:00:00, Sys 0 00:00:00  -  Run Local Usage
		Usr 0 00:00:47, Sys 0 00:00:01  -  Total Remote Usage
		Usr 0 00:00:00, Sys 0 00:00:00  -  Total Local Usage
	0  -  Run Bytes Sent By Job
	0  -  Run Bytes Received By Job
	0  -  Total Bytes Sent By Job
	0  -  Total Bytes Received By Job
	Partitionable Resources :    Usage  Request Allocated 
	   Cpus                 :                 1         1 
	   Disk (KB)            :        1        1    128928 
	   Memory (MB)          :      204     3900      3968 

	Job terminated of its own accord at 2023-06-09T07:10:54Z.
...
006 (310195.007.000) 2023-06-09 16:11:02 Image size of job updated: 689936
	203  -  MemoryUsage of job (MB)
	207796  -  ResidentSetSize of job (KB)
...
005 (310195.007.000) 2023-06-09 16:11:02 Job terminated.
	(1) Normal termination (return value 0)
		Usr 0 00:00:54, Sys 0 00:00:01  -  Run Remote Usage
		Usr 0 00:00:00, Sys 0 00:00:00  -  Run Local Usage
		Usr 0 00:00:54, Sys 0 00:00:01  -  Total Remote Usage
		Usr 0 00:00:00, Sys 0 00:00:00  -  Total Local Usage
	0  -  Run Bytes Sent By Job
	0  -  Run Bytes Received By Job
	0  -  Total Bytes Sent By Job
	0  -  Total Bytes Received By Job
	Partitionable Resources :    Usage  Request Allocated 
	   Cpus                 :                 1         1 
	   Disk (KB)            :        1        1    128928 
	   Memory (MB)          :      203     3900      3968 

	Job terminated of its own accord at 2023-06-09T07:11:02Z.
...
006 (310195.008.000) 2023-06-09 16:11:03 Image size of job updated: 688068
	204  -  MemoryUsage of job (MB)
	208068  -  ResidentSetSize of job (KB)
...
005 (310195.008.000) 2023-06-09 16:11:03 Job terminated.
	(1) Normal termination (return value 0)
		Usr 0 00:00:55, Sys 0 00:00:01  -  Run Remote Usage
		Usr 0 00:00:00, Sys 0 00:00:00  -  Run Local Usage
		Usr 0 00:00:55, Sys 0 00:00:01  -  Total Remote Usage
		Usr 0 00:00:00, Sys 0 00:00:00  -  Total Local Usage
	0  -  Run Bytes Sent By Job
	0  -  Run Bytes Received By Job
	0  -  Total Bytes Sent By Job
	0  -  Total Bytes Received By Job
	Partitionable Resources :    Usage  Request Allocated 
	   Cpus                 :                 1         1 
	   Disk (KB)            :        1        1    128928 
	   Memory (MB)          :      204     3900      3968 

	Job terminated of its own accord at 2023-06-09T07:11:03Z.
...
