000 (310170.000.000) 2023-06-09 15:53:46 Job submitted from host: <172.30.1.200:9618?addrs=172.30.1.200-9618&alias=tamsa2.snu.ac.kr&noUDP&sock=schedd_3510_2582>
...
000 (310170.001.000) 2023-06-09 15:53:46 Job submitted from host: <172.30.1.200:9618?addrs=172.30.1.200-9618&alias=tamsa2.snu.ac.kr&noUDP&sock=schedd_3510_2582>
...
000 (310170.002.000) 2023-06-09 15:53:46 Job submitted from host: <172.30.1.200:9618?addrs=172.30.1.200-9618&alias=tamsa2.snu.ac.kr&noUDP&sock=schedd_3510_2582>
...
000 (310170.003.000) 2023-06-09 15:53:46 Job submitted from host: <172.30.1.200:9618?addrs=172.30.1.200-9618&alias=tamsa2.snu.ac.kr&noUDP&sock=schedd_3510_2582>
...
000 (310170.004.000) 2023-06-09 15:53:46 Job submitted from host: <172.30.1.200:9618?addrs=172.30.1.200-9618&alias=tamsa2.snu.ac.kr&noUDP&sock=schedd_3510_2582>
...
000 (310170.005.000) 2023-06-09 15:53:46 Job submitted from host: <172.30.1.200:9618?addrs=172.30.1.200-9618&alias=tamsa2.snu.ac.kr&noUDP&sock=schedd_3510_2582>
...
000 (310170.006.000) 2023-06-09 15:53:46 Job submitted from host: <172.30.1.200:9618?addrs=172.30.1.200-9618&alias=tamsa2.snu.ac.kr&noUDP&sock=schedd_3510_2582>
...
000 (310170.007.000) 2023-06-09 15:53:46 Job submitted from host: <172.30.1.200:9618?addrs=172.30.1.200-9618&alias=tamsa2.snu.ac.kr&noUDP&sock=schedd_3510_2582>
...
000 (310170.008.000) 2023-06-09 15:53:46 Job submitted from host: <172.30.1.200:9618?addrs=172.30.1.200-9618&alias=tamsa2.snu.ac.kr&noUDP&sock=schedd_3510_2582>
...
000 (310170.009.000) 2023-06-09 15:53:46 Job submitted from host: <172.30.1.200:9618?addrs=172.30.1.200-9618&alias=tamsa2.snu.ac.kr&noUDP&sock=schedd_3510_2582>
...
001 (310170.000.000) 2023-06-09 15:53:56 Job executing on host: <172.30.1.206:9618?addrs=172.30.1.206-9618&alias=node6&noUDP&sock=startd_3777_494c>
...
001 (310170.003.000) 2023-06-09 15:53:56 Job executing on host: <172.30.1.211:9618?addrs=172.30.1.211-9618&alias=node11&noUDP&sock=startd_3790_3407>
...
001 (310170.005.000) 2023-06-09 15:53:56 Job executing on host: <172.30.1.204:9618?addrs=172.30.1.204-9618&alias=node4&noUDP&sock=startd_3843_8e8c>
...
001 (310170.001.000) 2023-06-09 15:53:56 Job executing on host: <172.30.1.206:9618?addrs=172.30.1.206-9618&alias=node6&noUDP&sock=startd_3777_494c>
...
001 (310170.007.000) 2023-06-09 15:53:56 Job executing on host: <172.30.1.209:9618?addrs=172.30.1.209-9618&alias=node9&noUDP&sock=startd_3776_99b3>
...
001 (310170.006.000) 2023-06-09 15:53:56 Job executing on host: <172.30.1.201:9618?addrs=172.30.1.201-9618&alias=node1&noUDP&sock=startd_4675_3d58>
...
001 (310170.004.000) 2023-06-09 15:53:56 Job executing on host: <172.30.1.211:9618?addrs=172.30.1.211-9618&alias=node11&noUDP&sock=startd_3790_3407>
...
001 (310170.008.000) 2023-06-09 15:53:56 Job executing on host: <172.30.1.209:9618?addrs=172.30.1.209-9618&alias=node9&noUDP&sock=startd_3776_99b3>
...
001 (310170.002.000) 2023-06-09 15:53:56 Job executing on host: <172.30.1.206:9618?addrs=172.30.1.206-9618&alias=node6&noUDP&sock=startd_3777_494c>
...
001 (310170.009.000) 2023-06-09 15:53:56 Job executing on host: <172.30.1.209:9618?addrs=172.30.1.209-9618&alias=node9&noUDP&sock=startd_3776_99b3>
...
006 (310170.000.000) 2023-06-09 15:54:04 Image size of job updated: 651128
	204  -  MemoryUsage of job (MB)
	208196  -  ResidentSetSize of job (KB)
...
006 (310170.005.000) 2023-06-09 15:54:04 Image size of job updated: 471496
	207  -  MemoryUsage of job (MB)
	211576  -  ResidentSetSize of job (KB)
...
006 (310170.007.000) 2023-06-09 15:54:04 Image size of job updated: 645736
	203  -  MemoryUsage of job (MB)
	207840  -  ResidentSetSize of job (KB)
...
006 (310170.006.000) 2023-06-09 15:54:04 Image size of job updated: 645708
	183  -  MemoryUsage of job (MB)
	186396  -  ResidentSetSize of job (KB)
...
006 (310170.001.000) 2023-06-09 15:54:04 Image size of job updated: 685012
	204  -  MemoryUsage of job (MB)
	208224  -  ResidentSetSize of job (KB)
...
006 (310170.003.000) 2023-06-09 15:54:04 Image size of job updated: 651048
	200  -  MemoryUsage of job (MB)
	204756  -  ResidentSetSize of job (KB)
...
006 (310170.004.000) 2023-06-09 15:54:04 Image size of job updated: 645736
	193  -  MemoryUsage of job (MB)
	197080  -  ResidentSetSize of job (KB)
...
006 (310170.008.000) 2023-06-09 15:54:04 Image size of job updated: 645736
	187  -  MemoryUsage of job (MB)
	191044  -  ResidentSetSize of job (KB)
...
006 (310170.002.000) 2023-06-09 15:54:04 Image size of job updated: 684780
	205  -  MemoryUsage of job (MB)
	209844  -  ResidentSetSize of job (KB)
...
006 (310170.009.000) 2023-06-09 15:54:04 Image size of job updated: 656996
	204  -  MemoryUsage of job (MB)
	208176  -  ResidentSetSize of job (KB)
...
006 (310170.002.000) 2023-06-09 15:54:08 Image size of job updated: 684844
	205  -  MemoryUsage of job (MB)
	209844  -  ResidentSetSize of job (KB)
...
005 (310170.002.000) 2023-06-09 15:54:08 Job terminated.
	(1) Normal termination (return value 0)
		Usr 0 00:00:09, Sys 0 00:00:01  -  Run Remote Usage
		Usr 0 00:00:00, Sys 0 00:00:00  -  Run Local Usage
		Usr 0 00:00:09, Sys 0 00:00:01  -  Total Remote Usage
		Usr 0 00:00:00, Sys 0 00:00:00  -  Total Local Usage
	0  -  Run Bytes Sent By Job
	0  -  Run Bytes Received By Job
	0  -  Total Bytes Sent By Job
	0  -  Total Bytes Received By Job
	Partitionable Resources :    Usage  Request Allocated 
	   Cpus                 :                 1         1 
	   Disk (KB)            :        1        1     95898 
	   Memory (MB)          :      205     3900      3968 

	Job terminated of its own accord at 2023-06-09T06:54:08Z.
...
006 (310170.005.000) 2023-06-09 15:54:08 Image size of job updated: 686924
	207  -  MemoryUsage of job (MB)
	211576  -  ResidentSetSize of job (KB)
...
005 (310170.005.000) 2023-06-09 15:54:08 Job terminated.
	(1) Normal termination (return value 0)
		Usr 0 00:00:09, Sys 0 00:00:01  -  Run Remote Usage
		Usr 0 00:00:00, Sys 0 00:00:00  -  Run Local Usage
		Usr 0 00:00:09, Sys 0 00:00:01  -  Total Remote Usage
		Usr 0 00:00:00, Sys 0 00:00:00  -  Total Local Usage
	0  -  Run Bytes Sent By Job
	0  -  Run Bytes Received By Job
	0  -  Total Bytes Sent By Job
	0  -  Total Bytes Received By Job
	Partitionable Resources :    Usage  Request Allocated 
	   Cpus                 :     0.81        1         1 
	   Disk (KB)            :     1           1    128928 
	   Memory (MB)          :   207        3900      3968 

	Job terminated of its own accord at 2023-06-09T06:54:08Z.
...
006 (310170.000.000) 2023-06-09 15:54:09 Image size of job updated: 688804
	204  -  MemoryUsage of job (MB)
	208196  -  ResidentSetSize of job (KB)
...
005 (310170.000.000) 2023-06-09 15:54:09 Job terminated.
	(1) Normal termination (return value 0)
		Usr 0 00:00:09, Sys 0 00:00:00  -  Run Remote Usage
		Usr 0 00:00:00, Sys 0 00:00:00  -  Run Local Usage
		Usr 0 00:00:09, Sys 0 00:00:00  -  Total Remote Usage
		Usr 0 00:00:00, Sys 0 00:00:00  -  Total Local Usage
	0  -  Run Bytes Sent By Job
	0  -  Run Bytes Received By Job
	0  -  Total Bytes Sent By Job
	0  -  Total Bytes Received By Job
	Partitionable Resources :    Usage  Request Allocated 
	   Cpus                 :                 1         1 
	   Disk (KB)            :        1        1     95898 
	   Memory (MB)          :      204     3900      3968 

	Job terminated of its own accord at 2023-06-09T06:54:09Z.
...
006 (310170.001.000) 2023-06-09 15:54:12 Image size of job updated: 685204
	204  -  MemoryUsage of job (MB)
	208224  -  ResidentSetSize of job (KB)
...
005 (310170.001.000) 2023-06-09 15:54:12 Job terminated.
	(1) Normal termination (return value 0)
		Usr 0 00:00:12, Sys 0 00:00:01  -  Run Remote Usage
		Usr 0 00:00:00, Sys 0 00:00:00  -  Run Local Usage
		Usr 0 00:00:12, Sys 0 00:00:01  -  Total Remote Usage
		Usr 0 00:00:00, Sys 0 00:00:00  -  Total Local Usage
	0  -  Run Bytes Sent By Job
	0  -  Run Bytes Received By Job
	0  -  Total Bytes Sent By Job
	0  -  Total Bytes Received By Job
	Partitionable Resources :    Usage  Request Allocated 
	   Cpus                 :                 1         1 
	   Disk (KB)            :        1        1     95898 
	   Memory (MB)          :      204     3900      3968 

	Job terminated of its own accord at 2023-06-09T06:54:12Z.
...
006 (310170.004.000) 2023-06-09 15:54:13 Image size of job updated: 684956
	193  -  MemoryUsage of job (MB)
	197092  -  ResidentSetSize of job (KB)
...
005 (310170.004.000) 2023-06-09 15:54:13 Job terminated.
	(1) Normal termination (return value 0)
		Usr 0 00:00:13, Sys 0 00:00:01  -  Run Remote Usage
		Usr 0 00:00:00, Sys 0 00:00:00  -  Run Local Usage
		Usr 0 00:00:13, Sys 0 00:00:01  -  Total Remote Usage
		Usr 0 00:00:00, Sys 0 00:00:00  -  Total Local Usage
	0  -  Run Bytes Sent By Job
	0  -  Run Bytes Received By Job
	0  -  Total Bytes Sent By Job
	0  -  Total Bytes Received By Job
	Partitionable Resources :    Usage  Request Allocated 
	   Cpus                 :                 1         1 
	   Disk (KB)            :        1        1    128928 
	   Memory (MB)          :      193     3900      3968 

	Job terminated of its own accord at 2023-06-09T06:54:13Z.
...
006 (310170.003.000) 2023-06-09 15:54:14 Image size of job updated: 688808
	200  -  MemoryUsage of job (MB)
	204788  -  ResidentSetSize of job (KB)
...
006 (310170.008.000) 2023-06-09 15:54:14 Image size of job updated: 645736
	187  -  MemoryUsage of job (MB)
	191152  -  ResidentSetSize of job (KB)
...
005 (310170.006.000) 2023-06-09 15:54:14 Job terminated.
	(1) Normal termination (return value 0)
		Usr 0 00:00:12, Sys 0 00:00:01  -  Run Remote Usage
		Usr 0 00:00:00, Sys 0 00:00:00  -  Run Local Usage
		Usr 0 00:00:12, Sys 0 00:00:01  -  Total Remote Usage
		Usr 0 00:00:00, Sys 0 00:00:00  -  Total Local Usage
	0  -  Run Bytes Sent By Job
	0  -  Run Bytes Received By Job
	0  -  Total Bytes Sent By Job
	0  -  Total Bytes Received By Job
	Partitionable Resources :    Usage  Request Allocated 
	   Cpus                 :                 1         1 
	   Disk (KB)            :        1        1    128992 
	   Memory (MB)          :      183     3900      3968 

	Job terminated of its own accord at 2023-06-09T06:54:14Z.
...
005 (310170.003.000) 2023-06-09 15:54:14 Job terminated.
	(1) Normal termination (return value 0)
		Usr 0 00:00:13, Sys 0 00:00:01  -  Run Remote Usage
		Usr 0 00:00:00, Sys 0 00:00:00  -  Run Local Usage
		Usr 0 00:00:13, Sys 0 00:00:01  -  Total Remote Usage
		Usr 0 00:00:00, Sys 0 00:00:00  -  Total Local Usage
	0  -  Run Bytes Sent By Job
	0  -  Run Bytes Received By Job
	0  -  Total Bytes Sent By Job
	0  -  Total Bytes Received By Job
	Partitionable Resources :    Usage  Request Allocated 
	   Cpus                 :                 1         1 
	   Disk (KB)            :        1        1    128928 
	   Memory (MB)          :      200     3900      3968 

	Job terminated of its own accord at 2023-06-09T06:54:14Z.
...
005 (310170.008.000) 2023-06-09 15:54:14 Job terminated.
	(1) Normal termination (return value 0)
		Usr 0 00:00:14, Sys 0 00:00:01  -  Run Remote Usage
		Usr 0 00:00:00, Sys 0 00:00:00  -  Run Local Usage
		Usr 0 00:00:14, Sys 0 00:00:01  -  Total Remote Usage
		Usr 0 00:00:00, Sys 0 00:00:00  -  Total Local Usage
	0  -  Run Bytes Sent By Job
	0  -  Run Bytes Received By Job
	0  -  Total Bytes Sent By Job
	0  -  Total Bytes Received By Job
	Partitionable Resources :    Usage  Request Allocated 
	   Cpus                 :                 1         1 
	   Disk (KB)            :        1        1    128928 
	   Memory (MB)          :      187     3900      3968 

	Job terminated of its own accord at 2023-06-09T06:54:14Z.
...
006 (310170.009.000) 2023-06-09 15:54:16 Image size of job updated: 688768
	204  -  MemoryUsage of job (MB)
	208176  -  ResidentSetSize of job (KB)
...
005 (310170.009.000) 2023-06-09 15:54:16 Job terminated.
	(1) Normal termination (return value 0)
		Usr 0 00:00:15, Sys 0 00:00:01  -  Run Remote Usage
		Usr 0 00:00:00, Sys 0 00:00:00  -  Run Local Usage
		Usr 0 00:00:15, Sys 0 00:00:01  -  Total Remote Usage
		Usr 0 00:00:00, Sys 0 00:00:00  -  Total Local Usage
	0  -  Run Bytes Sent By Job
	0  -  Run Bytes Received By Job
	0  -  Total Bytes Sent By Job
	0  -  Total Bytes Received By Job
	Partitionable Resources :    Usage  Request Allocated 
	   Cpus                 :                 1         1 
	   Disk (KB)            :        1        1    128928 
	   Memory (MB)          :      204     3900      3968 

	Job terminated of its own accord at 2023-06-09T06:54:16Z.
...
006 (310170.007.000) 2023-06-09 15:54:20 Image size of job updated: 685104
	203  -  MemoryUsage of job (MB)
	207840  -  ResidentSetSize of job (KB)
...
005 (310170.007.000) 2023-06-09 15:54:20 Job terminated.
	(1) Normal termination (return value 0)
		Usr 0 00:00:21, Sys 0 00:00:01  -  Run Remote Usage
		Usr 0 00:00:00, Sys 0 00:00:00  -  Run Local Usage
		Usr 0 00:00:21, Sys 0 00:00:01  -  Total Remote Usage
		Usr 0 00:00:00, Sys 0 00:00:00  -  Total Local Usage
	0  -  Run Bytes Sent By Job
	0  -  Run Bytes Received By Job
	0  -  Total Bytes Sent By Job
	0  -  Total Bytes Received By Job
	Partitionable Resources :    Usage  Request Allocated 
	   Cpus                 :                 1         1 
	   Disk (KB)            :        1        1    128928 
	   Memory (MB)          :      203     3900      3968 

	Job terminated of its own accord at 2023-06-09T06:54:20Z.
...
