000 (311154.000.000) 2023-06-12 20:26:21 Job submitted from host: <172.30.1.200:9618?addrs=172.30.1.200-9618&alias=tamsa2.snu.ac.kr&noUDP&sock=schedd_3510_2582>
...
000 (311154.001.000) 2023-06-12 20:26:21 Job submitted from host: <172.30.1.200:9618?addrs=172.30.1.200-9618&alias=tamsa2.snu.ac.kr&noUDP&sock=schedd_3510_2582>
...
000 (311154.002.000) 2023-06-12 20:26:21 Job submitted from host: <172.30.1.200:9618?addrs=172.30.1.200-9618&alias=tamsa2.snu.ac.kr&noUDP&sock=schedd_3510_2582>
...
000 (311154.003.000) 2023-06-12 20:26:21 Job submitted from host: <172.30.1.200:9618?addrs=172.30.1.200-9618&alias=tamsa2.snu.ac.kr&noUDP&sock=schedd_3510_2582>
...
000 (311154.004.000) 2023-06-12 20:26:21 Job submitted from host: <172.30.1.200:9618?addrs=172.30.1.200-9618&alias=tamsa2.snu.ac.kr&noUDP&sock=schedd_3510_2582>
...
000 (311154.005.000) 2023-06-12 20:26:21 Job submitted from host: <172.30.1.200:9618?addrs=172.30.1.200-9618&alias=tamsa2.snu.ac.kr&noUDP&sock=schedd_3510_2582>
...
000 (311154.006.000) 2023-06-12 20:26:21 Job submitted from host: <172.30.1.200:9618?addrs=172.30.1.200-9618&alias=tamsa2.snu.ac.kr&noUDP&sock=schedd_3510_2582>
...
000 (311154.007.000) 2023-06-12 20:26:21 Job submitted from host: <172.30.1.200:9618?addrs=172.30.1.200-9618&alias=tamsa2.snu.ac.kr&noUDP&sock=schedd_3510_2582>
...
000 (311154.008.000) 2023-06-12 20:26:21 Job submitted from host: <172.30.1.200:9618?addrs=172.30.1.200-9618&alias=tamsa2.snu.ac.kr&noUDP&sock=schedd_3510_2582>
...
000 (311154.009.000) 2023-06-12 20:26:21 Job submitted from host: <172.30.1.200:9618?addrs=172.30.1.200-9618&alias=tamsa2.snu.ac.kr&noUDP&sock=schedd_3510_2582>
...
040 (311154.003.000) 2023-06-12 20:27:27 Started transferring input files
	Transferring to host: <172.30.1.107:9618?addrs=172.30.1.107-9618&alias=n7&noUDP&sock=slot1_9_4258_e566_16981>
...
040 (311154.003.000) 2023-06-12 20:27:27 Finished transferring input files
...
040 (311154.002.000) 2023-06-12 20:27:27 Started transferring input files
	Transferring to host: <172.30.1.110:9618?addrs=172.30.1.110-9618&alias=n10&noUDP&sock=slot1_34_4288_08a7_22950>
...
040 (311154.002.000) 2023-06-12 20:27:27 Finished transferring input files
...
040 (311154.004.000) 2023-06-12 20:27:27 Started transferring input files
	Transferring to host: <172.30.1.107:9618?addrs=172.30.1.107-9618&alias=n7&noUDP&sock=slot1_12_4258_e566_16982>
...
040 (311154.004.000) 2023-06-12 20:27:27 Finished transferring input files
...
040 (311154.005.000) 2023-06-12 20:27:27 Started transferring input files
	Transferring to host: <172.30.1.107:9618?addrs=172.30.1.107-9618&alias=n7&noUDP&sock=slot1_34_4258_e566_16983>
...
040 (311154.000.000) 2023-06-12 20:27:27 Started transferring input files
	Transferring to host: <172.30.1.109:9618?addrs=172.30.1.109-9618&alias=n9&noUDP&sock=slot1_33_4265_d407_23475>
...
040 (311154.005.000) 2023-06-12 20:27:27 Finished transferring input files
...
040 (311154.000.000) 2023-06-12 20:27:27 Finished transferring input files
...
040 (311154.001.000) 2023-06-12 20:27:27 Started transferring input files
	Transferring to host: <172.30.1.109:9618?addrs=172.30.1.109-9618&alias=n9&noUDP&sock=slot1_43_4265_d407_23476>
...
040 (311154.008.000) 2023-06-12 20:27:27 Started transferring input files
	Transferring to host: <172.30.1.102:9618?addrs=172.30.1.102-9618&alias=n2&noUDP&sock=slot1_50_3347_03a1_19117>
...
040 (311154.006.000) 2023-06-12 20:27:27 Started transferring input files
	Transferring to host: <172.30.1.107:9618?addrs=172.30.1.107-9618&alias=n7&noUDP&sock=slot1_38_4258_e566_16984>
...
040 (311154.001.000) 2023-06-12 20:27:27 Finished transferring input files
...
040 (311154.006.000) 2023-06-12 20:27:27 Finished transferring input files
...
040 (311154.008.000) 2023-06-12 20:27:27 Finished transferring input files
...
040 (311154.007.000) 2023-06-12 20:27:27 Started transferring input files
	Transferring to host: <172.30.1.107:9618?addrs=172.30.1.107-9618&alias=n7&noUDP&sock=slot1_43_4258_e566_16985>
...
040 (311154.007.000) 2023-06-12 20:27:27 Finished transferring input files
...
040 (311154.009.000) 2023-06-12 20:27:27 Started transferring input files
	Transferring to host: <172.30.1.102:9618?addrs=172.30.1.102-9618&alias=n2&noUDP&sock=slot1_51_3347_03a1_19118>
...
040 (311154.009.000) 2023-06-12 20:27:27 Finished transferring input files
...
001 (311154.003.000) 2023-06-12 20:27:28 Job executing on host: <172.30.1.107:9618?addrs=172.30.1.107-9618&alias=n7&noUDP&sock=startd_4224_e421>
...
001 (311154.002.000) 2023-06-12 20:27:28 Job executing on host: <172.30.1.110:9618?addrs=172.30.1.110-9618&alias=n10&noUDP&sock=startd_4254_77f9>
...
001 (311154.004.000) 2023-06-12 20:27:28 Job executing on host: <172.30.1.107:9618?addrs=172.30.1.107-9618&alias=n7&noUDP&sock=startd_4224_e421>
...
001 (311154.005.000) 2023-06-12 20:27:28 Job executing on host: <172.30.1.107:9618?addrs=172.30.1.107-9618&alias=n7&noUDP&sock=startd_4224_e421>
...
001 (311154.000.000) 2023-06-12 20:27:28 Job executing on host: <172.30.1.109:9618?addrs=172.30.1.109-9618&alias=n9&noUDP&sock=startd_4231_b14b>
...
001 (311154.006.000) 2023-06-12 20:27:28 Job executing on host: <172.30.1.107:9618?addrs=172.30.1.107-9618&alias=n7&noUDP&sock=startd_4224_e421>
...
001 (311154.001.000) 2023-06-12 20:27:28 Job executing on host: <172.30.1.109:9618?addrs=172.30.1.109-9618&alias=n9&noUDP&sock=startd_4231_b14b>
...
001 (311154.008.000) 2023-06-12 20:27:28 Job executing on host: <172.30.1.102:9618?addrs=172.30.1.102-9618&alias=n2&noUDP&sock=startd_3313_055a>
...
001 (311154.007.000) 2023-06-12 20:27:28 Job executing on host: <172.30.1.107:9618?addrs=172.30.1.107-9618&alias=n7&noUDP&sock=startd_4224_e421>
...
001 (311154.009.000) 2023-06-12 20:27:28 Job executing on host: <172.30.1.102:9618?addrs=172.30.1.102-9618&alias=n2&noUDP&sock=startd_3313_055a>
...
006 (311154.008.000) 2023-06-12 20:27:37 Image size of job updated: 644020
	184  -  MemoryUsage of job (MB)
	187628  -  ResidentSetSize of job (KB)
...
006 (311154.009.000) 2023-06-12 20:27:37 Image size of job updated: 644020
	184  -  MemoryUsage of job (MB)
	187620  -  ResidentSetSize of job (KB)
...
006 (311154.003.000) 2023-06-12 20:27:37 Image size of job updated: 658568
	205  -  MemoryUsage of job (MB)
	209780  -  ResidentSetSize of job (KB)
...
006 (311154.004.000) 2023-06-12 20:27:37 Image size of job updated: 647052
	194  -  MemoryUsage of job (MB)
	197652  -  ResidentSetSize of job (KB)
...
006 (311154.002.000) 2023-06-12 20:27:37 Image size of job updated: 391916
	71  -  MemoryUsage of job (MB)
	71972  -  ResidentSetSize of job (KB)
...
006 (311154.005.000) 2023-06-12 20:27:37 Image size of job updated: 647048
	186  -  MemoryUsage of job (MB)
	189452  -  ResidentSetSize of job (KB)
...
006 (311154.000.000) 2023-06-12 20:27:37 Image size of job updated: 524036
	207  -  MemoryUsage of job (MB)
	211132  -  ResidentSetSize of job (KB)
...
006 (311154.006.000) 2023-06-12 20:27:37 Image size of job updated: 660636
	205  -  MemoryUsage of job (MB)
	209760  -  ResidentSetSize of job (KB)
...
006 (311154.001.000) 2023-06-12 20:27:37 Image size of job updated: 521000
	202  -  MemoryUsage of job (MB)
	206244  -  ResidentSetSize of job (KB)
...
006 (311154.007.000) 2023-06-12 20:27:37 Image size of job updated: 647048
	194  -  MemoryUsage of job (MB)
	197972  -  ResidentSetSize of job (KB)
...
006 (311154.003.000) 2023-06-12 20:27:56 Image size of job updated: 692064
	205  -  MemoryUsage of job (MB)
	209780  -  ResidentSetSize of job (KB)
...
040 (311154.003.000) 2023-06-12 20:27:56 Started transferring output files
...
040 (311154.003.000) 2023-06-12 20:27:56 Finished transferring output files
...
005 (311154.003.000) 2023-06-12 20:27:56 Job terminated.
	(1) Normal termination (return value 0)
		Usr 0 00:00:24, Sys 0 00:00:01  -  Run Remote Usage
		Usr 0 00:00:00, Sys 0 00:00:00  -  Run Local Usage
		Usr 0 00:00:24, Sys 0 00:00:01  -  Total Remote Usage
		Usr 0 00:00:00, Sys 0 00:00:00  -  Total Local Usage
	7483  -  Run Bytes Sent By Job
	148  -  Run Bytes Received By Job
	7483  -  Total Bytes Sent By Job
	148  -  Total Bytes Received By Job
	Partitionable Resources :    Usage  Request Allocated 
	   Cpus                 :                 1         1 
	   Disk (KB)            :       52        1    127899 
	   Memory (MB)          :      205     3900      3968 

	Job terminated of its own accord at 2023-06-12T11:27:56Z.
...
006 (311154.000.000) 2023-06-12 20:27:58 Image size of job updated: 686596
	207  -  MemoryUsage of job (MB)
	211132  -  ResidentSetSize of job (KB)
...
040 (311154.000.000) 2023-06-12 20:27:58 Started transferring output files
...
040 (311154.000.000) 2023-06-12 20:27:58 Finished transferring output files
...
005 (311154.000.000) 2023-06-12 20:27:58 Job terminated.
	(1) Normal termination (return value 0)
		Usr 0 00:00:27, Sys 0 00:00:01  -  Run Remote Usage
		Usr 0 00:00:00, Sys 0 00:00:00  -  Run Local Usage
		Usr 0 00:00:27, Sys 0 00:00:01  -  Total Remote Usage
		Usr 0 00:00:00, Sys 0 00:00:00  -  Total Local Usage
	7513  -  Run Bytes Sent By Job
	148  -  Run Bytes Received By Job
	7513  -  Total Bytes Sent By Job
	148  -  Total Bytes Received By Job
	Partitionable Resources :    Usage  Request Allocated 
	   Cpus                 :                 1         1 
	   Disk (KB)            :       52        1    127899 
	   Memory (MB)          :      207     3900      3968 

	Job terminated of its own accord at 2023-06-12T11:27:58Z.
...
006 (311154.001.000) 2023-06-12 20:27:59 Image size of job updated: 694876
	202  -  MemoryUsage of job (MB)
	206348  -  ResidentSetSize of job (KB)
...
040 (311154.001.000) 2023-06-12 20:27:59 Started transferring output files
...
040 (311154.001.000) 2023-06-12 20:27:59 Finished transferring output files
...
005 (311154.001.000) 2023-06-12 20:27:59 Job terminated.
	(1) Normal termination (return value 0)
		Usr 0 00:00:27, Sys 0 00:00:01  -  Run Remote Usage
		Usr 0 00:00:00, Sys 0 00:00:00  -  Run Local Usage
		Usr 0 00:00:27, Sys 0 00:00:01  -  Total Remote Usage
		Usr 0 00:00:00, Sys 0 00:00:00  -  Total Local Usage
	7514  -  Run Bytes Sent By Job
	148  -  Run Bytes Received By Job
	7514  -  Total Bytes Sent By Job
	148  -  Total Bytes Received By Job
	Partitionable Resources :    Usage  Request Allocated 
	   Cpus                 :                 1         1 
	   Disk (KB)            :       52        1    127899 
	   Memory (MB)          :      202     3900      3968 

	Job terminated of its own accord at 2023-06-12T11:27:59Z.
...
006 (311154.005.000) 2023-06-12 20:28:04 Image size of job updated: 689536
	186  -  MemoryUsage of job (MB)
	189460  -  ResidentSetSize of job (KB)
...
040 (311154.005.000) 2023-06-12 20:28:04 Started transferring output files
...
040 (311154.005.000) 2023-06-12 20:28:04 Finished transferring output files
...
005 (311154.005.000) 2023-06-12 20:28:04 Job terminated.
	(1) Normal termination (return value 0)
		Usr 0 00:00:32, Sys 0 00:00:01  -  Run Remote Usage
		Usr 0 00:00:00, Sys 0 00:00:00  -  Run Local Usage
		Usr 0 00:00:32, Sys 0 00:00:01  -  Total Remote Usage
		Usr 0 00:00:00, Sys 0 00:00:00  -  Total Local Usage
	7556  -  Run Bytes Sent By Job
	148  -  Run Bytes Received By Job
	7556  -  Total Bytes Sent By Job
	148  -  Total Bytes Received By Job
	Partitionable Resources :    Usage  Request Allocated 
	   Cpus                 :                 1         1 
	   Disk (KB)            :       52        1    127899 
	   Memory (MB)          :      186     3900      3968 

	Job terminated of its own accord at 2023-06-12T11:28:04Z.
...
006 (311154.004.000) 2023-06-12 20:28:08 Image size of job updated: 695116
	194  -  MemoryUsage of job (MB)
	197668  -  ResidentSetSize of job (KB)
...
040 (311154.004.000) 2023-06-12 20:28:09 Started transferring output files
...
040 (311154.004.000) 2023-06-12 20:28:09 Finished transferring output files
...
005 (311154.004.000) 2023-06-12 20:28:09 Job terminated.
	(1) Normal termination (return value 0)
		Usr 0 00:00:34, Sys 0 00:00:01  -  Run Remote Usage
		Usr 0 00:00:00, Sys 0 00:00:00  -  Run Local Usage
		Usr 0 00:00:34, Sys 0 00:00:01  -  Total Remote Usage
		Usr 0 00:00:00, Sys 0 00:00:00  -  Total Local Usage
	7597  -  Run Bytes Sent By Job
	148  -  Run Bytes Received By Job
	7597  -  Total Bytes Sent By Job
	148  -  Total Bytes Received By Job
	Partitionable Resources :    Usage  Request Allocated 
	   Cpus                 :                 1         1 
	   Disk (KB)            :       52        1    127899 
	   Memory (MB)          :      194     3900      3968 

	Job terminated of its own accord at 2023-06-12T11:28:08Z.
...
006 (311154.007.000) 2023-06-12 20:28:11 Image size of job updated: 696776
	194  -  MemoryUsage of job (MB)
	197972  -  ResidentSetSize of job (KB)
...
040 (311154.007.000) 2023-06-12 20:28:11 Started transferring output files
...
040 (311154.007.000) 2023-06-12 20:28:11 Finished transferring output files
...
005 (311154.007.000) 2023-06-12 20:28:11 Job terminated.
	(1) Normal termination (return value 0)
		Usr 0 00:00:40, Sys 0 00:00:01  -  Run Remote Usage
		Usr 0 00:00:00, Sys 0 00:00:00  -  Run Local Usage
		Usr 0 00:00:40, Sys 0 00:00:01  -  Total Remote Usage
		Usr 0 00:00:00, Sys 0 00:00:00  -  Total Local Usage
	7556  -  Run Bytes Sent By Job
	148  -  Run Bytes Received By Job
	7556  -  Total Bytes Sent By Job
	148  -  Total Bytes Received By Job
	Partitionable Resources :    Usage  Request Allocated 
	   Cpus                 :                 1         1 
	   Disk (KB)            :       52        1    127899 
	   Memory (MB)          :      194     3900      3968 

	Job terminated of its own accord at 2023-06-12T11:28:11Z.
...
006 (311154.006.000) 2023-06-12 20:28:19 Image size of job updated: 691748
	205  -  MemoryUsage of job (MB)
	209760  -  ResidentSetSize of job (KB)
...
040 (311154.006.000) 2023-06-12 20:28:19 Started transferring output files
...
040 (311154.006.000) 2023-06-12 20:28:19 Finished transferring output files
...
005 (311154.006.000) 2023-06-12 20:28:19 Job terminated.
	(1) Normal termination (return value 0)
		Usr 0 00:00:47, Sys 0 00:00:01  -  Run Remote Usage
		Usr 0 00:00:00, Sys 0 00:00:00  -  Run Local Usage
		Usr 0 00:00:47, Sys 0 00:00:01  -  Total Remote Usage
		Usr 0 00:00:00, Sys 0 00:00:00  -  Total Local Usage
	7556  -  Run Bytes Sent By Job
	148  -  Run Bytes Received By Job
	7556  -  Total Bytes Sent By Job
	148  -  Total Bytes Received By Job
	Partitionable Resources :    Usage  Request Allocated 
	   Cpus                 :                 1         1 
	   Disk (KB)            :       52        1    127899 
	   Memory (MB)          :      205     3900      3968 

	Job terminated of its own accord at 2023-06-12T11:28:19Z.
...
006 (311154.008.000) 2023-06-12 20:28:20 Image size of job updated: 694460
	184  -  MemoryUsage of job (MB)
	187628  -  ResidentSetSize of job (KB)
...
040 (311154.008.000) 2023-06-12 20:28:20 Started transferring output files
...
040 (311154.008.000) 2023-06-12 20:28:20 Finished transferring output files
...
005 (311154.008.000) 2023-06-12 20:28:20 Job terminated.
	(1) Normal termination (return value 0)
		Usr 0 00:00:45, Sys 0 00:00:03  -  Run Remote Usage
		Usr 0 00:00:00, Sys 0 00:00:00  -  Run Local Usage
		Usr 0 00:00:45, Sys 0 00:00:03  -  Total Remote Usage
		Usr 0 00:00:00, Sys 0 00:00:00  -  Total Local Usage
	7587  -  Run Bytes Sent By Job
	148  -  Run Bytes Received By Job
	7587  -  Total Bytes Sent By Job
	148  -  Total Bytes Received By Job
	Partitionable Resources :    Usage  Request Allocated 
	   Cpus                 :                 1         1 
	   Disk (KB)            :       52        1    123869 
	   Memory (MB)          :      184     3900      3968 

	Job terminated of its own accord at 2023-06-12T11:28:20Z.
...
006 (311154.009.000) 2023-06-12 20:28:20 Image size of job updated: 693636
	184  -  MemoryUsage of job (MB)
	187620  -  ResidentSetSize of job (KB)
...
040 (311154.009.000) 2023-06-12 20:28:21 Started transferring output files
...
040 (311154.009.000) 2023-06-12 20:28:21 Finished transferring output files
...
005 (311154.009.000) 2023-06-12 20:28:21 Job terminated.
	(1) Normal termination (return value 0)
		Usr 0 00:00:45, Sys 0 00:00:03  -  Run Remote Usage
		Usr 0 00:00:00, Sys 0 00:00:00  -  Run Local Usage
		Usr 0 00:00:45, Sys 0 00:00:03  -  Total Remote Usage
		Usr 0 00:00:00, Sys 0 00:00:00  -  Total Local Usage
	7494  -  Run Bytes Sent By Job
	148  -  Run Bytes Received By Job
	7494  -  Total Bytes Sent By Job
	148  -  Total Bytes Received By Job
	Partitionable Resources :    Usage  Request Allocated 
	   Cpus                 :                 1         1 
	   Disk (KB)            :       52        1    123869 
	   Memory (MB)          :      184     3900      3968 

	Job terminated of its own accord at 2023-06-12T11:28:20Z.
...
006 (311154.002.000) 2023-06-12 20:28:31 Image size of job updated: 692180
	71  -  MemoryUsage of job (MB)
	71972  -  ResidentSetSize of job (KB)
...
040 (311154.002.000) 2023-06-12 20:28:31 Started transferring output files
...
040 (311154.002.000) 2023-06-12 20:28:31 Finished transferring output files
...
005 (311154.002.000) 2023-06-12 20:28:31 Job terminated.
	(1) Normal termination (return value 0)
		Usr 0 00:00:28, Sys 0 00:00:01  -  Run Remote Usage
		Usr 0 00:00:00, Sys 0 00:00:00  -  Run Local Usage
		Usr 0 00:00:28, Sys 0 00:00:01  -  Total Remote Usage
		Usr 0 00:00:00, Sys 0 00:00:00  -  Total Local Usage
	7483  -  Run Bytes Sent By Job
	148  -  Run Bytes Received By Job
	7483  -  Total Bytes Sent By Job
	148  -  Total Bytes Received By Job
	Partitionable Resources :    Usage  Request Allocated 
	   Cpus                 :                 1         1 
	   Disk (KB)            :       52        1    127899 
	   Memory (MB)          :       71     3900      3968 

	Job terminated of its own accord at 2023-06-12T11:28:31Z.
...
