000 (330326.000.000) 2023-07-25 13:47:23 Job submitted from host: <172.30.1.200:9618?addrs=172.30.1.200-9618&alias=tamsa2.snu.ac.kr&noUDP&sock=schedd_3510_2582>
...
000 (330326.001.000) 2023-07-25 13:47:23 Job submitted from host: <172.30.1.200:9618?addrs=172.30.1.200-9618&alias=tamsa2.snu.ac.kr&noUDP&sock=schedd_3510_2582>
...
000 (330326.002.000) 2023-07-25 13:47:23 Job submitted from host: <172.30.1.200:9618?addrs=172.30.1.200-9618&alias=tamsa2.snu.ac.kr&noUDP&sock=schedd_3510_2582>
...
000 (330326.003.000) 2023-07-25 13:47:23 Job submitted from host: <172.30.1.200:9618?addrs=172.30.1.200-9618&alias=tamsa2.snu.ac.kr&noUDP&sock=schedd_3510_2582>
...
000 (330326.004.000) 2023-07-25 13:47:23 Job submitted from host: <172.30.1.200:9618?addrs=172.30.1.200-9618&alias=tamsa2.snu.ac.kr&noUDP&sock=schedd_3510_2582>
...
000 (330326.005.000) 2023-07-25 13:47:23 Job submitted from host: <172.30.1.200:9618?addrs=172.30.1.200-9618&alias=tamsa2.snu.ac.kr&noUDP&sock=schedd_3510_2582>
...
000 (330326.006.000) 2023-07-25 13:47:23 Job submitted from host: <172.30.1.200:9618?addrs=172.30.1.200-9618&alias=tamsa2.snu.ac.kr&noUDP&sock=schedd_3510_2582>
...
000 (330326.007.000) 2023-07-25 13:47:23 Job submitted from host: <172.30.1.200:9618?addrs=172.30.1.200-9618&alias=tamsa2.snu.ac.kr&noUDP&sock=schedd_3510_2582>
...
000 (330326.008.000) 2023-07-25 13:47:23 Job submitted from host: <172.30.1.200:9618?addrs=172.30.1.200-9618&alias=tamsa2.snu.ac.kr&noUDP&sock=schedd_3510_2582>
...
000 (330326.009.000) 2023-07-25 13:47:23 Job submitted from host: <172.30.1.200:9618?addrs=172.30.1.200-9618&alias=tamsa2.snu.ac.kr&noUDP&sock=schedd_3510_2582>
...
040 (330326.002.000) 2023-07-25 13:47:36 Started transferring input files
	Transferring to host: <172.30.1.104:9618?addrs=172.30.1.104-9618&alias=n4&noUDP&sock=slot1_17_3701_7070_25982>
...
040 (330326.002.000) 2023-07-25 13:47:36 Finished transferring input files
...
040 (330326.000.000) 2023-07-25 13:47:36 Started transferring input files
	Transferring to host: <172.30.1.103:9618?addrs=172.30.1.103-9618&alias=n3&noUDP&sock=slot1_10_3668_300e_31205>
...
040 (330326.000.000) 2023-07-25 13:47:36 Finished transferring input files
...
040 (330326.003.000) 2023-07-25 13:47:36 Started transferring input files
	Transferring to host: <172.30.1.108:9618?addrs=172.30.1.108-9618&alias=n8&noUDP&sock=slot1_39_4278_fce7_73041>
...
040 (330326.003.000) 2023-07-25 13:47:36 Finished transferring input files
...
040 (330326.001.000) 2023-07-25 13:47:36 Started transferring input files
	Transferring to host: <172.30.1.103:9618?addrs=172.30.1.103-9618&alias=n3&noUDP&sock=slot1_12_3668_300e_31206>
...
040 (330326.001.000) 2023-07-25 13:47:36 Finished transferring input files
...
040 (330326.004.000) 2023-07-25 13:47:36 Started transferring input files
	Transferring to host: <172.30.1.108:9618?addrs=172.30.1.108-9618&alias=n8&noUDP&sock=slot1_43_4278_fce7_73042>
...
040 (330326.004.000) 2023-07-25 13:47:36 Finished transferring input files
...
040 (330326.005.000) 2023-07-25 13:47:36 Started transferring input files
	Transferring to host: <172.30.1.108:9618?addrs=172.30.1.108-9618&alias=n8&noUDP&sock=slot1_44_4278_fce7_73043>
...
040 (330326.005.000) 2023-07-25 13:47:36 Finished transferring input files
...
040 (330326.006.000) 2023-07-25 13:47:36 Started transferring input files
	Transferring to host: <172.30.1.109:9618?addrs=172.30.1.109-9618&alias=n9&noUDP&sock=slot1_37_4265_d407_73194>
...
040 (330326.006.000) 2023-07-25 13:47:36 Finished transferring input files
...
040 (330326.007.000) 2023-07-25 13:47:37 Started transferring input files
	Transferring to host: <172.30.1.109:9618?addrs=172.30.1.109-9618&alias=n9&noUDP&sock=slot1_38_4265_d407_73195>
...
040 (330326.008.000) 2023-07-25 13:47:37 Started transferring input files
	Transferring to host: <172.30.1.109:9618?addrs=172.30.1.109-9618&alias=n9&noUDP&sock=slot1_39_4265_d407_73196>
...
040 (330326.007.000) 2023-07-25 13:47:37 Finished transferring input files
...
040 (330326.009.000) 2023-07-25 13:47:37 Started transferring input files
	Transferring to host: <172.30.1.109:9618?addrs=172.30.1.109-9618&alias=n9&noUDP&sock=slot1_40_4265_d407_73197>
...
040 (330326.008.000) 2023-07-25 13:47:37 Finished transferring input files
...
001 (330326.002.000) 2023-07-25 13:47:37 Job executing on host: <172.30.1.104:9618?addrs=172.30.1.104-9618&alias=n4&noUDP&sock=startd_3667_d5e1>
...
001 (330326.000.000) 2023-07-25 13:47:37 Job executing on host: <172.30.1.103:9618?addrs=172.30.1.103-9618&alias=n3&noUDP&sock=startd_3634_3341>
...
040 (330326.009.000) 2023-07-25 13:47:37 Finished transferring input files
...
001 (330326.003.000) 2023-07-25 13:47:37 Job executing on host: <172.30.1.108:9618?addrs=172.30.1.108-9618&alias=n8&noUDP&sock=startd_4243_ec6e>
...
001 (330326.001.000) 2023-07-25 13:47:37 Job executing on host: <172.30.1.103:9618?addrs=172.30.1.103-9618&alias=n3&noUDP&sock=startd_3634_3341>
...
001 (330326.004.000) 2023-07-25 13:47:37 Job executing on host: <172.30.1.108:9618?addrs=172.30.1.108-9618&alias=n8&noUDP&sock=startd_4243_ec6e>
...
001 (330326.005.000) 2023-07-25 13:47:37 Job executing on host: <172.30.1.108:9618?addrs=172.30.1.108-9618&alias=n8&noUDP&sock=startd_4243_ec6e>
...
001 (330326.006.000) 2023-07-25 13:47:37 Job executing on host: <172.30.1.109:9618?addrs=172.30.1.109-9618&alias=n9&noUDP&sock=startd_4231_b14b>
...
001 (330326.007.000) 2023-07-25 13:47:38 Job executing on host: <172.30.1.109:9618?addrs=172.30.1.109-9618&alias=n9&noUDP&sock=startd_4231_b14b>
...
001 (330326.008.000) 2023-07-25 13:47:38 Job executing on host: <172.30.1.109:9618?addrs=172.30.1.109-9618&alias=n9&noUDP&sock=startd_4231_b14b>
...
001 (330326.009.000) 2023-07-25 13:47:38 Job executing on host: <172.30.1.109:9618?addrs=172.30.1.109-9618&alias=n9&noUDP&sock=startd_4231_b14b>
...
006 (330326.002.000) 2023-07-25 13:47:45 Image size of job updated: 219448
	183  -  MemoryUsage of job (MB)
	186636  -  ResidentSetSize of job (KB)
...
006 (330326.000.000) 2023-07-25 13:47:45 Image size of job updated: 500884
	182  -  MemoryUsage of job (MB)
	186028  -  ResidentSetSize of job (KB)
...
006 (330326.003.000) 2023-07-25 13:47:45 Image size of job updated: 195468
	183  -  MemoryUsage of job (MB)
	186964  -  ResidentSetSize of job (KB)
...
006 (330326.007.000) 2023-07-25 13:47:46 Image size of job updated: 385956
	183  -  MemoryUsage of job (MB)
	186620  -  ResidentSetSize of job (KB)
...
006 (330326.008.000) 2023-07-25 13:47:46 Image size of job updated: 645116
	183  -  MemoryUsage of job (MB)
	186616  -  ResidentSetSize of job (KB)
...
006 (330326.009.000) 2023-07-25 13:47:46 Image size of job updated: 645120
	183  -  MemoryUsage of job (MB)
	186716  -  ResidentSetSize of job (KB)
...
006 (330326.001.000) 2023-07-25 13:47:46 Image size of job updated: 500892
	183  -  MemoryUsage of job (MB)
	186884  -  ResidentSetSize of job (KB)
...
006 (330326.004.000) 2023-07-25 13:47:46 Image size of job updated: 219944
	207  -  MemoryUsage of job (MB)
	211020  -  ResidentSetSize of job (KB)
...
006 (330326.005.000) 2023-07-25 13:47:46 Image size of job updated: 225872
	205  -  MemoryUsage of job (MB)
	209328  -  ResidentSetSize of job (KB)
...
006 (330326.006.000) 2023-07-25 13:47:46 Image size of job updated: 645116
	183  -  MemoryUsage of job (MB)
	186608  -  ResidentSetSize of job (KB)
...
006 (330326.003.000) 2023-07-25 13:47:54 Image size of job updated: 686628
	183  -  MemoryUsage of job (MB)
	186964  -  ResidentSetSize of job (KB)
...
040 (330326.003.000) 2023-07-25 13:47:54 Started transferring output files
...
040 (330326.003.000) 2023-07-25 13:47:54 Finished transferring output files
...
005 (330326.003.000) 2023-07-25 13:47:54 Job terminated.
	(1) Normal termination (return value 0)
		Usr 0 00:00:12, Sys 0 00:00:01  -  Run Remote Usage
		Usr 0 00:00:00, Sys 0 00:00:00  -  Run Local Usage
		Usr 0 00:00:12, Sys 0 00:00:01  -  Total Remote Usage
		Usr 0 00:00:00, Sys 0 00:00:00  -  Total Local Usage
	4556  -  Run Bytes Sent By Job
	165  -  Run Bytes Received By Job
	4556  -  Total Bytes Sent By Job
	165  -  Total Bytes Received By Job
	Partitionable Resources :    Usage  Request Allocated 
	   Cpus                 :                 1         1 
	   Disk (KB)            :       49        1    127899 
	   Memory (MB)          :      183     3900      3968 

	Job terminated of its own accord at 2023-07-25T04:47:54Z.
...
006 (330326.004.000) 2023-07-25 13:47:55 Image size of job updated: 686584
	207  -  MemoryUsage of job (MB)
	211020  -  ResidentSetSize of job (KB)
...
040 (330326.004.000) 2023-07-25 13:47:55 Started transferring output files
...
040 (330326.004.000) 2023-07-25 13:47:55 Finished transferring output files
...
005 (330326.004.000) 2023-07-25 13:47:55 Job terminated.
	(1) Normal termination (return value 0)
		Usr 0 00:00:13, Sys 0 00:00:01  -  Run Remote Usage
		Usr 0 00:00:00, Sys 0 00:00:00  -  Run Local Usage
		Usr 0 00:00:13, Sys 0 00:00:01  -  Total Remote Usage
		Usr 0 00:00:00, Sys 0 00:00:00  -  Total Local Usage
	1859  -  Run Bytes Sent By Job
	165  -  Run Bytes Received By Job
	1859  -  Total Bytes Sent By Job
	165  -  Total Bytes Received By Job
	Partitionable Resources :    Usage  Request Allocated 
	   Cpus                 :                 1         1 
	   Disk (KB)            :       47        1    127899 
	   Memory (MB)          :      207     3900      3968 

	Job terminated of its own accord at 2023-07-25T04:47:55Z.
...
006 (330326.005.000) 2023-07-25 13:47:56 Image size of job updated: 687628
	205  -  MemoryUsage of job (MB)
	209328  -  ResidentSetSize of job (KB)
...
040 (330326.005.000) 2023-07-25 13:47:56 Started transferring output files
...
040 (330326.005.000) 2023-07-25 13:47:56 Finished transferring output files
...
005 (330326.005.000) 2023-07-25 13:47:56 Job terminated.
	(1) Normal termination (return value 0)
		Usr 0 00:00:14, Sys 0 00:00:01  -  Run Remote Usage
		Usr 0 00:00:00, Sys 0 00:00:00  -  Run Local Usage
		Usr 0 00:00:14, Sys 0 00:00:01  -  Total Remote Usage
		Usr 0 00:00:00, Sys 0 00:00:00  -  Total Local Usage
	1286  -  Run Bytes Sent By Job
	165  -  Run Bytes Received By Job
	1286  -  Total Bytes Sent By Job
	165  -  Total Bytes Received By Job
	Partitionable Resources :    Usage  Request Allocated 
	   Cpus                 :                 1         1 
	   Disk (KB)            :       46        1    127899 
	   Memory (MB)          :      205     3900      3968 

	Job terminated of its own accord at 2023-07-25T04:47:56Z.
...
006 (330326.008.000) 2023-07-25 13:47:56 Image size of job updated: 681988
	183  -  MemoryUsage of job (MB)
	186616  -  ResidentSetSize of job (KB)
...
040 (330326.008.000) 2023-07-25 13:47:56 Started transferring output files
...
040 (330326.008.000) 2023-07-25 13:47:56 Finished transferring output files
...
005 (330326.008.000) 2023-07-25 13:47:57 Job terminated.
	(1) Normal termination (return value 0)
		Usr 0 00:00:15, Sys 0 00:00:01  -  Run Remote Usage
		Usr 0 00:00:00, Sys 0 00:00:00  -  Run Local Usage
		Usr 0 00:00:15, Sys 0 00:00:01  -  Total Remote Usage
		Usr 0 00:00:00, Sys 0 00:00:00  -  Total Local Usage
	1135  -  Run Bytes Sent By Job
	165  -  Run Bytes Received By Job
	1135  -  Total Bytes Sent By Job
	165  -  Total Bytes Received By Job
	Partitionable Resources :    Usage  Request Allocated 
	   Cpus                 :                 1         1 
	   Disk (KB)            :       46        1    127899 
	   Memory (MB)          :      183     3900      3968 

	Job terminated of its own accord at 2023-07-25T04:47:56Z.
...
006 (330326.009.000) 2023-07-25 13:47:58 Image size of job updated: 686440
	183  -  MemoryUsage of job (MB)
	186716  -  ResidentSetSize of job (KB)
...
040 (330326.009.000) 2023-07-25 13:47:58 Started transferring output files
...
040 (330326.009.000) 2023-07-25 13:47:58 Finished transferring output files
...
005 (330326.009.000) 2023-07-25 13:47:58 Job terminated.
	(1) Normal termination (return value 0)
		Usr 0 00:00:17, Sys 0 00:00:01  -  Run Remote Usage
		Usr 0 00:00:00, Sys 0 00:00:00  -  Run Local Usage
		Usr 0 00:00:17, Sys 0 00:00:01  -  Total Remote Usage
		Usr 0 00:00:00, Sys 0 00:00:00  -  Total Local Usage
	1104  -  Run Bytes Sent By Job
	165  -  Run Bytes Received By Job
	1104  -  Total Bytes Sent By Job
	165  -  Total Bytes Received By Job
	Partitionable Resources :    Usage  Request Allocated 
	   Cpus                 :                 1         1 
	   Disk (KB)            :       46        1    127899 
	   Memory (MB)          :      183     3900      3968 

	Job terminated of its own accord at 2023-07-25T04:47:58Z.
...
006 (330326.007.000) 2023-07-25 13:48:00 Image size of job updated: 686560
	183  -  MemoryUsage of job (MB)
	186620  -  ResidentSetSize of job (KB)
...
040 (330326.007.000) 2023-07-25 13:48:00 Started transferring output files
...
040 (330326.007.000) 2023-07-25 13:48:00 Finished transferring output files
...
005 (330326.007.000) 2023-07-25 13:48:00 Job terminated.
	(1) Normal termination (return value 0)
		Usr 0 00:00:18, Sys 0 00:00:01  -  Run Remote Usage
		Usr 0 00:00:00, Sys 0 00:00:00  -  Run Local Usage
		Usr 0 00:00:18, Sys 0 00:00:01  -  Total Remote Usage
		Usr 0 00:00:00, Sys 0 00:00:00  -  Total Local Usage
	1135  -  Run Bytes Sent By Job
	165  -  Run Bytes Received By Job
	1135  -  Total Bytes Sent By Job
	165  -  Total Bytes Received By Job
	Partitionable Resources :    Usage  Request Allocated 
	   Cpus                 :                 1         1 
	   Disk (KB)            :       46        1    127899 
	   Memory (MB)          :      183     3900      3968 

	Job terminated of its own accord at 2023-07-25T04:48:00Z.
...
006 (330326.006.000) 2023-07-25 13:48:02 Image size of job updated: 686560
	183  -  MemoryUsage of job (MB)
	186608  -  ResidentSetSize of job (KB)
...
006 (330326.002.000) 2023-07-25 13:48:02 Image size of job updated: 686500
	183  -  MemoryUsage of job (MB)
	186636  -  ResidentSetSize of job (KB)
...
040 (330326.002.000) 2023-07-25 13:48:02 Started transferring output files
...
040 (330326.002.000) 2023-07-25 13:48:02 Finished transferring output files
...
040 (330326.006.000) 2023-07-25 13:48:02 Started transferring output files
...
005 (330326.002.000) 2023-07-25 13:48:02 Job terminated.
	(1) Normal termination (return value 0)
		Usr 0 00:00:20, Sys 0 00:00:01  -  Run Remote Usage
		Usr 0 00:00:00, Sys 0 00:00:00  -  Run Local Usage
		Usr 0 00:00:20, Sys 0 00:00:01  -  Total Remote Usage
		Usr 0 00:00:00, Sys 0 00:00:00  -  Total Local Usage
	1317  -  Run Bytes Sent By Job
	165  -  Run Bytes Received By Job
	1317  -  Total Bytes Sent By Job
	165  -  Total Bytes Received By Job
	Partitionable Resources :    Usage  Request Allocated 
	   Cpus                 :                 1         1 
	   Disk (KB)            :       46        1     61930 
	   Memory (MB)          :      183     3900      3968 

	Job terminated of its own accord at 2023-07-25T04:48:02Z.
...
040 (330326.006.000) 2023-07-25 13:48:02 Finished transferring output files
...
005 (330326.006.000) 2023-07-25 13:48:02 Job terminated.
	(1) Normal termination (return value 0)
		Usr 0 00:00:20, Sys 0 00:00:01  -  Run Remote Usage
		Usr 0 00:00:00, Sys 0 00:00:00  -  Run Local Usage
		Usr 0 00:00:20, Sys 0 00:00:01  -  Total Remote Usage
		Usr 0 00:00:00, Sys 0 00:00:00  -  Total Local Usage
	1197  -  Run Bytes Sent By Job
	165  -  Run Bytes Received By Job
	1197  -  Total Bytes Sent By Job
	165  -  Total Bytes Received By Job
	Partitionable Resources :    Usage  Request Allocated 
	   Cpus                 :                 1         1 
	   Disk (KB)            :       46        1    127899 
	   Memory (MB)          :      183     3900      3968 

	Job terminated of its own accord at 2023-07-25T04:48:02Z.
...
006 (330326.001.000) 2023-07-25 13:48:03 Image size of job updated: 686564
	183  -  MemoryUsage of job (MB)
	186884  -  ResidentSetSize of job (KB)
...
040 (330326.001.000) 2023-07-25 13:48:03 Started transferring output files
...
040 (330326.001.000) 2023-07-25 13:48:03 Finished transferring output files
...
005 (330326.001.000) 2023-07-25 13:48:03 Job terminated.
	(1) Normal termination (return value 0)
		Usr 0 00:00:21, Sys 0 00:00:01  -  Run Remote Usage
		Usr 0 00:00:00, Sys 0 00:00:00  -  Run Local Usage
		Usr 0 00:00:21, Sys 0 00:00:01  -  Total Remote Usage
		Usr 0 00:00:00, Sys 0 00:00:00  -  Total Local Usage
	1796  -  Run Bytes Sent By Job
	165  -  Run Bytes Received By Job
	1796  -  Total Bytes Sent By Job
	165  -  Total Bytes Received By Job
	Partitionable Resources :    Usage  Request Allocated 
	   Cpus                 :                 1         1 
	   Disk (KB)            :       47        1     61930 
	   Memory (MB)          :      183     3900      3968 

	Job terminated of its own accord at 2023-07-25T04:48:03Z.
...
006 (330326.000.000) 2023-07-25 13:48:07 Image size of job updated: 686600
	182  -  MemoryUsage of job (MB)
	186028  -  ResidentSetSize of job (KB)
...
040 (330326.000.000) 2023-07-25 13:48:07 Started transferring output files
...
040 (330326.000.000) 2023-07-25 13:48:07 Finished transferring output files
...
005 (330326.000.000) 2023-07-25 13:48:07 Job terminated.
	(1) Normal termination (return value 0)
		Usr 0 00:00:26, Sys 0 00:00:01  -  Run Remote Usage
		Usr 0 00:00:00, Sys 0 00:00:00  -  Run Local Usage
		Usr 0 00:00:26, Sys 0 00:00:01  -  Total Remote Usage
		Usr 0 00:00:00, Sys 0 00:00:00  -  Total Local Usage
	1858  -  Run Bytes Sent By Job
	165  -  Run Bytes Received By Job
	1858  -  Total Bytes Sent By Job
	165  -  Total Bytes Received By Job
	Partitionable Resources :    Usage  Request Allocated 
	   Cpus                 :                 1         1 
	   Disk (KB)            :       47        1     61930 
	   Memory (MB)          :      182     3900      3968 

	Job terminated of its own accord at 2023-07-25T04:48:07Z.
...
