000 (311024.000.000) 2023-06-12 17:36:58 Job submitted from host: <172.30.1.200:9618?addrs=172.30.1.200-9618&alias=tamsa2.snu.ac.kr&noUDP&sock=schedd_3510_2582>
...
000 (311024.001.000) 2023-06-12 17:36:58 Job submitted from host: <172.30.1.200:9618?addrs=172.30.1.200-9618&alias=tamsa2.snu.ac.kr&noUDP&sock=schedd_3510_2582>
...
000 (311024.002.000) 2023-06-12 17:36:58 Job submitted from host: <172.30.1.200:9618?addrs=172.30.1.200-9618&alias=tamsa2.snu.ac.kr&noUDP&sock=schedd_3510_2582>
...
000 (311024.003.000) 2023-06-12 17:36:58 Job submitted from host: <172.30.1.200:9618?addrs=172.30.1.200-9618&alias=tamsa2.snu.ac.kr&noUDP&sock=schedd_3510_2582>
...
000 (311024.004.000) 2023-06-12 17:36:58 Job submitted from host: <172.30.1.200:9618?addrs=172.30.1.200-9618&alias=tamsa2.snu.ac.kr&noUDP&sock=schedd_3510_2582>
...
000 (311024.005.000) 2023-06-12 17:36:58 Job submitted from host: <172.30.1.200:9618?addrs=172.30.1.200-9618&alias=tamsa2.snu.ac.kr&noUDP&sock=schedd_3510_2582>
...
000 (311024.006.000) 2023-06-12 17:36:58 Job submitted from host: <172.30.1.200:9618?addrs=172.30.1.200-9618&alias=tamsa2.snu.ac.kr&noUDP&sock=schedd_3510_2582>
...
000 (311024.007.000) 2023-06-12 17:36:58 Job submitted from host: <172.30.1.200:9618?addrs=172.30.1.200-9618&alias=tamsa2.snu.ac.kr&noUDP&sock=schedd_3510_2582>
...
000 (311024.008.000) 2023-06-12 17:36:58 Job submitted from host: <172.30.1.200:9618?addrs=172.30.1.200-9618&alias=tamsa2.snu.ac.kr&noUDP&sock=schedd_3510_2582>
...
000 (311024.009.000) 2023-06-12 17:36:58 Job submitted from host: <172.30.1.200:9618?addrs=172.30.1.200-9618&alias=tamsa2.snu.ac.kr&noUDP&sock=schedd_3510_2582>
...
001 (311024.000.000) 2023-06-12 17:37:13 Job executing on host: <172.30.1.211:9618?addrs=172.30.1.211-9618&alias=node11&noUDP&sock=startd_3790_3407>
...
001 (311024.003.000) 2023-06-12 17:37:14 Job executing on host: <172.30.1.201:9618?addrs=172.30.1.201-9618&alias=node1&noUDP&sock=startd_4675_3d58>
...
001 (311024.002.000) 2023-06-12 17:37:14 Job executing on host: <172.30.1.203:9618?addrs=172.30.1.203-9618&alias=node3&noUDP&sock=startd_3773_8aeb>
...
001 (311024.001.000) 2023-06-12 17:37:14 Job executing on host: <172.30.1.211:9618?addrs=172.30.1.211-9618&alias=node11&noUDP&sock=startd_3790_3407>
...
001 (311024.004.000) 2023-06-12 17:37:14 Job executing on host: <172.30.1.201:9618?addrs=172.30.1.201-9618&alias=node1&noUDP&sock=startd_4675_3d58>
...
001 (311024.009.000) 2023-06-12 17:37:14 Job executing on host: <172.30.1.210:9618?addrs=172.30.1.210-9618&alias=node10&noUDP&sock=startd_3787_253e>
...
001 (311024.005.000) 2023-06-12 17:37:14 Job executing on host: <172.30.1.201:9618?addrs=172.30.1.201-9618&alias=node1&noUDP&sock=startd_4675_3d58>
...
001 (311024.006.000) 2023-06-12 17:37:14 Job executing on host: <172.30.1.201:9618?addrs=172.30.1.201-9618&alias=node1&noUDP&sock=startd_4675_3d58>
...
001 (311024.007.000) 2023-06-12 17:37:14 Job executing on host: <172.30.1.201:9618?addrs=172.30.1.201-9618&alias=node1&noUDP&sock=startd_4675_3d58>
...
001 (311024.008.000) 2023-06-12 17:37:14 Job executing on host: <172.30.1.201:9618?addrs=172.30.1.201-9618&alias=node1&noUDP&sock=startd_4675_3d58>
...
006 (311024.002.000) 2023-06-12 17:37:22 Image size of job updated: 158808
	148  -  MemoryUsage of job (MB)
	151308  -  ResidentSetSize of job (KB)
...
006 (311024.001.000) 2023-06-12 17:37:22 Image size of job updated: 203612
	184  -  MemoryUsage of job (MB)
	187612  -  ResidentSetSize of job (KB)
...
006 (311024.003.000) 2023-06-12 17:37:22 Image size of job updated: 605788
	177  -  MemoryUsage of job (MB)
	180284  -  ResidentSetSize of job (KB)
...
006 (311024.004.000) 2023-06-12 17:37:22 Image size of job updated: 605728
	177  -  MemoryUsage of job (MB)
	180272  -  ResidentSetSize of job (KB)
...
006 (311024.009.000) 2023-06-12 17:37:22 Image size of job updated: 165300
	130  -  MemoryUsage of job (MB)
	132228  -  ResidentSetSize of job (KB)
...
006 (311024.005.000) 2023-06-12 17:37:22 Image size of job updated: 605732
	177  -  MemoryUsage of job (MB)
	181192  -  ResidentSetSize of job (KB)
...
006 (311024.006.000) 2023-06-12 17:37:22 Image size of job updated: 605784
	179  -  MemoryUsage of job (MB)
	182460  -  ResidentSetSize of job (KB)
...
006 (311024.000.000) 2023-06-12 17:37:23 Image size of job updated: 202096
	184  -  MemoryUsage of job (MB)
	187696  -  ResidentSetSize of job (KB)
...
006 (311024.007.000) 2023-06-12 17:37:23 Image size of job updated: 605780
	184  -  MemoryUsage of job (MB)
	187596  -  ResidentSetSize of job (KB)
...
006 (311024.008.000) 2023-06-12 17:37:23 Image size of job updated: 605788
	184  -  MemoryUsage of job (MB)
	187580  -  ResidentSetSize of job (KB)
...
006 (311024.007.000) 2023-06-12 17:37:38 Image size of job updated: 686396
	184  -  MemoryUsage of job (MB)
	187596  -  ResidentSetSize of job (KB)
...
005 (311024.007.000) 2023-06-12 17:37:38 Job terminated.
	(1) Normal termination (return value 0)
		Usr 0 00:00:16, Sys 0 00:00:01  -  Run Remote Usage
		Usr 0 00:00:00, Sys 0 00:00:00  -  Run Local Usage
		Usr 0 00:00:16, Sys 0 00:00:01  -  Total Remote Usage
		Usr 0 00:00:00, Sys 0 00:00:00  -  Total Local Usage
	0  -  Run Bytes Sent By Job
	0  -  Run Bytes Received By Job
	0  -  Total Bytes Sent By Job
	0  -  Total Bytes Received By Job
	Partitionable Resources :    Usage  Request Allocated 
	   Cpus                 :                 1         1 
	   Disk (KB)            :        1        1    128992 
	   Memory (MB)          :      184     3900      3968 

	Job terminated of its own accord at 2023-06-12T08:37:38Z.
...
006 (311024.008.000) 2023-06-12 17:37:40 Image size of job updated: 686540
	184  -  MemoryUsage of job (MB)
	187580  -  ResidentSetSize of job (KB)
...
005 (311024.008.000) 2023-06-12 17:37:40 Job terminated.
	(1) Normal termination (return value 0)
		Usr 0 00:00:19, Sys 0 00:00:01  -  Run Remote Usage
		Usr 0 00:00:00, Sys 0 00:00:00  -  Run Local Usage
		Usr 0 00:00:19, Sys 0 00:00:01  -  Total Remote Usage
		Usr 0 00:00:00, Sys 0 00:00:00  -  Total Local Usage
	0  -  Run Bytes Sent By Job
	0  -  Run Bytes Received By Job
	0  -  Total Bytes Sent By Job
	0  -  Total Bytes Received By Job
	Partitionable Resources :    Usage  Request Allocated 
	   Cpus                 :                 1         1 
	   Disk (KB)            :        1        1    128992 
	   Memory (MB)          :      184     3900      3968 

	Job terminated of its own accord at 2023-06-12T08:37:40Z.
...
006 (311024.003.000) 2023-06-12 17:37:40 Image size of job updated: 691328
	177  -  MemoryUsage of job (MB)
	180284  -  ResidentSetSize of job (KB)
...
005 (311024.003.000) 2023-06-12 17:37:40 Job terminated.
	(1) Normal termination (return value 0)
		Usr 0 00:00:20, Sys 0 00:00:01  -  Run Remote Usage
		Usr 0 00:00:00, Sys 0 00:00:00  -  Run Local Usage
		Usr 0 00:00:20, Sys 0 00:00:01  -  Total Remote Usage
		Usr 0 00:00:00, Sys 0 00:00:00  -  Total Local Usage
	0  -  Run Bytes Sent By Job
	0  -  Run Bytes Received By Job
	0  -  Total Bytes Sent By Job
	0  -  Total Bytes Received By Job
	Partitionable Resources :    Usage  Request Allocated 
	   Cpus                 :                 1         1 
	   Disk (KB)            :        1        1    128992 
	   Memory (MB)          :      177     3900      3968 

	Job terminated of its own accord at 2023-06-12T08:37:40Z.
...
006 (311024.001.000) 2023-06-12 17:37:40 Image size of job updated: 686124
	184  -  MemoryUsage of job (MB)
	187612  -  ResidentSetSize of job (KB)
...
005 (311024.001.000) 2023-06-12 17:37:40 Job terminated.
	(1) Normal termination (return value 0)
		Usr 0 00:00:21, Sys 0 00:00:01  -  Run Remote Usage
		Usr 0 00:00:00, Sys 0 00:00:00  -  Run Local Usage
		Usr 0 00:00:21, Sys 0 00:00:01  -  Total Remote Usage
		Usr 0 00:00:00, Sys 0 00:00:00  -  Total Local Usage
	0  -  Run Bytes Sent By Job
	0  -  Run Bytes Received By Job
	0  -  Total Bytes Sent By Job
	0  -  Total Bytes Received By Job
	Partitionable Resources :    Usage  Request Allocated 
	   Cpus                 :                 1         1 
	   Disk (KB)            :        1        1    128928 
	   Memory (MB)          :      184     3900      3968 

	Job terminated of its own accord at 2023-06-12T08:37:40Z.
...
006 (311024.005.000) 2023-06-12 17:37:41 Image size of job updated: 691484
	177  -  MemoryUsage of job (MB)
	181192  -  ResidentSetSize of job (KB)
...
005 (311024.005.000) 2023-06-12 17:37:41 Job terminated.
	(1) Normal termination (return value 0)
		Usr 0 00:00:21, Sys 0 00:00:01  -  Run Remote Usage
		Usr 0 00:00:00, Sys 0 00:00:00  -  Run Local Usage
		Usr 0 00:00:21, Sys 0 00:00:01  -  Total Remote Usage
		Usr 0 00:00:00, Sys 0 00:00:00  -  Total Local Usage
	0  -  Run Bytes Sent By Job
	0  -  Run Bytes Received By Job
	0  -  Total Bytes Sent By Job
	0  -  Total Bytes Received By Job
	Partitionable Resources :    Usage  Request Allocated 
	   Cpus                 :                 1         1 
	   Disk (KB)            :        1        1    128992 
	   Memory (MB)          :      177     3900      3968 

	Job terminated of its own accord at 2023-06-12T08:37:41Z.
...
006 (311024.000.000) 2023-06-12 17:37:41 Image size of job updated: 691272
	184  -  MemoryUsage of job (MB)
	187696  -  ResidentSetSize of job (KB)
...
005 (311024.000.000) 2023-06-12 17:37:42 Job terminated.
	(1) Normal termination (return value 0)
		Usr 0 00:00:22, Sys 0 00:00:01  -  Run Remote Usage
		Usr 0 00:00:00, Sys 0 00:00:00  -  Run Local Usage
		Usr 0 00:00:22, Sys 0 00:00:01  -  Total Remote Usage
		Usr 0 00:00:00, Sys 0 00:00:00  -  Total Local Usage
	0  -  Run Bytes Sent By Job
	0  -  Run Bytes Received By Job
	0  -  Total Bytes Sent By Job
	0  -  Total Bytes Received By Job
	Partitionable Resources :    Usage  Request Allocated 
	   Cpus                 :                 1         1 
	   Disk (KB)            :        1        1    128928 
	   Memory (MB)          :      184     3900      3968 

	Job terminated of its own accord at 2023-06-12T08:37:41Z.
...
006 (311024.006.000) 2023-06-12 17:37:42 Image size of job updated: 695604
	179  -  MemoryUsage of job (MB)
	182460  -  ResidentSetSize of job (KB)
...
005 (311024.006.000) 2023-06-12 17:37:42 Job terminated.
	(1) Normal termination (return value 0)
		Usr 0 00:00:20, Sys 0 00:00:01  -  Run Remote Usage
		Usr 0 00:00:00, Sys 0 00:00:00  -  Run Local Usage
		Usr 0 00:00:20, Sys 0 00:00:01  -  Total Remote Usage
		Usr 0 00:00:00, Sys 0 00:00:00  -  Total Local Usage
	0  -  Run Bytes Sent By Job
	0  -  Run Bytes Received By Job
	0  -  Total Bytes Sent By Job
	0  -  Total Bytes Received By Job
	Partitionable Resources :    Usage  Request Allocated 
	   Cpus                 :                 1         1 
	   Disk (KB)            :        1        1    128992 
	   Memory (MB)          :      179     3900      3968 

	Job terminated of its own accord at 2023-06-12T08:37:42Z.
...
006 (311024.009.000) 2023-06-12 17:37:46 Image size of job updated: 686284
	130  -  MemoryUsage of job (MB)
	132276  -  ResidentSetSize of job (KB)
...
005 (311024.009.000) 2023-06-12 17:37:46 Job terminated.
	(1) Normal termination (return value 0)
		Usr 0 00:00:21, Sys 0 00:00:01  -  Run Remote Usage
		Usr 0 00:00:00, Sys 0 00:00:00  -  Run Local Usage
		Usr 0 00:00:21, Sys 0 00:00:01  -  Total Remote Usage
		Usr 0 00:00:00, Sys 0 00:00:00  -  Total Local Usage
	0  -  Run Bytes Sent By Job
	0  -  Run Bytes Received By Job
	0  -  Total Bytes Sent By Job
	0  -  Total Bytes Received By Job
	Partitionable Resources :    Usage  Request Allocated 
	   Cpus                 :                 1         1 
	   Disk (KB)            :        1        1    128928 
	   Memory (MB)          :      130     3900      3968 

	Job terminated of its own accord at 2023-06-12T08:37:46Z.
...
006 (311024.004.000) 2023-06-12 17:37:52 Image size of job updated: 691472
	177  -  MemoryUsage of job (MB)
	180272  -  ResidentSetSize of job (KB)
...
005 (311024.004.000) 2023-06-12 17:37:52 Job terminated.
	(1) Normal termination (return value 0)
		Usr 0 00:00:32, Sys 0 00:00:01  -  Run Remote Usage
		Usr 0 00:00:00, Sys 0 00:00:00  -  Run Local Usage
		Usr 0 00:00:32, Sys 0 00:00:01  -  Total Remote Usage
		Usr 0 00:00:00, Sys 0 00:00:00  -  Total Local Usage
	0  -  Run Bytes Sent By Job
	0  -  Run Bytes Received By Job
	0  -  Total Bytes Sent By Job
	0  -  Total Bytes Received By Job
	Partitionable Resources :    Usage  Request Allocated 
	   Cpus                 :                 1         1 
	   Disk (KB)            :        1        1    128992 
	   Memory (MB)          :      177     3900      3968 

	Job terminated of its own accord at 2023-06-12T08:37:52Z.
...
006 (311024.002.000) 2023-06-12 17:37:56 Image size of job updated: 692896
	148  -  MemoryUsage of job (MB)
	151316  -  ResidentSetSize of job (KB)
...
005 (311024.002.000) 2023-06-12 17:37:56 Job terminated.
	(1) Normal termination (return value 0)
		Usr 0 00:00:32, Sys 0 00:00:01  -  Run Remote Usage
		Usr 0 00:00:00, Sys 0 00:00:00  -  Run Local Usage
		Usr 0 00:00:32, Sys 0 00:00:01  -  Total Remote Usage
		Usr 0 00:00:00, Sys 0 00:00:00  -  Total Local Usage
	0  -  Run Bytes Sent By Job
	0  -  Run Bytes Received By Job
	0  -  Total Bytes Sent By Job
	0  -  Total Bytes Received By Job
	Partitionable Resources :    Usage  Request Allocated 
	   Cpus                 :                 1         1 
	   Disk (KB)            :        1        1    128928 
	   Memory (MB)          :      148     3900      3968 

	Job terminated of its own accord at 2023-06-12T08:37:56Z.
...
