000 (330161.000.000) 2023-07-25 12:44:48 Job submitted from host: <172.30.1.200:9618?addrs=172.30.1.200-9618&alias=tamsa2.snu.ac.kr&noUDP&sock=schedd_3510_2582>
...
000 (330161.001.000) 2023-07-25 12:44:48 Job submitted from host: <172.30.1.200:9618?addrs=172.30.1.200-9618&alias=tamsa2.snu.ac.kr&noUDP&sock=schedd_3510_2582>
...
000 (330161.002.000) 2023-07-25 12:44:48 Job submitted from host: <172.30.1.200:9618?addrs=172.30.1.200-9618&alias=tamsa2.snu.ac.kr&noUDP&sock=schedd_3510_2582>
...
000 (330161.003.000) 2023-07-25 12:44:48 Job submitted from host: <172.30.1.200:9618?addrs=172.30.1.200-9618&alias=tamsa2.snu.ac.kr&noUDP&sock=schedd_3510_2582>
...
000 (330161.004.000) 2023-07-25 12:44:48 Job submitted from host: <172.30.1.200:9618?addrs=172.30.1.200-9618&alias=tamsa2.snu.ac.kr&noUDP&sock=schedd_3510_2582>
...
000 (330161.005.000) 2023-07-25 12:44:48 Job submitted from host: <172.30.1.200:9618?addrs=172.30.1.200-9618&alias=tamsa2.snu.ac.kr&noUDP&sock=schedd_3510_2582>
...
000 (330161.006.000) 2023-07-25 12:44:48 Job submitted from host: <172.30.1.200:9618?addrs=172.30.1.200-9618&alias=tamsa2.snu.ac.kr&noUDP&sock=schedd_3510_2582>
...
000 (330161.007.000) 2023-07-25 12:44:48 Job submitted from host: <172.30.1.200:9618?addrs=172.30.1.200-9618&alias=tamsa2.snu.ac.kr&noUDP&sock=schedd_3510_2582>
...
000 (330161.008.000) 2023-07-25 12:44:48 Job submitted from host: <172.30.1.200:9618?addrs=172.30.1.200-9618&alias=tamsa2.snu.ac.kr&noUDP&sock=schedd_3510_2582>
...
000 (330161.009.000) 2023-07-25 12:44:48 Job submitted from host: <172.30.1.200:9618?addrs=172.30.1.200-9618&alias=tamsa2.snu.ac.kr&noUDP&sock=schedd_3510_2582>
...
001 (330161.001.000) 2023-07-25 12:45:06 Job executing on host: <172.30.1.211:9618?addrs=172.30.1.211-9618&alias=node11&noUDP&sock=startd_3790_3407>
...
001 (330161.000.000) 2023-07-25 12:45:06 Job executing on host: <172.30.1.211:9618?addrs=172.30.1.211-9618&alias=node11&noUDP&sock=startd_3790_3407>
...
001 (330161.002.000) 2023-07-25 12:45:06 Job executing on host: <172.30.1.211:9618?addrs=172.30.1.211-9618&alias=node11&noUDP&sock=startd_3790_3407>
...
001 (330161.004.000) 2023-07-25 12:45:06 Job executing on host: <172.30.1.211:9618?addrs=172.30.1.211-9618&alias=node11&noUDP&sock=startd_3790_3407>
...
001 (330161.003.000) 2023-07-25 12:45:06 Job executing on host: <172.30.1.211:9618?addrs=172.30.1.211-9618&alias=node11&noUDP&sock=startd_3790_3407>
...
001 (330161.005.000) 2023-07-25 12:45:06 Job executing on host: <172.30.1.211:9618?addrs=172.30.1.211-9618&alias=node11&noUDP&sock=startd_3790_3407>
...
001 (330161.006.000) 2023-07-25 12:45:06 Job executing on host: <172.30.1.211:9618?addrs=172.30.1.211-9618&alias=node11&noUDP&sock=startd_3790_3407>
...
001 (330161.007.000) 2023-07-25 12:45:06 Job executing on host: <172.30.1.211:9618?addrs=172.30.1.211-9618&alias=node11&noUDP&sock=startd_3790_3407>
...
001 (330161.008.000) 2023-07-25 12:45:06 Job executing on host: <172.30.1.211:9618?addrs=172.30.1.211-9618&alias=node11&noUDP&sock=startd_3790_3407>
...
001 (330161.009.000) 2023-07-25 12:45:06 Job executing on host: <172.30.1.211:9618?addrs=172.30.1.211-9618&alias=node11&noUDP&sock=startd_3790_3407>
...
006 (330161.001.000) 2023-07-25 12:45:14 Image size of job updated: 186972
	183  -  MemoryUsage of job (MB)
	186972  -  ResidentSetSize of job (KB)
...
006 (330161.000.000) 2023-07-25 12:45:14 Image size of job updated: 186832
	183  -  MemoryUsage of job (MB)
	186832  -  ResidentSetSize of job (KB)
...
006 (330161.002.000) 2023-07-25 12:45:14 Image size of job updated: 186724
	183  -  MemoryUsage of job (MB)
	186724  -  ResidentSetSize of job (KB)
...
006 (330161.004.000) 2023-07-25 12:45:14 Image size of job updated: 186712
	183  -  MemoryUsage of job (MB)
	186712  -  ResidentSetSize of job (KB)
...
006 (330161.003.000) 2023-07-25 12:45:14 Image size of job updated: 186880
	183  -  MemoryUsage of job (MB)
	186880  -  ResidentSetSize of job (KB)
...
006 (330161.006.000) 2023-07-25 12:45:15 Image size of job updated: 186724
	183  -  MemoryUsage of job (MB)
	186724  -  ResidentSetSize of job (KB)
...
006 (330161.005.000) 2023-07-25 12:45:15 Image size of job updated: 186732
	183  -  MemoryUsage of job (MB)
	186732  -  ResidentSetSize of job (KB)
...
006 (330161.007.000) 2023-07-25 12:45:15 Image size of job updated: 186724
	183  -  MemoryUsage of job (MB)
	186724  -  ResidentSetSize of job (KB)
...
006 (330161.008.000) 2023-07-25 12:45:15 Image size of job updated: 186724
	183  -  MemoryUsage of job (MB)
	186724  -  ResidentSetSize of job (KB)
...
006 (330161.009.000) 2023-07-25 12:45:15 Image size of job updated: 186820
	183  -  MemoryUsage of job (MB)
	186820  -  ResidentSetSize of job (KB)
...
006 (330161.007.000) 2023-07-25 12:45:37 Image size of job updated: 691116
	183  -  MemoryUsage of job (MB)
	186724  -  ResidentSetSize of job (KB)
...
005 (330161.007.000) 2023-07-25 12:45:37 Job terminated.
	(1) Normal termination (return value 0)
		Usr 0 00:00:23, Sys 0 00:00:01  -  Run Remote Usage
		Usr 0 00:00:00, Sys 0 00:00:00  -  Run Local Usage
		Usr 0 00:00:23, Sys 0 00:00:01  -  Total Remote Usage
		Usr 0 00:00:00, Sys 0 00:00:00  -  Total Local Usage
	0  -  Run Bytes Sent By Job
	0  -  Run Bytes Received By Job
	0  -  Total Bytes Sent By Job
	0  -  Total Bytes Received By Job
	Partitionable Resources :    Usage  Request Allocated 
	   Cpus                 :                 1         1 
	   Disk (KB)            :        1        1    128928 
	   Memory (MB)          :      183     3900      3968 

	Job terminated of its own accord at 2023-07-25T03:45:37Z.
...
006 (330161.008.000) 2023-07-25 12:45:40 Image size of job updated: 695712
	183  -  MemoryUsage of job (MB)
	186724  -  ResidentSetSize of job (KB)
...
006 (330161.002.000) 2023-07-25 12:45:40 Image size of job updated: 687388
	183  -  MemoryUsage of job (MB)
	186724  -  ResidentSetSize of job (KB)
...
005 (330161.008.000) 2023-07-25 12:45:40 Job terminated.
	(1) Normal termination (return value 0)
		Usr 0 00:00:27, Sys 0 00:00:01  -  Run Remote Usage
		Usr 0 00:00:00, Sys 0 00:00:00  -  Run Local Usage
		Usr 0 00:00:27, Sys 0 00:00:01  -  Total Remote Usage
		Usr 0 00:00:00, Sys 0 00:00:00  -  Total Local Usage
	0  -  Run Bytes Sent By Job
	0  -  Run Bytes Received By Job
	0  -  Total Bytes Sent By Job
	0  -  Total Bytes Received By Job
	Partitionable Resources :    Usage  Request Allocated 
	   Cpus                 :                 1         1 
	   Disk (KB)            :        1        1    128928 
	   Memory (MB)          :      183     3900      3968 

	Job terminated of its own accord at 2023-07-25T03:45:40Z.
...
005 (330161.002.000) 2023-07-25 12:45:40 Job terminated.
	(1) Normal termination (return value 0)
		Usr 0 00:00:29, Sys 0 00:00:01  -  Run Remote Usage
		Usr 0 00:00:00, Sys 0 00:00:00  -  Run Local Usage
		Usr 0 00:00:29, Sys 0 00:00:01  -  Total Remote Usage
		Usr 0 00:00:00, Sys 0 00:00:00  -  Total Local Usage
	0  -  Run Bytes Sent By Job
	0  -  Run Bytes Received By Job
	0  -  Total Bytes Sent By Job
	0  -  Total Bytes Received By Job
	Partitionable Resources :    Usage  Request Allocated 
	   Cpus                 :                 1         1 
	   Disk (KB)            :        1        1    128928 
	   Memory (MB)          :      183     3900      3968 

	Job terminated of its own accord at 2023-07-25T03:45:40Z.
...
006 (330161.003.000) 2023-07-25 12:45:41 Image size of job updated: 688144
	183  -  MemoryUsage of job (MB)
	186880  -  ResidentSetSize of job (KB)
...
005 (330161.003.000) 2023-07-25 12:45:41 Job terminated.
	(1) Normal termination (return value 0)
		Usr 0 00:00:30, Sys 0 00:00:01  -  Run Remote Usage
		Usr 0 00:00:00, Sys 0 00:00:00  -  Run Local Usage
		Usr 0 00:00:30, Sys 0 00:00:01  -  Total Remote Usage
		Usr 0 00:00:00, Sys 0 00:00:00  -  Total Local Usage
	0  -  Run Bytes Sent By Job
	0  -  Run Bytes Received By Job
	0  -  Total Bytes Sent By Job
	0  -  Total Bytes Received By Job
	Partitionable Resources :    Usage  Request Allocated 
	   Cpus                 :                 1         1 
	   Disk (KB)            :        1        1    128928 
	   Memory (MB)          :      183     3900      3968 

	Job terminated of its own accord at 2023-07-25T03:45:41Z.
...
006 (330161.005.000) 2023-07-25 12:45:41 Image size of job updated: 687444
	183  -  MemoryUsage of job (MB)
	186732  -  ResidentSetSize of job (KB)
...
005 (330161.005.000) 2023-07-25 12:45:41 Job terminated.
	(1) Normal termination (return value 0)
		Usr 0 00:00:29, Sys 0 00:00:01  -  Run Remote Usage
		Usr 0 00:00:00, Sys 0 00:00:00  -  Run Local Usage
		Usr 0 00:00:29, Sys 0 00:00:01  -  Total Remote Usage
		Usr 0 00:00:00, Sys 0 00:00:00  -  Total Local Usage
	0  -  Run Bytes Sent By Job
	0  -  Run Bytes Received By Job
	0  -  Total Bytes Sent By Job
	0  -  Total Bytes Received By Job
	Partitionable Resources :    Usage  Request Allocated 
	   Cpus                 :                 1         1 
	   Disk (KB)            :        1        1    128928 
	   Memory (MB)          :      183     3900      3968 

	Job terminated of its own accord at 2023-07-25T03:45:41Z.
...
006 (330161.001.000) 2023-07-25 12:45:41 Image size of job updated: 687808
	183  -  MemoryUsage of job (MB)
	186972  -  ResidentSetSize of job (KB)
...
005 (330161.001.000) 2023-07-25 12:45:41 Job terminated.
	(1) Normal termination (return value 0)
		Usr 0 00:00:31, Sys 0 00:00:01  -  Run Remote Usage
		Usr 0 00:00:00, Sys 0 00:00:00  -  Run Local Usage
		Usr 0 00:00:31, Sys 0 00:00:01  -  Total Remote Usage
		Usr 0 00:00:00, Sys 0 00:00:00  -  Total Local Usage
	0  -  Run Bytes Sent By Job
	0  -  Run Bytes Received By Job
	0  -  Total Bytes Sent By Job
	0  -  Total Bytes Received By Job
	Partitionable Resources :    Usage  Request Allocated 
	   Cpus                 :                 1         1 
	   Disk (KB)            :        1        1    128928 
	   Memory (MB)          :      183     3900      3968 

	Job terminated of its own accord at 2023-07-25T03:45:41Z.
...
006 (330161.006.000) 2023-07-25 12:45:46 Image size of job updated: 691188
	183  -  MemoryUsage of job (MB)
	186724  -  ResidentSetSize of job (KB)
...
005 (330161.006.000) 2023-07-25 12:45:46 Job terminated.
	(1) Normal termination (return value 0)
		Usr 0 00:00:30, Sys 0 00:00:01  -  Run Remote Usage
		Usr 0 00:00:00, Sys 0 00:00:00  -  Run Local Usage
		Usr 0 00:00:30, Sys 0 00:00:01  -  Total Remote Usage
		Usr 0 00:00:00, Sys 0 00:00:00  -  Total Local Usage
	0  -  Run Bytes Sent By Job
	0  -  Run Bytes Received By Job
	0  -  Total Bytes Sent By Job
	0  -  Total Bytes Received By Job
	Partitionable Resources :    Usage  Request Allocated 
	   Cpus                 :                 1         1 
	   Disk (KB)            :        1        1    128928 
	   Memory (MB)          :      183     3900      3968 

	Job terminated of its own accord at 2023-07-25T03:45:46Z.
...
006 (330161.009.000) 2023-07-25 12:45:47 Image size of job updated: 687920
	183  -  MemoryUsage of job (MB)
	186820  -  ResidentSetSize of job (KB)
...
005 (330161.009.000) 2023-07-25 12:45:47 Job terminated.
	(1) Normal termination (return value 0)
		Usr 0 00:00:36, Sys 0 00:00:01  -  Run Remote Usage
		Usr 0 00:00:00, Sys 0 00:00:00  -  Run Local Usage
		Usr 0 00:00:36, Sys 0 00:00:01  -  Total Remote Usage
		Usr 0 00:00:00, Sys 0 00:00:00  -  Total Local Usage
	0  -  Run Bytes Sent By Job
	0  -  Run Bytes Received By Job
	0  -  Total Bytes Sent By Job
	0  -  Total Bytes Received By Job
	Partitionable Resources :    Usage  Request Allocated 
	   Cpus                 :                 1         1 
	   Disk (KB)            :        1        1    128928 
	   Memory (MB)          :      183     3900      3968 

	Job terminated of its own accord at 2023-07-25T03:45:47Z.
...
006 (330161.000.000) 2023-07-25 12:45:48 Image size of job updated: 687968
	183  -  MemoryUsage of job (MB)
	186832  -  ResidentSetSize of job (KB)
...
005 (330161.000.000) 2023-07-25 12:45:48 Job terminated.
	(1) Normal termination (return value 0)
		Usr 0 00:00:35, Sys 0 00:00:01  -  Run Remote Usage
		Usr 0 00:00:00, Sys 0 00:00:00  -  Run Local Usage
		Usr 0 00:00:35, Sys 0 00:00:01  -  Total Remote Usage
		Usr 0 00:00:00, Sys 0 00:00:00  -  Total Local Usage
	0  -  Run Bytes Sent By Job
	0  -  Run Bytes Received By Job
	0  -  Total Bytes Sent By Job
	0  -  Total Bytes Received By Job
	Partitionable Resources :    Usage  Request Allocated 
	   Cpus                 :                 1         1 
	   Disk (KB)            :        1        1    128928 
	   Memory (MB)          :      183     3900      3968 

	Job terminated of its own accord at 2023-07-25T03:45:48Z.
...
006 (330161.004.000) 2023-07-25 12:45:50 Image size of job updated: 688496
	183  -  MemoryUsage of job (MB)
	186712  -  ResidentSetSize of job (KB)
...
005 (330161.004.000) 2023-07-25 12:45:50 Job terminated.
	(1) Normal termination (return value 0)
		Usr 0 00:00:37, Sys 0 00:00:01  -  Run Remote Usage
		Usr 0 00:00:00, Sys 0 00:00:00  -  Run Local Usage
		Usr 0 00:00:37, Sys 0 00:00:01  -  Total Remote Usage
		Usr 0 00:00:00, Sys 0 00:00:00  -  Total Local Usage
	0  -  Run Bytes Sent By Job
	0  -  Run Bytes Received By Job
	0  -  Total Bytes Sent By Job
	0  -  Total Bytes Received By Job
	Partitionable Resources :    Usage  Request Allocated 
	   Cpus                 :                 1         1 
	   Disk (KB)            :        1        1    128928 
	   Memory (MB)          :      183     3900      3968 

	Job terminated of its own accord at 2023-07-25T03:45:50Z.
...
