000 (310977.000.000) 2023-06-12 17:01:45 Job submitted from host: <172.30.1.200:9618?addrs=172.30.1.200-9618&alias=tamsa2.snu.ac.kr&noUDP&sock=schedd_3510_2582>
...
000 (310977.001.000) 2023-06-12 17:01:45 Job submitted from host: <172.30.1.200:9618?addrs=172.30.1.200-9618&alias=tamsa2.snu.ac.kr&noUDP&sock=schedd_3510_2582>
...
000 (310977.002.000) 2023-06-12 17:01:45 Job submitted from host: <172.30.1.200:9618?addrs=172.30.1.200-9618&alias=tamsa2.snu.ac.kr&noUDP&sock=schedd_3510_2582>
...
000 (310977.003.000) 2023-06-12 17:01:45 Job submitted from host: <172.30.1.200:9618?addrs=172.30.1.200-9618&alias=tamsa2.snu.ac.kr&noUDP&sock=schedd_3510_2582>
...
000 (310977.004.000) 2023-06-12 17:01:45 Job submitted from host: <172.30.1.200:9618?addrs=172.30.1.200-9618&alias=tamsa2.snu.ac.kr&noUDP&sock=schedd_3510_2582>
...
000 (310977.005.000) 2023-06-12 17:01:45 Job submitted from host: <172.30.1.200:9618?addrs=172.30.1.200-9618&alias=tamsa2.snu.ac.kr&noUDP&sock=schedd_3510_2582>
...
000 (310977.006.000) 2023-06-12 17:01:45 Job submitted from host: <172.30.1.200:9618?addrs=172.30.1.200-9618&alias=tamsa2.snu.ac.kr&noUDP&sock=schedd_3510_2582>
...
000 (310977.007.000) 2023-06-12 17:01:45 Job submitted from host: <172.30.1.200:9618?addrs=172.30.1.200-9618&alias=tamsa2.snu.ac.kr&noUDP&sock=schedd_3510_2582>
...
000 (310977.008.000) 2023-06-12 17:01:45 Job submitted from host: <172.30.1.200:9618?addrs=172.30.1.200-9618&alias=tamsa2.snu.ac.kr&noUDP&sock=schedd_3510_2582>
...
000 (310977.009.000) 2023-06-12 17:01:45 Job submitted from host: <172.30.1.200:9618?addrs=172.30.1.200-9618&alias=tamsa2.snu.ac.kr&noUDP&sock=schedd_3510_2582>
...
040 (310977.000.000) 2023-06-12 17:02:23 Started transferring input files
	Transferring to host: <172.30.1.106:9618?addrs=172.30.1.106-9618&alias=n6&noUDP&sock=slot1_6_3308_8900_7897>
...
040 (310977.002.000) 2023-06-12 17:02:23 Started transferring input files
	Transferring to host: <172.30.1.108:9618?addrs=172.30.1.108-9618&alias=n8&noUDP&sock=slot1_15_4278_fce7_21617>
...
040 (310977.000.000) 2023-06-12 17:02:23 Finished transferring input files
...
040 (310977.002.000) 2023-06-12 17:02:23 Finished transferring input files
...
040 (310977.005.000) 2023-06-12 17:02:23 Started transferring input files
	Transferring to host: <172.30.1.109:9618?addrs=172.30.1.109-9618&alias=n9&noUDP&sock=slot1_1_4265_d407_22691>
...
040 (310977.005.000) 2023-06-12 17:02:23 Finished transferring input files
...
040 (310977.001.000) 2023-06-12 17:02:23 Started transferring input files
	Transferring to host: <172.30.1.106:9618?addrs=172.30.1.106-9618&alias=n6&noUDP&sock=slot1_19_3308_8900_7898>
...
040 (310977.001.000) 2023-06-12 17:02:23 Finished transferring input files
...
040 (310977.003.000) 2023-06-12 17:02:23 Started transferring input files
	Transferring to host: <172.30.1.108:9618?addrs=172.30.1.108-9618&alias=n8&noUDP&sock=slot1_17_4278_fce7_21618>
...
040 (310977.003.000) 2023-06-12 17:02:23 Finished transferring input files
...
040 (310977.006.000) 2023-06-12 17:02:23 Started transferring input files
	Transferring to host: <172.30.1.109:9618?addrs=172.30.1.109-9618&alias=n9&noUDP&sock=slot1_39_4265_d407_22692>
...
040 (310977.006.000) 2023-06-12 17:02:23 Finished transferring input files
...
040 (310977.004.000) 2023-06-12 17:02:23 Started transferring input files
	Transferring to host: <172.30.1.108:9618?addrs=172.30.1.108-9618&alias=n8&noUDP&sock=slot1_24_4278_fce7_21619>
...
040 (310977.004.000) 2023-06-12 17:02:24 Finished transferring input files
...
040 (310977.009.000) 2023-06-12 17:02:24 Started transferring input files
	Transferring to host: <172.30.1.107:9618?addrs=172.30.1.107-9618&alias=n7&noUDP&sock=slot1_11_4258_e566_16204>
...
040 (310977.009.000) 2023-06-12 17:02:24 Finished transferring input files
...
040 (310977.007.000) 2023-06-12 17:02:24 Started transferring input files
	Transferring to host: <172.30.1.110:9618?addrs=172.30.1.110-9618&alias=n10&noUDP&sock=slot1_3_4288_08a7_22312>
...
040 (310977.007.000) 2023-06-12 17:02:24 Finished transferring input files
...
040 (310977.008.000) 2023-06-12 17:02:24 Started transferring input files
	Transferring to host: <172.30.1.110:9618?addrs=172.30.1.110-9618&alias=n10&noUDP&sock=slot1_38_4288_08a7_22313>
...
040 (310977.008.000) 2023-06-12 17:02:24 Finished transferring input files
...
001 (310977.000.000) 2023-06-12 17:02:24 Job executing on host: <172.30.1.106:9618?addrs=172.30.1.106-9618&alias=n6&noUDP&sock=startd_3274_4528>
...
001 (310977.002.000) 2023-06-12 17:02:24 Job executing on host: <172.30.1.108:9618?addrs=172.30.1.108-9618&alias=n8&noUDP&sock=startd_4243_ec6e>
...
001 (310977.005.000) 2023-06-12 17:02:24 Job executing on host: <172.30.1.109:9618?addrs=172.30.1.109-9618&alias=n9&noUDP&sock=startd_4231_b14b>
...
001 (310977.001.000) 2023-06-12 17:02:24 Job executing on host: <172.30.1.106:9618?addrs=172.30.1.106-9618&alias=n6&noUDP&sock=startd_3274_4528>
...
001 (310977.003.000) 2023-06-12 17:02:24 Job executing on host: <172.30.1.108:9618?addrs=172.30.1.108-9618&alias=n8&noUDP&sock=startd_4243_ec6e>
...
001 (310977.006.000) 2023-06-12 17:02:24 Job executing on host: <172.30.1.109:9618?addrs=172.30.1.109-9618&alias=n9&noUDP&sock=startd_4231_b14b>
...
001 (310977.004.000) 2023-06-12 17:02:25 Job executing on host: <172.30.1.108:9618?addrs=172.30.1.108-9618&alias=n8&noUDP&sock=startd_4243_ec6e>
...
001 (310977.009.000) 2023-06-12 17:02:25 Job executing on host: <172.30.1.107:9618?addrs=172.30.1.107-9618&alias=n7&noUDP&sock=startd_4224_e421>
...
001 (310977.007.000) 2023-06-12 17:02:25 Job executing on host: <172.30.1.110:9618?addrs=172.30.1.110-9618&alias=n10&noUDP&sock=startd_4254_77f9>
...
001 (310977.008.000) 2023-06-12 17:02:25 Job executing on host: <172.30.1.110:9618?addrs=172.30.1.110-9618&alias=n10&noUDP&sock=startd_4254_77f9>
...
006 (310977.001.000) 2023-06-12 17:02:33 Image size of job updated: 612708
	173  -  MemoryUsage of job (MB)
	176720  -  ResidentSetSize of job (KB)
...
006 (310977.003.000) 2023-06-12 17:02:33 Image size of job updated: 272772
	195  -  MemoryUsage of job (MB)
	198780  -  ResidentSetSize of job (KB)
...
006 (310977.006.000) 2023-06-12 17:02:33 Image size of job updated: 649212
	194  -  MemoryUsage of job (MB)
	197756  -  ResidentSetSize of job (KB)
...
006 (310977.004.000) 2023-06-12 17:02:33 Image size of job updated: 222108
	205  -  MemoryUsage of job (MB)
	209144  -  ResidentSetSize of job (KB)
...
006 (310977.009.000) 2023-06-12 17:02:33 Image size of job updated: 655132
	195  -  MemoryUsage of job (MB)
	198904  -  ResidentSetSize of job (KB)
...
006 (310977.007.000) 2023-06-12 17:02:33 Image size of job updated: 189600
	186  -  MemoryUsage of job (MB)
	189600  -  ResidentSetSize of job (KB)
...
006 (310977.008.000) 2023-06-12 17:02:33 Image size of job updated: 203104
	199  -  MemoryUsage of job (MB)
	203104  -  ResidentSetSize of job (KB)
...
006 (310977.000.000) 2023-06-12 17:02:33 Image size of job updated: 551068
	178  -  MemoryUsage of job (MB)
	181608  -  ResidentSetSize of job (KB)
...
006 (310977.002.000) 2023-06-12 17:02:33 Image size of job updated: 303280
	204  -  MemoryUsage of job (MB)
	208760  -  ResidentSetSize of job (KB)
...
006 (310977.005.000) 2023-06-12 17:02:33 Image size of job updated: 649232
	204  -  MemoryUsage of job (MB)
	208740  -  ResidentSetSize of job (KB)
...
006 (310977.008.000) 2023-06-12 17:03:05 Image size of job updated: 691568
	199  -  MemoryUsage of job (MB)
	203132  -  ResidentSetSize of job (KB)
...
040 (310977.008.000) 2023-06-12 17:03:05 Started transferring output files
...
040 (310977.008.000) 2023-06-12 17:03:05 Finished transferring output files
...
005 (310977.008.000) 2023-06-12 17:03:05 Job terminated.
	(1) Normal termination (return value 0)
		Usr 0 00:00:37, Sys 0 00:00:01  -  Run Remote Usage
		Usr 0 00:00:00, Sys 0 00:00:00  -  Run Local Usage
		Usr 0 00:00:37, Sys 0 00:00:01  -  Total Remote Usage
		Usr 0 00:00:00, Sys 0 00:00:00  -  Total Local Usage
	9205  -  Run Bytes Sent By Job
	149  -  Run Bytes Received By Job
	9205  -  Total Bytes Sent By Job
	149  -  Total Bytes Received By Job
	Partitionable Resources :    Usage  Request Allocated 
	   Cpus                 :                 1         1 
	   Disk (KB)            :       54        1    127899 
	   Memory (MB)          :      199     3900      3968 

	Job terminated of its own accord at 2023-06-12T08:03:05Z.
...
006 (310977.006.000) 2023-06-12 17:03:07 Image size of job updated: 696376
	194  -  MemoryUsage of job (MB)
	197756  -  ResidentSetSize of job (KB)
...
040 (310977.006.000) 2023-06-12 17:03:07 Started transferring output files
...
040 (310977.006.000) 2023-06-12 17:03:07 Finished transferring output files
...
005 (310977.006.000) 2023-06-12 17:03:07 Job terminated.
	(1) Normal termination (return value 0)
		Usr 0 00:00:39, Sys 0 00:00:01  -  Run Remote Usage
		Usr 0 00:00:00, Sys 0 00:00:00  -  Run Local Usage
		Usr 0 00:00:39, Sys 0 00:00:01  -  Total Remote Usage
		Usr 0 00:00:00, Sys 0 00:00:00  -  Total Local Usage
	9175  -  Run Bytes Sent By Job
	149  -  Run Bytes Received By Job
	9175  -  Total Bytes Sent By Job
	149  -  Total Bytes Received By Job
	Partitionable Resources :    Usage  Request Allocated 
	   Cpus                 :                 1         1 
	   Disk (KB)            :       54        1    127899 
	   Memory (MB)          :      194     3900      3968 

	Job terminated of its own accord at 2023-06-12T08:03:07Z.
...
006 (310977.009.000) 2023-06-12 17:03:07 Image size of job updated: 692940
	195  -  MemoryUsage of job (MB)
	198928  -  ResidentSetSize of job (KB)
...
040 (310977.009.000) 2023-06-12 17:03:07 Started transferring output files
...
040 (310977.009.000) 2023-06-12 17:03:07 Finished transferring output files
...
005 (310977.009.000) 2023-06-12 17:03:07 Job terminated.
	(1) Normal termination (return value 0)
		Usr 0 00:00:39, Sys 0 00:00:01  -  Run Remote Usage
		Usr 0 00:00:00, Sys 0 00:00:00  -  Run Local Usage
		Usr 0 00:00:39, Sys 0 00:00:01  -  Total Remote Usage
		Usr 0 00:00:00, Sys 0 00:00:00  -  Total Local Usage
	9175  -  Run Bytes Sent By Job
	149  -  Run Bytes Received By Job
	9175  -  Total Bytes Sent By Job
	149  -  Total Bytes Received By Job
	Partitionable Resources :    Usage  Request Allocated 
	   Cpus                 :                 1         1 
	   Disk (KB)            :       54        1    127899 
	   Memory (MB)          :      195     3900      3968 

	Job terminated of its own accord at 2023-06-12T08:03:07Z.
...
006 (310977.004.000) 2023-06-12 17:03:08 Image size of job updated: 694532
	205  -  MemoryUsage of job (MB)
	209144  -  ResidentSetSize of job (KB)
...
040 (310977.004.000) 2023-06-12 17:03:08 Started transferring output files
...
040 (310977.004.000) 2023-06-12 17:03:08 Finished transferring output files
...
005 (310977.004.000) 2023-06-12 17:03:08 Job terminated.
	(1) Normal termination (return value 0)
		Usr 0 00:00:40, Sys 0 00:00:01  -  Run Remote Usage
		Usr 0 00:00:00, Sys 0 00:00:00  -  Run Local Usage
		Usr 0 00:00:40, Sys 0 00:00:01  -  Total Remote Usage
		Usr 0 00:00:00, Sys 0 00:00:00  -  Total Local Usage
	9278  -  Run Bytes Sent By Job
	149  -  Run Bytes Received By Job
	9278  -  Total Bytes Sent By Job
	149  -  Total Bytes Received By Job
	Partitionable Resources :    Usage  Request Allocated 
	   Cpus                 :                 1         1 
	   Disk (KB)            :       54        1    127899 
	   Memory (MB)          :      205     3900      3968 

	Job terminated of its own accord at 2023-06-12T08:03:08Z.
...
006 (310977.005.000) 2023-06-12 17:03:08 Image size of job updated: 696340
	204  -  MemoryUsage of job (MB)
	208740  -  ResidentSetSize of job (KB)
...
040 (310977.005.000) 2023-06-12 17:03:08 Started transferring output files
...
040 (310977.005.000) 2023-06-12 17:03:08 Finished transferring output files
...
005 (310977.005.000) 2023-06-12 17:03:08 Job terminated.
	(1) Normal termination (return value 0)
		Usr 0 00:00:40, Sys 0 00:00:01  -  Run Remote Usage
		Usr 0 00:00:00, Sys 0 00:00:00  -  Run Local Usage
		Usr 0 00:00:40, Sys 0 00:00:01  -  Total Remote Usage
		Usr 0 00:00:00, Sys 0 00:00:00  -  Total Local Usage
	9237  -  Run Bytes Sent By Job
	149  -  Run Bytes Received By Job
	9237  -  Total Bytes Sent By Job
	149  -  Total Bytes Received By Job
	Partitionable Resources :    Usage  Request Allocated 
	   Cpus                 :                 1         1 
	   Disk (KB)            :       54        1    127899 
	   Memory (MB)          :      204     3900      3968 

	Job terminated of its own accord at 2023-06-12T08:03:08Z.
...
006 (310977.003.000) 2023-06-12 17:03:10 Image size of job updated: 696336
	195  -  MemoryUsage of job (MB)
	198816  -  ResidentSetSize of job (KB)
...
040 (310977.003.000) 2023-06-12 17:03:10 Started transferring output files
...
040 (310977.003.000) 2023-06-12 17:03:10 Finished transferring output files
...
005 (310977.003.000) 2023-06-12 17:03:10 Job terminated.
	(1) Normal termination (return value 0)
		Usr 0 00:00:43, Sys 0 00:00:01  -  Run Remote Usage
		Usr 0 00:00:00, Sys 0 00:00:00  -  Run Local Usage
		Usr 0 00:00:43, Sys 0 00:00:01  -  Total Remote Usage
		Usr 0 00:00:00, Sys 0 00:00:00  -  Total Local Usage
	9257  -  Run Bytes Sent By Job
	149  -  Run Bytes Received By Job
	9257  -  Total Bytes Sent By Job
	149  -  Total Bytes Received By Job
	Partitionable Resources :    Usage  Request Allocated 
	   Cpus                 :                 1         1 
	   Disk (KB)            :       54        1    127899 
	   Memory (MB)          :      195     3900      3968 

	Job terminated of its own accord at 2023-06-12T08:03:10Z.
...
006 (310977.002.000) 2023-06-12 17:03:18 Image size of job updated: 691164
	204  -  MemoryUsage of job (MB)
	208760  -  ResidentSetSize of job (KB)
...
040 (310977.002.000) 2023-06-12 17:03:18 Started transferring output files
...
040 (310977.002.000) 2023-06-12 17:03:18 Finished transferring output files
...
005 (310977.002.000) 2023-06-12 17:03:18 Job terminated.
	(1) Normal termination (return value 0)
		Usr 0 00:00:50, Sys 0 00:00:01  -  Run Remote Usage
		Usr 0 00:00:00, Sys 0 00:00:00  -  Run Local Usage
		Usr 0 00:00:50, Sys 0 00:00:01  -  Total Remote Usage
		Usr 0 00:00:00, Sys 0 00:00:00  -  Total Local Usage
	9195  -  Run Bytes Sent By Job
	149  -  Run Bytes Received By Job
	9195  -  Total Bytes Sent By Job
	149  -  Total Bytes Received By Job
	Partitionable Resources :    Usage  Request Allocated 
	   Cpus                 :                 1         1 
	   Disk (KB)            :       54        1    127899 
	   Memory (MB)          :      204     3900      3968 

	Job terminated of its own accord at 2023-06-12T08:03:18Z.
...
006 (310977.007.000) 2023-06-12 17:03:18 Image size of job updated: 692500
	186  -  MemoryUsage of job (MB)
	189600  -  ResidentSetSize of job (KB)
...
040 (310977.007.000) 2023-06-12 17:03:19 Started transferring output files
...
040 (310977.007.000) 2023-06-12 17:03:19 Finished transferring output files
...
005 (310977.007.000) 2023-06-12 17:03:19 Job terminated.
	(1) Normal termination (return value 0)
		Usr 0 00:00:51, Sys 0 00:00:01  -  Run Remote Usage
		Usr 0 00:00:00, Sys 0 00:00:00  -  Run Local Usage
		Usr 0 00:00:51, Sys 0 00:00:01  -  Total Remote Usage
		Usr 0 00:00:00, Sys 0 00:00:00  -  Total Local Usage
	9175  -  Run Bytes Sent By Job
	149  -  Run Bytes Received By Job
	9175  -  Total Bytes Sent By Job
	149  -  Total Bytes Received By Job
	Partitionable Resources :    Usage  Request Allocated 
	   Cpus                 :                 1         1 
	   Disk (KB)            :       54        1    127899 
	   Memory (MB)          :      186     3900      3968 

	Job terminated of its own accord at 2023-06-12T08:03:18Z.
...
006 (310977.001.000) 2023-06-12 17:03:27 Image size of job updated: 692548
	173  -  MemoryUsage of job (MB)
	176720  -  ResidentSetSize of job (KB)
...
040 (310977.001.000) 2023-06-12 17:03:27 Started transferring output files
...
040 (310977.001.000) 2023-06-12 17:03:27 Finished transferring output files
...
005 (310977.001.000) 2023-06-12 17:03:27 Job terminated.
	(1) Normal termination (return value 0)
		Usr 0 00:00:58, Sys 0 00:00:02  -  Run Remote Usage
		Usr 0 00:00:00, Sys 0 00:00:00  -  Run Local Usage
		Usr 0 00:00:58, Sys 0 00:00:02  -  Total Remote Usage
		Usr 0 00:00:00, Sys 0 00:00:00  -  Total Local Usage
	9226  -  Run Bytes Sent By Job
	149  -  Run Bytes Received By Job
	9226  -  Total Bytes Sent By Job
	149  -  Total Bytes Received By Job
	Partitionable Resources :    Usage  Request Allocated 
	   Cpus                 :     0.96        1         1 
	   Disk (KB)            :    59           1     61930 
	   Memory (MB)          :   173        3900      3968 

	Job terminated of its own accord at 2023-06-12T08:03:27Z.
...
006 (310977.000.000) 2023-06-12 17:03:28 Image size of job updated: 698320
	178  -  MemoryUsage of job (MB)
	181608  -  ResidentSetSize of job (KB)
...
040 (310977.000.000) 2023-06-12 17:03:28 Started transferring output files
...
040 (310977.000.000) 2023-06-12 17:03:28 Finished transferring output files
...
005 (310977.000.000) 2023-06-12 17:03:28 Job terminated.
	(1) Normal termination (return value 0)
		Usr 0 00:00:59, Sys 0 00:00:02  -  Run Remote Usage
		Usr 0 00:00:00, Sys 0 00:00:00  -  Run Local Usage
		Usr 0 00:00:59, Sys 0 00:00:02  -  Total Remote Usage
		Usr 0 00:00:00, Sys 0 00:00:00  -  Total Local Usage
	9288  -  Run Bytes Sent By Job
	149  -  Run Bytes Received By Job
	9288  -  Total Bytes Sent By Job
	149  -  Total Bytes Received By Job
	Partitionable Resources :    Usage  Request Allocated 
	   Cpus                 :     0.98        1         1 
	   Disk (KB)            :    59           1     61930 
	   Memory (MB)          :   178        3900      3968 

	Job terminated of its own accord at 2023-06-12T08:03:28Z.
...
