000 (330153.000.000) 2023-07-25 12:44:46 Job submitted from host: <172.30.1.200:9618?addrs=172.30.1.200-9618&alias=tamsa2.snu.ac.kr&noUDP&sock=schedd_3510_2582>
...
000 (330153.001.000) 2023-07-25 12:44:46 Job submitted from host: <172.30.1.200:9618?addrs=172.30.1.200-9618&alias=tamsa2.snu.ac.kr&noUDP&sock=schedd_3510_2582>
...
000 (330153.002.000) 2023-07-25 12:44:46 Job submitted from host: <172.30.1.200:9618?addrs=172.30.1.200-9618&alias=tamsa2.snu.ac.kr&noUDP&sock=schedd_3510_2582>
...
000 (330153.003.000) 2023-07-25 12:44:46 Job submitted from host: <172.30.1.200:9618?addrs=172.30.1.200-9618&alias=tamsa2.snu.ac.kr&noUDP&sock=schedd_3510_2582>
...
000 (330153.004.000) 2023-07-25 12:44:46 Job submitted from host: <172.30.1.200:9618?addrs=172.30.1.200-9618&alias=tamsa2.snu.ac.kr&noUDP&sock=schedd_3510_2582>
...
000 (330153.005.000) 2023-07-25 12:44:46 Job submitted from host: <172.30.1.200:9618?addrs=172.30.1.200-9618&alias=tamsa2.snu.ac.kr&noUDP&sock=schedd_3510_2582>
...
000 (330153.006.000) 2023-07-25 12:44:46 Job submitted from host: <172.30.1.200:9618?addrs=172.30.1.200-9618&alias=tamsa2.snu.ac.kr&noUDP&sock=schedd_3510_2582>
...
000 (330153.007.000) 2023-07-25 12:44:46 Job submitted from host: <172.30.1.200:9618?addrs=172.30.1.200-9618&alias=tamsa2.snu.ac.kr&noUDP&sock=schedd_3510_2582>
...
000 (330153.008.000) 2023-07-25 12:44:46 Job submitted from host: <172.30.1.200:9618?addrs=172.30.1.200-9618&alias=tamsa2.snu.ac.kr&noUDP&sock=schedd_3510_2582>
...
000 (330153.009.000) 2023-07-25 12:44:46 Job submitted from host: <172.30.1.200:9618?addrs=172.30.1.200-9618&alias=tamsa2.snu.ac.kr&noUDP&sock=schedd_3510_2582>
...
001 (330153.000.000) 2023-07-25 12:45:03 Job executing on host: <172.30.1.205:9618?addrs=172.30.1.205-9618&alias=node5&noUDP&sock=startd_3770_7c22>
...
001 (330153.001.000) 2023-07-25 12:45:03 Job executing on host: <172.30.1.205:9618?addrs=172.30.1.205-9618&alias=node5&noUDP&sock=startd_3770_7c22>
...
001 (330153.002.000) 2023-07-25 12:45:04 Job executing on host: <172.30.1.205:9618?addrs=172.30.1.205-9618&alias=node5&noUDP&sock=startd_3770_7c22>
...
001 (330153.003.000) 2023-07-25 12:45:04 Job executing on host: <172.30.1.205:9618?addrs=172.30.1.205-9618&alias=node5&noUDP&sock=startd_3770_7c22>
...
001 (330153.004.000) 2023-07-25 12:45:04 Job executing on host: <172.30.1.205:9618?addrs=172.30.1.205-9618&alias=node5&noUDP&sock=startd_3770_7c22>
...
001 (330153.005.000) 2023-07-25 12:45:04 Job executing on host: <172.30.1.205:9618?addrs=172.30.1.205-9618&alias=node5&noUDP&sock=startd_3770_7c22>
...
001 (330153.006.000) 2023-07-25 12:45:04 Job executing on host: <172.30.1.205:9618?addrs=172.30.1.205-9618&alias=node5&noUDP&sock=startd_3770_7c22>
...
001 (330153.008.000) 2023-07-25 12:45:04 Job executing on host: <172.30.1.205:9618?addrs=172.30.1.205-9618&alias=node5&noUDP&sock=startd_3770_7c22>
...
001 (330153.007.000) 2023-07-25 12:45:04 Job executing on host: <172.30.1.205:9618?addrs=172.30.1.205-9618&alias=node5&noUDP&sock=startd_3770_7c22>
...
001 (330153.009.000) 2023-07-25 12:45:04 Job executing on host: <172.30.1.205:9618?addrs=172.30.1.205-9618&alias=node5&noUDP&sock=startd_3770_7c22>
...
006 (330153.000.000) 2023-07-25 12:45:11 Image size of job updated: 485936
	207  -  MemoryUsage of job (MB)
	211004  -  ResidentSetSize of job (KB)
...
006 (330153.001.000) 2023-07-25 12:45:12 Image size of job updated: 686560
	207  -  MemoryUsage of job (MB)
	211108  -  ResidentSetSize of job (KB)
...
006 (330153.002.000) 2023-07-25 12:45:12 Image size of job updated: 686416
	208  -  MemoryUsage of job (MB)
	212836  -  ResidentSetSize of job (KB)
...
006 (330153.003.000) 2023-07-25 12:45:12 Image size of job updated: 686372
	206  -  MemoryUsage of job (MB)
	210884  -  ResidentSetSize of job (KB)
...
006 (330153.004.000) 2023-07-25 12:45:12 Image size of job updated: 686292
	206  -  MemoryUsage of job (MB)
	210844  -  ResidentSetSize of job (KB)
...
006 (330153.005.000) 2023-07-25 12:45:12 Image size of job updated: 645124
	195  -  MemoryUsage of job (MB)
	199368  -  ResidentSetSize of job (KB)
...
006 (330153.006.000) 2023-07-25 12:45:12 Image size of job updated: 686436
	207  -  MemoryUsage of job (MB)
	210952  -  ResidentSetSize of job (KB)
...
006 (330153.008.000) 2023-07-25 12:45:13 Image size of job updated: 645148
	207  -  MemoryUsage of job (MB)
	211104  -  ResidentSetSize of job (KB)
...
006 (330153.007.000) 2023-07-25 12:45:13 Image size of job updated: 686328
	206  -  MemoryUsage of job (MB)
	210860  -  ResidentSetSize of job (KB)
...
006 (330153.009.000) 2023-07-25 12:45:13 Image size of job updated: 645124
	207  -  MemoryUsage of job (MB)
	211028  -  ResidentSetSize of job (KB)
...
005 (330153.007.000) 2023-07-25 12:45:18 Job terminated.
	(1) Normal termination (return value 0)
		Usr 0 00:00:12, Sys 0 00:00:00  -  Run Remote Usage
		Usr 0 00:00:00, Sys 0 00:00:00  -  Run Local Usage
		Usr 0 00:00:12, Sys 0 00:00:00  -  Total Remote Usage
		Usr 0 00:00:00, Sys 0 00:00:00  -  Total Local Usage
	0  -  Run Bytes Sent By Job
	0  -  Run Bytes Received By Job
	0  -  Total Bytes Sent By Job
	0  -  Total Bytes Received By Job
	Partitionable Resources :    Usage  Request Allocated 
	   Cpus                 :                 1         1 
	   Disk (KB)            :        1        1    128928 
	   Memory (MB)          :      206     3900      3968 

	Job terminated of its own accord at 2023-07-25T03:45:18Z.
...
006 (330153.004.000) 2023-07-25 12:45:18 Image size of job updated: 688228
	206  -  MemoryUsage of job (MB)
	210844  -  ResidentSetSize of job (KB)
...
005 (330153.004.000) 2023-07-25 12:45:18 Job terminated.
	(1) Normal termination (return value 0)
		Usr 0 00:00:13, Sys 0 00:00:00  -  Run Remote Usage
		Usr 0 00:00:00, Sys 0 00:00:00  -  Run Local Usage
		Usr 0 00:00:13, Sys 0 00:00:00  -  Total Remote Usage
		Usr 0 00:00:00, Sys 0 00:00:00  -  Total Local Usage
	0  -  Run Bytes Sent By Job
	0  -  Run Bytes Received By Job
	0  -  Total Bytes Sent By Job
	0  -  Total Bytes Received By Job
	Partitionable Resources :    Usage  Request Allocated 
	   Cpus                 :                 1         1 
	   Disk (KB)            :        1        1    128928 
	   Memory (MB)          :      206     3900      3968 

	Job terminated of its own accord at 2023-07-25T03:45:18Z.
...
006 (330153.003.000) 2023-07-25 12:45:18 Image size of job updated: 688308
	206  -  MemoryUsage of job (MB)
	210884  -  ResidentSetSize of job (KB)
...
006 (330153.000.000) 2023-07-25 12:45:18 Image size of job updated: 688404
	207  -  MemoryUsage of job (MB)
	211004  -  ResidentSetSize of job (KB)
...
005 (330153.003.000) 2023-07-25 12:45:18 Job terminated.
	(1) Normal termination (return value 0)
		Usr 0 00:00:13, Sys 0 00:00:00  -  Run Remote Usage
		Usr 0 00:00:00, Sys 0 00:00:00  -  Run Local Usage
		Usr 0 00:00:13, Sys 0 00:00:00  -  Total Remote Usage
		Usr 0 00:00:00, Sys 0 00:00:00  -  Total Local Usage
	0  -  Run Bytes Sent By Job
	0  -  Run Bytes Received By Job
	0  -  Total Bytes Sent By Job
	0  -  Total Bytes Received By Job
	Partitionable Resources :    Usage  Request Allocated 
	   Cpus                 :                 1         1 
	   Disk (KB)            :        1        1    128928 
	   Memory (MB)          :      206     3900      3968 

	Job terminated of its own accord at 2023-07-25T03:45:18Z.
...
005 (330153.000.000) 2023-07-25 12:45:18 Job terminated.
	(1) Normal termination (return value 0)
		Usr 0 00:00:13, Sys 0 00:00:00  -  Run Remote Usage
		Usr 0 00:00:00, Sys 0 00:00:00  -  Run Local Usage
		Usr 0 00:00:13, Sys 0 00:00:00  -  Total Remote Usage
		Usr 0 00:00:00, Sys 0 00:00:00  -  Total Local Usage
	0  -  Run Bytes Sent By Job
	0  -  Run Bytes Received By Job
	0  -  Total Bytes Sent By Job
	0  -  Total Bytes Received By Job
	Partitionable Resources :    Usage  Request Allocated 
	   Cpus                 :                 1         1 
	   Disk (KB)            :        1        1    128928 
	   Memory (MB)          :      207     3900      3968 

	Job terminated of its own accord at 2023-07-25T03:45:18Z.
...
006 (330153.001.000) 2023-07-25 12:45:19 Image size of job updated: 688496
	207  -  MemoryUsage of job (MB)
	211108  -  ResidentSetSize of job (KB)
...
005 (330153.001.000) 2023-07-25 12:45:19 Job terminated.
	(1) Normal termination (return value 0)
		Usr 0 00:00:14, Sys 0 00:00:00  -  Run Remote Usage
		Usr 0 00:00:00, Sys 0 00:00:00  -  Run Local Usage
		Usr 0 00:00:14, Sys 0 00:00:00  -  Total Remote Usage
		Usr 0 00:00:00, Sys 0 00:00:00  -  Total Local Usage
	0  -  Run Bytes Sent By Job
	0  -  Run Bytes Received By Job
	0  -  Total Bytes Sent By Job
	0  -  Total Bytes Received By Job
	Partitionable Resources :    Usage  Request Allocated 
	   Cpus                 :                 1         1 
	   Disk (KB)            :        1        1    128928 
	   Memory (MB)          :      207     3900      3968 

	Job terminated of its own accord at 2023-07-25T03:45:18Z.
...
006 (330153.008.000) 2023-07-25 12:45:20 Image size of job updated: 686692
	207  -  MemoryUsage of job (MB)
	211104  -  ResidentSetSize of job (KB)
...
005 (330153.008.000) 2023-07-25 12:45:20 Job terminated.
	(1) Normal termination (return value 0)
		Usr 0 00:00:14, Sys 0 00:00:00  -  Run Remote Usage
		Usr 0 00:00:00, Sys 0 00:00:00  -  Run Local Usage
		Usr 0 00:00:14, Sys 0 00:00:00  -  Total Remote Usage
		Usr 0 00:00:00, Sys 0 00:00:00  -  Total Local Usage
	0  -  Run Bytes Sent By Job
	0  -  Run Bytes Received By Job
	0  -  Total Bytes Sent By Job
	0  -  Total Bytes Received By Job
	Partitionable Resources :    Usage  Request Allocated 
	   Cpus                 :                 1         1 
	   Disk (KB)            :        1        1    128928 
	   Memory (MB)          :      207     3900      3968 

	Job terminated of its own accord at 2023-07-25T03:45:20Z.
...
006 (330153.002.000) 2023-07-25 12:45:20 Image size of job updated: 686552
	208  -  MemoryUsage of job (MB)
	212836  -  ResidentSetSize of job (KB)
...
005 (330153.002.000) 2023-07-25 12:45:20 Job terminated.
	(1) Normal termination (return value 0)
		Usr 0 00:00:15, Sys 0 00:00:00  -  Run Remote Usage
		Usr 0 00:00:00, Sys 0 00:00:00  -  Run Local Usage
		Usr 0 00:00:15, Sys 0 00:00:00  -  Total Remote Usage
		Usr 0 00:00:00, Sys 0 00:00:00  -  Total Local Usage
	0  -  Run Bytes Sent By Job
	0  -  Run Bytes Received By Job
	0  -  Total Bytes Sent By Job
	0  -  Total Bytes Received By Job
	Partitionable Resources :    Usage  Request Allocated 
	   Cpus                 :                 1         1 
	   Disk (KB)            :        1        1    128928 
	   Memory (MB)          :      208     3900      3968 

	Job terminated of its own accord at 2023-07-25T03:45:20Z.
...
006 (330153.006.000) 2023-07-25 12:45:20 Image size of job updated: 688372
	207  -  MemoryUsage of job (MB)
	210952  -  ResidentSetSize of job (KB)
...
005 (330153.006.000) 2023-07-25 12:45:20 Job terminated.
	(1) Normal termination (return value 0)
		Usr 0 00:00:15, Sys 0 00:00:01  -  Run Remote Usage
		Usr 0 00:00:00, Sys 0 00:00:00  -  Run Local Usage
		Usr 0 00:00:15, Sys 0 00:00:01  -  Total Remote Usage
		Usr 0 00:00:00, Sys 0 00:00:00  -  Total Local Usage
	0  -  Run Bytes Sent By Job
	0  -  Run Bytes Received By Job
	0  -  Total Bytes Sent By Job
	0  -  Total Bytes Received By Job
	Partitionable Resources :    Usage  Request Allocated 
	   Cpus                 :                 1         1 
	   Disk (KB)            :        1        1    128928 
	   Memory (MB)          :      207     3900      3968 

	Job terminated of its own accord at 2023-07-25T03:45:20Z.
...
006 (330153.005.000) 2023-07-25 12:45:20 Image size of job updated: 688360
	195  -  MemoryUsage of job (MB)
	199380  -  ResidentSetSize of job (KB)
...
005 (330153.005.000) 2023-07-25 12:45:20 Job terminated.
	(1) Normal termination (return value 0)
		Usr 0 00:00:15, Sys 0 00:00:00  -  Run Remote Usage
		Usr 0 00:00:00, Sys 0 00:00:00  -  Run Local Usage
		Usr 0 00:00:15, Sys 0 00:00:00  -  Total Remote Usage
		Usr 0 00:00:00, Sys 0 00:00:00  -  Total Local Usage
	0  -  Run Bytes Sent By Job
	0  -  Run Bytes Received By Job
	0  -  Total Bytes Sent By Job
	0  -  Total Bytes Received By Job
	Partitionable Resources :    Usage  Request Allocated 
	   Cpus                 :                 1         1 
	   Disk (KB)            :        1        1    128928 
	   Memory (MB)          :      195     3900      3968 

	Job terminated of its own accord at 2023-07-25T03:45:20Z.
...
006 (330153.009.000) 2023-07-25 12:45:20 Image size of job updated: 688412
	207  -  MemoryUsage of job (MB)
	211028  -  ResidentSetSize of job (KB)
...
005 (330153.009.000) 2023-07-25 12:45:20 Job terminated.
	(1) Normal termination (return value 0)
		Usr 0 00:00:14, Sys 0 00:00:00  -  Run Remote Usage
		Usr 0 00:00:00, Sys 0 00:00:00  -  Run Local Usage
		Usr 0 00:00:14, Sys 0 00:00:00  -  Total Remote Usage
		Usr 0 00:00:00, Sys 0 00:00:00  -  Total Local Usage
	0  -  Run Bytes Sent By Job
	0  -  Run Bytes Received By Job
	0  -  Total Bytes Sent By Job
	0  -  Total Bytes Received By Job
	Partitionable Resources :    Usage  Request Allocated 
	   Cpus                 :                 1         1 
	   Disk (KB)            :        1        1    128928 
	   Memory (MB)          :      207     3900      3968 

	Job terminated of its own accord at 2023-07-25T03:45:20Z.
...
