000 (311075.000.000) 2023-06-12 18:18:28 Job submitted from host: <172.30.1.200:9618?addrs=172.30.1.200-9618&alias=tamsa2.snu.ac.kr&noUDP&sock=schedd_3510_2582>
...
000 (311075.001.000) 2023-06-12 18:18:28 Job submitted from host: <172.30.1.200:9618?addrs=172.30.1.200-9618&alias=tamsa2.snu.ac.kr&noUDP&sock=schedd_3510_2582>
...
000 (311075.002.000) 2023-06-12 18:18:28 Job submitted from host: <172.30.1.200:9618?addrs=172.30.1.200-9618&alias=tamsa2.snu.ac.kr&noUDP&sock=schedd_3510_2582>
...
000 (311075.003.000) 2023-06-12 18:18:28 Job submitted from host: <172.30.1.200:9618?addrs=172.30.1.200-9618&alias=tamsa2.snu.ac.kr&noUDP&sock=schedd_3510_2582>
...
000 (311075.004.000) 2023-06-12 18:18:28 Job submitted from host: <172.30.1.200:9618?addrs=172.30.1.200-9618&alias=tamsa2.snu.ac.kr&noUDP&sock=schedd_3510_2582>
...
000 (311075.005.000) 2023-06-12 18:18:28 Job submitted from host: <172.30.1.200:9618?addrs=172.30.1.200-9618&alias=tamsa2.snu.ac.kr&noUDP&sock=schedd_3510_2582>
...
000 (311075.006.000) 2023-06-12 18:18:28 Job submitted from host: <172.30.1.200:9618?addrs=172.30.1.200-9618&alias=tamsa2.snu.ac.kr&noUDP&sock=schedd_3510_2582>
...
000 (311075.007.000) 2023-06-12 18:18:28 Job submitted from host: <172.30.1.200:9618?addrs=172.30.1.200-9618&alias=tamsa2.snu.ac.kr&noUDP&sock=schedd_3510_2582>
...
000 (311075.008.000) 2023-06-12 18:18:28 Job submitted from host: <172.30.1.200:9618?addrs=172.30.1.200-9618&alias=tamsa2.snu.ac.kr&noUDP&sock=schedd_3510_2582>
...
000 (311075.009.000) 2023-06-12 18:18:28 Job submitted from host: <172.30.1.200:9618?addrs=172.30.1.200-9618&alias=tamsa2.snu.ac.kr&noUDP&sock=schedd_3510_2582>
...
040 (311075.000.000) 2023-06-12 18:18:35 Started transferring input files
	Transferring to host: <172.30.1.110:9618?addrs=172.30.1.110-9618&alias=n10&noUDP&sock=slot1_8_4288_08a7_22575>
...
040 (311075.000.000) 2023-06-12 18:18:35 Finished transferring input files
...
040 (311075.002.000) 2023-06-12 18:18:35 Started transferring input files
	Transferring to host: <172.30.1.110:9618?addrs=172.30.1.110-9618&alias=n10&noUDP&sock=slot1_10_4288_08a7_22576>
...
040 (311075.002.000) 2023-06-12 18:18:35 Finished transferring input files
...
040 (311075.001.000) 2023-06-12 18:18:35 Started transferring input files
	Transferring to host: <172.30.1.110:9618?addrs=172.30.1.110-9618&alias=n10&noUDP&sock=slot1_9_4288_08a7_22577>
...
040 (311075.001.000) 2023-06-12 18:18:35 Finished transferring input files
...
040 (311075.003.000) 2023-06-12 18:18:35 Started transferring input files
	Transferring to host: <172.30.1.110:9618?addrs=172.30.1.110-9618&alias=n10&noUDP&sock=slot1_12_4288_08a7_22578>
...
040 (311075.003.000) 2023-06-12 18:18:35 Finished transferring input files
...
040 (311075.004.000) 2023-06-12 18:18:35 Started transferring input files
	Transferring to host: <172.30.1.110:9618?addrs=172.30.1.110-9618&alias=n10&noUDP&sock=slot1_14_4288_08a7_22579>
...
040 (311075.004.000) 2023-06-12 18:18:35 Finished transferring input files
...
040 (311075.006.000) 2023-06-12 18:18:35 Started transferring input files
	Transferring to host: <172.30.1.110:9618?addrs=172.30.1.110-9618&alias=n10&noUDP&sock=slot1_26_4288_08a7_22580>
...
040 (311075.006.000) 2023-06-12 18:18:35 Finished transferring input files
...
040 (311075.005.000) 2023-06-12 18:18:35 Started transferring input files
	Transferring to host: <172.30.1.110:9618?addrs=172.30.1.110-9618&alias=n10&noUDP&sock=slot1_15_4288_08a7_22581>
...
040 (311075.005.000) 2023-06-12 18:18:35 Finished transferring input files
...
040 (311075.007.000) 2023-06-12 18:18:35 Started transferring input files
	Transferring to host: <172.30.1.110:9618?addrs=172.30.1.110-9618&alias=n10&noUDP&sock=slot1_27_4288_08a7_22582>
...
040 (311075.007.000) 2023-06-12 18:18:35 Finished transferring input files
...
040 (311075.008.000) 2023-06-12 18:18:35 Started transferring input files
	Transferring to host: <172.30.1.110:9618?addrs=172.30.1.110-9618&alias=n10&noUDP&sock=slot1_28_4288_08a7_22583>
...
040 (311075.008.000) 2023-06-12 18:18:35 Finished transferring input files
...
040 (311075.009.000) 2023-06-12 18:18:35 Started transferring input files
	Transferring to host: <172.30.1.110:9618?addrs=172.30.1.110-9618&alias=n10&noUDP&sock=slot1_29_4288_08a7_22584>
...
040 (311075.009.000) 2023-06-12 18:18:35 Finished transferring input files
...
001 (311075.000.000) 2023-06-12 18:18:36 Job executing on host: <172.30.1.110:9618?addrs=172.30.1.110-9618&alias=n10&noUDP&sock=startd_4254_77f9>
...
001 (311075.002.000) 2023-06-12 18:18:36 Job executing on host: <172.30.1.110:9618?addrs=172.30.1.110-9618&alias=n10&noUDP&sock=startd_4254_77f9>
...
001 (311075.001.000) 2023-06-12 18:18:36 Job executing on host: <172.30.1.110:9618?addrs=172.30.1.110-9618&alias=n10&noUDP&sock=startd_4254_77f9>
...
001 (311075.003.000) 2023-06-12 18:18:36 Job executing on host: <172.30.1.110:9618?addrs=172.30.1.110-9618&alias=n10&noUDP&sock=startd_4254_77f9>
...
001 (311075.004.000) 2023-06-12 18:18:36 Job executing on host: <172.30.1.110:9618?addrs=172.30.1.110-9618&alias=n10&noUDP&sock=startd_4254_77f9>
...
001 (311075.006.000) 2023-06-12 18:18:36 Job executing on host: <172.30.1.110:9618?addrs=172.30.1.110-9618&alias=n10&noUDP&sock=startd_4254_77f9>
...
001 (311075.005.000) 2023-06-12 18:18:36 Job executing on host: <172.30.1.110:9618?addrs=172.30.1.110-9618&alias=n10&noUDP&sock=startd_4254_77f9>
...
001 (311075.007.000) 2023-06-12 18:18:36 Job executing on host: <172.30.1.110:9618?addrs=172.30.1.110-9618&alias=n10&noUDP&sock=startd_4254_77f9>
...
001 (311075.008.000) 2023-06-12 18:18:36 Job executing on host: <172.30.1.110:9618?addrs=172.30.1.110-9618&alias=n10&noUDP&sock=startd_4254_77f9>
...
001 (311075.009.000) 2023-06-12 18:18:36 Job executing on host: <172.30.1.110:9618?addrs=172.30.1.110-9618&alias=n10&noUDP&sock=startd_4254_77f9>
...
006 (311075.000.000) 2023-06-12 18:18:44 Image size of job updated: 385952
	184  -  MemoryUsage of job (MB)
	187924  -  ResidentSetSize of job (KB)
...
006 (311075.002.000) 2023-06-12 18:18:44 Image size of job updated: 385952
	184  -  MemoryUsage of job (MB)
	188032  -  ResidentSetSize of job (KB)
...
006 (311075.001.000) 2023-06-12 18:18:44 Image size of job updated: 385952
	205  -  MemoryUsage of job (MB)
	209768  -  ResidentSetSize of job (KB)
...
006 (311075.003.000) 2023-06-12 18:18:44 Image size of job updated: 387560
	205  -  MemoryUsage of job (MB)
	209744  -  ResidentSetSize of job (KB)
...
006 (311075.004.000) 2023-06-12 18:18:44 Image size of job updated: 388736
	205  -  MemoryUsage of job (MB)
	209764  -  ResidentSetSize of job (KB)
...
006 (311075.006.000) 2023-06-12 18:18:45 Image size of job updated: 272772
	205  -  MemoryUsage of job (MB)
	209772  -  ResidentSetSize of job (KB)
...
006 (311075.005.000) 2023-06-12 18:18:45 Image size of job updated: 300932
	205  -  MemoryUsage of job (MB)
	209800  -  ResidentSetSize of job (KB)
...
006 (311075.007.000) 2023-06-12 18:18:45 Image size of job updated: 301540
	207  -  MemoryUsage of job (MB)
	211508  -  ResidentSetSize of job (KB)
...
006 (311075.008.000) 2023-06-12 18:18:45 Image size of job updated: 233220
	209  -  MemoryUsage of job (MB)
	213264  -  ResidentSetSize of job (KB)
...
006 (311075.009.000) 2023-06-12 18:18:45 Image size of job updated: 209756
	205  -  MemoryUsage of job (MB)
	209756  -  ResidentSetSize of job (KB)
...
006 (311075.008.000) 2023-06-12 18:19:01 Image size of job updated: 686712
	209  -  MemoryUsage of job (MB)
	213264  -  ResidentSetSize of job (KB)
...
040 (311075.008.000) 2023-06-12 18:19:01 Started transferring output files
...
040 (311075.008.000) 2023-06-12 18:19:01 Finished transferring output files
...
005 (311075.008.000) 2023-06-12 18:19:01 Job terminated.
	(1) Normal termination (return value 0)
		Usr 0 00:00:21, Sys 0 00:00:01  -  Run Remote Usage
		Usr 0 00:00:00, Sys 0 00:00:00  -  Run Local Usage
		Usr 0 00:00:21, Sys 0 00:00:01  -  Total Remote Usage
		Usr 0 00:00:00, Sys 0 00:00:00  -  Total Local Usage
	7494  -  Run Bytes Sent By Job
	148  -  Run Bytes Received By Job
	7494  -  Total Bytes Sent By Job
	148  -  Total Bytes Received By Job
	Partitionable Resources :    Usage  Request Allocated 
	   Cpus                 :        0        1         1 
	   Disk (KB)            :       58        1    127899 
	   Memory (MB)          :      209     3900      3968 

	Job terminated of its own accord at 2023-06-12T09:19:01Z.
...
006 (311075.003.000) 2023-06-12 18:19:01 Image size of job updated: 693880
	205  -  MemoryUsage of job (MB)
	209744  -  ResidentSetSize of job (KB)
...
040 (311075.003.000) 2023-06-12 18:19:01 Started transferring output files
...
040 (311075.003.000) 2023-06-12 18:19:01 Finished transferring output files
...
005 (311075.003.000) 2023-06-12 18:19:01 Job terminated.
	(1) Normal termination (return value 0)
		Usr 0 00:00:22, Sys 0 00:00:01  -  Run Remote Usage
		Usr 0 00:00:00, Sys 0 00:00:00  -  Run Local Usage
		Usr 0 00:00:22, Sys 0 00:00:01  -  Total Remote Usage
		Usr 0 00:00:00, Sys 0 00:00:00  -  Total Local Usage
	7514  -  Run Bytes Sent By Job
	148  -  Run Bytes Received By Job
	7514  -  Total Bytes Sent By Job
	148  -  Total Bytes Received By Job
	Partitionable Resources :    Usage  Request Allocated 
	   Cpus                 :        0        1         1 
	   Disk (KB)            :       58        1    127899 
	   Memory (MB)          :      205     3900      3968 

	Job terminated of its own accord at 2023-06-12T09:19:01Z.
...
006 (311075.002.000) 2023-06-12 18:19:02 Image size of job updated: 694840
	184  -  MemoryUsage of job (MB)
	188032  -  ResidentSetSize of job (KB)
...
040 (311075.002.000) 2023-06-12 18:19:02 Started transferring output files
...
040 (311075.002.000) 2023-06-12 18:19:03 Finished transferring output files
...
005 (311075.002.000) 2023-06-12 18:19:03 Job terminated.
	(1) Normal termination (return value 0)
		Usr 0 00:00:23, Sys 0 00:00:01  -  Run Remote Usage
		Usr 0 00:00:00, Sys 0 00:00:00  -  Run Local Usage
		Usr 0 00:00:23, Sys 0 00:00:01  -  Total Remote Usage
		Usr 0 00:00:00, Sys 0 00:00:00  -  Total Local Usage
	7514  -  Run Bytes Sent By Job
	148  -  Run Bytes Received By Job
	7514  -  Total Bytes Sent By Job
	148  -  Total Bytes Received By Job
	Partitionable Resources :    Usage  Request Allocated 
	   Cpus                 :     0.03        1         1 
	   Disk (KB)            :    58           1    127899 
	   Memory (MB)          :   184        3900      3968 

	Job terminated of its own accord at 2023-06-12T09:19:02Z.
...
006 (311075.006.000) 2023-06-12 18:19:03 Image size of job updated: 693924
	205  -  MemoryUsage of job (MB)
	209772  -  ResidentSetSize of job (KB)
...
040 (311075.006.000) 2023-06-12 18:19:03 Started transferring output files
...
040 (311075.006.000) 2023-06-12 18:19:03 Finished transferring output files
...
005 (311075.006.000) 2023-06-12 18:19:03 Job terminated.
	(1) Normal termination (return value 0)
		Usr 0 00:00:23, Sys 0 00:00:01  -  Run Remote Usage
		Usr 0 00:00:00, Sys 0 00:00:00  -  Run Local Usage
		Usr 0 00:00:23, Sys 0 00:00:01  -  Total Remote Usage
		Usr 0 00:00:00, Sys 0 00:00:00  -  Total Local Usage
	7494  -  Run Bytes Sent By Job
	148  -  Run Bytes Received By Job
	7494  -  Total Bytes Sent By Job
	148  -  Total Bytes Received By Job
	Partitionable Resources :    Usage  Request Allocated 
	   Cpus                 :        0        1         1 
	   Disk (KB)            :       58        1    127899 
	   Memory (MB)          :      205     3900      3968 

	Job terminated of its own accord at 2023-06-12T09:19:03Z.
...
006 (311075.004.000) 2023-06-12 18:19:05 Image size of job updated: 692168
	205  -  MemoryUsage of job (MB)
	209764  -  ResidentSetSize of job (KB)
...
040 (311075.004.000) 2023-06-12 18:19:05 Started transferring output files
...
040 (311075.004.000) 2023-06-12 18:19:05 Finished transferring output files
...
006 (311075.009.000) 2023-06-12 18:19:05 Image size of job updated: 692160
	205  -  MemoryUsage of job (MB)
	209756  -  ResidentSetSize of job (KB)
...
040 (311075.009.000) 2023-06-12 18:19:05 Started transferring output files
...
040 (311075.009.000) 2023-06-12 18:19:05 Finished transferring output files
...
005 (311075.009.000) 2023-06-12 18:19:05 Job terminated.
	(1) Normal termination (return value 0)
		Usr 0 00:00:24, Sys 0 00:00:01  -  Run Remote Usage
		Usr 0 00:00:00, Sys 0 00:00:00  -  Run Local Usage
		Usr 0 00:00:24, Sys 0 00:00:01  -  Total Remote Usage
		Usr 0 00:00:00, Sys 0 00:00:00  -  Total Local Usage
	7463  -  Run Bytes Sent By Job
	148  -  Run Bytes Received By Job
	7463  -  Total Bytes Sent By Job
	148  -  Total Bytes Received By Job
	Partitionable Resources :    Usage  Request Allocated 
	   Cpus                 :        0        1         1 
	   Disk (KB)            :       58        1    127899 
	   Memory (MB)          :      205     3900      3968 

	Job terminated of its own accord at 2023-06-12T09:19:05Z.
...
006 (311075.005.000) 2023-06-12 18:19:05 Image size of job updated: 696868
	205  -  MemoryUsage of job (MB)
	209800  -  ResidentSetSize of job (KB)
...
040 (311075.005.000) 2023-06-12 18:19:05 Started transferring output files
...
040 (311075.005.000) 2023-06-12 18:19:05 Finished transferring output files
...
005 (311075.005.000) 2023-06-12 18:19:05 Job terminated.
	(1) Normal termination (return value 0)
		Usr 0 00:00:25, Sys 0 00:00:01  -  Run Remote Usage
		Usr 0 00:00:00, Sys 0 00:00:00  -  Run Local Usage
		Usr 0 00:00:25, Sys 0 00:00:01  -  Total Remote Usage
		Usr 0 00:00:00, Sys 0 00:00:00  -  Total Local Usage
	7584  -  Run Bytes Sent By Job
	148  -  Run Bytes Received By Job
	7584  -  Total Bytes Sent By Job
	148  -  Total Bytes Received By Job
	Partitionable Resources :    Usage  Request Allocated 
	   Cpus                 :        0        1         1 
	   Disk (KB)            :       58        1    127899 
	   Memory (MB)          :      205     3900      3968 

	Job terminated of its own accord at 2023-06-12T09:19:05Z.
...
005 (311075.004.000) 2023-06-12 18:19:06 Job terminated.
	(1) Normal termination (return value 0)
		Usr 0 00:00:24, Sys 0 00:00:01  -  Run Remote Usage
		Usr 0 00:00:00, Sys 0 00:00:00  -  Run Local Usage
		Usr 0 00:00:24, Sys 0 00:00:01  -  Total Remote Usage
		Usr 0 00:00:00, Sys 0 00:00:00  -  Total Local Usage
	7535  -  Run Bytes Sent By Job
	148  -  Run Bytes Received By Job
	7535  -  Total Bytes Sent By Job
	148  -  Total Bytes Received By Job
	Partitionable Resources :    Usage  Request Allocated 
	   Cpus                 :        0        1         1 
	   Disk (KB)            :       58        1    127899 
	   Memory (MB)          :      205     3900      3968 

	Job terminated of its own accord at 2023-06-12T09:19:05Z.
...
006 (311075.000.000) 2023-06-12 18:19:07 Image size of job updated: 692152
	184  -  MemoryUsage of job (MB)
	187924  -  ResidentSetSize of job (KB)
...
040 (311075.000.000) 2023-06-12 18:19:07 Started transferring output files
...
040 (311075.000.000) 2023-06-12 18:19:07 Finished transferring output files
...
005 (311075.000.000) 2023-06-12 18:19:07 Job terminated.
	(1) Normal termination (return value 0)
		Usr 0 00:00:27, Sys 0 00:00:01  -  Run Remote Usage
		Usr 0 00:00:00, Sys 0 00:00:00  -  Run Local Usage
		Usr 0 00:00:27, Sys 0 00:00:01  -  Total Remote Usage
		Usr 0 00:00:00, Sys 0 00:00:00  -  Total Local Usage
	7514  -  Run Bytes Sent By Job
	148  -  Run Bytes Received By Job
	7514  -  Total Bytes Sent By Job
	148  -  Total Bytes Received By Job
	Partitionable Resources :    Usage  Request Allocated 
	   Cpus                 :     0.03        1         1 
	   Disk (KB)            :    58           1    127899 
	   Memory (MB)          :   184        3900      3968 

	Job terminated of its own accord at 2023-06-12T09:19:07Z.
...
006 (311075.001.000) 2023-06-12 18:19:10 Image size of job updated: 694932
	205  -  MemoryUsage of job (MB)
	209768  -  ResidentSetSize of job (KB)
...
040 (311075.001.000) 2023-06-12 18:19:10 Started transferring output files
...
040 (311075.001.000) 2023-06-12 18:19:10 Finished transferring output files
...
005 (311075.001.000) 2023-06-12 18:19:10 Job terminated.
	(1) Normal termination (return value 0)
		Usr 0 00:00:31, Sys 0 00:00:01  -  Run Remote Usage
		Usr 0 00:00:00, Sys 0 00:00:00  -  Run Local Usage
		Usr 0 00:00:31, Sys 0 00:00:01  -  Total Remote Usage
		Usr 0 00:00:00, Sys 0 00:00:00  -  Total Local Usage
	7545  -  Run Bytes Sent By Job
	148  -  Run Bytes Received By Job
	7545  -  Total Bytes Sent By Job
	148  -  Total Bytes Received By Job
	Partitionable Resources :    Usage  Request Allocated 
	   Cpus                 :        0        1         1 
	   Disk (KB)            :       58        1    127899 
	   Memory (MB)          :      205     3900      3968 

	Job terminated of its own accord at 2023-06-12T09:19:10Z.
...
006 (311075.007.000) 2023-06-12 18:19:12 Image size of job updated: 692032
	207  -  MemoryUsage of job (MB)
	211508  -  ResidentSetSize of job (KB)
...
040 (311075.007.000) 2023-06-12 18:19:12 Started transferring output files
...
040 (311075.007.000) 2023-06-12 18:19:12 Finished transferring output files
...
005 (311075.007.000) 2023-06-12 18:19:12 Job terminated.
	(1) Normal termination (return value 0)
		Usr 0 00:00:31, Sys 0 00:00:01  -  Run Remote Usage
		Usr 0 00:00:00, Sys 0 00:00:00  -  Run Local Usage
		Usr 0 00:00:31, Sys 0 00:00:01  -  Total Remote Usage
		Usr 0 00:00:00, Sys 0 00:00:00  -  Total Local Usage
	7525  -  Run Bytes Sent By Job
	148  -  Run Bytes Received By Job
	7525  -  Total Bytes Sent By Job
	148  -  Total Bytes Received By Job
	Partitionable Resources :    Usage  Request Allocated 
	   Cpus                 :        0        1         1 
	   Disk (KB)            :       58        1    127899 
	   Memory (MB)          :      207     3900      3968 

	Job terminated of its own accord at 2023-06-12T09:19:12Z.
...
