000 (330193.000.000) 2023-07-25 13:00:42 Job submitted from host: <172.30.1.200:9618?addrs=172.30.1.200-9618&alias=tamsa2.snu.ac.kr&noUDP&sock=schedd_3510_2582>
...
000 (330193.001.000) 2023-07-25 13:00:42 Job submitted from host: <172.30.1.200:9618?addrs=172.30.1.200-9618&alias=tamsa2.snu.ac.kr&noUDP&sock=schedd_3510_2582>
...
000 (330193.002.000) 2023-07-25 13:00:42 Job submitted from host: <172.30.1.200:9618?addrs=172.30.1.200-9618&alias=tamsa2.snu.ac.kr&noUDP&sock=schedd_3510_2582>
...
000 (330193.003.000) 2023-07-25 13:00:42 Job submitted from host: <172.30.1.200:9618?addrs=172.30.1.200-9618&alias=tamsa2.snu.ac.kr&noUDP&sock=schedd_3510_2582>
...
000 (330193.004.000) 2023-07-25 13:00:42 Job submitted from host: <172.30.1.200:9618?addrs=172.30.1.200-9618&alias=tamsa2.snu.ac.kr&noUDP&sock=schedd_3510_2582>
...
000 (330193.005.000) 2023-07-25 13:00:42 Job submitted from host: <172.30.1.200:9618?addrs=172.30.1.200-9618&alias=tamsa2.snu.ac.kr&noUDP&sock=schedd_3510_2582>
...
000 (330193.006.000) 2023-07-25 13:00:42 Job submitted from host: <172.30.1.200:9618?addrs=172.30.1.200-9618&alias=tamsa2.snu.ac.kr&noUDP&sock=schedd_3510_2582>
...
000 (330193.007.000) 2023-07-25 13:00:42 Job submitted from host: <172.30.1.200:9618?addrs=172.30.1.200-9618&alias=tamsa2.snu.ac.kr&noUDP&sock=schedd_3510_2582>
...
000 (330193.008.000) 2023-07-25 13:00:42 Job submitted from host: <172.30.1.200:9618?addrs=172.30.1.200-9618&alias=tamsa2.snu.ac.kr&noUDP&sock=schedd_3510_2582>
...
000 (330193.009.000) 2023-07-25 13:00:42 Job submitted from host: <172.30.1.200:9618?addrs=172.30.1.200-9618&alias=tamsa2.snu.ac.kr&noUDP&sock=schedd_3510_2582>
...
001 (330193.000.000) 2023-07-25 13:00:56 Job executing on host: <172.30.1.205:9618?addrs=172.30.1.205-9618&alias=node5&noUDP&sock=startd_3770_7c22>
...
001 (330193.001.000) 2023-07-25 13:00:56 Job executing on host: <172.30.1.205:9618?addrs=172.30.1.205-9618&alias=node5&noUDP&sock=startd_3770_7c22>
...
001 (330193.003.000) 2023-07-25 13:00:56 Job executing on host: <172.30.1.205:9618?addrs=172.30.1.205-9618&alias=node5&noUDP&sock=startd_3770_7c22>
...
001 (330193.002.000) 2023-07-25 13:00:56 Job executing on host: <172.30.1.205:9618?addrs=172.30.1.205-9618&alias=node5&noUDP&sock=startd_3770_7c22>
...
001 (330193.004.000) 2023-07-25 13:00:56 Job executing on host: <172.30.1.205:9618?addrs=172.30.1.205-9618&alias=node5&noUDP&sock=startd_3770_7c22>
...
001 (330193.005.000) 2023-07-25 13:00:56 Job executing on host: <172.30.1.205:9618?addrs=172.30.1.205-9618&alias=node5&noUDP&sock=startd_3770_7c22>
...
001 (330193.006.000) 2023-07-25 13:00:56 Job executing on host: <172.30.1.205:9618?addrs=172.30.1.205-9618&alias=node5&noUDP&sock=startd_3770_7c22>
...
001 (330193.007.000) 2023-07-25 13:00:56 Job executing on host: <172.30.1.205:9618?addrs=172.30.1.205-9618&alias=node5&noUDP&sock=startd_3770_7c22>
...
001 (330193.009.000) 2023-07-25 13:00:57 Job executing on host: <172.30.1.205:9618?addrs=172.30.1.205-9618&alias=node5&noUDP&sock=startd_3770_7c22>
...
001 (330193.008.000) 2023-07-25 13:00:57 Job executing on host: <172.30.1.205:9618?addrs=172.30.1.205-9618&alias=node5&noUDP&sock=startd_3770_7c22>
...
006 (330193.009.000) 2023-07-25 13:01:05 Image size of job updated: 385952
	195  -  MemoryUsage of job (MB)
	199524  -  ResidentSetSize of job (KB)
...
006 (330193.008.000) 2023-07-25 13:01:05 Image size of job updated: 385952
	183  -  MemoryUsage of job (MB)
	186884  -  ResidentSetSize of job (KB)
...
006 (330193.000.000) 2023-07-25 13:01:05 Image size of job updated: 385952
	205  -  MemoryUsage of job (MB)
	209412  -  ResidentSetSize of job (KB)
...
006 (330193.001.000) 2023-07-25 13:01:05 Image size of job updated: 386748
	194  -  MemoryUsage of job (MB)
	198556  -  ResidentSetSize of job (KB)
...
006 (330193.003.000) 2023-07-25 13:01:05 Image size of job updated: 385952
	183  -  MemoryUsage of job (MB)
	186732  -  ResidentSetSize of job (KB)
...
006 (330193.002.000) 2023-07-25 13:01:05 Image size of job updated: 391524
	206  -  MemoryUsage of job (MB)
	210856  -  ResidentSetSize of job (KB)
...
006 (330193.004.000) 2023-07-25 13:01:05 Image size of job updated: 385964
	207  -  MemoryUsage of job (MB)
	210956  -  ResidentSetSize of job (KB)
...
006 (330193.005.000) 2023-07-25 13:01:05 Image size of job updated: 385952
	207  -  MemoryUsage of job (MB)
	210968  -  ResidentSetSize of job (KB)
...
006 (330193.006.000) 2023-07-25 13:01:05 Image size of job updated: 385952
	183  -  MemoryUsage of job (MB)
	186864  -  ResidentSetSize of job (KB)
...
006 (330193.007.000) 2023-07-25 13:01:06 Image size of job updated: 389676
	205  -  MemoryUsage of job (MB)
	209300  -  ResidentSetSize of job (KB)
...
006 (330193.007.000) 2023-07-25 13:01:12 Image size of job updated: 681980
	205  -  MemoryUsage of job (MB)
	209300  -  ResidentSetSize of job (KB)
...
005 (330193.007.000) 2023-07-25 13:01:12 Job terminated.
	(1) Normal termination (return value 0)
		Usr 0 00:00:13, Sys 0 00:00:01  -  Run Remote Usage
		Usr 0 00:00:00, Sys 0 00:00:00  -  Run Local Usage
		Usr 0 00:00:13, Sys 0 00:00:01  -  Total Remote Usage
		Usr 0 00:00:00, Sys 0 00:00:00  -  Total Local Usage
	0  -  Run Bytes Sent By Job
	0  -  Run Bytes Received By Job
	0  -  Total Bytes Sent By Job
	0  -  Total Bytes Received By Job
	Partitionable Resources :    Usage  Request Allocated 
	   Cpus                 :                 1         1 
	   Disk (KB)            :        1        1    128928 
	   Memory (MB)          :      205     3900      3968 

	Job terminated of its own accord at 2023-07-25T04:01:12Z.
...
006 (330193.005.000) 2023-07-25 13:01:13 Image size of job updated: 686504
	207  -  MemoryUsage of job (MB)
	210968  -  ResidentSetSize of job (KB)
...
005 (330193.005.000) 2023-07-25 13:01:13 Job terminated.
	(1) Normal termination (return value 0)
		Usr 0 00:00:14, Sys 0 00:00:01  -  Run Remote Usage
		Usr 0 00:00:00, Sys 0 00:00:00  -  Run Local Usage
		Usr 0 00:00:14, Sys 0 00:00:01  -  Total Remote Usage
		Usr 0 00:00:00, Sys 0 00:00:00  -  Total Local Usage
	0  -  Run Bytes Sent By Job
	0  -  Run Bytes Received By Job
	0  -  Total Bytes Sent By Job
	0  -  Total Bytes Received By Job
	Partitionable Resources :    Usage  Request Allocated 
	   Cpus                 :                 1         1 
	   Disk (KB)            :        1        1    128928 
	   Memory (MB)          :      207     3900      3968 

	Job terminated of its own accord at 2023-07-25T04:01:13Z.
...
006 (330193.000.000) 2023-07-25 13:01:14 Image size of job updated: 687712
	205  -  MemoryUsage of job (MB)
	209412  -  ResidentSetSize of job (KB)
...
005 (330193.000.000) 2023-07-25 13:01:14 Job terminated.
	(1) Normal termination (return value 0)
		Usr 0 00:00:14, Sys 0 00:00:01  -  Run Remote Usage
		Usr 0 00:00:00, Sys 0 00:00:00  -  Run Local Usage
		Usr 0 00:00:14, Sys 0 00:00:01  -  Total Remote Usage
		Usr 0 00:00:00, Sys 0 00:00:00  -  Total Local Usage
	0  -  Run Bytes Sent By Job
	0  -  Run Bytes Received By Job
	0  -  Total Bytes Sent By Job
	0  -  Total Bytes Received By Job
	Partitionable Resources :    Usage  Request Allocated 
	   Cpus                 :                 1         1 
	   Disk (KB)            :        1        1    128928 
	   Memory (MB)          :      205     3900      3968 

	Job terminated of its own accord at 2023-07-25T04:01:14Z.
...
006 (330193.001.000) 2023-07-25 13:01:14 Image size of job updated: 688352
	194  -  MemoryUsage of job (MB)
	198564  -  ResidentSetSize of job (KB)
...
005 (330193.001.000) 2023-07-25 13:01:14 Job terminated.
	(1) Normal termination (return value 0)
		Usr 0 00:00:15, Sys 0 00:00:00  -  Run Remote Usage
		Usr 0 00:00:00, Sys 0 00:00:00  -  Run Local Usage
		Usr 0 00:00:15, Sys 0 00:00:00  -  Total Remote Usage
		Usr 0 00:00:00, Sys 0 00:00:00  -  Total Local Usage
	0  -  Run Bytes Sent By Job
	0  -  Run Bytes Received By Job
	0  -  Total Bytes Sent By Job
	0  -  Total Bytes Received By Job
	Partitionable Resources :    Usage  Request Allocated 
	   Cpus                 :                 1         1 
	   Disk (KB)            :        1        1    128928 
	   Memory (MB)          :      194     3900      3968 

	Job terminated of its own accord at 2023-07-25T04:01:14Z.
...
006 (330193.009.000) 2023-07-25 13:01:15 Image size of job updated: 686576
	195  -  MemoryUsage of job (MB)
	199576  -  ResidentSetSize of job (KB)
...
005 (330193.009.000) 2023-07-25 13:01:15 Job terminated.
	(1) Normal termination (return value 0)
		Usr 0 00:00:15, Sys 0 00:00:00  -  Run Remote Usage
		Usr 0 00:00:00, Sys 0 00:00:00  -  Run Local Usage
		Usr 0 00:00:15, Sys 0 00:00:00  -  Total Remote Usage
		Usr 0 00:00:00, Sys 0 00:00:00  -  Total Local Usage
	0  -  Run Bytes Sent By Job
	0  -  Run Bytes Received By Job
	0  -  Total Bytes Sent By Job
	0  -  Total Bytes Received By Job
	Partitionable Resources :    Usage  Request Allocated 
	   Cpus                 :                 1         1 
	   Disk (KB)            :        1        1    128928 
	   Memory (MB)          :      195     3900      3968 

	Job terminated of its own accord at 2023-07-25T04:01:15Z.
...
006 (330193.002.000) 2023-07-25 13:01:16 Image size of job updated: 688260
	206  -  MemoryUsage of job (MB)
	210856  -  ResidentSetSize of job (KB)
...
006 (330193.004.000) 2023-07-25 13:01:16 Image size of job updated: 688236
	207  -  MemoryUsage of job (MB)
	210956  -  ResidentSetSize of job (KB)
...
005 (330193.002.000) 2023-07-25 13:01:16 Job terminated.
	(1) Normal termination (return value 0)
		Usr 0 00:00:16, Sys 0 00:00:00  -  Run Remote Usage
		Usr 0 00:00:00, Sys 0 00:00:00  -  Run Local Usage
		Usr 0 00:00:16, Sys 0 00:00:00  -  Total Remote Usage
		Usr 0 00:00:00, Sys 0 00:00:00  -  Total Local Usage
	0  -  Run Bytes Sent By Job
	0  -  Run Bytes Received By Job
	0  -  Total Bytes Sent By Job
	0  -  Total Bytes Received By Job
	Partitionable Resources :    Usage  Request Allocated 
	   Cpus                 :                 1         1 
	   Disk (KB)            :        1        1    128928 
	   Memory (MB)          :      206     3900      3968 

	Job terminated of its own accord at 2023-07-25T04:01:16Z.
...
005 (330193.004.000) 2023-07-25 13:01:16 Job terminated.
	(1) Normal termination (return value 0)
		Usr 0 00:00:17, Sys 0 00:00:00  -  Run Remote Usage
		Usr 0 00:00:00, Sys 0 00:00:00  -  Run Local Usage
		Usr 0 00:00:17, Sys 0 00:00:00  -  Total Remote Usage
		Usr 0 00:00:00, Sys 0 00:00:00  -  Total Local Usage
	0  -  Run Bytes Sent By Job
	0  -  Run Bytes Received By Job
	0  -  Total Bytes Sent By Job
	0  -  Total Bytes Received By Job
	Partitionable Resources :    Usage  Request Allocated 
	   Cpus                 :                 1         1 
	   Disk (KB)            :        1        1    128928 
	   Memory (MB)          :      207     3900      3968 

	Job terminated of its own accord at 2023-07-25T04:01:16Z.
...
006 (330193.008.000) 2023-07-25 13:01:17 Image size of job updated: 688416
	183  -  MemoryUsage of job (MB)
	186884  -  ResidentSetSize of job (KB)
...
005 (330193.008.000) 2023-07-25 13:01:17 Job terminated.
	(1) Normal termination (return value 0)
		Usr 0 00:00:17, Sys 0 00:00:00  -  Run Remote Usage
		Usr 0 00:00:00, Sys 0 00:00:00  -  Run Local Usage
		Usr 0 00:00:17, Sys 0 00:00:00  -  Total Remote Usage
		Usr 0 00:00:00, Sys 0 00:00:00  -  Total Local Usage
	0  -  Run Bytes Sent By Job
	0  -  Run Bytes Received By Job
	0  -  Total Bytes Sent By Job
	0  -  Total Bytes Received By Job
	Partitionable Resources :    Usage  Request Allocated 
	   Cpus                 :                 1         1 
	   Disk (KB)            :        1        1    128928 
	   Memory (MB)          :      183     3900      3968 

	Job terminated of its own accord at 2023-07-25T04:01:17Z.
...
006 (330193.006.000) 2023-07-25 13:01:20 Image size of job updated: 686640
	183  -  MemoryUsage of job (MB)
	186864  -  ResidentSetSize of job (KB)
...
005 (330193.006.000) 2023-07-25 13:01:20 Job terminated.
	(1) Normal termination (return value 0)
		Usr 0 00:00:18, Sys 0 00:00:01  -  Run Remote Usage
		Usr 0 00:00:00, Sys 0 00:00:00  -  Run Local Usage
		Usr 0 00:00:18, Sys 0 00:00:01  -  Total Remote Usage
		Usr 0 00:00:00, Sys 0 00:00:00  -  Total Local Usage
	0  -  Run Bytes Sent By Job
	0  -  Run Bytes Received By Job
	0  -  Total Bytes Sent By Job
	0  -  Total Bytes Received By Job
	Partitionable Resources :    Usage  Request Allocated 
	   Cpus                 :                 1         1 
	   Disk (KB)            :        1        1    128928 
	   Memory (MB)          :      183     3900      3968 

	Job terminated of its own accord at 2023-07-25T04:01:20Z.
...
006 (330193.003.000) 2023-07-25 13:01:23 Image size of job updated: 686696
	183  -  MemoryUsage of job (MB)
	186732  -  ResidentSetSize of job (KB)
...
005 (330193.003.000) 2023-07-25 13:01:23 Job terminated.
	(1) Normal termination (return value 0)
		Usr 0 00:00:21, Sys 0 00:00:00  -  Run Remote Usage
		Usr 0 00:00:00, Sys 0 00:00:00  -  Run Local Usage
		Usr 0 00:00:21, Sys 0 00:00:00  -  Total Remote Usage
		Usr 0 00:00:00, Sys 0 00:00:00  -  Total Local Usage
	0  -  Run Bytes Sent By Job
	0  -  Run Bytes Received By Job
	0  -  Total Bytes Sent By Job
	0  -  Total Bytes Received By Job
	Partitionable Resources :    Usage  Request Allocated 
	   Cpus                 :                 1         1 
	   Disk (KB)            :        1        1    128928 
	   Memory (MB)          :      183     3900      3968 

	Job terminated of its own accord at 2023-07-25T04:01:23Z.
...
