000 (310144.000.000) 2023-06-09 15:30:31 Job submitted from host: <172.30.1.200:9618?addrs=172.30.1.200-9618&alias=tamsa2.snu.ac.kr&noUDP&sock=schedd_3510_2582>
...
000 (310144.001.000) 2023-06-09 15:30:31 Job submitted from host: <172.30.1.200:9618?addrs=172.30.1.200-9618&alias=tamsa2.snu.ac.kr&noUDP&sock=schedd_3510_2582>
...
000 (310144.002.000) 2023-06-09 15:30:31 Job submitted from host: <172.30.1.200:9618?addrs=172.30.1.200-9618&alias=tamsa2.snu.ac.kr&noUDP&sock=schedd_3510_2582>
...
000 (310144.003.000) 2023-06-09 15:30:31 Job submitted from host: <172.30.1.200:9618?addrs=172.30.1.200-9618&alias=tamsa2.snu.ac.kr&noUDP&sock=schedd_3510_2582>
...
000 (310144.004.000) 2023-06-09 15:30:31 Job submitted from host: <172.30.1.200:9618?addrs=172.30.1.200-9618&alias=tamsa2.snu.ac.kr&noUDP&sock=schedd_3510_2582>
...
000 (310144.005.000) 2023-06-09 15:30:31 Job submitted from host: <172.30.1.200:9618?addrs=172.30.1.200-9618&alias=tamsa2.snu.ac.kr&noUDP&sock=schedd_3510_2582>
...
000 (310144.006.000) 2023-06-09 15:30:31 Job submitted from host: <172.30.1.200:9618?addrs=172.30.1.200-9618&alias=tamsa2.snu.ac.kr&noUDP&sock=schedd_3510_2582>
...
000 (310144.007.000) 2023-06-09 15:30:31 Job submitted from host: <172.30.1.200:9618?addrs=172.30.1.200-9618&alias=tamsa2.snu.ac.kr&noUDP&sock=schedd_3510_2582>
...
000 (310144.008.000) 2023-06-09 15:30:31 Job submitted from host: <172.30.1.200:9618?addrs=172.30.1.200-9618&alias=tamsa2.snu.ac.kr&noUDP&sock=schedd_3510_2582>
...
000 (310144.009.000) 2023-06-09 15:30:31 Job submitted from host: <172.30.1.200:9618?addrs=172.30.1.200-9618&alias=tamsa2.snu.ac.kr&noUDP&sock=schedd_3510_2582>
...
001 (310144.000.000) 2023-06-09 15:30:41 Job executing on host: <172.30.1.211:9618?addrs=172.30.1.211-9618&alias=node11&noUDP&sock=startd_3790_3407>
...
001 (310144.008.000) 2023-06-09 15:30:42 Job executing on host: <172.30.1.203:9618?addrs=172.30.1.203-9618&alias=node3&noUDP&sock=startd_3773_8aeb>
...
001 (310144.009.000) 2023-06-09 15:30:42 Job executing on host: <172.30.1.203:9618?addrs=172.30.1.203-9618&alias=node3&noUDP&sock=startd_3773_8aeb>
...
001 (310144.001.000) 2023-06-09 15:30:42 Job executing on host: <172.30.1.211:9618?addrs=172.30.1.211-9618&alias=node11&noUDP&sock=startd_3790_3407>
...
001 (310144.002.000) 2023-06-09 15:30:42 Job executing on host: <172.30.1.211:9618?addrs=172.30.1.211-9618&alias=node11&noUDP&sock=startd_3790_3407>
...
001 (310144.003.000) 2023-06-09 15:30:42 Job executing on host: <172.30.1.211:9618?addrs=172.30.1.211-9618&alias=node11&noUDP&sock=startd_3790_3407>
...
001 (310144.004.000) 2023-06-09 15:30:42 Job executing on host: <172.30.1.211:9618?addrs=172.30.1.211-9618&alias=node11&noUDP&sock=startd_3790_3407>
...
001 (310144.005.000) 2023-06-09 15:30:42 Job executing on host: <172.30.1.211:9618?addrs=172.30.1.211-9618&alias=node11&noUDP&sock=startd_3790_3407>
...
001 (310144.007.000) 2023-06-09 15:30:42 Job executing on host: <172.30.1.211:9618?addrs=172.30.1.211-9618&alias=node11&noUDP&sock=startd_3790_3407>
...
001 (310144.006.000) 2023-06-09 15:30:43 Job executing on host: <172.30.1.211:9618?addrs=172.30.1.211-9618&alias=node11&noUDP&sock=startd_3790_3407>
...
006 (310144.000.000) 2023-06-09 15:30:50 Image size of job updated: 153552
	150  -  MemoryUsage of job (MB)
	153552  -  ResidentSetSize of job (KB)
...
006 (310144.008.000) 2023-06-09 15:30:50 Image size of job updated: 221400
	68  -  MemoryUsage of job (MB)
	69156  -  ResidentSetSize of job (KB)
...
006 (310144.001.000) 2023-06-09 15:30:50 Image size of job updated: 160088
	157  -  MemoryUsage of job (MB)
	160088  -  ResidentSetSize of job (KB)
...
006 (310144.009.000) 2023-06-09 15:30:50 Image size of job updated: 221400
	69  -  MemoryUsage of job (MB)
	69724  -  ResidentSetSize of job (KB)
...
006 (310144.002.000) 2023-06-09 15:30:50 Image size of job updated: 153628
	151  -  MemoryUsage of job (MB)
	153628  -  ResidentSetSize of job (KB)
...
006 (310144.007.000) 2023-06-09 15:30:51 Image size of job updated: 172120
	169  -  MemoryUsage of job (MB)
	172120  -  ResidentSetSize of job (KB)
...
006 (310144.006.000) 2023-06-09 15:30:51 Image size of job updated: 175396
	172  -  MemoryUsage of job (MB)
	175396  -  ResidentSetSize of job (KB)
...
006 (310144.003.000) 2023-06-09 15:30:51 Image size of job updated: 186800
	183  -  MemoryUsage of job (MB)
	186800  -  ResidentSetSize of job (KB)
...
006 (310144.004.000) 2023-06-09 15:30:51 Image size of job updated: 186788
	183  -  MemoryUsage of job (MB)
	186788  -  ResidentSetSize of job (KB)
...
006 (310144.005.000) 2023-06-09 15:30:51 Image size of job updated: 186792
	183  -  MemoryUsage of job (MB)
	186792  -  ResidentSetSize of job (KB)
...
006 (310144.008.000) 2023-06-09 15:31:15 Image size of job updated: 685096
	68  -  MemoryUsage of job (MB)
	69312  -  ResidentSetSize of job (KB)
...
005 (310144.008.000) 2023-06-09 15:31:15 Job terminated.
	(1) Normal termination (return value 0)
		Usr 0 00:00:21, Sys 0 00:00:01  -  Run Remote Usage
		Usr 0 00:00:00, Sys 0 00:00:00  -  Run Local Usage
		Usr 0 00:00:21, Sys 0 00:00:01  -  Total Remote Usage
		Usr 0 00:00:00, Sys 0 00:00:00  -  Total Local Usage
	0  -  Run Bytes Sent By Job
	0  -  Run Bytes Received By Job
	0  -  Total Bytes Sent By Job
	0  -  Total Bytes Received By Job
	Partitionable Resources :    Usage  Request Allocated 
	   Cpus                 :                 1         1 
	   Disk (KB)            :        1        1    128928 
	   Memory (MB)          :       68     3900      3968 

	Job terminated of its own accord at 2023-06-09T06:31:15Z.
...
006 (310144.001.000) 2023-06-09 15:31:18 Image size of job updated: 689732
	157  -  MemoryUsage of job (MB)
	160088  -  ResidentSetSize of job (KB)
...
005 (310144.001.000) 2023-06-09 15:31:18 Job terminated.
	(1) Normal termination (return value 0)
		Usr 0 00:00:29, Sys 0 00:00:01  -  Run Remote Usage
		Usr 0 00:00:00, Sys 0 00:00:00  -  Run Local Usage
		Usr 0 00:00:29, Sys 0 00:00:01  -  Total Remote Usage
		Usr 0 00:00:00, Sys 0 00:00:00  -  Total Local Usage
	0  -  Run Bytes Sent By Job
	0  -  Run Bytes Received By Job
	0  -  Total Bytes Sent By Job
	0  -  Total Bytes Received By Job
	Partitionable Resources :    Usage  Request Allocated 
	   Cpus                 :                 1         1 
	   Disk (KB)            :        1        1    128928 
	   Memory (MB)          :      157     3900      3968 

	Job terminated of its own accord at 2023-06-09T06:31:18Z.
...
006 (310144.005.000) 2023-06-09 15:31:21 Image size of job updated: 685100
	183  -  MemoryUsage of job (MB)
	186792  -  ResidentSetSize of job (KB)
...
005 (310144.005.000) 2023-06-09 15:31:21 Job terminated.
	(1) Normal termination (return value 0)
		Usr 0 00:00:33, Sys 0 00:00:01  -  Run Remote Usage
		Usr 0 00:00:00, Sys 0 00:00:00  -  Run Local Usage
		Usr 0 00:00:33, Sys 0 00:00:01  -  Total Remote Usage
		Usr 0 00:00:00, Sys 0 00:00:00  -  Total Local Usage
	0  -  Run Bytes Sent By Job
	0  -  Run Bytes Received By Job
	0  -  Total Bytes Sent By Job
	0  -  Total Bytes Received By Job
	Partitionable Resources :    Usage  Request Allocated 
	   Cpus                 :                 1         1 
	   Disk (KB)            :        1        1    128928 
	   Memory (MB)          :      183     3900      3968 

	Job terminated of its own accord at 2023-06-09T06:31:21Z.
...
006 (310144.003.000) 2023-06-09 15:31:22 Image size of job updated: 688012
	183  -  MemoryUsage of job (MB)
	186800  -  ResidentSetSize of job (KB)
...
005 (310144.003.000) 2023-06-09 15:31:22 Job terminated.
	(1) Normal termination (return value 0)
		Usr 0 00:00:32, Sys 0 00:00:01  -  Run Remote Usage
		Usr 0 00:00:00, Sys 0 00:00:00  -  Run Local Usage
		Usr 0 00:00:32, Sys 0 00:00:01  -  Total Remote Usage
		Usr 0 00:00:00, Sys 0 00:00:00  -  Total Local Usage
	0  -  Run Bytes Sent By Job
	0  -  Run Bytes Received By Job
	0  -  Total Bytes Sent By Job
	0  -  Total Bytes Received By Job
	Partitionable Resources :    Usage  Request Allocated 
	   Cpus                 :                 1         1 
	   Disk (KB)            :        1        1    128928 
	   Memory (MB)          :      183     3900      3968 

	Job terminated of its own accord at 2023-06-09T06:31:22Z.
...
006 (310144.006.000) 2023-06-09 15:31:23 Image size of job updated: 689732
	172  -  MemoryUsage of job (MB)
	175512  -  ResidentSetSize of job (KB)
...
005 (310144.006.000) 2023-06-09 15:31:23 Job terminated.
	(1) Normal termination (return value 0)
		Usr 0 00:00:33, Sys 0 00:00:01  -  Run Remote Usage
		Usr 0 00:00:00, Sys 0 00:00:00  -  Run Local Usage
		Usr 0 00:00:33, Sys 0 00:00:01  -  Total Remote Usage
		Usr 0 00:00:00, Sys 0 00:00:00  -  Total Local Usage
	0  -  Run Bytes Sent By Job
	0  -  Run Bytes Received By Job
	0  -  Total Bytes Sent By Job
	0  -  Total Bytes Received By Job
	Partitionable Resources :    Usage  Request Allocated 
	   Cpus                 :                 1         1 
	   Disk (KB)            :        1        1    128928 
	   Memory (MB)          :      172     3900      3968 

	Job terminated of its own accord at 2023-06-09T06:31:23Z.
...
006 (310144.002.000) 2023-06-09 15:31:25 Image size of job updated: 688032
	151  -  MemoryUsage of job (MB)
	153628  -  ResidentSetSize of job (KB)
...
005 (310144.002.000) 2023-06-09 15:31:25 Job terminated.
	(1) Normal termination (return value 0)
		Usr 0 00:00:36, Sys 0 00:00:01  -  Run Remote Usage
		Usr 0 00:00:00, Sys 0 00:00:00  -  Run Local Usage
		Usr 0 00:00:36, Sys 0 00:00:01  -  Total Remote Usage
		Usr 0 00:00:00, Sys 0 00:00:00  -  Total Local Usage
	0  -  Run Bytes Sent By Job
	0  -  Run Bytes Received By Job
	0  -  Total Bytes Sent By Job
	0  -  Total Bytes Received By Job
	Partitionable Resources :    Usage  Request Allocated 
	   Cpus                 :                 1         1 
	   Disk (KB)            :        1        1    128928 
	   Memory (MB)          :      151     3900      3968 

	Job terminated of its own accord at 2023-06-09T06:31:25Z.
...
006 (310144.004.000) 2023-06-09 15:31:26 Image size of job updated: 690824
	183  -  MemoryUsage of job (MB)
	186788  -  ResidentSetSize of job (KB)
...
005 (310144.004.000) 2023-06-09 15:31:26 Job terminated.
	(1) Normal termination (return value 0)
		Usr 0 00:00:37, Sys 0 00:00:01  -  Run Remote Usage
		Usr 0 00:00:00, Sys 0 00:00:00  -  Run Local Usage
		Usr 0 00:00:37, Sys 0 00:00:01  -  Total Remote Usage
		Usr 0 00:00:00, Sys 0 00:00:00  -  Total Local Usage
	0  -  Run Bytes Sent By Job
	0  -  Run Bytes Received By Job
	0  -  Total Bytes Sent By Job
	0  -  Total Bytes Received By Job
	Partitionable Resources :    Usage  Request Allocated 
	   Cpus                 :                 1         1 
	   Disk (KB)            :        1        1    128928 
	   Memory (MB)          :      183     3900      3968 

	Job terminated of its own accord at 2023-06-09T06:31:26Z.
...
006 (310144.009.000) 2023-06-09 15:31:30 Image size of job updated: 685644
	69  -  MemoryUsage of job (MB)
	69748  -  ResidentSetSize of job (KB)
...
005 (310144.009.000) 2023-06-09 15:31:30 Job terminated.
	(1) Normal termination (return value 0)
		Usr 0 00:00:34, Sys 0 00:00:01  -  Run Remote Usage
		Usr 0 00:00:00, Sys 0 00:00:00  -  Run Local Usage
		Usr 0 00:00:34, Sys 0 00:00:01  -  Total Remote Usage
		Usr 0 00:00:00, Sys 0 00:00:00  -  Total Local Usage
	0  -  Run Bytes Sent By Job
	0  -  Run Bytes Received By Job
	0  -  Total Bytes Sent By Job
	0  -  Total Bytes Received By Job
	Partitionable Resources :    Usage  Request Allocated 
	   Cpus                 :                 1         1 
	   Disk (KB)            :        1        1    128928 
	   Memory (MB)          :       69     3900      3968 

	Job terminated of its own accord at 2023-06-09T06:31:30Z.
...
006 (310144.000.000) 2023-06-09 15:31:31 Image size of job updated: 687660
	150  -  MemoryUsage of job (MB)
	153552  -  ResidentSetSize of job (KB)
...
005 (310144.000.000) 2023-06-09 15:31:31 Job terminated.
	(1) Normal termination (return value 0)
		Usr 0 00:00:42, Sys 0 00:00:01  -  Run Remote Usage
		Usr 0 00:00:00, Sys 0 00:00:00  -  Run Local Usage
		Usr 0 00:00:42, Sys 0 00:00:01  -  Total Remote Usage
		Usr 0 00:00:00, Sys 0 00:00:00  -  Total Local Usage
	0  -  Run Bytes Sent By Job
	0  -  Run Bytes Received By Job
	0  -  Total Bytes Sent By Job
	0  -  Total Bytes Received By Job
	Partitionable Resources :    Usage  Request Allocated 
	   Cpus                 :                 1         1 
	   Disk (KB)            :        1        1    128928 
	   Memory (MB)          :      150     3900      3968 

	Job terminated of its own accord at 2023-06-09T06:31:31Z.
...
006 (310144.007.000) 2023-06-09 15:31:34 Image size of job updated: 689648
	169  -  MemoryUsage of job (MB)
	172408  -  ResidentSetSize of job (KB)
...
005 (310144.007.000) 2023-06-09 15:31:34 Job terminated.
	(1) Normal termination (return value 0)
		Usr 0 00:00:46, Sys 0 00:00:01  -  Run Remote Usage
		Usr 0 00:00:00, Sys 0 00:00:00  -  Run Local Usage
		Usr 0 00:00:46, Sys 0 00:00:01  -  Total Remote Usage
		Usr 0 00:00:00, Sys 0 00:00:00  -  Total Local Usage
	0  -  Run Bytes Sent By Job
	0  -  Run Bytes Received By Job
	0  -  Total Bytes Sent By Job
	0  -  Total Bytes Received By Job
	Partitionable Resources :    Usage  Request Allocated 
	   Cpus                 :                 1         1 
	   Disk (KB)            :        1        1    128928 
	   Memory (MB)          :      169     3900      3968 

	Job terminated of its own accord at 2023-06-09T06:31:34Z.
...
