000 (311025.000.000) 2023-06-12 17:36:58 Job submitted from host: <172.30.1.200:9618?addrs=172.30.1.200-9618&alias=tamsa2.snu.ac.kr&noUDP&sock=schedd_3510_2582>
...
000 (311025.001.000) 2023-06-12 17:36:58 Job submitted from host: <172.30.1.200:9618?addrs=172.30.1.200-9618&alias=tamsa2.snu.ac.kr&noUDP&sock=schedd_3510_2582>
...
000 (311025.002.000) 2023-06-12 17:36:58 Job submitted from host: <172.30.1.200:9618?addrs=172.30.1.200-9618&alias=tamsa2.snu.ac.kr&noUDP&sock=schedd_3510_2582>
...
000 (311025.003.000) 2023-06-12 17:36:58 Job submitted from host: <172.30.1.200:9618?addrs=172.30.1.200-9618&alias=tamsa2.snu.ac.kr&noUDP&sock=schedd_3510_2582>
...
000 (311025.004.000) 2023-06-12 17:36:58 Job submitted from host: <172.30.1.200:9618?addrs=172.30.1.200-9618&alias=tamsa2.snu.ac.kr&noUDP&sock=schedd_3510_2582>
...
000 (311025.005.000) 2023-06-12 17:36:58 Job submitted from host: <172.30.1.200:9618?addrs=172.30.1.200-9618&alias=tamsa2.snu.ac.kr&noUDP&sock=schedd_3510_2582>
...
000 (311025.006.000) 2023-06-12 17:36:58 Job submitted from host: <172.30.1.200:9618?addrs=172.30.1.200-9618&alias=tamsa2.snu.ac.kr&noUDP&sock=schedd_3510_2582>
...
000 (311025.007.000) 2023-06-12 17:36:58 Job submitted from host: <172.30.1.200:9618?addrs=172.30.1.200-9618&alias=tamsa2.snu.ac.kr&noUDP&sock=schedd_3510_2582>
...
000 (311025.008.000) 2023-06-12 17:36:58 Job submitted from host: <172.30.1.200:9618?addrs=172.30.1.200-9618&alias=tamsa2.snu.ac.kr&noUDP&sock=schedd_3510_2582>
...
000 (311025.009.000) 2023-06-12 17:36:58 Job submitted from host: <172.30.1.200:9618?addrs=172.30.1.200-9618&alias=tamsa2.snu.ac.kr&noUDP&sock=schedd_3510_2582>
...
001 (311025.004.000) 2023-06-12 17:37:14 Job executing on host: <172.30.1.208:9618?addrs=172.30.1.208-9618&alias=node8&noUDP&sock=startd_3802_6f2a>
...
001 (311025.000.000) 2023-06-12 17:37:14 Job executing on host: <172.30.1.210:9618?addrs=172.30.1.210-9618&alias=node10&noUDP&sock=startd_3787_253e>
...
001 (311025.005.000) 2023-06-12 17:37:14 Job executing on host: <172.30.1.208:9618?addrs=172.30.1.208-9618&alias=node8&noUDP&sock=startd_3802_6f2a>
...
001 (311025.001.000) 2023-06-12 17:37:14 Job executing on host: <172.30.1.210:9618?addrs=172.30.1.210-9618&alias=node10&noUDP&sock=startd_3787_253e>
...
001 (311025.006.000) 2023-06-12 17:37:14 Job executing on host: <172.30.1.208:9618?addrs=172.30.1.208-9618&alias=node8&noUDP&sock=startd_3802_6f2a>
...
001 (311025.002.000) 2023-06-12 17:37:14 Job executing on host: <172.30.1.210:9618?addrs=172.30.1.210-9618&alias=node10&noUDP&sock=startd_3787_253e>
...
001 (311025.007.000) 2023-06-12 17:37:14 Job executing on host: <172.30.1.208:9618?addrs=172.30.1.208-9618&alias=node8&noUDP&sock=startd_3802_6f2a>
...
001 (311025.003.000) 2023-06-12 17:37:14 Job executing on host: <172.30.1.210:9618?addrs=172.30.1.210-9618&alias=node10&noUDP&sock=startd_3787_253e>
...
001 (311025.008.000) 2023-06-12 17:37:14 Job executing on host: <172.30.1.208:9618?addrs=172.30.1.208-9618&alias=node8&noUDP&sock=startd_3802_6f2a>
...
001 (311025.009.000) 2023-06-12 17:37:14 Job executing on host: <172.30.1.208:9618?addrs=172.30.1.208-9618&alias=node8&noUDP&sock=startd_3802_6f2a>
...
006 (311025.004.000) 2023-06-12 17:37:22 Image size of job updated: 174236
	151  -  MemoryUsage of job (MB)
	153624  -  ResidentSetSize of job (KB)
...
006 (311025.000.000) 2023-06-12 17:37:22 Image size of job updated: 170792
	132  -  MemoryUsage of job (MB)
	134604  -  ResidentSetSize of job (KB)
...
006 (311025.005.000) 2023-06-12 17:37:22 Image size of job updated: 169752
	153  -  MemoryUsage of job (MB)
	156084  -  ResidentSetSize of job (KB)
...
006 (311025.001.000) 2023-06-12 17:37:22 Image size of job updated: 165084
	134  -  MemoryUsage of job (MB)
	136220  -  ResidentSetSize of job (KB)
...
006 (311025.006.000) 2023-06-12 17:37:22 Image size of job updated: 175064
	154  -  MemoryUsage of job (MB)
	157596  -  ResidentSetSize of job (KB)
...
006 (311025.002.000) 2023-06-12 17:37:22 Image size of job updated: 170616
	137  -  MemoryUsage of job (MB)
	139284  -  ResidentSetSize of job (KB)
...
006 (311025.007.000) 2023-06-12 17:37:23 Image size of job updated: 196188
	176  -  MemoryUsage of job (MB)
	179696  -  ResidentSetSize of job (KB)
...
006 (311025.003.000) 2023-06-12 17:37:23 Image size of job updated: 194036
	154  -  MemoryUsage of job (MB)
	157168  -  ResidentSetSize of job (KB)
...
006 (311025.008.000) 2023-06-12 17:37:23 Image size of job updated: 203032
	177  -  MemoryUsage of job (MB)
	180608  -  ResidentSetSize of job (KB)
...
006 (311025.009.000) 2023-06-12 17:37:23 Image size of job updated: 201784
	178  -  MemoryUsage of job (MB)
	181312  -  ResidentSetSize of job (KB)
...
006 (311025.004.000) 2023-06-12 17:39:20 Image size of job updated: 692180
	151  -  MemoryUsage of job (MB)
	153624  -  ResidentSetSize of job (KB)
...
005 (311025.004.000) 2023-06-12 17:39:20 Job terminated.
	(1) Normal termination (return value 0)
		Usr 0 00:01:58, Sys 0 00:00:01  -  Run Remote Usage
		Usr 0 00:00:00, Sys 0 00:00:00  -  Run Local Usage
		Usr 0 00:01:58, Sys 0 00:00:01  -  Total Remote Usage
		Usr 0 00:00:00, Sys 0 00:00:00  -  Total Local Usage
	0  -  Run Bytes Sent By Job
	0  -  Run Bytes Received By Job
	0  -  Total Bytes Sent By Job
	0  -  Total Bytes Received By Job
	Partitionable Resources :    Usage  Request Allocated 
	   Cpus                 :                 1         1 
	   Disk (KB)            :        1        1    128928 
	   Memory (MB)          :      151     3900      3968 

	Job terminated of its own accord at 2023-06-12T08:39:20Z.
...
006 (311025.009.000) 2023-06-12 17:39:26 Image size of job updated: 689780
	178  -  MemoryUsage of job (MB)
	181360  -  ResidentSetSize of job (KB)
...
005 (311025.009.000) 2023-06-12 17:39:26 Job terminated.
	(1) Normal termination (return value 0)
		Usr 0 00:02:04, Sys 0 00:00:01  -  Run Remote Usage
		Usr 0 00:00:00, Sys 0 00:00:00  -  Run Local Usage
		Usr 0 00:02:04, Sys 0 00:00:01  -  Total Remote Usage
		Usr 0 00:00:00, Sys 0 00:00:00  -  Total Local Usage
	0  -  Run Bytes Sent By Job
	0  -  Run Bytes Received By Job
	0  -  Total Bytes Sent By Job
	0  -  Total Bytes Received By Job
	Partitionable Resources :    Usage  Request Allocated 
	   Cpus                 :                 1         1 
	   Disk (KB)            :        1        1    128928 
	   Memory (MB)          :      178     3900      3968 

	Job terminated of its own accord at 2023-06-12T08:39:26Z.
...
006 (311025.003.000) 2023-06-12 17:39:35 Image size of job updated: 692588
	154  -  MemoryUsage of job (MB)
	157268  -  ResidentSetSize of job (KB)
...
005 (311025.003.000) 2023-06-12 17:39:35 Job terminated.
	(1) Normal termination (return value 0)
		Usr 0 00:02:12, Sys 0 00:00:02  -  Run Remote Usage
		Usr 0 00:00:00, Sys 0 00:00:00  -  Run Local Usage
		Usr 0 00:02:12, Sys 0 00:00:02  -  Total Remote Usage
		Usr 0 00:00:00, Sys 0 00:00:00  -  Total Local Usage
	0  -  Run Bytes Sent By Job
	0  -  Run Bytes Received By Job
	0  -  Total Bytes Sent By Job
	0  -  Total Bytes Received By Job
	Partitionable Resources :    Usage  Request Allocated 
	   Cpus                 :     1.00        1         1 
	   Disk (KB)            :     1           1    128928 
	   Memory (MB)          :   154        3900      3968 

	Job terminated of its own accord at 2023-06-12T08:39:35Z.
...
006 (311025.001.000) 2023-06-12 17:39:44 Image size of job updated: 689780
	134  -  MemoryUsage of job (MB)
	136244  -  ResidentSetSize of job (KB)
...
005 (311025.001.000) 2023-06-12 17:39:44 Job terminated.
	(1) Normal termination (return value 0)
		Usr 0 00:02:21, Sys 0 00:00:01  -  Run Remote Usage
		Usr 0 00:00:00, Sys 0 00:00:00  -  Run Local Usage
		Usr 0 00:02:21, Sys 0 00:00:01  -  Total Remote Usage
		Usr 0 00:00:00, Sys 0 00:00:00  -  Total Local Usage
	0  -  Run Bytes Sent By Job
	0  -  Run Bytes Received By Job
	0  -  Total Bytes Sent By Job
	0  -  Total Bytes Received By Job
	Partitionable Resources :    Usage  Request Allocated 
	   Cpus                 :     0.99        1         1 
	   Disk (KB)            :     1           1    128928 
	   Memory (MB)          :   134        3900      3968 

	Job terminated of its own accord at 2023-06-12T08:39:44Z.
...
006 (311025.005.000) 2023-06-12 17:39:48 Image size of job updated: 692612
	153  -  MemoryUsage of job (MB)
	156140  -  ResidentSetSize of job (KB)
...
005 (311025.005.000) 2023-06-12 17:39:48 Job terminated.
	(1) Normal termination (return value 0)
		Usr 0 00:02:25, Sys 0 00:00:01  -  Run Remote Usage
		Usr 0 00:00:00, Sys 0 00:00:00  -  Run Local Usage
		Usr 0 00:02:25, Sys 0 00:00:01  -  Total Remote Usage
		Usr 0 00:00:00, Sys 0 00:00:00  -  Total Local Usage
	0  -  Run Bytes Sent By Job
	0  -  Run Bytes Received By Job
	0  -  Total Bytes Sent By Job
	0  -  Total Bytes Received By Job
	Partitionable Resources :    Usage  Request Allocated 
	   Cpus                 :     1.00        1         1 
	   Disk (KB)            :     1           1    128928 
	   Memory (MB)          :   153        3900      3968 

	Job terminated of its own accord at 2023-06-12T08:39:48Z.
...
006 (311025.006.000) 2023-06-12 17:39:56 Image size of job updated: 689780
	154  -  MemoryUsage of job (MB)
	157604  -  ResidentSetSize of job (KB)
...
005 (311025.006.000) 2023-06-12 17:39:56 Job terminated.
	(1) Normal termination (return value 0)
		Usr 0 00:02:32, Sys 0 00:00:01  -  Run Remote Usage
		Usr 0 00:00:00, Sys 0 00:00:00  -  Run Local Usage
		Usr 0 00:02:32, Sys 0 00:00:01  -  Total Remote Usage
		Usr 0 00:00:00, Sys 0 00:00:00  -  Total Local Usage
	0  -  Run Bytes Sent By Job
	0  -  Run Bytes Received By Job
	0  -  Total Bytes Sent By Job
	0  -  Total Bytes Received By Job
	Partitionable Resources :    Usage  Request Allocated 
	   Cpus                 :     1.00        1         1 
	   Disk (KB)            :     1           1    128928 
	   Memory (MB)          :   154        3900      3968 

	Job terminated of its own accord at 2023-06-12T08:39:56Z.
...
006 (311025.007.000) 2023-06-12 17:39:57 Image size of job updated: 692184
	176  -  MemoryUsage of job (MB)
	179696  -  ResidentSetSize of job (KB)
...
005 (311025.007.000) 2023-06-12 17:39:57 Job terminated.
	(1) Normal termination (return value 0)
		Usr 0 00:02:35, Sys 0 00:00:01  -  Run Remote Usage
		Usr 0 00:00:00, Sys 0 00:00:00  -  Run Local Usage
		Usr 0 00:02:35, Sys 0 00:00:01  -  Total Remote Usage
		Usr 0 00:00:00, Sys 0 00:00:00  -  Total Local Usage
	0  -  Run Bytes Sent By Job
	0  -  Run Bytes Received By Job
	0  -  Total Bytes Sent By Job
	0  -  Total Bytes Received By Job
	Partitionable Resources :    Usage  Request Allocated 
	   Cpus                 :     1.00        1         1 
	   Disk (KB)            :     1           1    128928 
	   Memory (MB)          :   176        3900      3968 

	Job terminated of its own accord at 2023-06-12T08:39:57Z.
...
006 (311025.008.000) 2023-06-12 17:39:58 Image size of job updated: 689776
	177  -  MemoryUsage of job (MB)
	180608  -  ResidentSetSize of job (KB)
...
005 (311025.008.000) 2023-06-12 17:39:58 Job terminated.
	(1) Normal termination (return value 0)
		Usr 0 00:02:36, Sys 0 00:00:01  -  Run Remote Usage
		Usr 0 00:00:00, Sys 0 00:00:00  -  Run Local Usage
		Usr 0 00:02:36, Sys 0 00:00:01  -  Total Remote Usage
		Usr 0 00:00:00, Sys 0 00:00:00  -  Total Local Usage
	0  -  Run Bytes Sent By Job
	0  -  Run Bytes Received By Job
	0  -  Total Bytes Sent By Job
	0  -  Total Bytes Received By Job
	Partitionable Resources :    Usage  Request Allocated 
	   Cpus                 :     0.99        1         1 
	   Disk (KB)            :     1           1    128928 
	   Memory (MB)          :   177        3900      3968 

	Job terminated of its own accord at 2023-06-12T08:39:58Z.
...
006 (311025.002.000) 2023-06-12 17:40:01 Image size of job updated: 689784
	137  -  MemoryUsage of job (MB)
	139296  -  ResidentSetSize of job (KB)
...
005 (311025.002.000) 2023-06-12 17:40:02 Job terminated.
	(1) Normal termination (return value 0)
		Usr 0 00:02:38, Sys 0 00:00:02  -  Run Remote Usage
		Usr 0 00:00:00, Sys 0 00:00:00  -  Run Local Usage
		Usr 0 00:02:38, Sys 0 00:00:02  -  Total Remote Usage
		Usr 0 00:00:00, Sys 0 00:00:00  -  Total Local Usage
	0  -  Run Bytes Sent By Job
	0  -  Run Bytes Received By Job
	0  -  Total Bytes Sent By Job
	0  -  Total Bytes Received By Job
	Partitionable Resources :    Usage  Request Allocated 
	   Cpus                 :     1.00        1         1 
	   Disk (KB)            :     1           1    128928 
	   Memory (MB)          :   137        3900      3968 

	Job terminated of its own accord at 2023-06-12T08:40:01Z.
...
006 (311025.000.000) 2023-06-12 17:40:17 Image size of job updated: 689748
	132  -  MemoryUsage of job (MB)
	134652  -  ResidentSetSize of job (KB)
...
005 (311025.000.000) 2023-06-12 17:40:17 Job terminated.
	(1) Normal termination (return value 0)
		Usr 0 00:02:53, Sys 0 00:00:01  -  Run Remote Usage
		Usr 0 00:00:00, Sys 0 00:00:00  -  Run Local Usage
		Usr 0 00:02:53, Sys 0 00:00:01  -  Total Remote Usage
		Usr 0 00:00:00, Sys 0 00:00:00  -  Total Local Usage
	0  -  Run Bytes Sent By Job
	0  -  Run Bytes Received By Job
	0  -  Total Bytes Sent By Job
	0  -  Total Bytes Received By Job
	Partitionable Resources :    Usage  Request Allocated 
	   Cpus                 :     1.00        1         1 
	   Disk (KB)            :     1           1    128928 
	   Memory (MB)          :   132        3900      3968 

	Job terminated of its own accord at 2023-06-12T08:40:17Z.
...
