000 (311085.000.000) 2023-06-12 18:34:26 Job submitted from host: <172.30.1.200:9618?addrs=172.30.1.200-9618&alias=tamsa2.snu.ac.kr&noUDP&sock=schedd_3510_2582>
...
000 (311085.001.000) 2023-06-12 18:34:26 Job submitted from host: <172.30.1.200:9618?addrs=172.30.1.200-9618&alias=tamsa2.snu.ac.kr&noUDP&sock=schedd_3510_2582>
...
000 (311085.002.000) 2023-06-12 18:34:26 Job submitted from host: <172.30.1.200:9618?addrs=172.30.1.200-9618&alias=tamsa2.snu.ac.kr&noUDP&sock=schedd_3510_2582>
...
000 (311085.003.000) 2023-06-12 18:34:26 Job submitted from host: <172.30.1.200:9618?addrs=172.30.1.200-9618&alias=tamsa2.snu.ac.kr&noUDP&sock=schedd_3510_2582>
...
000 (311085.004.000) 2023-06-12 18:34:26 Job submitted from host: <172.30.1.200:9618?addrs=172.30.1.200-9618&alias=tamsa2.snu.ac.kr&noUDP&sock=schedd_3510_2582>
...
000 (311085.005.000) 2023-06-12 18:34:26 Job submitted from host: <172.30.1.200:9618?addrs=172.30.1.200-9618&alias=tamsa2.snu.ac.kr&noUDP&sock=schedd_3510_2582>
...
000 (311085.006.000) 2023-06-12 18:34:26 Job submitted from host: <172.30.1.200:9618?addrs=172.30.1.200-9618&alias=tamsa2.snu.ac.kr&noUDP&sock=schedd_3510_2582>
...
000 (311085.007.000) 2023-06-12 18:34:26 Job submitted from host: <172.30.1.200:9618?addrs=172.30.1.200-9618&alias=tamsa2.snu.ac.kr&noUDP&sock=schedd_3510_2582>
...
000 (311085.008.000) 2023-06-12 18:34:26 Job submitted from host: <172.30.1.200:9618?addrs=172.30.1.200-9618&alias=tamsa2.snu.ac.kr&noUDP&sock=schedd_3510_2582>
...
000 (311085.009.000) 2023-06-12 18:34:26 Job submitted from host: <172.30.1.200:9618?addrs=172.30.1.200-9618&alias=tamsa2.snu.ac.kr&noUDP&sock=schedd_3510_2582>
...
040 (311085.000.000) 2023-06-12 18:34:37 Started transferring input files
	Transferring to host: <172.30.1.106:9618?addrs=172.30.1.106-9618&alias=n6&noUDP&sock=slot1_4_3308_8900_8119>
...
040 (311085.001.000) 2023-06-12 18:34:37 Started transferring input files
	Transferring to host: <172.30.1.106:9618?addrs=172.30.1.106-9618&alias=n6&noUDP&sock=slot1_5_3308_8900_8120>
...
040 (311085.000.000) 2023-06-12 18:34:37 Finished transferring input files
...
040 (311085.001.000) 2023-06-12 18:34:37 Finished transferring input files
...
040 (311085.002.000) 2023-06-12 18:34:37 Started transferring input files
	Transferring to host: <172.30.1.106:9618?addrs=172.30.1.106-9618&alias=n6&noUDP&sock=slot1_6_3308_8900_8121>
...
040 (311085.002.000) 2023-06-12 18:34:37 Finished transferring input files
...
040 (311085.003.000) 2023-06-12 18:34:37 Started transferring input files
	Transferring to host: <172.30.1.106:9618?addrs=172.30.1.106-9618&alias=n6&noUDP&sock=slot1_7_3308_8900_8122>
...
040 (311085.004.000) 2023-06-12 18:34:37 Started transferring input files
	Transferring to host: <172.30.1.108:9618?addrs=172.30.1.108-9618&alias=n8&noUDP&sock=slot1_11_4278_fce7_22055>
...
040 (311085.003.000) 2023-06-12 18:34:37 Finished transferring input files
...
040 (311085.004.000) 2023-06-12 18:34:37 Finished transferring input files
...
040 (311085.005.000) 2023-06-12 18:34:37 Started transferring input files
	Transferring to host: <172.30.1.108:9618?addrs=172.30.1.108-9618&alias=n8&noUDP&sock=slot1_12_4278_fce7_22056>
...
040 (311085.005.000) 2023-06-12 18:34:37 Finished transferring input files
...
040 (311085.006.000) 2023-06-12 18:34:37 Started transferring input files
	Transferring to host: <172.30.1.108:9618?addrs=172.30.1.108-9618&alias=n8&noUDP&sock=slot1_14_4278_fce7_22057>
...
040 (311085.006.000) 2023-06-12 18:34:38 Finished transferring input files
...
040 (311085.007.000) 2023-06-12 18:34:38 Started transferring input files
	Transferring to host: <172.30.1.108:9618?addrs=172.30.1.108-9618&alias=n8&noUDP&sock=slot1_15_4278_fce7_22058>
...
040 (311085.007.000) 2023-06-12 18:34:38 Finished transferring input files
...
040 (311085.008.000) 2023-06-12 18:34:38 Started transferring input files
	Transferring to host: <172.30.1.108:9618?addrs=172.30.1.108-9618&alias=n8&noUDP&sock=slot1_17_4278_fce7_22059>
...
040 (311085.008.000) 2023-06-12 18:34:38 Finished transferring input files
...
040 (311085.009.000) 2023-06-12 18:34:38 Started transferring input files
	Transferring to host: <172.30.1.108:9618?addrs=172.30.1.108-9618&alias=n8&noUDP&sock=slot1_18_4278_fce7_22060>
...
040 (311085.009.000) 2023-06-12 18:34:38 Finished transferring input files
...
001 (311085.000.000) 2023-06-12 18:34:38 Job executing on host: <172.30.1.106:9618?addrs=172.30.1.106-9618&alias=n6&noUDP&sock=startd_3274_4528>
...
001 (311085.001.000) 2023-06-12 18:34:38 Job executing on host: <172.30.1.106:9618?addrs=172.30.1.106-9618&alias=n6&noUDP&sock=startd_3274_4528>
...
001 (311085.002.000) 2023-06-12 18:34:38 Job executing on host: <172.30.1.106:9618?addrs=172.30.1.106-9618&alias=n6&noUDP&sock=startd_3274_4528>
...
001 (311085.003.000) 2023-06-12 18:34:38 Job executing on host: <172.30.1.106:9618?addrs=172.30.1.106-9618&alias=n6&noUDP&sock=startd_3274_4528>
...
001 (311085.004.000) 2023-06-12 18:34:38 Job executing on host: <172.30.1.108:9618?addrs=172.30.1.108-9618&alias=n8&noUDP&sock=startd_4243_ec6e>
...
001 (311085.005.000) 2023-06-12 18:34:38 Job executing on host: <172.30.1.108:9618?addrs=172.30.1.108-9618&alias=n8&noUDP&sock=startd_4243_ec6e>
...
001 (311085.006.000) 2023-06-12 18:34:39 Job executing on host: <172.30.1.108:9618?addrs=172.30.1.108-9618&alias=n8&noUDP&sock=startd_4243_ec6e>
...
001 (311085.007.000) 2023-06-12 18:34:39 Job executing on host: <172.30.1.108:9618?addrs=172.30.1.108-9618&alias=n8&noUDP&sock=startd_4243_ec6e>
...
001 (311085.008.000) 2023-06-12 18:34:39 Job executing on host: <172.30.1.108:9618?addrs=172.30.1.108-9618&alias=n8&noUDP&sock=startd_4243_ec6e>
...
001 (311085.009.000) 2023-06-12 18:34:39 Job executing on host: <172.30.1.108:9618?addrs=172.30.1.108-9618&alias=n8&noUDP&sock=startd_4243_ec6e>
...
006 (311085.006.000) 2023-06-12 18:34:47 Image size of job updated: 187936
	184  -  MemoryUsage of job (MB)
	187936  -  ResidentSetSize of job (KB)
...
006 (311085.007.000) 2023-06-12 18:34:47 Image size of job updated: 189964
	186  -  MemoryUsage of job (MB)
	189964  -  ResidentSetSize of job (KB)
...
006 (311085.008.000) 2023-06-12 18:34:47 Image size of job updated: 187900
	184  -  MemoryUsage of job (MB)
	187900  -  ResidentSetSize of job (KB)
...
006 (311085.009.000) 2023-06-12 18:34:47 Image size of job updated: 198604
	194  -  MemoryUsage of job (MB)
	198604  -  ResidentSetSize of job (KB)
...
006 (311085.000.000) 2023-06-12 18:34:47 Image size of job updated: 615124
	184  -  MemoryUsage of job (MB)
	187904  -  ResidentSetSize of job (KB)
...
006 (311085.001.000) 2023-06-12 18:34:47 Image size of job updated: 615124
	184  -  MemoryUsage of job (MB)
	187944  -  ResidentSetSize of job (KB)
...
006 (311085.002.000) 2023-06-12 18:34:47 Image size of job updated: 615124
	184  -  MemoryUsage of job (MB)
	187836  -  ResidentSetSize of job (KB)
...
006 (311085.003.000) 2023-06-12 18:34:47 Image size of job updated: 615124
	186  -  MemoryUsage of job (MB)
	189964  -  ResidentSetSize of job (KB)
...
006 (311085.004.000) 2023-06-12 18:34:47 Image size of job updated: 187628
	184  -  MemoryUsage of job (MB)
	187628  -  ResidentSetSize of job (KB)
...
006 (311085.005.000) 2023-06-12 18:34:47 Image size of job updated: 189256
	185  -  MemoryUsage of job (MB)
	189256  -  ResidentSetSize of job (KB)
...
006 (311085.009.000) 2023-06-12 18:35:05 Image size of job updated: 693840
	204  -  MemoryUsage of job (MB)
	208728  -  ResidentSetSize of job (KB)
...
040 (311085.009.000) 2023-06-12 18:35:05 Started transferring output files
...
040 (311085.009.000) 2023-06-12 18:35:05 Finished transferring output files
...
005 (311085.009.000) 2023-06-12 18:35:05 Job terminated.
	(1) Normal termination (return value 0)
		Usr 0 00:00:19, Sys 0 00:00:01  -  Run Remote Usage
		Usr 0 00:00:00, Sys 0 00:00:00  -  Run Local Usage
		Usr 0 00:00:19, Sys 0 00:00:01  -  Total Remote Usage
		Usr 0 00:00:00, Sys 0 00:00:00  -  Total Local Usage
	7505  -  Run Bytes Sent By Job
	149  -  Run Bytes Received By Job
	7505  -  Total Bytes Sent By Job
	149  -  Total Bytes Received By Job
	Partitionable Resources :    Usage  Request Allocated 
	   Cpus                 :                 1         1 
	   Disk (KB)            :       52        1    127899 
	   Memory (MB)          :      204     3900      3968 

	Job terminated of its own accord at 2023-06-12T09:35:05Z.
...
006 (311085.008.000) 2023-06-12 18:35:09 Image size of job updated: 691680
	184  -  MemoryUsage of job (MB)
	187900  -  ResidentSetSize of job (KB)
...
040 (311085.008.000) 2023-06-12 18:35:09 Started transferring output files
...
040 (311085.008.000) 2023-06-12 18:35:09 Finished transferring output files
...
005 (311085.008.000) 2023-06-12 18:35:10 Job terminated.
	(1) Normal termination (return value 0)
		Usr 0 00:00:24, Sys 0 00:00:01  -  Run Remote Usage
		Usr 0 00:00:00, Sys 0 00:00:00  -  Run Local Usage
		Usr 0 00:00:24, Sys 0 00:00:01  -  Total Remote Usage
		Usr 0 00:00:00, Sys 0 00:00:00  -  Total Local Usage
	7505  -  Run Bytes Sent By Job
	149  -  Run Bytes Received By Job
	7505  -  Total Bytes Sent By Job
	149  -  Total Bytes Received By Job
	Partitionable Resources :    Usage  Request Allocated 
	   Cpus                 :                 1         1 
	   Disk (KB)            :       52        1    127899 
	   Memory (MB)          :      184     3900      3968 

	Job terminated of its own accord at 2023-06-12T09:35:09Z.
...
006 (311085.000.000) 2023-06-12 18:35:13 Image size of job updated: 688352
	184  -  MemoryUsage of job (MB)
	187904  -  ResidentSetSize of job (KB)
...
006 (311085.003.000) 2023-06-12 18:35:13 Image size of job updated: 686672
	186  -  MemoryUsage of job (MB)
	189964  -  ResidentSetSize of job (KB)
...
040 (311085.003.000) 2023-06-12 18:35:13 Started transferring output files
...
040 (311085.000.000) 2023-06-12 18:35:13 Started transferring output files
...
040 (311085.003.000) 2023-06-12 18:35:13 Finished transferring output files
...
040 (311085.000.000) 2023-06-12 18:35:13 Finished transferring output files
...
005 (311085.000.000) 2023-06-12 18:35:13 Job terminated.
	(1) Normal termination (return value 0)
		Usr 0 00:00:27, Sys 0 00:00:02  -  Run Remote Usage
		Usr 0 00:00:00, Sys 0 00:00:00  -  Run Local Usage
		Usr 0 00:00:27, Sys 0 00:00:02  -  Total Remote Usage
		Usr 0 00:00:00, Sys 0 00:00:00  -  Total Local Usage
	7618  -  Run Bytes Sent By Job
	149  -  Run Bytes Received By Job
	7618  -  Total Bytes Sent By Job
	149  -  Total Bytes Received By Job
	Partitionable Resources :    Usage  Request Allocated 
	   Cpus                 :                 1         1 
	   Disk (KB)            :       52        1     61930 
	   Memory (MB)          :      184     3900      3968 

	Job terminated of its own accord at 2023-06-12T09:35:13Z.
...
005 (311085.003.000) 2023-06-12 18:35:13 Job terminated.
	(1) Normal termination (return value 0)
		Usr 0 00:00:26, Sys 0 00:00:02  -  Run Remote Usage
		Usr 0 00:00:00, Sys 0 00:00:00  -  Run Local Usage
		Usr 0 00:00:26, Sys 0 00:00:02  -  Total Remote Usage
		Usr 0 00:00:00, Sys 0 00:00:00  -  Total Local Usage
	7556  -  Run Bytes Sent By Job
	149  -  Run Bytes Received By Job
	7556  -  Total Bytes Sent By Job
	149  -  Total Bytes Received By Job
	Partitionable Resources :    Usage  Request Allocated 
	   Cpus                 :                 1         1 
	   Disk (KB)            :       52        1     61930 
	   Memory (MB)          :      186     3900      3968 

	Job terminated of its own accord at 2023-06-12T09:35:13Z.
...
006 (311085.005.000) 2023-06-12 18:35:14 Image size of job updated: 692016
	185  -  MemoryUsage of job (MB)
	189272  -  ResidentSetSize of job (KB)
...
040 (311085.005.000) 2023-06-12 18:35:14 Started transferring output files
...
040 (311085.005.000) 2023-06-12 18:35:14 Finished transferring output files
...
005 (311085.005.000) 2023-06-12 18:35:14 Job terminated.
	(1) Normal termination (return value 0)
		Usr 0 00:00:29, Sys 0 00:00:01  -  Run Remote Usage
		Usr 0 00:00:00, Sys 0 00:00:00  -  Run Local Usage
		Usr 0 00:00:29, Sys 0 00:00:01  -  Total Remote Usage
		Usr 0 00:00:00, Sys 0 00:00:00  -  Total Local Usage
	7629  -  Run Bytes Sent By Job
	149  -  Run Bytes Received By Job
	7629  -  Total Bytes Sent By Job
	149  -  Total Bytes Received By Job
	Partitionable Resources :    Usage  Request Allocated 
	   Cpus                 :                 1         1 
	   Disk (KB)            :       52        1    127899 
	   Memory (MB)          :      185     3900      3968 

	Job terminated of its own accord at 2023-06-12T09:35:14Z.
...
006 (311085.001.000) 2023-06-12 18:35:14 Image size of job updated: 696084
	184  -  MemoryUsage of job (MB)
	187944  -  ResidentSetSize of job (KB)
...
040 (311085.001.000) 2023-06-12 18:35:14 Started transferring output files
...
040 (311085.001.000) 2023-06-12 18:35:14 Finished transferring output files
...
005 (311085.001.000) 2023-06-12 18:35:14 Job terminated.
	(1) Normal termination (return value 0)
		Usr 0 00:00:28, Sys 0 00:00:02  -  Run Remote Usage
		Usr 0 00:00:00, Sys 0 00:00:00  -  Run Local Usage
		Usr 0 00:00:28, Sys 0 00:00:02  -  Total Remote Usage
		Usr 0 00:00:00, Sys 0 00:00:00  -  Total Local Usage
	7618  -  Run Bytes Sent By Job
	149  -  Run Bytes Received By Job
	7618  -  Total Bytes Sent By Job
	149  -  Total Bytes Received By Job
	Partitionable Resources :    Usage  Request Allocated 
	   Cpus                 :                 1         1 
	   Disk (KB)            :       52        1     61930 
	   Memory (MB)          :      184     3900      3968 

	Job terminated of its own accord at 2023-06-12T09:35:14Z.
...
006 (311085.002.000) 2023-06-12 18:35:15 Image size of job updated: 693756
	184  -  MemoryUsage of job (MB)
	187836  -  ResidentSetSize of job (KB)
...
040 (311085.002.000) 2023-06-12 18:35:15 Started transferring output files
...
040 (311085.002.000) 2023-06-12 18:35:15 Finished transferring output files
...
005 (311085.002.000) 2023-06-12 18:35:15 Job terminated.
	(1) Normal termination (return value 0)
		Usr 0 00:00:30, Sys 0 00:00:01  -  Run Remote Usage
		Usr 0 00:00:00, Sys 0 00:00:00  -  Run Local Usage
		Usr 0 00:00:30, Sys 0 00:00:01  -  Total Remote Usage
		Usr 0 00:00:00, Sys 0 00:00:00  -  Total Local Usage
	7587  -  Run Bytes Sent By Job
	149  -  Run Bytes Received By Job
	7587  -  Total Bytes Sent By Job
	149  -  Total Bytes Received By Job
	Partitionable Resources :    Usage  Request Allocated 
	   Cpus                 :                 1         1 
	   Disk (KB)            :       52        1     61930 
	   Memory (MB)          :      184     3900      3968 

	Job terminated of its own accord at 2023-06-12T09:35:15Z.
...
006 (311085.004.000) 2023-06-12 18:35:19 Image size of job updated: 695172
	184  -  MemoryUsage of job (MB)
	187628  -  ResidentSetSize of job (KB)
...
040 (311085.004.000) 2023-06-12 18:35:19 Started transferring output files
...
040 (311085.004.000) 2023-06-12 18:35:19 Finished transferring output files
...
005 (311085.004.000) 2023-06-12 18:35:19 Job terminated.
	(1) Normal termination (return value 0)
		Usr 0 00:00:34, Sys 0 00:00:01  -  Run Remote Usage
		Usr 0 00:00:00, Sys 0 00:00:00  -  Run Local Usage
		Usr 0 00:00:34, Sys 0 00:00:01  -  Total Remote Usage
		Usr 0 00:00:00, Sys 0 00:00:00  -  Total Local Usage
	7608  -  Run Bytes Sent By Job
	149  -  Run Bytes Received By Job
	7608  -  Total Bytes Sent By Job
	149  -  Total Bytes Received By Job
	Partitionable Resources :    Usage  Request Allocated 
	   Cpus                 :                 1         1 
	   Disk (KB)            :       52        1    127899 
	   Memory (MB)          :      184     3900      3968 

	Job terminated of its own accord at 2023-06-12T09:35:19Z.
...
006 (311085.007.000) 2023-06-12 18:35:24 Image size of job updated: 692168
	195  -  MemoryUsage of job (MB)
	198976  -  ResidentSetSize of job (KB)
...
040 (311085.007.000) 2023-06-12 18:35:24 Started transferring output files
...
040 (311085.007.000) 2023-06-12 18:35:24 Finished transferring output files
...
005 (311085.007.000) 2023-06-12 18:35:24 Job terminated.
	(1) Normal termination (return value 0)
		Usr 0 00:00:37, Sys 0 00:00:01  -  Run Remote Usage
		Usr 0 00:00:00, Sys 0 00:00:00  -  Run Local Usage
		Usr 0 00:00:37, Sys 0 00:00:01  -  Total Remote Usage
		Usr 0 00:00:00, Sys 0 00:00:00  -  Total Local Usage
	7474  -  Run Bytes Sent By Job
	149  -  Run Bytes Received By Job
	7474  -  Total Bytes Sent By Job
	149  -  Total Bytes Received By Job
	Partitionable Resources :    Usage  Request Allocated 
	   Cpus                 :                 1         1 
	   Disk (KB)            :       52        1    127899 
	   Memory (MB)          :      195     3900      3968 

	Job terminated of its own accord at 2023-06-12T09:35:24Z.
...
006 (311085.006.000) 2023-06-12 18:35:37 Image size of job updated: 692144
	191  -  MemoryUsage of job (MB)
	194812  -  ResidentSetSize of job (KB)
...
040 (311085.006.000) 2023-06-12 18:35:38 Started transferring output files
...
040 (311085.006.000) 2023-06-12 18:35:38 Finished transferring output files
...
005 (311085.006.000) 2023-06-12 18:35:38 Job terminated.
	(1) Normal termination (return value 0)
		Usr 0 00:00:52, Sys 0 00:00:01  -  Run Remote Usage
		Usr 0 00:00:00, Sys 0 00:00:00  -  Run Local Usage
		Usr 0 00:00:52, Sys 0 00:00:01  -  Total Remote Usage
		Usr 0 00:00:00, Sys 0 00:00:00  -  Total Local Usage
	7808  -  Run Bytes Sent By Job
	149  -  Run Bytes Received By Job
	7808  -  Total Bytes Sent By Job
	149  -  Total Bytes Received By Job
	Partitionable Resources :    Usage  Request Allocated 
	   Cpus                 :                 1         1 
	   Disk (KB)            :       52        1    127899 
	   Memory (MB)          :      191     3900      3968 

	Job terminated of its own accord at 2023-06-12T09:35:37Z.
...
