000 (330073.000.000) 2023-07-25 10:56:45 Job submitted from host: <172.30.1.200:9618?addrs=172.30.1.200-9618&alias=tamsa2.snu.ac.kr&noUDP&sock=schedd_3510_2582>
...
000 (330073.001.000) 2023-07-25 10:56:45 Job submitted from host: <172.30.1.200:9618?addrs=172.30.1.200-9618&alias=tamsa2.snu.ac.kr&noUDP&sock=schedd_3510_2582>
...
000 (330073.002.000) 2023-07-25 10:56:45 Job submitted from host: <172.30.1.200:9618?addrs=172.30.1.200-9618&alias=tamsa2.snu.ac.kr&noUDP&sock=schedd_3510_2582>
...
000 (330073.003.000) 2023-07-25 10:56:45 Job submitted from host: <172.30.1.200:9618?addrs=172.30.1.200-9618&alias=tamsa2.snu.ac.kr&noUDP&sock=schedd_3510_2582>
...
000 (330073.004.000) 2023-07-25 10:56:45 Job submitted from host: <172.30.1.200:9618?addrs=172.30.1.200-9618&alias=tamsa2.snu.ac.kr&noUDP&sock=schedd_3510_2582>
...
000 (330073.005.000) 2023-07-25 10:56:45 Job submitted from host: <172.30.1.200:9618?addrs=172.30.1.200-9618&alias=tamsa2.snu.ac.kr&noUDP&sock=schedd_3510_2582>
...
000 (330073.006.000) 2023-07-25 10:56:45 Job submitted from host: <172.30.1.200:9618?addrs=172.30.1.200-9618&alias=tamsa2.snu.ac.kr&noUDP&sock=schedd_3510_2582>
...
000 (330073.007.000) 2023-07-25 10:56:45 Job submitted from host: <172.30.1.200:9618?addrs=172.30.1.200-9618&alias=tamsa2.snu.ac.kr&noUDP&sock=schedd_3510_2582>
...
000 (330073.008.000) 2023-07-25 10:56:45 Job submitted from host: <172.30.1.200:9618?addrs=172.30.1.200-9618&alias=tamsa2.snu.ac.kr&noUDP&sock=schedd_3510_2582>
...
000 (330073.009.000) 2023-07-25 10:56:45 Job submitted from host: <172.30.1.200:9618?addrs=172.30.1.200-9618&alias=tamsa2.snu.ac.kr&noUDP&sock=schedd_3510_2582>
...
040 (330073.005.000) 2023-07-25 10:56:54 Started transferring input files
	Transferring to host: <172.30.1.107:9618?addrs=172.30.1.107-9618&alias=n7&noUDP&sock=slot1_4_4258_e566_60730>
...
040 (330073.005.000) 2023-07-25 10:56:54 Finished transferring input files
...
040 (330073.006.000) 2023-07-25 10:56:54 Started transferring input files
	Transferring to host: <172.30.1.107:9618?addrs=172.30.1.107-9618&alias=n7&noUDP&sock=slot1_5_4258_e566_60731>
...
040 (330073.006.000) 2023-07-25 10:56:54 Finished transferring input files
...
040 (330073.007.000) 2023-07-25 10:56:54 Started transferring input files
	Transferring to host: <172.30.1.107:9618?addrs=172.30.1.107-9618&alias=n7&noUDP&sock=slot1_6_4258_e566_60732>
...
040 (330073.000.000) 2023-07-25 10:56:54 Started transferring input files
	Transferring to host: <172.30.1.110:9618?addrs=172.30.1.110-9618&alias=n10&noUDP&sock=slot1_14_4288_08a7_70203>
...
040 (330073.007.000) 2023-07-25 10:56:54 Finished transferring input files
...
040 (330073.000.000) 2023-07-25 10:56:54 Finished transferring input files
...
040 (330073.008.000) 2023-07-25 10:56:54 Started transferring input files
	Transferring to host: <172.30.1.107:9618?addrs=172.30.1.107-9618&alias=n7&noUDP&sock=slot1_7_4258_e566_60733>
...
040 (330073.008.000) 2023-07-25 10:56:54 Finished transferring input files
...
040 (330073.001.000) 2023-07-25 10:56:54 Started transferring input files
	Transferring to host: <172.30.1.110:9618?addrs=172.30.1.110-9618&alias=n10&noUDP&sock=slot1_15_4288_08a7_70204>
...
040 (330073.009.000) 2023-07-25 10:56:54 Started transferring input files
	Transferring to host: <172.30.1.107:9618?addrs=172.30.1.107-9618&alias=n7&noUDP&sock=slot1_8_4258_e566_60734>
...
040 (330073.001.000) 2023-07-25 10:56:54 Finished transferring input files
...
040 (330073.009.000) 2023-07-25 10:56:54 Finished transferring input files
...
040 (330073.002.000) 2023-07-25 10:56:54 Started transferring input files
	Transferring to host: <172.30.1.110:9618?addrs=172.30.1.110-9618&alias=n10&noUDP&sock=slot1_16_4288_08a7_70205>
...
040 (330073.002.000) 2023-07-25 10:56:54 Finished transferring input files
...
040 (330073.003.000) 2023-07-25 10:56:54 Started transferring input files
	Transferring to host: <172.30.1.110:9618?addrs=172.30.1.110-9618&alias=n10&noUDP&sock=slot1_17_4288_08a7_70206>
...
040 (330073.003.000) 2023-07-25 10:56:54 Finished transferring input files
...
040 (330073.004.000) 2023-07-25 10:56:54 Started transferring input files
	Transferring to host: <172.30.1.110:9618?addrs=172.30.1.110-9618&alias=n10&noUDP&sock=slot1_18_4288_08a7_70207>
...
040 (330073.004.000) 2023-07-25 10:56:54 Finished transferring input files
...
001 (330073.005.000) 2023-07-25 10:56:55 Job executing on host: <172.30.1.107:9618?addrs=172.30.1.107-9618&alias=n7&noUDP&sock=startd_4224_e421>
...
001 (330073.006.000) 2023-07-25 10:56:55 Job executing on host: <172.30.1.107:9618?addrs=172.30.1.107-9618&alias=n7&noUDP&sock=startd_4224_e421>
...
001 (330073.007.000) 2023-07-25 10:56:55 Job executing on host: <172.30.1.107:9618?addrs=172.30.1.107-9618&alias=n7&noUDP&sock=startd_4224_e421>
...
001 (330073.000.000) 2023-07-25 10:56:55 Job executing on host: <172.30.1.110:9618?addrs=172.30.1.110-9618&alias=n10&noUDP&sock=startd_4254_77f9>
...
001 (330073.008.000) 2023-07-25 10:56:55 Job executing on host: <172.30.1.107:9618?addrs=172.30.1.107-9618&alias=n7&noUDP&sock=startd_4224_e421>
...
001 (330073.001.000) 2023-07-25 10:56:55 Job executing on host: <172.30.1.110:9618?addrs=172.30.1.110-9618&alias=n10&noUDP&sock=startd_4254_77f9>
...
001 (330073.009.000) 2023-07-25 10:56:55 Job executing on host: <172.30.1.107:9618?addrs=172.30.1.107-9618&alias=n7&noUDP&sock=startd_4224_e421>
...
001 (330073.002.000) 2023-07-25 10:56:55 Job executing on host: <172.30.1.110:9618?addrs=172.30.1.110-9618&alias=n10&noUDP&sock=startd_4254_77f9>
...
001 (330073.003.000) 2023-07-25 10:56:55 Job executing on host: <172.30.1.110:9618?addrs=172.30.1.110-9618&alias=n10&noUDP&sock=startd_4254_77f9>
...
001 (330073.004.000) 2023-07-25 10:56:55 Job executing on host: <172.30.1.110:9618?addrs=172.30.1.110-9618&alias=n10&noUDP&sock=startd_4254_77f9>
...
006 (330073.005.000) 2023-07-25 10:57:03 Image size of job updated: 470860
	179  -  MemoryUsage of job (MB)
	182356  -  ResidentSetSize of job (KB)
...
006 (330073.006.000) 2023-07-25 10:57:03 Image size of job updated: 473044
	182  -  MemoryUsage of job (MB)
	185440  -  ResidentSetSize of job (KB)
...
006 (330073.000.000) 2023-07-25 10:57:03 Image size of job updated: 644884
	204  -  MemoryUsage of job (MB)
	208804  -  ResidentSetSize of job (KB)
...
006 (330073.007.000) 2023-07-25 10:57:03 Image size of job updated: 473048
	182  -  MemoryUsage of job (MB)
	185680  -  ResidentSetSize of job (KB)
...
006 (330073.001.000) 2023-07-25 10:57:03 Image size of job updated: 644880
	183  -  MemoryUsage of job (MB)
	186424  -  ResidentSetSize of job (KB)
...
006 (330073.008.000) 2023-07-25 10:57:03 Image size of job updated: 473044
	182  -  MemoryUsage of job (MB)
	185436  -  ResidentSetSize of job (KB)
...
006 (330073.002.000) 2023-07-25 10:57:03 Image size of job updated: 644908
	204  -  MemoryUsage of job (MB)
	208808  -  ResidentSetSize of job (KB)
...
006 (330073.009.000) 2023-07-25 10:57:03 Image size of job updated: 473044
	182  -  MemoryUsage of job (MB)
	185656  -  ResidentSetSize of job (KB)
...
006 (330073.003.000) 2023-07-25 10:57:03 Image size of job updated: 675684
	204  -  MemoryUsage of job (MB)
	208684  -  ResidentSetSize of job (KB)
...
006 (330073.004.000) 2023-07-25 10:57:04 Image size of job updated: 644892
	206  -  MemoryUsage of job (MB)
	210468  -  ResidentSetSize of job (KB)
...
040 (330073.003.000) 2023-07-25 10:57:09 Started transferring output files
...
040 (330073.003.000) 2023-07-25 10:57:09 Finished transferring output files
...
005 (330073.003.000) 2023-07-25 10:57:09 Job terminated.
	(1) Normal termination (return value 0)
		Usr 0 00:00:12, Sys 0 00:00:01  -  Run Remote Usage
		Usr 0 00:00:00, Sys 0 00:00:00  -  Run Local Usage
		Usr 0 00:00:12, Sys 0 00:00:01  -  Total Remote Usage
		Usr 0 00:00:00, Sys 0 00:00:00  -  Total Local Usage
	1129  -  Run Bytes Sent By Job
	170  -  Run Bytes Received By Job
	1129  -  Total Bytes Sent By Job
	170  -  Total Bytes Received By Job
	Partitionable Resources :    Usage  Request Allocated 
	   Cpus                 :                 1         1 
	   Disk (KB)            :       46        1    127899 
	   Memory (MB)          :      204     3900      3968 

	Job terminated of its own accord at 2023-07-25T01:57:09Z.
...
006 (330073.001.000) 2023-07-25 10:57:09 Image size of job updated: 686644
	183  -  MemoryUsage of job (MB)
	186424  -  ResidentSetSize of job (KB)
...
040 (330073.001.000) 2023-07-25 10:57:09 Started transferring output files
...
040 (330073.001.000) 2023-07-25 10:57:09 Finished transferring output files
...
005 (330073.001.000) 2023-07-25 10:57:09 Job terminated.
	(1) Normal termination (return value 0)
		Usr 0 00:00:12, Sys 0 00:00:01  -  Run Remote Usage
		Usr 0 00:00:00, Sys 0 00:00:00  -  Run Local Usage
		Usr 0 00:00:12, Sys 0 00:00:01  -  Total Remote Usage
		Usr 0 00:00:00, Sys 0 00:00:00  -  Total Local Usage
	1159  -  Run Bytes Sent By Job
	170  -  Run Bytes Received By Job
	1159  -  Total Bytes Sent By Job
	170  -  Total Bytes Received By Job
	Partitionable Resources :    Usage  Request Allocated 
	   Cpus                 :                 1         1 
	   Disk (KB)            :       46        1    127899 
	   Memory (MB)          :      183     3900      3968 

	Job terminated of its own accord at 2023-07-25T01:57:09Z.
...
006 (330073.002.000) 2023-07-25 10:57:09 Image size of job updated: 686580
	204  -  MemoryUsage of job (MB)
	208808  -  ResidentSetSize of job (KB)
...
040 (330073.002.000) 2023-07-25 10:57:09 Started transferring output files
...
040 (330073.002.000) 2023-07-25 10:57:09 Finished transferring output files
...
005 (330073.002.000) 2023-07-25 10:57:09 Job terminated.
	(1) Normal termination (return value 0)
		Usr 0 00:00:12, Sys 0 00:00:01  -  Run Remote Usage
		Usr 0 00:00:00, Sys 0 00:00:00  -  Run Local Usage
		Usr 0 00:00:12, Sys 0 00:00:01  -  Total Remote Usage
		Usr 0 00:00:00, Sys 0 00:00:00  -  Total Local Usage
	1160  -  Run Bytes Sent By Job
	170  -  Run Bytes Received By Job
	1160  -  Total Bytes Sent By Job
	170  -  Total Bytes Received By Job
	Partitionable Resources :    Usage  Request Allocated 
	   Cpus                 :                 1         1 
	   Disk (KB)            :       46        1    127899 
	   Memory (MB)          :      204     3900      3968 

	Job terminated of its own accord at 2023-07-25T01:57:09Z.
...
006 (330073.004.000) 2023-07-25 10:57:11 Image size of job updated: 685896
	206  -  MemoryUsage of job (MB)
	210468  -  ResidentSetSize of job (KB)
...
040 (330073.004.000) 2023-07-25 10:57:11 Started transferring output files
...
040 (330073.004.000) 2023-07-25 10:57:11 Finished transferring output files
...
005 (330073.004.000) 2023-07-25 10:57:11 Job terminated.
	(1) Normal termination (return value 0)
		Usr 0 00:00:13, Sys 0 00:00:00  -  Run Remote Usage
		Usr 0 00:00:00, Sys 0 00:00:00  -  Run Local Usage
		Usr 0 00:00:13, Sys 0 00:00:00  -  Total Remote Usage
		Usr 0 00:00:00, Sys 0 00:00:00  -  Total Local Usage
	1160  -  Run Bytes Sent By Job
	170  -  Run Bytes Received By Job
	1160  -  Total Bytes Sent By Job
	170  -  Total Bytes Received By Job
	Partitionable Resources :    Usage  Request Allocated 
	   Cpus                 :                 1         1 
	   Disk (KB)            :       46        1    127899 
	   Memory (MB)          :      206     3900      3968 

	Job terminated of its own accord at 2023-07-25T01:57:11Z.
...
006 (330073.000.000) 2023-07-25 10:57:14 Image size of job updated: 687284
	204  -  MemoryUsage of job (MB)
	208804  -  ResidentSetSize of job (KB)
...
040 (330073.000.000) 2023-07-25 10:57:14 Started transferring output files
...
040 (330073.000.000) 2023-07-25 10:57:14 Finished transferring output files
...
005 (330073.000.000) 2023-07-25 10:57:14 Job terminated.
	(1) Normal termination (return value 0)
		Usr 0 00:00:16, Sys 0 00:00:01  -  Run Remote Usage
		Usr 0 00:00:00, Sys 0 00:00:00  -  Run Local Usage
		Usr 0 00:00:16, Sys 0 00:00:01  -  Total Remote Usage
		Usr 0 00:00:00, Sys 0 00:00:00  -  Total Local Usage
	1221  -  Run Bytes Sent By Job
	170  -  Run Bytes Received By Job
	1221  -  Total Bytes Sent By Job
	170  -  Total Bytes Received By Job
	Partitionable Resources :    Usage  Request Allocated 
	   Cpus                 :                 1         1 
	   Disk (KB)            :       46        1    127899 
	   Memory (MB)          :      204     3900      3968 

	Job terminated of its own accord at 2023-07-25T01:57:14Z.
...
006 (330073.009.000) 2023-07-25 10:57:16 Image size of job updated: 681396
	182  -  MemoryUsage of job (MB)
	185656  -  ResidentSetSize of job (KB)
...
040 (330073.009.000) 2023-07-25 10:57:16 Started transferring output files
...
040 (330073.009.000) 2023-07-25 10:57:16 Finished transferring output files
...
005 (330073.009.000) 2023-07-25 10:57:16 Job terminated.
	(1) Normal termination (return value 0)
		Usr 0 00:00:14, Sys 0 00:00:01  -  Run Remote Usage
		Usr 0 00:00:00, Sys 0 00:00:00  -  Run Local Usage
		Usr 0 00:00:14, Sys 0 00:00:01  -  Total Remote Usage
		Usr 0 00:00:00, Sys 0 00:00:00  -  Total Local Usage
	902  -  Run Bytes Sent By Job
	170  -  Run Bytes Received By Job
	902  -  Total Bytes Sent By Job
	170  -  Total Bytes Received By Job
	Partitionable Resources :    Usage  Request Allocated 
	   Cpus                 :                 1         1 
	   Disk (KB)            :       46        1    127899 
	   Memory (MB)          :      182     3900      3968 

	Job terminated of its own accord at 2023-07-25T01:57:16Z.
...
006 (330073.008.000) 2023-07-25 10:57:16 Image size of job updated: 684924
	182  -  MemoryUsage of job (MB)
	185436  -  ResidentSetSize of job (KB)
...
040 (330073.008.000) 2023-07-25 10:57:16 Started transferring output files
...
040 (330073.008.000) 2023-07-25 10:57:16 Finished transferring output files
...
005 (330073.008.000) 2023-07-25 10:57:16 Job terminated.
	(1) Normal termination (return value 0)
		Usr 0 00:00:15, Sys 0 00:00:01  -  Run Remote Usage
		Usr 0 00:00:00, Sys 0 00:00:00  -  Run Local Usage
		Usr 0 00:00:15, Sys 0 00:00:01  -  Total Remote Usage
		Usr 0 00:00:00, Sys 0 00:00:00  -  Total Local Usage
	871  -  Run Bytes Sent By Job
	170  -  Run Bytes Received By Job
	871  -  Total Bytes Sent By Job
	170  -  Total Bytes Received By Job
	Partitionable Resources :    Usage  Request Allocated 
	   Cpus                 :                 1         1 
	   Disk (KB)            :       46        1    127899 
	   Memory (MB)          :      182     3900      3968 

	Job terminated of its own accord at 2023-07-25T01:57:16Z.
...
006 (330073.007.000) 2023-07-25 10:57:20 Image size of job updated: 683152
	182  -  MemoryUsage of job (MB)
	185680  -  ResidentSetSize of job (KB)
...
040 (330073.007.000) 2023-07-25 10:57:20 Started transferring output files
...
040 (330073.007.000) 2023-07-25 10:57:20 Finished transferring output files
...
005 (330073.007.000) 2023-07-25 10:57:20 Job terminated.
	(1) Normal termination (return value 0)
		Usr 0 00:00:18, Sys 0 00:00:01  -  Run Remote Usage
		Usr 0 00:00:00, Sys 0 00:00:00  -  Run Local Usage
		Usr 0 00:00:18, Sys 0 00:00:01  -  Total Remote Usage
		Usr 0 00:00:00, Sys 0 00:00:00  -  Total Local Usage
	932  -  Run Bytes Sent By Job
	170  -  Run Bytes Received By Job
	932  -  Total Bytes Sent By Job
	170  -  Total Bytes Received By Job
	Partitionable Resources :    Usage  Request Allocated 
	   Cpus                 :                 1         1 
	   Disk (KB)            :       46        1    127899 
	   Memory (MB)          :      182     3900      3968 

	Job terminated of its own accord at 2023-07-25T01:57:20Z.
...
006 (330073.006.000) 2023-07-25 10:57:23 Image size of job updated: 683156
	182  -  MemoryUsage of job (MB)
	185440  -  ResidentSetSize of job (KB)
...
040 (330073.006.000) 2023-07-25 10:57:23 Started transferring output files
...
040 (330073.006.000) 2023-07-25 10:57:23 Finished transferring output files
...
005 (330073.006.000) 2023-07-25 10:57:23 Job terminated.
	(1) Normal termination (return value 0)
		Usr 0 00:00:22, Sys 0 00:00:01  -  Run Remote Usage
		Usr 0 00:00:00, Sys 0 00:00:00  -  Run Local Usage
		Usr 0 00:00:22, Sys 0 00:00:01  -  Total Remote Usage
		Usr 0 00:00:00, Sys 0 00:00:00  -  Total Local Usage
	932  -  Run Bytes Sent By Job
	170  -  Run Bytes Received By Job
	932  -  Total Bytes Sent By Job
	170  -  Total Bytes Received By Job
	Partitionable Resources :    Usage  Request Allocated 
	   Cpus                 :                 1         1 
	   Disk (KB)            :       46        1    127899 
	   Memory (MB)          :      182     3900      3968 

	Job terminated of its own accord at 2023-07-25T01:57:23Z.
...
006 (330073.005.000) 2023-07-25 10:57:24 Image size of job updated: 685832
	179  -  MemoryUsage of job (MB)
	182356  -  ResidentSetSize of job (KB)
...
040 (330073.005.000) 2023-07-25 10:57:24 Started transferring output files
...
040 (330073.005.000) 2023-07-25 10:57:24 Finished transferring output files
...
005 (330073.005.000) 2023-07-25 10:57:24 Job terminated.
	(1) Normal termination (return value 0)
		Usr 0 00:00:23, Sys 0 00:00:01  -  Run Remote Usage
		Usr 0 00:00:00, Sys 0 00:00:00  -  Run Local Usage
		Usr 0 00:00:23, Sys 0 00:00:01  -  Total Remote Usage
		Usr 0 00:00:00, Sys 0 00:00:00  -  Total Local Usage
	1191  -  Run Bytes Sent By Job
	170  -  Run Bytes Received By Job
	1191  -  Total Bytes Sent By Job
	170  -  Total Bytes Received By Job
	Partitionable Resources :    Usage  Request Allocated 
	   Cpus                 :                 1         1 
	   Disk (KB)            :       46        1    127899 
	   Memory (MB)          :      179     3900      3968 

	Job terminated of its own accord at 2023-07-25T01:57:24Z.
...
