000 (311134.000.000) 2023-06-12 19:37:33 Job submitted from host: <172.30.1.200:9618?addrs=172.30.1.200-9618&alias=tamsa2.snu.ac.kr&noUDP&sock=schedd_3510_2582>
...
000 (311134.001.000) 2023-06-12 19:37:33 Job submitted from host: <172.30.1.200:9618?addrs=172.30.1.200-9618&alias=tamsa2.snu.ac.kr&noUDP&sock=schedd_3510_2582>
...
000 (311134.002.000) 2023-06-12 19:37:33 Job submitted from host: <172.30.1.200:9618?addrs=172.30.1.200-9618&alias=tamsa2.snu.ac.kr&noUDP&sock=schedd_3510_2582>
...
000 (311134.003.000) 2023-06-12 19:37:33 Job submitted from host: <172.30.1.200:9618?addrs=172.30.1.200-9618&alias=tamsa2.snu.ac.kr&noUDP&sock=schedd_3510_2582>
...
000 (311134.004.000) 2023-06-12 19:37:33 Job submitted from host: <172.30.1.200:9618?addrs=172.30.1.200-9618&alias=tamsa2.snu.ac.kr&noUDP&sock=schedd_3510_2582>
...
000 (311134.005.000) 2023-06-12 19:37:33 Job submitted from host: <172.30.1.200:9618?addrs=172.30.1.200-9618&alias=tamsa2.snu.ac.kr&noUDP&sock=schedd_3510_2582>
...
000 (311134.006.000) 2023-06-12 19:37:33 Job submitted from host: <172.30.1.200:9618?addrs=172.30.1.200-9618&alias=tamsa2.snu.ac.kr&noUDP&sock=schedd_3510_2582>
...
000 (311134.007.000) 2023-06-12 19:37:33 Job submitted from host: <172.30.1.200:9618?addrs=172.30.1.200-9618&alias=tamsa2.snu.ac.kr&noUDP&sock=schedd_3510_2582>
...
000 (311134.008.000) 2023-06-12 19:37:33 Job submitted from host: <172.30.1.200:9618?addrs=172.30.1.200-9618&alias=tamsa2.snu.ac.kr&noUDP&sock=schedd_3510_2582>
...
000 (311134.009.000) 2023-06-12 19:37:33 Job submitted from host: <172.30.1.200:9618?addrs=172.30.1.200-9618&alias=tamsa2.snu.ac.kr&noUDP&sock=schedd_3510_2582>
...
040 (311134.001.000) 2023-06-12 19:37:37 Started transferring input files
	Transferring to host: <172.30.1.101:9618?addrs=172.30.1.101-9618&alias=n1&noUDP&sock=slot1_40_3367_1b22_15114>
...
040 (311134.001.000) 2023-06-12 19:37:37 Finished transferring input files
...
040 (311134.002.000) 2023-06-12 19:37:37 Started transferring input files
	Transferring to host: <172.30.1.101:9618?addrs=172.30.1.101-9618&alias=n1&noUDP&sock=slot1_42_3367_1b22_15115>
...
040 (311134.002.000) 2023-06-12 19:37:37 Finished transferring input files
...
040 (311134.003.000) 2023-06-12 19:37:37 Started transferring input files
	Transferring to host: <172.30.1.101:9618?addrs=172.30.1.101-9618&alias=n1&noUDP&sock=slot1_44_3367_1b22_15116>
...
040 (311134.003.000) 2023-06-12 19:37:37 Finished transferring input files
...
040 (311134.004.000) 2023-06-12 19:37:37 Started transferring input files
	Transferring to host: <172.30.1.101:9618?addrs=172.30.1.101-9618&alias=n1&noUDP&sock=slot1_51_3367_1b22_15117>
...
040 (311134.004.000) 2023-06-12 19:37:37 Finished transferring input files
...
040 (311134.000.000) 2023-06-12 19:37:37 Started transferring input files
	Transferring to host: <172.30.1.102:9618?addrs=172.30.1.102-9618&alias=n2&noUDP&sock=slot1_59_3347_03a1_18963>
...
040 (311134.000.000) 2023-06-12 19:37:37 Finished transferring input files
...
040 (311134.005.000) 2023-06-12 19:37:37 Started transferring input files
	Transferring to host: <172.30.1.101:9618?addrs=172.30.1.101-9618&alias=n1&noUDP&sock=slot1_53_3367_1b22_15118>
...
040 (311134.005.000) 2023-06-12 19:37:37 Finished transferring input files
...
040 (311134.006.000) 2023-06-12 19:37:37 Started transferring input files
	Transferring to host: <172.30.1.101:9618?addrs=172.30.1.101-9618&alias=n1&noUDP&sock=slot1_56_3367_1b22_15119>
...
040 (311134.006.000) 2023-06-12 19:37:37 Finished transferring input files
...
040 (311134.007.000) 2023-06-12 19:37:37 Started transferring input files
	Transferring to host: <172.30.1.101:9618?addrs=172.30.1.101-9618&alias=n1&noUDP&sock=slot1_57_3367_1b22_15120>
...
040 (311134.007.000) 2023-06-12 19:37:37 Finished transferring input files
...
040 (311134.008.000) 2023-06-12 19:37:37 Started transferring input files
	Transferring to host: <172.30.1.101:9618?addrs=172.30.1.101-9618&alias=n1&noUDP&sock=slot1_58_3367_1b22_15121>
...
040 (311134.008.000) 2023-06-12 19:37:37 Finished transferring input files
...
001 (311134.001.000) 2023-06-12 19:37:38 Job executing on host: <172.30.1.101:9618?addrs=172.30.1.101-9618&alias=n1&noUDP&sock=startd_3332_0da7>
...
001 (311134.002.000) 2023-06-12 19:37:38 Job executing on host: <172.30.1.101:9618?addrs=172.30.1.101-9618&alias=n1&noUDP&sock=startd_3332_0da7>
...
001 (311134.003.000) 2023-06-12 19:37:38 Job executing on host: <172.30.1.101:9618?addrs=172.30.1.101-9618&alias=n1&noUDP&sock=startd_3332_0da7>
...
001 (311134.004.000) 2023-06-12 19:37:38 Job executing on host: <172.30.1.101:9618?addrs=172.30.1.101-9618&alias=n1&noUDP&sock=startd_3332_0da7>
...
001 (311134.000.000) 2023-06-12 19:37:38 Job executing on host: <172.30.1.102:9618?addrs=172.30.1.102-9618&alias=n2&noUDP&sock=startd_3313_055a>
...
001 (311134.005.000) 2023-06-12 19:37:38 Job executing on host: <172.30.1.101:9618?addrs=172.30.1.101-9618&alias=n1&noUDP&sock=startd_3332_0da7>
...
001 (311134.006.000) 2023-06-12 19:37:38 Job executing on host: <172.30.1.101:9618?addrs=172.30.1.101-9618&alias=n1&noUDP&sock=startd_3332_0da7>
...
001 (311134.007.000) 2023-06-12 19:37:38 Job executing on host: <172.30.1.101:9618?addrs=172.30.1.101-9618&alias=n1&noUDP&sock=startd_3332_0da7>
...
001 (311134.008.000) 2023-06-12 19:37:38 Job executing on host: <172.30.1.101:9618?addrs=172.30.1.101-9618&alias=n1&noUDP&sock=startd_3332_0da7>
...
006 (311134.001.000) 2023-06-12 19:37:46 Image size of job updated: 479736
	147  -  MemoryUsage of job (MB)
	149740  -  ResidentSetSize of job (KB)
...
006 (311134.002.000) 2023-06-12 19:37:46 Image size of job updated: 479736
	147  -  MemoryUsage of job (MB)
	150072  -  ResidentSetSize of job (KB)
...
006 (311134.003.000) 2023-06-12 19:37:46 Image size of job updated: 479736
	147  -  MemoryUsage of job (MB)
	149836  -  ResidentSetSize of job (KB)
...
006 (311134.004.000) 2023-06-12 19:37:47 Image size of job updated: 479736
	153  -  MemoryUsage of job (MB)
	156284  -  ResidentSetSize of job (KB)
...
006 (311134.000.000) 2023-06-12 19:37:47 Image size of job updated: 399144
	143  -  MemoryUsage of job (MB)
	145640  -  ResidentSetSize of job (KB)
...
006 (311134.005.000) 2023-06-12 19:37:47 Image size of job updated: 479736
	153  -  MemoryUsage of job (MB)
	156300  -  ResidentSetSize of job (KB)
...
006 (311134.006.000) 2023-06-12 19:37:47 Image size of job updated: 479736
	153  -  MemoryUsage of job (MB)
	156300  -  ResidentSetSize of job (KB)
...
006 (311134.007.000) 2023-06-12 19:37:47 Image size of job updated: 479736
	153  -  MemoryUsage of job (MB)
	156560  -  ResidentSetSize of job (KB)
...
006 (311134.008.000) 2023-06-12 19:37:48 Image size of job updated: 479736
	153  -  MemoryUsage of job (MB)
	156560  -  ResidentSetSize of job (KB)
...
040 (311134.009.000) 2023-06-12 19:37:57 Started transferring input files
	Transferring to host: <172.30.1.105:9618?addrs=172.30.1.105-9618&alias=n5&noUDP&sock=slot1_14_3332_7201_9392>
...
040 (311134.009.000) 2023-06-12 19:37:57 Finished transferring input files
...
001 (311134.009.000) 2023-06-12 19:37:58 Job executing on host: <172.30.1.105:9618?addrs=172.30.1.105-9618&alias=n5&noUDP&sock=startd_3298_bb6e>
...
006 (311134.005.000) 2023-06-12 19:38:07 Image size of job updated: 608732
	153  -  MemoryUsage of job (MB)
	156300  -  ResidentSetSize of job (KB)
...
006 (311134.009.000) 2023-06-12 19:38:07 Image size of job updated: 185020
	181  -  MemoryUsage of job (MB)
	185020  -  ResidentSetSize of job (KB)
...
040 (311134.005.000) 2023-06-12 19:38:07 Started transferring output files
...
040 (311134.005.000) 2023-06-12 19:38:07 Finished transferring output files
...
005 (311134.005.000) 2023-06-12 19:38:07 Job terminated.
	(1) Normal termination (return value 0)
		Usr 0 00:00:20, Sys 0 00:00:03  -  Run Remote Usage
		Usr 0 00:00:00, Sys 0 00:00:00  -  Run Local Usage
		Usr 0 00:00:20, Sys 0 00:00:03  -  Total Remote Usage
		Usr 0 00:00:00, Sys 0 00:00:00  -  Total Local Usage
	6403  -  Run Bytes Sent By Job
	148  -  Run Bytes Received By Job
	6403  -  Total Bytes Sent By Job
	148  -  Total Bytes Received By Job
	Partitionable Resources :    Usage  Request Allocated 
	   Cpus                 :                 1         1 
	   Disk (KB)            :       51        1    127998 
	   Memory (MB)          :      153     3900      3968 

	Job terminated of its own accord at 2023-06-12T10:38:07Z.
...
006 (311134.001.000) 2023-06-12 19:38:07 Image size of job updated: 608732
	147  -  MemoryUsage of job (MB)
	149796  -  ResidentSetSize of job (KB)
...
006 (311134.004.000) 2023-06-12 19:38:07 Image size of job updated: 609536
	153  -  MemoryUsage of job (MB)
	156284  -  ResidentSetSize of job (KB)
...
006 (311134.007.000) 2023-06-12 19:38:08 Image size of job updated: 611280
	153  -  MemoryUsage of job (MB)
	156560  -  ResidentSetSize of job (KB)
...
040 (311134.004.000) 2023-06-12 19:38:08 Started transferring output files
...
040 (311134.001.000) 2023-06-12 19:38:08 Started transferring output files
...
040 (311134.004.000) 2023-06-12 19:38:08 Finished transferring output files
...
005 (311134.004.000) 2023-06-12 19:38:08 Job terminated.
	(1) Normal termination (return value 0)
		Usr 0 00:00:21, Sys 0 00:00:02  -  Run Remote Usage
		Usr 0 00:00:00, Sys 0 00:00:00  -  Run Local Usage
		Usr 0 00:00:21, Sys 0 00:00:02  -  Total Remote Usage
		Usr 0 00:00:00, Sys 0 00:00:00  -  Total Local Usage
	6593  -  Run Bytes Sent By Job
	148  -  Run Bytes Received By Job
	6593  -  Total Bytes Sent By Job
	148  -  Total Bytes Received By Job
	Partitionable Resources :    Usage  Request Allocated 
	   Cpus                 :                 1         1 
	   Disk (KB)            :       51        1    127998 
	   Memory (MB)          :      153     3900      3968 

	Job terminated of its own accord at 2023-06-12T10:38:07Z.
...
040 (311134.001.000) 2023-06-12 19:38:08 Finished transferring output files
...
040 (311134.007.000) 2023-06-12 19:38:08 Started transferring output files
...
040 (311134.007.000) 2023-06-12 19:38:08 Finished transferring output files
...
005 (311134.001.000) 2023-06-12 19:38:08 Job terminated.
	(1) Normal termination (return value 0)
		Usr 0 00:00:20, Sys 0 00:00:03  -  Run Remote Usage
		Usr 0 00:00:00, Sys 0 00:00:00  -  Run Local Usage
		Usr 0 00:00:20, Sys 0 00:00:03  -  Total Remote Usage
		Usr 0 00:00:00, Sys 0 00:00:00  -  Total Local Usage
	6906  -  Run Bytes Sent By Job
	148  -  Run Bytes Received By Job
	6906  -  Total Bytes Sent By Job
	148  -  Total Bytes Received By Job
	Partitionable Resources :    Usage  Request Allocated 
	   Cpus                 :                 1         1 
	   Disk (KB)            :       52        1    127998 
	   Memory (MB)          :      147     3900      3968 

	Job terminated of its own accord at 2023-06-12T10:38:07Z.
...
005 (311134.007.000) 2023-06-12 19:38:08 Job terminated.
	(1) Normal termination (return value 0)
		Usr 0 00:00:21, Sys 0 00:00:02  -  Run Remote Usage
		Usr 0 00:00:00, Sys 0 00:00:00  -  Run Local Usage
		Usr 0 00:00:21, Sys 0 00:00:02  -  Total Remote Usage
		Usr 0 00:00:00, Sys 0 00:00:00  -  Total Local Usage
	6493  -  Run Bytes Sent By Job
	148  -  Run Bytes Received By Job
	6493  -  Total Bytes Sent By Job
	148  -  Total Bytes Received By Job
	Partitionable Resources :    Usage  Request Allocated 
	   Cpus                 :                 1         1 
	   Disk (KB)            :       51        1    127998 
	   Memory (MB)          :      153     3900      3968 

	Job terminated of its own accord at 2023-06-12T10:38:07Z.
...
006 (311134.008.000) 2023-06-12 19:38:09 Image size of job updated: 611500
	153  -  MemoryUsage of job (MB)
	156560  -  ResidentSetSize of job (KB)
...
040 (311134.008.000) 2023-06-12 19:38:09 Started transferring output files
...
040 (311134.008.000) 2023-06-12 19:38:09 Finished transferring output files
...
005 (311134.008.000) 2023-06-12 19:38:09 Job terminated.
	(1) Normal termination (return value 0)
		Usr 0 00:00:21, Sys 0 00:00:02  -  Run Remote Usage
		Usr 0 00:00:00, Sys 0 00:00:00  -  Run Local Usage
		Usr 0 00:00:21, Sys 0 00:00:02  -  Total Remote Usage
		Usr 0 00:00:00, Sys 0 00:00:00  -  Total Local Usage
	6434  -  Run Bytes Sent By Job
	148  -  Run Bytes Received By Job
	6434  -  Total Bytes Sent By Job
	148  -  Total Bytes Received By Job
	Partitionable Resources :    Usage  Request Allocated 
	   Cpus                 :                 1         1 
	   Disk (KB)            :       51        1    127998 
	   Memory (MB)          :      153     3900      3968 

	Job terminated of its own accord at 2023-06-12T10:38:09Z.
...
006 (311134.006.000) 2023-06-12 19:38:09 Image size of job updated: 611712
	153  -  MemoryUsage of job (MB)
	156300  -  ResidentSetSize of job (KB)
...
040 (311134.006.000) 2023-06-12 19:38:09 Started transferring output files
...
040 (311134.006.000) 2023-06-12 19:38:09 Finished transferring output files
...
005 (311134.006.000) 2023-06-12 19:38:09 Job terminated.
	(1) Normal termination (return value 0)
		Usr 0 00:00:22, Sys 0 00:00:02  -  Run Remote Usage
		Usr 0 00:00:00, Sys 0 00:00:00  -  Run Local Usage
		Usr 0 00:00:22, Sys 0 00:00:02  -  Total Remote Usage
		Usr 0 00:00:00, Sys 0 00:00:00  -  Total Local Usage
	6886  -  Run Bytes Sent By Job
	148  -  Run Bytes Received By Job
	6886  -  Total Bytes Sent By Job
	148  -  Total Bytes Received By Job
	Partitionable Resources :    Usage  Request Allocated 
	   Cpus                 :                 1         1 
	   Disk (KB)            :       52        1    127998 
	   Memory (MB)          :      153     3900      3968 

	Job terminated of its own accord at 2023-06-12T10:38:09Z.
...
006 (311134.003.000) 2023-06-12 19:38:11 Image size of job updated: 611616
	147  -  MemoryUsage of job (MB)
	149836  -  ResidentSetSize of job (KB)
...
040 (311134.003.000) 2023-06-12 19:38:11 Started transferring output files
...
040 (311134.003.000) 2023-06-12 19:38:11 Finished transferring output files
...
005 (311134.003.000) 2023-06-12 19:38:11 Job terminated.
	(1) Normal termination (return value 0)
		Usr 0 00:00:24, Sys 0 00:00:03  -  Run Remote Usage
		Usr 0 00:00:00, Sys 0 00:00:00  -  Run Local Usage
		Usr 0 00:00:24, Sys 0 00:00:03  -  Total Remote Usage
		Usr 0 00:00:00, Sys 0 00:00:00  -  Total Local Usage
	6906  -  Run Bytes Sent By Job
	148  -  Run Bytes Received By Job
	6906  -  Total Bytes Sent By Job
	148  -  Total Bytes Received By Job
	Partitionable Resources :    Usage  Request Allocated 
	   Cpus                 :                 1         1 
	   Disk (KB)            :       52        1    127998 
	   Memory (MB)          :      147     3900      3968 

	Job terminated of its own accord at 2023-06-12T10:38:11Z.
...
006 (311134.000.000) 2023-06-12 19:38:11 Image size of job updated: 604192
	143  -  MemoryUsage of job (MB)
	145648  -  ResidentSetSize of job (KB)
...
040 (311134.000.000) 2023-06-12 19:38:11 Started transferring output files
...
040 (311134.000.000) 2023-06-12 19:38:11 Finished transferring output files
...
006 (311134.002.000) 2023-06-12 19:38:11 Image size of job updated: 612496
	147  -  MemoryUsage of job (MB)
	150076  -  ResidentSetSize of job (KB)
...
040 (311134.002.000) 2023-06-12 19:38:11 Started transferring output files
...
040 (311134.002.000) 2023-06-12 19:38:11 Finished transferring output files
...
005 (311134.002.000) 2023-06-12 19:38:11 Job terminated.
	(1) Normal termination (return value 0)
		Usr 0 00:00:24, Sys 0 00:00:03  -  Run Remote Usage
		Usr 0 00:00:00, Sys 0 00:00:00  -  Run Local Usage
		Usr 0 00:00:24, Sys 0 00:00:03  -  Total Remote Usage
		Usr 0 00:00:00, Sys 0 00:00:00  -  Total Local Usage
	6513  -  Run Bytes Sent By Job
	148  -  Run Bytes Received By Job
	6513  -  Total Bytes Sent By Job
	148  -  Total Bytes Received By Job
	Partitionable Resources :    Usage  Request Allocated 
	   Cpus                 :                 1         1 
	   Disk (KB)            :       51        1    127998 
	   Memory (MB)          :      147     3900      3968 

	Job terminated of its own accord at 2023-06-12T10:38:11Z.
...
005 (311134.000.000) 2023-06-12 19:38:11 Job terminated.
	(1) Normal termination (return value 0)
		Usr 0 00:00:22, Sys 0 00:00:02  -  Run Remote Usage
		Usr 0 00:00:00, Sys 0 00:00:00  -  Run Local Usage
		Usr 0 00:00:22, Sys 0 00:00:02  -  Total Remote Usage
		Usr 0 00:00:00, Sys 0 00:00:00  -  Total Local Usage
	6454  -  Run Bytes Sent By Job
	148  -  Run Bytes Received By Job
	6454  -  Total Bytes Sent By Job
	148  -  Total Bytes Received By Job
	Partitionable Resources :    Usage  Request Allocated 
	   Cpus                 :                 1         1 
	   Disk (KB)            :       51        1    123869 
	   Memory (MB)          :      143     3900      3968 

	Job terminated of its own accord at 2023-06-12T10:38:11Z.
...
006 (311134.009.000) 2023-06-12 19:38:17 Image size of job updated: 611564
	181  -  MemoryUsage of job (MB)
	185020  -  ResidentSetSize of job (KB)
...
040 (311134.009.000) 2023-06-12 19:38:17 Started transferring output files
...
040 (311134.009.000) 2023-06-12 19:38:17 Finished transferring output files
...
005 (311134.009.000) 2023-06-12 19:38:17 Job terminated.
	(1) Normal termination (return value 0)
		Usr 0 00:00:15, Sys 0 00:00:01  -  Run Remote Usage
		Usr 0 00:00:00, Sys 0 00:00:00  -  Run Local Usage
		Usr 0 00:00:15, Sys 0 00:00:01  -  Total Remote Usage
		Usr 0 00:00:00, Sys 0 00:00:00  -  Total Local Usage
	7007  -  Run Bytes Sent By Job
	148  -  Run Bytes Received By Job
	7007  -  Total Bytes Sent By Job
	148  -  Total Bytes Received By Job
	Partitionable Resources :    Usage  Request Allocated 
	   Cpus                 :                 1         1 
	   Disk (KB)            :       52        1     61930 
	   Memory (MB)          :      181     3900      3968 

	Job terminated of its own accord at 2023-06-12T10:38:17Z.
...
