Starts at Mon Jun 12 19:37:44 2023
[tnp_tamsa] Use Configs["HLTEl12_2017"] from config/ele_TopHNT_v1.py
Fit ibin = 5
['HistPdf::sigPhysPass(x,histPass_genmatching,2)', 'HistPdf::sigPhysFail(x,histFail_genmatching,2)', 'Gaussian::sigResPass(x,meanP[-0.0,-5.0,5.0],sigmaP[0.02,0.02,4.0])', 'Gaussian::sigResFail(x,meanF[-0.0,-5.0,5.0],sigmaF[0.02,0.02,4.0])', 'FCONV::sigPass(x, sigPhysPass , sigResPass)', 'FCONV::sigFail(x, sigPhysFail , sigResFail)', 'Exponential::bkgPass(x, alphaP[0.,-5.,5.])', 'Exponential::bkgFail(x, alphaF[0.,-5.,5.])']
Fit ibin = 15
['HistPdf::sigPhysPass(x,histPass_genmatching,2)', 'HistPdf::sigPhysFail(x,histFail_genmatching,2)', 'Gaussian::sigResPass(x,meanP[-0.0,-5.0,5.0],sigmaP[0.02,0.02,4.0])', 'Gaussian::sigResFail(x,meanF[-0.0,-5.0,5.0],sigmaF[0.02,0.02,4.0])', 'FCONV::sigPass(x, sigPhysPass , sigResPass)', 'FCONV::sigFail(x, sigPhysFail , sigResFail)', 'Exponential::bkgPass(x, alphaP[0.,-5.,5.])', 'Exponential::bkgFail(x, alphaF[0.,-5.,5.])']
Fit ibin = 25
['HistPdf::sigPhysPass(x,histPass_genmatching,2)', 'HistPdf::sigPhysFail(x,histFail_genmatching,2)', 'Gaussian::sigResPass(x,meanP[-0.0,-5.0,5.0],sigmaP[0.02,0.02,4.0])', 'Gaussian::sigResFail(x,meanF[-0.0,-5.0,5.0],sigmaF[0.02,0.02,4.0])', 'FCONV::sigPass(x, sigPhysPass , sigResPass)', 'FCONV::sigFail(x, sigPhysFail , sigResFail)', 'Exponential::bkgPass(x, alphaP[0.,-5.,5.])', 'Exponential::bkgFail(x, alphaF[0.,-5.,5.])']
Fit ibin = 35
['HistPdf::sigPhysPass(x,histPass_genmatching,2)', 'HistPdf::sigPhysFail(x,histFail_genmatching,2)', 'Gaussian::sigResPass(x,meanP[-0.0,-5.0,5.0],sigmaP[0.02,0.02,4.0])', 'Gaussian::sigResFail(x,meanF[-0.0,-5.0,5.0],sigmaF[0.02,0.02,4.0])', 'FCONV::sigPass(x, sigPhysPass , sigResPass)', 'FCONV::sigFail(x, sigPhysFail , sigResFail)', 'Exponential::bkgPass(x, alphaP[0.,-5.,5.])', 'Exponential::bkgFail(x, alphaF[0.,-5.,5.])']
Fit ibin = 45
['HistPdf::sigPhysPass(x,histPass_genmatching,2)', 'HistPdf::sigPhysFail(x,histFail_genmatching,2)', 'Gaussian::sigResPass(x,meanP[-0.0,-5.0,5.0],sigmaP[0.02,0.02,4.0])', 'Gaussian::sigResFail(x,meanF[-0.0,-5.0,5.0],sigmaF[0.02,0.02,4.0])', 'FCONV::sigPass(x, sigPhysPass , sigResPass)', 'FCONV::sigFail(x, sigPhysFail , sigResFail)', 'Exponential::bkgPass(x, alphaP[0.,-5.,5.])', 'Exponential::bkgFail(x, alphaF[0.,-5.,5.])']
Fit ibin = 55
['HistPdf::sigPhysPass(x,histPass_genmatching,2)', 'HistPdf::sigPhysFail(x,histFail_genmatching,2)', 'Gaussian::sigResPass(x,meanP[-0.0,-5.0,5.0],sigmaP[0.02,0.02,4.0])', 'Gaussian::sigResFail(x,meanF[-0.0,-5.0,5.0],sigmaF[0.02,0.02,4.0])', 'FCONV::sigPass(x, sigPhysPass , sigResPass)', 'FCONV::sigFail(x, sigPhysFail , sigResFail)', 'Exponential::bkgPass(x, alphaP[0.,-5.,5.])', 'Exponential::bkgFail(x, alphaF[0.,-5.,5.])']
Fit ibin = 65
['HistPdf::sigPhysPass(x,histPass_genmatching,2)', 'HistPdf::sigPhysFail(x,histFail_genmatching,2)', 'Gaussian::sigResPass(x,meanP[-0.0,-5.0,5.0],sigmaP[0.02,0.02,4.0])', 'Gaussian::sigResFail(x,meanF[-0.0,-5.0,5.0],sigmaF[0.02,0.02,4.0])', 'FCONV::sigPass(x, sigPhysPass , sigResPass)', 'FCONV::sigFail(x, sigPhysFail , sigResFail)', 'Exponential::bkgPass(x, alphaP[0.,-5.,5.])', 'Exponential::bkgFail(x, alphaF[0.,-5.,5.])']
Fit ibin = 75
['HistPdf::sigPhysPass(x,histPass_genmatching,2)', 'HistPdf::sigPhysFail(x,histFail_genmatching,2)', 'Gaussian::sigResPass(x,meanP[-0.0,-5.0,5.0],sigmaP[0.02,0.02,4.0])', 'Gaussian::sigResFail(x,meanF[-0.0,-5.0,5.0],sigmaF[0.02,0.02,4.0])', 'FCONV::sigPass(x, sigPhysPass , sigResPass)', 'FCONV::sigFail(x, sigPhysFail , sigResFail)', 'Exponential::bkgPass(x, alphaP[0.,-5.,5.])', 'Exponential::bkgFail(x, alphaF[0.,-5.,5.])']
Fit ibin = 85
['HistPdf::sigPhysPass(x,histPass_genmatching,2)', 'HistPdf::sigPhysFail(x,histFail_genmatching,2)', 'Gaussian::sigResPass(x,meanP[-0.0,-5.0,5.0],sigmaP[0.02,0.02,4.0])', 'Gaussian::sigResFail(x,meanF[-0.0,-5.0,5.0],sigmaF[0.02,0.02,4.0])', 'FCONV::sigPass(x, sigPhysPass , sigResPass)', 'FCONV::sigFail(x, sigPhysFail , sigResFail)', 'Exponential::bkgPass(x, alphaP[0.,-5.,5.])', 'Exponential::bkgFail(x, alphaF[0.,-5.,5.])']
Fit ibin = 95
['HistPdf::sigPhysPass(x,histPass_genmatching,2)', 'HistPdf::sigPhysFail(x,histFail_genmatching,2)', 'Gaussian::sigResPass(x,meanP[-0.0,-5.0,5.0],sigmaP[0.02,0.02,4.0])', 'Gaussian::sigResFail(x,meanF[-0.0,-5.0,5.0],sigmaF[0.02,0.02,4.0])', 'FCONV::sigPass(x, sigPhysPass , sigResPass)', 'FCONV::sigFail(x, sigPhysFail , sigResFail)', 'Exponential::bkgPass(x, alphaP[0.,-5.,5.])', 'Exponential::bkgFail(x, alphaF[0.,-5.,5.])']
Ends at  Mon Jun 12 19:38:07 2023
Time took 22.8120350838 seconds.
