000 (311045.000.000) 2023-06-12 17:46:38 Job submitted from host: <172.30.1.200:9618?addrs=172.30.1.200-9618&alias=tamsa2.snu.ac.kr&noUDP&sock=schedd_3510_2582>
...
000 (311045.001.000) 2023-06-12 17:46:38 Job submitted from host: <172.30.1.200:9618?addrs=172.30.1.200-9618&alias=tamsa2.snu.ac.kr&noUDP&sock=schedd_3510_2582>
...
000 (311045.002.000) 2023-06-12 17:46:38 Job submitted from host: <172.30.1.200:9618?addrs=172.30.1.200-9618&alias=tamsa2.snu.ac.kr&noUDP&sock=schedd_3510_2582>
...
000 (311045.003.000) 2023-06-12 17:46:38 Job submitted from host: <172.30.1.200:9618?addrs=172.30.1.200-9618&alias=tamsa2.snu.ac.kr&noUDP&sock=schedd_3510_2582>
...
000 (311045.004.000) 2023-06-12 17:46:38 Job submitted from host: <172.30.1.200:9618?addrs=172.30.1.200-9618&alias=tamsa2.snu.ac.kr&noUDP&sock=schedd_3510_2582>
...
000 (311045.005.000) 2023-06-12 17:46:38 Job submitted from host: <172.30.1.200:9618?addrs=172.30.1.200-9618&alias=tamsa2.snu.ac.kr&noUDP&sock=schedd_3510_2582>
...
000 (311045.006.000) 2023-06-12 17:46:38 Job submitted from host: <172.30.1.200:9618?addrs=172.30.1.200-9618&alias=tamsa2.snu.ac.kr&noUDP&sock=schedd_3510_2582>
...
000 (311045.007.000) 2023-06-12 17:46:38 Job submitted from host: <172.30.1.200:9618?addrs=172.30.1.200-9618&alias=tamsa2.snu.ac.kr&noUDP&sock=schedd_3510_2582>
...
000 (311045.008.000) 2023-06-12 17:46:38 Job submitted from host: <172.30.1.200:9618?addrs=172.30.1.200-9618&alias=tamsa2.snu.ac.kr&noUDP&sock=schedd_3510_2582>
...
000 (311045.009.000) 2023-06-12 17:46:38 Job submitted from host: <172.30.1.200:9618?addrs=172.30.1.200-9618&alias=tamsa2.snu.ac.kr&noUDP&sock=schedd_3510_2582>
...
040 (311045.003.000) 2023-06-12 17:46:43 Started transferring input files
	Transferring to host: <172.30.1.110:9618?addrs=172.30.1.110-9618&alias=n10&noUDP&sock=slot1_2_4288_08a7_22461>
...
040 (311045.003.000) 2023-06-12 17:46:43 Finished transferring input files
...
040 (311045.004.000) 2023-06-12 17:46:43 Started transferring input files
	Transferring to host: <172.30.1.110:9618?addrs=172.30.1.110-9618&alias=n10&noUDP&sock=slot1_3_4288_08a7_22462>
...
040 (311045.004.000) 2023-06-12 17:46:43 Finished transferring input files
...
040 (311045.005.000) 2023-06-12 17:46:43 Started transferring input files
	Transferring to host: <172.30.1.110:9618?addrs=172.30.1.110-9618&alias=n10&noUDP&sock=slot1_6_4288_08a7_22463>
...
040 (311045.005.000) 2023-06-12 17:46:43 Finished transferring input files
...
040 (311045.007.000) 2023-06-12 17:46:43 Started transferring input files
	Transferring to host: <172.30.1.110:9618?addrs=172.30.1.110-9618&alias=n10&noUDP&sock=slot1_26_4288_08a7_22464>
...
040 (311045.007.000) 2023-06-12 17:46:43 Finished transferring input files
...
040 (311045.006.000) 2023-06-12 17:46:43 Started transferring input files
	Transferring to host: <172.30.1.110:9618?addrs=172.30.1.110-9618&alias=n10&noUDP&sock=slot1_12_4288_08a7_22465>
...
040 (311045.006.000) 2023-06-12 17:46:43 Finished transferring input files
...
040 (311045.008.000) 2023-06-12 17:46:43 Started transferring input files
	Transferring to host: <172.30.1.110:9618?addrs=172.30.1.110-9618&alias=n10&noUDP&sock=slot1_27_4288_08a7_22466>
...
040 (311045.008.000) 2023-06-12 17:46:43 Finished transferring input files
...
040 (311045.009.000) 2023-06-12 17:46:43 Started transferring input files
	Transferring to host: <172.30.1.110:9618?addrs=172.30.1.110-9618&alias=n10&noUDP&sock=slot1_28_4288_08a7_22467>
...
040 (311045.009.000) 2023-06-12 17:46:43 Finished transferring input files
...
040 (311045.000.000) 2023-06-12 17:46:43 Started transferring input files
	Transferring to host: <172.30.1.109:9618?addrs=172.30.1.109-9618&alias=n9&noUDP&sock=slot1_28_4265_d407_22909>
...
040 (311045.000.000) 2023-06-12 17:46:44 Finished transferring input files
...
040 (311045.002.000) 2023-06-12 17:46:44 Started transferring input files
	Transferring to host: <172.30.1.109:9618?addrs=172.30.1.109-9618&alias=n9&noUDP&sock=slot1_33_4265_d407_22910>
...
040 (311045.002.000) 2023-06-12 17:46:44 Finished transferring input files
...
040 (311045.001.000) 2023-06-12 17:46:44 Started transferring input files
	Transferring to host: <172.30.1.109:9618?addrs=172.30.1.109-9618&alias=n9&noUDP&sock=slot1_32_4265_d407_22911>
...
040 (311045.001.000) 2023-06-12 17:46:44 Finished transferring input files
...
001 (311045.003.000) 2023-06-12 17:46:44 Job executing on host: <172.30.1.110:9618?addrs=172.30.1.110-9618&alias=n10&noUDP&sock=startd_4254_77f9>
...
001 (311045.004.000) 2023-06-12 17:46:44 Job executing on host: <172.30.1.110:9618?addrs=172.30.1.110-9618&alias=n10&noUDP&sock=startd_4254_77f9>
...
001 (311045.005.000) 2023-06-12 17:46:44 Job executing on host: <172.30.1.110:9618?addrs=172.30.1.110-9618&alias=n10&noUDP&sock=startd_4254_77f9>
...
001 (311045.007.000) 2023-06-12 17:46:44 Job executing on host: <172.30.1.110:9618?addrs=172.30.1.110-9618&alias=n10&noUDP&sock=startd_4254_77f9>
...
001 (311045.006.000) 2023-06-12 17:46:44 Job executing on host: <172.30.1.110:9618?addrs=172.30.1.110-9618&alias=n10&noUDP&sock=startd_4254_77f9>
...
001 (311045.008.000) 2023-06-12 17:46:44 Job executing on host: <172.30.1.110:9618?addrs=172.30.1.110-9618&alias=n10&noUDP&sock=startd_4254_77f9>
...
001 (311045.009.000) 2023-06-12 17:46:44 Job executing on host: <172.30.1.110:9618?addrs=172.30.1.110-9618&alias=n10&noUDP&sock=startd_4254_77f9>
...
001 (311045.000.000) 2023-06-12 17:46:44 Job executing on host: <172.30.1.109:9618?addrs=172.30.1.109-9618&alias=n9&noUDP&sock=startd_4231_b14b>
...
001 (311045.002.000) 2023-06-12 17:46:45 Job executing on host: <172.30.1.109:9618?addrs=172.30.1.109-9618&alias=n9&noUDP&sock=startd_4231_b14b>
...
001 (311045.001.000) 2023-06-12 17:46:45 Job executing on host: <172.30.1.109:9618?addrs=172.30.1.109-9618&alias=n9&noUDP&sock=startd_4231_b14b>
...
006 (311045.003.000) 2023-06-12 17:46:52 Image size of job updated: 191248
	184  -  MemoryUsage of job (MB)
	187632  -  ResidentSetSize of job (KB)
...
006 (311045.000.000) 2023-06-12 17:46:53 Image size of job updated: 187840
	184  -  MemoryUsage of job (MB)
	187840  -  ResidentSetSize of job (KB)
...
006 (311045.002.000) 2023-06-12 17:46:53 Image size of job updated: 188156
	184  -  MemoryUsage of job (MB)
	188156  -  ResidentSetSize of job (KB)
...
006 (311045.001.000) 2023-06-12 17:46:53 Image size of job updated: 188096
	184  -  MemoryUsage of job (MB)
	188096  -  ResidentSetSize of job (KB)
...
006 (311045.004.000) 2023-06-12 17:46:53 Image size of job updated: 188496
	184  -  MemoryUsage of job (MB)
	187636  -  ResidentSetSize of job (KB)
...
006 (311045.005.000) 2023-06-12 17:46:53 Image size of job updated: 188168
	184  -  MemoryUsage of job (MB)
	187620  -  ResidentSetSize of job (KB)
...
006 (311045.007.000) 2023-06-12 17:46:53 Image size of job updated: 192116
	184  -  MemoryUsage of job (MB)
	188072  -  ResidentSetSize of job (KB)
...
006 (311045.006.000) 2023-06-12 17:46:53 Image size of job updated: 189484
	184  -  MemoryUsage of job (MB)
	187840  -  ResidentSetSize of job (KB)
...
006 (311045.008.000) 2023-06-12 17:46:53 Image size of job updated: 190396
	184  -  MemoryUsage of job (MB)
	187628  -  ResidentSetSize of job (KB)
...
006 (311045.009.000) 2023-06-12 17:46:53 Image size of job updated: 192748
	184  -  MemoryUsage of job (MB)
	187612  -  ResidentSetSize of job (KB)
...
006 (311045.001.000) 2023-06-12 17:49:14 Image size of job updated: 697512
	184  -  MemoryUsage of job (MB)
	188096  -  ResidentSetSize of job (KB)
...
040 (311045.001.000) 2023-06-12 17:49:14 Started transferring output files
...
040 (311045.001.000) 2023-06-12 17:49:14 Finished transferring output files
...
005 (311045.001.000) 2023-06-12 17:49:14 Job terminated.
	(1) Normal termination (return value 0)
		Usr 0 00:02:25, Sys 0 00:00:01  -  Run Remote Usage
		Usr 0 00:00:00, Sys 0 00:00:00  -  Run Local Usage
		Usr 0 00:02:25, Sys 0 00:00:01  -  Total Remote Usage
		Usr 0 00:00:00, Sys 0 00:00:00  -  Total Local Usage
	8818  -  Run Bytes Sent By Job
	147  -  Run Bytes Received By Job
	8818  -  Total Bytes Sent By Job
	147  -  Total Bytes Received By Job
	Partitionable Resources :    Usage  Request Allocated 
	   Cpus                 :     0.99        1         1 
	   Disk (KB)            :    59           1    127899 
	   Memory (MB)          :   184        3900      3968 

	Job terminated of its own accord at 2023-06-12T08:49:14Z.
...
006 (311045.004.000) 2023-06-12 17:49:19 Image size of job updated: 697520
	184  -  MemoryUsage of job (MB)
	187636  -  ResidentSetSize of job (KB)
...
040 (311045.004.000) 2023-06-12 17:49:19 Started transferring output files
...
040 (311045.004.000) 2023-06-12 17:49:19 Finished transferring output files
...
005 (311045.004.000) 2023-06-12 17:49:19 Job terminated.
	(1) Normal termination (return value 0)
		Usr 0 00:02:28, Sys 0 00:00:02  -  Run Remote Usage
		Usr 0 00:00:00, Sys 0 00:00:00  -  Run Local Usage
		Usr 0 00:02:28, Sys 0 00:00:02  -  Total Remote Usage
		Usr 0 00:00:00, Sys 0 00:00:00  -  Total Local Usage
	10256  -  Run Bytes Sent By Job
	147  -  Run Bytes Received By Job
	10256  -  Total Bytes Sent By Job
	147  -  Total Bytes Received By Job
	Partitionable Resources :    Usage  Request Allocated 
	   Cpus                 :     1.00        1         1 
	   Disk (KB)            :    60           1    127899 
	   Memory (MB)          :   184        3900      3968 

	Job terminated of its own accord at 2023-06-12T08:49:19Z.
...
006 (311045.003.000) 2023-06-12 17:49:22 Image size of job updated: 697576
	184  -  MemoryUsage of job (MB)
	187632  -  ResidentSetSize of job (KB)
...
040 (311045.003.000) 2023-06-12 17:49:22 Started transferring output files
...
040 (311045.003.000) 2023-06-12 17:49:22 Finished transferring output files
...
005 (311045.003.000) 2023-06-12 17:49:22 Job terminated.
	(1) Normal termination (return value 0)
		Usr 0 00:02:32, Sys 0 00:00:02  -  Run Remote Usage
		Usr 0 00:00:00, Sys 0 00:00:00  -  Run Local Usage
		Usr 0 00:02:32, Sys 0 00:00:02  -  Total Remote Usage
		Usr 0 00:00:00, Sys 0 00:00:00  -  Total Local Usage
	8726  -  Run Bytes Sent By Job
	147  -  Run Bytes Received By Job
	8726  -  Total Bytes Sent By Job
	147  -  Total Bytes Received By Job
	Partitionable Resources :    Usage  Request Allocated 
	   Cpus                 :     0.99        1         1 
	   Disk (KB)            :    59           1    127899 
	   Memory (MB)          :   184        3900      3968 

	Job terminated of its own accord at 2023-06-12T08:49:22Z.
...
006 (311045.002.000) 2023-06-12 17:49:27 Image size of job updated: 697524
	184  -  MemoryUsage of job (MB)
	188156  -  ResidentSetSize of job (KB)
...
040 (311045.002.000) 2023-06-12 17:49:27 Started transferring output files
...
040 (311045.002.000) 2023-06-12 17:49:27 Finished transferring output files
...
005 (311045.002.000) 2023-06-12 17:49:27 Job terminated.
	(1) Normal termination (return value 0)
		Usr 0 00:02:37, Sys 0 00:00:01  -  Run Remote Usage
		Usr 0 00:00:00, Sys 0 00:00:00  -  Run Local Usage
		Usr 0 00:02:37, Sys 0 00:00:01  -  Total Remote Usage
		Usr 0 00:00:00, Sys 0 00:00:00  -  Total Local Usage
	9264  -  Run Bytes Sent By Job
	147  -  Run Bytes Received By Job
	9264  -  Total Bytes Sent By Job
	147  -  Total Bytes Received By Job
	Partitionable Resources :    Usage  Request Allocated 
	   Cpus                 :     0.95        1         1 
	   Disk (KB)            :    60           1    127899 
	   Memory (MB)          :   184        3900      3968 

	Job terminated of its own accord at 2023-06-12T08:49:27Z.
...
006 (311045.000.000) 2023-06-12 17:49:32 Image size of job updated: 697468
	184  -  MemoryUsage of job (MB)
	187840  -  ResidentSetSize of job (KB)
...
040 (311045.000.000) 2023-06-12 17:49:32 Started transferring output files
...
040 (311045.000.000) 2023-06-12 17:49:32 Finished transferring output files
...
005 (311045.000.000) 2023-06-12 17:49:32 Job terminated.
	(1) Normal termination (return value 0)
		Usr 0 00:02:43, Sys 0 00:00:01  -  Run Remote Usage
		Usr 0 00:00:00, Sys 0 00:00:00  -  Run Local Usage
		Usr 0 00:02:43, Sys 0 00:00:01  -  Total Remote Usage
		Usr 0 00:00:00, Sys 0 00:00:00  -  Total Local Usage
	10082  -  Run Bytes Sent By Job
	147  -  Run Bytes Received By Job
	10082  -  Total Bytes Sent By Job
	147  -  Total Bytes Received By Job
	Partitionable Resources :    Usage  Request Allocated 
	   Cpus                 :     1.00        1         1 
	   Disk (KB)            :    60           1    127899 
	   Memory (MB)          :   184        3900      3968 

	Job terminated of its own accord at 2023-06-12T08:49:32Z.
...
006 (311045.008.000) 2023-06-12 17:49:41 Image size of job updated: 697464
	184  -  MemoryUsage of job (MB)
	187628  -  ResidentSetSize of job (KB)
...
040 (311045.008.000) 2023-06-12 17:49:41 Started transferring output files
...
040 (311045.008.000) 2023-06-12 17:49:41 Finished transferring output files
...
005 (311045.008.000) 2023-06-12 17:49:41 Job terminated.
	(1) Normal termination (return value 0)
		Usr 0 00:02:49, Sys 0 00:00:02  -  Run Remote Usage
		Usr 0 00:00:00, Sys 0 00:00:00  -  Run Local Usage
		Usr 0 00:02:49, Sys 0 00:00:02  -  Total Remote Usage
		Usr 0 00:00:00, Sys 0 00:00:00  -  Total Local Usage
	9095  -  Run Bytes Sent By Job
	147  -  Run Bytes Received By Job
	9095  -  Total Bytes Sent By Job
	147  -  Total Bytes Received By Job
	Partitionable Resources :    Usage  Request Allocated 
	   Cpus                 :     1.00        1         1 
	   Disk (KB)            :    59           1    127899 
	   Memory (MB)          :   184        3900      3968 

	Job terminated of its own accord at 2023-06-12T08:49:41Z.
...
006 (311045.006.000) 2023-06-12 17:49:50 Image size of job updated: 706480
	184  -  MemoryUsage of job (MB)
	187840  -  ResidentSetSize of job (KB)
...
040 (311045.006.000) 2023-06-12 17:49:50 Started transferring output files
...
040 (311045.006.000) 2023-06-12 17:49:50 Finished transferring output files
...
005 (311045.006.000) 2023-06-12 17:49:50 Job terminated.
	(1) Normal termination (return value 0)
		Usr 0 00:02:59, Sys 0 00:00:02  -  Run Remote Usage
		Usr 0 00:00:00, Sys 0 00:00:00  -  Run Local Usage
		Usr 0 00:02:59, Sys 0 00:00:02  -  Total Remote Usage
		Usr 0 00:00:00, Sys 0 00:00:00  -  Total Local Usage
	9459  -  Run Bytes Sent By Job
	147  -  Run Bytes Received By Job
	9459  -  Total Bytes Sent By Job
	147  -  Total Bytes Received By Job
	Partitionable Resources :    Usage  Request Allocated 
	   Cpus                 :     1.00        1         1 
	   Disk (KB)            :    60           1    127899 
	   Memory (MB)          :   184        3900      3968 

	Job terminated of its own accord at 2023-06-12T08:49:50Z.
...
006 (311045.005.000) 2023-06-12 17:49:54 Image size of job updated: 697048
	184  -  MemoryUsage of job (MB)
	187620  -  ResidentSetSize of job (KB)
...
040 (311045.005.000) 2023-06-12 17:49:54 Started transferring output files
...
040 (311045.005.000) 2023-06-12 17:49:54 Finished transferring output files
...
005 (311045.005.000) 2023-06-12 17:49:54 Job terminated.
	(1) Normal termination (return value 0)
		Usr 0 00:03:03, Sys 0 00:00:01  -  Run Remote Usage
		Usr 0 00:00:00, Sys 0 00:00:00  -  Run Local Usage
		Usr 0 00:03:03, Sys 0 00:00:01  -  Total Remote Usage
		Usr 0 00:00:00, Sys 0 00:00:00  -  Total Local Usage
	9371  -  Run Bytes Sent By Job
	147  -  Run Bytes Received By Job
	9371  -  Total Bytes Sent By Job
	147  -  Total Bytes Received By Job
	Partitionable Resources :    Usage  Request Allocated 
	   Cpus                 :     0.99        1         1 
	   Disk (KB)            :    60           1    127899 
	   Memory (MB)          :   184        3900      3968 

	Job terminated of its own accord at 2023-06-12T08:49:54Z.
...
006 (311045.009.000) 2023-06-12 17:49:59 Image size of job updated: 697560
	184  -  MemoryUsage of job (MB)
	187612  -  ResidentSetSize of job (KB)
...
040 (311045.009.000) 2023-06-12 17:49:59 Started transferring output files
...
040 (311045.009.000) 2023-06-12 17:49:59 Finished transferring output files
...
005 (311045.009.000) 2023-06-12 17:49:59 Job terminated.
	(1) Normal termination (return value 0)
		Usr 0 00:03:08, Sys 0 00:00:01  -  Run Remote Usage
		Usr 0 00:00:00, Sys 0 00:00:00  -  Run Local Usage
		Usr 0 00:03:08, Sys 0 00:00:01  -  Total Remote Usage
		Usr 0 00:00:00, Sys 0 00:00:00  -  Total Local Usage
	10060  -  Run Bytes Sent By Job
	147  -  Run Bytes Received By Job
	10060  -  Total Bytes Sent By Job
	147  -  Total Bytes Received By Job
	Partitionable Resources :    Usage  Request Allocated 
	   Cpus                 :     1.00        1         1 
	   Disk (KB)            :    60           1    127899 
	   Memory (MB)          :   184        3900      3968 

	Job terminated of its own accord at 2023-06-12T08:49:59Z.
...
006 (311045.007.000) 2023-06-12 17:50:03 Image size of job updated: 697516
	184  -  MemoryUsage of job (MB)
	188072  -  ResidentSetSize of job (KB)
...
040 (311045.007.000) 2023-06-12 17:50:03 Started transferring output files
...
040 (311045.007.000) 2023-06-12 17:50:03 Finished transferring output files
...
005 (311045.007.000) 2023-06-12 17:50:03 Job terminated.
	(1) Normal termination (return value 0)
		Usr 0 00:03:11, Sys 0 00:00:02  -  Run Remote Usage
		Usr 0 00:00:00, Sys 0 00:00:00  -  Run Local Usage
		Usr 0 00:03:11, Sys 0 00:00:02  -  Total Remote Usage
		Usr 0 00:00:00, Sys 0 00:00:00  -  Total Local Usage
	9700  -  Run Bytes Sent By Job
	147  -  Run Bytes Received By Job
	9700  -  Total Bytes Sent By Job
	147  -  Total Bytes Received By Job
	Partitionable Resources :    Usage  Request Allocated 
	   Cpus                 :     1.00        1         1 
	   Disk (KB)            :    60           1    127899 
	   Memory (MB)          :   184        3900      3968 

	Job terminated of its own accord at 2023-06-12T08:50:03Z.
...
