000 (311090.000.000) 2023-06-12 18:34:27 Job submitted from host: <172.30.1.200:9618?addrs=172.30.1.200-9618&alias=tamsa2.snu.ac.kr&noUDP&sock=schedd_3510_2582>
...
000 (311090.001.000) 2023-06-12 18:34:27 Job submitted from host: <172.30.1.200:9618?addrs=172.30.1.200-9618&alias=tamsa2.snu.ac.kr&noUDP&sock=schedd_3510_2582>
...
000 (311090.002.000) 2023-06-12 18:34:27 Job submitted from host: <172.30.1.200:9618?addrs=172.30.1.200-9618&alias=tamsa2.snu.ac.kr&noUDP&sock=schedd_3510_2582>
...
000 (311090.003.000) 2023-06-12 18:34:27 Job submitted from host: <172.30.1.200:9618?addrs=172.30.1.200-9618&alias=tamsa2.snu.ac.kr&noUDP&sock=schedd_3510_2582>
...
000 (311090.004.000) 2023-06-12 18:34:27 Job submitted from host: <172.30.1.200:9618?addrs=172.30.1.200-9618&alias=tamsa2.snu.ac.kr&noUDP&sock=schedd_3510_2582>
...
000 (311090.005.000) 2023-06-12 18:34:27 Job submitted from host: <172.30.1.200:9618?addrs=172.30.1.200-9618&alias=tamsa2.snu.ac.kr&noUDP&sock=schedd_3510_2582>
...
000 (311090.006.000) 2023-06-12 18:34:27 Job submitted from host: <172.30.1.200:9618?addrs=172.30.1.200-9618&alias=tamsa2.snu.ac.kr&noUDP&sock=schedd_3510_2582>
...
000 (311090.007.000) 2023-06-12 18:34:27 Job submitted from host: <172.30.1.200:9618?addrs=172.30.1.200-9618&alias=tamsa2.snu.ac.kr&noUDP&sock=schedd_3510_2582>
...
000 (311090.008.000) 2023-06-12 18:34:27 Job submitted from host: <172.30.1.200:9618?addrs=172.30.1.200-9618&alias=tamsa2.snu.ac.kr&noUDP&sock=schedd_3510_2582>
...
000 (311090.009.000) 2023-06-12 18:34:27 Job submitted from host: <172.30.1.200:9618?addrs=172.30.1.200-9618&alias=tamsa2.snu.ac.kr&noUDP&sock=schedd_3510_2582>
...
040 (311090.000.000) 2023-06-12 18:34:39 Started transferring input files
	Transferring to host: <172.30.1.110:9618?addrs=172.30.1.110-9618&alias=n10&noUDP&sock=slot1_2_4288_08a7_22656>
...
040 (311090.000.000) 2023-06-12 18:34:39 Finished transferring input files
...
040 (311090.002.000) 2023-06-12 18:34:39 Started transferring input files
	Transferring to host: <172.30.1.110:9618?addrs=172.30.1.110-9618&alias=n10&noUDP&sock=slot1_4_4288_08a7_22657>
...
040 (311090.002.000) 2023-06-12 18:34:39 Finished transferring input files
...
040 (311090.001.000) 2023-06-12 18:34:39 Started transferring input files
	Transferring to host: <172.30.1.110:9618?addrs=172.30.1.110-9618&alias=n10&noUDP&sock=slot1_3_4288_08a7_22658>
...
040 (311090.001.000) 2023-06-12 18:34:39 Finished transferring input files
...
040 (311090.003.000) 2023-06-12 18:34:39 Started transferring input files
	Transferring to host: <172.30.1.110:9618?addrs=172.30.1.110-9618&alias=n10&noUDP&sock=slot1_6_4288_08a7_22659>
...
040 (311090.003.000) 2023-06-12 18:34:39 Finished transferring input files
...
040 (311090.004.000) 2023-06-12 18:34:39 Started transferring input files
	Transferring to host: <172.30.1.110:9618?addrs=172.30.1.110-9618&alias=n10&noUDP&sock=slot1_8_4288_08a7_22660>
...
040 (311090.004.000) 2023-06-12 18:34:39 Finished transferring input files
...
040 (311090.005.000) 2023-06-12 18:34:39 Started transferring input files
	Transferring to host: <172.30.1.110:9618?addrs=172.30.1.110-9618&alias=n10&noUDP&sock=slot1_9_4288_08a7_22661>
...
040 (311090.005.000) 2023-06-12 18:34:39 Finished transferring input files
...
040 (311090.006.000) 2023-06-12 18:34:39 Started transferring input files
	Transferring to host: <172.30.1.110:9618?addrs=172.30.1.110-9618&alias=n10&noUDP&sock=slot1_12_4288_08a7_22662>
...
040 (311090.006.000) 2023-06-12 18:34:39 Finished transferring input files
...
040 (311090.007.000) 2023-06-12 18:34:39 Started transferring input files
	Transferring to host: <172.30.1.110:9618?addrs=172.30.1.110-9618&alias=n10&noUDP&sock=slot1_14_4288_08a7_22663>
...
040 (311090.007.000) 2023-06-12 18:34:39 Finished transferring input files
...
040 (311090.008.000) 2023-06-12 18:34:39 Started transferring input files
	Transferring to host: <172.30.1.110:9618?addrs=172.30.1.110-9618&alias=n10&noUDP&sock=slot1_15_4288_08a7_22664>
...
040 (311090.008.000) 2023-06-12 18:34:39 Finished transferring input files
...
040 (311090.009.000) 2023-06-12 18:34:39 Started transferring input files
	Transferring to host: <172.30.1.110:9618?addrs=172.30.1.110-9618&alias=n10&noUDP&sock=slot1_26_4288_08a7_22665>
...
040 (311090.009.000) 2023-06-12 18:34:39 Finished transferring input files
...
001 (311090.000.000) 2023-06-12 18:34:40 Job executing on host: <172.30.1.110:9618?addrs=172.30.1.110-9618&alias=n10&noUDP&sock=startd_4254_77f9>
...
001 (311090.002.000) 2023-06-12 18:34:40 Job executing on host: <172.30.1.110:9618?addrs=172.30.1.110-9618&alias=n10&noUDP&sock=startd_4254_77f9>
...
001 (311090.001.000) 2023-06-12 18:34:40 Job executing on host: <172.30.1.110:9618?addrs=172.30.1.110-9618&alias=n10&noUDP&sock=startd_4254_77f9>
...
001 (311090.003.000) 2023-06-12 18:34:40 Job executing on host: <172.30.1.110:9618?addrs=172.30.1.110-9618&alias=n10&noUDP&sock=startd_4254_77f9>
...
001 (311090.004.000) 2023-06-12 18:34:40 Job executing on host: <172.30.1.110:9618?addrs=172.30.1.110-9618&alias=n10&noUDP&sock=startd_4254_77f9>
...
001 (311090.005.000) 2023-06-12 18:34:40 Job executing on host: <172.30.1.110:9618?addrs=172.30.1.110-9618&alias=n10&noUDP&sock=startd_4254_77f9>
...
001 (311090.006.000) 2023-06-12 18:34:40 Job executing on host: <172.30.1.110:9618?addrs=172.30.1.110-9618&alias=n10&noUDP&sock=startd_4254_77f9>
...
001 (311090.007.000) 2023-06-12 18:34:40 Job executing on host: <172.30.1.110:9618?addrs=172.30.1.110-9618&alias=n10&noUDP&sock=startd_4254_77f9>
...
001 (311090.008.000) 2023-06-12 18:34:40 Job executing on host: <172.30.1.110:9618?addrs=172.30.1.110-9618&alias=n10&noUDP&sock=startd_4254_77f9>
...
001 (311090.009.000) 2023-06-12 18:34:40 Job executing on host: <172.30.1.110:9618?addrs=172.30.1.110-9618&alias=n10&noUDP&sock=startd_4254_77f9>
...
006 (311090.000.000) 2023-06-12 18:34:48 Image size of job updated: 649288
	185  -  MemoryUsage of job (MB)
	188576  -  ResidentSetSize of job (KB)
...
006 (311090.002.000) 2023-06-12 18:34:48 Image size of job updated: 649196
	184  -  MemoryUsage of job (MB)
	188208  -  ResidentSetSize of job (KB)
...
006 (311090.001.000) 2023-06-12 18:34:48 Image size of job updated: 649200
	184  -  MemoryUsage of job (MB)
	188200  -  ResidentSetSize of job (KB)
...
006 (311090.003.000) 2023-06-12 18:34:49 Image size of job updated: 649208
	184  -  MemoryUsage of job (MB)
	188268  -  ResidentSetSize of job (KB)
...
006 (311090.004.000) 2023-06-12 18:34:49 Image size of job updated: 649228
	185  -  MemoryUsage of job (MB)
	188532  -  ResidentSetSize of job (KB)
...
006 (311090.005.000) 2023-06-12 18:34:49 Image size of job updated: 649208
	185  -  MemoryUsage of job (MB)
	188524  -  ResidentSetSize of job (KB)
...
006 (311090.006.000) 2023-06-12 18:34:49 Image size of job updated: 649208
	184  -  MemoryUsage of job (MB)
	188224  -  ResidentSetSize of job (KB)
...
006 (311090.007.000) 2023-06-12 18:34:49 Image size of job updated: 649188
	184  -  MemoryUsage of job (MB)
	188204  -  ResidentSetSize of job (KB)
...
006 (311090.008.000) 2023-06-12 18:34:49 Image size of job updated: 636844
	185  -  MemoryUsage of job (MB)
	188576  -  ResidentSetSize of job (KB)
...
006 (311090.009.000) 2023-06-12 18:34:49 Image size of job updated: 649228
	185  -  MemoryUsage of job (MB)
	188524  -  ResidentSetSize of job (KB)
...
006 (311090.007.000) 2023-06-12 18:37:08 Image size of job updated: 697676
	184  -  MemoryUsage of job (MB)
	188204  -  ResidentSetSize of job (KB)
...
040 (311090.007.000) 2023-06-12 18:37:08 Started transferring output files
...
040 (311090.007.000) 2023-06-12 18:37:08 Finished transferring output files
...
005 (311090.007.000) 2023-06-12 18:37:08 Job terminated.
	(1) Normal termination (return value 0)
		Usr 0 00:02:22, Sys 0 00:00:01  -  Run Remote Usage
		Usr 0 00:00:00, Sys 0 00:00:00  -  Run Local Usage
		Usr 0 00:02:22, Sys 0 00:00:01  -  Total Remote Usage
		Usr 0 00:00:00, Sys 0 00:00:00  -  Total Local Usage
	10837  -  Run Bytes Sent By Job
	148  -  Run Bytes Received By Job
	10837  -  Total Bytes Sent By Job
	148  -  Total Bytes Received By Job
	Partitionable Resources :    Usage  Request Allocated 
	   Cpus                 :                 1         1 
	   Disk (KB)            :       55        1    127899 
	   Memory (MB)          :      184     3900      3968 

	Job terminated of its own accord at 2023-06-12T09:37:08Z.
...
006 (311090.004.000) 2023-06-12 18:37:14 Image size of job updated: 698068
	185  -  MemoryUsage of job (MB)
	188532  -  ResidentSetSize of job (KB)
...
040 (311090.004.000) 2023-06-12 18:37:14 Started transferring output files
...
040 (311090.004.000) 2023-06-12 18:37:14 Finished transferring output files
...
005 (311090.004.000) 2023-06-12 18:37:14 Job terminated.
	(1) Normal termination (return value 0)
		Usr 0 00:02:29, Sys 0 00:00:01  -  Run Remote Usage
		Usr 0 00:00:00, Sys 0 00:00:00  -  Run Local Usage
		Usr 0 00:02:29, Sys 0 00:00:01  -  Total Remote Usage
		Usr 0 00:00:00, Sys 0 00:00:00  -  Total Local Usage
	11122  -  Run Bytes Sent By Job
	148  -  Run Bytes Received By Job
	11122  -  Total Bytes Sent By Job
	148  -  Total Bytes Received By Job
	Partitionable Resources :    Usage  Request Allocated 
	   Cpus                 :                 1         1 
	   Disk (KB)            :       56        1    127899 
	   Memory (MB)          :      185     3900      3968 

	Job terminated of its own accord at 2023-06-12T09:37:14Z.
...
006 (311090.002.000) 2023-06-12 18:37:17 Image size of job updated: 699824
	184  -  MemoryUsage of job (MB)
	188208  -  ResidentSetSize of job (KB)
...
040 (311090.002.000) 2023-06-12 18:37:17 Started transferring output files
...
040 (311090.002.000) 2023-06-12 18:37:17 Finished transferring output files
...
005 (311090.002.000) 2023-06-12 18:37:17 Job terminated.
	(1) Normal termination (return value 0)
		Usr 0 00:02:33, Sys 0 00:00:01  -  Run Remote Usage
		Usr 0 00:00:00, Sys 0 00:00:00  -  Run Local Usage
		Usr 0 00:02:33, Sys 0 00:00:01  -  Total Remote Usage
		Usr 0 00:00:00, Sys 0 00:00:00  -  Total Local Usage
	10883  -  Run Bytes Sent By Job
	148  -  Run Bytes Received By Job
	10883  -  Total Bytes Sent By Job
	148  -  Total Bytes Received By Job
	Partitionable Resources :    Usage  Request Allocated 
	   Cpus                 :                 1         1 
	   Disk (KB)            :       55        1    127899 
	   Memory (MB)          :      184     3900      3968 

	Job terminated of its own accord at 2023-06-12T09:37:17Z.
...
006 (311090.008.000) 2023-06-12 18:37:20 Image size of job updated: 699692
	185  -  MemoryUsage of job (MB)
	188576  -  ResidentSetSize of job (KB)
...
040 (311090.008.000) 2023-06-12 18:37:20 Started transferring output files
...
040 (311090.008.000) 2023-06-12 18:37:20 Finished transferring output files
...
005 (311090.008.000) 2023-06-12 18:37:20 Job terminated.
	(1) Normal termination (return value 0)
		Usr 0 00:02:34, Sys 0 00:00:02  -  Run Remote Usage
		Usr 0 00:00:00, Sys 0 00:00:00  -  Run Local Usage
		Usr 0 00:02:34, Sys 0 00:00:02  -  Total Remote Usage
		Usr 0 00:00:00, Sys 0 00:00:00  -  Total Local Usage
	11681  -  Run Bytes Sent By Job
	148  -  Run Bytes Received By Job
	11681  -  Total Bytes Sent By Job
	148  -  Total Bytes Received By Job
	Partitionable Resources :    Usage  Request Allocated 
	   Cpus                 :                 1         1 
	   Disk (KB)            :       56        1    127899 
	   Memory (MB)          :      185     3900      3968 

	Job terminated of its own accord at 2023-06-12T09:37:20Z.
...
006 (311090.003.000) 2023-06-12 18:37:20 Image size of job updated: 703268
	184  -  MemoryUsage of job (MB)
	188268  -  ResidentSetSize of job (KB)
...
040 (311090.003.000) 2023-06-12 18:37:20 Started transferring output files
...
040 (311090.003.000) 2023-06-12 18:37:20 Finished transferring output files
...
005 (311090.003.000) 2023-06-12 18:37:21 Job terminated.
	(1) Normal termination (return value 0)
		Usr 0 00:02:35, Sys 0 00:00:02  -  Run Remote Usage
		Usr 0 00:00:00, Sys 0 00:00:00  -  Run Local Usage
		Usr 0 00:02:35, Sys 0 00:00:02  -  Total Remote Usage
		Usr 0 00:00:00, Sys 0 00:00:00  -  Total Local Usage
	12639  -  Run Bytes Sent By Job
	148  -  Run Bytes Received By Job
	12639  -  Total Bytes Sent By Job
	148  -  Total Bytes Received By Job
	Partitionable Resources :    Usage  Request Allocated 
	   Cpus                 :                 1         1 
	   Disk (KB)            :       57        1    127899 
	   Memory (MB)          :      184     3900      3968 

	Job terminated of its own accord at 2023-06-12T09:37:20Z.
...
006 (311090.006.000) 2023-06-12 18:37:22 Image size of job updated: 699276
	184  -  MemoryUsage of job (MB)
	188224  -  ResidentSetSize of job (KB)
...
040 (311090.006.000) 2023-06-12 18:37:22 Started transferring output files
...
040 (311090.006.000) 2023-06-12 18:37:22 Finished transferring output files
...
005 (311090.006.000) 2023-06-12 18:37:22 Job terminated.
	(1) Normal termination (return value 0)
		Usr 0 00:02:38, Sys 0 00:00:01  -  Run Remote Usage
		Usr 0 00:00:00, Sys 0 00:00:00  -  Run Local Usage
		Usr 0 00:02:38, Sys 0 00:00:01  -  Total Remote Usage
		Usr 0 00:00:00, Sys 0 00:00:00  -  Total Local Usage
	11441  -  Run Bytes Sent By Job
	148  -  Run Bytes Received By Job
	11441  -  Total Bytes Sent By Job
	148  -  Total Bytes Received By Job
	Partitionable Resources :    Usage  Request Allocated 
	   Cpus                 :                 1         1 
	   Disk (KB)            :       56        1    127899 
	   Memory (MB)          :      184     3900      3968 

	Job terminated of its own accord at 2023-06-12T09:37:22Z.
...
006 (311090.009.000) 2023-06-12 18:37:23 Image size of job updated: 701144
	185  -  MemoryUsage of job (MB)
	188524  -  ResidentSetSize of job (KB)
...
040 (311090.009.000) 2023-06-12 18:37:23 Started transferring output files
...
040 (311090.009.000) 2023-06-12 18:37:23 Finished transferring output files
...
005 (311090.009.000) 2023-06-12 18:37:23 Job terminated.
	(1) Normal termination (return value 0)
		Usr 0 00:02:38, Sys 0 00:00:01  -  Run Remote Usage
		Usr 0 00:00:00, Sys 0 00:00:00  -  Run Local Usage
		Usr 0 00:02:38, Sys 0 00:00:01  -  Total Remote Usage
		Usr 0 00:00:00, Sys 0 00:00:00  -  Total Local Usage
	12558  -  Run Bytes Sent By Job
	148  -  Run Bytes Received By Job
	12558  -  Total Bytes Sent By Job
	148  -  Total Bytes Received By Job
	Partitionable Resources :    Usage  Request Allocated 
	   Cpus                 :                 1         1 
	   Disk (KB)            :       57        1    127899 
	   Memory (MB)          :      185     3900      3968 

	Job terminated of its own accord at 2023-06-12T09:37:23Z.
...
006 (311090.005.000) 2023-06-12 18:37:24 Image size of job updated: 699892
	185  -  MemoryUsage of job (MB)
	188524  -  ResidentSetSize of job (KB)
...
040 (311090.005.000) 2023-06-12 18:37:24 Started transferring output files
...
040 (311090.005.000) 2023-06-12 18:37:24 Finished transferring output files
...
005 (311090.005.000) 2023-06-12 18:37:24 Job terminated.
	(1) Normal termination (return value 0)
		Usr 0 00:02:39, Sys 0 00:00:01  -  Run Remote Usage
		Usr 0 00:00:00, Sys 0 00:00:00  -  Run Local Usage
		Usr 0 00:02:39, Sys 0 00:00:01  -  Total Remote Usage
		Usr 0 00:00:00, Sys 0 00:00:00  -  Total Local Usage
	12739  -  Run Bytes Sent By Job
	148  -  Run Bytes Received By Job
	12739  -  Total Bytes Sent By Job
	148  -  Total Bytes Received By Job
	Partitionable Resources :    Usage  Request Allocated 
	   Cpus                 :                 1         1 
	   Disk (KB)            :       57        1    127899 
	   Memory (MB)          :      185     3900      3968 

	Job terminated of its own accord at 2023-06-12T09:37:24Z.
...
006 (311090.000.000) 2023-06-12 18:37:26 Image size of job updated: 697832
	185  -  MemoryUsage of job (MB)
	188576  -  ResidentSetSize of job (KB)
...
040 (311090.000.000) 2023-06-12 18:37:26 Started transferring output files
...
040 (311090.000.000) 2023-06-12 18:37:26 Finished transferring output files
...
005 (311090.000.000) 2023-06-12 18:37:26 Job terminated.
	(1) Normal termination (return value 0)
		Usr 0 00:02:41, Sys 0 00:00:01  -  Run Remote Usage
		Usr 0 00:00:00, Sys 0 00:00:00  -  Run Local Usage
		Usr 0 00:02:41, Sys 0 00:00:01  -  Total Remote Usage
		Usr 0 00:00:00, Sys 0 00:00:00  -  Total Local Usage
	11829  -  Run Bytes Sent By Job
	148  -  Run Bytes Received By Job
	11829  -  Total Bytes Sent By Job
	148  -  Total Bytes Received By Job
	Partitionable Resources :    Usage  Request Allocated 
	   Cpus                 :                 1         1 
	   Disk (KB)            :       56        1    127899 
	   Memory (MB)          :      185     3900      3968 

	Job terminated of its own accord at 2023-06-12T09:37:26Z.
...
006 (311090.001.000) 2023-06-12 18:37:32 Image size of job updated: 698084
	184  -  MemoryUsage of job (MB)
	188200  -  ResidentSetSize of job (KB)
...
040 (311090.001.000) 2023-06-12 18:37:32 Started transferring output files
...
040 (311090.001.000) 2023-06-12 18:37:32 Finished transferring output files
...
005 (311090.001.000) 2023-06-12 18:37:32 Job terminated.
	(1) Normal termination (return value 0)
		Usr 0 00:02:48, Sys 0 00:00:01  -  Run Remote Usage
		Usr 0 00:00:00, Sys 0 00:00:00  -  Run Local Usage
		Usr 0 00:02:48, Sys 0 00:00:01  -  Total Remote Usage
		Usr 0 00:00:00, Sys 0 00:00:00  -  Total Local Usage
	12398  -  Run Bytes Sent By Job
	148  -  Run Bytes Received By Job
	12398  -  Total Bytes Sent By Job
	148  -  Total Bytes Received By Job
	Partitionable Resources :    Usage  Request Allocated 
	   Cpus                 :                 1         1 
	   Disk (KB)            :       57        1    127899 
	   Memory (MB)          :      184     3900      3968 

	Job terminated of its own accord at 2023-06-12T09:37:32Z.
...
