000 (330197.000.000) 2023-07-25 13:00:42 Job submitted from host: <172.30.1.200:9618?addrs=172.30.1.200-9618&alias=tamsa2.snu.ac.kr&noUDP&sock=schedd_3510_2582>
...
000 (330197.001.000) 2023-07-25 13:00:42 Job submitted from host: <172.30.1.200:9618?addrs=172.30.1.200-9618&alias=tamsa2.snu.ac.kr&noUDP&sock=schedd_3510_2582>
...
000 (330197.002.000) 2023-07-25 13:00:42 Job submitted from host: <172.30.1.200:9618?addrs=172.30.1.200-9618&alias=tamsa2.snu.ac.kr&noUDP&sock=schedd_3510_2582>
...
000 (330197.003.000) 2023-07-25 13:00:42 Job submitted from host: <172.30.1.200:9618?addrs=172.30.1.200-9618&alias=tamsa2.snu.ac.kr&noUDP&sock=schedd_3510_2582>
...
000 (330197.004.000) 2023-07-25 13:00:42 Job submitted from host: <172.30.1.200:9618?addrs=172.30.1.200-9618&alias=tamsa2.snu.ac.kr&noUDP&sock=schedd_3510_2582>
...
000 (330197.005.000) 2023-07-25 13:00:42 Job submitted from host: <172.30.1.200:9618?addrs=172.30.1.200-9618&alias=tamsa2.snu.ac.kr&noUDP&sock=schedd_3510_2582>
...
000 (330197.006.000) 2023-07-25 13:00:42 Job submitted from host: <172.30.1.200:9618?addrs=172.30.1.200-9618&alias=tamsa2.snu.ac.kr&noUDP&sock=schedd_3510_2582>
...
000 (330197.007.000) 2023-07-25 13:00:42 Job submitted from host: <172.30.1.200:9618?addrs=172.30.1.200-9618&alias=tamsa2.snu.ac.kr&noUDP&sock=schedd_3510_2582>
...
000 (330197.008.000) 2023-07-25 13:00:42 Job submitted from host: <172.30.1.200:9618?addrs=172.30.1.200-9618&alias=tamsa2.snu.ac.kr&noUDP&sock=schedd_3510_2582>
...
000 (330197.009.000) 2023-07-25 13:00:42 Job submitted from host: <172.30.1.200:9618?addrs=172.30.1.200-9618&alias=tamsa2.snu.ac.kr&noUDP&sock=schedd_3510_2582>
...
001 (330197.000.000) 2023-07-25 13:00:57 Job executing on host: <172.30.1.207:9618?addrs=172.30.1.207-9618&alias=node7&noUDP&sock=startd_3802_6f2a>
...
001 (330197.001.000) 2023-07-25 13:00:57 Job executing on host: <172.30.1.207:9618?addrs=172.30.1.207-9618&alias=node7&noUDP&sock=startd_3802_6f2a>
...
001 (330197.002.000) 2023-07-25 13:00:57 Job executing on host: <172.30.1.207:9618?addrs=172.30.1.207-9618&alias=node7&noUDP&sock=startd_3802_6f2a>
...
001 (330197.003.000) 2023-07-25 13:00:57 Job executing on host: <172.30.1.207:9618?addrs=172.30.1.207-9618&alias=node7&noUDP&sock=startd_3802_6f2a>
...
001 (330197.004.000) 2023-07-25 13:00:57 Job executing on host: <172.30.1.207:9618?addrs=172.30.1.207-9618&alias=node7&noUDP&sock=startd_3802_6f2a>
...
001 (330197.005.000) 2023-07-25 13:00:57 Job executing on host: <172.30.1.207:9618?addrs=172.30.1.207-9618&alias=node7&noUDP&sock=startd_3802_6f2a>
...
001 (330197.006.000) 2023-07-25 13:00:57 Job executing on host: <172.30.1.207:9618?addrs=172.30.1.207-9618&alias=node7&noUDP&sock=startd_3802_6f2a>
...
001 (330197.007.000) 2023-07-25 13:00:57 Job executing on host: <172.30.1.207:9618?addrs=172.30.1.207-9618&alias=node7&noUDP&sock=startd_3802_6f2a>
...
001 (330197.008.000) 2023-07-25 13:00:57 Job executing on host: <172.30.1.207:9618?addrs=172.30.1.207-9618&alias=node7&noUDP&sock=startd_3802_6f2a>
...
001 (330197.009.000) 2023-07-25 13:00:57 Job executing on host: <172.30.1.207:9618?addrs=172.30.1.207-9618&alias=node7&noUDP&sock=startd_3802_6f2a>
...
006 (330197.000.000) 2023-07-25 13:01:05 Image size of job updated: 437428
	205  -  MemoryUsage of job (MB)
	209448  -  ResidentSetSize of job (KB)
...
006 (330197.001.000) 2023-07-25 13:01:05 Image size of job updated: 430896
	183  -  MemoryUsage of job (MB)
	186784  -  ResidentSetSize of job (KB)
...
006 (330197.002.000) 2023-07-25 13:01:05 Image size of job updated: 428472
	183  -  MemoryUsage of job (MB)
	186744  -  ResidentSetSize of job (KB)
...
006 (330197.003.000) 2023-07-25 13:01:06 Image size of job updated: 430228
	183  -  MemoryUsage of job (MB)
	186756  -  ResidentSetSize of job (KB)
...
006 (330197.004.000) 2023-07-25 13:01:06 Image size of job updated: 434100
	183  -  MemoryUsage of job (MB)
	186836  -  ResidentSetSize of job (KB)
...
006 (330197.005.000) 2023-07-25 13:01:06 Image size of job updated: 428472
	183  -  MemoryUsage of job (MB)
	186856  -  ResidentSetSize of job (KB)
...
006 (330197.006.000) 2023-07-25 13:01:06 Image size of job updated: 429620
	183  -  MemoryUsage of job (MB)
	186848  -  ResidentSetSize of job (KB)
...
006 (330197.007.000) 2023-07-25 13:01:06 Image size of job updated: 428472
	204  -  MemoryUsage of job (MB)
	208492  -  ResidentSetSize of job (KB)
...
006 (330197.008.000) 2023-07-25 13:01:06 Image size of job updated: 436828
	183  -  MemoryUsage of job (MB)
	186908  -  ResidentSetSize of job (KB)
...
006 (330197.009.000) 2023-07-25 13:01:06 Image size of job updated: 434100
	183  -  MemoryUsage of job (MB)
	186856  -  ResidentSetSize of job (KB)
...
006 (330197.007.000) 2023-07-25 13:01:17 Image size of job updated: 687268
	204  -  MemoryUsage of job (MB)
	208496  -  ResidentSetSize of job (KB)
...
005 (330197.007.000) 2023-07-25 13:01:17 Job terminated.
	(1) Normal termination (return value 0)
		Usr 0 00:00:17, Sys 0 00:00:01  -  Run Remote Usage
		Usr 0 00:00:00, Sys 0 00:00:00  -  Run Local Usage
		Usr 0 00:00:17, Sys 0 00:00:01  -  Total Remote Usage
		Usr 0 00:00:00, Sys 0 00:00:00  -  Total Local Usage
	0  -  Run Bytes Sent By Job
	0  -  Run Bytes Received By Job
	0  -  Total Bytes Sent By Job
	0  -  Total Bytes Received By Job
	Partitionable Resources :    Usage  Request Allocated 
	   Cpus                 :                 1         1 
	   Disk (KB)            :        1        1    128928 
	   Memory (MB)          :      204     3900      3968 

	Job terminated of its own accord at 2023-07-25T04:01:17Z.
...
006 (330197.000.000) 2023-07-25 13:01:25 Image size of job updated: 687616
	205  -  MemoryUsage of job (MB)
	209448  -  ResidentSetSize of job (KB)
...
005 (330197.000.000) 2023-07-25 13:01:25 Job terminated.
	(1) Normal termination (return value 0)
		Usr 0 00:00:19, Sys 0 00:00:01  -  Run Remote Usage
		Usr 0 00:00:00, Sys 0 00:00:00  -  Run Local Usage
		Usr 0 00:00:19, Sys 0 00:00:01  -  Total Remote Usage
		Usr 0 00:00:00, Sys 0 00:00:00  -  Total Local Usage
	0  -  Run Bytes Sent By Job
	0  -  Run Bytes Received By Job
	0  -  Total Bytes Sent By Job
	0  -  Total Bytes Received By Job
	Partitionable Resources :    Usage  Request Allocated 
	   Cpus                 :                 1         1 
	   Disk (KB)            :        1        1    128928 
	   Memory (MB)          :      205     3900      3968 

	Job terminated of its own accord at 2023-07-25T04:01:25Z.
...
006 (330197.001.000) 2023-07-25 13:01:27 Image size of job updated: 688584
	183  -  MemoryUsage of job (MB)
	186784  -  ResidentSetSize of job (KB)
...
006 (330197.006.000) 2023-07-25 13:01:27 Image size of job updated: 687440
	183  -  MemoryUsage of job (MB)
	186848  -  ResidentSetSize of job (KB)
...
005 (330197.001.000) 2023-07-25 13:01:27 Job terminated.
	(1) Normal termination (return value 0)
		Usr 0 00:00:22, Sys 0 00:00:01  -  Run Remote Usage
		Usr 0 00:00:00, Sys 0 00:00:00  -  Run Local Usage
		Usr 0 00:00:22, Sys 0 00:00:01  -  Total Remote Usage
		Usr 0 00:00:00, Sys 0 00:00:00  -  Total Local Usage
	0  -  Run Bytes Sent By Job
	0  -  Run Bytes Received By Job
	0  -  Total Bytes Sent By Job
	0  -  Total Bytes Received By Job
	Partitionable Resources :    Usage  Request Allocated 
	   Cpus                 :                 1         1 
	   Disk (KB)            :        1        1    128928 
	   Memory (MB)          :      183     3900      3968 

	Job terminated of its own accord at 2023-07-25T04:01:27Z.
...
005 (330197.006.000) 2023-07-25 13:01:27 Job terminated.
	(1) Normal termination (return value 0)
		Usr 0 00:00:21, Sys 0 00:00:01  -  Run Remote Usage
		Usr 0 00:00:00, Sys 0 00:00:00  -  Run Local Usage
		Usr 0 00:00:21, Sys 0 00:00:01  -  Total Remote Usage
		Usr 0 00:00:00, Sys 0 00:00:00  -  Total Local Usage
	0  -  Run Bytes Sent By Job
	0  -  Run Bytes Received By Job
	0  -  Total Bytes Sent By Job
	0  -  Total Bytes Received By Job
	Partitionable Resources :    Usage  Request Allocated 
	   Cpus                 :                 1         1 
	   Disk (KB)            :        1        1    128928 
	   Memory (MB)          :      183     3900      3968 

	Job terminated of its own accord at 2023-07-25T04:01:27Z.
...
006 (330197.005.000) 2023-07-25 13:01:28 Image size of job updated: 687392
	183  -  MemoryUsage of job (MB)
	186856  -  ResidentSetSize of job (KB)
...
005 (330197.005.000) 2023-07-25 13:01:28 Job terminated.
	(1) Normal termination (return value 0)
		Usr 0 00:00:22, Sys 0 00:00:01  -  Run Remote Usage
		Usr 0 00:00:00, Sys 0 00:00:00  -  Run Local Usage
		Usr 0 00:00:22, Sys 0 00:00:01  -  Total Remote Usage
		Usr 0 00:00:00, Sys 0 00:00:00  -  Total Local Usage
	0  -  Run Bytes Sent By Job
	0  -  Run Bytes Received By Job
	0  -  Total Bytes Sent By Job
	0  -  Total Bytes Received By Job
	Partitionable Resources :    Usage  Request Allocated 
	   Cpus                 :                 1         1 
	   Disk (KB)            :        1        1    128928 
	   Memory (MB)          :      183     3900      3968 

	Job terminated of its own accord at 2023-07-25T04:01:28Z.
...
006 (330197.008.000) 2023-07-25 13:01:28 Image size of job updated: 688508
	183  -  MemoryUsage of job (MB)
	186908  -  ResidentSetSize of job (KB)
...
005 (330197.008.000) 2023-07-25 13:01:28 Job terminated.
	(1) Normal termination (return value 0)
		Usr 0 00:00:24, Sys 0 00:00:00  -  Run Remote Usage
		Usr 0 00:00:00, Sys 0 00:00:00  -  Run Local Usage
		Usr 0 00:00:24, Sys 0 00:00:00  -  Total Remote Usage
		Usr 0 00:00:00, Sys 0 00:00:00  -  Total Local Usage
	0  -  Run Bytes Sent By Job
	0  -  Run Bytes Received By Job
	0  -  Total Bytes Sent By Job
	0  -  Total Bytes Received By Job
	Partitionable Resources :    Usage  Request Allocated 
	   Cpus                 :                 1         1 
	   Disk (KB)            :        1        1    128928 
	   Memory (MB)          :      183     3900      3968 

	Job terminated of its own accord at 2023-07-25T04:01:28Z.
...
006 (330197.004.000) 2023-07-25 13:01:29 Image size of job updated: 688060
	183  -  MemoryUsage of job (MB)
	186836  -  ResidentSetSize of job (KB)
...
006 (330197.009.000) 2023-07-25 13:01:29 Image size of job updated: 687436
	183  -  MemoryUsage of job (MB)
	186856  -  ResidentSetSize of job (KB)
...
005 (330197.004.000) 2023-07-25 13:01:29 Job terminated.
	(1) Normal termination (return value 0)
		Usr 0 00:00:23, Sys 0 00:00:01  -  Run Remote Usage
		Usr 0 00:00:00, Sys 0 00:00:00  -  Run Local Usage
		Usr 0 00:00:23, Sys 0 00:00:01  -  Total Remote Usage
		Usr 0 00:00:00, Sys 0 00:00:00  -  Total Local Usage
	0  -  Run Bytes Sent By Job
	0  -  Run Bytes Received By Job
	0  -  Total Bytes Sent By Job
	0  -  Total Bytes Received By Job
	Partitionable Resources :    Usage  Request Allocated 
	   Cpus                 :                 1         1 
	   Disk (KB)            :        1        1    128928 
	   Memory (MB)          :      183     3900      3968 

	Job terminated of its own accord at 2023-07-25T04:01:29Z.
...
005 (330197.009.000) 2023-07-25 13:01:29 Job terminated.
	(1) Normal termination (return value 0)
		Usr 0 00:00:25, Sys 0 00:00:01  -  Run Remote Usage
		Usr 0 00:00:00, Sys 0 00:00:00  -  Run Local Usage
		Usr 0 00:00:25, Sys 0 00:00:01  -  Total Remote Usage
		Usr 0 00:00:00, Sys 0 00:00:00  -  Total Local Usage
	0  -  Run Bytes Sent By Job
	0  -  Run Bytes Received By Job
	0  -  Total Bytes Sent By Job
	0  -  Total Bytes Received By Job
	Partitionable Resources :    Usage  Request Allocated 
	   Cpus                 :                 1         1 
	   Disk (KB)            :        1        1    128928 
	   Memory (MB)          :      183     3900      3968 

	Job terminated of its own accord at 2023-07-25T04:01:29Z.
...
006 (330197.003.000) 2023-07-25 13:01:31 Image size of job updated: 687392
	183  -  MemoryUsage of job (MB)
	186756  -  ResidentSetSize of job (KB)
...
005 (330197.003.000) 2023-07-25 13:01:31 Job terminated.
	(1) Normal termination (return value 0)
		Usr 0 00:00:25, Sys 0 00:00:01  -  Run Remote Usage
		Usr 0 00:00:00, Sys 0 00:00:00  -  Run Local Usage
		Usr 0 00:00:25, Sys 0 00:00:01  -  Total Remote Usage
		Usr 0 00:00:00, Sys 0 00:00:00  -  Total Local Usage
	0  -  Run Bytes Sent By Job
	0  -  Run Bytes Received By Job
	0  -  Total Bytes Sent By Job
	0  -  Total Bytes Received By Job
	Partitionable Resources :    Usage  Request Allocated 
	   Cpus                 :                 1         1 
	   Disk (KB)            :        1        1    128928 
	   Memory (MB)          :      183     3900      3968 

	Job terminated of its own accord at 2023-07-25T04:01:31Z.
...
006 (330197.002.000) 2023-07-25 13:01:32 Image size of job updated: 687532
	183  -  MemoryUsage of job (MB)
	186744  -  ResidentSetSize of job (KB)
...
005 (330197.002.000) 2023-07-25 13:01:32 Job terminated.
	(1) Normal termination (return value 0)
		Usr 0 00:00:26, Sys 0 00:00:01  -  Run Remote Usage
		Usr 0 00:00:00, Sys 0 00:00:00  -  Run Local Usage
		Usr 0 00:00:26, Sys 0 00:00:01  -  Total Remote Usage
		Usr 0 00:00:00, Sys 0 00:00:00  -  Total Local Usage
	0  -  Run Bytes Sent By Job
	0  -  Run Bytes Received By Job
	0  -  Total Bytes Sent By Job
	0  -  Total Bytes Received By Job
	Partitionable Resources :    Usage  Request Allocated 
	   Cpus                 :                 1         1 
	   Disk (KB)            :        1        1    128928 
	   Memory (MB)          :      183     3900      3968 

	Job terminated of its own accord at 2023-07-25T04:01:32Z.
...
