000 (330342.000.000) 2023-07-25 13:52:04 Job submitted from host: <172.30.1.200:9618?addrs=172.30.1.200-9618&alias=tamsa2.snu.ac.kr&noUDP&sock=schedd_3510_2582>
...
000 (330342.001.000) 2023-07-25 13:52:04 Job submitted from host: <172.30.1.200:9618?addrs=172.30.1.200-9618&alias=tamsa2.snu.ac.kr&noUDP&sock=schedd_3510_2582>
...
000 (330342.002.000) 2023-07-25 13:52:04 Job submitted from host: <172.30.1.200:9618?addrs=172.30.1.200-9618&alias=tamsa2.snu.ac.kr&noUDP&sock=schedd_3510_2582>
...
000 (330342.003.000) 2023-07-25 13:52:04 Job submitted from host: <172.30.1.200:9618?addrs=172.30.1.200-9618&alias=tamsa2.snu.ac.kr&noUDP&sock=schedd_3510_2582>
...
000 (330342.004.000) 2023-07-25 13:52:04 Job submitted from host: <172.30.1.200:9618?addrs=172.30.1.200-9618&alias=tamsa2.snu.ac.kr&noUDP&sock=schedd_3510_2582>
...
000 (330342.005.000) 2023-07-25 13:52:04 Job submitted from host: <172.30.1.200:9618?addrs=172.30.1.200-9618&alias=tamsa2.snu.ac.kr&noUDP&sock=schedd_3510_2582>
...
000 (330342.006.000) 2023-07-25 13:52:04 Job submitted from host: <172.30.1.200:9618?addrs=172.30.1.200-9618&alias=tamsa2.snu.ac.kr&noUDP&sock=schedd_3510_2582>
...
000 (330342.007.000) 2023-07-25 13:52:04 Job submitted from host: <172.30.1.200:9618?addrs=172.30.1.200-9618&alias=tamsa2.snu.ac.kr&noUDP&sock=schedd_3510_2582>
...
000 (330342.008.000) 2023-07-25 13:52:04 Job submitted from host: <172.30.1.200:9618?addrs=172.30.1.200-9618&alias=tamsa2.snu.ac.kr&noUDP&sock=schedd_3510_2582>
...
000 (330342.009.000) 2023-07-25 13:52:04 Job submitted from host: <172.30.1.200:9618?addrs=172.30.1.200-9618&alias=tamsa2.snu.ac.kr&noUDP&sock=schedd_3510_2582>
...
040 (330342.001.000) 2023-07-25 13:52:19 Started transferring input files
	Transferring to host: <172.30.1.111:9618?addrs=172.30.1.111-9618&alias=n11&noUDP&sock=slot1_1_4451_e1ce_37798>
...
040 (330342.001.000) 2023-07-25 13:52:19 Finished transferring input files
...
040 (330342.002.000) 2023-07-25 13:52:19 Started transferring input files
	Transferring to host: <172.30.1.111:9618?addrs=172.30.1.111-9618&alias=n11&noUDP&sock=slot1_2_4451_e1ce_37799>
...
040 (330342.002.000) 2023-07-25 13:52:19 Finished transferring input files
...
040 (330342.003.000) 2023-07-25 13:52:19 Started transferring input files
	Transferring to host: <172.30.1.111:9618?addrs=172.30.1.111-9618&alias=n11&noUDP&sock=slot1_3_4451_e1ce_37800>
...
040 (330342.003.000) 2023-07-25 13:52:19 Finished transferring input files
...
040 (330342.004.000) 2023-07-25 13:52:19 Started transferring input files
	Transferring to host: <172.30.1.111:9618?addrs=172.30.1.111-9618&alias=n11&noUDP&sock=slot1_4_4451_e1ce_37801>
...
040 (330342.004.000) 2023-07-25 13:52:19 Finished transferring input files
...
040 (330342.006.000) 2023-07-25 13:52:19 Started transferring input files
	Transferring to host: <172.30.1.111:9618?addrs=172.30.1.111-9618&alias=n11&noUDP&sock=slot1_6_4451_e1ce_37802>
...
040 (330342.006.000) 2023-07-25 13:52:19 Finished transferring input files
...
040 (330342.005.000) 2023-07-25 13:52:19 Started transferring input files
	Transferring to host: <172.30.1.111:9618?addrs=172.30.1.111-9618&alias=n11&noUDP&sock=slot1_5_4451_e1ce_37803>
...
040 (330342.005.000) 2023-07-25 13:52:19 Finished transferring input files
...
040 (330342.007.000) 2023-07-25 13:52:19 Started transferring input files
	Transferring to host: <172.30.1.111:9618?addrs=172.30.1.111-9618&alias=n11&noUDP&sock=slot1_7_4451_e1ce_37804>
...
040 (330342.007.000) 2023-07-25 13:52:19 Finished transferring input files
...
040 (330342.008.000) 2023-07-25 13:52:19 Started transferring input files
	Transferring to host: <172.30.1.111:9618?addrs=172.30.1.111-9618&alias=n11&noUDP&sock=slot1_8_4451_e1ce_37805>
...
040 (330342.008.000) 2023-07-25 13:52:19 Finished transferring input files
...
040 (330342.009.000) 2023-07-25 13:52:19 Started transferring input files
	Transferring to host: <172.30.1.111:9618?addrs=172.30.1.111-9618&alias=n11&noUDP&sock=slot1_9_4451_e1ce_37807>
...
040 (330342.009.000) 2023-07-25 13:52:19 Finished transferring input files
...
001 (330342.001.000) 2023-07-25 13:52:20 Job executing on host: <172.30.1.111:9618?addrs=172.30.1.111-9618&alias=n11&noUDP&sock=startd_4417_45e8>
...
001 (330342.002.000) 2023-07-25 13:52:20 Job executing on host: <172.30.1.111:9618?addrs=172.30.1.111-9618&alias=n11&noUDP&sock=startd_4417_45e8>
...
001 (330342.003.000) 2023-07-25 13:52:20 Job executing on host: <172.30.1.111:9618?addrs=172.30.1.111-9618&alias=n11&noUDP&sock=startd_4417_45e8>
...
001 (330342.004.000) 2023-07-25 13:52:20 Job executing on host: <172.30.1.111:9618?addrs=172.30.1.111-9618&alias=n11&noUDP&sock=startd_4417_45e8>
...
001 (330342.006.000) 2023-07-25 13:52:20 Job executing on host: <172.30.1.111:9618?addrs=172.30.1.111-9618&alias=n11&noUDP&sock=startd_4417_45e8>
...
001 (330342.005.000) 2023-07-25 13:52:20 Job executing on host: <172.30.1.111:9618?addrs=172.30.1.111-9618&alias=n11&noUDP&sock=startd_4417_45e8>
...
001 (330342.007.000) 2023-07-25 13:52:20 Job executing on host: <172.30.1.111:9618?addrs=172.30.1.111-9618&alias=n11&noUDP&sock=startd_4417_45e8>
...
001 (330342.008.000) 2023-07-25 13:52:20 Job executing on host: <172.30.1.111:9618?addrs=172.30.1.111-9618&alias=n11&noUDP&sock=startd_4417_45e8>
...
001 (330342.009.000) 2023-07-25 13:52:20 Job executing on host: <172.30.1.111:9618?addrs=172.30.1.111-9618&alias=n11&noUDP&sock=startd_4417_45e8>
...
040 (330342.000.000) 2023-07-25 13:52:21 Started transferring input files
	Transferring to host: <172.30.1.101:9618?addrs=172.30.1.101-9618&alias=n1&noUDP&sock=slot1_52_3367_1b22_45753>
...
040 (330342.000.000) 2023-07-25 13:52:21 Finished transferring input files
...
001 (330342.000.000) 2023-07-25 13:52:22 Job executing on host: <172.30.1.101:9618?addrs=172.30.1.101-9618&alias=n1&noUDP&sock=startd_3332_0da7>
...
006 (330342.001.000) 2023-07-25 13:52:28 Image size of job updated: 64704
	61  -  MemoryUsage of job (MB)
	61824  -  ResidentSetSize of job (KB)
...
006 (330342.002.000) 2023-07-25 13:52:28 Image size of job updated: 63072
	61  -  MemoryUsage of job (MB)
	61828  -  ResidentSetSize of job (KB)
...
006 (330342.003.000) 2023-07-25 13:52:28 Image size of job updated: 63276
	61  -  MemoryUsage of job (MB)
	61828  -  ResidentSetSize of job (KB)
...
006 (330342.004.000) 2023-07-25 13:52:29 Image size of job updated: 70256
	66  -  MemoryUsage of job (MB)
	67400  -  ResidentSetSize of job (KB)
...
006 (330342.006.000) 2023-07-25 13:52:29 Image size of job updated: 73468
	69  -  MemoryUsage of job (MB)
	69928  -  ResidentSetSize of job (KB)
...
006 (330342.005.000) 2023-07-25 13:52:29 Image size of job updated: 73132
	69  -  MemoryUsage of job (MB)
	70644  -  ResidentSetSize of job (KB)
...
006 (330342.007.000) 2023-07-25 13:52:29 Image size of job updated: 75016
	70  -  MemoryUsage of job (MB)
	71460  -  ResidentSetSize of job (KB)
...
006 (330342.008.000) 2023-07-25 13:52:29 Image size of job updated: 76420
	70  -  MemoryUsage of job (MB)
	71600  -  ResidentSetSize of job (KB)
...
006 (330342.009.000) 2023-07-25 13:52:29 Image size of job updated: 77552
	71  -  MemoryUsage of job (MB)
	72096  -  ResidentSetSize of job (KB)
...
006 (330342.000.000) 2023-07-25 13:52:31 Image size of job updated: 105000
	51  -  MemoryUsage of job (MB)
	51712  -  ResidentSetSize of job (KB)
...
006 (330342.008.000) 2023-07-25 13:52:51 Image size of job updated: 687588
	70  -  MemoryUsage of job (MB)
	71600  -  ResidentSetSize of job (KB)
...
040 (330342.008.000) 2023-07-25 13:52:51 Started transferring output files
...
040 (330342.008.000) 2023-07-25 13:52:51 Finished transferring output files
...
005 (330342.008.000) 2023-07-25 13:52:51 Job terminated.
	(1) Normal termination (return value 0)
		Usr 0 00:00:17, Sys 0 00:00:01  -  Run Remote Usage
		Usr 0 00:00:00, Sys 0 00:00:00  -  Run Local Usage
		Usr 0 00:00:17, Sys 0 00:00:01  -  Total Remote Usage
		Usr 0 00:00:00, Sys 0 00:00:00  -  Total Local Usage
	1188  -  Run Bytes Sent By Job
	163  -  Run Bytes Received By Job
	1188  -  Total Bytes Sent By Job
	163  -  Total Bytes Received By Job
	Partitionable Resources :    Usage  Request Allocated 
	   Cpus                 :                 1         1 
	   Disk (KB)            :       47        1    127802 
	   GPUs                 :                           0 
	   Memory (MB)          :       70     3900      3968 

	Job terminated of its own accord at 2023-07-25T04:52:51Z.
...
006 (330342.002.000) 2023-07-25 13:52:51 Image size of job updated: 688264
	61  -  MemoryUsage of job (MB)
	61828  -  ResidentSetSize of job (KB)
...
040 (330342.002.000) 2023-07-25 13:52:51 Started transferring output files
...
040 (330342.002.000) 2023-07-25 13:52:51 Finished transferring output files
...
005 (330342.002.000) 2023-07-25 13:52:51 Job terminated.
	(1) Normal termination (return value 0)
		Usr 0 00:00:17, Sys 0 00:00:01  -  Run Remote Usage
		Usr 0 00:00:00, Sys 0 00:00:00  -  Run Local Usage
		Usr 0 00:00:17, Sys 0 00:00:01  -  Total Remote Usage
		Usr 0 00:00:00, Sys 0 00:00:00  -  Total Local Usage
	1186  -  Run Bytes Sent By Job
	163  -  Run Bytes Received By Job
	1186  -  Total Bytes Sent By Job
	163  -  Total Bytes Received By Job
	Partitionable Resources :    Usage  Request Allocated 
	   Cpus                 :                 1         1 
	   Disk (KB)            :       47        1    127802 
	   GPUs                 :                           0 
	   Memory (MB)          :       61     3900      3968 

	Job terminated of its own accord at 2023-07-25T04:52:51Z.
...
006 (330342.009.000) 2023-07-25 13:52:51 Image size of job updated: 687548
	71  -  MemoryUsage of job (MB)
	72112  -  ResidentSetSize of job (KB)
...
040 (330342.009.000) 2023-07-25 13:52:51 Started transferring output files
...
040 (330342.009.000) 2023-07-25 13:52:51 Finished transferring output files
...
005 (330342.009.000) 2023-07-25 13:52:51 Job terminated.
	(1) Normal termination (return value 0)
		Usr 0 00:00:16, Sys 0 00:00:01  -  Run Remote Usage
		Usr 0 00:00:00, Sys 0 00:00:00  -  Run Local Usage
		Usr 0 00:00:16, Sys 0 00:00:01  -  Total Remote Usage
		Usr 0 00:00:00, Sys 0 00:00:00  -  Total Local Usage
	1125  -  Run Bytes Sent By Job
	163  -  Run Bytes Received By Job
	1125  -  Total Bytes Sent By Job
	163  -  Total Bytes Received By Job
	Partitionable Resources :    Usage  Request Allocated 
	   Cpus                 :                 1         1 
	   Disk (KB)            :       47        1    127802 
	   GPUs                 :                           0 
	   Memory (MB)          :       71     3900      3968 

	Job terminated of its own accord at 2023-07-25T04:52:51Z.
...
006 (330342.006.000) 2023-07-25 13:52:51 Image size of job updated: 688324
	69  -  MemoryUsage of job (MB)
	69932  -  ResidentSetSize of job (KB)
...
040 (330342.006.000) 2023-07-25 13:52:51 Started transferring output files
...
040 (330342.006.000) 2023-07-25 13:52:51 Finished transferring output files
...
005 (330342.006.000) 2023-07-25 13:52:51 Job terminated.
	(1) Normal termination (return value 0)
		Usr 0 00:00:16, Sys 0 00:00:01  -  Run Remote Usage
		Usr 0 00:00:00, Sys 0 00:00:00  -  Run Local Usage
		Usr 0 00:00:16, Sys 0 00:00:01  -  Total Remote Usage
		Usr 0 00:00:00, Sys 0 00:00:00  -  Total Local Usage
	1095  -  Run Bytes Sent By Job
	163  -  Run Bytes Received By Job
	1095  -  Total Bytes Sent By Job
	163  -  Total Bytes Received By Job
	Partitionable Resources :    Usage  Request Allocated 
	   Cpus                 :                 1         1 
	   Disk (KB)            :       47        1    127802 
	   GPUs                 :                           0 
	   Memory (MB)          :       69     3900      3968 

	Job terminated of its own accord at 2023-07-25T04:52:51Z.
...
006 (330342.001.000) 2023-07-25 13:52:53 Image size of job updated: 687596
	61  -  MemoryUsage of job (MB)
	61824  -  ResidentSetSize of job (KB)
...
040 (330342.001.000) 2023-07-25 13:52:53 Started transferring output files
...
040 (330342.001.000) 2023-07-25 13:52:53 Finished transferring output files
...
005 (330342.001.000) 2023-07-25 13:52:53 Job terminated.
	(1) Normal termination (return value 0)
		Usr 0 00:00:17, Sys 0 00:00:01  -  Run Remote Usage
		Usr 0 00:00:00, Sys 0 00:00:00  -  Run Local Usage
		Usr 0 00:00:17, Sys 0 00:00:01  -  Total Remote Usage
		Usr 0 00:00:00, Sys 0 00:00:00  -  Total Local Usage
	1155  -  Run Bytes Sent By Job
	163  -  Run Bytes Received By Job
	1155  -  Total Bytes Sent By Job
	163  -  Total Bytes Received By Job
	Partitionable Resources :    Usage  Request Allocated 
	   Cpus                 :                 1         1 
	   Disk (KB)            :       47        1    127802 
	   GPUs                 :                           0 
	   Memory (MB)          :       61     3900      3968 

	Job terminated of its own accord at 2023-07-25T04:52:53Z.
...
006 (330342.007.000) 2023-07-25 13:52:53 Image size of job updated: 688492
	70  -  MemoryUsage of job (MB)
	71460  -  ResidentSetSize of job (KB)
...
040 (330342.007.000) 2023-07-25 13:52:53 Started transferring output files
...
040 (330342.007.000) 2023-07-25 13:52:53 Finished transferring output files
...
005 (330342.007.000) 2023-07-25 13:52:53 Job terminated.
	(1) Normal termination (return value 0)
		Usr 0 00:00:18, Sys 0 00:00:01  -  Run Remote Usage
		Usr 0 00:00:00, Sys 0 00:00:00  -  Run Local Usage
		Usr 0 00:00:18, Sys 0 00:00:01  -  Total Remote Usage
		Usr 0 00:00:00, Sys 0 00:00:00  -  Total Local Usage
	1157  -  Run Bytes Sent By Job
	163  -  Run Bytes Received By Job
	1157  -  Total Bytes Sent By Job
	163  -  Total Bytes Received By Job
	Partitionable Resources :    Usage  Request Allocated 
	   Cpus                 :                 1         1 
	   Disk (KB)            :       47        1    127802 
	   GPUs                 :                           0 
	   Memory (MB)          :       70     3900      3968 

	Job terminated of its own accord at 2023-07-25T04:52:53Z.
...
006 (330342.003.000) 2023-07-25 13:52:53 Image size of job updated: 686264
	61  -  MemoryUsage of job (MB)
	61828  -  ResidentSetSize of job (KB)
...
040 (330342.003.000) 2023-07-25 13:52:53 Started transferring output files
...
040 (330342.003.000) 2023-07-25 13:52:53 Finished transferring output files
...
005 (330342.003.000) 2023-07-25 13:52:53 Job terminated.
	(1) Normal termination (return value 0)
		Usr 0 00:00:17, Sys 0 00:00:01  -  Run Remote Usage
		Usr 0 00:00:00, Sys 0 00:00:00  -  Run Local Usage
		Usr 0 00:00:17, Sys 0 00:00:01  -  Total Remote Usage
		Usr 0 00:00:00, Sys 0 00:00:00  -  Total Local Usage
	1187  -  Run Bytes Sent By Job
	163  -  Run Bytes Received By Job
	1187  -  Total Bytes Sent By Job
	163  -  Total Bytes Received By Job
	Partitionable Resources :    Usage  Request Allocated 
	   Cpus                 :                 1         1 
	   Disk (KB)            :       47        1    127802 
	   GPUs                 :                           0 
	   Memory (MB)          :       61     3900      3968 

	Job terminated of its own accord at 2023-07-25T04:52:53Z.
...
006 (330342.005.000) 2023-07-25 13:52:54 Image size of job updated: 686496
	69  -  MemoryUsage of job (MB)
	70656  -  ResidentSetSize of job (KB)
...
040 (330342.005.000) 2023-07-25 13:52:54 Started transferring output files
...
040 (330342.005.000) 2023-07-25 13:52:54 Finished transferring output files
...
005 (330342.005.000) 2023-07-25 13:52:54 Job terminated.
	(1) Normal termination (return value 0)
		Usr 0 00:00:17, Sys 0 00:00:01  -  Run Remote Usage
		Usr 0 00:00:00, Sys 0 00:00:00  -  Run Local Usage
		Usr 0 00:00:17, Sys 0 00:00:01  -  Total Remote Usage
		Usr 0 00:00:00, Sys 0 00:00:00  -  Total Local Usage
	1125  -  Run Bytes Sent By Job
	163  -  Run Bytes Received By Job
	1125  -  Total Bytes Sent By Job
	163  -  Total Bytes Received By Job
	Partitionable Resources :    Usage  Request Allocated 
	   Cpus                 :                 1         1 
	   Disk (KB)            :       47        1    127802 
	   GPUs                 :                           0 
	   Memory (MB)          :       69     3900      3968 

	Job terminated of its own accord at 2023-07-25T04:52:54Z.
...
006 (330342.004.000) 2023-07-25 13:52:54 Image size of job updated: 688384
	66  -  MemoryUsage of job (MB)
	67404  -  ResidentSetSize of job (KB)
...
040 (330342.004.000) 2023-07-25 13:52:54 Started transferring output files
...
040 (330342.004.000) 2023-07-25 13:52:54 Finished transferring output files
...
005 (330342.004.000) 2023-07-25 13:52:54 Job terminated.
	(1) Normal termination (return value 0)
		Usr 0 00:00:17, Sys 0 00:00:01  -  Run Remote Usage
		Usr 0 00:00:00, Sys 0 00:00:00  -  Run Local Usage
		Usr 0 00:00:17, Sys 0 00:00:01  -  Total Remote Usage
		Usr 0 00:00:00, Sys 0 00:00:00  -  Total Local Usage
	1187  -  Run Bytes Sent By Job
	163  -  Run Bytes Received By Job
	1187  -  Total Bytes Sent By Job
	163  -  Total Bytes Received By Job
	Partitionable Resources :    Usage  Request Allocated 
	   Cpus                 :                 1         1 
	   Disk (KB)            :       47        1    127802 
	   GPUs                 :                           0 
	   Memory (MB)          :       66     3900      3968 

	Job terminated of its own accord at 2023-07-25T04:52:54Z.
...
006 (330342.000.000) 2023-07-25 13:53:38 Image size of job updated: 686392
	51  -  MemoryUsage of job (MB)
	51776  -  ResidentSetSize of job (KB)
...
040 (330342.000.000) 2023-07-25 13:53:38 Started transferring output files
...
040 (330342.000.000) 2023-07-25 13:53:38 Finished transferring output files
...
005 (330342.000.000) 2023-07-25 13:53:38 Job terminated.
	(1) Normal termination (return value 0)
		Usr 0 00:00:53, Sys 0 00:00:03  -  Run Remote Usage
		Usr 0 00:00:00, Sys 0 00:00:00  -  Run Local Usage
		Usr 0 00:00:53, Sys 0 00:00:03  -  Total Remote Usage
		Usr 0 00:00:00, Sys 0 00:00:00  -  Total Local Usage
	1217  -  Run Bytes Sent By Job
	163  -  Run Bytes Received By Job
	1217  -  Total Bytes Sent By Job
	163  -  Total Bytes Received By Job
	Partitionable Resources :    Usage  Request Allocated 
	   Cpus                 :                 1         1 
	   Disk (KB)            :       46        1    127998 
	   Memory (MB)          :       51     3900      3968 

	Job terminated of its own accord at 2023-07-25T04:53:38Z.
...
