000 (311140.000.000) 2023-06-12 19:37:35 Job submitted from host: <172.30.1.200:9618?addrs=172.30.1.200-9618&alias=tamsa2.snu.ac.kr&noUDP&sock=schedd_3510_2582>
...
000 (311140.001.000) 2023-06-12 19:37:35 Job submitted from host: <172.30.1.200:9618?addrs=172.30.1.200-9618&alias=tamsa2.snu.ac.kr&noUDP&sock=schedd_3510_2582>
...
000 (311140.002.000) 2023-06-12 19:37:35 Job submitted from host: <172.30.1.200:9618?addrs=172.30.1.200-9618&alias=tamsa2.snu.ac.kr&noUDP&sock=schedd_3510_2582>
...
000 (311140.003.000) 2023-06-12 19:37:35 Job submitted from host: <172.30.1.200:9618?addrs=172.30.1.200-9618&alias=tamsa2.snu.ac.kr&noUDP&sock=schedd_3510_2582>
...
000 (311140.004.000) 2023-06-12 19:37:35 Job submitted from host: <172.30.1.200:9618?addrs=172.30.1.200-9618&alias=tamsa2.snu.ac.kr&noUDP&sock=schedd_3510_2582>
...
000 (311140.005.000) 2023-06-12 19:37:35 Job submitted from host: <172.30.1.200:9618?addrs=172.30.1.200-9618&alias=tamsa2.snu.ac.kr&noUDP&sock=schedd_3510_2582>
...
000 (311140.006.000) 2023-06-12 19:37:35 Job submitted from host: <172.30.1.200:9618?addrs=172.30.1.200-9618&alias=tamsa2.snu.ac.kr&noUDP&sock=schedd_3510_2582>
...
000 (311140.007.000) 2023-06-12 19:37:35 Job submitted from host: <172.30.1.200:9618?addrs=172.30.1.200-9618&alias=tamsa2.snu.ac.kr&noUDP&sock=schedd_3510_2582>
...
000 (311140.008.000) 2023-06-12 19:37:35 Job submitted from host: <172.30.1.200:9618?addrs=172.30.1.200-9618&alias=tamsa2.snu.ac.kr&noUDP&sock=schedd_3510_2582>
...
000 (311140.009.000) 2023-06-12 19:37:35 Job submitted from host: <172.30.1.200:9618?addrs=172.30.1.200-9618&alias=tamsa2.snu.ac.kr&noUDP&sock=schedd_3510_2582>
...
001 (311140.000.000) 2023-06-12 19:39:56 Job executing on host: <172.30.1.210:9618?addrs=172.30.1.210-9618&alias=node10&noUDP&sock=startd_3787_253e>
...
001 (311140.003.000) 2023-06-12 19:39:56 Job executing on host: <172.30.1.202:9618?addrs=172.30.1.202-9618&alias=node2&noUDP&sock=startd_19693_56a6>
...
040 (311140.007.000) 2023-06-12 19:39:56 Started transferring input files
	Transferring to host: <172.30.1.105:9618?addrs=172.30.1.105-9618&alias=n5&noUDP&sock=slot1_7_3332_7201_9397>
...
040 (311140.007.000) 2023-06-12 19:39:56 Finished transferring input files
...
040 (311140.008.000) 2023-06-12 19:39:56 Started transferring input files
	Transferring to host: <172.30.1.105:9618?addrs=172.30.1.105-9618&alias=n5&noUDP&sock=slot1_16_3332_7201_9398>
...
040 (311140.008.000) 2023-06-12 19:39:56 Finished transferring input files
...
040 (311140.009.000) 2023-06-12 19:39:56 Started transferring input files
	Transferring to host: <172.30.1.105:9618?addrs=172.30.1.105-9618&alias=n5&noUDP&sock=slot1_20_3332_7201_9399>
...
040 (311140.009.000) 2023-06-12 19:39:56 Finished transferring input files
...
001 (311140.004.000) 2023-06-12 19:39:56 Job executing on host: <172.30.1.202:9618?addrs=172.30.1.202-9618&alias=node2&noUDP&sock=startd_19693_56a6>
...
001 (311140.001.000) 2023-06-12 19:39:56 Job executing on host: <172.30.1.210:9618?addrs=172.30.1.210-9618&alias=node10&noUDP&sock=startd_3787_253e>
...
001 (311140.005.000) 2023-06-12 19:39:56 Job executing on host: <172.30.1.202:9618?addrs=172.30.1.202-9618&alias=node2&noUDP&sock=startd_19693_56a6>
...
001 (311140.006.000) 2023-06-12 19:39:56 Job executing on host: <172.30.1.202:9618?addrs=172.30.1.202-9618&alias=node2&noUDP&sock=startd_19693_56a6>
...
001 (311140.002.000) 2023-06-12 19:39:56 Job executing on host: <172.30.1.210:9618?addrs=172.30.1.210-9618&alias=node10&noUDP&sock=startd_3787_253e>
...
001 (311140.007.000) 2023-06-12 19:39:57 Job executing on host: <172.30.1.105:9618?addrs=172.30.1.105-9618&alias=n5&noUDP&sock=startd_3298_bb6e>
...
001 (311140.008.000) 2023-06-12 19:39:57 Job executing on host: <172.30.1.105:9618?addrs=172.30.1.105-9618&alias=n5&noUDP&sock=startd_3298_bb6e>
...
001 (311140.009.000) 2023-06-12 19:39:57 Job executing on host: <172.30.1.105:9618?addrs=172.30.1.105-9618&alias=n5&noUDP&sock=startd_3298_bb6e>
...
006 (311140.007.000) 2023-06-12 19:40:05 Image size of job updated: 392548
	184  -  MemoryUsage of job (MB)
	187836  -  ResidentSetSize of job (KB)
...
006 (311140.003.000) 2023-06-12 19:40:05 Image size of job updated: 193968
	184  -  MemoryUsage of job (MB)
	187840  -  ResidentSetSize of job (KB)
...
006 (311140.000.000) 2023-06-12 19:40:05 Image size of job updated: 647052
	202  -  MemoryUsage of job (MB)
	206152  -  ResidentSetSize of job (KB)
...
006 (311140.001.000) 2023-06-12 19:40:05 Image size of job updated: 647056
	184  -  MemoryUsage of job (MB)
	187948  -  ResidentSetSize of job (KB)
...
006 (311140.002.000) 2023-06-12 19:40:05 Image size of job updated: 647032
	184  -  MemoryUsage of job (MB)
	187888  -  ResidentSetSize of job (KB)
...
006 (311140.004.000) 2023-06-12 19:40:05 Image size of job updated: 197336
	188  -  MemoryUsage of job (MB)
	191952  -  ResidentSetSize of job (KB)
...
006 (311140.005.000) 2023-06-12 19:40:05 Image size of job updated: 206816
	194  -  MemoryUsage of job (MB)
	197792  -  ResidentSetSize of job (KB)
...
006 (311140.006.000) 2023-06-12 19:40:05 Image size of job updated: 203404
	197  -  MemoryUsage of job (MB)
	201252  -  ResidentSetSize of job (KB)
...
006 (311140.008.000) 2023-06-12 19:40:06 Image size of job updated: 391532
	191  -  MemoryUsage of job (MB)
	195484  -  ResidentSetSize of job (KB)
...
006 (311140.009.000) 2023-06-12 19:40:06 Image size of job updated: 391844
	184  -  MemoryUsage of job (MB)
	187904  -  ResidentSetSize of job (KB)
...
006 (311140.001.000) 2023-06-12 19:40:30 Image size of job updated: 686612
	184  -  MemoryUsage of job (MB)
	187948  -  ResidentSetSize of job (KB)
...
005 (311140.001.000) 2023-06-12 19:40:30 Job terminated.
	(1) Normal termination (return value 0)
		Usr 0 00:00:26, Sys 0 00:00:01  -  Run Remote Usage
		Usr 0 00:00:00, Sys 0 00:00:00  -  Run Local Usage
		Usr 0 00:00:26, Sys 0 00:00:01  -  Total Remote Usage
		Usr 0 00:00:00, Sys 0 00:00:00  -  Total Local Usage
	0  -  Run Bytes Sent By Job
	0  -  Run Bytes Received By Job
	0  -  Total Bytes Sent By Job
	0  -  Total Bytes Received By Job
	Partitionable Resources :    Usage  Request Allocated 
	   Cpus                 :                 1         1 
	   Disk (KB)            :        1        1    128928 
	   Memory (MB)          :      184     3900      3968 

	Job terminated of its own accord at 2023-06-12T10:40:30Z.
...
006 (311140.008.000) 2023-06-12 19:40:30 Image size of job updated: 691808
	191  -  MemoryUsage of job (MB)
	195492  -  ResidentSetSize of job (KB)
...
040 (311140.008.000) 2023-06-12 19:40:30 Started transferring output files
...
040 (311140.008.000) 2023-06-12 19:40:30 Finished transferring output files
...
005 (311140.008.000) 2023-06-12 19:40:30 Job terminated.
	(1) Normal termination (return value 0)
		Usr 0 00:00:29, Sys 0 00:00:02  -  Run Remote Usage
		Usr 0 00:00:00, Sys 0 00:00:00  -  Run Local Usage
		Usr 0 00:00:29, Sys 0 00:00:02  -  Total Remote Usage
		Usr 0 00:00:00, Sys 0 00:00:00  -  Total Local Usage
	7494  -  Run Bytes Sent By Job
	148  -  Run Bytes Received By Job
	7494  -  Total Bytes Sent By Job
	148  -  Total Bytes Received By Job
	Partitionable Resources :    Usage  Request Allocated 
	   Cpus                 :                 1         1 
	   Disk (KB)            :       52        1     61930 
	   Memory (MB)          :      191     3900      3968 

	Job terminated of its own accord at 2023-06-12T10:40:30Z.
...
006 (311140.009.000) 2023-06-12 19:40:31 Image size of job updated: 692180
	184  -  MemoryUsage of job (MB)
	187904  -  ResidentSetSize of job (KB)
...
040 (311140.009.000) 2023-06-12 19:40:31 Started transferring output files
...
040 (311140.009.000) 2023-06-12 19:40:31 Finished transferring output files
...
005 (311140.009.000) 2023-06-12 19:40:31 Job terminated.
	(1) Normal termination (return value 0)
		Usr 0 00:00:30, Sys 0 00:00:02  -  Run Remote Usage
		Usr 0 00:00:00, Sys 0 00:00:00  -  Run Local Usage
		Usr 0 00:00:30, Sys 0 00:00:02  -  Total Remote Usage
		Usr 0 00:00:00, Sys 0 00:00:00  -  Total Local Usage
	7494  -  Run Bytes Sent By Job
	148  -  Run Bytes Received By Job
	7494  -  Total Bytes Sent By Job
	148  -  Total Bytes Received By Job
	Partitionable Resources :    Usage  Request Allocated 
	   Cpus                 :                 1         1 
	   Disk (KB)            :       52        1     61930 
	   Memory (MB)          :      184     3900      3968 

	Job terminated of its own accord at 2023-06-12T10:40:31Z.
...
006 (311140.000.000) 2023-06-12 19:40:32 Image size of job updated: 694972
	202  -  MemoryUsage of job (MB)
	206152  -  ResidentSetSize of job (KB)
...
005 (311140.000.000) 2023-06-12 19:40:32 Job terminated.
	(1) Normal termination (return value 0)
		Usr 0 00:00:29, Sys 0 00:00:01  -  Run Remote Usage
		Usr 0 00:00:00, Sys 0 00:00:00  -  Run Local Usage
		Usr 0 00:00:29, Sys 0 00:00:01  -  Total Remote Usage
		Usr 0 00:00:00, Sys 0 00:00:00  -  Total Local Usage
	0  -  Run Bytes Sent By Job
	0  -  Run Bytes Received By Job
	0  -  Total Bytes Sent By Job
	0  -  Total Bytes Received By Job
	Partitionable Resources :    Usage  Request Allocated 
	   Cpus                 :                 1         1 
	   Disk (KB)            :        1        1    128928 
	   Memory (MB)          :      202     3900      3968 

	Job terminated of its own accord at 2023-06-12T10:40:32Z.
...
006 (311140.004.000) 2023-06-12 19:40:33 Image size of job updated: 695824
	188  -  MemoryUsage of job (MB)
	192180  -  ResidentSetSize of job (KB)
...
005 (311140.004.000) 2023-06-12 19:40:33 Job terminated.
	(1) Normal termination (return value 0)
		Usr 0 00:00:30, Sys 0 00:00:01  -  Run Remote Usage
		Usr 0 00:00:00, Sys 0 00:00:00  -  Run Local Usage
		Usr 0 00:00:30, Sys 0 00:00:01  -  Total Remote Usage
		Usr 0 00:00:00, Sys 0 00:00:00  -  Total Local Usage
	0  -  Run Bytes Sent By Job
	0  -  Run Bytes Received By Job
	0  -  Total Bytes Sent By Job
	0  -  Total Bytes Received By Job
	Partitionable Resources :    Usage  Request Allocated 
	   Cpus                 :                 1         1 
	   Disk (KB)            :        1        1    128913 
	   Memory (MB)          :      188     3900      3968 

	Job terminated of its own accord at 2023-06-12T10:40:33Z.
...
006 (311140.003.000) 2023-06-12 19:40:36 Image size of job updated: 693520
	184  -  MemoryUsage of job (MB)
	187840  -  ResidentSetSize of job (KB)
...
005 (311140.003.000) 2023-06-12 19:40:36 Job terminated.
	(1) Normal termination (return value 0)
		Usr 0 00:00:34, Sys 0 00:00:01  -  Run Remote Usage
		Usr 0 00:00:00, Sys 0 00:00:00  -  Run Local Usage
		Usr 0 00:00:34, Sys 0 00:00:01  -  Total Remote Usage
		Usr 0 00:00:00, Sys 0 00:00:00  -  Total Local Usage
	0  -  Run Bytes Sent By Job
	0  -  Run Bytes Received By Job
	0  -  Total Bytes Sent By Job
	0  -  Total Bytes Received By Job
	Partitionable Resources :    Usage  Request Allocated 
	   Cpus                 :                 1         1 
	   Disk (KB)            :        1        1    128913 
	   Memory (MB)          :      184     3900      3968 

	Job terminated of its own accord at 2023-06-12T10:40:36Z.
...
006 (311140.006.000) 2023-06-12 19:40:40 Image size of job updated: 696144
	197  -  MemoryUsage of job (MB)
	201252  -  ResidentSetSize of job (KB)
...
005 (311140.006.000) 2023-06-12 19:40:40 Job terminated.
	(1) Normal termination (return value 0)
		Usr 0 00:00:37, Sys 0 00:00:01  -  Run Remote Usage
		Usr 0 00:00:00, Sys 0 00:00:00  -  Run Local Usage
		Usr 0 00:00:37, Sys 0 00:00:01  -  Total Remote Usage
		Usr 0 00:00:00, Sys 0 00:00:00  -  Total Local Usage
	0  -  Run Bytes Sent By Job
	0  -  Run Bytes Received By Job
	0  -  Total Bytes Sent By Job
	0  -  Total Bytes Received By Job
	Partitionable Resources :    Usage  Request Allocated 
	   Cpus                 :                 1         1 
	   Disk (KB)            :        1        1    128913 
	   Memory (MB)          :      197     3900      3968 

	Job terminated of its own accord at 2023-06-12T10:40:40Z.
...
006 (311140.002.000) 2023-06-12 19:40:41 Image size of job updated: 686672
	184  -  MemoryUsage of job (MB)
	187888  -  ResidentSetSize of job (KB)
...
005 (311140.002.000) 2023-06-12 19:40:41 Job terminated.
	(1) Normal termination (return value 0)
		Usr 0 00:00:38, Sys 0 00:00:01  -  Run Remote Usage
		Usr 0 00:00:00, Sys 0 00:00:00  -  Run Local Usage
		Usr 0 00:00:38, Sys 0 00:00:01  -  Total Remote Usage
		Usr 0 00:00:00, Sys 0 00:00:00  -  Total Local Usage
	0  -  Run Bytes Sent By Job
	0  -  Run Bytes Received By Job
	0  -  Total Bytes Sent By Job
	0  -  Total Bytes Received By Job
	Partitionable Resources :    Usage  Request Allocated 
	   Cpus                 :                 1         1 
	   Disk (KB)            :        1        1    128928 
	   Memory (MB)          :      184     3900      3968 

	Job terminated of its own accord at 2023-06-12T10:40:41Z.
...
006 (311140.005.000) 2023-06-12 19:40:46 Image size of job updated: 691728
	194  -  MemoryUsage of job (MB)
	197792  -  ResidentSetSize of job (KB)
...
005 (311140.005.000) 2023-06-12 19:40:46 Job terminated.
	(1) Normal termination (return value 0)
		Usr 0 00:00:44, Sys 0 00:00:01  -  Run Remote Usage
		Usr 0 00:00:00, Sys 0 00:00:00  -  Run Local Usage
		Usr 0 00:00:44, Sys 0 00:00:01  -  Total Remote Usage
		Usr 0 00:00:00, Sys 0 00:00:00  -  Total Local Usage
	0  -  Run Bytes Sent By Job
	0  -  Run Bytes Received By Job
	0  -  Total Bytes Sent By Job
	0  -  Total Bytes Received By Job
	Partitionable Resources :    Usage  Request Allocated 
	   Cpus                 :                 1         1 
	   Disk (KB)            :        1        1    128913 
	   Memory (MB)          :      194     3900      3968 

	Job terminated of its own accord at 2023-06-12T10:40:46Z.
...
006 (311140.007.000) 2023-06-12 19:40:52 Image size of job updated: 691716
	184  -  MemoryUsage of job (MB)
	187836  -  ResidentSetSize of job (KB)
...
040 (311140.007.000) 2023-06-12 19:40:52 Started transferring output files
...
040 (311140.007.000) 2023-06-12 19:40:52 Finished transferring output files
...
005 (311140.007.000) 2023-06-12 19:40:52 Job terminated.
	(1) Normal termination (return value 0)
		Usr 0 00:00:51, Sys 0 00:00:02  -  Run Remote Usage
		Usr 0 00:00:00, Sys 0 00:00:00  -  Run Local Usage
		Usr 0 00:00:51, Sys 0 00:00:02  -  Total Remote Usage
		Usr 0 00:00:00, Sys 0 00:00:00  -  Total Local Usage
	7618  -  Run Bytes Sent By Job
	148  -  Run Bytes Received By Job
	7618  -  Total Bytes Sent By Job
	148  -  Total Bytes Received By Job
	Partitionable Resources :    Usage  Request Allocated 
	   Cpus                 :                 1         1 
	   Disk (KB)            :       52        1     61930 
	   Memory (MB)          :      184     3900      3968 

	Job terminated of its own accord at 2023-06-12T10:40:52Z.
...
