000 (310922.000.000) 2023-06-12 15:35:19 Job submitted from host: <172.30.1.200:9618?addrs=172.30.1.200-9618&alias=tamsa2.snu.ac.kr&noUDP&sock=schedd_3510_2582>
...
000 (310922.001.000) 2023-06-12 15:35:19 Job submitted from host: <172.30.1.200:9618?addrs=172.30.1.200-9618&alias=tamsa2.snu.ac.kr&noUDP&sock=schedd_3510_2582>
...
000 (310922.002.000) 2023-06-12 15:35:19 Job submitted from host: <172.30.1.200:9618?addrs=172.30.1.200-9618&alias=tamsa2.snu.ac.kr&noUDP&sock=schedd_3510_2582>
...
000 (310922.003.000) 2023-06-12 15:35:19 Job submitted from host: <172.30.1.200:9618?addrs=172.30.1.200-9618&alias=tamsa2.snu.ac.kr&noUDP&sock=schedd_3510_2582>
...
000 (310922.004.000) 2023-06-12 15:35:19 Job submitted from host: <172.30.1.200:9618?addrs=172.30.1.200-9618&alias=tamsa2.snu.ac.kr&noUDP&sock=schedd_3510_2582>
...
000 (310922.005.000) 2023-06-12 15:35:19 Job submitted from host: <172.30.1.200:9618?addrs=172.30.1.200-9618&alias=tamsa2.snu.ac.kr&noUDP&sock=schedd_3510_2582>
...
000 (310922.006.000) 2023-06-12 15:35:19 Job submitted from host: <172.30.1.200:9618?addrs=172.30.1.200-9618&alias=tamsa2.snu.ac.kr&noUDP&sock=schedd_3510_2582>
...
000 (310922.007.000) 2023-06-12 15:35:19 Job submitted from host: <172.30.1.200:9618?addrs=172.30.1.200-9618&alias=tamsa2.snu.ac.kr&noUDP&sock=schedd_3510_2582>
...
000 (310922.008.000) 2023-06-12 15:35:19 Job submitted from host: <172.30.1.200:9618?addrs=172.30.1.200-9618&alias=tamsa2.snu.ac.kr&noUDP&sock=schedd_3510_2582>
...
000 (310922.009.000) 2023-06-12 15:35:19 Job submitted from host: <172.30.1.200:9618?addrs=172.30.1.200-9618&alias=tamsa2.snu.ac.kr&noUDP&sock=schedd_3510_2582>
...
001 (310922.001.000) 2023-06-12 15:37:32 Job executing on host: <172.30.1.203:9618?addrs=172.30.1.203-9618&alias=node3&noUDP&sock=startd_3773_8aeb>
...
001 (310922.002.000) 2023-06-12 15:37:32 Job executing on host: <172.30.1.201:9618?addrs=172.30.1.201-9618&alias=node1&noUDP&sock=startd_4675_3d58>
...
001 (310922.004.000) 2023-06-12 15:37:32 Job executing on host: <172.30.1.208:9618?addrs=172.30.1.208-9618&alias=node8&noUDP&sock=startd_3802_6f2a>
...
001 (310922.003.000) 2023-06-12 15:37:32 Job executing on host: <172.30.1.201:9618?addrs=172.30.1.201-9618&alias=node1&noUDP&sock=startd_4675_3d58>
...
040 (310922.005.000) 2023-06-12 15:37:32 Started transferring input files
	Transferring to host: <172.30.1.101:9618?addrs=172.30.1.101-9618&alias=n1&noUDP&sock=slot1_5_3367_1b22_14685>
...
040 (310922.005.000) 2023-06-12 15:37:32 Finished transferring input files
...
001 (310922.000.000) 2023-06-12 15:37:32 Job executing on host: <172.30.1.206:9618?addrs=172.30.1.206-9618&alias=node6&noUDP&sock=startd_3777_494c>
...
001 (310922.005.000) 2023-06-12 15:37:33 Job executing on host: <172.30.1.101:9618?addrs=172.30.1.101-9618&alias=n1&noUDP&sock=startd_3332_0da7>
...
006 (310922.001.000) 2023-06-12 15:37:40 Image size of job updated: 183156
	179  -  MemoryUsage of job (MB)
	183156  -  ResidentSetSize of job (KB)
...
006 (310922.002.000) 2023-06-12 15:37:40 Image size of job updated: 175332
	172  -  MemoryUsage of job (MB)
	175332  -  ResidentSetSize of job (KB)
...
006 (310922.004.000) 2023-06-12 15:37:40 Image size of job updated: 501464
	167  -  MemoryUsage of job (MB)
	170376  -  ResidentSetSize of job (KB)
...
006 (310922.003.000) 2023-06-12 15:37:40 Image size of job updated: 183120
	179  -  MemoryUsage of job (MB)
	183120  -  ResidentSetSize of job (KB)
...
006 (310922.005.000) 2023-06-12 15:37:41 Image size of job updated: 70584
	69  -  MemoryUsage of job (MB)
	70584  -  ResidentSetSize of job (KB)
...
006 (310922.000.000) 2023-06-12 15:37:41 Image size of job updated: 185076
	181  -  MemoryUsage of job (MB)
	185068  -  ResidentSetSize of job (KB)
...
006 (310922.000.000) 2023-06-12 15:37:53 Image size of job updated: 616920
	181  -  MemoryUsage of job (MB)
	185068  -  ResidentSetSize of job (KB)
...
005 (310922.000.000) 2023-06-12 15:37:53 Job terminated.
	(1) Normal termination (return value 0)
		Usr 0 00:00:15, Sys 0 00:00:01  -  Run Remote Usage
		Usr 0 00:00:00, Sys 0 00:00:00  -  Run Local Usage
		Usr 0 00:00:15, Sys 0 00:00:01  -  Total Remote Usage
		Usr 0 00:00:00, Sys 0 00:00:00  -  Total Local Usage
	0  -  Run Bytes Sent By Job
	0  -  Run Bytes Received By Job
	0  -  Total Bytes Sent By Job
	0  -  Total Bytes Received By Job
	Partitionable Resources :    Usage  Request Allocated 
	   Cpus                 :                 1         1 
	   Disk (KB)            :        1        1     95898 
	   Memory (MB)          :      181     3900      3968 

	Job terminated of its own accord at 2023-06-12T06:37:53Z.
...
006 (310922.001.000) 2023-06-12 15:37:53 Image size of job updated: 604468
	179  -  MemoryUsage of job (MB)
	183156  -  ResidentSetSize of job (KB)
...
005 (310922.001.000) 2023-06-12 15:37:53 Job terminated.
	(1) Normal termination (return value 0)
		Usr 0 00:00:15, Sys 0 00:00:01  -  Run Remote Usage
		Usr 0 00:00:00, Sys 0 00:00:00  -  Run Local Usage
		Usr 0 00:00:15, Sys 0 00:00:01  -  Total Remote Usage
		Usr 0 00:00:00, Sys 0 00:00:00  -  Total Local Usage
	0  -  Run Bytes Sent By Job
	0  -  Run Bytes Received By Job
	0  -  Total Bytes Sent By Job
	0  -  Total Bytes Received By Job
	Partitionable Resources :    Usage  Request Allocated 
	   Cpus                 :                 1         1 
	   Disk (KB)            :        1        1    128928 
	   Memory (MB)          :      179     3900      3968 

	Job terminated of its own accord at 2023-06-12T06:37:53Z.
...
006 (310922.002.000) 2023-06-12 15:37:53 Image size of job updated: 611372
	172  -  MemoryUsage of job (MB)
	175332  -  ResidentSetSize of job (KB)
...
005 (310922.002.000) 2023-06-12 15:37:54 Job terminated.
	(1) Normal termination (return value 0)
		Usr 0 00:00:14, Sys 0 00:00:01  -  Run Remote Usage
		Usr 0 00:00:00, Sys 0 00:00:00  -  Run Local Usage
		Usr 0 00:00:14, Sys 0 00:00:01  -  Total Remote Usage
		Usr 0 00:00:00, Sys 0 00:00:00  -  Total Local Usage
	0  -  Run Bytes Sent By Job
	0  -  Run Bytes Received By Job
	0  -  Total Bytes Sent By Job
	0  -  Total Bytes Received By Job
	Partitionable Resources :    Usage  Request Allocated 
	   Cpus                 :                 1         1 
	   Disk (KB)            :        1        1    128992 
	   Memory (MB)          :      172     3900      3968 

	Job terminated of its own accord at 2023-06-12T06:37:53Z.
...
006 (310922.003.000) 2023-06-12 15:37:54 Image size of job updated: 612540
	179  -  MemoryUsage of job (MB)
	183120  -  ResidentSetSize of job (KB)
...
005 (310922.003.000) 2023-06-12 15:37:54 Job terminated.
	(1) Normal termination (return value 0)
		Usr 0 00:00:14, Sys 0 00:00:01  -  Run Remote Usage
		Usr 0 00:00:00, Sys 0 00:00:00  -  Run Local Usage
		Usr 0 00:00:14, Sys 0 00:00:01  -  Total Remote Usage
		Usr 0 00:00:00, Sys 0 00:00:00  -  Total Local Usage
	0  -  Run Bytes Sent By Job
	0  -  Run Bytes Received By Job
	0  -  Total Bytes Sent By Job
	0  -  Total Bytes Received By Job
	Partitionable Resources :    Usage  Request Allocated 
	   Cpus                 :                 1         1 
	   Disk (KB)            :        1        1    128992 
	   Memory (MB)          :      179     3900      3968 

	Job terminated of its own accord at 2023-06-12T06:37:54Z.
...
006 (310922.004.000) 2023-06-12 15:37:56 Image size of job updated: 609712
	167  -  MemoryUsage of job (MB)
	170380  -  ResidentSetSize of job (KB)
...
005 (310922.004.000) 2023-06-12 15:37:56 Job terminated.
	(1) Normal termination (return value 0)
		Usr 0 00:00:16, Sys 0 00:00:01  -  Run Remote Usage
		Usr 0 00:00:00, Sys 0 00:00:00  -  Run Local Usage
		Usr 0 00:00:16, Sys 0 00:00:01  -  Total Remote Usage
		Usr 0 00:00:00, Sys 0 00:00:00  -  Total Local Usage
	0  -  Run Bytes Sent By Job
	0  -  Run Bytes Received By Job
	0  -  Total Bytes Sent By Job
	0  -  Total Bytes Received By Job
	Partitionable Resources :    Usage  Request Allocated 
	   Cpus                 :                 1         1 
	   Disk (KB)            :        1        1    128928 
	   Memory (MB)          :      167     3900      3968 

	Job terminated of its own accord at 2023-06-12T06:37:56Z.
...
006 (310922.005.000) 2023-06-12 15:38:11 Image size of job updated: 609732
	69  -  MemoryUsage of job (MB)
	70600  -  ResidentSetSize of job (KB)
...
040 (310922.005.000) 2023-06-12 15:38:11 Started transferring output files
...
040 (310922.005.000) 2023-06-12 15:38:11 Finished transferring output files
...
005 (310922.005.000) 2023-06-12 15:38:11 Job terminated.
	(1) Normal termination (return value 0)
		Usr 0 00:00:25, Sys 0 00:00:03  -  Run Remote Usage
		Usr 0 00:00:00, Sys 0 00:00:00  -  Run Local Usage
		Usr 0 00:00:25, Sys 0 00:00:03  -  Total Remote Usage
		Usr 0 00:00:00, Sys 0 00:00:00  -  Total Local Usage
	6480  -  Run Bytes Sent By Job
	144  -  Run Bytes Received By Job
	6480  -  Total Bytes Sent By Job
	144  -  Total Bytes Received By Job
	Partitionable Resources :    Usage  Request Allocated 
	   Cpus                 :                 1         1 
	   Disk (KB)            :       51        1    127998 
	   Memory (MB)          :       69     3900      3968 

	Job terminated of its own accord at 2023-06-12T06:38:11Z.
...
001 (310922.008.000) 2023-06-12 15:38:32 Job executing on host: <172.30.1.201:9618?addrs=172.30.1.201-9618&alias=node1&noUDP&sock=startd_4675_3d58>
...
001 (310922.007.000) 2023-06-12 15:38:32 Job executing on host: <172.30.1.203:9618?addrs=172.30.1.203-9618&alias=node3&noUDP&sock=startd_3773_8aeb>
...
001 (310922.006.000) 2023-06-12 15:38:32 Job executing on host: <172.30.1.206:9618?addrs=172.30.1.206-9618&alias=node6&noUDP&sock=startd_3777_494c>
...
001 (310922.009.000) 2023-06-12 15:38:32 Job executing on host: <172.30.1.201:9618?addrs=172.30.1.201-9618&alias=node1&noUDP&sock=startd_4675_3d58>
...
006 (310922.009.000) 2023-06-12 15:38:41 Image size of job updated: 183144
	179  -  MemoryUsage of job (MB)
	183144  -  ResidentSetSize of job (KB)
...
006 (310922.008.000) 2023-06-12 15:38:41 Image size of job updated: 168908
	165  -  MemoryUsage of job (MB)
	168908  -  ResidentSetSize of job (KB)
...
006 (310922.007.000) 2023-06-12 15:38:41 Image size of job updated: 156520
	153  -  MemoryUsage of job (MB)
	156520  -  ResidentSetSize of job (KB)
...
006 (310922.006.000) 2023-06-12 15:38:41 Image size of job updated: 184992
	181  -  MemoryUsage of job (MB)
	184992  -  ResidentSetSize of job (KB)
...
006 (310922.006.000) 2023-06-12 15:38:51 Image size of job updated: 608696
	181  -  MemoryUsage of job (MB)
	184992  -  ResidentSetSize of job (KB)
...
005 (310922.006.000) 2023-06-12 15:38:52 Job terminated.
	(1) Normal termination (return value 0)
		Usr 0 00:00:13, Sys 0 00:00:01  -  Run Remote Usage
		Usr 0 00:00:00, Sys 0 00:00:00  -  Run Local Usage
		Usr 0 00:00:13, Sys 0 00:00:01  -  Total Remote Usage
		Usr 0 00:00:00, Sys 0 00:00:00  -  Total Local Usage
	0  -  Run Bytes Sent By Job
	0  -  Run Bytes Received By Job
	0  -  Total Bytes Sent By Job
	0  -  Total Bytes Received By Job
	Partitionable Resources :    Usage  Request Allocated 
	   Cpus                 :                 1         1 
	   Disk (KB)            :        1        1     95898 
	   Memory (MB)          :      181     3900      3968 

	Job terminated of its own accord at 2023-06-12T06:38:51Z.
...
006 (310922.009.000) 2023-06-12 15:38:53 Image size of job updated: 607064
	179  -  MemoryUsage of job (MB)
	183144  -  ResidentSetSize of job (KB)
...
005 (310922.009.000) 2023-06-12 15:38:53 Job terminated.
	(1) Normal termination (return value 0)
		Usr 0 00:00:14, Sys 0 00:00:01  -  Run Remote Usage
		Usr 0 00:00:00, Sys 0 00:00:00  -  Run Local Usage
		Usr 0 00:00:14, Sys 0 00:00:01  -  Total Remote Usage
		Usr 0 00:00:00, Sys 0 00:00:00  -  Total Local Usage
	0  -  Run Bytes Sent By Job
	0  -  Run Bytes Received By Job
	0  -  Total Bytes Sent By Job
	0  -  Total Bytes Received By Job
	Partitionable Resources :    Usage  Request Allocated 
	   Cpus                 :                 1         1 
	   Disk (KB)            :        1        1    128992 
	   Memory (MB)          :      179     3900      3968 

	Job terminated of its own accord at 2023-06-12T06:38:53Z.
...
006 (310922.007.000) 2023-06-12 15:38:56 Image size of job updated: 583124
	153  -  MemoryUsage of job (MB)
	156520  -  ResidentSetSize of job (KB)
...
005 (310922.007.000) 2023-06-12 15:38:56 Job terminated.
	(1) Normal termination (return value 0)
		Usr 0 00:00:16, Sys 0 00:00:01  -  Run Remote Usage
		Usr 0 00:00:00, Sys 0 00:00:00  -  Run Local Usage
		Usr 0 00:00:16, Sys 0 00:00:01  -  Total Remote Usage
		Usr 0 00:00:00, Sys 0 00:00:00  -  Total Local Usage
	0  -  Run Bytes Sent By Job
	0  -  Run Bytes Received By Job
	0  -  Total Bytes Sent By Job
	0  -  Total Bytes Received By Job
	Partitionable Resources :    Usage  Request Allocated 
	   Cpus                 :                 1         1 
	   Disk (KB)            :        1        1    128928 
	   Memory (MB)          :      153     3900      3968 

	Job terminated of its own accord at 2023-06-12T06:38:56Z.
...
006 (310922.008.000) 2023-06-12 15:38:57 Image size of job updated: 612584
	165  -  MemoryUsage of job (MB)
	168908  -  ResidentSetSize of job (KB)
...
005 (310922.008.000) 2023-06-12 15:38:57 Job terminated.
	(1) Normal termination (return value 0)
		Usr 0 00:00:18, Sys 0 00:00:01  -  Run Remote Usage
		Usr 0 00:00:00, Sys 0 00:00:00  -  Run Local Usage
		Usr 0 00:00:18, Sys 0 00:00:01  -  Total Remote Usage
		Usr 0 00:00:00, Sys 0 00:00:00  -  Total Local Usage
	0  -  Run Bytes Sent By Job
	0  -  Run Bytes Received By Job
	0  -  Total Bytes Sent By Job
	0  -  Total Bytes Received By Job
	Partitionable Resources :    Usage  Request Allocated 
	   Cpus                 :                 1         1 
	   Disk (KB)            :        1        1    128992 
	   Memory (MB)          :      165     3900      3968 

	Job terminated of its own accord at 2023-06-12T06:38:57Z.
...
