000 (310976.000.000) 2023-06-12 17:01:45 Job submitted from host: <172.30.1.200:9618?addrs=172.30.1.200-9618&alias=tamsa2.snu.ac.kr&noUDP&sock=schedd_3510_2582>
...
000 (310976.001.000) 2023-06-12 17:01:45 Job submitted from host: <172.30.1.200:9618?addrs=172.30.1.200-9618&alias=tamsa2.snu.ac.kr&noUDP&sock=schedd_3510_2582>
...
000 (310976.002.000) 2023-06-12 17:01:45 Job submitted from host: <172.30.1.200:9618?addrs=172.30.1.200-9618&alias=tamsa2.snu.ac.kr&noUDP&sock=schedd_3510_2582>
...
000 (310976.003.000) 2023-06-12 17:01:45 Job submitted from host: <172.30.1.200:9618?addrs=172.30.1.200-9618&alias=tamsa2.snu.ac.kr&noUDP&sock=schedd_3510_2582>
...
000 (310976.004.000) 2023-06-12 17:01:45 Job submitted from host: <172.30.1.200:9618?addrs=172.30.1.200-9618&alias=tamsa2.snu.ac.kr&noUDP&sock=schedd_3510_2582>
...
000 (310976.005.000) 2023-06-12 17:01:45 Job submitted from host: <172.30.1.200:9618?addrs=172.30.1.200-9618&alias=tamsa2.snu.ac.kr&noUDP&sock=schedd_3510_2582>
...
000 (310976.006.000) 2023-06-12 17:01:45 Job submitted from host: <172.30.1.200:9618?addrs=172.30.1.200-9618&alias=tamsa2.snu.ac.kr&noUDP&sock=schedd_3510_2582>
...
000 (310976.007.000) 2023-06-12 17:01:45 Job submitted from host: <172.30.1.200:9618?addrs=172.30.1.200-9618&alias=tamsa2.snu.ac.kr&noUDP&sock=schedd_3510_2582>
...
000 (310976.008.000) 2023-06-12 17:01:45 Job submitted from host: <172.30.1.200:9618?addrs=172.30.1.200-9618&alias=tamsa2.snu.ac.kr&noUDP&sock=schedd_3510_2582>
...
000 (310976.009.000) 2023-06-12 17:01:45 Job submitted from host: <172.30.1.200:9618?addrs=172.30.1.200-9618&alias=tamsa2.snu.ac.kr&noUDP&sock=schedd_3510_2582>
...
040 (310976.001.000) 2023-06-12 17:01:59 Started transferring input files
	Transferring to host: <172.30.1.111:9618?addrs=172.30.1.111-9618&alias=n11&noUDP&sock=slot1_1_4451_e1ce_13105>
...
040 (310976.001.000) 2023-06-12 17:01:59 Finished transferring input files
...
040 (310976.002.000) 2023-06-12 17:01:59 Started transferring input files
	Transferring to host: <172.30.1.111:9618?addrs=172.30.1.111-9618&alias=n11&noUDP&sock=slot1_4_4451_e1ce_13106>
...
040 (310976.002.000) 2023-06-12 17:01:59 Finished transferring input files
...
040 (310976.000.000) 2023-06-12 17:02:00 Started transferring input files
	Transferring to host: <172.30.1.101:9618?addrs=172.30.1.101-9618&alias=n1&noUDP&sock=slot1_29_3367_1b22_14836>
...
040 (310976.000.000) 2023-06-12 17:02:00 Finished transferring input files
...
001 (310976.001.000) 2023-06-12 17:02:00 Job executing on host: <172.30.1.111:9618?addrs=172.30.1.111-9618&alias=n11&noUDP&sock=startd_4417_45e8>
...
001 (310976.002.000) 2023-06-12 17:02:00 Job executing on host: <172.30.1.111:9618?addrs=172.30.1.111-9618&alias=n11&noUDP&sock=startd_4417_45e8>
...
001 (310976.000.000) 2023-06-12 17:02:01 Job executing on host: <172.30.1.101:9618?addrs=172.30.1.101-9618&alias=n1&noUDP&sock=startd_3332_0da7>
...
006 (310976.000.000) 2023-06-12 17:02:09 Image size of job updated: 300932
	112  -  MemoryUsage of job (MB)
	113708  -  ResidentSetSize of job (KB)
...
006 (310976.001.000) 2023-06-12 17:02:09 Image size of job updated: 602340
	181  -  MemoryUsage of job (MB)
	185104  -  ResidentSetSize of job (KB)
...
006 (310976.002.000) 2023-06-12 17:02:09 Image size of job updated: 602260
	181  -  MemoryUsage of job (MB)
	185028  -  ResidentSetSize of job (KB)
...
006 (310976.002.000) 2023-06-12 17:02:23 Image size of job updated: 614244
	181  -  MemoryUsage of job (MB)
	185028  -  ResidentSetSize of job (KB)
...
040 (310976.002.000) 2023-06-12 17:02:23 Started transferring output files
...
040 (310976.002.000) 2023-06-12 17:02:23 Finished transferring output files
...
005 (310976.002.000) 2023-06-12 17:02:23 Job terminated.
	(1) Normal termination (return value 0)
		Usr 0 00:00:20, Sys 0 00:00:01  -  Run Remote Usage
		Usr 0 00:00:00, Sys 0 00:00:00  -  Run Local Usage
		Usr 0 00:00:20, Sys 0 00:00:01  -  Total Remote Usage
		Usr 0 00:00:00, Sys 0 00:00:00  -  Total Local Usage
	10963  -  Run Bytes Sent By Job
	148  -  Run Bytes Received By Job
	10963  -  Total Bytes Sent By Job
	148  -  Total Bytes Received By Job
	Partitionable Resources :    Usage  Request Allocated 
	   Cpus                 :     0.86        1         1 
	   Disk (KB)            :    63           1    127802 
	   GPUs                 :                           0 
	   Memory (MB)          :   181        3900      3968 

	Job terminated of its own accord at 2023-06-12T08:02:23Z.
...
001 (310976.003.000) 2023-06-12 17:02:23 Job executing on host: <172.30.1.210:9618?addrs=172.30.1.210-9618&alias=node10&noUDP&sock=startd_3787_253e>
...
001 (310976.005.000) 2023-06-12 17:02:23 Job executing on host: <172.30.1.208:9618?addrs=172.30.1.208-9618&alias=node8&noUDP&sock=startd_3802_6f2a>
...
001 (310976.006.000) 2023-06-12 17:02:23 Job executing on host: <172.30.1.209:9618?addrs=172.30.1.209-9618&alias=node9&noUDP&sock=startd_3776_99b3>
...
001 (310976.008.000) 2023-06-12 17:02:23 Job executing on host: <172.30.1.202:9618?addrs=172.30.1.202-9618&alias=node2&noUDP&sock=startd_19693_56a6>
...
001 (310976.004.000) 2023-06-12 17:02:23 Job executing on host: <172.30.1.210:9618?addrs=172.30.1.210-9618&alias=node10&noUDP&sock=startd_3787_253e>
...
001 (310976.007.000) 2023-06-12 17:02:23 Job executing on host: <172.30.1.209:9618?addrs=172.30.1.209-9618&alias=node9&noUDP&sock=startd_3776_99b3>
...
001 (310976.009.000) 2023-06-12 17:02:24 Job executing on host: <172.30.1.202:9618?addrs=172.30.1.202-9618&alias=node2&noUDP&sock=startd_19693_56a6>
...
006 (310976.001.000) 2023-06-12 17:02:25 Image size of job updated: 613352
	181  -  MemoryUsage of job (MB)
	185104  -  ResidentSetSize of job (KB)
...
040 (310976.001.000) 2023-06-12 17:02:25 Started transferring output files
...
040 (310976.001.000) 2023-06-12 17:02:25 Finished transferring output files
...
005 (310976.001.000) 2023-06-12 17:02:25 Job terminated.
	(1) Normal termination (return value 0)
		Usr 0 00:00:23, Sys 0 00:00:01  -  Run Remote Usage
		Usr 0 00:00:00, Sys 0 00:00:00  -  Run Local Usage
		Usr 0 00:00:23, Sys 0 00:00:01  -  Total Remote Usage
		Usr 0 00:00:00, Sys 0 00:00:00  -  Total Local Usage
	9392  -  Run Bytes Sent By Job
	148  -  Run Bytes Received By Job
	9392  -  Total Bytes Sent By Job
	148  -  Total Bytes Received By Job
	Partitionable Resources :    Usage  Request Allocated 
	   Cpus                 :     0.90        1         1 
	   Disk (KB)            :    61           1    127802 
	   GPUs                 :                           0 
	   Memory (MB)          :   181        3900      3968 

	Job terminated of its own accord at 2023-06-12T08:02:25Z.
...
006 (310976.008.000) 2023-06-12 17:02:32 Image size of job updated: 580640
	179  -  MemoryUsage of job (MB)
	183076  -  ResidentSetSize of job (KB)
...
006 (310976.007.000) 2023-06-12 17:02:32 Image size of job updated: 161448
	158  -  MemoryUsage of job (MB)
	161448  -  ResidentSetSize of job (KB)
...
006 (310976.009.000) 2023-06-12 17:02:32 Image size of job updated: 583148
	179  -  MemoryUsage of job (MB)
	183220  -  ResidentSetSize of job (KB)
...
006 (310976.003.000) 2023-06-12 17:02:32 Image size of job updated: 170288
	167  -  MemoryUsage of job (MB)
	170288  -  ResidentSetSize of job (KB)
...
006 (310976.006.000) 2023-06-12 17:02:32 Image size of job updated: 162076
	159  -  MemoryUsage of job (MB)
	162076  -  ResidentSetSize of job (KB)
...
006 (310976.005.000) 2023-06-12 17:02:32 Image size of job updated: 576076
	170  -  MemoryUsage of job (MB)
	173912  -  ResidentSetSize of job (KB)
...
006 (310976.004.000) 2023-06-12 17:02:33 Image size of job updated: 175452
	172  -  MemoryUsage of job (MB)
	175452  -  ResidentSetSize of job (KB)
...
006 (310976.005.000) 2023-06-12 17:02:55 Image size of job updated: 614092
	170  -  MemoryUsage of job (MB)
	174048  -  ResidentSetSize of job (KB)
...
005 (310976.005.000) 2023-06-12 17:02:55 Job terminated.
	(1) Normal termination (return value 0)
		Usr 0 00:00:27, Sys 0 00:00:01  -  Run Remote Usage
		Usr 0 00:00:00, Sys 0 00:00:00  -  Run Local Usage
		Usr 0 00:00:27, Sys 0 00:00:01  -  Total Remote Usage
		Usr 0 00:00:00, Sys 0 00:00:00  -  Total Local Usage
	0  -  Run Bytes Sent By Job
	0  -  Run Bytes Received By Job
	0  -  Total Bytes Sent By Job
	0  -  Total Bytes Received By Job
	Partitionable Resources :    Usage  Request Allocated 
	   Cpus                 :                 1         1 
	   Disk (KB)            :        1        1    128928 
	   Memory (MB)          :      170     3900      3968 

	Job terminated of its own accord at 2023-06-12T08:02:55Z.
...
006 (310976.007.000) 2023-06-12 17:02:55 Image size of job updated: 614264
	158  -  MemoryUsage of job (MB)
	161448  -  ResidentSetSize of job (KB)
...
005 (310976.007.000) 2023-06-12 17:02:55 Job terminated.
	(1) Normal termination (return value 0)
		Usr 0 00:00:27, Sys 0 00:00:01  -  Run Remote Usage
		Usr 0 00:00:00, Sys 0 00:00:00  -  Run Local Usage
		Usr 0 00:00:27, Sys 0 00:00:01  -  Total Remote Usage
		Usr 0 00:00:00, Sys 0 00:00:00  -  Total Local Usage
	0  -  Run Bytes Sent By Job
	0  -  Run Bytes Received By Job
	0  -  Total Bytes Sent By Job
	0  -  Total Bytes Received By Job
	Partitionable Resources :    Usage  Request Allocated 
	   Cpus                 :                 1         1 
	   Disk (KB)            :        1        1    128928 
	   Memory (MB)          :      158     3900      3968 

	Job terminated of its own accord at 2023-06-12T08:02:55Z.
...
006 (310976.008.000) 2023-06-12 17:02:56 Image size of job updated: 610360
	179  -  MemoryUsage of job (MB)
	183076  -  ResidentSetSize of job (KB)
...
005 (310976.008.000) 2023-06-12 17:02:56 Job terminated.
	(1) Normal termination (return value 0)
		Usr 0 00:00:29, Sys 0 00:00:01  -  Run Remote Usage
		Usr 0 00:00:00, Sys 0 00:00:00  -  Run Local Usage
		Usr 0 00:00:29, Sys 0 00:00:01  -  Total Remote Usage
		Usr 0 00:00:00, Sys 0 00:00:00  -  Total Local Usage
	0  -  Run Bytes Sent By Job
	0  -  Run Bytes Received By Job
	0  -  Total Bytes Sent By Job
	0  -  Total Bytes Received By Job
	Partitionable Resources :    Usage  Request Allocated 
	   Cpus                 :     0.95        1         1 
	   Disk (KB)            :     1           1    128913 
	   Memory (MB)          :   179        3900      3968 

	Job terminated of its own accord at 2023-06-12T08:02:56Z.
...
006 (310976.003.000) 2023-06-12 17:02:58 Image size of job updated: 611472
	167  -  MemoryUsage of job (MB)
	170304  -  ResidentSetSize of job (KB)
...
005 (310976.003.000) 2023-06-12 17:02:58 Job terminated.
	(1) Normal termination (return value 0)
		Usr 0 00:00:29, Sys 0 00:00:01  -  Run Remote Usage
		Usr 0 00:00:00, Sys 0 00:00:00  -  Run Local Usage
		Usr 0 00:00:29, Sys 0 00:00:01  -  Total Remote Usage
		Usr 0 00:00:00, Sys 0 00:00:00  -  Total Local Usage
	0  -  Run Bytes Sent By Job
	0  -  Run Bytes Received By Job
	0  -  Total Bytes Sent By Job
	0  -  Total Bytes Received By Job
	Partitionable Resources :    Usage  Request Allocated 
	   Cpus                 :                 1         1 
	   Disk (KB)            :        1        1    128928 
	   Memory (MB)          :      167     3900      3968 

	Job terminated of its own accord at 2023-06-12T08:02:58Z.
...
006 (310976.006.000) 2023-06-12 17:02:58 Image size of job updated: 614236
	159  -  MemoryUsage of job (MB)
	162288  -  ResidentSetSize of job (KB)
...
005 (310976.006.000) 2023-06-12 17:02:58 Job terminated.
	(1) Normal termination (return value 0)
		Usr 0 00:00:30, Sys 0 00:00:01  -  Run Remote Usage
		Usr 0 00:00:00, Sys 0 00:00:00  -  Run Local Usage
		Usr 0 00:00:30, Sys 0 00:00:01  -  Total Remote Usage
		Usr 0 00:00:00, Sys 0 00:00:00  -  Total Local Usage
	0  -  Run Bytes Sent By Job
	0  -  Run Bytes Received By Job
	0  -  Total Bytes Sent By Job
	0  -  Total Bytes Received By Job
	Partitionable Resources :    Usage  Request Allocated 
	   Cpus                 :                 1         1 
	   Disk (KB)            :        1        1    128928 
	   Memory (MB)          :      159     3900      3968 

	Job terminated of its own accord at 2023-06-12T08:02:58Z.
...
006 (310976.009.000) 2023-06-12 17:02:59 Image size of job updated: 614320
	179  -  MemoryUsage of job (MB)
	183220  -  ResidentSetSize of job (KB)
...
005 (310976.009.000) 2023-06-12 17:02:59 Job terminated.
	(1) Normal termination (return value 0)
		Usr 0 00:00:32, Sys 0 00:00:01  -  Run Remote Usage
		Usr 0 00:00:00, Sys 0 00:00:00  -  Run Local Usage
		Usr 0 00:00:32, Sys 0 00:00:01  -  Total Remote Usage
		Usr 0 00:00:00, Sys 0 00:00:00  -  Total Local Usage
	0  -  Run Bytes Sent By Job
	0  -  Run Bytes Received By Job
	0  -  Total Bytes Sent By Job
	0  -  Total Bytes Received By Job
	Partitionable Resources :    Usage  Request Allocated 
	   Cpus                 :     0.98        1         1 
	   Disk (KB)            :     1           1    128913 
	   Memory (MB)          :   179        3900      3968 

	Job terminated of its own accord at 2023-06-12T08:02:59Z.
...
006 (310976.004.000) 2023-06-12 17:03:01 Image size of job updated: 614280
	172  -  MemoryUsage of job (MB)
	175452  -  ResidentSetSize of job (KB)
...
005 (310976.004.000) 2023-06-12 17:03:01 Job terminated.
	(1) Normal termination (return value 0)
		Usr 0 00:00:32, Sys 0 00:00:01  -  Run Remote Usage
		Usr 0 00:00:00, Sys 0 00:00:00  -  Run Local Usage
		Usr 0 00:00:32, Sys 0 00:00:01  -  Total Remote Usage
		Usr 0 00:00:00, Sys 0 00:00:00  -  Total Local Usage
	0  -  Run Bytes Sent By Job
	0  -  Run Bytes Received By Job
	0  -  Total Bytes Sent By Job
	0  -  Total Bytes Received By Job
	Partitionable Resources :    Usage  Request Allocated 
	   Cpus                 :                 1         1 
	   Disk (KB)            :        1        1    128928 
	   Memory (MB)          :      172     3900      3968 

	Job terminated of its own accord at 2023-06-12T08:03:01Z.
...
006 (310976.000.000) 2023-06-12 17:03:05 Image size of job updated: 612480
	112  -  MemoryUsage of job (MB)
	113708  -  ResidentSetSize of job (KB)
...
040 (310976.000.000) 2023-06-12 17:03:05 Started transferring output files
...
040 (310976.000.000) 2023-06-12 17:03:05 Finished transferring output files
...
005 (310976.000.000) 2023-06-12 17:03:05 Job terminated.
	(1) Normal termination (return value 0)
		Usr 0 00:00:52, Sys 0 00:00:03  -  Run Remote Usage
		Usr 0 00:00:00, Sys 0 00:00:00  -  Run Local Usage
		Usr 0 00:00:52, Sys 0 00:00:03  -  Total Remote Usage
		Usr 0 00:00:00, Sys 0 00:00:00  -  Total Local Usage
	10483  -  Run Bytes Sent By Job
	148  -  Run Bytes Received By Job
	10483  -  Total Bytes Sent By Job
	148  -  Total Bytes Received By Job
	Partitionable Resources :    Usage  Request Allocated 
	   Cpus                 :                 1         1 
	   Disk (KB)            :       55        1    127998 
	   Memory (MB)          :      112     3900      3968 

	Job terminated of its own accord at 2023-06-12T08:03:05Z.
...
