000 (311107.000.000) 2023-06-12 18:55:14 Job submitted from host: <172.30.1.200:9618?addrs=172.30.1.200-9618&alias=tamsa2.snu.ac.kr&noUDP&sock=schedd_3510_2582>
...
000 (311107.001.000) 2023-06-12 18:55:14 Job submitted from host: <172.30.1.200:9618?addrs=172.30.1.200-9618&alias=tamsa2.snu.ac.kr&noUDP&sock=schedd_3510_2582>
...
000 (311107.002.000) 2023-06-12 18:55:14 Job submitted from host: <172.30.1.200:9618?addrs=172.30.1.200-9618&alias=tamsa2.snu.ac.kr&noUDP&sock=schedd_3510_2582>
...
000 (311107.003.000) 2023-06-12 18:55:14 Job submitted from host: <172.30.1.200:9618?addrs=172.30.1.200-9618&alias=tamsa2.snu.ac.kr&noUDP&sock=schedd_3510_2582>
...
000 (311107.004.000) 2023-06-12 18:55:14 Job submitted from host: <172.30.1.200:9618?addrs=172.30.1.200-9618&alias=tamsa2.snu.ac.kr&noUDP&sock=schedd_3510_2582>
...
000 (311107.005.000) 2023-06-12 18:55:14 Job submitted from host: <172.30.1.200:9618?addrs=172.30.1.200-9618&alias=tamsa2.snu.ac.kr&noUDP&sock=schedd_3510_2582>
...
000 (311107.006.000) 2023-06-12 18:55:14 Job submitted from host: <172.30.1.200:9618?addrs=172.30.1.200-9618&alias=tamsa2.snu.ac.kr&noUDP&sock=schedd_3510_2582>
...
000 (311107.007.000) 2023-06-12 18:55:14 Job submitted from host: <172.30.1.200:9618?addrs=172.30.1.200-9618&alias=tamsa2.snu.ac.kr&noUDP&sock=schedd_3510_2582>
...
000 (311107.008.000) 2023-06-12 18:55:14 Job submitted from host: <172.30.1.200:9618?addrs=172.30.1.200-9618&alias=tamsa2.snu.ac.kr&noUDP&sock=schedd_3510_2582>
...
000 (311107.009.000) 2023-06-12 18:55:14 Job submitted from host: <172.30.1.200:9618?addrs=172.30.1.200-9618&alias=tamsa2.snu.ac.kr&noUDP&sock=schedd_3510_2582>
...
040 (311107.000.000) 2023-06-12 18:59:19 Started transferring input files
	Transferring to host: <172.30.1.109:9618?addrs=172.30.1.109-9618&alias=n9&noUDP&sock=slot1_5_4265_d407_23240>
...
040 (311107.006.000) 2023-06-12 18:59:19 Started transferring input files
	Transferring to host: <172.30.1.107:9618?addrs=172.30.1.107-9618&alias=n7&noUDP&sock=slot1_1_4258_e566_16752>
...
040 (311107.001.000) 2023-06-12 18:59:19 Started transferring input files
	Transferring to host: <172.30.1.109:9618?addrs=172.30.1.109-9618&alias=n9&noUDP&sock=slot1_6_4265_d407_23241>
...
040 (311107.007.000) 2023-06-12 18:59:19 Started transferring input files
	Transferring to host: <172.30.1.107:9618?addrs=172.30.1.107-9618&alias=n7&noUDP&sock=slot1_16_4258_e566_16753>
...
040 (311107.002.000) 2023-06-12 18:59:19 Started transferring input files
	Transferring to host: <172.30.1.109:9618?addrs=172.30.1.109-9618&alias=n9&noUDP&sock=slot1_8_4265_d407_23242>
...
040 (311107.000.000) 2023-06-12 18:59:21 Finished transferring input files
...
040 (311107.003.000) 2023-06-12 18:59:19 Started transferring input files
	Transferring to host: <172.30.1.109:9618?addrs=172.30.1.109-9618&alias=n9&noUDP&sock=slot1_11_4265_d407_23243>
...
040 (311107.001.000) 2023-06-12 18:59:21 Finished transferring input files
...
040 (311107.007.000) 2023-06-12 18:59:21 Finished transferring input files
...
040 (311107.006.000) 2023-06-12 18:59:21 Finished transferring input files
...
040 (311107.002.000) 2023-06-12 18:59:21 Finished transferring input files
...
040 (311107.003.000) 2023-06-12 18:59:21 Finished transferring input files
...
040 (311107.004.000) 2023-06-12 18:59:21 Started transferring input files
	Transferring to host: <172.30.1.109:9618?addrs=172.30.1.109-9618&alias=n9&noUDP&sock=slot1_12_4265_d407_23244>
...
040 (311107.004.000) 2023-06-12 18:59:21 Finished transferring input files
...
040 (311107.009.000) 2023-06-12 18:59:21 Started transferring input files
	Transferring to host: <172.30.1.107:9618?addrs=172.30.1.107-9618&alias=n7&noUDP&sock=slot1_28_4258_e566_16756>
...
040 (311107.009.000) 2023-06-12 18:59:21 Finished transferring input files
...
040 (311107.005.000) 2023-06-12 18:59:21 Started transferring input files
	Transferring to host: <172.30.1.109:9618?addrs=172.30.1.109-9618&alias=n9&noUDP&sock=slot1_23_4265_d407_23245>
...
040 (311107.005.000) 2023-06-12 18:59:21 Finished transferring input files
...
040 (311107.008.000) 2023-06-12 18:59:21 Started transferring input files
	Transferring to host: <172.30.1.107:9618?addrs=172.30.1.107-9618&alias=n7&noUDP&sock=slot1_17_4258_e566_16757>
...
040 (311107.008.000) 2023-06-12 18:59:21 Finished transferring input files
...
001 (311107.003.000) 2023-06-12 18:59:21 Job executing on host: <172.30.1.109:9618?addrs=172.30.1.109-9618&alias=n9&noUDP&sock=startd_4231_b14b>
...
001 (311107.000.000) 2023-06-12 18:59:21 Job executing on host: <172.30.1.109:9618?addrs=172.30.1.109-9618&alias=n9&noUDP&sock=startd_4231_b14b>
...
001 (311107.002.000) 2023-06-12 18:59:21 Job executing on host: <172.30.1.109:9618?addrs=172.30.1.109-9618&alias=n9&noUDP&sock=startd_4231_b14b>
...
001 (311107.006.000) 2023-06-12 18:59:21 Job executing on host: <172.30.1.107:9618?addrs=172.30.1.107-9618&alias=n7&noUDP&sock=startd_4224_e421>
...
001 (311107.001.000) 2023-06-12 18:59:21 Job executing on host: <172.30.1.109:9618?addrs=172.30.1.109-9618&alias=n9&noUDP&sock=startd_4231_b14b>
...
001 (311107.007.000) 2023-06-12 18:59:21 Job executing on host: <172.30.1.107:9618?addrs=172.30.1.107-9618&alias=n7&noUDP&sock=startd_4224_e421>
...
001 (311107.004.000) 2023-06-12 18:59:22 Job executing on host: <172.30.1.109:9618?addrs=172.30.1.109-9618&alias=n9&noUDP&sock=startd_4231_b14b>
...
001 (311107.009.000) 2023-06-12 18:59:22 Job executing on host: <172.30.1.107:9618?addrs=172.30.1.107-9618&alias=n7&noUDP&sock=startd_4224_e421>
...
001 (311107.005.000) 2023-06-12 18:59:22 Job executing on host: <172.30.1.109:9618?addrs=172.30.1.109-9618&alias=n9&noUDP&sock=startd_4231_b14b>
...
001 (311107.008.000) 2023-06-12 18:59:22 Job executing on host: <172.30.1.107:9618?addrs=172.30.1.107-9618&alias=n7&noUDP&sock=startd_4224_e421>
...
006 (311107.006.000) 2023-06-12 18:59:30 Image size of job updated: 225464
	202  -  MemoryUsage of job (MB)
	206504  -  ResidentSetSize of job (KB)
...
006 (311107.007.000) 2023-06-12 18:59:30 Image size of job updated: 225464
	199  -  MemoryUsage of job (MB)
	203152  -  ResidentSetSize of job (KB)
...
006 (311107.000.000) 2023-06-12 18:59:30 Image size of job updated: 686556
	205  -  MemoryUsage of job (MB)
	209776  -  ResidentSetSize of job (KB)
...
006 (311107.001.000) 2023-06-12 18:59:30 Image size of job updated: 647052
	184  -  MemoryUsage of job (MB)
	188028  -  ResidentSetSize of job (KB)
...
006 (311107.002.000) 2023-06-12 18:59:30 Image size of job updated: 686572
	205  -  MemoryUsage of job (MB)
	209792  -  ResidentSetSize of job (KB)
...
006 (311107.003.000) 2023-06-12 18:59:30 Image size of job updated: 647056
	184  -  MemoryUsage of job (MB)
	188060  -  ResidentSetSize of job (KB)
...
006 (311107.004.000) 2023-06-12 18:59:31 Image size of job updated: 647048
	188  -  MemoryUsage of job (MB)
	192016  -  ResidentSetSize of job (KB)
...
006 (311107.009.000) 2023-06-12 18:59:31 Image size of job updated: 211356
	207  -  MemoryUsage of job (MB)
	211356  -  ResidentSetSize of job (KB)
...
006 (311107.005.000) 2023-06-12 18:59:31 Image size of job updated: 661408
	207  -  MemoryUsage of job (MB)
	211120  -  ResidentSetSize of job (KB)
...
006 (311107.008.000) 2023-06-12 18:59:31 Image size of job updated: 209804
	205  -  MemoryUsage of job (MB)
	209804  -  ResidentSetSize of job (KB)
...
006 (311107.009.000) 2023-06-12 18:59:48 Image size of job updated: 686512
	207  -  MemoryUsage of job (MB)
	211356  -  ResidentSetSize of job (KB)
...
040 (311107.009.000) 2023-06-12 18:59:48 Started transferring output files
...
040 (311107.009.000) 2023-06-12 18:59:48 Finished transferring output files
...
005 (311107.009.000) 2023-06-12 18:59:48 Job terminated.
	(1) Normal termination (return value 0)
		Usr 0 00:00:22, Sys 0 00:00:01  -  Run Remote Usage
		Usr 0 00:00:00, Sys 0 00:00:00  -  Run Local Usage
		Usr 0 00:00:22, Sys 0 00:00:01  -  Total Remote Usage
		Usr 0 00:00:00, Sys 0 00:00:00  -  Total Local Usage
	7474  -  Run Bytes Sent By Job
	149  -  Run Bytes Received By Job
	7474  -  Total Bytes Sent By Job
	149  -  Total Bytes Received By Job
	Partitionable Resources :    Usage  Request Allocated 
	   Cpus                 :                 1         1 
	   Disk (KB)            :       52        1    127899 
	   Memory (MB)          :      207     3900      3968 

	Job terminated of its own accord at 2023-06-12T09:59:48Z.
...
006 (311107.008.000) 2023-06-12 18:59:52 Image size of job updated: 695808
	205  -  MemoryUsage of job (MB)
	209804  -  ResidentSetSize of job (KB)
...
040 (311107.008.000) 2023-06-12 18:59:52 Started transferring output files
...
040 (311107.008.000) 2023-06-12 18:59:53 Finished transferring output files
...
005 (311107.008.000) 2023-06-12 18:59:53 Job terminated.
	(1) Normal termination (return value 0)
		Usr 0 00:00:23, Sys 0 00:00:01  -  Run Remote Usage
		Usr 0 00:00:00, Sys 0 00:00:00  -  Run Local Usage
		Usr 0 00:00:23, Sys 0 00:00:01  -  Total Remote Usage
		Usr 0 00:00:00, Sys 0 00:00:00  -  Total Local Usage
	7505  -  Run Bytes Sent By Job
	149  -  Run Bytes Received By Job
	7505  -  Total Bytes Sent By Job
	149  -  Total Bytes Received By Job
	Partitionable Resources :    Usage  Request Allocated 
	   Cpus                 :                 1         1 
	   Disk (KB)            :       52        1    127899 
	   Memory (MB)          :      205     3900      3968 

	Job terminated of its own accord at 2023-06-12T09:59:52Z.
...
006 (311107.002.000) 2023-06-12 18:59:56 Image size of job updated: 692060
	205  -  MemoryUsage of job (MB)
	209792  -  ResidentSetSize of job (KB)
...
040 (311107.002.000) 2023-06-12 18:59:56 Started transferring output files
...
040 (311107.002.000) 2023-06-12 18:59:56 Finished transferring output files
...
005 (311107.002.000) 2023-06-12 18:59:56 Job terminated.
	(1) Normal termination (return value 0)
		Usr 0 00:00:27, Sys 0 00:00:01  -  Run Remote Usage
		Usr 0 00:00:00, Sys 0 00:00:00  -  Run Local Usage
		Usr 0 00:00:27, Sys 0 00:00:01  -  Total Remote Usage
		Usr 0 00:00:00, Sys 0 00:00:00  -  Total Local Usage
	7494  -  Run Bytes Sent By Job
	149  -  Run Bytes Received By Job
	7494  -  Total Bytes Sent By Job
	149  -  Total Bytes Received By Job
	Partitionable Resources :    Usage  Request Allocated 
	   Cpus                 :                 1         1 
	   Disk (KB)            :       52        1    127899 
	   Memory (MB)          :      205     3900      3968 

	Job terminated of its own accord at 2023-06-12T09:59:56Z.
...
006 (311107.000.000) 2023-06-12 18:59:57 Image size of job updated: 692184
	205  -  MemoryUsage of job (MB)
	209776  -  ResidentSetSize of job (KB)
...
040 (311107.000.000) 2023-06-12 18:59:57 Started transferring output files
...
040 (311107.000.000) 2023-06-12 18:59:57 Finished transferring output files
...
005 (311107.000.000) 2023-06-12 18:59:57 Job terminated.
	(1) Normal termination (return value 0)
		Usr 0 00:00:30, Sys 0 00:00:01  -  Run Remote Usage
		Usr 0 00:00:00, Sys 0 00:00:00  -  Run Local Usage
		Usr 0 00:00:30, Sys 0 00:00:01  -  Total Remote Usage
		Usr 0 00:00:00, Sys 0 00:00:00  -  Total Local Usage
	7494  -  Run Bytes Sent By Job
	149  -  Run Bytes Received By Job
	7494  -  Total Bytes Sent By Job
	149  -  Total Bytes Received By Job
	Partitionable Resources :    Usage  Request Allocated 
	   Cpus                 :                 1         1 
	   Disk (KB)            :       52        1    127899 
	   Memory (MB)          :      205     3900      3968 

	Job terminated of its own accord at 2023-06-12T09:59:57Z.
...
006 (311107.005.000) 2023-06-12 18:59:58 Image size of job updated: 696904
	207  -  MemoryUsage of job (MB)
	211120  -  ResidentSetSize of job (KB)
...
040 (311107.005.000) 2023-06-12 18:59:58 Started transferring output files
...
040 (311107.005.000) 2023-06-12 18:59:58 Finished transferring output files
...
005 (311107.005.000) 2023-06-12 18:59:58 Job terminated.
	(1) Normal termination (return value 0)
		Usr 0 00:00:29, Sys 0 00:00:01  -  Run Remote Usage
		Usr 0 00:00:00, Sys 0 00:00:00  -  Run Local Usage
		Usr 0 00:00:29, Sys 0 00:00:01  -  Total Remote Usage
		Usr 0 00:00:00, Sys 0 00:00:00  -  Total Local Usage
	7567  -  Run Bytes Sent By Job
	149  -  Run Bytes Received By Job
	7567  -  Total Bytes Sent By Job
	149  -  Total Bytes Received By Job
	Partitionable Resources :    Usage  Request Allocated 
	   Cpus                 :                 1         1 
	   Disk (KB)            :       52        1    127899 
	   Memory (MB)          :      207     3900      3968 

	Job terminated of its own accord at 2023-06-12T09:59:58Z.
...
006 (311107.006.000) 2023-06-12 18:59:58 Image size of job updated: 691876
	202  -  MemoryUsage of job (MB)
	206552  -  ResidentSetSize of job (KB)
...
040 (311107.006.000) 2023-06-12 18:59:58 Started transferring output files
...
040 (311107.006.000) 2023-06-12 18:59:58 Finished transferring output files
...
005 (311107.006.000) 2023-06-12 18:59:58 Job terminated.
	(1) Normal termination (return value 0)
		Usr 0 00:00:30, Sys 0 00:00:02  -  Run Remote Usage
		Usr 0 00:00:00, Sys 0 00:00:00  -  Run Local Usage
		Usr 0 00:00:30, Sys 0 00:00:02  -  Total Remote Usage
		Usr 0 00:00:00, Sys 0 00:00:00  -  Total Local Usage
	7567  -  Run Bytes Sent By Job
	149  -  Run Bytes Received By Job
	7567  -  Total Bytes Sent By Job
	149  -  Total Bytes Received By Job
	Partitionable Resources :    Usage  Request Allocated 
	   Cpus                 :                 1         1 
	   Disk (KB)            :       52        1    127899 
	   Memory (MB)          :      202     3900      3968 

	Job terminated of its own accord at 2023-06-12T09:59:58Z.
...
006 (311107.007.000) 2023-06-12 19:00:03 Image size of job updated: 692136
	199  -  MemoryUsage of job (MB)
	203164  -  ResidentSetSize of job (KB)
...
040 (311107.007.000) 2023-06-12 19:00:03 Started transferring output files
...
040 (311107.007.000) 2023-06-12 19:00:03 Finished transferring output files
...
005 (311107.007.000) 2023-06-12 19:00:03 Job terminated.
	(1) Normal termination (return value 0)
		Usr 0 00:00:35, Sys 0 00:00:01  -  Run Remote Usage
		Usr 0 00:00:00, Sys 0 00:00:00  -  Run Local Usage
		Usr 0 00:00:35, Sys 0 00:00:01  -  Total Remote Usage
		Usr 0 00:00:00, Sys 0 00:00:00  -  Total Local Usage
	7505  -  Run Bytes Sent By Job
	149  -  Run Bytes Received By Job
	7505  -  Total Bytes Sent By Job
	149  -  Total Bytes Received By Job
	Partitionable Resources :    Usage  Request Allocated 
	   Cpus                 :                 1         1 
	   Disk (KB)            :       52        1    127899 
	   Memory (MB)          :      199     3900      3968 

	Job terminated of its own accord at 2023-06-12T10:00:03Z.
...
006 (311107.001.000) 2023-06-12 19:00:04 Image size of job updated: 692120
	184  -  MemoryUsage of job (MB)
	188028  -  ResidentSetSize of job (KB)
...
040 (311107.001.000) 2023-06-12 19:00:04 Started transferring output files
...
040 (311107.001.000) 2023-06-12 19:00:04 Finished transferring output files
...
005 (311107.001.000) 2023-06-12 19:00:04 Job terminated.
	(1) Normal termination (return value 0)
		Usr 0 00:00:38, Sys 0 00:00:01  -  Run Remote Usage
		Usr 0 00:00:00, Sys 0 00:00:00  -  Run Local Usage
		Usr 0 00:00:38, Sys 0 00:00:01  -  Total Remote Usage
		Usr 0 00:00:00, Sys 0 00:00:00  -  Total Local Usage
	7618  -  Run Bytes Sent By Job
	149  -  Run Bytes Received By Job
	7618  -  Total Bytes Sent By Job
	149  -  Total Bytes Received By Job
	Partitionable Resources :    Usage  Request Allocated 
	   Cpus                 :                 1         1 
	   Disk (KB)            :       52        1    127899 
	   Memory (MB)          :      184     3900      3968 

	Job terminated of its own accord at 2023-06-12T10:00:04Z.
...
006 (311107.003.000) 2023-06-12 19:00:06 Image size of job updated: 695128
	184  -  MemoryUsage of job (MB)
	188060  -  ResidentSetSize of job (KB)
...
040 (311107.003.000) 2023-06-12 19:00:06 Started transferring output files
...
040 (311107.003.000) 2023-06-12 19:00:06 Finished transferring output files
...
005 (311107.003.000) 2023-06-12 19:00:06 Job terminated.
	(1) Normal termination (return value 0)
		Usr 0 00:00:38, Sys 0 00:00:01  -  Run Remote Usage
		Usr 0 00:00:00, Sys 0 00:00:00  -  Run Local Usage
		Usr 0 00:00:38, Sys 0 00:00:01  -  Total Remote Usage
		Usr 0 00:00:00, Sys 0 00:00:00  -  Total Local Usage
	7739  -  Run Bytes Sent By Job
	149  -  Run Bytes Received By Job
	7739  -  Total Bytes Sent By Job
	149  -  Total Bytes Received By Job
	Partitionable Resources :    Usage  Request Allocated 
	   Cpus                 :                 1         1 
	   Disk (KB)            :       52        1    127899 
	   Memory (MB)          :      184     3900      3968 

	Job terminated of its own accord at 2023-06-12T10:00:06Z.
...
006 (311107.004.000) 2023-06-12 19:00:14 Image size of job updated: 691808
	188  -  MemoryUsage of job (MB)
	192096  -  ResidentSetSize of job (KB)
...
040 (311107.004.000) 2023-06-12 19:00:14 Started transferring output files
...
040 (311107.004.000) 2023-06-12 19:00:14 Finished transferring output files
...
005 (311107.004.000) 2023-06-12 19:00:14 Job terminated.
	(1) Normal termination (return value 0)
		Usr 0 00:00:48, Sys 0 00:00:01  -  Run Remote Usage
		Usr 0 00:00:00, Sys 0 00:00:00  -  Run Local Usage
		Usr 0 00:00:48, Sys 0 00:00:01  -  Total Remote Usage
		Usr 0 00:00:00, Sys 0 00:00:00  -  Total Local Usage
	7701  -  Run Bytes Sent By Job
	149  -  Run Bytes Received By Job
	7701  -  Total Bytes Sent By Job
	149  -  Total Bytes Received By Job
	Partitionable Resources :    Usage  Request Allocated 
	   Cpus                 :                 1         1 
	   Disk (KB)            :       52        1    127899 
	   Memory (MB)          :      188     3900      3968 

	Job terminated of its own accord at 2023-06-12T10:00:14Z.
...
