000 (330215.000.000) 2023-07-25 13:01:07 Job submitted from host: <172.30.1.200:9618?addrs=172.30.1.200-9618&alias=tamsa2.snu.ac.kr&noUDP&sock=schedd_3510_2582>
...
000 (330215.001.000) 2023-07-25 13:01:07 Job submitted from host: <172.30.1.200:9618?addrs=172.30.1.200-9618&alias=tamsa2.snu.ac.kr&noUDP&sock=schedd_3510_2582>
...
000 (330215.002.000) 2023-07-25 13:01:07 Job submitted from host: <172.30.1.200:9618?addrs=172.30.1.200-9618&alias=tamsa2.snu.ac.kr&noUDP&sock=schedd_3510_2582>
...
000 (330215.003.000) 2023-07-25 13:01:07 Job submitted from host: <172.30.1.200:9618?addrs=172.30.1.200-9618&alias=tamsa2.snu.ac.kr&noUDP&sock=schedd_3510_2582>
...
000 (330215.004.000) 2023-07-25 13:01:07 Job submitted from host: <172.30.1.200:9618?addrs=172.30.1.200-9618&alias=tamsa2.snu.ac.kr&noUDP&sock=schedd_3510_2582>
...
000 (330215.005.000) 2023-07-25 13:01:07 Job submitted from host: <172.30.1.200:9618?addrs=172.30.1.200-9618&alias=tamsa2.snu.ac.kr&noUDP&sock=schedd_3510_2582>
...
000 (330215.006.000) 2023-07-25 13:01:07 Job submitted from host: <172.30.1.200:9618?addrs=172.30.1.200-9618&alias=tamsa2.snu.ac.kr&noUDP&sock=schedd_3510_2582>
...
000 (330215.007.000) 2023-07-25 13:01:07 Job submitted from host: <172.30.1.200:9618?addrs=172.30.1.200-9618&alias=tamsa2.snu.ac.kr&noUDP&sock=schedd_3510_2582>
...
000 (330215.008.000) 2023-07-25 13:01:07 Job submitted from host: <172.30.1.200:9618?addrs=172.30.1.200-9618&alias=tamsa2.snu.ac.kr&noUDP&sock=schedd_3510_2582>
...
000 (330215.009.000) 2023-07-25 13:01:07 Job submitted from host: <172.30.1.200:9618?addrs=172.30.1.200-9618&alias=tamsa2.snu.ac.kr&noUDP&sock=schedd_3510_2582>
...
001 (330215.000.000) 2023-07-25 13:01:17 Job executing on host: <172.30.1.204:9618?addrs=172.30.1.204-9618&alias=node4&noUDP&sock=startd_3843_8e8c>
...
001 (330215.001.000) 2023-07-25 13:01:17 Job executing on host: <172.30.1.204:9618?addrs=172.30.1.204-9618&alias=node4&noUDP&sock=startd_3843_8e8c>
...
001 (330215.002.000) 2023-07-25 13:01:17 Job executing on host: <172.30.1.204:9618?addrs=172.30.1.204-9618&alias=node4&noUDP&sock=startd_3843_8e8c>
...
001 (330215.003.000) 2023-07-25 13:01:17 Job executing on host: <172.30.1.204:9618?addrs=172.30.1.204-9618&alias=node4&noUDP&sock=startd_3843_8e8c>
...
001 (330215.004.000) 2023-07-25 13:01:17 Job executing on host: <172.30.1.204:9618?addrs=172.30.1.204-9618&alias=node4&noUDP&sock=startd_3843_8e8c>
...
001 (330215.005.000) 2023-07-25 13:01:17 Job executing on host: <172.30.1.204:9618?addrs=172.30.1.204-9618&alias=node4&noUDP&sock=startd_3843_8e8c>
...
001 (330215.006.000) 2023-07-25 13:01:17 Job executing on host: <172.30.1.204:9618?addrs=172.30.1.204-9618&alias=node4&noUDP&sock=startd_3843_8e8c>
...
001 (330215.007.000) 2023-07-25 13:01:18 Job executing on host: <172.30.1.204:9618?addrs=172.30.1.204-9618&alias=node4&noUDP&sock=startd_3843_8e8c>
...
001 (330215.008.000) 2023-07-25 13:01:18 Job executing on host: <172.30.1.204:9618?addrs=172.30.1.204-9618&alias=node4&noUDP&sock=startd_3843_8e8c>
...
001 (330215.009.000) 2023-07-25 13:01:18 Job executing on host: <172.30.1.204:9618?addrs=172.30.1.204-9618&alias=node4&noUDP&sock=startd_3843_8e8c>
...
006 (330215.006.000) 2023-07-25 13:01:26 Image size of job updated: 57336
	55  -  MemoryUsage of job (MB)
	56140  -  ResidentSetSize of job (KB)
...
006 (330215.007.000) 2023-07-25 13:01:26 Image size of job updated: 58092
	55  -  MemoryUsage of job (MB)
	56188  -  ResidentSetSize of job (KB)
...
006 (330215.008.000) 2023-07-25 13:01:26 Image size of job updated: 58184
	55  -  MemoryUsage of job (MB)
	56208  -  ResidentSetSize of job (KB)
...
006 (330215.009.000) 2023-07-25 13:01:26 Image size of job updated: 60220
	57  -  MemoryUsage of job (MB)
	57956  -  ResidentSetSize of job (KB)
...
006 (330215.000.000) 2023-07-25 13:01:26 Image size of job updated: 63156
	61  -  MemoryUsage of job (MB)
	61820  -  ResidentSetSize of job (KB)
...
006 (330215.001.000) 2023-07-25 13:01:26 Image size of job updated: 63232
	61  -  MemoryUsage of job (MB)
	61852  -  ResidentSetSize of job (KB)
...
006 (330215.002.000) 2023-07-25 13:01:26 Image size of job updated: 64500
	62  -  MemoryUsage of job (MB)
	63232  -  ResidentSetSize of job (KB)
...
006 (330215.003.000) 2023-07-25 13:01:26 Image size of job updated: 66424
	62  -  MemoryUsage of job (MB)
	63232  -  ResidentSetSize of job (KB)
...
006 (330215.004.000) 2023-07-25 13:01:26 Image size of job updated: 66720
	63  -  MemoryUsage of job (MB)
	64392  -  ResidentSetSize of job (KB)
...
006 (330215.005.000) 2023-07-25 13:01:26 Image size of job updated: 67520
	64  -  MemoryUsage of job (MB)
	65120  -  ResidentSetSize of job (KB)
...
006 (330215.007.000) 2023-07-25 13:01:50 Image size of job updated: 687304
	55  -  MemoryUsage of job (MB)
	56188  -  ResidentSetSize of job (KB)
...
005 (330215.007.000) 2023-07-25 13:01:50 Job terminated.
	(1) Normal termination (return value 0)
		Usr 0 00:00:22, Sys 0 00:00:01  -  Run Remote Usage
		Usr 0 00:00:00, Sys 0 00:00:00  -  Run Local Usage
		Usr 0 00:00:22, Sys 0 00:00:01  -  Total Remote Usage
		Usr 0 00:00:00, Sys 0 00:00:00  -  Total Local Usage
	0  -  Run Bytes Sent By Job
	0  -  Run Bytes Received By Job
	0  -  Total Bytes Sent By Job
	0  -  Total Bytes Received By Job
	Partitionable Resources :    Usage  Request Allocated 
	   Cpus                 :                 1         1 
	   Disk (KB)            :        1        1    128928 
	   Memory (MB)          :       55     3900      3968 

	Job terminated of its own accord at 2023-07-25T04:01:50Z.
...
006 (330215.009.000) 2023-07-25 13:01:53 Image size of job updated: 687372
	57  -  MemoryUsage of job (MB)
	57960  -  ResidentSetSize of job (KB)
...
005 (330215.009.000) 2023-07-25 13:01:53 Job terminated.
	(1) Normal termination (return value 0)
		Usr 0 00:00:24, Sys 0 00:00:01  -  Run Remote Usage
		Usr 0 00:00:00, Sys 0 00:00:00  -  Run Local Usage
		Usr 0 00:00:24, Sys 0 00:00:01  -  Total Remote Usage
		Usr 0 00:00:00, Sys 0 00:00:00  -  Total Local Usage
	0  -  Run Bytes Sent By Job
	0  -  Run Bytes Received By Job
	0  -  Total Bytes Sent By Job
	0  -  Total Bytes Received By Job
	Partitionable Resources :    Usage  Request Allocated 
	   Cpus                 :                 1         1 
	   Disk (KB)            :        1        1    128928 
	   Memory (MB)          :       57     3900      3968 

	Job terminated of its own accord at 2023-07-25T04:01:53Z.
...
006 (330215.003.000) 2023-07-25 13:01:54 Image size of job updated: 687260
	62  -  MemoryUsage of job (MB)
	63244  -  ResidentSetSize of job (KB)
...
005 (330215.003.000) 2023-07-25 13:01:54 Job terminated.
	(1) Normal termination (return value 0)
		Usr 0 00:00:25, Sys 0 00:00:01  -  Run Remote Usage
		Usr 0 00:00:00, Sys 0 00:00:00  -  Run Local Usage
		Usr 0 00:00:25, Sys 0 00:00:01  -  Total Remote Usage
		Usr 0 00:00:00, Sys 0 00:00:00  -  Total Local Usage
	0  -  Run Bytes Sent By Job
	0  -  Run Bytes Received By Job
	0  -  Total Bytes Sent By Job
	0  -  Total Bytes Received By Job
	Partitionable Resources :    Usage  Request Allocated 
	   Cpus                 :                 1         1 
	   Disk (KB)            :        1        1    128928 
	   Memory (MB)          :       62     3900      3968 

	Job terminated of its own accord at 2023-07-25T04:01:54Z.
...
006 (330215.001.000) 2023-07-25 13:01:55 Image size of job updated: 687696
	61  -  MemoryUsage of job (MB)
	61852  -  ResidentSetSize of job (KB)
...
005 (330215.001.000) 2023-07-25 13:01:55 Job terminated.
	(1) Normal termination (return value 0)
		Usr 0 00:00:27, Sys 0 00:00:01  -  Run Remote Usage
		Usr 0 00:00:00, Sys 0 00:00:00  -  Run Local Usage
		Usr 0 00:00:27, Sys 0 00:00:01  -  Total Remote Usage
		Usr 0 00:00:00, Sys 0 00:00:00  -  Total Local Usage
	0  -  Run Bytes Sent By Job
	0  -  Run Bytes Received By Job
	0  -  Total Bytes Sent By Job
	0  -  Total Bytes Received By Job
	Partitionable Resources :    Usage  Request Allocated 
	   Cpus                 :                 1         1 
	   Disk (KB)            :        1        1    128928 
	   Memory (MB)          :       61     3900      3968 

	Job terminated of its own accord at 2023-07-25T04:01:55Z.
...
006 (330215.004.000) 2023-07-25 13:01:57 Image size of job updated: 687640
	63  -  MemoryUsage of job (MB)
	64440  -  ResidentSetSize of job (KB)
...
006 (330215.002.000) 2023-07-25 13:01:57 Image size of job updated: 687268
	62  -  MemoryUsage of job (MB)
	63232  -  ResidentSetSize of job (KB)
...
005 (330215.004.000) 2023-07-25 13:01:57 Job terminated.
	(1) Normal termination (return value 0)
		Usr 0 00:00:28, Sys 0 00:00:01  -  Run Remote Usage
		Usr 0 00:00:00, Sys 0 00:00:00  -  Run Local Usage
		Usr 0 00:00:28, Sys 0 00:00:01  -  Total Remote Usage
		Usr 0 00:00:00, Sys 0 00:00:00  -  Total Local Usage
	0  -  Run Bytes Sent By Job
	0  -  Run Bytes Received By Job
	0  -  Total Bytes Sent By Job
	0  -  Total Bytes Received By Job
	Partitionable Resources :    Usage  Request Allocated 
	   Cpus                 :                 1         1 
	   Disk (KB)            :        1        1    128928 
	   Memory (MB)          :       63     3900      3968 

	Job terminated of its own accord at 2023-07-25T04:01:57Z.
...
005 (330215.002.000) 2023-07-25 13:01:57 Job terminated.
	(1) Normal termination (return value 0)
		Usr 0 00:00:28, Sys 0 00:00:01  -  Run Remote Usage
		Usr 0 00:00:00, Sys 0 00:00:00  -  Run Local Usage
		Usr 0 00:00:28, Sys 0 00:00:01  -  Total Remote Usage
		Usr 0 00:00:00, Sys 0 00:00:00  -  Total Local Usage
	0  -  Run Bytes Sent By Job
	0  -  Run Bytes Received By Job
	0  -  Total Bytes Sent By Job
	0  -  Total Bytes Received By Job
	Partitionable Resources :    Usage  Request Allocated 
	   Cpus                 :                 1         1 
	   Disk (KB)            :        1        1    128928 
	   Memory (MB)          :       62     3900      3968 

	Job terminated of its own accord at 2023-07-25T04:01:57Z.
...
006 (330215.000.000) 2023-07-25 13:01:57 Image size of job updated: 688524
	61  -  MemoryUsage of job (MB)
	61820  -  ResidentSetSize of job (KB)
...
005 (330215.000.000) 2023-07-25 13:01:57 Job terminated.
	(1) Normal termination (return value 0)
		Usr 0 00:00:29, Sys 0 00:00:01  -  Run Remote Usage
		Usr 0 00:00:00, Sys 0 00:00:00  -  Run Local Usage
		Usr 0 00:00:29, Sys 0 00:00:01  -  Total Remote Usage
		Usr 0 00:00:00, Sys 0 00:00:00  -  Total Local Usage
	0  -  Run Bytes Sent By Job
	0  -  Run Bytes Received By Job
	0  -  Total Bytes Sent By Job
	0  -  Total Bytes Received By Job
	Partitionable Resources :    Usage  Request Allocated 
	   Cpus                 :                 1         1 
	   Disk (KB)            :        1        1    128928 
	   Memory (MB)          :       61     3900      3968 

	Job terminated of its own accord at 2023-07-25T04:01:57Z.
...
006 (330215.006.000) 2023-07-25 13:01:58 Image size of job updated: 687756
	55  -  MemoryUsage of job (MB)
	56176  -  ResidentSetSize of job (KB)
...
005 (330215.006.000) 2023-07-25 13:01:58 Job terminated.
	(1) Normal termination (return value 0)
		Usr 0 00:00:29, Sys 0 00:00:01  -  Run Remote Usage
		Usr 0 00:00:00, Sys 0 00:00:00  -  Run Local Usage
		Usr 0 00:00:29, Sys 0 00:00:01  -  Total Remote Usage
		Usr 0 00:00:00, Sys 0 00:00:00  -  Total Local Usage
	0  -  Run Bytes Sent By Job
	0  -  Run Bytes Received By Job
	0  -  Total Bytes Sent By Job
	0  -  Total Bytes Received By Job
	Partitionable Resources :    Usage  Request Allocated 
	   Cpus                 :                 1         1 
	   Disk (KB)            :        1        1    128928 
	   Memory (MB)          :       55     3900      3968 

	Job terminated of its own accord at 2023-07-25T04:01:58Z.
...
006 (330215.005.000) 2023-07-25 13:01:58 Image size of job updated: 687680
	64  -  MemoryUsage of job (MB)
	65120  -  ResidentSetSize of job (KB)
...
005 (330215.005.000) 2023-07-25 13:01:58 Job terminated.
	(1) Normal termination (return value 0)
		Usr 0 00:00:29, Sys 0 00:00:01  -  Run Remote Usage
		Usr 0 00:00:00, Sys 0 00:00:00  -  Run Local Usage
		Usr 0 00:00:29, Sys 0 00:00:01  -  Total Remote Usage
		Usr 0 00:00:00, Sys 0 00:00:00  -  Total Local Usage
	0  -  Run Bytes Sent By Job
	0  -  Run Bytes Received By Job
	0  -  Total Bytes Sent By Job
	0  -  Total Bytes Received By Job
	Partitionable Resources :    Usage  Request Allocated 
	   Cpus                 :                 1         1 
	   Disk (KB)            :        1        1    128928 
	   Memory (MB)          :       64     3900      3968 

	Job terminated of its own accord at 2023-07-25T04:01:58Z.
...
006 (330215.008.000) 2023-07-25 13:01:59 Image size of job updated: 688508
	55  -  MemoryUsage of job (MB)
	56208  -  ResidentSetSize of job (KB)
...
005 (330215.008.000) 2023-07-25 13:01:59 Job terminated.
	(1) Normal termination (return value 0)
		Usr 0 00:00:30, Sys 0 00:00:01  -  Run Remote Usage
		Usr 0 00:00:00, Sys 0 00:00:00  -  Run Local Usage
		Usr 0 00:00:30, Sys 0 00:00:01  -  Total Remote Usage
		Usr 0 00:00:00, Sys 0 00:00:00  -  Total Local Usage
	0  -  Run Bytes Sent By Job
	0  -  Run Bytes Received By Job
	0  -  Total Bytes Sent By Job
	0  -  Total Bytes Received By Job
	Partitionable Resources :    Usage  Request Allocated 
	   Cpus                 :                 1         1 
	   Disk (KB)            :        1        1    128928 
	   Memory (MB)          :       55     3900      3968 

	Job terminated of its own accord at 2023-07-25T04:01:59Z.
...
