000 (311151.000.000) 2023-06-12 20:26:21 Job submitted from host: <172.30.1.200:9618?addrs=172.30.1.200-9618&alias=tamsa2.snu.ac.kr&noUDP&sock=schedd_3510_2582>
...
000 (311151.001.000) 2023-06-12 20:26:21 Job submitted from host: <172.30.1.200:9618?addrs=172.30.1.200-9618&alias=tamsa2.snu.ac.kr&noUDP&sock=schedd_3510_2582>
...
000 (311151.002.000) 2023-06-12 20:26:21 Job submitted from host: <172.30.1.200:9618?addrs=172.30.1.200-9618&alias=tamsa2.snu.ac.kr&noUDP&sock=schedd_3510_2582>
...
000 (311151.003.000) 2023-06-12 20:26:21 Job submitted from host: <172.30.1.200:9618?addrs=172.30.1.200-9618&alias=tamsa2.snu.ac.kr&noUDP&sock=schedd_3510_2582>
...
000 (311151.004.000) 2023-06-12 20:26:21 Job submitted from host: <172.30.1.200:9618?addrs=172.30.1.200-9618&alias=tamsa2.snu.ac.kr&noUDP&sock=schedd_3510_2582>
...
000 (311151.005.000) 2023-06-12 20:26:21 Job submitted from host: <172.30.1.200:9618?addrs=172.30.1.200-9618&alias=tamsa2.snu.ac.kr&noUDP&sock=schedd_3510_2582>
...
000 (311151.006.000) 2023-06-12 20:26:21 Job submitted from host: <172.30.1.200:9618?addrs=172.30.1.200-9618&alias=tamsa2.snu.ac.kr&noUDP&sock=schedd_3510_2582>
...
000 (311151.007.000) 2023-06-12 20:26:21 Job submitted from host: <172.30.1.200:9618?addrs=172.30.1.200-9618&alias=tamsa2.snu.ac.kr&noUDP&sock=schedd_3510_2582>
...
000 (311151.008.000) 2023-06-12 20:26:21 Job submitted from host: <172.30.1.200:9618?addrs=172.30.1.200-9618&alias=tamsa2.snu.ac.kr&noUDP&sock=schedd_3510_2582>
...
000 (311151.009.000) 2023-06-12 20:26:21 Job submitted from host: <172.30.1.200:9618?addrs=172.30.1.200-9618&alias=tamsa2.snu.ac.kr&noUDP&sock=schedd_3510_2582>
...
040 (311151.001.000) 2023-06-12 20:26:28 Started transferring input files
	Transferring to host: <172.30.1.102:9618?addrs=172.30.1.102-9618&alias=n2&noUDP&sock=slot1_54_3347_03a1_19107>
...
040 (311151.001.000) 2023-06-12 20:26:28 Finished transferring input files
...
040 (311151.000.000) 2023-06-12 20:26:28 Started transferring input files
	Transferring to host: <172.30.1.102:9618?addrs=172.30.1.102-9618&alias=n2&noUDP&sock=slot1_53_3347_03a1_19108>
...
040 (311151.000.000) 2023-06-12 20:26:28 Finished transferring input files
...
040 (311151.002.000) 2023-06-12 20:26:28 Started transferring input files
	Transferring to host: <172.30.1.102:9618?addrs=172.30.1.102-9618&alias=n2&noUDP&sock=slot1_55_3347_03a1_19109>
...
040 (311151.002.000) 2023-06-12 20:26:28 Finished transferring input files
...
040 (311151.003.000) 2023-06-12 20:26:28 Started transferring input files
	Transferring to host: <172.30.1.102:9618?addrs=172.30.1.102-9618&alias=n2&noUDP&sock=slot1_57_3347_03a1_19110>
...
040 (311151.003.000) 2023-06-12 20:26:28 Finished transferring input files
...
040 (311151.007.000) 2023-06-12 20:26:28 Started transferring input files
	Transferring to host: <172.30.1.101:9618?addrs=172.30.1.101-9618&alias=n1&noUDP&sock=slot1_50_3367_1b22_15239>
...
040 (311151.007.000) 2023-06-12 20:26:28 Finished transferring input files
...
040 (311151.004.000) 2023-06-12 20:26:28 Started transferring input files
	Transferring to host: <172.30.1.102:9618?addrs=172.30.1.102-9618&alias=n2&noUDP&sock=slot1_58_3347_03a1_19111>
...
040 (311151.004.000) 2023-06-12 20:26:28 Finished transferring input files
...
040 (311151.008.000) 2023-06-12 20:26:28 Started transferring input files
	Transferring to host: <172.30.1.101:9618?addrs=172.30.1.101-9618&alias=n1&noUDP&sock=slot1_51_3367_1b22_15240>
...
040 (311151.008.000) 2023-06-12 20:26:28 Finished transferring input files
...
040 (311151.005.000) 2023-06-12 20:26:28 Started transferring input files
	Transferring to host: <172.30.1.102:9618?addrs=172.30.1.102-9618&alias=n2&noUDP&sock=slot1_59_3347_03a1_19112>
...
040 (311151.005.000) 2023-06-12 20:26:28 Finished transferring input files
...
040 (311151.009.000) 2023-06-12 20:26:28 Started transferring input files
	Transferring to host: <172.30.1.101:9618?addrs=172.30.1.101-9618&alias=n1&noUDP&sock=slot1_52_3367_1b22_15241>
...
040 (311151.009.000) 2023-06-12 20:26:28 Finished transferring input files
...
040 (311151.006.000) 2023-06-12 20:26:28 Started transferring input files
	Transferring to host: <172.30.1.102:9618?addrs=172.30.1.102-9618&alias=n2&noUDP&sock=slot1_60_3347_03a1_19113>
...
040 (311151.006.000) 2023-06-12 20:26:28 Finished transferring input files
...
001 (311151.001.000) 2023-06-12 20:26:29 Job executing on host: <172.30.1.102:9618?addrs=172.30.1.102-9618&alias=n2&noUDP&sock=startd_3313_055a>
...
001 (311151.000.000) 2023-06-12 20:26:29 Job executing on host: <172.30.1.102:9618?addrs=172.30.1.102-9618&alias=n2&noUDP&sock=startd_3313_055a>
...
001 (311151.002.000) 2023-06-12 20:26:29 Job executing on host: <172.30.1.102:9618?addrs=172.30.1.102-9618&alias=n2&noUDP&sock=startd_3313_055a>
...
001 (311151.003.000) 2023-06-12 20:26:29 Job executing on host: <172.30.1.102:9618?addrs=172.30.1.102-9618&alias=n2&noUDP&sock=startd_3313_055a>
...
001 (311151.007.000) 2023-06-12 20:26:29 Job executing on host: <172.30.1.101:9618?addrs=172.30.1.101-9618&alias=n1&noUDP&sock=startd_3332_0da7>
...
001 (311151.004.000) 2023-06-12 20:26:29 Job executing on host: <172.30.1.102:9618?addrs=172.30.1.102-9618&alias=n2&noUDP&sock=startd_3313_055a>
...
001 (311151.008.000) 2023-06-12 20:26:29 Job executing on host: <172.30.1.101:9618?addrs=172.30.1.101-9618&alias=n1&noUDP&sock=startd_3332_0da7>
...
001 (311151.005.000) 2023-06-12 20:26:29 Job executing on host: <172.30.1.102:9618?addrs=172.30.1.102-9618&alias=n2&noUDP&sock=startd_3313_055a>
...
001 (311151.009.000) 2023-06-12 20:26:29 Job executing on host: <172.30.1.101:9618?addrs=172.30.1.101-9618&alias=n1&noUDP&sock=startd_3332_0da7>
...
001 (311151.006.000) 2023-06-12 20:26:29 Job executing on host: <172.30.1.102:9618?addrs=172.30.1.102-9618&alias=n2&noUDP&sock=startd_3313_055a>
...
006 (311151.001.000) 2023-06-12 20:26:37 Image size of job updated: 385952
	150  -  MemoryUsage of job (MB)
	153276  -  ResidentSetSize of job (KB)
...
006 (311151.007.000) 2023-06-12 20:26:38 Image size of job updated: 514000
	148  -  MemoryUsage of job (MB)
	151384  -  ResidentSetSize of job (KB)
...
006 (311151.008.000) 2023-06-12 20:26:38 Image size of job updated: 513292
	148  -  MemoryUsage of job (MB)
	150844  -  ResidentSetSize of job (KB)
...
006 (311151.006.000) 2023-06-12 20:26:38 Image size of job updated: 385948
	153  -  MemoryUsage of job (MB)
	156292  -  ResidentSetSize of job (KB)
...
006 (311151.009.000) 2023-06-12 20:26:38 Image size of job updated: 515992
	150  -  MemoryUsage of job (MB)
	153332  -  ResidentSetSize of job (KB)
...
006 (311151.000.000) 2023-06-12 20:26:38 Image size of job updated: 385844
	153  -  MemoryUsage of job (MB)
	156280  -  ResidentSetSize of job (KB)
...
006 (311151.002.000) 2023-06-12 20:26:38 Image size of job updated: 385840
	153  -  MemoryUsage of job (MB)
	156284  -  ResidentSetSize of job (KB)
...
006 (311151.003.000) 2023-06-12 20:26:38 Image size of job updated: 385848
	153  -  MemoryUsage of job (MB)
	156504  -  ResidentSetSize of job (KB)
...
006 (311151.004.000) 2023-06-12 20:26:38 Image size of job updated: 385844
	153  -  MemoryUsage of job (MB)
	156288  -  ResidentSetSize of job (KB)
...
006 (311151.005.000) 2023-06-12 20:26:38 Image size of job updated: 385948
	153  -  MemoryUsage of job (MB)
	156516  -  ResidentSetSize of job (KB)
...
006 (311151.000.000) 2023-06-12 20:27:17 Image size of job updated: 610292
	153  -  MemoryUsage of job (MB)
	156280  -  ResidentSetSize of job (KB)
...
040 (311151.000.000) 2023-06-12 20:27:18 Started transferring output files
...
040 (311151.000.000) 2023-06-12 20:27:18 Finished transferring output files
...
005 (311151.000.000) 2023-06-12 20:27:18 Job terminated.
	(1) Normal termination (return value 0)
		Usr 0 00:00:41, Sys 0 00:00:02  -  Run Remote Usage
		Usr 0 00:00:00, Sys 0 00:00:00  -  Run Local Usage
		Usr 0 00:00:41, Sys 0 00:00:02  -  Total Remote Usage
		Usr 0 00:00:00, Sys 0 00:00:00  -  Total Local Usage
	11795  -  Run Bytes Sent By Job
	147  -  Run Bytes Received By Job
	11795  -  Total Bytes Sent By Job
	147  -  Total Bytes Received By Job
	Partitionable Resources :    Usage  Request Allocated 
	   Cpus                 :                 1         1 
	   Disk (KB)            :       56        1    123869 
	   Memory (MB)          :      153     3900      3968 

	Job terminated of its own accord at 2023-06-12T11:27:17Z.
...
006 (311151.005.000) 2023-06-12 20:27:18 Image size of job updated: 615392
	153  -  MemoryUsage of job (MB)
	156516  -  ResidentSetSize of job (KB)
...
040 (311151.005.000) 2023-06-12 20:27:18 Started transferring output files
...
040 (311151.005.000) 2023-06-12 20:27:18 Finished transferring output files
...
005 (311151.005.000) 2023-06-12 20:27:18 Job terminated.
	(1) Normal termination (return value 0)
		Usr 0 00:00:41, Sys 0 00:00:03  -  Run Remote Usage
		Usr 0 00:00:00, Sys 0 00:00:00  -  Run Local Usage
		Usr 0 00:00:41, Sys 0 00:00:03  -  Total Remote Usage
		Usr 0 00:00:00, Sys 0 00:00:00  -  Total Local Usage
	12052  -  Run Bytes Sent By Job
	147  -  Run Bytes Received By Job
	12052  -  Total Bytes Sent By Job
	147  -  Total Bytes Received By Job
	Partitionable Resources :    Usage  Request Allocated 
	   Cpus                 :                 1         1 
	   Disk (KB)            :       57        1    123869 
	   Memory (MB)          :      153     3900      3968 

	Job terminated of its own accord at 2023-06-12T11:27:18Z.
...
006 (311151.003.000) 2023-06-12 20:27:19 Image size of job updated: 614216
	153  -  MemoryUsage of job (MB)
	156504  -  ResidentSetSize of job (KB)
...
040 (311151.003.000) 2023-06-12 20:27:19 Started transferring output files
...
040 (311151.003.000) 2023-06-12 20:27:19 Finished transferring output files
...
005 (311151.003.000) 2023-06-12 20:27:19 Job terminated.
	(1) Normal termination (return value 0)
		Usr 0 00:00:42, Sys 0 00:00:02  -  Run Remote Usage
		Usr 0 00:00:00, Sys 0 00:00:00  -  Run Local Usage
		Usr 0 00:00:42, Sys 0 00:00:02  -  Total Remote Usage
		Usr 0 00:00:00, Sys 0 00:00:00  -  Total Local Usage
	10652  -  Run Bytes Sent By Job
	147  -  Run Bytes Received By Job
	10652  -  Total Bytes Sent By Job
	147  -  Total Bytes Received By Job
	Partitionable Resources :    Usage  Request Allocated 
	   Cpus                 :                 1         1 
	   Disk (KB)            :       55        1    123869 
	   Memory (MB)          :      153     3900      3968 

	Job terminated of its own accord at 2023-06-12T11:27:19Z.
...
006 (311151.006.000) 2023-06-12 20:27:22 Image size of job updated: 614080
	153  -  MemoryUsage of job (MB)
	156292  -  ResidentSetSize of job (KB)
...
040 (311151.006.000) 2023-06-12 20:27:22 Started transferring output files
...
040 (311151.006.000) 2023-06-12 20:27:22 Finished transferring output files
...
005 (311151.006.000) 2023-06-12 20:27:22 Job terminated.
	(1) Normal termination (return value 0)
		Usr 0 00:00:45, Sys 0 00:00:02  -  Run Remote Usage
		Usr 0 00:00:00, Sys 0 00:00:00  -  Run Local Usage
		Usr 0 00:00:45, Sys 0 00:00:02  -  Total Remote Usage
		Usr 0 00:00:00, Sys 0 00:00:00  -  Total Local Usage
	10088  -  Run Bytes Sent By Job
	147  -  Run Bytes Received By Job
	10088  -  Total Bytes Sent By Job
	147  -  Total Bytes Received By Job
	Partitionable Resources :    Usage  Request Allocated 
	   Cpus                 :                 1         1 
	   Disk (KB)            :       55        1    123869 
	   Memory (MB)          :      153     3900      3968 

	Job terminated of its own accord at 2023-06-12T11:27:22Z.
...
006 (311151.004.000) 2023-06-12 20:27:24 Image size of job updated: 615444
	153  -  MemoryUsage of job (MB)
	156288  -  ResidentSetSize of job (KB)
...
040 (311151.004.000) 2023-06-12 20:27:24 Started transferring output files
...
040 (311151.004.000) 2023-06-12 20:27:24 Finished transferring output files
...
005 (311151.004.000) 2023-06-12 20:27:24 Job terminated.
	(1) Normal termination (return value 0)
		Usr 0 00:00:48, Sys 0 00:00:02  -  Run Remote Usage
		Usr 0 00:00:00, Sys 0 00:00:00  -  Run Local Usage
		Usr 0 00:00:48, Sys 0 00:00:02  -  Total Remote Usage
		Usr 0 00:00:00, Sys 0 00:00:00  -  Total Local Usage
	11882  -  Run Bytes Sent By Job
	147  -  Run Bytes Received By Job
	11882  -  Total Bytes Sent By Job
	147  -  Total Bytes Received By Job
	Partitionable Resources :    Usage  Request Allocated 
	   Cpus                 :                 1         1 
	   Disk (KB)            :       56        1    123869 
	   Memory (MB)          :      153     3900      3968 

	Job terminated of its own accord at 2023-06-12T11:27:24Z.
...
006 (311151.002.000) 2023-06-12 20:27:27 Image size of job updated: 614264
	153  -  MemoryUsage of job (MB)
	156284  -  ResidentSetSize of job (KB)
...
040 (311151.002.000) 2023-06-12 20:27:27 Started transferring output files
...
040 (311151.002.000) 2023-06-12 20:27:27 Finished transferring output files
...
005 (311151.002.000) 2023-06-12 20:27:27 Job terminated.
	(1) Normal termination (return value 0)
		Usr 0 00:00:50, Sys 0 00:00:03  -  Run Remote Usage
		Usr 0 00:00:00, Sys 0 00:00:00  -  Run Local Usage
		Usr 0 00:00:50, Sys 0 00:00:03  -  Total Remote Usage
		Usr 0 00:00:00, Sys 0 00:00:00  -  Total Local Usage
	11433  -  Run Bytes Sent By Job
	147  -  Run Bytes Received By Job
	11433  -  Total Bytes Sent By Job
	147  -  Total Bytes Received By Job
	Partitionable Resources :    Usage  Request Allocated 
	   Cpus                 :                 1         1 
	   Disk (KB)            :       56        1    123869 
	   Memory (MB)          :      153     3900      3968 

	Job terminated of its own accord at 2023-06-12T11:27:27Z.
...
006 (311151.001.000) 2023-06-12 20:27:27 Image size of job updated: 615500
	150  -  MemoryUsage of job (MB)
	153276  -  ResidentSetSize of job (KB)
...
040 (311151.001.000) 2023-06-12 20:27:27 Started transferring output files
...
040 (311151.001.000) 2023-06-12 20:27:27 Finished transferring output files
...
006 (311151.009.000) 2023-06-12 20:27:28 Image size of job updated: 615444
	150  -  MemoryUsage of job (MB)
	153336  -  ResidentSetSize of job (KB)
...
005 (311151.001.000) 2023-06-12 20:27:28 Job terminated.
	(1) Normal termination (return value 0)
		Usr 0 00:00:50, Sys 0 00:00:02  -  Run Remote Usage
		Usr 0 00:00:00, Sys 0 00:00:00  -  Run Local Usage
		Usr 0 00:00:50, Sys 0 00:00:02  -  Total Remote Usage
		Usr 0 00:00:00, Sys 0 00:00:00  -  Total Local Usage
	12252  -  Run Bytes Sent By Job
	147  -  Run Bytes Received By Job
	12252  -  Total Bytes Sent By Job
	147  -  Total Bytes Received By Job
	Partitionable Resources :    Usage  Request Allocated 
	   Cpus                 :                 1         1 
	   Disk (KB)            :       57        1    123869 
	   Memory (MB)          :      150     3900      3968 

	Job terminated of its own accord at 2023-06-12T11:27:27Z.
...
040 (311151.009.000) 2023-06-12 20:27:28 Started transferring output files
...
040 (311151.009.000) 2023-06-12 20:27:28 Finished transferring output files
...
005 (311151.009.000) 2023-06-12 20:27:28 Job terminated.
	(1) Normal termination (return value 0)
		Usr 0 00:00:51, Sys 0 00:00:03  -  Run Remote Usage
		Usr 0 00:00:00, Sys 0 00:00:00  -  Run Local Usage
		Usr 0 00:00:51, Sys 0 00:00:03  -  Total Remote Usage
		Usr 0 00:00:00, Sys 0 00:00:00  -  Total Local Usage
	10176  -  Run Bytes Sent By Job
	147  -  Run Bytes Received By Job
	10176  -  Total Bytes Sent By Job
	147  -  Total Bytes Received By Job
	Partitionable Resources :    Usage  Request Allocated 
	   Cpus                 :                 1         1 
	   Disk (KB)            :       55        1    127998 
	   Memory (MB)          :      150     3900      3968 

	Job terminated of its own accord at 2023-06-12T11:27:28Z.
...
006 (311151.007.000) 2023-06-12 20:27:29 Image size of job updated: 615368
	148  -  MemoryUsage of job (MB)
	151384  -  ResidentSetSize of job (KB)
...
040 (311151.007.000) 2023-06-12 20:27:29 Started transferring output files
...
040 (311151.007.000) 2023-06-12 20:27:29 Finished transferring output files
...
005 (311151.007.000) 2023-06-12 20:27:29 Job terminated.
	(1) Normal termination (return value 0)
		Usr 0 00:00:51, Sys 0 00:00:03  -  Run Remote Usage
		Usr 0 00:00:00, Sys 0 00:00:00  -  Run Local Usage
		Usr 0 00:00:51, Sys 0 00:00:03  -  Total Remote Usage
		Usr 0 00:00:00, Sys 0 00:00:00  -  Total Local Usage
	11446  -  Run Bytes Sent By Job
	147  -  Run Bytes Received By Job
	11446  -  Total Bytes Sent By Job
	147  -  Total Bytes Received By Job
	Partitionable Resources :    Usage  Request Allocated 
	   Cpus                 :                 1         1 
	   Disk (KB)            :       56        1    127998 
	   Memory (MB)          :      148     3900      3968 

	Job terminated of its own accord at 2023-06-12T11:27:29Z.
...
006 (311151.008.000) 2023-06-12 20:27:34 Image size of job updated: 614252
	148  -  MemoryUsage of job (MB)
	150856  -  ResidentSetSize of job (KB)
...
040 (311151.008.000) 2023-06-12 20:27:35 Started transferring output files
...
040 (311151.008.000) 2023-06-12 20:27:35 Finished transferring output files
...
005 (311151.008.000) 2023-06-12 20:27:35 Job terminated.
	(1) Normal termination (return value 0)
		Usr 0 00:00:57, Sys 0 00:00:03  -  Run Remote Usage
		Usr 0 00:00:00, Sys 0 00:00:00  -  Run Local Usage
		Usr 0 00:00:57, Sys 0 00:00:03  -  Total Remote Usage
		Usr 0 00:00:00, Sys 0 00:00:00  -  Total Local Usage
	10331  -  Run Bytes Sent By Job
	147  -  Run Bytes Received By Job
	10331  -  Total Bytes Sent By Job
	147  -  Total Bytes Received By Job
	Partitionable Resources :    Usage  Request Allocated 
	   Cpus                 :                 1         1 
	   Disk (KB)            :       55        1    127998 
	   Memory (MB)          :      148     3900      3968 

	Job terminated of its own accord at 2023-06-12T11:27:34Z.
...
