000 (311076.000.000) 2023-06-12 18:18:28 Job submitted from host: <172.30.1.200:9618?addrs=172.30.1.200-9618&alias=tamsa2.snu.ac.kr&noUDP&sock=schedd_3510_2582>
...
000 (311076.001.000) 2023-06-12 18:18:28 Job submitted from host: <172.30.1.200:9618?addrs=172.30.1.200-9618&alias=tamsa2.snu.ac.kr&noUDP&sock=schedd_3510_2582>
...
000 (311076.002.000) 2023-06-12 18:18:28 Job submitted from host: <172.30.1.200:9618?addrs=172.30.1.200-9618&alias=tamsa2.snu.ac.kr&noUDP&sock=schedd_3510_2582>
...
000 (311076.003.000) 2023-06-12 18:18:28 Job submitted from host: <172.30.1.200:9618?addrs=172.30.1.200-9618&alias=tamsa2.snu.ac.kr&noUDP&sock=schedd_3510_2582>
...
000 (311076.004.000) 2023-06-12 18:18:28 Job submitted from host: <172.30.1.200:9618?addrs=172.30.1.200-9618&alias=tamsa2.snu.ac.kr&noUDP&sock=schedd_3510_2582>
...
000 (311076.005.000) 2023-06-12 18:18:28 Job submitted from host: <172.30.1.200:9618?addrs=172.30.1.200-9618&alias=tamsa2.snu.ac.kr&noUDP&sock=schedd_3510_2582>
...
000 (311076.006.000) 2023-06-12 18:18:28 Job submitted from host: <172.30.1.200:9618?addrs=172.30.1.200-9618&alias=tamsa2.snu.ac.kr&noUDP&sock=schedd_3510_2582>
...
000 (311076.007.000) 2023-06-12 18:18:28 Job submitted from host: <172.30.1.200:9618?addrs=172.30.1.200-9618&alias=tamsa2.snu.ac.kr&noUDP&sock=schedd_3510_2582>
...
000 (311076.008.000) 2023-06-12 18:18:28 Job submitted from host: <172.30.1.200:9618?addrs=172.30.1.200-9618&alias=tamsa2.snu.ac.kr&noUDP&sock=schedd_3510_2582>
...
000 (311076.009.000) 2023-06-12 18:18:28 Job submitted from host: <172.30.1.200:9618?addrs=172.30.1.200-9618&alias=tamsa2.snu.ac.kr&noUDP&sock=schedd_3510_2582>
...
040 (311076.007.000) 2023-06-12 18:18:34 Started transferring input files
	Transferring to host: <172.30.1.107:9618?addrs=172.30.1.107-9618&alias=n7&noUDP&sock=slot1_8_4258_e566_16533>
...
040 (311076.007.000) 2023-06-12 18:18:34 Finished transferring input files
...
040 (311076.006.000) 2023-06-12 18:18:35 Started transferring input files
	Transferring to host: <172.30.1.107:9618?addrs=172.30.1.107-9618&alias=n7&noUDP&sock=slot1_4_4258_e566_16534>
...
040 (311076.006.000) 2023-06-12 18:18:35 Finished transferring input files
...
040 (311076.008.000) 2023-06-12 18:18:35 Started transferring input files
	Transferring to host: <172.30.1.107:9618?addrs=172.30.1.107-9618&alias=n7&noUDP&sock=slot1_9_4258_e566_16535>
...
040 (311076.008.000) 2023-06-12 18:18:35 Finished transferring input files
...
040 (311076.009.000) 2023-06-12 18:18:35 Started transferring input files
	Transferring to host: <172.30.1.107:9618?addrs=172.30.1.107-9618&alias=n7&noUDP&sock=slot1_12_4258_e566_16536>
...
040 (311076.009.000) 2023-06-12 18:18:35 Finished transferring input files
...
040 (311076.000.000) 2023-06-12 18:18:35 Started transferring input files
	Transferring to host: <172.30.1.110:9618?addrs=172.30.1.110-9618&alias=n10&noUDP&sock=slot1_30_4288_08a7_22585>
...
040 (311076.000.000) 2023-06-12 18:18:35 Finished transferring input files
...
040 (311076.001.000) 2023-06-12 18:18:35 Started transferring input files
	Transferring to host: <172.30.1.110:9618?addrs=172.30.1.110-9618&alias=n10&noUDP&sock=slot1_31_4288_08a7_22586>
...
040 (311076.001.000) 2023-06-12 18:18:35 Finished transferring input files
...
040 (311076.002.000) 2023-06-12 18:18:35 Started transferring input files
	Transferring to host: <172.30.1.110:9618?addrs=172.30.1.110-9618&alias=n10&noUDP&sock=slot1_32_4288_08a7_22587>
...
040 (311076.002.000) 2023-06-12 18:18:35 Finished transferring input files
...
001 (311076.007.000) 2023-06-12 18:18:35 Job executing on host: <172.30.1.107:9618?addrs=172.30.1.107-9618&alias=n7&noUDP&sock=startd_4224_e421>
...
040 (311076.003.000) 2023-06-12 18:18:36 Started transferring input files
	Transferring to host: <172.30.1.110:9618?addrs=172.30.1.110-9618&alias=n10&noUDP&sock=slot1_33_4288_08a7_22588>
...
040 (311076.003.000) 2023-06-12 18:18:36 Finished transferring input files
...
001 (311076.006.000) 2023-06-12 18:18:36 Job executing on host: <172.30.1.107:9618?addrs=172.30.1.107-9618&alias=n7&noUDP&sock=startd_4224_e421>
...
001 (311076.008.000) 2023-06-12 18:18:36 Job executing on host: <172.30.1.107:9618?addrs=172.30.1.107-9618&alias=n7&noUDP&sock=startd_4224_e421>
...
040 (311076.004.000) 2023-06-12 18:18:36 Started transferring input files
	Transferring to host: <172.30.1.110:9618?addrs=172.30.1.110-9618&alias=n10&noUDP&sock=slot1_34_4288_08a7_22589>
...
040 (311076.004.000) 2023-06-12 18:18:36 Finished transferring input files
...
001 (311076.009.000) 2023-06-12 18:18:36 Job executing on host: <172.30.1.107:9618?addrs=172.30.1.107-9618&alias=n7&noUDP&sock=startd_4224_e421>
...
040 (311076.005.000) 2023-06-12 18:18:36 Started transferring input files
	Transferring to host: <172.30.1.110:9618?addrs=172.30.1.110-9618&alias=n10&noUDP&sock=slot1_35_4288_08a7_22590>
...
040 (311076.005.000) 2023-06-12 18:18:36 Finished transferring input files
...
001 (311076.000.000) 2023-06-12 18:18:36 Job executing on host: <172.30.1.110:9618?addrs=172.30.1.110-9618&alias=n10&noUDP&sock=startd_4254_77f9>
...
001 (311076.001.000) 2023-06-12 18:18:36 Job executing on host: <172.30.1.110:9618?addrs=172.30.1.110-9618&alias=n10&noUDP&sock=startd_4254_77f9>
...
001 (311076.002.000) 2023-06-12 18:18:36 Job executing on host: <172.30.1.110:9618?addrs=172.30.1.110-9618&alias=n10&noUDP&sock=startd_4254_77f9>
...
001 (311076.003.000) 2023-06-12 18:18:37 Job executing on host: <172.30.1.110:9618?addrs=172.30.1.110-9618&alias=n10&noUDP&sock=startd_4254_77f9>
...
001 (311076.004.000) 2023-06-12 18:18:37 Job executing on host: <172.30.1.110:9618?addrs=172.30.1.110-9618&alias=n10&noUDP&sock=startd_4254_77f9>
...
001 (311076.005.000) 2023-06-12 18:18:37 Job executing on host: <172.30.1.110:9618?addrs=172.30.1.110-9618&alias=n10&noUDP&sock=startd_4254_77f9>
...
006 (311076.007.000) 2023-06-12 18:18:44 Image size of job updated: 647028
	184  -  MemoryUsage of job (MB)
	187848  -  ResidentSetSize of job (KB)
...
006 (311076.006.000) 2023-06-12 18:18:44 Image size of job updated: 647060
	184  -  MemoryUsage of job (MB)
	188072  -  ResidentSetSize of job (KB)
...
006 (311076.008.000) 2023-06-12 18:18:44 Image size of job updated: 647032
	184  -  MemoryUsage of job (MB)
	187876  -  ResidentSetSize of job (KB)
...
006 (311076.009.000) 2023-06-12 18:18:44 Image size of job updated: 647052
	184  -  MemoryUsage of job (MB)
	187900  -  ResidentSetSize of job (KB)
...
006 (311076.002.000) 2023-06-12 18:18:45 Image size of job updated: 188144
	184  -  MemoryUsage of job (MB)
	188144  -  ResidentSetSize of job (KB)
...
006 (311076.003.000) 2023-06-12 18:18:45 Image size of job updated: 188124
	184  -  MemoryUsage of job (MB)
	188124  -  ResidentSetSize of job (KB)
...
006 (311076.004.000) 2023-06-12 18:18:45 Image size of job updated: 187900
	184  -  MemoryUsage of job (MB)
	187900  -  ResidentSetSize of job (KB)
...
006 (311076.005.000) 2023-06-12 18:18:45 Image size of job updated: 188056
	184  -  MemoryUsage of job (MB)
	188056  -  ResidentSetSize of job (KB)
...
006 (311076.000.000) 2023-06-12 18:18:45 Image size of job updated: 188064
	184  -  MemoryUsage of job (MB)
	188064  -  ResidentSetSize of job (KB)
...
006 (311076.001.000) 2023-06-12 18:18:45 Image size of job updated: 187860
	184  -  MemoryUsage of job (MB)
	187860  -  ResidentSetSize of job (KB)
...
006 (311076.009.000) 2023-06-12 18:20:29 Image size of job updated: 697540
	184  -  MemoryUsage of job (MB)
	187900  -  ResidentSetSize of job (KB)
...
040 (311076.009.000) 2023-06-12 18:20:29 Started transferring output files
...
040 (311076.009.000) 2023-06-12 18:20:29 Finished transferring output files
...
005 (311076.009.000) 2023-06-12 18:20:29 Job terminated.
	(1) Normal termination (return value 0)
		Usr 0 00:01:47, Sys 0 00:00:01  -  Run Remote Usage
		Usr 0 00:00:00, Sys 0 00:00:00  -  Run Local Usage
		Usr 0 00:01:47, Sys 0 00:00:01  -  Total Remote Usage
		Usr 0 00:00:00, Sys 0 00:00:00  -  Total Local Usage
	10424  -  Run Bytes Sent By Job
	147  -  Run Bytes Received By Job
	10424  -  Total Bytes Sent By Job
	147  -  Total Bytes Received By Job
	Partitionable Resources :    Usage  Request Allocated 
	   Cpus                 :     0.95        1         1 
	   Disk (KB)            :    61           1    127899 
	   Memory (MB)          :   184        3900      3968 

	Job terminated of its own accord at 2023-06-12T09:20:29Z.
...
006 (311076.007.000) 2023-06-12 18:20:32 Image size of job updated: 697444
	184  -  MemoryUsage of job (MB)
	187848  -  ResidentSetSize of job (KB)
...
040 (311076.007.000) 2023-06-12 18:20:32 Started transferring output files
...
040 (311076.007.000) 2023-06-12 18:20:32 Finished transferring output files
...
005 (311076.007.000) 2023-06-12 18:20:32 Job terminated.
	(1) Normal termination (return value 0)
		Usr 0 00:01:52, Sys 0 00:00:01  -  Run Remote Usage
		Usr 0 00:00:00, Sys 0 00:00:00  -  Run Local Usage
		Usr 0 00:01:52, Sys 0 00:00:01  -  Total Remote Usage
		Usr 0 00:00:00, Sys 0 00:00:00  -  Total Local Usage
	8972  -  Run Bytes Sent By Job
	147  -  Run Bytes Received By Job
	8972  -  Total Bytes Sent By Job
	147  -  Total Bytes Received By Job
	Partitionable Resources :    Usage  Request Allocated 
	   Cpus                 :     0.92        1         1 
	   Disk (KB)            :    59           1    127899 
	   Memory (MB)          :   184        3900      3968 

	Job terminated of its own accord at 2023-06-12T09:20:32Z.
...
006 (311076.006.000) 2023-06-12 18:20:33 Image size of job updated: 697508
	184  -  MemoryUsage of job (MB)
	188072  -  ResidentSetSize of job (KB)
...
040 (311076.006.000) 2023-06-12 18:20:33 Started transferring output files
...
040 (311076.006.000) 2023-06-12 18:20:33 Finished transferring output files
...
005 (311076.006.000) 2023-06-12 18:20:33 Job terminated.
	(1) Normal termination (return value 0)
		Usr 0 00:01:52, Sys 0 00:00:02  -  Run Remote Usage
		Usr 0 00:00:00, Sys 0 00:00:00  -  Run Local Usage
		Usr 0 00:01:52, Sys 0 00:00:02  -  Total Remote Usage
		Usr 0 00:00:00, Sys 0 00:00:00  -  Total Local Usage
	9489  -  Run Bytes Sent By Job
	147  -  Run Bytes Received By Job
	9489  -  Total Bytes Sent By Job
	147  -  Total Bytes Received By Job
	Partitionable Resources :    Usage  Request Allocated 
	   Cpus                 :     0.94        1         1 
	   Disk (KB)            :    60           1    127899 
	   Memory (MB)          :   184        3900      3968 

	Job terminated of its own accord at 2023-06-12T09:20:33Z.
...
006 (311076.003.000) 2023-06-12 18:20:42 Image size of job updated: 697504
	184  -  MemoryUsage of job (MB)
	188124  -  ResidentSetSize of job (KB)
...
040 (311076.003.000) 2023-06-12 18:20:42 Started transferring output files
...
040 (311076.003.000) 2023-06-12 18:20:42 Finished transferring output files
...
005 (311076.003.000) 2023-06-12 18:20:42 Job terminated.
	(1) Normal termination (return value 0)
		Usr 0 00:02:02, Sys 0 00:00:01  -  Run Remote Usage
		Usr 0 00:00:00, Sys 0 00:00:00  -  Run Local Usage
		Usr 0 00:02:02, Sys 0 00:00:01  -  Total Remote Usage
		Usr 0 00:00:00, Sys 0 00:00:00  -  Total Local Usage
	8873  -  Run Bytes Sent By Job
	147  -  Run Bytes Received By Job
	8873  -  Total Bytes Sent By Job
	147  -  Total Bytes Received By Job
	Partitionable Resources :    Usage  Request Allocated 
	   Cpus                 :        0        1         1 
	   Disk (KB)            :       59        1    127899 
	   Memory (MB)          :      184     3900      3968 

	Job terminated of its own accord at 2023-06-12T09:20:42Z.
...
006 (311076.001.000) 2023-06-12 18:20:49 Image size of job updated: 697472
	184  -  MemoryUsage of job (MB)
	187860  -  ResidentSetSize of job (KB)
...
040 (311076.001.000) 2023-06-12 18:20:49 Started transferring output files
...
040 (311076.001.000) 2023-06-12 18:20:49 Finished transferring output files
...
005 (311076.001.000) 2023-06-12 18:20:49 Job terminated.
	(1) Normal termination (return value 0)
		Usr 0 00:02:09, Sys 0 00:00:01  -  Run Remote Usage
		Usr 0 00:00:00, Sys 0 00:00:00  -  Run Local Usage
		Usr 0 00:02:09, Sys 0 00:00:01  -  Total Remote Usage
		Usr 0 00:00:00, Sys 0 00:00:00  -  Total Local Usage
	9538  -  Run Bytes Sent By Job
	147  -  Run Bytes Received By Job
	9538  -  Total Bytes Sent By Job
	147  -  Total Bytes Received By Job
	Partitionable Resources :    Usage  Request Allocated 
	   Cpus                 :        0        1         1 
	   Disk (KB)            :       60        1    127899 
	   Memory (MB)          :      184     3900      3968 

	Job terminated of its own accord at 2023-06-12T09:20:49Z.
...
006 (311076.005.000) 2023-06-12 18:20:58 Image size of job updated: 697008
	184  -  MemoryUsage of job (MB)
	188056  -  ResidentSetSize of job (KB)
...
040 (311076.005.000) 2023-06-12 18:20:58 Started transferring output files
...
040 (311076.005.000) 2023-06-12 18:20:58 Finished transferring output files
...
005 (311076.005.000) 2023-06-12 18:20:58 Job terminated.
	(1) Normal termination (return value 0)
		Usr 0 00:02:18, Sys 0 00:00:01  -  Run Remote Usage
		Usr 0 00:00:00, Sys 0 00:00:00  -  Run Local Usage
		Usr 0 00:02:18, Sys 0 00:00:01  -  Total Remote Usage
		Usr 0 00:00:00, Sys 0 00:00:00  -  Total Local Usage
	9248  -  Run Bytes Sent By Job
	147  -  Run Bytes Received By Job
	9248  -  Total Bytes Sent By Job
	147  -  Total Bytes Received By Job
	Partitionable Resources :    Usage  Request Allocated 
	   Cpus                 :                 1         1 
	   Disk (KB)            :       54        1    127899 
	   Memory (MB)          :      184     3900      3968 

	Job terminated of its own accord at 2023-06-12T09:20:58Z.
...
006 (311076.004.000) 2023-06-12 18:20:59 Image size of job updated: 697524
	184  -  MemoryUsage of job (MB)
	187900  -  ResidentSetSize of job (KB)
...
040 (311076.004.000) 2023-06-12 18:20:59 Started transferring output files
...
040 (311076.004.000) 2023-06-12 18:20:59 Finished transferring output files
...
005 (311076.004.000) 2023-06-12 18:20:59 Job terminated.
	(1) Normal termination (return value 0)
		Usr 0 00:02:18, Sys 0 00:00:01  -  Run Remote Usage
		Usr 0 00:00:00, Sys 0 00:00:00  -  Run Local Usage
		Usr 0 00:02:18, Sys 0 00:00:01  -  Total Remote Usage
		Usr 0 00:00:00, Sys 0 00:00:00  -  Total Local Usage
	9348  -  Run Bytes Sent By Job
	147  -  Run Bytes Received By Job
	9348  -  Total Bytes Sent By Job
	147  -  Total Bytes Received By Job
	Partitionable Resources :    Usage  Request Allocated 
	   Cpus                 :                 1         1 
	   Disk (KB)            :       54        1    127899 
	   Memory (MB)          :      184     3900      3968 

	Job terminated of its own accord at 2023-06-12T09:20:59Z.
...
006 (311076.002.000) 2023-06-12 18:21:00 Image size of job updated: 697432
	184  -  MemoryUsage of job (MB)
	188144  -  ResidentSetSize of job (KB)
...
040 (311076.002.000) 2023-06-12 18:21:00 Started transferring output files
...
040 (311076.002.000) 2023-06-12 18:21:00 Finished transferring output files
...
005 (311076.002.000) 2023-06-12 18:21:00 Job terminated.
	(1) Normal termination (return value 0)
		Usr 0 00:02:18, Sys 0 00:00:01  -  Run Remote Usage
		Usr 0 00:00:00, Sys 0 00:00:00  -  Run Local Usage
		Usr 0 00:02:18, Sys 0 00:00:01  -  Total Remote Usage
		Usr 0 00:00:00, Sys 0 00:00:00  -  Total Local Usage
	9026  -  Run Bytes Sent By Job
	147  -  Run Bytes Received By Job
	9026  -  Total Bytes Sent By Job
	147  -  Total Bytes Received By Job
	Partitionable Resources :    Usage  Request Allocated 
	   Cpus                 :        0        1         1 
	   Disk (KB)            :       59        1    127899 
	   Memory (MB)          :      184     3900      3968 

	Job terminated of its own accord at 2023-06-12T09:21:00Z.
...
006 (311076.008.000) 2023-06-12 18:21:03 Image size of job updated: 697588
	184  -  MemoryUsage of job (MB)
	187876  -  ResidentSetSize of job (KB)
...
040 (311076.008.000) 2023-06-12 18:21:03 Started transferring output files
...
040 (311076.008.000) 2023-06-12 18:21:03 Finished transferring output files
...
005 (311076.008.000) 2023-06-12 18:21:03 Job terminated.
	(1) Normal termination (return value 0)
		Usr 0 00:02:22, Sys 0 00:00:01  -  Run Remote Usage
		Usr 0 00:00:00, Sys 0 00:00:00  -  Run Local Usage
		Usr 0 00:02:22, Sys 0 00:00:01  -  Total Remote Usage
		Usr 0 00:00:00, Sys 0 00:00:00  -  Total Local Usage
	9460  -  Run Bytes Sent By Job
	147  -  Run Bytes Received By Job
	9460  -  Total Bytes Sent By Job
	147  -  Total Bytes Received By Job
	Partitionable Resources :    Usage  Request Allocated 
	   Cpus                 :     0.93        1         1 
	   Disk (KB)            :    60           1    127899 
	   Memory (MB)          :   184        3900      3968 

	Job terminated of its own accord at 2023-06-12T09:21:03Z.
...
006 (311076.000.000) 2023-06-12 18:21:33 Image size of job updated: 697564
	184  -  MemoryUsage of job (MB)
	188064  -  ResidentSetSize of job (KB)
...
040 (311076.000.000) 2023-06-12 18:21:33 Started transferring output files
...
040 (311076.000.000) 2023-06-12 18:21:33 Finished transferring output files
...
005 (311076.000.000) 2023-06-12 18:21:34 Job terminated.
	(1) Normal termination (return value 0)
		Usr 0 00:02:54, Sys 0 00:00:01  -  Run Remote Usage
		Usr 0 00:00:00, Sys 0 00:00:00  -  Run Local Usage
		Usr 0 00:02:54, Sys 0 00:00:01  -  Total Remote Usage
		Usr 0 00:00:00, Sys 0 00:00:00  -  Total Local Usage
	9628  -  Run Bytes Sent By Job
	147  -  Run Bytes Received By Job
	9628  -  Total Bytes Sent By Job
	147  -  Total Bytes Received By Job
	Partitionable Resources :    Usage  Request Allocated 
	   Cpus                 :        0        1         1 
	   Disk (KB)            :       60        1    127899 
	   Memory (MB)          :      184     3900      3968 

	Job terminated of its own accord at 2023-06-12T09:21:33Z.
...
