Starts at Mon Jun 12 18:18:39 2023
[tnp_tamsa] Use Configs["HLTEl23_2018"] from config/ele_TopHNT_v1.py
Fit ibin = 2
['HistPdf::sigPhysPass(x,histPass_genmatching,2)', 'HistPdf::sigPhysFail(x,histFail_genmatching,2)', 'RooCBShape::sigResPass(x,meanP[-0.0,-5.0,5.0],sigmaP[1,0.3,10.0],alphaP[2.0,1.2,3.5],nP[3,-5,5])', 'RooCBShape::sigResFail(x,meanF[-0.0,-5.0,5.0],sigmaF[1,0.3,10.0],alphaF[2.0,1.2,3.5],nF[3,-5,5])', 'FCONV::sigPass(x, sigPhysPass , sigResPass)', 'FCONV::sigFail(x, sigPhysFail , sigResFail)', 'Fit sigPass histPass_genmatching', 'Fit sigFail histFail_genmatching', 'SetConstant alphaP nP alphaF nF', 'RooCMSShape::bkgPass(x,acmsP[60.,50.,80.],betaP[0.05,0.01,0.08],gammaP[0.1, -1, 1],peakP[90.0])', 'RooCMSShape::bkgFail(x,acmsF[60.,50.,80.],betaF[0.05,0.01,0.08],gammaF[0.1, -1, 1],peakF[90.0])']
Warning: non-zero fit status 1
Fit ibin = 12
['HistPdf::sigPhysPass(x,histPass_genmatching,2)', 'HistPdf::sigPhysFail(x,histFail_genmatching,2)', 'RooCBShape::sigResPass(x,meanP[-0.0,-5.0,5.0],sigmaP[1,0.3,10.0],alphaP[2.0,1.2,3.5],nP[3,-5,5])', 'RooCBShape::sigResFail(x,meanF[-0.0,-5.0,5.0],sigmaF[1,0.3,10.0],alphaF[2.0,1.2,3.5],nF[3,-5,5])', 'FCONV::sigPass(x, sigPhysPass , sigResPass)', 'FCONV::sigFail(x, sigPhysFail , sigResFail)', 'Fit sigPass histPass_genmatching', 'Fit sigFail histFail_genmatching', 'SetConstant alphaP nP alphaF nF', 'RooCMSShape::bkgPass(x,acmsP[60.,50.,80.],betaP[0.05,0.01,0.08],gammaP[0.1, -1, 1],peakP[90.0])', 'RooCMSShape::bkgFail(x,acmsF[60.,50.,80.],betaF[0.05,0.01,0.08],gammaF[0.1, -1, 1],peakF[90.0])']
Warning: non-zero fit status 3
Fit ibin = 22
['HistPdf::sigPhysPass(x,histPass_genmatching,2)', 'HistPdf::sigPhysFail(x,histFail_genmatching,2)', 'RooCBShape::sigResPass(x,meanP[-0.0,-5.0,5.0],sigmaP[1,0.3,10.0],alphaP[2.0,1.2,3.5],nP[3,-5,5])', 'RooCBShape::sigResFail(x,meanF[-0.0,-5.0,5.0],sigmaF[1,0.3,10.0],alphaF[2.0,1.2,3.5],nF[3,-5,5])', 'FCONV::sigPass(x, sigPhysPass , sigResPass)', 'FCONV::sigFail(x, sigPhysFail , sigResFail)', 'Fit sigPass histPass_genmatching', 'Fit sigFail histFail_genmatching', 'SetConstant alphaP nP alphaF nF', 'RooCMSShape::bkgPass(x,acmsP[60.,50.,80.],betaP[0.05,0.01,0.08],gammaP[0.1, -1, 1],peakP[90.0])', 'RooCMSShape::bkgFail(x,acmsF[60.,50.,80.],betaF[0.05,0.01,0.08],gammaF[0.1, -1, 1],peakF[90.0])']
Warning: non-zero fit status 3
Fit ibin = 32
Warning: non-zero fit status 1
['HistPdf::sigPhysPass(x,histPass_genmatching,2)', 'HistPdf::sigPhysFail(x,histFail_genmatching,2)', 'RooCBShape::sigResPass(x,meanP[-0.0,-5.0,5.0],sigmaP[1,0.3,10.0],alphaP[2.0,1.2,3.5],nP[3,-5,5])', 'RooCBShape::sigResFail(x,meanF[-0.0,-5.0,5.0],sigmaF[1,0.3,10.0],alphaF[2.0,1.2,3.5],nF[3,-5,5])', 'FCONV::sigPass(x, sigPhysPass , sigResPass)', 'FCONV::sigFail(x, sigPhysFail , sigResFail)', 'Fit sigPass histPass_genmatching', 'Fit sigFail histFail_genmatching', 'SetConstant alphaP nP alphaF nF', 'RooCMSShape::bkgPass(x,acmsP[60.,50.,80.],betaP[0.05,0.01,0.08],gammaP[0.1, -1, 1],peakP[90.0])', 'RooCMSShape::bkgFail(x,acmsF[60.,50.,80.],betaF[0.05,0.01,0.08],gammaF[0.1, -1, 1],peakF[90.0])']
Warning: non-zero fit status 1
Fit ibin = 42
['HistPdf::sigPhysPass(x,histPass_genmatching,2)', 'HistPdf::sigPhysFail(x,histFail_genmatching,2)', 'RooCBShape::sigResPass(x,meanP[-0.0,-5.0,5.0],sigmaP[1,0.3,10.0],alphaP[2.0,1.2,3.5],nP[3,-5,5])', 'RooCBShape::sigResFail(x,meanF[-0.0,-5.0,5.0],sigmaF[1,0.3,10.0],alphaF[2.0,1.2,3.5],nF[3,-5,5])', 'FCONV::sigPass(x, sigPhysPass , sigResPass)', 'FCONV::sigFail(x, sigPhysFail , sigResFail)', 'Fit sigPass histPass_genmatching', 'Fit sigFail histFail_genmatching', 'SetConstant alphaP nP alphaF nF', 'RooCMSShape::bkgPass(x,acmsP[60.,50.,80.],betaP[0.05,0.01,0.08],gammaP[0.1, -1, 1],peakP[90.0])', 'RooCMSShape::bkgFail(x,acmsF[60.,50.,80.],betaF[0.05,0.01,0.08],gammaF[0.1, -1, 1],peakF[90.0])']
Warning: non-zero fit status 3
Warning: non-zero fit status 303
Fit ibin = 52
Warning: non-zero fit status 3
['HistPdf::sigPhysPass(x,histPass_genmatching,2)', 'HistPdf::sigPhysFail(x,histFail_genmatching,2)', 'RooCBShape::sigResPass(x,meanP[-0.0,-5.0,5.0],sigmaP[1,0.3,10.0],alphaP[2.0,1.2,3.5],nP[3,-5,5])', 'RooCBShape::sigResFail(x,meanF[-0.0,-5.0,5.0],sigmaF[1,0.3,10.0],alphaF[2.0,1.2,3.5],nF[3,-5,5])', 'FCONV::sigPass(x, sigPhysPass , sigResPass)', 'FCONV::sigFail(x, sigPhysFail , sigResFail)', 'Fit sigPass histPass_genmatching', 'Fit sigFail histFail_genmatching', 'SetConstant alphaP nP alphaF nF', 'RooCMSShape::bkgPass(x,acmsP[60.,50.,80.],betaP[0.05,0.01,0.08],gammaP[0.1, -1, 1],peakP[90.0])', 'RooCMSShape::bkgFail(x,acmsF[60.,50.,80.],betaF[0.05,0.01,0.08],gammaF[0.1, -1, 1],peakF[90.0])']
Warning: non-zero fit status 3
Fit ibin = 62
Warning: non-zero fit status 3
['HistPdf::sigPhysPass(x,histPass_genmatching,2)', 'HistPdf::sigPhysFail(x,histFail_genmatching,2)', 'RooCBShape::sigResPass(x,meanP[-0.0,-5.0,5.0],sigmaP[1,0.3,10.0],alphaP[2.0,1.2,3.5],nP[3,-5,5])', 'RooCBShape::sigResFail(x,meanF[-0.0,-5.0,5.0],sigmaF[1,0.3,10.0],alphaF[2.0,1.2,3.5],nF[3,-5,5])', 'FCONV::sigPass(x, sigPhysPass , sigResPass)', 'FCONV::sigFail(x, sigPhysFail , sigResFail)', 'Fit sigPass histPass_genmatching', 'Fit sigFail histFail_genmatching', 'SetConstant alphaP nP alphaF nF', 'RooCMSShape::bkgPass(x,acmsP[60.,50.,80.],betaP[0.05,0.01,0.08],gammaP[0.1, -1, 1],peakP[90.0])', 'RooCMSShape::bkgFail(x,acmsF[60.,50.,80.],betaF[0.05,0.01,0.08],gammaF[0.1, -1, 1],peakF[90.0])']
Warning: non-zero fit status 303
Warning: non-zero fit status 3
Fit ibin = 72
['HistPdf::sigPhysPass(x,histPass_genmatching,2)', 'HistPdf::sigPhysFail(x,histFail_genmatching,2)', 'RooCBShape::sigResPass(x,meanP[-0.0,-5.0,5.0],sigmaP[1,0.3,10.0],alphaP[2.0,1.2,3.5],nP[3,-5,5])', 'RooCBShape::sigResFail(x,meanF[-0.0,-5.0,5.0],sigmaF[1,0.3,10.0],alphaF[2.0,1.2,3.5],nF[3,-5,5])', 'FCONV::sigPass(x, sigPhysPass , sigResPass)', 'FCONV::sigFail(x, sigPhysFail , sigResFail)', 'Fit sigPass histPass_genmatching', 'Fit sigFail histFail_genmatching', 'SetConstant alphaP nP alphaF nF', 'RooCMSShape::bkgPass(x,acmsP[60.,50.,80.],betaP[0.05,0.01,0.08],gammaP[0.1, -1, 1],peakP[90.0])', 'RooCMSShape::bkgFail(x,acmsF[60.,50.,80.],betaF[0.05,0.01,0.08],gammaF[0.1, -1, 1],peakF[90.0])']
Warning: non-zero fit status 3
Warning: non-zero fit status 1
Fit ibin = 82
['HistPdf::sigPhysPass(x,histPass_genmatching,2)', 'HistPdf::sigPhysFail(x,histFail_genmatching,2)', 'RooCBShape::sigResPass(x,meanP[-0.0,-5.0,5.0],sigmaP[1,0.3,10.0],alphaP[2.0,1.2,3.5],nP[3,-5,5])', 'RooCBShape::sigResFail(x,meanF[-0.0,-5.0,5.0],sigmaF[1,0.3,10.0],alphaF[2.0,1.2,3.5],nF[3,-5,5])', 'FCONV::sigPass(x, sigPhysPass , sigResPass)', 'FCONV::sigFail(x, sigPhysFail , sigResFail)', 'Fit sigPass histPass_genmatching', 'Fit sigFail histFail_genmatching', 'SetConstant alphaP nP alphaF nF', 'RooCMSShape::bkgPass(x,acmsP[60.,50.,80.],betaP[0.05,0.01,0.08],gammaP[0.1, -1, 1],peakP[90.0])', 'RooCMSShape::bkgFail(x,acmsF[60.,50.,80.],betaF[0.05,0.01,0.08],gammaF[0.1, -1, 1],peakF[90.0])']
Warning: non-zero fit status 303
Warning: non-zero fit status 1
Fit ibin = 92
['HistPdf::sigPhysPass(x,histPass_genmatching,2)', 'HistPdf::sigPhysFail(x,histFail_genmatching,2)', 'RooCBShape::sigResPass(x,meanP[-0.0,-5.0,5.0],sigmaP[1,0.3,10.0],alphaP[2.0,1.2,3.5],nP[3,-5,5])', 'RooCBShape::sigResFail(x,meanF[-0.0,-5.0,5.0],sigmaF[1,0.3,10.0],alphaF[2.0,1.2,3.5],nF[3,-5,5])', 'FCONV::sigPass(x, sigPhysPass , sigResPass)', 'FCONV::sigFail(x, sigPhysFail , sigResFail)', 'Fit sigPass histPass_genmatching', 'Fit sigFail histFail_genmatching', 'SetConstant alphaP nP alphaF nF', 'RooCMSShape::bkgPass(x,acmsP[60.,50.,80.],betaP[0.05,0.01,0.08],gammaP[0.1, -1, 1],peakP[90.0])', 'RooCMSShape::bkgFail(x,acmsF[60.,50.,80.],betaF[0.05,0.01,0.08],gammaF[0.1, -1, 1],peakF[90.0])']
Warning: non-zero fit status 3
Warning: non-zero fit status 303
Ends at  Mon Jun 12 18:20:50 2023
Time took 131.152181864 seconds.
