000 (310173.000.000) 2023-06-09 15:53:48 Job submitted from host: <172.30.1.200:9618?addrs=172.30.1.200-9618&alias=tamsa2.snu.ac.kr&noUDP&sock=schedd_3510_2582>
...
000 (310173.001.000) 2023-06-09 15:53:48 Job submitted from host: <172.30.1.200:9618?addrs=172.30.1.200-9618&alias=tamsa2.snu.ac.kr&noUDP&sock=schedd_3510_2582>
...
000 (310173.002.000) 2023-06-09 15:53:48 Job submitted from host: <172.30.1.200:9618?addrs=172.30.1.200-9618&alias=tamsa2.snu.ac.kr&noUDP&sock=schedd_3510_2582>
...
000 (310173.003.000) 2023-06-09 15:53:48 Job submitted from host: <172.30.1.200:9618?addrs=172.30.1.200-9618&alias=tamsa2.snu.ac.kr&noUDP&sock=schedd_3510_2582>
...
000 (310173.004.000) 2023-06-09 15:53:48 Job submitted from host: <172.30.1.200:9618?addrs=172.30.1.200-9618&alias=tamsa2.snu.ac.kr&noUDP&sock=schedd_3510_2582>
...
000 (310173.005.000) 2023-06-09 15:53:48 Job submitted from host: <172.30.1.200:9618?addrs=172.30.1.200-9618&alias=tamsa2.snu.ac.kr&noUDP&sock=schedd_3510_2582>
...
000 (310173.006.000) 2023-06-09 15:53:48 Job submitted from host: <172.30.1.200:9618?addrs=172.30.1.200-9618&alias=tamsa2.snu.ac.kr&noUDP&sock=schedd_3510_2582>
...
000 (310173.007.000) 2023-06-09 15:53:48 Job submitted from host: <172.30.1.200:9618?addrs=172.30.1.200-9618&alias=tamsa2.snu.ac.kr&noUDP&sock=schedd_3510_2582>
...
000 (310173.008.000) 2023-06-09 15:53:48 Job submitted from host: <172.30.1.200:9618?addrs=172.30.1.200-9618&alias=tamsa2.snu.ac.kr&noUDP&sock=schedd_3510_2582>
...
000 (310173.009.000) 2023-06-09 15:53:48 Job submitted from host: <172.30.1.200:9618?addrs=172.30.1.200-9618&alias=tamsa2.snu.ac.kr&noUDP&sock=schedd_3510_2582>
...
001 (310173.000.000) 2023-06-09 15:53:56 Job executing on host: <172.30.1.207:9618?addrs=172.30.1.207-9618&alias=node7&noUDP&sock=startd_3802_6f2a>
...
001 (310173.001.000) 2023-06-09 15:53:56 Job executing on host: <172.30.1.207:9618?addrs=172.30.1.207-9618&alias=node7&noUDP&sock=startd_3802_6f2a>
...
001 (310173.008.000) 2023-06-09 15:53:56 Job executing on host: <172.30.1.211:9618?addrs=172.30.1.211-9618&alias=node11&noUDP&sock=startd_3790_3407>
...
001 (310173.009.000) 2023-06-09 15:53:56 Job executing on host: <172.30.1.211:9618?addrs=172.30.1.211-9618&alias=node11&noUDP&sock=startd_3790_3407>
...
001 (310173.002.000) 2023-06-09 15:53:56 Job executing on host: <172.30.1.207:9618?addrs=172.30.1.207-9618&alias=node7&noUDP&sock=startd_3802_6f2a>
...
001 (310173.003.000) 2023-06-09 15:53:56 Job executing on host: <172.30.1.207:9618?addrs=172.30.1.207-9618&alias=node7&noUDP&sock=startd_3802_6f2a>
...
001 (310173.004.000) 2023-06-09 15:53:56 Job executing on host: <172.30.1.207:9618?addrs=172.30.1.207-9618&alias=node7&noUDP&sock=startd_3802_6f2a>
...
001 (310173.005.000) 2023-06-09 15:53:56 Job executing on host: <172.30.1.207:9618?addrs=172.30.1.207-9618&alias=node7&noUDP&sock=startd_3802_6f2a>
...
001 (310173.006.000) 2023-06-09 15:53:56 Job executing on host: <172.30.1.207:9618?addrs=172.30.1.207-9618&alias=node7&noUDP&sock=startd_3802_6f2a>
...
001 (310173.007.000) 2023-06-09 15:53:57 Job executing on host: <172.30.1.207:9618?addrs=172.30.1.207-9618&alias=node7&noUDP&sock=startd_3802_6f2a>
...
006 (310173.006.000) 2023-06-09 15:54:05 Image size of job updated: 182276
	178  -  MemoryUsage of job (MB)
	181788  -  ResidentSetSize of job (KB)
...
006 (310173.007.000) 2023-06-09 15:54:05 Image size of job updated: 183924
	180  -  MemoryUsage of job (MB)
	183548  -  ResidentSetSize of job (KB)
...
006 (310173.000.000) 2023-06-09 15:54:05 Image size of job updated: 183676
	180  -  MemoryUsage of job (MB)
	183676  -  ResidentSetSize of job (KB)
...
006 (310173.001.000) 2023-06-09 15:54:05 Image size of job updated: 181760
	178  -  MemoryUsage of job (MB)
	181760  -  ResidentSetSize of job (KB)
...
006 (310173.002.000) 2023-06-09 15:54:05 Image size of job updated: 184120
	180  -  MemoryUsage of job (MB)
	184120  -  ResidentSetSize of job (KB)
...
006 (310173.009.000) 2023-06-09 15:54:05 Image size of job updated: 552856
	178  -  MemoryUsage of job (MB)
	181784  -  ResidentSetSize of job (KB)
...
006 (310173.008.000) 2023-06-09 15:54:05 Image size of job updated: 565708
	178  -  MemoryUsage of job (MB)
	181788  -  ResidentSetSize of job (KB)
...
006 (310173.003.000) 2023-06-09 15:54:05 Image size of job updated: 183600
	180  -  MemoryUsage of job (MB)
	183600  -  ResidentSetSize of job (KB)
...
006 (310173.004.000) 2023-06-09 15:54:05 Image size of job updated: 183796
	180  -  MemoryUsage of job (MB)
	183636  -  ResidentSetSize of job (KB)
...
006 (310173.005.000) 2023-06-09 15:54:05 Image size of job updated: 183864
	180  -  MemoryUsage of job (MB)
	183580  -  ResidentSetSize of job (KB)
...
005 (310173.007.000) 2023-06-09 15:54:08 Job terminated.
	(1) Normal termination (return value 0)
		Usr 0 00:00:07, Sys 0 00:00:00  -  Run Remote Usage
		Usr 0 00:00:00, Sys 0 00:00:00  -  Run Local Usage
		Usr 0 00:00:07, Sys 0 00:00:00  -  Total Remote Usage
		Usr 0 00:00:00, Sys 0 00:00:00  -  Total Local Usage
	0  -  Run Bytes Sent By Job
	0  -  Run Bytes Received By Job
	0  -  Total Bytes Sent By Job
	0  -  Total Bytes Received By Job
	Partitionable Resources :    Usage  Request Allocated 
	   Cpus                 :                 1         1 
	   Disk (KB)            :        1        1    128928 
	   Memory (MB)          :      180     3900      3968 

	Job terminated of its own accord at 2023-06-09T06:54:08Z.
...
006 (310173.002.000) 2023-06-09 15:54:08 Image size of job updated: 604956
	180  -  MemoryUsage of job (MB)
	184120  -  ResidentSetSize of job (KB)
...
005 (310173.002.000) 2023-06-09 15:54:08 Job terminated.
	(1) Normal termination (return value 0)
		Usr 0 00:00:09, Sys 0 00:00:00  -  Run Remote Usage
		Usr 0 00:00:00, Sys 0 00:00:00  -  Run Local Usage
		Usr 0 00:00:09, Sys 0 00:00:00  -  Total Remote Usage
		Usr 0 00:00:00, Sys 0 00:00:00  -  Total Local Usage
	0  -  Run Bytes Sent By Job
	0  -  Run Bytes Received By Job
	0  -  Total Bytes Sent By Job
	0  -  Total Bytes Received By Job
	Partitionable Resources :    Usage  Request Allocated 
	   Cpus                 :                 1         1 
	   Disk (KB)            :        1        1    128928 
	   Memory (MB)          :      180     3900      3968 

	Job terminated of its own accord at 2023-06-09T06:54:08Z.
...
006 (310173.000.000) 2023-06-09 15:54:10 Image size of job updated: 605108
	180  -  MemoryUsage of job (MB)
	183676  -  ResidentSetSize of job (KB)
...
005 (310173.000.000) 2023-06-09 15:54:10 Job terminated.
	(1) Normal termination (return value 0)
		Usr 0 00:00:10, Sys 0 00:00:01  -  Run Remote Usage
		Usr 0 00:00:00, Sys 0 00:00:00  -  Run Local Usage
		Usr 0 00:00:10, Sys 0 00:00:01  -  Total Remote Usage
		Usr 0 00:00:00, Sys 0 00:00:00  -  Total Local Usage
	0  -  Run Bytes Sent By Job
	0  -  Run Bytes Received By Job
	0  -  Total Bytes Sent By Job
	0  -  Total Bytes Received By Job
	Partitionable Resources :    Usage  Request Allocated 
	   Cpus                 :                 1         1 
	   Disk (KB)            :        1        1    128928 
	   Memory (MB)          :      180     3900      3968 

	Job terminated of its own accord at 2023-06-09T06:54:10Z.
...
006 (310173.004.000) 2023-06-09 15:54:10 Image size of job updated: 606760
	180  -  MemoryUsage of job (MB)
	183636  -  ResidentSetSize of job (KB)
...
005 (310173.004.000) 2023-06-09 15:54:10 Job terminated.
	(1) Normal termination (return value 0)
		Usr 0 00:00:10, Sys 0 00:00:00  -  Run Remote Usage
		Usr 0 00:00:00, Sys 0 00:00:00  -  Run Local Usage
		Usr 0 00:00:10, Sys 0 00:00:00  -  Total Remote Usage
		Usr 0 00:00:00, Sys 0 00:00:00  -  Total Local Usage
	0  -  Run Bytes Sent By Job
	0  -  Run Bytes Received By Job
	0  -  Total Bytes Sent By Job
	0  -  Total Bytes Received By Job
	Partitionable Resources :    Usage  Request Allocated 
	   Cpus                 :                 1         1 
	   Disk (KB)            :        1        1    128928 
	   Memory (MB)          :      180     3900      3968 

	Job terminated of its own accord at 2023-06-09T06:54:10Z.
...
006 (310173.001.000) 2023-06-09 15:54:10 Image size of job updated: 605204
	178  -  MemoryUsage of job (MB)
	181760  -  ResidentSetSize of job (KB)
...
005 (310173.001.000) 2023-06-09 15:54:10 Job terminated.
	(1) Normal termination (return value 0)
		Usr 0 00:00:11, Sys 0 00:00:00  -  Run Remote Usage
		Usr 0 00:00:00, Sys 0 00:00:00  -  Run Local Usage
		Usr 0 00:00:11, Sys 0 00:00:00  -  Total Remote Usage
		Usr 0 00:00:00, Sys 0 00:00:00  -  Total Local Usage
	0  -  Run Bytes Sent By Job
	0  -  Run Bytes Received By Job
	0  -  Total Bytes Sent By Job
	0  -  Total Bytes Received By Job
	Partitionable Resources :    Usage  Request Allocated 
	   Cpus                 :                 1         1 
	   Disk (KB)            :        1        1    128928 
	   Memory (MB)          :      178     3900      3968 

	Job terminated of its own accord at 2023-06-09T06:54:10Z.
...
006 (310173.006.000) 2023-06-09 15:54:11 Image size of job updated: 606776
	178  -  MemoryUsage of job (MB)
	181788  -  ResidentSetSize of job (KB)
...
005 (310173.006.000) 2023-06-09 15:54:11 Job terminated.
	(1) Normal termination (return value 0)
		Usr 0 00:00:11, Sys 0 00:00:00  -  Run Remote Usage
		Usr 0 00:00:00, Sys 0 00:00:00  -  Run Local Usage
		Usr 0 00:00:11, Sys 0 00:00:00  -  Total Remote Usage
		Usr 0 00:00:00, Sys 0 00:00:00  -  Total Local Usage
	0  -  Run Bytes Sent By Job
	0  -  Run Bytes Received By Job
	0  -  Total Bytes Sent By Job
	0  -  Total Bytes Received By Job
	Partitionable Resources :    Usage  Request Allocated 
	   Cpus                 :                 1         1 
	   Disk (KB)            :        1        1    128928 
	   Memory (MB)          :      178     3900      3968 

	Job terminated of its own accord at 2023-06-09T06:54:11Z.
...
006 (310173.003.000) 2023-06-09 15:54:11 Image size of job updated: 605240
	180  -  MemoryUsage of job (MB)
	183600  -  ResidentSetSize of job (KB)
...
005 (310173.003.000) 2023-06-09 15:54:11 Job terminated.
	(1) Normal termination (return value 0)
		Usr 0 00:00:11, Sys 0 00:00:00  -  Run Remote Usage
		Usr 0 00:00:00, Sys 0 00:00:00  -  Run Local Usage
		Usr 0 00:00:11, Sys 0 00:00:00  -  Total Remote Usage
		Usr 0 00:00:00, Sys 0 00:00:00  -  Total Local Usage
	0  -  Run Bytes Sent By Job
	0  -  Run Bytes Received By Job
	0  -  Total Bytes Sent By Job
	0  -  Total Bytes Received By Job
	Partitionable Resources :    Usage  Request Allocated 
	   Cpus                 :                 1         1 
	   Disk (KB)            :        1        1    128928 
	   Memory (MB)          :      180     3900      3968 

	Job terminated of its own accord at 2023-06-09T06:54:11Z.
...
006 (310173.005.000) 2023-06-09 15:54:11 Image size of job updated: 606808
	180  -  MemoryUsage of job (MB)
	183580  -  ResidentSetSize of job (KB)
...
005 (310173.005.000) 2023-06-09 15:54:11 Job terminated.
	(1) Normal termination (return value 0)
		Usr 0 00:00:11, Sys 0 00:00:00  -  Run Remote Usage
		Usr 0 00:00:00, Sys 0 00:00:00  -  Run Local Usage
		Usr 0 00:00:11, Sys 0 00:00:00  -  Total Remote Usage
		Usr 0 00:00:00, Sys 0 00:00:00  -  Total Local Usage
	0  -  Run Bytes Sent By Job
	0  -  Run Bytes Received By Job
	0  -  Total Bytes Sent By Job
	0  -  Total Bytes Received By Job
	Partitionable Resources :    Usage  Request Allocated 
	   Cpus                 :                 1         1 
	   Disk (KB)            :        1        1    128928 
	   Memory (MB)          :      180     3900      3968 

	Job terminated of its own accord at 2023-06-09T06:54:11Z.
...
006 (310173.009.000) 2023-06-09 15:54:17 Image size of job updated: 614120
	178  -  MemoryUsage of job (MB)
	181784  -  ResidentSetSize of job (KB)
...
005 (310173.009.000) 2023-06-09 15:54:17 Job terminated.
	(1) Normal termination (return value 0)
		Usr 0 00:00:14, Sys 0 00:00:01  -  Run Remote Usage
		Usr 0 00:00:00, Sys 0 00:00:00  -  Run Local Usage
		Usr 0 00:00:14, Sys 0 00:00:01  -  Total Remote Usage
		Usr 0 00:00:00, Sys 0 00:00:00  -  Total Local Usage
	0  -  Run Bytes Sent By Job
	0  -  Run Bytes Received By Job
	0  -  Total Bytes Sent By Job
	0  -  Total Bytes Received By Job
	Partitionable Resources :    Usage  Request Allocated 
	   Cpus                 :                 1         1 
	   Disk (KB)            :        1        1    128928 
	   Memory (MB)          :      178     3900      3968 

	Job terminated of its own accord at 2023-06-09T06:54:17Z.
...
006 (310173.008.000) 2023-06-09 15:54:17 Image size of job updated: 614232
	178  -  MemoryUsage of job (MB)
	181788  -  ResidentSetSize of job (KB)
...
005 (310173.008.000) 2023-06-09 15:54:17 Job terminated.
	(1) Normal termination (return value 0)
		Usr 0 00:00:14, Sys 0 00:00:01  -  Run Remote Usage
		Usr 0 00:00:00, Sys 0 00:00:00  -  Run Local Usage
		Usr 0 00:00:14, Sys 0 00:00:01  -  Total Remote Usage
		Usr 0 00:00:00, Sys 0 00:00:00  -  Total Local Usage
	0  -  Run Bytes Sent By Job
	0  -  Run Bytes Received By Job
	0  -  Total Bytes Sent By Job
	0  -  Total Bytes Received By Job
	Partitionable Resources :    Usage  Request Allocated 
	   Cpus                 :                 1         1 
	   Disk (KB)            :        1        1    128928 
	   Memory (MB)          :      178     3900      3968 

	Job terminated of its own accord at 2023-06-09T06:54:17Z.
...
