000 (310686.000.000) 2023-06-12 12:52:01 Job submitted from host: <172.30.1.200:9618?addrs=172.30.1.200-9618&alias=tamsa2.snu.ac.kr&noUDP&sock=schedd_3510_2582>
...
000 (310686.001.000) 2023-06-12 12:52:01 Job submitted from host: <172.30.1.200:9618?addrs=172.30.1.200-9618&alias=tamsa2.snu.ac.kr&noUDP&sock=schedd_3510_2582>
...
000 (310686.002.000) 2023-06-12 12:52:01 Job submitted from host: <172.30.1.200:9618?addrs=172.30.1.200-9618&alias=tamsa2.snu.ac.kr&noUDP&sock=schedd_3510_2582>
...
000 (310686.003.000) 2023-06-12 12:52:01 Job submitted from host: <172.30.1.200:9618?addrs=172.30.1.200-9618&alias=tamsa2.snu.ac.kr&noUDP&sock=schedd_3510_2582>
...
000 (310686.004.000) 2023-06-12 12:52:01 Job submitted from host: <172.30.1.200:9618?addrs=172.30.1.200-9618&alias=tamsa2.snu.ac.kr&noUDP&sock=schedd_3510_2582>
...
000 (310686.005.000) 2023-06-12 12:52:01 Job submitted from host: <172.30.1.200:9618?addrs=172.30.1.200-9618&alias=tamsa2.snu.ac.kr&noUDP&sock=schedd_3510_2582>
...
000 (310686.006.000) 2023-06-12 12:52:01 Job submitted from host: <172.30.1.200:9618?addrs=172.30.1.200-9618&alias=tamsa2.snu.ac.kr&noUDP&sock=schedd_3510_2582>
...
000 (310686.007.000) 2023-06-12 12:52:01 Job submitted from host: <172.30.1.200:9618?addrs=172.30.1.200-9618&alias=tamsa2.snu.ac.kr&noUDP&sock=schedd_3510_2582>
...
000 (310686.008.000) 2023-06-12 12:52:01 Job submitted from host: <172.30.1.200:9618?addrs=172.30.1.200-9618&alias=tamsa2.snu.ac.kr&noUDP&sock=schedd_3510_2582>
...
000 (310686.009.000) 2023-06-12 12:52:01 Job submitted from host: <172.30.1.200:9618?addrs=172.30.1.200-9618&alias=tamsa2.snu.ac.kr&noUDP&sock=schedd_3510_2582>
...
001 (310686.004.000) 2023-06-12 12:52:13 Job executing on host: <172.30.1.202:9618?addrs=172.30.1.202-9618&alias=node2&noUDP&sock=startd_19693_56a6>
...
001 (310686.005.000) 2023-06-12 12:52:13 Job executing on host: <172.30.1.202:9618?addrs=172.30.1.202-9618&alias=node2&noUDP&sock=startd_19693_56a6>
...
001 (310686.006.000) 2023-06-12 12:52:13 Job executing on host: <172.30.1.202:9618?addrs=172.30.1.202-9618&alias=node2&noUDP&sock=startd_19693_56a6>
...
001 (310686.007.000) 2023-06-12 12:52:13 Job executing on host: <172.30.1.202:9618?addrs=172.30.1.202-9618&alias=node2&noUDP&sock=startd_19693_56a6>
...
001 (310686.000.000) 2023-06-12 12:52:13 Job executing on host: <172.30.1.209:9618?addrs=172.30.1.209-9618&alias=node9&noUDP&sock=startd_3776_99b3>
...
001 (310686.008.000) 2023-06-12 12:52:13 Job executing on host: <172.30.1.202:9618?addrs=172.30.1.202-9618&alias=node2&noUDP&sock=startd_19693_56a6>
...
001 (310686.001.000) 2023-06-12 12:52:13 Job executing on host: <172.30.1.209:9618?addrs=172.30.1.209-9618&alias=node9&noUDP&sock=startd_3776_99b3>
...
001 (310686.009.000) 2023-06-12 12:52:13 Job executing on host: <172.30.1.202:9618?addrs=172.30.1.202-9618&alias=node2&noUDP&sock=startd_19693_56a6>
...
001 (310686.002.000) 2023-06-12 12:52:13 Job executing on host: <172.30.1.209:9618?addrs=172.30.1.209-9618&alias=node9&noUDP&sock=startd_3776_99b3>
...
001 (310686.003.000) 2023-06-12 12:52:13 Job executing on host: <172.30.1.209:9618?addrs=172.30.1.209-9618&alias=node9&noUDP&sock=startd_3776_99b3>
...
006 (310686.004.000) 2023-06-12 12:52:21 Image size of job updated: 181840
	178  -  MemoryUsage of job (MB)
	181780  -  ResidentSetSize of job (KB)
...
006 (310686.005.000) 2023-06-12 12:52:21 Image size of job updated: 186112
	182  -  MemoryUsage of job (MB)
	186036  -  ResidentSetSize of job (KB)
...
006 (310686.006.000) 2023-06-12 12:52:21 Image size of job updated: 188264
	183  -  MemoryUsage of job (MB)
	186604  -  ResidentSetSize of job (KB)
...
006 (310686.007.000) 2023-06-12 12:52:21 Image size of job updated: 186940
	183  -  MemoryUsage of job (MB)
	186936  -  ResidentSetSize of job (KB)
...
006 (310686.000.000) 2023-06-12 12:52:21 Image size of job updated: 549156
	150  -  MemoryUsage of job (MB)
	153188  -  ResidentSetSize of job (KB)
...
006 (310686.008.000) 2023-06-12 12:52:21 Image size of job updated: 188472
	183  -  MemoryUsage of job (MB)
	186664  -  ResidentSetSize of job (KB)
...
006 (310686.009.000) 2023-06-12 12:52:22 Image size of job updated: 192860
	189  -  MemoryUsage of job (MB)
	192568  -  ResidentSetSize of job (KB)
...
006 (310686.001.000) 2023-06-12 12:52:22 Image size of job updated: 549128
	152  -  MemoryUsage of job (MB)
	155168  -  ResidentSetSize of job (KB)
...
006 (310686.002.000) 2023-06-12 12:52:22 Image size of job updated: 549720
	178  -  MemoryUsage of job (MB)
	181760  -  ResidentSetSize of job (KB)
...
006 (310686.003.000) 2023-06-12 12:52:22 Image size of job updated: 549124
	168  -  MemoryUsage of job (MB)
	171828  -  ResidentSetSize of job (KB)
...
006 (310686.006.000) 2023-06-12 12:52:36 Image size of job updated: 684772
	183  -  MemoryUsage of job (MB)
	186604  -  ResidentSetSize of job (KB)
...
005 (310686.006.000) 2023-06-12 12:52:36 Job terminated.
	(1) Normal termination (return value 0)
		Usr 0 00:00:18, Sys 0 00:00:01  -  Run Remote Usage
		Usr 0 00:00:00, Sys 0 00:00:00  -  Run Local Usage
		Usr 0 00:00:18, Sys 0 00:00:01  -  Total Remote Usage
		Usr 0 00:00:00, Sys 0 00:00:00  -  Total Local Usage
	0  -  Run Bytes Sent By Job
	0  -  Run Bytes Received By Job
	0  -  Total Bytes Sent By Job
	0  -  Total Bytes Received By Job
	Partitionable Resources :    Usage  Request Allocated 
	   Cpus                 :     0.80        1         1 
	   Disk (KB)            :     1           1    128913 
	   Memory (MB)          :   183        3900      3968 

	Job terminated of its own accord at 2023-06-12T03:52:36Z.
...
006 (310686.001.000) 2023-06-12 12:52:36 Image size of job updated: 686376
	152  -  MemoryUsage of job (MB)
	155168  -  ResidentSetSize of job (KB)
...
005 (310686.001.000) 2023-06-12 12:52:36 Job terminated.
	(1) Normal termination (return value 0)
		Usr 0 00:00:17, Sys 0 00:00:01  -  Run Remote Usage
		Usr 0 00:00:00, Sys 0 00:00:00  -  Run Local Usage
		Usr 0 00:00:17, Sys 0 00:00:01  -  Total Remote Usage
		Usr 0 00:00:00, Sys 0 00:00:00  -  Total Local Usage
	0  -  Run Bytes Sent By Job
	0  -  Run Bytes Received By Job
	0  -  Total Bytes Sent By Job
	0  -  Total Bytes Received By Job
	Partitionable Resources :    Usage  Request Allocated 
	   Cpus                 :                 1         1 
	   Disk (KB)            :        1        1    128928 
	   Memory (MB)          :      152     3900      3968 

	Job terminated of its own accord at 2023-06-12T03:52:36Z.
...
006 (310686.003.000) 2023-06-12 12:52:41 Image size of job updated: 689648
	168  -  MemoryUsage of job (MB)
	171828  -  ResidentSetSize of job (KB)
...
005 (310686.003.000) 2023-06-12 12:52:41 Job terminated.
	(1) Normal termination (return value 0)
		Usr 0 00:00:21, Sys 0 00:00:01  -  Run Remote Usage
		Usr 0 00:00:00, Sys 0 00:00:00  -  Run Local Usage
		Usr 0 00:00:21, Sys 0 00:00:01  -  Total Remote Usage
		Usr 0 00:00:00, Sys 0 00:00:00  -  Total Local Usage
	0  -  Run Bytes Sent By Job
	0  -  Run Bytes Received By Job
	0  -  Total Bytes Sent By Job
	0  -  Total Bytes Received By Job
	Partitionable Resources :    Usage  Request Allocated 
	   Cpus                 :                 1         1 
	   Disk (KB)            :        1        1    128928 
	   Memory (MB)          :      168     3900      3968 

	Job terminated of its own accord at 2023-06-12T03:52:41Z.
...
006 (310686.005.000) 2023-06-12 12:52:43 Image size of job updated: 685348
	182  -  MemoryUsage of job (MB)
	186060  -  ResidentSetSize of job (KB)
...
005 (310686.005.000) 2023-06-12 12:52:43 Job terminated.
	(1) Normal termination (return value 0)
		Usr 0 00:00:25, Sys 0 00:00:01  -  Run Remote Usage
		Usr 0 00:00:00, Sys 0 00:00:00  -  Run Local Usage
		Usr 0 00:00:25, Sys 0 00:00:01  -  Total Remote Usage
		Usr 0 00:00:00, Sys 0 00:00:00  -  Total Local Usage
	0  -  Run Bytes Sent By Job
	0  -  Run Bytes Received By Job
	0  -  Total Bytes Sent By Job
	0  -  Total Bytes Received By Job
	Partitionable Resources :    Usage  Request Allocated 
	   Cpus                 :     0.80        1         1 
	   Disk (KB)            :     1           1    128913 
	   Memory (MB)          :   182        3900      3968 

	Job terminated of its own accord at 2023-06-12T03:52:43Z.
...
006 (310686.004.000) 2023-06-12 12:52:48 Image size of job updated: 684792
	178  -  MemoryUsage of job (MB)
	181792  -  ResidentSetSize of job (KB)
...
005 (310686.004.000) 2023-06-12 12:52:48 Job terminated.
	(1) Normal termination (return value 0)
		Usr 0 00:00:30, Sys 0 00:00:01  -  Run Remote Usage
		Usr 0 00:00:00, Sys 0 00:00:00  -  Run Local Usage
		Usr 0 00:00:30, Sys 0 00:00:01  -  Total Remote Usage
		Usr 0 00:00:00, Sys 0 00:00:00  -  Total Local Usage
	0  -  Run Bytes Sent By Job
	0  -  Run Bytes Received By Job
	0  -  Total Bytes Sent By Job
	0  -  Total Bytes Received By Job
	Partitionable Resources :    Usage  Request Allocated 
	   Cpus                 :     0.80        1         1 
	   Disk (KB)            :     1           1    128913 
	   Memory (MB)          :   178        3900      3968 

	Job terminated of its own accord at 2023-06-12T03:52:48Z.
...
006 (310686.008.000) 2023-06-12 12:52:49 Image size of job updated: 689472
	183  -  MemoryUsage of job (MB)
	186664  -  ResidentSetSize of job (KB)
...
005 (310686.008.000) 2023-06-12 12:52:49 Job terminated.
	(1) Normal termination (return value 0)
		Usr 0 00:00:32, Sys 0 00:00:01  -  Run Remote Usage
		Usr 0 00:00:00, Sys 0 00:00:00  -  Run Local Usage
		Usr 0 00:00:32, Sys 0 00:00:01  -  Total Remote Usage
		Usr 0 00:00:00, Sys 0 00:00:00  -  Total Local Usage
	0  -  Run Bytes Sent By Job
	0  -  Run Bytes Received By Job
	0  -  Total Bytes Sent By Job
	0  -  Total Bytes Received By Job
	Partitionable Resources :    Usage  Request Allocated 
	   Cpus                 :     0.84        1         1 
	   Disk (KB)            :     1           1    128913 
	   Memory (MB)          :   183        3900      3968 

	Job terminated of its own accord at 2023-06-12T03:52:49Z.
...
006 (310686.009.000) 2023-06-12 12:52:51 Image size of job updated: 689532
	189  -  MemoryUsage of job (MB)
	192580  -  ResidentSetSize of job (KB)
...
005 (310686.009.000) 2023-06-12 12:52:51 Job terminated.
	(1) Normal termination (return value 0)
		Usr 0 00:00:33, Sys 0 00:00:01  -  Run Remote Usage
		Usr 0 00:00:00, Sys 0 00:00:00  -  Run Local Usage
		Usr 0 00:00:33, Sys 0 00:00:01  -  Total Remote Usage
		Usr 0 00:00:00, Sys 0 00:00:00  -  Total Local Usage
	0  -  Run Bytes Sent By Job
	0  -  Run Bytes Received By Job
	0  -  Total Bytes Sent By Job
	0  -  Total Bytes Received By Job
	Partitionable Resources :    Usage  Request Allocated 
	   Cpus                 :     0.82        1         1 
	   Disk (KB)            :     1           1    128913 
	   Memory (MB)          :   189        3900      3968 

	Job terminated of its own accord at 2023-06-12T03:52:51Z.
...
006 (310686.000.000) 2023-06-12 12:52:52 Image size of job updated: 689384
	150  -  MemoryUsage of job (MB)
	153188  -  ResidentSetSize of job (KB)
...
005 (310686.000.000) 2023-06-12 12:52:52 Job terminated.
	(1) Normal termination (return value 0)
		Usr 0 00:00:33, Sys 0 00:00:01  -  Run Remote Usage
		Usr 0 00:00:00, Sys 0 00:00:00  -  Run Local Usage
		Usr 0 00:00:33, Sys 0 00:00:01  -  Total Remote Usage
		Usr 0 00:00:00, Sys 0 00:00:00  -  Total Local Usage
	0  -  Run Bytes Sent By Job
	0  -  Run Bytes Received By Job
	0  -  Total Bytes Sent By Job
	0  -  Total Bytes Received By Job
	Partitionable Resources :    Usage  Request Allocated 
	   Cpus                 :                 1         1 
	   Disk (KB)            :        1        1    128928 
	   Memory (MB)          :      150     3900      3968 

	Job terminated of its own accord at 2023-06-12T03:52:52Z.
...
006 (310686.002.000) 2023-06-12 12:53:10 Image size of job updated: 690852
	178  -  MemoryUsage of job (MB)
	181784  -  ResidentSetSize of job (KB)
...
005 (310686.002.000) 2023-06-12 12:53:10 Job terminated.
	(1) Normal termination (return value 0)
		Usr 0 00:00:50, Sys 0 00:00:01  -  Run Remote Usage
		Usr 0 00:00:00, Sys 0 00:00:00  -  Run Local Usage
		Usr 0 00:00:50, Sys 0 00:00:01  -  Total Remote Usage
		Usr 0 00:00:00, Sys 0 00:00:00  -  Total Local Usage
	0  -  Run Bytes Sent By Job
	0  -  Run Bytes Received By Job
	0  -  Total Bytes Sent By Job
	0  -  Total Bytes Received By Job
	Partitionable Resources :    Usage  Request Allocated 
	   Cpus                 :                 1         1 
	   Disk (KB)            :        1        1    128928 
	   Memory (MB)          :      178     3900      3968 

	Job terminated of its own accord at 2023-06-12T03:53:10Z.
...
006 (310686.007.000) 2023-06-12 12:53:16 Image size of job updated: 690840
	183  -  MemoryUsage of job (MB)
	186936  -  ResidentSetSize of job (KB)
...
005 (310686.007.000) 2023-06-12 12:53:16 Job terminated.
	(1) Normal termination (return value 0)
		Usr 0 00:00:57, Sys 0 00:00:01  -  Run Remote Usage
		Usr 0 00:00:00, Sys 0 00:00:00  -  Run Local Usage
		Usr 0 00:00:57, Sys 0 00:00:01  -  Total Remote Usage
		Usr 0 00:00:00, Sys 0 00:00:00  -  Total Local Usage
	0  -  Run Bytes Sent By Job
	0  -  Run Bytes Received By Job
	0  -  Total Bytes Sent By Job
	0  -  Total Bytes Received By Job
	Partitionable Resources :    Usage  Request Allocated 
	   Cpus                 :     0.79        1         1 
	   Disk (KB)            :     1           1    128913 
	   Memory (MB)          :   183        3900      3968 

	Job terminated of its own accord at 2023-06-12T03:53:16Z.
...
000 (310911.000.000) 2023-06-12 15:21:29 Job submitted from host: <172.30.1.200:9618?addrs=172.30.1.200-9618&alias=tamsa2.snu.ac.kr&noUDP&sock=schedd_3510_2582>
...
000 (310911.001.000) 2023-06-12 15:21:29 Job submitted from host: <172.30.1.200:9618?addrs=172.30.1.200-9618&alias=tamsa2.snu.ac.kr&noUDP&sock=schedd_3510_2582>
...
000 (310911.002.000) 2023-06-12 15:21:29 Job submitted from host: <172.30.1.200:9618?addrs=172.30.1.200-9618&alias=tamsa2.snu.ac.kr&noUDP&sock=schedd_3510_2582>
...
000 (310911.003.000) 2023-06-12 15:21:29 Job submitted from host: <172.30.1.200:9618?addrs=172.30.1.200-9618&alias=tamsa2.snu.ac.kr&noUDP&sock=schedd_3510_2582>
...
000 (310911.004.000) 2023-06-12 15:21:29 Job submitted from host: <172.30.1.200:9618?addrs=172.30.1.200-9618&alias=tamsa2.snu.ac.kr&noUDP&sock=schedd_3510_2582>
...
000 (310911.005.000) 2023-06-12 15:21:29 Job submitted from host: <172.30.1.200:9618?addrs=172.30.1.200-9618&alias=tamsa2.snu.ac.kr&noUDP&sock=schedd_3510_2582>
...
000 (310911.006.000) 2023-06-12 15:21:29 Job submitted from host: <172.30.1.200:9618?addrs=172.30.1.200-9618&alias=tamsa2.snu.ac.kr&noUDP&sock=schedd_3510_2582>
...
000 (310911.007.000) 2023-06-12 15:21:29 Job submitted from host: <172.30.1.200:9618?addrs=172.30.1.200-9618&alias=tamsa2.snu.ac.kr&noUDP&sock=schedd_3510_2582>
...
000 (310911.008.000) 2023-06-12 15:21:29 Job submitted from host: <172.30.1.200:9618?addrs=172.30.1.200-9618&alias=tamsa2.snu.ac.kr&noUDP&sock=schedd_3510_2582>
...
000 (310911.009.000) 2023-06-12 15:21:29 Job submitted from host: <172.30.1.200:9618?addrs=172.30.1.200-9618&alias=tamsa2.snu.ac.kr&noUDP&sock=schedd_3510_2582>
...
040 (310911.000.000) 2023-06-12 15:24:23 Started transferring input files
	Transferring to host: <172.30.1.111:9618?addrs=172.30.1.111-9618&alias=n11&noUDP&sock=slot1_23_4451_e1ce_12938>
...
040 (310911.000.000) 2023-06-12 15:24:23 Finished transferring input files
...
001 (310911.000.000) 2023-06-12 15:24:24 Job executing on host: <172.30.1.111:9618?addrs=172.30.1.111-9618&alias=n11&noUDP&sock=startd_4417_45e8>
...
006 (310911.000.000) 2023-06-12 15:24:33 Image size of job updated: 435156
	184  -  MemoryUsage of job (MB)
	187968  -  ResidentSetSize of job (KB)
...
006 (310911.000.000) 2023-06-12 15:24:58 Image size of job updated: 690708
	184  -  MemoryUsage of job (MB)
	187968  -  ResidentSetSize of job (KB)
...
040 (310911.000.000) 2023-06-12 15:24:58 Started transferring output files
...
040 (310911.000.000) 2023-06-12 15:24:58 Finished transferring output files
...
005 (310911.000.000) 2023-06-12 15:24:58 Job terminated.
	(1) Normal termination (return value 0)
		Usr 0 00:00:28, Sys 0 00:00:01  -  Run Remote Usage
		Usr 0 00:00:00, Sys 0 00:00:00  -  Run Local Usage
		Usr 0 00:00:28, Sys 0 00:00:01  -  Total Remote Usage
		Usr 0 00:00:00, Sys 0 00:00:00  -  Total Local Usage
	5655  -  Run Bytes Sent By Job
	143  -  Run Bytes Received By Job
	5655  -  Total Bytes Sent By Job
	143  -  Total Bytes Received By Job
	Partitionable Resources :    Usage  Request Allocated 
	   Cpus                 :                 1         1 
	   Disk (KB)            :       51        1    127802 
	   GPUs                 :                           0 
	   Memory (MB)          :      184     3900      3968 

	Job terminated of its own accord at 2023-06-12T06:24:58Z.
...
001 (310911.001.000) 2023-06-12 15:25:20 Job executing on host: <172.30.1.205:9618?addrs=172.30.1.205-9618&alias=node5&noUDP&sock=startd_3770_7c22>
...
001 (310911.003.000) 2023-06-12 15:25:20 Job executing on host: <172.30.1.206:9618?addrs=172.30.1.206-9618&alias=node6&noUDP&sock=startd_3777_494c>
...
001 (310911.004.000) 2023-06-12 15:25:20 Job executing on host: <172.30.1.211:9618?addrs=172.30.1.211-9618&alias=node11&noUDP&sock=startd_3790_3407>
...
001 (310911.006.000) 2023-06-12 15:25:20 Job executing on host: <172.30.1.204:9618?addrs=172.30.1.204-9618&alias=node4&noUDP&sock=startd_3843_8e8c>
...
001 (310911.005.000) 2023-06-12 15:25:20 Job executing on host: <172.30.1.203:9618?addrs=172.30.1.203-9618&alias=node3&noUDP&sock=startd_3773_8aeb>
...
001 (310911.007.000) 2023-06-12 15:25:20 Job executing on host: <172.30.1.201:9618?addrs=172.30.1.201-9618&alias=node1&noUDP&sock=startd_4675_3d58>
...
001 (310911.002.000) 2023-06-12 15:25:20 Job executing on host: <172.30.1.205:9618?addrs=172.30.1.205-9618&alias=node5&noUDP&sock=startd_3770_7c22>
...
001 (310911.008.000) 2023-06-12 15:25:20 Job executing on host: <172.30.1.201:9618?addrs=172.30.1.201-9618&alias=node1&noUDP&sock=startd_4675_3d58>
...
001 (310911.009.000) 2023-06-12 15:25:21 Job executing on host: <172.30.1.201:9618?addrs=172.30.1.201-9618&alias=node1&noUDP&sock=startd_4675_3d58>
...
006 (310911.009.000) 2023-06-12 15:25:29 Image size of job updated: 210104
	183  -  MemoryUsage of job (MB)
	187360  -  ResidentSetSize of job (KB)
...
006 (310911.001.000) 2023-06-12 15:25:29 Image size of job updated: 214000
	152  -  MemoryUsage of job (MB)
	155580  -  ResidentSetSize of job (KB)
...
006 (310911.003.000) 2023-06-12 15:25:29 Image size of job updated: 275484
	155  -  MemoryUsage of job (MB)
	158644  -  ResidentSetSize of job (KB)
...
006 (310911.006.000) 2023-06-12 15:25:29 Image size of job updated: 517732
	184  -  MemoryUsage of job (MB)
	187912  -  ResidentSetSize of job (KB)
...
006 (310911.004.000) 2023-06-12 15:25:29 Image size of job updated: 438444
	147  -  MemoryUsage of job (MB)
	149508  -  ResidentSetSize of job (KB)
...
006 (310911.005.000) 2023-06-12 15:25:29 Image size of job updated: 394588
	179  -  MemoryUsage of job (MB)
	183032  -  ResidentSetSize of job (KB)
...
006 (310911.007.000) 2023-06-12 15:25:29 Image size of job updated: 187960
	184  -  MemoryUsage of job (MB)
	187960  -  ResidentSetSize of job (KB)
...
006 (310911.002.000) 2023-06-12 15:25:29 Image size of job updated: 205948
	152  -  MemoryUsage of job (MB)
	154736  -  ResidentSetSize of job (KB)
...
006 (310911.008.000) 2023-06-12 15:25:29 Image size of job updated: 187988
	184  -  MemoryUsage of job (MB)
	187988  -  ResidentSetSize of job (KB)
...
006 (310911.001.000) 2023-06-12 15:25:50 Image size of job updated: 690636
	152  -  MemoryUsage of job (MB)
	155592  -  ResidentSetSize of job (KB)
...
005 (310911.001.000) 2023-06-12 15:25:50 Job terminated.
	(1) Normal termination (return value 0)
		Usr 0 00:00:20, Sys 0 00:00:01  -  Run Remote Usage
		Usr 0 00:00:00, Sys 0 00:00:00  -  Run Local Usage
		Usr 0 00:00:20, Sys 0 00:00:01  -  Total Remote Usage
		Usr 0 00:00:00, Sys 0 00:00:00  -  Total Local Usage
	0  -  Run Bytes Sent By Job
	0  -  Run Bytes Received By Job
	0  -  Total Bytes Sent By Job
	0  -  Total Bytes Received By Job
	Partitionable Resources :    Usage  Request Allocated 
	   Cpus                 :        0        1         1 
	   Disk (KB)            :        1        1    128928 
	   Memory (MB)          :      152     3900      3968 

	Job terminated of its own accord at 2023-06-12T06:25:50Z.
...
006 (310911.002.000) 2023-06-12 15:25:52 Image size of job updated: 690980
	152  -  MemoryUsage of job (MB)
	154736  -  ResidentSetSize of job (KB)
...
005 (310911.002.000) 2023-06-12 15:25:52 Job terminated.
	(1) Normal termination (return value 0)
		Usr 0 00:00:23, Sys 0 00:00:02  -  Run Remote Usage
		Usr 0 00:00:00, Sys 0 00:00:00  -  Run Local Usage
		Usr 0 00:00:23, Sys 0 00:00:02  -  Total Remote Usage
		Usr 0 00:00:00, Sys 0 00:00:00  -  Total Local Usage
	0  -  Run Bytes Sent By Job
	0  -  Run Bytes Received By Job
	0  -  Total Bytes Sent By Job
	0  -  Total Bytes Received By Job
	Partitionable Resources :    Usage  Request Allocated 
	   Cpus                 :        0        1         1 
	   Disk (KB)            :        1        1    128928 
	   Memory (MB)          :      152     3900      3968 

	Job terminated of its own accord at 2023-06-12T06:25:52Z.
...
006 (310911.007.000) 2023-06-12 15:25:53 Image size of job updated: 690812
	184  -  MemoryUsage of job (MB)
	187960  -  ResidentSetSize of job (KB)
...
005 (310911.007.000) 2023-06-12 15:25:53 Job terminated.
	(1) Normal termination (return value 0)
		Usr 0 00:00:25, Sys 0 00:00:01  -  Run Remote Usage
		Usr 0 00:00:00, Sys 0 00:00:00  -  Run Local Usage
		Usr 0 00:00:25, Sys 0 00:00:01  -  Total Remote Usage
		Usr 0 00:00:00, Sys 0 00:00:00  -  Total Local Usage
	0  -  Run Bytes Sent By Job
	0  -  Run Bytes Received By Job
	0  -  Total Bytes Sent By Job
	0  -  Total Bytes Received By Job
	Partitionable Resources :    Usage  Request Allocated 
	   Cpus                 :                 1         1 
	   Disk (KB)            :        1        1    128992 
	   Memory (MB)          :      184     3900      3968 

	Job terminated of its own accord at 2023-06-12T06:25:53Z.
...
006 (310911.005.000) 2023-06-12 15:25:56 Image size of job updated: 691872
	179  -  MemoryUsage of job (MB)
	183032  -  ResidentSetSize of job (KB)
...
005 (310911.005.000) 2023-06-12 15:25:56 Job terminated.
	(1) Normal termination (return value 0)
		Usr 0 00:00:28, Sys 0 00:00:01  -  Run Remote Usage
		Usr 0 00:00:00, Sys 0 00:00:00  -  Run Local Usage
		Usr 0 00:00:28, Sys 0 00:00:01  -  Total Remote Usage
		Usr 0 00:00:00, Sys 0 00:00:00  -  Total Local Usage
	0  -  Run Bytes Sent By Job
	0  -  Run Bytes Received By Job
	0  -  Total Bytes Sent By Job
	0  -  Total Bytes Received By Job
	Partitionable Resources :    Usage  Request Allocated 
	   Cpus                 :                 1         1 
	   Disk (KB)            :        1        1    128928 
	   Memory (MB)          :      179     3900      3968 

	Job terminated of its own accord at 2023-06-12T06:25:56Z.
...
006 (310911.003.000) 2023-06-12 15:25:58 Image size of job updated: 690756
	155  -  MemoryUsage of job (MB)
	158644  -  ResidentSetSize of job (KB)
...
005 (310911.003.000) 2023-06-12 15:25:58 Job terminated.
	(1) Normal termination (return value 0)
		Usr 0 00:00:29, Sys 0 00:00:01  -  Run Remote Usage
		Usr 0 00:00:00, Sys 0 00:00:00  -  Run Local Usage
		Usr 0 00:00:29, Sys 0 00:00:01  -  Total Remote Usage
		Usr 0 00:00:00, Sys 0 00:00:00  -  Total Local Usage
	0  -  Run Bytes Sent By Job
	0  -  Run Bytes Received By Job
	0  -  Total Bytes Sent By Job
	0  -  Total Bytes Received By Job
	Partitionable Resources :    Usage  Request Allocated 
	   Cpus                 :                 1         1 
	   Disk (KB)            :        1        1     95898 
	   Memory (MB)          :      155     3900      3968 

	Job terminated of its own accord at 2023-06-12T06:25:58Z.
...
006 (310911.008.000) 2023-06-12 15:26:03 Image size of job updated: 690788
	184  -  MemoryUsage of job (MB)
	187988  -  ResidentSetSize of job (KB)
...
005 (310911.008.000) 2023-06-12 15:26:03 Job terminated.
	(1) Normal termination (return value 0)
		Usr 0 00:00:37, Sys 0 00:00:01  -  Run Remote Usage
		Usr 0 00:00:00, Sys 0 00:00:00  -  Run Local Usage
		Usr 0 00:00:37, Sys 0 00:00:01  -  Total Remote Usage
		Usr 0 00:00:00, Sys 0 00:00:00  -  Total Local Usage
	0  -  Run Bytes Sent By Job
	0  -  Run Bytes Received By Job
	0  -  Total Bytes Sent By Job
	0  -  Total Bytes Received By Job
	Partitionable Resources :    Usage  Request Allocated 
	   Cpus                 :                 1         1 
	   Disk (KB)            :        1        1    128992 
	   Memory (MB)          :      184     3900      3968 

	Job terminated of its own accord at 2023-06-12T06:26:03Z.
...
006 (310911.004.000) 2023-06-12 15:26:04 Image size of job updated: 686120
	147  -  MemoryUsage of job (MB)
	149508  -  ResidentSetSize of job (KB)
...
005 (310911.004.000) 2023-06-12 15:26:04 Job terminated.
	(1) Normal termination (return value 0)
		Usr 0 00:00:34, Sys 0 00:00:01  -  Run Remote Usage
		Usr 0 00:00:00, Sys 0 00:00:00  -  Run Local Usage
		Usr 0 00:00:34, Sys 0 00:00:01  -  Total Remote Usage
		Usr 0 00:00:00, Sys 0 00:00:00  -  Total Local Usage
	0  -  Run Bytes Sent By Job
	0  -  Run Bytes Received By Job
	0  -  Total Bytes Sent By Job
	0  -  Total Bytes Received By Job
	Partitionable Resources :    Usage  Request Allocated 
	   Cpus                 :                 1         1 
	   Disk (KB)            :        1        1    128928 
	   Memory (MB)          :      147     3900      3968 

	Job terminated of its own accord at 2023-06-12T06:26:04Z.
...
006 (310911.006.000) 2023-06-12 15:26:04 Image size of job updated: 690676
	184  -  MemoryUsage of job (MB)
	187912  -  ResidentSetSize of job (KB)
...
005 (310911.006.000) 2023-06-12 15:26:04 Job terminated.
	(1) Normal termination (return value 0)
		Usr 0 00:00:37, Sys 0 00:00:01  -  Run Remote Usage
		Usr 0 00:00:00, Sys 0 00:00:00  -  Run Local Usage
		Usr 0 00:00:37, Sys 0 00:00:01  -  Total Remote Usage
		Usr 0 00:00:00, Sys 0 00:00:00  -  Total Local Usage
	0  -  Run Bytes Sent By Job
	0  -  Run Bytes Received By Job
	0  -  Total Bytes Sent By Job
	0  -  Total Bytes Received By Job
	Partitionable Resources :    Usage  Request Allocated 
	   Cpus                 :                 1         1 
	   Disk (KB)            :        1        1    128928 
	   Memory (MB)          :      184     3900      3968 

	Job terminated of its own accord at 2023-06-12T06:26:04Z.
...
006 (310911.009.000) 2023-06-12 15:26:06 Image size of job updated: 692132
	183  -  MemoryUsage of job (MB)
	187360  -  ResidentSetSize of job (KB)
...
005 (310911.009.000) 2023-06-12 15:26:06 Job terminated.
	(1) Normal termination (return value 0)
		Usr 0 00:00:40, Sys 0 00:00:01  -  Run Remote Usage
		Usr 0 00:00:00, Sys 0 00:00:00  -  Run Local Usage
		Usr 0 00:00:40, Sys 0 00:00:01  -  Total Remote Usage
		Usr 0 00:00:00, Sys 0 00:00:00  -  Total Local Usage
	0  -  Run Bytes Sent By Job
	0  -  Run Bytes Received By Job
	0  -  Total Bytes Sent By Job
	0  -  Total Bytes Received By Job
	Partitionable Resources :    Usage  Request Allocated 
	   Cpus                 :                 1         1 
	   Disk (KB)            :        1        1    128992 
	   Memory (MB)          :      183     3900      3968 

	Job terminated of its own accord at 2023-06-12T06:26:06Z.
...
000 (310943.000.000) 2023-06-12 16:27:51 Job submitted from host: <172.30.1.200:9618?addrs=172.30.1.200-9618&alias=tamsa2.snu.ac.kr&noUDP&sock=schedd_3510_2582>
...
000 (310943.001.000) 2023-06-12 16:27:51 Job submitted from host: <172.30.1.200:9618?addrs=172.30.1.200-9618&alias=tamsa2.snu.ac.kr&noUDP&sock=schedd_3510_2582>
...
000 (310943.002.000) 2023-06-12 16:27:51 Job submitted from host: <172.30.1.200:9618?addrs=172.30.1.200-9618&alias=tamsa2.snu.ac.kr&noUDP&sock=schedd_3510_2582>
...
000 (310943.003.000) 2023-06-12 16:27:51 Job submitted from host: <172.30.1.200:9618?addrs=172.30.1.200-9618&alias=tamsa2.snu.ac.kr&noUDP&sock=schedd_3510_2582>
...
000 (310943.004.000) 2023-06-12 16:27:51 Job submitted from host: <172.30.1.200:9618?addrs=172.30.1.200-9618&alias=tamsa2.snu.ac.kr&noUDP&sock=schedd_3510_2582>
...
000 (310943.005.000) 2023-06-12 16:27:51 Job submitted from host: <172.30.1.200:9618?addrs=172.30.1.200-9618&alias=tamsa2.snu.ac.kr&noUDP&sock=schedd_3510_2582>
...
000 (310943.006.000) 2023-06-12 16:27:51 Job submitted from host: <172.30.1.200:9618?addrs=172.30.1.200-9618&alias=tamsa2.snu.ac.kr&noUDP&sock=schedd_3510_2582>
...
000 (310943.007.000) 2023-06-12 16:27:51 Job submitted from host: <172.30.1.200:9618?addrs=172.30.1.200-9618&alias=tamsa2.snu.ac.kr&noUDP&sock=schedd_3510_2582>
...
000 (310943.008.000) 2023-06-12 16:27:51 Job submitted from host: <172.30.1.200:9618?addrs=172.30.1.200-9618&alias=tamsa2.snu.ac.kr&noUDP&sock=schedd_3510_2582>
...
000 (310943.009.000) 2023-06-12 16:27:51 Job submitted from host: <172.30.1.200:9618?addrs=172.30.1.200-9618&alias=tamsa2.snu.ac.kr&noUDP&sock=schedd_3510_2582>
...
040 (310943.002.000) 2023-06-12 16:29:04 Started transferring input files
	Transferring to host: <172.30.1.102:9618?addrs=172.30.1.102-9618&alias=n2&noUDP&sock=slot1_3_3347_03a1_18424>
...
040 (310943.002.000) 2023-06-12 16:29:04 Finished transferring input files
...
040 (310943.004.000) 2023-06-12 16:29:04 Started transferring input files
	Transferring to host: <172.30.1.101:9618?addrs=172.30.1.101-9618&alias=n1&noUDP&sock=slot1_10_3367_1b22_14753>
...
040 (310943.004.000) 2023-06-12 16:29:04 Finished transferring input files
...
040 (310943.000.000) 2023-06-12 16:29:04 Started transferring input files
	Transferring to host: <172.30.1.107:9618?addrs=172.30.1.107-9618&alias=n7&noUDP&sock=slot1_11_4258_e566_16026>
...
040 (310943.000.000) 2023-06-12 16:29:04 Finished transferring input files
...
040 (310943.003.000) 2023-06-12 16:29:04 Started transferring input files
	Transferring to host: <172.30.1.102:9618?addrs=172.30.1.102-9618&alias=n2&noUDP&sock=slot1_20_3347_03a1_18425>
...
040 (310943.003.000) 2023-06-12 16:29:04 Finished transferring input files
...
040 (310943.001.000) 2023-06-12 16:29:04 Started transferring input files
	Transferring to host: <172.30.1.107:9618?addrs=172.30.1.107-9618&alias=n7&noUDP&sock=slot1_12_4258_e566_16027>
...
040 (310943.001.000) 2023-06-12 16:29:04 Finished transferring input files
...
040 (310943.005.000) 2023-06-12 16:29:04 Started transferring input files
	Transferring to host: <172.30.1.101:9618?addrs=172.30.1.101-9618&alias=n1&noUDP&sock=slot1_27_3367_1b22_14754>
...
040 (310943.005.000) 2023-06-12 16:29:04 Finished transferring input files
...
040 (310943.006.000) 2023-06-12 16:29:04 Started transferring input files
	Transferring to host: <172.30.1.101:9618?addrs=172.30.1.101-9618&alias=n1&noUDP&sock=slot1_59_3367_1b22_14755>
...
040 (310943.006.000) 2023-06-12 16:29:04 Finished transferring input files
...
001 (310943.002.000) 2023-06-12 16:29:05 Job executing on host: <172.30.1.102:9618?addrs=172.30.1.102-9618&alias=n2&noUDP&sock=startd_3313_055a>
...
001 (310943.004.000) 2023-06-12 16:29:05 Job executing on host: <172.30.1.101:9618?addrs=172.30.1.101-9618&alias=n1&noUDP&sock=startd_3332_0da7>
...
001 (310943.000.000) 2023-06-12 16:29:05 Job executing on host: <172.30.1.107:9618?addrs=172.30.1.107-9618&alias=n7&noUDP&sock=startd_4224_e421>
...
001 (310943.003.000) 2023-06-12 16:29:05 Job executing on host: <172.30.1.102:9618?addrs=172.30.1.102-9618&alias=n2&noUDP&sock=startd_3313_055a>
...
001 (310943.001.000) 2023-06-12 16:29:05 Job executing on host: <172.30.1.107:9618?addrs=172.30.1.107-9618&alias=n7&noUDP&sock=startd_4224_e421>
...
001 (310943.005.000) 2023-06-12 16:29:05 Job executing on host: <172.30.1.101:9618?addrs=172.30.1.101-9618&alias=n1&noUDP&sock=startd_3332_0da7>
...
001 (310943.006.000) 2023-06-12 16:29:05 Job executing on host: <172.30.1.101:9618?addrs=172.30.1.101-9618&alias=n1&noUDP&sock=startd_3332_0da7>
...
006 (310943.004.000) 2023-06-12 16:29:14 Image size of job updated: 110784
	109  -  MemoryUsage of job (MB)
	110784  -  ResidentSetSize of job (KB)
...
006 (310943.005.000) 2023-06-12 16:29:14 Image size of job updated: 113436
	111  -  MemoryUsage of job (MB)
	113436  -  ResidentSetSize of job (KB)
...
006 (310943.006.000) 2023-06-12 16:29:14 Image size of job updated: 111132
	109  -  MemoryUsage of job (MB)
	111132  -  ResidentSetSize of job (KB)
...
006 (310943.002.000) 2023-06-12 16:29:14 Image size of job updated: 154536
	151  -  MemoryUsage of job (MB)
	154536  -  ResidentSetSize of job (KB)
...
006 (310943.000.000) 2023-06-12 16:29:14 Image size of job updated: 550416
	205  -  MemoryUsage of job (MB)
	209344  -  ResidentSetSize of job (KB)
...
006 (310943.001.000) 2023-06-12 16:29:14 Image size of job updated: 550420
	205  -  MemoryUsage of job (MB)
	209312  -  ResidentSetSize of job (KB)
...
006 (310943.003.000) 2023-06-12 16:29:14 Image size of job updated: 154628
	151  -  MemoryUsage of job (MB)
	154624  -  ResidentSetSize of job (KB)
...
006 (310943.001.000) 2023-06-12 16:29:26 Image size of job updated: 688908
	205  -  MemoryUsage of job (MB)
	209312  -  ResidentSetSize of job (KB)
...
040 (310943.001.000) 2023-06-12 16:29:26 Started transferring output files
...
040 (310943.001.000) 2023-06-12 16:29:26 Finished transferring output files
...
005 (310943.001.000) 2023-06-12 16:29:26 Job terminated.
	(1) Normal termination (return value 0)
		Usr 0 00:00:16, Sys 0 00:00:01  -  Run Remote Usage
		Usr 0 00:00:00, Sys 0 00:00:00  -  Run Local Usage
		Usr 0 00:00:16, Sys 0 00:00:01  -  Total Remote Usage
		Usr 0 00:00:00, Sys 0 00:00:00  -  Total Local Usage
	5618  -  Run Bytes Sent By Job
	143  -  Run Bytes Received By Job
	5618  -  Total Bytes Sent By Job
	143  -  Total Bytes Received By Job
	Partitionable Resources :    Usage  Request Allocated 
	   Cpus                 :                 1         1 
	   Disk (KB)            :       51        1    127899 
	   Memory (MB)          :      205     3900      3968 

	Job terminated of its own accord at 2023-06-12T07:29:26Z.
...
006 (310943.000.000) 2023-06-12 16:29:28 Image size of job updated: 689148
	205  -  MemoryUsage of job (MB)
	209344  -  ResidentSetSize of job (KB)
...
040 (310943.000.000) 2023-06-12 16:29:28 Started transferring output files
...
040 (310943.000.000) 2023-06-12 16:29:28 Finished transferring output files
...
005 (310943.000.000) 2023-06-12 16:29:28 Job terminated.
	(1) Normal termination (return value 0)
		Usr 0 00:00:19, Sys 0 00:00:01  -  Run Remote Usage
		Usr 0 00:00:00, Sys 0 00:00:00  -  Run Local Usage
		Usr 0 00:00:19, Sys 0 00:00:01  -  Total Remote Usage
		Usr 0 00:00:00, Sys 0 00:00:00  -  Total Local Usage
	5559  -  Run Bytes Sent By Job
	143  -  Run Bytes Received By Job
	5559  -  Total Bytes Sent By Job
	143  -  Total Bytes Received By Job
	Partitionable Resources :    Usage  Request Allocated 
	   Cpus                 :                 1         1 
	   Disk (KB)            :       50        1    127899 
	   Memory (MB)          :      205     3900      3968 

	Job terminated of its own accord at 2023-06-12T07:29:28Z.
...
006 (310943.002.000) 2023-06-12 16:29:45 Image size of job updated: 686100
	151  -  MemoryUsage of job (MB)
	154536  -  ResidentSetSize of job (KB)
...
040 (310943.002.000) 2023-06-12 16:29:45 Started transferring output files
...
040 (310943.002.000) 2023-06-12 16:29:45 Finished transferring output files
...
005 (310943.002.000) 2023-06-12 16:29:45 Job terminated.
	(1) Normal termination (return value 0)
		Usr 0 00:00:33, Sys 0 00:00:02  -  Run Remote Usage
		Usr 0 00:00:00, Sys 0 00:00:00  -  Run Local Usage
		Usr 0 00:00:33, Sys 0 00:00:02  -  Total Remote Usage
		Usr 0 00:00:00, Sys 0 00:00:00  -  Total Local Usage
	5528  -  Run Bytes Sent By Job
	143  -  Run Bytes Received By Job
	5528  -  Total Bytes Sent By Job
	143  -  Total Bytes Received By Job
	Partitionable Resources :    Usage  Request Allocated 
	   Cpus                 :                 1         1 
	   Disk (KB)            :       50        1    123869 
	   Memory (MB)          :      151     3900      3968 

	Job terminated of its own accord at 2023-06-12T07:29:45Z.
...
001 (310943.007.000) 2023-06-12 16:30:04 Job executing on host: <172.30.1.205:9618?addrs=172.30.1.205-9618&alias=node5&noUDP&sock=startd_3770_7c22>
...
001 (310943.008.000) 2023-06-12 16:30:04 Job executing on host: <172.30.1.206:9618?addrs=172.30.1.206-9618&alias=node6&noUDP&sock=startd_3777_494c>
...
001 (310943.009.000) 2023-06-12 16:30:04 Job executing on host: <172.30.1.207:9618?addrs=172.30.1.207-9618&alias=node7&noUDP&sock=startd_3802_6f2a>
...
006 (310943.006.000) 2023-06-12 16:30:05 Image size of job updated: 686916
	109  -  MemoryUsage of job (MB)
	111560  -  ResidentSetSize of job (KB)
...
040 (310943.006.000) 2023-06-12 16:30:05 Started transferring output files
...
040 (310943.006.000) 2023-06-12 16:30:05 Finished transferring output files
...
005 (310943.006.000) 2023-06-12 16:30:05 Job terminated.
	(1) Normal termination (return value 0)
		Usr 0 00:00:47, Sys 0 00:00:04  -  Run Remote Usage
		Usr 0 00:00:00, Sys 0 00:00:00  -  Run Local Usage
		Usr 0 00:00:47, Sys 0 00:00:04  -  Total Remote Usage
		Usr 0 00:00:00, Sys 0 00:00:00  -  Total Local Usage
	5609  -  Run Bytes Sent By Job
	143  -  Run Bytes Received By Job
	5609  -  Total Bytes Sent By Job
	143  -  Total Bytes Received By Job
	Partitionable Resources :    Usage  Request Allocated 
	   Cpus                 :                 1         1 
	   Disk (KB)            :       51        1    127998 
	   Memory (MB)          :      109     3900      3968 

	Job terminated of its own accord at 2023-06-12T07:30:05Z.
...
006 (310943.005.000) 2023-06-12 16:30:05 Image size of job updated: 691056
	111  -  MemoryUsage of job (MB)
	113440  -  ResidentSetSize of job (KB)
...
040 (310943.005.000) 2023-06-12 16:30:05 Started transferring output files
...
040 (310943.005.000) 2023-06-12 16:30:05 Finished transferring output files
...
005 (310943.005.000) 2023-06-12 16:30:05 Job terminated.
	(1) Normal termination (return value 0)
		Usr 0 00:00:48, Sys 0 00:00:03  -  Run Remote Usage
		Usr 0 00:00:00, Sys 0 00:00:00  -  Run Local Usage
		Usr 0 00:00:48, Sys 0 00:00:03  -  Total Remote Usage
		Usr 0 00:00:00, Sys 0 00:00:00  -  Total Local Usage
	5609  -  Run Bytes Sent By Job
	143  -  Run Bytes Received By Job
	5609  -  Total Bytes Sent By Job
	143  -  Total Bytes Received By Job
	Partitionable Resources :    Usage  Request Allocated 
	   Cpus                 :                 1         1 
	   Disk (KB)            :       51        1    127998 
	   Memory (MB)          :      111     3900      3968 

	Job terminated of its own accord at 2023-06-12T07:30:05Z.
...
006 (310943.004.000) 2023-06-12 16:30:11 Image size of job updated: 690088
	109  -  MemoryUsage of job (MB)
	110844  -  ResidentSetSize of job (KB)
...
040 (310943.004.000) 2023-06-12 16:30:11 Started transferring output files
...
040 (310943.004.000) 2023-06-12 16:30:11 Finished transferring output files
...
005 (310943.004.000) 2023-06-12 16:30:11 Job terminated.
	(1) Normal termination (return value 0)
		Usr 0 00:00:53, Sys 0 00:00:04  -  Run Remote Usage
		Usr 0 00:00:00, Sys 0 00:00:00  -  Run Local Usage
		Usr 0 00:00:53, Sys 0 00:00:04  -  Total Remote Usage
		Usr 0 00:00:00, Sys 0 00:00:00  -  Total Local Usage
	5708  -  Run Bytes Sent By Job
	143  -  Run Bytes Received By Job
	5708  -  Total Bytes Sent By Job
	143  -  Total Bytes Received By Job
	Partitionable Resources :    Usage  Request Allocated 
	   Cpus                 :                 1         1 
	   Disk (KB)            :       51        1    127998 
	   Memory (MB)          :      109     3900      3968 

	Job terminated of its own accord at 2023-06-12T07:30:11Z.
...
006 (310943.007.000) 2023-06-12 16:30:12 Image size of job updated: 154696
	152  -  MemoryUsage of job (MB)
	154676  -  ResidentSetSize of job (KB)
...
006 (310943.009.000) 2023-06-12 16:30:12 Image size of job updated: 475436
	151  -  MemoryUsage of job (MB)
	154500  -  ResidentSetSize of job (KB)
...
006 (310943.008.000) 2023-06-12 16:30:12 Image size of job updated: 169120
	166  -  MemoryUsage of job (MB)
	169120  -  ResidentSetSize of job (KB)
...
006 (310943.003.000) 2023-06-12 16:30:12 Image size of job updated: 689952
	151  -  MemoryUsage of job (MB)
	154624  -  ResidentSetSize of job (KB)
...
040 (310943.003.000) 2023-06-12 16:30:12 Started transferring output files
...
040 (310943.003.000) 2023-06-12 16:30:12 Finished transferring output files
...
005 (310943.003.000) 2023-06-12 16:30:12 Job terminated.
	(1) Normal termination (return value 0)
		Usr 0 00:01:00, Sys 0 00:00:03  -  Run Remote Usage
		Usr 0 00:00:00, Sys 0 00:00:00  -  Run Local Usage
		Usr 0 00:01:00, Sys 0 00:00:03  -  Total Remote Usage
		Usr 0 00:00:00, Sys 0 00:00:00  -  Total Local Usage
	5621  -  Run Bytes Sent By Job
	143  -  Run Bytes Received By Job
	5621  -  Total Bytes Sent By Job
	143  -  Total Bytes Received By Job
	Partitionable Resources :    Usage  Request Allocated 
	   Cpus                 :                 1         1 
	   Disk (KB)            :       51        1    123869 
	   Memory (MB)          :      151     3900      3968 

	Job terminated of its own accord at 2023-06-12T07:30:12Z.
...
006 (310943.009.000) 2023-06-12 16:30:36 Image size of job updated: 686532
	151  -  MemoryUsage of job (MB)
	154500  -  ResidentSetSize of job (KB)
...
005 (310943.009.000) 2023-06-12 16:30:36 Job terminated.
	(1) Normal termination (return value 0)
		Usr 0 00:00:25, Sys 0 00:00:01  -  Run Remote Usage
		Usr 0 00:00:00, Sys 0 00:00:00  -  Run Local Usage
		Usr 0 00:00:25, Sys 0 00:00:01  -  Total Remote Usage
		Usr 0 00:00:00, Sys 0 00:00:00  -  Total Local Usage
	0  -  Run Bytes Sent By Job
	0  -  Run Bytes Received By Job
	0  -  Total Bytes Sent By Job
	0  -  Total Bytes Received By Job
	Partitionable Resources :    Usage  Request Allocated 
	   Cpus                 :     0.85        1         1 
	   Disk (KB)            :     1           1    128928 
	   Memory (MB)          :   151        3900      3968 

	Job terminated of its own accord at 2023-06-12T07:30:36Z.
...
006 (310943.007.000) 2023-06-12 16:30:50 Image size of job updated: 690776
	152  -  MemoryUsage of job (MB)
	154676  -  ResidentSetSize of job (KB)
...
005 (310943.007.000) 2023-06-12 16:30:50 Job terminated.
	(1) Normal termination (return value 0)
		Usr 0 00:00:39, Sys 0 00:00:01  -  Run Remote Usage
		Usr 0 00:00:00, Sys 0 00:00:00  -  Run Local Usage
		Usr 0 00:00:39, Sys 0 00:00:01  -  Total Remote Usage
		Usr 0 00:00:00, Sys 0 00:00:00  -  Total Local Usage
	0  -  Run Bytes Sent By Job
	0  -  Run Bytes Received By Job
	0  -  Total Bytes Sent By Job
	0  -  Total Bytes Received By Job
	Partitionable Resources :    Usage  Request Allocated 
	   Cpus                 :     0.71        1         1 
	   Disk (KB)            :     1           1    128928 
	   Memory (MB)          :   152        3900      3968 

	Job terminated of its own accord at 2023-06-12T07:30:50Z.
...
006 (310943.008.000) 2023-06-12 16:31:16 Image size of job updated: 691920
	166  -  MemoryUsage of job (MB)
	169132  -  ResidentSetSize of job (KB)
...
005 (310943.008.000) 2023-06-12 16:31:16 Job terminated.
	(1) Normal termination (return value 0)
		Usr 0 00:01:05, Sys 0 00:00:01  -  Run Remote Usage
		Usr 0 00:00:00, Sys 0 00:00:00  -  Run Local Usage
		Usr 0 00:01:05, Sys 0 00:00:01  -  Total Remote Usage
		Usr 0 00:00:00, Sys 0 00:00:00  -  Total Local Usage
	0  -  Run Bytes Sent By Job
	0  -  Run Bytes Received By Job
	0  -  Total Bytes Sent By Job
	0  -  Total Bytes Received By Job
	Partitionable Resources :    Usage  Request Allocated 
	   Cpus                 :        0        1         1 
	   Disk (KB)            :        1        1     95898 
	   Memory (MB)          :      166     3900      3968 

	Job terminated of its own accord at 2023-06-12T07:31:16Z.
...
