000 (330125.000.000) 2023-07-25 11:52:14 Job submitted from host: <172.30.1.200:9618?addrs=172.30.1.200-9618&alias=tamsa2.snu.ac.kr&noUDP&sock=schedd_3510_2582>
...
000 (330125.001.000) 2023-07-25 11:52:14 Job submitted from host: <172.30.1.200:9618?addrs=172.30.1.200-9618&alias=tamsa2.snu.ac.kr&noUDP&sock=schedd_3510_2582>
...
000 (330125.002.000) 2023-07-25 11:52:14 Job submitted from host: <172.30.1.200:9618?addrs=172.30.1.200-9618&alias=tamsa2.snu.ac.kr&noUDP&sock=schedd_3510_2582>
...
000 (330125.003.000) 2023-07-25 11:52:14 Job submitted from host: <172.30.1.200:9618?addrs=172.30.1.200-9618&alias=tamsa2.snu.ac.kr&noUDP&sock=schedd_3510_2582>
...
000 (330125.004.000) 2023-07-25 11:52:14 Job submitted from host: <172.30.1.200:9618?addrs=172.30.1.200-9618&alias=tamsa2.snu.ac.kr&noUDP&sock=schedd_3510_2582>
...
000 (330125.005.000) 2023-07-25 11:52:14 Job submitted from host: <172.30.1.200:9618?addrs=172.30.1.200-9618&alias=tamsa2.snu.ac.kr&noUDP&sock=schedd_3510_2582>
...
000 (330125.006.000) 2023-07-25 11:52:14 Job submitted from host: <172.30.1.200:9618?addrs=172.30.1.200-9618&alias=tamsa2.snu.ac.kr&noUDP&sock=schedd_3510_2582>
...
000 (330125.007.000) 2023-07-25 11:52:14 Job submitted from host: <172.30.1.200:9618?addrs=172.30.1.200-9618&alias=tamsa2.snu.ac.kr&noUDP&sock=schedd_3510_2582>
...
000 (330125.008.000) 2023-07-25 11:52:14 Job submitted from host: <172.30.1.200:9618?addrs=172.30.1.200-9618&alias=tamsa2.snu.ac.kr&noUDP&sock=schedd_3510_2582>
...
000 (330125.009.000) 2023-07-25 11:52:14 Job submitted from host: <172.30.1.200:9618?addrs=172.30.1.200-9618&alias=tamsa2.snu.ac.kr&noUDP&sock=schedd_3510_2582>
...
001 (330125.004.000) 2023-07-25 11:52:29 Job executing on host: <172.30.1.206:9618?addrs=172.30.1.206-9618&alias=node6&noUDP&sock=startd_3777_494c>
...
001 (330125.006.000) 2023-07-25 11:52:29 Job executing on host: <172.30.1.206:9618?addrs=172.30.1.206-9618&alias=node6&noUDP&sock=startd_3777_494c>
...
001 (330125.005.000) 2023-07-25 11:52:29 Job executing on host: <172.30.1.206:9618?addrs=172.30.1.206-9618&alias=node6&noUDP&sock=startd_3777_494c>
...
001 (330125.007.000) 2023-07-25 11:52:29 Job executing on host: <172.30.1.206:9618?addrs=172.30.1.206-9618&alias=node6&noUDP&sock=startd_3777_494c>
...
001 (330125.008.000) 2023-07-25 11:52:29 Job executing on host: <172.30.1.206:9618?addrs=172.30.1.206-9618&alias=node6&noUDP&sock=startd_3777_494c>
...
001 (330125.009.000) 2023-07-25 11:52:29 Job executing on host: <172.30.1.206:9618?addrs=172.30.1.206-9618&alias=node6&noUDP&sock=startd_3777_494c>
...
001 (330125.002.000) 2023-07-25 11:52:29 Job executing on host: <172.30.1.205:9618?addrs=172.30.1.205-9618&alias=node5&noUDP&sock=startd_3770_7c22>
...
001 (330125.000.000) 2023-07-25 11:52:29 Job executing on host: <172.30.1.205:9618?addrs=172.30.1.205-9618&alias=node5&noUDP&sock=startd_3770_7c22>
...
001 (330125.001.000) 2023-07-25 11:52:29 Job executing on host: <172.30.1.205:9618?addrs=172.30.1.205-9618&alias=node5&noUDP&sock=startd_3770_7c22>
...
001 (330125.003.000) 2023-07-25 11:52:29 Job executing on host: <172.30.1.205:9618?addrs=172.30.1.205-9618&alias=node5&noUDP&sock=startd_3770_7c22>
...
006 (330125.004.000) 2023-07-25 11:52:37 Image size of job updated: 146888
	131  -  MemoryUsage of job (MB)
	133376  -  ResidentSetSize of job (KB)
...
006 (330125.006.000) 2023-07-25 11:52:37 Image size of job updated: 140240
	133  -  MemoryUsage of job (MB)
	135640  -  ResidentSetSize of job (KB)
...
006 (330125.005.000) 2023-07-25 11:52:37 Image size of job updated: 148788
	136  -  MemoryUsage of job (MB)
	139256  -  ResidentSetSize of job (KB)
...
006 (330125.007.000) 2023-07-25 11:52:37 Image size of job updated: 158928
	139  -  MemoryUsage of job (MB)
	141908  -  ResidentSetSize of job (KB)
...
006 (330125.008.000) 2023-07-25 11:52:37 Image size of job updated: 152084
	142  -  MemoryUsage of job (MB)
	145244  -  ResidentSetSize of job (KB)
...
006 (330125.009.000) 2023-07-25 11:52:38 Image size of job updated: 193956
	174  -  MemoryUsage of job (MB)
	177180  -  ResidentSetSize of job (KB)
...
006 (330125.002.000) 2023-07-25 11:52:38 Image size of job updated: 499008
	206  -  MemoryUsage of job (MB)
	210388  -  ResidentSetSize of job (KB)
...
006 (330125.000.000) 2023-07-25 11:52:38 Image size of job updated: 498852
	200  -  MemoryUsage of job (MB)
	204452  -  ResidentSetSize of job (KB)
...
006 (330125.001.000) 2023-07-25 11:52:38 Image size of job updated: 498024
	182  -  MemoryUsage of job (MB)
	186344  -  ResidentSetSize of job (KB)
...
006 (330125.003.000) 2023-07-25 11:52:38 Image size of job updated: 499008
	195  -  MemoryUsage of job (MB)
	199416  -  ResidentSetSize of job (KB)
...
006 (330125.002.000) 2023-07-25 11:52:48 Image size of job updated: 687572
	206  -  MemoryUsage of job (MB)
	210388  -  ResidentSetSize of job (KB)
...
005 (330125.002.000) 2023-07-25 11:52:48 Job terminated.
	(1) Normal termination (return value 0)
		Usr 0 00:00:15, Sys 0 00:00:00  -  Run Remote Usage
		Usr 0 00:00:00, Sys 0 00:00:00  -  Run Local Usage
		Usr 0 00:00:15, Sys 0 00:00:00  -  Total Remote Usage
		Usr 0 00:00:00, Sys 0 00:00:00  -  Total Local Usage
	0  -  Run Bytes Sent By Job
	0  -  Run Bytes Received By Job
	0  -  Total Bytes Sent By Job
	0  -  Total Bytes Received By Job
	Partitionable Resources :    Usage  Request Allocated 
	   Cpus                 :                 1         1 
	   Disk (KB)            :        1        1    128928 
	   Memory (MB)          :      206     3900      3968 

	Job terminated of its own accord at 2023-07-25T02:52:48Z.
...
006 (330125.000.000) 2023-07-25 11:52:50 Image size of job updated: 685780
	200  -  MemoryUsage of job (MB)
	204560  -  ResidentSetSize of job (KB)
...
005 (330125.000.000) 2023-07-25 11:52:50 Job terminated.
	(1) Normal termination (return value 0)
		Usr 0 00:00:17, Sys 0 00:00:00  -  Run Remote Usage
		Usr 0 00:00:00, Sys 0 00:00:00  -  Run Local Usage
		Usr 0 00:00:17, Sys 0 00:00:00  -  Total Remote Usage
		Usr 0 00:00:00, Sys 0 00:00:00  -  Total Local Usage
	0  -  Run Bytes Sent By Job
	0  -  Run Bytes Received By Job
	0  -  Total Bytes Sent By Job
	0  -  Total Bytes Received By Job
	Partitionable Resources :    Usage  Request Allocated 
	   Cpus                 :                 1         1 
	   Disk (KB)            :        1        1    128928 
	   Memory (MB)          :      200     3900      3968 

	Job terminated of its own accord at 2023-07-25T02:52:50Z.
...
006 (330125.003.000) 2023-07-25 11:52:50 Image size of job updated: 685772
	195  -  MemoryUsage of job (MB)
	199476  -  ResidentSetSize of job (KB)
...
006 (330125.008.000) 2023-07-25 11:52:50 Image size of job updated: 685816
	142  -  MemoryUsage of job (MB)
	145272  -  ResidentSetSize of job (KB)
...
005 (330125.003.000) 2023-07-25 11:52:50 Job terminated.
	(1) Normal termination (return value 0)
		Usr 0 00:00:18, Sys 0 00:00:01  -  Run Remote Usage
		Usr 0 00:00:00, Sys 0 00:00:00  -  Run Local Usage
		Usr 0 00:00:18, Sys 0 00:00:01  -  Total Remote Usage
		Usr 0 00:00:00, Sys 0 00:00:00  -  Total Local Usage
	0  -  Run Bytes Sent By Job
	0  -  Run Bytes Received By Job
	0  -  Total Bytes Sent By Job
	0  -  Total Bytes Received By Job
	Partitionable Resources :    Usage  Request Allocated 
	   Cpus                 :                 1         1 
	   Disk (KB)            :        1        1    128928 
	   Memory (MB)          :      195     3900      3968 

	Job terminated of its own accord at 2023-07-25T02:52:50Z.
...
005 (330125.008.000) 2023-07-25 11:52:50 Job terminated.
	(1) Normal termination (return value 0)
		Usr 0 00:00:14, Sys 0 00:00:00  -  Run Remote Usage
		Usr 0 00:00:00, Sys 0 00:00:00  -  Run Local Usage
		Usr 0 00:00:14, Sys 0 00:00:00  -  Total Remote Usage
		Usr 0 00:00:00, Sys 0 00:00:00  -  Total Local Usage
	0  -  Run Bytes Sent By Job
	0  -  Run Bytes Received By Job
	0  -  Total Bytes Sent By Job
	0  -  Total Bytes Received By Job
	Partitionable Resources :    Usage  Request Allocated 
	   Cpus                 :                 1         1 
	   Disk (KB)            :        1        1     95898 
	   Memory (MB)          :      142     3900      3968 

	Job terminated of its own accord at 2023-07-25T02:52:50Z.
...
006 (330125.007.000) 2023-07-25 11:52:50 Image size of job updated: 685716
	139  -  MemoryUsage of job (MB)
	142032  -  ResidentSetSize of job (KB)
...
005 (330125.007.000) 2023-07-25 11:52:50 Job terminated.
	(1) Normal termination (return value 0)
		Usr 0 00:00:14, Sys 0 00:00:01  -  Run Remote Usage
		Usr 0 00:00:00, Sys 0 00:00:00  -  Run Local Usage
		Usr 0 00:00:14, Sys 0 00:00:01  -  Total Remote Usage
		Usr 0 00:00:00, Sys 0 00:00:00  -  Total Local Usage
	0  -  Run Bytes Sent By Job
	0  -  Run Bytes Received By Job
	0  -  Total Bytes Sent By Job
	0  -  Total Bytes Received By Job
	Partitionable Resources :    Usage  Request Allocated 
	   Cpus                 :                 1         1 
	   Disk (KB)            :        1        1     95898 
	   Memory (MB)          :      139     3900      3968 

	Job terminated of its own accord at 2023-07-25T02:52:50Z.
...
006 (330125.009.000) 2023-07-25 11:52:51 Image size of job updated: 685796
	174  -  MemoryUsage of job (MB)
	177180  -  ResidentSetSize of job (KB)
...
005 (330125.009.000) 2023-07-25 11:52:51 Job terminated.
	(1) Normal termination (return value 0)
		Usr 0 00:00:14, Sys 0 00:00:01  -  Run Remote Usage
		Usr 0 00:00:00, Sys 0 00:00:00  -  Run Local Usage
		Usr 0 00:00:14, Sys 0 00:00:01  -  Total Remote Usage
		Usr 0 00:00:00, Sys 0 00:00:00  -  Total Local Usage
	0  -  Run Bytes Sent By Job
	0  -  Run Bytes Received By Job
	0  -  Total Bytes Sent By Job
	0  -  Total Bytes Received By Job
	Partitionable Resources :    Usage  Request Allocated 
	   Cpus                 :                 1         1 
	   Disk (KB)            :        1        1     95898 
	   Memory (MB)          :      174     3900      3968 

	Job terminated of its own accord at 2023-07-25T02:52:51Z.
...
006 (330125.006.000) 2023-07-25 11:52:51 Image size of job updated: 685800
	133  -  MemoryUsage of job (MB)
	135676  -  ResidentSetSize of job (KB)
...
005 (330125.006.000) 2023-07-25 11:52:51 Job terminated.
	(1) Normal termination (return value 0)
		Usr 0 00:00:15, Sys 0 00:00:01  -  Run Remote Usage
		Usr 0 00:00:00, Sys 0 00:00:00  -  Run Local Usage
		Usr 0 00:00:15, Sys 0 00:00:01  -  Total Remote Usage
		Usr 0 00:00:00, Sys 0 00:00:00  -  Total Local Usage
	0  -  Run Bytes Sent By Job
	0  -  Run Bytes Received By Job
	0  -  Total Bytes Sent By Job
	0  -  Total Bytes Received By Job
	Partitionable Resources :    Usage  Request Allocated 
	   Cpus                 :                 1         1 
	   Disk (KB)            :        1        1     95898 
	   Memory (MB)          :      133     3900      3968 

	Job terminated of its own accord at 2023-07-25T02:52:51Z.
...
006 (330125.001.000) 2023-07-25 11:52:53 Image size of job updated: 685860
	182  -  MemoryUsage of job (MB)
	186344  -  ResidentSetSize of job (KB)
...
005 (330125.001.000) 2023-07-25 11:52:53 Job terminated.
	(1) Normal termination (return value 0)
		Usr 0 00:00:19, Sys 0 00:00:00  -  Run Remote Usage
		Usr 0 00:00:00, Sys 0 00:00:00  -  Run Local Usage
		Usr 0 00:00:19, Sys 0 00:00:00  -  Total Remote Usage
		Usr 0 00:00:00, Sys 0 00:00:00  -  Total Local Usage
	0  -  Run Bytes Sent By Job
	0  -  Run Bytes Received By Job
	0  -  Total Bytes Sent By Job
	0  -  Total Bytes Received By Job
	Partitionable Resources :    Usage  Request Allocated 
	   Cpus                 :                 1         1 
	   Disk (KB)            :        1        1    128928 
	   Memory (MB)          :      182     3900      3968 

	Job terminated of its own accord at 2023-07-25T02:52:53Z.
...
006 (330125.005.000) 2023-07-25 11:52:55 Image size of job updated: 685824
	137  -  MemoryUsage of job (MB)
	139284  -  ResidentSetSize of job (KB)
...
005 (330125.005.000) 2023-07-25 11:52:55 Job terminated.
	(1) Normal termination (return value 0)
		Usr 0 00:00:17, Sys 0 00:00:01  -  Run Remote Usage
		Usr 0 00:00:00, Sys 0 00:00:00  -  Run Local Usage
		Usr 0 00:00:17, Sys 0 00:00:01  -  Total Remote Usage
		Usr 0 00:00:00, Sys 0 00:00:00  -  Total Local Usage
	0  -  Run Bytes Sent By Job
	0  -  Run Bytes Received By Job
	0  -  Total Bytes Sent By Job
	0  -  Total Bytes Received By Job
	Partitionable Resources :    Usage  Request Allocated 
	   Cpus                 :                 1         1 
	   Disk (KB)            :        1        1     95898 
	   Memory (MB)          :      137     3900      3968 

	Job terminated of its own accord at 2023-07-25T02:52:55Z.
...
006 (330125.004.000) 2023-07-25 11:52:58 Image size of job updated: 685848
	131  -  MemoryUsage of job (MB)
	133436  -  ResidentSetSize of job (KB)
...
005 (330125.004.000) 2023-07-25 11:52:58 Job terminated.
	(1) Normal termination (return value 0)
		Usr 0 00:00:20, Sys 0 00:00:01  -  Run Remote Usage
		Usr 0 00:00:00, Sys 0 00:00:00  -  Run Local Usage
		Usr 0 00:00:20, Sys 0 00:00:01  -  Total Remote Usage
		Usr 0 00:00:00, Sys 0 00:00:00  -  Total Local Usage
	0  -  Run Bytes Sent By Job
	0  -  Run Bytes Received By Job
	0  -  Total Bytes Sent By Job
	0  -  Total Bytes Received By Job
	Partitionable Resources :    Usage  Request Allocated 
	   Cpus                 :                 1         1 
	   Disk (KB)            :        1        1     95898 
	   Memory (MB)          :      131     3900      3968 

	Job terminated of its own accord at 2023-07-25T02:52:58Z.
...
