000 (310181.000.000) 2023-06-09 16:01:01 Job submitted from host: <172.30.1.200:9618?addrs=172.30.1.200-9618&alias=tamsa2.snu.ac.kr&noUDP&sock=schedd_3510_2582>
...
000 (310181.001.000) 2023-06-09 16:01:01 Job submitted from host: <172.30.1.200:9618?addrs=172.30.1.200-9618&alias=tamsa2.snu.ac.kr&noUDP&sock=schedd_3510_2582>
...
000 (310181.002.000) 2023-06-09 16:01:01 Job submitted from host: <172.30.1.200:9618?addrs=172.30.1.200-9618&alias=tamsa2.snu.ac.kr&noUDP&sock=schedd_3510_2582>
...
000 (310181.003.000) 2023-06-09 16:01:01 Job submitted from host: <172.30.1.200:9618?addrs=172.30.1.200-9618&alias=tamsa2.snu.ac.kr&noUDP&sock=schedd_3510_2582>
...
000 (310181.004.000) 2023-06-09 16:01:01 Job submitted from host: <172.30.1.200:9618?addrs=172.30.1.200-9618&alias=tamsa2.snu.ac.kr&noUDP&sock=schedd_3510_2582>
...
000 (310181.005.000) 2023-06-09 16:01:01 Job submitted from host: <172.30.1.200:9618?addrs=172.30.1.200-9618&alias=tamsa2.snu.ac.kr&noUDP&sock=schedd_3510_2582>
...
000 (310181.006.000) 2023-06-09 16:01:01 Job submitted from host: <172.30.1.200:9618?addrs=172.30.1.200-9618&alias=tamsa2.snu.ac.kr&noUDP&sock=schedd_3510_2582>
...
000 (310181.007.000) 2023-06-09 16:01:01 Job submitted from host: <172.30.1.200:9618?addrs=172.30.1.200-9618&alias=tamsa2.snu.ac.kr&noUDP&sock=schedd_3510_2582>
...
000 (310181.008.000) 2023-06-09 16:01:01 Job submitted from host: <172.30.1.200:9618?addrs=172.30.1.200-9618&alias=tamsa2.snu.ac.kr&noUDP&sock=schedd_3510_2582>
...
000 (310181.009.000) 2023-06-09 16:01:01 Job submitted from host: <172.30.1.200:9618?addrs=172.30.1.200-9618&alias=tamsa2.snu.ac.kr&noUDP&sock=schedd_3510_2582>
...
001 (310181.005.000) 2023-06-09 16:01:16 Job executing on host: <172.30.1.205:9618?addrs=172.30.1.205-9618&alias=node5&noUDP&sock=startd_3770_7c22>
...
001 (310181.004.000) 2023-06-09 16:01:16 Job executing on host: <172.30.1.205:9618?addrs=172.30.1.205-9618&alias=node5&noUDP&sock=startd_3770_7c22>
...
001 (310181.000.000) 2023-06-09 16:01:16 Job executing on host: <172.30.1.202:9618?addrs=172.30.1.202-9618&alias=node2&noUDP&sock=startd_19693_56a6>
...
001 (310181.001.000) 2023-06-09 16:01:16 Job executing on host: <172.30.1.202:9618?addrs=172.30.1.202-9618&alias=node2&noUDP&sock=startd_19693_56a6>
...
001 (310181.008.000) 2023-06-09 16:01:16 Job executing on host: <172.30.1.205:9618?addrs=172.30.1.205-9618&alias=node5&noUDP&sock=startd_3770_7c22>
...
001 (310181.002.000) 2023-06-09 16:01:16 Job executing on host: <172.30.1.202:9618?addrs=172.30.1.202-9618&alias=node2&noUDP&sock=startd_19693_56a6>
...
001 (310181.006.000) 2023-06-09 16:01:16 Job executing on host: <172.30.1.205:9618?addrs=172.30.1.205-9618&alias=node5&noUDP&sock=startd_3770_7c22>
...
001 (310181.003.000) 2023-06-09 16:01:16 Job executing on host: <172.30.1.202:9618?addrs=172.30.1.202-9618&alias=node2&noUDP&sock=startd_19693_56a6>
...
001 (310181.007.000) 2023-06-09 16:01:16 Job executing on host: <172.30.1.205:9618?addrs=172.30.1.205-9618&alias=node5&noUDP&sock=startd_3770_7c22>
...
001 (310181.009.000) 2023-06-09 16:01:16 Job executing on host: <172.30.1.205:9618?addrs=172.30.1.205-9618&alias=node5&noUDP&sock=startd_3770_7c22>
...
006 (310181.000.000) 2023-06-09 16:01:25 Image size of job updated: 408952
	183  -  MemoryUsage of job (MB)
	186624  -  ResidentSetSize of job (KB)
...
006 (310181.001.000) 2023-06-09 16:01:25 Image size of job updated: 413940
	183  -  MemoryUsage of job (MB)
	186648  -  ResidentSetSize of job (KB)
...
006 (310181.005.000) 2023-06-09 16:01:25 Image size of job updated: 186672
	183  -  MemoryUsage of job (MB)
	186672  -  ResidentSetSize of job (KB)
...
006 (310181.004.000) 2023-06-09 16:01:25 Image size of job updated: 186636
	183  -  MemoryUsage of job (MB)
	186636  -  ResidentSetSize of job (KB)
...
006 (310181.008.000) 2023-06-09 16:01:25 Image size of job updated: 186616
	183  -  MemoryUsage of job (MB)
	186616  -  ResidentSetSize of job (KB)
...
006 (310181.002.000) 2023-06-09 16:01:25 Image size of job updated: 410832
	183  -  MemoryUsage of job (MB)
	186636  -  ResidentSetSize of job (KB)
...
006 (310181.006.000) 2023-06-09 16:01:25 Image size of job updated: 205036
	201  -  MemoryUsage of job (MB)
	205036  -  ResidentSetSize of job (KB)
...
006 (310181.003.000) 2023-06-09 16:01:25 Image size of job updated: 410832
	183  -  MemoryUsage of job (MB)
	186652  -  ResidentSetSize of job (KB)
...
006 (310181.007.000) 2023-06-09 16:01:25 Image size of job updated: 186628
	183  -  MemoryUsage of job (MB)
	186628  -  ResidentSetSize of job (KB)
...
006 (310181.009.000) 2023-06-09 16:01:25 Image size of job updated: 186784
	183  -  MemoryUsage of job (MB)
	186784  -  ResidentSetSize of job (KB)
...
006 (310181.002.000) 2023-06-09 16:02:11 Image size of job updated: 688172
	183  -  MemoryUsage of job (MB)
	186636  -  ResidentSetSize of job (KB)
...
005 (310181.002.000) 2023-06-09 16:02:11 Job terminated.
	(1) Normal termination (return value 0)
		Usr 0 00:00:50, Sys 0 00:00:01  -  Run Remote Usage
		Usr 0 00:00:00, Sys 0 00:00:00  -  Run Local Usage
		Usr 0 00:00:50, Sys 0 00:00:01  -  Total Remote Usage
		Usr 0 00:00:00, Sys 0 00:00:00  -  Total Local Usage
	0  -  Run Bytes Sent By Job
	0  -  Run Bytes Received By Job
	0  -  Total Bytes Sent By Job
	0  -  Total Bytes Received By Job
	Partitionable Resources :    Usage  Request Allocated 
	   Cpus                 :                 1         1 
	   Disk (KB)            :        1        1    128913 
	   Memory (MB)          :      183     3900      3968 

	Job terminated of its own accord at 2023-06-09T07:02:11Z.
...
006 (310181.005.000) 2023-06-09 16:02:26 Image size of job updated: 685700
	183  -  MemoryUsage of job (MB)
	186672  -  ResidentSetSize of job (KB)
...
005 (310181.005.000) 2023-06-09 16:02:27 Job terminated.
	(1) Normal termination (return value 0)
		Usr 0 00:01:01, Sys 0 00:00:01  -  Run Remote Usage
		Usr 0 00:00:00, Sys 0 00:00:00  -  Run Local Usage
		Usr 0 00:01:01, Sys 0 00:00:01  -  Total Remote Usage
		Usr 0 00:00:00, Sys 0 00:00:00  -  Total Local Usage
	0  -  Run Bytes Sent By Job
	0  -  Run Bytes Received By Job
	0  -  Total Bytes Sent By Job
	0  -  Total Bytes Received By Job
	Partitionable Resources :    Usage  Request Allocated 
	   Cpus                 :                 1         1 
	   Disk (KB)            :        1        1    128928 
	   Memory (MB)          :      183     3900      3968 

	Job terminated of its own accord at 2023-06-09T07:02:26Z.
...
006 (310181.004.000) 2023-06-09 16:02:33 Image size of job updated: 688732
	183  -  MemoryUsage of job (MB)
	186636  -  ResidentSetSize of job (KB)
...
005 (310181.004.000) 2023-06-09 16:02:33 Job terminated.
	(1) Normal termination (return value 0)
		Usr 0 00:01:13, Sys 0 00:00:01  -  Run Remote Usage
		Usr 0 00:00:00, Sys 0 00:00:00  -  Run Local Usage
		Usr 0 00:01:13, Sys 0 00:00:01  -  Total Remote Usage
		Usr 0 00:00:00, Sys 0 00:00:00  -  Total Local Usage
	0  -  Run Bytes Sent By Job
	0  -  Run Bytes Received By Job
	0  -  Total Bytes Sent By Job
	0  -  Total Bytes Received By Job
	Partitionable Resources :    Usage  Request Allocated 
	   Cpus                 :                 1         1 
	   Disk (KB)            :        1        1    128928 
	   Memory (MB)          :      183     3900      3968 

	Job terminated of its own accord at 2023-06-09T07:02:33Z.
...
006 (310181.007.000) 2023-06-09 16:02:34 Image size of job updated: 690816
	183  -  MemoryUsage of job (MB)
	186628  -  ResidentSetSize of job (KB)
...
005 (310181.007.000) 2023-06-09 16:02:34 Job terminated.
	(1) Normal termination (return value 0)
		Usr 0 00:01:12, Sys 0 00:00:01  -  Run Remote Usage
		Usr 0 00:00:00, Sys 0 00:00:00  -  Run Local Usage
		Usr 0 00:01:12, Sys 0 00:00:01  -  Total Remote Usage
		Usr 0 00:00:00, Sys 0 00:00:00  -  Total Local Usage
	0  -  Run Bytes Sent By Job
	0  -  Run Bytes Received By Job
	0  -  Total Bytes Sent By Job
	0  -  Total Bytes Received By Job
	Partitionable Resources :    Usage  Request Allocated 
	   Cpus                 :                 1         1 
	   Disk (KB)            :        1        1    128928 
	   Memory (MB)          :      183     3900      3968 

	Job terminated of its own accord at 2023-06-09T07:02:34Z.
...
006 (310181.006.000) 2023-06-09 16:02:35 Image size of job updated: 691552
	201  -  MemoryUsage of job (MB)
	205048  -  ResidentSetSize of job (KB)
...
005 (310181.006.000) 2023-06-09 16:02:35 Job terminated.
	(1) Normal termination (return value 0)
		Usr 0 00:01:13, Sys 0 00:00:01  -  Run Remote Usage
		Usr 0 00:00:00, Sys 0 00:00:00  -  Run Local Usage
		Usr 0 00:01:13, Sys 0 00:00:01  -  Total Remote Usage
		Usr 0 00:00:00, Sys 0 00:00:00  -  Total Local Usage
	0  -  Run Bytes Sent By Job
	0  -  Run Bytes Received By Job
	0  -  Total Bytes Sent By Job
	0  -  Total Bytes Received By Job
	Partitionable Resources :    Usage  Request Allocated 
	   Cpus                 :                 1         1 
	   Disk (KB)            :        1        1    128928 
	   Memory (MB)          :      201     3900      3968 

	Job terminated of its own accord at 2023-06-09T07:02:35Z.
...
006 (310181.001.000) 2023-06-09 16:02:41 Image size of job updated: 690748
	183  -  MemoryUsage of job (MB)
	186648  -  ResidentSetSize of job (KB)
...
005 (310181.001.000) 2023-06-09 16:02:41 Job terminated.
	(1) Normal termination (return value 0)
		Usr 0 00:01:18, Sys 0 00:00:01  -  Run Remote Usage
		Usr 0 00:00:00, Sys 0 00:00:00  -  Run Local Usage
		Usr 0 00:01:18, Sys 0 00:00:01  -  Total Remote Usage
		Usr 0 00:00:00, Sys 0 00:00:00  -  Total Local Usage
	0  -  Run Bytes Sent By Job
	0  -  Run Bytes Received By Job
	0  -  Total Bytes Sent By Job
	0  -  Total Bytes Received By Job
	Partitionable Resources :    Usage  Request Allocated 
	   Cpus                 :     0.99        1         1 
	   Disk (KB)            :     1           1    128913 
	   Memory (MB)          :   183        3900      3968 

	Job terminated of its own accord at 2023-06-09T07:02:41Z.
...
006 (310181.008.000) 2023-06-09 16:02:41 Image size of job updated: 688692
	183  -  MemoryUsage of job (MB)
	186616  -  ResidentSetSize of job (KB)
...
005 (310181.008.000) 2023-06-09 16:02:41 Job terminated.
	(1) Normal termination (return value 0)
		Usr 0 00:01:20, Sys 0 00:00:01  -  Run Remote Usage
		Usr 0 00:00:00, Sys 0 00:00:00  -  Run Local Usage
		Usr 0 00:01:20, Sys 0 00:00:01  -  Total Remote Usage
		Usr 0 00:00:00, Sys 0 00:00:00  -  Total Local Usage
	0  -  Run Bytes Sent By Job
	0  -  Run Bytes Received By Job
	0  -  Total Bytes Sent By Job
	0  -  Total Bytes Received By Job
	Partitionable Resources :    Usage  Request Allocated 
	   Cpus                 :                 1         1 
	   Disk (KB)            :        1        1    128928 
	   Memory (MB)          :      183     3900      3968 

	Job terminated of its own accord at 2023-06-09T07:02:41Z.
...
006 (310181.009.000) 2023-06-09 16:02:43 Image size of job updated: 694368
	183  -  MemoryUsage of job (MB)
	186784  -  ResidentSetSize of job (KB)
...
005 (310181.009.000) 2023-06-09 16:02:43 Job terminated.
	(1) Normal termination (return value 0)
		Usr 0 00:01:20, Sys 0 00:00:01  -  Run Remote Usage
		Usr 0 00:00:00, Sys 0 00:00:00  -  Run Local Usage
		Usr 0 00:01:20, Sys 0 00:00:01  -  Total Remote Usage
		Usr 0 00:00:00, Sys 0 00:00:00  -  Total Local Usage
	0  -  Run Bytes Sent By Job
	0  -  Run Bytes Received By Job
	0  -  Total Bytes Sent By Job
	0  -  Total Bytes Received By Job
	Partitionable Resources :    Usage  Request Allocated 
	   Cpus                 :                 1         1 
	   Disk (KB)            :        1        1    128928 
	   Memory (MB)          :      183     3900      3968 

	Job terminated of its own accord at 2023-06-09T07:02:43Z.
...
006 (310181.003.000) 2023-06-09 16:02:44 Image size of job updated: 690756
	183  -  MemoryUsage of job (MB)
	186652  -  ResidentSetSize of job (KB)
...
005 (310181.003.000) 2023-06-09 16:02:44 Job terminated.
	(1) Normal termination (return value 0)
		Usr 0 00:01:20, Sys 0 00:00:01  -  Run Remote Usage
		Usr 0 00:00:00, Sys 0 00:00:00  -  Run Local Usage
		Usr 0 00:01:20, Sys 0 00:00:01  -  Total Remote Usage
		Usr 0 00:00:00, Sys 0 00:00:00  -  Total Local Usage
	0  -  Run Bytes Sent By Job
	0  -  Run Bytes Received By Job
	0  -  Total Bytes Sent By Job
	0  -  Total Bytes Received By Job
	Partitionable Resources :    Usage  Request Allocated 
	   Cpus                 :     1.00        1         1 
	   Disk (KB)            :     1           1    128913 
	   Memory (MB)          :   183        3900      3968 

	Job terminated of its own accord at 2023-06-09T07:02:44Z.
...
006 (310181.000.000) 2023-06-09 16:03:34 Image size of job updated: 690224
	183  -  MemoryUsage of job (MB)
	186624  -  ResidentSetSize of job (KB)
...
005 (310181.000.000) 2023-06-09 16:03:34 Job terminated.
	(1) Normal termination (return value 0)
		Usr 0 00:02:13, Sys 0 00:00:02  -  Run Remote Usage
		Usr 0 00:00:00, Sys 0 00:00:00  -  Run Local Usage
		Usr 0 00:02:13, Sys 0 00:00:02  -  Total Remote Usage
		Usr 0 00:00:00, Sys 0 00:00:00  -  Total Local Usage
	0  -  Run Bytes Sent By Job
	0  -  Run Bytes Received By Job
	0  -  Total Bytes Sent By Job
	0  -  Total Bytes Received By Job
	Partitionable Resources :    Usage  Request Allocated 
	   Cpus                 :     1.00        1         1 
	   Disk (KB)            :     1           1    128913 
	   Memory (MB)          :   183        3900      3968 

	Job terminated of its own accord at 2023-06-09T07:03:34Z.
...
