000 (311089.000.000) 2023-06-12 18:34:27 Job submitted from host: <172.30.1.200:9618?addrs=172.30.1.200-9618&alias=tamsa2.snu.ac.kr&noUDP&sock=schedd_3510_2582>
...
000 (311089.001.000) 2023-06-12 18:34:27 Job submitted from host: <172.30.1.200:9618?addrs=172.30.1.200-9618&alias=tamsa2.snu.ac.kr&noUDP&sock=schedd_3510_2582>
...
000 (311089.002.000) 2023-06-12 18:34:27 Job submitted from host: <172.30.1.200:9618?addrs=172.30.1.200-9618&alias=tamsa2.snu.ac.kr&noUDP&sock=schedd_3510_2582>
...
000 (311089.003.000) 2023-06-12 18:34:27 Job submitted from host: <172.30.1.200:9618?addrs=172.30.1.200-9618&alias=tamsa2.snu.ac.kr&noUDP&sock=schedd_3510_2582>
...
000 (311089.004.000) 2023-06-12 18:34:27 Job submitted from host: <172.30.1.200:9618?addrs=172.30.1.200-9618&alias=tamsa2.snu.ac.kr&noUDP&sock=schedd_3510_2582>
...
000 (311089.005.000) 2023-06-12 18:34:27 Job submitted from host: <172.30.1.200:9618?addrs=172.30.1.200-9618&alias=tamsa2.snu.ac.kr&noUDP&sock=schedd_3510_2582>
...
000 (311089.006.000) 2023-06-12 18:34:27 Job submitted from host: <172.30.1.200:9618?addrs=172.30.1.200-9618&alias=tamsa2.snu.ac.kr&noUDP&sock=schedd_3510_2582>
...
000 (311089.007.000) 2023-06-12 18:34:27 Job submitted from host: <172.30.1.200:9618?addrs=172.30.1.200-9618&alias=tamsa2.snu.ac.kr&noUDP&sock=schedd_3510_2582>
...
000 (311089.008.000) 2023-06-12 18:34:27 Job submitted from host: <172.30.1.200:9618?addrs=172.30.1.200-9618&alias=tamsa2.snu.ac.kr&noUDP&sock=schedd_3510_2582>
...
000 (311089.009.000) 2023-06-12 18:34:27 Job submitted from host: <172.30.1.200:9618?addrs=172.30.1.200-9618&alias=tamsa2.snu.ac.kr&noUDP&sock=schedd_3510_2582>
...
040 (311089.009.000) 2023-06-12 18:34:39 Started transferring input files
	Transferring to host: <172.30.1.110:9618?addrs=172.30.1.110-9618&alias=n10&noUDP&sock=slot1_1_4288_08a7_22655>
...
040 (311089.009.000) 2023-06-12 18:34:39 Finished transferring input files
...
040 (311089.000.000) 2023-06-12 18:34:39 Started transferring input files
	Transferring to host: <172.30.1.109:9618?addrs=172.30.1.109-9618&alias=n9&noUDP&sock=slot1_22_4265_d407_23142>
...
040 (311089.000.000) 2023-06-12 18:34:39 Finished transferring input files
...
040 (311089.001.000) 2023-06-12 18:34:39 Started transferring input files
	Transferring to host: <172.30.1.109:9618?addrs=172.30.1.109-9618&alias=n9&noUDP&sock=slot1_23_4265_d407_23143>
...
040 (311089.001.000) 2023-06-12 18:34:39 Finished transferring input files
...
040 (311089.003.000) 2023-06-12 18:34:39 Started transferring input files
	Transferring to host: <172.30.1.109:9618?addrs=172.30.1.109-9618&alias=n9&noUDP&sock=slot1_25_4265_d407_23144>
...
040 (311089.003.000) 2023-06-12 18:34:39 Finished transferring input files
...
040 (311089.002.000) 2023-06-12 18:34:39 Started transferring input files
	Transferring to host: <172.30.1.109:9618?addrs=172.30.1.109-9618&alias=n9&noUDP&sock=slot1_24_4265_d407_23145>
...
040 (311089.002.000) 2023-06-12 18:34:39 Finished transferring input files
...
040 (311089.004.000) 2023-06-12 18:34:39 Started transferring input files
	Transferring to host: <172.30.1.109:9618?addrs=172.30.1.109-9618&alias=n9&noUDP&sock=slot1_26_4265_d407_23146>
...
040 (311089.004.000) 2023-06-12 18:34:39 Finished transferring input files
...
040 (311089.005.000) 2023-06-12 18:34:39 Started transferring input files
	Transferring to host: <172.30.1.109:9618?addrs=172.30.1.109-9618&alias=n9&noUDP&sock=slot1_27_4265_d407_23147>
...
040 (311089.005.000) 2023-06-12 18:34:39 Finished transferring input files
...
040 (311089.006.000) 2023-06-12 18:34:39 Started transferring input files
	Transferring to host: <172.30.1.109:9618?addrs=172.30.1.109-9618&alias=n9&noUDP&sock=slot1_28_4265_d407_23148>
...
040 (311089.006.000) 2023-06-12 18:34:39 Finished transferring input files
...
040 (311089.007.000) 2023-06-12 18:34:39 Started transferring input files
	Transferring to host: <172.30.1.109:9618?addrs=172.30.1.109-9618&alias=n9&noUDP&sock=slot1_32_4265_d407_23149>
...
040 (311089.007.000) 2023-06-12 18:34:39 Finished transferring input files
...
040 (311089.008.000) 2023-06-12 18:34:39 Started transferring input files
	Transferring to host: <172.30.1.109:9618?addrs=172.30.1.109-9618&alias=n9&noUDP&sock=slot1_33_4265_d407_23150>
...
040 (311089.008.000) 2023-06-12 18:34:39 Finished transferring input files
...
001 (311089.009.000) 2023-06-12 18:34:40 Job executing on host: <172.30.1.110:9618?addrs=172.30.1.110-9618&alias=n10&noUDP&sock=startd_4254_77f9>
...
001 (311089.000.000) 2023-06-12 18:34:40 Job executing on host: <172.30.1.109:9618?addrs=172.30.1.109-9618&alias=n9&noUDP&sock=startd_4231_b14b>
...
001 (311089.001.000) 2023-06-12 18:34:40 Job executing on host: <172.30.1.109:9618?addrs=172.30.1.109-9618&alias=n9&noUDP&sock=startd_4231_b14b>
...
001 (311089.003.000) 2023-06-12 18:34:40 Job executing on host: <172.30.1.109:9618?addrs=172.30.1.109-9618&alias=n9&noUDP&sock=startd_4231_b14b>
...
001 (311089.002.000) 2023-06-12 18:34:40 Job executing on host: <172.30.1.109:9618?addrs=172.30.1.109-9618&alias=n9&noUDP&sock=startd_4231_b14b>
...
001 (311089.004.000) 2023-06-12 18:34:40 Job executing on host: <172.30.1.109:9618?addrs=172.30.1.109-9618&alias=n9&noUDP&sock=startd_4231_b14b>
...
001 (311089.005.000) 2023-06-12 18:34:40 Job executing on host: <172.30.1.109:9618?addrs=172.30.1.109-9618&alias=n9&noUDP&sock=startd_4231_b14b>
...
001 (311089.006.000) 2023-06-12 18:34:40 Job executing on host: <172.30.1.109:9618?addrs=172.30.1.109-9618&alias=n9&noUDP&sock=startd_4231_b14b>
...
001 (311089.007.000) 2023-06-12 18:34:40 Job executing on host: <172.30.1.109:9618?addrs=172.30.1.109-9618&alias=n9&noUDP&sock=startd_4231_b14b>
...
001 (311089.008.000) 2023-06-12 18:34:40 Job executing on host: <172.30.1.109:9618?addrs=172.30.1.109-9618&alias=n9&noUDP&sock=startd_4231_b14b>
...
006 (311089.009.000) 2023-06-12 18:34:48 Image size of job updated: 655652
	195  -  MemoryUsage of job (MB)
	199164  -  ResidentSetSize of job (KB)
...
006 (311089.000.000) 2023-06-12 18:34:48 Image size of job updated: 196812
	193  -  MemoryUsage of job (MB)
	196812  -  ResidentSetSize of job (KB)
...
006 (311089.001.000) 2023-06-12 18:34:48 Image size of job updated: 203024
	199  -  MemoryUsage of job (MB)
	203024  -  ResidentSetSize of job (KB)
...
006 (311089.003.000) 2023-06-12 18:34:49 Image size of job updated: 209800
	205  -  MemoryUsage of job (MB)
	209800  -  ResidentSetSize of job (KB)
...
006 (311089.002.000) 2023-06-12 18:34:49 Image size of job updated: 209796
	205  -  MemoryUsage of job (MB)
	209796  -  ResidentSetSize of job (KB)
...
006 (311089.004.000) 2023-06-12 18:34:49 Image size of job updated: 209568
	205  -  MemoryUsage of job (MB)
	209568  -  ResidentSetSize of job (KB)
...
006 (311089.005.000) 2023-06-12 18:34:49 Image size of job updated: 188264
	184  -  MemoryUsage of job (MB)
	188264  -  ResidentSetSize of job (KB)
...
006 (311089.006.000) 2023-06-12 18:34:49 Image size of job updated: 208344
	204  -  MemoryUsage of job (MB)
	208344  -  ResidentSetSize of job (KB)
...
006 (311089.007.000) 2023-06-12 18:34:49 Image size of job updated: 208124
	204  -  MemoryUsage of job (MB)
	208124  -  ResidentSetSize of job (KB)
...
006 (311089.008.000) 2023-06-12 18:34:49 Image size of job updated: 208820
	204  -  MemoryUsage of job (MB)
	208820  -  ResidentSetSize of job (KB)
...
006 (311089.008.000) 2023-06-12 18:35:13 Image size of job updated: 696196
	204  -  MemoryUsage of job (MB)
	208820  -  ResidentSetSize of job (KB)
...
040 (311089.008.000) 2023-06-12 18:35:13 Started transferring output files
...
040 (311089.008.000) 2023-06-12 18:35:13 Finished transferring output files
...
005 (311089.008.000) 2023-06-12 18:35:13 Job terminated.
	(1) Normal termination (return value 0)
		Usr 0 00:00:26, Sys 0 00:00:01  -  Run Remote Usage
		Usr 0 00:00:00, Sys 0 00:00:00  -  Run Local Usage
		Usr 0 00:00:26, Sys 0 00:00:01  -  Total Remote Usage
		Usr 0 00:00:00, Sys 0 00:00:00  -  Total Local Usage
	9144  -  Run Bytes Sent By Job
	149  -  Run Bytes Received By Job
	9144  -  Total Bytes Sent By Job
	149  -  Total Bytes Received By Job
	Partitionable Resources :    Usage  Request Allocated 
	   Cpus                 :                 1         1 
	   Disk (KB)            :       54        1    127899 
	   Memory (MB)          :      204     3900      3968 

	Job terminated of its own accord at 2023-06-12T09:35:13Z.
...
006 (311089.001.000) 2023-06-12 18:35:16 Image size of job updated: 701484
	199  -  MemoryUsage of job (MB)
	203044  -  ResidentSetSize of job (KB)
...
040 (311089.001.000) 2023-06-12 18:35:16 Started transferring output files
...
040 (311089.001.000) 2023-06-12 18:35:16 Finished transferring output files
...
005 (311089.001.000) 2023-06-12 18:35:16 Job terminated.
	(1) Normal termination (return value 0)
		Usr 0 00:00:30, Sys 0 00:00:01  -  Run Remote Usage
		Usr 0 00:00:00, Sys 0 00:00:00  -  Run Local Usage
		Usr 0 00:00:30, Sys 0 00:00:01  -  Total Remote Usage
		Usr 0 00:00:00, Sys 0 00:00:00  -  Total Local Usage
	9257  -  Run Bytes Sent By Job
	149  -  Run Bytes Received By Job
	9257  -  Total Bytes Sent By Job
	149  -  Total Bytes Received By Job
	Partitionable Resources :    Usage  Request Allocated 
	   Cpus                 :                 1         1 
	   Disk (KB)            :       54        1    127899 
	   Memory (MB)          :      199     3900      3968 

	Job terminated of its own accord at 2023-06-12T09:35:16Z.
...
006 (311089.009.000) 2023-06-12 18:35:17 Image size of job updated: 696256
	195  -  MemoryUsage of job (MB)
	199164  -  ResidentSetSize of job (KB)
...
040 (311089.009.000) 2023-06-12 18:35:17 Started transferring output files
...
040 (311089.009.000) 2023-06-12 18:35:17 Finished transferring output files
...
005 (311089.009.000) 2023-06-12 18:35:17 Job terminated.
	(1) Normal termination (return value 0)
		Usr 0 00:00:30, Sys 0 00:00:01  -  Run Remote Usage
		Usr 0 00:00:00, Sys 0 00:00:00  -  Run Local Usage
		Usr 0 00:00:30, Sys 0 00:00:01  -  Total Remote Usage
		Usr 0 00:00:00, Sys 0 00:00:00  -  Total Local Usage
	9206  -  Run Bytes Sent By Job
	149  -  Run Bytes Received By Job
	9206  -  Total Bytes Sent By Job
	149  -  Total Bytes Received By Job
	Partitionable Resources :    Usage  Request Allocated 
	   Cpus                 :                 1         1 
	   Disk (KB)            :       54        1    127899 
	   Memory (MB)          :      195     3900      3968 

	Job terminated of its own accord at 2023-06-12T09:35:17Z.
...
006 (311089.003.000) 2023-06-12 18:35:17 Image size of job updated: 696124
	205  -  MemoryUsage of job (MB)
	209800  -  ResidentSetSize of job (KB)
...
006 (311089.002.000) 2023-06-12 18:35:17 Image size of job updated: 696348
	205  -  MemoryUsage of job (MB)
	209796  -  ResidentSetSize of job (KB)
...
040 (311089.003.000) 2023-06-12 18:35:17 Started transferring output files
...
040 (311089.002.000) 2023-06-12 18:35:17 Started transferring output files
...
040 (311089.003.000) 2023-06-12 18:35:17 Finished transferring output files
...
005 (311089.003.000) 2023-06-12 18:35:17 Job terminated.
	(1) Normal termination (return value 0)
		Usr 0 00:00:31, Sys 0 00:00:01  -  Run Remote Usage
		Usr 0 00:00:00, Sys 0 00:00:00  -  Run Local Usage
		Usr 0 00:00:31, Sys 0 00:00:01  -  Total Remote Usage
		Usr 0 00:00:00, Sys 0 00:00:00  -  Total Local Usage
	9257  -  Run Bytes Sent By Job
	149  -  Run Bytes Received By Job
	9257  -  Total Bytes Sent By Job
	149  -  Total Bytes Received By Job
	Partitionable Resources :    Usage  Request Allocated 
	   Cpus                 :                 1         1 
	   Disk (KB)            :       54        1    127899 
	   Memory (MB)          :      205     3900      3968 

	Job terminated of its own accord at 2023-06-12T09:35:17Z.
...
040 (311089.002.000) 2023-06-12 18:35:17 Finished transferring output files
...
005 (311089.002.000) 2023-06-12 18:35:17 Job terminated.
	(1) Normal termination (return value 0)
		Usr 0 00:00:30, Sys 0 00:00:01  -  Run Remote Usage
		Usr 0 00:00:00, Sys 0 00:00:00  -  Run Local Usage
		Usr 0 00:00:30, Sys 0 00:00:01  -  Total Remote Usage
		Usr 0 00:00:00, Sys 0 00:00:00  -  Total Local Usage
	9195  -  Run Bytes Sent By Job
	149  -  Run Bytes Received By Job
	9195  -  Total Bytes Sent By Job
	149  -  Total Bytes Received By Job
	Partitionable Resources :    Usage  Request Allocated 
	   Cpus                 :                 1         1 
	   Disk (KB)            :       54        1    127899 
	   Memory (MB)          :      205     3900      3968 

	Job terminated of its own accord at 2023-06-12T09:35:17Z.
...
006 (311089.000.000) 2023-06-12 18:35:17 Image size of job updated: 692700
	193  -  MemoryUsage of job (MB)
	196824  -  ResidentSetSize of job (KB)
...
040 (311089.000.000) 2023-06-12 18:35:17 Started transferring output files
...
040 (311089.000.000) 2023-06-12 18:35:17 Finished transferring output files
...
005 (311089.000.000) 2023-06-12 18:35:17 Job terminated.
	(1) Normal termination (return value 0)
		Usr 0 00:00:31, Sys 0 00:00:01  -  Run Remote Usage
		Usr 0 00:00:00, Sys 0 00:00:00  -  Run Local Usage
		Usr 0 00:00:31, Sys 0 00:00:01  -  Total Remote Usage
		Usr 0 00:00:00, Sys 0 00:00:00  -  Total Local Usage
	9319  -  Run Bytes Sent By Job
	149  -  Run Bytes Received By Job
	9319  -  Total Bytes Sent By Job
	149  -  Total Bytes Received By Job
	Partitionable Resources :    Usage  Request Allocated 
	   Cpus                 :                 1         1 
	   Disk (KB)            :       54        1    127899 
	   Memory (MB)          :      193     3900      3968 

	Job terminated of its own accord at 2023-06-12T09:35:17Z.
...
006 (311089.004.000) 2023-06-12 18:35:18 Image size of job updated: 694504
	205  -  MemoryUsage of job (MB)
	209568  -  ResidentSetSize of job (KB)
...
040 (311089.004.000) 2023-06-12 18:35:18 Started transferring output files
...
040 (311089.004.000) 2023-06-12 18:35:18 Finished transferring output files
...
005 (311089.004.000) 2023-06-12 18:35:18 Job terminated.
	(1) Normal termination (return value 0)
		Usr 0 00:00:32, Sys 0 00:00:01  -  Run Remote Usage
		Usr 0 00:00:00, Sys 0 00:00:00  -  Run Local Usage
		Usr 0 00:00:32, Sys 0 00:00:01  -  Total Remote Usage
		Usr 0 00:00:00, Sys 0 00:00:00  -  Total Local Usage
	9309  -  Run Bytes Sent By Job
	149  -  Run Bytes Received By Job
	9309  -  Total Bytes Sent By Job
	149  -  Total Bytes Received By Job
	Partitionable Resources :    Usage  Request Allocated 
	   Cpus                 :                 1         1 
	   Disk (KB)            :       54        1    127899 
	   Memory (MB)          :      205     3900      3968 

	Job terminated of its own accord at 2023-06-12T09:35:18Z.
...
006 (311089.006.000) 2023-06-12 18:35:18 Image size of job updated: 696540
	204  -  MemoryUsage of job (MB)
	208344  -  ResidentSetSize of job (KB)
...
040 (311089.006.000) 2023-06-12 18:35:18 Started transferring output files
...
040 (311089.006.000) 2023-06-12 18:35:18 Finished transferring output files
...
005 (311089.006.000) 2023-06-12 18:35:18 Job terminated.
	(1) Normal termination (return value 0)
		Usr 0 00:00:32, Sys 0 00:00:01  -  Run Remote Usage
		Usr 0 00:00:00, Sys 0 00:00:00  -  Run Local Usage
		Usr 0 00:00:32, Sys 0 00:00:01  -  Total Remote Usage
		Usr 0 00:00:00, Sys 0 00:00:00  -  Total Local Usage
	9330  -  Run Bytes Sent By Job
	149  -  Run Bytes Received By Job
	9330  -  Total Bytes Sent By Job
	149  -  Total Bytes Received By Job
	Partitionable Resources :    Usage  Request Allocated 
	   Cpus                 :                 1         1 
	   Disk (KB)            :       54        1    127899 
	   Memory (MB)          :      204     3900      3968 

	Job terminated of its own accord at 2023-06-12T09:35:18Z.
...
006 (311089.007.000) 2023-06-12 18:35:19 Image size of job updated: 696172
	204  -  MemoryUsage of job (MB)
	208124  -  ResidentSetSize of job (KB)
...
040 (311089.007.000) 2023-06-12 18:35:19 Started transferring output files
...
040 (311089.007.000) 2023-06-12 18:35:19 Finished transferring output files
...
005 (311089.007.000) 2023-06-12 18:35:19 Job terminated.
	(1) Normal termination (return value 0)
		Usr 0 00:00:33, Sys 0 00:00:01  -  Run Remote Usage
		Usr 0 00:00:00, Sys 0 00:00:00  -  Run Local Usage
		Usr 0 00:00:33, Sys 0 00:00:01  -  Total Remote Usage
		Usr 0 00:00:00, Sys 0 00:00:00  -  Total Local Usage
	9206  -  Run Bytes Sent By Job
	149  -  Run Bytes Received By Job
	9206  -  Total Bytes Sent By Job
	149  -  Total Bytes Received By Job
	Partitionable Resources :    Usage  Request Allocated 
	   Cpus                 :                 1         1 
	   Disk (KB)            :       54        1    127899 
	   Memory (MB)          :      204     3900      3968 

	Job terminated of its own accord at 2023-06-12T09:35:19Z.
...
006 (311089.005.000) 2023-06-12 18:35:21 Image size of job updated: 698260
	184  -  MemoryUsage of job (MB)
	188264  -  ResidentSetSize of job (KB)
...
040 (311089.005.000) 2023-06-12 18:35:21 Started transferring output files
...
040 (311089.005.000) 2023-06-12 18:35:21 Finished transferring output files
...
005 (311089.005.000) 2023-06-12 18:35:21 Job terminated.
	(1) Normal termination (return value 0)
		Usr 0 00:00:36, Sys 0 00:00:01  -  Run Remote Usage
		Usr 0 00:00:00, Sys 0 00:00:00  -  Run Local Usage
		Usr 0 00:00:36, Sys 0 00:00:01  -  Total Remote Usage
		Usr 0 00:00:00, Sys 0 00:00:00  -  Total Local Usage
	9299  -  Run Bytes Sent By Job
	149  -  Run Bytes Received By Job
	9299  -  Total Bytes Sent By Job
	149  -  Total Bytes Received By Job
	Partitionable Resources :    Usage  Request Allocated 
	   Cpus                 :                 1         1 
	   Disk (KB)            :       54        1    127899 
	   Memory (MB)          :      184     3900      3968 

	Job terminated of its own accord at 2023-06-12T09:35:21Z.
...
