000 (311157.000.000) 2023-06-12 20:26:22 Job submitted from host: <172.30.1.200:9618?addrs=172.30.1.200-9618&alias=tamsa2.snu.ac.kr&noUDP&sock=schedd_3510_2582>
...
000 (311157.001.000) 2023-06-12 20:26:22 Job submitted from host: <172.30.1.200:9618?addrs=172.30.1.200-9618&alias=tamsa2.snu.ac.kr&noUDP&sock=schedd_3510_2582>
...
000 (311157.002.000) 2023-06-12 20:26:22 Job submitted from host: <172.30.1.200:9618?addrs=172.30.1.200-9618&alias=tamsa2.snu.ac.kr&noUDP&sock=schedd_3510_2582>
...
000 (311157.003.000) 2023-06-12 20:26:22 Job submitted from host: <172.30.1.200:9618?addrs=172.30.1.200-9618&alias=tamsa2.snu.ac.kr&noUDP&sock=schedd_3510_2582>
...
000 (311157.004.000) 2023-06-12 20:26:22 Job submitted from host: <172.30.1.200:9618?addrs=172.30.1.200-9618&alias=tamsa2.snu.ac.kr&noUDP&sock=schedd_3510_2582>
...
000 (311157.005.000) 2023-06-12 20:26:22 Job submitted from host: <172.30.1.200:9618?addrs=172.30.1.200-9618&alias=tamsa2.snu.ac.kr&noUDP&sock=schedd_3510_2582>
...
000 (311157.006.000) 2023-06-12 20:26:22 Job submitted from host: <172.30.1.200:9618?addrs=172.30.1.200-9618&alias=tamsa2.snu.ac.kr&noUDP&sock=schedd_3510_2582>
...
000 (311157.007.000) 2023-06-12 20:26:22 Job submitted from host: <172.30.1.200:9618?addrs=172.30.1.200-9618&alias=tamsa2.snu.ac.kr&noUDP&sock=schedd_3510_2582>
...
000 (311157.008.000) 2023-06-12 20:26:22 Job submitted from host: <172.30.1.200:9618?addrs=172.30.1.200-9618&alias=tamsa2.snu.ac.kr&noUDP&sock=schedd_3510_2582>
...
000 (311157.009.000) 2023-06-12 20:26:22 Job submitted from host: <172.30.1.200:9618?addrs=172.30.1.200-9618&alias=tamsa2.snu.ac.kr&noUDP&sock=schedd_3510_2582>
...
040 (311157.003.000) 2023-06-12 20:28:27 Started transferring input files
	Transferring to host: <172.30.1.105:9618?addrs=172.30.1.105-9618&alias=n5&noUDP&sock=slot1_1_3332_7201_9460>
...
040 (311157.003.000) 2023-06-12 20:28:27 Finished transferring input files
...
040 (311157.004.000) 2023-06-12 20:28:27 Started transferring input files
	Transferring to host: <172.30.1.108:9618?addrs=172.30.1.108-9618&alias=n8&noUDP&sock=slot1_6_4278_fce7_22406>
...
040 (311157.004.000) 2023-06-12 20:28:27 Finished transferring input files
...
040 (311157.007.000) 2023-06-12 20:28:27 Started transferring input files
	Transferring to host: <172.30.1.109:9618?addrs=172.30.1.109-9618&alias=n9&noUDP&sock=slot1_33_4265_d407_23479>
...
040 (311157.007.000) 2023-06-12 20:28:27 Finished transferring input files
...
040 (311157.005.000) 2023-06-12 20:28:27 Started transferring input files
	Transferring to host: <172.30.1.108:9618?addrs=172.30.1.108-9618&alias=n8&noUDP&sock=slot1_28_4278_fce7_22407>
...
040 (311157.005.000) 2023-06-12 20:28:27 Finished transferring input files
...
040 (311157.008.000) 2023-06-12 20:28:27 Started transferring input files
	Transferring to host: <172.30.1.109:9618?addrs=172.30.1.109-9618&alias=n9&noUDP&sock=slot1_38_4265_d407_23480>
...
040 (311157.008.000) 2023-06-12 20:28:27 Finished transferring input files
...
040 (311157.006.000) 2023-06-12 20:28:27 Started transferring input files
	Transferring to host: <172.30.1.108:9618?addrs=172.30.1.108-9618&alias=n8&noUDP&sock=slot1_41_4278_fce7_22408>
...
040 (311157.006.000) 2023-06-12 20:28:27 Finished transferring input files
...
040 (311157.009.000) 2023-06-12 20:28:27 Started transferring input files
	Transferring to host: <172.30.1.109:9618?addrs=172.30.1.109-9618&alias=n9&noUDP&sock=slot1_43_4265_d407_23481>
...
040 (311157.009.000) 2023-06-12 20:28:27 Finished transferring input files
...
040 (311157.000.000) 2023-06-12 20:28:27 Started transferring input files
	Transferring to host: <172.30.1.101:9618?addrs=172.30.1.101-9618&alias=n1&noUDP&sock=slot1_37_3367_1b22_15253>
...
040 (311157.000.000) 2023-06-12 20:28:27 Finished transferring input files
...
040 (311157.001.000) 2023-06-12 20:28:27 Started transferring input files
	Transferring to host: <172.30.1.101:9618?addrs=172.30.1.101-9618&alias=n1&noUDP&sock=slot1_40_3367_1b22_15254>
...
040 (311157.001.000) 2023-06-12 20:28:27 Finished transferring input files
...
040 (311157.002.000) 2023-06-12 20:28:28 Started transferring input files
	Transferring to host: <172.30.1.101:9618?addrs=172.30.1.101-9618&alias=n1&noUDP&sock=slot1_44_3367_1b22_15255>
...
040 (311157.002.000) 2023-06-12 20:28:28 Finished transferring input files
...
001 (311157.003.000) 2023-06-12 20:28:28 Job executing on host: <172.30.1.105:9618?addrs=172.30.1.105-9618&alias=n5&noUDP&sock=startd_3298_bb6e>
...
001 (311157.004.000) 2023-06-12 20:28:28 Job executing on host: <172.30.1.108:9618?addrs=172.30.1.108-9618&alias=n8&noUDP&sock=startd_4243_ec6e>
...
001 (311157.007.000) 2023-06-12 20:28:28 Job executing on host: <172.30.1.109:9618?addrs=172.30.1.109-9618&alias=n9&noUDP&sock=startd_4231_b14b>
...
001 (311157.005.000) 2023-06-12 20:28:28 Job executing on host: <172.30.1.108:9618?addrs=172.30.1.108-9618&alias=n8&noUDP&sock=startd_4243_ec6e>
...
001 (311157.008.000) 2023-06-12 20:28:28 Job executing on host: <172.30.1.109:9618?addrs=172.30.1.109-9618&alias=n9&noUDP&sock=startd_4231_b14b>
...
001 (311157.006.000) 2023-06-12 20:28:28 Job executing on host: <172.30.1.108:9618?addrs=172.30.1.108-9618&alias=n8&noUDP&sock=startd_4243_ec6e>
...
001 (311157.009.000) 2023-06-12 20:28:28 Job executing on host: <172.30.1.109:9618?addrs=172.30.1.109-9618&alias=n9&noUDP&sock=startd_4231_b14b>
...
001 (311157.000.000) 2023-06-12 20:28:28 Job executing on host: <172.30.1.101:9618?addrs=172.30.1.101-9618&alias=n1&noUDP&sock=startd_3332_0da7>
...
001 (311157.001.000) 2023-06-12 20:28:28 Job executing on host: <172.30.1.101:9618?addrs=172.30.1.101-9618&alias=n1&noUDP&sock=startd_3332_0da7>
...
001 (311157.002.000) 2023-06-12 20:28:29 Job executing on host: <172.30.1.101:9618?addrs=172.30.1.101-9618&alias=n1&noUDP&sock=startd_3332_0da7>
...
006 (311157.000.000) 2023-06-12 20:28:37 Image size of job updated: 141960
	139  -  MemoryUsage of job (MB)
	141960  -  ResidentSetSize of job (KB)
...
006 (311157.001.000) 2023-06-12 20:28:37 Image size of job updated: 143568
	141  -  MemoryUsage of job (MB)
	143568  -  ResidentSetSize of job (KB)
...
006 (311157.002.000) 2023-06-12 20:28:37 Image size of job updated: 145584
	143  -  MemoryUsage of job (MB)
	145584  -  ResidentSetSize of job (KB)
...
006 (311157.003.000) 2023-06-12 20:28:37 Image size of job updated: 647012
	184  -  MemoryUsage of job (MB)
	187624  -  ResidentSetSize of job (KB)
...
006 (311157.004.000) 2023-06-12 20:28:37 Image size of job updated: 438984
	184  -  MemoryUsage of job (MB)
	188064  -  ResidentSetSize of job (KB)
...
006 (311157.005.000) 2023-06-12 20:28:37 Image size of job updated: 436072
	184  -  MemoryUsage of job (MB)
	187628  -  ResidentSetSize of job (KB)
...
006 (311157.007.000) 2023-06-12 20:28:37 Image size of job updated: 647052
	184  -  MemoryUsage of job (MB)
	187840  -  ResidentSetSize of job (KB)
...
006 (311157.006.000) 2023-06-12 20:28:37 Image size of job updated: 434804
	184  -  MemoryUsage of job (MB)
	187632  -  ResidentSetSize of job (KB)
...
006 (311157.008.000) 2023-06-12 20:28:37 Image size of job updated: 647060
	184  -  MemoryUsage of job (MB)
	188076  -  ResidentSetSize of job (KB)
...
006 (311157.009.000) 2023-06-12 20:28:37 Image size of job updated: 647024
	184  -  MemoryUsage of job (MB)
	187624  -  ResidentSetSize of job (KB)
...
006 (311157.004.000) 2023-06-12 20:31:22 Image size of job updated: 697496
	184  -  MemoryUsage of job (MB)
	188064  -  ResidentSetSize of job (KB)
...
040 (311157.004.000) 2023-06-12 20:31:22 Started transferring output files
...
040 (311157.004.000) 2023-06-12 20:31:22 Finished transferring output files
...
005 (311157.004.000) 2023-06-12 20:31:22 Job terminated.
	(1) Normal termination (return value 0)
		Usr 0 00:02:49, Sys 0 00:00:01  -  Run Remote Usage
		Usr 0 00:00:00, Sys 0 00:00:00  -  Run Local Usage
		Usr 0 00:02:49, Sys 0 00:00:01  -  Total Remote Usage
		Usr 0 00:00:00, Sys 0 00:00:00  -  Total Local Usage
	10645  -  Run Bytes Sent By Job
	147  -  Run Bytes Received By Job
	10645  -  Total Bytes Sent By Job
	147  -  Total Bytes Received By Job
	Partitionable Resources :    Usage  Request Allocated 
	   Cpus                 :     1.00        1         1 
	   Disk (KB)            :    61           1    127899 
	   Memory (MB)          :   184        3900      3968 

	Job terminated of its own accord at 2023-06-12T11:31:22Z.
...
006 (311157.008.000) 2023-06-12 20:31:49 Image size of job updated: 697132
	184  -  MemoryUsage of job (MB)
	188076  -  ResidentSetSize of job (KB)
...
040 (311157.008.000) 2023-06-12 20:31:49 Started transferring output files
...
040 (311157.008.000) 2023-06-12 20:31:49 Finished transferring output files
...
005 (311157.008.000) 2023-06-12 20:31:49 Job terminated.
	(1) Normal termination (return value 0)
		Usr 0 00:03:15, Sys 0 00:00:02  -  Run Remote Usage
		Usr 0 00:00:00, Sys 0 00:00:00  -  Run Local Usage
		Usr 0 00:03:15, Sys 0 00:00:02  -  Total Remote Usage
		Usr 0 00:00:00, Sys 0 00:00:00  -  Total Local Usage
	9849  -  Run Bytes Sent By Job
	147  -  Run Bytes Received By Job
	9849  -  Total Bytes Sent By Job
	147  -  Total Bytes Received By Job
	Partitionable Resources :    Usage  Request Allocated 
	   Cpus                 :     1.00        1         1 
	   Disk (KB)            :    60           1    127899 
	   Memory (MB)          :   184        3900      3968 

	Job terminated of its own accord at 2023-06-12T11:31:49Z.
...
006 (311157.007.000) 2023-06-12 20:32:13 Image size of job updated: 697532
	184  -  MemoryUsage of job (MB)
	187840  -  ResidentSetSize of job (KB)
...
040 (311157.007.000) 2023-06-12 20:32:13 Started transferring output files
...
040 (311157.007.000) 2023-06-12 20:32:13 Finished transferring output files
...
005 (311157.007.000) 2023-06-12 20:32:13 Job terminated.
	(1) Normal termination (return value 0)
		Usr 0 00:03:40, Sys 0 00:00:02  -  Run Remote Usage
		Usr 0 00:00:00, Sys 0 00:00:00  -  Run Local Usage
		Usr 0 00:03:40, Sys 0 00:00:02  -  Total Remote Usage
		Usr 0 00:00:00, Sys 0 00:00:00  -  Total Local Usage
	8581  -  Run Bytes Sent By Job
	147  -  Run Bytes Received By Job
	8581  -  Total Bytes Sent By Job
	147  -  Total Bytes Received By Job
	Partitionable Resources :    Usage  Request Allocated 
	   Cpus                 :     0.99        1         1 
	   Disk (KB)            :    59           1    127899 
	   Memory (MB)          :   184        3900      3968 

	Job terminated of its own accord at 2023-06-12T11:32:13Z.
...
006 (311157.003.000) 2023-06-12 20:32:26 Image size of job updated: 695188
	184  -  MemoryUsage of job (MB)
	187624  -  ResidentSetSize of job (KB)
...
040 (311157.003.000) 2023-06-12 20:32:26 Started transferring output files
...
040 (311157.003.000) 2023-06-12 20:32:26 Finished transferring output files
...
005 (311157.003.000) 2023-06-12 20:32:26 Job terminated.
	(1) Normal termination (return value 0)
		Usr 0 00:03:52, Sys 0 00:00:02  -  Run Remote Usage
		Usr 0 00:00:00, Sys 0 00:00:00  -  Run Local Usage
		Usr 0 00:03:52, Sys 0 00:00:02  -  Total Remote Usage
		Usr 0 00:00:00, Sys 0 00:00:00  -  Total Local Usage
	9694  -  Run Bytes Sent By Job
	147  -  Run Bytes Received By Job
	9694  -  Total Bytes Sent By Job
	147  -  Total Bytes Received By Job
	Partitionable Resources :    Usage  Request Allocated 
	   Cpus                 :                 1         1 
	   Disk (KB)            :       54        1     61930 
	   Memory (MB)          :      184     3900      3968 

	Job terminated of its own accord at 2023-06-12T11:32:26Z.
...
006 (311157.009.000) 2023-06-12 20:32:28 Image size of job updated: 697112
	184  -  MemoryUsage of job (MB)
	187624  -  ResidentSetSize of job (KB)
...
040 (311157.009.000) 2023-06-12 20:32:28 Started transferring output files
...
040 (311157.009.000) 2023-06-12 20:32:28 Finished transferring output files
...
005 (311157.009.000) 2023-06-12 20:32:28 Job terminated.
	(1) Normal termination (return value 0)
		Usr 0 00:03:55, Sys 0 00:00:02  -  Run Remote Usage
		Usr 0 00:00:00, Sys 0 00:00:00  -  Run Local Usage
		Usr 0 00:03:55, Sys 0 00:00:02  -  Total Remote Usage
		Usr 0 00:00:00, Sys 0 00:00:00  -  Total Local Usage
	10394  -  Run Bytes Sent By Job
	147  -  Run Bytes Received By Job
	10394  -  Total Bytes Sent By Job
	147  -  Total Bytes Received By Job
	Partitionable Resources :    Usage  Request Allocated 
	   Cpus                 :     0.99        1         1 
	   Disk (KB)            :    61           1    127899 
	   Memory (MB)          :   184        3900      3968 

	Job terminated of its own accord at 2023-06-12T11:32:28Z.
...
006 (311157.006.000) 2023-06-12 20:33:01 Image size of job updated: 697544
	184  -  MemoryUsage of job (MB)
	187632  -  ResidentSetSize of job (KB)
...
040 (311157.006.000) 2023-06-12 20:33:01 Started transferring output files
...
040 (311157.006.000) 2023-06-12 20:33:01 Finished transferring output files
...
005 (311157.006.000) 2023-06-12 20:33:01 Job terminated.
	(1) Normal termination (return value 0)
		Usr 0 00:04:27, Sys 0 00:00:01  -  Run Remote Usage
		Usr 0 00:00:00, Sys 0 00:00:00  -  Run Local Usage
		Usr 0 00:04:27, Sys 0 00:00:01  -  Total Remote Usage
		Usr 0 00:00:00, Sys 0 00:00:00  -  Total Local Usage
	10216  -  Run Bytes Sent By Job
	147  -  Run Bytes Received By Job
	10216  -  Total Bytes Sent By Job
	147  -  Total Bytes Received By Job
	Partitionable Resources :    Usage  Request Allocated 
	   Cpus                 :     0.99        1         1 
	   Disk (KB)            :    60           1    127899 
	   Memory (MB)          :   184        3900      3968 

	Job terminated of its own accord at 2023-06-12T11:33:01Z.
...
006 (311157.005.000) 2023-06-12 20:33:17 Image size of job updated: 697076
	184  -  MemoryUsage of job (MB)
	187628  -  ResidentSetSize of job (KB)
...
040 (311157.005.000) 2023-06-12 20:33:17 Started transferring output files
...
040 (311157.005.000) 2023-06-12 20:33:17 Finished transferring output files
...
005 (311157.005.000) 2023-06-12 20:33:17 Job terminated.
	(1) Normal termination (return value 0)
		Usr 0 00:04:44, Sys 0 00:00:01  -  Run Remote Usage
		Usr 0 00:00:00, Sys 0 00:00:00  -  Run Local Usage
		Usr 0 00:04:44, Sys 0 00:00:01  -  Total Remote Usage
		Usr 0 00:00:00, Sys 0 00:00:00  -  Total Local Usage
	9909  -  Run Bytes Sent By Job
	147  -  Run Bytes Received By Job
	9909  -  Total Bytes Sent By Job
	147  -  Total Bytes Received By Job
	Partitionable Resources :    Usage  Request Allocated 
	   Cpus                 :     1.00        1         1 
	   Disk (KB)            :    60           1    127899 
	   Memory (MB)          :   184        3900      3968 

	Job terminated of its own accord at 2023-06-12T11:33:17Z.
...
006 (311157.000.000) 2023-06-12 20:33:37 Image size of job updated: 692224
	216  -  MemoryUsage of job (MB)
	220288  -  ResidentSetSize of job (KB)
...
006 (311157.002.000) 2023-06-12 20:33:37 Image size of job updated: 693700
	217  -  MemoryUsage of job (MB)
	221760  -  ResidentSetSize of job (KB)
...
006 (311157.001.000) 2023-06-12 20:33:37 Image size of job updated: 692228
	216  -  MemoryUsage of job (MB)
	220284  -  ResidentSetSize of job (KB)
...
006 (311157.002.000) 2023-06-12 20:35:29 Image size of job updated: 696912
	217  -  MemoryUsage of job (MB)
	221760  -  ResidentSetSize of job (KB)
...
040 (311157.002.000) 2023-06-12 20:35:29 Started transferring output files
...
040 (311157.002.000) 2023-06-12 20:35:29 Finished transferring output files
...
005 (311157.002.000) 2023-06-12 20:35:29 Job terminated.
	(1) Normal termination (return value 0)
		Usr 0 00:06:49, Sys 0 00:00:05  -  Run Remote Usage
		Usr 0 00:00:00, Sys 0 00:00:00  -  Run Local Usage
		Usr 0 00:06:49, Sys 0 00:00:05  -  Total Remote Usage
		Usr 0 00:00:00, Sys 0 00:00:00  -  Total Local Usage
	10111  -  Run Bytes Sent By Job
	147  -  Run Bytes Received By Job
	10111  -  Total Bytes Sent By Job
	147  -  Total Bytes Received By Job
	Partitionable Resources :    Usage  Request Allocated 
	   Cpus                 :     0.98        1         1 
	   Disk (KB)            :    60           1    127998 
	   Memory (MB)          :   217        3900      3968 

	Job terminated of its own accord at 2023-06-12T11:35:29Z.
...
006 (311157.001.000) 2023-06-12 20:36:03 Image size of job updated: 696912
	216  -  MemoryUsage of job (MB)
	220284  -  ResidentSetSize of job (KB)
...
040 (311157.001.000) 2023-06-12 20:36:03 Started transferring output files
...
040 (311157.001.000) 2023-06-12 20:36:03 Finished transferring output files
...
005 (311157.001.000) 2023-06-12 20:36:03 Job terminated.
	(1) Normal termination (return value 0)
		Usr 0 00:07:23, Sys 0 00:00:05  -  Run Remote Usage
		Usr 0 00:00:00, Sys 0 00:00:00  -  Run Local Usage
		Usr 0 00:07:23, Sys 0 00:00:05  -  Total Remote Usage
		Usr 0 00:00:00, Sys 0 00:00:00  -  Total Local Usage
	10146  -  Run Bytes Sent By Job
	147  -  Run Bytes Received By Job
	10146  -  Total Bytes Sent By Job
	147  -  Total Bytes Received By Job
	Partitionable Resources :    Usage  Request Allocated 
	   Cpus                 :     1.00        1         1 
	   Disk (KB)            :    60           1    127998 
	   Memory (MB)          :   216        3900      3968 

	Job terminated of its own accord at 2023-06-12T11:36:03Z.
...
006 (311157.000.000) 2023-06-12 20:37:40 Image size of job updated: 698064
	216  -  MemoryUsage of job (MB)
	220288  -  ResidentSetSize of job (KB)
...
040 (311157.000.000) 2023-06-12 20:37:41 Started transferring output files
...
040 (311157.000.000) 2023-06-12 20:37:41 Finished transferring output files
...
005 (311157.000.000) 2023-06-12 20:37:41 Job terminated.
	(1) Normal termination (return value 0)
		Usr 0 00:09:00, Sys 0 00:00:05  -  Run Remote Usage
		Usr 0 00:00:00, Sys 0 00:00:00  -  Run Local Usage
		Usr 0 00:09:00, Sys 0 00:00:05  -  Total Remote Usage
		Usr 0 00:00:00, Sys 0 00:00:00  -  Total Local Usage
	10416  -  Run Bytes Sent By Job
	147  -  Run Bytes Received By Job
	10416  -  Total Bytes Sent By Job
	147  -  Total Bytes Received By Job
	Partitionable Resources :    Usage  Request Allocated 
	   Cpus                 :     1.00        1         1 
	   Disk (KB)            :    61           1    127998 
	   Memory (MB)          :   216        3900      3968 

	Job terminated of its own accord at 2023-06-12T11:37:40Z.
...
