000 (311136.000.000) 2023-06-12 19:37:34 Job submitted from host: <172.30.1.200:9618?addrs=172.30.1.200-9618&alias=tamsa2.snu.ac.kr&noUDP&sock=schedd_3510_2582>
...
000 (311136.001.000) 2023-06-12 19:37:34 Job submitted from host: <172.30.1.200:9618?addrs=172.30.1.200-9618&alias=tamsa2.snu.ac.kr&noUDP&sock=schedd_3510_2582>
...
000 (311136.002.000) 2023-06-12 19:37:34 Job submitted from host: <172.30.1.200:9618?addrs=172.30.1.200-9618&alias=tamsa2.snu.ac.kr&noUDP&sock=schedd_3510_2582>
...
000 (311136.003.000) 2023-06-12 19:37:34 Job submitted from host: <172.30.1.200:9618?addrs=172.30.1.200-9618&alias=tamsa2.snu.ac.kr&noUDP&sock=schedd_3510_2582>
...
000 (311136.004.000) 2023-06-12 19:37:34 Job submitted from host: <172.30.1.200:9618?addrs=172.30.1.200-9618&alias=tamsa2.snu.ac.kr&noUDP&sock=schedd_3510_2582>
...
000 (311136.005.000) 2023-06-12 19:37:34 Job submitted from host: <172.30.1.200:9618?addrs=172.30.1.200-9618&alias=tamsa2.snu.ac.kr&noUDP&sock=schedd_3510_2582>
...
000 (311136.006.000) 2023-06-12 19:37:34 Job submitted from host: <172.30.1.200:9618?addrs=172.30.1.200-9618&alias=tamsa2.snu.ac.kr&noUDP&sock=schedd_3510_2582>
...
000 (311136.007.000) 2023-06-12 19:37:34 Job submitted from host: <172.30.1.200:9618?addrs=172.30.1.200-9618&alias=tamsa2.snu.ac.kr&noUDP&sock=schedd_3510_2582>
...
000 (311136.008.000) 2023-06-12 19:37:34 Job submitted from host: <172.30.1.200:9618?addrs=172.30.1.200-9618&alias=tamsa2.snu.ac.kr&noUDP&sock=schedd_3510_2582>
...
000 (311136.009.000) 2023-06-12 19:37:34 Job submitted from host: <172.30.1.200:9618?addrs=172.30.1.200-9618&alias=tamsa2.snu.ac.kr&noUDP&sock=schedd_3510_2582>
...
040 (311136.002.000) 2023-06-12 19:38:56 Started transferring input files
	Transferring to host: <172.30.1.105:9618?addrs=172.30.1.105-9618&alias=n5&noUDP&sock=slot1_14_3332_7201_9393>
...
040 (311136.002.000) 2023-06-12 19:38:56 Finished transferring input files
...
040 (311136.003.000) 2023-06-12 19:38:56 Started transferring input files
	Transferring to host: <172.30.1.105:9618?addrs=172.30.1.105-9618&alias=n5&noUDP&sock=slot1_16_3332_7201_9394>
...
040 (311136.003.000) 2023-06-12 19:38:56 Finished transferring input files
...
040 (311136.004.000) 2023-06-12 19:38:56 Started transferring input files
	Transferring to host: <172.30.1.105:9618?addrs=172.30.1.105-9618&alias=n5&noUDP&sock=slot1_18_3332_7201_9395>
...
040 (311136.006.000) 2023-06-12 19:38:56 Started transferring input files
	Transferring to host: <172.30.1.106:9618?addrs=172.30.1.106-9618&alias=n6&noUDP&sock=slot1_1_3308_8900_8156>
...
040 (311136.004.000) 2023-06-12 19:38:56 Finished transferring input files
...
040 (311136.006.000) 2023-06-12 19:38:57 Finished transferring input files
...
040 (311136.005.000) 2023-06-12 19:38:57 Started transferring input files
	Transferring to host: <172.30.1.105:9618?addrs=172.30.1.105-9618&alias=n5&noUDP&sock=slot1_20_3332_7201_9396>
...
040 (311136.005.000) 2023-06-12 19:38:57 Finished transferring input files
...
040 (311136.007.000) 2023-06-12 19:38:57 Started transferring input files
	Transferring to host: <172.30.1.106:9618?addrs=172.30.1.106-9618&alias=n6&noUDP&sock=slot1_4_3308_8900_8157>
...
040 (311136.007.000) 2023-06-12 19:38:57 Finished transferring input files
...
040 (311136.008.000) 2023-06-12 19:38:57 Started transferring input files
	Transferring to host: <172.30.1.106:9618?addrs=172.30.1.106-9618&alias=n6&noUDP&sock=slot1_7_3308_8900_8158>
...
040 (311136.008.000) 2023-06-12 19:38:57 Finished transferring input files
...
040 (311136.009.000) 2023-06-12 19:38:57 Started transferring input files
	Transferring to host: <172.30.1.106:9618?addrs=172.30.1.106-9618&alias=n6&noUDP&sock=slot1_16_3308_8900_8159>
...
040 (311136.009.000) 2023-06-12 19:38:57 Finished transferring input files
...
040 (311136.000.000) 2023-06-12 19:38:57 Started transferring input files
	Transferring to host: <172.30.1.101:9618?addrs=172.30.1.101-9618&alias=n1&noUDP&sock=slot1_37_3367_1b22_15123>
...
040 (311136.000.000) 2023-06-12 19:38:57 Finished transferring input files
...
040 (311136.001.000) 2023-06-12 19:38:57 Started transferring input files
	Transferring to host: <172.30.1.101:9618?addrs=172.30.1.101-9618&alias=n1&noUDP&sock=slot1_39_3367_1b22_15124>
...
040 (311136.001.000) 2023-06-12 19:38:57 Finished transferring input files
...
001 (311136.002.000) 2023-06-12 19:38:57 Job executing on host: <172.30.1.105:9618?addrs=172.30.1.105-9618&alias=n5&noUDP&sock=startd_3298_bb6e>
...
001 (311136.003.000) 2023-06-12 19:38:57 Job executing on host: <172.30.1.105:9618?addrs=172.30.1.105-9618&alias=n5&noUDP&sock=startd_3298_bb6e>
...
001 (311136.004.000) 2023-06-12 19:38:57 Job executing on host: <172.30.1.105:9618?addrs=172.30.1.105-9618&alias=n5&noUDP&sock=startd_3298_bb6e>
...
001 (311136.006.000) 2023-06-12 19:38:58 Job executing on host: <172.30.1.106:9618?addrs=172.30.1.106-9618&alias=n6&noUDP&sock=startd_3274_4528>
...
001 (311136.005.000) 2023-06-12 19:38:58 Job executing on host: <172.30.1.105:9618?addrs=172.30.1.105-9618&alias=n5&noUDP&sock=startd_3298_bb6e>
...
001 (311136.007.000) 2023-06-12 19:38:58 Job executing on host: <172.30.1.106:9618?addrs=172.30.1.106-9618&alias=n6&noUDP&sock=startd_3274_4528>
...
001 (311136.008.000) 2023-06-12 19:38:58 Job executing on host: <172.30.1.106:9618?addrs=172.30.1.106-9618&alias=n6&noUDP&sock=startd_3274_4528>
...
001 (311136.009.000) 2023-06-12 19:38:58 Job executing on host: <172.30.1.106:9618?addrs=172.30.1.106-9618&alias=n6&noUDP&sock=startd_3274_4528>
...
001 (311136.000.000) 2023-06-12 19:38:58 Job executing on host: <172.30.1.101:9618?addrs=172.30.1.101-9618&alias=n1&noUDP&sock=startd_3332_0da7>
...
001 (311136.001.000) 2023-06-12 19:38:58 Job executing on host: <172.30.1.101:9618?addrs=172.30.1.101-9618&alias=n1&noUDP&sock=startd_3332_0da7>
...
006 (311136.002.000) 2023-06-12 19:39:06 Image size of job updated: 621356
	184  -  MemoryUsage of job (MB)
	188220  -  ResidentSetSize of job (KB)
...
006 (311136.003.000) 2023-06-12 19:39:06 Image size of job updated: 551116
	178  -  MemoryUsage of job (MB)
	181592  -  ResidentSetSize of job (KB)
...
006 (311136.006.000) 2023-06-12 19:39:06 Image size of job updated: 505304
	171  -  MemoryUsage of job (MB)
	174336  -  ResidentSetSize of job (KB)
...
006 (311136.004.000) 2023-06-12 19:39:06 Image size of job updated: 551232
	152  -  MemoryUsage of job (MB)
	155024  -  ResidentSetSize of job (KB)
...
006 (311136.005.000) 2023-06-12 19:39:06 Image size of job updated: 613596
	184  -  MemoryUsage of job (MB)
	188176  -  ResidentSetSize of job (KB)
...
006 (311136.007.000) 2023-06-12 19:39:06 Image size of job updated: 505308
	171  -  MemoryUsage of job (MB)
	174132  -  ResidentSetSize of job (KB)
...
006 (311136.008.000) 2023-06-12 19:39:06 Image size of job updated: 505304
	168  -  MemoryUsage of job (MB)
	171140  -  ResidentSetSize of job (KB)
...
006 (311136.009.000) 2023-06-12 19:39:06 Image size of job updated: 506844
	178  -  MemoryUsage of job (MB)
	181676  -  ResidentSetSize of job (KB)
...
006 (311136.000.000) 2023-06-12 19:39:06 Image size of job updated: 507996
	135  -  MemoryUsage of job (MB)
	138212  -  ResidentSetSize of job (KB)
...
006 (311136.001.000) 2023-06-12 19:39:07 Image size of job updated: 518396
	152  -  MemoryUsage of job (MB)
	154820  -  ResidentSetSize of job (KB)
...
006 (311136.005.000) 2023-06-12 19:39:49 Image size of job updated: 691108
	184  -  MemoryUsage of job (MB)
	188224  -  ResidentSetSize of job (KB)
...
040 (311136.005.000) 2023-06-12 19:39:50 Started transferring output files
...
040 (311136.005.000) 2023-06-12 19:39:50 Finished transferring output files
...
005 (311136.005.000) 2023-06-12 19:39:50 Job terminated.
	(1) Normal termination (return value 0)
		Usr 0 00:00:48, Sys 0 00:00:02  -  Run Remote Usage
		Usr 0 00:00:00, Sys 0 00:00:00  -  Run Local Usage
		Usr 0 00:00:48, Sys 0 00:00:02  -  Total Remote Usage
		Usr 0 00:00:00, Sys 0 00:00:00  -  Total Local Usage
	9164  -  Run Bytes Sent By Job
	148  -  Run Bytes Received By Job
	9164  -  Total Bytes Sent By Job
	148  -  Total Bytes Received By Job
	Partitionable Resources :    Usage  Request Allocated 
	   Cpus                 :                 1         1 
	   Disk (KB)            :       54        1     61930 
	   Memory (MB)          :      184     3900      3968 

	Job terminated of its own accord at 2023-06-12T10:39:49Z.
...
006 (311136.003.000) 2023-06-12 19:39:51 Image size of job updated: 696328
	178  -  MemoryUsage of job (MB)
	181592  -  ResidentSetSize of job (KB)
...
040 (311136.003.000) 2023-06-12 19:39:51 Started transferring output files
...
040 (311136.003.000) 2023-06-12 19:39:51 Finished transferring output files
...
006 (311136.008.000) 2023-06-12 19:39:51 Image size of job updated: 694412
	168  -  MemoryUsage of job (MB)
	171188  -  ResidentSetSize of job (KB)
...
040 (311136.008.000) 2023-06-12 19:39:51 Started transferring output files
...
040 (311136.008.000) 2023-06-12 19:39:51 Finished transferring output files
...
005 (311136.008.000) 2023-06-12 19:39:51 Job terminated.
	(1) Normal termination (return value 0)
		Usr 0 00:00:47, Sys 0 00:00:02  -  Run Remote Usage
		Usr 0 00:00:00, Sys 0 00:00:00  -  Run Local Usage
		Usr 0 00:00:47, Sys 0 00:00:02  -  Total Remote Usage
		Usr 0 00:00:00, Sys 0 00:00:00  -  Total Local Usage
	9133  -  Run Bytes Sent By Job
	148  -  Run Bytes Received By Job
	9133  -  Total Bytes Sent By Job
	148  -  Total Bytes Received By Job
	Partitionable Resources :    Usage  Request Allocated 
	   Cpus                 :                 1         1 
	   Disk (KB)            :       54        1     61930 
	   Memory (MB)          :      168     3900      3968 

	Job terminated of its own accord at 2023-06-12T10:39:51Z.
...
005 (311136.003.000) 2023-06-12 19:39:52 Job terminated.
	(1) Normal termination (return value 0)
		Usr 0 00:00:46, Sys 0 00:00:02  -  Run Remote Usage
		Usr 0 00:00:00, Sys 0 00:00:00  -  Run Local Usage
		Usr 0 00:00:46, Sys 0 00:00:02  -  Total Remote Usage
		Usr 0 00:00:00, Sys 0 00:00:00  -  Total Local Usage
	9153  -  Run Bytes Sent By Job
	148  -  Run Bytes Received By Job
	9153  -  Total Bytes Sent By Job
	148  -  Total Bytes Received By Job
	Partitionable Resources :    Usage  Request Allocated 
	   Cpus                 :                 1         1 
	   Disk (KB)            :       54        1     61930 
	   Memory (MB)          :      178     3900      3968 

	Job terminated of its own accord at 2023-06-12T10:39:51Z.
...
006 (311136.009.000) 2023-06-12 19:40:05 Image size of job updated: 696556
	178  -  MemoryUsage of job (MB)
	181704  -  ResidentSetSize of job (KB)
...
040 (311136.009.000) 2023-06-12 19:40:05 Started transferring output files
...
040 (311136.009.000) 2023-06-12 19:40:05 Finished transferring output files
...
005 (311136.009.000) 2023-06-12 19:40:05 Job terminated.
	(1) Normal termination (return value 0)
		Usr 0 00:01:01, Sys 0 00:00:02  -  Run Remote Usage
		Usr 0 00:00:00, Sys 0 00:00:00  -  Run Local Usage
		Usr 0 00:01:01, Sys 0 00:00:02  -  Total Remote Usage
		Usr 0 00:00:00, Sys 0 00:00:00  -  Total Local Usage
	9288  -  Run Bytes Sent By Job
	148  -  Run Bytes Received By Job
	9288  -  Total Bytes Sent By Job
	148  -  Total Bytes Received By Job
	Partitionable Resources :    Usage  Request Allocated 
	   Cpus                 :                 1         1 
	   Disk (KB)            :       54        1     61930 
	   Memory (MB)          :      178     3900      3968 

	Job terminated of its own accord at 2023-06-12T10:40:05Z.
...
006 (311136.002.000) 2023-06-12 19:40:06 Image size of job updated: 691060
	184  -  MemoryUsage of job (MB)
	188220  -  ResidentSetSize of job (KB)
...
040 (311136.002.000) 2023-06-12 19:40:06 Started transferring output files
...
040 (311136.002.000) 2023-06-12 19:40:07 Finished transferring output files
...
005 (311136.002.000) 2023-06-12 19:40:07 Job terminated.
	(1) Normal termination (return value 0)
		Usr 0 00:01:04, Sys 0 00:00:02  -  Run Remote Usage
		Usr 0 00:00:00, Sys 0 00:00:00  -  Run Local Usage
		Usr 0 00:01:04, Sys 0 00:00:02  -  Total Remote Usage
		Usr 0 00:00:00, Sys 0 00:00:00  -  Total Local Usage
	9215  -  Run Bytes Sent By Job
	148  -  Run Bytes Received By Job
	9215  -  Total Bytes Sent By Job
	148  -  Total Bytes Received By Job
	Partitionable Resources :    Usage  Request Allocated 
	   Cpus                 :                 1         1 
	   Disk (KB)            :       54        1     61930 
	   Memory (MB)          :      184     3900      3968 

	Job terminated of its own accord at 2023-06-12T10:40:06Z.
...
006 (311136.000.000) 2023-06-12 19:40:14 Image size of job updated: 694936
	136  -  MemoryUsage of job (MB)
	138296  -  ResidentSetSize of job (KB)
...
040 (311136.000.000) 2023-06-12 19:40:14 Started transferring output files
...
040 (311136.000.000) 2023-06-12 19:40:14 Finished transferring output files
...
005 (311136.000.000) 2023-06-12 19:40:14 Job terminated.
	(1) Normal termination (return value 0)
		Usr 0 00:01:06, Sys 0 00:00:04  -  Run Remote Usage
		Usr 0 00:00:00, Sys 0 00:00:00  -  Run Local Usage
		Usr 0 00:01:06, Sys 0 00:00:04  -  Total Remote Usage
		Usr 0 00:00:00, Sys 0 00:00:00  -  Total Local Usage
	9246  -  Run Bytes Sent By Job
	148  -  Run Bytes Received By Job
	9246  -  Total Bytes Sent By Job
	148  -  Total Bytes Received By Job
	Partitionable Resources :    Usage  Request Allocated 
	   Cpus                 :                 1         1 
	   Disk (KB)            :       54        1    127998 
	   Memory (MB)          :      136     3900      3968 

	Job terminated of its own accord at 2023-06-12T10:40:14Z.
...
006 (311136.001.000) 2023-06-12 19:40:15 Image size of job updated: 695992
	152  -  MemoryUsage of job (MB)
	154820  -  ResidentSetSize of job (KB)
...
040 (311136.001.000) 2023-06-12 19:40:15 Started transferring output files
...
040 (311136.001.000) 2023-06-12 19:40:15 Finished transferring output files
...
005 (311136.001.000) 2023-06-12 19:40:15 Job terminated.
	(1) Normal termination (return value 0)
		Usr 0 00:01:07, Sys 0 00:00:03  -  Run Remote Usage
		Usr 0 00:00:00, Sys 0 00:00:00  -  Run Local Usage
		Usr 0 00:01:07, Sys 0 00:00:03  -  Total Remote Usage
		Usr 0 00:00:00, Sys 0 00:00:00  -  Total Local Usage
	9184  -  Run Bytes Sent By Job
	148  -  Run Bytes Received By Job
	9184  -  Total Bytes Sent By Job
	148  -  Total Bytes Received By Job
	Partitionable Resources :    Usage  Request Allocated 
	   Cpus                 :                 1         1 
	   Disk (KB)            :       54        1    127998 
	   Memory (MB)          :      152     3900      3968 

	Job terminated of its own accord at 2023-06-12T10:40:15Z.
...
006 (311136.004.000) 2023-06-12 19:40:17 Image size of job updated: 694436
	152  -  MemoryUsage of job (MB)
	155024  -  ResidentSetSize of job (KB)
...
040 (311136.004.000) 2023-06-12 19:40:18 Started transferring output files
...
040 (311136.004.000) 2023-06-12 19:40:18 Finished transferring output files
...
005 (311136.004.000) 2023-06-12 19:40:18 Job terminated.
	(1) Normal termination (return value 0)
		Usr 0 00:01:14, Sys 0 00:00:02  -  Run Remote Usage
		Usr 0 00:00:00, Sys 0 00:00:00  -  Run Local Usage
		Usr 0 00:01:14, Sys 0 00:00:02  -  Total Remote Usage
		Usr 0 00:00:00, Sys 0 00:00:00  -  Total Local Usage
	9174  -  Run Bytes Sent By Job
	148  -  Run Bytes Received By Job
	9174  -  Total Bytes Sent By Job
	148  -  Total Bytes Received By Job
	Partitionable Resources :    Usage  Request Allocated 
	   Cpus                 :                 1         1 
	   Disk (KB)            :       54        1     61930 
	   Memory (MB)          :      152     3900      3968 

	Job terminated of its own accord at 2023-06-12T10:40:17Z.
...
006 (311136.007.000) 2023-06-12 19:40:23 Image size of job updated: 694412
	171  -  MemoryUsage of job (MB)
	174296  -  ResidentSetSize of job (KB)
...
040 (311136.007.000) 2023-06-12 19:40:23 Started transferring output files
...
040 (311136.007.000) 2023-06-12 19:40:23 Finished transferring output files
...
005 (311136.007.000) 2023-06-12 19:40:23 Job terminated.
	(1) Normal termination (return value 0)
		Usr 0 00:01:20, Sys 0 00:00:02  -  Run Remote Usage
		Usr 0 00:00:00, Sys 0 00:00:00  -  Run Local Usage
		Usr 0 00:01:20, Sys 0 00:00:02  -  Total Remote Usage
		Usr 0 00:00:00, Sys 0 00:00:00  -  Total Local Usage
	9225  -  Run Bytes Sent By Job
	148  -  Run Bytes Received By Job
	9225  -  Total Bytes Sent By Job
	148  -  Total Bytes Received By Job
	Partitionable Resources :    Usage  Request Allocated 
	   Cpus                 :                 1         1 
	   Disk (KB)            :       54        1     61930 
	   Memory (MB)          :      171     3900      3968 

	Job terminated of its own accord at 2023-06-12T10:40:23Z.
...
006 (311136.006.000) 2023-06-12 19:40:23 Image size of job updated: 697724
	171  -  MemoryUsage of job (MB)
	174472  -  ResidentSetSize of job (KB)
...
040 (311136.006.000) 2023-06-12 19:40:23 Started transferring output files
...
040 (311136.006.000) 2023-06-12 19:40:23 Finished transferring output files
...
005 (311136.006.000) 2023-06-12 19:40:23 Job terminated.
	(1) Normal termination (return value 0)
		Usr 0 00:01:21, Sys 0 00:00:02  -  Run Remote Usage
		Usr 0 00:00:00, Sys 0 00:00:00  -  Run Local Usage
		Usr 0 00:01:21, Sys 0 00:00:02  -  Total Remote Usage
		Usr 0 00:00:00, Sys 0 00:00:00  -  Total Local Usage
	9256  -  Run Bytes Sent By Job
	148  -  Run Bytes Received By Job
	9256  -  Total Bytes Sent By Job
	148  -  Total Bytes Received By Job
	Partitionable Resources :    Usage  Request Allocated 
	   Cpus                 :                 1         1 
	   Disk (KB)            :       54        1     61930 
	   Memory (MB)          :      171     3900      3968 

	Job terminated of its own accord at 2023-06-12T10:40:23Z.
...
