000 (311044.000.000) 2023-06-12 17:46:37 Job submitted from host: <172.30.1.200:9618?addrs=172.30.1.200-9618&alias=tamsa2.snu.ac.kr&noUDP&sock=schedd_3510_2582>
...
000 (311044.001.000) 2023-06-12 17:46:37 Job submitted from host: <172.30.1.200:9618?addrs=172.30.1.200-9618&alias=tamsa2.snu.ac.kr&noUDP&sock=schedd_3510_2582>
...
000 (311044.002.000) 2023-06-12 17:46:37 Job submitted from host: <172.30.1.200:9618?addrs=172.30.1.200-9618&alias=tamsa2.snu.ac.kr&noUDP&sock=schedd_3510_2582>
...
000 (311044.003.000) 2023-06-12 17:46:37 Job submitted from host: <172.30.1.200:9618?addrs=172.30.1.200-9618&alias=tamsa2.snu.ac.kr&noUDP&sock=schedd_3510_2582>
...
000 (311044.004.000) 2023-06-12 17:46:37 Job submitted from host: <172.30.1.200:9618?addrs=172.30.1.200-9618&alias=tamsa2.snu.ac.kr&noUDP&sock=schedd_3510_2582>
...
000 (311044.005.000) 2023-06-12 17:46:37 Job submitted from host: <172.30.1.200:9618?addrs=172.30.1.200-9618&alias=tamsa2.snu.ac.kr&noUDP&sock=schedd_3510_2582>
...
000 (311044.006.000) 2023-06-12 17:46:37 Job submitted from host: <172.30.1.200:9618?addrs=172.30.1.200-9618&alias=tamsa2.snu.ac.kr&noUDP&sock=schedd_3510_2582>
...
000 (311044.007.000) 2023-06-12 17:46:37 Job submitted from host: <172.30.1.200:9618?addrs=172.30.1.200-9618&alias=tamsa2.snu.ac.kr&noUDP&sock=schedd_3510_2582>
...
000 (311044.008.000) 2023-06-12 17:46:37 Job submitted from host: <172.30.1.200:9618?addrs=172.30.1.200-9618&alias=tamsa2.snu.ac.kr&noUDP&sock=schedd_3510_2582>
...
000 (311044.009.000) 2023-06-12 17:46:37 Job submitted from host: <172.30.1.200:9618?addrs=172.30.1.200-9618&alias=tamsa2.snu.ac.kr&noUDP&sock=schedd_3510_2582>
...
040 (311044.000.000) 2023-06-12 17:46:43 Started transferring input files
	Transferring to host: <172.30.1.109:9618?addrs=172.30.1.109-9618&alias=n9&noUDP&sock=slot1_13_4265_d407_22899>
...
040 (311044.000.000) 2023-06-12 17:46:43 Finished transferring input files
...
040 (311044.001.000) 2023-06-12 17:46:43 Started transferring input files
	Transferring to host: <172.30.1.109:9618?addrs=172.30.1.109-9618&alias=n9&noUDP&sock=slot1_15_4265_d407_22900>
...
040 (311044.002.000) 2023-06-12 17:46:43 Started transferring input files
	Transferring to host: <172.30.1.109:9618?addrs=172.30.1.109-9618&alias=n9&noUDP&sock=slot1_19_4265_d407_22901>
...
040 (311044.001.000) 2023-06-12 17:46:43 Finished transferring input files
...
040 (311044.002.000) 2023-06-12 17:46:43 Finished transferring input files
...
040 (311044.003.000) 2023-06-12 17:46:43 Started transferring input files
	Transferring to host: <172.30.1.109:9618?addrs=172.30.1.109-9618&alias=n9&noUDP&sock=slot1_20_4265_d407_22902>
...
040 (311044.003.000) 2023-06-12 17:46:43 Finished transferring input files
...
040 (311044.004.000) 2023-06-12 17:46:43 Started transferring input files
	Transferring to host: <172.30.1.109:9618?addrs=172.30.1.109-9618&alias=n9&noUDP&sock=slot1_21_4265_d407_22903>
...
040 (311044.004.000) 2023-06-12 17:46:43 Finished transferring input files
...
040 (311044.005.000) 2023-06-12 17:46:43 Started transferring input files
	Transferring to host: <172.30.1.109:9618?addrs=172.30.1.109-9618&alias=n9&noUDP&sock=slot1_23_4265_d407_22904>
...
040 (311044.005.000) 2023-06-12 17:46:43 Finished transferring input files
...
040 (311044.006.000) 2023-06-12 17:46:43 Started transferring input files
	Transferring to host: <172.30.1.109:9618?addrs=172.30.1.109-9618&alias=n9&noUDP&sock=slot1_24_4265_d407_22905>
...
040 (311044.006.000) 2023-06-12 17:46:43 Finished transferring input files
...
040 (311044.007.000) 2023-06-12 17:46:43 Started transferring input files
	Transferring to host: <172.30.1.109:9618?addrs=172.30.1.109-9618&alias=n9&noUDP&sock=slot1_25_4265_d407_22906>
...
040 (311044.007.000) 2023-06-12 17:46:43 Finished transferring input files
...
040 (311044.008.000) 2023-06-12 17:46:43 Started transferring input files
	Transferring to host: <172.30.1.109:9618?addrs=172.30.1.109-9618&alias=n9&noUDP&sock=slot1_26_4265_d407_22907>
...
040 (311044.008.000) 2023-06-12 17:46:43 Finished transferring input files
...
040 (311044.009.000) 2023-06-12 17:46:43 Started transferring input files
	Transferring to host: <172.30.1.109:9618?addrs=172.30.1.109-9618&alias=n9&noUDP&sock=slot1_27_4265_d407_22908>
...
040 (311044.009.000) 2023-06-12 17:46:44 Finished transferring input files
...
001 (311044.000.000) 2023-06-12 17:46:44 Job executing on host: <172.30.1.109:9618?addrs=172.30.1.109-9618&alias=n9&noUDP&sock=startd_4231_b14b>
...
001 (311044.001.000) 2023-06-12 17:46:44 Job executing on host: <172.30.1.109:9618?addrs=172.30.1.109-9618&alias=n9&noUDP&sock=startd_4231_b14b>
...
001 (311044.002.000) 2023-06-12 17:46:44 Job executing on host: <172.30.1.109:9618?addrs=172.30.1.109-9618&alias=n9&noUDP&sock=startd_4231_b14b>
...
001 (311044.003.000) 2023-06-12 17:46:44 Job executing on host: <172.30.1.109:9618?addrs=172.30.1.109-9618&alias=n9&noUDP&sock=startd_4231_b14b>
...
001 (311044.004.000) 2023-06-12 17:46:44 Job executing on host: <172.30.1.109:9618?addrs=172.30.1.109-9618&alias=n9&noUDP&sock=startd_4231_b14b>
...
001 (311044.005.000) 2023-06-12 17:46:44 Job executing on host: <172.30.1.109:9618?addrs=172.30.1.109-9618&alias=n9&noUDP&sock=startd_4231_b14b>
...
001 (311044.006.000) 2023-06-12 17:46:44 Job executing on host: <172.30.1.109:9618?addrs=172.30.1.109-9618&alias=n9&noUDP&sock=startd_4231_b14b>
...
001 (311044.007.000) 2023-06-12 17:46:44 Job executing on host: <172.30.1.109:9618?addrs=172.30.1.109-9618&alias=n9&noUDP&sock=startd_4231_b14b>
...
001 (311044.008.000) 2023-06-12 17:46:44 Job executing on host: <172.30.1.109:9618?addrs=172.30.1.109-9618&alias=n9&noUDP&sock=startd_4231_b14b>
...
001 (311044.009.000) 2023-06-12 17:46:44 Job executing on host: <172.30.1.109:9618?addrs=172.30.1.109-9618&alias=n9&noUDP&sock=startd_4231_b14b>
...
006 (311044.009.000) 2023-06-12 17:46:53 Image size of job updated: 189512
	186  -  MemoryUsage of job (MB)
	189480  -  ResidentSetSize of job (KB)
...
006 (311044.000.000) 2023-06-12 17:46:53 Image size of job updated: 188084
	184  -  MemoryUsage of job (MB)
	188084  -  ResidentSetSize of job (KB)
...
006 (311044.001.000) 2023-06-12 17:46:53 Image size of job updated: 206296
	202  -  MemoryUsage of job (MB)
	206236  -  ResidentSetSize of job (KB)
...
006 (311044.002.000) 2023-06-12 17:46:53 Image size of job updated: 203680
	199  -  MemoryUsage of job (MB)
	203680  -  ResidentSetSize of job (KB)
...
006 (311044.003.000) 2023-06-12 17:46:53 Image size of job updated: 190176
	186  -  MemoryUsage of job (MB)
	190176  -  ResidentSetSize of job (KB)
...
006 (311044.004.000) 2023-06-12 17:46:53 Image size of job updated: 206368
	202  -  MemoryUsage of job (MB)
	206368  -  ResidentSetSize of job (KB)
...
006 (311044.005.000) 2023-06-12 17:46:53 Image size of job updated: 199720
	196  -  MemoryUsage of job (MB)
	199720  -  ResidentSetSize of job (KB)
...
006 (311044.006.000) 2023-06-12 17:46:53 Image size of job updated: 206336
	202  -  MemoryUsage of job (MB)
	206316  -  ResidentSetSize of job (KB)
...
006 (311044.007.000) 2023-06-12 17:46:53 Image size of job updated: 206336
	202  -  MemoryUsage of job (MB)
	206336  -  ResidentSetSize of job (KB)
...
006 (311044.008.000) 2023-06-12 17:46:54 Image size of job updated: 206372
	202  -  MemoryUsage of job (MB)
	206328  -  ResidentSetSize of job (KB)
...
006 (311044.000.000) 2023-06-12 17:47:12 Image size of job updated: 691648
	184  -  MemoryUsage of job (MB)
	188084  -  ResidentSetSize of job (KB)
...
040 (311044.000.000) 2023-06-12 17:47:12 Started transferring output files
...
040 (311044.000.000) 2023-06-12 17:47:12 Finished transferring output files
...
005 (311044.000.000) 2023-06-12 17:47:12 Job terminated.
	(1) Normal termination (return value 0)
		Usr 0 00:00:22, Sys 0 00:00:01  -  Run Remote Usage
		Usr 0 00:00:00, Sys 0 00:00:00  -  Run Local Usage
		Usr 0 00:00:22, Sys 0 00:00:01  -  Total Remote Usage
		Usr 0 00:00:00, Sys 0 00:00:00  -  Total Local Usage
	7514  -  Run Bytes Sent By Job
	148  -  Run Bytes Received By Job
	7514  -  Total Bytes Sent By Job
	148  -  Total Bytes Received By Job
	Partitionable Resources :    Usage  Request Allocated 
	   Cpus                 :                 1         1 
	   Disk (KB)            :       52        1    127899 
	   Memory (MB)          :      184     3900      3968 

	Job terminated of its own accord at 2023-06-12T08:47:12Z.
...
006 (311044.003.000) 2023-06-12 17:47:14 Image size of job updated: 694972
	186  -  MemoryUsage of job (MB)
	190176  -  ResidentSetSize of job (KB)
...
040 (311044.003.000) 2023-06-12 17:47:14 Started transferring output files
...
040 (311044.003.000) 2023-06-12 17:47:14 Finished transferring output files
...
005 (311044.003.000) 2023-06-12 17:47:14 Job terminated.
	(1) Normal termination (return value 0)
		Usr 0 00:00:24, Sys 0 00:00:01  -  Run Remote Usage
		Usr 0 00:00:00, Sys 0 00:00:00  -  Run Local Usage
		Usr 0 00:00:24, Sys 0 00:00:01  -  Total Remote Usage
		Usr 0 00:00:00, Sys 0 00:00:00  -  Total Local Usage
	7514  -  Run Bytes Sent By Job
	148  -  Run Bytes Received By Job
	7514  -  Total Bytes Sent By Job
	148  -  Total Bytes Received By Job
	Partitionable Resources :    Usage  Request Allocated 
	   Cpus                 :                 1         1 
	   Disk (KB)            :       52        1    127899 
	   Memory (MB)          :      186     3900      3968 

	Job terminated of its own accord at 2023-06-12T08:47:14Z.
...
006 (311044.009.000) 2023-06-12 17:47:16 Image size of job updated: 694852
	186  -  MemoryUsage of job (MB)
	189480  -  ResidentSetSize of job (KB)
...
006 (311044.001.000) 2023-06-12 17:47:16 Image size of job updated: 693844
	202  -  MemoryUsage of job (MB)
	206236  -  ResidentSetSize of job (KB)
...
040 (311044.009.000) 2023-06-12 17:47:16 Started transferring output files
...
040 (311044.009.000) 2023-06-12 17:47:16 Finished transferring output files
...
005 (311044.009.000) 2023-06-12 17:47:16 Job terminated.
	(1) Normal termination (return value 0)
		Usr 0 00:00:26, Sys 0 00:00:01  -  Run Remote Usage
		Usr 0 00:00:00, Sys 0 00:00:00  -  Run Local Usage
		Usr 0 00:00:26, Sys 0 00:00:01  -  Total Remote Usage
		Usr 0 00:00:00, Sys 0 00:00:00  -  Total Local Usage
	7494  -  Run Bytes Sent By Job
	148  -  Run Bytes Received By Job
	7494  -  Total Bytes Sent By Job
	148  -  Total Bytes Received By Job
	Partitionable Resources :    Usage  Request Allocated 
	   Cpus                 :                 1         1 
	   Disk (KB)            :       52        1    127899 
	   Memory (MB)          :      186     3900      3968 

	Job terminated of its own accord at 2023-06-12T08:47:16Z.
...
040 (311044.001.000) 2023-06-12 17:47:16 Started transferring output files
...
040 (311044.001.000) 2023-06-12 17:47:16 Finished transferring output files
...
005 (311044.001.000) 2023-06-12 17:47:16 Job terminated.
	(1) Normal termination (return value 0)
		Usr 0 00:00:26, Sys 0 00:00:01  -  Run Remote Usage
		Usr 0 00:00:00, Sys 0 00:00:00  -  Run Local Usage
		Usr 0 00:00:26, Sys 0 00:00:01  -  Total Remote Usage
		Usr 0 00:00:00, Sys 0 00:00:00  -  Total Local Usage
	7514  -  Run Bytes Sent By Job
	148  -  Run Bytes Received By Job
	7514  -  Total Bytes Sent By Job
	148  -  Total Bytes Received By Job
	Partitionable Resources :    Usage  Request Allocated 
	   Cpus                 :                 1         1 
	   Disk (KB)            :       52        1    127899 
	   Memory (MB)          :      202     3900      3968 

	Job terminated of its own accord at 2023-06-12T08:47:16Z.
...
006 (311044.008.000) 2023-06-12 17:47:17 Image size of job updated: 691884
	202  -  MemoryUsage of job (MB)
	206328  -  ResidentSetSize of job (KB)
...
006 (311044.004.000) 2023-06-12 17:47:17 Image size of job updated: 691820
	202  -  MemoryUsage of job (MB)
	206368  -  ResidentSetSize of job (KB)
...
040 (311044.008.000) 2023-06-12 17:47:17 Started transferring output files
...
040 (311044.008.000) 2023-06-12 17:47:17 Finished transferring output files
...
005 (311044.008.000) 2023-06-12 17:47:17 Job terminated.
	(1) Normal termination (return value 0)
		Usr 0 00:00:26, Sys 0 00:00:01  -  Run Remote Usage
		Usr 0 00:00:00, Sys 0 00:00:00  -  Run Local Usage
		Usr 0 00:00:26, Sys 0 00:00:01  -  Total Remote Usage
		Usr 0 00:00:00, Sys 0 00:00:00  -  Total Local Usage
	7494  -  Run Bytes Sent By Job
	148  -  Run Bytes Received By Job
	7494  -  Total Bytes Sent By Job
	148  -  Total Bytes Received By Job
	Partitionable Resources :    Usage  Request Allocated 
	   Cpus                 :                 1         1 
	   Disk (KB)            :       52        1    127899 
	   Memory (MB)          :      202     3900      3968 

	Job terminated of its own accord at 2023-06-12T08:47:17Z.
...
040 (311044.004.000) 2023-06-12 17:47:17 Started transferring output files
...
040 (311044.004.000) 2023-06-12 17:47:17 Finished transferring output files
...
005 (311044.004.000) 2023-06-12 17:47:17 Job terminated.
	(1) Normal termination (return value 0)
		Usr 0 00:00:25, Sys 0 00:00:01  -  Run Remote Usage
		Usr 0 00:00:00, Sys 0 00:00:00  -  Run Local Usage
		Usr 0 00:00:25, Sys 0 00:00:01  -  Total Remote Usage
		Usr 0 00:00:00, Sys 0 00:00:00  -  Total Local Usage
	7535  -  Run Bytes Sent By Job
	148  -  Run Bytes Received By Job
	7535  -  Total Bytes Sent By Job
	148  -  Total Bytes Received By Job
	Partitionable Resources :    Usage  Request Allocated 
	   Cpus                 :                 1         1 
	   Disk (KB)            :       52        1    127899 
	   Memory (MB)          :      202     3900      3968 

	Job terminated of its own accord at 2023-06-12T08:47:17Z.
...
006 (311044.002.000) 2023-06-12 17:47:17 Image size of job updated: 694804
	199  -  MemoryUsage of job (MB)
	203700  -  ResidentSetSize of job (KB)
...
040 (311044.002.000) 2023-06-12 17:47:17 Started transferring output files
...
040 (311044.002.000) 2023-06-12 17:47:17 Finished transferring output files
...
005 (311044.002.000) 2023-06-12 17:47:17 Job terminated.
	(1) Normal termination (return value 0)
		Usr 0 00:00:27, Sys 0 00:00:01  -  Run Remote Usage
		Usr 0 00:00:00, Sys 0 00:00:00  -  Run Local Usage
		Usr 0 00:00:27, Sys 0 00:00:01  -  Total Remote Usage
		Usr 0 00:00:00, Sys 0 00:00:00  -  Total Local Usage
	7482  -  Run Bytes Sent By Job
	148  -  Run Bytes Received By Job
	7482  -  Total Bytes Sent By Job
	148  -  Total Bytes Received By Job
	Partitionable Resources :    Usage  Request Allocated 
	   Cpus                 :                 1         1 
	   Disk (KB)            :       52        1    127899 
	   Memory (MB)          :      199     3900      3968 

	Job terminated of its own accord at 2023-06-12T08:47:17Z.
...
006 (311044.005.000) 2023-06-12 17:47:18 Image size of job updated: 696132
	196  -  MemoryUsage of job (MB)
	199728  -  ResidentSetSize of job (KB)
...
040 (311044.005.000) 2023-06-12 17:47:18 Started transferring output files
...
040 (311044.005.000) 2023-06-12 17:47:18 Finished transferring output files
...
005 (311044.005.000) 2023-06-12 17:47:18 Job terminated.
	(1) Normal termination (return value 0)
		Usr 0 00:00:28, Sys 0 00:00:01  -  Run Remote Usage
		Usr 0 00:00:00, Sys 0 00:00:00  -  Run Local Usage
		Usr 0 00:00:28, Sys 0 00:00:01  -  Total Remote Usage
		Usr 0 00:00:00, Sys 0 00:00:00  -  Total Local Usage
	7556  -  Run Bytes Sent By Job
	148  -  Run Bytes Received By Job
	7556  -  Total Bytes Sent By Job
	148  -  Total Bytes Received By Job
	Partitionable Resources :    Usage  Request Allocated 
	   Cpus                 :                 1         1 
	   Disk (KB)            :       52        1    127899 
	   Memory (MB)          :      196     3900      3968 

	Job terminated of its own accord at 2023-06-12T08:47:18Z.
...
006 (311044.006.000) 2023-06-12 17:47:23 Image size of job updated: 692052
	202  -  MemoryUsage of job (MB)
	206316  -  ResidentSetSize of job (KB)
...
040 (311044.006.000) 2023-06-12 17:47:23 Started transferring output files
...
040 (311044.006.000) 2023-06-12 17:47:23 Finished transferring output files
...
005 (311044.006.000) 2023-06-12 17:47:23 Job terminated.
	(1) Normal termination (return value 0)
		Usr 0 00:00:32, Sys 0 00:00:01  -  Run Remote Usage
		Usr 0 00:00:00, Sys 0 00:00:00  -  Run Local Usage
		Usr 0 00:00:32, Sys 0 00:00:01  -  Total Remote Usage
		Usr 0 00:00:00, Sys 0 00:00:00  -  Total Local Usage
	7555  -  Run Bytes Sent By Job
	148  -  Run Bytes Received By Job
	7555  -  Total Bytes Sent By Job
	148  -  Total Bytes Received By Job
	Partitionable Resources :    Usage  Request Allocated 
	   Cpus                 :                 1         1 
	   Disk (KB)            :       52        1    127899 
	   Memory (MB)          :      202     3900      3968 

	Job terminated of its own accord at 2023-06-12T08:47:23Z.
...
006 (311044.007.000) 2023-06-12 17:47:30 Image size of job updated: 691652
	202  -  MemoryUsage of job (MB)
	206336  -  ResidentSetSize of job (KB)
...
040 (311044.007.000) 2023-06-12 17:47:30 Started transferring output files
...
040 (311044.007.000) 2023-06-12 17:47:30 Finished transferring output files
...
005 (311044.007.000) 2023-06-12 17:47:30 Job terminated.
	(1) Normal termination (return value 0)
		Usr 0 00:00:40, Sys 0 00:00:01  -  Run Remote Usage
		Usr 0 00:00:00, Sys 0 00:00:00  -  Run Local Usage
		Usr 0 00:00:40, Sys 0 00:00:01  -  Total Remote Usage
		Usr 0 00:00:00, Sys 0 00:00:00  -  Total Local Usage
	7494  -  Run Bytes Sent By Job
	148  -  Run Bytes Received By Job
	7494  -  Total Bytes Sent By Job
	148  -  Total Bytes Received By Job
	Partitionable Resources :    Usage  Request Allocated 
	   Cpus                 :                 1         1 
	   Disk (KB)            :       52        1    127899 
	   Memory (MB)          :      202     3900      3968 

	Job terminated of its own accord at 2023-06-12T08:47:30Z.
...
