000 (330284.000.000) 2023-07-25 13:21:20 Job submitted from host: <172.30.1.200:9618?addrs=172.30.1.200-9618&alias=tamsa2.snu.ac.kr&noUDP&sock=schedd_3510_2582>
...
000 (330284.001.000) 2023-07-25 13:21:20 Job submitted from host: <172.30.1.200:9618?addrs=172.30.1.200-9618&alias=tamsa2.snu.ac.kr&noUDP&sock=schedd_3510_2582>
...
000 (330284.002.000) 2023-07-25 13:21:20 Job submitted from host: <172.30.1.200:9618?addrs=172.30.1.200-9618&alias=tamsa2.snu.ac.kr&noUDP&sock=schedd_3510_2582>
...
000 (330284.003.000) 2023-07-25 13:21:20 Job submitted from host: <172.30.1.200:9618?addrs=172.30.1.200-9618&alias=tamsa2.snu.ac.kr&noUDP&sock=schedd_3510_2582>
...
000 (330284.004.000) 2023-07-25 13:21:20 Job submitted from host: <172.30.1.200:9618?addrs=172.30.1.200-9618&alias=tamsa2.snu.ac.kr&noUDP&sock=schedd_3510_2582>
...
000 (330284.005.000) 2023-07-25 13:21:20 Job submitted from host: <172.30.1.200:9618?addrs=172.30.1.200-9618&alias=tamsa2.snu.ac.kr&noUDP&sock=schedd_3510_2582>
...
000 (330284.006.000) 2023-07-25 13:21:20 Job submitted from host: <172.30.1.200:9618?addrs=172.30.1.200-9618&alias=tamsa2.snu.ac.kr&noUDP&sock=schedd_3510_2582>
...
000 (330284.007.000) 2023-07-25 13:21:20 Job submitted from host: <172.30.1.200:9618?addrs=172.30.1.200-9618&alias=tamsa2.snu.ac.kr&noUDP&sock=schedd_3510_2582>
...
000 (330284.008.000) 2023-07-25 13:21:20 Job submitted from host: <172.30.1.200:9618?addrs=172.30.1.200-9618&alias=tamsa2.snu.ac.kr&noUDP&sock=schedd_3510_2582>
...
000 (330284.009.000) 2023-07-25 13:21:20 Job submitted from host: <172.30.1.200:9618?addrs=172.30.1.200-9618&alias=tamsa2.snu.ac.kr&noUDP&sock=schedd_3510_2582>
...
040 (330284.000.000) 2023-07-25 13:21:35 Started transferring input files
	Transferring to host: <172.30.1.105:9618?addrs=172.30.1.105-9618&alias=n5&noUDP&sock=slot1_2_3332_7201_31125>
...
040 (330284.000.000) 2023-07-25 13:21:35 Finished transferring input files
...
040 (330284.001.000) 2023-07-25 13:21:35 Started transferring input files
	Transferring to host: <172.30.1.105:9618?addrs=172.30.1.105-9618&alias=n5&noUDP&sock=slot1_3_3332_7201_31126>
...
040 (330284.001.000) 2023-07-25 13:21:35 Finished transferring input files
...
040 (330284.002.000) 2023-07-25 13:21:35 Started transferring input files
	Transferring to host: <172.30.1.105:9618?addrs=172.30.1.105-9618&alias=n5&noUDP&sock=slot1_5_3332_7201_31127>
...
040 (330284.002.000) 2023-07-25 13:21:35 Finished transferring input files
...
040 (330284.003.000) 2023-07-25 13:21:36 Started transferring input files
	Transferring to host: <172.30.1.105:9618?addrs=172.30.1.105-9618&alias=n5&noUDP&sock=slot1_6_3332_7201_31128>
...
040 (330284.003.000) 2023-07-25 13:21:36 Finished transferring input files
...
001 (330284.000.000) 2023-07-25 13:21:36 Job executing on host: <172.30.1.105:9618?addrs=172.30.1.105-9618&alias=n5&noUDP&sock=startd_3298_bb6e>
...
040 (330284.004.000) 2023-07-25 13:21:36 Started transferring input files
	Transferring to host: <172.30.1.105:9618?addrs=172.30.1.105-9618&alias=n5&noUDP&sock=slot1_7_3332_7201_31129>
...
040 (330284.004.000) 2023-07-25 13:21:36 Finished transferring input files
...
040 (330284.005.000) 2023-07-25 13:21:36 Started transferring input files
	Transferring to host: <172.30.1.105:9618?addrs=172.30.1.105-9618&alias=n5&noUDP&sock=slot1_8_3332_7201_31130>
...
040 (330284.006.000) 2023-07-25 13:21:36 Started transferring input files
	Transferring to host: <172.30.1.105:9618?addrs=172.30.1.105-9618&alias=n5&noUDP&sock=slot1_9_3332_7201_31131>
...
040 (330284.005.000) 2023-07-25 13:21:36 Finished transferring input files
...
040 (330284.007.000) 2023-07-25 13:21:36 Started transferring input files
	Transferring to host: <172.30.1.105:9618?addrs=172.30.1.105-9618&alias=n5&noUDP&sock=slot1_10_3332_7201_31132>
...
040 (330284.006.000) 2023-07-25 13:21:36 Finished transferring input files
...
040 (330284.007.000) 2023-07-25 13:21:36 Finished transferring input files
...
040 (330284.008.000) 2023-07-25 13:21:36 Started transferring input files
	Transferring to host: <172.30.1.105:9618?addrs=172.30.1.105-9618&alias=n5&noUDP&sock=slot1_11_3332_7201_31133>
...
040 (330284.009.000) 2023-07-25 13:21:36 Started transferring input files
	Transferring to host: <172.30.1.105:9618?addrs=172.30.1.105-9618&alias=n5&noUDP&sock=slot1_12_3332_7201_31134>
...
040 (330284.008.000) 2023-07-25 13:21:36 Finished transferring input files
...
040 (330284.009.000) 2023-07-25 13:21:36 Finished transferring input files
...
001 (330284.001.000) 2023-07-25 13:21:36 Job executing on host: <172.30.1.105:9618?addrs=172.30.1.105-9618&alias=n5&noUDP&sock=startd_3298_bb6e>
...
001 (330284.002.000) 2023-07-25 13:21:36 Job executing on host: <172.30.1.105:9618?addrs=172.30.1.105-9618&alias=n5&noUDP&sock=startd_3298_bb6e>
...
001 (330284.003.000) 2023-07-25 13:21:37 Job executing on host: <172.30.1.105:9618?addrs=172.30.1.105-9618&alias=n5&noUDP&sock=startd_3298_bb6e>
...
001 (330284.004.000) 2023-07-25 13:21:37 Job executing on host: <172.30.1.105:9618?addrs=172.30.1.105-9618&alias=n5&noUDP&sock=startd_3298_bb6e>
...
001 (330284.005.000) 2023-07-25 13:21:37 Job executing on host: <172.30.1.105:9618?addrs=172.30.1.105-9618&alias=n5&noUDP&sock=startd_3298_bb6e>
...
001 (330284.006.000) 2023-07-25 13:21:37 Job executing on host: <172.30.1.105:9618?addrs=172.30.1.105-9618&alias=n5&noUDP&sock=startd_3298_bb6e>
...
001 (330284.007.000) 2023-07-25 13:21:37 Job executing on host: <172.30.1.105:9618?addrs=172.30.1.105-9618&alias=n5&noUDP&sock=startd_3298_bb6e>
...
001 (330284.008.000) 2023-07-25 13:21:37 Job executing on host: <172.30.1.105:9618?addrs=172.30.1.105-9618&alias=n5&noUDP&sock=startd_3298_bb6e>
...
001 (330284.009.000) 2023-07-25 13:21:37 Job executing on host: <172.30.1.105:9618?addrs=172.30.1.105-9618&alias=n5&noUDP&sock=startd_3298_bb6e>
...
006 (330284.000.000) 2023-07-25 13:21:44 Image size of job updated: 61820
	61  -  MemoryUsage of job (MB)
	61820  -  ResidentSetSize of job (KB)
...
006 (330284.003.000) 2023-07-25 13:21:45 Image size of job updated: 76108
	75  -  MemoryUsage of job (MB)
	76108  -  ResidentSetSize of job (KB)
...
006 (330284.004.000) 2023-07-25 13:21:45 Image size of job updated: 95932
	94  -  MemoryUsage of job (MB)
	95932  -  ResidentSetSize of job (KB)
...
006 (330284.005.000) 2023-07-25 13:21:45 Image size of job updated: 97228
	95  -  MemoryUsage of job (MB)
	97228  -  ResidentSetSize of job (KB)
...
006 (330284.006.000) 2023-07-25 13:21:45 Image size of job updated: 86576
	85  -  MemoryUsage of job (MB)
	86576  -  ResidentSetSize of job (KB)
...
006 (330284.007.000) 2023-07-25 13:21:45 Image size of job updated: 108880
	107  -  MemoryUsage of job (MB)
	108880  -  ResidentSetSize of job (KB)
...
006 (330284.001.000) 2023-07-25 13:21:45 Image size of job updated: 111988
	110  -  MemoryUsage of job (MB)
	111988  -  ResidentSetSize of job (KB)
...
006 (330284.002.000) 2023-07-25 13:21:45 Image size of job updated: 118656
	116  -  MemoryUsage of job (MB)
	118656  -  ResidentSetSize of job (KB)
...
006 (330284.008.000) 2023-07-25 13:21:46 Image size of job updated: 134448
	132  -  MemoryUsage of job (MB)
	134448  -  ResidentSetSize of job (KB)
...
006 (330284.009.000) 2023-07-25 13:21:46 Image size of job updated: 127764
	125  -  MemoryUsage of job (MB)
	127764  -  ResidentSetSize of job (KB)
...
006 (330284.000.000) 2023-07-25 13:21:54 Image size of job updated: 645128
	61  -  MemoryUsage of job (MB)
	61820  -  ResidentSetSize of job (KB)
...
040 (330284.000.000) 2023-07-25 13:21:54 Started transferring output files
...
040 (330284.000.000) 2023-07-25 13:21:54 Finished transferring output files
...
005 (330284.000.000) 2023-07-25 13:21:54 Job terminated.
	(1) Normal termination (return value 1)
		Usr 0 00:00:10, Sys 0 00:00:01  -  Run Remote Usage
		Usr 0 00:00:00, Sys 0 00:00:00  -  Run Local Usage
		Usr 0 00:00:10, Sys 0 00:00:01  -  Total Remote Usage
		Usr 0 00:00:00, Sys 0 00:00:00  -  Total Local Usage
	1292  -  Run Bytes Sent By Job
	165  -  Run Bytes Received By Job
	1292  -  Total Bytes Sent By Job
	165  -  Total Bytes Received By Job
	Partitionable Resources :    Usage  Request Allocated 
	   Cpus                 :        0        1         1 
	   Disk (KB)            :       52        1     61930 
	   Memory (MB)          :       61     3900      3968 

	Job terminated of its own accord at 2023-07-25T04:21:54Z.
...
006 (330284.005.000) 2023-07-25 13:22:04 Image size of job updated: 661208
	96  -  MemoryUsage of job (MB)
	97332  -  ResidentSetSize of job (KB)
...
040 (330284.005.000) 2023-07-25 13:22:04 Started transferring output files
...
040 (330284.005.000) 2023-07-25 13:22:04 Finished transferring output files
...
005 (330284.005.000) 2023-07-25 13:22:04 Job terminated.
	(1) Normal termination (return value 0)
		Usr 0 00:00:18, Sys 0 00:00:01  -  Run Remote Usage
		Usr 0 00:00:00, Sys 0 00:00:00  -  Run Local Usage
		Usr 0 00:00:18, Sys 0 00:00:01  -  Total Remote Usage
		Usr 0 00:00:00, Sys 0 00:00:00  -  Total Local Usage
	1223  -  Run Bytes Sent By Job
	165  -  Run Bytes Received By Job
	1223  -  Total Bytes Sent By Job
	165  -  Total Bytes Received By Job
	Partitionable Resources :    Usage  Request Allocated 
	   Cpus                 :     0.03        1         1 
	   Disk (KB)            :    52           1     61930 
	   Memory (MB)          :    96        3900      3968 

	Job terminated of its own accord at 2023-07-25T04:22:04Z.
...
006 (330284.009.000) 2023-07-25 13:22:05 Image size of job updated: 686688
	125  -  MemoryUsage of job (MB)
	127808  -  ResidentSetSize of job (KB)
...
006 (330284.001.000) 2023-07-25 13:22:05 Image size of job updated: 686420
	110  -  MemoryUsage of job (MB)
	111988  -  ResidentSetSize of job (KB)
...
040 (330284.009.000) 2023-07-25 13:22:05 Started transferring output files
...
040 (330284.009.000) 2023-07-25 13:22:05 Finished transferring output files
...
005 (330284.009.000) 2023-07-25 13:22:05 Job terminated.
	(1) Normal termination (return value 0)
		Usr 0 00:00:20, Sys 0 00:00:01  -  Run Remote Usage
		Usr 0 00:00:00, Sys 0 00:00:00  -  Run Local Usage
		Usr 0 00:00:20, Sys 0 00:00:01  -  Total Remote Usage
		Usr 0 00:00:00, Sys 0 00:00:00  -  Total Local Usage
	1197  -  Run Bytes Sent By Job
	165  -  Run Bytes Received By Job
	1197  -  Total Bytes Sent By Job
	165  -  Total Bytes Received By Job
	Partitionable Resources :    Usage  Request Allocated 
	   Cpus                 :     0.02        1         1 
	   Disk (KB)            :    52           1     61930 
	   Memory (MB)          :   125        3900      3968 

	Job terminated of its own accord at 2023-07-25T04:22:05Z.
...
040 (330284.001.000) 2023-07-25 13:22:05 Started transferring output files
...
040 (330284.001.000) 2023-07-25 13:22:05 Finished transferring output files
...
005 (330284.001.000) 2023-07-25 13:22:05 Job terminated.
	(1) Normal termination (return value 0)
		Usr 0 00:00:20, Sys 0 00:00:01  -  Run Remote Usage
		Usr 0 00:00:00, Sys 0 00:00:00  -  Run Local Usage
		Usr 0 00:00:20, Sys 0 00:00:01  -  Total Remote Usage
		Usr 0 00:00:00, Sys 0 00:00:00  -  Total Local Usage
	1285  -  Run Bytes Sent By Job
	165  -  Run Bytes Received By Job
	1285  -  Total Bytes Sent By Job
	165  -  Total Bytes Received By Job
	Partitionable Resources :    Usage  Request Allocated 
	   Cpus                 :     0.02        1         1 
	   Disk (KB)            :    52           1     61930 
	   Memory (MB)          :   110        3900      3968 

	Job terminated of its own accord at 2023-07-25T04:22:05Z.
...
006 (330284.004.000) 2023-07-25 13:22:06 Image size of job updated: 688256
	94  -  MemoryUsage of job (MB)
	96064  -  ResidentSetSize of job (KB)
...
040 (330284.004.000) 2023-07-25 13:22:06 Started transferring output files
...
040 (330284.004.000) 2023-07-25 13:22:07 Finished transferring output files
...
005 (330284.004.000) 2023-07-25 13:22:07 Job terminated.
	(1) Normal termination (return value 0)
		Usr 0 00:00:20, Sys 0 00:00:01  -  Run Remote Usage
		Usr 0 00:00:00, Sys 0 00:00:00  -  Run Local Usage
		Usr 0 00:00:20, Sys 0 00:00:01  -  Total Remote Usage
		Usr 0 00:00:00, Sys 0 00:00:00  -  Total Local Usage
	1223  -  Run Bytes Sent By Job
	165  -  Run Bytes Received By Job
	1223  -  Total Bytes Sent By Job
	165  -  Total Bytes Received By Job
	Partitionable Resources :    Usage  Request Allocated 
	   Cpus                 :     0.03        1         1 
	   Disk (KB)            :    52           1     61930 
	   Memory (MB)          :    94        3900      3968 

	Job terminated of its own accord at 2023-07-25T04:22:06Z.
...
006 (330284.007.000) 2023-07-25 13:22:09 Image size of job updated: 686724
	107  -  MemoryUsage of job (MB)
	108996  -  ResidentSetSize of job (KB)
...
040 (330284.007.000) 2023-07-25 13:22:09 Started transferring output files
...
040 (330284.007.000) 2023-07-25 13:22:09 Finished transferring output files
...
005 (330284.007.000) 2023-07-25 13:22:09 Job terminated.
	(1) Normal termination (return value 0)
		Usr 0 00:00:22, Sys 0 00:00:01  -  Run Remote Usage
		Usr 0 00:00:00, Sys 0 00:00:00  -  Run Local Usage
		Usr 0 00:00:22, Sys 0 00:00:01  -  Total Remote Usage
		Usr 0 00:00:00, Sys 0 00:00:00  -  Total Local Usage
	1135  -  Run Bytes Sent By Job
	165  -  Run Bytes Received By Job
	1135  -  Total Bytes Sent By Job
	165  -  Total Bytes Received By Job
	Partitionable Resources :    Usage  Request Allocated 
	   Cpus                 :     0.04        1         1 
	   Disk (KB)            :    52           1     61930 
	   Memory (MB)          :   107        3900      3968 

	Job terminated of its own accord at 2023-07-25T04:22:09Z.
...
006 (330284.002.000) 2023-07-25 13:22:10 Image size of job updated: 688236
	116  -  MemoryUsage of job (MB)
	118688  -  ResidentSetSize of job (KB)
...
040 (330284.002.000) 2023-07-25 13:22:10 Started transferring output files
...
040 (330284.002.000) 2023-07-25 13:22:10 Finished transferring output files
...
005 (330284.002.000) 2023-07-25 13:22:10 Job terminated.
	(1) Normal termination (return value 0)
		Usr 0 00:00:24, Sys 0 00:00:01  -  Run Remote Usage
		Usr 0 00:00:00, Sys 0 00:00:00  -  Run Local Usage
		Usr 0 00:00:24, Sys 0 00:00:01  -  Total Remote Usage
		Usr 0 00:00:00, Sys 0 00:00:00  -  Total Local Usage
	1165  -  Run Bytes Sent By Job
	165  -  Run Bytes Received By Job
	1165  -  Total Bytes Sent By Job
	165  -  Total Bytes Received By Job
	Partitionable Resources :    Usage  Request Allocated 
	   Cpus                 :     0.01        1         1 
	   Disk (KB)            :    52           1     61930 
	   Memory (MB)          :   116        3900      3968 

	Job terminated of its own accord at 2023-07-25T04:22:10Z.
...
006 (330284.006.000) 2023-07-25 13:22:11 Image size of job updated: 686708
	85  -  MemoryUsage of job (MB)
	86636  -  ResidentSetSize of job (KB)
...
040 (330284.006.000) 2023-07-25 13:22:11 Started transferring output files
...
040 (330284.006.000) 2023-07-25 13:22:11 Finished transferring output files
...
005 (330284.006.000) 2023-07-25 13:22:11 Job terminated.
	(1) Normal termination (return value 0)
		Usr 0 00:00:23, Sys 0 00:00:01  -  Run Remote Usage
		Usr 0 00:00:00, Sys 0 00:00:00  -  Run Local Usage
		Usr 0 00:00:23, Sys 0 00:00:01  -  Total Remote Usage
		Usr 0 00:00:00, Sys 0 00:00:00  -  Total Local Usage
	1104  -  Run Bytes Sent By Job
	165  -  Run Bytes Received By Job
	1104  -  Total Bytes Sent By Job
	165  -  Total Bytes Received By Job
	Partitionable Resources :    Usage  Request Allocated 
	   Cpus                 :     0.02        1         1 
	   Disk (KB)            :    52           1     61930 
	   Memory (MB)          :    85        3900      3968 

	Job terminated of its own accord at 2023-07-25T04:22:11Z.
...
006 (330284.003.000) 2023-07-25 13:22:12 Image size of job updated: 687528
	75  -  MemoryUsage of job (MB)
	76196  -  ResidentSetSize of job (KB)
...
040 (330284.003.000) 2023-07-25 13:22:12 Started transferring output files
...
040 (330284.003.000) 2023-07-25 13:22:12 Finished transferring output files
...
005 (330284.003.000) 2023-07-25 13:22:12 Job terminated.
	(1) Normal termination (return value 0)
		Usr 0 00:00:25, Sys 0 00:00:01  -  Run Remote Usage
		Usr 0 00:00:00, Sys 0 00:00:00  -  Run Local Usage
		Usr 0 00:00:25, Sys 0 00:00:01  -  Total Remote Usage
		Usr 0 00:00:00, Sys 0 00:00:00  -  Total Local Usage
	1224  -  Run Bytes Sent By Job
	165  -  Run Bytes Received By Job
	1224  -  Total Bytes Sent By Job
	165  -  Total Bytes Received By Job
	Partitionable Resources :    Usage  Request Allocated 
	   Cpus                 :     0.03        1         1 
	   Disk (KB)            :    52           1     61930 
	   Memory (MB)          :    75        3900      3968 

	Job terminated of its own accord at 2023-07-25T04:22:12Z.
...
006 (330284.008.000) 2023-07-25 13:22:12 Image size of job updated: 686692
	132  -  MemoryUsage of job (MB)
	134476  -  ResidentSetSize of job (KB)
...
040 (330284.008.000) 2023-07-25 13:22:12 Started transferring output files
...
040 (330284.008.000) 2023-07-25 13:22:13 Finished transferring output files
...
005 (330284.008.000) 2023-07-25 13:22:13 Job terminated.
	(1) Normal termination (return value 0)
		Usr 0 00:00:25, Sys 0 00:00:01  -  Run Remote Usage
		Usr 0 00:00:00, Sys 0 00:00:00  -  Run Local Usage
		Usr 0 00:00:25, Sys 0 00:00:01  -  Total Remote Usage
		Usr 0 00:00:00, Sys 0 00:00:00  -  Total Local Usage
	1197  -  Run Bytes Sent By Job
	165  -  Run Bytes Received By Job
	1197  -  Total Bytes Sent By Job
	165  -  Total Bytes Received By Job
	Partitionable Resources :    Usage  Request Allocated 
	   Cpus                 :     0.03        1         1 
	   Disk (KB)            :    52           1     61930 
	   Memory (MB)          :   132        3900      3968 

	Job terminated of its own accord at 2023-07-25T04:22:12Z.
...
