000 (330168.000.000) 2023-07-25 12:44:49 Job submitted from host: <172.30.1.200:9618?addrs=172.30.1.200-9618&alias=tamsa2.snu.ac.kr&noUDP&sock=schedd_3510_2582>
...
000 (330168.001.000) 2023-07-25 12:44:49 Job submitted from host: <172.30.1.200:9618?addrs=172.30.1.200-9618&alias=tamsa2.snu.ac.kr&noUDP&sock=schedd_3510_2582>
...
000 (330168.002.000) 2023-07-25 12:44:49 Job submitted from host: <172.30.1.200:9618?addrs=172.30.1.200-9618&alias=tamsa2.snu.ac.kr&noUDP&sock=schedd_3510_2582>
...
000 (330168.003.000) 2023-07-25 12:44:49 Job submitted from host: <172.30.1.200:9618?addrs=172.30.1.200-9618&alias=tamsa2.snu.ac.kr&noUDP&sock=schedd_3510_2582>
...
000 (330168.004.000) 2023-07-25 12:44:49 Job submitted from host: <172.30.1.200:9618?addrs=172.30.1.200-9618&alias=tamsa2.snu.ac.kr&noUDP&sock=schedd_3510_2582>
...
000 (330168.005.000) 2023-07-25 12:44:49 Job submitted from host: <172.30.1.200:9618?addrs=172.30.1.200-9618&alias=tamsa2.snu.ac.kr&noUDP&sock=schedd_3510_2582>
...
000 (330168.006.000) 2023-07-25 12:44:49 Job submitted from host: <172.30.1.200:9618?addrs=172.30.1.200-9618&alias=tamsa2.snu.ac.kr&noUDP&sock=schedd_3510_2582>
...
000 (330168.007.000) 2023-07-25 12:44:49 Job submitted from host: <172.30.1.200:9618?addrs=172.30.1.200-9618&alias=tamsa2.snu.ac.kr&noUDP&sock=schedd_3510_2582>
...
000 (330168.008.000) 2023-07-25 12:44:49 Job submitted from host: <172.30.1.200:9618?addrs=172.30.1.200-9618&alias=tamsa2.snu.ac.kr&noUDP&sock=schedd_3510_2582>
...
000 (330168.009.000) 2023-07-25 12:44:49 Job submitted from host: <172.30.1.200:9618?addrs=172.30.1.200-9618&alias=tamsa2.snu.ac.kr&noUDP&sock=schedd_3510_2582>
...
001 (330168.000.000) 2023-07-25 12:45:07 Job executing on host: <172.30.1.203:9618?addrs=172.30.1.203-9618&alias=node3&noUDP&sock=startd_3773_8aeb>
...
001 (330168.001.000) 2023-07-25 12:45:07 Job executing on host: <172.30.1.203:9618?addrs=172.30.1.203-9618&alias=node3&noUDP&sock=startd_3773_8aeb>
...
001 (330168.002.000) 2023-07-25 12:45:07 Job executing on host: <172.30.1.203:9618?addrs=172.30.1.203-9618&alias=node3&noUDP&sock=startd_3773_8aeb>
...
001 (330168.003.000) 2023-07-25 12:45:07 Job executing on host: <172.30.1.203:9618?addrs=172.30.1.203-9618&alias=node3&noUDP&sock=startd_3773_8aeb>
...
001 (330168.005.000) 2023-07-25 12:45:07 Job executing on host: <172.30.1.203:9618?addrs=172.30.1.203-9618&alias=node3&noUDP&sock=startd_3773_8aeb>
...
001 (330168.004.000) 2023-07-25 12:45:07 Job executing on host: <172.30.1.203:9618?addrs=172.30.1.203-9618&alias=node3&noUDP&sock=startd_3773_8aeb>
...
001 (330168.006.000) 2023-07-25 12:45:07 Job executing on host: <172.30.1.203:9618?addrs=172.30.1.203-9618&alias=node3&noUDP&sock=startd_3773_8aeb>
...
001 (330168.007.000) 2023-07-25 12:45:07 Job executing on host: <172.30.1.203:9618?addrs=172.30.1.203-9618&alias=node3&noUDP&sock=startd_3773_8aeb>
...
001 (330168.008.000) 2023-07-25 12:45:07 Job executing on host: <172.30.1.203:9618?addrs=172.30.1.203-9618&alias=node3&noUDP&sock=startd_3773_8aeb>
...
001 (330168.009.000) 2023-07-25 12:45:07 Job executing on host: <172.30.1.203:9618?addrs=172.30.1.203-9618&alias=node3&noUDP&sock=startd_3773_8aeb>
...
006 (330168.000.000) 2023-07-25 12:45:15 Image size of job updated: 507284
	183  -  MemoryUsage of job (MB)
	186924  -  ResidentSetSize of job (KB)
...
006 (330168.001.000) 2023-07-25 12:45:15 Image size of job updated: 508716
	207  -  MemoryUsage of job (MB)
	211004  -  ResidentSetSize of job (KB)
...
006 (330168.009.000) 2023-07-25 12:45:16 Image size of job updated: 438444
	183  -  MemoryUsage of job (MB)
	186832  -  ResidentSetSize of job (KB)
...
006 (330168.002.000) 2023-07-25 12:45:16 Image size of job updated: 513700
	183  -  MemoryUsage of job (MB)
	186756  -  ResidentSetSize of job (KB)
...
006 (330168.003.000) 2023-07-25 12:45:16 Image size of job updated: 496140
	205  -  MemoryUsage of job (MB)
	209164  -  ResidentSetSize of job (KB)
...
006 (330168.005.000) 2023-07-25 12:45:16 Image size of job updated: 497032
	183  -  MemoryUsage of job (MB)
	186804  -  ResidentSetSize of job (KB)
...
006 (330168.004.000) 2023-07-25 12:45:16 Image size of job updated: 478436
	183  -  MemoryUsage of job (MB)
	186724  -  ResidentSetSize of job (KB)
...
006 (330168.006.000) 2023-07-25 12:45:16 Image size of job updated: 474412
	183  -  MemoryUsage of job (MB)
	186752  -  ResidentSetSize of job (KB)
...
006 (330168.007.000) 2023-07-25 12:45:16 Image size of job updated: 476236
	206  -  MemoryUsage of job (MB)
	210896  -  ResidentSetSize of job (KB)
...
006 (330168.008.000) 2023-07-25 12:45:16 Image size of job updated: 443260
	183  -  MemoryUsage of job (MB)
	186852  -  ResidentSetSize of job (KB)
...
006 (330168.001.000) 2023-07-25 12:45:28 Image size of job updated: 686580
	207  -  MemoryUsage of job (MB)
	211004  -  ResidentSetSize of job (KB)
...
005 (330168.001.000) 2023-07-25 12:45:29 Job terminated.
	(1) Normal termination (return value 0)
		Usr 0 00:00:20, Sys 0 00:00:00  -  Run Remote Usage
		Usr 0 00:00:00, Sys 0 00:00:00  -  Run Local Usage
		Usr 0 00:00:20, Sys 0 00:00:00  -  Total Remote Usage
		Usr 0 00:00:00, Sys 0 00:00:00  -  Total Local Usage
	0  -  Run Bytes Sent By Job
	0  -  Run Bytes Received By Job
	0  -  Total Bytes Sent By Job
	0  -  Total Bytes Received By Job
	Partitionable Resources :    Usage  Request Allocated 
	   Cpus                 :                 1         1 
	   Disk (KB)            :        1        1    128928 
	   Memory (MB)          :      207     3900      3968 

	Job terminated of its own accord at 2023-07-25T03:45:28Z.
...
006 (330168.007.000) 2023-07-25 12:45:35 Image size of job updated: 695460
	206  -  MemoryUsage of job (MB)
	210896  -  ResidentSetSize of job (KB)
...
005 (330168.007.000) 2023-07-25 12:45:35 Job terminated.
	(1) Normal termination (return value 0)
		Usr 0 00:00:23, Sys 0 00:00:00  -  Run Remote Usage
		Usr 0 00:00:00, Sys 0 00:00:00  -  Run Local Usage
		Usr 0 00:00:23, Sys 0 00:00:00  -  Total Remote Usage
		Usr 0 00:00:00, Sys 0 00:00:00  -  Total Local Usage
	0  -  Run Bytes Sent By Job
	0  -  Run Bytes Received By Job
	0  -  Total Bytes Sent By Job
	0  -  Total Bytes Received By Job
	Partitionable Resources :    Usage  Request Allocated 
	   Cpus                 :                 1         1 
	   Disk (KB)            :        1        1    128928 
	   Memory (MB)          :      206     3900      3968 

	Job terminated of its own accord at 2023-07-25T03:45:35Z.
...
006 (330168.009.000) 2023-07-25 12:45:35 Image size of job updated: 688456
	183  -  MemoryUsage of job (MB)
	186832  -  ResidentSetSize of job (KB)
...
005 (330168.009.000) 2023-07-25 12:45:35 Job terminated.
	(1) Normal termination (return value 0)
		Usr 0 00:00:26, Sys 0 00:00:00  -  Run Remote Usage
		Usr 0 00:00:00, Sys 0 00:00:00  -  Run Local Usage
		Usr 0 00:00:26, Sys 0 00:00:00  -  Total Remote Usage
		Usr 0 00:00:00, Sys 0 00:00:00  -  Total Local Usage
	0  -  Run Bytes Sent By Job
	0  -  Run Bytes Received By Job
	0  -  Total Bytes Sent By Job
	0  -  Total Bytes Received By Job
	Partitionable Resources :    Usage  Request Allocated 
	   Cpus                 :                 1         1 
	   Disk (KB)            :        1        1    128928 
	   Memory (MB)          :      183     3900      3968 

	Job terminated of its own accord at 2023-07-25T03:45:35Z.
...
006 (330168.003.000) 2023-07-25 12:45:36 Image size of job updated: 687124
	205  -  MemoryUsage of job (MB)
	209164  -  ResidentSetSize of job (KB)
...
006 (330168.005.000) 2023-07-25 12:45:36 Image size of job updated: 695484
	183  -  MemoryUsage of job (MB)
	186804  -  ResidentSetSize of job (KB)
...
005 (330168.003.000) 2023-07-25 12:45:36 Job terminated.
	(1) Normal termination (return value 0)
		Usr 0 00:00:24, Sys 0 00:00:01  -  Run Remote Usage
		Usr 0 00:00:00, Sys 0 00:00:00  -  Run Local Usage
		Usr 0 00:00:24, Sys 0 00:00:01  -  Total Remote Usage
		Usr 0 00:00:00, Sys 0 00:00:00  -  Total Local Usage
	0  -  Run Bytes Sent By Job
	0  -  Run Bytes Received By Job
	0  -  Total Bytes Sent By Job
	0  -  Total Bytes Received By Job
	Partitionable Resources :    Usage  Request Allocated 
	   Cpus                 :                 1         1 
	   Disk (KB)            :        1        1    128928 
	   Memory (MB)          :      205     3900      3968 

	Job terminated of its own accord at 2023-07-25T03:45:36Z.
...
005 (330168.005.000) 2023-07-25 12:45:37 Job terminated.
	(1) Normal termination (return value 0)
		Usr 0 00:00:25, Sys 0 00:00:00  -  Run Remote Usage
		Usr 0 00:00:00, Sys 0 00:00:00  -  Run Local Usage
		Usr 0 00:00:25, Sys 0 00:00:00  -  Total Remote Usage
		Usr 0 00:00:00, Sys 0 00:00:00  -  Total Local Usage
	0  -  Run Bytes Sent By Job
	0  -  Run Bytes Received By Job
	0  -  Total Bytes Sent By Job
	0  -  Total Bytes Received By Job
	Partitionable Resources :    Usage  Request Allocated 
	   Cpus                 :                 1         1 
	   Disk (KB)            :        1        1    128928 
	   Memory (MB)          :      183     3900      3968 

	Job terminated of its own accord at 2023-07-25T03:45:36Z.
...
006 (330168.004.000) 2023-07-25 12:45:37 Image size of job updated: 690968
	183  -  MemoryUsage of job (MB)
	186724  -  ResidentSetSize of job (KB)
...
005 (330168.004.000) 2023-07-25 12:45:37 Job terminated.
	(1) Normal termination (return value 0)
		Usr 0 00:00:26, Sys 0 00:00:01  -  Run Remote Usage
		Usr 0 00:00:00, Sys 0 00:00:00  -  Run Local Usage
		Usr 0 00:00:26, Sys 0 00:00:01  -  Total Remote Usage
		Usr 0 00:00:00, Sys 0 00:00:00  -  Total Local Usage
	0  -  Run Bytes Sent By Job
	0  -  Run Bytes Received By Job
	0  -  Total Bytes Sent By Job
	0  -  Total Bytes Received By Job
	Partitionable Resources :    Usage  Request Allocated 
	   Cpus                 :                 1         1 
	   Disk (KB)            :        1        1    128928 
	   Memory (MB)          :      183     3900      3968 

	Job terminated of its own accord at 2023-07-25T03:45:37Z.
...
006 (330168.002.000) 2023-07-25 12:45:37 Image size of job updated: 695628
	183  -  MemoryUsage of job (MB)
	186756  -  ResidentSetSize of job (KB)
...
005 (330168.002.000) 2023-07-25 12:45:37 Job terminated.
	(1) Normal termination (return value 0)
		Usr 0 00:00:27, Sys 0 00:00:00  -  Run Remote Usage
		Usr 0 00:00:00, Sys 0 00:00:00  -  Run Local Usage
		Usr 0 00:00:27, Sys 0 00:00:00  -  Total Remote Usage
		Usr 0 00:00:00, Sys 0 00:00:00  -  Total Local Usage
	0  -  Run Bytes Sent By Job
	0  -  Run Bytes Received By Job
	0  -  Total Bytes Sent By Job
	0  -  Total Bytes Received By Job
	Partitionable Resources :    Usage  Request Allocated 
	   Cpus                 :                 1         1 
	   Disk (KB)            :        1        1    128928 
	   Memory (MB)          :      183     3900      3968 

	Job terminated of its own accord at 2023-07-25T03:45:37Z.
...
006 (330168.006.000) 2023-07-25 12:45:37 Image size of job updated: 696524
	183  -  MemoryUsage of job (MB)
	186752  -  ResidentSetSize of job (KB)
...
005 (330168.006.000) 2023-07-25 12:45:37 Job terminated.
	(1) Normal termination (return value 0)
		Usr 0 00:00:25, Sys 0 00:00:01  -  Run Remote Usage
		Usr 0 00:00:00, Sys 0 00:00:00  -  Run Local Usage
		Usr 0 00:00:25, Sys 0 00:00:01  -  Total Remote Usage
		Usr 0 00:00:00, Sys 0 00:00:00  -  Total Local Usage
	0  -  Run Bytes Sent By Job
	0  -  Run Bytes Received By Job
	0  -  Total Bytes Sent By Job
	0  -  Total Bytes Received By Job
	Partitionable Resources :    Usage  Request Allocated 
	   Cpus                 :                 1         1 
	   Disk (KB)            :        1        1    128928 
	   Memory (MB)          :      183     3900      3968 

	Job terminated of its own accord at 2023-07-25T03:45:37Z.
...
006 (330168.000.000) 2023-07-25 12:45:38 Image size of job updated: 688488
	183  -  MemoryUsage of job (MB)
	186924  -  ResidentSetSize of job (KB)
...
005 (330168.000.000) 2023-07-25 12:45:38 Job terminated.
	(1) Normal termination (return value 0)
		Usr 0 00:00:26, Sys 0 00:00:00  -  Run Remote Usage
		Usr 0 00:00:00, Sys 0 00:00:00  -  Run Local Usage
		Usr 0 00:00:26, Sys 0 00:00:00  -  Total Remote Usage
		Usr 0 00:00:00, Sys 0 00:00:00  -  Total Local Usage
	0  -  Run Bytes Sent By Job
	0  -  Run Bytes Received By Job
	0  -  Total Bytes Sent By Job
	0  -  Total Bytes Received By Job
	Partitionable Resources :    Usage  Request Allocated 
	   Cpus                 :                 1         1 
	   Disk (KB)            :        1        1    128928 
	   Memory (MB)          :      183     3900      3968 

	Job terminated of its own accord at 2023-07-25T03:45:38Z.
...
006 (330168.008.000) 2023-07-25 12:45:40 Image size of job updated: 686652
	183  -  MemoryUsage of job (MB)
	186852  -  ResidentSetSize of job (KB)
...
005 (330168.008.000) 2023-07-25 12:45:40 Job terminated.
	(1) Normal termination (return value 0)
		Usr 0 00:00:27, Sys 0 00:00:00  -  Run Remote Usage
		Usr 0 00:00:00, Sys 0 00:00:00  -  Run Local Usage
		Usr 0 00:00:27, Sys 0 00:00:00  -  Total Remote Usage
		Usr 0 00:00:00, Sys 0 00:00:00  -  Total Local Usage
	0  -  Run Bytes Sent By Job
	0  -  Run Bytes Received By Job
	0  -  Total Bytes Sent By Job
	0  -  Total Bytes Received By Job
	Partitionable Resources :    Usage  Request Allocated 
	   Cpus                 :                 1         1 
	   Disk (KB)            :        1        1    128928 
	   Memory (MB)          :      183     3900      3968 

	Job terminated of its own accord at 2023-07-25T03:45:40Z.
...
