000 (311110.000.000) 2023-06-12 18:55:15 Job submitted from host: <172.30.1.200:9618?addrs=172.30.1.200-9618&alias=tamsa2.snu.ac.kr&noUDP&sock=schedd_3510_2582>
...
000 (311110.001.000) 2023-06-12 18:55:15 Job submitted from host: <172.30.1.200:9618?addrs=172.30.1.200-9618&alias=tamsa2.snu.ac.kr&noUDP&sock=schedd_3510_2582>
...
000 (311110.002.000) 2023-06-12 18:55:15 Job submitted from host: <172.30.1.200:9618?addrs=172.30.1.200-9618&alias=tamsa2.snu.ac.kr&noUDP&sock=schedd_3510_2582>
...
000 (311110.003.000) 2023-06-12 18:55:15 Job submitted from host: <172.30.1.200:9618?addrs=172.30.1.200-9618&alias=tamsa2.snu.ac.kr&noUDP&sock=schedd_3510_2582>
...
000 (311110.004.000) 2023-06-12 18:55:15 Job submitted from host: <172.30.1.200:9618?addrs=172.30.1.200-9618&alias=tamsa2.snu.ac.kr&noUDP&sock=schedd_3510_2582>
...
000 (311110.005.000) 2023-06-12 18:55:15 Job submitted from host: <172.30.1.200:9618?addrs=172.30.1.200-9618&alias=tamsa2.snu.ac.kr&noUDP&sock=schedd_3510_2582>
...
000 (311110.006.000) 2023-06-12 18:55:15 Job submitted from host: <172.30.1.200:9618?addrs=172.30.1.200-9618&alias=tamsa2.snu.ac.kr&noUDP&sock=schedd_3510_2582>
...
000 (311110.007.000) 2023-06-12 18:55:15 Job submitted from host: <172.30.1.200:9618?addrs=172.30.1.200-9618&alias=tamsa2.snu.ac.kr&noUDP&sock=schedd_3510_2582>
...
000 (311110.008.000) 2023-06-12 18:55:15 Job submitted from host: <172.30.1.200:9618?addrs=172.30.1.200-9618&alias=tamsa2.snu.ac.kr&noUDP&sock=schedd_3510_2582>
...
000 (311110.009.000) 2023-06-12 18:55:15 Job submitted from host: <172.30.1.200:9618?addrs=172.30.1.200-9618&alias=tamsa2.snu.ac.kr&noUDP&sock=schedd_3510_2582>
...
040 (311110.000.000) 2023-06-12 19:00:25 Started transferring input files
	Transferring to host: <172.30.1.109:9618?addrs=172.30.1.109-9618&alias=n9&noUDP&sock=slot1_1_4265_d407_23246>
...
040 (311110.000.000) 2023-06-12 19:00:25 Finished transferring input files
...
040 (311110.001.000) 2023-06-12 19:00:26 Started transferring input files
	Transferring to host: <172.30.1.109:9618?addrs=172.30.1.109-9618&alias=n9&noUDP&sock=slot1_5_4265_d407_23247>
...
040 (311110.001.000) 2023-06-12 19:00:26 Finished transferring input files
...
040 (311110.002.000) 2023-06-12 19:00:26 Started transferring input files
	Transferring to host: <172.30.1.109:9618?addrs=172.30.1.109-9618&alias=n9&noUDP&sock=slot1_6_4265_d407_23248>
...
040 (311110.002.000) 2023-06-12 19:00:26 Finished transferring input files
...
040 (311110.003.000) 2023-06-12 19:00:26 Started transferring input files
	Transferring to host: <172.30.1.109:9618?addrs=172.30.1.109-9618&alias=n9&noUDP&sock=slot1_7_4265_d407_23249>
...
040 (311110.003.000) 2023-06-12 19:00:26 Finished transferring input files
...
040 (311110.004.000) 2023-06-12 19:00:26 Started transferring input files
	Transferring to host: <172.30.1.109:9618?addrs=172.30.1.109-9618&alias=n9&noUDP&sock=slot1_8_4265_d407_23250>
...
040 (311110.004.000) 2023-06-12 19:00:26 Finished transferring input files
...
040 (311110.005.000) 2023-06-12 19:00:26 Started transferring input files
	Transferring to host: <172.30.1.109:9618?addrs=172.30.1.109-9618&alias=n9&noUDP&sock=slot1_9_4265_d407_23251>
...
040 (311110.005.000) 2023-06-12 19:00:26 Finished transferring input files
...
040 (311110.006.000) 2023-06-12 19:00:26 Started transferring input files
	Transferring to host: <172.30.1.109:9618?addrs=172.30.1.109-9618&alias=n9&noUDP&sock=slot1_11_4265_d407_23252>
...
040 (311110.006.000) 2023-06-12 19:00:26 Finished transferring input files
...
040 (311110.007.000) 2023-06-12 19:00:26 Started transferring input files
	Transferring to host: <172.30.1.109:9618?addrs=172.30.1.109-9618&alias=n9&noUDP&sock=slot1_12_4265_d407_23253>
...
040 (311110.007.000) 2023-06-12 19:00:26 Finished transferring input files
...
040 (311110.008.000) 2023-06-12 19:00:26 Started transferring input files
	Transferring to host: <172.30.1.109:9618?addrs=172.30.1.109-9618&alias=n9&noUDP&sock=slot1_14_4265_d407_23254>
...
040 (311110.008.000) 2023-06-12 19:00:26 Finished transferring input files
...
040 (311110.009.000) 2023-06-12 19:00:26 Started transferring input files
	Transferring to host: <172.30.1.109:9618?addrs=172.30.1.109-9618&alias=n9&noUDP&sock=slot1_23_4265_d407_23255>
...
040 (311110.009.000) 2023-06-12 19:00:26 Finished transferring input files
...
001 (311110.000.000) 2023-06-12 19:00:26 Job executing on host: <172.30.1.109:9618?addrs=172.30.1.109-9618&alias=n9&noUDP&sock=startd_4231_b14b>
...
001 (311110.001.000) 2023-06-12 19:00:27 Job executing on host: <172.30.1.109:9618?addrs=172.30.1.109-9618&alias=n9&noUDP&sock=startd_4231_b14b>
...
001 (311110.002.000) 2023-06-12 19:00:27 Job executing on host: <172.30.1.109:9618?addrs=172.30.1.109-9618&alias=n9&noUDP&sock=startd_4231_b14b>
...
001 (311110.003.000) 2023-06-12 19:00:27 Job executing on host: <172.30.1.109:9618?addrs=172.30.1.109-9618&alias=n9&noUDP&sock=startd_4231_b14b>
...
001 (311110.004.000) 2023-06-12 19:00:27 Job executing on host: <172.30.1.109:9618?addrs=172.30.1.109-9618&alias=n9&noUDP&sock=startd_4231_b14b>
...
001 (311110.005.000) 2023-06-12 19:00:27 Job executing on host: <172.30.1.109:9618?addrs=172.30.1.109-9618&alias=n9&noUDP&sock=startd_4231_b14b>
...
001 (311110.006.000) 2023-06-12 19:00:27 Job executing on host: <172.30.1.109:9618?addrs=172.30.1.109-9618&alias=n9&noUDP&sock=startd_4231_b14b>
...
001 (311110.007.000) 2023-06-12 19:00:27 Job executing on host: <172.30.1.109:9618?addrs=172.30.1.109-9618&alias=n9&noUDP&sock=startd_4231_b14b>
...
001 (311110.008.000) 2023-06-12 19:00:27 Job executing on host: <172.30.1.109:9618?addrs=172.30.1.109-9618&alias=n9&noUDP&sock=startd_4231_b14b>
...
001 (311110.009.000) 2023-06-12 19:00:27 Job executing on host: <172.30.1.109:9618?addrs=172.30.1.109-9618&alias=n9&noUDP&sock=startd_4231_b14b>
...
006 (311110.000.000) 2023-06-12 19:00:35 Image size of job updated: 647024
	184  -  MemoryUsage of job (MB)
	187836  -  ResidentSetSize of job (KB)
...
006 (311110.001.000) 2023-06-12 19:00:35 Image size of job updated: 647028
	184  -  MemoryUsage of job (MB)
	187628  -  ResidentSetSize of job (KB)
...
006 (311110.003.000) 2023-06-12 19:00:35 Image size of job updated: 647024
	185  -  MemoryUsage of job (MB)
	188736  -  ResidentSetSize of job (KB)
...
006 (311110.002.000) 2023-06-12 19:00:35 Image size of job updated: 647028
	184  -  MemoryUsage of job (MB)
	187620  -  ResidentSetSize of job (KB)
...
006 (311110.004.000) 2023-06-12 19:00:35 Image size of job updated: 647056
	184  -  MemoryUsage of job (MB)
	187848  -  ResidentSetSize of job (KB)
...
006 (311110.005.000) 2023-06-12 19:00:36 Image size of job updated: 647028
	184  -  MemoryUsage of job (MB)
	187628  -  ResidentSetSize of job (KB)
...
006 (311110.006.000) 2023-06-12 19:00:36 Image size of job updated: 647032
	184  -  MemoryUsage of job (MB)
	187628  -  ResidentSetSize of job (KB)
...
006 (311110.007.000) 2023-06-12 19:00:36 Image size of job updated: 647028
	184  -  MemoryUsage of job (MB)
	187624  -  ResidentSetSize of job (KB)
...
006 (311110.008.000) 2023-06-12 19:00:36 Image size of job updated: 647028
	184  -  MemoryUsage of job (MB)
	187620  -  ResidentSetSize of job (KB)
...
006 (311110.009.000) 2023-06-12 19:00:36 Image size of job updated: 647032
	184  -  MemoryUsage of job (MB)
	187628  -  ResidentSetSize of job (KB)
...
006 (311110.008.000) 2023-06-12 19:03:58 Image size of job updated: 698268
	184  -  MemoryUsage of job (MB)
	187620  -  ResidentSetSize of job (KB)
...
040 (311110.008.000) 2023-06-12 19:03:58 Started transferring output files
...
040 (311110.008.000) 2023-06-12 19:03:58 Finished transferring output files
...
005 (311110.008.000) 2023-06-12 19:03:59 Job terminated.
	(1) Normal termination (return value 0)
		Usr 0 00:03:24, Sys 0 00:00:02  -  Run Remote Usage
		Usr 0 00:00:00, Sys 0 00:00:00  -  Run Local Usage
		Usr 0 00:03:24, Sys 0 00:00:02  -  Total Remote Usage
		Usr 0 00:00:00, Sys 0 00:00:00  -  Total Local Usage
	9920  -  Run Bytes Sent By Job
	148  -  Run Bytes Received By Job
	9920  -  Total Bytes Sent By Job
	148  -  Total Bytes Received By Job
	Partitionable Resources :    Usage  Request Allocated 
	   Cpus                 :                 1         1 
	   Disk (KB)            :       55        1    127899 
	   Memory (MB)          :      184     3900      3968 

	Job terminated of its own accord at 2023-06-12T10:03:58Z.
...
006 (311110.004.000) 2023-06-12 19:04:26 Image size of job updated: 697540
	184  -  MemoryUsage of job (MB)
	187848  -  ResidentSetSize of job (KB)
...
040 (311110.004.000) 2023-06-12 19:04:26 Started transferring output files
...
040 (311110.004.000) 2023-06-12 19:04:26 Finished transferring output files
...
005 (311110.004.000) 2023-06-12 19:04:26 Job terminated.
	(1) Normal termination (return value 0)
		Usr 0 00:03:53, Sys 0 00:00:01  -  Run Remote Usage
		Usr 0 00:00:00, Sys 0 00:00:00  -  Run Local Usage
		Usr 0 00:03:53, Sys 0 00:00:01  -  Total Remote Usage
		Usr 0 00:00:00, Sys 0 00:00:00  -  Total Local Usage
	10173  -  Run Bytes Sent By Job
	148  -  Run Bytes Received By Job
	10173  -  Total Bytes Sent By Job
	148  -  Total Bytes Received By Job
	Partitionable Resources :    Usage  Request Allocated 
	   Cpus                 :     1.00        1         1 
	   Disk (KB)            :    60           1    127899 
	   Memory (MB)          :   184        3900      3968 

	Job terminated of its own accord at 2023-06-12T10:04:26Z.
...
006 (311110.003.000) 2023-06-12 19:04:33 Image size of job updated: 697124
	185  -  MemoryUsage of job (MB)
	188736  -  ResidentSetSize of job (KB)
...
040 (311110.003.000) 2023-06-12 19:04:33 Started transferring output files
...
040 (311110.003.000) 2023-06-12 19:04:33 Finished transferring output files
...
005 (311110.003.000) 2023-06-12 19:04:33 Job terminated.
	(1) Normal termination (return value 0)
		Usr 0 00:04:02, Sys 0 00:00:01  -  Run Remote Usage
		Usr 0 00:00:00, Sys 0 00:00:00  -  Run Local Usage
		Usr 0 00:04:02, Sys 0 00:00:01  -  Total Remote Usage
		Usr 0 00:00:00, Sys 0 00:00:00  -  Total Local Usage
	10701  -  Run Bytes Sent By Job
	148  -  Run Bytes Received By Job
	10701  -  Total Bytes Sent By Job
	148  -  Total Bytes Received By Job
	Partitionable Resources :    Usage  Request Allocated 
	   Cpus                 :     1.00        1         1 
	   Disk (KB)            :    61           1    127899 
	   Memory (MB)          :   185        3900      3968 

	Job terminated of its own accord at 2023-06-12T10:04:33Z.
...
006 (311110.000.000) 2023-06-12 19:04:45 Image size of job updated: 698396
	184  -  MemoryUsage of job (MB)
	187836  -  ResidentSetSize of job (KB)
...
040 (311110.000.000) 2023-06-12 19:04:45 Started transferring output files
...
040 (311110.000.000) 2023-06-12 19:04:45 Finished transferring output files
...
005 (311110.000.000) 2023-06-12 19:04:45 Job terminated.
	(1) Normal termination (return value 0)
		Usr 0 00:04:12, Sys 0 00:00:02  -  Run Remote Usage
		Usr 0 00:00:00, Sys 0 00:00:00  -  Run Local Usage
		Usr 0 00:04:12, Sys 0 00:00:02  -  Total Remote Usage
		Usr 0 00:00:00, Sys 0 00:00:00  -  Total Local Usage
	11364  -  Run Bytes Sent By Job
	148  -  Run Bytes Received By Job
	11364  -  Total Bytes Sent By Job
	148  -  Total Bytes Received By Job
	Partitionable Resources :    Usage  Request Allocated 
	   Cpus                 :     0.97        1         1 
	   Disk (KB)            :    61           1    127899 
	   Memory (MB)          :   184        3900      3968 

	Job terminated of its own accord at 2023-06-12T10:04:45Z.
...
006 (311110.006.000) 2023-06-12 19:05:00 Image size of job updated: 697124
	184  -  MemoryUsage of job (MB)
	187628  -  ResidentSetSize of job (KB)
...
040 (311110.006.000) 2023-06-12 19:05:00 Started transferring output files
...
040 (311110.006.000) 2023-06-12 19:05:00 Finished transferring output files
...
005 (311110.006.000) 2023-06-12 19:05:00 Job terminated.
	(1) Normal termination (return value 0)
		Usr 0 00:04:27, Sys 0 00:00:01  -  Run Remote Usage
		Usr 0 00:00:00, Sys 0 00:00:00  -  Run Local Usage
		Usr 0 00:04:27, Sys 0 00:00:01  -  Total Remote Usage
		Usr 0 00:00:00, Sys 0 00:00:00  -  Total Local Usage
	9957  -  Run Bytes Sent By Job
	148  -  Run Bytes Received By Job
	9957  -  Total Bytes Sent By Job
	148  -  Total Bytes Received By Job
	Partitionable Resources :    Usage  Request Allocated 
	   Cpus                 :     1.00        1         1 
	   Disk (KB)            :    60           1    127899 
	   Memory (MB)          :   184        3900      3968 

	Job terminated of its own accord at 2023-06-12T10:05:00Z.
...
006 (311110.007.000) 2023-06-12 19:05:01 Image size of job updated: 697096
	184  -  MemoryUsage of job (MB)
	187624  -  ResidentSetSize of job (KB)
...
040 (311110.007.000) 2023-06-12 19:05:02 Started transferring output files
...
040 (311110.007.000) 2023-06-12 19:05:02 Finished transferring output files
...
005 (311110.007.000) 2023-06-12 19:05:02 Job terminated.
	(1) Normal termination (return value 0)
		Usr 0 00:04:30, Sys 0 00:00:01  -  Run Remote Usage
		Usr 0 00:00:00, Sys 0 00:00:00  -  Run Local Usage
		Usr 0 00:04:30, Sys 0 00:00:01  -  Total Remote Usage
		Usr 0 00:00:00, Sys 0 00:00:00  -  Total Local Usage
	8840  -  Run Bytes Sent By Job
	148  -  Run Bytes Received By Job
	8840  -  Total Bytes Sent By Job
	148  -  Total Bytes Received By Job
	Partitionable Resources :    Usage  Request Allocated 
	   Cpus                 :     1.00        1         1 
	   Disk (KB)            :    59           1    127899 
	   Memory (MB)          :   184        3900      3968 

	Job terminated of its own accord at 2023-06-12T10:05:01Z.
...
006 (311110.001.000) 2023-06-12 19:05:16 Image size of job updated: 697148
	184  -  MemoryUsage of job (MB)
	187628  -  ResidentSetSize of job (KB)
...
040 (311110.001.000) 2023-06-12 19:05:16 Started transferring output files
...
040 (311110.001.000) 2023-06-12 19:05:16 Finished transferring output files
...
005 (311110.001.000) 2023-06-12 19:05:16 Job terminated.
	(1) Normal termination (return value 0)
		Usr 0 00:04:44, Sys 0 00:00:03  -  Run Remote Usage
		Usr 0 00:00:00, Sys 0 00:00:00  -  Run Local Usage
		Usr 0 00:04:44, Sys 0 00:00:03  -  Total Remote Usage
		Usr 0 00:00:00, Sys 0 00:00:00  -  Total Local Usage
	11149  -  Run Bytes Sent By Job
	148  -  Run Bytes Received By Job
	11149  -  Total Bytes Sent By Job
	148  -  Total Bytes Received By Job
	Partitionable Resources :    Usage  Request Allocated 
	   Cpus                 :     0.99        1         1 
	   Disk (KB)            :    61           1    127899 
	   Memory (MB)          :   184        3900      3968 

	Job terminated of its own accord at 2023-06-12T10:05:16Z.
...
006 (311110.002.000) 2023-06-12 19:05:24 Image size of job updated: 695036
	184  -  MemoryUsage of job (MB)
	187620  -  ResidentSetSize of job (KB)
...
040 (311110.002.000) 2023-06-12 19:05:24 Started transferring output files
...
040 (311110.002.000) 2023-06-12 19:05:24 Finished transferring output files
...
005 (311110.002.000) 2023-06-12 19:05:24 Job terminated.
	(1) Normal termination (return value 0)
		Usr 0 00:04:50, Sys 0 00:00:02  -  Run Remote Usage
		Usr 0 00:00:00, Sys 0 00:00:00  -  Run Local Usage
		Usr 0 00:04:50, Sys 0 00:00:02  -  Total Remote Usage
		Usr 0 00:00:00, Sys 0 00:00:00  -  Total Local Usage
	9185  -  Run Bytes Sent By Job
	148  -  Run Bytes Received By Job
	9185  -  Total Bytes Sent By Job
	148  -  Total Bytes Received By Job
	Partitionable Resources :    Usage  Request Allocated 
	   Cpus                 :     1.00        1         1 
	   Disk (KB)            :    59           1    127899 
	   Memory (MB)          :   184        3900      3968 

	Job terminated of its own accord at 2023-06-12T10:05:24Z.
...
006 (311110.009.000) 2023-06-12 19:05:37 Image size of job updated: 693068
	217  -  MemoryUsage of job (MB)
	221212  -  ResidentSetSize of job (KB)
...
006 (311110.005.000) 2023-06-12 19:05:37 Image size of job updated: 697112
	220  -  MemoryUsage of job (MB)
	224940  -  ResidentSetSize of job (KB)
...
040 (311110.005.000) 2023-06-12 19:05:41 Started transferring output files
...
040 (311110.005.000) 2023-06-12 19:05:41 Finished transferring output files
...
005 (311110.005.000) 2023-06-12 19:05:41 Job terminated.
	(1) Normal termination (return value 0)
		Usr 0 00:05:09, Sys 0 00:00:02  -  Run Remote Usage
		Usr 0 00:00:00, Sys 0 00:00:00  -  Run Local Usage
		Usr 0 00:05:09, Sys 0 00:00:02  -  Total Remote Usage
		Usr 0 00:00:00, Sys 0 00:00:00  -  Total Local Usage
	10134  -  Run Bytes Sent By Job
	148  -  Run Bytes Received By Job
	10134  -  Total Bytes Sent By Job
	148  -  Total Bytes Received By Job
	Partitionable Resources :    Usage  Request Allocated 
	   Cpus                 :     1.00        1         1 
	   Disk (KB)            :    60           1    127899 
	   Memory (MB)          :   220        3900      3968 

	Job terminated of its own accord at 2023-06-12T10:05:41Z.
...
006 (311110.009.000) 2023-06-12 19:06:23 Image size of job updated: 698256
	217  -  MemoryUsage of job (MB)
	221212  -  ResidentSetSize of job (KB)
...
040 (311110.009.000) 2023-06-12 19:06:23 Started transferring output files
...
040 (311110.009.000) 2023-06-12 19:06:23 Finished transferring output files
...
005 (311110.009.000) 2023-06-12 19:06:23 Job terminated.
	(1) Normal termination (return value 0)
		Usr 0 00:05:51, Sys 0 00:00:02  -  Run Remote Usage
		Usr 0 00:00:00, Sys 0 00:00:00  -  Run Local Usage
		Usr 0 00:05:51, Sys 0 00:00:02  -  Total Remote Usage
		Usr 0 00:00:00, Sys 0 00:00:00  -  Total Local Usage
	10315  -  Run Bytes Sent By Job
	148  -  Run Bytes Received By Job
	10315  -  Total Bytes Sent By Job
	148  -  Total Bytes Received By Job
	Partitionable Resources :    Usage  Request Allocated 
	   Cpus                 :     0.99        1         1 
	   Disk (KB)            :    61           1    127899 
	   Memory (MB)          :   217        3900      3968 

	Job terminated of its own accord at 2023-06-12T10:06:23Z.
...
