000 (310121.000.000) 2023-06-09 15:11:05 Job submitted from host: <172.30.1.200:9618?addrs=172.30.1.200-9618&alias=tamsa2.snu.ac.kr&noUDP&sock=schedd_3510_2582>
...
000 (310121.001.000) 2023-06-09 15:11:05 Job submitted from host: <172.30.1.200:9618?addrs=172.30.1.200-9618&alias=tamsa2.snu.ac.kr&noUDP&sock=schedd_3510_2582>
...
000 (310121.002.000) 2023-06-09 15:11:05 Job submitted from host: <172.30.1.200:9618?addrs=172.30.1.200-9618&alias=tamsa2.snu.ac.kr&noUDP&sock=schedd_3510_2582>
...
000 (310121.003.000) 2023-06-09 15:11:05 Job submitted from host: <172.30.1.200:9618?addrs=172.30.1.200-9618&alias=tamsa2.snu.ac.kr&noUDP&sock=schedd_3510_2582>
...
000 (310121.004.000) 2023-06-09 15:11:05 Job submitted from host: <172.30.1.200:9618?addrs=172.30.1.200-9618&alias=tamsa2.snu.ac.kr&noUDP&sock=schedd_3510_2582>
...
000 (310121.005.000) 2023-06-09 15:11:05 Job submitted from host: <172.30.1.200:9618?addrs=172.30.1.200-9618&alias=tamsa2.snu.ac.kr&noUDP&sock=schedd_3510_2582>
...
000 (310121.006.000) 2023-06-09 15:11:05 Job submitted from host: <172.30.1.200:9618?addrs=172.30.1.200-9618&alias=tamsa2.snu.ac.kr&noUDP&sock=schedd_3510_2582>
...
000 (310121.007.000) 2023-06-09 15:11:05 Job submitted from host: <172.30.1.200:9618?addrs=172.30.1.200-9618&alias=tamsa2.snu.ac.kr&noUDP&sock=schedd_3510_2582>
...
000 (310121.008.000) 2023-06-09 15:11:05 Job submitted from host: <172.30.1.200:9618?addrs=172.30.1.200-9618&alias=tamsa2.snu.ac.kr&noUDP&sock=schedd_3510_2582>
...
000 (310121.009.000) 2023-06-09 15:11:05 Job submitted from host: <172.30.1.200:9618?addrs=172.30.1.200-9618&alias=tamsa2.snu.ac.kr&noUDP&sock=schedd_3510_2582>
...
001 (310121.000.000) 2023-06-09 15:11:12 Job executing on host: <172.30.1.202:9618?addrs=172.30.1.202-9618&alias=node2&noUDP&sock=startd_19693_56a6>
...
001 (310121.001.000) 2023-06-09 15:11:12 Job executing on host: <172.30.1.202:9618?addrs=172.30.1.202-9618&alias=node2&noUDP&sock=startd_19693_56a6>
...
001 (310121.009.000) 2023-06-09 15:11:12 Job executing on host: <172.30.1.207:9618?addrs=172.30.1.207-9618&alias=node7&noUDP&sock=startd_3802_6f2a>
...
001 (310121.008.000) 2023-06-09 15:11:12 Job executing on host: <172.30.1.205:9618?addrs=172.30.1.205-9618&alias=node5&noUDP&sock=startd_3770_7c22>
...
001 (310121.002.000) 2023-06-09 15:11:12 Job executing on host: <172.30.1.202:9618?addrs=172.30.1.202-9618&alias=node2&noUDP&sock=startd_19693_56a6>
...
001 (310121.003.000) 2023-06-09 15:11:12 Job executing on host: <172.30.1.202:9618?addrs=172.30.1.202-9618&alias=node2&noUDP&sock=startd_19693_56a6>
...
001 (310121.004.000) 2023-06-09 15:11:13 Job executing on host: <172.30.1.202:9618?addrs=172.30.1.202-9618&alias=node2&noUDP&sock=startd_19693_56a6>
...
001 (310121.006.000) 2023-06-09 15:11:13 Job executing on host: <172.30.1.202:9618?addrs=172.30.1.202-9618&alias=node2&noUDP&sock=startd_19693_56a6>
...
001 (310121.005.000) 2023-06-09 15:11:13 Job executing on host: <172.30.1.202:9618?addrs=172.30.1.202-9618&alias=node2&noUDP&sock=startd_19693_56a6>
...
001 (310121.007.000) 2023-06-09 15:11:13 Job executing on host: <172.30.1.202:9618?addrs=172.30.1.202-9618&alias=node2&noUDP&sock=startd_19693_56a6>
...
006 (310121.000.000) 2023-06-09 15:11:20 Image size of job updated: 186632
	183  -  MemoryUsage of job (MB)
	186632  -  ResidentSetSize of job (KB)
...
006 (310121.001.000) 2023-06-09 15:11:20 Image size of job updated: 186628
	183  -  MemoryUsage of job (MB)
	186628  -  ResidentSetSize of job (KB)
...
006 (310121.009.000) 2023-06-09 15:11:20 Image size of job updated: 113700
	112  -  MemoryUsage of job (MB)
	113700  -  ResidentSetSize of job (KB)
...
006 (310121.008.000) 2023-06-09 15:11:20 Image size of job updated: 470728
	119  -  MemoryUsage of job (MB)
	121508  -  ResidentSetSize of job (KB)
...
006 (310121.002.000) 2023-06-09 15:11:21 Image size of job updated: 186628
	183  -  MemoryUsage of job (MB)
	186628  -  ResidentSetSize of job (KB)
...
006 (310121.003.000) 2023-06-09 15:11:21 Image size of job updated: 186644
	183  -  MemoryUsage of job (MB)
	186644  -  ResidentSetSize of job (KB)
...
006 (310121.004.000) 2023-06-09 15:11:22 Image size of job updated: 186772
	183  -  MemoryUsage of job (MB)
	186772  -  ResidentSetSize of job (KB)
...
006 (310121.005.000) 2023-06-09 15:11:22 Image size of job updated: 186632
	183  -  MemoryUsage of job (MB)
	186632  -  ResidentSetSize of job (KB)
...
006 (310121.006.000) 2023-06-09 15:11:22 Image size of job updated: 186656
	183  -  MemoryUsage of job (MB)
	186656  -  ResidentSetSize of job (KB)
...
006 (310121.007.000) 2023-06-09 15:11:22 Image size of job updated: 186632
	183  -  MemoryUsage of job (MB)
	186632  -  ResidentSetSize of job (KB)
...
006 (310121.006.000) 2023-06-09 15:12:23 Image size of job updated: 688108
	183  -  MemoryUsage of job (MB)
	186656  -  ResidentSetSize of job (KB)
...
005 (310121.006.000) 2023-06-09 15:12:23 Job terminated.
	(1) Normal termination (return value 0)
		Usr 0 00:01:04, Sys 0 00:00:01  -  Run Remote Usage
		Usr 0 00:00:00, Sys 0 00:00:00  -  Run Local Usage
		Usr 0 00:01:04, Sys 0 00:00:01  -  Total Remote Usage
		Usr 0 00:00:00, Sys 0 00:00:00  -  Total Local Usage
	0  -  Run Bytes Sent By Job
	0  -  Run Bytes Received By Job
	0  -  Total Bytes Sent By Job
	0  -  Total Bytes Received By Job
	Partitionable Resources :    Usage  Request Allocated 
	   Cpus                 :     1.00        1         1 
	   Disk (KB)            :     1           1    128913 
	   Memory (MB)          :   183        3900      3968 

	Job terminated of its own accord at 2023-06-09T06:12:23Z.
...
006 (310121.007.000) 2023-06-09 15:12:23 Image size of job updated: 694512
	183  -  MemoryUsage of job (MB)
	186632  -  ResidentSetSize of job (KB)
...
005 (310121.007.000) 2023-06-09 15:12:23 Job terminated.
	(1) Normal termination (return value 0)
		Usr 0 00:01:01, Sys 0 00:00:01  -  Run Remote Usage
		Usr 0 00:00:00, Sys 0 00:00:00  -  Run Local Usage
		Usr 0 00:01:01, Sys 0 00:00:01  -  Total Remote Usage
		Usr 0 00:00:00, Sys 0 00:00:00  -  Total Local Usage
	0  -  Run Bytes Sent By Job
	0  -  Run Bytes Received By Job
	0  -  Total Bytes Sent By Job
	0  -  Total Bytes Received By Job
	Partitionable Resources :    Usage  Request Allocated 
	   Cpus                 :     0.98        1         1 
	   Disk (KB)            :     1           1    128913 
	   Memory (MB)          :   183        3900      3968 

	Job terminated of its own accord at 2023-06-09T06:12:23Z.
...
006 (310121.003.000) 2023-06-09 15:12:27 Image size of job updated: 694500
	183  -  MemoryUsage of job (MB)
	186644  -  ResidentSetSize of job (KB)
...
005 (310121.003.000) 2023-06-09 15:12:27 Job terminated.
	(1) Normal termination (return value 0)
		Usr 0 00:01:05, Sys 0 00:00:01  -  Run Remote Usage
		Usr 0 00:00:00, Sys 0 00:00:00  -  Run Local Usage
		Usr 0 00:01:05, Sys 0 00:00:01  -  Total Remote Usage
		Usr 0 00:00:00, Sys 0 00:00:00  -  Total Local Usage
	0  -  Run Bytes Sent By Job
	0  -  Run Bytes Received By Job
	0  -  Total Bytes Sent By Job
	0  -  Total Bytes Received By Job
	Partitionable Resources :    Usage  Request Allocated 
	   Cpus                 :     0.99        1         1 
	   Disk (KB)            :     1           1    128913 
	   Memory (MB)          :   183        3900      3968 

	Job terminated of its own accord at 2023-06-09T06:12:27Z.
...
006 (310121.004.000) 2023-06-09 15:12:33 Image size of job updated: 690320
	183  -  MemoryUsage of job (MB)
	186772  -  ResidentSetSize of job (KB)
...
005 (310121.004.000) 2023-06-09 15:12:33 Job terminated.
	(1) Normal termination (return value 0)
		Usr 0 00:01:13, Sys 0 00:00:01  -  Run Remote Usage
		Usr 0 00:00:00, Sys 0 00:00:00  -  Run Local Usage
		Usr 0 00:01:13, Sys 0 00:00:01  -  Total Remote Usage
		Usr 0 00:00:00, Sys 0 00:00:00  -  Total Local Usage
	0  -  Run Bytes Sent By Job
	0  -  Run Bytes Received By Job
	0  -  Total Bytes Sent By Job
	0  -  Total Bytes Received By Job
	Partitionable Resources :    Usage  Request Allocated 
	   Cpus                 :     1.00        1         1 
	   Disk (KB)            :     1           1    128913 
	   Memory (MB)          :   183        3900      3968 

	Job terminated of its own accord at 2023-06-09T06:12:33Z.
...
006 (310121.001.000) 2023-06-09 15:12:37 Image size of job updated: 690852
	183  -  MemoryUsage of job (MB)
	186628  -  ResidentSetSize of job (KB)
...
005 (310121.001.000) 2023-06-09 15:12:37 Job terminated.
	(1) Normal termination (return value 0)
		Usr 0 00:01:15, Sys 0 00:00:01  -  Run Remote Usage
		Usr 0 00:00:00, Sys 0 00:00:00  -  Run Local Usage
		Usr 0 00:01:15, Sys 0 00:00:01  -  Total Remote Usage
		Usr 0 00:00:00, Sys 0 00:00:00  -  Total Local Usage
	0  -  Run Bytes Sent By Job
	0  -  Run Bytes Received By Job
	0  -  Total Bytes Sent By Job
	0  -  Total Bytes Received By Job
	Partitionable Resources :    Usage  Request Allocated 
	   Cpus                 :     1.00        1         1 
	   Disk (KB)            :     1           1    128913 
	   Memory (MB)          :   183        3900      3968 

	Job terminated of its own accord at 2023-06-09T06:12:37Z.
...
006 (310121.005.000) 2023-06-09 15:12:39 Image size of job updated: 688732
	183  -  MemoryUsage of job (MB)
	186632  -  ResidentSetSize of job (KB)
...
005 (310121.005.000) 2023-06-09 15:12:39 Job terminated.
	(1) Normal termination (return value 0)
		Usr 0 00:01:18, Sys 0 00:00:01  -  Run Remote Usage
		Usr 0 00:00:00, Sys 0 00:00:00  -  Run Local Usage
		Usr 0 00:01:18, Sys 0 00:00:01  -  Total Remote Usage
		Usr 0 00:00:00, Sys 0 00:00:00  -  Total Local Usage
	0  -  Run Bytes Sent By Job
	0  -  Run Bytes Received By Job
	0  -  Total Bytes Sent By Job
	0  -  Total Bytes Received By Job
	Partitionable Resources :    Usage  Request Allocated 
	   Cpus                 :     1.00        1         1 
	   Disk (KB)            :     1           1    128913 
	   Memory (MB)          :   183        3900      3968 

	Job terminated of its own accord at 2023-06-09T06:12:39Z.
...
006 (310121.002.000) 2023-06-09 15:12:44 Image size of job updated: 688736
	183  -  MemoryUsage of job (MB)
	186628  -  ResidentSetSize of job (KB)
...
005 (310121.002.000) 2023-06-09 15:12:44 Job terminated.
	(1) Normal termination (return value 0)
		Usr 0 00:01:26, Sys 0 00:00:01  -  Run Remote Usage
		Usr 0 00:00:00, Sys 0 00:00:00  -  Run Local Usage
		Usr 0 00:01:26, Sys 0 00:00:01  -  Total Remote Usage
		Usr 0 00:00:00, Sys 0 00:00:00  -  Total Local Usage
	0  -  Run Bytes Sent By Job
	0  -  Run Bytes Received By Job
	0  -  Total Bytes Sent By Job
	0  -  Total Bytes Received By Job
	Partitionable Resources :    Usage  Request Allocated 
	   Cpus                 :     1.00        1         1 
	   Disk (KB)            :     1           1    128913 
	   Memory (MB)          :   183        3900      3968 

	Job terminated of its own accord at 2023-06-09T06:12:44Z.
...
006 (310121.009.000) 2023-06-09 15:13:04 Image size of job updated: 685496
	112  -  MemoryUsage of job (MB)
	113700  -  ResidentSetSize of job (KB)
...
005 (310121.009.000) 2023-06-09 15:13:04 Job terminated.
	(1) Normal termination (return value 0)
		Usr 0 00:01:39, Sys 0 00:00:01  -  Run Remote Usage
		Usr 0 00:00:00, Sys 0 00:00:00  -  Run Local Usage
		Usr 0 00:01:39, Sys 0 00:00:01  -  Total Remote Usage
		Usr 0 00:00:00, Sys 0 00:00:00  -  Total Local Usage
	0  -  Run Bytes Sent By Job
	0  -  Run Bytes Received By Job
	0  -  Total Bytes Sent By Job
	0  -  Total Bytes Received By Job
	Partitionable Resources :    Usage  Request Allocated 
	   Cpus                 :                 1         1 
	   Disk (KB)            :        1        1    128928 
	   Memory (MB)          :      112     3900      3968 

	Job terminated of its own accord at 2023-06-09T06:13:04Z.
...
006 (310121.000.000) 2023-06-09 15:13:14 Image size of job updated: 688720
	183  -  MemoryUsage of job (MB)
	186632  -  ResidentSetSize of job (KB)
...
005 (310121.000.000) 2023-06-09 15:13:14 Job terminated.
	(1) Normal termination (return value 0)
		Usr 0 00:01:56, Sys 0 00:00:01  -  Run Remote Usage
		Usr 0 00:00:00, Sys 0 00:00:00  -  Run Local Usage
		Usr 0 00:01:56, Sys 0 00:00:01  -  Total Remote Usage
		Usr 0 00:00:00, Sys 0 00:00:00  -  Total Local Usage
	0  -  Run Bytes Sent By Job
	0  -  Run Bytes Received By Job
	0  -  Total Bytes Sent By Job
	0  -  Total Bytes Received By Job
	Partitionable Resources :    Usage  Request Allocated 
	   Cpus                 :     1.00        1         1 
	   Disk (KB)            :     1           1    128913 
	   Memory (MB)          :   183        3900      3968 

	Job terminated of its own accord at 2023-06-09T06:13:14Z.
...
006 (310121.008.000) 2023-06-09 15:13:38 Image size of job updated: 688736
	119  -  MemoryUsage of job (MB)
	121516  -  ResidentSetSize of job (KB)
...
005 (310121.008.000) 2023-06-09 15:13:38 Job terminated.
	(1) Normal termination (return value 0)
		Usr 0 00:02:11, Sys 0 00:00:01  -  Run Remote Usage
		Usr 0 00:00:00, Sys 0 00:00:00  -  Run Local Usage
		Usr 0 00:02:11, Sys 0 00:00:01  -  Total Remote Usage
		Usr 0 00:00:00, Sys 0 00:00:00  -  Total Local Usage
	0  -  Run Bytes Sent By Job
	0  -  Run Bytes Received By Job
	0  -  Total Bytes Sent By Job
	0  -  Total Bytes Received By Job
	Partitionable Resources :    Usage  Request Allocated 
	   Cpus                 :                 1         1 
	   Disk (KB)            :        1        1    128928 
	   Memory (MB)          :      119     3900      3968 

	Job terminated of its own accord at 2023-06-09T06:13:38Z.
...
000 (310201.000.000) 2023-06-09 16:52:34 Job submitted from host: <172.30.1.200:9618?addrs=172.30.1.200-9618&alias=tamsa2.snu.ac.kr&noUDP&sock=schedd_3510_2582>
...
000 (310201.001.000) 2023-06-09 16:52:34 Job submitted from host: <172.30.1.200:9618?addrs=172.30.1.200-9618&alias=tamsa2.snu.ac.kr&noUDP&sock=schedd_3510_2582>
...
000 (310201.002.000) 2023-06-09 16:52:34 Job submitted from host: <172.30.1.200:9618?addrs=172.30.1.200-9618&alias=tamsa2.snu.ac.kr&noUDP&sock=schedd_3510_2582>
...
000 (310201.003.000) 2023-06-09 16:52:34 Job submitted from host: <172.30.1.200:9618?addrs=172.30.1.200-9618&alias=tamsa2.snu.ac.kr&noUDP&sock=schedd_3510_2582>
...
000 (310201.004.000) 2023-06-09 16:52:34 Job submitted from host: <172.30.1.200:9618?addrs=172.30.1.200-9618&alias=tamsa2.snu.ac.kr&noUDP&sock=schedd_3510_2582>
...
000 (310201.005.000) 2023-06-09 16:52:34 Job submitted from host: <172.30.1.200:9618?addrs=172.30.1.200-9618&alias=tamsa2.snu.ac.kr&noUDP&sock=schedd_3510_2582>
...
000 (310201.006.000) 2023-06-09 16:52:34 Job submitted from host: <172.30.1.200:9618?addrs=172.30.1.200-9618&alias=tamsa2.snu.ac.kr&noUDP&sock=schedd_3510_2582>
...
000 (310201.007.000) 2023-06-09 16:52:34 Job submitted from host: <172.30.1.200:9618?addrs=172.30.1.200-9618&alias=tamsa2.snu.ac.kr&noUDP&sock=schedd_3510_2582>
...
000 (310201.008.000) 2023-06-09 16:52:34 Job submitted from host: <172.30.1.200:9618?addrs=172.30.1.200-9618&alias=tamsa2.snu.ac.kr&noUDP&sock=schedd_3510_2582>
...
000 (310201.009.000) 2023-06-09 16:52:34 Job submitted from host: <172.30.1.200:9618?addrs=172.30.1.200-9618&alias=tamsa2.snu.ac.kr&noUDP&sock=schedd_3510_2582>
...
001 (310201.005.000) 2023-06-09 16:52:49 Job executing on host: <172.30.1.206:9618?addrs=172.30.1.206-9618&alias=node6&noUDP&sock=startd_3777_494c>
...
001 (310201.000.000) 2023-06-09 16:52:49 Job executing on host: <172.30.1.205:9618?addrs=172.30.1.205-9618&alias=node5&noUDP&sock=startd_3770_7c22>
...
001 (310201.006.000) 2023-06-09 16:52:49 Job executing on host: <172.30.1.206:9618?addrs=172.30.1.206-9618&alias=node6&noUDP&sock=startd_3777_494c>
...
001 (310201.002.000) 2023-06-09 16:52:49 Job executing on host: <172.30.1.205:9618?addrs=172.30.1.205-9618&alias=node5&noUDP&sock=startd_3770_7c22>
...
001 (310201.007.000) 2023-06-09 16:52:49 Job executing on host: <172.30.1.206:9618?addrs=172.30.1.206-9618&alias=node6&noUDP&sock=startd_3777_494c>
...
001 (310201.001.000) 2023-06-09 16:52:49 Job executing on host: <172.30.1.205:9618?addrs=172.30.1.205-9618&alias=node5&noUDP&sock=startd_3770_7c22>
...
001 (310201.008.000) 2023-06-09 16:52:49 Job executing on host: <172.30.1.206:9618?addrs=172.30.1.206-9618&alias=node6&noUDP&sock=startd_3777_494c>
...
001 (310201.003.000) 2023-06-09 16:52:49 Job executing on host: <172.30.1.205:9618?addrs=172.30.1.205-9618&alias=node5&noUDP&sock=startd_3770_7c22>
...
001 (310201.009.000) 2023-06-09 16:52:49 Job executing on host: <172.30.1.206:9618?addrs=172.30.1.206-9618&alias=node6&noUDP&sock=startd_3777_494c>
...
001 (310201.004.000) 2023-06-09 16:52:49 Job executing on host: <172.30.1.205:9618?addrs=172.30.1.205-9618&alias=node5&noUDP&sock=startd_3770_7c22>
...
006 (310201.005.000) 2023-06-09 16:52:57 Image size of job updated: 391524
	183  -  MemoryUsage of job (MB)
	186584  -  ResidentSetSize of job (KB)
...
006 (310201.000.000) 2023-06-09 16:52:57 Image size of job updated: 645736
	183  -  MemoryUsage of job (MB)
	186584  -  ResidentSetSize of job (KB)
...
006 (310201.006.000) 2023-06-09 16:52:57 Image size of job updated: 391844
	183  -  MemoryUsage of job (MB)
	186604  -  ResidentSetSize of job (KB)
...
006 (310201.002.000) 2023-06-09 16:52:57 Image size of job updated: 645740
	183  -  MemoryUsage of job (MB)
	186584  -  ResidentSetSize of job (KB)
...
006 (310201.007.000) 2023-06-09 16:52:57 Image size of job updated: 391524
	183  -  MemoryUsage of job (MB)
	186584  -  ResidentSetSize of job (KB)
...
006 (310201.001.000) 2023-06-09 16:52:57 Image size of job updated: 645744
	183  -  MemoryUsage of job (MB)
	186592  -  ResidentSetSize of job (KB)
...
006 (310201.008.000) 2023-06-09 16:52:58 Image size of job updated: 391844
	183  -  MemoryUsage of job (MB)
	186592  -  ResidentSetSize of job (KB)
...
006 (310201.003.000) 2023-06-09 16:52:58 Image size of job updated: 645708
	182  -  MemoryUsage of job (MB)
	186128  -  ResidentSetSize of job (KB)
...
006 (310201.009.000) 2023-06-09 16:52:58 Image size of job updated: 391524
	183  -  MemoryUsage of job (MB)
	186580  -  ResidentSetSize of job (KB)
...
006 (310201.004.000) 2023-06-09 16:52:58 Image size of job updated: 645744
	183  -  MemoryUsage of job (MB)
	186636  -  ResidentSetSize of job (KB)
...
006 (310201.007.000) 2023-06-09 16:53:41 Image size of job updated: 685316
	183  -  MemoryUsage of job (MB)
	186584  -  ResidentSetSize of job (KB)
...
005 (310201.007.000) 2023-06-09 16:53:41 Job terminated.
	(1) Normal termination (return value 0)
		Usr 0 00:00:47, Sys 0 00:00:01  -  Run Remote Usage
		Usr 0 00:00:00, Sys 0 00:00:00  -  Run Local Usage
		Usr 0 00:00:47, Sys 0 00:00:01  -  Total Remote Usage
		Usr 0 00:00:00, Sys 0 00:00:00  -  Total Local Usage
	0  -  Run Bytes Sent By Job
	0  -  Run Bytes Received By Job
	0  -  Total Bytes Sent By Job
	0  -  Total Bytes Received By Job
	Partitionable Resources :    Usage  Request Allocated 
	   Cpus                 :                 1         1 
	   Disk (KB)            :        1        1     95898 
	   Memory (MB)          :      183     3900      3968 

	Job terminated of its own accord at 2023-06-09T07:53:41Z.
...
006 (310201.006.000) 2023-06-09 16:53:42 Image size of job updated: 688104
	183  -  MemoryUsage of job (MB)
	186604  -  ResidentSetSize of job (KB)
...
005 (310201.006.000) 2023-06-09 16:53:42 Job terminated.
	(1) Normal termination (return value 0)
		Usr 0 00:00:45, Sys 0 00:00:01  -  Run Remote Usage
		Usr 0 00:00:00, Sys 0 00:00:00  -  Run Local Usage
		Usr 0 00:00:45, Sys 0 00:00:01  -  Total Remote Usage
		Usr 0 00:00:00, Sys 0 00:00:00  -  Total Local Usage
	0  -  Run Bytes Sent By Job
	0  -  Run Bytes Received By Job
	0  -  Total Bytes Sent By Job
	0  -  Total Bytes Received By Job
	Partitionable Resources :    Usage  Request Allocated 
	   Cpus                 :                 1         1 
	   Disk (KB)            :        1        1     95898 
	   Memory (MB)          :      183     3900      3968 

	Job terminated of its own accord at 2023-06-09T07:53:42Z.
...
006 (310201.003.000) 2023-06-09 16:53:45 Image size of job updated: 685332
	182  -  MemoryUsage of job (MB)
	186128  -  ResidentSetSize of job (KB)
...
005 (310201.003.000) 2023-06-09 16:53:45 Job terminated.
	(1) Normal termination (return value 0)
		Usr 0 00:00:49, Sys 0 00:00:01  -  Run Remote Usage
		Usr 0 00:00:00, Sys 0 00:00:00  -  Run Local Usage
		Usr 0 00:00:49, Sys 0 00:00:01  -  Total Remote Usage
		Usr 0 00:00:00, Sys 0 00:00:00  -  Total Local Usage
	0  -  Run Bytes Sent By Job
	0  -  Run Bytes Received By Job
	0  -  Total Bytes Sent By Job
	0  -  Total Bytes Received By Job
	Partitionable Resources :    Usage  Request Allocated 
	   Cpus                 :                 1         1 
	   Disk (KB)            :        1        1    128928 
	   Memory (MB)          :      182     3900      3968 

	Job terminated of its own accord at 2023-06-09T07:53:45Z.
...
006 (310201.001.000) 2023-06-09 16:53:48 Image size of job updated: 687092
	183  -  MemoryUsage of job (MB)
	186592  -  ResidentSetSize of job (KB)
...
005 (310201.001.000) 2023-06-09 16:53:48 Job terminated.
	(1) Normal termination (return value 0)
		Usr 0 00:00:54, Sys 0 00:00:01  -  Run Remote Usage
		Usr 0 00:00:00, Sys 0 00:00:00  -  Run Local Usage
		Usr 0 00:00:54, Sys 0 00:00:01  -  Total Remote Usage
		Usr 0 00:00:00, Sys 0 00:00:00  -  Total Local Usage
	0  -  Run Bytes Sent By Job
	0  -  Run Bytes Received By Job
	0  -  Total Bytes Sent By Job
	0  -  Total Bytes Received By Job
	Partitionable Resources :    Usage  Request Allocated 
	   Cpus                 :                 1         1 
	   Disk (KB)            :        1        1    128928 
	   Memory (MB)          :      183     3900      3968 

	Job terminated of its own accord at 2023-06-09T07:53:48Z.
...
006 (310201.004.000) 2023-06-09 16:53:52 Image size of job updated: 685336
	183  -  MemoryUsage of job (MB)
	186636  -  ResidentSetSize of job (KB)
...
005 (310201.004.000) 2023-06-09 16:53:52 Job terminated.
	(1) Normal termination (return value 0)
		Usr 0 00:00:58, Sys 0 00:00:01  -  Run Remote Usage
		Usr 0 00:00:00, Sys 0 00:00:00  -  Run Local Usage
		Usr 0 00:00:58, Sys 0 00:00:01  -  Total Remote Usage
		Usr 0 00:00:00, Sys 0 00:00:00  -  Total Local Usage
	0  -  Run Bytes Sent By Job
	0  -  Run Bytes Received By Job
	0  -  Total Bytes Sent By Job
	0  -  Total Bytes Received By Job
	Partitionable Resources :    Usage  Request Allocated 
	   Cpus                 :                 1         1 
	   Disk (KB)            :        1        1    128928 
	   Memory (MB)          :      183     3900      3968 

	Job terminated of its own accord at 2023-06-09T07:53:52Z.
...
006 (310201.008.000) 2023-06-09 16:53:57 Image size of job updated: 688408
	183  -  MemoryUsage of job (MB)
	186592  -  ResidentSetSize of job (KB)
...
005 (310201.008.000) 2023-06-09 16:53:57 Job terminated.
	(1) Normal termination (return value 0)
		Usr 0 00:01:03, Sys 0 00:00:01  -  Run Remote Usage
		Usr 0 00:00:00, Sys 0 00:00:00  -  Run Local Usage
		Usr 0 00:01:03, Sys 0 00:00:01  -  Total Remote Usage
		Usr 0 00:00:00, Sys 0 00:00:00  -  Total Local Usage
	0  -  Run Bytes Sent By Job
	0  -  Run Bytes Received By Job
	0  -  Total Bytes Sent By Job
	0  -  Total Bytes Received By Job
	Partitionable Resources :    Usage  Request Allocated 
	   Cpus                 :                 1         1 
	   Disk (KB)            :        1        1     95898 
	   Memory (MB)          :      183     3900      3968 

	Job terminated of its own accord at 2023-06-09T07:53:57Z.
...
006 (310201.005.000) 2023-06-09 16:53:58 Image size of job updated: 688404
	183  -  MemoryUsage of job (MB)
	186584  -  ResidentSetSize of job (KB)
...
005 (310201.005.000) 2023-06-09 16:53:58 Job terminated.
	(1) Normal termination (return value 0)
		Usr 0 00:01:04, Sys 0 00:00:01  -  Run Remote Usage
		Usr 0 00:00:00, Sys 0 00:00:00  -  Run Local Usage
		Usr 0 00:01:04, Sys 0 00:00:01  -  Total Remote Usage
		Usr 0 00:00:00, Sys 0 00:00:00  -  Total Local Usage
	0  -  Run Bytes Sent By Job
	0  -  Run Bytes Received By Job
	0  -  Total Bytes Sent By Job
	0  -  Total Bytes Received By Job
	Partitionable Resources :    Usage  Request Allocated 
	   Cpus                 :                 1         1 
	   Disk (KB)            :        1        1     95898 
	   Memory (MB)          :      183     3900      3968 

	Job terminated of its own accord at 2023-06-09T07:53:58Z.
...
006 (310201.002.000) 2023-06-09 16:54:03 Image size of job updated: 688416
	183  -  MemoryUsage of job (MB)
	186584  -  ResidentSetSize of job (KB)
...
005 (310201.002.000) 2023-06-09 16:54:03 Job terminated.
	(1) Normal termination (return value 0)
		Usr 0 00:01:08, Sys 0 00:00:01  -  Run Remote Usage
		Usr 0 00:00:00, Sys 0 00:00:00  -  Run Local Usage
		Usr 0 00:01:08, Sys 0 00:00:01  -  Total Remote Usage
		Usr 0 00:00:00, Sys 0 00:00:00  -  Total Local Usage
	0  -  Run Bytes Sent By Job
	0  -  Run Bytes Received By Job
	0  -  Total Bytes Sent By Job
	0  -  Total Bytes Received By Job
	Partitionable Resources :    Usage  Request Allocated 
	   Cpus                 :                 1         1 
	   Disk (KB)            :        1        1    128928 
	   Memory (MB)          :      183     3900      3968 

	Job terminated of its own accord at 2023-06-09T07:54:03Z.
...
006 (310201.009.000) 2023-06-09 16:54:07 Image size of job updated: 685332
	183  -  MemoryUsage of job (MB)
	186580  -  ResidentSetSize of job (KB)
...
005 (310201.009.000) 2023-06-09 16:54:07 Job terminated.
	(1) Normal termination (return value 0)
		Usr 0 00:01:13, Sys 0 00:00:01  -  Run Remote Usage
		Usr 0 00:00:00, Sys 0 00:00:00  -  Run Local Usage
		Usr 0 00:01:13, Sys 0 00:00:01  -  Total Remote Usage
		Usr 0 00:00:00, Sys 0 00:00:00  -  Total Local Usage
	0  -  Run Bytes Sent By Job
	0  -  Run Bytes Received By Job
	0  -  Total Bytes Sent By Job
	0  -  Total Bytes Received By Job
	Partitionable Resources :    Usage  Request Allocated 
	   Cpus                 :                 1         1 
	   Disk (KB)            :        1        1     95898 
	   Memory (MB)          :      183     3900      3968 

	Job terminated of its own accord at 2023-06-09T07:54:07Z.
...
006 (310201.000.000) 2023-06-09 16:54:08 Image size of job updated: 688400
	183  -  MemoryUsage of job (MB)
	186584  -  ResidentSetSize of job (KB)
...
005 (310201.000.000) 2023-06-09 16:54:08 Job terminated.
	(1) Normal termination (return value 0)
		Usr 0 00:01:12, Sys 0 00:00:01  -  Run Remote Usage
		Usr 0 00:00:00, Sys 0 00:00:00  -  Run Local Usage
		Usr 0 00:01:12, Sys 0 00:00:01  -  Total Remote Usage
		Usr 0 00:00:00, Sys 0 00:00:00  -  Total Local Usage
	0  -  Run Bytes Sent By Job
	0  -  Run Bytes Received By Job
	0  -  Total Bytes Sent By Job
	0  -  Total Bytes Received By Job
	Partitionable Resources :    Usage  Request Allocated 
	   Cpus                 :                 1         1 
	   Disk (KB)            :        1        1    128928 
	   Memory (MB)          :      183     3900      3968 

	Job terminated of its own accord at 2023-06-09T07:54:08Z.
...
