000 (311148.000.000) 2023-06-12 20:26:19 Job submitted from host: <172.30.1.200:9618?addrs=172.30.1.200-9618&alias=tamsa2.snu.ac.kr&noUDP&sock=schedd_3510_2582>
...
000 (311148.001.000) 2023-06-12 20:26:19 Job submitted from host: <172.30.1.200:9618?addrs=172.30.1.200-9618&alias=tamsa2.snu.ac.kr&noUDP&sock=schedd_3510_2582>
...
000 (311148.002.000) 2023-06-12 20:26:19 Job submitted from host: <172.30.1.200:9618?addrs=172.30.1.200-9618&alias=tamsa2.snu.ac.kr&noUDP&sock=schedd_3510_2582>
...
000 (311148.003.000) 2023-06-12 20:26:19 Job submitted from host: <172.30.1.200:9618?addrs=172.30.1.200-9618&alias=tamsa2.snu.ac.kr&noUDP&sock=schedd_3510_2582>
...
000 (311148.004.000) 2023-06-12 20:26:19 Job submitted from host: <172.30.1.200:9618?addrs=172.30.1.200-9618&alias=tamsa2.snu.ac.kr&noUDP&sock=schedd_3510_2582>
...
000 (311148.005.000) 2023-06-12 20:26:19 Job submitted from host: <172.30.1.200:9618?addrs=172.30.1.200-9618&alias=tamsa2.snu.ac.kr&noUDP&sock=schedd_3510_2582>
...
000 (311148.006.000) 2023-06-12 20:26:19 Job submitted from host: <172.30.1.200:9618?addrs=172.30.1.200-9618&alias=tamsa2.snu.ac.kr&noUDP&sock=schedd_3510_2582>
...
000 (311148.007.000) 2023-06-12 20:26:19 Job submitted from host: <172.30.1.200:9618?addrs=172.30.1.200-9618&alias=tamsa2.snu.ac.kr&noUDP&sock=schedd_3510_2582>
...
000 (311148.008.000) 2023-06-12 20:26:19 Job submitted from host: <172.30.1.200:9618?addrs=172.30.1.200-9618&alias=tamsa2.snu.ac.kr&noUDP&sock=schedd_3510_2582>
...
000 (311148.009.000) 2023-06-12 20:26:19 Job submitted from host: <172.30.1.200:9618?addrs=172.30.1.200-9618&alias=tamsa2.snu.ac.kr&noUDP&sock=schedd_3510_2582>
...
040 (311148.008.000) 2023-06-12 20:26:27 Started transferring input files
	Transferring to host: <172.30.1.105:9618?addrs=172.30.1.105-9618&alias=n5&noUDP&sock=slot1_9_3332_7201_9453>
...
040 (311148.008.000) 2023-06-12 20:26:27 Finished transferring input files
...
040 (311148.001.000) 2023-06-12 20:26:27 Started transferring input files
	Transferring to host: <172.30.1.102:9618?addrs=172.30.1.102-9618&alias=n2&noUDP&sock=slot1_43_3347_03a1_19103>
...
040 (311148.001.000) 2023-06-12 20:26:27 Finished transferring input files
...
040 (311148.003.000) 2023-06-12 20:26:28 Started transferring input files
	Transferring to host: <172.30.1.101:9618?addrs=172.30.1.101-9618&alias=n1&noUDP&sock=slot1_12_3367_1b22_15234>
...
040 (311148.009.000) 2023-06-12 20:26:28 Started transferring input files
	Transferring to host: <172.30.1.105:9618?addrs=172.30.1.105-9618&alias=n5&noUDP&sock=slot1_11_3332_7201_9455>
...
040 (311148.002.000) 2023-06-12 20:26:28 Started transferring input files
	Transferring to host: <172.30.1.102:9618?addrs=172.30.1.102-9618&alias=n2&noUDP&sock=slot1_51_3347_03a1_19104>
...
040 (311148.009.000) 2023-06-12 20:26:28 Finished transferring input files
...
040 (311148.002.000) 2023-06-12 20:26:28 Finished transferring input files
...
040 (311148.003.000) 2023-06-12 20:26:28 Finished transferring input files
...
040 (311148.004.000) 2023-06-12 20:26:28 Started transferring input files
	Transferring to host: <172.30.1.101:9618?addrs=172.30.1.101-9618&alias=n1&noUDP&sock=slot1_28_3367_1b22_15235>
...
040 (311148.004.000) 2023-06-12 20:26:28 Finished transferring input files
...
040 (311148.000.000) 2023-06-12 20:26:28 Started transferring input files
	Transferring to host: <172.30.1.102:9618?addrs=172.30.1.102-9618&alias=n2&noUDP&sock=slot1_42_3347_03a1_19105>
...
040 (311148.000.000) 2023-06-12 20:26:28 Finished transferring input files
...
040 (311148.005.000) 2023-06-12 20:26:28 Started transferring input files
	Transferring to host: <172.30.1.101:9618?addrs=172.30.1.101-9618&alias=n1&noUDP&sock=slot1_37_3367_1b22_15236>
...
040 (311148.005.000) 2023-06-12 20:26:28 Finished transferring input files
...
040 (311148.006.000) 2023-06-12 20:26:28 Started transferring input files
	Transferring to host: <172.30.1.101:9618?addrs=172.30.1.101-9618&alias=n1&noUDP&sock=slot1_40_3367_1b22_15237>
...
040 (311148.006.000) 2023-06-12 20:26:28 Finished transferring input files
...
040 (311148.007.000) 2023-06-12 20:26:28 Started transferring input files
	Transferring to host: <172.30.1.101:9618?addrs=172.30.1.101-9618&alias=n1&noUDP&sock=slot1_44_3367_1b22_15238>
...
040 (311148.007.000) 2023-06-12 20:26:28 Finished transferring input files
...
001 (311148.008.000) 2023-06-12 20:26:28 Job executing on host: <172.30.1.105:9618?addrs=172.30.1.105-9618&alias=n5&noUDP&sock=startd_3298_bb6e>
...
001 (311148.001.000) 2023-06-12 20:26:28 Job executing on host: <172.30.1.102:9618?addrs=172.30.1.102-9618&alias=n2&noUDP&sock=startd_3313_055a>
...
001 (311148.009.000) 2023-06-12 20:26:29 Job executing on host: <172.30.1.105:9618?addrs=172.30.1.105-9618&alias=n5&noUDP&sock=startd_3298_bb6e>
...
001 (311148.003.000) 2023-06-12 20:26:29 Job executing on host: <172.30.1.101:9618?addrs=172.30.1.101-9618&alias=n1&noUDP&sock=startd_3332_0da7>
...
001 (311148.002.000) 2023-06-12 20:26:29 Job executing on host: <172.30.1.102:9618?addrs=172.30.1.102-9618&alias=n2&noUDP&sock=startd_3313_055a>
...
001 (311148.004.000) 2023-06-12 20:26:29 Job executing on host: <172.30.1.101:9618?addrs=172.30.1.101-9618&alias=n1&noUDP&sock=startd_3332_0da7>
...
001 (311148.000.000) 2023-06-12 20:26:29 Job executing on host: <172.30.1.102:9618?addrs=172.30.1.102-9618&alias=n2&noUDP&sock=startd_3313_055a>
...
001 (311148.005.000) 2023-06-12 20:26:29 Job executing on host: <172.30.1.101:9618?addrs=172.30.1.101-9618&alias=n1&noUDP&sock=startd_3332_0da7>
...
001 (311148.006.000) 2023-06-12 20:26:29 Job executing on host: <172.30.1.101:9618?addrs=172.30.1.101-9618&alias=n1&noUDP&sock=startd_3332_0da7>
...
001 (311148.007.000) 2023-06-12 20:26:29 Job executing on host: <172.30.1.101:9618?addrs=172.30.1.101-9618&alias=n1&noUDP&sock=startd_3332_0da7>
...
006 (311148.001.000) 2023-06-12 20:26:37 Image size of job updated: 385840
	146  -  MemoryUsage of job (MB)
	149496  -  ResidentSetSize of job (KB)
...
006 (311148.009.000) 2023-06-12 20:26:37 Image size of job updated: 519220
	184  -  MemoryUsage of job (MB)
	187624  -  ResidentSetSize of job (KB)
...
006 (311148.002.000) 2023-06-12 20:26:37 Image size of job updated: 385948
	147  -  MemoryUsage of job (MB)
	149848  -  ResidentSetSize of job (KB)
...
006 (311148.000.000) 2023-06-12 20:26:37 Image size of job updated: 385840
	148  -  MemoryUsage of job (MB)
	150860  -  ResidentSetSize of job (KB)
...
006 (311148.003.000) 2023-06-12 20:26:37 Image size of job updated: 142896
	140  -  MemoryUsage of job (MB)
	142896  -  ResidentSetSize of job (KB)
...
006 (311148.004.000) 2023-06-12 20:26:37 Image size of job updated: 515684
	144  -  MemoryUsage of job (MB)
	146576  -  ResidentSetSize of job (KB)
...
006 (311148.008.000) 2023-06-12 20:26:37 Image size of job updated: 517992
	184  -  MemoryUsage of job (MB)
	187840  -  ResidentSetSize of job (KB)
...
006 (311148.005.000) 2023-06-12 20:26:38 Image size of job updated: 514360
	152  -  MemoryUsage of job (MB)
	154996  -  ResidentSetSize of job (KB)
...
006 (311148.006.000) 2023-06-12 20:26:38 Image size of job updated: 611908
	154  -  MemoryUsage of job (MB)
	157208  -  ResidentSetSize of job (KB)
...
006 (311148.007.000) 2023-06-12 20:26:38 Image size of job updated: 611888
	155  -  MemoryUsage of job (MB)
	157928  -  ResidentSetSize of job (KB)
...
006 (311148.008.000) 2023-06-12 20:27:10 Image size of job updated: 691808
	184  -  MemoryUsage of job (MB)
	187840  -  ResidentSetSize of job (KB)
...
040 (311148.008.000) 2023-06-12 20:27:10 Started transferring output files
...
040 (311148.008.000) 2023-06-12 20:27:10 Finished transferring output files
...
005 (311148.008.000) 2023-06-12 20:27:10 Job terminated.
	(1) Normal termination (return value 0)
		Usr 0 00:00:36, Sys 0 00:00:02  -  Run Remote Usage
		Usr 0 00:00:00, Sys 0 00:00:00  -  Run Local Usage
		Usr 0 00:00:36, Sys 0 00:00:02  -  Total Remote Usage
		Usr 0 00:00:00, Sys 0 00:00:00  -  Total Local Usage
	7587  -  Run Bytes Sent By Job
	148  -  Run Bytes Received By Job
	7587  -  Total Bytes Sent By Job
	148  -  Total Bytes Received By Job
	Partitionable Resources :    Usage  Request Allocated 
	   Cpus                 :                 1         1 
	   Disk (KB)            :       52        1     61930 
	   Memory (MB)          :      184     3900      3968 

	Job terminated of its own accord at 2023-06-12T11:27:10Z.
...
006 (311148.009.000) 2023-06-12 20:27:13 Image size of job updated: 691880
	184  -  MemoryUsage of job (MB)
	187624  -  ResidentSetSize of job (KB)
...
040 (311148.009.000) 2023-06-12 20:27:13 Started transferring output files
...
040 (311148.009.000) 2023-06-12 20:27:13 Finished transferring output files
...
005 (311148.009.000) 2023-06-12 20:27:13 Job terminated.
	(1) Normal termination (return value 0)
		Usr 0 00:00:37, Sys 0 00:00:02  -  Run Remote Usage
		Usr 0 00:00:00, Sys 0 00:00:00  -  Run Local Usage
		Usr 0 00:00:37, Sys 0 00:00:02  -  Total Remote Usage
		Usr 0 00:00:00, Sys 0 00:00:00  -  Total Local Usage
	7494  -  Run Bytes Sent By Job
	148  -  Run Bytes Received By Job
	7494  -  Total Bytes Sent By Job
	148  -  Total Bytes Received By Job
	Partitionable Resources :    Usage  Request Allocated 
	   Cpus                 :                 1         1 
	   Disk (KB)            :       52        1     61930 
	   Memory (MB)          :      184     3900      3968 

	Job terminated of its own accord at 2023-06-12T11:27:13Z.
...
006 (311148.003.000) 2023-06-12 20:27:19 Image size of job updated: 691388
	142  -  MemoryUsage of job (MB)
	144660  -  ResidentSetSize of job (KB)
...
040 (311148.003.000) 2023-06-12 20:27:19 Started transferring output files
...
040 (311148.003.000) 2023-06-12 20:27:19 Finished transferring output files
...
005 (311148.003.000) 2023-06-12 20:27:19 Job terminated.
	(1) Normal termination (return value 0)
		Usr 0 00:00:39, Sys 0 00:00:04  -  Run Remote Usage
		Usr 0 00:00:00, Sys 0 00:00:00  -  Run Local Usage
		Usr 0 00:00:39, Sys 0 00:00:04  -  Total Remote Usage
		Usr 0 00:00:00, Sys 0 00:00:00  -  Total Local Usage
	7483  -  Run Bytes Sent By Job
	148  -  Run Bytes Received By Job
	7483  -  Total Bytes Sent By Job
	148  -  Total Bytes Received By Job
	Partitionable Resources :    Usage  Request Allocated 
	   Cpus                 :                 1         1 
	   Disk (KB)            :       52        1    127998 
	   Memory (MB)          :      142     3900      3968 

	Job terminated of its own accord at 2023-06-12T11:27:19Z.
...
006 (311148.002.000) 2023-06-12 20:27:19 Image size of job updated: 693368
	147  -  MemoryUsage of job (MB)
	149852  -  ResidentSetSize of job (KB)
...
040 (311148.002.000) 2023-06-12 20:27:19 Started transferring output files
...
040 (311148.002.000) 2023-06-12 20:27:20 Finished transferring output files
...
005 (311148.002.000) 2023-06-12 20:27:20 Job terminated.
	(1) Normal termination (return value 0)
		Usr 0 00:00:41, Sys 0 00:00:03  -  Run Remote Usage
		Usr 0 00:00:00, Sys 0 00:00:00  -  Run Local Usage
		Usr 0 00:00:41, Sys 0 00:00:03  -  Total Remote Usage
		Usr 0 00:00:00, Sys 0 00:00:00  -  Total Local Usage
	7483  -  Run Bytes Sent By Job
	148  -  Run Bytes Received By Job
	7483  -  Total Bytes Sent By Job
	148  -  Total Bytes Received By Job
	Partitionable Resources :    Usage  Request Allocated 
	   Cpus                 :                 1         1 
	   Disk (KB)            :       52        1    123869 
	   Memory (MB)          :      147     3900      3968 

	Job terminated of its own accord at 2023-06-12T11:27:19Z.
...
006 (311148.001.000) 2023-06-12 20:27:21 Image size of job updated: 693472
	147  -  MemoryUsage of job (MB)
	149592  -  ResidentSetSize of job (KB)
...
040 (311148.001.000) 2023-06-12 20:27:22 Started transferring output files
...
040 (311148.001.000) 2023-06-12 20:27:22 Finished transferring output files
...
005 (311148.001.000) 2023-06-12 20:27:22 Job terminated.
	(1) Normal termination (return value 0)
		Usr 0 00:00:41, Sys 0 00:00:03  -  Run Remote Usage
		Usr 0 00:00:00, Sys 0 00:00:00  -  Run Local Usage
		Usr 0 00:00:41, Sys 0 00:00:03  -  Total Remote Usage
		Usr 0 00:00:00, Sys 0 00:00:00  -  Total Local Usage
	7514  -  Run Bytes Sent By Job
	148  -  Run Bytes Received By Job
	7514  -  Total Bytes Sent By Job
	148  -  Total Bytes Received By Job
	Partitionable Resources :    Usage  Request Allocated 
	   Cpus                 :                 1         1 
	   Disk (KB)            :       52        1    123869 
	   Memory (MB)          :      147     3900      3968 

	Job terminated of its own accord at 2023-06-12T11:27:21Z.
...
006 (311148.000.000) 2023-06-12 20:27:24 Image size of job updated: 693644
	148  -  MemoryUsage of job (MB)
	150864  -  ResidentSetSize of job (KB)
...
040 (311148.000.000) 2023-06-12 20:27:24 Started transferring output files
...
040 (311148.000.000) 2023-06-12 20:27:24 Finished transferring output files
...
005 (311148.000.000) 2023-06-12 20:27:24 Job terminated.
	(1) Normal termination (return value 0)
		Usr 0 00:00:45, Sys 0 00:00:03  -  Run Remote Usage
		Usr 0 00:00:00, Sys 0 00:00:00  -  Run Local Usage
		Usr 0 00:00:45, Sys 0 00:00:03  -  Total Remote Usage
		Usr 0 00:00:00, Sys 0 00:00:00  -  Total Local Usage
	7514  -  Run Bytes Sent By Job
	148  -  Run Bytes Received By Job
	7514  -  Total Bytes Sent By Job
	148  -  Total Bytes Received By Job
	Partitionable Resources :    Usage  Request Allocated 
	   Cpus                 :                 1         1 
	   Disk (KB)            :       52        1    123869 
	   Memory (MB)          :      148     3900      3968 

	Job terminated of its own accord at 2023-06-12T11:27:24Z.
...
006 (311148.005.000) 2023-06-12 20:27:33 Image size of job updated: 694836
	152  -  MemoryUsage of job (MB)
	155068  -  ResidentSetSize of job (KB)
...
040 (311148.005.000) 2023-06-12 20:27:33 Started transferring output files
...
040 (311148.005.000) 2023-06-12 20:27:33 Finished transferring output files
...
005 (311148.005.000) 2023-06-12 20:27:33 Job terminated.
	(1) Normal termination (return value 0)
		Usr 0 00:00:54, Sys 0 00:00:03  -  Run Remote Usage
		Usr 0 00:00:00, Sys 0 00:00:00  -  Run Local Usage
		Usr 0 00:00:54, Sys 0 00:00:03  -  Total Remote Usage
		Usr 0 00:00:00, Sys 0 00:00:00  -  Total Local Usage
	7556  -  Run Bytes Sent By Job
	148  -  Run Bytes Received By Job
	7556  -  Total Bytes Sent By Job
	148  -  Total Bytes Received By Job
	Partitionable Resources :    Usage  Request Allocated 
	   Cpus                 :                 1         1 
	   Disk (KB)            :       52        1    127998 
	   Memory (MB)          :      152     3900      3968 

	Job terminated of its own accord at 2023-06-12T11:27:33Z.
...
006 (311148.004.000) 2023-06-12 20:27:37 Image size of job updated: 694744
	144  -  MemoryUsage of job (MB)
	146588  -  ResidentSetSize of job (KB)
...
040 (311148.004.000) 2023-06-12 20:27:37 Started transferring output files
...
040 (311148.004.000) 2023-06-12 20:27:37 Finished transferring output files
...
005 (311148.004.000) 2023-06-12 20:27:37 Job terminated.
	(1) Normal termination (return value 0)
		Usr 0 00:00:58, Sys 0 00:00:03  -  Run Remote Usage
		Usr 0 00:00:00, Sys 0 00:00:00  -  Run Local Usage
		Usr 0 00:00:58, Sys 0 00:00:03  -  Total Remote Usage
		Usr 0 00:00:00, Sys 0 00:00:00  -  Total Local Usage
	7597  -  Run Bytes Sent By Job
	148  -  Run Bytes Received By Job
	7597  -  Total Bytes Sent By Job
	148  -  Total Bytes Received By Job
	Partitionable Resources :    Usage  Request Allocated 
	   Cpus                 :                 1         1 
	   Disk (KB)            :       52        1    127998 
	   Memory (MB)          :      144     3900      3968 

	Job terminated of its own accord at 2023-06-12T11:27:37Z.
...
006 (311148.007.000) 2023-06-12 20:27:44 Image size of job updated: 700736
	155  -  MemoryUsage of job (MB)
	158004  -  ResidentSetSize of job (KB)
...
040 (311148.007.000) 2023-06-12 20:27:44 Started transferring output files
...
040 (311148.007.000) 2023-06-12 20:27:44 Finished transferring output files
...
005 (311148.007.000) 2023-06-12 20:27:44 Job terminated.
	(1) Normal termination (return value 0)
		Usr 0 00:01:03, Sys 0 00:00:03  -  Run Remote Usage
		Usr 0 00:00:00, Sys 0 00:00:00  -  Run Local Usage
		Usr 0 00:01:03, Sys 0 00:00:03  -  Total Remote Usage
		Usr 0 00:00:00, Sys 0 00:00:00  -  Total Local Usage
	7556  -  Run Bytes Sent By Job
	148  -  Run Bytes Received By Job
	7556  -  Total Bytes Sent By Job
	148  -  Total Bytes Received By Job
	Partitionable Resources :    Usage  Request Allocated 
	   Cpus                 :                 1         1 
	   Disk (KB)            :       52        1    127998 
	   Memory (MB)          :      155     3900      3968 

	Job terminated of its own accord at 2023-06-12T11:27:44Z.
...
006 (311148.006.000) 2023-06-12 20:28:01 Image size of job updated: 692788
	154  -  MemoryUsage of job (MB)
	157208  -  ResidentSetSize of job (KB)
...
040 (311148.006.000) 2023-06-12 20:28:01 Started transferring output files
...
040 (311148.006.000) 2023-06-12 20:28:01 Finished transferring output files
...
005 (311148.006.000) 2023-06-12 20:28:01 Job terminated.
	(1) Normal termination (return value 0)
		Usr 0 00:01:23, Sys 0 00:00:03  -  Run Remote Usage
		Usr 0 00:00:00, Sys 0 00:00:00  -  Run Local Usage
		Usr 0 00:01:23, Sys 0 00:00:03  -  Total Remote Usage
		Usr 0 00:00:00, Sys 0 00:00:00  -  Total Local Usage
	7556  -  Run Bytes Sent By Job
	148  -  Run Bytes Received By Job
	7556  -  Total Bytes Sent By Job
	148  -  Total Bytes Received By Job
	Partitionable Resources :    Usage  Request Allocated 
	   Cpus                 :                 1         1 
	   Disk (KB)            :       52        1    127998 
	   Memory (MB)          :      154     3900      3968 

	Job terminated of its own accord at 2023-06-12T11:28:01Z.
...
