000 (330124.000.000) 2023-07-25 11:52:14 Job submitted from host: <172.30.1.200:9618?addrs=172.30.1.200-9618&alias=tamsa2.snu.ac.kr&noUDP&sock=schedd_3510_2582>
...
000 (330124.001.000) 2023-07-25 11:52:14 Job submitted from host: <172.30.1.200:9618?addrs=172.30.1.200-9618&alias=tamsa2.snu.ac.kr&noUDP&sock=schedd_3510_2582>
...
000 (330124.002.000) 2023-07-25 11:52:14 Job submitted from host: <172.30.1.200:9618?addrs=172.30.1.200-9618&alias=tamsa2.snu.ac.kr&noUDP&sock=schedd_3510_2582>
...
000 (330124.003.000) 2023-07-25 11:52:14 Job submitted from host: <172.30.1.200:9618?addrs=172.30.1.200-9618&alias=tamsa2.snu.ac.kr&noUDP&sock=schedd_3510_2582>
...
000 (330124.004.000) 2023-07-25 11:52:14 Job submitted from host: <172.30.1.200:9618?addrs=172.30.1.200-9618&alias=tamsa2.snu.ac.kr&noUDP&sock=schedd_3510_2582>
...
000 (330124.005.000) 2023-07-25 11:52:14 Job submitted from host: <172.30.1.200:9618?addrs=172.30.1.200-9618&alias=tamsa2.snu.ac.kr&noUDP&sock=schedd_3510_2582>
...
000 (330124.006.000) 2023-07-25 11:52:14 Job submitted from host: <172.30.1.200:9618?addrs=172.30.1.200-9618&alias=tamsa2.snu.ac.kr&noUDP&sock=schedd_3510_2582>
...
000 (330124.007.000) 2023-07-25 11:52:14 Job submitted from host: <172.30.1.200:9618?addrs=172.30.1.200-9618&alias=tamsa2.snu.ac.kr&noUDP&sock=schedd_3510_2582>
...
000 (330124.008.000) 2023-07-25 11:52:14 Job submitted from host: <172.30.1.200:9618?addrs=172.30.1.200-9618&alias=tamsa2.snu.ac.kr&noUDP&sock=schedd_3510_2582>
...
000 (330124.009.000) 2023-07-25 11:52:14 Job submitted from host: <172.30.1.200:9618?addrs=172.30.1.200-9618&alias=tamsa2.snu.ac.kr&noUDP&sock=schedd_3510_2582>
...
001 (330124.000.000) 2023-07-25 11:52:29 Job executing on host: <172.30.1.205:9618?addrs=172.30.1.205-9618&alias=node5&noUDP&sock=startd_3770_7c22>
...
001 (330124.001.000) 2023-07-25 11:52:29 Job executing on host: <172.30.1.205:9618?addrs=172.30.1.205-9618&alias=node5&noUDP&sock=startd_3770_7c22>
...
001 (330124.003.000) 2023-07-25 11:52:29 Job executing on host: <172.30.1.205:9618?addrs=172.30.1.205-9618&alias=node5&noUDP&sock=startd_3770_7c22>
...
001 (330124.005.000) 2023-07-25 11:52:29 Job executing on host: <172.30.1.205:9618?addrs=172.30.1.205-9618&alias=node5&noUDP&sock=startd_3770_7c22>
...
001 (330124.002.000) 2023-07-25 11:52:29 Job executing on host: <172.30.1.205:9618?addrs=172.30.1.205-9618&alias=node5&noUDP&sock=startd_3770_7c22>
...
001 (330124.006.000) 2023-07-25 11:52:29 Job executing on host: <172.30.1.205:9618?addrs=172.30.1.205-9618&alias=node5&noUDP&sock=startd_3770_7c22>
...
001 (330124.004.000) 2023-07-25 11:52:29 Job executing on host: <172.30.1.205:9618?addrs=172.30.1.205-9618&alias=node5&noUDP&sock=startd_3770_7c22>
...
001 (330124.008.000) 2023-07-25 11:52:29 Job executing on host: <172.30.1.205:9618?addrs=172.30.1.205-9618&alias=node5&noUDP&sock=startd_3770_7c22>
...
001 (330124.007.000) 2023-07-25 11:52:29 Job executing on host: <172.30.1.205:9618?addrs=172.30.1.205-9618&alias=node5&noUDP&sock=startd_3770_7c22>
...
001 (330124.009.000) 2023-07-25 11:52:29 Job executing on host: <172.30.1.205:9618?addrs=172.30.1.205-9618&alias=node5&noUDP&sock=startd_3770_7c22>
...
006 (330124.000.000) 2023-07-25 11:52:37 Image size of job updated: 498852
	184  -  MemoryUsage of job (MB)
	187696  -  ResidentSetSize of job (KB)
...
006 (330124.001.000) 2023-07-25 11:52:37 Image size of job updated: 498852
	191  -  MemoryUsage of job (MB)
	195240  -  ResidentSetSize of job (KB)
...
006 (330124.003.000) 2023-07-25 11:52:37 Image size of job updated: 498852
	182  -  MemoryUsage of job (MB)
	186188  -  ResidentSetSize of job (KB)
...
006 (330124.005.000) 2023-07-25 11:52:37 Image size of job updated: 498600
	182  -  MemoryUsage of job (MB)
	186300  -  ResidentSetSize of job (KB)
...
006 (330124.002.000) 2023-07-25 11:52:37 Image size of job updated: 499008
	206  -  MemoryUsage of job (MB)
	210256  -  ResidentSetSize of job (KB)
...
006 (330124.006.000) 2023-07-25 11:52:37 Image size of job updated: 498024
	182  -  MemoryUsage of job (MB)
	186316  -  ResidentSetSize of job (KB)
...
006 (330124.004.000) 2023-07-25 11:52:37 Image size of job updated: 498024
	182  -  MemoryUsage of job (MB)
	186184  -  ResidentSetSize of job (KB)
...
006 (330124.008.000) 2023-07-25 11:52:38 Image size of job updated: 499008
	206  -  MemoryUsage of job (MB)
	210492  -  ResidentSetSize of job (KB)
...
006 (330124.007.000) 2023-07-25 11:52:38 Image size of job updated: 498024
	206  -  MemoryUsage of job (MB)
	210472  -  ResidentSetSize of job (KB)
...
006 (330124.009.000) 2023-07-25 11:52:38 Image size of job updated: 498024
	190  -  MemoryUsage of job (MB)
	193736  -  ResidentSetSize of job (KB)
...
005 (330124.003.000) 2023-07-25 11:52:44 Job terminated.
	(1) Normal termination (return value 0)
		Usr 0 00:00:11, Sys 0 00:00:00  -  Run Remote Usage
		Usr 0 00:00:00, Sys 0 00:00:00  -  Run Local Usage
		Usr 0 00:00:11, Sys 0 00:00:00  -  Total Remote Usage
		Usr 0 00:00:00, Sys 0 00:00:00  -  Total Local Usage
	0  -  Run Bytes Sent By Job
	0  -  Run Bytes Received By Job
	0  -  Total Bytes Sent By Job
	0  -  Total Bytes Received By Job
	Partitionable Resources :    Usage  Request Allocated 
	   Cpus                 :                 1         1 
	   Disk (KB)            :        1        1    128928 
	   Memory (MB)          :      182     3900      3968 

	Job terminated of its own accord at 2023-07-25T02:52:44Z.
...
006 (330124.009.000) 2023-07-25 11:52:44 Image size of job updated: 684448
	190  -  MemoryUsage of job (MB)
	193736  -  ResidentSetSize of job (KB)
...
005 (330124.009.000) 2023-07-25 11:52:44 Job terminated.
	(1) Normal termination (return value 0)
		Usr 0 00:00:11, Sys 0 00:00:00  -  Run Remote Usage
		Usr 0 00:00:00, Sys 0 00:00:00  -  Run Local Usage
		Usr 0 00:00:11, Sys 0 00:00:00  -  Total Remote Usage
		Usr 0 00:00:00, Sys 0 00:00:00  -  Total Local Usage
	0  -  Run Bytes Sent By Job
	0  -  Run Bytes Received By Job
	0  -  Total Bytes Sent By Job
	0  -  Total Bytes Received By Job
	Partitionable Resources :    Usage  Request Allocated 
	   Cpus                 :                 1         1 
	   Disk (KB)            :        1        1    128928 
	   Memory (MB)          :      190     3900      3968 

	Job terminated of its own accord at 2023-07-25T02:52:44Z.
...
006 (330124.006.000) 2023-07-25 11:52:44 Image size of job updated: 685820
	182  -  MemoryUsage of job (MB)
	186316  -  ResidentSetSize of job (KB)
...
005 (330124.006.000) 2023-07-25 11:52:44 Job terminated.
	(1) Normal termination (return value 0)
		Usr 0 00:00:13, Sys 0 00:00:01  -  Run Remote Usage
		Usr 0 00:00:00, Sys 0 00:00:00  -  Run Local Usage
		Usr 0 00:00:13, Sys 0 00:00:01  -  Total Remote Usage
		Usr 0 00:00:00, Sys 0 00:00:00  -  Total Local Usage
	0  -  Run Bytes Sent By Job
	0  -  Run Bytes Received By Job
	0  -  Total Bytes Sent By Job
	0  -  Total Bytes Received By Job
	Partitionable Resources :    Usage  Request Allocated 
	   Cpus                 :                 1         1 
	   Disk (KB)            :        1        1    128928 
	   Memory (MB)          :      182     3900      3968 

	Job terminated of its own accord at 2023-07-25T02:52:44Z.
...
006 (330124.007.000) 2023-07-25 11:52:45 Image size of job updated: 685796
	206  -  MemoryUsage of job (MB)
	210472  -  ResidentSetSize of job (KB)
...
005 (330124.007.000) 2023-07-25 11:52:45 Job terminated.
	(1) Normal termination (return value 0)
		Usr 0 00:00:13, Sys 0 00:00:00  -  Run Remote Usage
		Usr 0 00:00:00, Sys 0 00:00:00  -  Run Local Usage
		Usr 0 00:00:13, Sys 0 00:00:00  -  Total Remote Usage
		Usr 0 00:00:00, Sys 0 00:00:00  -  Total Local Usage
	0  -  Run Bytes Sent By Job
	0  -  Run Bytes Received By Job
	0  -  Total Bytes Sent By Job
	0  -  Total Bytes Received By Job
	Partitionable Resources :    Usage  Request Allocated 
	   Cpus                 :                 1         1 
	   Disk (KB)            :        1        1    128928 
	   Memory (MB)          :      206     3900      3968 

	Job terminated of its own accord at 2023-07-25T02:52:45Z.
...
006 (330124.002.000) 2023-07-25 11:52:46 Image size of job updated: 685652
	206  -  MemoryUsage of job (MB)
	210256  -  ResidentSetSize of job (KB)
...
005 (330124.002.000) 2023-07-25 11:52:46 Job terminated.
	(1) Normal termination (return value 0)
		Usr 0 00:00:13, Sys 0 00:00:01  -  Run Remote Usage
		Usr 0 00:00:00, Sys 0 00:00:00  -  Run Local Usage
		Usr 0 00:00:13, Sys 0 00:00:01  -  Total Remote Usage
		Usr 0 00:00:00, Sys 0 00:00:00  -  Total Local Usage
	0  -  Run Bytes Sent By Job
	0  -  Run Bytes Received By Job
	0  -  Total Bytes Sent By Job
	0  -  Total Bytes Received By Job
	Partitionable Resources :    Usage  Request Allocated 
	   Cpus                 :                 1         1 
	   Disk (KB)            :        1        1    128928 
	   Memory (MB)          :      206     3900      3968 

	Job terminated of its own accord at 2023-07-25T02:52:46Z.
...
006 (330124.001.000) 2023-07-25 11:52:47 Image size of job updated: 685768
	191  -  MemoryUsage of job (MB)
	195248  -  ResidentSetSize of job (KB)
...
005 (330124.001.000) 2023-07-25 11:52:47 Job terminated.
	(1) Normal termination (return value 0)
		Usr 0 00:00:14, Sys 0 00:00:01  -  Run Remote Usage
		Usr 0 00:00:00, Sys 0 00:00:00  -  Run Local Usage
		Usr 0 00:00:14, Sys 0 00:00:01  -  Total Remote Usage
		Usr 0 00:00:00, Sys 0 00:00:00  -  Total Local Usage
	0  -  Run Bytes Sent By Job
	0  -  Run Bytes Received By Job
	0  -  Total Bytes Sent By Job
	0  -  Total Bytes Received By Job
	Partitionable Resources :    Usage  Request Allocated 
	   Cpus                 :                 1         1 
	   Disk (KB)            :        1        1    128928 
	   Memory (MB)          :      191     3900      3968 

	Job terminated of its own accord at 2023-07-25T02:52:47Z.
...
006 (330124.008.000) 2023-07-25 11:52:48 Image size of job updated: 685804
	206  -  MemoryUsage of job (MB)
	210492  -  ResidentSetSize of job (KB)
...
005 (330124.008.000) 2023-07-25 11:52:48 Job terminated.
	(1) Normal termination (return value 0)
		Usr 0 00:00:15, Sys 0 00:00:00  -  Run Remote Usage
		Usr 0 00:00:00, Sys 0 00:00:00  -  Run Local Usage
		Usr 0 00:00:15, Sys 0 00:00:00  -  Total Remote Usage
		Usr 0 00:00:00, Sys 0 00:00:00  -  Total Local Usage
	0  -  Run Bytes Sent By Job
	0  -  Run Bytes Received By Job
	0  -  Total Bytes Sent By Job
	0  -  Total Bytes Received By Job
	Partitionable Resources :    Usage  Request Allocated 
	   Cpus                 :                 1         1 
	   Disk (KB)            :        1        1    128928 
	   Memory (MB)          :      206     3900      3968 

	Job terminated of its own accord at 2023-07-25T02:52:48Z.
...
006 (330124.000.000) 2023-07-25 11:52:48 Image size of job updated: 687588
	184  -  MemoryUsage of job (MB)
	187876  -  ResidentSetSize of job (KB)
...
005 (330124.000.000) 2023-07-25 11:52:48 Job terminated.
	(1) Normal termination (return value 0)
		Usr 0 00:00:15, Sys 0 00:00:00  -  Run Remote Usage
		Usr 0 00:00:00, Sys 0 00:00:00  -  Run Local Usage
		Usr 0 00:00:15, Sys 0 00:00:00  -  Total Remote Usage
		Usr 0 00:00:00, Sys 0 00:00:00  -  Total Local Usage
	0  -  Run Bytes Sent By Job
	0  -  Run Bytes Received By Job
	0  -  Total Bytes Sent By Job
	0  -  Total Bytes Received By Job
	Partitionable Resources :    Usage  Request Allocated 
	   Cpus                 :                 1         1 
	   Disk (KB)            :        1        1    128928 
	   Memory (MB)          :      184     3900      3968 

	Job terminated of its own accord at 2023-07-25T02:52:48Z.
...
006 (330124.005.000) 2023-07-25 11:52:48 Image size of job updated: 687684
	182  -  MemoryUsage of job (MB)
	186300  -  ResidentSetSize of job (KB)
...
005 (330124.005.000) 2023-07-25 11:52:48 Job terminated.
	(1) Normal termination (return value 0)
		Usr 0 00:00:16, Sys 0 00:00:00  -  Run Remote Usage
		Usr 0 00:00:00, Sys 0 00:00:00  -  Run Local Usage
		Usr 0 00:00:16, Sys 0 00:00:00  -  Total Remote Usage
		Usr 0 00:00:00, Sys 0 00:00:00  -  Total Local Usage
	0  -  Run Bytes Sent By Job
	0  -  Run Bytes Received By Job
	0  -  Total Bytes Sent By Job
	0  -  Total Bytes Received By Job
	Partitionable Resources :    Usage  Request Allocated 
	   Cpus                 :                 1         1 
	   Disk (KB)            :        1        1    128928 
	   Memory (MB)          :      182     3900      3968 

	Job terminated of its own accord at 2023-07-25T02:52:48Z.
...
006 (330124.004.000) 2023-07-25 11:52:52 Image size of job updated: 685784
	182  -  MemoryUsage of job (MB)
	186184  -  ResidentSetSize of job (KB)
...
005 (330124.004.000) 2023-07-25 11:52:52 Job terminated.
	(1) Normal termination (return value 0)
		Usr 0 00:00:19, Sys 0 00:00:00  -  Run Remote Usage
		Usr 0 00:00:00, Sys 0 00:00:00  -  Run Local Usage
		Usr 0 00:00:19, Sys 0 00:00:00  -  Total Remote Usage
		Usr 0 00:00:00, Sys 0 00:00:00  -  Total Local Usage
	0  -  Run Bytes Sent By Job
	0  -  Run Bytes Received By Job
	0  -  Total Bytes Sent By Job
	0  -  Total Bytes Received By Job
	Partitionable Resources :    Usage  Request Allocated 
	   Cpus                 :                 1         1 
	   Disk (KB)            :        1        1    128928 
	   Memory (MB)          :      182     3900      3968 

	Job terminated of its own accord at 2023-07-25T02:52:52Z.
...
