000 (330096.000.000) 2023-07-25 10:59:25 Job submitted from host: <172.30.1.200:9618?addrs=172.30.1.200-9618&alias=tamsa2.snu.ac.kr&noUDP&sock=schedd_3510_2582>
...
000 (330096.001.000) 2023-07-25 10:59:25 Job submitted from host: <172.30.1.200:9618?addrs=172.30.1.200-9618&alias=tamsa2.snu.ac.kr&noUDP&sock=schedd_3510_2582>
...
000 (330096.002.000) 2023-07-25 10:59:25 Job submitted from host: <172.30.1.200:9618?addrs=172.30.1.200-9618&alias=tamsa2.snu.ac.kr&noUDP&sock=schedd_3510_2582>
...
000 (330096.003.000) 2023-07-25 10:59:25 Job submitted from host: <172.30.1.200:9618?addrs=172.30.1.200-9618&alias=tamsa2.snu.ac.kr&noUDP&sock=schedd_3510_2582>
...
000 (330096.004.000) 2023-07-25 10:59:25 Job submitted from host: <172.30.1.200:9618?addrs=172.30.1.200-9618&alias=tamsa2.snu.ac.kr&noUDP&sock=schedd_3510_2582>
...
000 (330096.005.000) 2023-07-25 10:59:25 Job submitted from host: <172.30.1.200:9618?addrs=172.30.1.200-9618&alias=tamsa2.snu.ac.kr&noUDP&sock=schedd_3510_2582>
...
000 (330096.006.000) 2023-07-25 10:59:25 Job submitted from host: <172.30.1.200:9618?addrs=172.30.1.200-9618&alias=tamsa2.snu.ac.kr&noUDP&sock=schedd_3510_2582>
...
000 (330096.007.000) 2023-07-25 10:59:25 Job submitted from host: <172.30.1.200:9618?addrs=172.30.1.200-9618&alias=tamsa2.snu.ac.kr&noUDP&sock=schedd_3510_2582>
...
000 (330096.008.000) 2023-07-25 10:59:25 Job submitted from host: <172.30.1.200:9618?addrs=172.30.1.200-9618&alias=tamsa2.snu.ac.kr&noUDP&sock=schedd_3510_2582>
...
000 (330096.009.000) 2023-07-25 10:59:25 Job submitted from host: <172.30.1.200:9618?addrs=172.30.1.200-9618&alias=tamsa2.snu.ac.kr&noUDP&sock=schedd_3510_2582>
...
040 (330096.000.000) 2023-07-25 10:59:39 Started transferring input files
	Transferring to host: <172.30.1.111:9618?addrs=172.30.1.111-9618&alias=n11&noUDP&sock=slot1_5_4451_e1ce_37694>
...
040 (330096.000.000) 2023-07-25 10:59:39 Finished transferring input files
...
040 (330096.002.000) 2023-07-25 10:59:39 Started transferring input files
	Transferring to host: <172.30.1.111:9618?addrs=172.30.1.111-9618&alias=n11&noUDP&sock=slot1_7_4451_e1ce_37696>
...
040 (330096.002.000) 2023-07-25 10:59:39 Finished transferring input files
...
040 (330096.001.000) 2023-07-25 10:59:39 Started transferring input files
	Transferring to host: <172.30.1.111:9618?addrs=172.30.1.111-9618&alias=n11&noUDP&sock=slot1_6_4451_e1ce_37697>
...
040 (330096.001.000) 2023-07-25 10:59:39 Finished transferring input files
...
040 (330096.003.000) 2023-07-25 10:59:39 Started transferring input files
	Transferring to host: <172.30.1.111:9618?addrs=172.30.1.111-9618&alias=n11&noUDP&sock=slot1_8_4451_e1ce_37698>
...
040 (330096.003.000) 2023-07-25 10:59:39 Finished transferring input files
...
040 (330096.004.000) 2023-07-25 10:59:39 Started transferring input files
	Transferring to host: <172.30.1.111:9618?addrs=172.30.1.111-9618&alias=n11&noUDP&sock=slot1_9_4451_e1ce_37699>
...
040 (330096.004.000) 2023-07-25 10:59:40 Finished transferring input files
...
040 (330096.005.000) 2023-07-25 10:59:40 Started transferring input files
	Transferring to host: <172.30.1.111:9618?addrs=172.30.1.111-9618&alias=n11&noUDP&sock=slot1_10_4451_e1ce_37700>
...
040 (330096.005.000) 2023-07-25 10:59:40 Finished transferring input files
...
040 (330096.007.000) 2023-07-25 10:59:40 Started transferring input files
	Transferring to host: <172.30.1.111:9618?addrs=172.30.1.111-9618&alias=n11&noUDP&sock=slot1_12_4451_e1ce_37701>
...
040 (330096.007.000) 2023-07-25 10:59:40 Finished transferring input files
...
040 (330096.006.000) 2023-07-25 10:59:40 Started transferring input files
	Transferring to host: <172.30.1.111:9618?addrs=172.30.1.111-9618&alias=n11&noUDP&sock=slot1_11_4451_e1ce_37702>
...
040 (330096.006.000) 2023-07-25 10:59:40 Finished transferring input files
...
040 (330096.008.000) 2023-07-25 10:59:40 Started transferring input files
	Transferring to host: <172.30.1.111:9618?addrs=172.30.1.111-9618&alias=n11&noUDP&sock=slot1_13_4451_e1ce_37703>
...
040 (330096.008.000) 2023-07-25 10:59:40 Finished transferring input files
...
040 (330096.009.000) 2023-07-25 10:59:40 Started transferring input files
	Transferring to host: <172.30.1.111:9618?addrs=172.30.1.111-9618&alias=n11&noUDP&sock=slot1_14_4451_e1ce_37704>
...
040 (330096.009.000) 2023-07-25 10:59:40 Finished transferring input files
...
001 (330096.000.000) 2023-07-25 10:59:40 Job executing on host: <172.30.1.111:9618?addrs=172.30.1.111-9618&alias=n11&noUDP&sock=startd_4417_45e8>
...
001 (330096.002.000) 2023-07-25 10:59:40 Job executing on host: <172.30.1.111:9618?addrs=172.30.1.111-9618&alias=n11&noUDP&sock=startd_4417_45e8>
...
001 (330096.001.000) 2023-07-25 10:59:40 Job executing on host: <172.30.1.111:9618?addrs=172.30.1.111-9618&alias=n11&noUDP&sock=startd_4417_45e8>
...
001 (330096.003.000) 2023-07-25 10:59:40 Job executing on host: <172.30.1.111:9618?addrs=172.30.1.111-9618&alias=n11&noUDP&sock=startd_4417_45e8>
...
001 (330096.004.000) 2023-07-25 10:59:40 Job executing on host: <172.30.1.111:9618?addrs=172.30.1.111-9618&alias=n11&noUDP&sock=startd_4417_45e8>
...
001 (330096.005.000) 2023-07-25 10:59:41 Job executing on host: <172.30.1.111:9618?addrs=172.30.1.111-9618&alias=n11&noUDP&sock=startd_4417_45e8>
...
001 (330096.007.000) 2023-07-25 10:59:41 Job executing on host: <172.30.1.111:9618?addrs=172.30.1.111-9618&alias=n11&noUDP&sock=startd_4417_45e8>
...
001 (330096.006.000) 2023-07-25 10:59:41 Job executing on host: <172.30.1.111:9618?addrs=172.30.1.111-9618&alias=n11&noUDP&sock=startd_4417_45e8>
...
001 (330096.008.000) 2023-07-25 10:59:41 Job executing on host: <172.30.1.111:9618?addrs=172.30.1.111-9618&alias=n11&noUDP&sock=startd_4417_45e8>
...
001 (330096.009.000) 2023-07-25 10:59:41 Job executing on host: <172.30.1.111:9618?addrs=172.30.1.111-9618&alias=n11&noUDP&sock=startd_4417_45e8>
...
006 (330096.004.000) 2023-07-25 10:59:49 Image size of job updated: 469408
	204  -  MemoryUsage of job (MB)
	208840  -  ResidentSetSize of job (KB)
...
006 (330096.005.000) 2023-07-25 10:59:49 Image size of job updated: 469088
	195  -  MemoryUsage of job (MB)
	199104  -  ResidentSetSize of job (KB)
...
006 (330096.007.000) 2023-07-25 10:59:49 Image size of job updated: 469408
	204  -  MemoryUsage of job (MB)
	208832  -  ResidentSetSize of job (KB)
...
006 (330096.006.000) 2023-07-25 10:59:49 Image size of job updated: 469092
	204  -  MemoryUsage of job (MB)
	208820  -  ResidentSetSize of job (KB)
...
006 (330096.008.000) 2023-07-25 10:59:49 Image size of job updated: 469220
	193  -  MemoryUsage of job (MB)
	197024  -  ResidentSetSize of job (KB)
...
006 (330096.009.000) 2023-07-25 10:59:49 Image size of job updated: 469408
	198  -  MemoryUsage of job (MB)
	202152  -  ResidentSetSize of job (KB)
...
006 (330096.000.000) 2023-07-25 10:59:49 Image size of job updated: 468960
	182  -  MemoryUsage of job (MB)
	186224  -  ResidentSetSize of job (KB)
...
006 (330096.002.000) 2023-07-25 10:59:49 Image size of job updated: 468956
	204  -  MemoryUsage of job (MB)
	208820  -  ResidentSetSize of job (KB)
...
006 (330096.001.000) 2023-07-25 10:59:49 Image size of job updated: 468960
	204  -  MemoryUsage of job (MB)
	208516  -  ResidentSetSize of job (KB)
...
006 (330096.003.000) 2023-07-25 10:59:50 Image size of job updated: 469220
	206  -  MemoryUsage of job (MB)
	210312  -  ResidentSetSize of job (KB)
...
040 (330096.007.000) 2023-07-25 10:59:53 Started transferring output files
...
040 (330096.007.000) 2023-07-25 10:59:53 Finished transferring output files
...
005 (330096.007.000) 2023-07-25 10:59:53 Job terminated.
	(1) Normal termination (return value 0)
		Usr 0 00:00:09, Sys 0 00:00:01  -  Run Remote Usage
		Usr 0 00:00:00, Sys 0 00:00:00  -  Run Local Usage
		Usr 0 00:00:09, Sys 0 00:00:01  -  Total Remote Usage
		Usr 0 00:00:00, Sys 0 00:00:00  -  Total Local Usage
	901  -  Run Bytes Sent By Job
	170  -  Run Bytes Received By Job
	901  -  Total Bytes Sent By Job
	170  -  Total Bytes Received By Job
	Partitionable Resources :    Usage  Request Allocated 
	   Cpus                 :     0.41        1         1 
	   Disk (KB)            :    53           1    127802 
	   GPUs                 :                           0 
	   Memory (MB)          :   204        3900      3968 

	Job terminated of its own accord at 2023-07-25T01:59:53Z.
...
006 (330096.009.000) 2023-07-25 10:59:55 Image size of job updated: 685724
	198  -  MemoryUsage of job (MB)
	202180  -  ResidentSetSize of job (KB)
...
040 (330096.009.000) 2023-07-25 10:59:55 Started transferring output files
...
040 (330096.009.000) 2023-07-25 10:59:55 Finished transferring output files
...
005 (330096.009.000) 2023-07-25 10:59:55 Job terminated.
	(1) Normal termination (return value 0)
		Usr 0 00:00:12, Sys 0 00:00:00  -  Run Remote Usage
		Usr 0 00:00:00, Sys 0 00:00:00  -  Run Local Usage
		Usr 0 00:00:12, Sys 0 00:00:00  -  Total Remote Usage
		Usr 0 00:00:00, Sys 0 00:00:00  -  Total Local Usage
	933  -  Run Bytes Sent By Job
	170  -  Run Bytes Received By Job
	933  -  Total Bytes Sent By Job
	170  -  Total Bytes Received By Job
	Partitionable Resources :    Usage  Request Allocated 
	   Cpus                 :     0.48        1         1 
	   Disk (KB)            :    53           1    127802 
	   GPUs                 :                           0 
	   Memory (MB)          :   198        3900      3968 

	Job terminated of its own accord at 2023-07-25T01:59:55Z.
...
006 (330096.006.000) 2023-07-25 10:59:55 Image size of job updated: 686744
	204  -  MemoryUsage of job (MB)
	208820  -  ResidentSetSize of job (KB)
...
040 (330096.006.000) 2023-07-25 10:59:55 Started transferring output files
...
040 (330096.006.000) 2023-07-25 10:59:55 Finished transferring output files
...
005 (330096.006.000) 2023-07-25 10:59:55 Job terminated.
	(1) Normal termination (return value 0)
		Usr 0 00:00:12, Sys 0 00:00:00  -  Run Remote Usage
		Usr 0 00:00:00, Sys 0 00:00:00  -  Run Local Usage
		Usr 0 00:00:12, Sys 0 00:00:00  -  Total Remote Usage
		Usr 0 00:00:00, Sys 0 00:00:00  -  Total Local Usage
	931  -  Run Bytes Sent By Job
	170  -  Run Bytes Received By Job
	931  -  Total Bytes Sent By Job
	170  -  Total Bytes Received By Job
	Partitionable Resources :    Usage  Request Allocated 
	   Cpus                 :     0.45        1         1 
	   Disk (KB)            :    53           1    127802 
	   GPUs                 :                           0 
	   Memory (MB)          :   204        3900      3968 

	Job terminated of its own accord at 2023-07-25T01:59:55Z.
...
006 (330096.002.000) 2023-07-25 10:59:57 Image size of job updated: 687696
	204  -  MemoryUsage of job (MB)
	208820  -  ResidentSetSize of job (KB)
...
040 (330096.002.000) 2023-07-25 10:59:57 Started transferring output files
...
040 (330096.002.000) 2023-07-25 10:59:57 Finished transferring output files
...
005 (330096.002.000) 2023-07-25 10:59:57 Job terminated.
	(1) Normal termination (return value 0)
		Usr 0 00:00:13, Sys 0 00:00:01  -  Run Remote Usage
		Usr 0 00:00:00, Sys 0 00:00:00  -  Run Local Usage
		Usr 0 00:00:13, Sys 0 00:00:01  -  Total Remote Usage
		Usr 0 00:00:00, Sys 0 00:00:00  -  Total Local Usage
	1159  -  Run Bytes Sent By Job
	170  -  Run Bytes Received By Job
	1159  -  Total Bytes Sent By Job
	170  -  Total Bytes Received By Job
	Partitionable Resources :    Usage  Request Allocated 
	   Cpus                 :     0.67        1         1 
	   Disk (KB)            :    53           1    127802 
	   GPUs                 :                           0 
	   Memory (MB)          :   204        3900      3968 

	Job terminated of its own accord at 2023-07-25T01:59:57Z.
...
006 (330096.008.000) 2023-07-25 10:59:57 Image size of job updated: 694792
	193  -  MemoryUsage of job (MB)
	197044  -  ResidentSetSize of job (KB)
...
006 (330096.004.000) 2023-07-25 10:59:57 Image size of job updated: 695416
	204  -  MemoryUsage of job (MB)
	208840  -  ResidentSetSize of job (KB)
...
040 (330096.008.000) 2023-07-25 10:59:57 Started transferring output files
...
040 (330096.008.000) 2023-07-25 10:59:57 Finished transferring output files
...
005 (330096.008.000) 2023-07-25 10:59:57 Job terminated.
	(1) Normal termination (return value 0)
		Usr 0 00:00:14, Sys 0 00:00:00  -  Run Remote Usage
		Usr 0 00:00:00, Sys 0 00:00:00  -  Run Local Usage
		Usr 0 00:00:14, Sys 0 00:00:00  -  Total Remote Usage
		Usr 0 00:00:00, Sys 0 00:00:00  -  Total Local Usage
	964  -  Run Bytes Sent By Job
	170  -  Run Bytes Received By Job
	964  -  Total Bytes Sent By Job
	170  -  Total Bytes Received By Job
	Partitionable Resources :    Usage  Request Allocated 
	   Cpus                 :     0.45        1         1 
	   Disk (KB)            :    53           1    127802 
	   GPUs                 :                           0 
	   Memory (MB)          :   193        3900      3968 

	Job terminated of its own accord at 2023-07-25T01:59:57Z.
...
040 (330096.004.000) 2023-07-25 10:59:57 Started transferring output files
...
040 (330096.004.000) 2023-07-25 10:59:57 Finished transferring output files
...
005 (330096.004.000) 2023-07-25 10:59:58 Job terminated.
	(1) Normal termination (return value 0)
		Usr 0 00:00:14, Sys 0 00:00:01  -  Run Remote Usage
		Usr 0 00:00:00, Sys 0 00:00:00  -  Run Local Usage
		Usr 0 00:00:14, Sys 0 00:00:01  -  Total Remote Usage
		Usr 0 00:00:00, Sys 0 00:00:00  -  Total Local Usage
	1160  -  Run Bytes Sent By Job
	170  -  Run Bytes Received By Job
	1160  -  Total Bytes Sent By Job
	170  -  Total Bytes Received By Job
	Partitionable Resources :    Usage  Request Allocated 
	   Cpus                 :     0.67        1         1 
	   Disk (KB)            :    53           1    127802 
	   GPUs                 :                           0 
	   Memory (MB)          :   204        3900      3968 

	Job terminated of its own accord at 2023-07-25T01:59:57Z.
...
006 (330096.003.000) 2023-07-25 10:59:58 Image size of job updated: 687560
	206  -  MemoryUsage of job (MB)
	210312  -  ResidentSetSize of job (KB)
...
040 (330096.003.000) 2023-07-25 10:59:58 Started transferring output files
...
040 (330096.003.000) 2023-07-25 10:59:58 Finished transferring output files
...
005 (330096.003.000) 2023-07-25 10:59:58 Job terminated.
	(1) Normal termination (return value 0)
		Usr 0 00:00:14, Sys 0 00:00:01  -  Run Remote Usage
		Usr 0 00:00:00, Sys 0 00:00:00  -  Run Local Usage
		Usr 0 00:00:14, Sys 0 00:00:01  -  Total Remote Usage
		Usr 0 00:00:00, Sys 0 00:00:00  -  Total Local Usage
	1249  -  Run Bytes Sent By Job
	170  -  Run Bytes Received By Job
	1249  -  Total Bytes Sent By Job
	170  -  Total Bytes Received By Job
	Partitionable Resources :    Usage  Request Allocated 
	   Cpus                 :     0.67        1         1 
	   Disk (KB)            :    53           1    127802 
	   GPUs                 :                           0 
	   Memory (MB)          :   206        3900      3968 

	Job terminated of its own accord at 2023-07-25T01:59:58Z.
...
006 (330096.005.000) 2023-07-25 10:59:58 Image size of job updated: 685760
	195  -  MemoryUsage of job (MB)
	199112  -  ResidentSetSize of job (KB)
...
040 (330096.005.000) 2023-07-25 10:59:58 Started transferring output files
...
040 (330096.005.000) 2023-07-25 10:59:58 Finished transferring output files
...
005 (330096.005.000) 2023-07-25 10:59:59 Job terminated.
	(1) Normal termination (return value 0)
		Usr 0 00:00:15, Sys 0 00:00:01  -  Run Remote Usage
		Usr 0 00:00:00, Sys 0 00:00:00  -  Run Local Usage
		Usr 0 00:00:15, Sys 0 00:00:01  -  Total Remote Usage
		Usr 0 00:00:00, Sys 0 00:00:00  -  Total Local Usage
	1159  -  Run Bytes Sent By Job
	170  -  Run Bytes Received By Job
	1159  -  Total Bytes Sent By Job
	170  -  Total Bytes Received By Job
	Partitionable Resources :    Usage  Request Allocated 
	   Cpus                 :     0.40        1         1 
	   Disk (KB)            :    53           1    127802 
	   GPUs                 :                           0 
	   Memory (MB)          :   195        3900      3968 

	Job terminated of its own accord at 2023-07-25T01:59:58Z.
...
006 (330096.001.000) 2023-07-25 10:59:59 Image size of job updated: 685980
	204  -  MemoryUsage of job (MB)
	208516  -  ResidentSetSize of job (KB)
...
040 (330096.001.000) 2023-07-25 10:59:59 Started transferring output files
...
040 (330096.001.000) 2023-07-25 10:59:59 Finished transferring output files
...
005 (330096.001.000) 2023-07-25 10:59:59 Job terminated.
	(1) Normal termination (return value 0)
		Usr 0 00:00:15, Sys 0 00:00:01  -  Run Remote Usage
		Usr 0 00:00:00, Sys 0 00:00:00  -  Run Local Usage
		Usr 0 00:00:15, Sys 0 00:00:01  -  Total Remote Usage
		Usr 0 00:00:00, Sys 0 00:00:00  -  Total Local Usage
	1188  -  Run Bytes Sent By Job
	170  -  Run Bytes Received By Job
	1188  -  Total Bytes Sent By Job
	170  -  Total Bytes Received By Job
	Partitionable Resources :    Usage  Request Allocated 
	   Cpus                 :     0.62        1         1 
	   Disk (KB)            :    53           1    127802 
	   GPUs                 :                           0 
	   Memory (MB)          :   204        3900      3968 

	Job terminated of its own accord at 2023-07-25T01:59:59Z.
...
006 (330096.000.000) 2023-07-25 11:00:00 Image size of job updated: 687660
	182  -  MemoryUsage of job (MB)
	186224  -  ResidentSetSize of job (KB)
...
040 (330096.000.000) 2023-07-25 11:00:00 Started transferring output files
...
040 (330096.000.000) 2023-07-25 11:00:00 Finished transferring output files
...
005 (330096.000.000) 2023-07-25 11:00:00 Job terminated.
	(1) Normal termination (return value 0)
		Usr 0 00:00:16, Sys 0 00:00:00  -  Run Remote Usage
		Usr 0 00:00:00, Sys 0 00:00:00  -  Run Local Usage
		Usr 0 00:00:16, Sys 0 00:00:00  -  Total Remote Usage
		Usr 0 00:00:00, Sys 0 00:00:00  -  Total Local Usage
	1159  -  Run Bytes Sent By Job
	170  -  Run Bytes Received By Job
	1159  -  Total Bytes Sent By Job
	170  -  Total Bytes Received By Job
	Partitionable Resources :    Usage  Request Allocated 
	   Cpus                 :     0.65        1         1 
	   Disk (KB)            :    53           1    127802 
	   GPUs                 :                           0 
	   Memory (MB)          :   182        3900      3968 

	Job terminated of its own accord at 2023-07-25T02:00:00Z.
...
