000 (330216.000.000) 2023-07-25 13:01:07 Job submitted from host: <172.30.1.200:9618?addrs=172.30.1.200-9618&alias=tamsa2.snu.ac.kr&noUDP&sock=schedd_3510_2582>
...
000 (330216.001.000) 2023-07-25 13:01:07 Job submitted from host: <172.30.1.200:9618?addrs=172.30.1.200-9618&alias=tamsa2.snu.ac.kr&noUDP&sock=schedd_3510_2582>
...
000 (330216.002.000) 2023-07-25 13:01:07 Job submitted from host: <172.30.1.200:9618?addrs=172.30.1.200-9618&alias=tamsa2.snu.ac.kr&noUDP&sock=schedd_3510_2582>
...
000 (330216.003.000) 2023-07-25 13:01:07 Job submitted from host: <172.30.1.200:9618?addrs=172.30.1.200-9618&alias=tamsa2.snu.ac.kr&noUDP&sock=schedd_3510_2582>
...
000 (330216.004.000) 2023-07-25 13:01:07 Job submitted from host: <172.30.1.200:9618?addrs=172.30.1.200-9618&alias=tamsa2.snu.ac.kr&noUDP&sock=schedd_3510_2582>
...
000 (330216.005.000) 2023-07-25 13:01:07 Job submitted from host: <172.30.1.200:9618?addrs=172.30.1.200-9618&alias=tamsa2.snu.ac.kr&noUDP&sock=schedd_3510_2582>
...
000 (330216.006.000) 2023-07-25 13:01:07 Job submitted from host: <172.30.1.200:9618?addrs=172.30.1.200-9618&alias=tamsa2.snu.ac.kr&noUDP&sock=schedd_3510_2582>
...
000 (330216.007.000) 2023-07-25 13:01:07 Job submitted from host: <172.30.1.200:9618?addrs=172.30.1.200-9618&alias=tamsa2.snu.ac.kr&noUDP&sock=schedd_3510_2582>
...
000 (330216.008.000) 2023-07-25 13:01:07 Job submitted from host: <172.30.1.200:9618?addrs=172.30.1.200-9618&alias=tamsa2.snu.ac.kr&noUDP&sock=schedd_3510_2582>
...
000 (330216.009.000) 2023-07-25 13:01:07 Job submitted from host: <172.30.1.200:9618?addrs=172.30.1.200-9618&alias=tamsa2.snu.ac.kr&noUDP&sock=schedd_3510_2582>
...
001 (330216.000.000) 2023-07-25 13:01:18 Job executing on host: <172.30.1.204:9618?addrs=172.30.1.204-9618&alias=node4&noUDP&sock=startd_3843_8e8c>
...
001 (330216.001.000) 2023-07-25 13:01:18 Job executing on host: <172.30.1.204:9618?addrs=172.30.1.204-9618&alias=node4&noUDP&sock=startd_3843_8e8c>
...
001 (330216.002.000) 2023-07-25 13:01:20 Job executing on host: <172.30.1.204:9618?addrs=172.30.1.204-9618&alias=node4&noUDP&sock=startd_3843_8e8c>
...
001 (330216.003.000) 2023-07-25 13:01:20 Job executing on host: <172.30.1.204:9618?addrs=172.30.1.204-9618&alias=node4&noUDP&sock=startd_3843_8e8c>
...
001 (330216.004.000) 2023-07-25 13:01:20 Job executing on host: <172.30.1.204:9618?addrs=172.30.1.204-9618&alias=node4&noUDP&sock=startd_3843_8e8c>
...
001 (330216.005.000) 2023-07-25 13:01:20 Job executing on host: <172.30.1.204:9618?addrs=172.30.1.204-9618&alias=node4&noUDP&sock=startd_3843_8e8c>
...
001 (330216.006.000) 2023-07-25 13:01:20 Job executing on host: <172.30.1.204:9618?addrs=172.30.1.204-9618&alias=node4&noUDP&sock=startd_3843_8e8c>
...
001 (330216.007.000) 2023-07-25 13:01:20 Job executing on host: <172.30.1.204:9618?addrs=172.30.1.204-9618&alias=node4&noUDP&sock=startd_3843_8e8c>
...
001 (330216.009.000) 2023-07-25 13:01:20 Job executing on host: <172.30.1.204:9618?addrs=172.30.1.204-9618&alias=node4&noUDP&sock=startd_3843_8e8c>
...
001 (330216.008.000) 2023-07-25 13:01:20 Job executing on host: <172.30.1.204:9618?addrs=172.30.1.204-9618&alias=node4&noUDP&sock=startd_3843_8e8c>
...
006 (330216.000.000) 2023-07-25 13:01:26 Image size of job updated: 62596
	60  -  MemoryUsage of job (MB)
	60672  -  ResidentSetSize of job (KB)
...
006 (330216.001.000) 2023-07-25 13:01:28 Image size of job updated: 138692
	130  -  MemoryUsage of job (MB)
	133084  -  ResidentSetSize of job (KB)
...
006 (330216.008.000) 2023-07-25 13:01:29 Image size of job updated: 507284
	148  -  MemoryUsage of job (MB)
	150936  -  ResidentSetSize of job (KB)
...
006 (330216.005.000) 2023-07-25 13:01:29 Image size of job updated: 501980
	146  -  MemoryUsage of job (MB)
	149360  -  ResidentSetSize of job (KB)
...
006 (330216.009.000) 2023-07-25 13:01:29 Image size of job updated: 504788
	148  -  MemoryUsage of job (MB)
	150952  -  ResidentSetSize of job (KB)
...
006 (330216.006.000) 2023-07-25 13:01:29 Image size of job updated: 505500
	148  -  MemoryUsage of job (MB)
	150764  -  ResidentSetSize of job (KB)
...
006 (330216.007.000) 2023-07-25 13:01:29 Image size of job updated: 505500
	148  -  MemoryUsage of job (MB)
	150944  -  ResidentSetSize of job (KB)
...
006 (330216.002.000) 2023-07-25 13:01:29 Image size of job updated: 505128
	153  -  MemoryUsage of job (MB)
	156380  -  ResidentSetSize of job (KB)
...
006 (330216.003.000) 2023-07-25 13:01:29 Image size of job updated: 504788
	153  -  MemoryUsage of job (MB)
	156012  -  ResidentSetSize of job (KB)
...
006 (330216.004.000) 2023-07-25 13:01:29 Image size of job updated: 505500
	155  -  MemoryUsage of job (MB)
	158424  -  ResidentSetSize of job (KB)
...
006 (330216.009.000) 2023-07-25 13:01:45 Image size of job updated: 687260
	148  -  MemoryUsage of job (MB)
	150952  -  ResidentSetSize of job (KB)
...
005 (330216.009.000) 2023-07-25 13:01:45 Job terminated.
	(1) Normal termination (return value 0)
		Usr 0 00:00:17, Sys 0 00:00:01  -  Run Remote Usage
		Usr 0 00:00:00, Sys 0 00:00:00  -  Run Local Usage
		Usr 0 00:00:17, Sys 0 00:00:01  -  Total Remote Usage
		Usr 0 00:00:00, Sys 0 00:00:00  -  Total Local Usage
	0  -  Run Bytes Sent By Job
	0  -  Run Bytes Received By Job
	0  -  Total Bytes Sent By Job
	0  -  Total Bytes Received By Job
	Partitionable Resources :    Usage  Request Allocated 
	   Cpus                 :                 1         1 
	   Disk (KB)            :        1        1    128928 
	   Memory (MB)          :      148     3900      3968 

	Job terminated of its own accord at 2023-07-25T04:01:45Z.
...
006 (330216.007.000) 2023-07-25 13:01:48 Image size of job updated: 687252
	148  -  MemoryUsage of job (MB)
	150944  -  ResidentSetSize of job (KB)
...
005 (330216.007.000) 2023-07-25 13:01:48 Job terminated.
	(1) Normal termination (return value 0)
		Usr 0 00:00:20, Sys 0 00:00:01  -  Run Remote Usage
		Usr 0 00:00:00, Sys 0 00:00:00  -  Run Local Usage
		Usr 0 00:00:20, Sys 0 00:00:01  -  Total Remote Usage
		Usr 0 00:00:00, Sys 0 00:00:00  -  Total Local Usage
	0  -  Run Bytes Sent By Job
	0  -  Run Bytes Received By Job
	0  -  Total Bytes Sent By Job
	0  -  Total Bytes Received By Job
	Partitionable Resources :    Usage  Request Allocated 
	   Cpus                 :                 1         1 
	   Disk (KB)            :        1        1    128928 
	   Memory (MB)          :      148     3900      3968 

	Job terminated of its own accord at 2023-07-25T04:01:48Z.
...
006 (330216.005.000) 2023-07-25 13:01:50 Image size of job updated: 686676
	146  -  MemoryUsage of job (MB)
	149364  -  ResidentSetSize of job (KB)
...
005 (330216.005.000) 2023-07-25 13:01:50 Job terminated.
	(1) Normal termination (return value 0)
		Usr 0 00:00:21, Sys 0 00:00:01  -  Run Remote Usage
		Usr 0 00:00:00, Sys 0 00:00:00  -  Run Local Usage
		Usr 0 00:00:21, Sys 0 00:00:01  -  Total Remote Usage
		Usr 0 00:00:00, Sys 0 00:00:00  -  Total Local Usage
	0  -  Run Bytes Sent By Job
	0  -  Run Bytes Received By Job
	0  -  Total Bytes Sent By Job
	0  -  Total Bytes Received By Job
	Partitionable Resources :    Usage  Request Allocated 
	   Cpus                 :                 1         1 
	   Disk (KB)            :        1        1    128928 
	   Memory (MB)          :      146     3900      3968 

	Job terminated of its own accord at 2023-07-25T04:01:50Z.
...
006 (330216.000.000) 2023-07-25 13:01:50 Image size of job updated: 687728
	60  -  MemoryUsage of job (MB)
	60672  -  ResidentSetSize of job (KB)
...
005 (330216.000.000) 2023-07-25 13:01:50 Job terminated.
	(1) Normal termination (return value 0)
		Usr 0 00:00:21, Sys 0 00:00:01  -  Run Remote Usage
		Usr 0 00:00:00, Sys 0 00:00:00  -  Run Local Usage
		Usr 0 00:00:21, Sys 0 00:00:01  -  Total Remote Usage
		Usr 0 00:00:00, Sys 0 00:00:00  -  Total Local Usage
	0  -  Run Bytes Sent By Job
	0  -  Run Bytes Received By Job
	0  -  Total Bytes Sent By Job
	0  -  Total Bytes Received By Job
	Partitionable Resources :    Usage  Request Allocated 
	   Cpus                 :                 1         1 
	   Disk (KB)            :        1        1    128928 
	   Memory (MB)          :       60     3900      3968 

	Job terminated of its own accord at 2023-07-25T04:01:50Z.
...
006 (330216.001.000) 2023-07-25 13:01:51 Image size of job updated: 687608
	132  -  MemoryUsage of job (MB)
	134396  -  ResidentSetSize of job (KB)
...
005 (330216.001.000) 2023-07-25 13:01:51 Job terminated.
	(1) Normal termination (return value 0)
		Usr 0 00:00:22, Sys 0 00:00:01  -  Run Remote Usage
		Usr 0 00:00:00, Sys 0 00:00:00  -  Run Local Usage
		Usr 0 00:00:22, Sys 0 00:00:01  -  Total Remote Usage
		Usr 0 00:00:00, Sys 0 00:00:00  -  Total Local Usage
	0  -  Run Bytes Sent By Job
	0  -  Run Bytes Received By Job
	0  -  Total Bytes Sent By Job
	0  -  Total Bytes Received By Job
	Partitionable Resources :    Usage  Request Allocated 
	   Cpus                 :                 1         1 
	   Disk (KB)            :        1        1    128928 
	   Memory (MB)          :      132     3900      3968 

	Job terminated of its own accord at 2023-07-25T04:01:51Z.
...
006 (330216.006.000) 2023-07-25 13:01:51 Image size of job updated: 687612
	148  -  MemoryUsage of job (MB)
	150764  -  ResidentSetSize of job (KB)
...
005 (330216.006.000) 2023-07-25 13:01:51 Job terminated.
	(1) Normal termination (return value 0)
		Usr 0 00:00:22, Sys 0 00:00:01  -  Run Remote Usage
		Usr 0 00:00:00, Sys 0 00:00:00  -  Run Local Usage
		Usr 0 00:00:22, Sys 0 00:00:01  -  Total Remote Usage
		Usr 0 00:00:00, Sys 0 00:00:00  -  Total Local Usage
	0  -  Run Bytes Sent By Job
	0  -  Run Bytes Received By Job
	0  -  Total Bytes Sent By Job
	0  -  Total Bytes Received By Job
	Partitionable Resources :    Usage  Request Allocated 
	   Cpus                 :                 1         1 
	   Disk (KB)            :        1        1    128928 
	   Memory (MB)          :      148     3900      3968 

	Job terminated of its own accord at 2023-07-25T04:01:51Z.
...
006 (330216.003.000) 2023-07-25 13:01:53 Image size of job updated: 687340
	153  -  MemoryUsage of job (MB)
	156124  -  ResidentSetSize of job (KB)
...
005 (330216.003.000) 2023-07-25 13:01:53 Job terminated.
	(1) Normal termination (return value 0)
		Usr 0 00:00:24, Sys 0 00:00:01  -  Run Remote Usage
		Usr 0 00:00:00, Sys 0 00:00:00  -  Run Local Usage
		Usr 0 00:00:24, Sys 0 00:00:01  -  Total Remote Usage
		Usr 0 00:00:00, Sys 0 00:00:00  -  Total Local Usage
	0  -  Run Bytes Sent By Job
	0  -  Run Bytes Received By Job
	0  -  Total Bytes Sent By Job
	0  -  Total Bytes Received By Job
	Partitionable Resources :    Usage  Request Allocated 
	   Cpus                 :                 1         1 
	   Disk (KB)            :        1        1    128928 
	   Memory (MB)          :      153     3900      3968 

	Job terminated of its own accord at 2023-07-25T04:01:53Z.
...
006 (330216.002.000) 2023-07-25 13:01:54 Image size of job updated: 688616
	153  -  MemoryUsage of job (MB)
	156388  -  ResidentSetSize of job (KB)
...
005 (330216.002.000) 2023-07-25 13:01:54 Job terminated.
	(1) Normal termination (return value 0)
		Usr 0 00:00:26, Sys 0 00:00:01  -  Run Remote Usage
		Usr 0 00:00:00, Sys 0 00:00:00  -  Run Local Usage
		Usr 0 00:00:26, Sys 0 00:00:01  -  Total Remote Usage
		Usr 0 00:00:00, Sys 0 00:00:00  -  Total Local Usage
	0  -  Run Bytes Sent By Job
	0  -  Run Bytes Received By Job
	0  -  Total Bytes Sent By Job
	0  -  Total Bytes Received By Job
	Partitionable Resources :    Usage  Request Allocated 
	   Cpus                 :                 1         1 
	   Disk (KB)            :        1        1    128928 
	   Memory (MB)          :      153     3900      3968 

	Job terminated of its own accord at 2023-07-25T04:01:54Z.
...
006 (330216.008.000) 2023-07-25 13:01:56 Image size of job updated: 686548
	148  -  MemoryUsage of job (MB)
	150936  -  ResidentSetSize of job (KB)
...
005 (330216.008.000) 2023-07-25 13:01:57 Job terminated.
	(1) Normal termination (return value 0)
		Usr 0 00:00:28, Sys 0 00:00:01  -  Run Remote Usage
		Usr 0 00:00:00, Sys 0 00:00:00  -  Run Local Usage
		Usr 0 00:00:28, Sys 0 00:00:01  -  Total Remote Usage
		Usr 0 00:00:00, Sys 0 00:00:00  -  Total Local Usage
	0  -  Run Bytes Sent By Job
	0  -  Run Bytes Received By Job
	0  -  Total Bytes Sent By Job
	0  -  Total Bytes Received By Job
	Partitionable Resources :    Usage  Request Allocated 
	   Cpus                 :                 1         1 
	   Disk (KB)            :        1        1    128928 
	   Memory (MB)          :      148     3900      3968 

	Job terminated of its own accord at 2023-07-25T04:01:56Z.
...
006 (330216.004.000) 2023-07-25 13:01:57 Image size of job updated: 687740
	155  -  MemoryUsage of job (MB)
	158428  -  ResidentSetSize of job (KB)
...
005 (330216.004.000) 2023-07-25 13:01:57 Job terminated.
	(1) Normal termination (return value 0)
		Usr 0 00:00:29, Sys 0 00:00:01  -  Run Remote Usage
		Usr 0 00:00:00, Sys 0 00:00:00  -  Run Local Usage
		Usr 0 00:00:29, Sys 0 00:00:01  -  Total Remote Usage
		Usr 0 00:00:00, Sys 0 00:00:00  -  Total Local Usage
	0  -  Run Bytes Sent By Job
	0  -  Run Bytes Received By Job
	0  -  Total Bytes Sent By Job
	0  -  Total Bytes Received By Job
	Partitionable Resources :    Usage  Request Allocated 
	   Cpus                 :                 1         1 
	   Disk (KB)            :        1        1    128928 
	   Memory (MB)          :      155     3900      3968 

	Job terminated of its own accord at 2023-07-25T04:01:57Z.
...
