000 (330085.000.000) 2023-07-25 10:59:24 Job submitted from host: <172.30.1.200:9618?addrs=172.30.1.200-9618&alias=tamsa2.snu.ac.kr&noUDP&sock=schedd_3510_2582>
...
000 (330085.001.000) 2023-07-25 10:59:24 Job submitted from host: <172.30.1.200:9618?addrs=172.30.1.200-9618&alias=tamsa2.snu.ac.kr&noUDP&sock=schedd_3510_2582>
...
000 (330085.002.000) 2023-07-25 10:59:24 Job submitted from host: <172.30.1.200:9618?addrs=172.30.1.200-9618&alias=tamsa2.snu.ac.kr&noUDP&sock=schedd_3510_2582>
...
000 (330085.003.000) 2023-07-25 10:59:24 Job submitted from host: <172.30.1.200:9618?addrs=172.30.1.200-9618&alias=tamsa2.snu.ac.kr&noUDP&sock=schedd_3510_2582>
...
000 (330085.004.000) 2023-07-25 10:59:24 Job submitted from host: <172.30.1.200:9618?addrs=172.30.1.200-9618&alias=tamsa2.snu.ac.kr&noUDP&sock=schedd_3510_2582>
...
000 (330085.005.000) 2023-07-25 10:59:24 Job submitted from host: <172.30.1.200:9618?addrs=172.30.1.200-9618&alias=tamsa2.snu.ac.kr&noUDP&sock=schedd_3510_2582>
...
000 (330085.006.000) 2023-07-25 10:59:24 Job submitted from host: <172.30.1.200:9618?addrs=172.30.1.200-9618&alias=tamsa2.snu.ac.kr&noUDP&sock=schedd_3510_2582>
...
000 (330085.007.000) 2023-07-25 10:59:24 Job submitted from host: <172.30.1.200:9618?addrs=172.30.1.200-9618&alias=tamsa2.snu.ac.kr&noUDP&sock=schedd_3510_2582>
...
000 (330085.008.000) 2023-07-25 10:59:24 Job submitted from host: <172.30.1.200:9618?addrs=172.30.1.200-9618&alias=tamsa2.snu.ac.kr&noUDP&sock=schedd_3510_2582>
...
000 (330085.009.000) 2023-07-25 10:59:24 Job submitted from host: <172.30.1.200:9618?addrs=172.30.1.200-9618&alias=tamsa2.snu.ac.kr&noUDP&sock=schedd_3510_2582>
...
040 (330085.000.000) 2023-07-25 10:59:37 Started transferring input files
	Transferring to host: <172.30.1.105:9618?addrs=172.30.1.105-9618&alias=n5&noUDP&sock=slot1_5_3332_7201_31109>
...
040 (330085.000.000) 2023-07-25 10:59:37 Finished transferring input files
...
040 (330085.004.000) 2023-07-25 10:59:37 Started transferring input files
	Transferring to host: <172.30.1.103:9618?addrs=172.30.1.103-9618&alias=n3&noUDP&sock=slot1_1_3668_300e_31148>
...
040 (330085.001.000) 2023-07-25 10:59:37 Started transferring input files
	Transferring to host: <172.30.1.105:9618?addrs=172.30.1.105-9618&alias=n5&noUDP&sock=slot1_6_3332_7201_31110>
...
040 (330085.004.000) 2023-07-25 10:59:37 Finished transferring input files
...
040 (330085.001.000) 2023-07-25 10:59:37 Finished transferring input files
...
040 (330085.005.000) 2023-07-25 10:59:37 Started transferring input files
	Transferring to host: <172.30.1.103:9618?addrs=172.30.1.103-9618&alias=n3&noUDP&sock=slot1_5_3668_300e_31149>
...
040 (330085.005.000) 2023-07-25 10:59:37 Finished transferring input files
...
040 (330085.002.000) 2023-07-25 10:59:37 Started transferring input files
	Transferring to host: <172.30.1.105:9618?addrs=172.30.1.105-9618&alias=n5&noUDP&sock=slot1_7_3332_7201_31111>
...
040 (330085.008.000) 2023-07-25 10:59:37 Started transferring input files
	Transferring to host: <172.30.1.106:9618?addrs=172.30.1.106-9618&alias=n6&noUDP&sock=slot1_5_3308_8900_26231>
...
040 (330085.008.000) 2023-07-25 10:59:37 Finished transferring input files
...
040 (330085.002.000) 2023-07-25 10:59:37 Finished transferring input files
...
040 (330085.003.000) 2023-07-25 10:59:37 Started transferring input files
	Transferring to host: <172.30.1.105:9618?addrs=172.30.1.105-9618&alias=n5&noUDP&sock=slot1_8_3332_7201_31112>
...
040 (330085.007.000) 2023-07-25 10:59:37 Started transferring input files
	Transferring to host: <172.30.1.103:9618?addrs=172.30.1.103-9618&alias=n3&noUDP&sock=slot1_8_3668_300e_31150>
...
040 (330085.003.000) 2023-07-25 10:59:37 Finished transferring input files
...
040 (330085.007.000) 2023-07-25 10:59:37 Finished transferring input files
...
040 (330085.009.000) 2023-07-25 10:59:37 Started transferring input files
	Transferring to host: <172.30.1.106:9618?addrs=172.30.1.106-9618&alias=n6&noUDP&sock=slot1_6_3308_8900_26232>
...
040 (330085.009.000) 2023-07-25 10:59:37 Finished transferring input files
...
040 (330085.006.000) 2023-07-25 10:59:38 Started transferring input files
	Transferring to host: <172.30.1.103:9618?addrs=172.30.1.103-9618&alias=n3&noUDP&sock=slot1_7_3668_300e_31151>
...
040 (330085.006.000) 2023-07-25 10:59:38 Finished transferring input files
...
001 (330085.000.000) 2023-07-25 10:59:38 Job executing on host: <172.30.1.105:9618?addrs=172.30.1.105-9618&alias=n5&noUDP&sock=startd_3298_bb6e>
...
001 (330085.004.000) 2023-07-25 10:59:38 Job executing on host: <172.30.1.103:9618?addrs=172.30.1.103-9618&alias=n3&noUDP&sock=startd_3634_3341>
...
001 (330085.001.000) 2023-07-25 10:59:38 Job executing on host: <172.30.1.105:9618?addrs=172.30.1.105-9618&alias=n5&noUDP&sock=startd_3298_bb6e>
...
001 (330085.005.000) 2023-07-25 10:59:38 Job executing on host: <172.30.1.103:9618?addrs=172.30.1.103-9618&alias=n3&noUDP&sock=startd_3634_3341>
...
001 (330085.002.000) 2023-07-25 10:59:38 Job executing on host: <172.30.1.105:9618?addrs=172.30.1.105-9618&alias=n5&noUDP&sock=startd_3298_bb6e>
...
001 (330085.008.000) 2023-07-25 10:59:38 Job executing on host: <172.30.1.106:9618?addrs=172.30.1.106-9618&alias=n6&noUDP&sock=startd_3274_4528>
...
001 (330085.003.000) 2023-07-25 10:59:38 Job executing on host: <172.30.1.105:9618?addrs=172.30.1.105-9618&alias=n5&noUDP&sock=startd_3298_bb6e>
...
001 (330085.007.000) 2023-07-25 10:59:38 Job executing on host: <172.30.1.103:9618?addrs=172.30.1.103-9618&alias=n3&noUDP&sock=startd_3634_3341>
...
001 (330085.009.000) 2023-07-25 10:59:38 Job executing on host: <172.30.1.106:9618?addrs=172.30.1.106-9618&alias=n6&noUDP&sock=startd_3274_4528>
...
001 (330085.006.000) 2023-07-25 10:59:39 Job executing on host: <172.30.1.103:9618?addrs=172.30.1.103-9618&alias=n3&noUDP&sock=startd_3634_3341>
...
006 (330085.002.000) 2023-07-25 10:59:47 Image size of job updated: 186124
	182  -  MemoryUsage of job (MB)
	186124  -  ResidentSetSize of job (KB)
...
006 (330085.007.000) 2023-07-25 10:59:47 Image size of job updated: 195136
	191  -  MemoryUsage of job (MB)
	195136  -  ResidentSetSize of job (KB)
...
006 (330085.003.000) 2023-07-25 10:59:47 Image size of job updated: 186220
	182  -  MemoryUsage of job (MB)
	186220  -  ResidentSetSize of job (KB)
...
006 (330085.009.000) 2023-07-25 10:59:47 Image size of job updated: 186176
	182  -  MemoryUsage of job (MB)
	186176  -  ResidentSetSize of job (KB)
...
006 (330085.006.000) 2023-07-25 10:59:47 Image size of job updated: 186104
	182  -  MemoryUsage of job (MB)
	186104  -  ResidentSetSize of job (KB)
...
006 (330085.000.000) 2023-07-25 10:59:47 Image size of job updated: 186264
	182  -  MemoryUsage of job (MB)
	186264  -  ResidentSetSize of job (KB)
...
006 (330085.004.000) 2023-07-25 10:59:47 Image size of job updated: 186212
	182  -  MemoryUsage of job (MB)
	186212  -  ResidentSetSize of job (KB)
...
006 (330085.005.000) 2023-07-25 10:59:47 Image size of job updated: 186224
	182  -  MemoryUsage of job (MB)
	186224  -  ResidentSetSize of job (KB)
...
006 (330085.001.000) 2023-07-25 10:59:47 Image size of job updated: 186260
	182  -  MemoryUsage of job (MB)
	186260  -  ResidentSetSize of job (KB)
...
006 (330085.008.000) 2023-07-25 10:59:47 Image size of job updated: 186228
	182  -  MemoryUsage of job (MB)
	186228  -  ResidentSetSize of job (KB)
...
006 (330085.009.000) 2023-07-25 10:59:57 Image size of job updated: 685812
	182  -  MemoryUsage of job (MB)
	186176  -  ResidentSetSize of job (KB)
...
040 (330085.009.000) 2023-07-25 10:59:57 Started transferring output files
...
040 (330085.009.000) 2023-07-25 10:59:57 Finished transferring output files
...
005 (330085.009.000) 2023-07-25 10:59:57 Job terminated.
	(1) Normal termination (return value 0)
		Usr 0 00:00:15, Sys 0 00:00:01  -  Run Remote Usage
		Usr 0 00:00:00, Sys 0 00:00:00  -  Run Local Usage
		Usr 0 00:00:15, Sys 0 00:00:01  -  Total Remote Usage
		Usr 0 00:00:00, Sys 0 00:00:00  -  Total Local Usage
	961  -  Run Bytes Sent By Job
	169  -  Run Bytes Received By Job
	961  -  Total Bytes Sent By Job
	169  -  Total Bytes Received By Job
	Partitionable Resources :    Usage  Request Allocated 
	   Cpus                 :                 1         1 
	   Disk (KB)            :       46        1     61930 
	   Memory (MB)          :      182     3900      3968 

	Job terminated of its own accord at 2023-07-25T01:59:57Z.
...
006 (330085.007.000) 2023-07-25 10:59:58 Image size of job updated: 681092
	191  -  MemoryUsage of job (MB)
	195136  -  ResidentSetSize of job (KB)
...
040 (330085.007.000) 2023-07-25 10:59:58 Started transferring output files
...
040 (330085.007.000) 2023-07-25 10:59:58 Finished transferring output files
...
005 (330085.007.000) 2023-07-25 10:59:58 Job terminated.
	(1) Normal termination (return value 0)
		Usr 0 00:00:15, Sys 0 00:00:01  -  Run Remote Usage
		Usr 0 00:00:00, Sys 0 00:00:00  -  Run Local Usage
		Usr 0 00:00:15, Sys 0 00:00:01  -  Total Remote Usage
		Usr 0 00:00:00, Sys 0 00:00:00  -  Total Local Usage
	929  -  Run Bytes Sent By Job
	169  -  Run Bytes Received By Job
	929  -  Total Bytes Sent By Job
	169  -  Total Bytes Received By Job
	Partitionable Resources :    Usage  Request Allocated 
	   Cpus                 :                 1         1 
	   Disk (KB)            :       46        1     61930 
	   Memory (MB)          :      191     3900      3968 

	Job terminated of its own accord at 2023-07-25T01:59:58Z.
...
006 (330085.006.000) 2023-07-25 10:59:59 Image size of job updated: 685772
	182  -  MemoryUsage of job (MB)
	186104  -  ResidentSetSize of job (KB)
...
040 (330085.006.000) 2023-07-25 10:59:59 Started transferring output files
...
040 (330085.006.000) 2023-07-25 10:59:59 Finished transferring output files
...
005 (330085.006.000) 2023-07-25 10:59:59 Job terminated.
	(1) Normal termination (return value 0)
		Usr 0 00:00:17, Sys 0 00:00:00  -  Run Remote Usage
		Usr 0 00:00:00, Sys 0 00:00:00  -  Run Local Usage
		Usr 0 00:00:17, Sys 0 00:00:00  -  Total Remote Usage
		Usr 0 00:00:00, Sys 0 00:00:00  -  Total Local Usage
	960  -  Run Bytes Sent By Job
	169  -  Run Bytes Received By Job
	960  -  Total Bytes Sent By Job
	169  -  Total Bytes Received By Job
	Partitionable Resources :    Usage  Request Allocated 
	   Cpus                 :                 1         1 
	   Disk (KB)            :       46        1     61930 
	   Memory (MB)          :      182     3900      3968 

	Job terminated of its own accord at 2023-07-25T01:59:59Z.
...
006 (330085.001.000) 2023-07-25 10:59:59 Image size of job updated: 685812
	182  -  MemoryUsage of job (MB)
	186260  -  ResidentSetSize of job (KB)
...
040 (330085.001.000) 2023-07-25 10:59:59 Started transferring output files
...
040 (330085.001.000) 2023-07-25 10:59:59 Finished transferring output files
...
005 (330085.001.000) 2023-07-25 10:59:59 Job terminated.
	(1) Normal termination (return value 0)
		Usr 0 00:00:17, Sys 0 00:00:01  -  Run Remote Usage
		Usr 0 00:00:00, Sys 0 00:00:00  -  Run Local Usage
		Usr 0 00:00:17, Sys 0 00:00:01  -  Total Remote Usage
		Usr 0 00:00:00, Sys 0 00:00:00  -  Total Local Usage
	1186  -  Run Bytes Sent By Job
	169  -  Run Bytes Received By Job
	1186  -  Total Bytes Sent By Job
	169  -  Total Bytes Received By Job
	Partitionable Resources :    Usage  Request Allocated 
	   Cpus                 :                 1         1 
	   Disk (KB)            :       46        1     61930 
	   Memory (MB)          :      182     3900      3968 

	Job terminated of its own accord at 2023-07-25T01:59:59Z.
...
006 (330085.003.000) 2023-07-25 11:00:01 Image size of job updated: 685876
	182  -  MemoryUsage of job (MB)
	186220  -  ResidentSetSize of job (KB)
...
040 (330085.003.000) 2023-07-25 11:00:01 Started transferring output files
...
040 (330085.003.000) 2023-07-25 11:00:01 Finished transferring output files
...
005 (330085.003.000) 2023-07-25 11:00:01 Job terminated.
	(1) Normal termination (return value 0)
		Usr 0 00:00:19, Sys 0 00:00:01  -  Run Remote Usage
		Usr 0 00:00:00, Sys 0 00:00:00  -  Run Local Usage
		Usr 0 00:00:19, Sys 0 00:00:01  -  Total Remote Usage
		Usr 0 00:00:00, Sys 0 00:00:00  -  Total Local Usage
	1277  -  Run Bytes Sent By Job
	169  -  Run Bytes Received By Job
	1277  -  Total Bytes Sent By Job
	169  -  Total Bytes Received By Job
	Partitionable Resources :    Usage  Request Allocated 
	   Cpus                 :                 1         1 
	   Disk (KB)            :       46        1     61930 
	   Memory (MB)          :      182     3900      3968 

	Job terminated of its own accord at 2023-07-25T02:00:01Z.
...
006 (330085.008.000) 2023-07-25 11:00:02 Image size of job updated: 685744
	182  -  MemoryUsage of job (MB)
	186228  -  ResidentSetSize of job (KB)
...
040 (330085.008.000) 2023-07-25 11:00:02 Started transferring output files
...
040 (330085.008.000) 2023-07-25 11:00:02 Finished transferring output files
...
005 (330085.008.000) 2023-07-25 11:00:02 Job terminated.
	(1) Normal termination (return value 0)
		Usr 0 00:00:20, Sys 0 00:00:01  -  Run Remote Usage
		Usr 0 00:00:00, Sys 0 00:00:00  -  Run Local Usage
		Usr 0 00:00:20, Sys 0 00:00:01  -  Total Remote Usage
		Usr 0 00:00:00, Sys 0 00:00:00  -  Total Local Usage
	992  -  Run Bytes Sent By Job
	169  -  Run Bytes Received By Job
	992  -  Total Bytes Sent By Job
	169  -  Total Bytes Received By Job
	Partitionable Resources :    Usage  Request Allocated 
	   Cpus                 :                 1         1 
	   Disk (KB)            :       46        1     61930 
	   Memory (MB)          :      182     3900      3968 

	Job terminated of its own accord at 2023-07-25T02:00:02Z.
...
006 (330085.000.000) 2023-07-25 11:00:03 Image size of job updated: 685844
	182  -  MemoryUsage of job (MB)
	186264  -  ResidentSetSize of job (KB)
...
040 (330085.000.000) 2023-07-25 11:00:03 Started transferring output files
...
040 (330085.000.000) 2023-07-25 11:00:03 Finished transferring output files
...
005 (330085.000.000) 2023-07-25 11:00:03 Job terminated.
	(1) Normal termination (return value 0)
		Usr 0 00:00:21, Sys 0 00:00:01  -  Run Remote Usage
		Usr 0 00:00:00, Sys 0 00:00:00  -  Run Local Usage
		Usr 0 00:00:21, Sys 0 00:00:01  -  Total Remote Usage
		Usr 0 00:00:00, Sys 0 00:00:00  -  Total Local Usage
	1217  -  Run Bytes Sent By Job
	169  -  Run Bytes Received By Job
	1217  -  Total Bytes Sent By Job
	169  -  Total Bytes Received By Job
	Partitionable Resources :    Usage  Request Allocated 
	   Cpus                 :                 1         1 
	   Disk (KB)            :       46        1     61930 
	   Memory (MB)          :      182     3900      3968 

	Job terminated of its own accord at 2023-07-25T02:00:03Z.
...
006 (330085.004.000) 2023-07-25 11:00:04 Image size of job updated: 685800
	182  -  MemoryUsage of job (MB)
	186212  -  ResidentSetSize of job (KB)
...
040 (330085.004.000) 2023-07-25 11:00:04 Started transferring output files
...
040 (330085.004.000) 2023-07-25 11:00:04 Finished transferring output files
...
005 (330085.004.000) 2023-07-25 11:00:04 Job terminated.
	(1) Normal termination (return value 0)
		Usr 0 00:00:22, Sys 0 00:00:01  -  Run Remote Usage
		Usr 0 00:00:00, Sys 0 00:00:00  -  Run Local Usage
		Usr 0 00:00:22, Sys 0 00:00:01  -  Total Remote Usage
		Usr 0 00:00:00, Sys 0 00:00:00  -  Total Local Usage
	1218  -  Run Bytes Sent By Job
	169  -  Run Bytes Received By Job
	1218  -  Total Bytes Sent By Job
	169  -  Total Bytes Received By Job
	Partitionable Resources :    Usage  Request Allocated 
	   Cpus                 :                 1         1 
	   Disk (KB)            :       46        1     61930 
	   Memory (MB)          :      182     3900      3968 

	Job terminated of its own accord at 2023-07-25T02:00:04Z.
...
006 (330085.002.000) 2023-07-25 11:00:06 Image size of job updated: 685876
	182  -  MemoryUsage of job (MB)
	186124  -  ResidentSetSize of job (KB)
...
040 (330085.002.000) 2023-07-25 11:00:06 Started transferring output files
...
040 (330085.002.000) 2023-07-25 11:00:06 Finished transferring output files
...
005 (330085.002.000) 2023-07-25 11:00:06 Job terminated.
	(1) Normal termination (return value 0)
		Usr 0 00:00:23, Sys 0 00:00:01  -  Run Remote Usage
		Usr 0 00:00:00, Sys 0 00:00:00  -  Run Local Usage
		Usr 0 00:00:23, Sys 0 00:00:01  -  Total Remote Usage
		Usr 0 00:00:00, Sys 0 00:00:00  -  Total Local Usage
	1218  -  Run Bytes Sent By Job
	169  -  Run Bytes Received By Job
	1218  -  Total Bytes Sent By Job
	169  -  Total Bytes Received By Job
	Partitionable Resources :    Usage  Request Allocated 
	   Cpus                 :                 1         1 
	   Disk (KB)            :       46        1     61930 
	   Memory (MB)          :      182     3900      3968 

	Job terminated of its own accord at 2023-07-25T02:00:06Z.
...
006 (330085.005.000) 2023-07-25 11:00:07 Image size of job updated: 685832
	182  -  MemoryUsage of job (MB)
	186224  -  ResidentSetSize of job (KB)
...
040 (330085.005.000) 2023-07-25 11:00:07 Started transferring output files
...
040 (330085.005.000) 2023-07-25 11:00:07 Finished transferring output files
...
005 (330085.005.000) 2023-07-25 11:00:07 Job terminated.
	(1) Normal termination (return value 0)
		Usr 0 00:00:25, Sys 0 00:00:01  -  Run Remote Usage
		Usr 0 00:00:00, Sys 0 00:00:00  -  Run Local Usage
		Usr 0 00:00:25, Sys 0 00:00:01  -  Total Remote Usage
		Usr 0 00:00:00, Sys 0 00:00:00  -  Total Local Usage
	1218  -  Run Bytes Sent By Job
	169  -  Run Bytes Received By Job
	1218  -  Total Bytes Sent By Job
	169  -  Total Bytes Received By Job
	Partitionable Resources :    Usage  Request Allocated 
	   Cpus                 :                 1         1 
	   Disk (KB)            :       46        1     61930 
	   Memory (MB)          :      182     3900      3968 

	Job terminated of its own accord at 2023-07-25T02:00:07Z.
...
