000 (330337.000.000) 2023-07-25 13:52:03 Job submitted from host: <172.30.1.200:9618?addrs=172.30.1.200-9618&alias=tamsa2.snu.ac.kr&noUDP&sock=schedd_3510_2582>
...
000 (330337.001.000) 2023-07-25 13:52:03 Job submitted from host: <172.30.1.200:9618?addrs=172.30.1.200-9618&alias=tamsa2.snu.ac.kr&noUDP&sock=schedd_3510_2582>
...
000 (330337.002.000) 2023-07-25 13:52:03 Job submitted from host: <172.30.1.200:9618?addrs=172.30.1.200-9618&alias=tamsa2.snu.ac.kr&noUDP&sock=schedd_3510_2582>
...
000 (330337.003.000) 2023-07-25 13:52:03 Job submitted from host: <172.30.1.200:9618?addrs=172.30.1.200-9618&alias=tamsa2.snu.ac.kr&noUDP&sock=schedd_3510_2582>
...
000 (330337.004.000) 2023-07-25 13:52:03 Job submitted from host: <172.30.1.200:9618?addrs=172.30.1.200-9618&alias=tamsa2.snu.ac.kr&noUDP&sock=schedd_3510_2582>
...
000 (330337.005.000) 2023-07-25 13:52:03 Job submitted from host: <172.30.1.200:9618?addrs=172.30.1.200-9618&alias=tamsa2.snu.ac.kr&noUDP&sock=schedd_3510_2582>
...
000 (330337.006.000) 2023-07-25 13:52:03 Job submitted from host: <172.30.1.200:9618?addrs=172.30.1.200-9618&alias=tamsa2.snu.ac.kr&noUDP&sock=schedd_3510_2582>
...
000 (330337.007.000) 2023-07-25 13:52:03 Job submitted from host: <172.30.1.200:9618?addrs=172.30.1.200-9618&alias=tamsa2.snu.ac.kr&noUDP&sock=schedd_3510_2582>
...
000 (330337.008.000) 2023-07-25 13:52:03 Job submitted from host: <172.30.1.200:9618?addrs=172.30.1.200-9618&alias=tamsa2.snu.ac.kr&noUDP&sock=schedd_3510_2582>
...
000 (330337.009.000) 2023-07-25 13:52:03 Job submitted from host: <172.30.1.200:9618?addrs=172.30.1.200-9618&alias=tamsa2.snu.ac.kr&noUDP&sock=schedd_3510_2582>
...
040 (330337.002.000) 2023-07-25 13:52:18 Started transferring input files
	Transferring to host: <172.30.1.103:9618?addrs=172.30.1.103-9618&alias=n3&noUDP&sock=slot1_10_3668_300e_31207>
...
040 (330337.002.000) 2023-07-25 13:52:18 Finished transferring input files
...
040 (330337.005.000) 2023-07-25 13:52:18 Started transferring input files
	Transferring to host: <172.30.1.109:9618?addrs=172.30.1.109-9618&alias=n9&noUDP&sock=slot1_3_4265_d407_73202>
...
040 (330337.001.000) 2023-07-25 13:52:18 Started transferring input files
	Transferring to host: <172.30.1.103:9618?addrs=172.30.1.103-9618&alias=n3&noUDP&sock=slot1_5_3668_300e_31208>
...
040 (330337.005.000) 2023-07-25 13:52:18 Finished transferring input files
...
040 (330337.001.000) 2023-07-25 13:52:18 Finished transferring input files
...
040 (330337.006.000) 2023-07-25 13:52:18 Started transferring input files
	Transferring to host: <172.30.1.109:9618?addrs=172.30.1.109-9618&alias=n9&noUDP&sock=slot1_6_4265_d407_73203>
...
040 (330337.003.000) 2023-07-25 13:52:18 Started transferring input files
	Transferring to host: <172.30.1.103:9618?addrs=172.30.1.103-9618&alias=n3&noUDP&sock=slot1_12_3668_300e_31209>
...
040 (330337.006.000) 2023-07-25 13:52:18 Finished transferring input files
...
040 (330337.003.000) 2023-07-25 13:52:18 Finished transferring input files
...
040 (330337.004.000) 2023-07-25 13:52:18 Started transferring input files
	Transferring to host: <172.30.1.109:9618?addrs=172.30.1.109-9618&alias=n9&noUDP&sock=slot1_2_4265_d407_73204>
...
040 (330337.004.000) 2023-07-25 13:52:18 Finished transferring input files
...
040 (330337.007.000) 2023-07-25 13:52:18 Started transferring input files
	Transferring to host: <172.30.1.109:9618?addrs=172.30.1.109-9618&alias=n9&noUDP&sock=slot1_7_4265_d407_73205>
...
040 (330337.007.000) 2023-07-25 13:52:18 Finished transferring input files
...
040 (330337.008.000) 2023-07-25 13:52:19 Started transferring input files
	Transferring to host: <172.30.1.109:9618?addrs=172.30.1.109-9618&alias=n9&noUDP&sock=slot1_8_4265_d407_73207>
...
040 (330337.008.000) 2023-07-25 13:52:19 Finished transferring input files
...
040 (330337.009.000) 2023-07-25 13:52:19 Started transferring input files
	Transferring to host: <172.30.1.109:9618?addrs=172.30.1.109-9618&alias=n9&noUDP&sock=slot1_10_4265_d407_73208>
...
040 (330337.009.000) 2023-07-25 13:52:19 Finished transferring input files
...
001 (330337.000.000) 2023-07-25 13:52:19 Job executing on host: <172.30.1.202:9618?addrs=172.30.1.202-9618&alias=node2&noUDP&sock=startd_19693_56a6>
...
001 (330337.002.000) 2023-07-25 13:52:19 Job executing on host: <172.30.1.103:9618?addrs=172.30.1.103-9618&alias=n3&noUDP&sock=startd_3634_3341>
...
001 (330337.005.000) 2023-07-25 13:52:19 Job executing on host: <172.30.1.109:9618?addrs=172.30.1.109-9618&alias=n9&noUDP&sock=startd_4231_b14b>
...
001 (330337.001.000) 2023-07-25 13:52:19 Job executing on host: <172.30.1.103:9618?addrs=172.30.1.103-9618&alias=n3&noUDP&sock=startd_3634_3341>
...
001 (330337.006.000) 2023-07-25 13:52:19 Job executing on host: <172.30.1.109:9618?addrs=172.30.1.109-9618&alias=n9&noUDP&sock=startd_4231_b14b>
...
001 (330337.003.000) 2023-07-25 13:52:19 Job executing on host: <172.30.1.103:9618?addrs=172.30.1.103-9618&alias=n3&noUDP&sock=startd_3634_3341>
...
001 (330337.004.000) 2023-07-25 13:52:19 Job executing on host: <172.30.1.109:9618?addrs=172.30.1.109-9618&alias=n9&noUDP&sock=startd_4231_b14b>
...
001 (330337.007.000) 2023-07-25 13:52:19 Job executing on host: <172.30.1.109:9618?addrs=172.30.1.109-9618&alias=n9&noUDP&sock=startd_4231_b14b>
...
001 (330337.008.000) 2023-07-25 13:52:20 Job executing on host: <172.30.1.109:9618?addrs=172.30.1.109-9618&alias=n9&noUDP&sock=startd_4231_b14b>
...
001 (330337.009.000) 2023-07-25 13:52:20 Job executing on host: <172.30.1.109:9618?addrs=172.30.1.109-9618&alias=n9&noUDP&sock=startd_4231_b14b>
...
006 (330337.000.000) 2023-07-25 13:52:27 Image size of job updated: 630024
	183  -  MemoryUsage of job (MB)
	186744  -  ResidentSetSize of job (KB)
...
006 (330337.004.000) 2023-07-25 13:52:28 Image size of job updated: 385952
	135  -  MemoryUsage of job (MB)
	137304  -  ResidentSetSize of job (KB)
...
006 (330337.007.000) 2023-07-25 13:52:28 Image size of job updated: 385952
	137  -  MemoryUsage of job (MB)
	139396  -  ResidentSetSize of job (KB)
...
006 (330337.008.000) 2023-07-25 13:52:28 Image size of job updated: 385952
	144  -  MemoryUsage of job (MB)
	146440  -  ResidentSetSize of job (KB)
...
006 (330337.009.000) 2023-07-25 13:52:28 Image size of job updated: 385952
	146  -  MemoryUsage of job (MB)
	148728  -  ResidentSetSize of job (KB)
...
006 (330337.002.000) 2023-07-25 13:52:28 Image size of job updated: 645488
	183  -  MemoryUsage of job (MB)
	186872  -  ResidentSetSize of job (KB)
...
006 (330337.001.000) 2023-07-25 13:52:28 Image size of job updated: 645452
	183  -  MemoryUsage of job (MB)
	186848  -  ResidentSetSize of job (KB)
...
006 (330337.003.000) 2023-07-25 13:52:28 Image size of job updated: 645456
	183  -  MemoryUsage of job (MB)
	186848  -  ResidentSetSize of job (KB)
...
006 (330337.006.000) 2023-07-25 13:52:28 Image size of job updated: 385964
	172  -  MemoryUsage of job (MB)
	175468  -  ResidentSetSize of job (KB)
...
006 (330337.005.000) 2023-07-25 13:52:28 Image size of job updated: 385952
	160  -  MemoryUsage of job (MB)
	163532  -  ResidentSetSize of job (KB)
...
006 (330337.006.000) 2023-07-25 13:52:47 Image size of job updated: 685740
	172  -  MemoryUsage of job (MB)
	175468  -  ResidentSetSize of job (KB)
...
040 (330337.006.000) 2023-07-25 13:52:47 Started transferring output files
...
040 (330337.006.000) 2023-07-25 13:52:47 Finished transferring output files
...
005 (330337.006.000) 2023-07-25 13:52:47 Job terminated.
	(1) Normal termination (return value 0)
		Usr 0 00:00:16, Sys 0 00:00:01  -  Run Remote Usage
		Usr 0 00:00:00, Sys 0 00:00:00  -  Run Local Usage
		Usr 0 00:00:16, Sys 0 00:00:01  -  Total Remote Usage
		Usr 0 00:00:00, Sys 0 00:00:00  -  Total Local Usage
	1099  -  Run Bytes Sent By Job
	164  -  Run Bytes Received By Job
	1099  -  Total Bytes Sent By Job
	164  -  Total Bytes Received By Job
	Partitionable Resources :    Usage  Request Allocated 
	   Cpus                 :                 1         1 
	   Disk (KB)            :       46        1    127899 
	   Memory (MB)          :      172     3900      3968 

	Job terminated of its own accord at 2023-07-25T04:52:47Z.
...
006 (330337.007.000) 2023-07-25 13:52:49 Image size of job updated: 686880
	137  -  MemoryUsage of job (MB)
	139496  -  ResidentSetSize of job (KB)
...
040 (330337.007.000) 2023-07-25 13:52:49 Started transferring output files
...
040 (330337.007.000) 2023-07-25 13:52:49 Finished transferring output files
...
005 (330337.007.000) 2023-07-25 13:52:49 Job terminated.
	(1) Normal termination (return value 0)
		Usr 0 00:00:19, Sys 0 00:00:01  -  Run Remote Usage
		Usr 0 00:00:00, Sys 0 00:00:00  -  Run Local Usage
		Usr 0 00:00:19, Sys 0 00:00:01  -  Total Remote Usage
		Usr 0 00:00:00, Sys 0 00:00:00  -  Total Local Usage
	1130  -  Run Bytes Sent By Job
	164  -  Run Bytes Received By Job
	1130  -  Total Bytes Sent By Job
	164  -  Total Bytes Received By Job
	Partitionable Resources :    Usage  Request Allocated 
	   Cpus                 :                 1         1 
	   Disk (KB)            :       46        1    127899 
	   Memory (MB)          :      137     3900      3968 

	Job terminated of its own accord at 2023-07-25T04:52:49Z.
...
006 (330337.000.000) 2023-07-25 13:52:50 Image size of job updated: 685920
	183  -  MemoryUsage of job (MB)
	186744  -  ResidentSetSize of job (KB)
...
005 (330337.000.000) 2023-07-25 13:52:50 Job terminated.
	(1) Normal termination (return value 0)
		Usr 0 00:00:24, Sys 0 00:00:01  -  Run Remote Usage
		Usr 0 00:00:00, Sys 0 00:00:00  -  Run Local Usage
		Usr 0 00:00:24, Sys 0 00:00:01  -  Total Remote Usage
		Usr 0 00:00:00, Sys 0 00:00:00  -  Total Local Usage
	0  -  Run Bytes Sent By Job
	0  -  Run Bytes Received By Job
	0  -  Total Bytes Sent By Job
	0  -  Total Bytes Received By Job
	Partitionable Resources :    Usage  Request Allocated 
	   Cpus                 :                 1         1 
	   Disk (KB)            :        1        1    128913 
	   Memory (MB)          :      183     3900      3968 

	Job terminated of its own accord at 2023-07-25T04:52:50Z.
...
006 (330337.008.000) 2023-07-25 13:52:52 Image size of job updated: 687844
	144  -  MemoryUsage of job (MB)
	146456  -  ResidentSetSize of job (KB)
...
040 (330337.008.000) 2023-07-25 13:52:52 Started transferring output files
...
040 (330337.008.000) 2023-07-25 13:52:52 Finished transferring output files
...
005 (330337.008.000) 2023-07-25 13:52:52 Job terminated.
	(1) Normal termination (return value 0)
		Usr 0 00:00:23, Sys 0 00:00:01  -  Run Remote Usage
		Usr 0 00:00:00, Sys 0 00:00:00  -  Run Local Usage
		Usr 0 00:00:23, Sys 0 00:00:01  -  Total Remote Usage
		Usr 0 00:00:00, Sys 0 00:00:00  -  Total Local Usage
	1161  -  Run Bytes Sent By Job
	164  -  Run Bytes Received By Job
	1161  -  Total Bytes Sent By Job
	164  -  Total Bytes Received By Job
	Partitionable Resources :    Usage  Request Allocated 
	   Cpus                 :                 1         1 
	   Disk (KB)            :       46        1    127899 
	   Memory (MB)          :      144     3900      3968 

	Job terminated of its own accord at 2023-07-25T04:52:52Z.
...
006 (330337.004.000) 2023-07-25 13:52:52 Image size of job updated: 687796
	135  -  MemoryUsage of job (MB)
	137352  -  ResidentSetSize of job (KB)
...
040 (330337.004.000) 2023-07-25 13:52:52 Started transferring output files
...
040 (330337.004.000) 2023-07-25 13:52:52 Finished transferring output files
...
005 (330337.004.000) 2023-07-25 13:52:52 Job terminated.
	(1) Normal termination (return value 0)
		Usr 0 00:00:23, Sys 0 00:00:01  -  Run Remote Usage
		Usr 0 00:00:00, Sys 0 00:00:00  -  Run Local Usage
		Usr 0 00:00:23, Sys 0 00:00:01  -  Total Remote Usage
		Usr 0 00:00:00, Sys 0 00:00:00  -  Total Local Usage
	1191  -  Run Bytes Sent By Job
	164  -  Run Bytes Received By Job
	1191  -  Total Bytes Sent By Job
	164  -  Total Bytes Received By Job
	Partitionable Resources :    Usage  Request Allocated 
	   Cpus                 :                 1         1 
	   Disk (KB)            :       46        1    127899 
	   Memory (MB)          :      135     3900      3968 

	Job terminated of its own accord at 2023-07-25T04:52:52Z.
...
006 (330337.003.000) 2023-07-25 13:52:54 Image size of job updated: 682140
	183  -  MemoryUsage of job (MB)
	186848  -  ResidentSetSize of job (KB)
...
040 (330337.003.000) 2023-07-25 13:52:54 Started transferring output files
...
040 (330337.003.000) 2023-07-25 13:52:54 Finished transferring output files
...
005 (330337.003.000) 2023-07-25 13:52:54 Job terminated.
	(1) Normal termination (return value 0)
		Usr 0 00:00:27, Sys 0 00:00:01  -  Run Remote Usage
		Usr 0 00:00:00, Sys 0 00:00:00  -  Run Local Usage
		Usr 0 00:00:27, Sys 0 00:00:01  -  Total Remote Usage
		Usr 0 00:00:00, Sys 0 00:00:00  -  Total Local Usage
	1160  -  Run Bytes Sent By Job
	164  -  Run Bytes Received By Job
	1160  -  Total Bytes Sent By Job
	164  -  Total Bytes Received By Job
	Partitionable Resources :    Usage  Request Allocated 
	   Cpus                 :                 1         1 
	   Disk (KB)            :       46        1     61930 
	   Memory (MB)          :      183     3900      3968 

	Job terminated of its own accord at 2023-07-25T04:52:54Z.
...
006 (330337.009.000) 2023-07-25 13:52:56 Image size of job updated: 686712
	146  -  MemoryUsage of job (MB)
	148728  -  ResidentSetSize of job (KB)
...
040 (330337.009.000) 2023-07-25 13:52:57 Started transferring output files
...
040 (330337.009.000) 2023-07-25 13:52:57 Finished transferring output files
...
005 (330337.009.000) 2023-07-25 13:52:57 Job terminated.
	(1) Normal termination (return value 0)
		Usr 0 00:00:25, Sys 0 00:00:01  -  Run Remote Usage
		Usr 0 00:00:00, Sys 0 00:00:00  -  Run Local Usage
		Usr 0 00:00:25, Sys 0 00:00:01  -  Total Remote Usage
		Usr 0 00:00:00, Sys 0 00:00:00  -  Total Local Usage
	1192  -  Run Bytes Sent By Job
	164  -  Run Bytes Received By Job
	1192  -  Total Bytes Sent By Job
	164  -  Total Bytes Received By Job
	Partitionable Resources :    Usage  Request Allocated 
	   Cpus                 :                 1         1 
	   Disk (KB)            :       46        1    127899 
	   Memory (MB)          :      146     3900      3968 

	Job terminated of its own accord at 2023-07-25T04:52:56Z.
...
006 (330337.001.000) 2023-07-25 13:52:57 Image size of job updated: 686588
	183  -  MemoryUsage of job (MB)
	186848  -  ResidentSetSize of job (KB)
...
040 (330337.001.000) 2023-07-25 13:52:57 Started transferring output files
...
040 (330337.001.000) 2023-07-25 13:52:57 Finished transferring output files
...
005 (330337.001.000) 2023-07-25 13:52:57 Job terminated.
	(1) Normal termination (return value 0)
		Usr 0 00:00:29, Sys 0 00:00:01  -  Run Remote Usage
		Usr 0 00:00:00, Sys 0 00:00:00  -  Run Local Usage
		Usr 0 00:00:29, Sys 0 00:00:01  -  Total Remote Usage
		Usr 0 00:00:00, Sys 0 00:00:00  -  Total Local Usage
	1159  -  Run Bytes Sent By Job
	164  -  Run Bytes Received By Job
	1159  -  Total Bytes Sent By Job
	164  -  Total Bytes Received By Job
	Partitionable Resources :    Usage  Request Allocated 
	   Cpus                 :                 1         1 
	   Disk (KB)            :       46        1     61930 
	   Memory (MB)          :      183     3900      3968 

	Job terminated of its own accord at 2023-07-25T04:52:57Z.
...
006 (330337.002.000) 2023-07-25 13:52:59 Image size of job updated: 687920
	183  -  MemoryUsage of job (MB)
	186872  -  ResidentSetSize of job (KB)
...
040 (330337.002.000) 2023-07-25 13:52:59 Started transferring output files
...
040 (330337.002.000) 2023-07-25 13:52:59 Finished transferring output files
...
005 (330337.002.000) 2023-07-25 13:52:59 Job terminated.
	(1) Normal termination (return value 0)
		Usr 0 00:00:34, Sys 0 00:00:01  -  Run Remote Usage
		Usr 0 00:00:00, Sys 0 00:00:00  -  Run Local Usage
		Usr 0 00:00:34, Sys 0 00:00:01  -  Total Remote Usage
		Usr 0 00:00:00, Sys 0 00:00:00  -  Total Local Usage
	1284  -  Run Bytes Sent By Job
	164  -  Run Bytes Received By Job
	1284  -  Total Bytes Sent By Job
	164  -  Total Bytes Received By Job
	Partitionable Resources :    Usage  Request Allocated 
	   Cpus                 :                 1         1 
	   Disk (KB)            :       46        1     61930 
	   Memory (MB)          :      183     3900      3968 

	Job terminated of its own accord at 2023-07-25T04:52:59Z.
...
006 (330337.005.000) 2023-07-25 13:52:59 Image size of job updated: 687892
	160  -  MemoryUsage of job (MB)
	163532  -  ResidentSetSize of job (KB)
...
040 (330337.005.000) 2023-07-25 13:52:59 Started transferring output files
...
040 (330337.005.000) 2023-07-25 13:52:59 Finished transferring output files
...
005 (330337.005.000) 2023-07-25 13:52:59 Job terminated.
	(1) Normal termination (return value 0)
		Usr 0 00:00:29, Sys 0 00:00:01  -  Run Remote Usage
		Usr 0 00:00:00, Sys 0 00:00:00  -  Run Local Usage
		Usr 0 00:00:29, Sys 0 00:00:01  -  Total Remote Usage
		Usr 0 00:00:00, Sys 0 00:00:00  -  Total Local Usage
	1160  -  Run Bytes Sent By Job
	164  -  Run Bytes Received By Job
	1160  -  Total Bytes Sent By Job
	164  -  Total Bytes Received By Job
	Partitionable Resources :    Usage  Request Allocated 
	   Cpus                 :                 1         1 
	   Disk (KB)            :       46        1    127899 
	   Memory (MB)          :      160     3900      3968 

	Job terminated of its own accord at 2023-07-25T04:52:59Z.
...
