000 (310171.000.000) 2023-06-09 15:53:46 Job submitted from host: <172.30.1.200:9618?addrs=172.30.1.200-9618&alias=tamsa2.snu.ac.kr&noUDP&sock=schedd_3510_2582>
...
000 (310171.001.000) 2023-06-09 15:53:46 Job submitted from host: <172.30.1.200:9618?addrs=172.30.1.200-9618&alias=tamsa2.snu.ac.kr&noUDP&sock=schedd_3510_2582>
...
000 (310171.002.000) 2023-06-09 15:53:46 Job submitted from host: <172.30.1.200:9618?addrs=172.30.1.200-9618&alias=tamsa2.snu.ac.kr&noUDP&sock=schedd_3510_2582>
...
000 (310171.003.000) 2023-06-09 15:53:46 Job submitted from host: <172.30.1.200:9618?addrs=172.30.1.200-9618&alias=tamsa2.snu.ac.kr&noUDP&sock=schedd_3510_2582>
...
000 (310171.004.000) 2023-06-09 15:53:46 Job submitted from host: <172.30.1.200:9618?addrs=172.30.1.200-9618&alias=tamsa2.snu.ac.kr&noUDP&sock=schedd_3510_2582>
...
000 (310171.005.000) 2023-06-09 15:53:46 Job submitted from host: <172.30.1.200:9618?addrs=172.30.1.200-9618&alias=tamsa2.snu.ac.kr&noUDP&sock=schedd_3510_2582>
...
000 (310171.006.000) 2023-06-09 15:53:46 Job submitted from host: <172.30.1.200:9618?addrs=172.30.1.200-9618&alias=tamsa2.snu.ac.kr&noUDP&sock=schedd_3510_2582>
...
000 (310171.007.000) 2023-06-09 15:53:46 Job submitted from host: <172.30.1.200:9618?addrs=172.30.1.200-9618&alias=tamsa2.snu.ac.kr&noUDP&sock=schedd_3510_2582>
...
000 (310171.008.000) 2023-06-09 15:53:46 Job submitted from host: <172.30.1.200:9618?addrs=172.30.1.200-9618&alias=tamsa2.snu.ac.kr&noUDP&sock=schedd_3510_2582>
...
000 (310171.009.000) 2023-06-09 15:53:46 Job submitted from host: <172.30.1.200:9618?addrs=172.30.1.200-9618&alias=tamsa2.snu.ac.kr&noUDP&sock=schedd_3510_2582>
...
001 (310171.006.000) 2023-06-09 15:53:56 Job executing on host: <172.30.1.205:9618?addrs=172.30.1.205-9618&alias=node5&noUDP&sock=startd_3770_7c22>
...
001 (310171.007.000) 2023-06-09 15:53:56 Job executing on host: <172.30.1.205:9618?addrs=172.30.1.205-9618&alias=node5&noUDP&sock=startd_3770_7c22>
...
001 (310171.008.000) 2023-06-09 15:53:56 Job executing on host: <172.30.1.205:9618?addrs=172.30.1.205-9618&alias=node5&noUDP&sock=startd_3770_7c22>
...
001 (310171.000.000) 2023-06-09 15:53:56 Job executing on host: <172.30.1.209:9618?addrs=172.30.1.209-9618&alias=node9&noUDP&sock=startd_3776_99b3>
...
001 (310171.009.000) 2023-06-09 15:53:56 Job executing on host: <172.30.1.205:9618?addrs=172.30.1.205-9618&alias=node5&noUDP&sock=startd_3770_7c22>
...
001 (310171.001.000) 2023-06-09 15:53:56 Job executing on host: <172.30.1.209:9618?addrs=172.30.1.209-9618&alias=node9&noUDP&sock=startd_3776_99b3>
...
001 (310171.002.000) 2023-06-09 15:53:56 Job executing on host: <172.30.1.209:9618?addrs=172.30.1.209-9618&alias=node9&noUDP&sock=startd_3776_99b3>
...
001 (310171.003.000) 2023-06-09 15:53:56 Job executing on host: <172.30.1.209:9618?addrs=172.30.1.209-9618&alias=node9&noUDP&sock=startd_3776_99b3>
...
001 (310171.004.000) 2023-06-09 15:53:56 Job executing on host: <172.30.1.209:9618?addrs=172.30.1.209-9618&alias=node9&noUDP&sock=startd_3776_99b3>
...
001 (310171.005.000) 2023-06-09 15:53:56 Job executing on host: <172.30.1.209:9618?addrs=172.30.1.209-9618&alias=node9&noUDP&sock=startd_3776_99b3>
...
006 (310171.006.000) 2023-06-09 15:54:04 Image size of job updated: 186580
	183  -  MemoryUsage of job (MB)
	186580  -  ResidentSetSize of job (KB)
...
006 (310171.005.000) 2023-06-09 15:54:05 Image size of job updated: 645748
	183  -  MemoryUsage of job (MB)
	186664  -  ResidentSetSize of job (KB)
...
006 (310171.007.000) 2023-06-09 15:54:05 Image size of job updated: 186568
	183  -  MemoryUsage of job (MB)
	186568  -  ResidentSetSize of job (KB)
...
006 (310171.000.000) 2023-06-09 15:54:05 Image size of job updated: 645744
	183  -  MemoryUsage of job (MB)
	186584  -  ResidentSetSize of job (KB)
...
006 (310171.008.000) 2023-06-09 15:54:05 Image size of job updated: 186588
	183  -  MemoryUsage of job (MB)
	186588  -  ResidentSetSize of job (KB)
...
006 (310171.009.000) 2023-06-09 15:54:05 Image size of job updated: 186584
	183  -  MemoryUsage of job (MB)
	186584  -  ResidentSetSize of job (KB)
...
006 (310171.001.000) 2023-06-09 15:54:05 Image size of job updated: 645708
	183  -  MemoryUsage of job (MB)
	186588  -  ResidentSetSize of job (KB)
...
006 (310171.002.000) 2023-06-09 15:54:05 Image size of job updated: 645744
	183  -  MemoryUsage of job (MB)
	186576  -  ResidentSetSize of job (KB)
...
006 (310171.003.000) 2023-06-09 15:54:05 Image size of job updated: 645744
	183  -  MemoryUsage of job (MB)
	186628  -  ResidentSetSize of job (KB)
...
006 (310171.004.000) 2023-06-09 15:54:05 Image size of job updated: 645748
	183  -  MemoryUsage of job (MB)
	186700  -  ResidentSetSize of job (KB)
...
006 (310171.007.000) 2023-06-09 15:54:52 Image size of job updated: 684964
	183  -  MemoryUsage of job (MB)
	186568  -  ResidentSetSize of job (KB)
...
005 (310171.007.000) 2023-06-09 15:54:52 Job terminated.
	(1) Normal termination (return value 0)
		Usr 0 00:00:50, Sys 0 00:00:01  -  Run Remote Usage
		Usr 0 00:00:00, Sys 0 00:00:00  -  Run Local Usage
		Usr 0 00:00:50, Sys 0 00:00:01  -  Total Remote Usage
		Usr 0 00:00:00, Sys 0 00:00:00  -  Total Local Usage
	0  -  Run Bytes Sent By Job
	0  -  Run Bytes Received By Job
	0  -  Total Bytes Sent By Job
	0  -  Total Bytes Received By Job
	Partitionable Resources :    Usage  Request Allocated 
	   Cpus                 :     1.00        1         1 
	   Disk (KB)            :     1           1    128928 
	   Memory (MB)          :   183        3900      3968 

	Job terminated of its own accord at 2023-06-09T06:54:52Z.
...
006 (310171.005.000) 2023-06-09 15:54:57 Image size of job updated: 685332
	183  -  MemoryUsage of job (MB)
	186664  -  ResidentSetSize of job (KB)
...
005 (310171.005.000) 2023-06-09 15:54:57 Job terminated.
	(1) Normal termination (return value 0)
		Usr 0 00:00:58, Sys 0 00:00:01  -  Run Remote Usage
		Usr 0 00:00:00, Sys 0 00:00:00  -  Run Local Usage
		Usr 0 00:00:58, Sys 0 00:00:01  -  Total Remote Usage
		Usr 0 00:00:00, Sys 0 00:00:00  -  Total Local Usage
	0  -  Run Bytes Sent By Job
	0  -  Run Bytes Received By Job
	0  -  Total Bytes Sent By Job
	0  -  Total Bytes Received By Job
	Partitionable Resources :    Usage  Request Allocated 
	   Cpus                 :                 1         1 
	   Disk (KB)            :        1        1    128928 
	   Memory (MB)          :      183     3900      3968 

	Job terminated of its own accord at 2023-06-09T06:54:57Z.
...
006 (310171.008.000) 2023-06-09 15:55:08 Image size of job updated: 684772
	183  -  MemoryUsage of job (MB)
	186588  -  ResidentSetSize of job (KB)
...
005 (310171.008.000) 2023-06-09 15:55:08 Job terminated.
	(1) Normal termination (return value 0)
		Usr 0 00:01:06, Sys 0 00:00:01  -  Run Remote Usage
		Usr 0 00:00:00, Sys 0 00:00:00  -  Run Local Usage
		Usr 0 00:01:06, Sys 0 00:00:01  -  Total Remote Usage
		Usr 0 00:00:00, Sys 0 00:00:00  -  Total Local Usage
	0  -  Run Bytes Sent By Job
	0  -  Run Bytes Received By Job
	0  -  Total Bytes Sent By Job
	0  -  Total Bytes Received By Job
	Partitionable Resources :    Usage  Request Allocated 
	   Cpus                 :     1.00        1         1 
	   Disk (KB)            :     1           1    128928 
	   Memory (MB)          :   183        3900      3968 

	Job terminated of its own accord at 2023-06-09T06:55:08Z.
...
006 (310171.004.000) 2023-06-09 15:55:12 Image size of job updated: 688408
	183  -  MemoryUsage of job (MB)
	186700  -  ResidentSetSize of job (KB)
...
005 (310171.004.000) 2023-06-09 15:55:12 Job terminated.
	(1) Normal termination (return value 0)
		Usr 0 00:01:10, Sys 0 00:00:01  -  Run Remote Usage
		Usr 0 00:00:00, Sys 0 00:00:00  -  Run Local Usage
		Usr 0 00:01:10, Sys 0 00:00:01  -  Total Remote Usage
		Usr 0 00:00:00, Sys 0 00:00:00  -  Total Local Usage
	0  -  Run Bytes Sent By Job
	0  -  Run Bytes Received By Job
	0  -  Total Bytes Sent By Job
	0  -  Total Bytes Received By Job
	Partitionable Resources :    Usage  Request Allocated 
	   Cpus                 :                 1         1 
	   Disk (KB)            :        1        1    128928 
	   Memory (MB)          :      183     3900      3968 

	Job terminated of its own accord at 2023-06-09T06:55:12Z.
...
006 (310171.003.000) 2023-06-09 15:55:17 Image size of job updated: 685312
	183  -  MemoryUsage of job (MB)
	186628  -  ResidentSetSize of job (KB)
...
005 (310171.003.000) 2023-06-09 15:55:17 Job terminated.
	(1) Normal termination (return value 0)
		Usr 0 00:01:18, Sys 0 00:00:01  -  Run Remote Usage
		Usr 0 00:00:00, Sys 0 00:00:00  -  Run Local Usage
		Usr 0 00:01:18, Sys 0 00:00:01  -  Total Remote Usage
		Usr 0 00:00:00, Sys 0 00:00:00  -  Total Local Usage
	0  -  Run Bytes Sent By Job
	0  -  Run Bytes Received By Job
	0  -  Total Bytes Sent By Job
	0  -  Total Bytes Received By Job
	Partitionable Resources :    Usage  Request Allocated 
	   Cpus                 :                 1         1 
	   Disk (KB)            :        1        1    128928 
	   Memory (MB)          :      183     3900      3968 

	Job terminated of its own accord at 2023-06-09T06:55:17Z.
...
006 (310171.009.000) 2023-06-09 15:55:20 Image size of job updated: 685324
	183  -  MemoryUsage of job (MB)
	186584  -  ResidentSetSize of job (KB)
...
005 (310171.009.000) 2023-06-09 15:55:20 Job terminated.
	(1) Normal termination (return value 0)
		Usr 0 00:01:20, Sys 0 00:00:01  -  Run Remote Usage
		Usr 0 00:00:00, Sys 0 00:00:00  -  Run Local Usage
		Usr 0 00:01:20, Sys 0 00:00:01  -  Total Remote Usage
		Usr 0 00:00:00, Sys 0 00:00:00  -  Total Local Usage
	0  -  Run Bytes Sent By Job
	0  -  Run Bytes Received By Job
	0  -  Total Bytes Sent By Job
	0  -  Total Bytes Received By Job
	Partitionable Resources :    Usage  Request Allocated 
	   Cpus                 :     1.00        1         1 
	   Disk (KB)            :     1           1    128928 
	   Memory (MB)          :   183        3900      3968 

	Job terminated of its own accord at 2023-06-09T06:55:20Z.
...
006 (310171.000.000) 2023-06-09 15:55:21 Image size of job updated: 685304
	183  -  MemoryUsage of job (MB)
	186584  -  ResidentSetSize of job (KB)
...
005 (310171.000.000) 2023-06-09 15:55:21 Job terminated.
	(1) Normal termination (return value 0)
		Usr 0 00:01:21, Sys 0 00:00:01  -  Run Remote Usage
		Usr 0 00:00:00, Sys 0 00:00:00  -  Run Local Usage
		Usr 0 00:01:21, Sys 0 00:00:01  -  Total Remote Usage
		Usr 0 00:00:00, Sys 0 00:00:00  -  Total Local Usage
	0  -  Run Bytes Sent By Job
	0  -  Run Bytes Received By Job
	0  -  Total Bytes Sent By Job
	0  -  Total Bytes Received By Job
	Partitionable Resources :    Usage  Request Allocated 
	   Cpus                 :                 1         1 
	   Disk (KB)            :        1        1    128928 
	   Memory (MB)          :      183     3900      3968 

	Job terminated of its own accord at 2023-06-09T06:55:21Z.
...
006 (310171.002.000) 2023-06-09 15:55:23 Image size of job updated: 685284
	183  -  MemoryUsage of job (MB)
	186576  -  ResidentSetSize of job (KB)
...
005 (310171.002.000) 2023-06-09 15:55:23 Job terminated.
	(1) Normal termination (return value 0)
		Usr 0 00:01:23, Sys 0 00:00:01  -  Run Remote Usage
		Usr 0 00:00:00, Sys 0 00:00:00  -  Run Local Usage
		Usr 0 00:01:23, Sys 0 00:00:01  -  Total Remote Usage
		Usr 0 00:00:00, Sys 0 00:00:00  -  Total Local Usage
	0  -  Run Bytes Sent By Job
	0  -  Run Bytes Received By Job
	0  -  Total Bytes Sent By Job
	0  -  Total Bytes Received By Job
	Partitionable Resources :    Usage  Request Allocated 
	   Cpus                 :                 1         1 
	   Disk (KB)            :        1        1    128928 
	   Memory (MB)          :      183     3900      3968 

	Job terminated of its own accord at 2023-06-09T06:55:23Z.
...
006 (310171.001.000) 2023-06-09 15:55:27 Image size of job updated: 685304
	183  -  MemoryUsage of job (MB)
	186588  -  ResidentSetSize of job (KB)
...
005 (310171.001.000) 2023-06-09 15:55:27 Job terminated.
	(1) Normal termination (return value 0)
		Usr 0 00:01:25, Sys 0 00:00:01  -  Run Remote Usage
		Usr 0 00:00:00, Sys 0 00:00:00  -  Run Local Usage
		Usr 0 00:01:25, Sys 0 00:00:01  -  Total Remote Usage
		Usr 0 00:00:00, Sys 0 00:00:00  -  Total Local Usage
	0  -  Run Bytes Sent By Job
	0  -  Run Bytes Received By Job
	0  -  Total Bytes Sent By Job
	0  -  Total Bytes Received By Job
	Partitionable Resources :    Usage  Request Allocated 
	   Cpus                 :                 1         1 
	   Disk (KB)            :        1        1    128928 
	   Memory (MB)          :      183     3900      3968 

	Job terminated of its own accord at 2023-06-09T06:55:27Z.
...
006 (310171.006.000) 2023-06-09 15:55:30 Image size of job updated: 688400
	183  -  MemoryUsage of job (MB)
	186580  -  ResidentSetSize of job (KB)
...
005 (310171.006.000) 2023-06-09 15:55:30 Job terminated.
	(1) Normal termination (return value 0)
		Usr 0 00:01:30, Sys 0 00:00:01  -  Run Remote Usage
		Usr 0 00:00:00, Sys 0 00:00:00  -  Run Local Usage
		Usr 0 00:01:30, Sys 0 00:00:01  -  Total Remote Usage
		Usr 0 00:00:00, Sys 0 00:00:00  -  Total Local Usage
	0  -  Run Bytes Sent By Job
	0  -  Run Bytes Received By Job
	0  -  Total Bytes Sent By Job
	0  -  Total Bytes Received By Job
	Partitionable Resources :    Usage  Request Allocated 
	   Cpus                 :     1.00        1         1 
	   Disk (KB)            :     1           1    128928 
	   Memory (MB)          :   183        3900      3968 

	Job terminated of its own accord at 2023-06-09T06:55:30Z.
...
