000 (311155.000.000) 2023-06-12 20:26:22 Job submitted from host: <172.30.1.200:9618?addrs=172.30.1.200-9618&alias=tamsa2.snu.ac.kr&noUDP&sock=schedd_3510_2582>
...
000 (311155.001.000) 2023-06-12 20:26:22 Job submitted from host: <172.30.1.200:9618?addrs=172.30.1.200-9618&alias=tamsa2.snu.ac.kr&noUDP&sock=schedd_3510_2582>
...
000 (311155.002.000) 2023-06-12 20:26:22 Job submitted from host: <172.30.1.200:9618?addrs=172.30.1.200-9618&alias=tamsa2.snu.ac.kr&noUDP&sock=schedd_3510_2582>
...
000 (311155.003.000) 2023-06-12 20:26:22 Job submitted from host: <172.30.1.200:9618?addrs=172.30.1.200-9618&alias=tamsa2.snu.ac.kr&noUDP&sock=schedd_3510_2582>
...
000 (311155.004.000) 2023-06-12 20:26:22 Job submitted from host: <172.30.1.200:9618?addrs=172.30.1.200-9618&alias=tamsa2.snu.ac.kr&noUDP&sock=schedd_3510_2582>
...
000 (311155.005.000) 2023-06-12 20:26:22 Job submitted from host: <172.30.1.200:9618?addrs=172.30.1.200-9618&alias=tamsa2.snu.ac.kr&noUDP&sock=schedd_3510_2582>
...
000 (311155.006.000) 2023-06-12 20:26:22 Job submitted from host: <172.30.1.200:9618?addrs=172.30.1.200-9618&alias=tamsa2.snu.ac.kr&noUDP&sock=schedd_3510_2582>
...
000 (311155.007.000) 2023-06-12 20:26:22 Job submitted from host: <172.30.1.200:9618?addrs=172.30.1.200-9618&alias=tamsa2.snu.ac.kr&noUDP&sock=schedd_3510_2582>
...
000 (311155.008.000) 2023-06-12 20:26:22 Job submitted from host: <172.30.1.200:9618?addrs=172.30.1.200-9618&alias=tamsa2.snu.ac.kr&noUDP&sock=schedd_3510_2582>
...
000 (311155.009.000) 2023-06-12 20:26:22 Job submitted from host: <172.30.1.200:9618?addrs=172.30.1.200-9618&alias=tamsa2.snu.ac.kr&noUDP&sock=schedd_3510_2582>
...
040 (311155.006.000) 2023-06-12 20:27:27 Started transferring input files
	Transferring to host: <172.30.1.101:9618?addrs=172.30.1.101-9618&alias=n1&noUDP&sock=slot1_12_3367_1b22_15247>
...
040 (311155.006.000) 2023-06-12 20:27:27 Finished transferring input files
...
040 (311155.007.000) 2023-06-12 20:27:27 Started transferring input files
	Transferring to host: <172.30.1.101:9618?addrs=172.30.1.101-9618&alias=n1&noUDP&sock=slot1_27_3367_1b22_15248>
...
040 (311155.007.000) 2023-06-12 20:27:27 Finished transferring input files
...
040 (311155.008.000) 2023-06-12 20:27:27 Started transferring input files
	Transferring to host: <172.30.1.101:9618?addrs=172.30.1.101-9618&alias=n1&noUDP&sock=slot1_39_3367_1b22_15249>
...
040 (311155.008.000) 2023-06-12 20:27:27 Finished transferring input files
...
040 (311155.000.000) 2023-06-12 20:27:27 Started transferring input files
	Transferring to host: <172.30.1.102:9618?addrs=172.30.1.102-9618&alias=n2&noUDP&sock=slot1_52_3347_03a1_19119>
...
040 (311155.000.000) 2023-06-12 20:27:27 Finished transferring input files
...
040 (311155.001.000) 2023-06-12 20:27:27 Started transferring input files
	Transferring to host: <172.30.1.102:9618?addrs=172.30.1.102-9618&alias=n2&noUDP&sock=slot1_53_3347_03a1_19120>
...
040 (311155.001.000) 2023-06-12 20:27:27 Finished transferring input files
...
040 (311155.009.000) 2023-06-12 20:27:27 Started transferring input files
	Transferring to host: <172.30.1.101:9618?addrs=172.30.1.101-9618&alias=n1&noUDP&sock=slot1_60_3367_1b22_15250>
...
040 (311155.009.000) 2023-06-12 20:27:27 Finished transferring input files
...
040 (311155.002.000) 2023-06-12 20:27:28 Started transferring input files
	Transferring to host: <172.30.1.102:9618?addrs=172.30.1.102-9618&alias=n2&noUDP&sock=slot1_57_3347_03a1_19121>
...
040 (311155.002.000) 2023-06-12 20:27:28 Finished transferring input files
...
040 (311155.003.000) 2023-06-12 20:27:28 Started transferring input files
	Transferring to host: <172.30.1.102:9618?addrs=172.30.1.102-9618&alias=n2&noUDP&sock=slot1_58_3347_03a1_19122>
...
040 (311155.003.000) 2023-06-12 20:27:28 Finished transferring input files
...
040 (311155.004.000) 2023-06-12 20:27:28 Started transferring input files
	Transferring to host: <172.30.1.102:9618?addrs=172.30.1.102-9618&alias=n2&noUDP&sock=slot1_59_3347_03a1_19123>
...
040 (311155.004.000) 2023-06-12 20:27:28 Finished transferring input files
...
040 (311155.005.000) 2023-06-12 20:27:28 Started transferring input files
	Transferring to host: <172.30.1.102:9618?addrs=172.30.1.102-9618&alias=n2&noUDP&sock=slot1_60_3347_03a1_19124>
...
040 (311155.005.000) 2023-06-12 20:27:28 Finished transferring input files
...
001 (311155.006.000) 2023-06-12 20:27:28 Job executing on host: <172.30.1.101:9618?addrs=172.30.1.101-9618&alias=n1&noUDP&sock=startd_3332_0da7>
...
001 (311155.007.000) 2023-06-12 20:27:28 Job executing on host: <172.30.1.101:9618?addrs=172.30.1.101-9618&alias=n1&noUDP&sock=startd_3332_0da7>
...
001 (311155.008.000) 2023-06-12 20:27:28 Job executing on host: <172.30.1.101:9618?addrs=172.30.1.101-9618&alias=n1&noUDP&sock=startd_3332_0da7>
...
001 (311155.000.000) 2023-06-12 20:27:28 Job executing on host: <172.30.1.102:9618?addrs=172.30.1.102-9618&alias=n2&noUDP&sock=startd_3313_055a>
...
001 (311155.001.000) 2023-06-12 20:27:28 Job executing on host: <172.30.1.102:9618?addrs=172.30.1.102-9618&alias=n2&noUDP&sock=startd_3313_055a>
...
001 (311155.009.000) 2023-06-12 20:27:28 Job executing on host: <172.30.1.101:9618?addrs=172.30.1.101-9618&alias=n1&noUDP&sock=startd_3332_0da7>
...
001 (311155.002.000) 2023-06-12 20:27:29 Job executing on host: <172.30.1.102:9618?addrs=172.30.1.102-9618&alias=n2&noUDP&sock=startd_3313_055a>
...
001 (311155.003.000) 2023-06-12 20:27:29 Job executing on host: <172.30.1.102:9618?addrs=172.30.1.102-9618&alias=n2&noUDP&sock=startd_3313_055a>
...
001 (311155.004.000) 2023-06-12 20:27:29 Job executing on host: <172.30.1.102:9618?addrs=172.30.1.102-9618&alias=n2&noUDP&sock=startd_3313_055a>
...
001 (311155.005.000) 2023-06-12 20:27:29 Job executing on host: <172.30.1.102:9618?addrs=172.30.1.102-9618&alias=n2&noUDP&sock=startd_3313_055a>
...
006 (311155.009.000) 2023-06-12 20:27:37 Image size of job updated: 517244
	168  -  MemoryUsage of job (MB)
	172032  -  ResidentSetSize of job (KB)
...
006 (311155.000.000) 2023-06-12 20:27:37 Image size of job updated: 636512
	183  -  MemoryUsage of job (MB)
	186600  -  ResidentSetSize of job (KB)
...
006 (311155.001.000) 2023-06-12 20:27:37 Image size of job updated: 640624
	184  -  MemoryUsage of job (MB)
	187628  -  ResidentSetSize of job (KB)
...
006 (311155.002.000) 2023-06-12 20:27:37 Image size of job updated: 636752
	184  -  MemoryUsage of job (MB)
	187628  -  ResidentSetSize of job (KB)
...
006 (311155.003.000) 2023-06-12 20:27:37 Image size of job updated: 636768
	184  -  MemoryUsage of job (MB)
	187640  -  ResidentSetSize of job (KB)
...
006 (311155.006.000) 2023-06-12 20:27:37 Image size of job updated: 634604
	177  -  MemoryUsage of job (MB)
	181100  -  ResidentSetSize of job (KB)
...
006 (311155.007.000) 2023-06-12 20:27:37 Image size of job updated: 634604
	178  -  MemoryUsage of job (MB)
	181488  -  ResidentSetSize of job (KB)
...
006 (311155.008.000) 2023-06-12 20:27:37 Image size of job updated: 635104
	178  -  MemoryUsage of job (MB)
	181700  -  ResidentSetSize of job (KB)
...
006 (311155.004.000) 2023-06-12 20:27:38 Image size of job updated: 641224
	184  -  MemoryUsage of job (MB)
	187640  -  ResidentSetSize of job (KB)
...
006 (311155.005.000) 2023-06-12 20:27:38 Image size of job updated: 634744
	184  -  MemoryUsage of job (MB)
	187632  -  ResidentSetSize of job (KB)
...
006 (311155.009.000) 2023-06-12 20:32:37 Image size of job updated: 695640
	219  -  MemoryUsage of job (MB)
	223700  -  ResidentSetSize of job (KB)
...
006 (311155.000.000) 2023-06-12 20:32:37 Image size of job updated: 696916
	220  -  MemoryUsage of job (MB)
	224968  -  ResidentSetSize of job (KB)
...
006 (311155.001.000) 2023-06-12 20:32:37 Image size of job updated: 693660
	217  -  MemoryUsage of job (MB)
	221716  -  ResidentSetSize of job (KB)
...
006 (311155.002.000) 2023-06-12 20:32:37 Image size of job updated: 695524
	219  -  MemoryUsage of job (MB)
	223592  -  ResidentSetSize of job (KB)
...
006 (311155.003.000) 2023-06-12 20:32:37 Image size of job updated: 695604
	219  -  MemoryUsage of job (MB)
	223680  -  ResidentSetSize of job (KB)
...
006 (311155.006.000) 2023-06-12 20:32:38 Image size of job updated: 693784
	217  -  MemoryUsage of job (MB)
	221844  -  ResidentSetSize of job (KB)
...
006 (311155.007.000) 2023-06-12 20:32:38 Image size of job updated: 696856
	220  -  MemoryUsage of job (MB)
	224912  -  ResidentSetSize of job (KB)
...
006 (311155.008.000) 2023-06-12 20:32:38 Image size of job updated: 695596
	219  -  MemoryUsage of job (MB)
	223648  -  ResidentSetSize of job (KB)
...
006 (311155.004.000) 2023-06-12 20:32:39 Image size of job updated: 695576
	220  -  MemoryUsage of job (MB)
	224836  -  ResidentSetSize of job (KB)
...
006 (311155.005.000) 2023-06-12 20:32:39 Image size of job updated: 696868
	220  -  MemoryUsage of job (MB)
	224928  -  ResidentSetSize of job (KB)
...
006 (311155.005.000) 2023-06-12 20:32:54 Image size of job updated: 698788
	220  -  MemoryUsage of job (MB)
	224928  -  ResidentSetSize of job (KB)
...
040 (311155.005.000) 2023-06-12 20:32:54 Started transferring output files
...
040 (311155.005.000) 2023-06-12 20:32:54 Finished transferring output files
...
005 (311155.005.000) 2023-06-12 20:32:54 Job terminated.
	(1) Normal termination (return value 0)
		Usr 0 00:05:17, Sys 0 00:00:03  -  Run Remote Usage
		Usr 0 00:00:00, Sys 0 00:00:00  -  Run Local Usage
		Usr 0 00:05:17, Sys 0 00:00:03  -  Total Remote Usage
		Usr 0 00:00:00, Sys 0 00:00:00  -  Total Local Usage
	9944  -  Run Bytes Sent By Job
	147  -  Run Bytes Received By Job
	9944  -  Total Bytes Sent By Job
	147  -  Total Bytes Received By Job
	Partitionable Resources :    Usage  Request Allocated 
	   Cpus                 :     0.99        1         1 
	   Disk (KB)            :    60           1    123869 
	   Memory (MB)          :   220        3900      3968 

	Job terminated of its own accord at 2023-06-12T11:32:54Z.
...
040 (311155.000.000) 2023-06-12 20:33:06 Started transferring output files
...
040 (311155.000.000) 2023-06-12 20:33:06 Finished transferring output files
...
005 (311155.000.000) 2023-06-12 20:33:06 Job terminated.
	(1) Normal termination (return value 0)
		Usr 0 00:05:29, Sys 0 00:00:03  -  Run Remote Usage
		Usr 0 00:00:00, Sys 0 00:00:00  -  Run Local Usage
		Usr 0 00:05:29, Sys 0 00:00:03  -  Total Remote Usage
		Usr 0 00:00:00, Sys 0 00:00:00  -  Total Local Usage
	10385  -  Run Bytes Sent By Job
	147  -  Run Bytes Received By Job
	10385  -  Total Bytes Sent By Job
	147  -  Total Bytes Received By Job
	Partitionable Resources :    Usage  Request Allocated 
	   Cpus                 :     0.99        1         1 
	   Disk (KB)            :    61           1    123869 
	   Memory (MB)          :   220        3900      3968 

	Job terminated of its own accord at 2023-06-12T11:33:06Z.
...
006 (311155.004.000) 2023-06-12 20:33:14 Image size of job updated: 696768
	220  -  MemoryUsage of job (MB)
	224836  -  ResidentSetSize of job (KB)
...
040 (311155.004.000) 2023-06-12 20:33:14 Started transferring output files
...
040 (311155.004.000) 2023-06-12 20:33:14 Finished transferring output files
...
005 (311155.004.000) 2023-06-12 20:33:14 Job terminated.
	(1) Normal termination (return value 0)
		Usr 0 00:05:39, Sys 0 00:00:03  -  Run Remote Usage
		Usr 0 00:00:00, Sys 0 00:00:00  -  Run Local Usage
		Usr 0 00:05:39, Sys 0 00:00:03  -  Total Remote Usage
		Usr 0 00:00:00, Sys 0 00:00:00  -  Total Local Usage
	10829  -  Run Bytes Sent By Job
	147  -  Run Bytes Received By Job
	10829  -  Total Bytes Sent By Job
	147  -  Total Bytes Received By Job
	Partitionable Resources :    Usage  Request Allocated 
	   Cpus                 :     0.99        1         1 
	   Disk (KB)            :    61           1    123869 
	   Memory (MB)          :   220        3900      3968 

	Job terminated of its own accord at 2023-06-12T11:33:14Z.
...
006 (311155.003.000) 2023-06-12 20:33:15 Image size of job updated: 696848
	219  -  MemoryUsage of job (MB)
	223680  -  ResidentSetSize of job (KB)
...
040 (311155.003.000) 2023-06-12 20:33:15 Started transferring output files
...
040 (311155.003.000) 2023-06-12 20:33:15 Finished transferring output files
...
005 (311155.003.000) 2023-06-12 20:33:15 Job terminated.
	(1) Normal termination (return value 0)
		Usr 0 00:05:39, Sys 0 00:00:03  -  Run Remote Usage
		Usr 0 00:00:00, Sys 0 00:00:00  -  Run Local Usage
		Usr 0 00:05:39, Sys 0 00:00:03  -  Total Remote Usage
		Usr 0 00:00:00, Sys 0 00:00:00  -  Total Local Usage
	10835  -  Run Bytes Sent By Job
	147  -  Run Bytes Received By Job
	10835  -  Total Bytes Sent By Job
	147  -  Total Bytes Received By Job
	Partitionable Resources :    Usage  Request Allocated 
	   Cpus                 :     1.00        1         1 
	   Disk (KB)            :    61           1    123869 
	   Memory (MB)          :   219        3900      3968 

	Job terminated of its own accord at 2023-06-12T11:33:15Z.
...
006 (311155.008.000) 2023-06-12 20:33:30 Image size of job updated: 696836
	219  -  MemoryUsage of job (MB)
	223648  -  ResidentSetSize of job (KB)
...
006 (311155.009.000) 2023-06-12 20:33:30 Image size of job updated: 696884
	219  -  MemoryUsage of job (MB)
	223700  -  ResidentSetSize of job (KB)
...
040 (311155.009.000) 2023-06-12 20:33:30 Started transferring output files
...
040 (311155.008.000) 2023-06-12 20:33:30 Started transferring output files
...
040 (311155.009.000) 2023-06-12 20:33:30 Finished transferring output files
...
040 (311155.008.000) 2023-06-12 20:33:30 Finished transferring output files
...
005 (311155.009.000) 2023-06-12 20:33:30 Job terminated.
	(1) Normal termination (return value 0)
		Usr 0 00:05:52, Sys 0 00:00:03  -  Run Remote Usage
		Usr 0 00:00:00, Sys 0 00:00:00  -  Run Local Usage
		Usr 0 00:05:52, Sys 0 00:00:03  -  Total Remote Usage
		Usr 0 00:00:00, Sys 0 00:00:00  -  Total Local Usage
	10183  -  Run Bytes Sent By Job
	147  -  Run Bytes Received By Job
	10183  -  Total Bytes Sent By Job
	147  -  Total Bytes Received By Job
	Partitionable Resources :    Usage  Request Allocated 
	   Cpus                 :     1.00        1         1 
	   Disk (KB)            :    60           1    127998 
	   Memory (MB)          :   219        3900      3968 

	Job terminated of its own accord at 2023-06-12T11:33:30Z.
...
005 (311155.008.000) 2023-06-12 20:33:30 Job terminated.
	(1) Normal termination (return value 0)
		Usr 0 00:05:53, Sys 0 00:00:04  -  Run Remote Usage
		Usr 0 00:00:00, Sys 0 00:00:00  -  Run Local Usage
		Usr 0 00:05:53, Sys 0 00:00:04  -  Total Remote Usage
		Usr 0 00:00:00, Sys 0 00:00:00  -  Total Local Usage
	9459  -  Run Bytes Sent By Job
	147  -  Run Bytes Received By Job
	9459  -  Total Bytes Sent By Job
	147  -  Total Bytes Received By Job
	Partitionable Resources :    Usage  Request Allocated 
	   Cpus                 :     1.00        1         1 
	   Disk (KB)            :    60           1    127998 
	   Memory (MB)          :   219        3900      3968 

	Job terminated of its own accord at 2023-06-12T11:33:30Z.
...
006 (311155.006.000) 2023-06-12 20:33:54 Image size of job updated: 696960
	217  -  MemoryUsage of job (MB)
	221844  -  ResidentSetSize of job (KB)
...
040 (311155.006.000) 2023-06-12 20:33:54 Started transferring output files
...
040 (311155.006.000) 2023-06-12 20:33:54 Finished transferring output files
...
005 (311155.006.000) 2023-06-12 20:33:54 Job terminated.
	(1) Normal termination (return value 0)
		Usr 0 00:06:17, Sys 0 00:00:04  -  Run Remote Usage
		Usr 0 00:00:00, Sys 0 00:00:00  -  Run Local Usage
		Usr 0 00:06:17, Sys 0 00:00:04  -  Total Remote Usage
		Usr 0 00:00:00, Sys 0 00:00:00  -  Total Local Usage
	10699  -  Run Bytes Sent By Job
	147  -  Run Bytes Received By Job
	10699  -  Total Bytes Sent By Job
	147  -  Total Bytes Received By Job
	Partitionable Resources :    Usage  Request Allocated 
	   Cpus                 :     1.00        1         1 
	   Disk (KB)            :    61           1    127998 
	   Memory (MB)          :   217        3900      3968 

	Job terminated of its own accord at 2023-06-12T11:33:54Z.
...
006 (311155.002.000) 2023-06-12 20:34:07 Image size of job updated: 696748
	219  -  MemoryUsage of job (MB)
	223592  -  ResidentSetSize of job (KB)
...
040 (311155.002.000) 2023-06-12 20:34:07 Started transferring output files
...
040 (311155.002.000) 2023-06-12 20:34:07 Finished transferring output files
...
005 (311155.002.000) 2023-06-12 20:34:07 Job terminated.
	(1) Normal termination (return value 0)
		Usr 0 00:06:31, Sys 0 00:00:03  -  Run Remote Usage
		Usr 0 00:00:00, Sys 0 00:00:00  -  Run Local Usage
		Usr 0 00:06:31, Sys 0 00:00:03  -  Total Remote Usage
		Usr 0 00:00:00, Sys 0 00:00:00  -  Total Local Usage
	8906  -  Run Bytes Sent By Job
	147  -  Run Bytes Received By Job
	8906  -  Total Bytes Sent By Job
	147  -  Total Bytes Received By Job
	Partitionable Resources :    Usage  Request Allocated 
	   Cpus                 :     1.00        1         1 
	   Disk (KB)            :    59           1    123869 
	   Memory (MB)          :   219        3900      3968 

	Job terminated of its own accord at 2023-06-12T11:34:07Z.
...
006 (311155.001.000) 2023-06-12 20:34:29 Image size of job updated: 698792
	217  -  MemoryUsage of job (MB)
	221716  -  ResidentSetSize of job (KB)
...
040 (311155.001.000) 2023-06-12 20:34:29 Started transferring output files
...
040 (311155.001.000) 2023-06-12 20:34:29 Finished transferring output files
...
005 (311155.001.000) 2023-06-12 20:34:29 Job terminated.
	(1) Normal termination (return value 0)
		Usr 0 00:06:53, Sys 0 00:00:04  -  Run Remote Usage
		Usr 0 00:00:00, Sys 0 00:00:00  -  Run Local Usage
		Usr 0 00:06:53, Sys 0 00:00:04  -  Total Remote Usage
		Usr 0 00:00:00, Sys 0 00:00:00  -  Total Local Usage
	11139  -  Run Bytes Sent By Job
	147  -  Run Bytes Received By Job
	11139  -  Total Bytes Sent By Job
	147  -  Total Bytes Received By Job
	Partitionable Resources :    Usage  Request Allocated 
	   Cpus                 :     0.97        1         1 
	   Disk (KB)            :    61           1    123869 
	   Memory (MB)          :   217        3900      3968 

	Job terminated of its own accord at 2023-06-12T11:34:29Z.
...
040 (311155.007.000) 2023-06-12 20:35:29 Started transferring output files
...
040 (311155.007.000) 2023-06-12 20:35:29 Finished transferring output files
...
005 (311155.007.000) 2023-06-12 20:35:29 Job terminated.
	(1) Normal termination (return value 0)
		Usr 0 00:07:53, Sys 0 00:00:04  -  Run Remote Usage
		Usr 0 00:00:00, Sys 0 00:00:00  -  Run Local Usage
		Usr 0 00:07:53, Sys 0 00:00:04  -  Total Remote Usage
		Usr 0 00:00:00, Sys 0 00:00:00  -  Total Local Usage
	9283  -  Run Bytes Sent By Job
	147  -  Run Bytes Received By Job
	9283  -  Total Bytes Sent By Job
	147  -  Total Bytes Received By Job
	Partitionable Resources :    Usage  Request Allocated 
	   Cpus                 :     1.00        1         1 
	   Disk (KB)            :    59           1    127998 
	   Memory (MB)          :   220        3900      3968 

	Job terminated of its own accord at 2023-06-12T11:35:29Z.
...
