000 (310998.000.000) 2023-06-12 17:15:42 Job submitted from host: <172.30.1.200:9618?addrs=172.30.1.200-9618&alias=tamsa2.snu.ac.kr&noUDP&sock=schedd_3510_2582>
...
000 (310998.001.000) 2023-06-12 17:15:42 Job submitted from host: <172.30.1.200:9618?addrs=172.30.1.200-9618&alias=tamsa2.snu.ac.kr&noUDP&sock=schedd_3510_2582>
...
000 (310998.002.000) 2023-06-12 17:15:42 Job submitted from host: <172.30.1.200:9618?addrs=172.30.1.200-9618&alias=tamsa2.snu.ac.kr&noUDP&sock=schedd_3510_2582>
...
000 (310998.003.000) 2023-06-12 17:15:42 Job submitted from host: <172.30.1.200:9618?addrs=172.30.1.200-9618&alias=tamsa2.snu.ac.kr&noUDP&sock=schedd_3510_2582>
...
000 (310998.004.000) 2023-06-12 17:15:42 Job submitted from host: <172.30.1.200:9618?addrs=172.30.1.200-9618&alias=tamsa2.snu.ac.kr&noUDP&sock=schedd_3510_2582>
...
000 (310998.005.000) 2023-06-12 17:15:42 Job submitted from host: <172.30.1.200:9618?addrs=172.30.1.200-9618&alias=tamsa2.snu.ac.kr&noUDP&sock=schedd_3510_2582>
...
000 (310998.006.000) 2023-06-12 17:15:42 Job submitted from host: <172.30.1.200:9618?addrs=172.30.1.200-9618&alias=tamsa2.snu.ac.kr&noUDP&sock=schedd_3510_2582>
...
000 (310998.007.000) 2023-06-12 17:15:42 Job submitted from host: <172.30.1.200:9618?addrs=172.30.1.200-9618&alias=tamsa2.snu.ac.kr&noUDP&sock=schedd_3510_2582>
...
000 (310998.008.000) 2023-06-12 17:15:42 Job submitted from host: <172.30.1.200:9618?addrs=172.30.1.200-9618&alias=tamsa2.snu.ac.kr&noUDP&sock=schedd_3510_2582>
...
000 (310998.009.000) 2023-06-12 17:15:42 Job submitted from host: <172.30.1.200:9618?addrs=172.30.1.200-9618&alias=tamsa2.snu.ac.kr&noUDP&sock=schedd_3510_2582>
...
040 (310998.000.000) 2023-06-12 17:15:57 Started transferring input files
	Transferring to host: <172.30.1.109:9618?addrs=172.30.1.109-9618&alias=n9&noUDP&sock=slot1_12_4265_d407_22770>
...
040 (310998.000.000) 2023-06-12 17:15:57 Finished transferring input files
...
040 (310998.002.000) 2023-06-12 17:15:57 Started transferring input files
	Transferring to host: <172.30.1.109:9618?addrs=172.30.1.109-9618&alias=n9&noUDP&sock=slot1_15_4265_d407_22771>
...
040 (310998.002.000) 2023-06-12 17:15:57 Finished transferring input files
...
040 (310998.001.000) 2023-06-12 17:15:57 Started transferring input files
	Transferring to host: <172.30.1.109:9618?addrs=172.30.1.109-9618&alias=n9&noUDP&sock=slot1_14_4265_d407_22772>
...
040 (310998.001.000) 2023-06-12 17:15:57 Finished transferring input files
...
040 (310998.003.000) 2023-06-12 17:15:57 Started transferring input files
	Transferring to host: <172.30.1.109:9618?addrs=172.30.1.109-9618&alias=n9&noUDP&sock=slot1_20_4265_d407_22773>
...
040 (310998.003.000) 2023-06-12 17:15:57 Finished transferring input files
...
040 (310998.004.000) 2023-06-12 17:15:57 Started transferring input files
	Transferring to host: <172.30.1.109:9618?addrs=172.30.1.109-9618&alias=n9&noUDP&sock=slot1_21_4265_d407_22774>
...
040 (310998.004.000) 2023-06-12 17:15:57 Finished transferring input files
...
040 (310998.005.000) 2023-06-12 17:15:57 Started transferring input files
	Transferring to host: <172.30.1.109:9618?addrs=172.30.1.109-9618&alias=n9&noUDP&sock=slot1_23_4265_d407_22775>
...
040 (310998.005.000) 2023-06-12 17:15:57 Finished transferring input files
...
040 (310998.006.000) 2023-06-12 17:15:57 Started transferring input files
	Transferring to host: <172.30.1.109:9618?addrs=172.30.1.109-9618&alias=n9&noUDP&sock=slot1_24_4265_d407_22776>
...
040 (310998.006.000) 2023-06-12 17:15:57 Finished transferring input files
...
040 (310998.007.000) 2023-06-12 17:15:57 Started transferring input files
	Transferring to host: <172.30.1.109:9618?addrs=172.30.1.109-9618&alias=n9&noUDP&sock=slot1_27_4265_d407_22777>
...
040 (310998.007.000) 2023-06-12 17:15:57 Finished transferring input files
...
040 (310998.008.000) 2023-06-12 17:15:57 Started transferring input files
	Transferring to host: <172.30.1.109:9618?addrs=172.30.1.109-9618&alias=n9&noUDP&sock=slot1_28_4265_d407_22778>
...
040 (310998.008.000) 2023-06-12 17:15:57 Finished transferring input files
...
040 (310998.009.000) 2023-06-12 17:15:57 Started transferring input files
	Transferring to host: <172.30.1.109:9618?addrs=172.30.1.109-9618&alias=n9&noUDP&sock=slot1_32_4265_d407_22779>
...
040 (310998.009.000) 2023-06-12 17:15:57 Finished transferring input files
...
001 (310998.000.000) 2023-06-12 17:15:58 Job executing on host: <172.30.1.109:9618?addrs=172.30.1.109-9618&alias=n9&noUDP&sock=startd_4231_b14b>
...
001 (310998.002.000) 2023-06-12 17:15:58 Job executing on host: <172.30.1.109:9618?addrs=172.30.1.109-9618&alias=n9&noUDP&sock=startd_4231_b14b>
...
001 (310998.001.000) 2023-06-12 17:15:58 Job executing on host: <172.30.1.109:9618?addrs=172.30.1.109-9618&alias=n9&noUDP&sock=startd_4231_b14b>
...
001 (310998.003.000) 2023-06-12 17:15:58 Job executing on host: <172.30.1.109:9618?addrs=172.30.1.109-9618&alias=n9&noUDP&sock=startd_4231_b14b>
...
001 (310998.004.000) 2023-06-12 17:15:58 Job executing on host: <172.30.1.109:9618?addrs=172.30.1.109-9618&alias=n9&noUDP&sock=startd_4231_b14b>
...
001 (310998.005.000) 2023-06-12 17:15:58 Job executing on host: <172.30.1.109:9618?addrs=172.30.1.109-9618&alias=n9&noUDP&sock=startd_4231_b14b>
...
001 (310998.006.000) 2023-06-12 17:15:58 Job executing on host: <172.30.1.109:9618?addrs=172.30.1.109-9618&alias=n9&noUDP&sock=startd_4231_b14b>
...
001 (310998.007.000) 2023-06-12 17:15:58 Job executing on host: <172.30.1.109:9618?addrs=172.30.1.109-9618&alias=n9&noUDP&sock=startd_4231_b14b>
...
001 (310998.008.000) 2023-06-12 17:15:58 Job executing on host: <172.30.1.109:9618?addrs=172.30.1.109-9618&alias=n9&noUDP&sock=startd_4231_b14b>
...
001 (310998.009.000) 2023-06-12 17:15:58 Job executing on host: <172.30.1.109:9618?addrs=172.30.1.109-9618&alias=n9&noUDP&sock=startd_4231_b14b>
...
006 (310998.008.000) 2023-06-12 17:16:07 Image size of job updated: 644864
	205  -  MemoryUsage of job (MB)
	209304  -  ResidentSetSize of job (KB)
...
006 (310998.009.000) 2023-06-12 17:16:07 Image size of job updated: 646760
	205  -  MemoryUsage of job (MB)
	209288  -  ResidentSetSize of job (KB)
...
006 (310998.000.000) 2023-06-12 17:16:07 Image size of job updated: 646760
	208  -  MemoryUsage of job (MB)
	212668  -  ResidentSetSize of job (KB)
...
006 (310998.002.000) 2023-06-12 17:16:07 Image size of job updated: 646760
	196  -  MemoryUsage of job (MB)
	200008  -  ResidentSetSize of job (KB)
...
006 (310998.001.000) 2023-06-12 17:16:07 Image size of job updated: 640940
	208  -  MemoryUsage of job (MB)
	212732  -  ResidentSetSize of job (KB)
...
006 (310998.003.000) 2023-06-12 17:16:07 Image size of job updated: 646756
	208  -  MemoryUsage of job (MB)
	212708  -  ResidentSetSize of job (KB)
...
006 (310998.004.000) 2023-06-12 17:16:07 Image size of job updated: 646756
	206  -  MemoryUsage of job (MB)
	210936  -  ResidentSetSize of job (KB)
...
006 (310998.005.000) 2023-06-12 17:16:07 Image size of job updated: 646760
	208  -  MemoryUsage of job (MB)
	212680  -  ResidentSetSize of job (KB)
...
006 (310998.006.000) 2023-06-12 17:16:07 Image size of job updated: 646760
	202  -  MemoryUsage of job (MB)
	205856  -  ResidentSetSize of job (KB)
...
006 (310998.007.000) 2023-06-12 17:16:07 Image size of job updated: 646756
	208  -  MemoryUsage of job (MB)
	212696  -  ResidentSetSize of job (KB)
...
040 (310998.003.000) 2023-06-12 17:16:11 Started transferring output files
...
040 (310998.003.000) 2023-06-12 17:16:12 Finished transferring output files
...
005 (310998.003.000) 2023-06-12 17:16:12 Job terminated.
	(1) Normal termination (return value 0)
		Usr 0 00:00:11, Sys 0 00:00:01  -  Run Remote Usage
		Usr 0 00:00:00, Sys 0 00:00:00  -  Run Local Usage
		Usr 0 00:00:11, Sys 0 00:00:01  -  Total Remote Usage
		Usr 0 00:00:00, Sys 0 00:00:00  -  Total Local Usage
	3828  -  Run Bytes Sent By Job
	148  -  Run Bytes Received By Job
	3828  -  Total Bytes Sent By Job
	148  -  Total Bytes Received By Job
	Partitionable Resources :    Usage  Request Allocated 
	   Cpus                 :                 1         1 
	   Disk (KB)            :       49        1    127899 
	   Memory (MB)          :      208     3900      3968 

	Job terminated of its own accord at 2023-06-12T08:16:11Z.
...
006 (310998.008.000) 2023-06-12 17:16:13 Image size of job updated: 686440
	205  -  MemoryUsage of job (MB)
	209304  -  ResidentSetSize of job (KB)
...
006 (310998.005.000) 2023-06-12 17:16:13 Image size of job updated: 686396
	208  -  MemoryUsage of job (MB)
	212680  -  ResidentSetSize of job (KB)
...
040 (310998.008.000) 2023-06-12 17:16:13 Started transferring output files
...
040 (310998.008.000) 2023-06-12 17:16:13 Finished transferring output files
...
005 (310998.008.000) 2023-06-12 17:16:13 Job terminated.
	(1) Normal termination (return value 0)
		Usr 0 00:00:13, Sys 0 00:00:01  -  Run Remote Usage
		Usr 0 00:00:00, Sys 0 00:00:00  -  Run Local Usage
		Usr 0 00:00:13, Sys 0 00:00:01  -  Total Remote Usage
		Usr 0 00:00:00, Sys 0 00:00:00  -  Total Local Usage
	3818  -  Run Bytes Sent By Job
	148  -  Run Bytes Received By Job
	3818  -  Total Bytes Sent By Job
	148  -  Total Bytes Received By Job
	Partitionable Resources :    Usage  Request Allocated 
	   Cpus                 :                 1         1 
	   Disk (KB)            :       49        1    127899 
	   Memory (MB)          :      205     3900      3968 

	Job terminated of its own accord at 2023-06-12T08:16:13Z.
...
040 (310998.005.000) 2023-06-12 17:16:13 Started transferring output files
...
040 (310998.005.000) 2023-06-12 17:16:13 Finished transferring output files
...
005 (310998.005.000) 2023-06-12 17:16:13 Job terminated.
	(1) Normal termination (return value 0)
		Usr 0 00:00:13, Sys 0 00:00:01  -  Run Remote Usage
		Usr 0 00:00:00, Sys 0 00:00:00  -  Run Local Usage
		Usr 0 00:00:13, Sys 0 00:00:01  -  Total Remote Usage
		Usr 0 00:00:00, Sys 0 00:00:00  -  Total Local Usage
	3849  -  Run Bytes Sent By Job
	148  -  Run Bytes Received By Job
	3849  -  Total Bytes Sent By Job
	148  -  Total Bytes Received By Job
	Partitionable Resources :    Usage  Request Allocated 
	   Cpus                 :                 1         1 
	   Disk (KB)            :       49        1    127899 
	   Memory (MB)          :      208     3900      3968 

	Job terminated of its own accord at 2023-06-12T08:16:13Z.
...
006 (310998.009.000) 2023-06-12 17:16:14 Image size of job updated: 686444
	205  -  MemoryUsage of job (MB)
	209288  -  ResidentSetSize of job (KB)
...
040 (310998.009.000) 2023-06-12 17:16:14 Started transferring output files
...
040 (310998.009.000) 2023-06-12 17:16:14 Finished transferring output files
...
005 (310998.009.000) 2023-06-12 17:16:14 Job terminated.
	(1) Normal termination (return value 0)
		Usr 0 00:00:14, Sys 0 00:00:01  -  Run Remote Usage
		Usr 0 00:00:00, Sys 0 00:00:00  -  Run Local Usage
		Usr 0 00:00:14, Sys 0 00:00:01  -  Total Remote Usage
		Usr 0 00:00:00, Sys 0 00:00:00  -  Total Local Usage
	3818  -  Run Bytes Sent By Job
	148  -  Run Bytes Received By Job
	3818  -  Total Bytes Sent By Job
	148  -  Total Bytes Received By Job
	Partitionable Resources :    Usage  Request Allocated 
	   Cpus                 :                 1         1 
	   Disk (KB)            :       49        1    127899 
	   Memory (MB)          :      205     3900      3968 

	Job terminated of its own accord at 2023-06-12T08:16:14Z.
...
006 (310998.006.000) 2023-06-12 17:16:15 Image size of job updated: 686216
	202  -  MemoryUsage of job (MB)
	205856  -  ResidentSetSize of job (KB)
...
040 (310998.006.000) 2023-06-12 17:16:15 Started transferring output files
...
040 (310998.006.000) 2023-06-12 17:16:15 Finished transferring output files
...
005 (310998.006.000) 2023-06-12 17:16:15 Job terminated.
	(1) Normal termination (return value 0)
		Usr 0 00:00:14, Sys 0 00:00:01  -  Run Remote Usage
		Usr 0 00:00:00, Sys 0 00:00:00  -  Run Local Usage
		Usr 0 00:00:14, Sys 0 00:00:01  -  Total Remote Usage
		Usr 0 00:00:00, Sys 0 00:00:00  -  Total Local Usage
	3849  -  Run Bytes Sent By Job
	148  -  Run Bytes Received By Job
	3849  -  Total Bytes Sent By Job
	148  -  Total Bytes Received By Job
	Partitionable Resources :    Usage  Request Allocated 
	   Cpus                 :                 1         1 
	   Disk (KB)            :       49        1    127899 
	   Memory (MB)          :      202     3900      3968 

	Job terminated of its own accord at 2023-06-12T08:16:15Z.
...
006 (310998.000.000) 2023-06-12 17:16:15 Image size of job updated: 686424
	208  -  MemoryUsage of job (MB)
	212676  -  ResidentSetSize of job (KB)
...
040 (310998.000.000) 2023-06-12 17:16:15 Started transferring output files
...
040 (310998.000.000) 2023-06-12 17:16:15 Finished transferring output files
...
005 (310998.000.000) 2023-06-12 17:16:15 Job terminated.
	(1) Normal termination (return value 0)
		Usr 0 00:00:15, Sys 0 00:00:01  -  Run Remote Usage
		Usr 0 00:00:00, Sys 0 00:00:00  -  Run Local Usage
		Usr 0 00:00:15, Sys 0 00:00:01  -  Total Remote Usage
		Usr 0 00:00:00, Sys 0 00:00:00  -  Total Local Usage
	3889  -  Run Bytes Sent By Job
	148  -  Run Bytes Received By Job
	3889  -  Total Bytes Sent By Job
	148  -  Total Bytes Received By Job
	Partitionable Resources :    Usage  Request Allocated 
	   Cpus                 :                 1         1 
	   Disk (KB)            :       49        1    127899 
	   Memory (MB)          :      208     3900      3968 

	Job terminated of its own accord at 2023-06-12T08:16:15Z.
...
006 (310998.004.000) 2023-06-12 17:16:16 Image size of job updated: 686232
	206  -  MemoryUsage of job (MB)
	210936  -  ResidentSetSize of job (KB)
...
040 (310998.004.000) 2023-06-12 17:16:16 Started transferring output files
...
040 (310998.004.000) 2023-06-12 17:16:16 Finished transferring output files
...
005 (310998.004.000) 2023-06-12 17:16:16 Job terminated.
	(1) Normal termination (return value 0)
		Usr 0 00:00:16, Sys 0 00:00:01  -  Run Remote Usage
		Usr 0 00:00:00, Sys 0 00:00:00  -  Run Local Usage
		Usr 0 00:00:16, Sys 0 00:00:01  -  Total Remote Usage
		Usr 0 00:00:00, Sys 0 00:00:00  -  Total Local Usage
	3947  -  Run Bytes Sent By Job
	148  -  Run Bytes Received By Job
	3947  -  Total Bytes Sent By Job
	148  -  Total Bytes Received By Job
	Partitionable Resources :    Usage  Request Allocated 
	   Cpus                 :                 1         1 
	   Disk (KB)            :       49        1    127899 
	   Memory (MB)          :      206     3900      3968 

	Job terminated of its own accord at 2023-06-12T08:16:16Z.
...
006 (310998.002.000) 2023-06-12 17:16:19 Image size of job updated: 686212
	196  -  MemoryUsage of job (MB)
	200016  -  ResidentSetSize of job (KB)
...
006 (310998.007.000) 2023-06-12 17:16:19 Image size of job updated: 686440
	208  -  MemoryUsage of job (MB)
	212696  -  ResidentSetSize of job (KB)
...
040 (310998.002.000) 2023-06-12 17:16:19 Started transferring output files
...
040 (310998.002.000) 2023-06-12 17:16:19 Finished transferring output files
...
005 (310998.002.000) 2023-06-12 17:16:19 Job terminated.
	(1) Normal termination (return value 0)
		Usr 0 00:00:19, Sys 0 00:00:01  -  Run Remote Usage
		Usr 0 00:00:00, Sys 0 00:00:00  -  Run Local Usage
		Usr 0 00:00:19, Sys 0 00:00:01  -  Total Remote Usage
		Usr 0 00:00:00, Sys 0 00:00:00  -  Total Local Usage
	3859  -  Run Bytes Sent By Job
	148  -  Run Bytes Received By Job
	3859  -  Total Bytes Sent By Job
	148  -  Total Bytes Received By Job
	Partitionable Resources :    Usage  Request Allocated 
	   Cpus                 :                 1         1 
	   Disk (KB)            :       49        1    127899 
	   Memory (MB)          :      196     3900      3968 

	Job terminated of its own accord at 2023-06-12T08:16:19Z.
...
040 (310998.007.000) 2023-06-12 17:16:19 Started transferring output files
...
040 (310998.007.000) 2023-06-12 17:16:19 Finished transferring output files
...
005 (310998.007.000) 2023-06-12 17:16:19 Job terminated.
	(1) Normal termination (return value 0)
		Usr 0 00:00:18, Sys 0 00:00:01  -  Run Remote Usage
		Usr 0 00:00:00, Sys 0 00:00:00  -  Run Local Usage
		Usr 0 00:00:18, Sys 0 00:00:01  -  Total Remote Usage
		Usr 0 00:00:00, Sys 0 00:00:00  -  Total Local Usage
	3818  -  Run Bytes Sent By Job
	148  -  Run Bytes Received By Job
	3818  -  Total Bytes Sent By Job
	148  -  Total Bytes Received By Job
	Partitionable Resources :    Usage  Request Allocated 
	   Cpus                 :                 1         1 
	   Disk (KB)            :       49        1    127899 
	   Memory (MB)          :      208     3900      3968 

	Job terminated of its own accord at 2023-06-12T08:16:19Z.
...
006 (310998.001.000) 2023-06-12 17:16:24 Image size of job updated: 686436
	208  -  MemoryUsage of job (MB)
	212732  -  ResidentSetSize of job (KB)
...
040 (310998.001.000) 2023-06-12 17:16:24 Started transferring output files
...
040 (310998.001.000) 2023-06-12 17:16:24 Finished transferring output files
...
005 (310998.001.000) 2023-06-12 17:16:24 Job terminated.
	(1) Normal termination (return value 0)
		Usr 0 00:00:24, Sys 0 00:00:01  -  Run Remote Usage
		Usr 0 00:00:00, Sys 0 00:00:00  -  Run Local Usage
		Usr 0 00:00:24, Sys 0 00:00:01  -  Total Remote Usage
		Usr 0 00:00:00, Sys 0 00:00:00  -  Total Local Usage
	3859  -  Run Bytes Sent By Job
	148  -  Run Bytes Received By Job
	3859  -  Total Bytes Sent By Job
	148  -  Total Bytes Received By Job
	Partitionable Resources :    Usage  Request Allocated 
	   Cpus                 :                 1         1 
	   Disk (KB)            :       49        1    127899 
	   Memory (MB)          :      208     3900      3968 

	Job terminated of its own accord at 2023-06-12T08:16:24Z.
...
