000 (330211.000.000) 2023-07-25 13:01:06 Job submitted from host: <172.30.1.200:9618?addrs=172.30.1.200-9618&alias=tamsa2.snu.ac.kr&noUDP&sock=schedd_3510_2582>
...
000 (330211.001.000) 2023-07-25 13:01:06 Job submitted from host: <172.30.1.200:9618?addrs=172.30.1.200-9618&alias=tamsa2.snu.ac.kr&noUDP&sock=schedd_3510_2582>
...
000 (330211.002.000) 2023-07-25 13:01:06 Job submitted from host: <172.30.1.200:9618?addrs=172.30.1.200-9618&alias=tamsa2.snu.ac.kr&noUDP&sock=schedd_3510_2582>
...
000 (330211.003.000) 2023-07-25 13:01:06 Job submitted from host: <172.30.1.200:9618?addrs=172.30.1.200-9618&alias=tamsa2.snu.ac.kr&noUDP&sock=schedd_3510_2582>
...
000 (330211.004.000) 2023-07-25 13:01:06 Job submitted from host: <172.30.1.200:9618?addrs=172.30.1.200-9618&alias=tamsa2.snu.ac.kr&noUDP&sock=schedd_3510_2582>
...
000 (330211.005.000) 2023-07-25 13:01:06 Job submitted from host: <172.30.1.200:9618?addrs=172.30.1.200-9618&alias=tamsa2.snu.ac.kr&noUDP&sock=schedd_3510_2582>
...
000 (330211.006.000) 2023-07-25 13:01:06 Job submitted from host: <172.30.1.200:9618?addrs=172.30.1.200-9618&alias=tamsa2.snu.ac.kr&noUDP&sock=schedd_3510_2582>
...
000 (330211.007.000) 2023-07-25 13:01:06 Job submitted from host: <172.30.1.200:9618?addrs=172.30.1.200-9618&alias=tamsa2.snu.ac.kr&noUDP&sock=schedd_3510_2582>
...
000 (330211.008.000) 2023-07-25 13:01:06 Job submitted from host: <172.30.1.200:9618?addrs=172.30.1.200-9618&alias=tamsa2.snu.ac.kr&noUDP&sock=schedd_3510_2582>
...
000 (330211.009.000) 2023-07-25 13:01:06 Job submitted from host: <172.30.1.200:9618?addrs=172.30.1.200-9618&alias=tamsa2.snu.ac.kr&noUDP&sock=schedd_3510_2582>
...
001 (330211.000.000) 2023-07-25 13:01:17 Job executing on host: <172.30.1.206:9618?addrs=172.30.1.206-9618&alias=node6&noUDP&sock=startd_3777_494c>
...
001 (330211.001.000) 2023-07-25 13:01:17 Job executing on host: <172.30.1.206:9618?addrs=172.30.1.206-9618&alias=node6&noUDP&sock=startd_3777_494c>
...
001 (330211.002.000) 2023-07-25 13:01:17 Job executing on host: <172.30.1.206:9618?addrs=172.30.1.206-9618&alias=node6&noUDP&sock=startd_3777_494c>
...
001 (330211.003.000) 2023-07-25 13:01:17 Job executing on host: <172.30.1.206:9618?addrs=172.30.1.206-9618&alias=node6&noUDP&sock=startd_3777_494c>
...
001 (330211.004.000) 2023-07-25 13:01:17 Job executing on host: <172.30.1.206:9618?addrs=172.30.1.206-9618&alias=node6&noUDP&sock=startd_3777_494c>
...
001 (330211.005.000) 2023-07-25 13:01:17 Job executing on host: <172.30.1.206:9618?addrs=172.30.1.206-9618&alias=node6&noUDP&sock=startd_3777_494c>
...
001 (330211.006.000) 2023-07-25 13:01:17 Job executing on host: <172.30.1.206:9618?addrs=172.30.1.206-9618&alias=node6&noUDP&sock=startd_3777_494c>
...
001 (330211.007.000) 2023-07-25 13:01:17 Job executing on host: <172.30.1.206:9618?addrs=172.30.1.206-9618&alias=node6&noUDP&sock=startd_3777_494c>
...
001 (330211.008.000) 2023-07-25 13:01:17 Job executing on host: <172.30.1.206:9618?addrs=172.30.1.206-9618&alias=node6&noUDP&sock=startd_3777_494c>
...
001 (330211.009.000) 2023-07-25 13:01:17 Job executing on host: <172.30.1.206:9618?addrs=172.30.1.206-9618&alias=node6&noUDP&sock=startd_3777_494c>
...
006 (330211.000.000) 2023-07-25 13:01:25 Image size of job updated: 510072
	158  -  MemoryUsage of job (MB)
	161512  -  ResidentSetSize of job (KB)
...
006 (330211.001.000) 2023-07-25 13:01:25 Image size of job updated: 509928
	160  -  MemoryUsage of job (MB)
	163396  -  ResidentSetSize of job (KB)
...
006 (330211.002.000) 2023-07-25 13:01:25 Image size of job updated: 509928
	164  -  MemoryUsage of job (MB)
	167852  -  ResidentSetSize of job (KB)
...
006 (330211.003.000) 2023-07-25 13:01:25 Image size of job updated: 509928
	167  -  MemoryUsage of job (MB)
	170996  -  ResidentSetSize of job (KB)
...
006 (330211.004.000) 2023-07-25 13:01:25 Image size of job updated: 442448
	150  -  MemoryUsage of job (MB)
	152940  -  ResidentSetSize of job (KB)
...
006 (330211.005.000) 2023-07-25 13:01:25 Image size of job updated: 442448
	157  -  MemoryUsage of job (MB)
	159892  -  ResidentSetSize of job (KB)
...
006 (330211.006.000) 2023-07-25 13:01:26 Image size of job updated: 442448
	183  -  MemoryUsage of job (MB)
	186584  -  ResidentSetSize of job (KB)
...
006 (330211.007.000) 2023-07-25 13:01:26 Image size of job updated: 442448
	183  -  MemoryUsage of job (MB)
	186592  -  ResidentSetSize of job (KB)
...
006 (330211.008.000) 2023-07-25 13:01:26 Image size of job updated: 472592
	183  -  MemoryUsage of job (MB)
	186600  -  ResidentSetSize of job (KB)
...
006 (330211.009.000) 2023-07-25 13:01:26 Image size of job updated: 442448
	183  -  MemoryUsage of job (MB)
	186592  -  ResidentSetSize of job (KB)
...
006 (330211.009.000) 2023-07-25 13:01:37 Image size of job updated: 687148
	183  -  MemoryUsage of job (MB)
	186592  -  ResidentSetSize of job (KB)
...
005 (330211.009.000) 2023-07-25 13:01:37 Job terminated.
	(1) Normal termination (return value 0)
		Usr 0 00:00:13, Sys 0 00:00:00  -  Run Remote Usage
		Usr 0 00:00:00, Sys 0 00:00:00  -  Run Local Usage
		Usr 0 00:00:13, Sys 0 00:00:00  -  Total Remote Usage
		Usr 0 00:00:00, Sys 0 00:00:00  -  Total Local Usage
	0  -  Run Bytes Sent By Job
	0  -  Run Bytes Received By Job
	0  -  Total Bytes Sent By Job
	0  -  Total Bytes Received By Job
	Partitionable Resources :    Usage  Request Allocated 
	   Cpus                 :                 1         1 
	   Disk (KB)            :        1        1     95898 
	   Memory (MB)          :      183     3900      3968 

	Job terminated of its own accord at 2023-07-25T04:01:37Z.
...
006 (330211.003.000) 2023-07-25 13:01:38 Image size of job updated: 686436
	167  -  MemoryUsage of job (MB)
	170996  -  ResidentSetSize of job (KB)
...
005 (330211.003.000) 2023-07-25 13:01:38 Job terminated.
	(1) Normal termination (return value 0)
		Usr 0 00:00:14, Sys 0 00:00:00  -  Run Remote Usage
		Usr 0 00:00:00, Sys 0 00:00:00  -  Run Local Usage
		Usr 0 00:00:14, Sys 0 00:00:00  -  Total Remote Usage
		Usr 0 00:00:00, Sys 0 00:00:00  -  Total Local Usage
	0  -  Run Bytes Sent By Job
	0  -  Run Bytes Received By Job
	0  -  Total Bytes Sent By Job
	0  -  Total Bytes Received By Job
	Partitionable Resources :    Usage  Request Allocated 
	   Cpus                 :                 1         1 
	   Disk (KB)            :        1        1     95898 
	   Memory (MB)          :      167     3900      3968 

	Job terminated of its own accord at 2023-07-25T04:01:38Z.
...
006 (330211.007.000) 2023-07-25 13:01:38 Image size of job updated: 687188
	183  -  MemoryUsage of job (MB)
	186592  -  ResidentSetSize of job (KB)
...
005 (330211.007.000) 2023-07-25 13:01:38 Job terminated.
	(1) Normal termination (return value 0)
		Usr 0 00:00:13, Sys 0 00:00:00  -  Run Remote Usage
		Usr 0 00:00:00, Sys 0 00:00:00  -  Run Local Usage
		Usr 0 00:00:13, Sys 0 00:00:00  -  Total Remote Usage
		Usr 0 00:00:00, Sys 0 00:00:00  -  Total Local Usage
	0  -  Run Bytes Sent By Job
	0  -  Run Bytes Received By Job
	0  -  Total Bytes Sent By Job
	0  -  Total Bytes Received By Job
	Partitionable Resources :    Usage  Request Allocated 
	   Cpus                 :                 1         1 
	   Disk (KB)            :        1        1     95898 
	   Memory (MB)          :      183     3900      3968 

	Job terminated of its own accord at 2023-07-25T04:01:38Z.
...
006 (330211.004.000) 2023-07-25 13:01:39 Image size of job updated: 686452
	150  -  MemoryUsage of job (MB)
	153004  -  ResidentSetSize of job (KB)
...
005 (330211.004.000) 2023-07-25 13:01:39 Job terminated.
	(1) Normal termination (return value 0)
		Usr 0 00:00:15, Sys 0 00:00:00  -  Run Remote Usage
		Usr 0 00:00:00, Sys 0 00:00:00  -  Run Local Usage
		Usr 0 00:00:15, Sys 0 00:00:00  -  Total Remote Usage
		Usr 0 00:00:00, Sys 0 00:00:00  -  Total Local Usage
	0  -  Run Bytes Sent By Job
	0  -  Run Bytes Received By Job
	0  -  Total Bytes Sent By Job
	0  -  Total Bytes Received By Job
	Partitionable Resources :    Usage  Request Allocated 
	   Cpus                 :                 1         1 
	   Disk (KB)            :        1        1     95898 
	   Memory (MB)          :      150     3900      3968 

	Job terminated of its own accord at 2023-07-25T04:01:39Z.
...
006 (330211.000.000) 2023-07-25 13:01:40 Image size of job updated: 686584
	158  -  MemoryUsage of job (MB)
	161572  -  ResidentSetSize of job (KB)
...
005 (330211.000.000) 2023-07-25 13:01:40 Job terminated.
	(1) Normal termination (return value 0)
		Usr 0 00:00:16, Sys 0 00:00:00  -  Run Remote Usage
		Usr 0 00:00:00, Sys 0 00:00:00  -  Run Local Usage
		Usr 0 00:00:16, Sys 0 00:00:00  -  Total Remote Usage
		Usr 0 00:00:00, Sys 0 00:00:00  -  Total Local Usage
	0  -  Run Bytes Sent By Job
	0  -  Run Bytes Received By Job
	0  -  Total Bytes Sent By Job
	0  -  Total Bytes Received By Job
	Partitionable Resources :    Usage  Request Allocated 
	   Cpus                 :                 1         1 
	   Disk (KB)            :        1        1     95898 
	   Memory (MB)          :      158     3900      3968 

	Job terminated of its own accord at 2023-07-25T04:01:40Z.
...
006 (330211.002.000) 2023-07-25 13:01:41 Image size of job updated: 687144
	164  -  MemoryUsage of job (MB)
	167852  -  ResidentSetSize of job (KB)
...
005 (330211.002.000) 2023-07-25 13:01:41 Job terminated.
	(1) Normal termination (return value 0)
		Usr 0 00:00:16, Sys 0 00:00:01  -  Run Remote Usage
		Usr 0 00:00:00, Sys 0 00:00:00  -  Run Local Usage
		Usr 0 00:00:16, Sys 0 00:00:01  -  Total Remote Usage
		Usr 0 00:00:00, Sys 0 00:00:00  -  Total Local Usage
	0  -  Run Bytes Sent By Job
	0  -  Run Bytes Received By Job
	0  -  Total Bytes Sent By Job
	0  -  Total Bytes Received By Job
	Partitionable Resources :    Usage  Request Allocated 
	   Cpus                 :                 1         1 
	   Disk (KB)            :        1        1     95898 
	   Memory (MB)          :      164     3900      3968 

	Job terminated of its own accord at 2023-07-25T04:01:41Z.
...
006 (330211.008.000) 2023-07-25 13:01:42 Image size of job updated: 686680
	183  -  MemoryUsage of job (MB)
	186600  -  ResidentSetSize of job (KB)
...
005 (330211.008.000) 2023-07-25 13:01:42 Job terminated.
	(1) Normal termination (return value 0)
		Usr 0 00:00:18, Sys 0 00:00:00  -  Run Remote Usage
		Usr 0 00:00:00, Sys 0 00:00:00  -  Run Local Usage
		Usr 0 00:00:18, Sys 0 00:00:00  -  Total Remote Usage
		Usr 0 00:00:00, Sys 0 00:00:00  -  Total Local Usage
	0  -  Run Bytes Sent By Job
	0  -  Run Bytes Received By Job
	0  -  Total Bytes Sent By Job
	0  -  Total Bytes Received By Job
	Partitionable Resources :    Usage  Request Allocated 
	   Cpus                 :                 1         1 
	   Disk (KB)            :        1        1     95898 
	   Memory (MB)          :      183     3900      3968 

	Job terminated of its own accord at 2023-07-25T04:01:42Z.
...
006 (330211.005.000) 2023-07-25 13:01:43 Image size of job updated: 688380
	157  -  MemoryUsage of job (MB)
	159908  -  ResidentSetSize of job (KB)
...
005 (330211.005.000) 2023-07-25 13:01:43 Job terminated.
	(1) Normal termination (return value 0)
		Usr 0 00:00:18, Sys 0 00:00:00  -  Run Remote Usage
		Usr 0 00:00:00, Sys 0 00:00:00  -  Run Local Usage
		Usr 0 00:00:18, Sys 0 00:00:00  -  Total Remote Usage
		Usr 0 00:00:00, Sys 0 00:00:00  -  Total Local Usage
	0  -  Run Bytes Sent By Job
	0  -  Run Bytes Received By Job
	0  -  Total Bytes Sent By Job
	0  -  Total Bytes Received By Job
	Partitionable Resources :    Usage  Request Allocated 
	   Cpus                 :                 1         1 
	   Disk (KB)            :        1        1     95898 
	   Memory (MB)          :      157     3900      3968 

	Job terminated of its own accord at 2023-07-25T04:01:43Z.
...
006 (330211.001.000) 2023-07-25 13:01:44 Image size of job updated: 686560
	160  -  MemoryUsage of job (MB)
	163428  -  ResidentSetSize of job (KB)
...
005 (330211.001.000) 2023-07-25 13:01:44 Job terminated.
	(1) Normal termination (return value 0)
		Usr 0 00:00:20, Sys 0 00:00:00  -  Run Remote Usage
		Usr 0 00:00:00, Sys 0 00:00:00  -  Run Local Usage
		Usr 0 00:00:20, Sys 0 00:00:00  -  Total Remote Usage
		Usr 0 00:00:00, Sys 0 00:00:00  -  Total Local Usage
	0  -  Run Bytes Sent By Job
	0  -  Run Bytes Received By Job
	0  -  Total Bytes Sent By Job
	0  -  Total Bytes Received By Job
	Partitionable Resources :    Usage  Request Allocated 
	   Cpus                 :                 1         1 
	   Disk (KB)            :        1        1     95898 
	   Memory (MB)          :      160     3900      3968 

	Job terminated of its own accord at 2023-07-25T04:01:44Z.
...
006 (330211.006.000) 2023-07-25 13:01:45 Image size of job updated: 686548
	183  -  MemoryUsage of job (MB)
	186584  -  ResidentSetSize of job (KB)
...
005 (330211.006.000) 2023-07-25 13:01:45 Job terminated.
	(1) Normal termination (return value 0)
		Usr 0 00:00:20, Sys 0 00:00:00  -  Run Remote Usage
		Usr 0 00:00:00, Sys 0 00:00:00  -  Run Local Usage
		Usr 0 00:00:20, Sys 0 00:00:00  -  Total Remote Usage
		Usr 0 00:00:00, Sys 0 00:00:00  -  Total Local Usage
	0  -  Run Bytes Sent By Job
	0  -  Run Bytes Received By Job
	0  -  Total Bytes Sent By Job
	0  -  Total Bytes Received By Job
	Partitionable Resources :    Usage  Request Allocated 
	   Cpus                 :                 1         1 
	   Disk (KB)            :        1        1     95898 
	   Memory (MB)          :      183     3900      3968 

	Job terminated of its own accord at 2023-07-25T04:01:45Z.
...
