000 (330212.000.000) 2023-07-25 13:01:07 Job submitted from host: <172.30.1.200:9618?addrs=172.30.1.200-9618&alias=tamsa2.snu.ac.kr&noUDP&sock=schedd_3510_2582>
...
000 (330212.001.000) 2023-07-25 13:01:07 Job submitted from host: <172.30.1.200:9618?addrs=172.30.1.200-9618&alias=tamsa2.snu.ac.kr&noUDP&sock=schedd_3510_2582>
...
000 (330212.002.000) 2023-07-25 13:01:07 Job submitted from host: <172.30.1.200:9618?addrs=172.30.1.200-9618&alias=tamsa2.snu.ac.kr&noUDP&sock=schedd_3510_2582>
...
000 (330212.003.000) 2023-07-25 13:01:07 Job submitted from host: <172.30.1.200:9618?addrs=172.30.1.200-9618&alias=tamsa2.snu.ac.kr&noUDP&sock=schedd_3510_2582>
...
000 (330212.004.000) 2023-07-25 13:01:07 Job submitted from host: <172.30.1.200:9618?addrs=172.30.1.200-9618&alias=tamsa2.snu.ac.kr&noUDP&sock=schedd_3510_2582>
...
000 (330212.005.000) 2023-07-25 13:01:07 Job submitted from host: <172.30.1.200:9618?addrs=172.30.1.200-9618&alias=tamsa2.snu.ac.kr&noUDP&sock=schedd_3510_2582>
...
000 (330212.006.000) 2023-07-25 13:01:07 Job submitted from host: <172.30.1.200:9618?addrs=172.30.1.200-9618&alias=tamsa2.snu.ac.kr&noUDP&sock=schedd_3510_2582>
...
000 (330212.007.000) 2023-07-25 13:01:07 Job submitted from host: <172.30.1.200:9618?addrs=172.30.1.200-9618&alias=tamsa2.snu.ac.kr&noUDP&sock=schedd_3510_2582>
...
000 (330212.008.000) 2023-07-25 13:01:07 Job submitted from host: <172.30.1.200:9618?addrs=172.30.1.200-9618&alias=tamsa2.snu.ac.kr&noUDP&sock=schedd_3510_2582>
...
000 (330212.009.000) 2023-07-25 13:01:07 Job submitted from host: <172.30.1.200:9618?addrs=172.30.1.200-9618&alias=tamsa2.snu.ac.kr&noUDP&sock=schedd_3510_2582>
...
001 (330212.002.000) 2023-07-25 13:01:17 Job executing on host: <172.30.1.203:9618?addrs=172.30.1.203-9618&alias=node3&noUDP&sock=startd_3773_8aeb>
...
001 (330212.003.000) 2023-07-25 13:01:17 Job executing on host: <172.30.1.203:9618?addrs=172.30.1.203-9618&alias=node3&noUDP&sock=startd_3773_8aeb>
...
001 (330212.004.000) 2023-07-25 13:01:17 Job executing on host: <172.30.1.203:9618?addrs=172.30.1.203-9618&alias=node3&noUDP&sock=startd_3773_8aeb>
...
001 (330212.005.000) 2023-07-25 13:01:17 Job executing on host: <172.30.1.203:9618?addrs=172.30.1.203-9618&alias=node3&noUDP&sock=startd_3773_8aeb>
...
001 (330212.006.000) 2023-07-25 13:01:17 Job executing on host: <172.30.1.203:9618?addrs=172.30.1.203-9618&alias=node3&noUDP&sock=startd_3773_8aeb>
...
001 (330212.007.000) 2023-07-25 13:01:17 Job executing on host: <172.30.1.203:9618?addrs=172.30.1.203-9618&alias=node3&noUDP&sock=startd_3773_8aeb>
...
001 (330212.008.000) 2023-07-25 13:01:17 Job executing on host: <172.30.1.203:9618?addrs=172.30.1.203-9618&alias=node3&noUDP&sock=startd_3773_8aeb>
...
001 (330212.009.000) 2023-07-25 13:01:17 Job executing on host: <172.30.1.203:9618?addrs=172.30.1.203-9618&alias=node3&noUDP&sock=startd_3773_8aeb>
...
001 (330212.001.000) 2023-07-25 13:01:17 Job executing on host: <172.30.1.206:9618?addrs=172.30.1.206-9618&alias=node6&noUDP&sock=startd_3777_494c>
...
001 (330212.000.000) 2023-07-25 13:01:17 Job executing on host: <172.30.1.206:9618?addrs=172.30.1.206-9618&alias=node6&noUDP&sock=startd_3777_494c>
...
006 (330212.002.000) 2023-07-25 13:01:25 Image size of job updated: 519996
	153  -  MemoryUsage of job (MB)
	155864  -  ResidentSetSize of job (KB)
...
006 (330212.003.000) 2023-07-25 13:01:25 Image size of job updated: 520008
	155  -  MemoryUsage of job (MB)
	158124  -  ResidentSetSize of job (KB)
...
006 (330212.004.000) 2023-07-25 13:01:25 Image size of job updated: 519900
	157  -  MemoryUsage of job (MB)
	160040  -  ResidentSetSize of job (KB)
...
006 (330212.005.000) 2023-07-25 13:01:25 Image size of job updated: 519516
	160  -  MemoryUsage of job (MB)
	162892  -  ResidentSetSize of job (KB)
...
006 (330212.006.000) 2023-07-25 13:01:25 Image size of job updated: 523276
	166  -  MemoryUsage of job (MB)
	169460  -  ResidentSetSize of job (KB)
...
006 (330212.007.000) 2023-07-25 13:01:26 Image size of job updated: 519912
	182  -  MemoryUsage of job (MB)
	186248  -  ResidentSetSize of job (KB)
...
006 (330212.008.000) 2023-07-25 13:01:26 Image size of job updated: 520016
	182  -  MemoryUsage of job (MB)
	186260  -  ResidentSetSize of job (KB)
...
006 (330212.009.000) 2023-07-25 13:01:26 Image size of job updated: 523200
	182  -  MemoryUsage of job (MB)
	186256  -  ResidentSetSize of job (KB)
...
006 (330212.001.000) 2023-07-25 13:01:26 Image size of job updated: 442448
	183  -  MemoryUsage of job (MB)
	186616  -  ResidentSetSize of job (KB)
...
006 (330212.000.000) 2023-07-25 13:01:26 Image size of job updated: 442448
	183  -  MemoryUsage of job (MB)
	186876  -  ResidentSetSize of job (KB)
...
006 (330212.000.000) 2023-07-25 13:01:36 Image size of job updated: 686632
	183  -  MemoryUsage of job (MB)
	186876  -  ResidentSetSize of job (KB)
...
005 (330212.000.000) 2023-07-25 13:01:36 Job terminated.
	(1) Normal termination (return value 0)
		Usr 0 00:00:12, Sys 0 00:00:00  -  Run Remote Usage
		Usr 0 00:00:00, Sys 0 00:00:00  -  Run Local Usage
		Usr 0 00:00:12, Sys 0 00:00:00  -  Total Remote Usage
		Usr 0 00:00:00, Sys 0 00:00:00  -  Total Local Usage
	0  -  Run Bytes Sent By Job
	0  -  Run Bytes Received By Job
	0  -  Total Bytes Sent By Job
	0  -  Total Bytes Received By Job
	Partitionable Resources :    Usage  Request Allocated 
	   Cpus                 :                 1         1 
	   Disk (KB)            :        1        1     95898 
	   Memory (MB)          :      183     3900      3968 

	Job terminated of its own accord at 2023-07-25T04:01:36Z.
...
006 (330212.001.000) 2023-07-25 13:01:37 Image size of job updated: 686604
	183  -  MemoryUsage of job (MB)
	186616  -  ResidentSetSize of job (KB)
...
005 (330212.001.000) 2023-07-25 13:01:37 Job terminated.
	(1) Normal termination (return value 0)
		Usr 0 00:00:12, Sys 0 00:00:00  -  Run Remote Usage
		Usr 0 00:00:00, Sys 0 00:00:00  -  Run Local Usage
		Usr 0 00:00:12, Sys 0 00:00:00  -  Total Remote Usage
		Usr 0 00:00:00, Sys 0 00:00:00  -  Total Local Usage
	0  -  Run Bytes Sent By Job
	0  -  Run Bytes Received By Job
	0  -  Total Bytes Sent By Job
	0  -  Total Bytes Received By Job
	Partitionable Resources :    Usage  Request Allocated 
	   Cpus                 :                 1         1 
	   Disk (KB)            :        1        1     95898 
	   Memory (MB)          :      183     3900      3968 

	Job terminated of its own accord at 2023-07-25T04:01:37Z.
...
006 (330212.009.000) 2023-07-25 13:01:38 Image size of job updated: 687200
	182  -  MemoryUsage of job (MB)
	186256  -  ResidentSetSize of job (KB)
...
005 (330212.009.000) 2023-07-25 13:01:38 Job terminated.
	(1) Normal termination (return value 0)
		Usr 0 00:00:13, Sys 0 00:00:01  -  Run Remote Usage
		Usr 0 00:00:00, Sys 0 00:00:00  -  Run Local Usage
		Usr 0 00:00:13, Sys 0 00:00:01  -  Total Remote Usage
		Usr 0 00:00:00, Sys 0 00:00:00  -  Total Local Usage
	0  -  Run Bytes Sent By Job
	0  -  Run Bytes Received By Job
	0  -  Total Bytes Sent By Job
	0  -  Total Bytes Received By Job
	Partitionable Resources :    Usage  Request Allocated 
	   Cpus                 :     0.03        1         1 
	   Disk (KB)            :     1           1    128928 
	   Memory (MB)          :   182        3900      3968 

	Job terminated of its own accord at 2023-07-25T04:01:38Z.
...
006 (330212.007.000) 2023-07-25 13:01:38 Image size of job updated: 686564
	182  -  MemoryUsage of job (MB)
	186248  -  ResidentSetSize of job (KB)
...
005 (330212.007.000) 2023-07-25 13:01:38 Job terminated.
	(1) Normal termination (return value 0)
		Usr 0 00:00:14, Sys 0 00:00:00  -  Run Remote Usage
		Usr 0 00:00:00, Sys 0 00:00:00  -  Run Local Usage
		Usr 0 00:00:14, Sys 0 00:00:00  -  Total Remote Usage
		Usr 0 00:00:00, Sys 0 00:00:00  -  Total Local Usage
	0  -  Run Bytes Sent By Job
	0  -  Run Bytes Received By Job
	0  -  Total Bytes Sent By Job
	0  -  Total Bytes Received By Job
	Partitionable Resources :    Usage  Request Allocated 
	   Cpus                 :     0.11        1         1 
	   Disk (KB)            :     1           1    128928 
	   Memory (MB)          :   182        3900      3968 

	Job terminated of its own accord at 2023-07-25T04:01:38Z.
...
006 (330212.004.000) 2023-07-25 13:01:39 Image size of job updated: 687244
	157  -  MemoryUsage of job (MB)
	160164  -  ResidentSetSize of job (KB)
...
005 (330212.004.000) 2023-07-25 13:01:39 Job terminated.
	(1) Normal termination (return value 0)
		Usr 0 00:00:14, Sys 0 00:00:01  -  Run Remote Usage
		Usr 0 00:00:00, Sys 0 00:00:00  -  Run Local Usage
		Usr 0 00:00:14, Sys 0 00:00:01  -  Total Remote Usage
		Usr 0 00:00:00, Sys 0 00:00:00  -  Total Local Usage
	0  -  Run Bytes Sent By Job
	0  -  Run Bytes Received By Job
	0  -  Total Bytes Sent By Job
	0  -  Total Bytes Received By Job
	Partitionable Resources :    Usage  Request Allocated 
	   Cpus                 :     0.01        1         1 
	   Disk (KB)            :     1           1    128928 
	   Memory (MB)          :   157        3900      3968 

	Job terminated of its own accord at 2023-07-25T04:01:39Z.
...
006 (330212.005.000) 2023-07-25 13:01:39 Image size of job updated: 686548
	160  -  MemoryUsage of job (MB)
	162904  -  ResidentSetSize of job (KB)
...
006 (330212.006.000) 2023-07-25 13:01:39 Image size of job updated: 686596
	166  -  MemoryUsage of job (MB)
	169508  -  ResidentSetSize of job (KB)
...
005 (330212.005.000) 2023-07-25 13:01:39 Job terminated.
	(1) Normal termination (return value 0)
		Usr 0 00:00:15, Sys 0 00:00:00  -  Run Remote Usage
		Usr 0 00:00:00, Sys 0 00:00:00  -  Run Local Usage
		Usr 0 00:00:15, Sys 0 00:00:00  -  Total Remote Usage
		Usr 0 00:00:00, Sys 0 00:00:00  -  Total Local Usage
	0  -  Run Bytes Sent By Job
	0  -  Run Bytes Received By Job
	0  -  Total Bytes Sent By Job
	0  -  Total Bytes Received By Job
	Partitionable Resources :    Usage  Request Allocated 
	   Cpus                 :     0.01        1         1 
	   Disk (KB)            :     1           1    128928 
	   Memory (MB)          :   160        3900      3968 

	Job terminated of its own accord at 2023-07-25T04:01:39Z.
...
005 (330212.006.000) 2023-07-25 13:01:39 Job terminated.
	(1) Normal termination (return value 0)
		Usr 0 00:00:15, Sys 0 00:00:00  -  Run Remote Usage
		Usr 0 00:00:00, Sys 0 00:00:00  -  Run Local Usage
		Usr 0 00:00:15, Sys 0 00:00:00  -  Total Remote Usage
		Usr 0 00:00:00, Sys 0 00:00:00  -  Total Local Usage
	0  -  Run Bytes Sent By Job
	0  -  Run Bytes Received By Job
	0  -  Total Bytes Sent By Job
	0  -  Total Bytes Received By Job
	Partitionable Resources :    Usage  Request Allocated 
	   Cpus                 :        0        1         1 
	   Disk (KB)            :        1        1    128928 
	   Memory (MB)          :      166     3900      3968 

	Job terminated of its own accord at 2023-07-25T04:01:39Z.
...
006 (330212.008.000) 2023-07-25 13:01:40 Image size of job updated: 686620
	182  -  MemoryUsage of job (MB)
	186260  -  ResidentSetSize of job (KB)
...
005 (330212.008.000) 2023-07-25 13:01:40 Job terminated.
	(1) Normal termination (return value 0)
		Usr 0 00:00:17, Sys 0 00:00:00  -  Run Remote Usage
		Usr 0 00:00:00, Sys 0 00:00:00  -  Run Local Usage
		Usr 0 00:00:17, Sys 0 00:00:00  -  Total Remote Usage
		Usr 0 00:00:00, Sys 0 00:00:00  -  Total Local Usage
	0  -  Run Bytes Sent By Job
	0  -  Run Bytes Received By Job
	0  -  Total Bytes Sent By Job
	0  -  Total Bytes Received By Job
	Partitionable Resources :    Usage  Request Allocated 
	   Cpus                 :     0.12        1         1 
	   Disk (KB)            :     1           1    128928 
	   Memory (MB)          :   182        3900      3968 

	Job terminated of its own accord at 2023-07-25T04:01:40Z.
...
006 (330212.003.000) 2023-07-25 13:01:42 Image size of job updated: 687656
	155  -  MemoryUsage of job (MB)
	158372  -  ResidentSetSize of job (KB)
...
005 (330212.003.000) 2023-07-25 13:01:42 Job terminated.
	(1) Normal termination (return value 0)
		Usr 0 00:00:18, Sys 0 00:00:01  -  Run Remote Usage
		Usr 0 00:00:00, Sys 0 00:00:00  -  Run Local Usage
		Usr 0 00:00:18, Sys 0 00:00:01  -  Total Remote Usage
		Usr 0 00:00:00, Sys 0 00:00:00  -  Total Local Usage
	0  -  Run Bytes Sent By Job
	0  -  Run Bytes Received By Job
	0  -  Total Bytes Sent By Job
	0  -  Total Bytes Received By Job
	Partitionable Resources :    Usage  Request Allocated 
	   Cpus                 :     0.00        1         1 
	   Disk (KB)            :     1           1    128928 
	   Memory (MB)          :   155        3900      3968 

	Job terminated of its own accord at 2023-07-25T04:01:42Z.
...
006 (330212.002.000) 2023-07-25 13:01:42 Image size of job updated: 688288
	153  -  MemoryUsage of job (MB)
	155900  -  ResidentSetSize of job (KB)
...
005 (330212.002.000) 2023-07-25 13:01:42 Job terminated.
	(1) Normal termination (return value 0)
		Usr 0 00:00:18, Sys 0 00:00:00  -  Run Remote Usage
		Usr 0 00:00:00, Sys 0 00:00:00  -  Run Local Usage
		Usr 0 00:00:18, Sys 0 00:00:00  -  Total Remote Usage
		Usr 0 00:00:00, Sys 0 00:00:00  -  Total Local Usage
	0  -  Run Bytes Sent By Job
	0  -  Run Bytes Received By Job
	0  -  Total Bytes Sent By Job
	0  -  Total Bytes Received By Job
	Partitionable Resources :    Usage  Request Allocated 
	   Cpus                 :     0.01        1         1 
	   Disk (KB)            :     1           1    128928 
	   Memory (MB)          :   153        3900      3968 

	Job terminated of its own accord at 2023-07-25T04:01:42Z.
...
