000 (330130.000.000) 2023-07-25 11:52:15 Job submitted from host: <172.30.1.200:9618?addrs=172.30.1.200-9618&alias=tamsa2.snu.ac.kr&noUDP&sock=schedd_3510_2582>
...
000 (330130.001.000) 2023-07-25 11:52:15 Job submitted from host: <172.30.1.200:9618?addrs=172.30.1.200-9618&alias=tamsa2.snu.ac.kr&noUDP&sock=schedd_3510_2582>
...
000 (330130.002.000) 2023-07-25 11:52:15 Job submitted from host: <172.30.1.200:9618?addrs=172.30.1.200-9618&alias=tamsa2.snu.ac.kr&noUDP&sock=schedd_3510_2582>
...
000 (330130.003.000) 2023-07-25 11:52:15 Job submitted from host: <172.30.1.200:9618?addrs=172.30.1.200-9618&alias=tamsa2.snu.ac.kr&noUDP&sock=schedd_3510_2582>
...
000 (330130.004.000) 2023-07-25 11:52:15 Job submitted from host: <172.30.1.200:9618?addrs=172.30.1.200-9618&alias=tamsa2.snu.ac.kr&noUDP&sock=schedd_3510_2582>
...
000 (330130.005.000) 2023-07-25 11:52:15 Job submitted from host: <172.30.1.200:9618?addrs=172.30.1.200-9618&alias=tamsa2.snu.ac.kr&noUDP&sock=schedd_3510_2582>
...
000 (330130.006.000) 2023-07-25 11:52:15 Job submitted from host: <172.30.1.200:9618?addrs=172.30.1.200-9618&alias=tamsa2.snu.ac.kr&noUDP&sock=schedd_3510_2582>
...
000 (330130.007.000) 2023-07-25 11:52:15 Job submitted from host: <172.30.1.200:9618?addrs=172.30.1.200-9618&alias=tamsa2.snu.ac.kr&noUDP&sock=schedd_3510_2582>
...
000 (330130.008.000) 2023-07-25 11:52:15 Job submitted from host: <172.30.1.200:9618?addrs=172.30.1.200-9618&alias=tamsa2.snu.ac.kr&noUDP&sock=schedd_3510_2582>
...
000 (330130.009.000) 2023-07-25 11:52:15 Job submitted from host: <172.30.1.200:9618?addrs=172.30.1.200-9618&alias=tamsa2.snu.ac.kr&noUDP&sock=schedd_3510_2582>
...
001 (330130.000.000) 2023-07-25 11:52:30 Job executing on host: <172.30.1.211:9618?addrs=172.30.1.211-9618&alias=node11&noUDP&sock=startd_3790_3407>
...
001 (330130.001.000) 2023-07-25 11:52:30 Job executing on host: <172.30.1.211:9618?addrs=172.30.1.211-9618&alias=node11&noUDP&sock=startd_3790_3407>
...
001 (330130.002.000) 2023-07-25 11:52:30 Job executing on host: <172.30.1.211:9618?addrs=172.30.1.211-9618&alias=node11&noUDP&sock=startd_3790_3407>
...
001 (330130.003.000) 2023-07-25 11:52:30 Job executing on host: <172.30.1.211:9618?addrs=172.30.1.211-9618&alias=node11&noUDP&sock=startd_3790_3407>
...
001 (330130.004.000) 2023-07-25 11:52:30 Job executing on host: <172.30.1.211:9618?addrs=172.30.1.211-9618&alias=node11&noUDP&sock=startd_3790_3407>
...
001 (330130.005.000) 2023-07-25 11:52:30 Job executing on host: <172.30.1.211:9618?addrs=172.30.1.211-9618&alias=node11&noUDP&sock=startd_3790_3407>
...
001 (330130.006.000) 2023-07-25 11:52:30 Job executing on host: <172.30.1.211:9618?addrs=172.30.1.211-9618&alias=node11&noUDP&sock=startd_3790_3407>
...
001 (330130.007.000) 2023-07-25 11:52:30 Job executing on host: <172.30.1.211:9618?addrs=172.30.1.211-9618&alias=node11&noUDP&sock=startd_3790_3407>
...
001 (330130.008.000) 2023-07-25 11:52:31 Job executing on host: <172.30.1.211:9618?addrs=172.30.1.211-9618&alias=node11&noUDP&sock=startd_3790_3407>
...
001 (330130.009.000) 2023-07-25 11:52:31 Job executing on host: <172.30.1.211:9618?addrs=172.30.1.211-9618&alias=node11&noUDP&sock=startd_3790_3407>
...
006 (330130.007.000) 2023-07-25 11:52:39 Image size of job updated: 604880
	182  -  MemoryUsage of job (MB)
	186188  -  ResidentSetSize of job (KB)
...
006 (330130.008.000) 2023-07-25 11:52:39 Image size of job updated: 505332
	182  -  MemoryUsage of job (MB)
	186212  -  ResidentSetSize of job (KB)
...
006 (330130.009.000) 2023-07-25 11:52:39 Image size of job updated: 505332
	182  -  MemoryUsage of job (MB)
	186240  -  ResidentSetSize of job (KB)
...
006 (330130.000.000) 2023-07-25 11:52:39 Image size of job updated: 623988
	182  -  MemoryUsage of job (MB)
	186300  -  ResidentSetSize of job (KB)
...
006 (330130.001.000) 2023-07-25 11:52:39 Image size of job updated: 618864
	204  -  MemoryUsage of job (MB)
	208428  -  ResidentSetSize of job (KB)
...
006 (330130.002.000) 2023-07-25 11:52:39 Image size of job updated: 629424
	182  -  MemoryUsage of job (MB)
	186348  -  ResidentSetSize of job (KB)
...
006 (330130.003.000) 2023-07-25 11:52:39 Image size of job updated: 629420
	182  -  MemoryUsage of job (MB)
	186200  -  ResidentSetSize of job (KB)
...
006 (330130.004.000) 2023-07-25 11:52:39 Image size of job updated: 613732
	196  -  MemoryUsage of job (MB)
	200248  -  ResidentSetSize of job (KB)
...
006 (330130.005.000) 2023-07-25 11:52:39 Image size of job updated: 471004
	182  -  MemoryUsage of job (MB)
	186248  -  ResidentSetSize of job (KB)
...
006 (330130.006.000) 2023-07-25 11:52:39 Image size of job updated: 519188
	182  -  MemoryUsage of job (MB)
	186324  -  ResidentSetSize of job (KB)
...
005 (330130.009.000) 2023-07-25 11:52:50 Job terminated.
	(1) Normal termination (return value 0)
		Usr 0 00:00:15, Sys 0 00:00:01  -  Run Remote Usage
		Usr 0 00:00:00, Sys 0 00:00:00  -  Run Local Usage
		Usr 0 00:00:15, Sys 0 00:00:01  -  Total Remote Usage
		Usr 0 00:00:00, Sys 0 00:00:00  -  Total Local Usage
	0  -  Run Bytes Sent By Job
	0  -  Run Bytes Received By Job
	0  -  Total Bytes Sent By Job
	0  -  Total Bytes Received By Job
	Partitionable Resources :    Usage  Request Allocated 
	   Cpus                 :                 1         1 
	   Disk (KB)            :        1        1    128928 
	   Memory (MB)          :      182     3900      3968 

	Job terminated of its own accord at 2023-07-25T02:52:50Z.
...
006 (330130.002.000) 2023-07-25 11:52:51 Image size of job updated: 686600
	182  -  MemoryUsage of job (MB)
	186348  -  ResidentSetSize of job (KB)
...
005 (330130.002.000) 2023-07-25 11:52:51 Job terminated.
	(1) Normal termination (return value 0)
		Usr 0 00:00:18, Sys 0 00:00:01  -  Run Remote Usage
		Usr 0 00:00:00, Sys 0 00:00:00  -  Run Local Usage
		Usr 0 00:00:18, Sys 0 00:00:01  -  Total Remote Usage
		Usr 0 00:00:00, Sys 0 00:00:00  -  Total Local Usage
	0  -  Run Bytes Sent By Job
	0  -  Run Bytes Received By Job
	0  -  Total Bytes Sent By Job
	0  -  Total Bytes Received By Job
	Partitionable Resources :    Usage  Request Allocated 
	   Cpus                 :                 1         1 
	   Disk (KB)            :        1        1    128928 
	   Memory (MB)          :      182     3900      3968 

	Job terminated of its own accord at 2023-07-25T02:52:51Z.
...
006 (330130.007.000) 2023-07-25 11:52:52 Image size of job updated: 685024
	182  -  MemoryUsage of job (MB)
	186188  -  ResidentSetSize of job (KB)
...
005 (330130.007.000) 2023-07-25 11:52:52 Job terminated.
	(1) Normal termination (return value 0)
		Usr 0 00:00:18, Sys 0 00:00:01  -  Run Remote Usage
		Usr 0 00:00:00, Sys 0 00:00:00  -  Run Local Usage
		Usr 0 00:00:18, Sys 0 00:00:01  -  Total Remote Usage
		Usr 0 00:00:00, Sys 0 00:00:00  -  Total Local Usage
	0  -  Run Bytes Sent By Job
	0  -  Run Bytes Received By Job
	0  -  Total Bytes Sent By Job
	0  -  Total Bytes Received By Job
	Partitionable Resources :    Usage  Request Allocated 
	   Cpus                 :                 1         1 
	   Disk (KB)            :        1        1    128928 
	   Memory (MB)          :      182     3900      3968 

	Job terminated of its own accord at 2023-07-25T02:52:52Z.
...
006 (330130.006.000) 2023-07-25 11:52:54 Image size of job updated: 685836
	182  -  MemoryUsage of job (MB)
	186324  -  ResidentSetSize of job (KB)
...
006 (330130.001.000) 2023-07-25 11:52:54 Image size of job updated: 686748
	204  -  MemoryUsage of job (MB)
	208428  -  ResidentSetSize of job (KB)
...
005 (330130.006.000) 2023-07-25 11:52:54 Job terminated.
	(1) Normal termination (return value 0)
		Usr 0 00:00:19, Sys 0 00:00:00  -  Run Remote Usage
		Usr 0 00:00:00, Sys 0 00:00:00  -  Run Local Usage
		Usr 0 00:00:19, Sys 0 00:00:00  -  Total Remote Usage
		Usr 0 00:00:00, Sys 0 00:00:00  -  Total Local Usage
	0  -  Run Bytes Sent By Job
	0  -  Run Bytes Received By Job
	0  -  Total Bytes Sent By Job
	0  -  Total Bytes Received By Job
	Partitionable Resources :    Usage  Request Allocated 
	   Cpus                 :                 1         1 
	   Disk (KB)            :        1        1    128928 
	   Memory (MB)          :      182     3900      3968 

	Job terminated of its own accord at 2023-07-25T02:52:54Z.
...
005 (330130.001.000) 2023-07-25 11:52:54 Job terminated.
	(1) Normal termination (return value 0)
		Usr 0 00:00:19, Sys 0 00:00:01  -  Run Remote Usage
		Usr 0 00:00:00, Sys 0 00:00:00  -  Run Local Usage
		Usr 0 00:00:19, Sys 0 00:00:01  -  Total Remote Usage
		Usr 0 00:00:00, Sys 0 00:00:00  -  Total Local Usage
	0  -  Run Bytes Sent By Job
	0  -  Run Bytes Received By Job
	0  -  Total Bytes Sent By Job
	0  -  Total Bytes Received By Job
	Partitionable Resources :    Usage  Request Allocated 
	   Cpus                 :                 1         1 
	   Disk (KB)            :        1        1    128928 
	   Memory (MB)          :      204     3900      3968 

	Job terminated of its own accord at 2023-07-25T02:52:54Z.
...
006 (330130.003.000) 2023-07-25 11:52:55 Image size of job updated: 686512
	182  -  MemoryUsage of job (MB)
	186200  -  ResidentSetSize of job (KB)
...
005 (330130.003.000) 2023-07-25 11:52:55 Job terminated.
	(1) Normal termination (return value 0)
		Usr 0 00:00:21, Sys 0 00:00:01  -  Run Remote Usage
		Usr 0 00:00:00, Sys 0 00:00:00  -  Run Local Usage
		Usr 0 00:00:21, Sys 0 00:00:01  -  Total Remote Usage
		Usr 0 00:00:00, Sys 0 00:00:00  -  Total Local Usage
	0  -  Run Bytes Sent By Job
	0  -  Run Bytes Received By Job
	0  -  Total Bytes Sent By Job
	0  -  Total Bytes Received By Job
	Partitionable Resources :    Usage  Request Allocated 
	   Cpus                 :                 1         1 
	   Disk (KB)            :        1        1    128928 
	   Memory (MB)          :      182     3900      3968 

	Job terminated of its own accord at 2023-07-25T02:52:55Z.
...
006 (330130.008.000) 2023-07-25 11:52:56 Image size of job updated: 682176
	182  -  MemoryUsage of job (MB)
	186212  -  ResidentSetSize of job (KB)
...
005 (330130.008.000) 2023-07-25 11:52:56 Job terminated.
	(1) Normal termination (return value 0)
		Usr 0 00:00:21, Sys 0 00:00:01  -  Run Remote Usage
		Usr 0 00:00:00, Sys 0 00:00:00  -  Run Local Usage
		Usr 0 00:00:21, Sys 0 00:00:01  -  Total Remote Usage
		Usr 0 00:00:00, Sys 0 00:00:00  -  Total Local Usage
	0  -  Run Bytes Sent By Job
	0  -  Run Bytes Received By Job
	0  -  Total Bytes Sent By Job
	0  -  Total Bytes Received By Job
	Partitionable Resources :    Usage  Request Allocated 
	   Cpus                 :                 1         1 
	   Disk (KB)            :        1        1    128928 
	   Memory (MB)          :      182     3900      3968 

	Job terminated of its own accord at 2023-07-25T02:52:56Z.
...
006 (330130.004.000) 2023-07-25 11:52:57 Image size of job updated: 686808
	196  -  MemoryUsage of job (MB)
	200336  -  ResidentSetSize of job (KB)
...
005 (330130.004.000) 2023-07-25 11:52:57 Job terminated.
	(1) Normal termination (return value 0)
		Usr 0 00:00:22, Sys 0 00:00:01  -  Run Remote Usage
		Usr 0 00:00:00, Sys 0 00:00:00  -  Run Local Usage
		Usr 0 00:00:22, Sys 0 00:00:01  -  Total Remote Usage
		Usr 0 00:00:00, Sys 0 00:00:00  -  Total Local Usage
	0  -  Run Bytes Sent By Job
	0  -  Run Bytes Received By Job
	0  -  Total Bytes Sent By Job
	0  -  Total Bytes Received By Job
	Partitionable Resources :    Usage  Request Allocated 
	   Cpus                 :                 1         1 
	   Disk (KB)            :        1        1    128928 
	   Memory (MB)          :      196     3900      3968 

	Job terminated of its own accord at 2023-07-25T02:52:57Z.
...
006 (330130.000.000) 2023-07-25 11:52:57 Image size of job updated: 687296
	182  -  MemoryUsage of job (MB)
	186300  -  ResidentSetSize of job (KB)
...
005 (330130.000.000) 2023-07-25 11:52:57 Job terminated.
	(1) Normal termination (return value 0)
		Usr 0 00:00:23, Sys 0 00:00:01  -  Run Remote Usage
		Usr 0 00:00:00, Sys 0 00:00:00  -  Run Local Usage
		Usr 0 00:00:23, Sys 0 00:00:01  -  Total Remote Usage
		Usr 0 00:00:00, Sys 0 00:00:00  -  Total Local Usage
	0  -  Run Bytes Sent By Job
	0  -  Run Bytes Received By Job
	0  -  Total Bytes Sent By Job
	0  -  Total Bytes Received By Job
	Partitionable Resources :    Usage  Request Allocated 
	   Cpus                 :                 1         1 
	   Disk (KB)            :        1        1    128928 
	   Memory (MB)          :      182     3900      3968 

	Job terminated of its own accord at 2023-07-25T02:52:57Z.
...
006 (330130.005.000) 2023-07-25 11:53:00 Image size of job updated: 685868
	182  -  MemoryUsage of job (MB)
	186248  -  ResidentSetSize of job (KB)
...
005 (330130.005.000) 2023-07-25 11:53:00 Job terminated.
	(1) Normal termination (return value 0)
		Usr 0 00:00:24, Sys 0 00:00:00  -  Run Remote Usage
		Usr 0 00:00:00, Sys 0 00:00:00  -  Run Local Usage
		Usr 0 00:00:24, Sys 0 00:00:00  -  Total Remote Usage
		Usr 0 00:00:00, Sys 0 00:00:00  -  Total Local Usage
	0  -  Run Bytes Sent By Job
	0  -  Run Bytes Received By Job
	0  -  Total Bytes Sent By Job
	0  -  Total Bytes Received By Job
	Partitionable Resources :    Usage  Request Allocated 
	   Cpus                 :                 1         1 
	   Disk (KB)            :        1        1    128928 
	   Memory (MB)          :      182     3900      3968 

	Job terminated of its own accord at 2023-07-25T02:53:00Z.
...
