Starts at Mon Jun 12 18:44:43 2023
[tnp_tamsa] Use Configs["HLTEl12_2016b"] from config/ele_TopHNT_v1.py
 adding rootfile:  /gv0/Users/jbhyun/TagAndProbe/Electron/2022-10-28/UL2016postVFP/mc/DYJetsToEE_M-50_massWgtFix_TuneCP5_13TeV-powhegMiNNLO-pythia8-photos/crab_UL2016postVFP_DY_NNLO/221031_083953/0000/TnPTree_mc_1.root
 adding rootfile:  /gv0/Users/jbhyun/TagAndProbe/Electron/2022-10-28/UL2016postVFP/mc/DYJetsToEE_M-50_massWgtFix_TuneCP5_13TeV-powhegMiNNLO-pythia8-photos/crab_UL2016postVFP_DY_NNLO/221031_083953/0000/TnPTree_mc_101.root
 adding rootfile:  /gv0/Users/jbhyun/TagAndProbe/Electron/2022-10-28/UL2016postVFP/mc/DYJetsToEE_M-50_massWgtFix_TuneCP5_13TeV-powhegMiNNLO-pythia8-photos/crab_UL2016postVFP_DY_NNLO/221031_083953/0000/TnPTree_mc_201.root
1 100 1 100 8
Starting event loop to fill histograms..
0 / 329210
16460 / 329210
32920 / 329210
49380 / 329210
65840 / 329210
82300 / 329210
98760 / 329210
115220 / 329210
131680 / 329210
148140 / 329210
164600 / 329210
181060 / 329210
197520 / 329210
213980 / 329210
230440 / 329210
246900 / 329210
263360 / 329210
279820 / 329210
296280 / 329210
312740 / 329210
329200 / 329210
196.325424194
800
Ends at  Mon Jun 12 18:48:04 2023
Time took 200.595273972 seconds.
