Starts at Mon Jun 12 18:44:43 2023
[tnp_tamsa] Use Configs["HLTEl12_2016b"] from config/ele_TopHNT_v1.py
 adding rootfile:  /gv0/Users/jbhyun/TagAndProbe/Electron/2022-10-28/UL2016postVFP/mc/DYJetsToEE_M-50_massWgtFix_TuneCP5_13TeV-powhegMiNNLO-pythia8-photos/crab_UL2016postVFP_DY_NNLO/221031_083953/0000/TnPTree_mc_17.root
 adding rootfile:  /gv0/Users/jbhyun/TagAndProbe/Electron/2022-10-28/UL2016postVFP/mc/DYJetsToEE_M-50_massWgtFix_TuneCP5_13TeV-powhegMiNNLO-pythia8-photos/crab_UL2016postVFP_DY_NNLO/221031_083953/0000/TnPTree_mc_117.root
 adding rootfile:  /gv0/Users/jbhyun/TagAndProbe/Electron/2022-10-28/UL2016postVFP/mc/DYJetsToEE_M-50_massWgtFix_TuneCP5_13TeV-powhegMiNNLO-pythia8-photos/crab_UL2016postVFP_DY_NNLO/221031_083953/0000/TnPTree_mc_217.root
1 100 1 100 8
Starting event loop to fill histograms..
0 / 327345
16367 / 327345
32734 / 327345
49101 / 327345
65468 / 327345
81835 / 327345
98202 / 327345
114569 / 327345
130936 / 327345
147303 / 327345
163670 / 327345
180037 / 327345
196404 / 327345
212771 / 327345
229138 / 327345
245505 / 327345
261872 / 327345
278239 / 327345
294606 / 327345
310973 / 327345
327340 / 327345
199.953871012
800
Ends at  Mon Jun 12 18:48:08 2023
Time took 204.53972888 seconds.
