Starts at Mon Jun 12 18:44:43 2023
[tnp_tamsa] Use Configs["HLTEl12_2016b"] from config/ele_TopHNT_v1.py
 adding rootfile:  /gv0/Users/jbhyun/TagAndProbe/Electron/2022-10-28/UL2016postVFP/mc/DYJetsToEE_M-50_massWgtFix_TuneCP5_13TeV-powhegMiNNLO-pythia8-photos/crab_UL2016postVFP_DY_NNLO/221031_083953/0000/TnPTree_mc_30.root
 adding rootfile:  /gv0/Users/jbhyun/TagAndProbe/Electron/2022-10-28/UL2016postVFP/mc/DYJetsToEE_M-50_massWgtFix_TuneCP5_13TeV-powhegMiNNLO-pythia8-photos/crab_UL2016postVFP_DY_NNLO/221031_083953/0000/TnPTree_mc_130.root
1 100 1 100 8
Starting event loop to fill histograms..
0 / 311246
15562 / 311246
31124 / 311246
46686 / 311246
62248 / 311246
77810 / 311246
93372 / 311246
108934 / 311246
124496 / 311246
140058 / 311246
155620 / 311246
171182 / 311246
186744 / 311246
202306 / 311246
217868 / 311246
233430 / 311246
248992 / 311246
264554 / 311246
280116 / 311246
295678 / 311246
311240 / 311246
192.374862909
800
Ends at  Mon Jun 12 18:48:00 2023
Time took 196.203275204 seconds.
