Starts at Mon Jun 12 18:44:43 2023
[tnp_tamsa] Use Configs["HLTEl12_2016b"] from config/ele_TopHNT_v1.py
 adding rootfile:  /gv0/Users/jbhyun/TagAndProbe/Electron/2022-10-28/UL2016postVFP/mc/DYJetsToEE_M-50_massWgtFix_TuneCP5_13TeV-powhegMiNNLO-pythia8-photos/crab_UL2016postVFP_DY_NNLO/221031_083953/0000/TnPTree_mc_38.root
 adding rootfile:  /gv0/Users/jbhyun/TagAndProbe/Electron/2022-10-28/UL2016postVFP/mc/DYJetsToEE_M-50_massWgtFix_TuneCP5_13TeV-powhegMiNNLO-pythia8-photos/crab_UL2016postVFP_DY_NNLO/221031_083953/0000/TnPTree_mc_138.root
1 100 1 100 8
Starting event loop to fill histograms..
0 / 309503
15475 / 309503
30950 / 309503
46425 / 309503
61900 / 309503
77375 / 309503
92850 / 309503
108325 / 309503
123800 / 309503
139275 / 309503
154750 / 309503
170225 / 309503
185700 / 309503
201175 / 309503
216650 / 309503
232125 / 309503
247600 / 309503
263075 / 309503
278550 / 309503
294025 / 309503
309500 / 309503
187.400938988
800
Ends at  Mon Jun 12 18:47:55 2023
Time took 191.886093855 seconds.
