Starts at Mon Jun 12 18:44:44 2023
[tnp_tamsa] Use Configs["HLTEl12_2016b"] from config/ele_TopHNT_v1.py
 adding rootfile:  /gv0/Users/jbhyun/TagAndProbe/Electron/2022-10-28/UL2016postVFP/mc/DYJetsToEE_M-50_massWgtFix_TuneCP5_13TeV-powhegMiNNLO-pythia8-photos/crab_UL2016postVFP_DY_NNLO/221031_083953/0000/TnPTree_mc_36.root
 adding rootfile:  /gv0/Users/jbhyun/TagAndProbe/Electron/2022-10-28/UL2016postVFP/mc/DYJetsToEE_M-50_massWgtFix_TuneCP5_13TeV-powhegMiNNLO-pythia8-photos/crab_UL2016postVFP_DY_NNLO/221031_083953/0000/TnPTree_mc_136.root
1 100 1 100 8
Starting event loop to fill histograms..
0 / 311809
15590 / 311809
31180 / 311809
46770 / 311809
62360 / 311809
77950 / 311809
93540 / 311809
109130 / 311809
124720 / 311809
140310 / 311809
155900 / 311809
171490 / 311809
187080 / 311809
202670 / 311809
218260 / 311809
233850 / 311809
249440 / 311809
265030 / 311809
280620 / 311809
296210 / 311809
311800 / 311809
177.516126156
800
Ends at  Mon Jun 12 18:47:45 2023
Time took 181.322165966 seconds.
