Starts at Mon Jun 12 18:44:43 2023
[tnp_tamsa] Use Configs["HLTEl12_2016b"] from config/ele_TopHNT_v1.py
 adding rootfile:  /gv0/Users/jbhyun/TagAndProbe/Electron/2022-10-28/UL2016postVFP/mc/DYJetsToEE_M-50_massWgtFix_TuneCP5_13TeV-powhegMiNNLO-pythia8-photos/crab_UL2016postVFP_DY_NNLO/221031_083953/0000/TnPTree_mc_35.root
 adding rootfile:  /gv0/Users/jbhyun/TagAndProbe/Electron/2022-10-28/UL2016postVFP/mc/DYJetsToEE_M-50_massWgtFix_TuneCP5_13TeV-powhegMiNNLO-pythia8-photos/crab_UL2016postVFP_DY_NNLO/221031_083953/0000/TnPTree_mc_135.root
1 100 1 100 8
Starting event loop to fill histograms..
0 / 309275
15463 / 309275
30926 / 309275
46389 / 309275
61852 / 309275
77315 / 309275
92778 / 309275
108241 / 309275
123704 / 309275
139167 / 309275
154630 / 309275
170093 / 309275
185556 / 309275
201019 / 309275
216482 / 309275
231945 / 309275
247408 / 309275
262871 / 309275
278334 / 309275
293797 / 309275
309260 / 309275
187.83468914
800
Ends at  Mon Jun 12 18:47:56 2023
Time took 192.453384876 seconds.
