Starts at Mon Jun 12 18:44:43 2023
[tnp_tamsa] Use Configs["HLTEl12_2016b"] from config/ele_TopHNT_v1.py
 adding rootfile:  /gv0/Users/jbhyun/TagAndProbe/Electron/2022-10-28/UL2016postVFP/mc/DYJetsToEE_M-50_massWgtFix_TuneCP5_13TeV-powhegMiNNLO-pythia8-photos/crab_UL2016postVFP_DY_NNLO/221031_083953/0000/TnPTree_mc_32.root
 adding rootfile:  /gv0/Users/jbhyun/TagAndProbe/Electron/2022-10-28/UL2016postVFP/mc/DYJetsToEE_M-50_massWgtFix_TuneCP5_13TeV-powhegMiNNLO-pythia8-photos/crab_UL2016postVFP_DY_NNLO/221031_083953/0000/TnPTree_mc_132.root
1 100 1 100 8
Starting event loop to fill histograms..
0 / 310845
15542 / 310845
31084 / 310845
46626 / 310845
62168 / 310845
77710 / 310845
93252 / 310845
108794 / 310845
124336 / 310845
139878 / 310845
155420 / 310845
170962 / 310845
186504 / 310845
202046 / 310845
217588 / 310845
233130 / 310845
248672 / 310845
264214 / 310845
279756 / 310845
295298 / 310845
310840 / 310845
191.715049028
800
Ends at  Mon Jun 12 18:48:00 2023
Time took 196.158134937 seconds.
