Starts at Mon Jun 12 18:44:44 2023
[tnp_tamsa] Use Configs["HLTEl12_2016b"] from config/ele_TopHNT_v1.py
 adding rootfile:  /gv0/Users/jbhyun/TagAndProbe/Electron/2022-10-28/UL2016postVFP/mc/DYJetsToEE_M-50_massWgtFix_TuneCP5_13TeV-powhegMiNNLO-pythia8-photos/crab_UL2016postVFP_DY_NNLO/221031_083953/0000/TnPTree_mc_34.root
 adding rootfile:  /gv0/Users/jbhyun/TagAndProbe/Electron/2022-10-28/UL2016postVFP/mc/DYJetsToEE_M-50_massWgtFix_TuneCP5_13TeV-powhegMiNNLO-pythia8-photos/crab_UL2016postVFP_DY_NNLO/221031_083953/0000/TnPTree_mc_134.root
1 100 1 100 8
Starting event loop to fill histograms..
0 / 312371
15618 / 312371
31236 / 312371
46854 / 312371
62472 / 312371
78090 / 312371
93708 / 312371
109326 / 312371
124944 / 312371
140562 / 312371
156180 / 312371
171798 / 312371
187416 / 312371
203034 / 312371
218652 / 312371
234270 / 312371
249888 / 312371
265506 / 312371
281124 / 312371
296742 / 312371
312360 / 312371
190.512416124
800
Ends at  Mon Jun 12 18:47:58 2023
Time took 194.80072093 seconds.
