Starts at Mon Jun 12 18:44:43 2023
[tnp_tamsa] Use Configs["HLTEl12_2016b"] from config/ele_TopHNT_v1.py
 adding rootfile:  /gv0/Users/jbhyun/TagAndProbe/Electron/2022-10-28/UL2016postVFP/mc/DYJetsToEE_M-50_massWgtFix_TuneCP5_13TeV-powhegMiNNLO-pythia8-photos/crab_UL2016postVFP_DY_NNLO/221031_083953/0000/TnPTree_mc_4.root
 adding rootfile:  /gv0/Users/jbhyun/TagAndProbe/Electron/2022-10-28/UL2016postVFP/mc/DYJetsToEE_M-50_massWgtFix_TuneCP5_13TeV-powhegMiNNLO-pythia8-photos/crab_UL2016postVFP_DY_NNLO/221031_083953/0000/TnPTree_mc_104.root
 adding rootfile:  /gv0/Users/jbhyun/TagAndProbe/Electron/2022-10-28/UL2016postVFP/mc/DYJetsToEE_M-50_massWgtFix_TuneCP5_13TeV-powhegMiNNLO-pythia8-photos/crab_UL2016postVFP_DY_NNLO/221031_083953/0000/TnPTree_mc_204.root
1 100 1 100 8
Starting event loop to fill histograms..
0 / 342299
17114 / 342299
34228 / 342299
51342 / 342299
68456 / 342299
85570 / 342299
102684 / 342299
119798 / 342299
136912 / 342299
154026 / 342299
171140 / 342299
188254 / 342299
205368 / 342299
222482 / 342299
239596 / 342299
256710 / 342299
273824 / 342299
290938 / 342299
308052 / 342299
325166 / 342299
342280 / 342299
210.561109066
800
Ends at  Mon Jun 12 18:48:18 2023
Time took 214.72161603 seconds.
