Starts at Mon Jun 12 18:44:43 2023
[tnp_tamsa] Use Configs["HLTEl12_2016b"] from config/ele_TopHNT_v1.py
 adding rootfile:  /gv0/Users/jbhyun/TagAndProbe/Electron/2022-10-28/UL2016postVFP/mc/DYJetsToEE_M-50_massWgtFix_TuneCP5_13TeV-powhegMiNNLO-pythia8-photos/crab_UL2016postVFP_DY_NNLO/221031_083953/0000/TnPTree_mc_33.root
 adding rootfile:  /gv0/Users/jbhyun/TagAndProbe/Electron/2022-10-28/UL2016postVFP/mc/DYJetsToEE_M-50_massWgtFix_TuneCP5_13TeV-powhegMiNNLO-pythia8-photos/crab_UL2016postVFP_DY_NNLO/221031_083953/0000/TnPTree_mc_133.root
1 100 1 100 8
Starting event loop to fill histograms..
0 / 299526
14976 / 299526
29952 / 299526
44928 / 299526
59904 / 299526
74880 / 299526
89856 / 299526
104832 / 299526
119808 / 299526
134784 / 299526
149760 / 299526
164736 / 299526
179712 / 299526
194688 / 299526
209664 / 299526
224640 / 299526
239616 / 299526
254592 / 299526
269568 / 299526
284544 / 299526
299520 / 299526
179.031260014
800
Ends at  Mon Jun 12 18:47:47 2023
Time took 183.466440916 seconds.
