Starts at Mon Jun 12 18:44:43 2023
[tnp_tamsa] Use Configs["HLTEl12_2016b"] from config/ele_TopHNT_v1.py
 adding rootfile:  /gv0/Users/jbhyun/TagAndProbe/Electron/2022-10-28/UL2016postVFP/mc/DYJetsToEE_M-50_massWgtFix_TuneCP5_13TeV-powhegMiNNLO-pythia8-photos/crab_UL2016postVFP_DY_NNLO/221031_083953/0000/TnPTree_mc_47.root
 adding rootfile:  /gv0/Users/jbhyun/TagAndProbe/Electron/2022-10-28/UL2016postVFP/mc/DYJetsToEE_M-50_massWgtFix_TuneCP5_13TeV-powhegMiNNLO-pythia8-photos/crab_UL2016postVFP_DY_NNLO/221031_083953/0000/TnPTree_mc_147.root
1 100 1 100 8
Starting event loop to fill histograms..
0 / 311496
15574 / 311496
31148 / 311496
46722 / 311496
62296 / 311496
77870 / 311496
93444 / 311496
109018 / 311496
124592 / 311496
140166 / 311496
155740 / 311496
171314 / 311496
186888 / 311496
202462 / 311496
218036 / 311496
233610 / 311496
249184 / 311496
264758 / 311496
280332 / 311496
295906 / 311496
311480 / 311496
193.76097703
800
Ends at  Mon Jun 12 18:48:02 2023
Time took 198.109556198 seconds.
