Starts at Mon Jun 12 18:44:44 2023
[tnp_tamsa] Use Configs["HLTEl12_2016b"] from config/ele_TopHNT_v1.py
 adding rootfile:  /gv0/Users/jbhyun/TagAndProbe/Electron/2022-10-28/UL2016postVFP/mc/DYJetsToEE_M-50_massWgtFix_TuneCP5_13TeV-powhegMiNNLO-pythia8-photos/crab_UL2016postVFP_DY_NNLO/221031_083953/0000/TnPTree_mc_43.root
 adding rootfile:  /gv0/Users/jbhyun/TagAndProbe/Electron/2022-10-28/UL2016postVFP/mc/DYJetsToEE_M-50_massWgtFix_TuneCP5_13TeV-powhegMiNNLO-pythia8-photos/crab_UL2016postVFP_DY_NNLO/221031_083953/0000/TnPTree_mc_143.root
1 100 1 100 8
Starting event loop to fill histograms..
0 / 311599
15579 / 311599
31158 / 311599
46737 / 311599
62316 / 311599
77895 / 311599
93474 / 311599
109053 / 311599
124632 / 311599
140211 / 311599
155790 / 311599
171369 / 311599
186948 / 311599
202527 / 311599
218106 / 311599
233685 / 311599
249264 / 311599
264843 / 311599
280422 / 311599
296001 / 311599
311580 / 311599
183.328724861
800
Ends at  Mon Jun 12 18:47:51 2023
Time took 187.356093884 seconds.
