Starts at Mon Jun 12 18:44:44 2023
[tnp_tamsa] Use Configs["HLTEl12_2016b"] from config/ele_TopHNT_v1.py
 adding rootfile:  /gv0/Users/jbhyun/TagAndProbe/Electron/2022-10-28/UL2016postVFP/mc/DYJetsToEE_M-50_massWgtFix_TuneCP5_13TeV-powhegMiNNLO-pythia8-photos/crab_UL2016postVFP_DY_NNLO/221031_083953/0000/TnPTree_mc_50.root
 adding rootfile:  /gv0/Users/jbhyun/TagAndProbe/Electron/2022-10-28/UL2016postVFP/mc/DYJetsToEE_M-50_massWgtFix_TuneCP5_13TeV-powhegMiNNLO-pythia8-photos/crab_UL2016postVFP_DY_NNLO/221031_083953/0000/TnPTree_mc_150.root
1 100 1 100 8
Starting event loop to fill histograms..
0 / 309531
15476 / 309531
30952 / 309531
46428 / 309531
61904 / 309531
77380 / 309531
92856 / 309531
108332 / 309531
123808 / 309531
139284 / 309531
154760 / 309531
170236 / 309531
185712 / 309531
201188 / 309531
216664 / 309531
232140 / 309531
247616 / 309531
263092 / 309531
278568 / 309531
294044 / 309531
309520 / 309531
187.249986887
800
Ends at  Mon Jun 12 18:47:55 2023
Time took 191.188422918 seconds.
