Starts at Mon Jun 12 18:44:43 2023
[tnp_tamsa] Use Configs["HLTEl12_2016b"] from config/ele_TopHNT_v1.py
 adding rootfile:  /gv0/Users/jbhyun/TagAndProbe/Electron/2022-10-28/UL2016postVFP/mc/DYJetsToEE_M-50_massWgtFix_TuneCP5_13TeV-powhegMiNNLO-pythia8-photos/crab_UL2016postVFP_DY_NNLO/221031_083953/0000/TnPTree_mc_45.root
 adding rootfile:  /gv0/Users/jbhyun/TagAndProbe/Electron/2022-10-28/UL2016postVFP/mc/DYJetsToEE_M-50_massWgtFix_TuneCP5_13TeV-powhegMiNNLO-pythia8-photos/crab_UL2016postVFP_DY_NNLO/221031_083953/0000/TnPTree_mc_145.root
1 100 1 100 8
Starting event loop to fill histograms..
0 / 292286
14614 / 292286
29228 / 292286
43842 / 292286
58456 / 292286
73070 / 292286
87684 / 292286
102298 / 292286
116912 / 292286
131526 / 292286
146140 / 292286
160754 / 292286
175368 / 292286
189982 / 292286
204596 / 292286
219210 / 292286
233824 / 292286
248438 / 292286
263052 / 292286
277666 / 292286
292280 / 292286
173.529269934
800
Ends at  Mon Jun 12 18:47:41 2023
Time took 177.985199928 seconds.
