Starts at Mon Jun 12 18:44:43 2023
[tnp_tamsa] Use Configs["HLTEl12_2016b"] from config/ele_TopHNT_v1.py
 adding rootfile:  /gv0/Users/jbhyun/TagAndProbe/Electron/2022-10-28/UL2016postVFP/mc/DYJetsToEE_M-50_massWgtFix_TuneCP5_13TeV-powhegMiNNLO-pythia8-photos/crab_UL2016postVFP_DY_NNLO/221031_083953/0000/TnPTree_mc_41.root
 adding rootfile:  /gv0/Users/jbhyun/TagAndProbe/Electron/2022-10-28/UL2016postVFP/mc/DYJetsToEE_M-50_massWgtFix_TuneCP5_13TeV-powhegMiNNLO-pythia8-photos/crab_UL2016postVFP_DY_NNLO/221031_083953/0000/TnPTree_mc_141.root
1 100 1 100 8
Starting event loop to fill histograms..
0 / 311672
15583 / 311672
31166 / 311672
46749 / 311672
62332 / 311672
77915 / 311672
93498 / 311672
109081 / 311672
124664 / 311672
140247 / 311672
155830 / 311672
171413 / 311672
186996 / 311672
202579 / 311672
218162 / 311672
233745 / 311672
249328 / 311672
264911 / 311672
280494 / 311672
296077 / 311672
311660 / 311672
185.000963926
800
Ends at  Mon Jun 12 18:47:52 2023
Time took 188.680841923 seconds.
