Starts at Mon Jun 12 18:44:44 2023
[tnp_tamsa] Use Configs["HLTEl12_2016b"] from config/ele_TopHNT_v1.py
 adding rootfile:  /gv0/Users/jbhyun/TagAndProbe/Electron/2022-10-28/UL2016postVFP/mc/DYJetsToEE_M-50_massWgtFix_TuneCP5_13TeV-powhegMiNNLO-pythia8-photos/crab_UL2016postVFP_DY_NNLO/221031_083953/0000/TnPTree_mc_42.root
 adding rootfile:  /gv0/Users/jbhyun/TagAndProbe/Electron/2022-10-28/UL2016postVFP/mc/DYJetsToEE_M-50_massWgtFix_TuneCP5_13TeV-powhegMiNNLO-pythia8-photos/crab_UL2016postVFP_DY_NNLO/221031_083953/0000/TnPTree_mc_142.root
1 100 1 100 8
Starting event loop to fill histograms..
0 / 310346
15517 / 310346
31034 / 310346
46551 / 310346
62068 / 310346
77585 / 310346
93102 / 310346
108619 / 310346
124136 / 310346
139653 / 310346
155170 / 310346
170687 / 310346
186204 / 310346
201721 / 310346
217238 / 310346
232755 / 310346
248272 / 310346
263789 / 310346
279306 / 310346
294823 / 310346
310340 / 310346
174.458204031
800
Ends at  Mon Jun 12 18:47:42 2023
Time took 178.795708895 seconds.
