Starts at Mon Jun 12 18:44:43 2023
[tnp_tamsa] Use Configs["HLTEl12_2016b"] from config/ele_TopHNT_v1.py
 adding rootfile:  /gv0/Users/jbhyun/TagAndProbe/Electron/2022-10-28/UL2016postVFP/mc/DYJetsToEE_M-50_massWgtFix_TuneCP5_13TeV-powhegMiNNLO-pythia8-photos/crab_UL2016postVFP_DY_NNLO/221031_083953/0000/TnPTree_mc_52.root
 adding rootfile:  /gv0/Users/jbhyun/TagAndProbe/Electron/2022-10-28/UL2016postVFP/mc/DYJetsToEE_M-50_massWgtFix_TuneCP5_13TeV-powhegMiNNLO-pythia8-photos/crab_UL2016postVFP_DY_NNLO/221031_083953/0000/TnPTree_mc_152.root
1 100 1 100 8
Starting event loop to fill histograms..
0 / 281811
14090 / 281811
28180 / 281811
42270 / 281811
56360 / 281811
70450 / 281811
84540 / 281811
98630 / 281811
112720 / 281811
126810 / 281811
140900 / 281811
154990 / 281811
169080 / 281811
183170 / 281811
197260 / 281811
211350 / 281811
225440 / 281811
239530 / 281811
253620 / 281811
267710 / 281811
281800 / 281811
168.57976985
800
Ends at  Mon Jun 12 18:47:35 2023
Time took 172.068127155 seconds.
