Starts at Mon Jun 12 18:44:43 2023
[tnp_tamsa] Use Configs["HLTEl12_2016b"] from config/ele_TopHNT_v1.py
 adding rootfile:  /gv0/Users/jbhyun/TagAndProbe/Electron/2022-10-28/UL2016postVFP/mc/DYJetsToEE_M-50_massWgtFix_TuneCP5_13TeV-powhegMiNNLO-pythia8-photos/crab_UL2016postVFP_DY_NNLO/221031_083953/0000/TnPTree_mc_53.root
 adding rootfile:  /gv0/Users/jbhyun/TagAndProbe/Electron/2022-10-28/UL2016postVFP/mc/DYJetsToEE_M-50_massWgtFix_TuneCP5_13TeV-powhegMiNNLO-pythia8-photos/crab_UL2016postVFP_DY_NNLO/221031_083953/0000/TnPTree_mc_153.root
1 100 1 100 8
Starting event loop to fill histograms..
0 / 309692
15484 / 309692
30968 / 309692
46452 / 309692
61936 / 309692
77420 / 309692
92904 / 309692
108388 / 309692
123872 / 309692
139356 / 309692
154840 / 309692
170324 / 309692
185808 / 309692
201292 / 309692
216776 / 309692
232260 / 309692
247744 / 309692
263228 / 309692
278712 / 309692
294196 / 309692
309680 / 309692
190.349041939
800
Ends at  Mon Jun 12 18:47:58 2023
Time took 194.377493143 seconds.
