Starts at Mon Jun 12 18:44:43 2023
[tnp_tamsa] Use Configs["HLTEl12_2016b"] from config/ele_TopHNT_v1.py
 adding rootfile:  /gv0/Users/jbhyun/TagAndProbe/Electron/2022-10-28/UL2016postVFP/mc/DYJetsToEE_M-50_massWgtFix_TuneCP5_13TeV-powhegMiNNLO-pythia8-photos/crab_UL2016postVFP_DY_NNLO/221031_083953/0000/TnPTree_mc_51.root
 adding rootfile:  /gv0/Users/jbhyun/TagAndProbe/Electron/2022-10-28/UL2016postVFP/mc/DYJetsToEE_M-50_massWgtFix_TuneCP5_13TeV-powhegMiNNLO-pythia8-photos/crab_UL2016postVFP_DY_NNLO/221031_083953/0000/TnPTree_mc_151.root
1 100 1 100 8
Starting event loop to fill histograms..
0 / 301921
15096 / 301921
30192 / 301921
45288 / 301921
60384 / 301921
75480 / 301921
90576 / 301921
105672 / 301921
120768 / 301921
135864 / 301921
150960 / 301921
166056 / 301921
181152 / 301921
196248 / 301921
211344 / 301921
226440 / 301921
241536 / 301921
256632 / 301921
271728 / 301921
286824 / 301921
301920 / 301921
177.291103125
800
Ends at  Mon Jun 12 18:47:44 2023
Time took 180.961295128 seconds.
