Starts at Mon Jun 12 18:44:43 2023
[tnp_tamsa] Use Configs["HLTEl12_2016b"] from config/ele_TopHNT_v1.py
 adding rootfile:  /gv0/Users/jbhyun/TagAndProbe/Electron/2022-10-28/UL2016postVFP/mc/DYJetsToEE_M-50_massWgtFix_TuneCP5_13TeV-powhegMiNNLO-pythia8-photos/crab_UL2016postVFP_DY_NNLO/221031_083953/0000/TnPTree_mc_59.root
 adding rootfile:  /gv0/Users/jbhyun/TagAndProbe/Electron/2022-10-28/UL2016postVFP/mc/DYJetsToEE_M-50_massWgtFix_TuneCP5_13TeV-powhegMiNNLO-pythia8-photos/crab_UL2016postVFP_DY_NNLO/221031_083953/0000/TnPTree_mc_159.root
1 100 1 100 8
Starting event loop to fill histograms..
0 / 304584
15229 / 304584
30458 / 304584
45687 / 304584
60916 / 304584
76145 / 304584
91374 / 304584
106603 / 304584
121832 / 304584
137061 / 304584
152290 / 304584
167519 / 304584
182748 / 304584
197977 / 304584
213206 / 304584
228435 / 304584
243664 / 304584
258893 / 304584
274122 / 304584
289351 / 304584
304580 / 304584
170.45787096
800
Ends at  Mon Jun 12 18:47:38 2023
Time took 174.70906806 seconds.
