Starts at Mon Jun 12 18:44:43 2023
[tnp_tamsa] Use Configs["HLTEl12_2016b"] from config/ele_TopHNT_v1.py
 adding rootfile:  /gv0/Users/jbhyun/TagAndProbe/Electron/2022-10-28/UL2016postVFP/mc/DYJetsToEE_M-50_massWgtFix_TuneCP5_13TeV-powhegMiNNLO-pythia8-photos/crab_UL2016postVFP_DY_NNLO/221031_083953/0000/TnPTree_mc_56.root
 adding rootfile:  /gv0/Users/jbhyun/TagAndProbe/Electron/2022-10-28/UL2016postVFP/mc/DYJetsToEE_M-50_massWgtFix_TuneCP5_13TeV-powhegMiNNLO-pythia8-photos/crab_UL2016postVFP_DY_NNLO/221031_083953/0000/TnPTree_mc_156.root
1 100 1 100 8
Starting event loop to fill histograms..
0 / 310800
15540 / 310800
31080 / 310800
46620 / 310800
62160 / 310800
77700 / 310800
93240 / 310800
108780 / 310800
124320 / 310800
139860 / 310800
155400 / 310800
170940 / 310800
186480 / 310800
202020 / 310800
217560 / 310800
233100 / 310800
248640 / 310800
264180 / 310800
279720 / 310800
295260 / 310800
195.027124882
800
Ends at  Mon Jun 12 18:48:03 2023
Time took 199.48999095 seconds.
