Starts at Mon Jun 12 18:44:44 2023
[tnp_tamsa] Use Configs["HLTEl12_2016b"] from config/ele_TopHNT_v1.py
 adding rootfile:  /gv0/Users/jbhyun/TagAndProbe/Electron/2022-10-28/UL2016postVFP/mc/DYJetsToEE_M-50_massWgtFix_TuneCP5_13TeV-powhegMiNNLO-pythia8-photos/crab_UL2016postVFP_DY_NNLO/221031_083953/0000/TnPTree_mc_55.root
 adding rootfile:  /gv0/Users/jbhyun/TagAndProbe/Electron/2022-10-28/UL2016postVFP/mc/DYJetsToEE_M-50_massWgtFix_TuneCP5_13TeV-powhegMiNNLO-pythia8-photos/crab_UL2016postVFP_DY_NNLO/221031_083953/0000/TnPTree_mc_155.root
1 100 1 100 8
Starting event loop to fill histograms..
0 / 311314
15565 / 311314
31130 / 311314
46695 / 311314
62260 / 311314
77825 / 311314
93390 / 311314
108955 / 311314
124520 / 311314
140085 / 311314
155650 / 311314
171215 / 311314
186780 / 311314
202345 / 311314
217910 / 311314
233475 / 311314
249040 / 311314
264605 / 311314
280170 / 311314
295735 / 311314
311300 / 311314
190.740290165
800
Ends at  Mon Jun 12 18:47:58 2023
Time took 194.76909709 seconds.
