Starts at Mon Jun 12 18:44:43 2023
[tnp_tamsa] Use Configs["HLTEl12_2016b"] from config/ele_TopHNT_v1.py
 adding rootfile:  /gv0/Users/jbhyun/TagAndProbe/Electron/2022-10-28/UL2016postVFP/mc/DYJetsToEE_M-50_massWgtFix_TuneCP5_13TeV-powhegMiNNLO-pythia8-photos/crab_UL2016postVFP_DY_NNLO/221031_083953/0000/TnPTree_mc_58.root
 adding rootfile:  /gv0/Users/jbhyun/TagAndProbe/Electron/2022-10-28/UL2016postVFP/mc/DYJetsToEE_M-50_massWgtFix_TuneCP5_13TeV-powhegMiNNLO-pythia8-photos/crab_UL2016postVFP_DY_NNLO/221031_083953/0000/TnPTree_mc_158.root
1 100 1 100 8
Starting event loop to fill histograms..
0 / 310308
15515 / 310308
31030 / 310308
46545 / 310308
62060 / 310308
77575 / 310308
93090 / 310308
108605 / 310308
124120 / 310308
139635 / 310308
155150 / 310308
170665 / 310308
186180 / 310308
201695 / 310308
217210 / 310308
232725 / 310308
248240 / 310308
263755 / 310308
279270 / 310308
294785 / 310308
310300 / 310308
183.686861038
800
Ends at  Mon Jun 12 18:47:51 2023
Time took 187.823784113 seconds.
