Starts at Mon Jun 12 18:44:43 2023
[tnp_tamsa] Use Configs["HLTEl12_2016b"] from config/ele_TopHNT_v1.py
 adding rootfile:  /gv0/Users/jbhyun/TagAndProbe/Electron/2022-10-28/UL2016postVFP/mc/DYJetsToEE_M-50_massWgtFix_TuneCP5_13TeV-powhegMiNNLO-pythia8-photos/crab_UL2016postVFP_DY_NNLO/221031_083953/0000/TnPTree_mc_70.root
 adding rootfile:  /gv0/Users/jbhyun/TagAndProbe/Electron/2022-10-28/UL2016postVFP/mc/DYJetsToEE_M-50_massWgtFix_TuneCP5_13TeV-powhegMiNNLO-pythia8-photos/crab_UL2016postVFP_DY_NNLO/221031_083953/0000/TnPTree_mc_170.root
1 100 1 100 8
Starting event loop to fill histograms..
0 / 310419
15520 / 310419
31040 / 310419
46560 / 310419
62080 / 310419
77600 / 310419
93120 / 310419
108640 / 310419
124160 / 310419
139680 / 310419
155200 / 310419
170720 / 310419
186240 / 310419
201760 / 310419
217280 / 310419
232800 / 310419
248320 / 310419
263840 / 310419
279360 / 310419
294880 / 310419
310400 / 310419
184.824398994
800
Ends at  Mon Jun 12 18:47:52 2023
Time took 188.884663105 seconds.
