Starts at Mon Jun 12 18:44:43 2023
[tnp_tamsa] Use Configs["HLTEl12_2016b"] from config/ele_TopHNT_v1.py
 adding rootfile:  /gv0/Users/jbhyun/TagAndProbe/Electron/2022-10-28/UL2016postVFP/mc/DYJetsToEE_M-50_massWgtFix_TuneCP5_13TeV-powhegMiNNLO-pythia8-photos/crab_UL2016postVFP_DY_NNLO/221031_083953/0000/TnPTree_mc_61.root
 adding rootfile:  /gv0/Users/jbhyun/TagAndProbe/Electron/2022-10-28/UL2016postVFP/mc/DYJetsToEE_M-50_massWgtFix_TuneCP5_13TeV-powhegMiNNLO-pythia8-photos/crab_UL2016postVFP_DY_NNLO/221031_083953/0000/TnPTree_mc_161.root
1 100 1 100 8
Starting event loop to fill histograms..
0 / 282785
14139 / 282785
28278 / 282785
42417 / 282785
56556 / 282785
70695 / 282785
84834 / 282785
98973 / 282785
113112 / 282785
127251 / 282785
141390 / 282785
155529 / 282785
169668 / 282785
183807 / 282785
197946 / 282785
212085 / 282785
226224 / 282785
240363 / 282785
254502 / 282785
268641 / 282785
282780 / 282785
167.378787994
800
Ends at  Mon Jun 12 18:47:35 2023
Time took 171.70787406 seconds.
