Starts at Mon Jun 12 18:44:43 2023
[tnp_tamsa] Use Configs["HLTEl12_2016b"] from config/ele_TopHNT_v1.py
 adding rootfile:  /gv0/Users/jbhyun/TagAndProbe/Electron/2022-10-28/UL2016postVFP/mc/DYJetsToEE_M-50_massWgtFix_TuneCP5_13TeV-powhegMiNNLO-pythia8-photos/crab_UL2016postVFP_DY_NNLO/221031_083953/0000/TnPTree_mc_64.root
 adding rootfile:  /gv0/Users/jbhyun/TagAndProbe/Electron/2022-10-28/UL2016postVFP/mc/DYJetsToEE_M-50_massWgtFix_TuneCP5_13TeV-powhegMiNNLO-pythia8-photos/crab_UL2016postVFP_DY_NNLO/221031_083953/0000/TnPTree_mc_164.root
1 100 1 100 8
Starting event loop to fill histograms..
0 / 304409
15220 / 304409
30440 / 304409
45660 / 304409
60880 / 304409
76100 / 304409
91320 / 304409
106540 / 304409
121760 / 304409
136980 / 304409
152200 / 304409
167420 / 304409
182640 / 304409
197860 / 304409
213080 / 304409
228300 / 304409
243520 / 304409
258740 / 304409
273960 / 304409
289180 / 304409
304400 / 304409
180.360860109
800
Ends at  Mon Jun 12 18:47:48 2023
Time took 184.64338398 seconds.
