Starts at Mon Jun 12 18:44:43 2023
[tnp_tamsa] Use Configs["HLTEl12_2016b"] from config/ele_TopHNT_v1.py
 adding rootfile:  /gv0/Users/jbhyun/TagAndProbe/Electron/2022-10-28/UL2016postVFP/mc/DYJetsToEE_M-50_massWgtFix_TuneCP5_13TeV-powhegMiNNLO-pythia8-photos/crab_UL2016postVFP_DY_NNLO/221031_083953/0000/TnPTree_mc_68.root
 adding rootfile:  /gv0/Users/jbhyun/TagAndProbe/Electron/2022-10-28/UL2016postVFP/mc/DYJetsToEE_M-50_massWgtFix_TuneCP5_13TeV-powhegMiNNLO-pythia8-photos/crab_UL2016postVFP_DY_NNLO/221031_083953/0000/TnPTree_mc_168.root
1 100 1 100 8
Starting event loop to fill histograms..
0 / 279968
13998 / 279968
27996 / 279968
41994 / 279968
55992 / 279968
69990 / 279968
83988 / 279968
97986 / 279968
111984 / 279968
125982 / 279968
139980 / 279968
153978 / 279968
167976 / 279968
181974 / 279968
195972 / 279968
209970 / 279968
223968 / 279968
237966 / 279968
251964 / 279968
265962 / 279968
279960 / 279968
161.535881042
800
Ends at  Mon Jun 12 18:47:29 2023
Time took 165.74580884 seconds.
