Starts at Mon Jun 12 18:44:43 2023
[tnp_tamsa] Use Configs["HLTEl12_2016b"] from config/ele_TopHNT_v1.py
 adding rootfile:  /gv0/Users/jbhyun/TagAndProbe/Electron/2022-10-28/UL2016postVFP/mc/DYJetsToEE_M-50_massWgtFix_TuneCP5_13TeV-powhegMiNNLO-pythia8-photos/crab_UL2016postVFP_DY_NNLO/221031_083953/0000/TnPTree_mc_66.root
 adding rootfile:  /gv0/Users/jbhyun/TagAndProbe/Electron/2022-10-28/UL2016postVFP/mc/DYJetsToEE_M-50_massWgtFix_TuneCP5_13TeV-powhegMiNNLO-pythia8-photos/crab_UL2016postVFP_DY_NNLO/221031_083953/0000/TnPTree_mc_166.root
1 100 1 100 8
Starting event loop to fill histograms..
0 / 316201
15810 / 316201
31620 / 316201
47430 / 316201
63240 / 316201
79050 / 316201
94860 / 316201
110670 / 316201
126480 / 316201
142290 / 316201
158100 / 316201
173910 / 316201
189720 / 316201
205530 / 316201
221340 / 316201
237150 / 316201
252960 / 316201
268770 / 316201
284580 / 316201
300390 / 316201
316200 / 316201
178.82842803
800
Ends at  Mon Jun 12 18:47:46 2023
Time took 183.170942068 seconds.
