Starts at Mon Jun 12 18:44:43 2023
[tnp_tamsa] Use Configs["HLTEl12_2016b"] from config/ele_TopHNT_v1.py
 adding rootfile:  /gv0/Users/jbhyun/TagAndProbe/Electron/2022-10-28/UL2016postVFP/mc/DYJetsToEE_M-50_massWgtFix_TuneCP5_13TeV-powhegMiNNLO-pythia8-photos/crab_UL2016postVFP_DY_NNLO/221031_083953/0000/TnPTree_mc_67.root
 adding rootfile:  /gv0/Users/jbhyun/TagAndProbe/Electron/2022-10-28/UL2016postVFP/mc/DYJetsToEE_M-50_massWgtFix_TuneCP5_13TeV-powhegMiNNLO-pythia8-photos/crab_UL2016postVFP_DY_NNLO/221031_083953/0000/TnPTree_mc_167.root
1 100 1 100 8
Starting event loop to fill histograms..
0 / 304618
15230 / 304618
30460 / 304618
45690 / 304618
60920 / 304618
76150 / 304618
91380 / 304618
106610 / 304618
121840 / 304618
137070 / 304618
152300 / 304618
167530 / 304618
182760 / 304618
197990 / 304618
213220 / 304618
228450 / 304618
243680 / 304618
258910 / 304618
274140 / 304618
289370 / 304618
304600 / 304618
187.153745174
800
Ends at  Mon Jun 12 18:47:55 2023
Time took 191.483491898 seconds.
