Starts at Mon Jun 12 18:44:43 2023
[tnp_tamsa] Use Configs["HLTEl12_2016b"] from config/ele_TopHNT_v1.py
 adding rootfile:  /gv0/Users/jbhyun/TagAndProbe/Electron/2022-10-28/UL2016postVFP/mc/DYJetsToEE_M-50_massWgtFix_TuneCP5_13TeV-powhegMiNNLO-pythia8-photos/crab_UL2016postVFP_DY_NNLO/221031_083953/0000/TnPTree_mc_62.root
 adding rootfile:  /gv0/Users/jbhyun/TagAndProbe/Electron/2022-10-28/UL2016postVFP/mc/DYJetsToEE_M-50_massWgtFix_TuneCP5_13TeV-powhegMiNNLO-pythia8-photos/crab_UL2016postVFP_DY_NNLO/221031_083953/0000/TnPTree_mc_162.root
1 100 1 100 8
Starting event loop to fill histograms..
0 / 280593
14029 / 280593
28058 / 280593
42087 / 280593
56116 / 280593
70145 / 280593
84174 / 280593
98203 / 280593
112232 / 280593
126261 / 280593
140290 / 280593
154319 / 280593
168348 / 280593
182377 / 280593
196406 / 280593
210435 / 280593
224464 / 280593
238493 / 280593
252522 / 280593
266551 / 280593
280580 / 280593
165.425832987
800
Ends at  Mon Jun 12 18:47:33 2023
Time took 169.645433903 seconds.
