Starts at Mon Jun 12 18:44:43 2023
[tnp_tamsa] Use Configs["HLTEl12_2016b"] from config/ele_TopHNT_v1.py
 adding rootfile:  /gv0/Users/jbhyun/TagAndProbe/Electron/2022-10-28/UL2016postVFP/mc/DYJetsToEE_M-50_massWgtFix_TuneCP5_13TeV-powhegMiNNLO-pythia8-photos/crab_UL2016postVFP_DY_NNLO/221031_083953/0000/TnPTree_mc_74.root
 adding rootfile:  /gv0/Users/jbhyun/TagAndProbe/Electron/2022-10-28/UL2016postVFP/mc/DYJetsToEE_M-50_massWgtFix_TuneCP5_13TeV-powhegMiNNLO-pythia8-photos/crab_UL2016postVFP_DY_NNLO/221031_083953/0000/TnPTree_mc_174.root
1 100 1 100 8
Starting event loop to fill histograms..
0 / 310565
15528 / 310565
31056 / 310565
46584 / 310565
62112 / 310565
77640 / 310565
93168 / 310565
108696 / 310565
124224 / 310565
139752 / 310565
155280 / 310565
170808 / 310565
186336 / 310565
201864 / 310565
217392 / 310565
232920 / 310565
248448 / 310565
263976 / 310565
279504 / 310565
295032 / 310565
310560 / 310565
192.337662935
800
Ends at  Mon Jun 12 18:48:00 2023
Time took 196.279402971 seconds.
