Starts at Mon Jun 12 18:44:44 2023
[tnp_tamsa] Use Configs["HLTEl12_2016b"] from config/ele_TopHNT_v1.py
 adding rootfile:  /gv0/Users/jbhyun/TagAndProbe/Electron/2022-10-28/UL2016postVFP/mc/DYJetsToEE_M-50_massWgtFix_TuneCP5_13TeV-powhegMiNNLO-pythia8-photos/crab_UL2016postVFP_DY_NNLO/221031_083953/0000/TnPTree_mc_78.root
 adding rootfile:  /gv0/Users/jbhyun/TagAndProbe/Electron/2022-10-28/UL2016postVFP/mc/DYJetsToEE_M-50_massWgtFix_TuneCP5_13TeV-powhegMiNNLO-pythia8-photos/crab_UL2016postVFP_DY_NNLO/221031_083953/0000/TnPTree_mc_178.root
1 100 1 100 8
Starting event loop to fill histograms..
0 / 314198
15709 / 314198
31418 / 314198
47127 / 314198
62836 / 314198
78545 / 314198
94254 / 314198
109963 / 314198
125672 / 314198
141381 / 314198
157090 / 314198
172799 / 314198
188508 / 314198
204217 / 314198
219926 / 314198
235635 / 314198
251344 / 314198
267053 / 314198
282762 / 314198
298471 / 314198
314180 / 314198
201.054550171
800
Ends at  Mon Jun 12 18:48:08 2023
Time took 204.479146957 seconds.
