Starts at Mon Jun 12 18:44:43 2023
[tnp_tamsa] Use Configs["HLTEl12_2016b"] from config/ele_TopHNT_v1.py
 adding rootfile:  /gv0/Users/jbhyun/TagAndProbe/Electron/2022-10-28/UL2016postVFP/mc/DYJetsToEE_M-50_massWgtFix_TuneCP5_13TeV-powhegMiNNLO-pythia8-photos/crab_UL2016postVFP_DY_NNLO/221031_083953/0000/TnPTree_mc_72.root
 adding rootfile:  /gv0/Users/jbhyun/TagAndProbe/Electron/2022-10-28/UL2016postVFP/mc/DYJetsToEE_M-50_massWgtFix_TuneCP5_13TeV-powhegMiNNLO-pythia8-photos/crab_UL2016postVFP_DY_NNLO/221031_083953/0000/TnPTree_mc_172.root
1 100 1 100 8
Starting event loop to fill histograms..
0 / 309691
15484 / 309691
30968 / 309691
46452 / 309691
61936 / 309691
77420 / 309691
92904 / 309691
108388 / 309691
123872 / 309691
139356 / 309691
154840 / 309691
170324 / 309691
185808 / 309691
201292 / 309691
216776 / 309691
232260 / 309691
247744 / 309691
263228 / 309691
278712 / 309691
294196 / 309691
309680 / 309691
184.935731888
800
Ends at  Mon Jun 12 18:47:52 2023
Time took 188.915039062 seconds.
