Starts at Mon Jun 12 18:44:43 2023
[tnp_tamsa] Use Configs["HLTEl12_2016b"] from config/ele_TopHNT_v1.py
 adding rootfile:  /gv0/Users/jbhyun/TagAndProbe/Electron/2022-10-28/UL2016postVFP/mc/DYJetsToEE_M-50_massWgtFix_TuneCP5_13TeV-powhegMiNNLO-pythia8-photos/crab_UL2016postVFP_DY_NNLO/221031_083953/0000/TnPTree_mc_75.root
 adding rootfile:  /gv0/Users/jbhyun/TagAndProbe/Electron/2022-10-28/UL2016postVFP/mc/DYJetsToEE_M-50_massWgtFix_TuneCP5_13TeV-powhegMiNNLO-pythia8-photos/crab_UL2016postVFP_DY_NNLO/221031_083953/0000/TnPTree_mc_175.root
1 100 1 100 8
Starting event loop to fill histograms..
0 / 310546
15527 / 310546
31054 / 310546
46581 / 310546
62108 / 310546
77635 / 310546
93162 / 310546
108689 / 310546
124216 / 310546
139743 / 310546
155270 / 310546
170797 / 310546
186324 / 310546
201851 / 310546
217378 / 310546
232905 / 310546
248432 / 310546
263959 / 310546
279486 / 310546
295013 / 310546
310540 / 310546
191.651303053
800
Ends at  Mon Jun 12 18:48:00 2023
Time took 196.232825994 seconds.
