Starts at Mon Jun 12 18:44:44 2023
[tnp_tamsa] Use Configs["HLTEl12_2016b"] from config/ele_TopHNT_v1.py
 adding rootfile:  /gv0/Users/jbhyun/TagAndProbe/Electron/2022-10-28/UL2016postVFP/mc/DYJetsToEE_M-50_massWgtFix_TuneCP5_13TeV-powhegMiNNLO-pythia8-photos/crab_UL2016postVFP_DY_NNLO/221031_083953/0000/TnPTree_mc_87.root
 adding rootfile:  /gv0/Users/jbhyun/TagAndProbe/Electron/2022-10-28/UL2016postVFP/mc/DYJetsToEE_M-50_massWgtFix_TuneCP5_13TeV-powhegMiNNLO-pythia8-photos/crab_UL2016postVFP_DY_NNLO/221031_083953/0000/TnPTree_mc_187.root
1 100 1 100 8
Starting event loop to fill histograms..
0 / 315392
15769 / 315392
31538 / 315392
47307 / 315392
63076 / 315392
78845 / 315392
94614 / 315392
110383 / 315392
126152 / 315392
141921 / 315392
157690 / 315392
173459 / 315392
189228 / 315392
204997 / 315392
220766 / 315392
236535 / 315392
252304 / 315392
268073 / 315392
283842 / 315392
299611 / 315392
315380 / 315392
196.778017998
800
Ends at  Mon Jun 12 18:48:04 2023
Time took 200.424438 seconds.
