Starts at Mon Jun 12 18:44:44 2023
[tnp_tamsa] Use Configs["HLTEl12_2016b"] from config/ele_TopHNT_v1.py
 adding rootfile:  /gv0/Users/jbhyun/TagAndProbe/Electron/2022-10-28/UL2016postVFP/mc/DYJetsToEE_M-50_massWgtFix_TuneCP5_13TeV-powhegMiNNLO-pythia8-photos/crab_UL2016postVFP_DY_NNLO/221031_083953/0000/TnPTree_mc_86.root
 adding rootfile:  /gv0/Users/jbhyun/TagAndProbe/Electron/2022-10-28/UL2016postVFP/mc/DYJetsToEE_M-50_massWgtFix_TuneCP5_13TeV-powhegMiNNLO-pythia8-photos/crab_UL2016postVFP_DY_NNLO/221031_083953/0000/TnPTree_mc_186.root
1 100 1 100 8
Starting event loop to fill histograms..
0 / 311375
15568 / 311375
31136 / 311375
46704 / 311375
62272 / 311375
77840 / 311375
93408 / 311375
108976 / 311375
124544 / 311375
140112 / 311375
155680 / 311375
171248 / 311375
186816 / 311375
202384 / 311375
217952 / 311375
233520 / 311375
249088 / 311375
264656 / 311375
280224 / 311375
295792 / 311375
311360 / 311375
176.592359066
800
Ends at  Mon Jun 12 18:47:44 2023
Time took 179.914314985 seconds.
