Starts at Mon Jun 12 18:44:44 2023
[tnp_tamsa] Use Configs["HLTEl12_2016b"] from config/ele_TopHNT_v1.py
 adding rootfile:  /gv0/Users/jbhyun/TagAndProbe/Electron/2022-10-28/UL2016postVFP/mc/DYJetsToEE_M-50_massWgtFix_TuneCP5_13TeV-powhegMiNNLO-pythia8-photos/crab_UL2016postVFP_DY_NNLO/221031_083953/0000/TnPTree_mc_81.root
 adding rootfile:  /gv0/Users/jbhyun/TagAndProbe/Electron/2022-10-28/UL2016postVFP/mc/DYJetsToEE_M-50_massWgtFix_TuneCP5_13TeV-powhegMiNNLO-pythia8-photos/crab_UL2016postVFP_DY_NNLO/221031_083953/0000/TnPTree_mc_181.root
1 100 1 100 8
Starting event loop to fill histograms..
0 / 308768
15438 / 308768
30876 / 308768
46314 / 308768
61752 / 308768
77190 / 308768
92628 / 308768
108066 / 308768
123504 / 308768
138942 / 308768
154380 / 308768
169818 / 308768
185256 / 308768
200694 / 308768
216132 / 308768
231570 / 308768
247008 / 308768
262446 / 308768
277884 / 308768
293322 / 308768
308760 / 308768
187.346982002
800
Ends at  Mon Jun 12 18:47:54 2023
Time took 190.667803049 seconds.
