Starts at Mon Jun 12 18:44:44 2023
[tnp_tamsa] Use Configs["HLTEl12_2016b"] from config/ele_TopHNT_v1.py
 adding rootfile:  /gv0/Users/jbhyun/TagAndProbe/Electron/2022-10-28/UL2016postVFP/mc/DYJetsToEE_M-50_massWgtFix_TuneCP5_13TeV-powhegMiNNLO-pythia8-photos/crab_UL2016postVFP_DY_NNLO/221031_083953/0000/TnPTree_mc_84.root
 adding rootfile:  /gv0/Users/jbhyun/TagAndProbe/Electron/2022-10-28/UL2016postVFP/mc/DYJetsToEE_M-50_massWgtFix_TuneCP5_13TeV-powhegMiNNLO-pythia8-photos/crab_UL2016postVFP_DY_NNLO/221031_083953/0000/TnPTree_mc_184.root
1 100 1 100 8
Starting event loop to fill histograms..
0 / 316565
15828 / 316565
31656 / 316565
47484 / 316565
63312 / 316565
79140 / 316565
94968 / 316565
110796 / 316565
126624 / 316565
142452 / 316565
158280 / 316565
174108 / 316565
189936 / 316565
205764 / 316565
221592 / 316565
237420 / 316565
253248 / 316565
269076 / 316565
284904 / 316565
300732 / 316565
316560 / 316565
184.538341999
800
Ends at  Mon Jun 12 18:47:52 2023
Time took 188.150062084 seconds.
