Starts at Mon Jun 12 18:44:44 2023
[tnp_tamsa] Use Configs["HLTEl12_2016b"] from config/ele_TopHNT_v1.py
 adding rootfile:  /gv0/Users/jbhyun/TagAndProbe/Electron/2022-10-28/UL2016postVFP/mc/DYJetsToEE_M-50_massWgtFix_TuneCP5_13TeV-powhegMiNNLO-pythia8-photos/crab_UL2016postVFP_DY_NNLO/221031_083953/0000/TnPTree_mc_88.root
 adding rootfile:  /gv0/Users/jbhyun/TagAndProbe/Electron/2022-10-28/UL2016postVFP/mc/DYJetsToEE_M-50_massWgtFix_TuneCP5_13TeV-powhegMiNNLO-pythia8-photos/crab_UL2016postVFP_DY_NNLO/221031_083953/0000/TnPTree_mc_188.root
1 100 1 100 8
Starting event loop to fill histograms..
0 / 310587
15529 / 310587
31058 / 310587
46587 / 310587
62116 / 310587
77645 / 310587
93174 / 310587
108703 / 310587
124232 / 310587
139761 / 310587
155290 / 310587
170819 / 310587
186348 / 310587
201877 / 310587
217406 / 310587
232935 / 310587
248464 / 310587
263993 / 310587
279522 / 310587
295051 / 310587
310580 / 310587
191.11026907
800
Ends at  Mon Jun 12 18:47:59 2023
Time took 194.749183893 seconds.
