Starts at Mon Jun 12 18:44:44 2023
[tnp_tamsa] Use Configs["HLTEl12_2016b"] from config/ele_TopHNT_v1.py
 adding rootfile:  /gv0/Users/jbhyun/TagAndProbe/Electron/2022-10-28/UL2016postVFP/mc/DYJetsToEE_M-50_massWgtFix_TuneCP5_13TeV-powhegMiNNLO-pythia8-photos/crab_UL2016postVFP_DY_NNLO/221031_083953/0000/TnPTree_mc_82.root
 adding rootfile:  /gv0/Users/jbhyun/TagAndProbe/Electron/2022-10-28/UL2016postVFP/mc/DYJetsToEE_M-50_massWgtFix_TuneCP5_13TeV-powhegMiNNLO-pythia8-photos/crab_UL2016postVFP_DY_NNLO/221031_083953/0000/TnPTree_mc_182.root
1 100 1 100 8
Starting event loop to fill histograms..
0 / 310121
15506 / 310121
31012 / 310121
46518 / 310121
62024 / 310121
77530 / 310121
93036 / 310121
108542 / 310121
124048 / 310121
139554 / 310121
155060 / 310121
170566 / 310121
186072 / 310121
201578 / 310121
217084 / 310121
232590 / 310121
248096 / 310121
263602 / 310121
279108 / 310121
294614 / 310121
310120 / 310121
191.200871944
800
Ends at  Mon Jun 12 18:47:59 2023
Time took 194.826112986 seconds.
