Starts at Mon Jun 12 18:44:44 2023
[tnp_tamsa] Use Configs["HLTEl12_2016b"] from config/ele_TopHNT_v1.py
 adding rootfile:  /gv0/Users/jbhyun/TagAndProbe/Electron/2022-10-28/UL2016postVFP/mc/DYJetsToEE_M-50_massWgtFix_TuneCP5_13TeV-powhegMiNNLO-pythia8-photos/crab_UL2016postVFP_DY_NNLO/221031_083953/0000/TnPTree_mc_85.root
 adding rootfile:  /gv0/Users/jbhyun/TagAndProbe/Electron/2022-10-28/UL2016postVFP/mc/DYJetsToEE_M-50_massWgtFix_TuneCP5_13TeV-powhegMiNNLO-pythia8-photos/crab_UL2016postVFP_DY_NNLO/221031_083953/0000/TnPTree_mc_185.root
1 100 1 100 8
Starting event loop to fill histograms..
0 / 283952
14197 / 283952
28394 / 283952
42591 / 283952
56788 / 283952
70985 / 283952
85182 / 283952
99379 / 283952
113576 / 283952
127773 / 283952
141970 / 283952
156167 / 283952
170364 / 283952
184561 / 283952
198758 / 283952
212955 / 283952
227152 / 283952
241349 / 283952
255546 / 283952
269743 / 283952
283940 / 283952
174.137494087
800
Ends at  Mon Jun 12 18:47:42 2023
Time took 177.623945951 seconds.
