Starts at Mon Jun 12 18:44:44 2023
[tnp_tamsa] Use Configs["HLTEl12_2016b"] from config/ele_TopHNT_v1.py
 adding rootfile:  /gv0/Users/jbhyun/TagAndProbe/Electron/2022-10-28/UL2016postVFP/mc/DYJetsToEE_M-50_massWgtFix_TuneCP5_13TeV-powhegMiNNLO-pythia8-photos/crab_UL2016postVFP_DY_NNLO/221031_083953/0000/TnPTree_mc_89.root
 adding rootfile:  /gv0/Users/jbhyun/TagAndProbe/Electron/2022-10-28/UL2016postVFP/mc/DYJetsToEE_M-50_massWgtFix_TuneCP5_13TeV-powhegMiNNLO-pythia8-photos/crab_UL2016postVFP_DY_NNLO/221031_083953/0000/TnPTree_mc_189.root
1 100 1 100 8
Starting event loop to fill histograms..
0 / 309240
15462 / 309240
30924 / 309240
46386 / 309240
61848 / 309240
77310 / 309240
92772 / 309240
108234 / 309240
123696 / 309240
139158 / 309240
154620 / 309240
170082 / 309240
185544 / 309240
201006 / 309240
216468 / 309240
231930 / 309240
247392 / 309240
262854 / 309240
278316 / 309240
293778 / 309240
186.927485943
800
Ends at  Mon Jun 12 18:47:54 2023
Time took 190.47378993 seconds.
