Starts at Mon Jun 12 18:44:44 2023
[tnp_tamsa] Use Configs["HLTEl12_2016b"] from config/ele_TopHNT_v1.py
 adding rootfile:  /gv0/Users/jbhyun/TagAndProbe/Electron/2022-10-28/UL2016postVFP/mc/DYJetsToEE_M-50_massWgtFix_TuneCP5_13TeV-powhegMiNNLO-pythia8-photos/crab_UL2016postVFP_DY_NNLO/221031_083953/0000/TnPTree_mc_93.root
 adding rootfile:  /gv0/Users/jbhyun/TagAndProbe/Electron/2022-10-28/UL2016postVFP/mc/DYJetsToEE_M-50_massWgtFix_TuneCP5_13TeV-powhegMiNNLO-pythia8-photos/crab_UL2016postVFP_DY_NNLO/221031_083953/0000/TnPTree_mc_193.root
1 100 1 100 8
Starting event loop to fill histograms..
0 / 310279
15513 / 310279
31026 / 310279
46539 / 310279
62052 / 310279
77565 / 310279
93078 / 310279
108591 / 310279
124104 / 310279
139617 / 310279
155130 / 310279
170643 / 310279
186156 / 310279
201669 / 310279
217182 / 310279
232695 / 310279
248208 / 310279
263721 / 310279
279234 / 310279
294747 / 310279
310260 / 310279
176.196761847
800
Ends at  Mon Jun 12 18:47:43 2023
Time took 179.614101887 seconds.
