Starts at Mon Jun 12 18:44:44 2023
[tnp_tamsa] Use Configs["HLTEl12_2016b"] from config/ele_TopHNT_v1.py
 adding rootfile:  /gv0/Users/jbhyun/TagAndProbe/Electron/2022-10-28/UL2016postVFP/mc/DYJetsToEE_M-50_massWgtFix_TuneCP5_13TeV-powhegMiNNLO-pythia8-photos/crab_UL2016postVFP_DY_NNLO/221031_083953/0000/TnPTree_mc_96.root
 adding rootfile:  /gv0/Users/jbhyun/TagAndProbe/Electron/2022-10-28/UL2016postVFP/mc/DYJetsToEE_M-50_massWgtFix_TuneCP5_13TeV-powhegMiNNLO-pythia8-photos/crab_UL2016postVFP_DY_NNLO/221031_083953/0000/TnPTree_mc_196.root
1 100 1 100 8
Starting event loop to fill histograms..
0 / 186665
9333 / 186665
18666 / 186665
27999 / 186665
37332 / 186665
46665 / 186665
55998 / 186665
65331 / 186665
74664 / 186665
83997 / 186665
93330 / 186665
102663 / 186665
111996 / 186665
121329 / 186665
130662 / 186665
139995 / 186665
149328 / 186665
158661 / 186665
167994 / 186665
177327 / 186665
186660 / 186665
113.2100811
800
Ends at  Mon Jun 12 18:46:41 2023
Time took 116.735873938 seconds.
