Starts at Mon Jun 12 18:44:44 2023
[tnp_tamsa] Use Configs["HLTEl12_2016b"] from config/ele_TopHNT_v1.py
 adding rootfile:  /gv0/Users/jbhyun/TagAndProbe/Electron/2022-10-28/UL2016postVFP/mc/DYJetsToEE_M-50_massWgtFix_TuneCP5_13TeV-powhegMiNNLO-pythia8-photos/crab_UL2016postVFP_DY_NNLO/221031_083953/0000/TnPTree_mc_95.root
 adding rootfile:  /gv0/Users/jbhyun/TagAndProbe/Electron/2022-10-28/UL2016postVFP/mc/DYJetsToEE_M-50_massWgtFix_TuneCP5_13TeV-powhegMiNNLO-pythia8-photos/crab_UL2016postVFP_DY_NNLO/221031_083953/0000/TnPTree_mc_195.root
1 100 1 100 8
Starting event loop to fill histograms..
0 / 293077
14653 / 293077
29306 / 293077
43959 / 293077
58612 / 293077
73265 / 293077
87918 / 293077
102571 / 293077
117224 / 293077
131877 / 293077
146530 / 293077
161183 / 293077
175836 / 293077
190489 / 293077
205142 / 293077
219795 / 293077
234448 / 293077
249101 / 293077
263754 / 293077
278407 / 293077
293060 / 293077
164.90593791
800
Ends at  Mon Jun 12 18:47:32 2023
Time took 168.515622854 seconds.
