Starts at Mon Jun 12 18:44:44 2023
[tnp_tamsa] Use Configs["HLTEl12_2016b"] from config/ele_TopHNT_v1.py
 adding rootfile:  /gv0/Users/jbhyun/TagAndProbe/Electron/2022-10-28/UL2016postVFP/mc/DYJetsToEE_M-50_massWgtFix_TuneCP5_13TeV-powhegMiNNLO-pythia8-photos/crab_UL2016postVFP_DY_NNLO/221031_083953/0000/TnPTree_mc_94.root
 adding rootfile:  /gv0/Users/jbhyun/TagAndProbe/Electron/2022-10-28/UL2016postVFP/mc/DYJetsToEE_M-50_massWgtFix_TuneCP5_13TeV-powhegMiNNLO-pythia8-photos/crab_UL2016postVFP_DY_NNLO/221031_083953/0000/TnPTree_mc_194.root
1 100 1 100 8
Starting event loop to fill histograms..
0 / 311078
15553 / 311078
31106 / 311078
46659 / 311078
62212 / 311078
77765 / 311078
93318 / 311078
108871 / 311078
124424 / 311078
139977 / 311078
155530 / 311078
171083 / 311078
186636 / 311078
202189 / 311078
217742 / 311078
233295 / 311078
248848 / 311078
264401 / 311078
279954 / 311078
295507 / 311078
311060 / 311078
174.334557056
800
Ends at  Mon Jun 12 18:47:41 2023
Time took 177.614391804 seconds.
