000 (330090.000.000) 2023-07-25 10:59:24 Job submitted from host: <172.30.1.200:9618?addrs=172.30.1.200-9618&alias=tamsa2.snu.ac.kr&noUDP&sock=schedd_3510_2582>
...
000 (330090.001.000) 2023-07-25 10:59:24 Job submitted from host: <172.30.1.200:9618?addrs=172.30.1.200-9618&alias=tamsa2.snu.ac.kr&noUDP&sock=schedd_3510_2582>
...
000 (330090.002.000) 2023-07-25 10:59:24 Job submitted from host: <172.30.1.200:9618?addrs=172.30.1.200-9618&alias=tamsa2.snu.ac.kr&noUDP&sock=schedd_3510_2582>
...
000 (330090.003.000) 2023-07-25 10:59:24 Job submitted from host: <172.30.1.200:9618?addrs=172.30.1.200-9618&alias=tamsa2.snu.ac.kr&noUDP&sock=schedd_3510_2582>
...
000 (330090.004.000) 2023-07-25 10:59:24 Job submitted from host: <172.30.1.200:9618?addrs=172.30.1.200-9618&alias=tamsa2.snu.ac.kr&noUDP&sock=schedd_3510_2582>
...
000 (330090.005.000) 2023-07-25 10:59:24 Job submitted from host: <172.30.1.200:9618?addrs=172.30.1.200-9618&alias=tamsa2.snu.ac.kr&noUDP&sock=schedd_3510_2582>
...
000 (330090.006.000) 2023-07-25 10:59:24 Job submitted from host: <172.30.1.200:9618?addrs=172.30.1.200-9618&alias=tamsa2.snu.ac.kr&noUDP&sock=schedd_3510_2582>
...
000 (330090.007.000) 2023-07-25 10:59:24 Job submitted from host: <172.30.1.200:9618?addrs=172.30.1.200-9618&alias=tamsa2.snu.ac.kr&noUDP&sock=schedd_3510_2582>
...
000 (330090.008.000) 2023-07-25 10:59:24 Job submitted from host: <172.30.1.200:9618?addrs=172.30.1.200-9618&alias=tamsa2.snu.ac.kr&noUDP&sock=schedd_3510_2582>
...
000 (330090.009.000) 2023-07-25 10:59:24 Job submitted from host: <172.30.1.200:9618?addrs=172.30.1.200-9618&alias=tamsa2.snu.ac.kr&noUDP&sock=schedd_3510_2582>
...
040 (330090.006.000) 2023-07-25 10:59:38 Started transferring input files
	Transferring to host: <172.30.1.107:9618?addrs=172.30.1.107-9618&alias=n7&noUDP&sock=slot1_4_4258_e566_60757>
...
040 (330090.006.000) 2023-07-25 10:59:38 Finished transferring input files
...
040 (330090.000.000) 2023-07-25 10:59:38 Started transferring input files
	Transferring to host: <172.30.1.110:9618?addrs=172.30.1.110-9618&alias=n10&noUDP&sock=slot1_13_4288_08a7_70212>
...
040 (330090.008.000) 2023-07-25 10:59:38 Started transferring input files
	Transferring to host: <172.30.1.107:9618?addrs=172.30.1.107-9618&alias=n7&noUDP&sock=slot1_6_4258_e566_60758>
...
040 (330090.000.000) 2023-07-25 10:59:38 Finished transferring input files
...
040 (330090.008.000) 2023-07-25 10:59:38 Finished transferring input files
...
040 (330090.007.000) 2023-07-25 10:59:38 Started transferring input files
	Transferring to host: <172.30.1.107:9618?addrs=172.30.1.107-9618&alias=n7&noUDP&sock=slot1_5_4258_e566_60759>
...
040 (330090.007.000) 2023-07-25 10:59:38 Finished transferring input files
...
040 (330090.001.000) 2023-07-25 10:59:38 Started transferring input files
	Transferring to host: <172.30.1.110:9618?addrs=172.30.1.110-9618&alias=n10&noUDP&sock=slot1_14_4288_08a7_70214>
...
040 (330090.009.000) 2023-07-25 10:59:38 Started transferring input files
	Transferring to host: <172.30.1.107:9618?addrs=172.30.1.107-9618&alias=n7&noUDP&sock=slot1_7_4258_e566_60760>
...
040 (330090.001.000) 2023-07-25 10:59:38 Finished transferring input files
...
040 (330090.009.000) 2023-07-25 10:59:38 Finished transferring input files
...
040 (330090.003.000) 2023-07-25 10:59:38 Started transferring input files
	Transferring to host: <172.30.1.110:9618?addrs=172.30.1.110-9618&alias=n10&noUDP&sock=slot1_16_4288_08a7_70215>
...
040 (330090.003.000) 2023-07-25 10:59:38 Finished transferring input files
...
040 (330090.004.000) 2023-07-25 10:59:38 Started transferring input files
	Transferring to host: <172.30.1.110:9618?addrs=172.30.1.110-9618&alias=n10&noUDP&sock=slot1_17_4288_08a7_70216>
...
040 (330090.004.000) 2023-07-25 10:59:38 Finished transferring input files
...
040 (330090.002.000) 2023-07-25 10:59:38 Started transferring input files
	Transferring to host: <172.30.1.110:9618?addrs=172.30.1.110-9618&alias=n10&noUDP&sock=slot1_15_4288_08a7_70217>
...
040 (330090.005.000) 2023-07-25 10:59:38 Started transferring input files
	Transferring to host: <172.30.1.110:9618?addrs=172.30.1.110-9618&alias=n10&noUDP&sock=slot1_18_4288_08a7_70218>
...
040 (330090.005.000) 2023-07-25 10:59:39 Finished transferring input files
...
040 (330090.002.000) 2023-07-25 10:59:39 Finished transferring input files
...
001 (330090.006.000) 2023-07-25 10:59:39 Job executing on host: <172.30.1.107:9618?addrs=172.30.1.107-9618&alias=n7&noUDP&sock=startd_4224_e421>
...
001 (330090.008.000) 2023-07-25 10:59:39 Job executing on host: <172.30.1.107:9618?addrs=172.30.1.107-9618&alias=n7&noUDP&sock=startd_4224_e421>
...
001 (330090.000.000) 2023-07-25 10:59:39 Job executing on host: <172.30.1.110:9618?addrs=172.30.1.110-9618&alias=n10&noUDP&sock=startd_4254_77f9>
...
001 (330090.007.000) 2023-07-25 10:59:39 Job executing on host: <172.30.1.107:9618?addrs=172.30.1.107-9618&alias=n7&noUDP&sock=startd_4224_e421>
...
001 (330090.001.000) 2023-07-25 10:59:39 Job executing on host: <172.30.1.110:9618?addrs=172.30.1.110-9618&alias=n10&noUDP&sock=startd_4254_77f9>
...
001 (330090.009.000) 2023-07-25 10:59:39 Job executing on host: <172.30.1.107:9618?addrs=172.30.1.107-9618&alias=n7&noUDP&sock=startd_4224_e421>
...
001 (330090.003.000) 2023-07-25 10:59:39 Job executing on host: <172.30.1.110:9618?addrs=172.30.1.110-9618&alias=n10&noUDP&sock=startd_4254_77f9>
...
001 (330090.004.000) 2023-07-25 10:59:39 Job executing on host: <172.30.1.110:9618?addrs=172.30.1.110-9618&alias=n10&noUDP&sock=startd_4254_77f9>
...
001 (330090.002.000) 2023-07-25 10:59:39 Job executing on host: <172.30.1.110:9618?addrs=172.30.1.110-9618&alias=n10&noUDP&sock=startd_4254_77f9>
...
001 (330090.005.000) 2023-07-25 10:59:39 Job executing on host: <172.30.1.110:9618?addrs=172.30.1.110-9618&alias=n10&noUDP&sock=startd_4254_77f9>
...
006 (330090.002.000) 2023-07-25 10:59:48 Image size of job updated: 210340
	206  -  MemoryUsage of job (MB)
	210340  -  ResidentSetSize of job (KB)
...
006 (330090.005.000) 2023-07-25 10:59:48 Image size of job updated: 660572
	197  -  MemoryUsage of job (MB)
	201664  -  ResidentSetSize of job (KB)
...
006 (330090.006.000) 2023-07-25 10:59:48 Image size of job updated: 391532
	182  -  MemoryUsage of job (MB)
	186184  -  ResidentSetSize of job (KB)
...
006 (330090.008.000) 2023-07-25 10:59:48 Image size of job updated: 391532
	182  -  MemoryUsage of job (MB)
	186216  -  ResidentSetSize of job (KB)
...
006 (330090.000.000) 2023-07-25 10:59:48 Image size of job updated: 681192
	204  -  MemoryUsage of job (MB)
	208688  -  ResidentSetSize of job (KB)
...
006 (330090.007.000) 2023-07-25 10:59:48 Image size of job updated: 391524
	182  -  MemoryUsage of job (MB)
	186276  -  ResidentSetSize of job (KB)
...
006 (330090.001.000) 2023-07-25 10:59:48 Image size of job updated: 681324
	204  -  MemoryUsage of job (MB)
	208816  -  ResidentSetSize of job (KB)
...
006 (330090.009.000) 2023-07-25 10:59:48 Image size of job updated: 391524
	182  -  MemoryUsage of job (MB)
	186172  -  ResidentSetSize of job (KB)
...
006 (330090.003.000) 2023-07-25 10:59:48 Image size of job updated: 679312
	204  -  MemoryUsage of job (MB)
	208836  -  ResidentSetSize of job (KB)
...
006 (330090.004.000) 2023-07-25 10:59:48 Image size of job updated: 685736
	206  -  MemoryUsage of job (MB)
	210452  -  ResidentSetSize of job (KB)
...
040 (330090.001.000) 2023-07-25 10:59:54 Started transferring output files
...
040 (330090.001.000) 2023-07-25 10:59:54 Finished transferring output files
...
005 (330090.001.000) 2023-07-25 10:59:54 Job terminated.
	(1) Normal termination (return value 0)
		Usr 0 00:00:12, Sys 0 00:00:01  -  Run Remote Usage
		Usr 0 00:00:00, Sys 0 00:00:00  -  Run Local Usage
		Usr 0 00:00:12, Sys 0 00:00:01  -  Total Remote Usage
		Usr 0 00:00:00, Sys 0 00:00:00  -  Total Local Usage
	1159  -  Run Bytes Sent By Job
	170  -  Run Bytes Received By Job
	1159  -  Total Bytes Sent By Job
	170  -  Total Bytes Received By Job
	Partitionable Resources :    Usage  Request Allocated 
	   Cpus                 :     0.03        1         1 
	   Disk (KB)            :    52           1    127899 
	   Memory (MB)          :   204        3900      3968 

	Job terminated of its own accord at 2023-07-25T01:59:54Z.
...
006 (330090.004.000) 2023-07-25 10:59:55 Image size of job updated: 685864
	206  -  MemoryUsage of job (MB)
	210452  -  ResidentSetSize of job (KB)
...
040 (330090.004.000) 2023-07-25 10:59:55 Started transferring output files
...
040 (330090.004.000) 2023-07-25 10:59:55 Finished transferring output files
...
005 (330090.004.000) 2023-07-25 10:59:55 Job terminated.
	(1) Normal termination (return value 0)
		Usr 0 00:00:13, Sys 0 00:00:00  -  Run Remote Usage
		Usr 0 00:00:00, Sys 0 00:00:00  -  Run Local Usage
		Usr 0 00:00:13, Sys 0 00:00:00  -  Total Remote Usage
		Usr 0 00:00:00, Sys 0 00:00:00  -  Total Local Usage
	1160  -  Run Bytes Sent By Job
	170  -  Run Bytes Received By Job
	1160  -  Total Bytes Sent By Job
	170  -  Total Bytes Received By Job
	Partitionable Resources :    Usage  Request Allocated 
	   Cpus                 :     0.03        1         1 
	   Disk (KB)            :    52           1    127899 
	   Memory (MB)          :   206        3900      3968 

	Job terminated of its own accord at 2023-07-25T01:59:55Z.
...
006 (330090.003.000) 2023-07-25 10:59:55 Image size of job updated: 686608
	204  -  MemoryUsage of job (MB)
	208836  -  ResidentSetSize of job (KB)
...
040 (330090.003.000) 2023-07-25 10:59:56 Started transferring output files
...
040 (330090.003.000) 2023-07-25 10:59:56 Finished transferring output files
...
005 (330090.003.000) 2023-07-25 10:59:56 Job terminated.
	(1) Normal termination (return value 0)
		Usr 0 00:00:13, Sys 0 00:00:01  -  Run Remote Usage
		Usr 0 00:00:00, Sys 0 00:00:00  -  Run Local Usage
		Usr 0 00:00:13, Sys 0 00:00:01  -  Total Remote Usage
		Usr 0 00:00:00, Sys 0 00:00:00  -  Total Local Usage
	1219  -  Run Bytes Sent By Job
	170  -  Run Bytes Received By Job
	1219  -  Total Bytes Sent By Job
	170  -  Total Bytes Received By Job
	Partitionable Resources :    Usage  Request Allocated 
	   Cpus                 :     0.03        1         1 
	   Disk (KB)            :    52           1    127899 
	   Memory (MB)          :   204        3900      3968 

	Job terminated of its own accord at 2023-07-25T01:59:55Z.
...
006 (330090.000.000) 2023-07-25 10:59:56 Image size of job updated: 686436
	204  -  MemoryUsage of job (MB)
	208688  -  ResidentSetSize of job (KB)
...
040 (330090.000.000) 2023-07-25 10:59:56 Started transferring output files
...
040 (330090.000.000) 2023-07-25 10:59:56 Finished transferring output files
...
005 (330090.000.000) 2023-07-25 10:59:56 Job terminated.
	(1) Normal termination (return value 0)
		Usr 0 00:00:14, Sys 0 00:00:01  -  Run Remote Usage
		Usr 0 00:00:00, Sys 0 00:00:00  -  Run Local Usage
		Usr 0 00:00:14, Sys 0 00:00:01  -  Total Remote Usage
		Usr 0 00:00:00, Sys 0 00:00:00  -  Total Local Usage
	1159  -  Run Bytes Sent By Job
	170  -  Run Bytes Received By Job
	1159  -  Total Bytes Sent By Job
	170  -  Total Bytes Received By Job
	Partitionable Resources :    Usage  Request Allocated 
	   Cpus                 :     0.04        1         1 
	   Disk (KB)            :    52           1    127899 
	   Memory (MB)          :   204        3900      3968 

	Job terminated of its own accord at 2023-07-25T01:59:56Z.
...
006 (330090.002.000) 2023-07-25 10:59:57 Image size of job updated: 685900
	206  -  MemoryUsage of job (MB)
	210388  -  ResidentSetSize of job (KB)
...
040 (330090.002.000) 2023-07-25 10:59:57 Started transferring output files
...
040 (330090.002.000) 2023-07-25 10:59:57 Finished transferring output files
...
005 (330090.002.000) 2023-07-25 10:59:58 Job terminated.
	(1) Normal termination (return value 0)
		Usr 0 00:00:15, Sys 0 00:00:00  -  Run Remote Usage
		Usr 0 00:00:00, Sys 0 00:00:00  -  Run Local Usage
		Usr 0 00:00:15, Sys 0 00:00:00  -  Total Remote Usage
		Usr 0 00:00:00, Sys 0 00:00:00  -  Total Local Usage
	1191  -  Run Bytes Sent By Job
	170  -  Run Bytes Received By Job
	1191  -  Total Bytes Sent By Job
	170  -  Total Bytes Received By Job
	Partitionable Resources :    Usage  Request Allocated 
	   Cpus                 :     0.03        1         1 
	   Disk (KB)            :    52           1    127899 
	   Memory (MB)          :   206        3900      3968 

	Job terminated of its own accord at 2023-07-25T01:59:57Z.
...
006 (330090.005.000) 2023-07-25 10:59:59 Image size of job updated: 685896
	198  -  MemoryUsage of job (MB)
	201760  -  ResidentSetSize of job (KB)
...
040 (330090.005.000) 2023-07-25 10:59:59 Started transferring output files
...
040 (330090.005.000) 2023-07-25 10:59:59 Finished transferring output files
...
005 (330090.005.000) 2023-07-25 10:59:59 Job terminated.
	(1) Normal termination (return value 0)
		Usr 0 00:00:17, Sys 0 00:00:00  -  Run Remote Usage
		Usr 0 00:00:00, Sys 0 00:00:00  -  Run Local Usage
		Usr 0 00:00:17, Sys 0 00:00:00  -  Total Remote Usage
		Usr 0 00:00:00, Sys 0 00:00:00  -  Total Local Usage
	1253  -  Run Bytes Sent By Job
	170  -  Run Bytes Received By Job
	1253  -  Total Bytes Sent By Job
	170  -  Total Bytes Received By Job
	Partitionable Resources :    Usage  Request Allocated 
	   Cpus                 :     0.02        1         1 
	   Disk (KB)            :    52           1    127899 
	   Memory (MB)          :   198        3900      3968 

	Job terminated of its own accord at 2023-07-25T01:59:59Z.
...
006 (330090.009.000) 2023-07-25 10:59:59 Image size of job updated: 644884
	182  -  MemoryUsage of job (MB)
	186172  -  ResidentSetSize of job (KB)
...
040 (330090.009.000) 2023-07-25 10:59:59 Started transferring output files
...
040 (330090.009.000) 2023-07-25 10:59:59 Finished transferring output files
...
005 (330090.009.000) 2023-07-25 10:59:59 Job terminated.
	(1) Normal termination (return value 0)
		Usr 0 00:00:15, Sys 0 00:00:01  -  Run Remote Usage
		Usr 0 00:00:00, Sys 0 00:00:00  -  Run Local Usage
		Usr 0 00:00:15, Sys 0 00:00:01  -  Total Remote Usage
		Usr 0 00:00:00, Sys 0 00:00:00  -  Total Local Usage
	901  -  Run Bytes Sent By Job
	170  -  Run Bytes Received By Job
	901  -  Total Bytes Sent By Job
	170  -  Total Bytes Received By Job
	Partitionable Resources :    Usage  Request Allocated 
	   Cpus                 :                 1         1 
	   Disk (KB)            :       46        1    127899 
	   Memory (MB)          :      182     3900      3968 

	Job terminated of its own accord at 2023-07-25T01:59:59Z.
...
006 (330090.007.000) 2023-07-25 11:00:00 Image size of job updated: 681396
	182  -  MemoryUsage of job (MB)
	186276  -  ResidentSetSize of job (KB)
...
040 (330090.007.000) 2023-07-25 11:00:00 Started transferring output files
...
040 (330090.007.000) 2023-07-25 11:00:00 Finished transferring output files
...
005 (330090.007.000) 2023-07-25 11:00:00 Job terminated.
	(1) Normal termination (return value 0)
		Usr 0 00:00:16, Sys 0 00:00:01  -  Run Remote Usage
		Usr 0 00:00:00, Sys 0 00:00:00  -  Run Local Usage
		Usr 0 00:00:16, Sys 0 00:00:01  -  Total Remote Usage
		Usr 0 00:00:00, Sys 0 00:00:00  -  Total Local Usage
	932  -  Run Bytes Sent By Job
	170  -  Run Bytes Received By Job
	932  -  Total Bytes Sent By Job
	170  -  Total Bytes Received By Job
	Partitionable Resources :    Usage  Request Allocated 
	   Cpus                 :                 1         1 
	   Disk (KB)            :       46        1    127899 
	   Memory (MB)          :      182     3900      3968 

	Job terminated of its own accord at 2023-07-25T02:00:00Z.
...
006 (330090.008.000) 2023-07-25 11:00:01 Image size of job updated: 685016
	182  -  MemoryUsage of job (MB)
	186216  -  ResidentSetSize of job (KB)
...
040 (330090.008.000) 2023-07-25 11:00:01 Started transferring output files
...
040 (330090.008.000) 2023-07-25 11:00:01 Finished transferring output files
...
005 (330090.008.000) 2023-07-25 11:00:01 Job terminated.
	(1) Normal termination (return value 0)
		Usr 0 00:00:17, Sys 0 00:00:01  -  Run Remote Usage
		Usr 0 00:00:00, Sys 0 00:00:00  -  Run Local Usage
		Usr 0 00:00:17, Sys 0 00:00:01  -  Total Remote Usage
		Usr 0 00:00:00, Sys 0 00:00:00  -  Total Local Usage
	902  -  Run Bytes Sent By Job
	170  -  Run Bytes Received By Job
	902  -  Total Bytes Sent By Job
	170  -  Total Bytes Received By Job
	Partitionable Resources :    Usage  Request Allocated 
	   Cpus                 :                 1         1 
	   Disk (KB)            :       46        1    127899 
	   Memory (MB)          :      182     3900      3968 

	Job terminated of its own accord at 2023-07-25T02:00:01Z.
...
006 (330090.006.000) 2023-07-25 11:00:01 Image size of job updated: 685832
	182  -  MemoryUsage of job (MB)
	186184  -  ResidentSetSize of job (KB)
...
040 (330090.006.000) 2023-07-25 11:00:01 Started transferring output files
...
040 (330090.006.000) 2023-07-25 11:00:01 Finished transferring output files
...
005 (330090.006.000) 2023-07-25 11:00:01 Job terminated.
	(1) Normal termination (return value 0)
		Usr 0 00:00:18, Sys 0 00:00:01  -  Run Remote Usage
		Usr 0 00:00:00, Sys 0 00:00:00  -  Run Local Usage
		Usr 0 00:00:18, Sys 0 00:00:01  -  Total Remote Usage
		Usr 0 00:00:00, Sys 0 00:00:00  -  Total Local Usage
	994  -  Run Bytes Sent By Job
	170  -  Run Bytes Received By Job
	994  -  Total Bytes Sent By Job
	170  -  Total Bytes Received By Job
	Partitionable Resources :    Usage  Request Allocated 
	   Cpus                 :                 1         1 
	   Disk (KB)            :       46        1    127899 
	   Memory (MB)          :      182     3900      3968 

	Job terminated of its own accord at 2023-07-25T02:00:01Z.
...
