000 (330220.000.000) 2023-07-25 13:01:08 Job submitted from host: <172.30.1.200:9618?addrs=172.30.1.200-9618&alias=tamsa2.snu.ac.kr&noUDP&sock=schedd_3510_2582>
...
000 (330220.001.000) 2023-07-25 13:01:08 Job submitted from host: <172.30.1.200:9618?addrs=172.30.1.200-9618&alias=tamsa2.snu.ac.kr&noUDP&sock=schedd_3510_2582>
...
000 (330220.002.000) 2023-07-25 13:01:08 Job submitted from host: <172.30.1.200:9618?addrs=172.30.1.200-9618&alias=tamsa2.snu.ac.kr&noUDP&sock=schedd_3510_2582>
...
000 (330220.003.000) 2023-07-25 13:01:08 Job submitted from host: <172.30.1.200:9618?addrs=172.30.1.200-9618&alias=tamsa2.snu.ac.kr&noUDP&sock=schedd_3510_2582>
...
000 (330220.004.000) 2023-07-25 13:01:08 Job submitted from host: <172.30.1.200:9618?addrs=172.30.1.200-9618&alias=tamsa2.snu.ac.kr&noUDP&sock=schedd_3510_2582>
...
000 (330220.005.000) 2023-07-25 13:01:08 Job submitted from host: <172.30.1.200:9618?addrs=172.30.1.200-9618&alias=tamsa2.snu.ac.kr&noUDP&sock=schedd_3510_2582>
...
000 (330220.006.000) 2023-07-25 13:01:08 Job submitted from host: <172.30.1.200:9618?addrs=172.30.1.200-9618&alias=tamsa2.snu.ac.kr&noUDP&sock=schedd_3510_2582>
...
000 (330220.007.000) 2023-07-25 13:01:08 Job submitted from host: <172.30.1.200:9618?addrs=172.30.1.200-9618&alias=tamsa2.snu.ac.kr&noUDP&sock=schedd_3510_2582>
...
000 (330220.008.000) 2023-07-25 13:01:08 Job submitted from host: <172.30.1.200:9618?addrs=172.30.1.200-9618&alias=tamsa2.snu.ac.kr&noUDP&sock=schedd_3510_2582>
...
000 (330220.009.000) 2023-07-25 13:01:08 Job submitted from host: <172.30.1.200:9618?addrs=172.30.1.200-9618&alias=tamsa2.snu.ac.kr&noUDP&sock=schedd_3510_2582>
...
001 (330220.001.000) 2023-07-25 13:01:20 Job executing on host: <172.30.1.210:9618?addrs=172.30.1.210-9618&alias=node10&noUDP&sock=startd_3787_253e>
...
001 (330220.002.000) 2023-07-25 13:01:20 Job executing on host: <172.30.1.210:9618?addrs=172.30.1.210-9618&alias=node10&noUDP&sock=startd_3787_253e>
...
001 (330220.006.000) 2023-07-25 13:01:20 Job executing on host: <172.30.1.210:9618?addrs=172.30.1.210-9618&alias=node10&noUDP&sock=startd_3787_253e>
...
001 (330220.000.000) 2023-07-25 13:01:20 Job executing on host: <172.30.1.210:9618?addrs=172.30.1.210-9618&alias=node10&noUDP&sock=startd_3787_253e>
...
001 (330220.004.000) 2023-07-25 13:01:20 Job executing on host: <172.30.1.210:9618?addrs=172.30.1.210-9618&alias=node10&noUDP&sock=startd_3787_253e>
...
001 (330220.007.000) 2023-07-25 13:01:20 Job executing on host: <172.30.1.210:9618?addrs=172.30.1.210-9618&alias=node10&noUDP&sock=startd_3787_253e>
...
001 (330220.009.000) 2023-07-25 13:01:20 Job executing on host: <172.30.1.210:9618?addrs=172.30.1.210-9618&alias=node10&noUDP&sock=startd_3787_253e>
...
001 (330220.003.000) 2023-07-25 13:01:20 Job executing on host: <172.30.1.210:9618?addrs=172.30.1.210-9618&alias=node10&noUDP&sock=startd_3787_253e>
...
001 (330220.005.000) 2023-07-25 13:01:20 Job executing on host: <172.30.1.210:9618?addrs=172.30.1.210-9618&alias=node10&noUDP&sock=startd_3787_253e>
...
001 (330220.008.000) 2023-07-25 13:01:20 Job executing on host: <172.30.1.210:9618?addrs=172.30.1.210-9618&alias=node10&noUDP&sock=startd_3787_253e>
...
006 (330220.002.000) 2023-07-25 13:01:30 Image size of job updated: 161228
	153  -  MemoryUsage of job (MB)
	156244  -  ResidentSetSize of job (KB)
...
006 (330220.001.000) 2023-07-25 13:01:30 Image size of job updated: 158360
	153  -  MemoryUsage of job (MB)
	155892  -  ResidentSetSize of job (KB)
...
006 (330220.007.000) 2023-07-25 13:01:30 Image size of job updated: 163972
	157  -  MemoryUsage of job (MB)
	159924  -  ResidentSetSize of job (KB)
...
006 (330220.005.000) 2023-07-25 13:01:30 Image size of job updated: 163220
	155  -  MemoryUsage of job (MB)
	157708  -  ResidentSetSize of job (KB)
...
006 (330220.008.000) 2023-07-25 13:01:30 Image size of job updated: 163724
	157  -  MemoryUsage of job (MB)
	160308  -  ResidentSetSize of job (KB)
...
006 (330220.000.000) 2023-07-25 13:01:30 Image size of job updated: 171824
	158  -  MemoryUsage of job (MB)
	161160  -  ResidentSetSize of job (KB)
...
006 (330220.004.000) 2023-07-25 13:01:30 Image size of job updated: 166828
	159  -  MemoryUsage of job (MB)
	162780  -  ResidentSetSize of job (KB)
...
006 (330220.006.000) 2023-07-25 13:01:30 Image size of job updated: 166952
	159  -  MemoryUsage of job (MB)
	162816  -  ResidentSetSize of job (KB)
...
006 (330220.009.000) 2023-07-25 13:01:30 Image size of job updated: 166116
	160  -  MemoryUsage of job (MB)
	162976  -  ResidentSetSize of job (KB)
...
006 (330220.003.000) 2023-07-25 13:01:30 Image size of job updated: 167516
	160  -  MemoryUsage of job (MB)
	162908  -  ResidentSetSize of job (KB)
...
006 (330220.009.000) 2023-07-25 13:01:43 Image size of job updated: 685648
	160  -  MemoryUsage of job (MB)
	162976  -  ResidentSetSize of job (KB)
...
005 (330220.009.000) 2023-07-25 13:01:43 Job terminated.
	(1) Normal termination (return value 0)
		Usr 0 00:00:15, Sys 0 00:00:01  -  Run Remote Usage
		Usr 0 00:00:00, Sys 0 00:00:00  -  Run Local Usage
		Usr 0 00:00:15, Sys 0 00:00:01  -  Total Remote Usage
		Usr 0 00:00:00, Sys 0 00:00:00  -  Total Local Usage
	0  -  Run Bytes Sent By Job
	0  -  Run Bytes Received By Job
	0  -  Total Bytes Sent By Job
	0  -  Total Bytes Received By Job
	Partitionable Resources :    Usage  Request Allocated 
	   Cpus                 :                 1         1 
	   Disk (KB)            :        1        1    128928 
	   Memory (MB)          :      160     3900      3968 

	Job terminated of its own accord at 2023-07-25T04:01:43Z.
...
006 (330220.008.000) 2023-07-25 13:01:43 Image size of job updated: 687164
	157  -  MemoryUsage of job (MB)
	160672  -  ResidentSetSize of job (KB)
...
005 (330220.008.000) 2023-07-25 13:01:44 Job terminated.
	(1) Normal termination (return value 0)
		Usr 0 00:00:15, Sys 0 00:00:01  -  Run Remote Usage
		Usr 0 00:00:00, Sys 0 00:00:00  -  Run Local Usage
		Usr 0 00:00:15, Sys 0 00:00:01  -  Total Remote Usage
		Usr 0 00:00:00, Sys 0 00:00:00  -  Total Local Usage
	0  -  Run Bytes Sent By Job
	0  -  Run Bytes Received By Job
	0  -  Total Bytes Sent By Job
	0  -  Total Bytes Received By Job
	Partitionable Resources :    Usage  Request Allocated 
	   Cpus                 :                 1         1 
	   Disk (KB)            :        1        1    128928 
	   Memory (MB)          :      157     3900      3968 

	Job terminated of its own accord at 2023-07-25T04:01:43Z.
...
006 (330220.001.000) 2023-07-25 13:01:44 Image size of job updated: 687144
	153  -  MemoryUsage of job (MB)
	155896  -  ResidentSetSize of job (KB)
...
005 (330220.001.000) 2023-07-25 13:01:44 Job terminated.
	(1) Normal termination (return value 0)
		Usr 0 00:00:15, Sys 0 00:00:01  -  Run Remote Usage
		Usr 0 00:00:00, Sys 0 00:00:00  -  Run Local Usage
		Usr 0 00:00:15, Sys 0 00:00:01  -  Total Remote Usage
		Usr 0 00:00:00, Sys 0 00:00:00  -  Total Local Usage
	0  -  Run Bytes Sent By Job
	0  -  Run Bytes Received By Job
	0  -  Total Bytes Sent By Job
	0  -  Total Bytes Received By Job
	Partitionable Resources :    Usage  Request Allocated 
	   Cpus                 :                 1         1 
	   Disk (KB)            :        1        1    128928 
	   Memory (MB)          :      153     3900      3968 

	Job terminated of its own accord at 2023-07-25T04:01:44Z.
...
006 (330220.005.000) 2023-07-25 13:01:47 Image size of job updated: 687216
	155  -  MemoryUsage of job (MB)
	157756  -  ResidentSetSize of job (KB)
...
005 (330220.005.000) 2023-07-25 13:01:47 Job terminated.
	(1) Normal termination (return value 0)
		Usr 0 00:00:18, Sys 0 00:00:01  -  Run Remote Usage
		Usr 0 00:00:00, Sys 0 00:00:00  -  Run Local Usage
		Usr 0 00:00:18, Sys 0 00:00:01  -  Total Remote Usage
		Usr 0 00:00:00, Sys 0 00:00:00  -  Total Local Usage
	0  -  Run Bytes Sent By Job
	0  -  Run Bytes Received By Job
	0  -  Total Bytes Sent By Job
	0  -  Total Bytes Received By Job
	Partitionable Resources :    Usage  Request Allocated 
	   Cpus                 :                 1         1 
	   Disk (KB)            :        1        1    128928 
	   Memory (MB)          :      155     3900      3968 

	Job terminated of its own accord at 2023-07-25T04:01:47Z.
...
006 (330220.006.000) 2023-07-25 13:01:47 Image size of job updated: 682120
	160  -  MemoryUsage of job (MB)
	162848  -  ResidentSetSize of job (KB)
...
005 (330220.006.000) 2023-07-25 13:01:47 Job terminated.
	(1) Normal termination (return value 0)
		Usr 0 00:00:18, Sys 0 00:00:01  -  Run Remote Usage
		Usr 0 00:00:00, Sys 0 00:00:00  -  Run Local Usage
		Usr 0 00:00:18, Sys 0 00:00:01  -  Total Remote Usage
		Usr 0 00:00:00, Sys 0 00:00:00  -  Total Local Usage
	0  -  Run Bytes Sent By Job
	0  -  Run Bytes Received By Job
	0  -  Total Bytes Sent By Job
	0  -  Total Bytes Received By Job
	Partitionable Resources :    Usage  Request Allocated 
	   Cpus                 :                 1         1 
	   Disk (KB)            :        1        1    128928 
	   Memory (MB)          :      160     3900      3968 

	Job terminated of its own accord at 2023-07-25T04:01:47Z.
...
006 (330220.007.000) 2023-07-25 13:01:47 Image size of job updated: 687252
	157  -  MemoryUsage of job (MB)
	159960  -  ResidentSetSize of job (KB)
...
005 (330220.007.000) 2023-07-25 13:01:47 Job terminated.
	(1) Normal termination (return value 0)
		Usr 0 00:00:18, Sys 0 00:00:01  -  Run Remote Usage
		Usr 0 00:00:00, Sys 0 00:00:00  -  Run Local Usage
		Usr 0 00:00:18, Sys 0 00:00:01  -  Total Remote Usage
		Usr 0 00:00:00, Sys 0 00:00:00  -  Total Local Usage
	0  -  Run Bytes Sent By Job
	0  -  Run Bytes Received By Job
	0  -  Total Bytes Sent By Job
	0  -  Total Bytes Received By Job
	Partitionable Resources :    Usage  Request Allocated 
	   Cpus                 :                 1         1 
	   Disk (KB)            :        1        1    128928 
	   Memory (MB)          :      157     3900      3968 

	Job terminated of its own accord at 2023-07-25T04:01:47Z.
...
006 (330220.003.000) 2023-07-25 13:01:47 Image size of job updated: 687264
	160  -  MemoryUsage of job (MB)
	162944  -  ResidentSetSize of job (KB)
...
005 (330220.003.000) 2023-07-25 13:01:47 Job terminated.
	(1) Normal termination (return value 0)
		Usr 0 00:00:18, Sys 0 00:00:01  -  Run Remote Usage
		Usr 0 00:00:00, Sys 0 00:00:00  -  Run Local Usage
		Usr 0 00:00:18, Sys 0 00:00:01  -  Total Remote Usage
		Usr 0 00:00:00, Sys 0 00:00:00  -  Total Local Usage
	0  -  Run Bytes Sent By Job
	0  -  Run Bytes Received By Job
	0  -  Total Bytes Sent By Job
	0  -  Total Bytes Received By Job
	Partitionable Resources :    Usage  Request Allocated 
	   Cpus                 :                 1         1 
	   Disk (KB)            :        1        1    128928 
	   Memory (MB)          :      160     3900      3968 

	Job terminated of its own accord at 2023-07-25T04:01:47Z.
...
006 (330220.002.000) 2023-07-25 13:01:49 Image size of job updated: 687976
	153  -  MemoryUsage of job (MB)
	156268  -  ResidentSetSize of job (KB)
...
005 (330220.002.000) 2023-07-25 13:01:49 Job terminated.
	(1) Normal termination (return value 0)
		Usr 0 00:00:20, Sys 0 00:00:01  -  Run Remote Usage
		Usr 0 00:00:00, Sys 0 00:00:00  -  Run Local Usage
		Usr 0 00:00:20, Sys 0 00:00:01  -  Total Remote Usage
		Usr 0 00:00:00, Sys 0 00:00:00  -  Total Local Usage
	0  -  Run Bytes Sent By Job
	0  -  Run Bytes Received By Job
	0  -  Total Bytes Sent By Job
	0  -  Total Bytes Received By Job
	Partitionable Resources :    Usage  Request Allocated 
	   Cpus                 :                 1         1 
	   Disk (KB)            :        1        1    128928 
	   Memory (MB)          :      153     3900      3968 

	Job terminated of its own accord at 2023-07-25T04:01:49Z.
...
006 (330220.004.000) 2023-07-25 13:01:49 Image size of job updated: 686512
	159  -  MemoryUsage of job (MB)
	162780  -  ResidentSetSize of job (KB)
...
005 (330220.004.000) 2023-07-25 13:01:49 Job terminated.
	(1) Normal termination (return value 0)
		Usr 0 00:00:20, Sys 0 00:00:01  -  Run Remote Usage
		Usr 0 00:00:00, Sys 0 00:00:00  -  Run Local Usage
		Usr 0 00:00:20, Sys 0 00:00:01  -  Total Remote Usage
		Usr 0 00:00:00, Sys 0 00:00:00  -  Total Local Usage
	0  -  Run Bytes Sent By Job
	0  -  Run Bytes Received By Job
	0  -  Total Bytes Sent By Job
	0  -  Total Bytes Received By Job
	Partitionable Resources :    Usage  Request Allocated 
	   Cpus                 :                 1         1 
	   Disk (KB)            :        1        1    128928 
	   Memory (MB)          :      159     3900      3968 

	Job terminated of its own accord at 2023-07-25T04:01:49Z.
...
006 (330220.000.000) 2023-07-25 13:01:50 Image size of job updated: 696432
	158  -  MemoryUsage of job (MB)
	161172  -  ResidentSetSize of job (KB)
...
005 (330220.000.000) 2023-07-25 13:01:50 Job terminated.
	(1) Normal termination (return value 0)
		Usr 0 00:00:21, Sys 0 00:00:01  -  Run Remote Usage
		Usr 0 00:00:00, Sys 0 00:00:00  -  Run Local Usage
		Usr 0 00:00:21, Sys 0 00:00:01  -  Total Remote Usage
		Usr 0 00:00:00, Sys 0 00:00:00  -  Total Local Usage
	0  -  Run Bytes Sent By Job
	0  -  Run Bytes Received By Job
	0  -  Total Bytes Sent By Job
	0  -  Total Bytes Received By Job
	Partitionable Resources :    Usage  Request Allocated 
	   Cpus                 :                 1         1 
	   Disk (KB)            :        1        1    128928 
	   Memory (MB)          :      158     3900      3968 

	Job terminated of its own accord at 2023-07-25T04:01:50Z.
...
