000 (310190.000.000) 2023-06-09 16:09:48 Job submitted from host: <172.30.1.200:9618?addrs=172.30.1.200-9618&alias=tamsa2.snu.ac.kr&noUDP&sock=schedd_3510_2582>
...
000 (310190.001.000) 2023-06-09 16:09:48 Job submitted from host: <172.30.1.200:9618?addrs=172.30.1.200-9618&alias=tamsa2.snu.ac.kr&noUDP&sock=schedd_3510_2582>
...
000 (310190.002.000) 2023-06-09 16:09:48 Job submitted from host: <172.30.1.200:9618?addrs=172.30.1.200-9618&alias=tamsa2.snu.ac.kr&noUDP&sock=schedd_3510_2582>
...
000 (310190.003.000) 2023-06-09 16:09:48 Job submitted from host: <172.30.1.200:9618?addrs=172.30.1.200-9618&alias=tamsa2.snu.ac.kr&noUDP&sock=schedd_3510_2582>
...
000 (310190.004.000) 2023-06-09 16:09:48 Job submitted from host: <172.30.1.200:9618?addrs=172.30.1.200-9618&alias=tamsa2.snu.ac.kr&noUDP&sock=schedd_3510_2582>
...
000 (310190.005.000) 2023-06-09 16:09:48 Job submitted from host: <172.30.1.200:9618?addrs=172.30.1.200-9618&alias=tamsa2.snu.ac.kr&noUDP&sock=schedd_3510_2582>
...
000 (310190.006.000) 2023-06-09 16:09:48 Job submitted from host: <172.30.1.200:9618?addrs=172.30.1.200-9618&alias=tamsa2.snu.ac.kr&noUDP&sock=schedd_3510_2582>
...
000 (310190.007.000) 2023-06-09 16:09:48 Job submitted from host: <172.30.1.200:9618?addrs=172.30.1.200-9618&alias=tamsa2.snu.ac.kr&noUDP&sock=schedd_3510_2582>
...
000 (310190.008.000) 2023-06-09 16:09:48 Job submitted from host: <172.30.1.200:9618?addrs=172.30.1.200-9618&alias=tamsa2.snu.ac.kr&noUDP&sock=schedd_3510_2582>
...
000 (310190.009.000) 2023-06-09 16:09:48 Job submitted from host: <172.30.1.200:9618?addrs=172.30.1.200-9618&alias=tamsa2.snu.ac.kr&noUDP&sock=schedd_3510_2582>
...
001 (310190.001.000) 2023-06-09 16:10:03 Job executing on host: <172.30.1.206:9618?addrs=172.30.1.206-9618&alias=node6&noUDP&sock=startd_3777_494c>
...
001 (310190.005.000) 2023-06-09 16:10:03 Job executing on host: <172.30.1.204:9618?addrs=172.30.1.204-9618&alias=node4&noUDP&sock=startd_3843_8e8c>
...
001 (310190.000.000) 2023-06-09 16:10:03 Job executing on host: <172.30.1.206:9618?addrs=172.30.1.206-9618&alias=node6&noUDP&sock=startd_3777_494c>
...
001 (310190.007.000) 2023-06-09 16:10:03 Job executing on host: <172.30.1.208:9618?addrs=172.30.1.208-9618&alias=node8&noUDP&sock=startd_3802_6f2a>
...
001 (310190.009.000) 2023-06-09 16:10:03 Job executing on host: <172.30.1.209:9618?addrs=172.30.1.209-9618&alias=node9&noUDP&sock=startd_3776_99b3>
...
001 (310190.006.000) 2023-06-09 16:10:03 Job executing on host: <172.30.1.201:9618?addrs=172.30.1.201-9618&alias=node1&noUDP&sock=startd_4675_3d58>
...
001 (310190.008.000) 2023-06-09 16:10:03 Job executing on host: <172.30.1.209:9618?addrs=172.30.1.209-9618&alias=node9&noUDP&sock=startd_3776_99b3>
...
001 (310190.003.000) 2023-06-09 16:10:03 Job executing on host: <172.30.1.206:9618?addrs=172.30.1.206-9618&alias=node6&noUDP&sock=startd_3777_494c>
...
001 (310190.002.000) 2023-06-09 16:10:04 Job executing on host: <172.30.1.206:9618?addrs=172.30.1.206-9618&alias=node6&noUDP&sock=startd_3777_494c>
...
001 (310190.004.000) 2023-06-09 16:10:04 Job executing on host: <172.30.1.206:9618?addrs=172.30.1.206-9618&alias=node6&noUDP&sock=startd_3777_494c>
...
006 (310190.003.000) 2023-06-09 16:10:12 Image size of job updated: 684876
	207  -  MemoryUsage of job (MB)
	211956  -  ResidentSetSize of job (KB)
...
006 (310190.008.000) 2023-06-09 16:10:12 Image size of job updated: 659312
	205  -  MemoryUsage of job (MB)
	209856  -  ResidentSetSize of job (KB)
...
006 (310190.002.000) 2023-06-09 16:10:12 Image size of job updated: 685036
	207  -  MemoryUsage of job (MB)
	211748  -  ResidentSetSize of job (KB)
...
006 (310190.004.000) 2023-06-09 16:10:12 Image size of job updated: 685064
	207  -  MemoryUsage of job (MB)
	211856  -  ResidentSetSize of job (KB)
...
006 (310190.001.000) 2023-06-09 16:10:12 Image size of job updated: 685344
	208  -  MemoryUsage of job (MB)
	212340  -  ResidentSetSize of job (KB)
...
006 (310190.005.000) 2023-06-09 16:10:12 Image size of job updated: 634360
	207  -  MemoryUsage of job (MB)
	211680  -  ResidentSetSize of job (KB)
...
006 (310190.000.000) 2023-06-09 16:10:12 Image size of job updated: 685256
	208  -  MemoryUsage of job (MB)
	212408  -  ResidentSetSize of job (KB)
...
006 (310190.009.000) 2023-06-09 16:10:12 Image size of job updated: 645732
	205  -  MemoryUsage of job (MB)
	209896  -  ResidentSetSize of job (KB)
...
006 (310190.006.000) 2023-06-09 16:10:12 Image size of job updated: 634372
	183  -  MemoryUsage of job (MB)
	186592  -  ResidentSetSize of job (KB)
...
006 (310190.007.000) 2023-06-09 16:10:12 Image size of job updated: 224624
	190  -  MemoryUsage of job (MB)
	193760  -  ResidentSetSize of job (KB)
...
005 (310190.001.000) 2023-06-09 16:10:17 Job terminated.
	(1) Normal termination (return value 0)
		Usr 0 00:00:09, Sys 0 00:00:01  -  Run Remote Usage
		Usr 0 00:00:00, Sys 0 00:00:00  -  Run Local Usage
		Usr 0 00:00:09, Sys 0 00:00:01  -  Total Remote Usage
		Usr 0 00:00:00, Sys 0 00:00:00  -  Total Local Usage
	0  -  Run Bytes Sent By Job
	0  -  Run Bytes Received By Job
	0  -  Total Bytes Sent By Job
	0  -  Total Bytes Received By Job
	Partitionable Resources :    Usage  Request Allocated 
	   Cpus                 :                 1         1 
	   Disk (KB)            :        1        1     95898 
	   Memory (MB)          :      208     3900      3968 

	Job terminated of its own accord at 2023-06-09T07:10:17Z.
...
006 (310190.000.000) 2023-06-09 16:10:18 Image size of job updated: 685512
	208  -  MemoryUsage of job (MB)
	212408  -  ResidentSetSize of job (KB)
...
005 (310190.000.000) 2023-06-09 16:10:18 Job terminated.
	(1) Normal termination (return value 0)
		Usr 0 00:00:11, Sys 0 00:00:01  -  Run Remote Usage
		Usr 0 00:00:00, Sys 0 00:00:00  -  Run Local Usage
		Usr 0 00:00:11, Sys 0 00:00:01  -  Total Remote Usage
		Usr 0 00:00:00, Sys 0 00:00:00  -  Total Local Usage
	0  -  Run Bytes Sent By Job
	0  -  Run Bytes Received By Job
	0  -  Total Bytes Sent By Job
	0  -  Total Bytes Received By Job
	Partitionable Resources :    Usage  Request Allocated 
	   Cpus                 :                 1         1 
	   Disk (KB)            :        1        1     95898 
	   Memory (MB)          :      208     3900      3968 

	Job terminated of its own accord at 2023-06-09T07:10:18Z.
...
006 (310190.004.000) 2023-06-09 16:10:19 Image size of job updated: 685512
	207  -  MemoryUsage of job (MB)
	211968  -  ResidentSetSize of job (KB)
...
005 (310190.004.000) 2023-06-09 16:10:19 Job terminated.
	(1) Normal termination (return value 0)
		Usr 0 00:00:13, Sys 0 00:00:01  -  Run Remote Usage
		Usr 0 00:00:00, Sys 0 00:00:00  -  Run Local Usage
		Usr 0 00:00:13, Sys 0 00:00:01  -  Total Remote Usage
		Usr 0 00:00:00, Sys 0 00:00:00  -  Total Local Usage
	0  -  Run Bytes Sent By Job
	0  -  Run Bytes Received By Job
	0  -  Total Bytes Sent By Job
	0  -  Total Bytes Received By Job
	Partitionable Resources :    Usage  Request Allocated 
	   Cpus                 :                 1         1 
	   Disk (KB)            :        1        1     95898 
	   Memory (MB)          :      207     3900      3968 

	Job terminated of its own accord at 2023-06-09T07:10:19Z.
...
006 (310190.003.000) 2023-06-09 16:10:19 Image size of job updated: 685324
	208  -  MemoryUsage of job (MB)
	212144  -  ResidentSetSize of job (KB)
...
005 (310190.003.000) 2023-06-09 16:10:19 Job terminated.
	(1) Normal termination (return value 0)
		Usr 0 00:00:11, Sys 0 00:00:01  -  Run Remote Usage
		Usr 0 00:00:00, Sys 0 00:00:00  -  Run Local Usage
		Usr 0 00:00:11, Sys 0 00:00:01  -  Total Remote Usage
		Usr 0 00:00:00, Sys 0 00:00:00  -  Total Local Usage
	0  -  Run Bytes Sent By Job
	0  -  Run Bytes Received By Job
	0  -  Total Bytes Sent By Job
	0  -  Total Bytes Received By Job
	Partitionable Resources :    Usage  Request Allocated 
	   Cpus                 :                 1         1 
	   Disk (KB)            :        1        1     95898 
	   Memory (MB)          :      208     3900      3968 

	Job terminated of its own accord at 2023-06-09T07:10:19Z.
...
006 (310190.002.000) 2023-06-09 16:10:20 Image size of job updated: 690264
	207  -  MemoryUsage of job (MB)
	211748  -  ResidentSetSize of job (KB)
...
005 (310190.002.000) 2023-06-09 16:10:20 Job terminated.
	(1) Normal termination (return value 0)
		Usr 0 00:00:12, Sys 0 00:00:00  -  Run Remote Usage
		Usr 0 00:00:00, Sys 0 00:00:00  -  Run Local Usage
		Usr 0 00:00:12, Sys 0 00:00:00  -  Total Remote Usage
		Usr 0 00:00:00, Sys 0 00:00:00  -  Total Local Usage
	0  -  Run Bytes Sent By Job
	0  -  Run Bytes Received By Job
	0  -  Total Bytes Sent By Job
	0  -  Total Bytes Received By Job
	Partitionable Resources :    Usage  Request Allocated 
	   Cpus                 :                 1         1 
	   Disk (KB)            :        1        1     95898 
	   Memory (MB)          :      207     3900      3968 

	Job terminated of its own accord at 2023-06-09T07:10:20Z.
...
006 (310190.009.000) 2023-06-09 16:10:23 Image size of job updated: 684972
	205  -  MemoryUsage of job (MB)
	209896  -  ResidentSetSize of job (KB)
...
005 (310190.009.000) 2023-06-09 16:10:23 Job terminated.
	(1) Normal termination (return value 0)
		Usr 0 00:00:14, Sys 0 00:00:01  -  Run Remote Usage
		Usr 0 00:00:00, Sys 0 00:00:00  -  Run Local Usage
		Usr 0 00:00:14, Sys 0 00:00:01  -  Total Remote Usage
		Usr 0 00:00:00, Sys 0 00:00:00  -  Total Local Usage
	0  -  Run Bytes Sent By Job
	0  -  Run Bytes Received By Job
	0  -  Total Bytes Sent By Job
	0  -  Total Bytes Received By Job
	Partitionable Resources :    Usage  Request Allocated 
	   Cpus                 :                 1         1 
	   Disk (KB)            :        1        1    128928 
	   Memory (MB)          :      205     3900      3968 

	Job terminated of its own accord at 2023-06-09T07:10:23Z.
...
006 (310190.005.000) 2023-06-09 16:10:24 Image size of job updated: 685020
	207  -  MemoryUsage of job (MB)
	211680  -  ResidentSetSize of job (KB)
...
005 (310190.005.000) 2023-06-09 16:10:24 Job terminated.
	(1) Normal termination (return value 0)
		Usr 0 00:00:16, Sys 0 00:00:01  -  Run Remote Usage
		Usr 0 00:00:00, Sys 0 00:00:00  -  Run Local Usage
		Usr 0 00:00:16, Sys 0 00:00:01  -  Total Remote Usage
		Usr 0 00:00:00, Sys 0 00:00:00  -  Total Local Usage
	0  -  Run Bytes Sent By Job
	0  -  Run Bytes Received By Job
	0  -  Total Bytes Sent By Job
	0  -  Total Bytes Received By Job
	Partitionable Resources :    Usage  Request Allocated 
	   Cpus                 :                 1         1 
	   Disk (KB)            :        1        1    128928 
	   Memory (MB)          :      207     3900      3968 

	Job terminated of its own accord at 2023-06-09T07:10:24Z.
...
006 (310190.006.000) 2023-06-09 16:10:25 Image size of job updated: 685296
	183  -  MemoryUsage of job (MB)
	186592  -  ResidentSetSize of job (KB)
...
005 (310190.006.000) 2023-06-09 16:10:25 Job terminated.
	(1) Normal termination (return value 0)
		Usr 0 00:00:15, Sys 0 00:00:01  -  Run Remote Usage
		Usr 0 00:00:00, Sys 0 00:00:00  -  Run Local Usage
		Usr 0 00:00:15, Sys 0 00:00:01  -  Total Remote Usage
		Usr 0 00:00:00, Sys 0 00:00:00  -  Total Local Usage
	0  -  Run Bytes Sent By Job
	0  -  Run Bytes Received By Job
	0  -  Total Bytes Sent By Job
	0  -  Total Bytes Received By Job
	Partitionable Resources :    Usage  Request Allocated 
	   Cpus                 :                 1         1 
	   Disk (KB)            :        1        1    128992 
	   Memory (MB)          :      183     3900      3968 

	Job terminated of its own accord at 2023-06-09T07:10:25Z.
...
006 (310190.008.000) 2023-06-09 16:10:26 Image size of job updated: 685240
	205  -  MemoryUsage of job (MB)
	209856  -  ResidentSetSize of job (KB)
...
005 (310190.008.000) 2023-06-09 16:10:26 Job terminated.
	(1) Normal termination (return value 0)
		Usr 0 00:00:18, Sys 0 00:00:01  -  Run Remote Usage
		Usr 0 00:00:00, Sys 0 00:00:00  -  Run Local Usage
		Usr 0 00:00:18, Sys 0 00:00:01  -  Total Remote Usage
		Usr 0 00:00:00, Sys 0 00:00:00  -  Total Local Usage
	0  -  Run Bytes Sent By Job
	0  -  Run Bytes Received By Job
	0  -  Total Bytes Sent By Job
	0  -  Total Bytes Received By Job
	Partitionable Resources :    Usage  Request Allocated 
	   Cpus                 :                 1         1 
	   Disk (KB)            :        1        1    128928 
	   Memory (MB)          :      205     3900      3968 

	Job terminated of its own accord at 2023-06-09T07:10:26Z.
...
006 (310190.007.000) 2023-06-09 16:10:26 Image size of job updated: 684840
	190  -  MemoryUsage of job (MB)
	193760  -  ResidentSetSize of job (KB)
...
005 (310190.007.000) 2023-06-09 16:10:26 Job terminated.
	(1) Normal termination (return value 0)
		Usr 0 00:00:17, Sys 0 00:00:01  -  Run Remote Usage
		Usr 0 00:00:00, Sys 0 00:00:00  -  Run Local Usage
		Usr 0 00:00:17, Sys 0 00:00:01  -  Total Remote Usage
		Usr 0 00:00:00, Sys 0 00:00:00  -  Total Local Usage
	0  -  Run Bytes Sent By Job
	0  -  Run Bytes Received By Job
	0  -  Total Bytes Sent By Job
	0  -  Total Bytes Received By Job
	Partitionable Resources :    Usage  Request Allocated 
	   Cpus                 :                 1         1 
	   Disk (KB)            :        1        1    128928 
	   Memory (MB)          :      190     3900      3968 

	Job terminated of its own accord at 2023-06-09T07:10:26Z.
...
