000 (330341.000.000) 2023-07-25 13:52:04 Job submitted from host: <172.30.1.200:9618?addrs=172.30.1.200-9618&alias=tamsa2.snu.ac.kr&noUDP&sock=schedd_3510_2582>
...
000 (330341.001.000) 2023-07-25 13:52:04 Job submitted from host: <172.30.1.200:9618?addrs=172.30.1.200-9618&alias=tamsa2.snu.ac.kr&noUDP&sock=schedd_3510_2582>
...
000 (330341.002.000) 2023-07-25 13:52:04 Job submitted from host: <172.30.1.200:9618?addrs=172.30.1.200-9618&alias=tamsa2.snu.ac.kr&noUDP&sock=schedd_3510_2582>
...
000 (330341.003.000) 2023-07-25 13:52:04 Job submitted from host: <172.30.1.200:9618?addrs=172.30.1.200-9618&alias=tamsa2.snu.ac.kr&noUDP&sock=schedd_3510_2582>
...
000 (330341.004.000) 2023-07-25 13:52:04 Job submitted from host: <172.30.1.200:9618?addrs=172.30.1.200-9618&alias=tamsa2.snu.ac.kr&noUDP&sock=schedd_3510_2582>
...
000 (330341.005.000) 2023-07-25 13:52:04 Job submitted from host: <172.30.1.200:9618?addrs=172.30.1.200-9618&alias=tamsa2.snu.ac.kr&noUDP&sock=schedd_3510_2582>
...
000 (330341.006.000) 2023-07-25 13:52:04 Job submitted from host: <172.30.1.200:9618?addrs=172.30.1.200-9618&alias=tamsa2.snu.ac.kr&noUDP&sock=schedd_3510_2582>
...
000 (330341.007.000) 2023-07-25 13:52:04 Job submitted from host: <172.30.1.200:9618?addrs=172.30.1.200-9618&alias=tamsa2.snu.ac.kr&noUDP&sock=schedd_3510_2582>
...
000 (330341.008.000) 2023-07-25 13:52:04 Job submitted from host: <172.30.1.200:9618?addrs=172.30.1.200-9618&alias=tamsa2.snu.ac.kr&noUDP&sock=schedd_3510_2582>
...
000 (330341.009.000) 2023-07-25 13:52:04 Job submitted from host: <172.30.1.200:9618?addrs=172.30.1.200-9618&alias=tamsa2.snu.ac.kr&noUDP&sock=schedd_3510_2582>
...
040 (330341.000.000) 2023-07-25 13:52:19 Started transferring input files
	Transferring to host: <172.30.1.101:9618?addrs=172.30.1.101-9618&alias=n1&noUDP&sock=slot1_42_3367_1b22_45743>
...
040 (330341.000.000) 2023-07-25 13:52:19 Finished transferring input files
...
040 (330341.001.000) 2023-07-25 13:52:20 Started transferring input files
	Transferring to host: <172.30.1.101:9618?addrs=172.30.1.101-9618&alias=n1&noUDP&sock=slot1_43_3367_1b22_45744>
...
040 (330341.001.000) 2023-07-25 13:52:20 Finished transferring input files
...
040 (330341.002.000) 2023-07-25 13:52:20 Started transferring input files
	Transferring to host: <172.30.1.101:9618?addrs=172.30.1.101-9618&alias=n1&noUDP&sock=slot1_44_3367_1b22_45745>
...
040 (330341.002.000) 2023-07-25 13:52:20 Finished transferring input files
...
040 (330341.003.000) 2023-07-25 13:52:20 Started transferring input files
	Transferring to host: <172.30.1.101:9618?addrs=172.30.1.101-9618&alias=n1&noUDP&sock=slot1_45_3367_1b22_45746>
...
040 (330341.003.000) 2023-07-25 13:52:20 Finished transferring input files
...
040 (330341.005.000) 2023-07-25 13:52:20 Started transferring input files
	Transferring to host: <172.30.1.101:9618?addrs=172.30.1.101-9618&alias=n1&noUDP&sock=slot1_47_3367_1b22_45747>
...
040 (330341.005.000) 2023-07-25 13:52:20 Finished transferring input files
...
040 (330341.004.000) 2023-07-25 13:52:20 Started transferring input files
	Transferring to host: <172.30.1.101:9618?addrs=172.30.1.101-9618&alias=n1&noUDP&sock=slot1_46_3367_1b22_45748>
...
040 (330341.004.000) 2023-07-25 13:52:20 Finished transferring input files
...
040 (330341.006.000) 2023-07-25 13:52:20 Started transferring input files
	Transferring to host: <172.30.1.101:9618?addrs=172.30.1.101-9618&alias=n1&noUDP&sock=slot1_48_3367_1b22_45749>
...
040 (330341.006.000) 2023-07-25 13:52:20 Finished transferring input files
...
001 (330341.000.000) 2023-07-25 13:52:20 Job executing on host: <172.30.1.101:9618?addrs=172.30.1.101-9618&alias=n1&noUDP&sock=startd_3332_0da7>
...
001 (330341.001.000) 2023-07-25 13:52:21 Job executing on host: <172.30.1.101:9618?addrs=172.30.1.101-9618&alias=n1&noUDP&sock=startd_3332_0da7>
...
040 (330341.007.000) 2023-07-25 13:52:21 Started transferring input files
	Transferring to host: <172.30.1.101:9618?addrs=172.30.1.101-9618&alias=n1&noUDP&sock=slot1_49_3367_1b22_45750>
...
040 (330341.007.000) 2023-07-25 13:52:21 Finished transferring input files
...
001 (330341.002.000) 2023-07-25 13:52:21 Job executing on host: <172.30.1.101:9618?addrs=172.30.1.101-9618&alias=n1&noUDP&sock=startd_3332_0da7>
...
001 (330341.003.000) 2023-07-25 13:52:21 Job executing on host: <172.30.1.101:9618?addrs=172.30.1.101-9618&alias=n1&noUDP&sock=startd_3332_0da7>
...
001 (330341.005.000) 2023-07-25 13:52:21 Job executing on host: <172.30.1.101:9618?addrs=172.30.1.101-9618&alias=n1&noUDP&sock=startd_3332_0da7>
...
040 (330341.008.000) 2023-07-25 13:52:21 Started transferring input files
	Transferring to host: <172.30.1.101:9618?addrs=172.30.1.101-9618&alias=n1&noUDP&sock=slot1_50_3367_1b22_45751>
...
040 (330341.008.000) 2023-07-25 13:52:21 Finished transferring input files
...
001 (330341.004.000) 2023-07-25 13:52:21 Job executing on host: <172.30.1.101:9618?addrs=172.30.1.101-9618&alias=n1&noUDP&sock=startd_3332_0da7>
...
001 (330341.006.000) 2023-07-25 13:52:21 Job executing on host: <172.30.1.101:9618?addrs=172.30.1.101-9618&alias=n1&noUDP&sock=startd_3332_0da7>
...
040 (330341.009.000) 2023-07-25 13:52:21 Started transferring input files
	Transferring to host: <172.30.1.101:9618?addrs=172.30.1.101-9618&alias=n1&noUDP&sock=slot1_51_3367_1b22_45752>
...
040 (330341.009.000) 2023-07-25 13:52:21 Finished transferring input files
...
001 (330341.007.000) 2023-07-25 13:52:22 Job executing on host: <172.30.1.101:9618?addrs=172.30.1.101-9618&alias=n1&noUDP&sock=startd_3332_0da7>
...
001 (330341.008.000) 2023-07-25 13:52:22 Job executing on host: <172.30.1.101:9618?addrs=172.30.1.101-9618&alias=n1&noUDP&sock=startd_3332_0da7>
...
001 (330341.009.000) 2023-07-25 13:52:22 Job executing on host: <172.30.1.101:9618?addrs=172.30.1.101-9618&alias=n1&noUDP&sock=startd_3332_0da7>
...
006 (330341.000.000) 2023-07-25 13:52:29 Image size of job updated: 105000
	33  -  MemoryUsage of job (MB)
	33676  -  ResidentSetSize of job (KB)
...
006 (330341.007.000) 2023-07-25 13:52:30 Image size of job updated: 105000
	44  -  MemoryUsage of job (MB)
	44256  -  ResidentSetSize of job (KB)
...
006 (330341.001.000) 2023-07-25 13:52:30 Image size of job updated: 105000
	45  -  MemoryUsage of job (MB)
	45452  -  ResidentSetSize of job (KB)
...
006 (330341.002.000) 2023-07-25 13:52:30 Image size of job updated: 105000
	45  -  MemoryUsage of job (MB)
	45764  -  ResidentSetSize of job (KB)
...
006 (330341.003.000) 2023-07-25 13:52:30 Image size of job updated: 105000
	46  -  MemoryUsage of job (MB)
	46656  -  ResidentSetSize of job (KB)
...
006 (330341.005.000) 2023-07-25 13:52:30 Image size of job updated: 105000
	47  -  MemoryUsage of job (MB)
	48116  -  ResidentSetSize of job (KB)
...
006 (330341.004.000) 2023-07-25 13:52:30 Image size of job updated: 105000
	48  -  MemoryUsage of job (MB)
	48248  -  ResidentSetSize of job (KB)
...
006 (330341.006.000) 2023-07-25 13:52:30 Image size of job updated: 105000
	50  -  MemoryUsage of job (MB)
	50452  -  ResidentSetSize of job (KB)
...
006 (330341.008.000) 2023-07-25 13:52:31 Image size of job updated: 105000
	55  -  MemoryUsage of job (MB)
	56148  -  ResidentSetSize of job (KB)
...
006 (330341.009.000) 2023-07-25 13:52:31 Image size of job updated: 105000
	55  -  MemoryUsage of job (MB)
	56148  -  ResidentSetSize of job (KB)
...
006 (330341.009.000) 2023-07-25 13:53:15 Image size of job updated: 687052
	55  -  MemoryUsage of job (MB)
	56148  -  ResidentSetSize of job (KB)
...
040 (330341.009.000) 2023-07-25 13:53:15 Started transferring output files
...
040 (330341.009.000) 2023-07-25 13:53:15 Finished transferring output files
...
005 (330341.009.000) 2023-07-25 13:53:15 Job terminated.
	(1) Normal termination (return value 0)
		Usr 0 00:00:30, Sys 0 00:00:02  -  Run Remote Usage
		Usr 0 00:00:00, Sys 0 00:00:00  -  Run Local Usage
		Usr 0 00:00:30, Sys 0 00:00:02  -  Total Remote Usage
		Usr 0 00:00:00, Sys 0 00:00:00  -  Total Local Usage
	1130  -  Run Bytes Sent By Job
	164  -  Run Bytes Received By Job
	1130  -  Total Bytes Sent By Job
	164  -  Total Bytes Received By Job
	Partitionable Resources :    Usage  Request Allocated 
	   Cpus                 :                 1         1 
	   Disk (KB)            :       46        1    127998 
	   Memory (MB)          :       55     3900      3968 

	Job terminated of its own accord at 2023-07-25T04:53:15Z.
...
006 (330341.006.000) 2023-07-25 13:53:18 Image size of job updated: 687256
	50  -  MemoryUsage of job (MB)
	50452  -  ResidentSetSize of job (KB)
...
040 (330341.006.000) 2023-07-25 13:53:19 Started transferring output files
...
040 (330341.006.000) 2023-07-25 13:53:19 Finished transferring output files
...
005 (330341.006.000) 2023-07-25 13:53:19 Job terminated.
	(1) Normal termination (return value 0)
		Usr 0 00:00:33, Sys 0 00:00:02  -  Run Remote Usage
		Usr 0 00:00:00, Sys 0 00:00:00  -  Run Local Usage
		Usr 0 00:00:33, Sys 0 00:00:02  -  Total Remote Usage
		Usr 0 00:00:00, Sys 0 00:00:00  -  Total Local Usage
	1161  -  Run Bytes Sent By Job
	164  -  Run Bytes Received By Job
	1161  -  Total Bytes Sent By Job
	164  -  Total Bytes Received By Job
	Partitionable Resources :    Usage  Request Allocated 
	   Cpus                 :                 1         1 
	   Disk (KB)            :       46        1    127998 
	   Memory (MB)          :       50     3900      3968 

	Job terminated of its own accord at 2023-07-25T04:53:18Z.
...
006 (330341.004.000) 2023-07-25 13:53:19 Image size of job updated: 687156
	48  -  MemoryUsage of job (MB)
	48248  -  ResidentSetSize of job (KB)
...
040 (330341.004.000) 2023-07-25 13:53:19 Started transferring output files
...
040 (330341.004.000) 2023-07-25 13:53:19 Finished transferring output files
...
005 (330341.004.000) 2023-07-25 13:53:19 Job terminated.
	(1) Normal termination (return value 0)
		Usr 0 00:00:32, Sys 0 00:00:03  -  Run Remote Usage
		Usr 0 00:00:00, Sys 0 00:00:00  -  Run Local Usage
		Usr 0 00:00:32, Sys 0 00:00:03  -  Total Remote Usage
		Usr 0 00:00:00, Sys 0 00:00:00  -  Total Local Usage
	1129  -  Run Bytes Sent By Job
	164  -  Run Bytes Received By Job
	1129  -  Total Bytes Sent By Job
	164  -  Total Bytes Received By Job
	Partitionable Resources :    Usage  Request Allocated 
	   Cpus                 :                 1         1 
	   Disk (KB)            :       46        1    127998 
	   Memory (MB)          :       48     3900      3968 

	Job terminated of its own accord at 2023-07-25T04:53:19Z.
...
006 (330341.008.000) 2023-07-25 13:53:20 Image size of job updated: 687184
	55  -  MemoryUsage of job (MB)
	56148  -  ResidentSetSize of job (KB)
...
040 (330341.008.000) 2023-07-25 13:53:21 Started transferring output files
...
040 (330341.008.000) 2023-07-25 13:53:21 Finished transferring output files
...
005 (330341.008.000) 2023-07-25 13:53:21 Job terminated.
	(1) Normal termination (return value 0)
		Usr 0 00:00:34, Sys 0 00:00:03  -  Run Remote Usage
		Usr 0 00:00:00, Sys 0 00:00:00  -  Run Local Usage
		Usr 0 00:00:34, Sys 0 00:00:03  -  Total Remote Usage
		Usr 0 00:00:00, Sys 0 00:00:00  -  Total Local Usage
	1161  -  Run Bytes Sent By Job
	164  -  Run Bytes Received By Job
	1161  -  Total Bytes Sent By Job
	164  -  Total Bytes Received By Job
	Partitionable Resources :    Usage  Request Allocated 
	   Cpus                 :                 1         1 
	   Disk (KB)            :       46        1    127998 
	   Memory (MB)          :       55     3900      3968 

	Job terminated of its own accord at 2023-07-25T04:53:20Z.
...
006 (330341.007.000) 2023-07-25 13:53:22 Image size of job updated: 691020
	44  -  MemoryUsage of job (MB)
	44256  -  ResidentSetSize of job (KB)
...
040 (330341.007.000) 2023-07-25 13:53:22 Started transferring output files
...
040 (330341.007.000) 2023-07-25 13:53:22 Finished transferring output files
...
005 (330341.007.000) 2023-07-25 13:53:22 Job terminated.
	(1) Normal termination (return value 0)
		Usr 0 00:00:35, Sys 0 00:00:02  -  Run Remote Usage
		Usr 0 00:00:00, Sys 0 00:00:00  -  Run Local Usage
		Usr 0 00:00:35, Sys 0 00:00:02  -  Total Remote Usage
		Usr 0 00:00:00, Sys 0 00:00:00  -  Total Local Usage
	1161  -  Run Bytes Sent By Job
	164  -  Run Bytes Received By Job
	1161  -  Total Bytes Sent By Job
	164  -  Total Bytes Received By Job
	Partitionable Resources :    Usage  Request Allocated 
	   Cpus                 :                 1         1 
	   Disk (KB)            :       46        1    127998 
	   Memory (MB)          :       44     3900      3968 

	Job terminated of its own accord at 2023-07-25T04:53:22Z.
...
006 (330341.005.000) 2023-07-25 13:53:22 Image size of job updated: 687108
	47  -  MemoryUsage of job (MB)
	48116  -  ResidentSetSize of job (KB)
...
006 (330341.003.000) 2023-07-25 13:53:22 Image size of job updated: 687252
	46  -  MemoryUsage of job (MB)
	46656  -  ResidentSetSize of job (KB)
...
040 (330341.003.000) 2023-07-25 13:53:23 Started transferring output files
...
040 (330341.005.000) 2023-07-25 13:53:23 Started transferring output files
...
040 (330341.003.000) 2023-07-25 13:53:23 Finished transferring output files
...
040 (330341.005.000) 2023-07-25 13:53:23 Finished transferring output files
...
005 (330341.003.000) 2023-07-25 13:53:23 Job terminated.
	(1) Normal termination (return value 0)
		Usr 0 00:00:37, Sys 0 00:00:03  -  Run Remote Usage
		Usr 0 00:00:00, Sys 0 00:00:00  -  Run Local Usage
		Usr 0 00:00:37, Sys 0 00:00:03  -  Total Remote Usage
		Usr 0 00:00:00, Sys 0 00:00:00  -  Total Local Usage
	1158  -  Run Bytes Sent By Job
	164  -  Run Bytes Received By Job
	1158  -  Total Bytes Sent By Job
	164  -  Total Bytes Received By Job
	Partitionable Resources :    Usage  Request Allocated 
	   Cpus                 :                 1         1 
	   Disk (KB)            :       46        1    127998 
	   Memory (MB)          :       46     3900      3968 

	Job terminated of its own accord at 2023-07-25T04:53:22Z.
...
005 (330341.005.000) 2023-07-25 13:53:23 Job terminated.
	(1) Normal termination (return value 0)
		Usr 0 00:00:36, Sys 0 00:00:02  -  Run Remote Usage
		Usr 0 00:00:00, Sys 0 00:00:00  -  Run Local Usage
		Usr 0 00:00:36, Sys 0 00:00:02  -  Total Remote Usage
		Usr 0 00:00:00, Sys 0 00:00:00  -  Total Local Usage
	1098  -  Run Bytes Sent By Job
	164  -  Run Bytes Received By Job
	1098  -  Total Bytes Sent By Job
	164  -  Total Bytes Received By Job
	Partitionable Resources :    Usage  Request Allocated 
	   Cpus                 :                 1         1 
	   Disk (KB)            :       46        1    127998 
	   Memory (MB)          :       47     3900      3968 

	Job terminated of its own accord at 2023-07-25T04:53:22Z.
...
006 (330341.002.000) 2023-07-25 13:53:26 Image size of job updated: 686896
	45  -  MemoryUsage of job (MB)
	45788  -  ResidentSetSize of job (KB)
...
006 (330341.001.000) 2023-07-25 13:53:26 Image size of job updated: 687204
	45  -  MemoryUsage of job (MB)
	45452  -  ResidentSetSize of job (KB)
...
040 (330341.002.000) 2023-07-25 13:53:26 Started transferring output files
...
040 (330341.002.000) 2023-07-25 13:53:26 Finished transferring output files
...
005 (330341.002.000) 2023-07-25 13:53:26 Job terminated.
	(1) Normal termination (return value 0)
		Usr 0 00:00:40, Sys 0 00:00:02  -  Run Remote Usage
		Usr 0 00:00:00, Sys 0 00:00:00  -  Run Local Usage
		Usr 0 00:00:40, Sys 0 00:00:02  -  Total Remote Usage
		Usr 0 00:00:00, Sys 0 00:00:00  -  Total Local Usage
	1159  -  Run Bytes Sent By Job
	164  -  Run Bytes Received By Job
	1159  -  Total Bytes Sent By Job
	164  -  Total Bytes Received By Job
	Partitionable Resources :    Usage  Request Allocated 
	   Cpus                 :                 1         1 
	   Disk (KB)            :       46        1    127998 
	   Memory (MB)          :       45     3900      3968 

	Job terminated of its own accord at 2023-07-25T04:53:25Z.
...
040 (330341.001.000) 2023-07-25 13:53:26 Started transferring output files
...
040 (330341.001.000) 2023-07-25 13:53:26 Finished transferring output files
...
005 (330341.001.000) 2023-07-25 13:53:26 Job terminated.
	(1) Normal termination (return value 0)
		Usr 0 00:00:40, Sys 0 00:00:03  -  Run Remote Usage
		Usr 0 00:00:00, Sys 0 00:00:00  -  Run Local Usage
		Usr 0 00:00:40, Sys 0 00:00:03  -  Total Remote Usage
		Usr 0 00:00:00, Sys 0 00:00:00  -  Total Local Usage
	1127  -  Run Bytes Sent By Job
	164  -  Run Bytes Received By Job
	1127  -  Total Bytes Sent By Job
	164  -  Total Bytes Received By Job
	Partitionable Resources :    Usage  Request Allocated 
	   Cpus                 :                 1         1 
	   Disk (KB)            :       46        1    127998 
	   Memory (MB)          :       45     3900      3968 

	Job terminated of its own accord at 2023-07-25T04:53:26Z.
...
006 (330341.000.000) 2023-07-25 13:53:35 Image size of job updated: 685152
	33  -  MemoryUsage of job (MB)
	33688  -  ResidentSetSize of job (KB)
...
040 (330341.000.000) 2023-07-25 13:53:35 Started transferring output files
...
040 (330341.000.000) 2023-07-25 13:53:35 Finished transferring output files
...
005 (330341.000.000) 2023-07-25 13:53:35 Job terminated.
	(1) Normal termination (return value 0)
		Usr 0 00:00:49, Sys 0 00:00:03  -  Run Remote Usage
		Usr 0 00:00:00, Sys 0 00:00:00  -  Run Local Usage
		Usr 0 00:00:49, Sys 0 00:00:03  -  Total Remote Usage
		Usr 0 00:00:00, Sys 0 00:00:00  -  Total Local Usage
	1221  -  Run Bytes Sent By Job
	164  -  Run Bytes Received By Job
	1221  -  Total Bytes Sent By Job
	164  -  Total Bytes Received By Job
	Partitionable Resources :    Usage  Request Allocated 
	   Cpus                 :                 1         1 
	   Disk (KB)            :       46        1    127998 
	   Memory (MB)          :       33     3900      3968 

	Job terminated of its own accord at 2023-07-25T04:53:35Z.
...
