000 (310131.000.000) 2023-06-09 15:23:05 Job submitted from host: <172.30.1.200:9618?addrs=172.30.1.200-9618&alias=tamsa2.snu.ac.kr&noUDP&sock=schedd_3510_2582>
...
000 (310131.001.000) 2023-06-09 15:23:05 Job submitted from host: <172.30.1.200:9618?addrs=172.30.1.200-9618&alias=tamsa2.snu.ac.kr&noUDP&sock=schedd_3510_2582>
...
000 (310131.002.000) 2023-06-09 15:23:05 Job submitted from host: <172.30.1.200:9618?addrs=172.30.1.200-9618&alias=tamsa2.snu.ac.kr&noUDP&sock=schedd_3510_2582>
...
000 (310131.003.000) 2023-06-09 15:23:05 Job submitted from host: <172.30.1.200:9618?addrs=172.30.1.200-9618&alias=tamsa2.snu.ac.kr&noUDP&sock=schedd_3510_2582>
...
000 (310131.004.000) 2023-06-09 15:23:05 Job submitted from host: <172.30.1.200:9618?addrs=172.30.1.200-9618&alias=tamsa2.snu.ac.kr&noUDP&sock=schedd_3510_2582>
...
000 (310131.005.000) 2023-06-09 15:23:05 Job submitted from host: <172.30.1.200:9618?addrs=172.30.1.200-9618&alias=tamsa2.snu.ac.kr&noUDP&sock=schedd_3510_2582>
...
000 (310131.006.000) 2023-06-09 15:23:05 Job submitted from host: <172.30.1.200:9618?addrs=172.30.1.200-9618&alias=tamsa2.snu.ac.kr&noUDP&sock=schedd_3510_2582>
...
000 (310131.007.000) 2023-06-09 15:23:05 Job submitted from host: <172.30.1.200:9618?addrs=172.30.1.200-9618&alias=tamsa2.snu.ac.kr&noUDP&sock=schedd_3510_2582>
...
000 (310131.008.000) 2023-06-09 15:23:05 Job submitted from host: <172.30.1.200:9618?addrs=172.30.1.200-9618&alias=tamsa2.snu.ac.kr&noUDP&sock=schedd_3510_2582>
...
000 (310131.009.000) 2023-06-09 15:23:05 Job submitted from host: <172.30.1.200:9618?addrs=172.30.1.200-9618&alias=tamsa2.snu.ac.kr&noUDP&sock=schedd_3510_2582>
...
001 (310131.000.000) 2023-06-09 15:23:17 Job executing on host: <172.30.1.210:9618?addrs=172.30.1.210-9618&alias=node10&noUDP&sock=startd_3787_253e>
...
001 (310131.004.000) 2023-06-09 15:23:17 Job executing on host: <172.30.1.208:9618?addrs=172.30.1.208-9618&alias=node8&noUDP&sock=startd_3802_6f2a>
...
001 (310131.001.000) 2023-06-09 15:23:18 Job executing on host: <172.30.1.210:9618?addrs=172.30.1.210-9618&alias=node10&noUDP&sock=startd_3787_253e>
...
001 (310131.002.000) 2023-06-09 15:23:18 Job executing on host: <172.30.1.208:9618?addrs=172.30.1.208-9618&alias=node8&noUDP&sock=startd_3802_6f2a>
...
001 (310131.009.000) 2023-06-09 15:23:18 Job executing on host: <172.30.1.209:9618?addrs=172.30.1.209-9618&alias=node9&noUDP&sock=startd_3776_99b3>
...
001 (310131.005.000) 2023-06-09 15:23:18 Job executing on host: <172.30.1.208:9618?addrs=172.30.1.208-9618&alias=node8&noUDP&sock=startd_3802_6f2a>
...
001 (310131.008.000) 2023-06-09 15:23:18 Job executing on host: <172.30.1.209:9618?addrs=172.30.1.209-9618&alias=node9&noUDP&sock=startd_3776_99b3>
...
001 (310131.003.000) 2023-06-09 15:23:18 Job executing on host: <172.30.1.208:9618?addrs=172.30.1.208-9618&alias=node8&noUDP&sock=startd_3802_6f2a>
...
001 (310131.006.000) 2023-06-09 15:23:18 Job executing on host: <172.30.1.208:9618?addrs=172.30.1.208-9618&alias=node8&noUDP&sock=startd_3802_6f2a>
...
001 (310131.007.000) 2023-06-09 15:23:18 Job executing on host: <172.30.1.208:9618?addrs=172.30.1.208-9618&alias=node8&noUDP&sock=startd_3802_6f2a>
...
006 (310131.000.000) 2023-06-09 15:23:26 Image size of job updated: 186612
	183  -  MemoryUsage of job (MB)
	186612  -  ResidentSetSize of job (KB)
...
006 (310131.004.000) 2023-06-09 15:23:26 Image size of job updated: 493876
	183  -  MemoryUsage of job (MB)
	186584  -  ResidentSetSize of job (KB)
...
006 (310131.001.000) 2023-06-09 15:23:26 Image size of job updated: 188096
	184  -  MemoryUsage of job (MB)
	188096  -  ResidentSetSize of job (KB)
...
006 (310131.002.000) 2023-06-09 15:23:26 Image size of job updated: 493876
	185  -  MemoryUsage of job (MB)
	188736  -  ResidentSetSize of job (KB)
...
006 (310131.005.000) 2023-06-09 15:23:26 Image size of job updated: 493880
	183  -  MemoryUsage of job (MB)
	186576  -  ResidentSetSize of job (KB)
...
006 (310131.003.000) 2023-06-09 15:23:26 Image size of job updated: 478160
	183  -  MemoryUsage of job (MB)
	186580  -  ResidentSetSize of job (KB)
...
006 (310131.006.000) 2023-06-09 15:23:26 Image size of job updated: 493880
	183  -  MemoryUsage of job (MB)
	186588  -  ResidentSetSize of job (KB)
...
006 (310131.007.000) 2023-06-09 15:23:27 Image size of job updated: 493880
	183  -  MemoryUsage of job (MB)
	186584  -  ResidentSetSize of job (KB)
...
006 (310131.009.000) 2023-06-09 15:23:27 Image size of job updated: 657268
	200  -  MemoryUsage of job (MB)
	204424  -  ResidentSetSize of job (KB)
...
006 (310131.008.000) 2023-06-09 15:23:28 Image size of job updated: 645752
	183  -  MemoryUsage of job (MB)
	186724  -  ResidentSetSize of job (KB)
...
006 (310131.009.000) 2023-06-09 15:24:07 Image size of job updated: 685416
	200  -  MemoryUsage of job (MB)
	204704  -  ResidentSetSize of job (KB)
...
005 (310131.009.000) 2023-06-09 15:24:07 Job terminated.
	(1) Normal termination (return value 0)
		Usr 0 00:00:45, Sys 0 00:00:01  -  Run Remote Usage
		Usr 0 00:00:00, Sys 0 00:00:00  -  Run Local Usage
		Usr 0 00:00:45, Sys 0 00:00:01  -  Total Remote Usage
		Usr 0 00:00:00, Sys 0 00:00:00  -  Total Local Usage
	0  -  Run Bytes Sent By Job
	0  -  Run Bytes Received By Job
	0  -  Total Bytes Sent By Job
	0  -  Total Bytes Received By Job
	Partitionable Resources :    Usage  Request Allocated 
	   Cpus                 :     0.78        1         1 
	   Disk (KB)            :     1           1    128928 
	   Memory (MB)          :   200        3900      3968 

	Job terminated of its own accord at 2023-06-09T06:24:07Z.
...
006 (310131.006.000) 2023-06-09 15:24:09 Image size of job updated: 685304
	183  -  MemoryUsage of job (MB)
	186588  -  ResidentSetSize of job (KB)
...
005 (310131.006.000) 2023-06-09 15:24:09 Job terminated.
	(1) Normal termination (return value 0)
		Usr 0 00:00:48, Sys 0 00:00:01  -  Run Remote Usage
		Usr 0 00:00:00, Sys 0 00:00:00  -  Run Local Usage
		Usr 0 00:00:48, Sys 0 00:00:01  -  Total Remote Usage
		Usr 0 00:00:00, Sys 0 00:00:00  -  Total Local Usage
	0  -  Run Bytes Sent By Job
	0  -  Run Bytes Received By Job
	0  -  Total Bytes Sent By Job
	0  -  Total Bytes Received By Job
	Partitionable Resources :    Usage  Request Allocated 
	   Cpus                 :     0.97        1         1 
	   Disk (KB)            :     1           1    128928 
	   Memory (MB)          :   183        3900      3968 

	Job terminated of its own accord at 2023-06-09T06:24:09Z.
...
006 (310131.001.000) 2023-06-09 15:24:09 Image size of job updated: 685308
	184  -  MemoryUsage of job (MB)
	188096  -  ResidentSetSize of job (KB)
...
005 (310131.001.000) 2023-06-09 15:24:09 Job terminated.
	(1) Normal termination (return value 0)
		Usr 0 00:00:46, Sys 0 00:00:01  -  Run Remote Usage
		Usr 0 00:00:00, Sys 0 00:00:00  -  Run Local Usage
		Usr 0 00:00:46, Sys 0 00:00:01  -  Total Remote Usage
		Usr 0 00:00:00, Sys 0 00:00:00  -  Total Local Usage
	0  -  Run Bytes Sent By Job
	0  -  Run Bytes Received By Job
	0  -  Total Bytes Sent By Job
	0  -  Total Bytes Received By Job
	Partitionable Resources :    Usage  Request Allocated 
	   Cpus                 :     0.78        1         1 
	   Disk (KB)            :     1           1    128928 
	   Memory (MB)          :   184        3900      3968 

	Job terminated of its own accord at 2023-06-09T06:24:09Z.
...
006 (310131.005.000) 2023-06-09 15:24:16 Image size of job updated: 687060
	183  -  MemoryUsage of job (MB)
	186576  -  ResidentSetSize of job (KB)
...
005 (310131.005.000) 2023-06-09 15:24:16 Job terminated.
	(1) Normal termination (return value 0)
		Usr 0 00:00:55, Sys 0 00:00:01  -  Run Remote Usage
		Usr 0 00:00:00, Sys 0 00:00:00  -  Run Local Usage
		Usr 0 00:00:55, Sys 0 00:00:01  -  Total Remote Usage
		Usr 0 00:00:00, Sys 0 00:00:00  -  Total Local Usage
	0  -  Run Bytes Sent By Job
	0  -  Run Bytes Received By Job
	0  -  Total Bytes Sent By Job
	0  -  Total Bytes Received By Job
	Partitionable Resources :    Usage  Request Allocated 
	   Cpus                 :     0.96        1         1 
	   Disk (KB)            :     1           1    128928 
	   Memory (MB)          :   183        3900      3968 

	Job terminated of its own accord at 2023-06-09T06:24:16Z.
...
006 (310131.000.000) 2023-06-09 15:24:19 Image size of job updated: 685308
	183  -  MemoryUsage of job (MB)
	186612  -  ResidentSetSize of job (KB)
...
005 (310131.000.000) 2023-06-09 15:24:19 Job terminated.
	(1) Normal termination (return value 0)
		Usr 0 00:00:58, Sys 0 00:00:01  -  Run Remote Usage
		Usr 0 00:00:00, Sys 0 00:00:00  -  Run Local Usage
		Usr 0 00:00:58, Sys 0 00:00:01  -  Total Remote Usage
		Usr 0 00:00:00, Sys 0 00:00:00  -  Total Local Usage
	0  -  Run Bytes Sent By Job
	0  -  Run Bytes Received By Job
	0  -  Total Bytes Sent By Job
	0  -  Total Bytes Received By Job
	Partitionable Resources :    Usage  Request Allocated 
	   Cpus                 :     0.91        1         1 
	   Disk (KB)            :     1           1    128928 
	   Memory (MB)          :   183        3900      3968 

	Job terminated of its own accord at 2023-06-09T06:24:19Z.
...
006 (310131.002.000) 2023-06-09 15:24:20 Image size of job updated: 687008
	185  -  MemoryUsage of job (MB)
	188736  -  ResidentSetSize of job (KB)
...
005 (310131.002.000) 2023-06-09 15:24:20 Job terminated.
	(1) Normal termination (return value 0)
		Usr 0 00:00:58, Sys 0 00:00:01  -  Run Remote Usage
		Usr 0 00:00:00, Sys 0 00:00:00  -  Run Local Usage
		Usr 0 00:00:58, Sys 0 00:00:01  -  Total Remote Usage
		Usr 0 00:00:00, Sys 0 00:00:00  -  Total Local Usage
	0  -  Run Bytes Sent By Job
	0  -  Run Bytes Received By Job
	0  -  Total Bytes Sent By Job
	0  -  Total Bytes Received By Job
	Partitionable Resources :    Usage  Request Allocated 
	   Cpus                 :     0.89        1         1 
	   Disk (KB)            :     1           1    128928 
	   Memory (MB)          :   185        3900      3968 

	Job terminated of its own accord at 2023-06-09T06:24:20Z.
...
006 (310131.008.000) 2023-06-09 15:24:25 Image size of job updated: 688380
	183  -  MemoryUsage of job (MB)
	186724  -  ResidentSetSize of job (KB)
...
005 (310131.008.000) 2023-06-09 15:24:25 Job terminated.
	(1) Normal termination (return value 0)
		Usr 0 00:01:04, Sys 0 00:00:01  -  Run Remote Usage
		Usr 0 00:00:00, Sys 0 00:00:00  -  Run Local Usage
		Usr 0 00:01:04, Sys 0 00:00:01  -  Total Remote Usage
		Usr 0 00:00:00, Sys 0 00:00:00  -  Total Local Usage
	0  -  Run Bytes Sent By Job
	0  -  Run Bytes Received By Job
	0  -  Total Bytes Sent By Job
	0  -  Total Bytes Received By Job
	Partitionable Resources :    Usage  Request Allocated 
	   Cpus                 :     0.89        1         1 
	   Disk (KB)            :     1           1    128928 
	   Memory (MB)          :   183        3900      3968 

	Job terminated of its own accord at 2023-06-09T06:24:25Z.
...
006 (310131.004.000) 2023-06-09 15:24:28 Image size of job updated: 685304
	183  -  MemoryUsage of job (MB)
	186584  -  ResidentSetSize of job (KB)
...
005 (310131.004.000) 2023-06-09 15:24:28 Job terminated.
	(1) Normal termination (return value 0)
		Usr 0 00:01:07, Sys 0 00:00:01  -  Run Remote Usage
		Usr 0 00:00:00, Sys 0 00:00:00  -  Run Local Usage
		Usr 0 00:01:07, Sys 0 00:00:01  -  Total Remote Usage
		Usr 0 00:00:00, Sys 0 00:00:00  -  Total Local Usage
	0  -  Run Bytes Sent By Job
	0  -  Run Bytes Received By Job
	0  -  Total Bytes Sent By Job
	0  -  Total Bytes Received By Job
	Partitionable Resources :    Usage  Request Allocated 
	   Cpus                 :     0.98        1         1 
	   Disk (KB)            :     1           1    128928 
	   Memory (MB)          :   183        3900      3968 

	Job terminated of its own accord at 2023-06-09T06:24:28Z.
...
006 (310131.003.000) 2023-06-09 15:24:31 Image size of job updated: 688412
	183  -  MemoryUsage of job (MB)
	186580  -  ResidentSetSize of job (KB)
...
005 (310131.003.000) 2023-06-09 15:24:31 Job terminated.
	(1) Normal termination (return value 0)
		Usr 0 00:01:09, Sys 0 00:00:01  -  Run Remote Usage
		Usr 0 00:00:00, Sys 0 00:00:00  -  Run Local Usage
		Usr 0 00:01:09, Sys 0 00:00:01  -  Total Remote Usage
		Usr 0 00:00:00, Sys 0 00:00:00  -  Total Local Usage
	0  -  Run Bytes Sent By Job
	0  -  Run Bytes Received By Job
	0  -  Total Bytes Sent By Job
	0  -  Total Bytes Received By Job
	Partitionable Resources :    Usage  Request Allocated 
	   Cpus                 :     0.97        1         1 
	   Disk (KB)            :     1           1    128928 
	   Memory (MB)          :   183        3900      3968 

	Job terminated of its own accord at 2023-06-09T06:24:31Z.
...
006 (310131.007.000) 2023-06-09 15:24:35 Image size of job updated: 687036
	183  -  MemoryUsage of job (MB)
	186584  -  ResidentSetSize of job (KB)
...
005 (310131.007.000) 2023-06-09 15:24:35 Job terminated.
	(1) Normal termination (return value 0)
		Usr 0 00:01:14, Sys 0 00:00:01  -  Run Remote Usage
		Usr 0 00:00:00, Sys 0 00:00:00  -  Run Local Usage
		Usr 0 00:01:14, Sys 0 00:00:01  -  Total Remote Usage
		Usr 0 00:00:00, Sys 0 00:00:00  -  Total Local Usage
	0  -  Run Bytes Sent By Job
	0  -  Run Bytes Received By Job
	0  -  Total Bytes Sent By Job
	0  -  Total Bytes Received By Job
	Partitionable Resources :    Usage  Request Allocated 
	   Cpus                 :     0.98        1         1 
	   Disk (KB)            :     1           1    128928 
	   Memory (MB)          :   183        3900      3968 

	Job terminated of its own accord at 2023-06-09T06:24:35Z.
...
