000 (330114.000.000) 2023-07-25 11:47:26 Job submitted from host: <172.30.1.200:9618?addrs=172.30.1.200-9618&alias=tamsa2.snu.ac.kr&noUDP&sock=schedd_3510_2582>
...
000 (330114.001.000) 2023-07-25 11:47:26 Job submitted from host: <172.30.1.200:9618?addrs=172.30.1.200-9618&alias=tamsa2.snu.ac.kr&noUDP&sock=schedd_3510_2582>
...
000 (330114.002.000) 2023-07-25 11:47:26 Job submitted from host: <172.30.1.200:9618?addrs=172.30.1.200-9618&alias=tamsa2.snu.ac.kr&noUDP&sock=schedd_3510_2582>
...
000 (330114.003.000) 2023-07-25 11:47:26 Job submitted from host: <172.30.1.200:9618?addrs=172.30.1.200-9618&alias=tamsa2.snu.ac.kr&noUDP&sock=schedd_3510_2582>
...
000 (330114.004.000) 2023-07-25 11:47:26 Job submitted from host: <172.30.1.200:9618?addrs=172.30.1.200-9618&alias=tamsa2.snu.ac.kr&noUDP&sock=schedd_3510_2582>
...
000 (330114.005.000) 2023-07-25 11:47:26 Job submitted from host: <172.30.1.200:9618?addrs=172.30.1.200-9618&alias=tamsa2.snu.ac.kr&noUDP&sock=schedd_3510_2582>
...
000 (330114.006.000) 2023-07-25 11:47:26 Job submitted from host: <172.30.1.200:9618?addrs=172.30.1.200-9618&alias=tamsa2.snu.ac.kr&noUDP&sock=schedd_3510_2582>
...
000 (330114.007.000) 2023-07-25 11:47:26 Job submitted from host: <172.30.1.200:9618?addrs=172.30.1.200-9618&alias=tamsa2.snu.ac.kr&noUDP&sock=schedd_3510_2582>
...
000 (330114.008.000) 2023-07-25 11:47:26 Job submitted from host: <172.30.1.200:9618?addrs=172.30.1.200-9618&alias=tamsa2.snu.ac.kr&noUDP&sock=schedd_3510_2582>
...
000 (330114.009.000) 2023-07-25 11:47:26 Job submitted from host: <172.30.1.200:9618?addrs=172.30.1.200-9618&alias=tamsa2.snu.ac.kr&noUDP&sock=schedd_3510_2582>
...
001 (330114.007.000) 2023-07-25 11:47:41 Job executing on host: <172.30.1.210:9618?addrs=172.30.1.210-9618&alias=node10&noUDP&sock=startd_3787_253e>
...
001 (330114.008.000) 2023-07-25 11:47:41 Job executing on host: <172.30.1.210:9618?addrs=172.30.1.210-9618&alias=node10&noUDP&sock=startd_3787_253e>
...
001 (330114.009.000) 2023-07-25 11:47:41 Job executing on host: <172.30.1.210:9618?addrs=172.30.1.210-9618&alias=node10&noUDP&sock=startd_3787_253e>
...
001 (330114.000.000) 2023-07-25 11:47:42 Job executing on host: <172.30.1.204:9618?addrs=172.30.1.204-9618&alias=node4&noUDP&sock=startd_3843_8e8c>
...
001 (330114.002.000) 2023-07-25 11:47:42 Job executing on host: <172.30.1.204:9618?addrs=172.30.1.204-9618&alias=node4&noUDP&sock=startd_3843_8e8c>
...
001 (330114.001.000) 2023-07-25 11:47:42 Job executing on host: <172.30.1.204:9618?addrs=172.30.1.204-9618&alias=node4&noUDP&sock=startd_3843_8e8c>
...
001 (330114.003.000) 2023-07-25 11:47:43 Job executing on host: <172.30.1.204:9618?addrs=172.30.1.204-9618&alias=node4&noUDP&sock=startd_3843_8e8c>
...
001 (330114.004.000) 2023-07-25 11:47:43 Job executing on host: <172.30.1.204:9618?addrs=172.30.1.204-9618&alias=node4&noUDP&sock=startd_3843_8e8c>
...
001 (330114.005.000) 2023-07-25 11:47:43 Job executing on host: <172.30.1.204:9618?addrs=172.30.1.204-9618&alias=node4&noUDP&sock=startd_3843_8e8c>
...
001 (330114.006.000) 2023-07-25 11:47:43 Job executing on host: <172.30.1.204:9618?addrs=172.30.1.204-9618&alias=node4&noUDP&sock=startd_3843_8e8c>
...
006 (330114.007.000) 2023-07-25 11:47:49 Image size of job updated: 164356
	157  -  MemoryUsage of job (MB)
	160576  -  ResidentSetSize of job (KB)
...
006 (330114.008.000) 2023-07-25 11:47:49 Image size of job updated: 166260
	159  -  MemoryUsage of job (MB)
	162192  -  ResidentSetSize of job (KB)
...
006 (330114.009.000) 2023-07-25 11:47:50 Image size of job updated: 193940
	182  -  MemoryUsage of job (MB)
	185644  -  ResidentSetSize of job (KB)
...
006 (330114.000.000) 2023-07-25 11:47:51 Image size of job updated: 270828
	182  -  MemoryUsage of job (MB)
	186200  -  ResidentSetSize of job (KB)
...
006 (330114.002.000) 2023-07-25 11:47:51 Image size of job updated: 186212
	182  -  MemoryUsage of job (MB)
	186212  -  ResidentSetSize of job (KB)
...
006 (330114.001.000) 2023-07-25 11:47:51 Image size of job updated: 186216
	182  -  MemoryUsage of job (MB)
	186216  -  ResidentSetSize of job (KB)
...
006 (330114.003.000) 2023-07-25 11:47:51 Image size of job updated: 186164
	182  -  MemoryUsage of job (MB)
	186164  -  ResidentSetSize of job (KB)
...
006 (330114.004.000) 2023-07-25 11:47:51 Image size of job updated: 186220
	182  -  MemoryUsage of job (MB)
	186220  -  ResidentSetSize of job (KB)
...
006 (330114.005.000) 2023-07-25 11:47:51 Image size of job updated: 186280
	182  -  MemoryUsage of job (MB)
	186280  -  ResidentSetSize of job (KB)
...
006 (330114.006.000) 2023-07-25 11:47:52 Image size of job updated: 186360
	182  -  MemoryUsage of job (MB)
	186360  -  ResidentSetSize of job (KB)
...
006 (330114.007.000) 2023-07-25 11:48:05 Image size of job updated: 681396
	157  -  MemoryUsage of job (MB)
	160584  -  ResidentSetSize of job (KB)
...
005 (330114.007.000) 2023-07-25 11:48:06 Job terminated.
	(1) Normal termination (return value 0)
		Usr 0 00:00:17, Sys 0 00:00:01  -  Run Remote Usage
		Usr 0 00:00:00, Sys 0 00:00:00  -  Run Local Usage
		Usr 0 00:00:17, Sys 0 00:00:01  -  Total Remote Usage
		Usr 0 00:00:00, Sys 0 00:00:00  -  Total Local Usage
	0  -  Run Bytes Sent By Job
	0  -  Run Bytes Received By Job
	0  -  Total Bytes Sent By Job
	0  -  Total Bytes Received By Job
	Partitionable Resources :    Usage  Request Allocated 
	   Cpus                 :                 1         1 
	   Disk (KB)            :        1        1    128928 
	   Memory (MB)          :      157     3900      3968 

	Job terminated of its own accord at 2023-07-25T02:48:05Z.
...
006 (330114.009.000) 2023-07-25 11:48:07 Image size of job updated: 683256
	182  -  MemoryUsage of job (MB)
	185644  -  ResidentSetSize of job (KB)
...
005 (330114.009.000) 2023-07-25 11:48:07 Job terminated.
	(1) Normal termination (return value 0)
		Usr 0 00:00:19, Sys 0 00:00:01  -  Run Remote Usage
		Usr 0 00:00:00, Sys 0 00:00:00  -  Run Local Usage
		Usr 0 00:00:19, Sys 0 00:00:01  -  Total Remote Usage
		Usr 0 00:00:00, Sys 0 00:00:00  -  Total Local Usage
	0  -  Run Bytes Sent By Job
	0  -  Run Bytes Received By Job
	0  -  Total Bytes Sent By Job
	0  -  Total Bytes Received By Job
	Partitionable Resources :    Usage  Request Allocated 
	   Cpus                 :                 1         1 
	   Disk (KB)            :        1        1    128928 
	   Memory (MB)          :      182     3900      3968 

	Job terminated of its own accord at 2023-07-25T02:48:07Z.
...
006 (330114.004.000) 2023-07-25 11:48:08 Image size of job updated: 685908
	182  -  MemoryUsage of job (MB)
	186220  -  ResidentSetSize of job (KB)
...
005 (330114.004.000) 2023-07-25 11:48:08 Job terminated.
	(1) Normal termination (return value 0)
		Usr 0 00:00:24, Sys 0 00:00:00  -  Run Remote Usage
		Usr 0 00:00:00, Sys 0 00:00:00  -  Run Local Usage
		Usr 0 00:00:24, Sys 0 00:00:00  -  Total Remote Usage
		Usr 0 00:00:00, Sys 0 00:00:00  -  Total Local Usage
	0  -  Run Bytes Sent By Job
	0  -  Run Bytes Received By Job
	0  -  Total Bytes Sent By Job
	0  -  Total Bytes Received By Job
	Partitionable Resources :    Usage  Request Allocated 
	   Cpus                 :                 1         1 
	   Disk (KB)            :        1        1    128928 
	   Memory (MB)          :      182     3900      3968 

	Job terminated of its own accord at 2023-07-25T02:48:08Z.
...
006 (330114.006.000) 2023-07-25 11:48:09 Image size of job updated: 685836
	182  -  MemoryUsage of job (MB)
	186360  -  ResidentSetSize of job (KB)
...
005 (330114.006.000) 2023-07-25 11:48:09 Job terminated.
	(1) Normal termination (return value 0)
		Usr 0 00:00:24, Sys 0 00:00:00  -  Run Remote Usage
		Usr 0 00:00:00, Sys 0 00:00:00  -  Run Local Usage
		Usr 0 00:00:24, Sys 0 00:00:00  -  Total Remote Usage
		Usr 0 00:00:00, Sys 0 00:00:00  -  Total Local Usage
	0  -  Run Bytes Sent By Job
	0  -  Run Bytes Received By Job
	0  -  Total Bytes Sent By Job
	0  -  Total Bytes Received By Job
	Partitionable Resources :    Usage  Request Allocated 
	   Cpus                 :                 1         1 
	   Disk (KB)            :        1        1    128928 
	   Memory (MB)          :      182     3900      3968 

	Job terminated of its own accord at 2023-07-25T02:48:09Z.
...
006 (330114.001.000) 2023-07-25 11:48:09 Image size of job updated: 687728
	182  -  MemoryUsage of job (MB)
	186216  -  ResidentSetSize of job (KB)
...
005 (330114.001.000) 2023-07-25 11:48:09 Job terminated.
	(1) Normal termination (return value 0)
		Usr 0 00:00:25, Sys 0 00:00:00  -  Run Remote Usage
		Usr 0 00:00:00, Sys 0 00:00:00  -  Run Local Usage
		Usr 0 00:00:25, Sys 0 00:00:00  -  Total Remote Usage
		Usr 0 00:00:00, Sys 0 00:00:00  -  Total Local Usage
	0  -  Run Bytes Sent By Job
	0  -  Run Bytes Received By Job
	0  -  Total Bytes Sent By Job
	0  -  Total Bytes Received By Job
	Partitionable Resources :    Usage  Request Allocated 
	   Cpus                 :                 1         1 
	   Disk (KB)            :        1        1    128928 
	   Memory (MB)          :      182     3900      3968 

	Job terminated of its own accord at 2023-07-25T02:48:09Z.
...
006 (330114.005.000) 2023-07-25 11:48:10 Image size of job updated: 687272
	182  -  MemoryUsage of job (MB)
	186280  -  ResidentSetSize of job (KB)
...
005 (330114.005.000) 2023-07-25 11:48:10 Job terminated.
	(1) Normal termination (return value 0)
		Usr 0 00:00:25, Sys 0 00:00:01  -  Run Remote Usage
		Usr 0 00:00:00, Sys 0 00:00:00  -  Run Local Usage
		Usr 0 00:00:25, Sys 0 00:00:01  -  Total Remote Usage
		Usr 0 00:00:00, Sys 0 00:00:00  -  Total Local Usage
	0  -  Run Bytes Sent By Job
	0  -  Run Bytes Received By Job
	0  -  Total Bytes Sent By Job
	0  -  Total Bytes Received By Job
	Partitionable Resources :    Usage  Request Allocated 
	   Cpus                 :                 1         1 
	   Disk (KB)            :        1        1    128928 
	   Memory (MB)          :      182     3900      3968 

	Job terminated of its own accord at 2023-07-25T02:48:10Z.
...
006 (330114.008.000) 2023-07-25 11:48:11 Image size of job updated: 685840
	159  -  MemoryUsage of job (MB)
	162192  -  ResidentSetSize of job (KB)
...
005 (330114.008.000) 2023-07-25 11:48:11 Job terminated.
	(1) Normal termination (return value 0)
		Usr 0 00:00:23, Sys 0 00:00:01  -  Run Remote Usage
		Usr 0 00:00:00, Sys 0 00:00:00  -  Run Local Usage
		Usr 0 00:00:23, Sys 0 00:00:01  -  Total Remote Usage
		Usr 0 00:00:00, Sys 0 00:00:00  -  Total Local Usage
	0  -  Run Bytes Sent By Job
	0  -  Run Bytes Received By Job
	0  -  Total Bytes Sent By Job
	0  -  Total Bytes Received By Job
	Partitionable Resources :    Usage  Request Allocated 
	   Cpus                 :                 1         1 
	   Disk (KB)            :        1        1    128928 
	   Memory (MB)          :      159     3900      3968 

	Job terminated of its own accord at 2023-07-25T02:48:11Z.
...
006 (330114.000.000) 2023-07-25 11:48:12 Image size of job updated: 685908
	182  -  MemoryUsage of job (MB)
	186200  -  ResidentSetSize of job (KB)
...
005 (330114.000.000) 2023-07-25 11:48:12 Job terminated.
	(1) Normal termination (return value 0)
		Usr 0 00:00:28, Sys 0 00:00:00  -  Run Remote Usage
		Usr 0 00:00:00, Sys 0 00:00:00  -  Run Local Usage
		Usr 0 00:00:28, Sys 0 00:00:00  -  Total Remote Usage
		Usr 0 00:00:00, Sys 0 00:00:00  -  Total Local Usage
	0  -  Run Bytes Sent By Job
	0  -  Run Bytes Received By Job
	0  -  Total Bytes Sent By Job
	0  -  Total Bytes Received By Job
	Partitionable Resources :    Usage  Request Allocated 
	   Cpus                 :                 1         1 
	   Disk (KB)            :        1        1    128928 
	   Memory (MB)          :      182     3900      3968 

	Job terminated of its own accord at 2023-07-25T02:48:12Z.
...
006 (330114.003.000) 2023-07-25 11:48:14 Image size of job updated: 685908
	182  -  MemoryUsage of job (MB)
	186164  -  ResidentSetSize of job (KB)
...
005 (330114.003.000) 2023-07-25 11:48:14 Job terminated.
	(1) Normal termination (return value 0)
		Usr 0 00:00:29, Sys 0 00:00:00  -  Run Remote Usage
		Usr 0 00:00:00, Sys 0 00:00:00  -  Run Local Usage
		Usr 0 00:00:29, Sys 0 00:00:00  -  Total Remote Usage
		Usr 0 00:00:00, Sys 0 00:00:00  -  Total Local Usage
	0  -  Run Bytes Sent By Job
	0  -  Run Bytes Received By Job
	0  -  Total Bytes Sent By Job
	0  -  Total Bytes Received By Job
	Partitionable Resources :    Usage  Request Allocated 
	   Cpus                 :                 1         1 
	   Disk (KB)            :        1        1    128928 
	   Memory (MB)          :      182     3900      3968 

	Job terminated of its own accord at 2023-07-25T02:48:14Z.
...
006 (330114.002.000) 2023-07-25 11:48:14 Image size of job updated: 685900
	182  -  MemoryUsage of job (MB)
	186212  -  ResidentSetSize of job (KB)
...
005 (330114.002.000) 2023-07-25 11:48:14 Job terminated.
	(1) Normal termination (return value 0)
		Usr 0 00:00:30, Sys 0 00:00:01  -  Run Remote Usage
		Usr 0 00:00:00, Sys 0 00:00:00  -  Run Local Usage
		Usr 0 00:00:30, Sys 0 00:00:01  -  Total Remote Usage
		Usr 0 00:00:00, Sys 0 00:00:00  -  Total Local Usage
	0  -  Run Bytes Sent By Job
	0  -  Run Bytes Received By Job
	0  -  Total Bytes Sent By Job
	0  -  Total Bytes Received By Job
	Partitionable Resources :    Usage  Request Allocated 
	   Cpus                 :                 1         1 
	   Disk (KB)            :        1        1    128928 
	   Memory (MB)          :      182     3900      3968 

	Job terminated of its own accord at 2023-07-25T02:48:14Z.
...
