000 (330092.000.000) 2023-07-25 10:59:25 Job submitted from host: <172.30.1.200:9618?addrs=172.30.1.200-9618&alias=tamsa2.snu.ac.kr&noUDP&sock=schedd_3510_2582>
...
000 (330092.001.000) 2023-07-25 10:59:25 Job submitted from host: <172.30.1.200:9618?addrs=172.30.1.200-9618&alias=tamsa2.snu.ac.kr&noUDP&sock=schedd_3510_2582>
...
000 (330092.002.000) 2023-07-25 10:59:25 Job submitted from host: <172.30.1.200:9618?addrs=172.30.1.200-9618&alias=tamsa2.snu.ac.kr&noUDP&sock=schedd_3510_2582>
...
000 (330092.003.000) 2023-07-25 10:59:25 Job submitted from host: <172.30.1.200:9618?addrs=172.30.1.200-9618&alias=tamsa2.snu.ac.kr&noUDP&sock=schedd_3510_2582>
...
000 (330092.004.000) 2023-07-25 10:59:25 Job submitted from host: <172.30.1.200:9618?addrs=172.30.1.200-9618&alias=tamsa2.snu.ac.kr&noUDP&sock=schedd_3510_2582>
...
000 (330092.005.000) 2023-07-25 10:59:25 Job submitted from host: <172.30.1.200:9618?addrs=172.30.1.200-9618&alias=tamsa2.snu.ac.kr&noUDP&sock=schedd_3510_2582>
...
000 (330092.006.000) 2023-07-25 10:59:25 Job submitted from host: <172.30.1.200:9618?addrs=172.30.1.200-9618&alias=tamsa2.snu.ac.kr&noUDP&sock=schedd_3510_2582>
...
000 (330092.007.000) 2023-07-25 10:59:25 Job submitted from host: <172.30.1.200:9618?addrs=172.30.1.200-9618&alias=tamsa2.snu.ac.kr&noUDP&sock=schedd_3510_2582>
...
000 (330092.008.000) 2023-07-25 10:59:25 Job submitted from host: <172.30.1.200:9618?addrs=172.30.1.200-9618&alias=tamsa2.snu.ac.kr&noUDP&sock=schedd_3510_2582>
...
000 (330092.009.000) 2023-07-25 10:59:25 Job submitted from host: <172.30.1.200:9618?addrs=172.30.1.200-9618&alias=tamsa2.snu.ac.kr&noUDP&sock=schedd_3510_2582>
...
040 (330092.005.000) 2023-07-25 10:59:39 Started transferring input files
	Transferring to host: <172.30.1.102:9618?addrs=172.30.1.102-9618&alias=n2&noUDP&sock=slot1_8_3347_03a1_57637>
...
040 (330092.005.000) 2023-07-25 10:59:39 Finished transferring input files
...
040 (330092.006.000) 2023-07-25 10:59:39 Started transferring input files
	Transferring to host: <172.30.1.102:9618?addrs=172.30.1.102-9618&alias=n2&noUDP&sock=slot1_11_3347_03a1_57638>
...
040 (330092.006.000) 2023-07-25 10:59:39 Finished transferring input files
...
040 (330092.007.000) 2023-07-25 10:59:39 Started transferring input files
	Transferring to host: <172.30.1.102:9618?addrs=172.30.1.102-9618&alias=n2&noUDP&sock=slot1_12_3347_03a1_57639>
...
040 (330092.007.000) 2023-07-25 10:59:39 Finished transferring input files
...
040 (330092.000.000) 2023-07-25 10:59:39 Started transferring input files
	Transferring to host: <172.30.1.107:9618?addrs=172.30.1.107-9618&alias=n7&noUDP&sock=slot1_29_4258_e566_60770>
...
040 (330092.000.000) 2023-07-25 10:59:39 Finished transferring input files
...
040 (330092.001.000) 2023-07-25 10:59:39 Started transferring input files
	Transferring to host: <172.30.1.107:9618?addrs=172.30.1.107-9618&alias=n7&noUDP&sock=slot1_30_4258_e566_60771>
...
040 (330092.008.000) 2023-07-25 10:59:39 Started transferring input files
	Transferring to host: <172.30.1.102:9618?addrs=172.30.1.102-9618&alias=n2&noUDP&sock=slot1_13_3347_03a1_57640>
...
040 (330092.001.000) 2023-07-25 10:59:39 Finished transferring input files
...
040 (330092.008.000) 2023-07-25 10:59:39 Finished transferring input files
...
040 (330092.002.000) 2023-07-25 10:59:39 Started transferring input files
	Transferring to host: <172.30.1.107:9618?addrs=172.30.1.107-9618&alias=n7&noUDP&sock=slot1_31_4258_e566_60773>
...
040 (330092.002.000) 2023-07-25 10:59:39 Finished transferring input files
...
040 (330092.003.000) 2023-07-25 10:59:39 Started transferring input files
	Transferring to host: <172.30.1.107:9618?addrs=172.30.1.107-9618&alias=n7&noUDP&sock=slot1_32_4258_e566_60774>
...
040 (330092.003.000) 2023-07-25 10:59:39 Finished transferring input files
...
040 (330092.009.000) 2023-07-25 10:59:39 Started transferring input files
	Transferring to host: <172.30.1.102:9618?addrs=172.30.1.102-9618&alias=n2&noUDP&sock=slot1_14_3347_03a1_57642>
...
040 (330092.004.000) 2023-07-25 10:59:39 Started transferring input files
	Transferring to host: <172.30.1.107:9618?addrs=172.30.1.107-9618&alias=n7&noUDP&sock=slot1_33_4258_e566_60775>
...
040 (330092.009.000) 2023-07-25 10:59:39 Finished transferring input files
...
040 (330092.004.000) 2023-07-25 10:59:39 Finished transferring input files
...
001 (330092.005.000) 2023-07-25 10:59:40 Job executing on host: <172.30.1.102:9618?addrs=172.30.1.102-9618&alias=n2&noUDP&sock=startd_3313_055a>
...
001 (330092.006.000) 2023-07-25 10:59:40 Job executing on host: <172.30.1.102:9618?addrs=172.30.1.102-9618&alias=n2&noUDP&sock=startd_3313_055a>
...
001 (330092.007.000) 2023-07-25 10:59:40 Job executing on host: <172.30.1.102:9618?addrs=172.30.1.102-9618&alias=n2&noUDP&sock=startd_3313_055a>
...
001 (330092.000.000) 2023-07-25 10:59:40 Job executing on host: <172.30.1.107:9618?addrs=172.30.1.107-9618&alias=n7&noUDP&sock=startd_4224_e421>
...
001 (330092.001.000) 2023-07-25 10:59:40 Job executing on host: <172.30.1.107:9618?addrs=172.30.1.107-9618&alias=n7&noUDP&sock=startd_4224_e421>
...
001 (330092.008.000) 2023-07-25 10:59:40 Job executing on host: <172.30.1.102:9618?addrs=172.30.1.102-9618&alias=n2&noUDP&sock=startd_3313_055a>
...
001 (330092.002.000) 2023-07-25 10:59:40 Job executing on host: <172.30.1.107:9618?addrs=172.30.1.107-9618&alias=n7&noUDP&sock=startd_4224_e421>
...
001 (330092.003.000) 2023-07-25 10:59:40 Job executing on host: <172.30.1.107:9618?addrs=172.30.1.107-9618&alias=n7&noUDP&sock=startd_4224_e421>
...
001 (330092.009.000) 2023-07-25 10:59:40 Job executing on host: <172.30.1.102:9618?addrs=172.30.1.102-9618&alias=n2&noUDP&sock=startd_3313_055a>
...
001 (330092.004.000) 2023-07-25 10:59:40 Job executing on host: <172.30.1.107:9618?addrs=172.30.1.107-9618&alias=n7&noUDP&sock=startd_4224_e421>
...
006 (330092.005.000) 2023-07-25 10:59:48 Image size of job updated: 116228
	114  -  MemoryUsage of job (MB)
	116228  -  ResidentSetSize of job (KB)
...
006 (330092.006.000) 2023-07-25 10:59:48 Image size of job updated: 119128
	117  -  MemoryUsage of job (MB)
	119128  -  ResidentSetSize of job (KB)
...
006 (330092.007.000) 2023-07-25 10:59:49 Image size of job updated: 141768
	139  -  MemoryUsage of job (MB)
	141768  -  ResidentSetSize of job (KB)
...
006 (330092.000.000) 2023-07-25 10:59:49 Image size of job updated: 644932
	182  -  MemoryUsage of job (MB)
	186212  -  ResidentSetSize of job (KB)
...
006 (330092.001.000) 2023-07-25 10:59:49 Image size of job updated: 644932
	182  -  MemoryUsage of job (MB)
	186212  -  ResidentSetSize of job (KB)
...
006 (330092.008.000) 2023-07-25 10:59:49 Image size of job updated: 144332
	141  -  MemoryUsage of job (MB)
	144332  -  ResidentSetSize of job (KB)
...
006 (330092.002.000) 2023-07-25 10:59:49 Image size of job updated: 644900
	182  -  MemoryUsage of job (MB)
	186208  -  ResidentSetSize of job (KB)
...
006 (330092.003.000) 2023-07-25 10:59:49 Image size of job updated: 644900
	182  -  MemoryUsage of job (MB)
	186116  -  ResidentSetSize of job (KB)
...
006 (330092.004.000) 2023-07-25 10:59:49 Image size of job updated: 644932
	182  -  MemoryUsage of job (MB)
	186216  -  ResidentSetSize of job (KB)
...
006 (330092.009.000) 2023-07-25 10:59:49 Image size of job updated: 148472
	145  -  MemoryUsage of job (MB)
	148472  -  ResidentSetSize of job (KB)
...
006 (330092.001.000) 2023-07-25 11:00:13 Image size of job updated: 688004
	182  -  MemoryUsage of job (MB)
	186212  -  ResidentSetSize of job (KB)
...
040 (330092.001.000) 2023-07-25 11:00:13 Started transferring output files
...
040 (330092.001.000) 2023-07-25 11:00:16 Finished transferring output files
...
005 (330092.001.000) 2023-07-25 11:00:16 Job terminated.
	(1) Normal termination (return value 0)
		Usr 0 00:00:29, Sys 0 00:00:01  -  Run Remote Usage
		Usr 0 00:00:00, Sys 0 00:00:00  -  Run Local Usage
		Usr 0 00:00:29, Sys 0 00:00:01  -  Total Remote Usage
		Usr 0 00:00:00, Sys 0 00:00:00  -  Total Local Usage
	1190  -  Run Bytes Sent By Job
	170  -  Run Bytes Received By Job
	1190  -  Total Bytes Sent By Job
	170  -  Total Bytes Received By Job
	Partitionable Resources :    Usage  Request Allocated 
	   Cpus                 :                 1         1 
	   Disk (KB)            :       46        1    127899 
	   Memory (MB)          :      182     3900      3968 

	Job terminated of its own accord at 2023-07-25T02:00:13Z.
...
006 (330092.003.000) 2023-07-25 11:00:16 Image size of job updated: 686556
	182  -  MemoryUsage of job (MB)
	186116  -  ResidentSetSize of job (KB)
...
006 (330092.004.000) 2023-07-25 11:00:17 Image size of job updated: 686916
	182  -  MemoryUsage of job (MB)
	186216  -  ResidentSetSize of job (KB)
...
006 (330092.002.000) 2023-07-25 11:00:17 Image size of job updated: 687024
	182  -  MemoryUsage of job (MB)
	186208  -  ResidentSetSize of job (KB)
...
040 (330092.003.000) 2023-07-25 11:00:17 Started transferring output files
...
040 (330092.003.000) 2023-07-25 11:00:17 Finished transferring output files
...
005 (330092.003.000) 2023-07-25 11:00:17 Job terminated.
	(1) Normal termination (return value 0)
		Usr 0 00:00:31, Sys 0 00:00:01  -  Run Remote Usage
		Usr 0 00:00:00, Sys 0 00:00:00  -  Run Local Usage
		Usr 0 00:00:31, Sys 0 00:00:01  -  Total Remote Usage
		Usr 0 00:00:00, Sys 0 00:00:00  -  Total Local Usage
	1188  -  Run Bytes Sent By Job
	170  -  Run Bytes Received By Job
	1188  -  Total Bytes Sent By Job
	170  -  Total Bytes Received By Job
	Partitionable Resources :    Usage  Request Allocated 
	   Cpus                 :                 1         1 
	   Disk (KB)            :       46        1    127899 
	   Memory (MB)          :      182     3900      3968 

	Job terminated of its own accord at 2023-07-25T02:00:16Z.
...
040 (330092.004.000) 2023-07-25 11:00:17 Started transferring output files
...
040 (330092.004.000) 2023-07-25 11:00:17 Finished transferring output files
...
005 (330092.004.000) 2023-07-25 11:00:17 Job terminated.
	(1) Normal termination (return value 0)
		Usr 0 00:00:31, Sys 0 00:00:01  -  Run Remote Usage
		Usr 0 00:00:00, Sys 0 00:00:00  -  Run Local Usage
		Usr 0 00:00:31, Sys 0 00:00:01  -  Total Remote Usage
		Usr 0 00:00:00, Sys 0 00:00:00  -  Total Local Usage
	1159  -  Run Bytes Sent By Job
	170  -  Run Bytes Received By Job
	1159  -  Total Bytes Sent By Job
	170  -  Total Bytes Received By Job
	Partitionable Resources :    Usage  Request Allocated 
	   Cpus                 :                 1         1 
	   Disk (KB)            :       46        1    127899 
	   Memory (MB)          :      182     3900      3968 

	Job terminated of its own accord at 2023-07-25T02:00:16Z.
...
040 (330092.002.000) 2023-07-25 11:00:17 Started transferring output files
...
040 (330092.002.000) 2023-07-25 11:00:17 Finished transferring output files
...
005 (330092.002.000) 2023-07-25 11:00:17 Job terminated.
	(1) Normal termination (return value 0)
		Usr 0 00:00:32, Sys 0 00:00:01  -  Run Remote Usage
		Usr 0 00:00:00, Sys 0 00:00:00  -  Run Local Usage
		Usr 0 00:00:32, Sys 0 00:00:01  -  Total Remote Usage
		Usr 0 00:00:00, Sys 0 00:00:00  -  Total Local Usage
	1222  -  Run Bytes Sent By Job
	170  -  Run Bytes Received By Job
	1222  -  Total Bytes Sent By Job
	170  -  Total Bytes Received By Job
	Partitionable Resources :    Usage  Request Allocated 
	   Cpus                 :                 1         1 
	   Disk (KB)            :       46        1    127899 
	   Memory (MB)          :      182     3900      3968 

	Job terminated of its own accord at 2023-07-25T02:00:17Z.
...
006 (330092.009.000) 2023-07-25 11:00:18 Image size of job updated: 682548
	146  -  MemoryUsage of job (MB)
	148512  -  ResidentSetSize of job (KB)
...
040 (330092.009.000) 2023-07-25 11:00:18 Started transferring output files
...
040 (330092.009.000) 2023-07-25 11:00:18 Finished transferring output files
...
005 (330092.009.000) 2023-07-25 11:00:18 Job terminated.
	(1) Normal termination (return value 0)
		Usr 0 00:00:29, Sys 0 00:00:02  -  Run Remote Usage
		Usr 0 00:00:00, Sys 0 00:00:00  -  Run Local Usage
		Usr 0 00:00:29, Sys 0 00:00:02  -  Total Remote Usage
		Usr 0 00:00:00, Sys 0 00:00:00  -  Total Local Usage
	902  -  Run Bytes Sent By Job
	170  -  Run Bytes Received By Job
	902  -  Total Bytes Sent By Job
	170  -  Total Bytes Received By Job
	Partitionable Resources :    Usage  Request Allocated 
	   Cpus                 :                 1         1 
	   Disk (KB)            :       46        1    123869 
	   Memory (MB)          :      146     3900      3968 

	Job terminated of its own accord at 2023-07-25T02:00:18Z.
...
006 (330092.000.000) 2023-07-25 11:00:20 Image size of job updated: 687028
	182  -  MemoryUsage of job (MB)
	186212  -  ResidentSetSize of job (KB)
...
040 (330092.000.000) 2023-07-25 11:00:20 Started transferring output files
...
040 (330092.000.000) 2023-07-25 11:00:20 Finished transferring output files
...
005 (330092.000.000) 2023-07-25 11:00:20 Job terminated.
	(1) Normal termination (return value 0)
		Usr 0 00:00:36, Sys 0 00:00:01  -  Run Remote Usage
		Usr 0 00:00:00, Sys 0 00:00:00  -  Run Local Usage
		Usr 0 00:00:36, Sys 0 00:00:01  -  Total Remote Usage
		Usr 0 00:00:00, Sys 0 00:00:00  -  Total Local Usage
	1221  -  Run Bytes Sent By Job
	170  -  Run Bytes Received By Job
	1221  -  Total Bytes Sent By Job
	170  -  Total Bytes Received By Job
	Partitionable Resources :    Usage  Request Allocated 
	   Cpus                 :                 1         1 
	   Disk (KB)            :       46        1    127899 
	   Memory (MB)          :      182     3900      3968 

	Job terminated of its own accord at 2023-07-25T02:00:20Z.
...
006 (330092.007.000) 2023-07-25 11:00:24 Image size of job updated: 684272
	139  -  MemoryUsage of job (MB)
	141828  -  ResidentSetSize of job (KB)
...
040 (330092.007.000) 2023-07-25 11:00:24 Started transferring output files
...
040 (330092.007.000) 2023-07-25 11:00:24 Finished transferring output files
...
005 (330092.007.000) 2023-07-25 11:00:24 Job terminated.
	(1) Normal termination (return value 0)
		Usr 0 00:00:34, Sys 0 00:00:02  -  Run Remote Usage
		Usr 0 00:00:00, Sys 0 00:00:00  -  Run Local Usage
		Usr 0 00:00:34, Sys 0 00:00:02  -  Total Remote Usage
		Usr 0 00:00:00, Sys 0 00:00:00  -  Total Local Usage
	870  -  Run Bytes Sent By Job
	170  -  Run Bytes Received By Job
	870  -  Total Bytes Sent By Job
	170  -  Total Bytes Received By Job
	Partitionable Resources :    Usage  Request Allocated 
	   Cpus                 :                 1         1 
	   Disk (KB)            :       46        1    123869 
	   Memory (MB)          :      139     3900      3968 

	Job terminated of its own accord at 2023-07-25T02:00:24Z.
...
006 (330092.006.000) 2023-07-25 11:00:32 Image size of job updated: 684432
	117  -  MemoryUsage of job (MB)
	119144  -  ResidentSetSize of job (KB)
...
040 (330092.006.000) 2023-07-25 11:00:33 Started transferring output files
...
040 (330092.006.000) 2023-07-25 11:00:33 Finished transferring output files
...
005 (330092.006.000) 2023-07-25 11:00:33 Job terminated.
	(1) Normal termination (return value 0)
		Usr 0 00:00:42, Sys 0 00:00:02  -  Run Remote Usage
		Usr 0 00:00:00, Sys 0 00:00:00  -  Run Local Usage
		Usr 0 00:00:42, Sys 0 00:00:02  -  Total Remote Usage
		Usr 0 00:00:00, Sys 0 00:00:00  -  Total Local Usage
	963  -  Run Bytes Sent By Job
	170  -  Run Bytes Received By Job
	963  -  Total Bytes Sent By Job
	170  -  Total Bytes Received By Job
	Partitionable Resources :    Usage  Request Allocated 
	   Cpus                 :                 1         1 
	   Disk (KB)            :       46        1    123869 
	   Memory (MB)          :      117     3900      3968 

	Job terminated of its own accord at 2023-07-25T02:00:32Z.
...
006 (330092.005.000) 2023-07-25 11:00:34 Image size of job updated: 686424
	114  -  MemoryUsage of job (MB)
	116228  -  ResidentSetSize of job (KB)
...
040 (330092.005.000) 2023-07-25 11:00:34 Started transferring output files
...
040 (330092.005.000) 2023-07-25 11:00:34 Finished transferring output files
...
005 (330092.005.000) 2023-07-25 11:00:34 Job terminated.
	(1) Normal termination (return value 0)
		Usr 0 00:00:44, Sys 0 00:00:03  -  Run Remote Usage
		Usr 0 00:00:00, Sys 0 00:00:00  -  Run Local Usage
		Usr 0 00:00:44, Sys 0 00:00:03  -  Total Remote Usage
		Usr 0 00:00:00, Sys 0 00:00:00  -  Total Local Usage
	1160  -  Run Bytes Sent By Job
	170  -  Run Bytes Received By Job
	1160  -  Total Bytes Sent By Job
	170  -  Total Bytes Received By Job
	Partitionable Resources :    Usage  Request Allocated 
	   Cpus                 :                 1         1 
	   Disk (KB)            :       46        1    123869 
	   Memory (MB)          :      114     3900      3968 

	Job terminated of its own accord at 2023-07-25T02:00:34Z.
...
006 (330092.008.000) 2023-07-25 11:00:39 Image size of job updated: 684412
	142  -  MemoryUsage of job (MB)
	144416  -  ResidentSetSize of job (KB)
...
040 (330092.008.000) 2023-07-25 11:00:39 Started transferring output files
...
040 (330092.008.000) 2023-07-25 11:00:39 Finished transferring output files
...
005 (330092.008.000) 2023-07-25 11:00:39 Job terminated.
	(1) Normal termination (return value 0)
		Usr 0 00:00:50, Sys 0 00:00:02  -  Run Remote Usage
		Usr 0 00:00:00, Sys 0 00:00:00  -  Run Local Usage
		Usr 0 00:00:50, Sys 0 00:00:02  -  Total Remote Usage
		Usr 0 00:00:00, Sys 0 00:00:00  -  Total Local Usage
	964  -  Run Bytes Sent By Job
	170  -  Run Bytes Received By Job
	964  -  Total Bytes Sent By Job
	170  -  Total Bytes Received By Job
	Partitionable Resources :    Usage  Request Allocated 
	   Cpus                 :                 1         1 
	   Disk (KB)            :       46        1    123869 
	   Memory (MB)          :      142     3900      3968 

	Job terminated of its own accord at 2023-07-25T02:00:39Z.
...
