000 (310104.000.000) 2023-06-09 14:35:46 Job submitted from host: <172.30.1.200:9618?addrs=172.30.1.200-9618&alias=tamsa2.snu.ac.kr&noUDP&sock=schedd_3510_2582>
...
000 (310104.001.000) 2023-06-09 14:35:46 Job submitted from host: <172.30.1.200:9618?addrs=172.30.1.200-9618&alias=tamsa2.snu.ac.kr&noUDP&sock=schedd_3510_2582>
...
000 (310104.002.000) 2023-06-09 14:35:46 Job submitted from host: <172.30.1.200:9618?addrs=172.30.1.200-9618&alias=tamsa2.snu.ac.kr&noUDP&sock=schedd_3510_2582>
...
000 (310104.003.000) 2023-06-09 14:35:46 Job submitted from host: <172.30.1.200:9618?addrs=172.30.1.200-9618&alias=tamsa2.snu.ac.kr&noUDP&sock=schedd_3510_2582>
...
000 (310104.004.000) 2023-06-09 14:35:46 Job submitted from host: <172.30.1.200:9618?addrs=172.30.1.200-9618&alias=tamsa2.snu.ac.kr&noUDP&sock=schedd_3510_2582>
...
000 (310104.005.000) 2023-06-09 14:35:46 Job submitted from host: <172.30.1.200:9618?addrs=172.30.1.200-9618&alias=tamsa2.snu.ac.kr&noUDP&sock=schedd_3510_2582>
...
000 (310104.006.000) 2023-06-09 14:35:46 Job submitted from host: <172.30.1.200:9618?addrs=172.30.1.200-9618&alias=tamsa2.snu.ac.kr&noUDP&sock=schedd_3510_2582>
...
000 (310104.007.000) 2023-06-09 14:35:46 Job submitted from host: <172.30.1.200:9618?addrs=172.30.1.200-9618&alias=tamsa2.snu.ac.kr&noUDP&sock=schedd_3510_2582>
...
000 (310104.008.000) 2023-06-09 14:35:46 Job submitted from host: <172.30.1.200:9618?addrs=172.30.1.200-9618&alias=tamsa2.snu.ac.kr&noUDP&sock=schedd_3510_2582>
...
000 (310104.009.000) 2023-06-09 14:35:46 Job submitted from host: <172.30.1.200:9618?addrs=172.30.1.200-9618&alias=tamsa2.snu.ac.kr&noUDP&sock=schedd_3510_2582>
...
001 (310104.008.000) 2023-06-09 14:37:17 Job executing on host: <172.30.1.209:9618?addrs=172.30.1.209-9618&alias=node9&noUDP&sock=startd_3776_99b3>
...
001 (310104.001.000) 2023-06-09 14:37:17 Job executing on host: <172.30.1.208:9618?addrs=172.30.1.208-9618&alias=node8&noUDP&sock=startd_3802_6f2a>
...
001 (310104.000.000) 2023-06-09 14:37:17 Job executing on host: <172.30.1.210:9618?addrs=172.30.1.210-9618&alias=node10&noUDP&sock=startd_3787_253e>
...
001 (310104.002.000) 2023-06-09 14:37:17 Job executing on host: <172.30.1.208:9618?addrs=172.30.1.208-9618&alias=node8&noUDP&sock=startd_3802_6f2a>
...
001 (310104.009.000) 2023-06-09 14:37:17 Job executing on host: <172.30.1.209:9618?addrs=172.30.1.209-9618&alias=node9&noUDP&sock=startd_3776_99b3>
...
001 (310104.003.000) 2023-06-09 14:37:18 Job executing on host: <172.30.1.208:9618?addrs=172.30.1.208-9618&alias=node8&noUDP&sock=startd_3802_6f2a>
...
001 (310104.004.000) 2023-06-09 14:37:18 Job executing on host: <172.30.1.208:9618?addrs=172.30.1.208-9618&alias=node8&noUDP&sock=startd_3802_6f2a>
...
001 (310104.005.000) 2023-06-09 14:37:18 Job executing on host: <172.30.1.208:9618?addrs=172.30.1.208-9618&alias=node8&noUDP&sock=startd_3802_6f2a>
...
001 (310104.006.000) 2023-06-09 14:37:18 Job executing on host: <172.30.1.208:9618?addrs=172.30.1.208-9618&alias=node8&noUDP&sock=startd_3802_6f2a>
...
001 (310104.007.000) 2023-06-09 14:37:18 Job executing on host: <172.30.1.208:9618?addrs=172.30.1.208-9618&alias=node8&noUDP&sock=startd_3802_6f2a>
...
006 (310104.003.000) 2023-06-09 14:37:26 Image size of job updated: 186868
	183  -  MemoryUsage of job (MB)
	186868  -  ResidentSetSize of job (KB)
...
006 (310104.006.000) 2023-06-09 14:37:26 Image size of job updated: 186884
	183  -  MemoryUsage of job (MB)
	186880  -  ResidentSetSize of job (KB)
...
006 (310104.007.000) 2023-06-09 14:37:26 Image size of job updated: 153632
	151  -  MemoryUsage of job (MB)
	153632  -  ResidentSetSize of job (KB)
...
006 (310104.005.000) 2023-06-09 14:37:26 Image size of job updated: 186832
	183  -  MemoryUsage of job (MB)
	186832  -  ResidentSetSize of job (KB)
...
006 (310104.004.000) 2023-06-09 14:37:26 Image size of job updated: 186812
	183  -  MemoryUsage of job (MB)
	186812  -  ResidentSetSize of job (KB)
...
006 (310104.001.000) 2023-06-09 14:37:26 Image size of job updated: 186880
	183  -  MemoryUsage of job (MB)
	186880  -  ResidentSetSize of job (KB)
...
006 (310104.008.000) 2023-06-09 14:37:26 Image size of job updated: 153556
	150  -  MemoryUsage of job (MB)
	153556  -  ResidentSetSize of job (KB)
...
006 (310104.002.000) 2023-06-09 14:37:26 Image size of job updated: 153628
	151  -  MemoryUsage of job (MB)
	153628  -  ResidentSetSize of job (KB)
...
006 (310104.009.000) 2023-06-09 14:37:26 Image size of job updated: 153632
	151  -  MemoryUsage of job (MB)
	153632  -  ResidentSetSize of job (KB)
...
006 (310104.000.000) 2023-06-09 14:37:35 Image size of job updated: 392548
	162  -  MemoryUsage of job (MB)
	165760  -  ResidentSetSize of job (KB)
...
006 (310104.006.000) 2023-06-09 14:37:47 Image size of job updated: 684736
	183  -  MemoryUsage of job (MB)
	186880  -  ResidentSetSize of job (KB)
...
005 (310104.006.000) 2023-06-09 14:37:47 Job terminated.
	(1) Normal termination (return value 0)
		Usr 0 00:00:21, Sys 0 00:00:01  -  Run Remote Usage
		Usr 0 00:00:00, Sys 0 00:00:00  -  Run Local Usage
		Usr 0 00:00:21, Sys 0 00:00:01  -  Total Remote Usage
		Usr 0 00:00:00, Sys 0 00:00:00  -  Total Local Usage
	0  -  Run Bytes Sent By Job
	0  -  Run Bytes Received By Job
	0  -  Total Bytes Sent By Job
	0  -  Total Bytes Received By Job
	Partitionable Resources :    Usage  Request Allocated 
	   Cpus                 :                 1         1 
	   Disk (KB)            :        1        1    128928 
	   Memory (MB)          :      183     3900      3968 

	Job terminated of its own accord at 2023-06-09T05:37:47Z.
...
006 (310104.002.000) 2023-06-09 14:37:52 Image size of job updated: 685644
	151  -  MemoryUsage of job (MB)
	153628  -  ResidentSetSize of job (KB)
...
005 (310104.002.000) 2023-06-09 14:37:52 Job terminated.
	(1) Normal termination (return value 0)
		Usr 0 00:00:29, Sys 0 00:00:01  -  Run Remote Usage
		Usr 0 00:00:00, Sys 0 00:00:00  -  Run Local Usage
		Usr 0 00:00:29, Sys 0 00:00:01  -  Total Remote Usage
		Usr 0 00:00:00, Sys 0 00:00:00  -  Total Local Usage
	0  -  Run Bytes Sent By Job
	0  -  Run Bytes Received By Job
	0  -  Total Bytes Sent By Job
	0  -  Total Bytes Received By Job
	Partitionable Resources :    Usage  Request Allocated 
	   Cpus                 :                 1         1 
	   Disk (KB)            :        1        1    128928 
	   Memory (MB)          :      151     3900      3968 

	Job terminated of its own accord at 2023-06-09T05:37:52Z.
...
006 (310104.000.000) 2023-06-09 14:37:53 Image size of job updated: 688092
	162  -  MemoryUsage of job (MB)
	165768  -  ResidentSetSize of job (KB)
...
005 (310104.000.000) 2023-06-09 14:37:53 Job terminated.
	(1) Normal termination (return value 0)
		Usr 0 00:00:19, Sys 0 00:00:01  -  Run Remote Usage
		Usr 0 00:00:00, Sys 0 00:00:00  -  Run Local Usage
		Usr 0 00:00:19, Sys 0 00:00:01  -  Total Remote Usage
		Usr 0 00:00:00, Sys 0 00:00:00  -  Total Local Usage
	0  -  Run Bytes Sent By Job
	0  -  Run Bytes Received By Job
	0  -  Total Bytes Sent By Job
	0  -  Total Bytes Received By Job
	Partitionable Resources :    Usage  Request Allocated 
	   Cpus                 :                 1         1 
	   Disk (KB)            :        1        1    128928 
	   Memory (MB)          :      162     3900      3968 

	Job terminated of its own accord at 2023-06-09T05:37:53Z.
...
006 (310104.007.000) 2023-06-09 14:37:55 Image size of job updated: 690956
	151  -  MemoryUsage of job (MB)
	153632  -  ResidentSetSize of job (KB)
...
005 (310104.007.000) 2023-06-09 14:37:55 Job terminated.
	(1) Normal termination (return value 0)
		Usr 0 00:00:31, Sys 0 00:00:01  -  Run Remote Usage
		Usr 0 00:00:00, Sys 0 00:00:00  -  Run Local Usage
		Usr 0 00:00:31, Sys 0 00:00:01  -  Total Remote Usage
		Usr 0 00:00:00, Sys 0 00:00:00  -  Total Local Usage
	0  -  Run Bytes Sent By Job
	0  -  Run Bytes Received By Job
	0  -  Total Bytes Sent By Job
	0  -  Total Bytes Received By Job
	Partitionable Resources :    Usage  Request Allocated 
	   Cpus                 :                 1         1 
	   Disk (KB)            :        1        1    128928 
	   Memory (MB)          :      151     3900      3968 

	Job terminated of its own accord at 2023-06-09T05:37:55Z.
...
006 (310104.008.000) 2023-06-09 14:37:56 Image size of job updated: 690848
	150  -  MemoryUsage of job (MB)
	153556  -  ResidentSetSize of job (KB)
...
005 (310104.008.000) 2023-06-09 14:37:56 Job terminated.
	(1) Normal termination (return value 0)
		Usr 0 00:00:31, Sys 0 00:00:01  -  Run Remote Usage
		Usr 0 00:00:00, Sys 0 00:00:00  -  Run Local Usage
		Usr 0 00:00:31, Sys 0 00:00:01  -  Total Remote Usage
		Usr 0 00:00:00, Sys 0 00:00:00  -  Total Local Usage
	0  -  Run Bytes Sent By Job
	0  -  Run Bytes Received By Job
	0  -  Total Bytes Sent By Job
	0  -  Total Bytes Received By Job
	Partitionable Resources :    Usage  Request Allocated 
	   Cpus                 :                 1         1 
	   Disk (KB)            :        1        1    128928 
	   Memory (MB)          :      150     3900      3968 

	Job terminated of its own accord at 2023-06-09T05:37:56Z.
...
006 (310104.001.000) 2023-06-09 14:37:58 Image size of job updated: 687932
	183  -  MemoryUsage of job (MB)
	186880  -  ResidentSetSize of job (KB)
...
005 (310104.001.000) 2023-06-09 14:37:58 Job terminated.
	(1) Normal termination (return value 0)
		Usr 0 00:00:32, Sys 0 00:00:01  -  Run Remote Usage
		Usr 0 00:00:00, Sys 0 00:00:00  -  Run Local Usage
		Usr 0 00:00:32, Sys 0 00:00:01  -  Total Remote Usage
		Usr 0 00:00:00, Sys 0 00:00:00  -  Total Local Usage
	0  -  Run Bytes Sent By Job
	0  -  Run Bytes Received By Job
	0  -  Total Bytes Sent By Job
	0  -  Total Bytes Received By Job
	Partitionable Resources :    Usage  Request Allocated 
	   Cpus                 :                 1         1 
	   Disk (KB)            :        1        1    128928 
	   Memory (MB)          :      183     3900      3968 

	Job terminated of its own accord at 2023-06-09T05:37:58Z.
...
006 (310104.004.000) 2023-06-09 14:38:02 Image size of job updated: 687900
	183  -  MemoryUsage of job (MB)
	186812  -  ResidentSetSize of job (KB)
...
005 (310104.004.000) 2023-06-09 14:38:02 Job terminated.
	(1) Normal termination (return value 0)
		Usr 0 00:00:34, Sys 0 00:00:01  -  Run Remote Usage
		Usr 0 00:00:00, Sys 0 00:00:00  -  Run Local Usage
		Usr 0 00:00:34, Sys 0 00:00:01  -  Total Remote Usage
		Usr 0 00:00:00, Sys 0 00:00:00  -  Total Local Usage
	0  -  Run Bytes Sent By Job
	0  -  Run Bytes Received By Job
	0  -  Total Bytes Sent By Job
	0  -  Total Bytes Received By Job
	Partitionable Resources :    Usage  Request Allocated 
	   Cpus                 :                 1         1 
	   Disk (KB)            :        1        1    128928 
	   Memory (MB)          :      183     3900      3968 

	Job terminated of its own accord at 2023-06-09T05:38:02Z.
...
006 (310104.003.000) 2023-06-09 14:38:09 Image size of job updated: 687936
	183  -  MemoryUsage of job (MB)
	186868  -  ResidentSetSize of job (KB)
...
005 (310104.003.000) 2023-06-09 14:38:09 Job terminated.
	(1) Normal termination (return value 0)
		Usr 0 00:00:42, Sys 0 00:00:01  -  Run Remote Usage
		Usr 0 00:00:00, Sys 0 00:00:00  -  Run Local Usage
		Usr 0 00:00:42, Sys 0 00:00:01  -  Total Remote Usage
		Usr 0 00:00:00, Sys 0 00:00:00  -  Total Local Usage
	0  -  Run Bytes Sent By Job
	0  -  Run Bytes Received By Job
	0  -  Total Bytes Sent By Job
	0  -  Total Bytes Received By Job
	Partitionable Resources :    Usage  Request Allocated 
	   Cpus                 :                 1         1 
	   Disk (KB)            :        1        1    128928 
	   Memory (MB)          :      183     3900      3968 

	Job terminated of its own accord at 2023-06-09T05:38:09Z.
...
006 (310104.005.000) 2023-06-09 14:38:17 Image size of job updated: 694528
	183  -  MemoryUsage of job (MB)
	186832  -  ResidentSetSize of job (KB)
...
005 (310104.005.000) 2023-06-09 14:38:17 Job terminated.
	(1) Normal termination (return value 0)
		Usr 0 00:00:50, Sys 0 00:00:01  -  Run Remote Usage
		Usr 0 00:00:00, Sys 0 00:00:00  -  Run Local Usage
		Usr 0 00:00:50, Sys 0 00:00:01  -  Total Remote Usage
		Usr 0 00:00:00, Sys 0 00:00:00  -  Total Local Usage
	0  -  Run Bytes Sent By Job
	0  -  Run Bytes Received By Job
	0  -  Total Bytes Sent By Job
	0  -  Total Bytes Received By Job
	Partitionable Resources :    Usage  Request Allocated 
	   Cpus                 :                 1         1 
	   Disk (KB)            :        1        1    128928 
	   Memory (MB)          :      183     3900      3968 

	Job terminated of its own accord at 2023-06-09T05:38:17Z.
...
006 (310104.009.000) 2023-06-09 14:38:24 Image size of job updated: 688080
	151  -  MemoryUsage of job (MB)
	153676  -  ResidentSetSize of job (KB)
...
005 (310104.009.000) 2023-06-09 14:38:24 Job terminated.
	(1) Normal termination (return value 0)
		Usr 0 00:00:54, Sys 0 00:00:01  -  Run Remote Usage
		Usr 0 00:00:00, Sys 0 00:00:00  -  Run Local Usage
		Usr 0 00:00:54, Sys 0 00:00:01  -  Total Remote Usage
		Usr 0 00:00:00, Sys 0 00:00:00  -  Total Local Usage
	0  -  Run Bytes Sent By Job
	0  -  Run Bytes Received By Job
	0  -  Total Bytes Sent By Job
	0  -  Total Bytes Received By Job
	Partitionable Resources :    Usage  Request Allocated 
	   Cpus                 :                 1         1 
	   Disk (KB)            :        1        1    128928 
	   Memory (MB)          :      151     3900      3968 

	Job terminated of its own accord at 2023-06-09T05:38:24Z.
...
000 (310114.000.000) 2023-06-09 14:54:11 Job submitted from host: <172.30.1.200:9618?addrs=172.30.1.200-9618&alias=tamsa2.snu.ac.kr&noUDP&sock=schedd_3510_2582>
...
000 (310114.001.000) 2023-06-09 14:54:11 Job submitted from host: <172.30.1.200:9618?addrs=172.30.1.200-9618&alias=tamsa2.snu.ac.kr&noUDP&sock=schedd_3510_2582>
...
000 (310114.002.000) 2023-06-09 14:54:11 Job submitted from host: <172.30.1.200:9618?addrs=172.30.1.200-9618&alias=tamsa2.snu.ac.kr&noUDP&sock=schedd_3510_2582>
...
000 (310114.003.000) 2023-06-09 14:54:11 Job submitted from host: <172.30.1.200:9618?addrs=172.30.1.200-9618&alias=tamsa2.snu.ac.kr&noUDP&sock=schedd_3510_2582>
...
000 (310114.004.000) 2023-06-09 14:54:11 Job submitted from host: <172.30.1.200:9618?addrs=172.30.1.200-9618&alias=tamsa2.snu.ac.kr&noUDP&sock=schedd_3510_2582>
...
000 (310114.005.000) 2023-06-09 14:54:11 Job submitted from host: <172.30.1.200:9618?addrs=172.30.1.200-9618&alias=tamsa2.snu.ac.kr&noUDP&sock=schedd_3510_2582>
...
000 (310114.006.000) 2023-06-09 14:54:11 Job submitted from host: <172.30.1.200:9618?addrs=172.30.1.200-9618&alias=tamsa2.snu.ac.kr&noUDP&sock=schedd_3510_2582>
...
000 (310114.007.000) 2023-06-09 14:54:11 Job submitted from host: <172.30.1.200:9618?addrs=172.30.1.200-9618&alias=tamsa2.snu.ac.kr&noUDP&sock=schedd_3510_2582>
...
000 (310114.008.000) 2023-06-09 14:54:11 Job submitted from host: <172.30.1.200:9618?addrs=172.30.1.200-9618&alias=tamsa2.snu.ac.kr&noUDP&sock=schedd_3510_2582>
...
000 (310114.009.000) 2023-06-09 14:54:11 Job submitted from host: <172.30.1.200:9618?addrs=172.30.1.200-9618&alias=tamsa2.snu.ac.kr&noUDP&sock=schedd_3510_2582>
...
001 (310114.002.000) 2023-06-09 14:55:19 Job executing on host: <172.30.1.210:9618?addrs=172.30.1.210-9618&alias=node10&noUDP&sock=startd_3787_253e>
...
001 (310114.000.000) 2023-06-09 14:55:19 Job executing on host: <172.30.1.201:9618?addrs=172.30.1.201-9618&alias=node1&noUDP&sock=startd_4675_3d58>
...
001 (310114.003.000) 2023-06-09 14:55:19 Job executing on host: <172.30.1.210:9618?addrs=172.30.1.210-9618&alias=node10&noUDP&sock=startd_3787_253e>
...
001 (310114.004.000) 2023-06-09 14:55:19 Job executing on host: <172.30.1.210:9618?addrs=172.30.1.210-9618&alias=node10&noUDP&sock=startd_3787_253e>
...
001 (310114.001.000) 2023-06-09 14:55:19 Job executing on host: <172.30.1.201:9618?addrs=172.30.1.201-9618&alias=node1&noUDP&sock=startd_4675_3d58>
...
001 (310114.005.000) 2023-06-09 14:55:19 Job executing on host: <172.30.1.208:9618?addrs=172.30.1.208-9618&alias=node8&noUDP&sock=startd_3802_6f2a>
...
001 (310114.006.000) 2023-06-09 14:55:19 Job executing on host: <172.30.1.208:9618?addrs=172.30.1.208-9618&alias=node8&noUDP&sock=startd_3802_6f2a>
...
001 (310114.008.000) 2023-06-09 14:55:19 Job executing on host: <172.30.1.208:9618?addrs=172.30.1.208-9618&alias=node8&noUDP&sock=startd_3802_6f2a>
...
001 (310114.007.000) 2023-06-09 14:55:19 Job executing on host: <172.30.1.208:9618?addrs=172.30.1.208-9618&alias=node8&noUDP&sock=startd_3802_6f2a>
...
001 (310114.009.000) 2023-06-09 14:55:19 Job executing on host: <172.30.1.208:9618?addrs=172.30.1.208-9618&alias=node8&noUDP&sock=startd_3802_6f2a>
...
006 (310114.003.000) 2023-06-09 14:55:28 Image size of job updated: 625172
	183  -  MemoryUsage of job (MB)
	186804  -  ResidentSetSize of job (KB)
...
006 (310114.000.000) 2023-06-09 14:55:28 Image size of job updated: 186848
	183  -  MemoryUsage of job (MB)
	186848  -  ResidentSetSize of job (KB)
...
006 (310114.001.000) 2023-06-09 14:55:28 Image size of job updated: 194200
	190  -  MemoryUsage of job (MB)
	194196  -  ResidentSetSize of job (KB)
...
006 (310114.002.000) 2023-06-09 14:55:28 Image size of job updated: 620068
	183  -  MemoryUsage of job (MB)
	186808  -  ResidentSetSize of job (KB)
...
006 (310114.004.000) 2023-06-09 14:55:28 Image size of job updated: 612328
	183  -  MemoryUsage of job (MB)
	186892  -  ResidentSetSize of job (KB)
...
006 (310114.009.000) 2023-06-09 14:55:28 Image size of job updated: 149148
	146  -  MemoryUsage of job (MB)
	149148  -  ResidentSetSize of job (KB)
...
006 (310114.006.000) 2023-06-09 14:55:28 Image size of job updated: 148696
	146  -  MemoryUsage of job (MB)
	148696  -  ResidentSetSize of job (KB)
...
006 (310114.005.000) 2023-06-09 14:55:28 Image size of job updated: 148724
	146  -  MemoryUsage of job (MB)
	148724  -  ResidentSetSize of job (KB)
...
006 (310114.008.000) 2023-06-09 14:55:28 Image size of job updated: 148960
	146  -  MemoryUsage of job (MB)
	148960  -  ResidentSetSize of job (KB)
...
006 (310114.007.000) 2023-06-09 14:55:28 Image size of job updated: 149544
	147  -  MemoryUsage of job (MB)
	149544  -  ResidentSetSize of job (KB)
...
006 (310114.002.000) 2023-06-09 14:55:42 Image size of job updated: 684928
	183  -  MemoryUsage of job (MB)
	186808  -  ResidentSetSize of job (KB)
...
005 (310114.002.000) 2023-06-09 14:55:42 Job terminated.
	(1) Normal termination (return value 0)
		Usr 0 00:00:14, Sys 0 00:00:01  -  Run Remote Usage
		Usr 0 00:00:00, Sys 0 00:00:00  -  Run Local Usage
		Usr 0 00:00:14, Sys 0 00:00:01  -  Total Remote Usage
		Usr 0 00:00:00, Sys 0 00:00:00  -  Total Local Usage
	0  -  Run Bytes Sent By Job
	0  -  Run Bytes Received By Job
	0  -  Total Bytes Sent By Job
	0  -  Total Bytes Received By Job
	Partitionable Resources :    Usage  Request Allocated 
	   Cpus                 :                 1         1 
	   Disk (KB)            :        1        1    128928 
	   Memory (MB)          :      183     3900      3968 

	Job terminated of its own accord at 2023-06-09T05:55:42Z.
...
006 (310114.004.000) 2023-06-09 14:55:50 Image size of job updated: 685652
	183  -  MemoryUsage of job (MB)
	186892  -  ResidentSetSize of job (KB)
...
005 (310114.004.000) 2023-06-09 14:55:50 Job terminated.
	(1) Normal termination (return value 0)
		Usr 0 00:00:23, Sys 0 00:00:01  -  Run Remote Usage
		Usr 0 00:00:00, Sys 0 00:00:00  -  Run Local Usage
		Usr 0 00:00:23, Sys 0 00:00:01  -  Total Remote Usage
		Usr 0 00:00:00, Sys 0 00:00:00  -  Total Local Usage
	0  -  Run Bytes Sent By Job
	0  -  Run Bytes Received By Job
	0  -  Total Bytes Sent By Job
	0  -  Total Bytes Received By Job
	Partitionable Resources :    Usage  Request Allocated 
	   Cpus                 :                 1         1 
	   Disk (KB)            :        1        1    128928 
	   Memory (MB)          :      183     3900      3968 

	Job terminated of its own accord at 2023-06-09T05:55:50Z.
...
006 (310114.000.000) 2023-06-09 14:55:54 Image size of job updated: 685580
	183  -  MemoryUsage of job (MB)
	186848  -  ResidentSetSize of job (KB)
...
005 (310114.000.000) 2023-06-09 14:55:54 Job terminated.
	(1) Normal termination (return value 0)
		Usr 0 00:00:28, Sys 0 00:00:01  -  Run Remote Usage
		Usr 0 00:00:00, Sys 0 00:00:00  -  Run Local Usage
		Usr 0 00:00:28, Sys 0 00:00:01  -  Total Remote Usage
		Usr 0 00:00:00, Sys 0 00:00:00  -  Total Local Usage
	0  -  Run Bytes Sent By Job
	0  -  Run Bytes Received By Job
	0  -  Total Bytes Sent By Job
	0  -  Total Bytes Received By Job
	Partitionable Resources :    Usage  Request Allocated 
	   Cpus                 :                 1         1 
	   Disk (KB)            :        1        1    128992 
	   Memory (MB)          :      183     3900      3968 

	Job terminated of its own accord at 2023-06-09T05:55:54Z.
...
006 (310114.003.000) 2023-06-09 14:55:55 Image size of job updated: 687976
	183  -  MemoryUsage of job (MB)
	186804  -  ResidentSetSize of job (KB)
...
005 (310114.003.000) 2023-06-09 14:55:55 Job terminated.
	(1) Normal termination (return value 0)
		Usr 0 00:00:25, Sys 0 00:00:01  -  Run Remote Usage
		Usr 0 00:00:00, Sys 0 00:00:00  -  Run Local Usage
		Usr 0 00:00:25, Sys 0 00:00:01  -  Total Remote Usage
		Usr 0 00:00:00, Sys 0 00:00:00  -  Total Local Usage
	0  -  Run Bytes Sent By Job
	0  -  Run Bytes Received By Job
	0  -  Total Bytes Sent By Job
	0  -  Total Bytes Received By Job
	Partitionable Resources :    Usage  Request Allocated 
	   Cpus                 :                 1         1 
	   Disk (KB)            :        1        1    128928 
	   Memory (MB)          :      183     3900      3968 

	Job terminated of its own accord at 2023-06-09T05:55:55Z.
...
006 (310114.006.000) 2023-06-09 14:55:55 Image size of job updated: 696564
	146  -  MemoryUsage of job (MB)
	148724  -  ResidentSetSize of job (KB)
...
005 (310114.006.000) 2023-06-09 14:55:55 Job terminated.
	(1) Normal termination (return value 0)
		Usr 0 00:00:23, Sys 0 00:00:01  -  Run Remote Usage
		Usr 0 00:00:00, Sys 0 00:00:00  -  Run Local Usage
		Usr 0 00:00:23, Sys 0 00:00:01  -  Total Remote Usage
		Usr 0 00:00:00, Sys 0 00:00:00  -  Total Local Usage
	0  -  Run Bytes Sent By Job
	0  -  Run Bytes Received By Job
	0  -  Total Bytes Sent By Job
	0  -  Total Bytes Received By Job
	Partitionable Resources :    Usage  Request Allocated 
	   Cpus                 :                 1         1 
	   Disk (KB)            :        1        1    128928 
	   Memory (MB)          :      146     3900      3968 

	Job terminated of its own accord at 2023-06-09T05:55:55Z.
...
006 (310114.007.000) 2023-06-09 14:55:57 Image size of job updated: 689968
	147  -  MemoryUsage of job (MB)
	149544  -  ResidentSetSize of job (KB)
...
005 (310114.007.000) 2023-06-09 14:55:58 Job terminated.
	(1) Normal termination (return value 0)
		Usr 0 00:00:27, Sys 0 00:00:01  -  Run Remote Usage
		Usr 0 00:00:00, Sys 0 00:00:00  -  Run Local Usage
		Usr 0 00:00:27, Sys 0 00:00:01  -  Total Remote Usage
		Usr 0 00:00:00, Sys 0 00:00:00  -  Total Local Usage
	0  -  Run Bytes Sent By Job
	0  -  Run Bytes Received By Job
	0  -  Total Bytes Sent By Job
	0  -  Total Bytes Received By Job
	Partitionable Resources :    Usage  Request Allocated 
	   Cpus                 :                 1         1 
	   Disk (KB)            :        1        1    128928 
	   Memory (MB)          :      147     3900      3968 

	Job terminated of its own accord at 2023-06-09T05:55:57Z.
...
006 (310114.001.000) 2023-06-09 14:55:58 Image size of job updated: 689432
	190  -  MemoryUsage of job (MB)
	194236  -  ResidentSetSize of job (KB)
...
005 (310114.001.000) 2023-06-09 14:55:58 Job terminated.
	(1) Normal termination (return value 0)
		Usr 0 00:00:35, Sys 0 00:00:01  -  Run Remote Usage
		Usr 0 00:00:00, Sys 0 00:00:00  -  Run Local Usage
		Usr 0 00:00:35, Sys 0 00:00:01  -  Total Remote Usage
		Usr 0 00:00:00, Sys 0 00:00:00  -  Total Local Usage
	0  -  Run Bytes Sent By Job
	0  -  Run Bytes Received By Job
	0  -  Total Bytes Sent By Job
	0  -  Total Bytes Received By Job
	Partitionable Resources :    Usage  Request Allocated 
	   Cpus                 :                 1         1 
	   Disk (KB)            :        1        1    128992 
	   Memory (MB)          :      190     3900      3968 

	Job terminated of its own accord at 2023-06-09T05:55:58Z.
...
006 (310114.008.000) 2023-06-09 14:56:00 Image size of job updated: 690896
	146  -  MemoryUsage of job (MB)
	148960  -  ResidentSetSize of job (KB)
...
005 (310114.008.000) 2023-06-09 14:56:00 Job terminated.
	(1) Normal termination (return value 0)
		Usr 0 00:00:31, Sys 0 00:00:01  -  Run Remote Usage
		Usr 0 00:00:00, Sys 0 00:00:00  -  Run Local Usage
		Usr 0 00:00:31, Sys 0 00:00:01  -  Total Remote Usage
		Usr 0 00:00:00, Sys 0 00:00:00  -  Total Local Usage
	0  -  Run Bytes Sent By Job
	0  -  Run Bytes Received By Job
	0  -  Total Bytes Sent By Job
	0  -  Total Bytes Received By Job
	Partitionable Resources :    Usage  Request Allocated 
	   Cpus                 :                 1         1 
	   Disk (KB)            :        1        1    128928 
	   Memory (MB)          :      146     3900      3968 

	Job terminated of its own accord at 2023-06-09T05:56:00Z.
...
006 (310114.005.000) 2023-06-09 14:56:23 Image size of job updated: 690820
	146  -  MemoryUsage of job (MB)
	148748  -  ResidentSetSize of job (KB)
...
005 (310114.005.000) 2023-06-09 14:56:24 Job terminated.
	(1) Normal termination (return value 0)
		Usr 0 00:00:53, Sys 0 00:00:01  -  Run Remote Usage
		Usr 0 00:00:00, Sys 0 00:00:00  -  Run Local Usage
		Usr 0 00:00:53, Sys 0 00:00:01  -  Total Remote Usage
		Usr 0 00:00:00, Sys 0 00:00:00  -  Total Local Usage
	0  -  Run Bytes Sent By Job
	0  -  Run Bytes Received By Job
	0  -  Total Bytes Sent By Job
	0  -  Total Bytes Received By Job
	Partitionable Resources :    Usage  Request Allocated 
	   Cpus                 :                 1         1 
	   Disk (KB)            :        1        1    128928 
	   Memory (MB)          :      146     3900      3968 

	Job terminated of its own accord at 2023-06-09T05:56:23Z.
...
006 (310114.009.000) 2023-06-09 14:56:31 Image size of job updated: 689604
	146  -  MemoryUsage of job (MB)
	149312  -  ResidentSetSize of job (KB)
...
005 (310114.009.000) 2023-06-09 14:56:31 Job terminated.
	(1) Normal termination (return value 0)
		Usr 0 00:01:01, Sys 0 00:00:01  -  Run Remote Usage
		Usr 0 00:00:00, Sys 0 00:00:00  -  Run Local Usage
		Usr 0 00:01:01, Sys 0 00:00:01  -  Total Remote Usage
		Usr 0 00:00:00, Sys 0 00:00:00  -  Total Local Usage
	0  -  Run Bytes Sent By Job
	0  -  Run Bytes Received By Job
	0  -  Total Bytes Sent By Job
	0  -  Total Bytes Received By Job
	Partitionable Resources :    Usage  Request Allocated 
	   Cpus                 :                 1         1 
	   Disk (KB)            :        1        1    128928 
	   Memory (MB)          :      146     3900      3968 

	Job terminated of its own accord at 2023-06-09T05:56:31Z.
...
000 (310154.000.000) 2023-06-09 15:39:26 Job submitted from host: <172.30.1.200:9618?addrs=172.30.1.200-9618&alias=tamsa2.snu.ac.kr&noUDP&sock=schedd_3510_2582>
...
000 (310154.001.000) 2023-06-09 15:39:26 Job submitted from host: <172.30.1.200:9618?addrs=172.30.1.200-9618&alias=tamsa2.snu.ac.kr&noUDP&sock=schedd_3510_2582>
...
000 (310154.002.000) 2023-06-09 15:39:26 Job submitted from host: <172.30.1.200:9618?addrs=172.30.1.200-9618&alias=tamsa2.snu.ac.kr&noUDP&sock=schedd_3510_2582>
...
000 (310154.003.000) 2023-06-09 15:39:26 Job submitted from host: <172.30.1.200:9618?addrs=172.30.1.200-9618&alias=tamsa2.snu.ac.kr&noUDP&sock=schedd_3510_2582>
...
000 (310154.004.000) 2023-06-09 15:39:26 Job submitted from host: <172.30.1.200:9618?addrs=172.30.1.200-9618&alias=tamsa2.snu.ac.kr&noUDP&sock=schedd_3510_2582>
...
000 (310154.005.000) 2023-06-09 15:39:26 Job submitted from host: <172.30.1.200:9618?addrs=172.30.1.200-9618&alias=tamsa2.snu.ac.kr&noUDP&sock=schedd_3510_2582>
...
000 (310154.006.000) 2023-06-09 15:39:26 Job submitted from host: <172.30.1.200:9618?addrs=172.30.1.200-9618&alias=tamsa2.snu.ac.kr&noUDP&sock=schedd_3510_2582>
...
000 (310154.007.000) 2023-06-09 15:39:26 Job submitted from host: <172.30.1.200:9618?addrs=172.30.1.200-9618&alias=tamsa2.snu.ac.kr&noUDP&sock=schedd_3510_2582>
...
000 (310154.008.000) 2023-06-09 15:39:26 Job submitted from host: <172.30.1.200:9618?addrs=172.30.1.200-9618&alias=tamsa2.snu.ac.kr&noUDP&sock=schedd_3510_2582>
...
000 (310154.009.000) 2023-06-09 15:39:26 Job submitted from host: <172.30.1.200:9618?addrs=172.30.1.200-9618&alias=tamsa2.snu.ac.kr&noUDP&sock=schedd_3510_2582>
...
001 (310154.002.000) 2023-06-09 15:39:40 Job executing on host: <172.30.1.211:9618?addrs=172.30.1.211-9618&alias=node11&noUDP&sock=startd_3790_3407>
...
001 (310154.003.000) 2023-06-09 15:39:40 Job executing on host: <172.30.1.211:9618?addrs=172.30.1.211-9618&alias=node11&noUDP&sock=startd_3790_3407>
...
001 (310154.004.000) 2023-06-09 15:39:40 Job executing on host: <172.30.1.211:9618?addrs=172.30.1.211-9618&alias=node11&noUDP&sock=startd_3790_3407>
...
001 (310154.006.000) 2023-06-09 15:39:40 Job executing on host: <172.30.1.211:9618?addrs=172.30.1.211-9618&alias=node11&noUDP&sock=startd_3790_3407>
...
001 (310154.005.000) 2023-06-09 15:39:40 Job executing on host: <172.30.1.211:9618?addrs=172.30.1.211-9618&alias=node11&noUDP&sock=startd_3790_3407>
...
001 (310154.008.000) 2023-06-09 15:39:40 Job executing on host: <172.30.1.211:9618?addrs=172.30.1.211-9618&alias=node11&noUDP&sock=startd_3790_3407>
...
001 (310154.007.000) 2023-06-09 15:39:40 Job executing on host: <172.30.1.211:9618?addrs=172.30.1.211-9618&alias=node11&noUDP&sock=startd_3790_3407>
...
001 (310154.009.000) 2023-06-09 15:39:41 Job executing on host: <172.30.1.211:9618?addrs=172.30.1.211-9618&alias=node11&noUDP&sock=startd_3790_3407>
...
001 (310154.000.000) 2023-06-09 15:39:41 Job executing on host: <172.30.1.207:9618?addrs=172.30.1.207-9618&alias=node7&noUDP&sock=startd_3802_6f2a>
...
001 (310154.001.000) 2023-06-09 15:39:41 Job executing on host: <172.30.1.207:9618?addrs=172.30.1.207-9618&alias=node7&noUDP&sock=startd_3802_6f2a>
...
006 (310154.007.000) 2023-06-09 15:39:49 Image size of job updated: 124632
	112  -  MemoryUsage of job (MB)
	113700  -  ResidentSetSize of job (KB)
...
006 (310154.009.000) 2023-06-09 15:39:49 Image size of job updated: 124764
	112  -  MemoryUsage of job (MB)
	113712  -  ResidentSetSize of job (KB)
...
006 (310154.000.000) 2023-06-09 15:39:49 Image size of job updated: 625172
	183  -  MemoryUsage of job (MB)
	186800  -  ResidentSetSize of job (KB)
...
006 (310154.001.000) 2023-06-09 15:39:49 Image size of job updated: 625172
	183  -  MemoryUsage of job (MB)
	186832  -  ResidentSetSize of job (KB)
...
006 (310154.003.000) 2023-06-09 15:39:49 Image size of job updated: 124632
	116  -  MemoryUsage of job (MB)
	118332  -  ResidentSetSize of job (KB)
...
006 (310154.002.000) 2023-06-09 15:39:49 Image size of job updated: 124764
	116  -  MemoryUsage of job (MB)
	118336  -  ResidentSetSize of job (KB)
...
006 (310154.004.000) 2023-06-09 15:39:49 Image size of job updated: 124764
	116  -  MemoryUsage of job (MB)
	118364  -  ResidentSetSize of job (KB)
...
006 (310154.006.000) 2023-06-09 15:39:49 Image size of job updated: 124764
	116  -  MemoryUsage of job (MB)
	118372  -  ResidentSetSize of job (KB)
...
006 (310154.005.000) 2023-06-09 15:39:49 Image size of job updated: 124236
	116  -  MemoryUsage of job (MB)
	118572  -  ResidentSetSize of job (KB)
...
006 (310154.008.000) 2023-06-09 15:39:49 Image size of job updated: 124764
	117  -  MemoryUsage of job (MB)
	119640  -  ResidentSetSize of job (KB)
...
006 (310154.000.000) 2023-06-09 15:40:09 Image size of job updated: 685108
	183  -  MemoryUsage of job (MB)
	186800  -  ResidentSetSize of job (KB)
...
005 (310154.000.000) 2023-06-09 15:40:09 Job terminated.
	(1) Normal termination (return value 0)
		Usr 0 00:00:23, Sys 0 00:00:01  -  Run Remote Usage
		Usr 0 00:00:00, Sys 0 00:00:00  -  Run Local Usage
		Usr 0 00:00:23, Sys 0 00:00:01  -  Total Remote Usage
		Usr 0 00:00:00, Sys 0 00:00:00  -  Total Local Usage
	0  -  Run Bytes Sent By Job
	0  -  Run Bytes Received By Job
	0  -  Total Bytes Sent By Job
	0  -  Total Bytes Received By Job
	Partitionable Resources :    Usage  Request Allocated 
	   Cpus                 :     1.00        1         1 
	   Disk (KB)            :     1           1    128928 
	   Memory (MB)          :   183        3900      3968 

	Job terminated of its own accord at 2023-06-09T06:40:09Z.
...
006 (310154.002.000) 2023-06-09 15:40:12 Image size of job updated: 684892
	116  -  MemoryUsage of job (MB)
	118344  -  ResidentSetSize of job (KB)
...
005 (310154.002.000) 2023-06-09 15:40:12 Job terminated.
	(1) Normal termination (return value 0)
		Usr 0 00:00:21, Sys 0 00:00:01  -  Run Remote Usage
		Usr 0 00:00:00, Sys 0 00:00:00  -  Run Local Usage
		Usr 0 00:00:21, Sys 0 00:00:01  -  Total Remote Usage
		Usr 0 00:00:00, Sys 0 00:00:00  -  Total Local Usage
	0  -  Run Bytes Sent By Job
	0  -  Run Bytes Received By Job
	0  -  Total Bytes Sent By Job
	0  -  Total Bytes Received By Job
	Partitionable Resources :    Usage  Request Allocated 
	   Cpus                 :                 1         1 
	   Disk (KB)            :        1        1    128928 
	   Memory (MB)          :      116     3900      3968 

	Job terminated of its own accord at 2023-06-09T06:40:12Z.
...
006 (310154.006.000) 2023-06-09 15:40:13 Image size of job updated: 688932
	116  -  MemoryUsage of job (MB)
	118372  -  ResidentSetSize of job (KB)
...
006 (310154.001.000) 2023-06-09 15:40:13 Image size of job updated: 687612
	183  -  MemoryUsage of job (MB)
	186832  -  ResidentSetSize of job (KB)
...
005 (310154.001.000) 2023-06-09 15:40:13 Job terminated.
	(1) Normal termination (return value 0)
		Usr 0 00:00:27, Sys 0 00:00:01  -  Run Remote Usage
		Usr 0 00:00:00, Sys 0 00:00:00  -  Run Local Usage
		Usr 0 00:00:27, Sys 0 00:00:01  -  Total Remote Usage
		Usr 0 00:00:00, Sys 0 00:00:00  -  Total Local Usage
	0  -  Run Bytes Sent By Job
	0  -  Run Bytes Received By Job
	0  -  Total Bytes Sent By Job
	0  -  Total Bytes Received By Job
	Partitionable Resources :    Usage  Request Allocated 
	   Cpus                 :     1.00        1         1 
	   Disk (KB)            :     1           1    128928 
	   Memory (MB)          :   183        3900      3968 

	Job terminated of its own accord at 2023-06-09T06:40:13Z.
...
005 (310154.006.000) 2023-06-09 15:40:13 Job terminated.
	(1) Normal termination (return value 0)
		Usr 0 00:00:21, Sys 0 00:00:01  -  Run Remote Usage
		Usr 0 00:00:00, Sys 0 00:00:00  -  Run Local Usage
		Usr 0 00:00:21, Sys 0 00:00:01  -  Total Remote Usage
		Usr 0 00:00:00, Sys 0 00:00:00  -  Total Local Usage
	0  -  Run Bytes Sent By Job
	0  -  Run Bytes Received By Job
	0  -  Total Bytes Sent By Job
	0  -  Total Bytes Received By Job
	Partitionable Resources :    Usage  Request Allocated 
	   Cpus                 :                 1         1 
	   Disk (KB)            :        1        1    128928 
	   Memory (MB)          :      116     3900      3968 

	Job terminated of its own accord at 2023-06-09T06:40:13Z.
...
006 (310154.007.000) 2023-06-09 15:40:15 Image size of job updated: 690884
	112  -  MemoryUsage of job (MB)
	113700  -  ResidentSetSize of job (KB)
...
005 (310154.007.000) 2023-06-09 15:40:15 Job terminated.
	(1) Normal termination (return value 0)
		Usr 0 00:00:25, Sys 0 00:00:01  -  Run Remote Usage
		Usr 0 00:00:00, Sys 0 00:00:00  -  Run Local Usage
		Usr 0 00:00:25, Sys 0 00:00:01  -  Total Remote Usage
		Usr 0 00:00:00, Sys 0 00:00:00  -  Total Local Usage
	0  -  Run Bytes Sent By Job
	0  -  Run Bytes Received By Job
	0  -  Total Bytes Sent By Job
	0  -  Total Bytes Received By Job
	Partitionable Resources :    Usage  Request Allocated 
	   Cpus                 :                 1         1 
	   Disk (KB)            :        1        1    128928 
	   Memory (MB)          :      112     3900      3968 

	Job terminated of its own accord at 2023-06-09T06:40:15Z.
...
006 (310154.008.000) 2023-06-09 15:40:17 Image size of job updated: 689768
	117  -  MemoryUsage of job (MB)
	119640  -  ResidentSetSize of job (KB)
...
005 (310154.008.000) 2023-06-09 15:40:17 Job terminated.
	(1) Normal termination (return value 0)
		Usr 0 00:00:26, Sys 0 00:00:01  -  Run Remote Usage
		Usr 0 00:00:00, Sys 0 00:00:00  -  Run Local Usage
		Usr 0 00:00:26, Sys 0 00:00:01  -  Total Remote Usage
		Usr 0 00:00:00, Sys 0 00:00:00  -  Total Local Usage
	0  -  Run Bytes Sent By Job
	0  -  Run Bytes Received By Job
	0  -  Total Bytes Sent By Job
	0  -  Total Bytes Received By Job
	Partitionable Resources :    Usage  Request Allocated 
	   Cpus                 :                 1         1 
	   Disk (KB)            :        1        1    128928 
	   Memory (MB)          :      117     3900      3968 

	Job terminated of its own accord at 2023-06-09T06:40:17Z.
...
006 (310154.004.000) 2023-06-09 15:40:21 Image size of job updated: 687536
	116  -  MemoryUsage of job (MB)
	118364  -  ResidentSetSize of job (KB)
...
005 (310154.004.000) 2023-06-09 15:40:21 Job terminated.
	(1) Normal termination (return value 0)
		Usr 0 00:00:30, Sys 0 00:00:01  -  Run Remote Usage
		Usr 0 00:00:00, Sys 0 00:00:00  -  Run Local Usage
		Usr 0 00:00:30, Sys 0 00:00:01  -  Total Remote Usage
		Usr 0 00:00:00, Sys 0 00:00:00  -  Total Local Usage
	0  -  Run Bytes Sent By Job
	0  -  Run Bytes Received By Job
	0  -  Total Bytes Sent By Job
	0  -  Total Bytes Received By Job
	Partitionable Resources :    Usage  Request Allocated 
	   Cpus                 :                 1         1 
	   Disk (KB)            :        1        1    128928 
	   Memory (MB)          :      116     3900      3968 

	Job terminated of its own accord at 2023-06-09T06:40:21Z.
...
006 (310154.003.000) 2023-06-09 15:40:29 Image size of job updated: 690820
	116  -  MemoryUsage of job (MB)
	118332  -  ResidentSetSize of job (KB)
...
005 (310154.003.000) 2023-06-09 15:40:29 Job terminated.
	(1) Normal termination (return value 0)
		Usr 0 00:00:38, Sys 0 00:00:01  -  Run Remote Usage
		Usr 0 00:00:00, Sys 0 00:00:00  -  Run Local Usage
		Usr 0 00:00:38, Sys 0 00:00:01  -  Total Remote Usage
		Usr 0 00:00:00, Sys 0 00:00:00  -  Total Local Usage
	0  -  Run Bytes Sent By Job
	0  -  Run Bytes Received By Job
	0  -  Total Bytes Sent By Job
	0  -  Total Bytes Received By Job
	Partitionable Resources :    Usage  Request Allocated 
	   Cpus                 :                 1         1 
	   Disk (KB)            :        1        1    128928 
	   Memory (MB)          :      116     3900      3968 

	Job terminated of its own accord at 2023-06-09T06:40:29Z.
...
006 (310154.005.000) 2023-06-09 15:40:36 Image size of job updated: 690772
	116  -  MemoryUsage of job (MB)
	118572  -  ResidentSetSize of job (KB)
...
005 (310154.005.000) 2023-06-09 15:40:36 Job terminated.
	(1) Normal termination (return value 0)
		Usr 0 00:00:44, Sys 0 00:00:01  -  Run Remote Usage
		Usr 0 00:00:00, Sys 0 00:00:00  -  Run Local Usage
		Usr 0 00:00:44, Sys 0 00:00:01  -  Total Remote Usage
		Usr 0 00:00:00, Sys 0 00:00:00  -  Total Local Usage
	0  -  Run Bytes Sent By Job
	0  -  Run Bytes Received By Job
	0  -  Total Bytes Sent By Job
	0  -  Total Bytes Received By Job
	Partitionable Resources :    Usage  Request Allocated 
	   Cpus                 :                 1         1 
	   Disk (KB)            :        1        1    128928 
	   Memory (MB)          :      116     3900      3968 

	Job terminated of its own accord at 2023-06-09T06:40:36Z.
...
006 (310154.009.000) 2023-06-09 15:40:43 Image size of job updated: 685644
	112  -  MemoryUsage of job (MB)
	113712  -  ResidentSetSize of job (KB)
...
005 (310154.009.000) 2023-06-09 15:40:43 Job terminated.
	(1) Normal termination (return value 0)
		Usr 0 00:00:52, Sys 0 00:00:01  -  Run Remote Usage
		Usr 0 00:00:00, Sys 0 00:00:00  -  Run Local Usage
		Usr 0 00:00:52, Sys 0 00:00:01  -  Total Remote Usage
		Usr 0 00:00:00, Sys 0 00:00:00  -  Total Local Usage
	0  -  Run Bytes Sent By Job
	0  -  Run Bytes Received By Job
	0  -  Total Bytes Sent By Job
	0  -  Total Bytes Received By Job
	Partitionable Resources :    Usage  Request Allocated 
	   Cpus                 :                 1         1 
	   Disk (KB)            :        1        1    128928 
	   Memory (MB)          :      112     3900      3968 

	Job terminated of its own accord at 2023-06-09T06:40:43Z.
...
