000 (330332.000.000) 2023-07-25 13:52:02 Job submitted from host: <172.30.1.200:9618?addrs=172.30.1.200-9618&alias=tamsa2.snu.ac.kr&noUDP&sock=schedd_3510_2582>
...
000 (330332.001.000) 2023-07-25 13:52:02 Job submitted from host: <172.30.1.200:9618?addrs=172.30.1.200-9618&alias=tamsa2.snu.ac.kr&noUDP&sock=schedd_3510_2582>
...
000 (330332.002.000) 2023-07-25 13:52:02 Job submitted from host: <172.30.1.200:9618?addrs=172.30.1.200-9618&alias=tamsa2.snu.ac.kr&noUDP&sock=schedd_3510_2582>
...
000 (330332.003.000) 2023-07-25 13:52:02 Job submitted from host: <172.30.1.200:9618?addrs=172.30.1.200-9618&alias=tamsa2.snu.ac.kr&noUDP&sock=schedd_3510_2582>
...
000 (330332.004.000) 2023-07-25 13:52:02 Job submitted from host: <172.30.1.200:9618?addrs=172.30.1.200-9618&alias=tamsa2.snu.ac.kr&noUDP&sock=schedd_3510_2582>
...
000 (330332.005.000) 2023-07-25 13:52:02 Job submitted from host: <172.30.1.200:9618?addrs=172.30.1.200-9618&alias=tamsa2.snu.ac.kr&noUDP&sock=schedd_3510_2582>
...
000 (330332.006.000) 2023-07-25 13:52:02 Job submitted from host: <172.30.1.200:9618?addrs=172.30.1.200-9618&alias=tamsa2.snu.ac.kr&noUDP&sock=schedd_3510_2582>
...
000 (330332.007.000) 2023-07-25 13:52:02 Job submitted from host: <172.30.1.200:9618?addrs=172.30.1.200-9618&alias=tamsa2.snu.ac.kr&noUDP&sock=schedd_3510_2582>
...
000 (330332.008.000) 2023-07-25 13:52:02 Job submitted from host: <172.30.1.200:9618?addrs=172.30.1.200-9618&alias=tamsa2.snu.ac.kr&noUDP&sock=schedd_3510_2582>
...
000 (330332.009.000) 2023-07-25 13:52:02 Job submitted from host: <172.30.1.200:9618?addrs=172.30.1.200-9618&alias=tamsa2.snu.ac.kr&noUDP&sock=schedd_3510_2582>
...
001 (330332.004.000) 2023-07-25 13:52:18 Job executing on host: <172.30.1.211:9618?addrs=172.30.1.211-9618&alias=node11&noUDP&sock=startd_3790_3407>
...
001 (330332.002.000) 2023-07-25 13:52:18 Job executing on host: <172.30.1.211:9618?addrs=172.30.1.211-9618&alias=node11&noUDP&sock=startd_3790_3407>
...
001 (330332.003.000) 2023-07-25 13:52:18 Job executing on host: <172.30.1.211:9618?addrs=172.30.1.211-9618&alias=node11&noUDP&sock=startd_3790_3407>
...
001 (330332.006.000) 2023-07-25 13:52:18 Job executing on host: <172.30.1.211:9618?addrs=172.30.1.211-9618&alias=node11&noUDP&sock=startd_3790_3407>
...
001 (330332.005.000) 2023-07-25 13:52:18 Job executing on host: <172.30.1.211:9618?addrs=172.30.1.211-9618&alias=node11&noUDP&sock=startd_3790_3407>
...
001 (330332.007.000) 2023-07-25 13:52:18 Job executing on host: <172.30.1.211:9618?addrs=172.30.1.211-9618&alias=node11&noUDP&sock=startd_3790_3407>
...
001 (330332.009.000) 2023-07-25 13:52:18 Job executing on host: <172.30.1.211:9618?addrs=172.30.1.211-9618&alias=node11&noUDP&sock=startd_3790_3407>
...
001 (330332.008.000) 2023-07-25 13:52:18 Job executing on host: <172.30.1.211:9618?addrs=172.30.1.211-9618&alias=node11&noUDP&sock=startd_3790_3407>
...
001 (330332.000.000) 2023-07-25 13:52:18 Job executing on host: <172.30.1.207:9618?addrs=172.30.1.207-9618&alias=node7&noUDP&sock=startd_3802_6f2a>
...
001 (330332.001.000) 2023-07-25 13:52:18 Job executing on host: <172.30.1.207:9618?addrs=172.30.1.207-9618&alias=node7&noUDP&sock=startd_3802_6f2a>
...
006 (330332.004.000) 2023-07-25 13:52:26 Image size of job updated: 645152
	183  -  MemoryUsage of job (MB)
	186656  -  ResidentSetSize of job (KB)
...
006 (330332.002.000) 2023-07-25 13:52:26 Image size of job updated: 645156
	183  -  MemoryUsage of job (MB)
	186784  -  ResidentSetSize of job (KB)
...
006 (330332.003.000) 2023-07-25 13:52:26 Image size of job updated: 645140
	183  -  MemoryUsage of job (MB)
	186760  -  ResidentSetSize of job (KB)
...
006 (330332.006.000) 2023-07-25 13:52:26 Image size of job updated: 645152
	183  -  MemoryUsage of job (MB)
	186780  -  ResidentSetSize of job (KB)
...
006 (330332.000.000) 2023-07-25 13:52:27 Image size of job updated: 214076
	183  -  MemoryUsage of job (MB)
	186900  -  ResidentSetSize of job (KB)
...
006 (330332.001.000) 2023-07-25 13:52:27 Image size of job updated: 206000
	183  -  MemoryUsage of job (MB)
	186888  -  ResidentSetSize of job (KB)
...
006 (330332.005.000) 2023-07-25 13:52:27 Image size of job updated: 645136
	183  -  MemoryUsage of job (MB)
	186824  -  ResidentSetSize of job (KB)
...
006 (330332.007.000) 2023-07-25 13:52:27 Image size of job updated: 645156
	191  -  MemoryUsage of job (MB)
	194908  -  ResidentSetSize of job (KB)
...
006 (330332.009.000) 2023-07-25 13:52:27 Image size of job updated: 645148
	185  -  MemoryUsage of job (MB)
	188992  -  ResidentSetSize of job (KB)
...
006 (330332.008.000) 2023-07-25 13:52:27 Image size of job updated: 645156
	183  -  MemoryUsage of job (MB)
	186944  -  ResidentSetSize of job (KB)
...
005 (330332.007.000) 2023-07-25 13:52:34 Job terminated.
	(1) Normal termination (return value 0)
		Usr 0 00:00:10, Sys 0 00:00:01  -  Run Remote Usage
		Usr 0 00:00:00, Sys 0 00:00:00  -  Run Local Usage
		Usr 0 00:00:10, Sys 0 00:00:01  -  Total Remote Usage
		Usr 0 00:00:00, Sys 0 00:00:00  -  Total Local Usage
	0  -  Run Bytes Sent By Job
	0  -  Run Bytes Received By Job
	0  -  Total Bytes Sent By Job
	0  -  Total Bytes Received By Job
	Partitionable Resources :    Usage  Request Allocated 
	   Cpus                 :                 1         1 
	   Disk (KB)            :        1        1    128928 
	   Memory (MB)          :      191     3900      3968 

	Job terminated of its own accord at 2023-07-25T04:52:33Z.
...
006 (330332.005.000) 2023-07-25 13:52:34 Image size of job updated: 684660
	183  -  MemoryUsage of job (MB)
	186824  -  ResidentSetSize of job (KB)
...
005 (330332.005.000) 2023-07-25 13:52:34 Job terminated.
	(1) Normal termination (return value 0)
		Usr 0 00:00:10, Sys 0 00:00:01  -  Run Remote Usage
		Usr 0 00:00:00, Sys 0 00:00:00  -  Run Local Usage
		Usr 0 00:00:10, Sys 0 00:00:01  -  Total Remote Usage
		Usr 0 00:00:00, Sys 0 00:00:00  -  Total Local Usage
	0  -  Run Bytes Sent By Job
	0  -  Run Bytes Received By Job
	0  -  Total Bytes Sent By Job
	0  -  Total Bytes Received By Job
	Partitionable Resources :    Usage  Request Allocated 
	   Cpus                 :                 1         1 
	   Disk (KB)            :        1        1    128928 
	   Memory (MB)          :      183     3900      3968 

	Job terminated of its own accord at 2023-07-25T04:52:34Z.
...
006 (330332.009.000) 2023-07-25 13:52:34 Image size of job updated: 688428
	185  -  MemoryUsage of job (MB)
	188992  -  ResidentSetSize of job (KB)
...
005 (330332.009.000) 2023-07-25 13:52:34 Job terminated.
	(1) Normal termination (return value 0)
		Usr 0 00:00:11, Sys 0 00:00:01  -  Run Remote Usage
		Usr 0 00:00:00, Sys 0 00:00:00  -  Run Local Usage
		Usr 0 00:00:11, Sys 0 00:00:01  -  Total Remote Usage
		Usr 0 00:00:00, Sys 0 00:00:00  -  Total Local Usage
	0  -  Run Bytes Sent By Job
	0  -  Run Bytes Received By Job
	0  -  Total Bytes Sent By Job
	0  -  Total Bytes Received By Job
	Partitionable Resources :    Usage  Request Allocated 
	   Cpus                 :                 1         1 
	   Disk (KB)            :        1        1    128928 
	   Memory (MB)          :      185     3900      3968 

	Job terminated of its own accord at 2023-07-25T04:52:34Z.
...
006 (330332.003.000) 2023-07-25 13:52:35 Image size of job updated: 686480
	183  -  MemoryUsage of job (MB)
	186760  -  ResidentSetSize of job (KB)
...
005 (330332.003.000) 2023-07-25 13:52:35 Job terminated.
	(1) Normal termination (return value 0)
		Usr 0 00:00:11, Sys 0 00:00:01  -  Run Remote Usage
		Usr 0 00:00:00, Sys 0 00:00:00  -  Run Local Usage
		Usr 0 00:00:11, Sys 0 00:00:01  -  Total Remote Usage
		Usr 0 00:00:00, Sys 0 00:00:00  -  Total Local Usage
	0  -  Run Bytes Sent By Job
	0  -  Run Bytes Received By Job
	0  -  Total Bytes Sent By Job
	0  -  Total Bytes Received By Job
	Partitionable Resources :    Usage  Request Allocated 
	   Cpus                 :                 1         1 
	   Disk (KB)            :        1        1    128928 
	   Memory (MB)          :      183     3900      3968 

	Job terminated of its own accord at 2023-07-25T04:52:35Z.
...
006 (330332.001.000) 2023-07-25 13:52:35 Image size of job updated: 686600
	183  -  MemoryUsage of job (MB)
	186888  -  ResidentSetSize of job (KB)
...
005 (330332.001.000) 2023-07-25 13:52:35 Job terminated.
	(1) Normal termination (return value 0)
		Usr 0 00:00:12, Sys 0 00:00:01  -  Run Remote Usage
		Usr 0 00:00:00, Sys 0 00:00:00  -  Run Local Usage
		Usr 0 00:00:12, Sys 0 00:00:01  -  Total Remote Usage
		Usr 0 00:00:00, Sys 0 00:00:00  -  Total Local Usage
	0  -  Run Bytes Sent By Job
	0  -  Run Bytes Received By Job
	0  -  Total Bytes Sent By Job
	0  -  Total Bytes Received By Job
	Partitionable Resources :    Usage  Request Allocated 
	   Cpus                 :                 1         1 
	   Disk (KB)            :        1        1    128928 
	   Memory (MB)          :      183     3900      3968 

	Job terminated of its own accord at 2023-07-25T04:52:35Z.
...
006 (330332.008.000) 2023-07-25 13:52:35 Image size of job updated: 688508
	183  -  MemoryUsage of job (MB)
	186944  -  ResidentSetSize of job (KB)
...
005 (330332.008.000) 2023-07-25 13:52:35 Job terminated.
	(1) Normal termination (return value 0)
		Usr 0 00:00:12, Sys 0 00:00:01  -  Run Remote Usage
		Usr 0 00:00:00, Sys 0 00:00:00  -  Run Local Usage
		Usr 0 00:00:12, Sys 0 00:00:01  -  Total Remote Usage
		Usr 0 00:00:00, Sys 0 00:00:00  -  Total Local Usage
	0  -  Run Bytes Sent By Job
	0  -  Run Bytes Received By Job
	0  -  Total Bytes Sent By Job
	0  -  Total Bytes Received By Job
	Partitionable Resources :    Usage  Request Allocated 
	   Cpus                 :                 1         1 
	   Disk (KB)            :        1        1    128928 
	   Memory (MB)          :      183     3900      3968 

	Job terminated of its own accord at 2023-07-25T04:52:35Z.
...
006 (330332.002.000) 2023-07-25 13:52:35 Image size of job updated: 686608
	183  -  MemoryUsage of job (MB)
	186784  -  ResidentSetSize of job (KB)
...
005 (330332.002.000) 2023-07-25 13:52:35 Job terminated.
	(1) Normal termination (return value 0)
		Usr 0 00:00:12, Sys 0 00:00:01  -  Run Remote Usage
		Usr 0 00:00:00, Sys 0 00:00:00  -  Run Local Usage
		Usr 0 00:00:12, Sys 0 00:00:01  -  Total Remote Usage
		Usr 0 00:00:00, Sys 0 00:00:00  -  Total Local Usage
	0  -  Run Bytes Sent By Job
	0  -  Run Bytes Received By Job
	0  -  Total Bytes Sent By Job
	0  -  Total Bytes Received By Job
	Partitionable Resources :    Usage  Request Allocated 
	   Cpus                 :                 1         1 
	   Disk (KB)            :        1        1    128928 
	   Memory (MB)          :      183     3900      3968 

	Job terminated of its own accord at 2023-07-25T04:52:35Z.
...
006 (330332.006.000) 2023-07-25 13:52:36 Image size of job updated: 688396
	183  -  MemoryUsage of job (MB)
	186780  -  ResidentSetSize of job (KB)
...
005 (330332.006.000) 2023-07-25 13:52:36 Job terminated.
	(1) Normal termination (return value 0)
		Usr 0 00:00:12, Sys 0 00:00:01  -  Run Remote Usage
		Usr 0 00:00:00, Sys 0 00:00:00  -  Run Local Usage
		Usr 0 00:00:12, Sys 0 00:00:01  -  Total Remote Usage
		Usr 0 00:00:00, Sys 0 00:00:00  -  Total Local Usage
	0  -  Run Bytes Sent By Job
	0  -  Run Bytes Received By Job
	0  -  Total Bytes Sent By Job
	0  -  Total Bytes Received By Job
	Partitionable Resources :    Usage  Request Allocated 
	   Cpus                 :                 1         1 
	   Disk (KB)            :        1        1    128928 
	   Memory (MB)          :      183     3900      3968 

	Job terminated of its own accord at 2023-07-25T04:52:36Z.
...
006 (330332.004.000) 2023-07-25 13:52:36 Image size of job updated: 688316
	183  -  MemoryUsage of job (MB)
	186656  -  ResidentSetSize of job (KB)
...
005 (330332.004.000) 2023-07-25 13:52:36 Job terminated.
	(1) Normal termination (return value 0)
		Usr 0 00:00:12, Sys 0 00:00:01  -  Run Remote Usage
		Usr 0 00:00:00, Sys 0 00:00:00  -  Run Local Usage
		Usr 0 00:00:12, Sys 0 00:00:01  -  Total Remote Usage
		Usr 0 00:00:00, Sys 0 00:00:00  -  Total Local Usage
	0  -  Run Bytes Sent By Job
	0  -  Run Bytes Received By Job
	0  -  Total Bytes Sent By Job
	0  -  Total Bytes Received By Job
	Partitionable Resources :    Usage  Request Allocated 
	   Cpus                 :                 1         1 
	   Disk (KB)            :        1        1    128928 
	   Memory (MB)          :      183     3900      3968 

	Job terminated of its own accord at 2023-07-25T04:52:36Z.
...
006 (330332.000.000) 2023-07-25 13:52:41 Image size of job updated: 686636
	183  -  MemoryUsage of job (MB)
	186900  -  ResidentSetSize of job (KB)
...
005 (330332.000.000) 2023-07-25 13:52:42 Job terminated.
	(1) Normal termination (return value 0)
		Usr 0 00:00:14, Sys 0 00:00:01  -  Run Remote Usage
		Usr 0 00:00:00, Sys 0 00:00:00  -  Run Local Usage
		Usr 0 00:00:14, Sys 0 00:00:01  -  Total Remote Usage
		Usr 0 00:00:00, Sys 0 00:00:00  -  Total Local Usage
	0  -  Run Bytes Sent By Job
	0  -  Run Bytes Received By Job
	0  -  Total Bytes Sent By Job
	0  -  Total Bytes Received By Job
	Partitionable Resources :    Usage  Request Allocated 
	   Cpus                 :                 1         1 
	   Disk (KB)            :        1        1    128928 
	   Memory (MB)          :      183     3900      3968 

	Job terminated of its own accord at 2023-07-25T04:52:41Z.
...
