000 (310684.000.000) 2023-06-12 12:52:00 Job submitted from host: <172.30.1.200:9618?addrs=172.30.1.200-9618&alias=tamsa2.snu.ac.kr&noUDP&sock=schedd_3510_2582>
...
000 (310684.001.000) 2023-06-12 12:52:00 Job submitted from host: <172.30.1.200:9618?addrs=172.30.1.200-9618&alias=tamsa2.snu.ac.kr&noUDP&sock=schedd_3510_2582>
...
000 (310684.002.000) 2023-06-12 12:52:00 Job submitted from host: <172.30.1.200:9618?addrs=172.30.1.200-9618&alias=tamsa2.snu.ac.kr&noUDP&sock=schedd_3510_2582>
...
000 (310684.003.000) 2023-06-12 12:52:00 Job submitted from host: <172.30.1.200:9618?addrs=172.30.1.200-9618&alias=tamsa2.snu.ac.kr&noUDP&sock=schedd_3510_2582>
...
000 (310684.004.000) 2023-06-12 12:52:00 Job submitted from host: <172.30.1.200:9618?addrs=172.30.1.200-9618&alias=tamsa2.snu.ac.kr&noUDP&sock=schedd_3510_2582>
...
000 (310684.005.000) 2023-06-12 12:52:00 Job submitted from host: <172.30.1.200:9618?addrs=172.30.1.200-9618&alias=tamsa2.snu.ac.kr&noUDP&sock=schedd_3510_2582>
...
000 (310684.006.000) 2023-06-12 12:52:00 Job submitted from host: <172.30.1.200:9618?addrs=172.30.1.200-9618&alias=tamsa2.snu.ac.kr&noUDP&sock=schedd_3510_2582>
...
000 (310684.007.000) 2023-06-12 12:52:00 Job submitted from host: <172.30.1.200:9618?addrs=172.30.1.200-9618&alias=tamsa2.snu.ac.kr&noUDP&sock=schedd_3510_2582>
...
000 (310684.008.000) 2023-06-12 12:52:00 Job submitted from host: <172.30.1.200:9618?addrs=172.30.1.200-9618&alias=tamsa2.snu.ac.kr&noUDP&sock=schedd_3510_2582>
...
000 (310684.009.000) 2023-06-12 12:52:00 Job submitted from host: <172.30.1.200:9618?addrs=172.30.1.200-9618&alias=tamsa2.snu.ac.kr&noUDP&sock=schedd_3510_2582>
...
001 (310684.002.000) 2023-06-12 12:52:12 Job executing on host: <172.30.1.210:9618?addrs=172.30.1.210-9618&alias=node10&noUDP&sock=startd_3787_253e>
...
001 (310684.003.000) 2023-06-12 12:52:12 Job executing on host: <172.30.1.210:9618?addrs=172.30.1.210-9618&alias=node10&noUDP&sock=startd_3787_253e>
...
001 (310684.004.000) 2023-06-12 12:52:13 Job executing on host: <172.30.1.210:9618?addrs=172.30.1.210-9618&alias=node10&noUDP&sock=startd_3787_253e>
...
001 (310684.005.000) 2023-06-12 12:52:13 Job executing on host: <172.30.1.210:9618?addrs=172.30.1.210-9618&alias=node10&noUDP&sock=startd_3787_253e>
...
001 (310684.006.000) 2023-06-12 12:52:13 Job executing on host: <172.30.1.210:9618?addrs=172.30.1.210-9618&alias=node10&noUDP&sock=startd_3787_253e>
...
001 (310684.007.000) 2023-06-12 12:52:13 Job executing on host: <172.30.1.210:9618?addrs=172.30.1.210-9618&alias=node10&noUDP&sock=startd_3787_253e>
...
001 (310684.008.000) 2023-06-12 12:52:13 Job executing on host: <172.30.1.210:9618?addrs=172.30.1.210-9618&alias=node10&noUDP&sock=startd_3787_253e>
...
001 (310684.009.000) 2023-06-12 12:52:13 Job executing on host: <172.30.1.210:9618?addrs=172.30.1.210-9618&alias=node10&noUDP&sock=startd_3787_253e>
...
001 (310684.000.000) 2023-06-12 12:52:13 Job executing on host: <172.30.1.201:9618?addrs=172.30.1.201-9618&alias=node1&noUDP&sock=startd_4675_3d58>
...
001 (310684.001.000) 2023-06-12 12:52:13 Job executing on host: <172.30.1.201:9618?addrs=172.30.1.201-9618&alias=node1&noUDP&sock=startd_4675_3d58>
...
006 (310684.004.000) 2023-06-12 12:52:21 Image size of job updated: 498664
	152  -  MemoryUsage of job (MB)
	154632  -  ResidentSetSize of job (KB)
...
006 (310684.005.000) 2023-06-12 12:52:21 Image size of job updated: 498664
	151  -  MemoryUsage of job (MB)
	154616  -  ResidentSetSize of job (KB)
...
006 (310684.006.000) 2023-06-12 12:52:21 Image size of job updated: 498660
	152  -  MemoryUsage of job (MB)
	154892  -  ResidentSetSize of job (KB)
...
006 (310684.007.000) 2023-06-12 12:52:21 Image size of job updated: 498664
	152  -  MemoryUsage of job (MB)
	155088  -  ResidentSetSize of job (KB)
...
006 (310684.008.000) 2023-06-12 12:52:21 Image size of job updated: 498664
	152  -  MemoryUsage of job (MB)
	154880  -  ResidentSetSize of job (KB)
...
006 (310684.002.000) 2023-06-12 12:52:21 Image size of job updated: 498664
	152  -  MemoryUsage of job (MB)
	155096  -  ResidentSetSize of job (KB)
...
006 (310684.003.000) 2023-06-12 12:52:22 Image size of job updated: 498664
	160  -  MemoryUsage of job (MB)
	163544  -  ResidentSetSize of job (KB)
...
006 (310684.009.000) 2023-06-12 12:52:22 Image size of job updated: 498664
	173  -  MemoryUsage of job (MB)
	176352  -  ResidentSetSize of job (KB)
...
006 (310684.000.000) 2023-06-12 12:52:22 Image size of job updated: 552484
	160  -  MemoryUsage of job (MB)
	163444  -  ResidentSetSize of job (KB)
...
006 (310684.001.000) 2023-06-12 12:52:22 Image size of job updated: 551236
	153  -  MemoryUsage of job (MB)
	156288  -  ResidentSetSize of job (KB)
...
005 (310684.006.000) 2023-06-12 12:52:27 Job terminated.
	(1) Normal termination (return value 0)
		Usr 0 00:00:07, Sys 0 00:00:01  -  Run Remote Usage
		Usr 0 00:00:00, Sys 0 00:00:00  -  Run Local Usage
		Usr 0 00:00:07, Sys 0 00:00:01  -  Total Remote Usage
		Usr 0 00:00:00, Sys 0 00:00:00  -  Total Local Usage
	0  -  Run Bytes Sent By Job
	0  -  Run Bytes Received By Job
	0  -  Total Bytes Sent By Job
	0  -  Total Bytes Received By Job
	Partitionable Resources :    Usage  Request Allocated 
	   Cpus                 :                 1         1 
	   Disk (KB)            :        1        1    128928 
	   Memory (MB)          :      152     3900      3968 

	Job terminated of its own accord at 2023-06-12T03:52:27Z.
...
006 (310684.009.000) 2023-06-12 12:52:28 Image size of job updated: 605596
	173  -  MemoryUsage of job (MB)
	176352  -  ResidentSetSize of job (KB)
...
005 (310684.009.000) 2023-06-12 12:52:28 Job terminated.
	(1) Normal termination (return value 0)
		Usr 0 00:00:08, Sys 0 00:00:01  -  Run Remote Usage
		Usr 0 00:00:00, Sys 0 00:00:00  -  Run Local Usage
		Usr 0 00:00:08, Sys 0 00:00:01  -  Total Remote Usage
		Usr 0 00:00:00, Sys 0 00:00:00  -  Total Local Usage
	0  -  Run Bytes Sent By Job
	0  -  Run Bytes Received By Job
	0  -  Total Bytes Sent By Job
	0  -  Total Bytes Received By Job
	Partitionable Resources :    Usage  Request Allocated 
	   Cpus                 :                 1         1 
	   Disk (KB)            :        1        1    128928 
	   Memory (MB)          :      173     3900      3968 

	Job terminated of its own accord at 2023-06-12T03:52:28Z.
...
006 (310684.003.000) 2023-06-12 12:52:28 Image size of job updated: 605548
	160  -  MemoryUsage of job (MB)
	163768  -  ResidentSetSize of job (KB)
...
005 (310684.003.000) 2023-06-12 12:52:28 Job terminated.
	(1) Normal termination (return value 0)
		Usr 0 00:00:08, Sys 0 00:00:01  -  Run Remote Usage
		Usr 0 00:00:00, Sys 0 00:00:00  -  Run Local Usage
		Usr 0 00:00:08, Sys 0 00:00:01  -  Total Remote Usage
		Usr 0 00:00:00, Sys 0 00:00:00  -  Total Local Usage
	0  -  Run Bytes Sent By Job
	0  -  Run Bytes Received By Job
	0  -  Total Bytes Sent By Job
	0  -  Total Bytes Received By Job
	Partitionable Resources :    Usage  Request Allocated 
	   Cpus                 :                 1         1 
	   Disk (KB)            :        1        1    128928 
	   Memory (MB)          :      160     3900      3968 

	Job terminated of its own accord at 2023-06-12T03:52:28Z.
...
006 (310684.005.000) 2023-06-12 12:52:28 Image size of job updated: 607132
	151  -  MemoryUsage of job (MB)
	154616  -  ResidentSetSize of job (KB)
...
005 (310684.005.000) 2023-06-12 12:52:28 Job terminated.
	(1) Normal termination (return value 0)
		Usr 0 00:00:09, Sys 0 00:00:01  -  Run Remote Usage
		Usr 0 00:00:00, Sys 0 00:00:00  -  Run Local Usage
		Usr 0 00:00:09, Sys 0 00:00:01  -  Total Remote Usage
		Usr 0 00:00:00, Sys 0 00:00:00  -  Total Local Usage
	0  -  Run Bytes Sent By Job
	0  -  Run Bytes Received By Job
	0  -  Total Bytes Sent By Job
	0  -  Total Bytes Received By Job
	Partitionable Resources :    Usage  Request Allocated 
	   Cpus                 :                 1         1 
	   Disk (KB)            :        1        1    128928 
	   Memory (MB)          :      151     3900      3968 

	Job terminated of its own accord at 2023-06-12T03:52:28Z.
...
006 (310684.000.000) 2023-06-12 12:52:28 Image size of job updated: 552484
	160  -  MemoryUsage of job (MB)
	163520  -  ResidentSetSize of job (KB)
...
006 (310684.001.000) 2023-06-12 12:52:28 Image size of job updated: 551236
	153  -  MemoryUsage of job (MB)
	156296  -  ResidentSetSize of job (KB)
...
005 (310684.000.000) 2023-06-12 12:52:28 Job terminated.
	(1) Normal termination (return value 0)
		Usr 0 00:00:08, Sys 0 00:00:01  -  Run Remote Usage
		Usr 0 00:00:00, Sys 0 00:00:00  -  Run Local Usage
		Usr 0 00:00:08, Sys 0 00:00:01  -  Total Remote Usage
		Usr 0 00:00:00, Sys 0 00:00:00  -  Total Local Usage
	0  -  Run Bytes Sent By Job
	0  -  Run Bytes Received By Job
	0  -  Total Bytes Sent By Job
	0  -  Total Bytes Received By Job
	Partitionable Resources :    Usage  Request Allocated 
	   Cpus                 :                 1         1 
	   Disk (KB)            :        1        1    128992 
	   Memory (MB)          :      160     3900      3968 

	Job terminated of its own accord at 2023-06-12T03:52:28Z.
...
006 (310684.008.000) 2023-06-12 12:52:28 Image size of job updated: 605536
	152  -  MemoryUsage of job (MB)
	154880  -  ResidentSetSize of job (KB)
...
005 (310684.001.000) 2023-06-12 12:52:28 Job terminated.
	(1) Normal termination (return value 0)
		Usr 0 00:00:08, Sys 0 00:00:01  -  Run Remote Usage
		Usr 0 00:00:00, Sys 0 00:00:00  -  Run Local Usage
		Usr 0 00:00:08, Sys 0 00:00:01  -  Total Remote Usage
		Usr 0 00:00:00, Sys 0 00:00:00  -  Total Local Usage
	0  -  Run Bytes Sent By Job
	0  -  Run Bytes Received By Job
	0  -  Total Bytes Sent By Job
	0  -  Total Bytes Received By Job
	Partitionable Resources :    Usage  Request Allocated 
	   Cpus                 :                 1         1 
	   Disk (KB)            :        1        1    128992 
	   Memory (MB)          :      153     3900      3968 

	Job terminated of its own accord at 2023-06-12T03:52:28Z.
...
005 (310684.008.000) 2023-06-12 12:52:28 Job terminated.
	(1) Normal termination (return value 0)
		Usr 0 00:00:09, Sys 0 00:00:01  -  Run Remote Usage
		Usr 0 00:00:00, Sys 0 00:00:00  -  Run Local Usage
		Usr 0 00:00:09, Sys 0 00:00:01  -  Total Remote Usage
		Usr 0 00:00:00, Sys 0 00:00:00  -  Total Local Usage
	0  -  Run Bytes Sent By Job
	0  -  Run Bytes Received By Job
	0  -  Total Bytes Sent By Job
	0  -  Total Bytes Received By Job
	Partitionable Resources :    Usage  Request Allocated 
	   Cpus                 :                 1         1 
	   Disk (KB)            :        1        1    128928 
	   Memory (MB)          :      152     3900      3968 

	Job terminated of its own accord at 2023-06-12T03:52:28Z.
...
006 (310684.004.000) 2023-06-12 12:52:30 Image size of job updated: 604464
	152  -  MemoryUsage of job (MB)
	154632  -  ResidentSetSize of job (KB)
...
005 (310684.004.000) 2023-06-12 12:52:30 Job terminated.
	(1) Normal termination (return value 0)
		Usr 0 00:00:10, Sys 0 00:00:01  -  Run Remote Usage
		Usr 0 00:00:00, Sys 0 00:00:00  -  Run Local Usage
		Usr 0 00:00:10, Sys 0 00:00:01  -  Total Remote Usage
		Usr 0 00:00:00, Sys 0 00:00:00  -  Total Local Usage
	0  -  Run Bytes Sent By Job
	0  -  Run Bytes Received By Job
	0  -  Total Bytes Sent By Job
	0  -  Total Bytes Received By Job
	Partitionable Resources :    Usage  Request Allocated 
	   Cpus                 :                 1         1 
	   Disk (KB)            :        1        1    128928 
	   Memory (MB)          :      152     3900      3968 

	Job terminated of its own accord at 2023-06-12T03:52:30Z.
...
006 (310684.007.000) 2023-06-12 12:53:19 Image size of job updated: 605980
	152  -  MemoryUsage of job (MB)
	155088  -  ResidentSetSize of job (KB)
...
005 (310684.007.000) 2023-06-12 12:53:19 Job terminated.
	(1) Normal termination (return value 0)
		Usr 0 00:01:00, Sys 0 00:00:01  -  Run Remote Usage
		Usr 0 00:00:00, Sys 0 00:00:00  -  Run Local Usage
		Usr 0 00:01:00, Sys 0 00:00:01  -  Total Remote Usage
		Usr 0 00:00:00, Sys 0 00:00:00  -  Total Local Usage
	0  -  Run Bytes Sent By Job
	0  -  Run Bytes Received By Job
	0  -  Total Bytes Sent By Job
	0  -  Total Bytes Received By Job
	Partitionable Resources :    Usage  Request Allocated 
	   Cpus                 :                 1         1 
	   Disk (KB)            :        1        1    128928 
	   Memory (MB)          :      152     3900      3968 

	Job terminated of its own accord at 2023-06-12T03:53:19Z.
...
006 (310684.002.000) 2023-06-12 12:53:49 Image size of job updated: 607940
	152  -  MemoryUsage of job (MB)
	155096  -  ResidentSetSize of job (KB)
...
005 (310684.002.000) 2023-06-12 12:53:49 Job terminated.
	(1) Normal termination (return value 0)
		Usr 0 00:01:30, Sys 0 00:00:01  -  Run Remote Usage
		Usr 0 00:00:00, Sys 0 00:00:00  -  Run Local Usage
		Usr 0 00:01:30, Sys 0 00:00:01  -  Total Remote Usage
		Usr 0 00:00:00, Sys 0 00:00:00  -  Total Local Usage
	0  -  Run Bytes Sent By Job
	0  -  Run Bytes Received By Job
	0  -  Total Bytes Sent By Job
	0  -  Total Bytes Received By Job
	Partitionable Resources :    Usage  Request Allocated 
	   Cpus                 :                 1         1 
	   Disk (KB)            :        1        1    128928 
	   Memory (MB)          :      152     3900      3968 

	Job terminated of its own accord at 2023-06-12T03:53:49Z.
...
000 (310909.000.000) 2023-06-12 15:21:29 Job submitted from host: <172.30.1.200:9618?addrs=172.30.1.200-9618&alias=tamsa2.snu.ac.kr&noUDP&sock=schedd_3510_2582>
...
000 (310909.001.000) 2023-06-12 15:21:29 Job submitted from host: <172.30.1.200:9618?addrs=172.30.1.200-9618&alias=tamsa2.snu.ac.kr&noUDP&sock=schedd_3510_2582>
...
000 (310909.002.000) 2023-06-12 15:21:29 Job submitted from host: <172.30.1.200:9618?addrs=172.30.1.200-9618&alias=tamsa2.snu.ac.kr&noUDP&sock=schedd_3510_2582>
...
000 (310909.003.000) 2023-06-12 15:21:29 Job submitted from host: <172.30.1.200:9618?addrs=172.30.1.200-9618&alias=tamsa2.snu.ac.kr&noUDP&sock=schedd_3510_2582>
...
000 (310909.004.000) 2023-06-12 15:21:29 Job submitted from host: <172.30.1.200:9618?addrs=172.30.1.200-9618&alias=tamsa2.snu.ac.kr&noUDP&sock=schedd_3510_2582>
...
000 (310909.005.000) 2023-06-12 15:21:29 Job submitted from host: <172.30.1.200:9618?addrs=172.30.1.200-9618&alias=tamsa2.snu.ac.kr&noUDP&sock=schedd_3510_2582>
...
000 (310909.006.000) 2023-06-12 15:21:29 Job submitted from host: <172.30.1.200:9618?addrs=172.30.1.200-9618&alias=tamsa2.snu.ac.kr&noUDP&sock=schedd_3510_2582>
...
000 (310909.007.000) 2023-06-12 15:21:29 Job submitted from host: <172.30.1.200:9618?addrs=172.30.1.200-9618&alias=tamsa2.snu.ac.kr&noUDP&sock=schedd_3510_2582>
...
000 (310909.008.000) 2023-06-12 15:21:29 Job submitted from host: <172.30.1.200:9618?addrs=172.30.1.200-9618&alias=tamsa2.snu.ac.kr&noUDP&sock=schedd_3510_2582>
...
000 (310909.009.000) 2023-06-12 15:21:29 Job submitted from host: <172.30.1.200:9618?addrs=172.30.1.200-9618&alias=tamsa2.snu.ac.kr&noUDP&sock=schedd_3510_2582>
...
001 (310909.000.000) 2023-06-12 15:23:20 Job executing on host: <172.30.1.210:9618?addrs=172.30.1.210-9618&alias=node10&noUDP&sock=startd_3787_253e>
...
040 (310909.001.000) 2023-06-12 15:23:20 Started transferring input files
	Transferring to host: <172.30.1.101:9618?addrs=172.30.1.101-9618&alias=n1&noUDP&sock=slot1_8_3367_1b22_14679>
...
040 (310909.001.000) 2023-06-12 15:23:20 Finished transferring input files
...
001 (310909.001.000) 2023-06-12 15:23:21 Job executing on host: <172.30.1.101:9618?addrs=172.30.1.101-9618&alias=n1&noUDP&sock=startd_3332_0da7>
...
006 (310909.000.000) 2023-06-12 15:23:28 Image size of job updated: 422616
	174  -  MemoryUsage of job (MB)
	177524  -  ResidentSetSize of job (KB)
...
006 (310909.001.000) 2023-06-12 15:23:29 Image size of job updated: 395332
	66  -  MemoryUsage of job (MB)
	66608  -  ResidentSetSize of job (KB)
...
006 (310909.000.000) 2023-06-12 15:23:34 Image size of job updated: 422616
	174  -  MemoryUsage of job (MB)
	177528  -  ResidentSetSize of job (KB)
...
005 (310909.000.000) 2023-06-12 15:23:34 Job terminated.
	(1) Normal termination (return value 0)
		Usr 0 00:00:09, Sys 0 00:00:01  -  Run Remote Usage
		Usr 0 00:00:00, Sys 0 00:00:00  -  Run Local Usage
		Usr 0 00:00:09, Sys 0 00:00:01  -  Total Remote Usage
		Usr 0 00:00:00, Sys 0 00:00:00  -  Total Local Usage
	0  -  Run Bytes Sent By Job
	0  -  Run Bytes Received By Job
	0  -  Total Bytes Sent By Job
	0  -  Total Bytes Received By Job
	Partitionable Resources :    Usage  Request Allocated 
	   Cpus                 :                 1         1 
	   Disk (KB)            :        1        1    128928 
	   Memory (MB)          :      174     3900      3968 

	Job terminated of its own accord at 2023-06-12T06:23:34Z.
...
006 (310909.001.000) 2023-06-12 15:23:49 Image size of job updated: 604228
	66  -  MemoryUsage of job (MB)
	66952  -  ResidentSetSize of job (KB)
...
040 (310909.001.000) 2023-06-12 15:23:49 Started transferring output files
...
040 (310909.001.000) 2023-06-12 15:23:49 Finished transferring output files
...
005 (310909.001.000) 2023-06-12 15:23:49 Job terminated.
	(1) Normal termination (return value 0)
		Usr 0 00:00:15, Sys 0 00:00:03  -  Run Remote Usage
		Usr 0 00:00:00, Sys 0 00:00:00  -  Run Local Usage
		Usr 0 00:00:15, Sys 0 00:00:03  -  Total Remote Usage
		Usr 0 00:00:00, Sys 0 00:00:00  -  Total Local Usage
	4373  -  Run Bytes Sent By Job
	143  -  Run Bytes Received By Job
	4373  -  Total Bytes Sent By Job
	143  -  Total Bytes Received By Job
	Partitionable Resources :    Usage  Request Allocated 
	   Cpus                 :                 1         1 
	   Disk (KB)            :       49        1    127998 
	   Memory (MB)          :       66     3900      3968 

	Job terminated of its own accord at 2023-06-12T06:23:49Z.
...
001 (310909.002.000) 2023-06-12 15:24:23 Job executing on host: <172.30.1.205:9618?addrs=172.30.1.205-9618&alias=node5&noUDP&sock=startd_3770_7c22>
...
001 (310909.003.000) 2023-06-12 15:24:23 Job executing on host: <172.30.1.204:9618?addrs=172.30.1.204-9618&alias=node4&noUDP&sock=startd_3843_8e8c>
...
001 (310909.005.000) 2023-06-12 15:24:23 Job executing on host: <172.30.1.201:9618?addrs=172.30.1.201-9618&alias=node1&noUDP&sock=startd_4675_3d58>
...
001 (310909.008.000) 2023-06-12 15:24:23 Job executing on host: <172.30.1.202:9618?addrs=172.30.1.202-9618&alias=node2&noUDP&sock=startd_19693_56a6>
...
001 (310909.007.000) 2023-06-12 15:24:23 Job executing on host: <172.30.1.210:9618?addrs=172.30.1.210-9618&alias=node10&noUDP&sock=startd_3787_253e>
...
001 (310909.004.000) 2023-06-12 15:24:23 Job executing on host: <172.30.1.201:9618?addrs=172.30.1.201-9618&alias=node1&noUDP&sock=startd_4675_3d58>
...
001 (310909.009.000) 2023-06-12 15:24:23 Job executing on host: <172.30.1.202:9618?addrs=172.30.1.202-9618&alias=node2&noUDP&sock=startd_19693_56a6>
...
001 (310909.006.000) 2023-06-12 15:24:23 Job executing on host: <172.30.1.201:9618?addrs=172.30.1.201-9618&alias=node1&noUDP&sock=startd_4675_3d58>
...
006 (310909.002.000) 2023-06-12 15:24:31 Image size of job updated: 170152
	167  -  MemoryUsage of job (MB)
	170152  -  ResidentSetSize of job (KB)
...
006 (310909.003.000) 2023-06-12 15:24:31 Image size of job updated: 239924
	124  -  MemoryUsage of job (MB)
	126520  -  ResidentSetSize of job (KB)
...
006 (310909.005.000) 2023-06-12 15:24:31 Image size of job updated: 162852
	153  -  MemoryUsage of job (MB)
	155944  -  ResidentSetSize of job (KB)
...
006 (310909.008.000) 2023-06-12 15:24:31 Image size of job updated: 159816
	112  -  MemoryUsage of job (MB)
	113700  -  ResidentSetSize of job (KB)
...
006 (310909.007.000) 2023-06-12 15:24:31 Image size of job updated: 161808
	159  -  MemoryUsage of job (MB)
	161808  -  ResidentSetSize of job (KB)
...
006 (310909.004.000) 2023-06-12 15:24:31 Image size of job updated: 549744
	152  -  MemoryUsage of job (MB)
	155576  -  ResidentSetSize of job (KB)
...
006 (310909.009.000) 2023-06-12 15:24:31 Image size of job updated: 443260
	112  -  MemoryUsage of job (MB)
	113692  -  ResidentSetSize of job (KB)
...
006 (310909.006.000) 2023-06-12 15:24:31 Image size of job updated: 552408
	153  -  MemoryUsage of job (MB)
	156220  -  ResidentSetSize of job (KB)
...
006 (310909.002.000) 2023-06-12 15:24:37 Image size of job updated: 601996
	167  -  MemoryUsage of job (MB)
	170208  -  ResidentSetSize of job (KB)
...
005 (310909.002.000) 2023-06-12 15:24:37 Job terminated.
	(1) Normal termination (return value 0)
		Usr 0 00:00:10, Sys 0 00:00:01  -  Run Remote Usage
		Usr 0 00:00:00, Sys 0 00:00:00  -  Run Local Usage
		Usr 0 00:00:10, Sys 0 00:00:01  -  Total Remote Usage
		Usr 0 00:00:00, Sys 0 00:00:00  -  Total Local Usage
	0  -  Run Bytes Sent By Job
	0  -  Run Bytes Received By Job
	0  -  Total Bytes Sent By Job
	0  -  Total Bytes Received By Job
	Partitionable Resources :    Usage  Request Allocated 
	   Cpus                 :                 1         1 
	   Disk (KB)            :        1        1    128928 
	   Memory (MB)          :      167     3900      3968 

	Job terminated of its own accord at 2023-06-12T06:24:37Z.
...
006 (310909.007.000) 2023-06-12 15:24:38 Image size of job updated: 184940
	159  -  MemoryUsage of job (MB)
	161816  -  ResidentSetSize of job (KB)
...
005 (310909.007.000) 2023-06-12 15:24:38 Job terminated.
	(1) Normal termination (return value 0)
		Usr 0 00:00:09, Sys 0 00:00:01  -  Run Remote Usage
		Usr 0 00:00:00, Sys 0 00:00:00  -  Run Local Usage
		Usr 0 00:00:09, Sys 0 00:00:01  -  Total Remote Usage
		Usr 0 00:00:00, Sys 0 00:00:00  -  Total Local Usage
	0  -  Run Bytes Sent By Job
	0  -  Run Bytes Received By Job
	0  -  Total Bytes Sent By Job
	0  -  Total Bytes Received By Job
	Partitionable Resources :    Usage  Request Allocated 
	   Cpus                 :                 1         1 
	   Disk (KB)            :        1        1    128928 
	   Memory (MB)          :      159     3900      3968 

	Job terminated of its own accord at 2023-06-12T06:24:38Z.
...
005 (310909.006.000) 2023-06-12 15:24:39 Job terminated.
	(1) Normal termination (return value 0)
		Usr 0 00:00:09, Sys 0 00:00:01  -  Run Remote Usage
		Usr 0 00:00:00, Sys 0 00:00:00  -  Run Local Usage
		Usr 0 00:00:09, Sys 0 00:00:01  -  Total Remote Usage
		Usr 0 00:00:00, Sys 0 00:00:00  -  Total Local Usage
	0  -  Run Bytes Sent By Job
	0  -  Run Bytes Received By Job
	0  -  Total Bytes Sent By Job
	0  -  Total Bytes Received By Job
	Partitionable Resources :    Usage  Request Allocated 
	   Cpus                 :                 1         1 
	   Disk (KB)            :        1        1    128992 
	   Memory (MB)          :      153     3900      3968 

	Job terminated of its own accord at 2023-06-12T06:24:39Z.
...
006 (310909.003.000) 2023-06-12 15:24:40 Image size of job updated: 606896
	124  -  MemoryUsage of job (MB)
	126520  -  ResidentSetSize of job (KB)
...
005 (310909.003.000) 2023-06-12 15:24:40 Job terminated.
	(1) Normal termination (return value 0)
		Usr 0 00:00:09, Sys 0 00:00:01  -  Run Remote Usage
		Usr 0 00:00:00, Sys 0 00:00:00  -  Run Local Usage
		Usr 0 00:00:09, Sys 0 00:00:01  -  Total Remote Usage
		Usr 0 00:00:00, Sys 0 00:00:00  -  Total Local Usage
	0  -  Run Bytes Sent By Job
	0  -  Run Bytes Received By Job
	0  -  Total Bytes Sent By Job
	0  -  Total Bytes Received By Job
	Partitionable Resources :    Usage  Request Allocated 
	   Cpus                 :     0.09        1         1 
	   Disk (KB)            :     1           1    128928 
	   Memory (MB)          :   124        3900      3968 

	Job terminated of its own accord at 2023-06-12T06:24:40Z.
...
006 (310909.005.000) 2023-06-12 15:24:40 Image size of job updated: 606920
	153  -  MemoryUsage of job (MB)
	155944  -  ResidentSetSize of job (KB)
...
005 (310909.005.000) 2023-06-12 15:24:40 Job terminated.
	(1) Normal termination (return value 0)
		Usr 0 00:00:10, Sys 0 00:00:01  -  Run Remote Usage
		Usr 0 00:00:00, Sys 0 00:00:00  -  Run Local Usage
		Usr 0 00:00:10, Sys 0 00:00:01  -  Total Remote Usage
		Usr 0 00:00:00, Sys 0 00:00:00  -  Total Local Usage
	0  -  Run Bytes Sent By Job
	0  -  Run Bytes Received By Job
	0  -  Total Bytes Sent By Job
	0  -  Total Bytes Received By Job
	Partitionable Resources :    Usage  Request Allocated 
	   Cpus                 :                 1         1 
	   Disk (KB)            :        1        1    128992 
	   Memory (MB)          :      153     3900      3968 

	Job terminated of its own accord at 2023-06-12T06:24:40Z.
...
006 (310909.004.000) 2023-06-12 15:24:41 Image size of job updated: 607668
	152  -  MemoryUsage of job (MB)
	155576  -  ResidentSetSize of job (KB)
...
005 (310909.004.000) 2023-06-12 15:24:41 Job terminated.
	(1) Normal termination (return value 0)
		Usr 0 00:00:12, Sys 0 00:00:01  -  Run Remote Usage
		Usr 0 00:00:00, Sys 0 00:00:00  -  Run Local Usage
		Usr 0 00:00:12, Sys 0 00:00:01  -  Total Remote Usage
		Usr 0 00:00:00, Sys 0 00:00:00  -  Total Local Usage
	0  -  Run Bytes Sent By Job
	0  -  Run Bytes Received By Job
	0  -  Total Bytes Sent By Job
	0  -  Total Bytes Received By Job
	Partitionable Resources :    Usage  Request Allocated 
	   Cpus                 :                 1         1 
	   Disk (KB)            :        1        1    128992 
	   Memory (MB)          :      152     3900      3968 

	Job terminated of its own accord at 2023-06-12T06:24:41Z.
...
005 (310909.009.000) 2023-06-12 15:24:42 Job terminated.
	(1) Normal termination (return value 0)
		Usr 0 00:00:10, Sys 0 00:00:01  -  Run Remote Usage
		Usr 0 00:00:00, Sys 0 00:00:00  -  Run Local Usage
		Usr 0 00:00:10, Sys 0 00:00:01  -  Total Remote Usage
		Usr 0 00:00:00, Sys 0 00:00:00  -  Total Local Usage
	0  -  Run Bytes Sent By Job
	0  -  Run Bytes Received By Job
	0  -  Total Bytes Sent By Job
	0  -  Total Bytes Received By Job
	Partitionable Resources :    Usage  Request Allocated 
	   Cpus                 :                 1         1 
	   Disk (KB)            :        1        1    128913 
	   Memory (MB)          :      112     3900      3968 

	Job terminated of its own accord at 2023-06-12T06:24:41Z.
...
006 (310909.008.000) 2023-06-12 15:24:42 Image size of job updated: 608560
	112  -  MemoryUsage of job (MB)
	113700  -  ResidentSetSize of job (KB)
...
005 (310909.008.000) 2023-06-12 15:24:42 Job terminated.
	(1) Normal termination (return value 0)
		Usr 0 00:00:10, Sys 0 00:00:01  -  Run Remote Usage
		Usr 0 00:00:00, Sys 0 00:00:00  -  Run Local Usage
		Usr 0 00:00:10, Sys 0 00:00:01  -  Total Remote Usage
		Usr 0 00:00:00, Sys 0 00:00:00  -  Total Local Usage
	0  -  Run Bytes Sent By Job
	0  -  Run Bytes Received By Job
	0  -  Total Bytes Sent By Job
	0  -  Total Bytes Received By Job
	Partitionable Resources :    Usage  Request Allocated 
	   Cpus                 :                 1         1 
	   Disk (KB)            :        1        1    128913 
	   Memory (MB)          :      112     3900      3968 

	Job terminated of its own accord at 2023-06-12T06:24:42Z.
...
000 (310941.000.000) 2023-06-12 16:27:50 Job submitted from host: <172.30.1.200:9618?addrs=172.30.1.200-9618&alias=tamsa2.snu.ac.kr&noUDP&sock=schedd_3510_2582>
...
000 (310941.001.000) 2023-06-12 16:27:50 Job submitted from host: <172.30.1.200:9618?addrs=172.30.1.200-9618&alias=tamsa2.snu.ac.kr&noUDP&sock=schedd_3510_2582>
...
000 (310941.002.000) 2023-06-12 16:27:50 Job submitted from host: <172.30.1.200:9618?addrs=172.30.1.200-9618&alias=tamsa2.snu.ac.kr&noUDP&sock=schedd_3510_2582>
...
000 (310941.003.000) 2023-06-12 16:27:50 Job submitted from host: <172.30.1.200:9618?addrs=172.30.1.200-9618&alias=tamsa2.snu.ac.kr&noUDP&sock=schedd_3510_2582>
...
000 (310941.004.000) 2023-06-12 16:27:50 Job submitted from host: <172.30.1.200:9618?addrs=172.30.1.200-9618&alias=tamsa2.snu.ac.kr&noUDP&sock=schedd_3510_2582>
...
000 (310941.005.000) 2023-06-12 16:27:50 Job submitted from host: <172.30.1.200:9618?addrs=172.30.1.200-9618&alias=tamsa2.snu.ac.kr&noUDP&sock=schedd_3510_2582>
...
000 (310941.006.000) 2023-06-12 16:27:50 Job submitted from host: <172.30.1.200:9618?addrs=172.30.1.200-9618&alias=tamsa2.snu.ac.kr&noUDP&sock=schedd_3510_2582>
...
000 (310941.007.000) 2023-06-12 16:27:50 Job submitted from host: <172.30.1.200:9618?addrs=172.30.1.200-9618&alias=tamsa2.snu.ac.kr&noUDP&sock=schedd_3510_2582>
...
000 (310941.008.000) 2023-06-12 16:27:50 Job submitted from host: <172.30.1.200:9618?addrs=172.30.1.200-9618&alias=tamsa2.snu.ac.kr&noUDP&sock=schedd_3510_2582>
...
000 (310941.009.000) 2023-06-12 16:27:50 Job submitted from host: <172.30.1.200:9618?addrs=172.30.1.200-9618&alias=tamsa2.snu.ac.kr&noUDP&sock=schedd_3510_2582>
...
001 (310941.001.000) 2023-06-12 16:29:04 Job executing on host: <172.30.1.203:9618?addrs=172.30.1.203-9618&alias=node3&noUDP&sock=startd_3773_8aeb>
...
001 (310941.002.000) 2023-06-12 16:29:04 Job executing on host: <172.30.1.201:9618?addrs=172.30.1.201-9618&alias=node1&noUDP&sock=startd_4675_3d58>
...
040 (310941.006.000) 2023-06-12 16:29:04 Started transferring input files
	Transferring to host: <172.30.1.104:9618?addrs=172.30.1.104-9618&alias=n4&noUDP&sock=slot1_2_3701_7070_6969>
...
040 (310941.006.000) 2023-06-12 16:29:04 Finished transferring input files
...
001 (310941.004.000) 2023-06-12 16:29:04 Job executing on host: <172.30.1.209:9618?addrs=172.30.1.209-9618&alias=node9&noUDP&sock=startd_3776_99b3>
...
001 (310941.003.000) 2023-06-12 16:29:04 Job executing on host: <172.30.1.208:9618?addrs=172.30.1.208-9618&alias=node8&noUDP&sock=startd_3802_6f2a>
...
001 (310941.005.000) 2023-06-12 16:29:04 Job executing on host: <172.30.1.202:9618?addrs=172.30.1.202-9618&alias=node2&noUDP&sock=startd_19693_56a6>
...
001 (310941.000.000) 2023-06-12 16:29:04 Job executing on host: <172.30.1.207:9618?addrs=172.30.1.207-9618&alias=node7&noUDP&sock=startd_3802_6f2a>
...
040 (310941.007.000) 2023-06-12 16:29:04 Started transferring input files
	Transferring to host: <172.30.1.108:9618?addrs=172.30.1.108-9618&alias=n8&noUDP&sock=slot1_7_4278_fce7_21403>
...
040 (310941.007.000) 2023-06-12 16:29:04 Finished transferring input files
...
040 (310941.008.000) 2023-06-12 16:29:04 Started transferring input files
	Transferring to host: <172.30.1.108:9618?addrs=172.30.1.108-9618&alias=n8&noUDP&sock=slot1_31_4278_fce7_21404>
...
040 (310941.008.000) 2023-06-12 16:29:04 Finished transferring input files
...
040 (310941.009.000) 2023-06-12 16:29:04 Started transferring input files
	Transferring to host: <172.30.1.108:9618?addrs=172.30.1.108-9618&alias=n8&noUDP&sock=slot1_32_4278_fce7_21405>
...
040 (310941.009.000) 2023-06-12 16:29:04 Finished transferring input files
...
001 (310941.006.000) 2023-06-12 16:29:05 Job executing on host: <172.30.1.104:9618?addrs=172.30.1.104-9618&alias=n4&noUDP&sock=startd_3667_d5e1>
...
001 (310941.007.000) 2023-06-12 16:29:05 Job executing on host: <172.30.1.108:9618?addrs=172.30.1.108-9618&alias=n8&noUDP&sock=startd_4243_ec6e>
...
001 (310941.008.000) 2023-06-12 16:29:05 Job executing on host: <172.30.1.108:9618?addrs=172.30.1.108-9618&alias=n8&noUDP&sock=startd_4243_ec6e>
...
001 (310941.009.000) 2023-06-12 16:29:05 Job executing on host: <172.30.1.108:9618?addrs=172.30.1.108-9618&alias=n8&noUDP&sock=startd_4243_ec6e>
...
006 (310941.001.000) 2023-06-12 16:29:12 Image size of job updated: 116548
	114  -  MemoryUsage of job (MB)
	116548  -  ResidentSetSize of job (KB)
...
006 (310941.002.000) 2023-06-12 16:29:13 Image size of job updated: 548704
	152  -  MemoryUsage of job (MB)
	154984  -  ResidentSetSize of job (KB)
...
006 (310941.003.000) 2023-06-12 16:29:13 Image size of job updated: 171536
	160  -  MemoryUsage of job (MB)
	163704  -  ResidentSetSize of job (KB)
...
006 (310941.000.000) 2023-06-12 16:29:13 Image size of job updated: 506612
	181  -  MemoryUsage of job (MB)
	184532  -  ResidentSetSize of job (KB)
...
006 (310941.004.000) 2023-06-12 16:29:13 Image size of job updated: 163688
	153  -  MemoryUsage of job (MB)
	155980  -  ResidentSetSize of job (KB)
...
006 (310941.005.000) 2023-06-12 16:29:13 Image size of job updated: 550024
	153  -  MemoryUsage of job (MB)
	155652  -  ResidentSetSize of job (KB)
...
006 (310941.006.000) 2023-06-12 16:29:14 Image size of job updated: 601940
	179  -  MemoryUsage of job (MB)
	182716  -  ResidentSetSize of job (KB)
...
006 (310941.007.000) 2023-06-12 16:29:14 Image size of job updated: 182732
	179  -  MemoryUsage of job (MB)
	182580  -  ResidentSetSize of job (KB)
...
006 (310941.008.000) 2023-06-12 16:29:14 Image size of job updated: 185712
	179  -  MemoryUsage of job (MB)
	182712  -  ResidentSetSize of job (KB)
...
006 (310941.009.000) 2023-06-12 16:29:14 Image size of job updated: 188036
	179  -  MemoryUsage of job (MB)
	182744  -  ResidentSetSize of job (KB)
...
005 (310941.000.000) 2023-06-12 16:29:19 Job terminated.
	(1) Normal termination (return value 0)
		Usr 0 00:00:09, Sys 0 00:00:01  -  Run Remote Usage
		Usr 0 00:00:00, Sys 0 00:00:00  -  Run Local Usage
		Usr 0 00:00:09, Sys 0 00:00:01  -  Total Remote Usage
		Usr 0 00:00:00, Sys 0 00:00:00  -  Total Local Usage
	0  -  Run Bytes Sent By Job
	0  -  Run Bytes Received By Job
	0  -  Total Bytes Sent By Job
	0  -  Total Bytes Received By Job
	Partitionable Resources :    Usage  Request Allocated 
	   Cpus                 :                 1         1 
	   Disk (KB)            :        1        1    128928 
	   Memory (MB)          :      181     3900      3968 

	Job terminated of its own accord at 2023-06-12T07:29:19Z.
...
006 (310941.007.000) 2023-06-12 16:29:20 Image size of job updated: 185096
	179  -  MemoryUsage of job (MB)
	182580  -  ResidentSetSize of job (KB)
...
040 (310941.007.000) 2023-06-12 16:29:20 Started transferring output files
...
040 (310941.007.000) 2023-06-12 16:29:20 Finished transferring output files
...
005 (310941.007.000) 2023-06-12 16:29:20 Job terminated.
	(1) Normal termination (return value 0)
		Usr 0 00:00:09, Sys 0 00:00:01  -  Run Remote Usage
		Usr 0 00:00:00, Sys 0 00:00:00  -  Run Local Usage
		Usr 0 00:00:09, Sys 0 00:00:01  -  Total Remote Usage
		Usr 0 00:00:00, Sys 0 00:00:00  -  Total Local Usage
	3878  -  Run Bytes Sent By Job
	143  -  Run Bytes Received By Job
	3878  -  Total Bytes Sent By Job
	143  -  Total Bytes Received By Job
	Partitionable Resources :    Usage  Request Allocated 
	   Cpus                 :     0.32        1         1 
	   Disk (KB)            :    54           1    127899 
	   Memory (MB)          :   179        3900      3968 

	Job terminated of its own accord at 2023-06-12T07:29:20Z.
...
006 (310941.009.000) 2023-06-12 16:29:20 Image size of job updated: 190252
	179  -  MemoryUsage of job (MB)
	182744  -  ResidentSetSize of job (KB)
...
040 (310941.009.000) 2023-06-12 16:29:20 Started transferring output files
...
040 (310941.009.000) 2023-06-12 16:29:20 Finished transferring output files
...
005 (310941.009.000) 2023-06-12 16:29:20 Job terminated.
	(1) Normal termination (return value 0)
		Usr 0 00:00:09, Sys 0 00:00:01  -  Run Remote Usage
		Usr 0 00:00:00, Sys 0 00:00:00  -  Run Local Usage
		Usr 0 00:00:09, Sys 0 00:00:01  -  Total Remote Usage
		Usr 0 00:00:00, Sys 0 00:00:00  -  Total Local Usage
	3878  -  Run Bytes Sent By Job
	143  -  Run Bytes Received By Job
	3878  -  Total Bytes Sent By Job
	143  -  Total Bytes Received By Job
	Partitionable Resources :    Usage  Request Allocated 
	   Cpus                 :     0.32        1         1 
	   Disk (KB)            :    54           1    127899 
	   Memory (MB)          :   179        3900      3968 

	Job terminated of its own accord at 2023-06-12T07:29:20Z.
...
006 (310941.008.000) 2023-06-12 16:29:20 Image size of job updated: 608548
	179  -  MemoryUsage of job (MB)
	182712  -  ResidentSetSize of job (KB)
...
040 (310941.008.000) 2023-06-12 16:29:20 Started transferring output files
...
040 (310941.008.000) 2023-06-12 16:29:20 Finished transferring output files
...
005 (310941.008.000) 2023-06-12 16:29:20 Job terminated.
	(1) Normal termination (return value 0)
		Usr 0 00:00:10, Sys 0 00:00:01  -  Run Remote Usage
		Usr 0 00:00:00, Sys 0 00:00:00  -  Run Local Usage
		Usr 0 00:00:10, Sys 0 00:00:01  -  Total Remote Usage
		Usr 0 00:00:00, Sys 0 00:00:00  -  Total Local Usage
	3999  -  Run Bytes Sent By Job
	143  -  Run Bytes Received By Job
	3999  -  Total Bytes Sent By Job
	143  -  Total Bytes Received By Job
	Partitionable Resources :    Usage  Request Allocated 
	   Cpus                 :     0.31        1         1 
	   Disk (KB)            :    54           1    127899 
	   Memory (MB)          :   179        3900      3968 

	Job terminated of its own accord at 2023-06-12T07:29:20Z.
...
006 (310941.003.000) 2023-06-12 16:29:20 Image size of job updated: 580792
	160  -  MemoryUsage of job (MB)
	163712  -  ResidentSetSize of job (KB)
...
005 (310941.003.000) 2023-06-12 16:29:20 Job terminated.
	(1) Normal termination (return value 0)
		Usr 0 00:00:09, Sys 0 00:00:01  -  Run Remote Usage
		Usr 0 00:00:00, Sys 0 00:00:00  -  Run Local Usage
		Usr 0 00:00:09, Sys 0 00:00:01  -  Total Remote Usage
		Usr 0 00:00:00, Sys 0 00:00:00  -  Total Local Usage
	0  -  Run Bytes Sent By Job
	0  -  Run Bytes Received By Job
	0  -  Total Bytes Sent By Job
	0  -  Total Bytes Received By Job
	Partitionable Resources :    Usage  Request Allocated 
	   Cpus                 :                 1         1 
	   Disk (KB)            :        1        1    128928 
	   Memory (MB)          :      160     3900      3968 

	Job terminated of its own accord at 2023-06-12T07:29:20Z.
...
040 (310941.006.000) 2023-06-12 16:29:21 Started transferring output files
...
040 (310941.006.000) 2023-06-12 16:29:21 Finished transferring output files
...
005 (310941.006.000) 2023-06-12 16:29:21 Job terminated.
	(1) Normal termination (return value 0)
		Usr 0 00:00:12, Sys 0 00:00:01  -  Run Remote Usage
		Usr 0 00:00:00, Sys 0 00:00:00  -  Run Local Usage
		Usr 0 00:00:12, Sys 0 00:00:01  -  Total Remote Usage
		Usr 0 00:00:00, Sys 0 00:00:00  -  Total Local Usage
	4361  -  Run Bytes Sent By Job
	143  -  Run Bytes Received By Job
	4361  -  Total Bytes Sent By Job
	143  -  Total Bytes Received By Job
	Partitionable Resources :    Usage  Request Allocated 
	   Cpus                 :                 1         1 
	   Disk (KB)            :       49        1     61930 
	   Memory (MB)          :      179     3900      3968 

	Job terminated of its own accord at 2023-06-12T07:29:21Z.
...
006 (310941.002.000) 2023-06-12 16:29:23 Image size of job updated: 548704
	152  -  MemoryUsage of job (MB)
	155028  -  ResidentSetSize of job (KB)
...
005 (310941.002.000) 2023-06-12 16:29:23 Job terminated.
	(1) Normal termination (return value 0)
		Usr 0 00:00:10, Sys 0 00:00:01  -  Run Remote Usage
		Usr 0 00:00:00, Sys 0 00:00:00  -  Run Local Usage
		Usr 0 00:00:10, Sys 0 00:00:01  -  Total Remote Usage
		Usr 0 00:00:00, Sys 0 00:00:00  -  Total Local Usage
	0  -  Run Bytes Sent By Job
	0  -  Run Bytes Received By Job
	0  -  Total Bytes Sent By Job
	0  -  Total Bytes Received By Job
	Partitionable Resources :    Usage  Request Allocated 
	   Cpus                 :                 1         1 
	   Disk (KB)            :        1        1    128992 
	   Memory (MB)          :      152     3900      3968 

	Job terminated of its own accord at 2023-06-12T07:29:23Z.
...
005 (310941.005.000) 2023-06-12 16:29:24 Job terminated.
	(1) Normal termination (return value 0)
		Usr 0 00:00:11, Sys 0 00:00:01  -  Run Remote Usage
		Usr 0 00:00:00, Sys 0 00:00:00  -  Run Local Usage
		Usr 0 00:00:11, Sys 0 00:00:01  -  Total Remote Usage
		Usr 0 00:00:00, Sys 0 00:00:00  -  Total Local Usage
	0  -  Run Bytes Sent By Job
	0  -  Run Bytes Received By Job
	0  -  Total Bytes Sent By Job
	0  -  Total Bytes Received By Job
	Partitionable Resources :    Usage  Request Allocated 
	   Cpus                 :                 1         1 
	   Disk (KB)            :        1        1    128913 
	   Memory (MB)          :      153     3900      3968 

	Job terminated of its own accord at 2023-06-12T07:29:24Z.
...
006 (310941.004.000) 2023-06-12 16:29:25 Image size of job updated: 565708
	153  -  MemoryUsage of job (MB)
	155996  -  ResidentSetSize of job (KB)
...
005 (310941.004.000) 2023-06-12 16:29:25 Job terminated.
	(1) Normal termination (return value 0)
		Usr 0 00:00:11, Sys 0 00:00:01  -  Run Remote Usage
		Usr 0 00:00:00, Sys 0 00:00:00  -  Run Local Usage
		Usr 0 00:00:11, Sys 0 00:00:01  -  Total Remote Usage
		Usr 0 00:00:00, Sys 0 00:00:00  -  Total Local Usage
	0  -  Run Bytes Sent By Job
	0  -  Run Bytes Received By Job
	0  -  Total Bytes Sent By Job
	0  -  Total Bytes Received By Job
	Partitionable Resources :    Usage  Request Allocated 
	   Cpus                 :                 1         1 
	   Disk (KB)            :        1        1    128928 
	   Memory (MB)          :      153     3900      3968 

	Job terminated of its own accord at 2023-06-12T07:29:25Z.
...
006 (310941.001.000) 2023-06-12 16:29:26 Image size of job updated: 597960
	114  -  MemoryUsage of job (MB)
	116628  -  ResidentSetSize of job (KB)
...
005 (310941.001.000) 2023-06-12 16:29:26 Job terminated.
	(1) Normal termination (return value 0)
		Usr 0 00:00:10, Sys 0 00:00:01  -  Run Remote Usage
		Usr 0 00:00:00, Sys 0 00:00:00  -  Run Local Usage
		Usr 0 00:00:10, Sys 0 00:00:01  -  Total Remote Usage
		Usr 0 00:00:00, Sys 0 00:00:00  -  Total Local Usage
	0  -  Run Bytes Sent By Job
	0  -  Run Bytes Received By Job
	0  -  Total Bytes Sent By Job
	0  -  Total Bytes Received By Job
	Partitionable Resources :    Usage  Request Allocated 
	   Cpus                 :                 1         1 
	   Disk (KB)            :        1        1    128928 
	   Memory (MB)          :      114     3900      3968 

	Job terminated of its own accord at 2023-06-12T07:29:26Z.
...
