Starts at Fri Jun  9 15:30:46 2023
[tnp_tamsa] Use Configs["POGMVANoIsoWP90_2017"] from config/reproducePOG_v1.py
Fit ibin = 4
['HistPdf::sigPhysPass(x,histPass_genmatching,2)', 'HistPdf::sigPhysFail(x,histFail_genmatching,2)', 'Gaussian::sigResPass(x,meanP[-0.0,-5.0,5.0],sigmaP[0.02,0.02,4.0])', 'Gaussian::sigResFail(x,meanF[-0.0,-5.0,5.0],sigmaF[0.02,0.02,4.0])', 'FCONV::sigPass(x, sigPhysPass , sigResPass)', 'FCONV::sigFail(x, sigPhysFail , sigResFail)', 'Exponential::bkgPass(x, alphaP[0.,-5.,5.])', 'Exponential::bkgFail(x, alphaF[0.,-5.,5.])']
Warning: non-zero fit status 302
Warning: non-zero fit status 302
Fit ibin = 14
['HistPdf::sigPhysPass(x,histPass_genmatching,2)', 'HistPdf::sigPhysFail(x,histFail_genmatching,2)', 'Gaussian::sigResPass(x,meanP[-0.0,-5.0,5.0],sigmaP[0.02,0.02,4.0])', 'Gaussian::sigResFail(x,meanF[-0.0,-5.0,5.0],sigmaF[0.02,0.02,4.0])', 'FCONV::sigPass(x, sigPhysPass , sigResPass)', 'FCONV::sigFail(x, sigPhysFail , sigResFail)', 'Exponential::bkgPass(x, alphaP[0.,-5.,5.])', 'Exponential::bkgFail(x, alphaF[0.,-5.,5.])']
Warning: non-zero fit status 1
Warning: non-zero fit status 302
Fit ibin = 24
['HistPdf::sigPhysPass(x,histPass_genmatching,2)', 'HistPdf::sigPhysFail(x,histFail_genmatching,2)', 'Gaussian::sigResPass(x,meanP[-0.0,-5.0,5.0],sigmaP[0.02,0.02,4.0])', 'Gaussian::sigResFail(x,meanF[-0.0,-5.0,5.0],sigmaF[0.02,0.02,4.0])', 'FCONV::sigPass(x, sigPhysPass , sigResPass)', 'FCONV::sigFail(x, sigPhysFail , sigResFail)', 'Exponential::bkgPass(x, alphaP[0.,-5.,5.])', 'Exponential::bkgFail(x, alphaF[0.,-5.,5.])']
Warning: non-zero fit status 303
Warning: non-zero fit status 303
Fit ibin = 34
['HistPdf::sigPhysPass(x,histPass_genmatching,2)', 'HistPdf::sigPhysFail(x,histFail_genmatching,2)', 'Gaussian::sigResPass(x,meanP[-0.0,-5.0,5.0],sigmaP[0.02,0.02,4.0])', 'Gaussian::sigResFail(x,meanF[-0.0,-5.0,5.0],sigmaF[0.02,0.02,4.0])', 'FCONV::sigPass(x, sigPhysPass , sigResPass)', 'FCONV::sigFail(x, sigPhysFail , sigResFail)', 'Exponential::bkgPass(x, alphaP[0.,-5.,5.])', 'Exponential::bkgFail(x, alphaF[0.,-5.,5.])']
Warning: non-zero fit status 302
Warning: non-zero fit status 303
Fit ibin = 44
['HistPdf::sigPhysPass(x,histPass_genmatching,2)', 'HistPdf::sigPhysFail(x,histFail_genmatching,2)', 'Gaussian::sigResPass(x,meanP[-0.0,-5.0,5.0],sigmaP[0.02,0.02,4.0])', 'Gaussian::sigResFail(x,meanF[-0.0,-5.0,5.0],sigmaF[0.02,0.02,4.0])', 'FCONV::sigPass(x, sigPhysPass , sigResPass)', 'FCONV::sigFail(x, sigPhysFail , sigResFail)', 'Exponential::bkgPass(x, alphaP[0.,-5.,5.])', 'Exponential::bkgFail(x, alphaF[0.,-5.,5.])']
Fit ibin = 54
['HistPdf::sigPhysPass(x,histPass_genmatching,2)', 'HistPdf::sigPhysFail(x,histFail_genmatching,2)', 'Gaussian::sigResPass(x,meanP[-0.0,-5.0,5.0],sigmaP[0.02,0.02,4.0])', 'Gaussian::sigResFail(x,meanF[-0.0,-5.0,5.0],sigmaF[0.02,0.02,4.0])', 'FCONV::sigPass(x, sigPhysPass , sigResPass)', 'FCONV::sigFail(x, sigPhysFail , sigResFail)', 'Exponential::bkgPass(x, alphaP[0.,-5.,5.])', 'Exponential::bkgFail(x, alphaF[0.,-5.,5.])']
Warning: non-zero fit status 302
Ends at  Fri Jun  9 15:31:03 2023
Time took 16.1358180046 seconds.
