000 (311094.000.000) 2023-06-12 18:34:29 Job submitted from host: <172.30.1.200:9618?addrs=172.30.1.200-9618&alias=tamsa2.snu.ac.kr&noUDP&sock=schedd_3510_2582>
...
000 (311094.001.000) 2023-06-12 18:34:29 Job submitted from host: <172.30.1.200:9618?addrs=172.30.1.200-9618&alias=tamsa2.snu.ac.kr&noUDP&sock=schedd_3510_2582>
...
000 (311094.002.000) 2023-06-12 18:34:29 Job submitted from host: <172.30.1.200:9618?addrs=172.30.1.200-9618&alias=tamsa2.snu.ac.kr&noUDP&sock=schedd_3510_2582>
...
000 (311094.003.000) 2023-06-12 18:34:29 Job submitted from host: <172.30.1.200:9618?addrs=172.30.1.200-9618&alias=tamsa2.snu.ac.kr&noUDP&sock=schedd_3510_2582>
...
000 (311094.004.000) 2023-06-12 18:34:29 Job submitted from host: <172.30.1.200:9618?addrs=172.30.1.200-9618&alias=tamsa2.snu.ac.kr&noUDP&sock=schedd_3510_2582>
...
000 (311094.005.000) 2023-06-12 18:34:29 Job submitted from host: <172.30.1.200:9618?addrs=172.30.1.200-9618&alias=tamsa2.snu.ac.kr&noUDP&sock=schedd_3510_2582>
...
000 (311094.006.000) 2023-06-12 18:34:29 Job submitted from host: <172.30.1.200:9618?addrs=172.30.1.200-9618&alias=tamsa2.snu.ac.kr&noUDP&sock=schedd_3510_2582>
...
000 (311094.007.000) 2023-06-12 18:34:29 Job submitted from host: <172.30.1.200:9618?addrs=172.30.1.200-9618&alias=tamsa2.snu.ac.kr&noUDP&sock=schedd_3510_2582>
...
000 (311094.008.000) 2023-06-12 18:34:29 Job submitted from host: <172.30.1.200:9618?addrs=172.30.1.200-9618&alias=tamsa2.snu.ac.kr&noUDP&sock=schedd_3510_2582>
...
000 (311094.009.000) 2023-06-12 18:34:29 Job submitted from host: <172.30.1.200:9618?addrs=172.30.1.200-9618&alias=tamsa2.snu.ac.kr&noUDP&sock=schedd_3510_2582>
...
040 (311094.005.000) 2023-06-12 18:34:39 Started transferring input files
	Transferring to host: <172.30.1.102:9618?addrs=172.30.1.102-9618&alias=n2&noUDP&sock=slot1_3_3347_03a1_18804>
...
040 (311094.005.000) 2023-06-12 18:34:39 Finished transferring input files
...
040 (311094.006.000) 2023-06-12 18:34:39 Started transferring input files
	Transferring to host: <172.30.1.102:9618?addrs=172.30.1.102-9618&alias=n2&noUDP&sock=slot1_10_3347_03a1_18805>
...
040 (311094.006.000) 2023-06-12 18:34:39 Finished transferring input files
...
040 (311094.007.000) 2023-06-12 18:34:39 Started transferring input files
	Transferring to host: <172.30.1.102:9618?addrs=172.30.1.102-9618&alias=n2&noUDP&sock=slot1_13_3347_03a1_18806>
...
040 (311094.007.000) 2023-06-12 18:34:39 Finished transferring input files
...
040 (311094.008.000) 2023-06-12 18:34:40 Started transferring input files
	Transferring to host: <172.30.1.102:9618?addrs=172.30.1.102-9618&alias=n2&noUDP&sock=slot1_17_3347_03a1_18807>
...
040 (311094.008.000) 2023-06-12 18:34:40 Finished transferring input files
...
040 (311094.009.000) 2023-06-12 18:34:40 Started transferring input files
	Transferring to host: <172.30.1.102:9618?addrs=172.30.1.102-9618&alias=n2&noUDP&sock=slot1_20_3347_03a1_18808>
...
040 (311094.009.000) 2023-06-12 18:34:40 Finished transferring input files
...
040 (311094.000.000) 2023-06-12 18:34:40 Started transferring input files
	Transferring to host: <172.30.1.107:9618?addrs=172.30.1.107-9618&alias=n7&noUDP&sock=slot1_31_4258_e566_16650>
...
040 (311094.000.000) 2023-06-12 18:34:40 Finished transferring input files
...
040 (311094.001.000) 2023-06-12 18:34:40 Started transferring input files
	Transferring to host: <172.30.1.107:9618?addrs=172.30.1.107-9618&alias=n7&noUDP&sock=slot1_32_4258_e566_16651>
...
040 (311094.001.000) 2023-06-12 18:34:40 Finished transferring input files
...
001 (311094.005.000) 2023-06-12 18:34:40 Job executing on host: <172.30.1.102:9618?addrs=172.30.1.102-9618&alias=n2&noUDP&sock=startd_3313_055a>
...
040 (311094.002.000) 2023-06-12 18:34:40 Started transferring input files
	Transferring to host: <172.30.1.107:9618?addrs=172.30.1.107-9618&alias=n7&noUDP&sock=slot1_33_4258_e566_16653>
...
040 (311094.002.000) 2023-06-12 18:34:40 Finished transferring input files
...
040 (311094.003.000) 2023-06-12 18:34:40 Started transferring input files
	Transferring to host: <172.30.1.107:9618?addrs=172.30.1.107-9618&alias=n7&noUDP&sock=slot1_34_4258_e566_16654>
...
040 (311094.003.000) 2023-06-12 18:34:40 Finished transferring input files
...
001 (311094.006.000) 2023-06-12 18:34:40 Job executing on host: <172.30.1.102:9618?addrs=172.30.1.102-9618&alias=n2&noUDP&sock=startd_3313_055a>
...
040 (311094.004.000) 2023-06-12 18:34:40 Started transferring input files
	Transferring to host: <172.30.1.107:9618?addrs=172.30.1.107-9618&alias=n7&noUDP&sock=slot1_35_4258_e566_16655>
...
040 (311094.004.000) 2023-06-12 18:34:40 Finished transferring input files
...
001 (311094.007.000) 2023-06-12 18:34:40 Job executing on host: <172.30.1.102:9618?addrs=172.30.1.102-9618&alias=n2&noUDP&sock=startd_3313_055a>
...
001 (311094.008.000) 2023-06-12 18:34:41 Job executing on host: <172.30.1.102:9618?addrs=172.30.1.102-9618&alias=n2&noUDP&sock=startd_3313_055a>
...
001 (311094.009.000) 2023-06-12 18:34:41 Job executing on host: <172.30.1.102:9618?addrs=172.30.1.102-9618&alias=n2&noUDP&sock=startd_3313_055a>
...
001 (311094.000.000) 2023-06-12 18:34:41 Job executing on host: <172.30.1.107:9618?addrs=172.30.1.107-9618&alias=n7&noUDP&sock=startd_4224_e421>
...
001 (311094.001.000) 2023-06-12 18:34:41 Job executing on host: <172.30.1.107:9618?addrs=172.30.1.107-9618&alias=n7&noUDP&sock=startd_4224_e421>
...
001 (311094.002.000) 2023-06-12 18:34:41 Job executing on host: <172.30.1.107:9618?addrs=172.30.1.107-9618&alias=n7&noUDP&sock=startd_4224_e421>
...
001 (311094.003.000) 2023-06-12 18:34:41 Job executing on host: <172.30.1.107:9618?addrs=172.30.1.107-9618&alias=n7&noUDP&sock=startd_4224_e421>
...
001 (311094.004.000) 2023-06-12 18:34:41 Job executing on host: <172.30.1.107:9618?addrs=172.30.1.107-9618&alias=n7&noUDP&sock=startd_4224_e421>
...
006 (311094.008.000) 2023-06-12 18:34:49 Image size of job updated: 153572
	150  -  MemoryUsage of job (MB)
	153572  -  ResidentSetSize of job (KB)
...
006 (311094.009.000) 2023-06-12 18:34:49 Image size of job updated: 154236
	151  -  MemoryUsage of job (MB)
	154236  -  ResidentSetSize of job (KB)
...
006 (311094.005.000) 2023-06-12 18:34:49 Image size of job updated: 156628
	153  -  MemoryUsage of job (MB)
	156628  -  ResidentSetSize of job (KB)
...
006 (311094.006.000) 2023-06-12 18:34:49 Image size of job updated: 159404
	156  -  MemoryUsage of job (MB)
	159404  -  ResidentSetSize of job (KB)
...
006 (311094.007.000) 2023-06-12 18:34:49 Image size of job updated: 161020
	158  -  MemoryUsage of job (MB)
	161020  -  ResidentSetSize of job (KB)
...
006 (311094.000.000) 2023-06-12 18:34:50 Image size of job updated: 401124
	184  -  MemoryUsage of job (MB)
	187632  -  ResidentSetSize of job (KB)
...
006 (311094.001.000) 2023-06-12 18:34:50 Image size of job updated: 406396
	184  -  MemoryUsage of job (MB)
	187832  -  ResidentSetSize of job (KB)
...
006 (311094.002.000) 2023-06-12 18:34:50 Image size of job updated: 405504
	184  -  MemoryUsage of job (MB)
	187836  -  ResidentSetSize of job (KB)
...
006 (311094.003.000) 2023-06-12 18:34:50 Image size of job updated: 399564
	184  -  MemoryUsage of job (MB)
	187624  -  ResidentSetSize of job (KB)
...
006 (311094.004.000) 2023-06-12 18:34:50 Image size of job updated: 270828
	184  -  MemoryUsage of job (MB)
	187828  -  ResidentSetSize of job (KB)
...
006 (311094.002.000) 2023-06-12 18:37:10 Image size of job updated: 697492
	184  -  MemoryUsage of job (MB)
	187836  -  ResidentSetSize of job (KB)
...
040 (311094.002.000) 2023-06-12 18:37:11 Started transferring output files
...
040 (311094.002.000) 2023-06-12 18:37:11 Finished transferring output files
...
005 (311094.002.000) 2023-06-12 18:37:11 Job terminated.
	(1) Normal termination (return value 0)
		Usr 0 00:02:25, Sys 0 00:00:01  -  Run Remote Usage
		Usr 0 00:00:00, Sys 0 00:00:00  -  Run Local Usage
		Usr 0 00:02:25, Sys 0 00:00:01  -  Total Remote Usage
		Usr 0 00:00:00, Sys 0 00:00:00  -  Total Local Usage
	10547  -  Run Bytes Sent By Job
	148  -  Run Bytes Received By Job
	10547  -  Total Bytes Sent By Job
	148  -  Total Bytes Received By Job
	Partitionable Resources :    Usage  Request Allocated 
	   Cpus                 :                 1         1 
	   Disk (KB)            :       55        1    127899 
	   Memory (MB)          :      184     3900      3968 

	Job terminated of its own accord at 2023-06-12T09:37:10Z.
...
006 (311094.001.000) 2023-06-12 18:37:29 Image size of job updated: 697072
	184  -  MemoryUsage of job (MB)
	187832  -  ResidentSetSize of job (KB)
...
040 (311094.001.000) 2023-06-12 18:37:29 Started transferring output files
...
040 (311094.001.000) 2023-06-12 18:37:29 Finished transferring output files
...
005 (311094.001.000) 2023-06-12 18:37:29 Job terminated.
	(1) Normal termination (return value 0)
		Usr 0 00:02:44, Sys 0 00:00:01  -  Run Remote Usage
		Usr 0 00:00:00, Sys 0 00:00:00  -  Run Local Usage
		Usr 0 00:02:44, Sys 0 00:00:01  -  Total Remote Usage
		Usr 0 00:00:00, Sys 0 00:00:00  -  Total Local Usage
	10089  -  Run Bytes Sent By Job
	148  -  Run Bytes Received By Job
	10089  -  Total Bytes Sent By Job
	148  -  Total Bytes Received By Job
	Partitionable Resources :    Usage  Request Allocated 
	   Cpus                 :                 1         1 
	   Disk (KB)            :       55        1    127899 
	   Memory (MB)          :      184     3900      3968 

	Job terminated of its own accord at 2023-06-12T09:37:29Z.
...
006 (311094.004.000) 2023-06-12 18:37:34 Image size of job updated: 697500
	184  -  MemoryUsage of job (MB)
	187828  -  ResidentSetSize of job (KB)
...
040 (311094.004.000) 2023-06-12 18:37:34 Started transferring output files
...
040 (311094.004.000) 2023-06-12 18:37:34 Finished transferring output files
...
005 (311094.004.000) 2023-06-12 18:37:34 Job terminated.
	(1) Normal termination (return value 0)
		Usr 0 00:02:48, Sys 0 00:00:01  -  Run Remote Usage
		Usr 0 00:00:00, Sys 0 00:00:00  -  Run Local Usage
		Usr 0 00:02:48, Sys 0 00:00:01  -  Total Remote Usage
		Usr 0 00:00:00, Sys 0 00:00:00  -  Total Local Usage
	10116  -  Run Bytes Sent By Job
	148  -  Run Bytes Received By Job
	10116  -  Total Bytes Sent By Job
	148  -  Total Bytes Received By Job
	Partitionable Resources :    Usage  Request Allocated 
	   Cpus                 :                 1         1 
	   Disk (KB)            :       55        1    127899 
	   Memory (MB)          :      184     3900      3968 

	Job terminated of its own accord at 2023-06-12T09:37:34Z.
...
006 (311094.003.000) 2023-06-12 18:37:57 Image size of job updated: 697128
	184  -  MemoryUsage of job (MB)
	187624  -  ResidentSetSize of job (KB)
...
040 (311094.003.000) 2023-06-12 18:37:57 Started transferring output files
...
040 (311094.003.000) 2023-06-12 18:37:57 Finished transferring output files
...
005 (311094.003.000) 2023-06-12 18:37:57 Job terminated.
	(1) Normal termination (return value 0)
		Usr 0 00:03:11, Sys 0 00:00:01  -  Run Remote Usage
		Usr 0 00:00:00, Sys 0 00:00:00  -  Run Local Usage
		Usr 0 00:03:11, Sys 0 00:00:01  -  Total Remote Usage
		Usr 0 00:00:00, Sys 0 00:00:00  -  Total Local Usage
	8889  -  Run Bytes Sent By Job
	148  -  Run Bytes Received By Job
	8889  -  Total Bytes Sent By Job
	148  -  Total Bytes Received By Job
	Partitionable Resources :    Usage  Request Allocated 
	   Cpus                 :                 1         1 
	   Disk (KB)            :       54        1    127899 
	   Memory (MB)          :      184     3900      3968 

	Job terminated of its own accord at 2023-06-12T09:37:57Z.
...
006 (311094.000.000) 2023-06-12 18:38:09 Image size of job updated: 697848
	184  -  MemoryUsage of job (MB)
	187632  -  ResidentSetSize of job (KB)
...
040 (311094.000.000) 2023-06-12 18:38:09 Started transferring output files
...
040 (311094.000.000) 2023-06-12 18:38:09 Finished transferring output files
...
005 (311094.000.000) 2023-06-12 18:38:09 Job terminated.
	(1) Normal termination (return value 0)
		Usr 0 00:03:23, Sys 0 00:00:01  -  Run Remote Usage
		Usr 0 00:00:00, Sys 0 00:00:00  -  Run Local Usage
		Usr 0 00:03:23, Sys 0 00:00:01  -  Total Remote Usage
		Usr 0 00:00:00, Sys 0 00:00:00  -  Total Local Usage
	9944  -  Run Bytes Sent By Job
	148  -  Run Bytes Received By Job
	9944  -  Total Bytes Sent By Job
	148  -  Total Bytes Received By Job
	Partitionable Resources :    Usage  Request Allocated 
	   Cpus                 :                 1         1 
	   Disk (KB)            :       55        1    127899 
	   Memory (MB)          :      184     3900      3968 

	Job terminated of its own accord at 2023-06-12T09:38:09Z.
...
006 (311094.005.000) 2023-06-12 18:39:09 Image size of job updated: 696844
	153  -  MemoryUsage of job (MB)
	156628  -  ResidentSetSize of job (KB)
...
040 (311094.005.000) 2023-06-12 18:39:09 Started transferring output files
...
040 (311094.005.000) 2023-06-12 18:39:09 Finished transferring output files
...
005 (311094.005.000) 2023-06-12 18:39:09 Job terminated.
	(1) Normal termination (return value 0)
		Usr 0 00:04:16, Sys 0 00:00:03  -  Run Remote Usage
		Usr 0 00:00:00, Sys 0 00:00:00  -  Run Local Usage
		Usr 0 00:04:16, Sys 0 00:00:03  -  Total Remote Usage
		Usr 0 00:00:00, Sys 0 00:00:00  -  Total Local Usage
	10316  -  Run Bytes Sent By Job
	148  -  Run Bytes Received By Job
	10316  -  Total Bytes Sent By Job
	148  -  Total Bytes Received By Job
	Partitionable Resources :    Usage  Request Allocated 
	   Cpus                 :     1.00        1         1 
	   Disk (KB)            :    61           1    123869 
	   Memory (MB)          :   153        3900      3968 

	Job terminated of its own accord at 2023-06-12T09:39:09Z.
...
006 (311094.007.000) 2023-06-12 18:39:29 Image size of job updated: 696888
	158  -  MemoryUsage of job (MB)
	161020  -  ResidentSetSize of job (KB)
...
040 (311094.007.000) 2023-06-12 18:39:29 Started transferring output files
...
040 (311094.007.000) 2023-06-12 18:39:29 Finished transferring output files
...
005 (311094.007.000) 2023-06-12 18:39:29 Job terminated.
	(1) Normal termination (return value 0)
		Usr 0 00:04:36, Sys 0 00:00:03  -  Run Remote Usage
		Usr 0 00:00:00, Sys 0 00:00:00  -  Run Local Usage
		Usr 0 00:04:36, Sys 0 00:00:03  -  Total Remote Usage
		Usr 0 00:00:00, Sys 0 00:00:00  -  Total Local Usage
	10284  -  Run Bytes Sent By Job
	148  -  Run Bytes Received By Job
	10284  -  Total Bytes Sent By Job
	148  -  Total Bytes Received By Job
	Partitionable Resources :    Usage  Request Allocated 
	   Cpus                 :     0.99        1         1 
	   Disk (KB)            :    61           1    123869 
	   Memory (MB)          :   158        3900      3968 

	Job terminated of its own accord at 2023-06-12T09:39:29Z.
...
006 (311094.006.000) 2023-06-12 18:39:35 Image size of job updated: 696876
	156  -  MemoryUsage of job (MB)
	159404  -  ResidentSetSize of job (KB)
...
040 (311094.006.000) 2023-06-12 18:39:35 Started transferring output files
...
040 (311094.006.000) 2023-06-12 18:39:35 Finished transferring output files
...
005 (311094.006.000) 2023-06-12 18:39:35 Job terminated.
	(1) Normal termination (return value 0)
		Usr 0 00:04:43, Sys 0 00:00:04  -  Run Remote Usage
		Usr 0 00:00:00, Sys 0 00:00:00  -  Run Local Usage
		Usr 0 00:04:43, Sys 0 00:00:04  -  Total Remote Usage
		Usr 0 00:00:00, Sys 0 00:00:00  -  Total Local Usage
	9740  -  Run Bytes Sent By Job
	148  -  Run Bytes Received By Job
	9740  -  Total Bytes Sent By Job
	148  -  Total Bytes Received By Job
	Partitionable Resources :    Usage  Request Allocated 
	   Cpus                 :     0.99        1         1 
	   Disk (KB)            :    60           1    123869 
	   Memory (MB)          :   156        3900      3968 

	Job terminated of its own accord at 2023-06-12T09:39:35Z.
...
006 (311094.008.000) 2023-06-12 18:39:49 Image size of job updated: 695680
	219  -  MemoryUsage of job (MB)
	223748  -  ResidentSetSize of job (KB)
...
006 (311094.009.000) 2023-06-12 18:39:49 Image size of job updated: 696956
	220  -  MemoryUsage of job (MB)
	225012  -  ResidentSetSize of job (KB)
...
040 (311094.009.000) 2023-06-12 18:40:26 Started transferring output files
...
040 (311094.009.000) 2023-06-12 18:40:26 Finished transferring output files
...
005 (311094.009.000) 2023-06-12 18:40:26 Job terminated.
	(1) Normal termination (return value 0)
		Usr 0 00:05:33, Sys 0 00:00:04  -  Run Remote Usage
		Usr 0 00:00:00, Sys 0 00:00:00  -  Run Local Usage
		Usr 0 00:05:33, Sys 0 00:00:04  -  Total Remote Usage
		Usr 0 00:00:00, Sys 0 00:00:00  -  Total Local Usage
	9681  -  Run Bytes Sent By Job
	148  -  Run Bytes Received By Job
	9681  -  Total Bytes Sent By Job
	148  -  Total Bytes Received By Job
	Partitionable Resources :    Usage  Request Allocated 
	   Cpus                 :     1.00        1         1 
	   Disk (KB)            :    60           1    123869 
	   Memory (MB)          :   220        3900      3968 

	Job terminated of its own accord at 2023-06-12T09:40:26Z.
...
006 (311094.008.000) 2023-06-12 18:40:40 Image size of job updated: 696912
	219  -  MemoryUsage of job (MB)
	223748  -  ResidentSetSize of job (KB)
...
040 (311094.008.000) 2023-06-12 18:40:40 Started transferring output files
...
040 (311094.008.000) 2023-06-12 18:40:40 Finished transferring output files
...
005 (311094.008.000) 2023-06-12 18:40:40 Job terminated.
	(1) Normal termination (return value 0)
		Usr 0 00:05:49, Sys 0 00:00:03  -  Run Remote Usage
		Usr 0 00:00:00, Sys 0 00:00:00  -  Run Local Usage
		Usr 0 00:05:49, Sys 0 00:00:03  -  Total Remote Usage
		Usr 0 00:00:00, Sys 0 00:00:00  -  Total Local Usage
	9139  -  Run Bytes Sent By Job
	148  -  Run Bytes Received By Job
	9139  -  Total Bytes Sent By Job
	148  -  Total Bytes Received By Job
	Partitionable Resources :    Usage  Request Allocated 
	   Cpus                 :     0.99        1         1 
	   Disk (KB)            :    59           1    123869 
	   Memory (MB)          :   219        3900      3968 

	Job terminated of its own accord at 2023-06-12T09:40:40Z.
...
