000 (330179.000.000) 2023-07-25 12:44:52 Job submitted from host: <172.30.1.200:9618?addrs=172.30.1.200-9618&alias=tamsa2.snu.ac.kr&noUDP&sock=schedd_3510_2582>
...
000 (330179.001.000) 2023-07-25 12:44:52 Job submitted from host: <172.30.1.200:9618?addrs=172.30.1.200-9618&alias=tamsa2.snu.ac.kr&noUDP&sock=schedd_3510_2582>
...
000 (330179.002.000) 2023-07-25 12:44:52 Job submitted from host: <172.30.1.200:9618?addrs=172.30.1.200-9618&alias=tamsa2.snu.ac.kr&noUDP&sock=schedd_3510_2582>
...
000 (330179.003.000) 2023-07-25 12:44:52 Job submitted from host: <172.30.1.200:9618?addrs=172.30.1.200-9618&alias=tamsa2.snu.ac.kr&noUDP&sock=schedd_3510_2582>
...
000 (330179.004.000) 2023-07-25 12:44:52 Job submitted from host: <172.30.1.200:9618?addrs=172.30.1.200-9618&alias=tamsa2.snu.ac.kr&noUDP&sock=schedd_3510_2582>
...
000 (330179.005.000) 2023-07-25 12:44:52 Job submitted from host: <172.30.1.200:9618?addrs=172.30.1.200-9618&alias=tamsa2.snu.ac.kr&noUDP&sock=schedd_3510_2582>
...
000 (330179.006.000) 2023-07-25 12:44:52 Job submitted from host: <172.30.1.200:9618?addrs=172.30.1.200-9618&alias=tamsa2.snu.ac.kr&noUDP&sock=schedd_3510_2582>
...
000 (330179.007.000) 2023-07-25 12:44:52 Job submitted from host: <172.30.1.200:9618?addrs=172.30.1.200-9618&alias=tamsa2.snu.ac.kr&noUDP&sock=schedd_3510_2582>
...
000 (330179.008.000) 2023-07-25 12:44:52 Job submitted from host: <172.30.1.200:9618?addrs=172.30.1.200-9618&alias=tamsa2.snu.ac.kr&noUDP&sock=schedd_3510_2582>
...
000 (330179.009.000) 2023-07-25 12:44:52 Job submitted from host: <172.30.1.200:9618?addrs=172.30.1.200-9618&alias=tamsa2.snu.ac.kr&noUDP&sock=schedd_3510_2582>
...
001 (330179.000.000) 2023-07-25 12:45:07 Job executing on host: <172.30.1.209:9618?addrs=172.30.1.209-9618&alias=node9&noUDP&sock=startd_3776_99b3>
...
001 (330179.001.000) 2023-07-25 12:45:07 Job executing on host: <172.30.1.209:9618?addrs=172.30.1.209-9618&alias=node9&noUDP&sock=startd_3776_99b3>
...
001 (330179.002.000) 2023-07-25 12:45:08 Job executing on host: <172.30.1.209:9618?addrs=172.30.1.209-9618&alias=node9&noUDP&sock=startd_3776_99b3>
...
001 (330179.003.000) 2023-07-25 12:45:08 Job executing on host: <172.30.1.209:9618?addrs=172.30.1.209-9618&alias=node9&noUDP&sock=startd_3776_99b3>
...
001 (330179.004.000) 2023-07-25 12:45:08 Job executing on host: <172.30.1.209:9618?addrs=172.30.1.209-9618&alias=node9&noUDP&sock=startd_3776_99b3>
...
001 (330179.005.000) 2023-07-25 12:45:08 Job executing on host: <172.30.1.209:9618?addrs=172.30.1.209-9618&alias=node9&noUDP&sock=startd_3776_99b3>
...
001 (330179.006.000) 2023-07-25 12:45:08 Job executing on host: <172.30.1.209:9618?addrs=172.30.1.209-9618&alias=node9&noUDP&sock=startd_3776_99b3>
...
001 (330179.007.000) 2023-07-25 12:45:08 Job executing on host: <172.30.1.209:9618?addrs=172.30.1.209-9618&alias=node9&noUDP&sock=startd_3776_99b3>
...
001 (330179.008.000) 2023-07-25 12:45:08 Job executing on host: <172.30.1.209:9618?addrs=172.30.1.209-9618&alias=node9&noUDP&sock=startd_3776_99b3>
...
001 (330179.009.000) 2023-07-25 12:45:08 Job executing on host: <172.30.1.209:9618?addrs=172.30.1.209-9618&alias=node9&noUDP&sock=startd_3776_99b3>
...
006 (330179.001.000) 2023-07-25 12:45:16 Image size of job updated: 166320
	160  -  MemoryUsage of job (MB)
	162916  -  ResidentSetSize of job (KB)
...
006 (330179.002.000) 2023-07-25 12:45:16 Image size of job updated: 172584
	167  -  MemoryUsage of job (MB)
	170880  -  ResidentSetSize of job (KB)
...
006 (330179.003.000) 2023-07-25 12:45:16 Image size of job updated: 179192
	169  -  MemoryUsage of job (MB)
	172244  -  ResidentSetSize of job (KB)
...
006 (330179.004.000) 2023-07-25 12:45:16 Image size of job updated: 174556
	169  -  MemoryUsage of job (MB)
	172140  -  ResidentSetSize of job (KB)
...
006 (330179.005.000) 2023-07-25 12:45:16 Image size of job updated: 191024
	174  -  MemoryUsage of job (MB)
	177352  -  ResidentSetSize of job (KB)
...
006 (330179.006.000) 2023-07-25 12:45:16 Image size of job updated: 180420
	174  -  MemoryUsage of job (MB)
	177340  -  ResidentSetSize of job (KB)
...
006 (330179.007.000) 2023-07-25 12:45:16 Image size of job updated: 175568
	170  -  MemoryUsage of job (MB)
	173200  -  ResidentSetSize of job (KB)
...
006 (330179.008.000) 2023-07-25 12:45:16 Image size of job updated: 190420
	175  -  MemoryUsage of job (MB)
	178556  -  ResidentSetSize of job (KB)
...
006 (330179.000.000) 2023-07-25 12:45:17 Image size of job updated: 189352
	182  -  MemoryUsage of job (MB)
	186232  -  ResidentSetSize of job (KB)
...
006 (330179.009.000) 2023-07-25 12:45:17 Image size of job updated: 188604
	183  -  MemoryUsage of job (MB)
	186704  -  ResidentSetSize of job (KB)
...
006 (330179.002.000) 2023-07-25 12:45:30 Image size of job updated: 687316
	167  -  MemoryUsage of job (MB)
	170900  -  ResidentSetSize of job (KB)
...
006 (330179.007.000) 2023-07-25 12:45:30 Image size of job updated: 682016
	170  -  MemoryUsage of job (MB)
	173216  -  ResidentSetSize of job (KB)
...
005 (330179.002.000) 2023-07-25 12:45:30 Job terminated.
	(1) Normal termination (return value 0)
		Usr 0 00:00:15, Sys 0 00:00:01  -  Run Remote Usage
		Usr 0 00:00:00, Sys 0 00:00:00  -  Run Local Usage
		Usr 0 00:00:15, Sys 0 00:00:01  -  Total Remote Usage
		Usr 0 00:00:00, Sys 0 00:00:00  -  Total Local Usage
	0  -  Run Bytes Sent By Job
	0  -  Run Bytes Received By Job
	0  -  Total Bytes Sent By Job
	0  -  Total Bytes Received By Job
	Partitionable Resources :    Usage  Request Allocated 
	   Cpus                 :                 1         1 
	   Disk (KB)            :        1        1    128928 
	   Memory (MB)          :      167     3900      3968 

	Job terminated of its own accord at 2023-07-25T03:45:30Z.
...
005 (330179.007.000) 2023-07-25 12:45:30 Job terminated.
	(1) Normal termination (return value 0)
		Usr 0 00:00:16, Sys 0 00:00:01  -  Run Remote Usage
		Usr 0 00:00:00, Sys 0 00:00:00  -  Run Local Usage
		Usr 0 00:00:16, Sys 0 00:00:01  -  Total Remote Usage
		Usr 0 00:00:00, Sys 0 00:00:00  -  Total Local Usage
	0  -  Run Bytes Sent By Job
	0  -  Run Bytes Received By Job
	0  -  Total Bytes Sent By Job
	0  -  Total Bytes Received By Job
	Partitionable Resources :    Usage  Request Allocated 
	   Cpus                 :                 1         1 
	   Disk (KB)            :        1        1    128928 
	   Memory (MB)          :      170     3900      3968 

	Job terminated of its own accord at 2023-07-25T03:45:30Z.
...
006 (330179.000.000) 2023-07-25 12:45:34 Image size of job updated: 695524
	182  -  MemoryUsage of job (MB)
	186232  -  ResidentSetSize of job (KB)
...
005 (330179.000.000) 2023-07-25 12:45:34 Job terminated.
	(1) Normal termination (return value 0)
		Usr 0 00:00:16, Sys 0 00:00:01  -  Run Remote Usage
		Usr 0 00:00:00, Sys 0 00:00:00  -  Run Local Usage
		Usr 0 00:00:16, Sys 0 00:00:01  -  Total Remote Usage
		Usr 0 00:00:00, Sys 0 00:00:00  -  Total Local Usage
	0  -  Run Bytes Sent By Job
	0  -  Run Bytes Received By Job
	0  -  Total Bytes Sent By Job
	0  -  Total Bytes Received By Job
	Partitionable Resources :    Usage  Request Allocated 
	   Cpus                 :                 1         1 
	   Disk (KB)            :        1        1    128928 
	   Memory (MB)          :      182     3900      3968 

	Job terminated of its own accord at 2023-07-25T03:45:34Z.
...
006 (330179.009.000) 2023-07-25 12:45:34 Image size of job updated: 687332
	183  -  MemoryUsage of job (MB)
	186704  -  ResidentSetSize of job (KB)
...
006 (330179.006.000) 2023-07-25 12:45:34 Image size of job updated: 687240
	174  -  MemoryUsage of job (MB)
	177340  -  ResidentSetSize of job (KB)
...
006 (330179.004.000) 2023-07-25 12:45:34 Image size of job updated: 687252
	169  -  MemoryUsage of job (MB)
	172164  -  ResidentSetSize of job (KB)
...
005 (330179.009.000) 2023-07-25 12:45:34 Job terminated.
	(1) Normal termination (return value 0)
		Usr 0 00:00:16, Sys 0 00:00:01  -  Run Remote Usage
		Usr 0 00:00:00, Sys 0 00:00:00  -  Run Local Usage
		Usr 0 00:00:16, Sys 0 00:00:01  -  Total Remote Usage
		Usr 0 00:00:00, Sys 0 00:00:00  -  Total Local Usage
	0  -  Run Bytes Sent By Job
	0  -  Run Bytes Received By Job
	0  -  Total Bytes Sent By Job
	0  -  Total Bytes Received By Job
	Partitionable Resources :    Usage  Request Allocated 
	   Cpus                 :                 1         1 
	   Disk (KB)            :        1        1    128928 
	   Memory (MB)          :      183     3900      3968 

	Job terminated of its own accord at 2023-07-25T03:45:34Z.
...
006 (330179.003.000) 2023-07-25 12:45:35 Image size of job updated: 687204
	169  -  MemoryUsage of job (MB)
	172280  -  ResidentSetSize of job (KB)
...
006 (330179.005.000) 2023-07-25 12:45:35 Image size of job updated: 687196
	174  -  MemoryUsage of job (MB)
	177352  -  ResidentSetSize of job (KB)
...
005 (330179.004.000) 2023-07-25 12:45:35 Job terminated.
	(1) Normal termination (return value 0)
		Usr 0 00:00:18, Sys 0 00:00:01  -  Run Remote Usage
		Usr 0 00:00:00, Sys 0 00:00:00  -  Run Local Usage
		Usr 0 00:00:18, Sys 0 00:00:01  -  Total Remote Usage
		Usr 0 00:00:00, Sys 0 00:00:00  -  Total Local Usage
	0  -  Run Bytes Sent By Job
	0  -  Run Bytes Received By Job
	0  -  Total Bytes Sent By Job
	0  -  Total Bytes Received By Job
	Partitionable Resources :    Usage  Request Allocated 
	   Cpus                 :                 1         1 
	   Disk (KB)            :        1        1    128928 
	   Memory (MB)          :      169     3900      3968 

	Job terminated of its own accord at 2023-07-25T03:45:34Z.
...
005 (330179.006.000) 2023-07-25 12:45:35 Job terminated.
	(1) Normal termination (return value 0)
		Usr 0 00:00:17, Sys 0 00:00:01  -  Run Remote Usage
		Usr 0 00:00:00, Sys 0 00:00:00  -  Run Local Usage
		Usr 0 00:00:17, Sys 0 00:00:01  -  Total Remote Usage
		Usr 0 00:00:00, Sys 0 00:00:00  -  Total Local Usage
	0  -  Run Bytes Sent By Job
	0  -  Run Bytes Received By Job
	0  -  Total Bytes Sent By Job
	0  -  Total Bytes Received By Job
	Partitionable Resources :    Usage  Request Allocated 
	   Cpus                 :                 1         1 
	   Disk (KB)            :        1        1    128928 
	   Memory (MB)          :      174     3900      3968 

	Job terminated of its own accord at 2023-07-25T03:45:34Z.
...
005 (330179.003.000) 2023-07-25 12:45:35 Job terminated.
	(1) Normal termination (return value 0)
		Usr 0 00:00:17, Sys 0 00:00:01  -  Run Remote Usage
		Usr 0 00:00:00, Sys 0 00:00:00  -  Run Local Usage
		Usr 0 00:00:17, Sys 0 00:00:01  -  Total Remote Usage
		Usr 0 00:00:00, Sys 0 00:00:00  -  Total Local Usage
	0  -  Run Bytes Sent By Job
	0  -  Run Bytes Received By Job
	0  -  Total Bytes Sent By Job
	0  -  Total Bytes Received By Job
	Partitionable Resources :    Usage  Request Allocated 
	   Cpus                 :                 1         1 
	   Disk (KB)            :        1        1    128928 
	   Memory (MB)          :      169     3900      3968 

	Job terminated of its own accord at 2023-07-25T03:45:34Z.
...
005 (330179.005.000) 2023-07-25 12:45:35 Job terminated.
	(1) Normal termination (return value 0)
		Usr 0 00:00:18, Sys 0 00:00:01  -  Run Remote Usage
		Usr 0 00:00:00, Sys 0 00:00:00  -  Run Local Usage
		Usr 0 00:00:18, Sys 0 00:00:01  -  Total Remote Usage
		Usr 0 00:00:00, Sys 0 00:00:00  -  Total Local Usage
	0  -  Run Bytes Sent By Job
	0  -  Run Bytes Received By Job
	0  -  Total Bytes Sent By Job
	0  -  Total Bytes Received By Job
	Partitionable Resources :    Usage  Request Allocated 
	   Cpus                 :                 1         1 
	   Disk (KB)            :        1        1    128928 
	   Memory (MB)          :      174     3900      3968 

	Job terminated of its own accord at 2023-07-25T03:45:34Z.
...
006 (330179.001.000) 2023-07-25 12:45:36 Image size of job updated: 687224
	160  -  MemoryUsage of job (MB)
	162916  -  ResidentSetSize of job (KB)
...
005 (330179.001.000) 2023-07-25 12:45:36 Job terminated.
	(1) Normal termination (return value 0)
		Usr 0 00:00:19, Sys 0 00:00:01  -  Run Remote Usage
		Usr 0 00:00:00, Sys 0 00:00:00  -  Run Local Usage
		Usr 0 00:00:19, Sys 0 00:00:01  -  Total Remote Usage
		Usr 0 00:00:00, Sys 0 00:00:00  -  Total Local Usage
	0  -  Run Bytes Sent By Job
	0  -  Run Bytes Received By Job
	0  -  Total Bytes Sent By Job
	0  -  Total Bytes Received By Job
	Partitionable Resources :    Usage  Request Allocated 
	   Cpus                 :                 1         1 
	   Disk (KB)            :        1        1    128928 
	   Memory (MB)          :      160     3900      3968 

	Job terminated of its own accord at 2023-07-25T03:45:36Z.
...
006 (330179.008.000) 2023-07-25 12:45:37 Image size of job updated: 687544
	175  -  MemoryUsage of job (MB)
	178572  -  ResidentSetSize of job (KB)
...
005 (330179.008.000) 2023-07-25 12:45:37 Job terminated.
	(1) Normal termination (return value 0)
		Usr 0 00:00:19, Sys 0 00:00:01  -  Run Remote Usage
		Usr 0 00:00:00, Sys 0 00:00:00  -  Run Local Usage
		Usr 0 00:00:19, Sys 0 00:00:01  -  Total Remote Usage
		Usr 0 00:00:00, Sys 0 00:00:00  -  Total Local Usage
	0  -  Run Bytes Sent By Job
	0  -  Run Bytes Received By Job
	0  -  Total Bytes Sent By Job
	0  -  Total Bytes Received By Job
	Partitionable Resources :    Usage  Request Allocated 
	   Cpus                 :                 1         1 
	   Disk (KB)            :        1        1    128928 
	   Memory (MB)          :      175     3900      3968 

	Job terminated of its own accord at 2023-07-25T03:45:37Z.
...
