000 (330184.000.000) 2023-07-25 12:44:53 Job submitted from host: <172.30.1.200:9618?addrs=172.30.1.200-9618&alias=tamsa2.snu.ac.kr&noUDP&sock=schedd_3510_2582>
...
000 (330184.001.000) 2023-07-25 12:44:53 Job submitted from host: <172.30.1.200:9618?addrs=172.30.1.200-9618&alias=tamsa2.snu.ac.kr&noUDP&sock=schedd_3510_2582>
...
000 (330184.002.000) 2023-07-25 12:44:53 Job submitted from host: <172.30.1.200:9618?addrs=172.30.1.200-9618&alias=tamsa2.snu.ac.kr&noUDP&sock=schedd_3510_2582>
...
000 (330184.003.000) 2023-07-25 12:44:53 Job submitted from host: <172.30.1.200:9618?addrs=172.30.1.200-9618&alias=tamsa2.snu.ac.kr&noUDP&sock=schedd_3510_2582>
...
000 (330184.004.000) 2023-07-25 12:44:53 Job submitted from host: <172.30.1.200:9618?addrs=172.30.1.200-9618&alias=tamsa2.snu.ac.kr&noUDP&sock=schedd_3510_2582>
...
000 (330184.005.000) 2023-07-25 12:44:53 Job submitted from host: <172.30.1.200:9618?addrs=172.30.1.200-9618&alias=tamsa2.snu.ac.kr&noUDP&sock=schedd_3510_2582>
...
000 (330184.006.000) 2023-07-25 12:44:53 Job submitted from host: <172.30.1.200:9618?addrs=172.30.1.200-9618&alias=tamsa2.snu.ac.kr&noUDP&sock=schedd_3510_2582>
...
000 (330184.007.000) 2023-07-25 12:44:53 Job submitted from host: <172.30.1.200:9618?addrs=172.30.1.200-9618&alias=tamsa2.snu.ac.kr&noUDP&sock=schedd_3510_2582>
...
000 (330184.008.000) 2023-07-25 12:44:53 Job submitted from host: <172.30.1.200:9618?addrs=172.30.1.200-9618&alias=tamsa2.snu.ac.kr&noUDP&sock=schedd_3510_2582>
...
000 (330184.009.000) 2023-07-25 12:44:53 Job submitted from host: <172.30.1.200:9618?addrs=172.30.1.200-9618&alias=tamsa2.snu.ac.kr&noUDP&sock=schedd_3510_2582>
...
001 (330184.004.000) 2023-07-25 12:46:01 Job executing on host: <172.30.1.206:9618?addrs=172.30.1.206-9618&alias=node6&noUDP&sock=startd_3777_494c>
...
001 (330184.005.000) 2023-07-25 12:46:02 Job executing on host: <172.30.1.206:9618?addrs=172.30.1.206-9618&alias=node6&noUDP&sock=startd_3777_494c>
...
001 (330184.006.000) 2023-07-25 12:46:02 Job executing on host: <172.30.1.206:9618?addrs=172.30.1.206-9618&alias=node6&noUDP&sock=startd_3777_494c>
...
001 (330184.007.000) 2023-07-25 12:46:02 Job executing on host: <172.30.1.206:9618?addrs=172.30.1.206-9618&alias=node6&noUDP&sock=startd_3777_494c>
...
001 (330184.008.000) 2023-07-25 12:46:02 Job executing on host: <172.30.1.206:9618?addrs=172.30.1.206-9618&alias=node6&noUDP&sock=startd_3777_494c>
...
001 (330184.009.000) 2023-07-25 12:46:02 Job executing on host: <172.30.1.206:9618?addrs=172.30.1.206-9618&alias=node6&noUDP&sock=startd_3777_494c>
...
001 (330184.000.000) 2023-07-25 12:46:02 Job executing on host: <172.30.1.205:9618?addrs=172.30.1.205-9618&alias=node5&noUDP&sock=startd_3770_7c22>
...
001 (330184.001.000) 2023-07-25 12:46:02 Job executing on host: <172.30.1.205:9618?addrs=172.30.1.205-9618&alias=node5&noUDP&sock=startd_3770_7c22>
...
001 (330184.002.000) 2023-07-25 12:46:02 Job executing on host: <172.30.1.205:9618?addrs=172.30.1.205-9618&alias=node5&noUDP&sock=startd_3770_7c22>
...
001 (330184.003.000) 2023-07-25 12:46:02 Job executing on host: <172.30.1.205:9618?addrs=172.30.1.205-9618&alias=node5&noUDP&sock=startd_3770_7c22>
...
006 (330184.004.000) 2023-07-25 12:46:10 Image size of job updated: 619364
	206  -  MemoryUsage of job (MB)
	210872  -  ResidentSetSize of job (KB)
...
006 (330184.005.000) 2023-07-25 12:46:10 Image size of job updated: 619364
	205  -  MemoryUsage of job (MB)
	209424  -  ResidentSetSize of job (KB)
...
006 (330184.007.000) 2023-07-25 12:46:10 Image size of job updated: 512576
	206  -  MemoryUsage of job (MB)
	210884  -  ResidentSetSize of job (KB)
...
006 (330184.006.000) 2023-07-25 12:46:10 Image size of job updated: 513552
	206  -  MemoryUsage of job (MB)
	210868  -  ResidentSetSize of job (KB)
...
006 (330184.008.000) 2023-07-25 12:46:10 Image size of job updated: 512568
	183  -  MemoryUsage of job (MB)
	186924  -  ResidentSetSize of job (KB)
...
006 (330184.009.000) 2023-07-25 12:46:10 Image size of job updated: 507700
	207  -  MemoryUsage of job (MB)
	211120  -  ResidentSetSize of job (KB)
...
006 (330184.000.000) 2023-07-25 12:46:11 Image size of job updated: 211080
	207  -  MemoryUsage of job (MB)
	211080  -  ResidentSetSize of job (KB)
...
006 (330184.001.000) 2023-07-25 12:46:11 Image size of job updated: 212868
	208  -  MemoryUsage of job (MB)
	212868  -  ResidentSetSize of job (KB)
...
006 (330184.002.000) 2023-07-25 12:46:11 Image size of job updated: 202496
	198  -  MemoryUsage of job (MB)
	202496  -  ResidentSetSize of job (KB)
...
006 (330184.003.000) 2023-07-25 12:46:11 Image size of job updated: 212784
	205  -  MemoryUsage of job (MB)
	209380  -  ResidentSetSize of job (KB)
...
006 (330184.001.000) 2023-07-25 12:46:16 Image size of job updated: 686568
	208  -  MemoryUsage of job (MB)
	212868  -  ResidentSetSize of job (KB)
...
005 (330184.001.000) 2023-07-25 12:46:16 Job terminated.
	(1) Normal termination (return value 0)
		Usr 0 00:00:12, Sys 0 00:00:00  -  Run Remote Usage
		Usr 0 00:00:00, Sys 0 00:00:00  -  Run Local Usage
		Usr 0 00:00:12, Sys 0 00:00:00  -  Total Remote Usage
		Usr 0 00:00:00, Sys 0 00:00:00  -  Total Local Usage
	0  -  Run Bytes Sent By Job
	0  -  Run Bytes Received By Job
	0  -  Total Bytes Sent By Job
	0  -  Total Bytes Received By Job
	Partitionable Resources :    Usage  Request Allocated 
	   Cpus                 :                 1         1 
	   Disk (KB)            :        1        1    128928 
	   Memory (MB)          :      208     3900      3968 

	Job terminated of its own accord at 2023-07-25T03:46:16Z.
...
005 (330184.007.000) 2023-07-25 12:46:18 Job terminated.
	(1) Normal termination (return value 0)
		Usr 0 00:00:14, Sys 0 00:00:00  -  Run Remote Usage
		Usr 0 00:00:00, Sys 0 00:00:00  -  Run Local Usage
		Usr 0 00:00:14, Sys 0 00:00:00  -  Total Remote Usage
		Usr 0 00:00:00, Sys 0 00:00:00  -  Total Local Usage
	0  -  Run Bytes Sent By Job
	0  -  Run Bytes Received By Job
	0  -  Total Bytes Sent By Job
	0  -  Total Bytes Received By Job
	Partitionable Resources :    Usage  Request Allocated 
	   Cpus                 :                 1         1 
	   Disk (KB)            :        1        1     95898 
	   Memory (MB)          :      206     3900      3968 

	Job terminated of its own accord at 2023-07-25T03:46:18Z.
...
006 (330184.003.000) 2023-07-25 12:46:20 Image size of job updated: 687120
	205  -  MemoryUsage of job (MB)
	209380  -  ResidentSetSize of job (KB)
...
005 (330184.003.000) 2023-07-25 12:46:20 Job terminated.
	(1) Normal termination (return value 0)
		Usr 0 00:00:16, Sys 0 00:00:01  -  Run Remote Usage
		Usr 0 00:00:00, Sys 0 00:00:00  -  Run Local Usage
		Usr 0 00:00:16, Sys 0 00:00:01  -  Total Remote Usage
		Usr 0 00:00:00, Sys 0 00:00:00  -  Total Local Usage
	0  -  Run Bytes Sent By Job
	0  -  Run Bytes Received By Job
	0  -  Total Bytes Sent By Job
	0  -  Total Bytes Received By Job
	Partitionable Resources :    Usage  Request Allocated 
	   Cpus                 :                 1         1 
	   Disk (KB)            :        1        1    128928 
	   Memory (MB)          :      205     3900      3968 

	Job terminated of its own accord at 2023-07-25T03:46:20Z.
...
006 (330184.005.000) 2023-07-25 12:46:20 Image size of job updated: 687560
	205  -  MemoryUsage of job (MB)
	209424  -  ResidentSetSize of job (KB)
...
005 (330184.005.000) 2023-07-25 12:46:20 Job terminated.
	(1) Normal termination (return value 0)
		Usr 0 00:00:16, Sys 0 00:00:00  -  Run Remote Usage
		Usr 0 00:00:00, Sys 0 00:00:00  -  Run Local Usage
		Usr 0 00:00:16, Sys 0 00:00:00  -  Total Remote Usage
		Usr 0 00:00:00, Sys 0 00:00:00  -  Total Local Usage
	0  -  Run Bytes Sent By Job
	0  -  Run Bytes Received By Job
	0  -  Total Bytes Sent By Job
	0  -  Total Bytes Received By Job
	Partitionable Resources :    Usage  Request Allocated 
	   Cpus                 :                 1         1 
	   Disk (KB)            :        1        1     95898 
	   Memory (MB)          :      205     3900      3968 

	Job terminated of its own accord at 2023-07-25T03:46:20Z.
...
006 (330184.004.000) 2023-07-25 12:46:20 Image size of job updated: 688284
	206  -  MemoryUsage of job (MB)
	210872  -  ResidentSetSize of job (KB)
...
005 (330184.004.000) 2023-07-25 12:46:20 Job terminated.
	(1) Normal termination (return value 0)
		Usr 0 00:00:17, Sys 0 00:00:00  -  Run Remote Usage
		Usr 0 00:00:00, Sys 0 00:00:00  -  Run Local Usage
		Usr 0 00:00:17, Sys 0 00:00:00  -  Total Remote Usage
		Usr 0 00:00:00, Sys 0 00:00:00  -  Total Local Usage
	0  -  Run Bytes Sent By Job
	0  -  Run Bytes Received By Job
	0  -  Total Bytes Sent By Job
	0  -  Total Bytes Received By Job
	Partitionable Resources :    Usage  Request Allocated 
	   Cpus                 :                 1         1 
	   Disk (KB)            :        1        1     95898 
	   Memory (MB)          :      206     3900      3968 

	Job terminated of its own accord at 2023-07-25T03:46:20Z.
...
006 (330184.000.000) 2023-07-25 12:46:21 Image size of job updated: 686696
	207  -  MemoryUsage of job (MB)
	211080  -  ResidentSetSize of job (KB)
...
005 (330184.000.000) 2023-07-25 12:46:21 Job terminated.
	(1) Normal termination (return value 0)
		Usr 0 00:00:17, Sys 0 00:00:00  -  Run Remote Usage
		Usr 0 00:00:00, Sys 0 00:00:00  -  Run Local Usage
		Usr 0 00:00:17, Sys 0 00:00:00  -  Total Remote Usage
		Usr 0 00:00:00, Sys 0 00:00:00  -  Total Local Usage
	0  -  Run Bytes Sent By Job
	0  -  Run Bytes Received By Job
	0  -  Total Bytes Sent By Job
	0  -  Total Bytes Received By Job
	Partitionable Resources :    Usage  Request Allocated 
	   Cpus                 :                 1         1 
	   Disk (KB)            :        1        1    128928 
	   Memory (MB)          :      207     3900      3968 

	Job terminated of its own accord at 2023-07-25T03:46:21Z.
...
006 (330184.006.000) 2023-07-25 12:46:21 Image size of job updated: 688384
	206  -  MemoryUsage of job (MB)
	210868  -  ResidentSetSize of job (KB)
...
005 (330184.006.000) 2023-07-25 12:46:21 Job terminated.
	(1) Normal termination (return value 0)
		Usr 0 00:00:17, Sys 0 00:00:00  -  Run Remote Usage
		Usr 0 00:00:00, Sys 0 00:00:00  -  Run Local Usage
		Usr 0 00:00:17, Sys 0 00:00:00  -  Total Remote Usage
		Usr 0 00:00:00, Sys 0 00:00:00  -  Total Local Usage
	0  -  Run Bytes Sent By Job
	0  -  Run Bytes Received By Job
	0  -  Total Bytes Sent By Job
	0  -  Total Bytes Received By Job
	Partitionable Resources :    Usage  Request Allocated 
	   Cpus                 :                 1         1 
	   Disk (KB)            :        1        1     95898 
	   Memory (MB)          :      206     3900      3968 

	Job terminated of its own accord at 2023-07-25T03:46:21Z.
...
006 (330184.009.000) 2023-07-25 12:46:21 Image size of job updated: 688488
	207  -  MemoryUsage of job (MB)
	211120  -  ResidentSetSize of job (KB)
...
005 (330184.009.000) 2023-07-25 12:46:21 Job terminated.
	(1) Normal termination (return value 0)
		Usr 0 00:00:17, Sys 0 00:00:00  -  Run Remote Usage
		Usr 0 00:00:00, Sys 0 00:00:00  -  Run Local Usage
		Usr 0 00:00:17, Sys 0 00:00:00  -  Total Remote Usage
		Usr 0 00:00:00, Sys 0 00:00:00  -  Total Local Usage
	0  -  Run Bytes Sent By Job
	0  -  Run Bytes Received By Job
	0  -  Total Bytes Sent By Job
	0  -  Total Bytes Received By Job
	Partitionable Resources :    Usage  Request Allocated 
	   Cpus                 :                 1         1 
	   Disk (KB)            :        1        1     95898 
	   Memory (MB)          :      207     3900      3968 

	Job terminated of its own accord at 2023-07-25T03:46:21Z.
...
006 (330184.008.000) 2023-07-25 12:46:22 Image size of job updated: 686648
	183  -  MemoryUsage of job (MB)
	186924  -  ResidentSetSize of job (KB)
...
005 (330184.008.000) 2023-07-25 12:46:22 Job terminated.
	(1) Normal termination (return value 0)
		Usr 0 00:00:18, Sys 0 00:00:00  -  Run Remote Usage
		Usr 0 00:00:00, Sys 0 00:00:00  -  Run Local Usage
		Usr 0 00:00:18, Sys 0 00:00:00  -  Total Remote Usage
		Usr 0 00:00:00, Sys 0 00:00:00  -  Total Local Usage
	0  -  Run Bytes Sent By Job
	0  -  Run Bytes Received By Job
	0  -  Total Bytes Sent By Job
	0  -  Total Bytes Received By Job
	Partitionable Resources :    Usage  Request Allocated 
	   Cpus                 :                 1         1 
	   Disk (KB)            :        1        1     95898 
	   Memory (MB)          :      183     3900      3968 

	Job terminated of its own accord at 2023-07-25T03:46:22Z.
...
006 (330184.002.000) 2023-07-25 12:46:23 Image size of job updated: 686700
	198  -  MemoryUsage of job (MB)
	202516  -  ResidentSetSize of job (KB)
...
005 (330184.002.000) 2023-07-25 12:46:23 Job terminated.
	(1) Normal termination (return value 0)
		Usr 0 00:00:19, Sys 0 00:00:00  -  Run Remote Usage
		Usr 0 00:00:00, Sys 0 00:00:00  -  Run Local Usage
		Usr 0 00:00:19, Sys 0 00:00:00  -  Total Remote Usage
		Usr 0 00:00:00, Sys 0 00:00:00  -  Total Local Usage
	0  -  Run Bytes Sent By Job
	0  -  Run Bytes Received By Job
	0  -  Total Bytes Sent By Job
	0  -  Total Bytes Received By Job
	Partitionable Resources :    Usage  Request Allocated 
	   Cpus                 :                 1         1 
	   Disk (KB)            :        1        1    128928 
	   Memory (MB)          :      198     3900      3968 

	Job terminated of its own accord at 2023-07-25T03:46:23Z.
...
