000 (330221.000.000) 2023-07-25 13:01:08 Job submitted from host: <172.30.1.200:9618?addrs=172.30.1.200-9618&alias=tamsa2.snu.ac.kr&noUDP&sock=schedd_3510_2582>
...
000 (330221.001.000) 2023-07-25 13:01:08 Job submitted from host: <172.30.1.200:9618?addrs=172.30.1.200-9618&alias=tamsa2.snu.ac.kr&noUDP&sock=schedd_3510_2582>
...
000 (330221.002.000) 2023-07-25 13:01:08 Job submitted from host: <172.30.1.200:9618?addrs=172.30.1.200-9618&alias=tamsa2.snu.ac.kr&noUDP&sock=schedd_3510_2582>
...
000 (330221.003.000) 2023-07-25 13:01:08 Job submitted from host: <172.30.1.200:9618?addrs=172.30.1.200-9618&alias=tamsa2.snu.ac.kr&noUDP&sock=schedd_3510_2582>
...
000 (330221.004.000) 2023-07-25 13:01:08 Job submitted from host: <172.30.1.200:9618?addrs=172.30.1.200-9618&alias=tamsa2.snu.ac.kr&noUDP&sock=schedd_3510_2582>
...
000 (330221.005.000) 2023-07-25 13:01:08 Job submitted from host: <172.30.1.200:9618?addrs=172.30.1.200-9618&alias=tamsa2.snu.ac.kr&noUDP&sock=schedd_3510_2582>
...
000 (330221.006.000) 2023-07-25 13:01:08 Job submitted from host: <172.30.1.200:9618?addrs=172.30.1.200-9618&alias=tamsa2.snu.ac.kr&noUDP&sock=schedd_3510_2582>
...
000 (330221.007.000) 2023-07-25 13:01:08 Job submitted from host: <172.30.1.200:9618?addrs=172.30.1.200-9618&alias=tamsa2.snu.ac.kr&noUDP&sock=schedd_3510_2582>
...
000 (330221.008.000) 2023-07-25 13:01:08 Job submitted from host: <172.30.1.200:9618?addrs=172.30.1.200-9618&alias=tamsa2.snu.ac.kr&noUDP&sock=schedd_3510_2582>
...
000 (330221.009.000) 2023-07-25 13:01:08 Job submitted from host: <172.30.1.200:9618?addrs=172.30.1.200-9618&alias=tamsa2.snu.ac.kr&noUDP&sock=schedd_3510_2582>
...
001 (330221.000.000) 2023-07-25 13:01:20 Job executing on host: <172.30.1.210:9618?addrs=172.30.1.210-9618&alias=node10&noUDP&sock=startd_3787_253e>
...
001 (330221.006.000) 2023-07-25 13:01:20 Job executing on host: <172.30.1.210:9618?addrs=172.30.1.210-9618&alias=node10&noUDP&sock=startd_3787_253e>
...
001 (330221.001.000) 2023-07-25 13:01:20 Job executing on host: <172.30.1.210:9618?addrs=172.30.1.210-9618&alias=node10&noUDP&sock=startd_3787_253e>
...
001 (330221.002.000) 2023-07-25 13:01:20 Job executing on host: <172.30.1.210:9618?addrs=172.30.1.210-9618&alias=node10&noUDP&sock=startd_3787_253e>
...
001 (330221.004.000) 2023-07-25 13:01:20 Job executing on host: <172.30.1.210:9618?addrs=172.30.1.210-9618&alias=node10&noUDP&sock=startd_3787_253e>
...
001 (330221.008.000) 2023-07-25 13:01:20 Job executing on host: <172.30.1.210:9618?addrs=172.30.1.210-9618&alias=node10&noUDP&sock=startd_3787_253e>
...
001 (330221.003.000) 2023-07-25 13:01:20 Job executing on host: <172.30.1.210:9618?addrs=172.30.1.210-9618&alias=node10&noUDP&sock=startd_3787_253e>
...
001 (330221.005.000) 2023-07-25 13:01:20 Job executing on host: <172.30.1.210:9618?addrs=172.30.1.210-9618&alias=node10&noUDP&sock=startd_3787_253e>
...
001 (330221.009.000) 2023-07-25 13:01:20 Job executing on host: <172.30.1.210:9618?addrs=172.30.1.210-9618&alias=node10&noUDP&sock=startd_3787_253e>
...
001 (330221.007.000) 2023-07-25 13:01:20 Job executing on host: <172.30.1.210:9618?addrs=172.30.1.210-9618&alias=node10&noUDP&sock=startd_3787_253e>
...
006 (330221.002.000) 2023-07-25 13:01:29 Image size of job updated: 126720
	122  -  MemoryUsage of job (MB)
	123948  -  ResidentSetSize of job (KB)
...
006 (330221.006.000) 2023-07-25 13:01:29 Image size of job updated: 128372
	122  -  MemoryUsage of job (MB)
	124056  -  ResidentSetSize of job (KB)
...
006 (330221.004.000) 2023-07-25 13:01:29 Image size of job updated: 128344
	122  -  MemoryUsage of job (MB)
	124008  -  ResidentSetSize of job (KB)
...
006 (330221.008.000) 2023-07-25 13:01:29 Image size of job updated: 127760
	122  -  MemoryUsage of job (MB)
	124800  -  ResidentSetSize of job (KB)
...
006 (330221.003.000) 2023-07-25 13:01:29 Image size of job updated: 131920
	124  -  MemoryUsage of job (MB)
	126380  -  ResidentSetSize of job (KB)
...
006 (330221.005.000) 2023-07-25 13:01:29 Image size of job updated: 128804
	123  -  MemoryUsage of job (MB)
	125224  -  ResidentSetSize of job (KB)
...
006 (330221.009.000) 2023-07-25 13:01:29 Image size of job updated: 129732
	125  -  MemoryUsage of job (MB)
	127108  -  ResidentSetSize of job (KB)
...
006 (330221.007.000) 2023-07-25 13:01:29 Image size of job updated: 139988
	124  -  MemoryUsage of job (MB)
	126104  -  ResidentSetSize of job (KB)
...
006 (330221.000.000) 2023-07-25 13:01:29 Image size of job updated: 154576
	148  -  MemoryUsage of job (MB)
	151516  -  ResidentSetSize of job (KB)
...
006 (330221.001.000) 2023-07-25 13:01:30 Image size of job updated: 158348
	150  -  MemoryUsage of job (MB)
	153128  -  ResidentSetSize of job (KB)
...
006 (330221.008.000) 2023-07-25 13:01:49 Image size of job updated: 688076
	122  -  MemoryUsage of job (MB)
	124892  -  ResidentSetSize of job (KB)
...
005 (330221.008.000) 2023-07-25 13:01:49 Job terminated.
	(1) Normal termination (return value 0)
		Usr 0 00:00:20, Sys 0 00:00:01  -  Run Remote Usage
		Usr 0 00:00:00, Sys 0 00:00:00  -  Run Local Usage
		Usr 0 00:00:20, Sys 0 00:00:01  -  Total Remote Usage
		Usr 0 00:00:00, Sys 0 00:00:00  -  Total Local Usage
	0  -  Run Bytes Sent By Job
	0  -  Run Bytes Received By Job
	0  -  Total Bytes Sent By Job
	0  -  Total Bytes Received By Job
	Partitionable Resources :    Usage  Request Allocated 
	   Cpus                 :                 1         1 
	   Disk (KB)            :        1        1    128928 
	   Memory (MB)          :      122     3900      3968 

	Job terminated of its own accord at 2023-07-25T04:01:49Z.
...
006 (330221.002.000) 2023-07-25 13:01:49 Image size of job updated: 688508
	122  -  MemoryUsage of job (MB)
	123964  -  ResidentSetSize of job (KB)
...
005 (330221.002.000) 2023-07-25 13:01:49 Job terminated.
	(1) Normal termination (return value 0)
		Usr 0 00:00:20, Sys 0 00:00:01  -  Run Remote Usage
		Usr 0 00:00:00, Sys 0 00:00:00  -  Run Local Usage
		Usr 0 00:00:20, Sys 0 00:00:01  -  Total Remote Usage
		Usr 0 00:00:00, Sys 0 00:00:00  -  Total Local Usage
	0  -  Run Bytes Sent By Job
	0  -  Run Bytes Received By Job
	0  -  Total Bytes Sent By Job
	0  -  Total Bytes Received By Job
	Partitionable Resources :    Usage  Request Allocated 
	   Cpus                 :                 1         1 
	   Disk (KB)            :        1        1    128928 
	   Memory (MB)          :      122     3900      3968 

	Job terminated of its own accord at 2023-07-25T04:01:49Z.
...
006 (330221.003.000) 2023-07-25 13:01:49 Image size of job updated: 687224
	124  -  MemoryUsage of job (MB)
	126428  -  ResidentSetSize of job (KB)
...
005 (330221.003.000) 2023-07-25 13:01:49 Job terminated.
	(1) Normal termination (return value 0)
		Usr 0 00:00:20, Sys 0 00:00:01  -  Run Remote Usage
		Usr 0 00:00:00, Sys 0 00:00:00  -  Run Local Usage
		Usr 0 00:00:20, Sys 0 00:00:01  -  Total Remote Usage
		Usr 0 00:00:00, Sys 0 00:00:00  -  Total Local Usage
	0  -  Run Bytes Sent By Job
	0  -  Run Bytes Received By Job
	0  -  Total Bytes Sent By Job
	0  -  Total Bytes Received By Job
	Partitionable Resources :    Usage  Request Allocated 
	   Cpus                 :                 1         1 
	   Disk (KB)            :        1        1    128928 
	   Memory (MB)          :      124     3900      3968 

	Job terminated of its own accord at 2023-07-25T04:01:49Z.
...
006 (330221.004.000) 2023-07-25 13:01:50 Image size of job updated: 687508
	122  -  MemoryUsage of job (MB)
	124040  -  ResidentSetSize of job (KB)
...
005 (330221.004.000) 2023-07-25 13:01:50 Job terminated.
	(1) Normal termination (return value 0)
		Usr 0 00:00:21, Sys 0 00:00:01  -  Run Remote Usage
		Usr 0 00:00:00, Sys 0 00:00:00  -  Run Local Usage
		Usr 0 00:00:21, Sys 0 00:00:01  -  Total Remote Usage
		Usr 0 00:00:00, Sys 0 00:00:00  -  Total Local Usage
	0  -  Run Bytes Sent By Job
	0  -  Run Bytes Received By Job
	0  -  Total Bytes Sent By Job
	0  -  Total Bytes Received By Job
	Partitionable Resources :    Usage  Request Allocated 
	   Cpus                 :                 1         1 
	   Disk (KB)            :        1        1    128928 
	   Memory (MB)          :      122     3900      3968 

	Job terminated of its own accord at 2023-07-25T04:01:50Z.
...
006 (330221.009.000) 2023-07-25 13:01:50 Image size of job updated: 687348
	125  -  MemoryUsage of job (MB)
	127112  -  ResidentSetSize of job (KB)
...
005 (330221.009.000) 2023-07-25 13:01:50 Job terminated.
	(1) Normal termination (return value 0)
		Usr 0 00:00:21, Sys 0 00:00:01  -  Run Remote Usage
		Usr 0 00:00:00, Sys 0 00:00:00  -  Run Local Usage
		Usr 0 00:00:21, Sys 0 00:00:01  -  Total Remote Usage
		Usr 0 00:00:00, Sys 0 00:00:00  -  Total Local Usage
	0  -  Run Bytes Sent By Job
	0  -  Run Bytes Received By Job
	0  -  Total Bytes Sent By Job
	0  -  Total Bytes Received By Job
	Partitionable Resources :    Usage  Request Allocated 
	   Cpus                 :                 1         1 
	   Disk (KB)            :        1        1    128928 
	   Memory (MB)          :      125     3900      3968 

	Job terminated of its own accord at 2023-07-25T04:01:50Z.
...
006 (330221.000.000) 2023-07-25 13:01:51 Image size of job updated: 687532
	149  -  MemoryUsage of job (MB)
	151716  -  ResidentSetSize of job (KB)
...
005 (330221.000.000) 2023-07-25 13:01:51 Job terminated.
	(1) Normal termination (return value 0)
		Usr 0 00:00:22, Sys 0 00:00:01  -  Run Remote Usage
		Usr 0 00:00:00, Sys 0 00:00:00  -  Run Local Usage
		Usr 0 00:00:22, Sys 0 00:00:01  -  Total Remote Usage
		Usr 0 00:00:00, Sys 0 00:00:00  -  Total Local Usage
	0  -  Run Bytes Sent By Job
	0  -  Run Bytes Received By Job
	0  -  Total Bytes Sent By Job
	0  -  Total Bytes Received By Job
	Partitionable Resources :    Usage  Request Allocated 
	   Cpus                 :                 1         1 
	   Disk (KB)            :        1        1    128928 
	   Memory (MB)          :      149     3900      3968 

	Job terminated of its own accord at 2023-07-25T04:01:51Z.
...
006 (330221.001.000) 2023-07-25 13:01:52 Image size of job updated: 687500
	150  -  MemoryUsage of job (MB)
	153140  -  ResidentSetSize of job (KB)
...
005 (330221.001.000) 2023-07-25 13:01:52 Job terminated.
	(1) Normal termination (return value 0)
		Usr 0 00:00:23, Sys 0 00:00:01  -  Run Remote Usage
		Usr 0 00:00:00, Sys 0 00:00:00  -  Run Local Usage
		Usr 0 00:00:23, Sys 0 00:00:01  -  Total Remote Usage
		Usr 0 00:00:00, Sys 0 00:00:00  -  Total Local Usage
	0  -  Run Bytes Sent By Job
	0  -  Run Bytes Received By Job
	0  -  Total Bytes Sent By Job
	0  -  Total Bytes Received By Job
	Partitionable Resources :    Usage  Request Allocated 
	   Cpus                 :                 1         1 
	   Disk (KB)            :        1        1    128928 
	   Memory (MB)          :      150     3900      3968 

	Job terminated of its own accord at 2023-07-25T04:01:52Z.
...
006 (330221.006.000) 2023-07-25 13:01:52 Image size of job updated: 687524
	122  -  MemoryUsage of job (MB)
	124144  -  ResidentSetSize of job (KB)
...
005 (330221.006.000) 2023-07-25 13:01:52 Job terminated.
	(1) Normal termination (return value 0)
		Usr 0 00:00:23, Sys 0 00:00:01  -  Run Remote Usage
		Usr 0 00:00:00, Sys 0 00:00:00  -  Run Local Usage
		Usr 0 00:00:23, Sys 0 00:00:01  -  Total Remote Usage
		Usr 0 00:00:00, Sys 0 00:00:00  -  Total Local Usage
	0  -  Run Bytes Sent By Job
	0  -  Run Bytes Received By Job
	0  -  Total Bytes Sent By Job
	0  -  Total Bytes Received By Job
	Partitionable Resources :    Usage  Request Allocated 
	   Cpus                 :                 1         1 
	   Disk (KB)            :        1        1    128928 
	   Memory (MB)          :      122     3900      3968 

	Job terminated of its own accord at 2023-07-25T04:01:52Z.
...
006 (330221.007.000) 2023-07-25 13:01:52 Image size of job updated: 688028
	124  -  MemoryUsage of job (MB)
	126168  -  ResidentSetSize of job (KB)
...
005 (330221.007.000) 2023-07-25 13:01:52 Job terminated.
	(1) Normal termination (return value 0)
		Usr 0 00:00:23, Sys 0 00:00:01  -  Run Remote Usage
		Usr 0 00:00:00, Sys 0 00:00:00  -  Run Local Usage
		Usr 0 00:00:23, Sys 0 00:00:01  -  Total Remote Usage
		Usr 0 00:00:00, Sys 0 00:00:00  -  Total Local Usage
	0  -  Run Bytes Sent By Job
	0  -  Run Bytes Received By Job
	0  -  Total Bytes Sent By Job
	0  -  Total Bytes Received By Job
	Partitionable Resources :    Usage  Request Allocated 
	   Cpus                 :                 1         1 
	   Disk (KB)            :        1        1    128928 
	   Memory (MB)          :      124     3900      3968 

	Job terminated of its own accord at 2023-07-25T04:01:52Z.
...
006 (330221.005.000) 2023-07-25 13:01:59 Image size of job updated: 687224
	123  -  MemoryUsage of job (MB)
	125256  -  ResidentSetSize of job (KB)
...
005 (330221.005.000) 2023-07-25 13:01:59 Job terminated.
	(1) Normal termination (return value 0)
		Usr 0 00:00:30, Sys 0 00:00:01  -  Run Remote Usage
		Usr 0 00:00:00, Sys 0 00:00:00  -  Run Local Usage
		Usr 0 00:00:30, Sys 0 00:00:01  -  Total Remote Usage
		Usr 0 00:00:00, Sys 0 00:00:00  -  Total Local Usage
	0  -  Run Bytes Sent By Job
	0  -  Run Bytes Received By Job
	0  -  Total Bytes Sent By Job
	0  -  Total Bytes Received By Job
	Partitionable Resources :    Usage  Request Allocated 
	   Cpus                 :                 1         1 
	   Disk (KB)            :        1        1    128928 
	   Memory (MB)          :      123     3900      3968 

	Job terminated of its own accord at 2023-07-25T04:01:59Z.
...
