000 (330080.000.000) 2023-07-25 10:56:47 Job submitted from host: <172.30.1.200:9618?addrs=172.30.1.200-9618&alias=tamsa2.snu.ac.kr&noUDP&sock=schedd_3510_2582>
...
000 (330080.001.000) 2023-07-25 10:56:47 Job submitted from host: <172.30.1.200:9618?addrs=172.30.1.200-9618&alias=tamsa2.snu.ac.kr&noUDP&sock=schedd_3510_2582>
...
000 (330080.002.000) 2023-07-25 10:56:47 Job submitted from host: <172.30.1.200:9618?addrs=172.30.1.200-9618&alias=tamsa2.snu.ac.kr&noUDP&sock=schedd_3510_2582>
...
000 (330080.003.000) 2023-07-25 10:56:47 Job submitted from host: <172.30.1.200:9618?addrs=172.30.1.200-9618&alias=tamsa2.snu.ac.kr&noUDP&sock=schedd_3510_2582>
...
000 (330080.004.000) 2023-07-25 10:56:47 Job submitted from host: <172.30.1.200:9618?addrs=172.30.1.200-9618&alias=tamsa2.snu.ac.kr&noUDP&sock=schedd_3510_2582>
...
000 (330080.005.000) 2023-07-25 10:56:47 Job submitted from host: <172.30.1.200:9618?addrs=172.30.1.200-9618&alias=tamsa2.snu.ac.kr&noUDP&sock=schedd_3510_2582>
...
000 (330080.006.000) 2023-07-25 10:56:47 Job submitted from host: <172.30.1.200:9618?addrs=172.30.1.200-9618&alias=tamsa2.snu.ac.kr&noUDP&sock=schedd_3510_2582>
...
000 (330080.007.000) 2023-07-25 10:56:47 Job submitted from host: <172.30.1.200:9618?addrs=172.30.1.200-9618&alias=tamsa2.snu.ac.kr&noUDP&sock=schedd_3510_2582>
...
000 (330080.008.000) 2023-07-25 10:56:47 Job submitted from host: <172.30.1.200:9618?addrs=172.30.1.200-9618&alias=tamsa2.snu.ac.kr&noUDP&sock=schedd_3510_2582>
...
000 (330080.009.000) 2023-07-25 10:56:47 Job submitted from host: <172.30.1.200:9618?addrs=172.30.1.200-9618&alias=tamsa2.snu.ac.kr&noUDP&sock=schedd_3510_2582>
...
040 (330080.004.000) 2023-07-25 10:56:54 Started transferring input files
	Transferring to host: <172.30.1.104:9618?addrs=172.30.1.104-9618&alias=n4&noUDP&sock=slot1_12_3701_7070_25931>
...
040 (330080.004.000) 2023-07-25 10:56:54 Finished transferring input files
...
040 (330080.005.000) 2023-07-25 10:56:55 Started transferring input files
	Transferring to host: <172.30.1.107:9618?addrs=172.30.1.107-9618&alias=n7&noUDP&sock=slot1_37_4258_e566_60749>
...
040 (330080.005.000) 2023-07-25 10:56:55 Finished transferring input files
...
040 (330080.006.000) 2023-07-25 10:56:55 Started transferring input files
	Transferring to host: <172.30.1.107:9618?addrs=172.30.1.107-9618&alias=n7&noUDP&sock=slot1_38_4258_e566_60750>
...
040 (330080.006.000) 2023-07-25 10:56:55 Finished transferring input files
...
040 (330080.007.000) 2023-07-25 10:56:55 Started transferring input files
	Transferring to host: <172.30.1.107:9618?addrs=172.30.1.107-9618&alias=n7&noUDP&sock=slot1_39_4258_e566_60751>
...
040 (330080.007.000) 2023-07-25 10:56:55 Finished transferring input files
...
040 (330080.008.000) 2023-07-25 10:56:55 Started transferring input files
	Transferring to host: <172.30.1.107:9618?addrs=172.30.1.107-9618&alias=n7&noUDP&sock=slot1_40_4258_e566_60752>
...
040 (330080.008.000) 2023-07-25 10:56:55 Finished transferring input files
...
040 (330080.009.000) 2023-07-25 10:56:55 Started transferring input files
	Transferring to host: <172.30.1.107:9618?addrs=172.30.1.107-9618&alias=n7&noUDP&sock=slot1_41_4258_e566_60753>
...
040 (330080.009.000) 2023-07-25 10:56:55 Finished transferring input files
...
001 (330080.004.000) 2023-07-25 10:56:55 Job executing on host: <172.30.1.104:9618?addrs=172.30.1.104-9618&alias=n4&noUDP&sock=startd_3667_d5e1>
...
001 (330080.005.000) 2023-07-25 10:56:56 Job executing on host: <172.30.1.107:9618?addrs=172.30.1.107-9618&alias=n7&noUDP&sock=startd_4224_e421>
...
001 (330080.006.000) 2023-07-25 10:56:56 Job executing on host: <172.30.1.107:9618?addrs=172.30.1.107-9618&alias=n7&noUDP&sock=startd_4224_e421>
...
001 (330080.007.000) 2023-07-25 10:56:56 Job executing on host: <172.30.1.107:9618?addrs=172.30.1.107-9618&alias=n7&noUDP&sock=startd_4224_e421>
...
001 (330080.008.000) 2023-07-25 10:56:56 Job executing on host: <172.30.1.107:9618?addrs=172.30.1.107-9618&alias=n7&noUDP&sock=startd_4224_e421>
...
001 (330080.009.000) 2023-07-25 10:56:56 Job executing on host: <172.30.1.107:9618?addrs=172.30.1.107-9618&alias=n7&noUDP&sock=startd_4224_e421>
...
040 (330080.000.000) 2023-07-25 10:56:56 Started transferring input files
	Transferring to host: <172.30.1.111:9618?addrs=172.30.1.111-9618&alias=n11&noUDP&sock=slot1_33_4451_e1ce_37686>
...
040 (330080.000.000) 2023-07-25 10:56:56 Finished transferring input files
...
040 (330080.001.000) 2023-07-25 10:56:56 Started transferring input files
	Transferring to host: <172.30.1.111:9618?addrs=172.30.1.111-9618&alias=n11&noUDP&sock=slot1_34_4451_e1ce_37687>
...
040 (330080.001.000) 2023-07-25 10:56:56 Finished transferring input files
...
040 (330080.002.000) 2023-07-25 10:56:56 Started transferring input files
	Transferring to host: <172.30.1.111:9618?addrs=172.30.1.111-9618&alias=n11&noUDP&sock=slot1_35_4451_e1ce_37688>
...
040 (330080.002.000) 2023-07-25 10:56:56 Finished transferring input files
...
040 (330080.003.000) 2023-07-25 10:56:57 Started transferring input files
	Transferring to host: <172.30.1.111:9618?addrs=172.30.1.111-9618&alias=n11&noUDP&sock=slot1_36_4451_e1ce_37689>
...
040 (330080.003.000) 2023-07-25 10:56:57 Finished transferring input files
...
001 (330080.000.000) 2023-07-25 10:56:57 Job executing on host: <172.30.1.111:9618?addrs=172.30.1.111-9618&alias=n11&noUDP&sock=startd_4417_45e8>
...
001 (330080.001.000) 2023-07-25 10:56:57 Job executing on host: <172.30.1.111:9618?addrs=172.30.1.111-9618&alias=n11&noUDP&sock=startd_4417_45e8>
...
001 (330080.002.000) 2023-07-25 10:56:57 Job executing on host: <172.30.1.111:9618?addrs=172.30.1.111-9618&alias=n11&noUDP&sock=startd_4417_45e8>
...
001 (330080.003.000) 2023-07-25 10:56:58 Job executing on host: <172.30.1.111:9618?addrs=172.30.1.111-9618&alias=n11&noUDP&sock=startd_4417_45e8>
...
006 (330080.004.000) 2023-07-25 10:57:04 Image size of job updated: 204684
	182  -  MemoryUsage of job (MB)
	185988  -  ResidentSetSize of job (KB)
...
006 (330080.005.000) 2023-07-25 10:57:05 Image size of job updated: 473048
	182  -  MemoryUsage of job (MB)
	186092  -  ResidentSetSize of job (KB)
...
006 (330080.006.000) 2023-07-25 10:57:05 Image size of job updated: 473044
	182  -  MemoryUsage of job (MB)
	186112  -  ResidentSetSize of job (KB)
...
006 (330080.007.000) 2023-07-25 10:57:05 Image size of job updated: 473048
	182  -  MemoryUsage of job (MB)
	186132  -  ResidentSetSize of job (KB)
...
006 (330080.008.000) 2023-07-25 10:57:05 Image size of job updated: 473048
	182  -  MemoryUsage of job (MB)
	186068  -  ResidentSetSize of job (KB)
...
006 (330080.009.000) 2023-07-25 10:57:05 Image size of job updated: 473044
	182  -  MemoryUsage of job (MB)
	186108  -  ResidentSetSize of job (KB)
...
006 (330080.003.000) 2023-07-25 10:57:06 Image size of job updated: 186320
	182  -  MemoryUsage of job (MB)
	186320  -  ResidentSetSize of job (KB)
...
006 (330080.000.000) 2023-07-25 10:57:06 Image size of job updated: 644572
	182  -  MemoryUsage of job (MB)
	186296  -  ResidentSetSize of job (KB)
...
006 (330080.001.000) 2023-07-25 10:57:06 Image size of job updated: 644576
	182  -  MemoryUsage of job (MB)
	186200  -  ResidentSetSize of job (KB)
...
006 (330080.002.000) 2023-07-25 10:57:06 Image size of job updated: 649780
	201  -  MemoryUsage of job (MB)
	205264  -  ResidentSetSize of job (KB)
...
006 (330080.001.000) 2023-07-25 10:57:18 Image size of job updated: 687548
	182  -  MemoryUsage of job (MB)
	186200  -  ResidentSetSize of job (KB)
...
040 (330080.001.000) 2023-07-25 10:57:18 Started transferring output files
...
040 (330080.001.000) 2023-07-25 10:57:18 Finished transferring output files
...
005 (330080.001.000) 2023-07-25 10:57:18 Job terminated.
	(1) Normal termination (return value 0)
		Usr 0 00:00:19, Sys 0 00:00:00  -  Run Remote Usage
		Usr 0 00:00:00, Sys 0 00:00:00  -  Run Local Usage
		Usr 0 00:00:19, Sys 0 00:00:00  -  Total Remote Usage
		Usr 0 00:00:00, Sys 0 00:00:00  -  Total Local Usage
	1186  -  Run Bytes Sent By Job
	169  -  Run Bytes Received By Job
	1186  -  Total Bytes Sent By Job
	169  -  Total Bytes Received By Job
	Partitionable Resources :    Usage  Request Allocated 
	   Cpus                 :                 1         1 
	   Disk (KB)            :       47        1    127802 
	   GPUs                 :                           0 
	   Memory (MB)          :      182     3900      3968 

	Job terminated of its own accord at 2023-07-25T01:57:18Z.
...
006 (330080.002.000) 2023-07-25 10:57:19 Image size of job updated: 687576
	201  -  MemoryUsage of job (MB)
	205264  -  ResidentSetSize of job (KB)
...
040 (330080.002.000) 2023-07-25 10:57:19 Started transferring output files
...
040 (330080.002.000) 2023-07-25 10:57:19 Finished transferring output files
...
005 (330080.002.000) 2023-07-25 10:57:19 Job terminated.
	(1) Normal termination (return value 0)
		Usr 0 00:00:19, Sys 0 00:00:00  -  Run Remote Usage
		Usr 0 00:00:00, Sys 0 00:00:00  -  Run Local Usage
		Usr 0 00:00:19, Sys 0 00:00:00  -  Total Remote Usage
		Usr 0 00:00:00, Sys 0 00:00:00  -  Total Local Usage
	1187  -  Run Bytes Sent By Job
	169  -  Run Bytes Received By Job
	1187  -  Total Bytes Sent By Job
	169  -  Total Bytes Received By Job
	Partitionable Resources :    Usage  Request Allocated 
	   Cpus                 :                 1         1 
	   Disk (KB)            :       47        1    127802 
	   GPUs                 :                           0 
	   Memory (MB)          :      201     3900      3968 

	Job terminated of its own accord at 2023-07-25T01:57:19Z.
...
006 (330080.003.000) 2023-07-25 10:57:19 Image size of job updated: 685876
	182  -  MemoryUsage of job (MB)
	186320  -  ResidentSetSize of job (KB)
...
040 (330080.003.000) 2023-07-25 10:57:19 Started transferring output files
...
040 (330080.003.000) 2023-07-25 10:57:19 Finished transferring output files
...
005 (330080.003.000) 2023-07-25 10:57:19 Job terminated.
	(1) Normal termination (return value 0)
		Usr 0 00:00:19, Sys 0 00:00:00  -  Run Remote Usage
		Usr 0 00:00:00, Sys 0 00:00:00  -  Run Local Usage
		Usr 0 00:00:19, Sys 0 00:00:00  -  Total Remote Usage
		Usr 0 00:00:00, Sys 0 00:00:00  -  Total Local Usage
	1187  -  Run Bytes Sent By Job
	169  -  Run Bytes Received By Job
	1187  -  Total Bytes Sent By Job
	169  -  Total Bytes Received By Job
	Partitionable Resources :    Usage  Request Allocated 
	   Cpus                 :                 1         1 
	   Disk (KB)            :       47        1    127802 
	   GPUs                 :                           0 
	   Memory (MB)          :      182     3900      3968 

	Job terminated of its own accord at 2023-07-25T01:57:19Z.
...
006 (330080.000.000) 2023-07-25 10:57:22 Image size of job updated: 687680
	182  -  MemoryUsage of job (MB)
	186296  -  ResidentSetSize of job (KB)
...
040 (330080.000.000) 2023-07-25 10:57:22 Started transferring output files
...
040 (330080.000.000) 2023-07-25 10:57:22 Finished transferring output files
...
005 (330080.000.000) 2023-07-25 10:57:22 Job terminated.
	(1) Normal termination (return value 0)
		Usr 0 00:00:21, Sys 0 00:00:00  -  Run Remote Usage
		Usr 0 00:00:00, Sys 0 00:00:00  -  Run Local Usage
		Usr 0 00:00:21, Sys 0 00:00:00  -  Total Remote Usage
		Usr 0 00:00:00, Sys 0 00:00:00  -  Total Local Usage
	1216  -  Run Bytes Sent By Job
	169  -  Run Bytes Received By Job
	1216  -  Total Bytes Sent By Job
	169  -  Total Bytes Received By Job
	Partitionable Resources :    Usage  Request Allocated 
	   Cpus                 :                 1         1 
	   Disk (KB)            :       47        1    127802 
	   GPUs                 :                           0 
	   Memory (MB)          :      182     3900      3968 

	Job terminated of its own accord at 2023-07-25T01:57:22Z.
...
006 (330080.004.000) 2023-07-25 10:57:24 Image size of job updated: 685828
	182  -  MemoryUsage of job (MB)
	185988  -  ResidentSetSize of job (KB)
...
040 (330080.004.000) 2023-07-25 10:57:24 Started transferring output files
...
040 (330080.004.000) 2023-07-25 10:57:24 Finished transferring output files
...
005 (330080.004.000) 2023-07-25 10:57:24 Job terminated.
	(1) Normal termination (return value 0)
		Usr 0 00:00:23, Sys 0 00:00:01  -  Run Remote Usage
		Usr 0 00:00:00, Sys 0 00:00:00  -  Run Local Usage
		Usr 0 00:00:23, Sys 0 00:00:01  -  Total Remote Usage
		Usr 0 00:00:00, Sys 0 00:00:00  -  Total Local Usage
	1155  -  Run Bytes Sent By Job
	169  -  Run Bytes Received By Job
	1155  -  Total Bytes Sent By Job
	169  -  Total Bytes Received By Job
	Partitionable Resources :    Usage  Request Allocated 
	   Cpus                 :                 1         1 
	   Disk (KB)            :       46        1     61930 
	   Memory (MB)          :      182     3900      3968 

	Job terminated of its own accord at 2023-07-25T01:57:24Z.
...
006 (330080.007.000) 2023-07-25 10:57:25 Image size of job updated: 685812
	182  -  MemoryUsage of job (MB)
	186132  -  ResidentSetSize of job (KB)
...
040 (330080.007.000) 2023-07-25 10:57:25 Started transferring output files
...
040 (330080.007.000) 2023-07-25 10:57:25 Finished transferring output files
...
005 (330080.007.000) 2023-07-25 10:57:25 Job terminated.
	(1) Normal termination (return value 0)
		Usr 0 00:00:24, Sys 0 00:00:01  -  Run Remote Usage
		Usr 0 00:00:00, Sys 0 00:00:00  -  Run Local Usage
		Usr 0 00:00:24, Sys 0 00:00:01  -  Total Remote Usage
		Usr 0 00:00:00, Sys 0 00:00:00  -  Total Local Usage
	960  -  Run Bytes Sent By Job
	169  -  Run Bytes Received By Job
	960  -  Total Bytes Sent By Job
	169  -  Total Bytes Received By Job
	Partitionable Resources :    Usage  Request Allocated 
	   Cpus                 :                 1         1 
	   Disk (KB)            :       46        1    127899 
	   Memory (MB)          :      182     3900      3968 

	Job terminated of its own accord at 2023-07-25T01:57:25Z.
...
006 (330080.006.000) 2023-07-25 10:57:25 Image size of job updated: 685828
	182  -  MemoryUsage of job (MB)
	186112  -  ResidentSetSize of job (KB)
...
040 (330080.006.000) 2023-07-25 10:57:25 Started transferring output files
...
040 (330080.006.000) 2023-07-25 10:57:25 Finished transferring output files
...
005 (330080.006.000) 2023-07-25 10:57:25 Job terminated.
	(1) Normal termination (return value 0)
		Usr 0 00:00:25, Sys 0 00:00:01  -  Run Remote Usage
		Usr 0 00:00:00, Sys 0 00:00:00  -  Run Local Usage
		Usr 0 00:00:25, Sys 0 00:00:01  -  Total Remote Usage
		Usr 0 00:00:00, Sys 0 00:00:00  -  Total Local Usage
	960  -  Run Bytes Sent By Job
	169  -  Run Bytes Received By Job
	960  -  Total Bytes Sent By Job
	169  -  Total Bytes Received By Job
	Partitionable Resources :    Usage  Request Allocated 
	   Cpus                 :                 1         1 
	   Disk (KB)            :       46        1    127899 
	   Memory (MB)          :      182     3900      3968 

	Job terminated of its own accord at 2023-07-25T01:57:25Z.
...
006 (330080.009.000) 2023-07-25 10:57:25 Image size of job updated: 685808
	182  -  MemoryUsage of job (MB)
	186108  -  ResidentSetSize of job (KB)
...
040 (330080.009.000) 2023-07-25 10:57:25 Started transferring output files
...
040 (330080.009.000) 2023-07-25 10:57:25 Finished transferring output files
...
005 (330080.009.000) 2023-07-25 10:57:25 Job terminated.
	(1) Normal termination (return value 0)
		Usr 0 00:00:25, Sys 0 00:00:01  -  Run Remote Usage
		Usr 0 00:00:00, Sys 0 00:00:00  -  Run Local Usage
		Usr 0 00:00:25, Sys 0 00:00:01  -  Total Remote Usage
		Usr 0 00:00:00, Sys 0 00:00:00  -  Total Local Usage
	992  -  Run Bytes Sent By Job
	169  -  Run Bytes Received By Job
	992  -  Total Bytes Sent By Job
	169  -  Total Bytes Received By Job
	Partitionable Resources :    Usage  Request Allocated 
	   Cpus                 :                 1         1 
	   Disk (KB)            :       46        1    127899 
	   Memory (MB)          :      182     3900      3968 

	Job terminated of its own accord at 2023-07-25T01:57:25Z.
...
006 (330080.008.000) 2023-07-25 10:57:26 Image size of job updated: 685776
	182  -  MemoryUsage of job (MB)
	186068  -  ResidentSetSize of job (KB)
...
040 (330080.008.000) 2023-07-25 10:57:26 Started transferring output files
...
040 (330080.008.000) 2023-07-25 10:57:26 Finished transferring output files
...
005 (330080.008.000) 2023-07-25 10:57:26 Job terminated.
	(1) Normal termination (return value 0)
		Usr 0 00:00:25, Sys 0 00:00:01  -  Run Remote Usage
		Usr 0 00:00:00, Sys 0 00:00:00  -  Run Local Usage
		Usr 0 00:00:25, Sys 0 00:00:01  -  Total Remote Usage
		Usr 0 00:00:00, Sys 0 00:00:00  -  Total Local Usage
	1022  -  Run Bytes Sent By Job
	169  -  Run Bytes Received By Job
	1022  -  Total Bytes Sent By Job
	169  -  Total Bytes Received By Job
	Partitionable Resources :    Usage  Request Allocated 
	   Cpus                 :                 1         1 
	   Disk (KB)            :       46        1    127899 
	   Memory (MB)          :      182     3900      3968 

	Job terminated of its own accord at 2023-07-25T01:57:26Z.
...
006 (330080.005.000) 2023-07-25 10:57:30 Image size of job updated: 687684
	182  -  MemoryUsage of job (MB)
	186092  -  ResidentSetSize of job (KB)
...
040 (330080.005.000) 2023-07-25 10:57:30 Started transferring output files
...
040 (330080.005.000) 2023-07-25 10:57:30 Finished transferring output files
...
005 (330080.005.000) 2023-07-25 10:57:30 Job terminated.
	(1) Normal termination (return value 0)
		Usr 0 00:00:29, Sys 0 00:00:01  -  Run Remote Usage
		Usr 0 00:00:00, Sys 0 00:00:00  -  Run Local Usage
		Usr 0 00:00:29, Sys 0 00:00:01  -  Total Remote Usage
		Usr 0 00:00:00, Sys 0 00:00:00  -  Total Local Usage
	1218  -  Run Bytes Sent By Job
	169  -  Run Bytes Received By Job
	1218  -  Total Bytes Sent By Job
	169  -  Total Bytes Received By Job
	Partitionable Resources :    Usage  Request Allocated 
	   Cpus                 :                 1         1 
	   Disk (KB)            :       46        1    127899 
	   Memory (MB)          :      182     3900      3968 

	Job terminated of its own accord at 2023-07-25T01:57:30Z.
...
