000 (310162.000.000) 2023-06-09 15:46:21 Job submitted from host: <172.30.1.200:9618?addrs=172.30.1.200-9618&alias=tamsa2.snu.ac.kr&noUDP&sock=schedd_3510_2582>
...
000 (310162.001.000) 2023-06-09 15:46:21 Job submitted from host: <172.30.1.200:9618?addrs=172.30.1.200-9618&alias=tamsa2.snu.ac.kr&noUDP&sock=schedd_3510_2582>
...
000 (310162.002.000) 2023-06-09 15:46:21 Job submitted from host: <172.30.1.200:9618?addrs=172.30.1.200-9618&alias=tamsa2.snu.ac.kr&noUDP&sock=schedd_3510_2582>
...
000 (310162.003.000) 2023-06-09 15:46:21 Job submitted from host: <172.30.1.200:9618?addrs=172.30.1.200-9618&alias=tamsa2.snu.ac.kr&noUDP&sock=schedd_3510_2582>
...
000 (310162.004.000) 2023-06-09 15:46:21 Job submitted from host: <172.30.1.200:9618?addrs=172.30.1.200-9618&alias=tamsa2.snu.ac.kr&noUDP&sock=schedd_3510_2582>
...
000 (310162.005.000) 2023-06-09 15:46:21 Job submitted from host: <172.30.1.200:9618?addrs=172.30.1.200-9618&alias=tamsa2.snu.ac.kr&noUDP&sock=schedd_3510_2582>
...
000 (310162.006.000) 2023-06-09 15:46:21 Job submitted from host: <172.30.1.200:9618?addrs=172.30.1.200-9618&alias=tamsa2.snu.ac.kr&noUDP&sock=schedd_3510_2582>
...
000 (310162.007.000) 2023-06-09 15:46:21 Job submitted from host: <172.30.1.200:9618?addrs=172.30.1.200-9618&alias=tamsa2.snu.ac.kr&noUDP&sock=schedd_3510_2582>
...
000 (310162.008.000) 2023-06-09 15:46:21 Job submitted from host: <172.30.1.200:9618?addrs=172.30.1.200-9618&alias=tamsa2.snu.ac.kr&noUDP&sock=schedd_3510_2582>
...
000 (310162.009.000) 2023-06-09 15:46:21 Job submitted from host: <172.30.1.200:9618?addrs=172.30.1.200-9618&alias=tamsa2.snu.ac.kr&noUDP&sock=schedd_3510_2582>
...
001 (310162.008.000) 2023-06-09 15:46:35 Job executing on host: <172.30.1.205:9618?addrs=172.30.1.205-9618&alias=node5&noUDP&sock=startd_3770_7c22>
...
001 (310162.000.000) 2023-06-09 15:46:35 Job executing on host: <172.30.1.209:9618?addrs=172.30.1.209-9618&alias=node9&noUDP&sock=startd_3776_99b3>
...
001 (310162.001.000) 2023-06-09 15:46:35 Job executing on host: <172.30.1.209:9618?addrs=172.30.1.209-9618&alias=node9&noUDP&sock=startd_3776_99b3>
...
001 (310162.009.000) 2023-06-09 15:46:35 Job executing on host: <172.30.1.205:9618?addrs=172.30.1.205-9618&alias=node5&noUDP&sock=startd_3770_7c22>
...
001 (310162.002.000) 2023-06-09 15:46:35 Job executing on host: <172.30.1.209:9618?addrs=172.30.1.209-9618&alias=node9&noUDP&sock=startd_3776_99b3>
...
001 (310162.003.000) 2023-06-09 15:46:35 Job executing on host: <172.30.1.209:9618?addrs=172.30.1.209-9618&alias=node9&noUDP&sock=startd_3776_99b3>
...
001 (310162.004.000) 2023-06-09 15:46:36 Job executing on host: <172.30.1.209:9618?addrs=172.30.1.209-9618&alias=node9&noUDP&sock=startd_3776_99b3>
...
001 (310162.005.000) 2023-06-09 15:46:36 Job executing on host: <172.30.1.209:9618?addrs=172.30.1.209-9618&alias=node9&noUDP&sock=startd_3776_99b3>
...
001 (310162.006.000) 2023-06-09 15:46:36 Job executing on host: <172.30.1.209:9618?addrs=172.30.1.209-9618&alias=node9&noUDP&sock=startd_3776_99b3>
...
001 (310162.007.000) 2023-06-09 15:46:36 Job executing on host: <172.30.1.209:9618?addrs=172.30.1.209-9618&alias=node9&noUDP&sock=startd_3776_99b3>
...
006 (310162.003.000) 2023-06-09 15:46:44 Image size of job updated: 181604
	178  -  MemoryUsage of job (MB)
	181604  -  ResidentSetSize of job (KB)
...
006 (310162.004.000) 2023-06-09 15:46:44 Image size of job updated: 177536
	173  -  MemoryUsage of job (MB)
	176508  -  ResidentSetSize of job (KB)
...
006 (310162.005.000) 2023-06-09 15:46:44 Image size of job updated: 181624
	178  -  MemoryUsage of job (MB)
	181604  -  ResidentSetSize of job (KB)
...
006 (310162.006.000) 2023-06-09 15:46:44 Image size of job updated: 174832
	171  -  MemoryUsage of job (MB)
	174236  -  ResidentSetSize of job (KB)
...
006 (310162.007.000) 2023-06-09 15:46:44 Image size of job updated: 188284
	180  -  MemoryUsage of job (MB)
	183376  -  ResidentSetSize of job (KB)
...
006 (310162.008.000) 2023-06-09 15:46:44 Image size of job updated: 557172
	178  -  MemoryUsage of job (MB)
	181612  -  ResidentSetSize of job (KB)
...
006 (310162.009.000) 2023-06-09 15:46:44 Image size of job updated: 553448
	178  -  MemoryUsage of job (MB)
	181608  -  ResidentSetSize of job (KB)
...
006 (310162.000.000) 2023-06-09 15:46:44 Image size of job updated: 183436
	180  -  MemoryUsage of job (MB)
	183436  -  ResidentSetSize of job (KB)
...
006 (310162.001.000) 2023-06-09 15:46:44 Image size of job updated: 185460
	180  -  MemoryUsage of job (MB)
	183672  -  ResidentSetSize of job (KB)
...
006 (310162.002.000) 2023-06-09 15:46:44 Image size of job updated: 181628
	178  -  MemoryUsage of job (MB)
	181628  -  ResidentSetSize of job (KB)
...
006 (310162.001.000) 2023-06-09 15:46:47 Image size of job updated: 188256
	180  -  MemoryUsage of job (MB)
	183672  -  ResidentSetSize of job (KB)
...
005 (310162.001.000) 2023-06-09 15:46:47 Job terminated.
	(1) Normal termination (return value 0)
		Usr 0 00:00:07, Sys 0 00:00:00  -  Run Remote Usage
		Usr 0 00:00:00, Sys 0 00:00:00  -  Run Local Usage
		Usr 0 00:00:07, Sys 0 00:00:00  -  Total Remote Usage
		Usr 0 00:00:00, Sys 0 00:00:00  -  Total Local Usage
	0  -  Run Bytes Sent By Job
	0  -  Run Bytes Received By Job
	0  -  Total Bytes Sent By Job
	0  -  Total Bytes Received By Job
	Partitionable Resources :    Usage  Request Allocated 
	   Cpus                 :                 1         1 
	   Disk (KB)            :        1        1    128928 
	   Memory (MB)          :      180     3900      3968 

	Job terminated of its own accord at 2023-06-09T06:46:47Z.
...
006 (310162.000.000) 2023-06-09 15:46:48 Image size of job updated: 605812
	180  -  MemoryUsage of job (MB)
	183436  -  ResidentSetSize of job (KB)
...
005 (310162.000.000) 2023-06-09 15:46:48 Job terminated.
	(1) Normal termination (return value 0)
		Usr 0 00:00:07, Sys 0 00:00:00  -  Run Remote Usage
		Usr 0 00:00:00, Sys 0 00:00:00  -  Run Local Usage
		Usr 0 00:00:07, Sys 0 00:00:00  -  Total Remote Usage
		Usr 0 00:00:00, Sys 0 00:00:00  -  Total Local Usage
	0  -  Run Bytes Sent By Job
	0  -  Run Bytes Received By Job
	0  -  Total Bytes Sent By Job
	0  -  Total Bytes Received By Job
	Partitionable Resources :    Usage  Request Allocated 
	   Cpus                 :                 1         1 
	   Disk (KB)            :        1        1    128928 
	   Memory (MB)          :      180     3900      3968 

	Job terminated of its own accord at 2023-06-09T06:46:48Z.
...
006 (310162.005.000) 2023-06-09 15:46:48 Image size of job updated: 607488
	178  -  MemoryUsage of job (MB)
	181604  -  ResidentSetSize of job (KB)
...
005 (310162.005.000) 2023-06-09 15:46:48 Job terminated.
	(1) Normal termination (return value 0)
		Usr 0 00:00:07, Sys 0 00:00:00  -  Run Remote Usage
		Usr 0 00:00:00, Sys 0 00:00:00  -  Run Local Usage
		Usr 0 00:00:07, Sys 0 00:00:00  -  Total Remote Usage
		Usr 0 00:00:00, Sys 0 00:00:00  -  Total Local Usage
	0  -  Run Bytes Sent By Job
	0  -  Run Bytes Received By Job
	0  -  Total Bytes Sent By Job
	0  -  Total Bytes Received By Job
	Partitionable Resources :    Usage  Request Allocated 
	   Cpus                 :                 1         1 
	   Disk (KB)            :        1        1    128928 
	   Memory (MB)          :      178     3900      3968 

	Job terminated of its own accord at 2023-06-09T06:46:48Z.
...
006 (310162.003.000) 2023-06-09 15:46:48 Image size of job updated: 605844
	178  -  MemoryUsage of job (MB)
	181604  -  ResidentSetSize of job (KB)
...
006 (310162.006.000) 2023-06-09 15:46:48 Image size of job updated: 605856
	171  -  MemoryUsage of job (MB)
	174260  -  ResidentSetSize of job (KB)
...
006 (310162.007.000) 2023-06-09 15:46:48 Image size of job updated: 605844
	180  -  MemoryUsage of job (MB)
	183376  -  ResidentSetSize of job (KB)
...
005 (310162.003.000) 2023-06-09 15:46:48 Job terminated.
	(1) Normal termination (return value 0)
		Usr 0 00:00:07, Sys 0 00:00:00  -  Run Remote Usage
		Usr 0 00:00:00, Sys 0 00:00:00  -  Run Local Usage
		Usr 0 00:00:07, Sys 0 00:00:00  -  Total Remote Usage
		Usr 0 00:00:00, Sys 0 00:00:00  -  Total Local Usage
	0  -  Run Bytes Sent By Job
	0  -  Run Bytes Received By Job
	0  -  Total Bytes Sent By Job
	0  -  Total Bytes Received By Job
	Partitionable Resources :    Usage  Request Allocated 
	   Cpus                 :                 1         1 
	   Disk (KB)            :        1        1    128928 
	   Memory (MB)          :      178     3900      3968 

	Job terminated of its own accord at 2023-06-09T06:46:48Z.
...
006 (310162.002.000) 2023-06-09 15:46:48 Image size of job updated: 607384
	178  -  MemoryUsage of job (MB)
	181628  -  ResidentSetSize of job (KB)
...
005 (310162.007.000) 2023-06-09 15:46:48 Job terminated.
	(1) Normal termination (return value 0)
		Usr 0 00:00:07, Sys 0 00:00:00  -  Run Remote Usage
		Usr 0 00:00:00, Sys 0 00:00:00  -  Run Local Usage
		Usr 0 00:00:07, Sys 0 00:00:00  -  Total Remote Usage
		Usr 0 00:00:00, Sys 0 00:00:00  -  Total Local Usage
	0  -  Run Bytes Sent By Job
	0  -  Run Bytes Received By Job
	0  -  Total Bytes Sent By Job
	0  -  Total Bytes Received By Job
	Partitionable Resources :    Usage  Request Allocated 
	   Cpus                 :                 1         1 
	   Disk (KB)            :        1        1    128928 
	   Memory (MB)          :      180     3900      3968 

	Job terminated of its own accord at 2023-06-09T06:46:48Z.
...
005 (310162.006.000) 2023-06-09 15:46:48 Job terminated.
	(1) Normal termination (return value 0)
		Usr 0 00:00:07, Sys 0 00:00:00  -  Run Remote Usage
		Usr 0 00:00:00, Sys 0 00:00:00  -  Run Local Usage
		Usr 0 00:00:07, Sys 0 00:00:00  -  Total Remote Usage
		Usr 0 00:00:00, Sys 0 00:00:00  -  Total Local Usage
	0  -  Run Bytes Sent By Job
	0  -  Run Bytes Received By Job
	0  -  Total Bytes Sent By Job
	0  -  Total Bytes Received By Job
	Partitionable Resources :    Usage  Request Allocated 
	   Cpus                 :                 1         1 
	   Disk (KB)            :        1        1    128928 
	   Memory (MB)          :      171     3900      3968 

	Job terminated of its own accord at 2023-06-09T06:46:48Z.
...
005 (310162.002.000) 2023-06-09 15:46:48 Job terminated.
	(1) Normal termination (return value 0)
		Usr 0 00:00:07, Sys 0 00:00:00  -  Run Remote Usage
		Usr 0 00:00:00, Sys 0 00:00:00  -  Run Local Usage
		Usr 0 00:00:07, Sys 0 00:00:00  -  Total Remote Usage
		Usr 0 00:00:00, Sys 0 00:00:00  -  Total Local Usage
	0  -  Run Bytes Sent By Job
	0  -  Run Bytes Received By Job
	0  -  Total Bytes Sent By Job
	0  -  Total Bytes Received By Job
	Partitionable Resources :    Usage  Request Allocated 
	   Cpus                 :                 1         1 
	   Disk (KB)            :        1        1    128928 
	   Memory (MB)          :      178     3900      3968 

	Job terminated of its own accord at 2023-06-09T06:46:48Z.
...
006 (310162.004.000) 2023-06-09 15:46:49 Image size of job updated: 607484
	173  -  MemoryUsage of job (MB)
	176508  -  ResidentSetSize of job (KB)
...
005 (310162.004.000) 2023-06-09 15:46:49 Job terminated.
	(1) Normal termination (return value 0)
		Usr 0 00:00:08, Sys 0 00:00:00  -  Run Remote Usage
		Usr 0 00:00:00, Sys 0 00:00:00  -  Run Local Usage
		Usr 0 00:00:08, Sys 0 00:00:00  -  Total Remote Usage
		Usr 0 00:00:00, Sys 0 00:00:00  -  Total Local Usage
	0  -  Run Bytes Sent By Job
	0  -  Run Bytes Received By Job
	0  -  Total Bytes Sent By Job
	0  -  Total Bytes Received By Job
	Partitionable Resources :    Usage  Request Allocated 
	   Cpus                 :                 1         1 
	   Disk (KB)            :        1        1    128928 
	   Memory (MB)          :      173     3900      3968 

	Job terminated of its own accord at 2023-06-09T06:46:49Z.
...
005 (310162.008.000) 2023-06-09 15:46:49 Job terminated.
	(1) Normal termination (return value 0)
		Usr 0 00:00:08, Sys 0 00:00:01  -  Run Remote Usage
		Usr 0 00:00:00, Sys 0 00:00:00  -  Run Local Usage
		Usr 0 00:00:08, Sys 0 00:00:01  -  Total Remote Usage
		Usr 0 00:00:00, Sys 0 00:00:00  -  Total Local Usage
	0  -  Run Bytes Sent By Job
	0  -  Run Bytes Received By Job
	0  -  Total Bytes Sent By Job
	0  -  Total Bytes Received By Job
	Partitionable Resources :    Usage  Request Allocated 
	   Cpus                 :                 1         1 
	   Disk (KB)            :        1        1    128928 
	   Memory (MB)          :      178     3900      3968 

	Job terminated of its own accord at 2023-06-09T06:46:49Z.
...
006 (310162.009.000) 2023-06-09 15:46:50 Image size of job updated: 605812
	178  -  MemoryUsage of job (MB)
	181608  -  ResidentSetSize of job (KB)
...
005 (310162.009.000) 2023-06-09 15:46:50 Job terminated.
	(1) Normal termination (return value 0)
		Usr 0 00:00:09, Sys 0 00:00:01  -  Run Remote Usage
		Usr 0 00:00:00, Sys 0 00:00:00  -  Run Local Usage
		Usr 0 00:00:09, Sys 0 00:00:01  -  Total Remote Usage
		Usr 0 00:00:00, Sys 0 00:00:00  -  Total Local Usage
	0  -  Run Bytes Sent By Job
	0  -  Run Bytes Received By Job
	0  -  Total Bytes Sent By Job
	0  -  Total Bytes Received By Job
	Partitionable Resources :    Usage  Request Allocated 
	   Cpus                 :                 1         1 
	   Disk (KB)            :        1        1    128928 
	   Memory (MB)          :      178     3900      3968 

	Job terminated of its own accord at 2023-06-09T06:46:50Z.
...
000 (310212.000.000) 2023-06-09 17:02:01 Job submitted from host: <172.30.1.200:9618?addrs=172.30.1.200-9618&alias=tamsa2.snu.ac.kr&noUDP&sock=schedd_3510_2582>
...
000 (310212.001.000) 2023-06-09 17:02:01 Job submitted from host: <172.30.1.200:9618?addrs=172.30.1.200-9618&alias=tamsa2.snu.ac.kr&noUDP&sock=schedd_3510_2582>
...
000 (310212.002.000) 2023-06-09 17:02:01 Job submitted from host: <172.30.1.200:9618?addrs=172.30.1.200-9618&alias=tamsa2.snu.ac.kr&noUDP&sock=schedd_3510_2582>
...
000 (310212.003.000) 2023-06-09 17:02:01 Job submitted from host: <172.30.1.200:9618?addrs=172.30.1.200-9618&alias=tamsa2.snu.ac.kr&noUDP&sock=schedd_3510_2582>
...
000 (310212.004.000) 2023-06-09 17:02:01 Job submitted from host: <172.30.1.200:9618?addrs=172.30.1.200-9618&alias=tamsa2.snu.ac.kr&noUDP&sock=schedd_3510_2582>
...
000 (310212.005.000) 2023-06-09 17:02:01 Job submitted from host: <172.30.1.200:9618?addrs=172.30.1.200-9618&alias=tamsa2.snu.ac.kr&noUDP&sock=schedd_3510_2582>
...
000 (310212.006.000) 2023-06-09 17:02:01 Job submitted from host: <172.30.1.200:9618?addrs=172.30.1.200-9618&alias=tamsa2.snu.ac.kr&noUDP&sock=schedd_3510_2582>
...
000 (310212.007.000) 2023-06-09 17:02:01 Job submitted from host: <172.30.1.200:9618?addrs=172.30.1.200-9618&alias=tamsa2.snu.ac.kr&noUDP&sock=schedd_3510_2582>
...
000 (310212.008.000) 2023-06-09 17:02:01 Job submitted from host: <172.30.1.200:9618?addrs=172.30.1.200-9618&alias=tamsa2.snu.ac.kr&noUDP&sock=schedd_3510_2582>
...
000 (310212.009.000) 2023-06-09 17:02:01 Job submitted from host: <172.30.1.200:9618?addrs=172.30.1.200-9618&alias=tamsa2.snu.ac.kr&noUDP&sock=schedd_3510_2582>
...
001 (310212.002.000) 2023-06-09 17:02:17 Job executing on host: <172.30.1.205:9618?addrs=172.30.1.205-9618&alias=node5&noUDP&sock=startd_3770_7c22>
...
001 (310212.005.000) 2023-06-09 17:02:17 Job executing on host: <172.30.1.206:9618?addrs=172.30.1.206-9618&alias=node6&noUDP&sock=startd_3777_494c>
...
001 (310212.001.000) 2023-06-09 17:02:17 Job executing on host: <172.30.1.205:9618?addrs=172.30.1.205-9618&alias=node5&noUDP&sock=startd_3770_7c22>
...
001 (310212.006.000) 2023-06-09 17:02:17 Job executing on host: <172.30.1.206:9618?addrs=172.30.1.206-9618&alias=node6&noUDP&sock=startd_3777_494c>
...
001 (310212.000.000) 2023-06-09 17:02:17 Job executing on host: <172.30.1.209:9618?addrs=172.30.1.209-9618&alias=node9&noUDP&sock=startd_3776_99b3>
...
001 (310212.004.000) 2023-06-09 17:02:18 Job executing on host: <172.30.1.206:9618?addrs=172.30.1.206-9618&alias=node6&noUDP&sock=startd_3777_494c>
...
001 (310212.003.000) 2023-06-09 17:02:18 Job executing on host: <172.30.1.205:9618?addrs=172.30.1.205-9618&alias=node5&noUDP&sock=startd_3770_7c22>
...
001 (310212.009.000) 2023-06-09 17:02:18 Job executing on host: <172.30.1.206:9618?addrs=172.30.1.206-9618&alias=node6&noUDP&sock=startd_3777_494c>
...
001 (310212.007.000) 2023-06-09 17:02:18 Job executing on host: <172.30.1.206:9618?addrs=172.30.1.206-9618&alias=node6&noUDP&sock=startd_3777_494c>
...
001 (310212.008.000) 2023-06-09 17:02:18 Job executing on host: <172.30.1.206:9618?addrs=172.30.1.206-9618&alias=node6&noUDP&sock=startd_3777_494c>
...
006 (310212.001.000) 2023-06-09 17:02:26 Image size of job updated: 547660
	178  -  MemoryUsage of job (MB)
	181696  -  ResidentSetSize of job (KB)
...
006 (310212.004.000) 2023-06-09 17:02:26 Image size of job updated: 183872
	180  -  MemoryUsage of job (MB)
	183872  -  ResidentSetSize of job (KB)
...
006 (310212.003.000) 2023-06-09 17:02:26 Image size of job updated: 548372
	178  -  MemoryUsage of job (MB)
	181704  -  ResidentSetSize of job (KB)
...
006 (310212.009.000) 2023-06-09 17:02:26 Image size of job updated: 184948
	181  -  MemoryUsage of job (MB)
	184948  -  ResidentSetSize of job (KB)
...
006 (310212.007.000) 2023-06-09 17:02:26 Image size of job updated: 184936
	181  -  MemoryUsage of job (MB)
	184936  -  ResidentSetSize of job (KB)
...
006 (310212.008.000) 2023-06-09 17:02:26 Image size of job updated: 184888
	181  -  MemoryUsage of job (MB)
	184888  -  ResidentSetSize of job (KB)
...
006 (310212.002.000) 2023-06-09 17:02:26 Image size of job updated: 548344
	178  -  MemoryUsage of job (MB)
	181684  -  ResidentSetSize of job (KB)
...
006 (310212.005.000) 2023-06-09 17:02:26 Image size of job updated: 318464
	181  -  MemoryUsage of job (MB)
	184848  -  ResidentSetSize of job (KB)
...
006 (310212.006.000) 2023-06-09 17:02:27 Image size of job updated: 183796
	180  -  MemoryUsage of job (MB)
	183792  -  ResidentSetSize of job (KB)
...
005 (310212.005.000) 2023-06-09 17:02:29 Job terminated.
	(1) Normal termination (return value 0)
		Usr 0 00:00:04, Sys 0 00:00:00  -  Run Remote Usage
		Usr 0 00:00:00, Sys 0 00:00:00  -  Run Local Usage
		Usr 0 00:00:04, Sys 0 00:00:00  -  Total Remote Usage
		Usr 0 00:00:00, Sys 0 00:00:00  -  Total Local Usage
	0  -  Run Bytes Sent By Job
	0  -  Run Bytes Received By Job
	0  -  Total Bytes Sent By Job
	0  -  Total Bytes Received By Job
	Partitionable Resources :    Usage  Request Allocated 
	   Cpus                 :                 1         1 
	   Disk (KB)            :        1        1     95898 
	   Memory (MB)          :      181     3900      3968 

	Job terminated of its own accord at 2023-06-09T08:02:29Z.
...
006 (310212.008.000) 2023-06-09 17:02:29 Image size of job updated: 605192
	181  -  MemoryUsage of job (MB)
	184888  -  ResidentSetSize of job (KB)
...
006 (310212.009.000) 2023-06-09 17:02:29 Image size of job updated: 605508
	181  -  MemoryUsage of job (MB)
	184948  -  ResidentSetSize of job (KB)
...
006 (310212.007.000) 2023-06-09 17:02:29 Image size of job updated: 605504
	181  -  MemoryUsage of job (MB)
	184936  -  ResidentSetSize of job (KB)
...
005 (310212.008.000) 2023-06-09 17:02:29 Job terminated.
	(1) Normal termination (return value 0)
		Usr 0 00:00:04, Sys 0 00:00:00  -  Run Remote Usage
		Usr 0 00:00:00, Sys 0 00:00:00  -  Run Local Usage
		Usr 0 00:00:04, Sys 0 00:00:00  -  Total Remote Usage
		Usr 0 00:00:00, Sys 0 00:00:00  -  Total Local Usage
	0  -  Run Bytes Sent By Job
	0  -  Run Bytes Received By Job
	0  -  Total Bytes Sent By Job
	0  -  Total Bytes Received By Job
	Partitionable Resources :    Usage  Request Allocated 
	   Cpus                 :                 1         1 
	   Disk (KB)            :        1        1     95898 
	   Memory (MB)          :      181     3900      3968 

	Job terminated of its own accord at 2023-06-09T08:02:29Z.
...
005 (310212.009.000) 2023-06-09 17:02:29 Job terminated.
	(1) Normal termination (return value 0)
		Usr 0 00:00:04, Sys 0 00:00:00  -  Run Remote Usage
		Usr 0 00:00:00, Sys 0 00:00:00  -  Run Local Usage
		Usr 0 00:00:04, Sys 0 00:00:00  -  Total Remote Usage
		Usr 0 00:00:00, Sys 0 00:00:00  -  Total Local Usage
	0  -  Run Bytes Sent By Job
	0  -  Run Bytes Received By Job
	0  -  Total Bytes Sent By Job
	0  -  Total Bytes Received By Job
	Partitionable Resources :    Usage  Request Allocated 
	   Cpus                 :                 1         1 
	   Disk (KB)            :        1        1     95898 
	   Memory (MB)          :      181     3900      3968 

	Job terminated of its own accord at 2023-06-09T08:02:29Z.
...
005 (310212.007.000) 2023-06-09 17:02:29 Job terminated.
	(1) Normal termination (return value 0)
		Usr 0 00:00:05, Sys 0 00:00:00  -  Run Remote Usage
		Usr 0 00:00:00, Sys 0 00:00:00  -  Run Local Usage
		Usr 0 00:00:05, Sys 0 00:00:00  -  Total Remote Usage
		Usr 0 00:00:00, Sys 0 00:00:00  -  Total Local Usage
	0  -  Run Bytes Sent By Job
	0  -  Run Bytes Received By Job
	0  -  Total Bytes Sent By Job
	0  -  Total Bytes Received By Job
	Partitionable Resources :    Usage  Request Allocated 
	   Cpus                 :                 1         1 
	   Disk (KB)            :        1        1     95898 
	   Memory (MB)          :      181     3900      3968 

	Job terminated of its own accord at 2023-06-09T08:02:29Z.
...
006 (310212.006.000) 2023-06-09 17:02:29 Image size of job updated: 603936
	180  -  MemoryUsage of job (MB)
	183792  -  ResidentSetSize of job (KB)
...
006 (310212.004.000) 2023-06-09 17:02:29 Image size of job updated: 603984
	180  -  MemoryUsage of job (MB)
	183872  -  ResidentSetSize of job (KB)
...
005 (310212.006.000) 2023-06-09 17:02:29 Job terminated.
	(1) Normal termination (return value 0)
		Usr 0 00:00:05, Sys 0 00:00:00  -  Run Remote Usage
		Usr 0 00:00:00, Sys 0 00:00:00  -  Run Local Usage
		Usr 0 00:00:05, Sys 0 00:00:00  -  Total Remote Usage
		Usr 0 00:00:00, Sys 0 00:00:00  -  Total Local Usage
	0  -  Run Bytes Sent By Job
	0  -  Run Bytes Received By Job
	0  -  Total Bytes Sent By Job
	0  -  Total Bytes Received By Job
	Partitionable Resources :    Usage  Request Allocated 
	   Cpus                 :                 1         1 
	   Disk (KB)            :        1        1     95898 
	   Memory (MB)          :      180     3900      3968 

	Job terminated of its own accord at 2023-06-09T08:02:29Z.
...
005 (310212.004.000) 2023-06-09 17:02:29 Job terminated.
	(1) Normal termination (return value 0)
		Usr 0 00:00:05, Sys 0 00:00:00  -  Run Remote Usage
		Usr 0 00:00:00, Sys 0 00:00:00  -  Run Local Usage
		Usr 0 00:00:05, Sys 0 00:00:00  -  Total Remote Usage
		Usr 0 00:00:00, Sys 0 00:00:00  -  Total Local Usage
	0  -  Run Bytes Sent By Job
	0  -  Run Bytes Received By Job
	0  -  Total Bytes Sent By Job
	0  -  Total Bytes Received By Job
	Partitionable Resources :    Usage  Request Allocated 
	   Cpus                 :                 1         1 
	   Disk (KB)            :        1        1     95898 
	   Memory (MB)          :      180     3900      3968 

	Job terminated of its own accord at 2023-06-09T08:02:29Z.
...
006 (310212.000.000) 2023-06-09 17:02:30 Image size of job updated: 946588
	178  -  MemoryUsage of job (MB)
	181460  -  ResidentSetSize of job (KB)
...
005 (310212.002.000) 2023-06-09 17:02:30 Job terminated.
	(1) Normal termination (return value 0)
		Usr 0 00:00:05, Sys 0 00:00:00  -  Run Remote Usage
		Usr 0 00:00:00, Sys 0 00:00:00  -  Run Local Usage
		Usr 0 00:00:05, Sys 0 00:00:00  -  Total Remote Usage
		Usr 0 00:00:00, Sys 0 00:00:00  -  Total Local Usage
	0  -  Run Bytes Sent By Job
	0  -  Run Bytes Received By Job
	0  -  Total Bytes Sent By Job
	0  -  Total Bytes Received By Job
	Partitionable Resources :    Usage  Request Allocated 
	   Cpus                 :                 1         1 
	   Disk (KB)            :        1        1    128928 
	   Memory (MB)          :      178     3900      3968 

	Job terminated of its own accord at 2023-06-09T08:02:30Z.
...
005 (310212.003.000) 2023-06-09 17:02:30 Job terminated.
	(1) Normal termination (return value 0)
		Usr 0 00:00:05, Sys 0 00:00:00  -  Run Remote Usage
		Usr 0 00:00:00, Sys 0 00:00:00  -  Run Local Usage
		Usr 0 00:00:05, Sys 0 00:00:00  -  Total Remote Usage
		Usr 0 00:00:00, Sys 0 00:00:00  -  Total Local Usage
	0  -  Run Bytes Sent By Job
	0  -  Run Bytes Received By Job
	0  -  Total Bytes Sent By Job
	0  -  Total Bytes Received By Job
	Partitionable Resources :    Usage  Request Allocated 
	   Cpus                 :                 1         1 
	   Disk (KB)            :        1        1    128928 
	   Memory (MB)          :      178     3900      3968 

	Job terminated of its own accord at 2023-06-09T08:02:30Z.
...
006 (310212.001.000) 2023-06-09 17:02:31 Image size of job updated: 605428
	178  -  MemoryUsage of job (MB)
	181696  -  ResidentSetSize of job (KB)
...
005 (310212.001.000) 2023-06-09 17:02:31 Job terminated.
	(1) Normal termination (return value 0)
		Usr 0 00:00:05, Sys 0 00:00:00  -  Run Remote Usage
		Usr 0 00:00:00, Sys 0 00:00:00  -  Run Local Usage
		Usr 0 00:00:05, Sys 0 00:00:00  -  Total Remote Usage
		Usr 0 00:00:00, Sys 0 00:00:00  -  Total Local Usage
	0  -  Run Bytes Sent By Job
	0  -  Run Bytes Received By Job
	0  -  Total Bytes Sent By Job
	0  -  Total Bytes Received By Job
	Partitionable Resources :    Usage  Request Allocated 
	   Cpus                 :                 1         1 
	   Disk (KB)            :        1        1    128928 
	   Memory (MB)          :      178     3900      3968 

	Job terminated of its own accord at 2023-06-09T08:02:31Z.
...
005 (310212.000.000) 2023-06-09 17:02:34 Job terminated.
	(1) Normal termination (return value 0)
		Usr 0 00:00:08, Sys 0 00:00:01  -  Run Remote Usage
		Usr 0 00:00:00, Sys 0 00:00:00  -  Run Local Usage
		Usr 0 00:00:08, Sys 0 00:00:01  -  Total Remote Usage
		Usr 0 00:00:00, Sys 0 00:00:00  -  Total Local Usage
	0  -  Run Bytes Sent By Job
	0  -  Run Bytes Received By Job
	0  -  Total Bytes Sent By Job
	0  -  Total Bytes Received By Job
	Partitionable Resources :    Usage  Request Allocated 
	   Cpus                 :                 1         1 
	   Disk (KB)            :        1        1    128928 
	   Memory (MB)          :      178     3900      3968 

	Job terminated of its own accord at 2023-06-09T08:02:34Z.
...
