000 (311026.000.000) 2023-06-12 17:36:59 Job submitted from host: <172.30.1.200:9618?addrs=172.30.1.200-9618&alias=tamsa2.snu.ac.kr&noUDP&sock=schedd_3510_2582>
...
000 (311026.001.000) 2023-06-12 17:36:59 Job submitted from host: <172.30.1.200:9618?addrs=172.30.1.200-9618&alias=tamsa2.snu.ac.kr&noUDP&sock=schedd_3510_2582>
...
000 (311026.002.000) 2023-06-12 17:36:59 Job submitted from host: <172.30.1.200:9618?addrs=172.30.1.200-9618&alias=tamsa2.snu.ac.kr&noUDP&sock=schedd_3510_2582>
...
000 (311026.003.000) 2023-06-12 17:36:59 Job submitted from host: <172.30.1.200:9618?addrs=172.30.1.200-9618&alias=tamsa2.snu.ac.kr&noUDP&sock=schedd_3510_2582>
...
000 (311026.004.000) 2023-06-12 17:36:59 Job submitted from host: <172.30.1.200:9618?addrs=172.30.1.200-9618&alias=tamsa2.snu.ac.kr&noUDP&sock=schedd_3510_2582>
...
000 (311026.005.000) 2023-06-12 17:36:59 Job submitted from host: <172.30.1.200:9618?addrs=172.30.1.200-9618&alias=tamsa2.snu.ac.kr&noUDP&sock=schedd_3510_2582>
...
000 (311026.006.000) 2023-06-12 17:36:59 Job submitted from host: <172.30.1.200:9618?addrs=172.30.1.200-9618&alias=tamsa2.snu.ac.kr&noUDP&sock=schedd_3510_2582>
...
000 (311026.007.000) 2023-06-12 17:36:59 Job submitted from host: <172.30.1.200:9618?addrs=172.30.1.200-9618&alias=tamsa2.snu.ac.kr&noUDP&sock=schedd_3510_2582>
...
000 (311026.008.000) 2023-06-12 17:36:59 Job submitted from host: <172.30.1.200:9618?addrs=172.30.1.200-9618&alias=tamsa2.snu.ac.kr&noUDP&sock=schedd_3510_2582>
...
000 (311026.009.000) 2023-06-12 17:36:59 Job submitted from host: <172.30.1.200:9618?addrs=172.30.1.200-9618&alias=tamsa2.snu.ac.kr&noUDP&sock=schedd_3510_2582>
...
001 (311026.001.000) 2023-06-12 17:37:14 Job executing on host: <172.30.1.209:9618?addrs=172.30.1.209-9618&alias=node9&noUDP&sock=startd_3776_99b3>
...
001 (311026.005.000) 2023-06-12 17:37:14 Job executing on host: <172.30.1.202:9618?addrs=172.30.1.202-9618&alias=node2&noUDP&sock=startd_19693_56a6>
...
001 (311026.006.000) 2023-06-12 17:37:14 Job executing on host: <172.30.1.202:9618?addrs=172.30.1.202-9618&alias=node2&noUDP&sock=startd_19693_56a6>
...
001 (311026.002.000) 2023-06-12 17:37:14 Job executing on host: <172.30.1.209:9618?addrs=172.30.1.209-9618&alias=node9&noUDP&sock=startd_3776_99b3>
...
001 (311026.003.000) 2023-06-12 17:37:14 Job executing on host: <172.30.1.209:9618?addrs=172.30.1.209-9618&alias=node9&noUDP&sock=startd_3776_99b3>
...
001 (311026.007.000) 2023-06-12 17:37:14 Job executing on host: <172.30.1.202:9618?addrs=172.30.1.202-9618&alias=node2&noUDP&sock=startd_19693_56a6>
...
001 (311026.008.000) 2023-06-12 17:37:14 Job executing on host: <172.30.1.202:9618?addrs=172.30.1.202-9618&alias=node2&noUDP&sock=startd_19693_56a6>
...
001 (311026.004.000) 2023-06-12 17:37:14 Job executing on host: <172.30.1.209:9618?addrs=172.30.1.209-9618&alias=node9&noUDP&sock=startd_3776_99b3>
...
001 (311026.009.000) 2023-06-12 17:37:14 Job executing on host: <172.30.1.202:9618?addrs=172.30.1.202-9618&alias=node2&noUDP&sock=startd_19693_56a6>
...
001 (311026.000.000) 2023-06-12 17:37:14 Job executing on host: <172.30.1.208:9618?addrs=172.30.1.208-9618&alias=node8&noUDP&sock=startd_3802_6f2a>
...
006 (311026.005.000) 2023-06-12 17:37:22 Image size of job updated: 184800
	179  -  MemoryUsage of job (MB)
	182736  -  ResidentSetSize of job (KB)
...
006 (311026.001.000) 2023-06-12 17:37:22 Image size of job updated: 158936
	153  -  MemoryUsage of job (MB)
	156332  -  ResidentSetSize of job (KB)
...
006 (311026.006.000) 2023-06-12 17:37:23 Image size of job updated: 185156
	181  -  MemoryUsage of job (MB)
	184864  -  ResidentSetSize of job (KB)
...
006 (311026.007.000) 2023-06-12 17:37:23 Image size of job updated: 183704
	179  -  MemoryUsage of job (MB)
	182816  -  ResidentSetSize of job (KB)
...
006 (311026.002.000) 2023-06-12 17:37:23 Image size of job updated: 184152
	179  -  MemoryUsage of job (MB)
	182672  -  ResidentSetSize of job (KB)
...
006 (311026.003.000) 2023-06-12 17:37:23 Image size of job updated: 186936
	179  -  MemoryUsage of job (MB)
	182764  -  ResidentSetSize of job (KB)
...
006 (311026.008.000) 2023-06-12 17:37:23 Image size of job updated: 184908
	181  -  MemoryUsage of job (MB)
	184908  -  ResidentSetSize of job (KB)
...
006 (311026.004.000) 2023-06-12 17:37:23 Image size of job updated: 179576
	172  -  MemoryUsage of job (MB)
	175752  -  ResidentSetSize of job (KB)
...
006 (311026.009.000) 2023-06-12 17:37:23 Image size of job updated: 182752
	179  -  MemoryUsage of job (MB)
	182752  -  ResidentSetSize of job (KB)
...
006 (311026.000.000) 2023-06-12 17:37:23 Image size of job updated: 198120
	171  -  MemoryUsage of job (MB)
	175088  -  ResidentSetSize of job (KB)
...
005 (311026.006.000) 2023-06-12 17:37:26 Job terminated.
	(1) Normal termination (return value 0)
		Usr 0 00:00:08, Sys 0 00:00:01  -  Run Remote Usage
		Usr 0 00:00:00, Sys 0 00:00:00  -  Run Local Usage
		Usr 0 00:00:08, Sys 0 00:00:01  -  Total Remote Usage
		Usr 0 00:00:00, Sys 0 00:00:00  -  Total Local Usage
	0  -  Run Bytes Sent By Job
	0  -  Run Bytes Received By Job
	0  -  Total Bytes Sent By Job
	0  -  Total Bytes Received By Job
	Partitionable Resources :    Usage  Request Allocated 
	   Cpus                 :                 1         1 
	   Disk (KB)            :        1        1    128913 
	   Memory (MB)          :      181     3900      3968 

	Job terminated of its own accord at 2023-06-12T08:37:26Z.
...
006 (311026.008.000) 2023-06-12 17:37:27 Image size of job updated: 606916
	181  -  MemoryUsage of job (MB)
	184912  -  ResidentSetSize of job (KB)
...
005 (311026.008.000) 2023-06-12 17:37:27 Job terminated.
	(1) Normal termination (return value 0)
		Usr 0 00:00:09, Sys 0 00:00:01  -  Run Remote Usage
		Usr 0 00:00:00, Sys 0 00:00:00  -  Run Local Usage
		Usr 0 00:00:09, Sys 0 00:00:01  -  Total Remote Usage
		Usr 0 00:00:00, Sys 0 00:00:00  -  Total Local Usage
	0  -  Run Bytes Sent By Job
	0  -  Run Bytes Received By Job
	0  -  Total Bytes Sent By Job
	0  -  Total Bytes Received By Job
	Partitionable Resources :    Usage  Request Allocated 
	   Cpus                 :                 1         1 
	   Disk (KB)            :        1        1    128913 
	   Memory (MB)          :      181     3900      3968 

	Job terminated of its own accord at 2023-06-12T08:37:27Z.
...
006 (311026.005.000) 2023-06-12 17:37:28 Image size of job updated: 607716
	179  -  MemoryUsage of job (MB)
	182736  -  ResidentSetSize of job (KB)
...
005 (311026.005.000) 2023-06-12 17:37:28 Job terminated.
	(1) Normal termination (return value 0)
		Usr 0 00:00:10, Sys 0 00:00:01  -  Run Remote Usage
		Usr 0 00:00:00, Sys 0 00:00:00  -  Run Local Usage
		Usr 0 00:00:10, Sys 0 00:00:01  -  Total Remote Usage
		Usr 0 00:00:00, Sys 0 00:00:00  -  Total Local Usage
	0  -  Run Bytes Sent By Job
	0  -  Run Bytes Received By Job
	0  -  Total Bytes Sent By Job
	0  -  Total Bytes Received By Job
	Partitionable Resources :    Usage  Request Allocated 
	   Cpus                 :                 1         1 
	   Disk (KB)            :        1        1    128913 
	   Memory (MB)          :      179     3900      3968 

	Job terminated of its own accord at 2023-06-12T08:37:28Z.
...
006 (311026.003.000) 2023-06-12 17:37:28 Image size of job updated: 188788
	179  -  MemoryUsage of job (MB)
	182764  -  ResidentSetSize of job (KB)
...
006 (311026.007.000) 2023-06-12 17:37:28 Image size of job updated: 606996
	179  -  MemoryUsage of job (MB)
	182816  -  ResidentSetSize of job (KB)
...
005 (311026.003.000) 2023-06-12 17:37:28 Job terminated.
	(1) Normal termination (return value 0)
		Usr 0 00:00:09, Sys 0 00:00:01  -  Run Remote Usage
		Usr 0 00:00:00, Sys 0 00:00:00  -  Run Local Usage
		Usr 0 00:00:09, Sys 0 00:00:01  -  Total Remote Usage
		Usr 0 00:00:00, Sys 0 00:00:00  -  Total Local Usage
	0  -  Run Bytes Sent By Job
	0  -  Run Bytes Received By Job
	0  -  Total Bytes Sent By Job
	0  -  Total Bytes Received By Job
	Partitionable Resources :    Usage  Request Allocated 
	   Cpus                 :                 1         1 
	   Disk (KB)            :        1        1    128928 
	   Memory (MB)          :      179     3900      3968 

	Job terminated of its own accord at 2023-06-12T08:37:28Z.
...
005 (311026.007.000) 2023-06-12 17:37:28 Job terminated.
	(1) Normal termination (return value 0)
		Usr 0 00:00:11, Sys 0 00:00:01  -  Run Remote Usage
		Usr 0 00:00:00, Sys 0 00:00:00  -  Run Local Usage
		Usr 0 00:00:11, Sys 0 00:00:01  -  Total Remote Usage
		Usr 0 00:00:00, Sys 0 00:00:00  -  Total Local Usage
	0  -  Run Bytes Sent By Job
	0  -  Run Bytes Received By Job
	0  -  Total Bytes Sent By Job
	0  -  Total Bytes Received By Job
	Partitionable Resources :    Usage  Request Allocated 
	   Cpus                 :                 1         1 
	   Disk (KB)            :        1        1    128913 
	   Memory (MB)          :      179     3900      3968 

	Job terminated of its own accord at 2023-06-12T08:37:28Z.
...
006 (311026.004.000) 2023-06-12 17:37:29 Image size of job updated: 607672
	172  -  MemoryUsage of job (MB)
	175760  -  ResidentSetSize of job (KB)
...
005 (311026.004.000) 2023-06-12 17:37:29 Job terminated.
	(1) Normal termination (return value 0)
		Usr 0 00:00:10, Sys 0 00:00:01  -  Run Remote Usage
		Usr 0 00:00:00, Sys 0 00:00:00  -  Run Local Usage
		Usr 0 00:00:10, Sys 0 00:00:01  -  Total Remote Usage
		Usr 0 00:00:00, Sys 0 00:00:00  -  Total Local Usage
	0  -  Run Bytes Sent By Job
	0  -  Run Bytes Received By Job
	0  -  Total Bytes Sent By Job
	0  -  Total Bytes Received By Job
	Partitionable Resources :    Usage  Request Allocated 
	   Cpus                 :                 1         1 
	   Disk (KB)            :        1        1    128928 
	   Memory (MB)          :      172     3900      3968 

	Job terminated of its own accord at 2023-06-12T08:37:29Z.
...
006 (311026.009.000) 2023-06-12 17:37:29 Image size of job updated: 607724
	179  -  MemoryUsage of job (MB)
	182752  -  ResidentSetSize of job (KB)
...
005 (311026.009.000) 2023-06-12 17:37:29 Job terminated.
	(1) Normal termination (return value 0)
		Usr 0 00:00:12, Sys 0 00:00:01  -  Run Remote Usage
		Usr 0 00:00:00, Sys 0 00:00:00  -  Run Local Usage
		Usr 0 00:00:12, Sys 0 00:00:01  -  Total Remote Usage
		Usr 0 00:00:00, Sys 0 00:00:00  -  Total Local Usage
	0  -  Run Bytes Sent By Job
	0  -  Run Bytes Received By Job
	0  -  Total Bytes Sent By Job
	0  -  Total Bytes Received By Job
	Partitionable Resources :    Usage  Request Allocated 
	   Cpus                 :                 1         1 
	   Disk (KB)            :        1        1    128913 
	   Memory (MB)          :      179     3900      3968 

	Job terminated of its own accord at 2023-06-12T08:37:29Z.
...
006 (311026.001.000) 2023-06-12 17:37:30 Image size of job updated: 607880
	153  -  MemoryUsage of job (MB)
	156332  -  ResidentSetSize of job (KB)
...
005 (311026.001.000) 2023-06-12 17:37:30 Job terminated.
	(1) Normal termination (return value 0)
		Usr 0 00:00:12, Sys 0 00:00:01  -  Run Remote Usage
		Usr 0 00:00:00, Sys 0 00:00:00  -  Run Local Usage
		Usr 0 00:00:12, Sys 0 00:00:01  -  Total Remote Usage
		Usr 0 00:00:00, Sys 0 00:00:00  -  Total Local Usage
	0  -  Run Bytes Sent By Job
	0  -  Run Bytes Received By Job
	0  -  Total Bytes Sent By Job
	0  -  Total Bytes Received By Job
	Partitionable Resources :    Usage  Request Allocated 
	   Cpus                 :                 1         1 
	   Disk (KB)            :        1        1    128928 
	   Memory (MB)          :      153     3900      3968 

	Job terminated of its own accord at 2023-06-12T08:37:30Z.
...
006 (311026.002.000) 2023-06-12 17:37:31 Image size of job updated: 608584
	179  -  MemoryUsage of job (MB)
	182672  -  ResidentSetSize of job (KB)
...
005 (311026.002.000) 2023-06-12 17:37:31 Job terminated.
	(1) Normal termination (return value 0)
		Usr 0 00:00:11, Sys 0 00:00:01  -  Run Remote Usage
		Usr 0 00:00:00, Sys 0 00:00:00  -  Run Local Usage
		Usr 0 00:00:11, Sys 0 00:00:01  -  Total Remote Usage
		Usr 0 00:00:00, Sys 0 00:00:00  -  Total Local Usage
	0  -  Run Bytes Sent By Job
	0  -  Run Bytes Received By Job
	0  -  Total Bytes Sent By Job
	0  -  Total Bytes Received By Job
	Partitionable Resources :    Usage  Request Allocated 
	   Cpus                 :                 1         1 
	   Disk (KB)            :        1        1    128928 
	   Memory (MB)          :      179     3900      3968 

	Job terminated of its own accord at 2023-06-12T08:37:31Z.
...
006 (311026.000.000) 2023-06-12 17:37:32 Image size of job updated: 606844
	171  -  MemoryUsage of job (MB)
	175104  -  ResidentSetSize of job (KB)
...
005 (311026.000.000) 2023-06-12 17:37:32 Job terminated.
	(1) Normal termination (return value 0)
		Usr 0 00:00:10, Sys 0 00:00:01  -  Run Remote Usage
		Usr 0 00:00:00, Sys 0 00:00:00  -  Run Local Usage
		Usr 0 00:00:10, Sys 0 00:00:01  -  Total Remote Usage
		Usr 0 00:00:00, Sys 0 00:00:00  -  Total Local Usage
	0  -  Run Bytes Sent By Job
	0  -  Run Bytes Received By Job
	0  -  Total Bytes Sent By Job
	0  -  Total Bytes Received By Job
	Partitionable Resources :    Usage  Request Allocated 
	   Cpus                 :                 1         1 
	   Disk (KB)            :        1        1    128928 
	   Memory (MB)          :      171     3900      3968 

	Job terminated of its own accord at 2023-06-12T08:37:32Z.
...
