000 (311057.000.000) 2023-06-12 18:12:00 Job submitted from host: <172.30.1.200:9618?addrs=172.30.1.200-9618&alias=tamsa2.snu.ac.kr&noUDP&sock=schedd_3510_2582>
...
000 (311057.001.000) 2023-06-12 18:12:00 Job submitted from host: <172.30.1.200:9618?addrs=172.30.1.200-9618&alias=tamsa2.snu.ac.kr&noUDP&sock=schedd_3510_2582>
...
000 (311057.002.000) 2023-06-12 18:12:00 Job submitted from host: <172.30.1.200:9618?addrs=172.30.1.200-9618&alias=tamsa2.snu.ac.kr&noUDP&sock=schedd_3510_2582>
...
000 (311057.003.000) 2023-06-12 18:12:00 Job submitted from host: <172.30.1.200:9618?addrs=172.30.1.200-9618&alias=tamsa2.snu.ac.kr&noUDP&sock=schedd_3510_2582>
...
000 (311057.004.000) 2023-06-12 18:12:00 Job submitted from host: <172.30.1.200:9618?addrs=172.30.1.200-9618&alias=tamsa2.snu.ac.kr&noUDP&sock=schedd_3510_2582>
...
000 (311057.005.000) 2023-06-12 18:12:00 Job submitted from host: <172.30.1.200:9618?addrs=172.30.1.200-9618&alias=tamsa2.snu.ac.kr&noUDP&sock=schedd_3510_2582>
...
000 (311057.006.000) 2023-06-12 18:12:00 Job submitted from host: <172.30.1.200:9618?addrs=172.30.1.200-9618&alias=tamsa2.snu.ac.kr&noUDP&sock=schedd_3510_2582>
...
000 (311057.007.000) 2023-06-12 18:12:00 Job submitted from host: <172.30.1.200:9618?addrs=172.30.1.200-9618&alias=tamsa2.snu.ac.kr&noUDP&sock=schedd_3510_2582>
...
000 (311057.008.000) 2023-06-12 18:12:00 Job submitted from host: <172.30.1.200:9618?addrs=172.30.1.200-9618&alias=tamsa2.snu.ac.kr&noUDP&sock=schedd_3510_2582>
...
000 (311057.009.000) 2023-06-12 18:12:00 Job submitted from host: <172.30.1.200:9618?addrs=172.30.1.200-9618&alias=tamsa2.snu.ac.kr&noUDP&sock=schedd_3510_2582>
...
040 (311057.003.000) 2023-06-12 18:12:10 Started transferring input files
	Transferring to host: <172.30.1.106:9618?addrs=172.30.1.106-9618&alias=n6&noUDP&sock=slot1_1_3308_8900_8080>
...
040 (311057.000.000) 2023-06-12 18:12:10 Started transferring input files
	Transferring to host: <172.30.1.105:9618?addrs=172.30.1.105-9618&alias=n5&noUDP&sock=slot1_9_3332_7201_9302>
...
040 (311057.005.000) 2023-06-12 18:12:10 Started transferring input files
	Transferring to host: <172.30.1.106:9618?addrs=172.30.1.106-9618&alias=n6&noUDP&sock=slot1_3_3308_8900_8082>
...
040 (311057.004.000) 2023-06-12 18:12:10 Started transferring input files
	Transferring to host: <172.30.1.106:9618?addrs=172.30.1.106-9618&alias=n6&noUDP&sock=slot1_2_3308_8900_8081>
...
040 (311057.003.000) 2023-06-12 18:12:10 Finished transferring input files
...
040 (311057.000.000) 2023-06-12 18:12:10 Finished transferring input files
...
040 (311057.005.000) 2023-06-12 18:12:10 Finished transferring input files
...
040 (311057.007.000) 2023-06-12 18:12:10 Started transferring input files
	Transferring to host: <172.30.1.106:9618?addrs=172.30.1.106-9618&alias=n6&noUDP&sock=slot1_6_3308_8900_8083>
...
040 (311057.001.000) 2023-06-12 18:12:10 Started transferring input files
	Transferring to host: <172.30.1.105:9618?addrs=172.30.1.105-9618&alias=n5&noUDP&sock=slot1_10_3332_7201_9303>
...
040 (311057.004.000) 2023-06-12 18:12:10 Finished transferring input files
...
040 (311057.007.000) 2023-06-12 18:12:10 Finished transferring input files
...
040 (311057.002.000) 2023-06-12 18:12:10 Started transferring input files
	Transferring to host: <172.30.1.105:9618?addrs=172.30.1.105-9618&alias=n5&noUDP&sock=slot1_11_3332_7201_9304>
...
040 (311057.006.000) 2023-06-12 18:12:10 Started transferring input files
	Transferring to host: <172.30.1.106:9618?addrs=172.30.1.106-9618&alias=n6&noUDP&sock=slot1_4_3308_8900_8084>
...
040 (311057.001.000) 2023-06-12 18:12:10 Finished transferring input files
...
040 (311057.002.000) 2023-06-12 18:12:10 Finished transferring input files
...
040 (311057.006.000) 2023-06-12 18:12:10 Finished transferring input files
...
040 (311057.008.000) 2023-06-12 18:12:10 Started transferring input files
	Transferring to host: <172.30.1.106:9618?addrs=172.30.1.106-9618&alias=n6&noUDP&sock=slot1_7_3308_8900_8085>
...
040 (311057.009.000) 2023-06-12 18:12:10 Started transferring input files
	Transferring to host: <172.30.1.108:9618?addrs=172.30.1.108-9618&alias=n8&noUDP&sock=slot1_5_4278_fce7_21934>
...
040 (311057.008.000) 2023-06-12 18:12:10 Finished transferring input files
...
040 (311057.009.000) 2023-06-12 18:12:10 Finished transferring input files
...
001 (311057.003.000) 2023-06-12 18:12:11 Job executing on host: <172.30.1.106:9618?addrs=172.30.1.106-9618&alias=n6&noUDP&sock=startd_3274_4528>
...
001 (311057.004.000) 2023-06-12 18:12:11 Job executing on host: <172.30.1.106:9618?addrs=172.30.1.106-9618&alias=n6&noUDP&sock=startd_3274_4528>
...
001 (311057.005.000) 2023-06-12 18:12:11 Job executing on host: <172.30.1.106:9618?addrs=172.30.1.106-9618&alias=n6&noUDP&sock=startd_3274_4528>
...
001 (311057.000.000) 2023-06-12 18:12:11 Job executing on host: <172.30.1.105:9618?addrs=172.30.1.105-9618&alias=n5&noUDP&sock=startd_3298_bb6e>
...
001 (311057.001.000) 2023-06-12 18:12:11 Job executing on host: <172.30.1.105:9618?addrs=172.30.1.105-9618&alias=n5&noUDP&sock=startd_3298_bb6e>
...
001 (311057.007.000) 2023-06-12 18:12:11 Job executing on host: <172.30.1.106:9618?addrs=172.30.1.106-9618&alias=n6&noUDP&sock=startd_3274_4528>
...
001 (311057.002.000) 2023-06-12 18:12:11 Job executing on host: <172.30.1.105:9618?addrs=172.30.1.105-9618&alias=n5&noUDP&sock=startd_3298_bb6e>
...
001 (311057.006.000) 2023-06-12 18:12:11 Job executing on host: <172.30.1.106:9618?addrs=172.30.1.106-9618&alias=n6&noUDP&sock=startd_3274_4528>
...
001 (311057.009.000) 2023-06-12 18:12:11 Job executing on host: <172.30.1.108:9618?addrs=172.30.1.108-9618&alias=n8&noUDP&sock=startd_4243_ec6e>
...
001 (311057.008.000) 2023-06-12 18:12:11 Job executing on host: <172.30.1.106:9618?addrs=172.30.1.106-9618&alias=n6&noUDP&sock=startd_3274_4528>
...
006 (311057.003.000) 2023-06-12 18:12:19 Image size of job updated: 156548
	150  -  MemoryUsage of job (MB)
	153284  -  ResidentSetSize of job (KB)
...
006 (311057.000.000) 2023-06-12 18:12:19 Image size of job updated: 606524
	183  -  MemoryUsage of job (MB)
	187300  -  ResidentSetSize of job (KB)
...
006 (311057.004.000) 2023-06-12 18:12:19 Image size of job updated: 156536
	151  -  MemoryUsage of job (MB)
	153660  -  ResidentSetSize of job (KB)
...
006 (311057.005.000) 2023-06-12 18:12:19 Image size of job updated: 154468
	151  -  MemoryUsage of job (MB)
	153844  -  ResidentSetSize of job (KB)
...
006 (311057.001.000) 2023-06-12 18:12:19 Image size of job updated: 614860
	183  -  MemoryUsage of job (MB)
	187292  -  ResidentSetSize of job (KB)
...
006 (311057.007.000) 2023-06-12 18:12:19 Image size of job updated: 162400
	151  -  MemoryUsage of job (MB)
	154312  -  ResidentSetSize of job (KB)
...
006 (311057.002.000) 2023-06-12 18:12:19 Image size of job updated: 614856
	184  -  MemoryUsage of job (MB)
	187728  -  ResidentSetSize of job (KB)
...
006 (311057.006.000) 2023-06-12 18:12:19 Image size of job updated: 166456
	153  -  MemoryUsage of job (MB)
	156000  -  ResidentSetSize of job (KB)
...
006 (311057.008.000) 2023-06-12 18:12:19 Image size of job updated: 156596
	153  -  MemoryUsage of job (MB)
	156460  -  ResidentSetSize of job (KB)
...
006 (311057.009.000) 2023-06-12 18:12:19 Image size of job updated: 640876
	184  -  MemoryUsage of job (MB)
	187556  -  ResidentSetSize of job (KB)
...
006 (311057.000.000) 2023-06-12 18:13:54 Image size of job updated: 689748
	183  -  MemoryUsage of job (MB)
	187300  -  ResidentSetSize of job (KB)
...
040 (311057.000.000) 2023-06-12 18:13:54 Started transferring output files
...
040 (311057.000.000) 2023-06-12 18:13:54 Finished transferring output files
...
005 (311057.000.000) 2023-06-12 18:13:54 Job terminated.
	(1) Normal termination (return value 0)
		Usr 0 00:01:40, Sys 0 00:00:01  -  Run Remote Usage
		Usr 0 00:00:00, Sys 0 00:00:00  -  Run Local Usage
		Usr 0 00:01:40, Sys 0 00:00:01  -  Total Remote Usage
		Usr 0 00:00:00, Sys 0 00:00:00  -  Total Local Usage
	7000  -  Run Bytes Sent By Job
	146  -  Run Bytes Received By Job
	7000  -  Total Bytes Sent By Job
	146  -  Total Bytes Received By Job
	Partitionable Resources :    Usage  Request Allocated 
	   Cpus                 :     0.98        1         1 
	   Disk (KB)            :    57           1     61930 
	   Memory (MB)          :   183        3900      3968 

	Job terminated of its own accord at 2023-06-12T09:13:54Z.
...
006 (311057.002.000) 2023-06-12 18:13:56 Image size of job updated: 689772
	184  -  MemoryUsage of job (MB)
	187728  -  ResidentSetSize of job (KB)
...
040 (311057.002.000) 2023-06-12 18:13:56 Started transferring output files
...
040 (311057.002.000) 2023-06-12 18:13:56 Finished transferring output files
...
005 (311057.002.000) 2023-06-12 18:13:56 Job terminated.
	(1) Normal termination (return value 0)
		Usr 0 00:01:41, Sys 0 00:00:02  -  Run Remote Usage
		Usr 0 00:00:00, Sys 0 00:00:00  -  Run Local Usage
		Usr 0 00:01:41, Sys 0 00:00:02  -  Total Remote Usage
		Usr 0 00:00:00, Sys 0 00:00:00  -  Total Local Usage
	5916  -  Run Bytes Sent By Job
	146  -  Run Bytes Received By Job
	5916  -  Total Bytes Sent By Job
	146  -  Total Bytes Received By Job
	Partitionable Resources :    Usage  Request Allocated 
	   Cpus                 :     0.99        1         1 
	   Disk (KB)            :    56           1     61930 
	   Memory (MB)          :   184        3900      3968 

	Job terminated of its own accord at 2023-06-12T09:13:56Z.
...
006 (311057.009.000) 2023-06-12 18:14:01 Image size of job updated: 692176
	184  -  MemoryUsage of job (MB)
	187556  -  ResidentSetSize of job (KB)
...
040 (311057.009.000) 2023-06-12 18:14:01 Started transferring output files
...
040 (311057.009.000) 2023-06-12 18:14:01 Finished transferring output files
...
005 (311057.009.000) 2023-06-12 18:14:01 Job terminated.
	(1) Normal termination (return value 0)
		Usr 0 00:01:45, Sys 0 00:00:01  -  Run Remote Usage
		Usr 0 00:00:00, Sys 0 00:00:00  -  Run Local Usage
		Usr 0 00:01:45, Sys 0 00:00:01  -  Total Remote Usage
		Usr 0 00:00:00, Sys 0 00:00:00  -  Total Local Usage
	6628  -  Run Bytes Sent By Job
	146  -  Run Bytes Received By Job
	6628  -  Total Bytes Sent By Job
	146  -  Total Bytes Received By Job
	Partitionable Resources :    Usage  Request Allocated 
	   Cpus                 :                 1         1 
	   Disk (KB)            :       51        1    127899 
	   Memory (MB)          :      184     3900      3968 

	Job terminated of its own accord at 2023-06-12T09:14:01Z.
...
006 (311057.007.000) 2023-06-12 18:14:04 Image size of job updated: 689780
	151  -  MemoryUsage of job (MB)
	154392  -  ResidentSetSize of job (KB)
...
040 (311057.007.000) 2023-06-12 18:14:04 Started transferring output files
...
040 (311057.007.000) 2023-06-12 18:14:04 Finished transferring output files
...
005 (311057.007.000) 2023-06-12 18:14:04 Job terminated.
	(1) Normal termination (return value 0)
		Usr 0 00:01:45, Sys 0 00:00:03  -  Run Remote Usage
		Usr 0 00:00:00, Sys 0 00:00:00  -  Run Local Usage
		Usr 0 00:01:45, Sys 0 00:00:03  -  Total Remote Usage
		Usr 0 00:00:00, Sys 0 00:00:00  -  Total Local Usage
	5660  -  Run Bytes Sent By Job
	146  -  Run Bytes Received By Job
	5660  -  Total Bytes Sent By Job
	146  -  Total Bytes Received By Job
	Partitionable Resources :    Usage  Request Allocated 
	   Cpus                 :     0.99        1         1 
	   Disk (KB)            :    56           1     61930 
	   Memory (MB)          :   151        3900      3968 

	Job terminated of its own accord at 2023-06-12T09:14:04Z.
...
006 (311057.008.000) 2023-06-12 18:14:07 Image size of job updated: 689740
	153  -  MemoryUsage of job (MB)
	156484  -  ResidentSetSize of job (KB)
...
040 (311057.008.000) 2023-06-12 18:14:07 Started transferring output files
...
040 (311057.008.000) 2023-06-12 18:14:07 Finished transferring output files
...
005 (311057.008.000) 2023-06-12 18:14:07 Job terminated.
	(1) Normal termination (return value 0)
		Usr 0 00:01:48, Sys 0 00:00:03  -  Run Remote Usage
		Usr 0 00:00:00, Sys 0 00:00:00  -  Run Local Usage
		Usr 0 00:01:48, Sys 0 00:00:03  -  Total Remote Usage
		Usr 0 00:00:00, Sys 0 00:00:00  -  Total Local Usage
	5691  -  Run Bytes Sent By Job
	146  -  Run Bytes Received By Job
	5691  -  Total Bytes Sent By Job
	146  -  Total Bytes Received By Job
	Partitionable Resources :    Usage  Request Allocated 
	   Cpus                 :     1.00        1         1 
	   Disk (KB)            :    56           1     61930 
	   Memory (MB)          :   153        3900      3968 

	Job terminated of its own accord at 2023-06-12T09:14:07Z.
...
006 (311057.001.000) 2023-06-12 18:14:21 Image size of job updated: 689776
	183  -  MemoryUsage of job (MB)
	187292  -  ResidentSetSize of job (KB)
...
040 (311057.001.000) 2023-06-12 18:14:21 Started transferring output files
...
040 (311057.001.000) 2023-06-12 18:14:21 Finished transferring output files
...
005 (311057.001.000) 2023-06-12 18:14:21 Job terminated.
	(1) Normal termination (return value 0)
		Usr 0 00:02:05, Sys 0 00:00:03  -  Run Remote Usage
		Usr 0 00:00:00, Sys 0 00:00:00  -  Run Local Usage
		Usr 0 00:02:05, Sys 0 00:00:03  -  Total Remote Usage
		Usr 0 00:00:00, Sys 0 00:00:00  -  Total Local Usage
	6818  -  Run Bytes Sent By Job
	146  -  Run Bytes Received By Job
	6818  -  Total Bytes Sent By Job
	146  -  Total Bytes Received By Job
	Partitionable Resources :    Usage  Request Allocated 
	   Cpus                 :     1.00        1         1 
	   Disk (KB)            :    57           1     61930 
	   Memory (MB)          :   183        3900      3968 

	Job terminated of its own accord at 2023-06-12T09:14:21Z.
...
006 (311057.003.000) 2023-06-12 18:14:31 Image size of job updated: 689780
	150  -  MemoryUsage of job (MB)
	153292  -  ResidentSetSize of job (KB)
...
040 (311057.003.000) 2023-06-12 18:14:31 Started transferring output files
...
040 (311057.003.000) 2023-06-12 18:14:31 Finished transferring output files
...
005 (311057.003.000) 2023-06-12 18:14:31 Job terminated.
	(1) Normal termination (return value 0)
		Usr 0 00:02:12, Sys 0 00:00:01  -  Run Remote Usage
		Usr 0 00:00:00, Sys 0 00:00:00  -  Run Local Usage
		Usr 0 00:02:12, Sys 0 00:00:01  -  Total Remote Usage
		Usr 0 00:00:00, Sys 0 00:00:00  -  Total Local Usage
	5852  -  Run Bytes Sent By Job
	146  -  Run Bytes Received By Job
	5852  -  Total Bytes Sent By Job
	146  -  Total Bytes Received By Job
	Partitionable Resources :    Usage  Request Allocated 
	   Cpus                 :     1.00        1         1 
	   Disk (KB)            :    56           1     61930 
	   Memory (MB)          :   150        3900      3968 

	Job terminated of its own accord at 2023-06-12T09:14:31Z.
...
006 (311057.006.000) 2023-06-12 18:14:31 Image size of job updated: 693392
	153  -  MemoryUsage of job (MB)
	156000  -  ResidentSetSize of job (KB)
...
040 (311057.006.000) 2023-06-12 18:14:31 Started transferring output files
...
040 (311057.006.000) 2023-06-12 18:14:31 Finished transferring output files
...
005 (311057.006.000) 2023-06-12 18:14:31 Job terminated.
	(1) Normal termination (return value 0)
		Usr 0 00:02:13, Sys 0 00:00:02  -  Run Remote Usage
		Usr 0 00:00:00, Sys 0 00:00:00  -  Run Local Usage
		Usr 0 00:02:13, Sys 0 00:00:02  -  Total Remote Usage
		Usr 0 00:00:00, Sys 0 00:00:00  -  Total Local Usage
	5601  -  Run Bytes Sent By Job
	146  -  Run Bytes Received By Job
	5601  -  Total Bytes Sent By Job
	146  -  Total Bytes Received By Job
	Partitionable Resources :    Usage  Request Allocated 
	   Cpus                 :     0.97        1         1 
	   Disk (KB)            :    56           1     61930 
	   Memory (MB)          :   153        3900      3968 

	Job terminated of its own accord at 2023-06-12T09:14:31Z.
...
006 (311057.004.000) 2023-06-12 18:14:31 Image size of job updated: 689796
	151  -  MemoryUsage of job (MB)
	153724  -  ResidentSetSize of job (KB)
...
040 (311057.004.000) 2023-06-12 18:14:31 Started transferring output files
...
040 (311057.004.000) 2023-06-12 18:14:31 Finished transferring output files
...
005 (311057.004.000) 2023-06-12 18:14:31 Job terminated.
	(1) Normal termination (return value 0)
		Usr 0 00:02:13, Sys 0 00:00:01  -  Run Remote Usage
		Usr 0 00:00:00, Sys 0 00:00:00  -  Run Local Usage
		Usr 0 00:02:13, Sys 0 00:00:01  -  Total Remote Usage
		Usr 0 00:00:00, Sys 0 00:00:00  -  Total Local Usage
	6241  -  Run Bytes Sent By Job
	146  -  Run Bytes Received By Job
	6241  -  Total Bytes Sent By Job
	146  -  Total Bytes Received By Job
	Partitionable Resources :    Usage  Request Allocated 
	   Cpus                 :     0.99        1         1 
	   Disk (KB)            :    56           1     61930 
	   Memory (MB)          :   151        3900      3968 

	Job terminated of its own accord at 2023-06-12T09:14:31Z.
...
006 (311057.005.000) 2023-06-12 18:14:37 Image size of job updated: 692184
	151  -  MemoryUsage of job (MB)
	153852  -  ResidentSetSize of job (KB)
...
040 (311057.005.000) 2023-06-12 18:14:37 Started transferring output files
...
040 (311057.005.000) 2023-06-12 18:14:37 Finished transferring output files
...
005 (311057.005.000) 2023-06-12 18:14:37 Job terminated.
	(1) Normal termination (return value 0)
		Usr 0 00:02:19, Sys 0 00:00:01  -  Run Remote Usage
		Usr 0 00:00:00, Sys 0 00:00:00  -  Run Local Usage
		Usr 0 00:02:19, Sys 0 00:00:01  -  Total Remote Usage
		Usr 0 00:00:00, Sys 0 00:00:00  -  Total Local Usage
	6446  -  Run Bytes Sent By Job
	146  -  Run Bytes Received By Job
	6446  -  Total Bytes Sent By Job
	146  -  Total Bytes Received By Job
	Partitionable Resources :    Usage  Request Allocated 
	   Cpus                 :     0.98        1         1 
	   Disk (KB)            :    57           1     61930 
	   Memory (MB)          :   151        3900      3968 

	Job terminated of its own accord at 2023-06-12T09:14:37Z.
...
