000 (310688.000.000) 2023-06-12 12:52:01 Job submitted from host: <172.30.1.200:9618?addrs=172.30.1.200-9618&alias=tamsa2.snu.ac.kr&noUDP&sock=schedd_3510_2582>
...
000 (310688.001.000) 2023-06-12 12:52:01 Job submitted from host: <172.30.1.200:9618?addrs=172.30.1.200-9618&alias=tamsa2.snu.ac.kr&noUDP&sock=schedd_3510_2582>
...
000 (310688.002.000) 2023-06-12 12:52:01 Job submitted from host: <172.30.1.200:9618?addrs=172.30.1.200-9618&alias=tamsa2.snu.ac.kr&noUDP&sock=schedd_3510_2582>
...
000 (310688.003.000) 2023-06-12 12:52:01 Job submitted from host: <172.30.1.200:9618?addrs=172.30.1.200-9618&alias=tamsa2.snu.ac.kr&noUDP&sock=schedd_3510_2582>
...
000 (310688.004.000) 2023-06-12 12:52:01 Job submitted from host: <172.30.1.200:9618?addrs=172.30.1.200-9618&alias=tamsa2.snu.ac.kr&noUDP&sock=schedd_3510_2582>
...
000 (310688.005.000) 2023-06-12 12:52:01 Job submitted from host: <172.30.1.200:9618?addrs=172.30.1.200-9618&alias=tamsa2.snu.ac.kr&noUDP&sock=schedd_3510_2582>
...
000 (310688.006.000) 2023-06-12 12:52:01 Job submitted from host: <172.30.1.200:9618?addrs=172.30.1.200-9618&alias=tamsa2.snu.ac.kr&noUDP&sock=schedd_3510_2582>
...
000 (310688.007.000) 2023-06-12 12:52:01 Job submitted from host: <172.30.1.200:9618?addrs=172.30.1.200-9618&alias=tamsa2.snu.ac.kr&noUDP&sock=schedd_3510_2582>
...
000 (310688.008.000) 2023-06-12 12:52:01 Job submitted from host: <172.30.1.200:9618?addrs=172.30.1.200-9618&alias=tamsa2.snu.ac.kr&noUDP&sock=schedd_3510_2582>
...
000 (310688.009.000) 2023-06-12 12:52:01 Job submitted from host: <172.30.1.200:9618?addrs=172.30.1.200-9618&alias=tamsa2.snu.ac.kr&noUDP&sock=schedd_3510_2582>
...
001 (310688.001.000) 2023-06-12 12:52:13 Job executing on host: <172.30.1.205:9618?addrs=172.30.1.205-9618&alias=node5&noUDP&sock=startd_3770_7c22>
...
001 (310688.009.000) 2023-06-12 12:52:13 Job executing on host: <172.30.1.206:9618?addrs=172.30.1.206-9618&alias=node6&noUDP&sock=startd_3777_494c>
...
001 (310688.002.000) 2023-06-12 12:52:13 Job executing on host: <172.30.1.205:9618?addrs=172.30.1.205-9618&alias=node5&noUDP&sock=startd_3770_7c22>
...
001 (310688.003.000) 2023-06-12 12:52:13 Job executing on host: <172.30.1.205:9618?addrs=172.30.1.205-9618&alias=node5&noUDP&sock=startd_3770_7c22>
...
001 (310688.004.000) 2023-06-12 12:52:13 Job executing on host: <172.30.1.205:9618?addrs=172.30.1.205-9618&alias=node5&noUDP&sock=startd_3770_7c22>
...
001 (310688.005.000) 2023-06-12 12:52:13 Job executing on host: <172.30.1.205:9618?addrs=172.30.1.205-9618&alias=node5&noUDP&sock=startd_3770_7c22>
...
001 (310688.006.000) 2023-06-12 12:52:13 Job executing on host: <172.30.1.205:9618?addrs=172.30.1.205-9618&alias=node5&noUDP&sock=startd_3770_7c22>
...
001 (310688.007.000) 2023-06-12 12:52:13 Job executing on host: <172.30.1.205:9618?addrs=172.30.1.205-9618&alias=node5&noUDP&sock=startd_3770_7c22>
...
001 (310688.008.000) 2023-06-12 12:52:14 Job executing on host: <172.30.1.205:9618?addrs=172.30.1.205-9618&alias=node5&noUDP&sock=startd_3770_7c22>
...
001 (310688.000.000) 2023-06-12 12:52:14 Job executing on host: <172.30.1.202:9618?addrs=172.30.1.202-9618&alias=node2&noUDP&sock=startd_19693_56a6>
...
006 (310688.001.000) 2023-06-12 12:52:21 Image size of job updated: 439880
	152  -  MemoryUsage of job (MB)
	154992  -  ResidentSetSize of job (KB)
...
006 (310688.009.000) 2023-06-12 12:52:21 Image size of job updated: 477892
	154  -  MemoryUsage of job (MB)
	157096  -  ResidentSetSize of job (KB)
...
006 (310688.002.000) 2023-06-12 12:52:21 Image size of job updated: 437848
	153  -  MemoryUsage of job (MB)
	156496  -  ResidentSetSize of job (KB)
...
006 (310688.007.000) 2023-06-12 12:52:22 Image size of job updated: 440020
	165  -  MemoryUsage of job (MB)
	168436  -  ResidentSetSize of job (KB)
...
006 (310688.008.000) 2023-06-12 12:52:22 Image size of job updated: 439880
	168  -  MemoryUsage of job (MB)
	171476  -  ResidentSetSize of job (KB)
...
006 (310688.000.000) 2023-06-12 12:52:22 Image size of job updated: 208964
	182  -  MemoryUsage of job (MB)
	186276  -  ResidentSetSize of job (KB)
...
006 (310688.003.000) 2023-06-12 12:52:22 Image size of job updated: 439880
	174  -  MemoryUsage of job (MB)
	177172  -  ResidentSetSize of job (KB)
...
006 (310688.004.000) 2023-06-12 12:52:22 Image size of job updated: 440828
	174  -  MemoryUsage of job (MB)
	178012  -  ResidentSetSize of job (KB)
...
006 (310688.005.000) 2023-06-12 12:52:22 Image size of job updated: 439880
	175  -  MemoryUsage of job (MB)
	178968  -  ResidentSetSize of job (KB)
...
006 (310688.006.000) 2023-06-12 12:52:22 Image size of job updated: 439880
	176  -  MemoryUsage of job (MB)
	179900  -  ResidentSetSize of job (KB)
...
006 (310688.000.000) 2023-06-12 12:52:39 Image size of job updated: 685004
	182  -  MemoryUsage of job (MB)
	186276  -  ResidentSetSize of job (KB)
...
005 (310688.000.000) 2023-06-12 12:52:39 Job terminated.
	(1) Normal termination (return value 0)
		Usr 0 00:00:20, Sys 0 00:00:01  -  Run Remote Usage
		Usr 0 00:00:00, Sys 0 00:00:00  -  Run Local Usage
		Usr 0 00:00:20, Sys 0 00:00:01  -  Total Remote Usage
		Usr 0 00:00:00, Sys 0 00:00:00  -  Total Local Usage
	0  -  Run Bytes Sent By Job
	0  -  Run Bytes Received By Job
	0  -  Total Bytes Sent By Job
	0  -  Total Bytes Received By Job
	Partitionable Resources :    Usage  Request Allocated 
	   Cpus                 :     0.73        1         1 
	   Disk (KB)            :     1           1    128913 
	   Memory (MB)          :   182        3900      3968 

	Job terminated of its own accord at 2023-06-12T03:52:39Z.
...
006 (310688.009.000) 2023-06-12 12:52:40 Image size of job updated: 684872
	154  -  MemoryUsage of job (MB)
	157232  -  ResidentSetSize of job (KB)
...
005 (310688.009.000) 2023-06-12 12:52:40 Job terminated.
	(1) Normal termination (return value 0)
		Usr 0 00:00:20, Sys 0 00:00:02  -  Run Remote Usage
		Usr 0 00:00:00, Sys 0 00:00:00  -  Run Local Usage
		Usr 0 00:00:20, Sys 0 00:00:02  -  Total Remote Usage
		Usr 0 00:00:00, Sys 0 00:00:00  -  Total Local Usage
	0  -  Run Bytes Sent By Job
	0  -  Run Bytes Received By Job
	0  -  Total Bytes Sent By Job
	0  -  Total Bytes Received By Job
	Partitionable Resources :    Usage  Request Allocated 
	   Cpus                 :                 1         1 
	   Disk (KB)            :        1        1     95898 
	   Memory (MB)          :      154     3900      3968 

	Job terminated of its own accord at 2023-06-12T03:52:40Z.
...
006 (310688.006.000) 2023-06-12 12:52:41 Image size of job updated: 685168
	176  -  MemoryUsage of job (MB)
	179904  -  ResidentSetSize of job (KB)
...
005 (310688.006.000) 2023-06-12 12:52:41 Job terminated.
	(1) Normal termination (return value 0)
		Usr 0 00:00:20, Sys 0 00:00:02  -  Run Remote Usage
		Usr 0 00:00:00, Sys 0 00:00:00  -  Run Local Usage
		Usr 0 00:00:20, Sys 0 00:00:02  -  Total Remote Usage
		Usr 0 00:00:00, Sys 0 00:00:00  -  Total Local Usage
	0  -  Run Bytes Sent By Job
	0  -  Run Bytes Received By Job
	0  -  Total Bytes Sent By Job
	0  -  Total Bytes Received By Job
	Partitionable Resources :    Usage  Request Allocated 
	   Cpus                 :                 1         1 
	   Disk (KB)            :        1        1    128928 
	   Memory (MB)          :      176     3900      3968 

	Job terminated of its own accord at 2023-06-12T03:52:41Z.
...
006 (310688.001.000) 2023-06-12 12:52:42 Image size of job updated: 686740
	152  -  MemoryUsage of job (MB)
	155108  -  ResidentSetSize of job (KB)
...
005 (310688.001.000) 2023-06-12 12:52:42 Job terminated.
	(1) Normal termination (return value 0)
		Usr 0 00:00:22, Sys 0 00:00:01  -  Run Remote Usage
		Usr 0 00:00:00, Sys 0 00:00:00  -  Run Local Usage
		Usr 0 00:00:22, Sys 0 00:00:01  -  Total Remote Usage
		Usr 0 00:00:00, Sys 0 00:00:00  -  Total Local Usage
	0  -  Run Bytes Sent By Job
	0  -  Run Bytes Received By Job
	0  -  Total Bytes Sent By Job
	0  -  Total Bytes Received By Job
	Partitionable Resources :    Usage  Request Allocated 
	   Cpus                 :                 1         1 
	   Disk (KB)            :        1        1    128928 
	   Memory (MB)          :      152     3900      3968 

	Job terminated of its own accord at 2023-06-12T03:52:42Z.
...
006 (310688.003.000) 2023-06-12 12:52:43 Image size of job updated: 685252
	174  -  MemoryUsage of job (MB)
	177172  -  ResidentSetSize of job (KB)
...
005 (310688.003.000) 2023-06-12 12:52:43 Job terminated.
	(1) Normal termination (return value 0)
		Usr 0 00:00:22, Sys 0 00:00:02  -  Run Remote Usage
		Usr 0 00:00:00, Sys 0 00:00:00  -  Run Local Usage
		Usr 0 00:00:22, Sys 0 00:00:02  -  Total Remote Usage
		Usr 0 00:00:00, Sys 0 00:00:00  -  Total Local Usage
	0  -  Run Bytes Sent By Job
	0  -  Run Bytes Received By Job
	0  -  Total Bytes Sent By Job
	0  -  Total Bytes Received By Job
	Partitionable Resources :    Usage  Request Allocated 
	   Cpus                 :                 1         1 
	   Disk (KB)            :        1        1    128928 
	   Memory (MB)          :      174     3900      3968 

	Job terminated of its own accord at 2023-06-12T03:52:43Z.
...
006 (310688.004.000) 2023-06-12 12:52:43 Image size of job updated: 690188
	174  -  MemoryUsage of job (MB)
	178024  -  ResidentSetSize of job (KB)
...
005 (310688.004.000) 2023-06-12 12:52:44 Job terminated.
	(1) Normal termination (return value 0)
		Usr 0 00:00:22, Sys 0 00:00:01  -  Run Remote Usage
		Usr 0 00:00:00, Sys 0 00:00:00  -  Run Local Usage
		Usr 0 00:00:22, Sys 0 00:00:01  -  Total Remote Usage
		Usr 0 00:00:00, Sys 0 00:00:00  -  Total Local Usage
	0  -  Run Bytes Sent By Job
	0  -  Run Bytes Received By Job
	0  -  Total Bytes Sent By Job
	0  -  Total Bytes Received By Job
	Partitionable Resources :    Usage  Request Allocated 
	   Cpus                 :                 1         1 
	   Disk (KB)            :        1        1    128928 
	   Memory (MB)          :      174     3900      3968 

	Job terminated of its own accord at 2023-06-12T03:52:43Z.
...
006 (310688.005.000) 2023-06-12 12:52:46 Image size of job updated: 690152
	175  -  MemoryUsage of job (MB)
	178968  -  ResidentSetSize of job (KB)
...
005 (310688.005.000) 2023-06-12 12:52:46 Job terminated.
	(1) Normal termination (return value 0)
		Usr 0 00:00:25, Sys 0 00:00:01  -  Run Remote Usage
		Usr 0 00:00:00, Sys 0 00:00:00  -  Run Local Usage
		Usr 0 00:00:25, Sys 0 00:00:01  -  Total Remote Usage
		Usr 0 00:00:00, Sys 0 00:00:00  -  Total Local Usage
	0  -  Run Bytes Sent By Job
	0  -  Run Bytes Received By Job
	0  -  Total Bytes Sent By Job
	0  -  Total Bytes Received By Job
	Partitionable Resources :    Usage  Request Allocated 
	   Cpus                 :                 1         1 
	   Disk (KB)            :        1        1    128928 
	   Memory (MB)          :      175     3900      3968 

	Job terminated of its own accord at 2023-06-12T03:52:46Z.
...
006 (310688.008.000) 2023-06-12 12:52:46 Image size of job updated: 690052
	168  -  MemoryUsage of job (MB)
	171488  -  ResidentSetSize of job (KB)
...
005 (310688.008.000) 2023-06-12 12:52:46 Job terminated.
	(1) Normal termination (return value 0)
		Usr 0 00:00:25, Sys 0 00:00:01  -  Run Remote Usage
		Usr 0 00:00:00, Sys 0 00:00:00  -  Run Local Usage
		Usr 0 00:00:25, Sys 0 00:00:01  -  Total Remote Usage
		Usr 0 00:00:00, Sys 0 00:00:00  -  Total Local Usage
	0  -  Run Bytes Sent By Job
	0  -  Run Bytes Received By Job
	0  -  Total Bytes Sent By Job
	0  -  Total Bytes Received By Job
	Partitionable Resources :    Usage  Request Allocated 
	   Cpus                 :                 1         1 
	   Disk (KB)            :        1        1    128928 
	   Memory (MB)          :      168     3900      3968 

	Job terminated of its own accord at 2023-06-12T03:52:46Z.
...
006 (310688.007.000) 2023-06-12 12:53:47 Image size of job updated: 690404
	165  -  MemoryUsage of job (MB)
	168436  -  ResidentSetSize of job (KB)
...
005 (310688.007.000) 2023-06-12 12:53:47 Job terminated.
	(1) Normal termination (return value 0)
		Usr 0 00:01:26, Sys 0 00:00:02  -  Run Remote Usage
		Usr 0 00:00:00, Sys 0 00:00:00  -  Run Local Usage
		Usr 0 00:01:26, Sys 0 00:00:02  -  Total Remote Usage
		Usr 0 00:00:00, Sys 0 00:00:00  -  Total Local Usage
	0  -  Run Bytes Sent By Job
	0  -  Run Bytes Received By Job
	0  -  Total Bytes Sent By Job
	0  -  Total Bytes Received By Job
	Partitionable Resources :    Usage  Request Allocated 
	   Cpus                 :                 1         1 
	   Disk (KB)            :        1        1    128928 
	   Memory (MB)          :      165     3900      3968 

	Job terminated of its own accord at 2023-06-12T03:53:47Z.
...
006 (310688.002.000) 2023-06-12 12:53:57 Image size of job updated: 690468
	153  -  MemoryUsage of job (MB)
	156508  -  ResidentSetSize of job (KB)
...
005 (310688.002.000) 2023-06-12 12:53:57 Job terminated.
	(1) Normal termination (return value 0)
		Usr 0 00:01:37, Sys 0 00:00:02  -  Run Remote Usage
		Usr 0 00:00:00, Sys 0 00:00:00  -  Run Local Usage
		Usr 0 00:01:37, Sys 0 00:00:02  -  Total Remote Usage
		Usr 0 00:00:00, Sys 0 00:00:00  -  Total Local Usage
	0  -  Run Bytes Sent By Job
	0  -  Run Bytes Received By Job
	0  -  Total Bytes Sent By Job
	0  -  Total Bytes Received By Job
	Partitionable Resources :    Usage  Request Allocated 
	   Cpus                 :                 1         1 
	   Disk (KB)            :        1        1    128928 
	   Memory (MB)          :      153     3900      3968 

	Job terminated of its own accord at 2023-06-12T03:53:57Z.
...
000 (310913.000.000) 2023-06-12 15:21:30 Job submitted from host: <172.30.1.200:9618?addrs=172.30.1.200-9618&alias=tamsa2.snu.ac.kr&noUDP&sock=schedd_3510_2582>
...
000 (310913.001.000) 2023-06-12 15:21:30 Job submitted from host: <172.30.1.200:9618?addrs=172.30.1.200-9618&alias=tamsa2.snu.ac.kr&noUDP&sock=schedd_3510_2582>
...
000 (310913.002.000) 2023-06-12 15:21:30 Job submitted from host: <172.30.1.200:9618?addrs=172.30.1.200-9618&alias=tamsa2.snu.ac.kr&noUDP&sock=schedd_3510_2582>
...
000 (310913.003.000) 2023-06-12 15:21:30 Job submitted from host: <172.30.1.200:9618?addrs=172.30.1.200-9618&alias=tamsa2.snu.ac.kr&noUDP&sock=schedd_3510_2582>
...
000 (310913.004.000) 2023-06-12 15:21:30 Job submitted from host: <172.30.1.200:9618?addrs=172.30.1.200-9618&alias=tamsa2.snu.ac.kr&noUDP&sock=schedd_3510_2582>
...
000 (310913.005.000) 2023-06-12 15:21:30 Job submitted from host: <172.30.1.200:9618?addrs=172.30.1.200-9618&alias=tamsa2.snu.ac.kr&noUDP&sock=schedd_3510_2582>
...
000 (310913.006.000) 2023-06-12 15:21:30 Job submitted from host: <172.30.1.200:9618?addrs=172.30.1.200-9618&alias=tamsa2.snu.ac.kr&noUDP&sock=schedd_3510_2582>
...
000 (310913.007.000) 2023-06-12 15:21:30 Job submitted from host: <172.30.1.200:9618?addrs=172.30.1.200-9618&alias=tamsa2.snu.ac.kr&noUDP&sock=schedd_3510_2582>
...
000 (310913.008.000) 2023-06-12 15:21:30 Job submitted from host: <172.30.1.200:9618?addrs=172.30.1.200-9618&alias=tamsa2.snu.ac.kr&noUDP&sock=schedd_3510_2582>
...
000 (310913.009.000) 2023-06-12 15:21:30 Job submitted from host: <172.30.1.200:9618?addrs=172.30.1.200-9618&alias=tamsa2.snu.ac.kr&noUDP&sock=schedd_3510_2582>
...
040 (310913.001.000) 2023-06-12 15:25:20 Started transferring input files
	Transferring to host: <172.30.1.111:9618?addrs=172.30.1.111-9618&alias=n11&noUDP&sock=slot1_8_4451_e1ce_12939>
...
040 (310913.001.000) 2023-06-12 15:25:20 Finished transferring input files
...
040 (310913.002.000) 2023-06-12 15:25:21 Started transferring input files
	Transferring to host: <172.30.1.111:9618?addrs=172.30.1.111-9618&alias=n11&noUDP&sock=slot1_22_4451_e1ce_12940>
...
040 (310913.002.000) 2023-06-12 15:25:21 Finished transferring input files
...
040 (310913.000.000) 2023-06-12 15:25:21 Started transferring input files
	Transferring to host: <172.30.1.101:9618?addrs=172.30.1.101-9618&alias=n1&noUDP&sock=slot1_8_3367_1b22_14681>
...
040 (310913.000.000) 2023-06-12 15:25:21 Finished transferring input files
...
040 (310913.003.000) 2023-06-12 15:25:21 Started transferring input files
	Transferring to host: <172.30.1.111:9618?addrs=172.30.1.111-9618&alias=n11&noUDP&sock=slot1_23_4451_e1ce_12941>
...
040 (310913.003.000) 2023-06-12 15:25:21 Finished transferring input files
...
001 (310913.001.000) 2023-06-12 15:25:21 Job executing on host: <172.30.1.111:9618?addrs=172.30.1.111-9618&alias=n11&noUDP&sock=startd_4417_45e8>
...
001 (310913.002.000) 2023-06-12 15:25:22 Job executing on host: <172.30.1.111:9618?addrs=172.30.1.111-9618&alias=n11&noUDP&sock=startd_4417_45e8>
...
001 (310913.000.000) 2023-06-12 15:25:22 Job executing on host: <172.30.1.101:9618?addrs=172.30.1.101-9618&alias=n1&noUDP&sock=startd_3332_0da7>
...
001 (310913.003.000) 2023-06-12 15:25:22 Job executing on host: <172.30.1.111:9618?addrs=172.30.1.111-9618&alias=n11&noUDP&sock=startd_4417_45e8>
...
006 (310913.001.000) 2023-06-12 15:25:30 Image size of job updated: 682464
	204  -  MemoryUsage of job (MB)
	208792  -  ResidentSetSize of job (KB)
...
006 (310913.000.000) 2023-06-12 15:25:30 Image size of job updated: 115524
	113  -  MemoryUsage of job (MB)
	115524  -  ResidentSetSize of job (KB)
...
006 (310913.002.000) 2023-06-12 15:25:30 Image size of job updated: 652424
	206  -  MemoryUsage of job (MB)
	210784  -  ResidentSetSize of job (KB)
...
006 (310913.003.000) 2023-06-12 15:25:30 Image size of job updated: 667032
	207  -  MemoryUsage of job (MB)
	211028  -  ResidentSetSize of job (KB)
...
040 (310913.001.000) 2023-06-12 15:25:37 Started transferring output files
...
040 (310913.001.000) 2023-06-12 15:25:37 Finished transferring output files
...
005 (310913.001.000) 2023-06-12 15:25:37 Job terminated.
	(1) Normal termination (return value 0)
		Usr 0 00:00:13, Sys 0 00:00:01  -  Run Remote Usage
		Usr 0 00:00:00, Sys 0 00:00:00  -  Run Local Usage
		Usr 0 00:00:13, Sys 0 00:00:01  -  Total Remote Usage
		Usr 0 00:00:00, Sys 0 00:00:00  -  Total Local Usage
	4557  -  Run Bytes Sent By Job
	143  -  Run Bytes Received By Job
	4557  -  Total Bytes Sent By Job
	143  -  Total Bytes Received By Job
	Partitionable Resources :    Usage  Request Allocated 
	   Cpus                 :                 1         1 
	   Disk (KB)            :       50        1    127802 
	   GPUs                 :                           0 
	   Memory (MB)          :      204     3900      3968 

	Job terminated of its own accord at 2023-06-12T06:25:37Z.
...
006 (310913.002.000) 2023-06-12 15:25:39 Image size of job updated: 686288
	206  -  MemoryUsage of job (MB)
	210784  -  ResidentSetSize of job (KB)
...
040 (310913.002.000) 2023-06-12 15:25:40 Started transferring output files
...
040 (310913.002.000) 2023-06-12 15:25:40 Finished transferring output files
...
005 (310913.002.000) 2023-06-12 15:25:40 Job terminated.
	(1) Normal termination (return value 0)
		Usr 0 00:00:15, Sys 0 00:00:01  -  Run Remote Usage
		Usr 0 00:00:00, Sys 0 00:00:00  -  Run Local Usage
		Usr 0 00:00:15, Sys 0 00:00:01  -  Total Remote Usage
		Usr 0 00:00:00, Sys 0 00:00:00  -  Total Local Usage
	4588  -  Run Bytes Sent By Job
	143  -  Run Bytes Received By Job
	4588  -  Total Bytes Sent By Job
	143  -  Total Bytes Received By Job
	Partitionable Resources :    Usage  Request Allocated 
	   Cpus                 :                 1         1 
	   Disk (KB)            :       50        1    127802 
	   GPUs                 :                           0 
	   Memory (MB)          :      206     3900      3968 

	Job terminated of its own accord at 2023-06-12T06:25:39Z.
...
006 (310913.003.000) 2023-06-12 15:25:50 Image size of job updated: 691396
	207  -  MemoryUsage of job (MB)
	211028  -  ResidentSetSize of job (KB)
...
040 (310913.003.000) 2023-06-12 15:25:50 Started transferring output files
...
040 (310913.003.000) 2023-06-12 15:25:50 Finished transferring output files
...
005 (310913.003.000) 2023-06-12 15:25:50 Job terminated.
	(1) Normal termination (return value 0)
		Usr 0 00:00:25, Sys 0 00:00:01  -  Run Remote Usage
		Usr 0 00:00:00, Sys 0 00:00:00  -  Run Local Usage
		Usr 0 00:00:25, Sys 0 00:00:01  -  Total Remote Usage
		Usr 0 00:00:00, Sys 0 00:00:00  -  Total Local Usage
	4588  -  Run Bytes Sent By Job
	143  -  Run Bytes Received By Job
	4588  -  Total Bytes Sent By Job
	143  -  Total Bytes Received By Job
	Partitionable Resources :    Usage  Request Allocated 
	   Cpus                 :                 1         1 
	   Disk (KB)            :       50        1    127802 
	   GPUs                 :                           0 
	   Memory (MB)          :      207     3900      3968 

	Job terminated of its own accord at 2023-06-12T06:25:50Z.
...
006 (310913.000.000) 2023-06-12 15:26:09 Image size of job updated: 687556
	113  -  MemoryUsage of job (MB)
	115604  -  ResidentSetSize of job (KB)
...
040 (310913.000.000) 2023-06-12 15:26:09 Started transferring output files
...
040 (310913.000.000) 2023-06-12 15:26:09 Finished transferring output files
...
005 (310913.000.000) 2023-06-12 15:26:09 Job terminated.
	(1) Normal termination (return value 0)
		Usr 0 00:00:35, Sys 0 00:00:03  -  Run Remote Usage
		Usr 0 00:00:00, Sys 0 00:00:00  -  Run Local Usage
		Usr 0 00:00:35, Sys 0 00:00:03  -  Total Remote Usage
		Usr 0 00:00:00, Sys 0 00:00:00  -  Total Local Usage
	4526  -  Run Bytes Sent By Job
	143  -  Run Bytes Received By Job
	4526  -  Total Bytes Sent By Job
	143  -  Total Bytes Received By Job
	Partitionable Resources :    Usage  Request Allocated 
	   Cpus                 :     0.37        1         1 
	   Disk (KB)            :    55           1    127998 
	   Memory (MB)          :   113        3900      3968 

	Job terminated of its own accord at 2023-06-12T06:26:09Z.
...
001 (310913.005.000) 2023-06-12 15:26:20 Job executing on host: <172.30.1.205:9618?addrs=172.30.1.205-9618&alias=node5&noUDP&sock=startd_3770_7c22>
...
001 (310913.008.000) 2023-06-12 15:26:20 Job executing on host: <172.30.1.206:9618?addrs=172.30.1.206-9618&alias=node6&noUDP&sock=startd_3777_494c>
...
001 (310913.004.000) 2023-06-12 15:26:20 Job executing on host: <172.30.1.205:9618?addrs=172.30.1.205-9618&alias=node5&noUDP&sock=startd_3770_7c22>
...
001 (310913.006.000) 2023-06-12 15:26:20 Job executing on host: <172.30.1.205:9618?addrs=172.30.1.205-9618&alias=node5&noUDP&sock=startd_3770_7c22>
...
001 (310913.009.000) 2023-06-12 15:26:20 Job executing on host: <172.30.1.206:9618?addrs=172.30.1.206-9618&alias=node6&noUDP&sock=startd_3777_494c>
...
001 (310913.007.000) 2023-06-12 15:26:20 Job executing on host: <172.30.1.205:9618?addrs=172.30.1.205-9618&alias=node5&noUDP&sock=startd_3770_7c22>
...
006 (310913.005.000) 2023-06-12 15:26:28 Image size of job updated: 187652
	184  -  MemoryUsage of job (MB)
	187636  -  ResidentSetSize of job (KB)
...
006 (310913.004.000) 2023-06-12 15:26:29 Image size of job updated: 199796
	196  -  MemoryUsage of job (MB)
	199796  -  ResidentSetSize of job (KB)
...
006 (310913.008.000) 2023-06-12 15:26:29 Image size of job updated: 210892
	206  -  MemoryUsage of job (MB)
	210892  -  ResidentSetSize of job (KB)
...
006 (310913.006.000) 2023-06-12 15:26:29 Image size of job updated: 195668
	192  -  MemoryUsage of job (MB)
	195656  -  ResidentSetSize of job (KB)
...
006 (310913.009.000) 2023-06-12 15:26:29 Image size of job updated: 205928
	202  -  MemoryUsage of job (MB)
	205928  -  ResidentSetSize of job (KB)
...
006 (310913.007.000) 2023-06-12 15:26:29 Image size of job updated: 187592
	184  -  MemoryUsage of job (MB)
	187592  -  ResidentSetSize of job (KB)
...
006 (310913.006.000) 2023-06-12 15:26:41 Image size of job updated: 686128
	192  -  MemoryUsage of job (MB)
	195656  -  ResidentSetSize of job (KB)
...
006 (310913.009.000) 2023-06-12 15:26:41 Image size of job updated: 686192
	202  -  MemoryUsage of job (MB)
	205936  -  ResidentSetSize of job (KB)
...
005 (310913.006.000) 2023-06-12 15:26:41 Job terminated.
	(1) Normal termination (return value 0)
		Usr 0 00:00:17, Sys 0 00:00:01  -  Run Remote Usage
		Usr 0 00:00:00, Sys 0 00:00:00  -  Run Local Usage
		Usr 0 00:00:17, Sys 0 00:00:01  -  Total Remote Usage
		Usr 0 00:00:00, Sys 0 00:00:00  -  Total Local Usage
	0  -  Run Bytes Sent By Job
	0  -  Run Bytes Received By Job
	0  -  Total Bytes Sent By Job
	0  -  Total Bytes Received By Job
	Partitionable Resources :    Usage  Request Allocated 
	   Cpus                 :                 1         1 
	   Disk (KB)            :        1        1    128928 
	   Memory (MB)          :      192     3900      3968 

	Job terminated of its own accord at 2023-06-12T06:26:41Z.
...
005 (310913.009.000) 2023-06-12 15:26:41 Job terminated.
	(1) Normal termination (return value 0)
		Usr 0 00:00:18, Sys 0 00:00:01  -  Run Remote Usage
		Usr 0 00:00:00, Sys 0 00:00:00  -  Run Local Usage
		Usr 0 00:00:18, Sys 0 00:00:01  -  Total Remote Usage
		Usr 0 00:00:00, Sys 0 00:00:00  -  Total Local Usage
	0  -  Run Bytes Sent By Job
	0  -  Run Bytes Received By Job
	0  -  Total Bytes Sent By Job
	0  -  Total Bytes Received By Job
	Partitionable Resources :    Usage  Request Allocated 
	   Cpus                 :                 1         1 
	   Disk (KB)            :        1        1     95898 
	   Memory (MB)          :      202     3900      3968 

	Job terminated of its own accord at 2023-06-12T06:26:41Z.
...
006 (310913.008.000) 2023-06-12 15:26:47 Image size of job updated: 686408
	206  -  MemoryUsage of job (MB)
	210892  -  ResidentSetSize of job (KB)
...
005 (310913.008.000) 2023-06-12 15:26:47 Job terminated.
	(1) Normal termination (return value 0)
		Usr 0 00:00:22, Sys 0 00:00:01  -  Run Remote Usage
		Usr 0 00:00:00, Sys 0 00:00:00  -  Run Local Usage
		Usr 0 00:00:22, Sys 0 00:00:01  -  Total Remote Usage
		Usr 0 00:00:00, Sys 0 00:00:00  -  Total Local Usage
	0  -  Run Bytes Sent By Job
	0  -  Run Bytes Received By Job
	0  -  Total Bytes Sent By Job
	0  -  Total Bytes Received By Job
	Partitionable Resources :    Usage  Request Allocated 
	   Cpus                 :                 1         1 
	   Disk (KB)            :        1        1     95898 
	   Memory (MB)          :      206     3900      3968 

	Job terminated of its own accord at 2023-06-12T06:26:47Z.
...
006 (310913.007.000) 2023-06-12 15:26:47 Image size of job updated: 686284
	184  -  MemoryUsage of job (MB)
	187592  -  ResidentSetSize of job (KB)
...
006 (310913.004.000) 2023-06-12 15:26:47 Image size of job updated: 686328
	196  -  MemoryUsage of job (MB)
	199796  -  ResidentSetSize of job (KB)
...
006 (310913.005.000) 2023-06-12 15:26:47 Image size of job updated: 689904
	184  -  MemoryUsage of job (MB)
	187636  -  ResidentSetSize of job (KB)
...
005 (310913.005.000) 2023-06-12 15:26:47 Job terminated.
	(1) Normal termination (return value 0)
		Usr 0 00:00:22, Sys 0 00:00:01  -  Run Remote Usage
		Usr 0 00:00:00, Sys 0 00:00:00  -  Run Local Usage
		Usr 0 00:00:22, Sys 0 00:00:01  -  Total Remote Usage
		Usr 0 00:00:00, Sys 0 00:00:00  -  Total Local Usage
	0  -  Run Bytes Sent By Job
	0  -  Run Bytes Received By Job
	0  -  Total Bytes Sent By Job
	0  -  Total Bytes Received By Job
	Partitionable Resources :    Usage  Request Allocated 
	   Cpus                 :                 1         1 
	   Disk (KB)            :        1        1    128928 
	   Memory (MB)          :      184     3900      3968 

	Job terminated of its own accord at 2023-06-12T06:26:47Z.
...
005 (310913.004.000) 2023-06-12 15:26:47 Job terminated.
	(1) Normal termination (return value 0)
		Usr 0 00:00:21, Sys 0 00:00:01  -  Run Remote Usage
		Usr 0 00:00:00, Sys 0 00:00:00  -  Run Local Usage
		Usr 0 00:00:21, Sys 0 00:00:01  -  Total Remote Usage
		Usr 0 00:00:00, Sys 0 00:00:00  -  Total Local Usage
	0  -  Run Bytes Sent By Job
	0  -  Run Bytes Received By Job
	0  -  Total Bytes Sent By Job
	0  -  Total Bytes Received By Job
	Partitionable Resources :    Usage  Request Allocated 
	   Cpus                 :                 1         1 
	   Disk (KB)            :        1        1    128928 
	   Memory (MB)          :      196     3900      3968 

	Job terminated of its own accord at 2023-06-12T06:26:47Z.
...
005 (310913.007.000) 2023-06-12 15:26:47 Job terminated.
	(1) Normal termination (return value 0)
		Usr 0 00:00:20, Sys 0 00:00:01  -  Run Remote Usage
		Usr 0 00:00:00, Sys 0 00:00:00  -  Run Local Usage
		Usr 0 00:00:20, Sys 0 00:00:01  -  Total Remote Usage
		Usr 0 00:00:00, Sys 0 00:00:00  -  Total Local Usage
	0  -  Run Bytes Sent By Job
	0  -  Run Bytes Received By Job
	0  -  Total Bytes Sent By Job
	0  -  Total Bytes Received By Job
	Partitionable Resources :    Usage  Request Allocated 
	   Cpus                 :                 1         1 
	   Disk (KB)            :        1        1    128928 
	   Memory (MB)          :      184     3900      3968 

	Job terminated of its own accord at 2023-06-12T06:26:47Z.
...
000 (310945.000.000) 2023-06-12 16:27:51 Job submitted from host: <172.30.1.200:9618?addrs=172.30.1.200-9618&alias=tamsa2.snu.ac.kr&noUDP&sock=schedd_3510_2582>
...
000 (310945.001.000) 2023-06-12 16:27:51 Job submitted from host: <172.30.1.200:9618?addrs=172.30.1.200-9618&alias=tamsa2.snu.ac.kr&noUDP&sock=schedd_3510_2582>
...
000 (310945.002.000) 2023-06-12 16:27:51 Job submitted from host: <172.30.1.200:9618?addrs=172.30.1.200-9618&alias=tamsa2.snu.ac.kr&noUDP&sock=schedd_3510_2582>
...
000 (310945.003.000) 2023-06-12 16:27:51 Job submitted from host: <172.30.1.200:9618?addrs=172.30.1.200-9618&alias=tamsa2.snu.ac.kr&noUDP&sock=schedd_3510_2582>
...
000 (310945.004.000) 2023-06-12 16:27:51 Job submitted from host: <172.30.1.200:9618?addrs=172.30.1.200-9618&alias=tamsa2.snu.ac.kr&noUDP&sock=schedd_3510_2582>
...
000 (310945.005.000) 2023-06-12 16:27:51 Job submitted from host: <172.30.1.200:9618?addrs=172.30.1.200-9618&alias=tamsa2.snu.ac.kr&noUDP&sock=schedd_3510_2582>
...
000 (310945.006.000) 2023-06-12 16:27:51 Job submitted from host: <172.30.1.200:9618?addrs=172.30.1.200-9618&alias=tamsa2.snu.ac.kr&noUDP&sock=schedd_3510_2582>
...
000 (310945.007.000) 2023-06-12 16:27:51 Job submitted from host: <172.30.1.200:9618?addrs=172.30.1.200-9618&alias=tamsa2.snu.ac.kr&noUDP&sock=schedd_3510_2582>
...
000 (310945.008.000) 2023-06-12 16:27:51 Job submitted from host: <172.30.1.200:9618?addrs=172.30.1.200-9618&alias=tamsa2.snu.ac.kr&noUDP&sock=schedd_3510_2582>
...
000 (310945.009.000) 2023-06-12 16:27:51 Job submitted from host: <172.30.1.200:9618?addrs=172.30.1.200-9618&alias=tamsa2.snu.ac.kr&noUDP&sock=schedd_3510_2582>
...
040 (310945.002.000) 2023-06-12 16:30:04 Started transferring input files
	Transferring to host: <172.30.1.109:9618?addrs=172.30.1.109-9618&alias=n9&noUDP&sock=slot1_5_4265_d407_22513>
...
040 (310945.006.000) 2023-06-12 16:30:04 Started transferring input files
	Transferring to host: <172.30.1.110:9618?addrs=172.30.1.110-9618&alias=n10&noUDP&sock=slot1_6_4288_08a7_22184>
...
040 (310945.002.000) 2023-06-12 16:30:04 Finished transferring input files
...
040 (310945.006.000) 2023-06-12 16:30:04 Finished transferring input files
...
040 (310945.007.000) 2023-06-12 16:30:04 Started transferring input files
	Transferring to host: <172.30.1.110:9618?addrs=172.30.1.110-9618&alias=n10&noUDP&sock=slot1_7_4288_08a7_22185>
...
040 (310945.007.000) 2023-06-12 16:30:04 Finished transferring input files
...
040 (310945.003.000) 2023-06-12 16:30:04 Started transferring input files
	Transferring to host: <172.30.1.109:9618?addrs=172.30.1.109-9618&alias=n9&noUDP&sock=slot1_11_4265_d407_22514>
...
040 (310945.008.000) 2023-06-12 16:30:04 Started transferring input files
	Transferring to host: <172.30.1.110:9618?addrs=172.30.1.110-9618&alias=n10&noUDP&sock=slot1_8_4288_08a7_22186>
...
040 (310945.003.000) 2023-06-12 16:30:04 Finished transferring input files
...
040 (310945.008.000) 2023-06-12 16:30:04 Finished transferring input files
...
040 (310945.000.000) 2023-06-12 16:30:04 Started transferring input files
	Transferring to host: <172.30.1.108:9618?addrs=172.30.1.108-9618&alias=n8&noUDP&sock=slot1_34_4278_fce7_21411>
...
040 (310945.004.000) 2023-06-12 16:30:04 Started transferring input files
	Transferring to host: <172.30.1.109:9618?addrs=172.30.1.109-9618&alias=n9&noUDP&sock=slot1_25_4265_d407_22515>
...
040 (310945.009.000) 2023-06-12 16:30:04 Started transferring input files
	Transferring to host: <172.30.1.110:9618?addrs=172.30.1.110-9618&alias=n10&noUDP&sock=slot1_9_4288_08a7_22187>
...
040 (310945.000.000) 2023-06-12 16:30:04 Finished transferring input files
...
040 (310945.004.000) 2023-06-12 16:30:04 Finished transferring input files
...
040 (310945.001.000) 2023-06-12 16:30:04 Started transferring input files
	Transferring to host: <172.30.1.108:9618?addrs=172.30.1.108-9618&alias=n8&noUDP&sock=slot1_42_4278_fce7_21412>
...
040 (310945.009.000) 2023-06-12 16:30:04 Finished transferring input files
...
040 (310945.001.000) 2023-06-12 16:30:04 Finished transferring input files
...
040 (310945.005.000) 2023-06-12 16:30:04 Started transferring input files
	Transferring to host: <172.30.1.109:9618?addrs=172.30.1.109-9618&alias=n9&noUDP&sock=slot1_32_4265_d407_22516>
...
040 (310945.005.000) 2023-06-12 16:30:04 Finished transferring input files
...
001 (310945.006.000) 2023-06-12 16:30:05 Job executing on host: <172.30.1.110:9618?addrs=172.30.1.110-9618&alias=n10&noUDP&sock=startd_4254_77f9>
...
001 (310945.002.000) 2023-06-12 16:30:05 Job executing on host: <172.30.1.109:9618?addrs=172.30.1.109-9618&alias=n9&noUDP&sock=startd_4231_b14b>
...
001 (310945.007.000) 2023-06-12 16:30:05 Job executing on host: <172.30.1.110:9618?addrs=172.30.1.110-9618&alias=n10&noUDP&sock=startd_4254_77f9>
...
001 (310945.003.000) 2023-06-12 16:30:05 Job executing on host: <172.30.1.109:9618?addrs=172.30.1.109-9618&alias=n9&noUDP&sock=startd_4231_b14b>
...
001 (310945.008.000) 2023-06-12 16:30:05 Job executing on host: <172.30.1.110:9618?addrs=172.30.1.110-9618&alias=n10&noUDP&sock=startd_4254_77f9>
...
001 (310945.000.000) 2023-06-12 16:30:05 Job executing on host: <172.30.1.108:9618?addrs=172.30.1.108-9618&alias=n8&noUDP&sock=startd_4243_ec6e>
...
001 (310945.004.000) 2023-06-12 16:30:05 Job executing on host: <172.30.1.109:9618?addrs=172.30.1.109-9618&alias=n9&noUDP&sock=startd_4231_b14b>
...
001 (310945.009.000) 2023-06-12 16:30:05 Job executing on host: <172.30.1.110:9618?addrs=172.30.1.110-9618&alias=n10&noUDP&sock=startd_4254_77f9>
...
001 (310945.001.000) 2023-06-12 16:30:05 Job executing on host: <172.30.1.108:9618?addrs=172.30.1.108-9618&alias=n8&noUDP&sock=startd_4243_ec6e>
...
001 (310945.005.000) 2023-06-12 16:30:05 Job executing on host: <172.30.1.109:9618?addrs=172.30.1.109-9618&alias=n9&noUDP&sock=startd_4231_b14b>
...
006 (310945.006.000) 2023-06-12 16:30:13 Image size of job updated: 251248
	208  -  MemoryUsage of job (MB)
	212752  -  ResidentSetSize of job (KB)
...
006 (310945.002.000) 2023-06-12 16:30:13 Image size of job updated: 187676
	184  -  MemoryUsage of job (MB)
	187676  -  ResidentSetSize of job (KB)
...
006 (310945.007.000) 2023-06-12 16:30:13 Image size of job updated: 211016
	207  -  MemoryUsage of job (MB)
	211016  -  ResidentSetSize of job (KB)
...
006 (310945.008.000) 2023-06-12 16:30:13 Image size of job updated: 212860
	208  -  MemoryUsage of job (MB)
	212860  -  ResidentSetSize of job (KB)
...
006 (310945.003.000) 2023-06-12 16:30:13 Image size of job updated: 195012
	191  -  MemoryUsage of job (MB)
	194872  -  ResidentSetSize of job (KB)
...
006 (310945.009.000) 2023-06-12 16:30:14 Image size of job updated: 212832
	208  -  MemoryUsage of job (MB)
	212832  -  ResidentSetSize of job (KB)
...
006 (310945.000.000) 2023-06-12 16:30:14 Image size of job updated: 475176
	206  -  MemoryUsage of job (MB)
	210772  -  ResidentSetSize of job (KB)
...
006 (310945.001.000) 2023-06-12 16:30:14 Image size of job updated: 476708
	191  -  MemoryUsage of job (MB)
	195420  -  ResidentSetSize of job (KB)
...
006 (310945.004.000) 2023-06-12 16:30:14 Image size of job updated: 210936
	206  -  MemoryUsage of job (MB)
	210936  -  ResidentSetSize of job (KB)
...
006 (310945.005.000) 2023-06-12 16:30:14 Image size of job updated: 211016
	207  -  MemoryUsage of job (MB)
	211016  -  ResidentSetSize of job (KB)
...
006 (310945.006.000) 2023-06-12 16:30:19 Image size of job updated: 686320
	208  -  MemoryUsage of job (MB)
	212752  -  ResidentSetSize of job (KB)
...
040 (310945.006.000) 2023-06-12 16:30:19 Started transferring output files
...
040 (310945.006.000) 2023-06-12 16:30:19 Finished transferring output files
...
005 (310945.006.000) 2023-06-12 16:30:19 Job terminated.
	(1) Normal termination (return value 0)
		Usr 0 00:00:12, Sys 0 00:00:00  -  Run Remote Usage
		Usr 0 00:00:00, Sys 0 00:00:00  -  Run Local Usage
		Usr 0 00:00:12, Sys 0 00:00:00  -  Total Remote Usage
		Usr 0 00:00:00, Sys 0 00:00:00  -  Total Local Usage
	4576  -  Run Bytes Sent By Job
	143  -  Run Bytes Received By Job
	4576  -  Total Bytes Sent By Job
	143  -  Total Bytes Received By Job
	Partitionable Resources :    Usage  Request Allocated 
	   Cpus                 :                 1         1 
	   Disk (KB)            :       50        1    127899 
	   Memory (MB)          :      208     3900      3968 

	Job terminated of its own accord at 2023-06-12T07:30:19Z.
...
006 (310945.009.000) 2023-06-12 16:30:20 Image size of job updated: 686388
	208  -  MemoryUsage of job (MB)
	212832  -  ResidentSetSize of job (KB)
...
040 (310945.009.000) 2023-06-12 16:30:20 Started transferring output files
...
040 (310945.009.000) 2023-06-12 16:30:20 Finished transferring output files
...
005 (310945.009.000) 2023-06-12 16:30:20 Job terminated.
	(1) Normal termination (return value 0)
		Usr 0 00:00:13, Sys 0 00:00:00  -  Run Remote Usage
		Usr 0 00:00:00, Sys 0 00:00:00  -  Run Local Usage
		Usr 0 00:00:13, Sys 0 00:00:00  -  Total Remote Usage
		Usr 0 00:00:00, Sys 0 00:00:00  -  Total Local Usage
	4514  -  Run Bytes Sent By Job
	143  -  Run Bytes Received By Job
	4514  -  Total Bytes Sent By Job
	143  -  Total Bytes Received By Job
	Partitionable Resources :    Usage  Request Allocated 
	   Cpus                 :                 1         1 
	   Disk (KB)            :       49        1    127899 
	   Memory (MB)          :      208     3900      3968 

	Job terminated of its own accord at 2023-06-12T07:30:20Z.
...
006 (310945.007.000) 2023-06-12 16:30:21 Image size of job updated: 686348
	207  -  MemoryUsage of job (MB)
	211016  -  ResidentSetSize of job (KB)
...
040 (310945.007.000) 2023-06-12 16:30:21 Started transferring output files
...
040 (310945.007.000) 2023-06-12 16:30:21 Finished transferring output files
...
005 (310945.007.000) 2023-06-12 16:30:21 Job terminated.
	(1) Normal termination (return value 0)
		Usr 0 00:00:14, Sys 0 00:00:00  -  Run Remote Usage
		Usr 0 00:00:00, Sys 0 00:00:00  -  Run Local Usage
		Usr 0 00:00:14, Sys 0 00:00:00  -  Total Remote Usage
		Usr 0 00:00:00, Sys 0 00:00:00  -  Total Local Usage
	4545  -  Run Bytes Sent By Job
	143  -  Run Bytes Received By Job
	4545  -  Total Bytes Sent By Job
	143  -  Total Bytes Received By Job
	Partitionable Resources :    Usage  Request Allocated 
	   Cpus                 :                 1         1 
	   Disk (KB)            :       49        1    127899 
	   Memory (MB)          :      207     3900      3968 

	Job terminated of its own accord at 2023-06-12T07:30:21Z.
...
006 (310945.008.000) 2023-06-12 16:30:26 Image size of job updated: 686404
	208  -  MemoryUsage of job (MB)
	212860  -  ResidentSetSize of job (KB)
...
040 (310945.008.000) 2023-06-12 16:30:26 Started transferring output files
...
040 (310945.008.000) 2023-06-12 16:30:26 Finished transferring output files
...
005 (310945.008.000) 2023-06-12 16:30:26 Job terminated.
	(1) Normal termination (return value 0)
		Usr 0 00:00:17, Sys 0 00:00:00  -  Run Remote Usage
		Usr 0 00:00:00, Sys 0 00:00:00  -  Run Local Usage
		Usr 0 00:00:17, Sys 0 00:00:00  -  Total Remote Usage
		Usr 0 00:00:00, Sys 0 00:00:00  -  Total Local Usage
	4514  -  Run Bytes Sent By Job
	143  -  Run Bytes Received By Job
	4514  -  Total Bytes Sent By Job
	143  -  Total Bytes Received By Job
	Partitionable Resources :    Usage  Request Allocated 
	   Cpus                 :                 1         1 
	   Disk (KB)            :       49        1    127899 
	   Memory (MB)          :      208     3900      3968 

	Job terminated of its own accord at 2023-06-12T07:30:26Z.
...
006 (310945.001.000) 2023-06-12 16:30:28 Image size of job updated: 686244
	191  -  MemoryUsage of job (MB)
	195428  -  ResidentSetSize of job (KB)
...
040 (310945.001.000) 2023-06-12 16:30:28 Started transferring output files
...
040 (310945.001.000) 2023-06-12 16:30:28 Finished transferring output files
...
005 (310945.001.000) 2023-06-12 16:30:28 Job terminated.
	(1) Normal termination (return value 0)
		Usr 0 00:00:18, Sys 0 00:00:01  -  Run Remote Usage
		Usr 0 00:00:00, Sys 0 00:00:00  -  Run Local Usage
		Usr 0 00:00:18, Sys 0 00:00:01  -  Total Remote Usage
		Usr 0 00:00:00, Sys 0 00:00:00  -  Total Local Usage
	4557  -  Run Bytes Sent By Job
	143  -  Run Bytes Received By Job
	4557  -  Total Bytes Sent By Job
	143  -  Total Bytes Received By Job
	Partitionable Resources :    Usage  Request Allocated 
	   Cpus                 :                 1         1 
	   Disk (KB)            :       50        1    127899 
	   Memory (MB)          :      191     3900      3968 

	Job terminated of its own accord at 2023-06-12T07:30:28Z.
...
006 (310945.002.000) 2023-06-12 16:30:28 Image size of job updated: 686292
	184  -  MemoryUsage of job (MB)
	187676  -  ResidentSetSize of job (KB)
...
040 (310945.002.000) 2023-06-12 16:30:28 Started transferring output files
...
040 (310945.002.000) 2023-06-12 16:30:28 Finished transferring output files
...
005 (310945.002.000) 2023-06-12 16:30:28 Job terminated.
	(1) Normal termination (return value 0)
		Usr 0 00:00:20, Sys 0 00:00:01  -  Run Remote Usage
		Usr 0 00:00:00, Sys 0 00:00:00  -  Run Local Usage
		Usr 0 00:00:20, Sys 0 00:00:01  -  Total Remote Usage
		Usr 0 00:00:00, Sys 0 00:00:00  -  Total Local Usage
	4587  -  Run Bytes Sent By Job
	143  -  Run Bytes Received By Job
	4587  -  Total Bytes Sent By Job
	143  -  Total Bytes Received By Job
	Partitionable Resources :    Usage  Request Allocated 
	   Cpus                 :                 1         1 
	   Disk (KB)            :       50        1    127899 
	   Memory (MB)          :      184     3900      3968 

	Job terminated of its own accord at 2023-06-12T07:30:28Z.
...
006 (310945.004.000) 2023-06-12 16:30:29 Image size of job updated: 686260
	206  -  MemoryUsage of job (MB)
	210936  -  ResidentSetSize of job (KB)
...
040 (310945.004.000) 2023-06-12 16:30:29 Started transferring output files
...
040 (310945.004.000) 2023-06-12 16:30:29 Finished transferring output files
...
005 (310945.004.000) 2023-06-12 16:30:29 Job terminated.
	(1) Normal termination (return value 0)
		Usr 0 00:00:19, Sys 0 00:00:01  -  Run Remote Usage
		Usr 0 00:00:00, Sys 0 00:00:00  -  Run Local Usage
		Usr 0 00:00:19, Sys 0 00:00:01  -  Total Remote Usage
		Usr 0 00:00:00, Sys 0 00:00:00  -  Total Local Usage
	4613  -  Run Bytes Sent By Job
	143  -  Run Bytes Received By Job
	4613  -  Total Bytes Sent By Job
	143  -  Total Bytes Received By Job
	Partitionable Resources :    Usage  Request Allocated 
	   Cpus                 :                 1         1 
	   Disk (KB)            :       50        1    127899 
	   Memory (MB)          :      206     3900      3968 

	Job terminated of its own accord at 2023-06-12T07:30:28Z.
...
006 (310945.005.000) 2023-06-12 16:30:30 Image size of job updated: 686344
	207  -  MemoryUsage of job (MB)
	211016  -  ResidentSetSize of job (KB)
...
040 (310945.005.000) 2023-06-12 16:30:30 Started transferring output files
...
040 (310945.005.000) 2023-06-12 16:30:30 Finished transferring output files
...
005 (310945.005.000) 2023-06-12 16:30:30 Job terminated.
	(1) Normal termination (return value 0)
		Usr 0 00:00:21, Sys 0 00:00:01  -  Run Remote Usage
		Usr 0 00:00:00, Sys 0 00:00:00  -  Run Local Usage
		Usr 0 00:00:21, Sys 0 00:00:01  -  Total Remote Usage
		Usr 0 00:00:00, Sys 0 00:00:00  -  Total Local Usage
	4576  -  Run Bytes Sent By Job
	143  -  Run Bytes Received By Job
	4576  -  Total Bytes Sent By Job
	143  -  Total Bytes Received By Job
	Partitionable Resources :    Usage  Request Allocated 
	   Cpus                 :                 1         1 
	   Disk (KB)            :       50        1    127899 
	   Memory (MB)          :      207     3900      3968 

	Job terminated of its own accord at 2023-06-12T07:30:30Z.
...
006 (310945.000.000) 2023-06-12 16:30:32 Image size of job updated: 686316
	206  -  MemoryUsage of job (MB)
	210772  -  ResidentSetSize of job (KB)
...
040 (310945.000.000) 2023-06-12 16:30:32 Started transferring output files
...
040 (310945.000.000) 2023-06-12 16:30:32 Finished transferring output files
...
005 (310945.000.000) 2023-06-12 16:30:32 Job terminated.
	(1) Normal termination (return value 0)
		Usr 0 00:00:23, Sys 0 00:00:01  -  Run Remote Usage
		Usr 0 00:00:00, Sys 0 00:00:00  -  Run Local Usage
		Usr 0 00:00:23, Sys 0 00:00:01  -  Total Remote Usage
		Usr 0 00:00:00, Sys 0 00:00:00  -  Total Local Usage
	4526  -  Run Bytes Sent By Job
	143  -  Run Bytes Received By Job
	4526  -  Total Bytes Sent By Job
	143  -  Total Bytes Received By Job
	Partitionable Resources :    Usage  Request Allocated 
	   Cpus                 :                 1         1 
	   Disk (KB)            :       49        1    127899 
	   Memory (MB)          :      206     3900      3968 

	Job terminated of its own accord at 2023-06-12T07:30:32Z.
...
006 (310945.003.000) 2023-06-12 16:30:43 Image size of job updated: 691400
	191  -  MemoryUsage of job (MB)
	194876  -  ResidentSetSize of job (KB)
...
040 (310945.003.000) 2023-06-12 16:30:43 Started transferring output files
...
040 (310945.003.000) 2023-06-12 16:30:43 Finished transferring output files
...
005 (310945.003.000) 2023-06-12 16:30:43 Job terminated.
	(1) Normal termination (return value 0)
		Usr 0 00:00:34, Sys 0 00:00:01  -  Run Remote Usage
		Usr 0 00:00:00, Sys 0 00:00:00  -  Run Local Usage
		Usr 0 00:00:34, Sys 0 00:00:01  -  Total Remote Usage
		Usr 0 00:00:00, Sys 0 00:00:00  -  Total Local Usage
	4588  -  Run Bytes Sent By Job
	143  -  Run Bytes Received By Job
	4588  -  Total Bytes Sent By Job
	143  -  Total Bytes Received By Job
	Partitionable Resources :    Usage  Request Allocated 
	   Cpus                 :                 1         1 
	   Disk (KB)            :       50        1    127899 
	   Memory (MB)          :      191     3900      3968 

	Job terminated of its own accord at 2023-06-12T07:30:43Z.
...
