000 (310141.000.000) 2023-06-09 15:30:29 Job submitted from host: <172.30.1.200:9618?addrs=172.30.1.200-9618&alias=tamsa2.snu.ac.kr&noUDP&sock=schedd_3510_2582>
...
000 (310141.001.000) 2023-06-09 15:30:29 Job submitted from host: <172.30.1.200:9618?addrs=172.30.1.200-9618&alias=tamsa2.snu.ac.kr&noUDP&sock=schedd_3510_2582>
...
000 (310141.002.000) 2023-06-09 15:30:29 Job submitted from host: <172.30.1.200:9618?addrs=172.30.1.200-9618&alias=tamsa2.snu.ac.kr&noUDP&sock=schedd_3510_2582>
...
000 (310141.003.000) 2023-06-09 15:30:29 Job submitted from host: <172.30.1.200:9618?addrs=172.30.1.200-9618&alias=tamsa2.snu.ac.kr&noUDP&sock=schedd_3510_2582>
...
000 (310141.004.000) 2023-06-09 15:30:29 Job submitted from host: <172.30.1.200:9618?addrs=172.30.1.200-9618&alias=tamsa2.snu.ac.kr&noUDP&sock=schedd_3510_2582>
...
000 (310141.005.000) 2023-06-09 15:30:29 Job submitted from host: <172.30.1.200:9618?addrs=172.30.1.200-9618&alias=tamsa2.snu.ac.kr&noUDP&sock=schedd_3510_2582>
...
000 (310141.006.000) 2023-06-09 15:30:29 Job submitted from host: <172.30.1.200:9618?addrs=172.30.1.200-9618&alias=tamsa2.snu.ac.kr&noUDP&sock=schedd_3510_2582>
...
000 (310141.007.000) 2023-06-09 15:30:29 Job submitted from host: <172.30.1.200:9618?addrs=172.30.1.200-9618&alias=tamsa2.snu.ac.kr&noUDP&sock=schedd_3510_2582>
...
000 (310141.008.000) 2023-06-09 15:30:29 Job submitted from host: <172.30.1.200:9618?addrs=172.30.1.200-9618&alias=tamsa2.snu.ac.kr&noUDP&sock=schedd_3510_2582>
...
000 (310141.009.000) 2023-06-09 15:30:29 Job submitted from host: <172.30.1.200:9618?addrs=172.30.1.200-9618&alias=tamsa2.snu.ac.kr&noUDP&sock=schedd_3510_2582>
...
001 (310141.003.000) 2023-06-09 15:30:41 Job executing on host: <172.30.1.209:9618?addrs=172.30.1.209-9618&alias=node9&noUDP&sock=startd_3776_99b3>
...
001 (310141.004.000) 2023-06-09 15:30:41 Job executing on host: <172.30.1.209:9618?addrs=172.30.1.209-9618&alias=node9&noUDP&sock=startd_3776_99b3>
...
001 (310141.000.000) 2023-06-09 15:30:41 Job executing on host: <172.30.1.208:9618?addrs=172.30.1.208-9618&alias=node8&noUDP&sock=startd_3802_6f2a>
...
001 (310141.005.000) 2023-06-09 15:30:41 Job executing on host: <172.30.1.209:9618?addrs=172.30.1.209-9618&alias=node9&noUDP&sock=startd_3776_99b3>
...
001 (310141.001.000) 2023-06-09 15:30:41 Job executing on host: <172.30.1.208:9618?addrs=172.30.1.208-9618&alias=node8&noUDP&sock=startd_3802_6f2a>
...
001 (310141.006.000) 2023-06-09 15:30:42 Job executing on host: <172.30.1.209:9618?addrs=172.30.1.209-9618&alias=node9&noUDP&sock=startd_3776_99b3>
...
001 (310141.007.000) 2023-06-09 15:30:42 Job executing on host: <172.30.1.209:9618?addrs=172.30.1.209-9618&alias=node9&noUDP&sock=startd_3776_99b3>
...
001 (310141.002.000) 2023-06-09 15:30:42 Job executing on host: <172.30.1.208:9618?addrs=172.30.1.208-9618&alias=node8&noUDP&sock=startd_3802_6f2a>
...
001 (310141.008.000) 2023-06-09 15:30:42 Job executing on host: <172.30.1.209:9618?addrs=172.30.1.209-9618&alias=node9&noUDP&sock=startd_3776_99b3>
...
001 (310141.009.000) 2023-06-09 15:30:42 Job executing on host: <172.30.1.209:9618?addrs=172.30.1.209-9618&alias=node9&noUDP&sock=startd_3776_99b3>
...
006 (310141.005.000) 2023-06-09 15:30:50 Image size of job updated: 385948
	183  -  MemoryUsage of job (MB)
	186640  -  ResidentSetSize of job (KB)
...
006 (310141.002.000) 2023-06-09 15:30:50 Image size of job updated: 645708
	183  -  MemoryUsage of job (MB)
	186708  -  ResidentSetSize of job (KB)
...
006 (310141.006.000) 2023-06-09 15:30:50 Image size of job updated: 385952
	183  -  MemoryUsage of job (MB)
	186628  -  ResidentSetSize of job (KB)
...
006 (310141.007.000) 2023-06-09 15:30:50 Image size of job updated: 385948
	183  -  MemoryUsage of job (MB)
	186720  -  ResidentSetSize of job (KB)
...
006 (310141.008.000) 2023-06-09 15:30:50 Image size of job updated: 385948
	183  -  MemoryUsage of job (MB)
	186716  -  ResidentSetSize of job (KB)
...
006 (310141.009.000) 2023-06-09 15:30:50 Image size of job updated: 386880
	183  -  MemoryUsage of job (MB)
	186648  -  ResidentSetSize of job (KB)
...
006 (310141.003.000) 2023-06-09 15:30:50 Image size of job updated: 385952
	183  -  MemoryUsage of job (MB)
	186644  -  ResidentSetSize of job (KB)
...
006 (310141.004.000) 2023-06-09 15:30:50 Image size of job updated: 385952
	183  -  MemoryUsage of job (MB)
	186636  -  ResidentSetSize of job (KB)
...
006 (310141.000.000) 2023-06-09 15:30:50 Image size of job updated: 645708
	183  -  MemoryUsage of job (MB)
	186748  -  ResidentSetSize of job (KB)
...
006 (310141.001.000) 2023-06-09 15:30:50 Image size of job updated: 645708
	183  -  MemoryUsage of job (MB)
	186428  -  ResidentSetSize of job (KB)
...
006 (310141.008.000) 2023-06-09 15:31:51 Image size of job updated: 690776
	183  -  MemoryUsage of job (MB)
	186716  -  ResidentSetSize of job (KB)
...
005 (310141.008.000) 2023-06-09 15:31:51 Job terminated.
	(1) Normal termination (return value 0)
		Usr 0 00:01:05, Sys 0 00:00:01  -  Run Remote Usage
		Usr 0 00:00:00, Sys 0 00:00:00  -  Run Local Usage
		Usr 0 00:01:05, Sys 0 00:00:01  -  Total Remote Usage
		Usr 0 00:00:00, Sys 0 00:00:00  -  Total Local Usage
	0  -  Run Bytes Sent By Job
	0  -  Run Bytes Received By Job
	0  -  Total Bytes Sent By Job
	0  -  Total Bytes Received By Job
	Partitionable Resources :    Usage  Request Allocated 
	   Cpus                 :                 1         1 
	   Disk (KB)            :        1        1    128928 
	   Memory (MB)          :      183     3900      3968 

	Job terminated of its own accord at 2023-06-09T06:31:51Z.
...
006 (310141.000.000) 2023-06-09 15:31:51 Image size of job updated: 694432
	183  -  MemoryUsage of job (MB)
	186748  -  ResidentSetSize of job (KB)
...
005 (310141.000.000) 2023-06-09 15:31:51 Job terminated.
	(1) Normal termination (return value 0)
		Usr 0 00:01:06, Sys 0 00:00:01  -  Run Remote Usage
		Usr 0 00:00:00, Sys 0 00:00:00  -  Run Local Usage
		Usr 0 00:01:06, Sys 0 00:00:01  -  Total Remote Usage
		Usr 0 00:00:00, Sys 0 00:00:00  -  Total Local Usage
	0  -  Run Bytes Sent By Job
	0  -  Run Bytes Received By Job
	0  -  Total Bytes Sent By Job
	0  -  Total Bytes Received By Job
	Partitionable Resources :    Usage  Request Allocated 
	   Cpus                 :                 1         1 
	   Disk (KB)            :        1        1    128928 
	   Memory (MB)          :      183     3900      3968 

	Job terminated of its own accord at 2023-06-09T06:31:51Z.
...
006 (310141.004.000) 2023-06-09 15:31:55 Image size of job updated: 690180
	183  -  MemoryUsage of job (MB)
	186636  -  ResidentSetSize of job (KB)
...
005 (310141.004.000) 2023-06-09 15:31:55 Job terminated.
	(1) Normal termination (return value 0)
		Usr 0 00:01:11, Sys 0 00:00:01  -  Run Remote Usage
		Usr 0 00:00:00, Sys 0 00:00:00  -  Run Local Usage
		Usr 0 00:01:11, Sys 0 00:00:01  -  Total Remote Usage
		Usr 0 00:00:00, Sys 0 00:00:00  -  Total Local Usage
	0  -  Run Bytes Sent By Job
	0  -  Run Bytes Received By Job
	0  -  Total Bytes Sent By Job
	0  -  Total Bytes Received By Job
	Partitionable Resources :    Usage  Request Allocated 
	   Cpus                 :                 1         1 
	   Disk (KB)            :        1        1    128928 
	   Memory (MB)          :      183     3900      3968 

	Job terminated of its own accord at 2023-06-09T06:31:55Z.
...
006 (310141.001.000) 2023-06-09 15:31:56 Image size of job updated: 690760
	183  -  MemoryUsage of job (MB)
	186428  -  ResidentSetSize of job (KB)
...
005 (310141.001.000) 2023-06-09 15:31:56 Job terminated.
	(1) Normal termination (return value 0)
		Usr 0 00:01:09, Sys 0 00:00:02  -  Run Remote Usage
		Usr 0 00:00:00, Sys 0 00:00:00  -  Run Local Usage
		Usr 0 00:01:09, Sys 0 00:00:02  -  Total Remote Usage
		Usr 0 00:00:00, Sys 0 00:00:00  -  Total Local Usage
	0  -  Run Bytes Sent By Job
	0  -  Run Bytes Received By Job
	0  -  Total Bytes Sent By Job
	0  -  Total Bytes Received By Job
	Partitionable Resources :    Usage  Request Allocated 
	   Cpus                 :                 1         1 
	   Disk (KB)            :        1        1    128928 
	   Memory (MB)          :      183     3900      3968 

	Job terminated of its own accord at 2023-06-09T06:31:56Z.
...
006 (310141.005.000) 2023-06-09 15:31:58 Image size of job updated: 690756
	183  -  MemoryUsage of job (MB)
	186640  -  ResidentSetSize of job (KB)
...
005 (310141.005.000) 2023-06-09 15:31:58 Job terminated.
	(1) Normal termination (return value 0)
		Usr 0 00:01:12, Sys 0 00:00:01  -  Run Remote Usage
		Usr 0 00:00:00, Sys 0 00:00:00  -  Run Local Usage
		Usr 0 00:01:12, Sys 0 00:00:01  -  Total Remote Usage
		Usr 0 00:00:00, Sys 0 00:00:00  -  Total Local Usage
	0  -  Run Bytes Sent By Job
	0  -  Run Bytes Received By Job
	0  -  Total Bytes Sent By Job
	0  -  Total Bytes Received By Job
	Partitionable Resources :    Usage  Request Allocated 
	   Cpus                 :                 1         1 
	   Disk (KB)            :        1        1    128928 
	   Memory (MB)          :      183     3900      3968 

	Job terminated of its own accord at 2023-06-09T06:31:58Z.
...
006 (310141.009.000) 2023-06-09 15:32:06 Image size of job updated: 690696
	183  -  MemoryUsage of job (MB)
	186648  -  ResidentSetSize of job (KB)
...
005 (310141.009.000) 2023-06-09 15:32:06 Job terminated.
	(1) Normal termination (return value 0)
		Usr 0 00:01:21, Sys 0 00:00:01  -  Run Remote Usage
		Usr 0 00:00:00, Sys 0 00:00:00  -  Run Local Usage
		Usr 0 00:01:21, Sys 0 00:00:01  -  Total Remote Usage
		Usr 0 00:00:00, Sys 0 00:00:00  -  Total Local Usage
	0  -  Run Bytes Sent By Job
	0  -  Run Bytes Received By Job
	0  -  Total Bytes Sent By Job
	0  -  Total Bytes Received By Job
	Partitionable Resources :    Usage  Request Allocated 
	   Cpus                 :                 1         1 
	   Disk (KB)            :        1        1    128928 
	   Memory (MB)          :      183     3900      3968 

	Job terminated of its own accord at 2023-06-09T06:32:06Z.
...
006 (310141.006.000) 2023-06-09 15:32:12 Image size of job updated: 690320
	183  -  MemoryUsage of job (MB)
	186628  -  ResidentSetSize of job (KB)
...
005 (310141.006.000) 2023-06-09 15:32:12 Job terminated.
	(1) Normal termination (return value 0)
		Usr 0 00:01:27, Sys 0 00:00:01  -  Run Remote Usage
		Usr 0 00:00:00, Sys 0 00:00:00  -  Run Local Usage
		Usr 0 00:01:27, Sys 0 00:00:01  -  Total Remote Usage
		Usr 0 00:00:00, Sys 0 00:00:00  -  Total Local Usage
	0  -  Run Bytes Sent By Job
	0  -  Run Bytes Received By Job
	0  -  Total Bytes Sent By Job
	0  -  Total Bytes Received By Job
	Partitionable Resources :    Usage  Request Allocated 
	   Cpus                 :                 1         1 
	   Disk (KB)            :        1        1    128928 
	   Memory (MB)          :      183     3900      3968 

	Job terminated of its own accord at 2023-06-09T06:32:12Z.
...
006 (310141.002.000) 2023-06-09 15:32:12 Image size of job updated: 690876
	183  -  MemoryUsage of job (MB)
	186708  -  ResidentSetSize of job (KB)
...
005 (310141.002.000) 2023-06-09 15:32:12 Job terminated.
	(1) Normal termination (return value 0)
		Usr 0 00:01:27, Sys 0 00:00:01  -  Run Remote Usage
		Usr 0 00:00:00, Sys 0 00:00:00  -  Run Local Usage
		Usr 0 00:01:27, Sys 0 00:00:01  -  Total Remote Usage
		Usr 0 00:00:00, Sys 0 00:00:00  -  Total Local Usage
	0  -  Run Bytes Sent By Job
	0  -  Run Bytes Received By Job
	0  -  Total Bytes Sent By Job
	0  -  Total Bytes Received By Job
	Partitionable Resources :    Usage  Request Allocated 
	   Cpus                 :                 1         1 
	   Disk (KB)            :        1        1    128928 
	   Memory (MB)          :      183     3900      3968 

	Job terminated of its own accord at 2023-06-09T06:32:12Z.
...
006 (310141.007.000) 2023-06-09 15:32:14 Image size of job updated: 690864
	183  -  MemoryUsage of job (MB)
	186720  -  ResidentSetSize of job (KB)
...
005 (310141.007.000) 2023-06-09 15:32:14 Job terminated.
	(1) Normal termination (return value 0)
		Usr 0 00:01:26, Sys 0 00:00:01  -  Run Remote Usage
		Usr 0 00:00:00, Sys 0 00:00:00  -  Run Local Usage
		Usr 0 00:01:26, Sys 0 00:00:01  -  Total Remote Usage
		Usr 0 00:00:00, Sys 0 00:00:00  -  Total Local Usage
	0  -  Run Bytes Sent By Job
	0  -  Run Bytes Received By Job
	0  -  Total Bytes Sent By Job
	0  -  Total Bytes Received By Job
	Partitionable Resources :    Usage  Request Allocated 
	   Cpus                 :                 1         1 
	   Disk (KB)            :        1        1    128928 
	   Memory (MB)          :      183     3900      3968 

	Job terminated of its own accord at 2023-06-09T06:32:14Z.
...
006 (310141.003.000) 2023-06-09 15:32:39 Image size of job updated: 688728
	183  -  MemoryUsage of job (MB)
	186644  -  ResidentSetSize of job (KB)
...
005 (310141.003.000) 2023-06-09 15:32:39 Job terminated.
	(1) Normal termination (return value 0)
		Usr 0 00:01:53, Sys 0 00:00:01  -  Run Remote Usage
		Usr 0 00:00:00, Sys 0 00:00:00  -  Run Local Usage
		Usr 0 00:01:53, Sys 0 00:00:01  -  Total Remote Usage
		Usr 0 00:00:00, Sys 0 00:00:00  -  Total Local Usage
	0  -  Run Bytes Sent By Job
	0  -  Run Bytes Received By Job
	0  -  Total Bytes Sent By Job
	0  -  Total Bytes Received By Job
	Partitionable Resources :    Usage  Request Allocated 
	   Cpus                 :                 1         1 
	   Disk (KB)            :        1        1    128928 
	   Memory (MB)          :      183     3900      3968 

	Job terminated of its own accord at 2023-06-09T06:32:39Z.
...
