Starts at Tue Jul 25 13:01:01 2023
[tnp_tamsa] Use Configs["NUM_Mu8Leg2_DEN_TopHNT_2016b"] from config/TopHNT_Muon_v0.py
Fit ibin = 3
Warning: non-zero fit status 302
[#0] ERROR:Eval -- RooAbsReal::logEvalError(sigPhysPass) evaluation error, 
 origin       : RooHistPdf::sigPhysPass[ pdfObs=(x) ]
 message      : p.d.f normalization integral is zero or negative: 0
 server values: pdfObs=(x = 56.7)
[#0] ERROR:Eval -- RooAbsReal::logEvalError(sigPhysPass) evaluation error, 
 origin       : RooHistPdf::sigPhysPass[ pdfObs=(x) ]
 message      : p.d.f normalization integral is zero or negative: 0
 server values: pdfObs=(x = 56.7796)
[#0] ERROR:Eval -- RooAbsReal::logEvalError(sigPhysPass) evaluation error, 
 origin       : RooHistPdf::sigPhysPass[ pdfObs=(x) ]
 message      : p.d.f normalization integral is zero or negative: 0
 server values: pdfObs=(x = 56.8591)
[#0] ERROR:Eval -- RooAbsReal::logEvalError(sigPhysPass) evaluation error, 
 origin       : RooHistPdf::sigPhysPass[ pdfObs=(x) ]
 message      : p.d.f normalization integral is zero or negative: 0
 server values: pdfObs=(x = 56.9387)
[#0] ERROR:Eval -- RooAbsReal::logEvalError(sigPhysPass) evaluation error, 
 origin       : RooHistPdf::sigPhysPass[ pdfObs=(x) ]
 message      : p.d.f normalization integral is zero or negative: 0
 server values: pdfObs=(x = 57.0183)
[#0] ERROR:Eval -- RooAbsReal::logEvalError(sigPhysPass) evaluation error, 
 origin       : RooHistPdf::sigPhysPass[ pdfObs=(x) ]
 message      : p.d.f normalization integral is zero or negative: 0
 server values: pdfObs=(x = 57.0978)
[#0] ERROR:Eval -- RooAbsReal::logEvalError(sigPhysPass) evaluation error, 
 origin       : RooHistPdf::sigPhysPass[ pdfObs=(x) ]
 message      : p.d.f normalization integral is zero or negative: 0
 server values: pdfObs=(x = 84.3903)
[#0] ERROR:Eval -- RooAbsReal::logEvalError(sigPhysPass) evaluation error, 
 origin       : RooHistPdf::sigPhysPass[ pdfObs=(x) ]
 message      : p.d.f normalization integral is zero or negative: 0
 server values: pdfObs=(x = 84.4699)
[#0] ERROR:Eval -- RooAbsReal::logEvalError(sigPhysPass) evaluation error, 
 origin       : RooHistPdf::sigPhysPass[ pdfObs=(x) ]
 message      : p.d.f normalization integral is zero or negative: 0
 server values: pdfObs=(x = 84.5495)
[#0] ERROR:Eval -- RooAbsReal::logEvalError(sigPhysPass) evaluation error, 
 origin       : RooHistPdf::sigPhysPass[ pdfObs=(x) ]
 message      : p.d.f normalization integral is zero or negative: 0
 server values: pdfObs=(x = 84.629)
[#0] ERROR:Eval -- RooAbsReal::logEvalError(sigPhysPass) evaluation error, 
 origin       : RooHistPdf::sigPhysPass[ pdfObs=(x) ]
 message      : p.d.f normalization integral is zero or negative: 0
 server values: pdfObs=(x = 84.7086)
[#0] ERROR:Eval -- RooAbsReal::logEvalError(sigPhysPass) evaluation error, 
 origin       : RooHistPdf::sigPhysPass[ pdfObs=(x) ]
 message      : p.d.f normalization integral is zero or negative: 0
 server values: pdfObs=(x = 84.7882)
[#0] ERROR:Eval -- RooAbsReal::logEvalError(sigPhysPass) evaluation error, 
 origin       : RooHistPdf::sigPhysPass[ pdfObs=(x) ]
 message      : p.d.f normalization integral is zero or negative: 0
 server values: pdfObs=(x = 84.8677)
[#0] ERROR:Eval -- RooAbsReal::logEvalError(sigPhysPass) evaluation error, 
 origin       : RooHistPdf::sigPhysPass[ pdfObs=(x) ]
 message      : p.d.f normalization integral is zero or negative: 0
 server values: pdfObs=(x = 86.9366)
[#0] ERROR:Eval -- RooAbsReal::logEvalError(sigPhysPass) evaluation error, 
 origin       : RooHistPdf::sigPhysPass[ pdfObs=(x) ]
 message      : p.d.f normalization integral is zero or negative: 0
 server values: pdfObs=(x = 87.0161)
[#0] ERROR:Eval -- RooAbsReal::logEvalError(sigPhysPass) evaluation error, 
 origin       : RooHistPdf::sigPhysPass[ pdfObs=(x) ]
 message      : p.d.f normalization integral is zero or negative: 0
 server values: pdfObs=(x = 87.0957)
[#0] ERROR:Eval -- RooAbsReal::logEvalError(sigPhysPass) evaluation error, 
 origin       : RooHistPdf::sigPhysPass[ pdfObs=(x) ]
 message      : p.d.f normalization integral is zero or negative: 0
 server values: pdfObs=(x = 87.1753)
[#0] ERROR:Eval -- RooAbsReal::logEvalError(sigPhysPass) evaluation error, 
 origin       : RooHistPdf::sigPhysPass[ pdfObs=(x) ]
 message      : p.d.f normalization integral is zero or negative: 0
 server values: pdfObs=(x = 87.2548)
[#0] ERROR:Eval -- RooAbsReal::logEvalError(sigPhysPass) evaluation error, 
 origin       : RooHistPdf::sigPhysPass[ pdfObs=(x) ]
 message      : p.d.f normalization integral is zero or negative: 0
 server values: pdfObs=(x = 87.3344)
[#0] ERROR:Eval -- RooAbsReal::logEvalError(sigPhysPass) evaluation error, 
 origin       : RooHistPdf::sigPhysPass[ pdfObs=(x) ]
 message      : p.d.f normalization integral is zero or negative: 0
 server values: pdfObs=(x = 88.9258)
[#0] ERROR:Eval -- RooAbsReal::logEvalError(sigPhysPass) evaluation error, 
 origin       : RooHistPdf::sigPhysPass[ pdfObs=(x) ]
 message      : p.d.f normalization integral is zero or negative: 0
 server values: pdfObs=(x = 89.0054)
[#0] ERROR:Eval -- RooAbsReal::logEvalError(sigPhysPass) evaluation error, 
 origin       : RooHistPdf::sigPhysPass[ pdfObs=(x) ]
 message      : p.d.f normalization integral is zero or negative: 0
 server values: pdfObs=(x = 89.0849)
[#0] ERROR:Eval -- RooAbsReal::logEvalError(sigPhysPass) evaluation error, 
 origin       : RooHistPdf::sigPhysPass[ pdfObs=(x) ]
 message      : p.d.f normalization integral is zero or negative: 0
 server values: pdfObs=(x = 89.1645)
[#0] ERROR:Eval -- RooAbsReal::logEvalError(sigPhysPass) evaluation error, 
 origin       : RooHistPdf::sigPhysPass[ pdfObs=(x) ]
 message      : p.d.f normalization integral is zero or negative: 0
 server values: pdfObs=(x = 89.2441)
[#0] ERROR:Eval -- RooAbsReal::logEvalError(sigPhysPass) evaluation error, 
 origin       : RooHistPdf::sigPhysPass[ pdfObs=(x) ]
 message      : p.d.f normalization integral is zero or negative: 0
 server values: pdfObs=(x = 89.3237)
[#0] ERROR:Eval -- RooAbsReal::logEvalError(sigPhysPass) evaluation error, 
 origin       : RooHistPdf::sigPhysPass[ pdfObs=(x) ]
 message      : p.d.f normalization integral is zero or negative: 0
 server values: pdfObs=(x = 90.1989)
[#0] ERROR:Eval -- RooAbsReal::logEvalError(sigPhysPass) evaluation error, 
 origin       : RooHistPdf::sigPhysPass[ pdfObs=(x) ]
 message      : p.d.f normalization integral is zero or negative: 0
 server values: pdfObs=(x = 90.2785)
[#0] ERROR:Eval -- RooAbsReal::logEvalError(sigPhysPass) evaluation error, 
 origin       : RooHistPdf::sigPhysPass[ pdfObs=(x) ]
 message      : p.d.f normalization integral is zero or negative: 0
 server values: pdfObs=(x = 90.3581)
[#0] ERROR:Eval -- RooAbsReal::logEvalError(sigPhysPass) evaluation error, 
 origin       : RooHistPdf::sigPhysPass[ pdfObs=(x) ]
 message      : p.d.f normalization integral is zero or negative: 0
 server values: pdfObs=(x = 90.4376)
[#0] ERROR:Eval -- RooAbsReal::logEvalError(sigPhysPass) evaluation error, 
 origin       : RooHistPdf::sigPhysPass[ pdfObs=(x) ]
 message      : p.d.f normalization integral is zero or negative: 0
 server values: pdfObs=(x = 90.5172)
[#0] ERROR:Eval -- RooAbsReal::logEvalError(sigPhysPass) evaluation error, 
 origin       : RooHistPdf::sigPhysPass[ pdfObs=(x) ]
 message      : p.d.f normalization integral is zero or negative: 0
 server values: pdfObs=(x = 90.5968)
[#0] ERROR:Eval -- RooAbsReal::logEvalError(sigPhysPass) evaluation error, 
 origin       : RooHistPdf::sigPhysPass[ pdfObs=(x) ]
 message      : p.d.f normalization integral is zero or negative: 0
 server values: pdfObs=(x = 90.9151)
[#0] ERROR:Eval -- RooAbsReal::logEvalError(sigPhysPass) evaluation error, 
 origin       : RooHistPdf::sigPhysPass[ pdfObs=(x) ]
 message      : p.d.f normalization integral is zero or negative: 0
 server values: pdfObs=(x = 90.9946)
[#0] ERROR:Eval -- RooAbsReal::logEvalError(sigPhysPass) evaluation error, 
 origin       : RooHistPdf::sigPhysPass[ pdfObs=(x) ]
 message      : p.d.f normalization integral is zero or negative: 0
 server values: pdfObs=(x = 91.0742)
[#0] ERROR:Eval -- RooAbsReal::logEvalError(sigPhysPass) evaluation error, 
 origin       : RooHistPdf::sigPhysPass[ pdfObs=(x) ]
 message      : p.d.f normalization integral is zero or negative: 0
 server values: pdfObs=(x = 91.1538)
[#0] ERROR:Eval -- RooAbsReal::logEvalError(sigPhysPass) evaluation error, 
 origin       : RooHistPdf::sigPhysPass[ pdfObs=(x) ]
 message      : p.d.f normalization integral is zero or negative: 0
 server values: pdfObs=(x = 91.2333)
[#0] ERROR:Eval -- RooAbsReal::logEvalError(sigPhysPass) evaluation error, 
 origin       : RooHistPdf::sigPhysPass[ pdfObs=(x) ]
 message      : p.d.f normalization integral is zero or negative: 0
 server values: pdfObs=(x = 91.3129)
[#0] ERROR:Eval -- RooAbsReal::logEvalError(sigPhysPass) evaluation error, 
 origin       : RooHistPdf::sigPhysPass[ pdfObs=(x) ]
 message      : p.d.f normalization integral is zero or negative: 0
 server values: pdfObs=(x = 91.9495)
[#0] ERROR:Eval -- RooAbsReal::logEvalError(sigPhysPass) evaluation error, 
 origin       : RooHistPdf::sigPhysPass[ pdfObs=(x) ]
 message      : p.d.f normalization integral is zero or negative: 0
 server values: pdfObs=(x = 92.029)
[#0] ERROR:Eval -- RooAbsReal::logEvalError(sigPhysPass) evaluation error, 
 origin       : RooHistPdf::sigPhysPass[ pdfObs=(x) ]
 message      : p.d.f normalization integral is zero or negative: 0
 server values: pdfObs=(x = 92.1086)
[#0] ERROR:Eval -- RooAbsReal::logEvalError(sigPhysPass) evaluation error, 
 origin       : RooHistPdf::sigPhysPass[ pdfObs=(x) ]
 message      : p.d.f normalization integral is zero or negative: 0
 server values: pdfObs=(x = 92.1882)
[#0] ERROR:Eval -- RooAbsReal::logEvalError(sigPhysPass) evaluation error, 
 origin       : RooHistPdf::sigPhysPass[ pdfObs=(x) ]
 message      : p.d.f normalization integral is zero or negative: 0
 server values: pdfObs=(x = 92.2677)
[#0] ERROR:Eval -- RooAbsReal::logEvalError(sigPhysPass) evaluation error, 
 origin       : RooHistPdf::sigPhysPass[ pdfObs=(x) ]
 message      : p.d.f normalization integral is zero or negative: 0
 server values: pdfObs=(x = 92.3473)
[#0] ERROR:Eval -- RooAbsReal::logEvalError(sigPhysPass) evaluation error, 
 origin       : RooHistPdf::sigPhysPass[ pdfObs=(x) ]
 message      : p.d.f normalization integral is zero or negative: 0
 server values: pdfObs=(x = 92.4269)
[#0] ERROR:Eval -- RooAbsReal::logEvalError(sigPhysPass) evaluation error, 
 origin       : RooHistPdf::sigPhysPass[ pdfObs=(x) ]
 message      : p.d.f normalization integral is zero or negative: 0
 server values: pdfObs=(x = 92.5065)
[#0] ERROR:Eval -- RooAbsReal::logEvalError(sigPhysPass) evaluation error, 
 origin       : RooHistPdf::sigPhysPass[ pdfObs=(x) ]
 message      : p.d.f normalization integral is zero or negative: 0
 server values: pdfObs=(x = 92.586)
Fit ibin = 13
Warning: non-zero fit status 3
Fit ibin = 23
Warning: non-zero fit status 3
Fit ibin = 33
Warning: non-zero fit status 1
Ends at  Tue Jul 25 13:01:36 2023
Time took 34.9747781754 seconds.
