000 (330077.000.000) 2023-07-25 10:56:46 Job submitted from host: <172.30.1.200:9618?addrs=172.30.1.200-9618&alias=tamsa2.snu.ac.kr&noUDP&sock=schedd_3510_2582>
...
000 (330077.001.000) 2023-07-25 10:56:46 Job submitted from host: <172.30.1.200:9618?addrs=172.30.1.200-9618&alias=tamsa2.snu.ac.kr&noUDP&sock=schedd_3510_2582>
...
000 (330077.002.000) 2023-07-25 10:56:46 Job submitted from host: <172.30.1.200:9618?addrs=172.30.1.200-9618&alias=tamsa2.snu.ac.kr&noUDP&sock=schedd_3510_2582>
...
000 (330077.003.000) 2023-07-25 10:56:46 Job submitted from host: <172.30.1.200:9618?addrs=172.30.1.200-9618&alias=tamsa2.snu.ac.kr&noUDP&sock=schedd_3510_2582>
...
000 (330077.004.000) 2023-07-25 10:56:46 Job submitted from host: <172.30.1.200:9618?addrs=172.30.1.200-9618&alias=tamsa2.snu.ac.kr&noUDP&sock=schedd_3510_2582>
...
000 (330077.005.000) 2023-07-25 10:56:46 Job submitted from host: <172.30.1.200:9618?addrs=172.30.1.200-9618&alias=tamsa2.snu.ac.kr&noUDP&sock=schedd_3510_2582>
...
000 (330077.006.000) 2023-07-25 10:56:46 Job submitted from host: <172.30.1.200:9618?addrs=172.30.1.200-9618&alias=tamsa2.snu.ac.kr&noUDP&sock=schedd_3510_2582>
...
000 (330077.007.000) 2023-07-25 10:56:46 Job submitted from host: <172.30.1.200:9618?addrs=172.30.1.200-9618&alias=tamsa2.snu.ac.kr&noUDP&sock=schedd_3510_2582>
...
000 (330077.008.000) 2023-07-25 10:56:46 Job submitted from host: <172.30.1.200:9618?addrs=172.30.1.200-9618&alias=tamsa2.snu.ac.kr&noUDP&sock=schedd_3510_2582>
...
000 (330077.009.000) 2023-07-25 10:56:46 Job submitted from host: <172.30.1.200:9618?addrs=172.30.1.200-9618&alias=tamsa2.snu.ac.kr&noUDP&sock=schedd_3510_2582>
...
040 (330077.001.000) 2023-07-25 10:56:54 Started transferring input files
	Transferring to host: <172.30.1.111:9618?addrs=172.30.1.111-9618&alias=n11&noUDP&sock=slot1_2_4451_e1ce_37657>
...
040 (330077.001.000) 2023-07-25 10:56:54 Finished transferring input files
...
040 (330077.002.000) 2023-07-25 10:56:54 Started transferring input files
	Transferring to host: <172.30.1.111:9618?addrs=172.30.1.111-9618&alias=n11&noUDP&sock=slot1_5_4451_e1ce_37658>
...
040 (330077.002.000) 2023-07-25 10:56:54 Finished transferring input files
...
040 (330077.003.000) 2023-07-25 10:56:54 Started transferring input files
	Transferring to host: <172.30.1.111:9618?addrs=172.30.1.111-9618&alias=n11&noUDP&sock=slot1_6_4451_e1ce_37659>
...
040 (330077.003.000) 2023-07-25 10:56:54 Finished transferring input files
...
040 (330077.004.000) 2023-07-25 10:56:54 Started transferring input files
	Transferring to host: <172.30.1.111:9618?addrs=172.30.1.111-9618&alias=n11&noUDP&sock=slot1_7_4451_e1ce_37660>
...
040 (330077.004.000) 2023-07-25 10:56:54 Finished transferring input files
...
040 (330077.005.000) 2023-07-25 10:56:54 Started transferring input files
	Transferring to host: <172.30.1.111:9618?addrs=172.30.1.111-9618&alias=n11&noUDP&sock=slot1_8_4451_e1ce_37661>
...
040 (330077.005.000) 2023-07-25 10:56:54 Finished transferring input files
...
040 (330077.006.000) 2023-07-25 10:56:54 Started transferring input files
	Transferring to host: <172.30.1.111:9618?addrs=172.30.1.111-9618&alias=n11&noUDP&sock=slot1_9_4451_e1ce_37662>
...
040 (330077.006.000) 2023-07-25 10:56:54 Finished transferring input files
...
040 (330077.007.000) 2023-07-25 10:56:54 Started transferring input files
	Transferring to host: <172.30.1.111:9618?addrs=172.30.1.111-9618&alias=n11&noUDP&sock=slot1_10_4451_e1ce_37663>
...
040 (330077.007.000) 2023-07-25 10:56:54 Finished transferring input files
...
040 (330077.008.000) 2023-07-25 10:56:54 Started transferring input files
	Transferring to host: <172.30.1.111:9618?addrs=172.30.1.111-9618&alias=n11&noUDP&sock=slot1_11_4451_e1ce_37664>
...
040 (330077.008.000) 2023-07-25 10:56:54 Finished transferring input files
...
040 (330077.009.000) 2023-07-25 10:56:54 Started transferring input files
	Transferring to host: <172.30.1.111:9618?addrs=172.30.1.111-9618&alias=n11&noUDP&sock=slot1_12_4451_e1ce_37665>
...
040 (330077.009.000) 2023-07-25 10:56:54 Finished transferring input files
...
001 (330077.001.000) 2023-07-25 10:56:55 Job executing on host: <172.30.1.111:9618?addrs=172.30.1.111-9618&alias=n11&noUDP&sock=startd_4417_45e8>
...
001 (330077.002.000) 2023-07-25 10:56:55 Job executing on host: <172.30.1.111:9618?addrs=172.30.1.111-9618&alias=n11&noUDP&sock=startd_4417_45e8>
...
001 (330077.003.000) 2023-07-25 10:56:55 Job executing on host: <172.30.1.111:9618?addrs=172.30.1.111-9618&alias=n11&noUDP&sock=startd_4417_45e8>
...
001 (330077.004.000) 2023-07-25 10:56:55 Job executing on host: <172.30.1.111:9618?addrs=172.30.1.111-9618&alias=n11&noUDP&sock=startd_4417_45e8>
...
040 (330077.000.000) 2023-07-25 10:56:55 Started transferring input files
	Transferring to host: <172.30.1.101:9618?addrs=172.30.1.101-9618&alias=n1&noUDP&sock=slot1_51_3367_1b22_45666>
...
040 (330077.000.000) 2023-07-25 10:56:55 Finished transferring input files
...
001 (330077.005.000) 2023-07-25 10:56:55 Job executing on host: <172.30.1.111:9618?addrs=172.30.1.111-9618&alias=n11&noUDP&sock=startd_4417_45e8>
...
001 (330077.006.000) 2023-07-25 10:56:55 Job executing on host: <172.30.1.111:9618?addrs=172.30.1.111-9618&alias=n11&noUDP&sock=startd_4417_45e8>
...
001 (330077.007.000) 2023-07-25 10:56:55 Job executing on host: <172.30.1.111:9618?addrs=172.30.1.111-9618&alias=n11&noUDP&sock=startd_4417_45e8>
...
001 (330077.008.000) 2023-07-25 10:56:55 Job executing on host: <172.30.1.111:9618?addrs=172.30.1.111-9618&alias=n11&noUDP&sock=startd_4417_45e8>
...
001 (330077.009.000) 2023-07-25 10:56:55 Job executing on host: <172.30.1.111:9618?addrs=172.30.1.111-9618&alias=n11&noUDP&sock=startd_4417_45e8>
...
001 (330077.000.000) 2023-07-25 10:56:56 Job executing on host: <172.30.1.101:9618?addrs=172.30.1.101-9618&alias=n1&noUDP&sock=startd_3332_0da7>
...
006 (330077.001.000) 2023-07-25 10:57:03 Image size of job updated: 410492
	182  -  MemoryUsage of job (MB)
	186256  -  ResidentSetSize of job (KB)
...
006 (330077.002.000) 2023-07-25 10:57:04 Image size of job updated: 410644
	204  -  MemoryUsage of job (MB)
	208764  -  ResidentSetSize of job (KB)
...
006 (330077.003.000) 2023-07-25 10:57:04 Image size of job updated: 437848
	204  -  MemoryUsage of job (MB)
	208632  -  ResidentSetSize of job (KB)
...
006 (330077.004.000) 2023-07-25 10:57:04 Image size of job updated: 437428
	201  -  MemoryUsage of job (MB)
	205080  -  ResidentSetSize of job (KB)
...
006 (330077.005.000) 2023-07-25 10:57:04 Image size of job updated: 421732
	204  -  MemoryUsage of job (MB)
	208792  -  ResidentSetSize of job (KB)
...
006 (330077.006.000) 2023-07-25 10:57:04 Image size of job updated: 437428
	201  -  MemoryUsage of job (MB)
	205152  -  ResidentSetSize of job (KB)
...
006 (330077.007.000) 2023-07-25 10:57:04 Image size of job updated: 422744
	189  -  MemoryUsage of job (MB)
	192652  -  ResidentSetSize of job (KB)
...
006 (330077.008.000) 2023-07-25 10:57:04 Image size of job updated: 415328
	204  -  MemoryUsage of job (MB)
	208724  -  ResidentSetSize of job (KB)
...
006 (330077.009.000) 2023-07-25 10:57:04 Image size of job updated: 408612
	203  -  MemoryUsage of job (MB)
	207700  -  ResidentSetSize of job (KB)
...
006 (330077.000.000) 2023-07-25 10:57:05 Image size of job updated: 52744
	52  -  MemoryUsage of job (MB)
	52744  -  ResidentSetSize of job (KB)
...
006 (330077.009.000) 2023-07-25 10:57:10 Image size of job updated: 681292
	203  -  MemoryUsage of job (MB)
	207700  -  ResidentSetSize of job (KB)
...
040 (330077.009.000) 2023-07-25 10:57:10 Started transferring output files
...
040 (330077.009.000) 2023-07-25 10:57:10 Finished transferring output files
...
005 (330077.009.000) 2023-07-25 10:57:10 Job terminated.
	(1) Normal termination (return value 0)
		Usr 0 00:00:11, Sys 0 00:00:01  -  Run Remote Usage
		Usr 0 00:00:00, Sys 0 00:00:00  -  Run Local Usage
		Usr 0 00:00:11, Sys 0 00:00:01  -  Total Remote Usage
		Usr 0 00:00:00, Sys 0 00:00:00  -  Total Local Usage
	902  -  Run Bytes Sent By Job
	170  -  Run Bytes Received By Job
	902  -  Total Bytes Sent By Job
	170  -  Total Bytes Received By Job
	Partitionable Resources :    Usage  Request Allocated 
	   Cpus                 :                 1         1 
	   Disk (KB)            :       47        1    127802 
	   GPUs                 :                           0 
	   Memory (MB)          :      203     3900      3968 

	Job terminated of its own accord at 2023-07-25T01:57:10Z.
...
006 (330077.003.000) 2023-07-25 10:57:11 Image size of job updated: 686388
	204  -  MemoryUsage of job (MB)
	208632  -  ResidentSetSize of job (KB)
...
040 (330077.003.000) 2023-07-25 10:57:11 Started transferring output files
...
040 (330077.003.000) 2023-07-25 10:57:11 Finished transferring output files
...
005 (330077.003.000) 2023-07-25 10:57:11 Job terminated.
	(1) Normal termination (return value 0)
		Usr 0 00:00:12, Sys 0 00:00:01  -  Run Remote Usage
		Usr 0 00:00:00, Sys 0 00:00:00  -  Run Local Usage
		Usr 0 00:00:12, Sys 0 00:00:01  -  Total Remote Usage
		Usr 0 00:00:00, Sys 0 00:00:00  -  Total Local Usage
	1129  -  Run Bytes Sent By Job
	170  -  Run Bytes Received By Job
	1129  -  Total Bytes Sent By Job
	170  -  Total Bytes Received By Job
	Partitionable Resources :    Usage  Request Allocated 
	   Cpus                 :                 1         1 
	   Disk (KB)            :       47        1    127802 
	   GPUs                 :                           0 
	   Memory (MB)          :      204     3900      3968 

	Job terminated of its own accord at 2023-07-25T01:57:11Z.
...
006 (330077.005.000) 2023-07-25 10:57:11 Image size of job updated: 686472
	204  -  MemoryUsage of job (MB)
	208792  -  ResidentSetSize of job (KB)
...
040 (330077.005.000) 2023-07-25 10:57:11 Started transferring output files
...
040 (330077.005.000) 2023-07-25 10:57:11 Finished transferring output files
...
005 (330077.005.000) 2023-07-25 10:57:11 Job terminated.
	(1) Normal termination (return value 0)
		Usr 0 00:00:12, Sys 0 00:00:01  -  Run Remote Usage
		Usr 0 00:00:00, Sys 0 00:00:00  -  Run Local Usage
		Usr 0 00:00:12, Sys 0 00:00:01  -  Total Remote Usage
		Usr 0 00:00:00, Sys 0 00:00:00  -  Total Local Usage
	1159  -  Run Bytes Sent By Job
	170  -  Run Bytes Received By Job
	1159  -  Total Bytes Sent By Job
	170  -  Total Bytes Received By Job
	Partitionable Resources :    Usage  Request Allocated 
	   Cpus                 :                 1         1 
	   Disk (KB)            :       47        1    127802 
	   GPUs                 :                           0 
	   Memory (MB)          :      204     3900      3968 

	Job terminated of its own accord at 2023-07-25T01:57:11Z.
...
006 (330077.001.000) 2023-07-25 10:57:11 Image size of job updated: 686556
	182  -  MemoryUsage of job (MB)
	186256  -  ResidentSetSize of job (KB)
...
040 (330077.001.000) 2023-07-25 10:57:11 Started transferring output files
...
040 (330077.001.000) 2023-07-25 10:57:11 Finished transferring output files
...
005 (330077.001.000) 2023-07-25 10:57:11 Job terminated.
	(1) Normal termination (return value 0)
		Usr 0 00:00:12, Sys 0 00:00:01  -  Run Remote Usage
		Usr 0 00:00:00, Sys 0 00:00:00  -  Run Local Usage
		Usr 0 00:00:12, Sys 0 00:00:01  -  Total Remote Usage
		Usr 0 00:00:00, Sys 0 00:00:00  -  Total Local Usage
	1159  -  Run Bytes Sent By Job
	170  -  Run Bytes Received By Job
	1159  -  Total Bytes Sent By Job
	170  -  Total Bytes Received By Job
	Partitionable Resources :    Usage  Request Allocated 
	   Cpus                 :                 1         1 
	   Disk (KB)            :       47        1    127802 
	   GPUs                 :                           0 
	   Memory (MB)          :      182     3900      3968 

	Job terminated of its own accord at 2023-07-25T01:57:11Z.
...
006 (330077.007.000) 2023-07-25 10:57:11 Image size of job updated: 684968
	189  -  MemoryUsage of job (MB)
	192664  -  ResidentSetSize of job (KB)
...
040 (330077.007.000) 2023-07-25 10:57:11 Started transferring output files
...
040 (330077.007.000) 2023-07-25 10:57:11 Finished transferring output files
...
005 (330077.007.000) 2023-07-25 10:57:11 Job terminated.
	(1) Normal termination (return value 0)
		Usr 0 00:00:12, Sys 0 00:00:01  -  Run Remote Usage
		Usr 0 00:00:00, Sys 0 00:00:00  -  Run Local Usage
		Usr 0 00:00:12, Sys 0 00:00:01  -  Total Remote Usage
		Usr 0 00:00:00, Sys 0 00:00:00  -  Total Local Usage
	932  -  Run Bytes Sent By Job
	170  -  Run Bytes Received By Job
	932  -  Total Bytes Sent By Job
	170  -  Total Bytes Received By Job
	Partitionable Resources :    Usage  Request Allocated 
	   Cpus                 :                 1         1 
	   Disk (KB)            :       47        1    127802 
	   GPUs                 :                           0 
	   Memory (MB)          :      189     3900      3968 

	Job terminated of its own accord at 2023-07-25T01:57:11Z.
...
006 (330077.008.000) 2023-07-25 10:57:12 Image size of job updated: 681348
	204  -  MemoryUsage of job (MB)
	208736  -  ResidentSetSize of job (KB)
...
040 (330077.008.000) 2023-07-25 10:57:12 Started transferring output files
...
040 (330077.008.000) 2023-07-25 10:57:12 Finished transferring output files
...
005 (330077.008.000) 2023-07-25 10:57:12 Job terminated.
	(1) Normal termination (return value 0)
		Usr 0 00:00:13, Sys 0 00:00:01  -  Run Remote Usage
		Usr 0 00:00:00, Sys 0 00:00:00  -  Run Local Usage
		Usr 0 00:00:13, Sys 0 00:00:01  -  Total Remote Usage
		Usr 0 00:00:00, Sys 0 00:00:00  -  Total Local Usage
	933  -  Run Bytes Sent By Job
	170  -  Run Bytes Received By Job
	933  -  Total Bytes Sent By Job
	170  -  Total Bytes Received By Job
	Partitionable Resources :    Usage  Request Allocated 
	   Cpus                 :                 1         1 
	   Disk (KB)            :       47        1    127802 
	   GPUs                 :                           0 
	   Memory (MB)          :      204     3900      3968 

	Job terminated of its own accord at 2023-07-25T01:57:12Z.
...
006 (330077.002.000) 2023-07-25 10:57:12 Image size of job updated: 687224
	204  -  MemoryUsage of job (MB)
	208764  -  ResidentSetSize of job (KB)
...
040 (330077.002.000) 2023-07-25 10:57:12 Started transferring output files
...
040 (330077.002.000) 2023-07-25 10:57:12 Finished transferring output files
...
005 (330077.002.000) 2023-07-25 10:57:12 Job terminated.
	(1) Normal termination (return value 0)
		Usr 0 00:00:13, Sys 0 00:00:01  -  Run Remote Usage
		Usr 0 00:00:00, Sys 0 00:00:00  -  Run Local Usage
		Usr 0 00:00:13, Sys 0 00:00:01  -  Total Remote Usage
		Usr 0 00:00:00, Sys 0 00:00:00  -  Total Local Usage
	1160  -  Run Bytes Sent By Job
	170  -  Run Bytes Received By Job
	1160  -  Total Bytes Sent By Job
	170  -  Total Bytes Received By Job
	Partitionable Resources :    Usage  Request Allocated 
	   Cpus                 :                 1         1 
	   Disk (KB)            :       47        1    127802 
	   GPUs                 :                           0 
	   Memory (MB)          :      204     3900      3968 

	Job terminated of its own accord at 2023-07-25T01:57:12Z.
...
006 (330077.006.000) 2023-07-25 10:57:13 Image size of job updated: 681336
	201  -  MemoryUsage of job (MB)
	205152  -  ResidentSetSize of job (KB)
...
040 (330077.006.000) 2023-07-25 10:57:13 Started transferring output files
...
040 (330077.006.000) 2023-07-25 10:57:13 Finished transferring output files
...
005 (330077.006.000) 2023-07-25 10:57:13 Job terminated.
	(1) Normal termination (return value 0)
		Usr 0 00:00:14, Sys 0 00:00:01  -  Run Remote Usage
		Usr 0 00:00:00, Sys 0 00:00:00  -  Run Local Usage
		Usr 0 00:00:14, Sys 0 00:00:01  -  Total Remote Usage
		Usr 0 00:00:00, Sys 0 00:00:00  -  Total Local Usage
	963  -  Run Bytes Sent By Job
	170  -  Run Bytes Received By Job
	963  -  Total Bytes Sent By Job
	170  -  Total Bytes Received By Job
	Partitionable Resources :    Usage  Request Allocated 
	   Cpus                 :                 1         1 
	   Disk (KB)            :       47        1    127802 
	   GPUs                 :                           0 
	   Memory (MB)          :      201     3900      3968 

	Job terminated of its own accord at 2023-07-25T01:57:13Z.
...
006 (330077.004.000) 2023-07-25 10:57:16 Image size of job updated: 686376
	201  -  MemoryUsage of job (MB)
	205080  -  ResidentSetSize of job (KB)
...
040 (330077.004.000) 2023-07-25 10:57:16 Started transferring output files
...
040 (330077.004.000) 2023-07-25 10:57:16 Finished transferring output files
...
005 (330077.004.000) 2023-07-25 10:57:16 Job terminated.
	(1) Normal termination (return value 0)
		Usr 0 00:00:15, Sys 0 00:00:01  -  Run Remote Usage
		Usr 0 00:00:00, Sys 0 00:00:00  -  Run Local Usage
		Usr 0 00:00:15, Sys 0 00:00:01  -  Total Remote Usage
		Usr 0 00:00:00, Sys 0 00:00:00  -  Total Local Usage
	1129  -  Run Bytes Sent By Job
	170  -  Run Bytes Received By Job
	1129  -  Total Bytes Sent By Job
	170  -  Total Bytes Received By Job
	Partitionable Resources :    Usage  Request Allocated 
	   Cpus                 :                 1         1 
	   Disk (KB)            :       47        1    127802 
	   GPUs                 :                           0 
	   Memory (MB)          :      201     3900      3968 

	Job terminated of its own accord at 2023-07-25T01:57:16Z.
...
006 (330077.000.000) 2023-07-25 10:57:42 Image size of job updated: 682352
	52  -  MemoryUsage of job (MB)
	52824  -  ResidentSetSize of job (KB)
...
040 (330077.000.000) 2023-07-25 10:57:42 Started transferring output files
...
040 (330077.000.000) 2023-07-25 10:57:42 Finished transferring output files
...
005 (330077.000.000) 2023-07-25 10:57:42 Job terminated.
	(1) Normal termination (return value 0)
		Usr 0 00:00:26, Sys 0 00:00:03  -  Run Remote Usage
		Usr 0 00:00:00, Sys 0 00:00:00  -  Run Local Usage
		Usr 0 00:00:26, Sys 0 00:00:03  -  Total Remote Usage
		Usr 0 00:00:00, Sys 0 00:00:00  -  Total Local Usage
	1159  -  Run Bytes Sent By Job
	170  -  Run Bytes Received By Job
	1159  -  Total Bytes Sent By Job
	170  -  Total Bytes Received By Job
	Partitionable Resources :    Usage  Request Allocated 
	   Cpus                 :                 1         1 
	   Disk (KB)            :       46        1    127998 
	   Memory (MB)          :       52     3900      3968 

	Job terminated of its own accord at 2023-07-25T01:57:42Z.
...
