000 (330339.000.000) 2023-07-25 13:52:03 Job submitted from host: <172.30.1.200:9618?addrs=172.30.1.200-9618&alias=tamsa2.snu.ac.kr&noUDP&sock=schedd_3510_2582>
...
000 (330339.001.000) 2023-07-25 13:52:03 Job submitted from host: <172.30.1.200:9618?addrs=172.30.1.200-9618&alias=tamsa2.snu.ac.kr&noUDP&sock=schedd_3510_2582>
...
000 (330339.002.000) 2023-07-25 13:52:03 Job submitted from host: <172.30.1.200:9618?addrs=172.30.1.200-9618&alias=tamsa2.snu.ac.kr&noUDP&sock=schedd_3510_2582>
...
000 (330339.003.000) 2023-07-25 13:52:03 Job submitted from host: <172.30.1.200:9618?addrs=172.30.1.200-9618&alias=tamsa2.snu.ac.kr&noUDP&sock=schedd_3510_2582>
...
000 (330339.004.000) 2023-07-25 13:52:03 Job submitted from host: <172.30.1.200:9618?addrs=172.30.1.200-9618&alias=tamsa2.snu.ac.kr&noUDP&sock=schedd_3510_2582>
...
000 (330339.005.000) 2023-07-25 13:52:03 Job submitted from host: <172.30.1.200:9618?addrs=172.30.1.200-9618&alias=tamsa2.snu.ac.kr&noUDP&sock=schedd_3510_2582>
...
000 (330339.006.000) 2023-07-25 13:52:03 Job submitted from host: <172.30.1.200:9618?addrs=172.30.1.200-9618&alias=tamsa2.snu.ac.kr&noUDP&sock=schedd_3510_2582>
...
000 (330339.007.000) 2023-07-25 13:52:03 Job submitted from host: <172.30.1.200:9618?addrs=172.30.1.200-9618&alias=tamsa2.snu.ac.kr&noUDP&sock=schedd_3510_2582>
...
000 (330339.008.000) 2023-07-25 13:52:03 Job submitted from host: <172.30.1.200:9618?addrs=172.30.1.200-9618&alias=tamsa2.snu.ac.kr&noUDP&sock=schedd_3510_2582>
...
000 (330339.009.000) 2023-07-25 13:52:03 Job submitted from host: <172.30.1.200:9618?addrs=172.30.1.200-9618&alias=tamsa2.snu.ac.kr&noUDP&sock=schedd_3510_2582>
...
040 (330339.001.000) 2023-07-25 13:52:19 Started transferring input files
	Transferring to host: <172.30.1.107:9618?addrs=172.30.1.107-9618&alias=n7&noUDP&sock=slot1_6_4258_e566_60823>
...
040 (330339.001.000) 2023-07-25 13:52:19 Finished transferring input files
...
040 (330339.002.000) 2023-07-25 13:52:19 Started transferring input files
	Transferring to host: <172.30.1.107:9618?addrs=172.30.1.107-9618&alias=n7&noUDP&sock=slot1_7_4258_e566_60824>
...
040 (330339.002.000) 2023-07-25 13:52:19 Finished transferring input files
...
040 (330339.005.000) 2023-07-25 13:52:19 Started transferring input files
	Transferring to host: <172.30.1.102:9618?addrs=172.30.1.102-9618&alias=n2&noUDP&sock=slot1_1_3347_03a1_57704>
...
040 (330339.004.000) 2023-07-25 13:52:19 Started transferring input files
	Transferring to host: <172.30.1.107:9618?addrs=172.30.1.107-9618&alias=n7&noUDP&sock=slot1_9_4258_e566_60825>
...
040 (330339.005.000) 2023-07-25 13:52:19 Finished transferring input files
...
040 (330339.004.000) 2023-07-25 13:52:19 Finished transferring input files
...
040 (330339.003.000) 2023-07-25 13:52:19 Started transferring input files
	Transferring to host: <172.30.1.107:9618?addrs=172.30.1.107-9618&alias=n7&noUDP&sock=slot1_8_4258_e566_60826>
...
040 (330339.003.000) 2023-07-25 13:52:19 Finished transferring input files
...
040 (330339.006.000) 2023-07-25 13:52:19 Started transferring input files
	Transferring to host: <172.30.1.102:9618?addrs=172.30.1.102-9618&alias=n2&noUDP&sock=slot1_9_3347_03a1_57705>
...
040 (330339.006.000) 2023-07-25 13:52:19 Finished transferring input files
...
040 (330339.007.000) 2023-07-25 13:52:19 Started transferring input files
	Transferring to host: <172.30.1.102:9618?addrs=172.30.1.102-9618&alias=n2&noUDP&sock=slot1_2_3347_03a1_57706>
...
040 (330339.007.000) 2023-07-25 13:52:19 Finished transferring input files
...
040 (330339.008.000) 2023-07-25 13:52:19 Started transferring input files
	Transferring to host: <172.30.1.102:9618?addrs=172.30.1.102-9618&alias=n2&noUDP&sock=slot1_11_3347_03a1_57707>
...
040 (330339.008.000) 2023-07-25 13:52:19 Finished transferring input files
...
040 (330339.009.000) 2023-07-25 13:52:19 Started transferring input files
	Transferring to host: <172.30.1.102:9618?addrs=172.30.1.102-9618&alias=n2&noUDP&sock=slot1_17_3347_03a1_57708>
...
040 (330339.009.000) 2023-07-25 13:52:19 Finished transferring input files
...
040 (330339.000.000) 2023-07-25 13:52:19 Started transferring input files
	Transferring to host: <172.30.1.109:9618?addrs=172.30.1.109-9618&alias=n9&noUDP&sock=slot1_31_4265_d407_73218>
...
040 (330339.000.000) 2023-07-25 13:52:19 Finished transferring input files
...
001 (330339.001.000) 2023-07-25 13:52:20 Job executing on host: <172.30.1.107:9618?addrs=172.30.1.107-9618&alias=n7&noUDP&sock=startd_4224_e421>
...
001 (330339.002.000) 2023-07-25 13:52:20 Job executing on host: <172.30.1.107:9618?addrs=172.30.1.107-9618&alias=n7&noUDP&sock=startd_4224_e421>
...
001 (330339.004.000) 2023-07-25 13:52:20 Job executing on host: <172.30.1.107:9618?addrs=172.30.1.107-9618&alias=n7&noUDP&sock=startd_4224_e421>
...
001 (330339.005.000) 2023-07-25 13:52:20 Job executing on host: <172.30.1.102:9618?addrs=172.30.1.102-9618&alias=n2&noUDP&sock=startd_3313_055a>
...
001 (330339.003.000) 2023-07-25 13:52:20 Job executing on host: <172.30.1.107:9618?addrs=172.30.1.107-9618&alias=n7&noUDP&sock=startd_4224_e421>
...
001 (330339.006.000) 2023-07-25 13:52:20 Job executing on host: <172.30.1.102:9618?addrs=172.30.1.102-9618&alias=n2&noUDP&sock=startd_3313_055a>
...
001 (330339.007.000) 2023-07-25 13:52:20 Job executing on host: <172.30.1.102:9618?addrs=172.30.1.102-9618&alias=n2&noUDP&sock=startd_3313_055a>
...
001 (330339.008.000) 2023-07-25 13:52:20 Job executing on host: <172.30.1.102:9618?addrs=172.30.1.102-9618&alias=n2&noUDP&sock=startd_3313_055a>
...
001 (330339.009.000) 2023-07-25 13:52:20 Job executing on host: <172.30.1.102:9618?addrs=172.30.1.102-9618&alias=n2&noUDP&sock=startd_3313_055a>
...
001 (330339.000.000) 2023-07-25 13:52:20 Job executing on host: <172.30.1.109:9618?addrs=172.30.1.109-9618&alias=n9&noUDP&sock=startd_4231_b14b>
...
006 (330339.001.000) 2023-07-25 13:52:28 Image size of job updated: 256672
	205  -  MemoryUsage of job (MB)
	209288  -  ResidentSetSize of job (KB)
...
006 (330339.002.000) 2023-07-25 13:52:28 Image size of job updated: 266700
	205  -  MemoryUsage of job (MB)
	209104  -  ResidentSetSize of job (KB)
...
006 (330339.004.000) 2023-07-25 13:52:28 Image size of job updated: 257052
	205  -  MemoryUsage of job (MB)
	209320  -  ResidentSetSize of job (KB)
...
006 (330339.005.000) 2023-07-25 13:52:28 Image size of job updated: 385952
	61  -  MemoryUsage of job (MB)
	61824  -  ResidentSetSize of job (KB)
...
006 (330339.003.000) 2023-07-25 13:52:28 Image size of job updated: 249356
	194  -  MemoryUsage of job (MB)
	197740  -  ResidentSetSize of job (KB)
...
006 (330339.006.000) 2023-07-25 13:52:29 Image size of job updated: 385952
	70  -  MemoryUsage of job (MB)
	71448  -  ResidentSetSize of job (KB)
...
006 (330339.007.000) 2023-07-25 13:52:29 Image size of job updated: 385952
	70  -  MemoryUsage of job (MB)
	71600  -  ResidentSetSize of job (KB)
...
006 (330339.008.000) 2023-07-25 13:52:29 Image size of job updated: 385844
	70  -  MemoryUsage of job (MB)
	71608  -  ResidentSetSize of job (KB)
...
006 (330339.009.000) 2023-07-25 13:52:29 Image size of job updated: 385952
	70  -  MemoryUsage of job (MB)
	71592  -  ResidentSetSize of job (KB)
...
006 (330339.000.000) 2023-07-25 13:52:29 Image size of job updated: 385964
	182  -  MemoryUsage of job (MB)
	186292  -  ResidentSetSize of job (KB)
...
006 (330339.004.000) 2023-07-25 13:52:33 Image size of job updated: 258976
	205  -  MemoryUsage of job (MB)
	209320  -  ResidentSetSize of job (KB)
...
040 (330339.004.000) 2023-07-25 13:52:33 Started transferring output files
...
040 (330339.004.000) 2023-07-25 13:52:33 Finished transferring output files
...
005 (330339.004.000) 2023-07-25 13:52:33 Job terminated.
	(1) Normal termination (return value 0)
		Usr 0 00:00:09, Sys 0 00:00:00  -  Run Remote Usage
		Usr 0 00:00:00, Sys 0 00:00:00  -  Run Local Usage
		Usr 0 00:00:09, Sys 0 00:00:00  -  Total Remote Usage
		Usr 0 00:00:00, Sys 0 00:00:00  -  Total Local Usage
	1160  -  Run Bytes Sent By Job
	164  -  Run Bytes Received By Job
	1160  -  Total Bytes Sent By Job
	164  -  Total Bytes Received By Job
	Partitionable Resources :    Usage  Request Allocated 
	   Cpus                 :                 1         1 
	   Disk (KB)            :       46        1    127899 
	   Memory (MB)          :      205     3900      3968 

	Job terminated of its own accord at 2023-07-25T04:52:33Z.
...
006 (330339.003.000) 2023-07-25 13:52:33 Image size of job updated: 687344
	194  -  MemoryUsage of job (MB)
	197816  -  ResidentSetSize of job (KB)
...
040 (330339.003.000) 2023-07-25 13:52:33 Started transferring output files
...
040 (330339.003.000) 2023-07-25 13:52:33 Finished transferring output files
...
005 (330339.003.000) 2023-07-25 13:52:33 Job terminated.
	(1) Normal termination (return value 0)
		Usr 0 00:00:09, Sys 0 00:00:01  -  Run Remote Usage
		Usr 0 00:00:00, Sys 0 00:00:00  -  Run Local Usage
		Usr 0 00:00:09, Sys 0 00:00:01  -  Total Remote Usage
		Usr 0 00:00:00, Sys 0 00:00:00  -  Total Local Usage
	1160  -  Run Bytes Sent By Job
	164  -  Run Bytes Received By Job
	1160  -  Total Bytes Sent By Job
	164  -  Total Bytes Received By Job
	Partitionable Resources :    Usage  Request Allocated 
	   Cpus                 :                 1         1 
	   Disk (KB)            :       46        1    127899 
	   Memory (MB)          :      194     3900      3968 

	Job terminated of its own accord at 2023-07-25T04:52:33Z.
...
006 (330339.001.000) 2023-07-25 13:52:34 Image size of job updated: 687124
	205  -  MemoryUsage of job (MB)
	209288  -  ResidentSetSize of job (KB)
...
040 (330339.001.000) 2023-07-25 13:52:34 Started transferring output files
...
040 (330339.001.000) 2023-07-25 13:52:34 Finished transferring output files
...
005 (330339.001.000) 2023-07-25 13:52:34 Job terminated.
	(1) Normal termination (return value 0)
		Usr 0 00:00:10, Sys 0 00:00:01  -  Run Remote Usage
		Usr 0 00:00:00, Sys 0 00:00:00  -  Run Local Usage
		Usr 0 00:00:10, Sys 0 00:00:01  -  Total Remote Usage
		Usr 0 00:00:00, Sys 0 00:00:00  -  Total Local Usage
	1126  -  Run Bytes Sent By Job
	164  -  Run Bytes Received By Job
	1126  -  Total Bytes Sent By Job
	164  -  Total Bytes Received By Job
	Partitionable Resources :    Usage  Request Allocated 
	   Cpus                 :                 1         1 
	   Disk (KB)            :       46        1    127899 
	   Memory (MB)          :      205     3900      3968 

	Job terminated of its own accord at 2023-07-25T04:52:34Z.
...
006 (330339.002.000) 2023-07-25 13:52:35 Image size of job updated: 687328
	205  -  MemoryUsage of job (MB)
	209108  -  ResidentSetSize of job (KB)
...
040 (330339.002.000) 2023-07-25 13:52:35 Started transferring output files
...
040 (330339.002.000) 2023-07-25 13:52:36 Finished transferring output files
...
005 (330339.002.000) 2023-07-25 13:52:36 Job terminated.
	(1) Normal termination (return value 0)
		Usr 0 00:00:11, Sys 0 00:00:00  -  Run Remote Usage
		Usr 0 00:00:00, Sys 0 00:00:00  -  Run Local Usage
		Usr 0 00:00:11, Sys 0 00:00:00  -  Total Remote Usage
		Usr 0 00:00:00, Sys 0 00:00:00  -  Total Local Usage
	1222  -  Run Bytes Sent By Job
	164  -  Run Bytes Received By Job
	1222  -  Total Bytes Sent By Job
	164  -  Total Bytes Received By Job
	Partitionable Resources :    Usage  Request Allocated 
	   Cpus                 :                 1         1 
	   Disk (KB)            :       46        1    127899 
	   Memory (MB)          :      205     3900      3968 

	Job terminated of its own accord at 2023-07-25T04:52:35Z.
...
006 (330339.000.000) 2023-07-25 13:52:43 Image size of job updated: 682132
	182  -  MemoryUsage of job (MB)
	186292  -  ResidentSetSize of job (KB)
...
040 (330339.000.000) 2023-07-25 13:52:43 Started transferring output files
...
040 (330339.000.000) 2023-07-25 13:52:43 Finished transferring output files
...
005 (330339.000.000) 2023-07-25 13:52:43 Job terminated.
	(1) Normal termination (return value 0)
		Usr 0 00:00:12, Sys 0 00:00:01  -  Run Remote Usage
		Usr 0 00:00:00, Sys 0 00:00:00  -  Run Local Usage
		Usr 0 00:00:12, Sys 0 00:00:01  -  Total Remote Usage
		Usr 0 00:00:00, Sys 0 00:00:00  -  Total Local Usage
	1097  -  Run Bytes Sent By Job
	164  -  Run Bytes Received By Job
	1097  -  Total Bytes Sent By Job
	164  -  Total Bytes Received By Job
	Partitionable Resources :    Usage  Request Allocated 
	   Cpus                 :                 1         1 
	   Disk (KB)            :       46        1    127899 
	   Memory (MB)          :      182     3900      3968 

	Job terminated of its own accord at 2023-07-25T04:52:43Z.
...
006 (330339.008.000) 2023-07-25 13:52:52 Image size of job updated: 663588
	70  -  MemoryUsage of job (MB)
	71608  -  ResidentSetSize of job (KB)
...
040 (330339.008.000) 2023-07-25 13:52:52 Started transferring output files
...
040 (330339.008.000) 2023-07-25 13:52:52 Finished transferring output files
...
005 (330339.008.000) 2023-07-25 13:52:52 Job terminated.
	(1) Normal termination (return value 0)
		Usr 0 00:00:17, Sys 0 00:00:02  -  Run Remote Usage
		Usr 0 00:00:00, Sys 0 00:00:00  -  Run Local Usage
		Usr 0 00:00:17, Sys 0 00:00:02  -  Total Remote Usage
		Usr 0 00:00:00, Sys 0 00:00:00  -  Total Local Usage
	1130  -  Run Bytes Sent By Job
	164  -  Run Bytes Received By Job
	1130  -  Total Bytes Sent By Job
	164  -  Total Bytes Received By Job
	Partitionable Resources :    Usage  Request Allocated 
	   Cpus                 :                 1         1 
	   Disk (KB)            :       46        1    123869 
	   Memory (MB)          :       70     3900      3968 

	Job terminated of its own accord at 2023-07-25T04:52:52Z.
...
006 (330339.009.000) 2023-07-25 13:52:53 Image size of job updated: 685316
	70  -  MemoryUsage of job (MB)
	71592  -  ResidentSetSize of job (KB)
...
040 (330339.009.000) 2023-07-25 13:52:53 Started transferring output files
...
040 (330339.009.000) 2023-07-25 13:52:53 Finished transferring output files
...
005 (330339.009.000) 2023-07-25 13:52:53 Job terminated.
	(1) Normal termination (return value 0)
		Usr 0 00:00:18, Sys 0 00:00:02  -  Run Remote Usage
		Usr 0 00:00:00, Sys 0 00:00:00  -  Run Local Usage
		Usr 0 00:00:18, Sys 0 00:00:02  -  Total Remote Usage
		Usr 0 00:00:00, Sys 0 00:00:00  -  Total Local Usage
	1130  -  Run Bytes Sent By Job
	164  -  Run Bytes Received By Job
	1130  -  Total Bytes Sent By Job
	164  -  Total Bytes Received By Job
	Partitionable Resources :    Usage  Request Allocated 
	   Cpus                 :                 1         1 
	   Disk (KB)            :       46        1    123869 
	   Memory (MB)          :       70     3900      3968 

	Job terminated of its own accord at 2023-07-25T04:52:53Z.
...
006 (330339.005.000) 2023-07-25 13:52:57 Image size of job updated: 685348
	61  -  MemoryUsage of job (MB)
	61824  -  ResidentSetSize of job (KB)
...
006 (330339.006.000) 2023-07-25 13:52:57 Image size of job updated: 685328
	70  -  MemoryUsage of job (MB)
	71448  -  ResidentSetSize of job (KB)
...
040 (330339.005.000) 2023-07-25 13:52:57 Started transferring output files
...
040 (330339.006.000) 2023-07-25 13:52:57 Started transferring output files
...
040 (330339.005.000) 2023-07-25 13:52:57 Finished transferring output files
...
040 (330339.006.000) 2023-07-25 13:52:57 Finished transferring output files
...
005 (330339.005.000) 2023-07-25 13:52:57 Job terminated.
	(1) Normal termination (return value 0)
		Usr 0 00:00:21, Sys 0 00:00:02  -  Run Remote Usage
		Usr 0 00:00:00, Sys 0 00:00:00  -  Run Local Usage
		Usr 0 00:00:21, Sys 0 00:00:02  -  Total Remote Usage
		Usr 0 00:00:00, Sys 0 00:00:00  -  Total Local Usage
	1160  -  Run Bytes Sent By Job
	164  -  Run Bytes Received By Job
	1160  -  Total Bytes Sent By Job
	164  -  Total Bytes Received By Job
	Partitionable Resources :    Usage  Request Allocated 
	   Cpus                 :                 1         1 
	   Disk (KB)            :       46        1    123869 
	   Memory (MB)          :       61     3900      3968 

	Job terminated of its own accord at 2023-07-25T04:52:56Z.
...
005 (330339.006.000) 2023-07-25 13:52:57 Job terminated.
	(1) Normal termination (return value 0)
		Usr 0 00:00:20, Sys 0 00:00:02  -  Run Remote Usage
		Usr 0 00:00:00, Sys 0 00:00:00  -  Run Local Usage
		Usr 0 00:00:20, Sys 0 00:00:02  -  Total Remote Usage
		Usr 0 00:00:00, Sys 0 00:00:00  -  Total Local Usage
	1098  -  Run Bytes Sent By Job
	164  -  Run Bytes Received By Job
	1098  -  Total Bytes Sent By Job
	164  -  Total Bytes Received By Job
	Partitionable Resources :    Usage  Request Allocated 
	   Cpus                 :                 1         1 
	   Disk (KB)            :       46        1    123869 
	   Memory (MB)          :       70     3900      3968 

	Job terminated of its own accord at 2023-07-25T04:52:56Z.
...
006 (330339.007.000) 2023-07-25 13:52:58 Image size of job updated: 685404
	70  -  MemoryUsage of job (MB)
	71600  -  ResidentSetSize of job (KB)
...
040 (330339.007.000) 2023-07-25 13:52:58 Started transferring output files
...
040 (330339.007.000) 2023-07-25 13:52:58 Finished transferring output files
...
005 (330339.007.000) 2023-07-25 13:52:58 Job terminated.
	(1) Normal termination (return value 0)
		Usr 0 00:00:25, Sys 0 00:00:02  -  Run Remote Usage
		Usr 0 00:00:00, Sys 0 00:00:00  -  Run Local Usage
		Usr 0 00:00:25, Sys 0 00:00:02  -  Total Remote Usage
		Usr 0 00:00:00, Sys 0 00:00:00  -  Total Local Usage
	1161  -  Run Bytes Sent By Job
	164  -  Run Bytes Received By Job
	1161  -  Total Bytes Sent By Job
	164  -  Total Bytes Received By Job
	Partitionable Resources :    Usage  Request Allocated 
	   Cpus                 :                 1         1 
	   Disk (KB)            :       46        1    123869 
	   Memory (MB)          :       70     3900      3968 

	Job terminated of its own accord at 2023-07-25T04:52:58Z.
...
