000 (311042.000.000) 2023-06-12 17:46:36 Job submitted from host: <172.30.1.200:9618?addrs=172.30.1.200-9618&alias=tamsa2.snu.ac.kr&noUDP&sock=schedd_3510_2582>
...
000 (311042.001.000) 2023-06-12 17:46:36 Job submitted from host: <172.30.1.200:9618?addrs=172.30.1.200-9618&alias=tamsa2.snu.ac.kr&noUDP&sock=schedd_3510_2582>
...
000 (311042.002.000) 2023-06-12 17:46:36 Job submitted from host: <172.30.1.200:9618?addrs=172.30.1.200-9618&alias=tamsa2.snu.ac.kr&noUDP&sock=schedd_3510_2582>
...
000 (311042.003.000) 2023-06-12 17:46:36 Job submitted from host: <172.30.1.200:9618?addrs=172.30.1.200-9618&alias=tamsa2.snu.ac.kr&noUDP&sock=schedd_3510_2582>
...
000 (311042.004.000) 2023-06-12 17:46:36 Job submitted from host: <172.30.1.200:9618?addrs=172.30.1.200-9618&alias=tamsa2.snu.ac.kr&noUDP&sock=schedd_3510_2582>
...
000 (311042.005.000) 2023-06-12 17:46:36 Job submitted from host: <172.30.1.200:9618?addrs=172.30.1.200-9618&alias=tamsa2.snu.ac.kr&noUDP&sock=schedd_3510_2582>
...
000 (311042.006.000) 2023-06-12 17:46:36 Job submitted from host: <172.30.1.200:9618?addrs=172.30.1.200-9618&alias=tamsa2.snu.ac.kr&noUDP&sock=schedd_3510_2582>
...
000 (311042.007.000) 2023-06-12 17:46:36 Job submitted from host: <172.30.1.200:9618?addrs=172.30.1.200-9618&alias=tamsa2.snu.ac.kr&noUDP&sock=schedd_3510_2582>
...
000 (311042.008.000) 2023-06-12 17:46:36 Job submitted from host: <172.30.1.200:9618?addrs=172.30.1.200-9618&alias=tamsa2.snu.ac.kr&noUDP&sock=schedd_3510_2582>
...
000 (311042.009.000) 2023-06-12 17:46:36 Job submitted from host: <172.30.1.200:9618?addrs=172.30.1.200-9618&alias=tamsa2.snu.ac.kr&noUDP&sock=schedd_3510_2582>
...
040 (311042.000.000) 2023-06-12 17:46:42 Started transferring input files
	Transferring to host: <172.30.1.108:9618?addrs=172.30.1.108-9618&alias=n8&noUDP&sock=slot1_11_4278_fce7_21854>
...
040 (311042.000.000) 2023-06-12 17:46:42 Finished transferring input files
...
040 (311042.001.000) 2023-06-12 17:46:42 Started transferring input files
	Transferring to host: <172.30.1.108:9618?addrs=172.30.1.108-9618&alias=n8&noUDP&sock=slot1_12_4278_fce7_21855>
...
040 (311042.001.000) 2023-06-12 17:46:43 Finished transferring input files
...
040 (311042.002.000) 2023-06-12 17:46:43 Started transferring input files
	Transferring to host: <172.30.1.108:9618?addrs=172.30.1.108-9618&alias=n8&noUDP&sock=slot1_14_4278_fce7_21856>
...
040 (311042.002.000) 2023-06-12 17:46:43 Finished transferring input files
...
040 (311042.004.000) 2023-06-12 17:46:43 Started transferring input files
	Transferring to host: <172.30.1.108:9618?addrs=172.30.1.108-9618&alias=n8&noUDP&sock=slot1_17_4278_fce7_21857>
...
040 (311042.004.000) 2023-06-12 17:46:43 Finished transferring input files
...
040 (311042.003.000) 2023-06-12 17:46:43 Started transferring input files
	Transferring to host: <172.30.1.108:9618?addrs=172.30.1.108-9618&alias=n8&noUDP&sock=slot1_15_4278_fce7_21858>
...
040 (311042.003.000) 2023-06-12 17:46:43 Finished transferring input files
...
040 (311042.007.000) 2023-06-12 17:46:43 Started transferring input files
	Transferring to host: <172.30.1.108:9618?addrs=172.30.1.108-9618&alias=n8&noUDP&sock=slot1_21_4278_fce7_21859>
...
040 (311042.007.000) 2023-06-12 17:46:43 Finished transferring input files
...
040 (311042.006.000) 2023-06-12 17:46:43 Started transferring input files
	Transferring to host: <172.30.1.108:9618?addrs=172.30.1.108-9618&alias=n8&noUDP&sock=slot1_19_4278_fce7_21860>
...
040 (311042.006.000) 2023-06-12 17:46:43 Finished transferring input files
...
040 (311042.005.000) 2023-06-12 17:46:43 Started transferring input files
	Transferring to host: <172.30.1.108:9618?addrs=172.30.1.108-9618&alias=n8&noUDP&sock=slot1_18_4278_fce7_21861>
...
040 (311042.005.000) 2023-06-12 17:46:43 Finished transferring input files
...
040 (311042.008.000) 2023-06-12 17:46:43 Started transferring input files
	Transferring to host: <172.30.1.108:9618?addrs=172.30.1.108-9618&alias=n8&noUDP&sock=slot1_22_4278_fce7_21862>
...
040 (311042.008.000) 2023-06-12 17:46:43 Finished transferring input files
...
040 (311042.009.000) 2023-06-12 17:46:43 Started transferring input files
	Transferring to host: <172.30.1.108:9618?addrs=172.30.1.108-9618&alias=n8&noUDP&sock=slot1_23_4278_fce7_21863>
...
040 (311042.009.000) 2023-06-12 17:46:43 Finished transferring input files
...
001 (311042.000.000) 2023-06-12 17:46:43 Job executing on host: <172.30.1.108:9618?addrs=172.30.1.108-9618&alias=n8&noUDP&sock=startd_4243_ec6e>
...
001 (311042.001.000) 2023-06-12 17:46:43 Job executing on host: <172.30.1.108:9618?addrs=172.30.1.108-9618&alias=n8&noUDP&sock=startd_4243_ec6e>
...
001 (311042.002.000) 2023-06-12 17:46:44 Job executing on host: <172.30.1.108:9618?addrs=172.30.1.108-9618&alias=n8&noUDP&sock=startd_4243_ec6e>
...
001 (311042.004.000) 2023-06-12 17:46:44 Job executing on host: <172.30.1.108:9618?addrs=172.30.1.108-9618&alias=n8&noUDP&sock=startd_4243_ec6e>
...
001 (311042.003.000) 2023-06-12 17:46:44 Job executing on host: <172.30.1.108:9618?addrs=172.30.1.108-9618&alias=n8&noUDP&sock=startd_4243_ec6e>
...
001 (311042.007.000) 2023-06-12 17:46:44 Job executing on host: <172.30.1.108:9618?addrs=172.30.1.108-9618&alias=n8&noUDP&sock=startd_4243_ec6e>
...
001 (311042.006.000) 2023-06-12 17:46:44 Job executing on host: <172.30.1.108:9618?addrs=172.30.1.108-9618&alias=n8&noUDP&sock=startd_4243_ec6e>
...
001 (311042.005.000) 2023-06-12 17:46:44 Job executing on host: <172.30.1.108:9618?addrs=172.30.1.108-9618&alias=n8&noUDP&sock=startd_4243_ec6e>
...
001 (311042.008.000) 2023-06-12 17:46:44 Job executing on host: <172.30.1.108:9618?addrs=172.30.1.108-9618&alias=n8&noUDP&sock=startd_4243_ec6e>
...
001 (311042.009.000) 2023-06-12 17:46:44 Job executing on host: <172.30.1.108:9618?addrs=172.30.1.108-9618&alias=n8&noUDP&sock=startd_4243_ec6e>
...
006 (311042.000.000) 2023-06-12 17:46:52 Image size of job updated: 400420
	152  -  MemoryUsage of job (MB)
	154884  -  ResidentSetSize of job (KB)
...
006 (311042.001.000) 2023-06-12 17:46:52 Image size of job updated: 397744
	152  -  MemoryUsage of job (MB)
	154840  -  ResidentSetSize of job (KB)
...
006 (311042.002.000) 2023-06-12 17:46:52 Image size of job updated: 391532
	153  -  MemoryUsage of job (MB)
	155856  -  ResidentSetSize of job (KB)
...
006 (311042.004.000) 2023-06-12 17:46:52 Image size of job updated: 400236
	153  -  MemoryUsage of job (MB)
	156180  -  ResidentSetSize of job (KB)
...
006 (311042.003.000) 2023-06-12 17:46:52 Image size of job updated: 399420
	154  -  MemoryUsage of job (MB)
	156780  -  ResidentSetSize of job (KB)
...
006 (311042.007.000) 2023-06-12 17:46:52 Image size of job updated: 391532
	152  -  MemoryUsage of job (MB)
	155028  -  ResidentSetSize of job (KB)
...
006 (311042.006.000) 2023-06-12 17:46:53 Image size of job updated: 391532
	178  -  MemoryUsage of job (MB)
	181560  -  ResidentSetSize of job (KB)
...
006 (311042.005.000) 2023-06-12 17:46:53 Image size of job updated: 390476
	167  -  MemoryUsage of job (MB)
	170500  -  ResidentSetSize of job (KB)
...
006 (311042.008.000) 2023-06-12 17:46:53 Image size of job updated: 385948
	178  -  MemoryUsage of job (MB)
	181684  -  ResidentSetSize of job (KB)
...
006 (311042.009.000) 2023-06-12 17:46:53 Image size of job updated: 385844
	179  -  MemoryUsage of job (MB)
	182684  -  ResidentSetSize of job (KB)
...
006 (311042.008.000) 2023-06-12 17:47:25 Image size of job updated: 691168
	178  -  MemoryUsage of job (MB)
	181724  -  ResidentSetSize of job (KB)
...
040 (311042.008.000) 2023-06-12 17:47:26 Started transferring output files
...
040 (311042.008.000) 2023-06-12 17:47:26 Finished transferring output files
...
005 (311042.008.000) 2023-06-12 17:47:26 Job terminated.
	(1) Normal termination (return value 0)
		Usr 0 00:00:35, Sys 0 00:00:01  -  Run Remote Usage
		Usr 0 00:00:00, Sys 0 00:00:00  -  Run Local Usage
		Usr 0 00:00:35, Sys 0 00:00:01  -  Total Remote Usage
		Usr 0 00:00:00, Sys 0 00:00:00  -  Total Local Usage
	9162  -  Run Bytes Sent By Job
	148  -  Run Bytes Received By Job
	9162  -  Total Bytes Sent By Job
	148  -  Total Bytes Received By Job
	Partitionable Resources :    Usage  Request Allocated 
	   Cpus                 :                 1         1 
	   Disk (KB)            :       54        1    127899 
	   Memory (MB)          :      178     3900      3968 

	Job terminated of its own accord at 2023-06-12T08:47:25Z.
...
006 (311042.003.000) 2023-06-12 17:47:26 Image size of job updated: 697464
	154  -  MemoryUsage of job (MB)
	156780  -  ResidentSetSize of job (KB)
...
040 (311042.003.000) 2023-06-12 17:47:26 Started transferring output files
...
040 (311042.003.000) 2023-06-12 17:47:26 Finished transferring output files
...
005 (311042.003.000) 2023-06-12 17:47:26 Job terminated.
	(1) Normal termination (return value 0)
		Usr 0 00:00:35, Sys 0 00:00:01  -  Run Remote Usage
		Usr 0 00:00:00, Sys 0 00:00:00  -  Run Local Usage
		Usr 0 00:00:35, Sys 0 00:00:01  -  Total Remote Usage
		Usr 0 00:00:00, Sys 0 00:00:00  -  Total Local Usage
	9184  -  Run Bytes Sent By Job
	148  -  Run Bytes Received By Job
	9184  -  Total Bytes Sent By Job
	148  -  Total Bytes Received By Job
	Partitionable Resources :    Usage  Request Allocated 
	   Cpus                 :                 1         1 
	   Disk (KB)            :       54        1    127899 
	   Memory (MB)          :      154     3900      3968 

	Job terminated of its own accord at 2023-06-12T08:47:26Z.
...
006 (311042.009.000) 2023-06-12 17:47:26 Image size of job updated: 697440
	179  -  MemoryUsage of job (MB)
	182716  -  ResidentSetSize of job (KB)
...
040 (311042.009.000) 2023-06-12 17:47:26 Started transferring output files
...
040 (311042.009.000) 2023-06-12 17:47:26 Finished transferring output files
...
005 (311042.009.000) 2023-06-12 17:47:26 Job terminated.
	(1) Normal termination (return value 0)
		Usr 0 00:00:34, Sys 0 00:00:01  -  Run Remote Usage
		Usr 0 00:00:00, Sys 0 00:00:00  -  Run Local Usage
		Usr 0 00:00:34, Sys 0 00:00:01  -  Total Remote Usage
		Usr 0 00:00:00, Sys 0 00:00:00  -  Total Local Usage
	9195  -  Run Bytes Sent By Job
	148  -  Run Bytes Received By Job
	9195  -  Total Bytes Sent By Job
	148  -  Total Bytes Received By Job
	Partitionable Resources :    Usage  Request Allocated 
	   Cpus                 :                 1         1 
	   Disk (KB)            :       54        1    127899 
	   Memory (MB)          :      179     3900      3968 

	Job terminated of its own accord at 2023-06-12T08:47:26Z.
...
006 (311042.000.000) 2023-06-12 17:47:28 Image size of job updated: 696376
	152  -  MemoryUsage of job (MB)
	154884  -  ResidentSetSize of job (KB)
...
040 (311042.000.000) 2023-06-12 17:47:28 Started transferring output files
...
040 (311042.000.000) 2023-06-12 17:47:28 Finished transferring output files
...
005 (311042.000.000) 2023-06-12 17:47:29 Job terminated.
	(1) Normal termination (return value 0)
		Usr 0 00:00:36, Sys 0 00:00:01  -  Run Remote Usage
		Usr 0 00:00:00, Sys 0 00:00:00  -  Run Local Usage
		Usr 0 00:00:36, Sys 0 00:00:01  -  Total Remote Usage
		Usr 0 00:00:00, Sys 0 00:00:00  -  Total Local Usage
	9215  -  Run Bytes Sent By Job
	148  -  Run Bytes Received By Job
	9215  -  Total Bytes Sent By Job
	148  -  Total Bytes Received By Job
	Partitionable Resources :    Usage  Request Allocated 
	   Cpus                 :                 1         1 
	   Disk (KB)            :       54        1    127899 
	   Memory (MB)          :      152     3900      3968 

	Job terminated of its own accord at 2023-06-12T08:47:28Z.
...
006 (311042.005.000) 2023-06-12 17:47:29 Image size of job updated: 694664
	167  -  MemoryUsage of job (MB)
	170520  -  ResidentSetSize of job (KB)
...
040 (311042.005.000) 2023-06-12 17:47:29 Started transferring output files
...
040 (311042.005.000) 2023-06-12 17:47:29 Finished transferring output files
...
005 (311042.005.000) 2023-06-12 17:47:29 Job terminated.
	(1) Normal termination (return value 0)
		Usr 0 00:00:38, Sys 0 00:00:01  -  Run Remote Usage
		Usr 0 00:00:00, Sys 0 00:00:00  -  Run Local Usage
		Usr 0 00:00:38, Sys 0 00:00:01  -  Total Remote Usage
		Usr 0 00:00:00, Sys 0 00:00:00  -  Total Local Usage
	9347  -  Run Bytes Sent By Job
	148  -  Run Bytes Received By Job
	9347  -  Total Bytes Sent By Job
	148  -  Total Bytes Received By Job
	Partitionable Resources :    Usage  Request Allocated 
	   Cpus                 :                 1         1 
	   Disk (KB)            :       54        1    127899 
	   Memory (MB)          :      167     3900      3968 

	Job terminated of its own accord at 2023-06-12T08:47:29Z.
...
006 (311042.006.000) 2023-06-12 17:47:30 Image size of job updated: 695676
	178  -  MemoryUsage of job (MB)
	181568  -  ResidentSetSize of job (KB)
...
040 (311042.006.000) 2023-06-12 17:47:30 Started transferring output files
...
040 (311042.006.000) 2023-06-12 17:47:30 Finished transferring output files
...
005 (311042.006.000) 2023-06-12 17:47:30 Job terminated.
	(1) Normal termination (return value 0)
		Usr 0 00:00:38, Sys 0 00:00:01  -  Run Remote Usage
		Usr 0 00:00:00, Sys 0 00:00:00  -  Run Local Usage
		Usr 0 00:00:38, Sys 0 00:00:01  -  Total Remote Usage
		Usr 0 00:00:00, Sys 0 00:00:00  -  Total Local Usage
	9226  -  Run Bytes Sent By Job
	148  -  Run Bytes Received By Job
	9226  -  Total Bytes Sent By Job
	148  -  Total Bytes Received By Job
	Partitionable Resources :    Usage  Request Allocated 
	   Cpus                 :                 1         1 
	   Disk (KB)            :       54        1    127899 
	   Memory (MB)          :      178     3900      3968 

	Job terminated of its own accord at 2023-06-12T08:47:30Z.
...
006 (311042.001.000) 2023-06-12 17:47:30 Image size of job updated: 696348
	152  -  MemoryUsage of job (MB)
	154840  -  ResidentSetSize of job (KB)
...
040 (311042.001.000) 2023-06-12 17:47:30 Started transferring output files
...
040 (311042.001.000) 2023-06-12 17:47:30 Finished transferring output files
...
005 (311042.001.000) 2023-06-12 17:47:30 Job terminated.
	(1) Normal termination (return value 0)
		Usr 0 00:00:39, Sys 0 00:00:01  -  Run Remote Usage
		Usr 0 00:00:00, Sys 0 00:00:00  -  Run Local Usage
		Usr 0 00:00:39, Sys 0 00:00:01  -  Total Remote Usage
		Usr 0 00:00:00, Sys 0 00:00:00  -  Total Local Usage
	9215  -  Run Bytes Sent By Job
	148  -  Run Bytes Received By Job
	9215  -  Total Bytes Sent By Job
	148  -  Total Bytes Received By Job
	Partitionable Resources :    Usage  Request Allocated 
	   Cpus                 :                 1         1 
	   Disk (KB)            :       54        1    127899 
	   Memory (MB)          :      152     3900      3968 

	Job terminated of its own accord at 2023-06-12T08:47:30Z.
...
006 (311042.004.000) 2023-06-12 17:47:32 Image size of job updated: 696300
	153  -  MemoryUsage of job (MB)
	156188  -  ResidentSetSize of job (KB)
...
006 (311042.007.000) 2023-06-12 17:47:32 Image size of job updated: 696296
	152  -  MemoryUsage of job (MB)
	155132  -  ResidentSetSize of job (KB)
...
040 (311042.004.000) 2023-06-12 17:47:32 Started transferring output files
...
040 (311042.007.000) 2023-06-12 17:47:32 Started transferring output files
...
040 (311042.007.000) 2023-06-12 17:47:32 Finished transferring output files
...
040 (311042.004.000) 2023-06-12 17:47:32 Finished transferring output files
...
005 (311042.007.000) 2023-06-12 17:47:32 Job terminated.
	(1) Normal termination (return value 0)
		Usr 0 00:00:41, Sys 0 00:00:01  -  Run Remote Usage
		Usr 0 00:00:00, Sys 0 00:00:00  -  Run Local Usage
		Usr 0 00:00:41, Sys 0 00:00:01  -  Total Remote Usage
		Usr 0 00:00:00, Sys 0 00:00:00  -  Total Local Usage
	9163  -  Run Bytes Sent By Job
	148  -  Run Bytes Received By Job
	9163  -  Total Bytes Sent By Job
	148  -  Total Bytes Received By Job
	Partitionable Resources :    Usage  Request Allocated 
	   Cpus                 :                 1         1 
	   Disk (KB)            :       54        1    127899 
	   Memory (MB)          :      152     3900      3968 

	Job terminated of its own accord at 2023-06-12T08:47:32Z.
...
005 (311042.004.000) 2023-06-12 17:47:32 Job terminated.
	(1) Normal termination (return value 0)
		Usr 0 00:00:42, Sys 0 00:00:01  -  Run Remote Usage
		Usr 0 00:00:00, Sys 0 00:00:00  -  Run Local Usage
		Usr 0 00:00:42, Sys 0 00:00:01  -  Total Remote Usage
		Usr 0 00:00:00, Sys 0 00:00:00  -  Total Local Usage
	9295  -  Run Bytes Sent By Job
	148  -  Run Bytes Received By Job
	9295  -  Total Bytes Sent By Job
	148  -  Total Bytes Received By Job
	Partitionable Resources :    Usage  Request Allocated 
	   Cpus                 :                 1         1 
	   Disk (KB)            :       54        1    127899 
	   Memory (MB)          :      153     3900      3968 

	Job terminated of its own accord at 2023-06-12T08:47:32Z.
...
006 (311042.002.000) 2023-06-12 17:47:33 Image size of job updated: 696192
	153  -  MemoryUsage of job (MB)
	155856  -  ResidentSetSize of job (KB)
...
040 (311042.002.000) 2023-06-12 17:47:33 Started transferring output files
...
040 (311042.002.000) 2023-06-12 17:47:33 Finished transferring output files
...
005 (311042.002.000) 2023-06-12 17:47:33 Job terminated.
	(1) Normal termination (return value 0)
		Usr 0 00:00:42, Sys 0 00:00:01  -  Run Remote Usage
		Usr 0 00:00:00, Sys 0 00:00:00  -  Run Local Usage
		Usr 0 00:00:42, Sys 0 00:00:01  -  Total Remote Usage
		Usr 0 00:00:00, Sys 0 00:00:00  -  Total Local Usage
	9184  -  Run Bytes Sent By Job
	148  -  Run Bytes Received By Job
	9184  -  Total Bytes Sent By Job
	148  -  Total Bytes Received By Job
	Partitionable Resources :    Usage  Request Allocated 
	   Cpus                 :                 1         1 
	   Disk (KB)            :       54        1    127899 
	   Memory (MB)          :      153     3900      3968 

	Job terminated of its own accord at 2023-06-12T08:47:33Z.
...
