000 (310101.000.000) 2023-06-09 14:35:45 Job submitted from host: <172.30.1.200:9618?addrs=172.30.1.200-9618&alias=tamsa2.snu.ac.kr&noUDP&sock=schedd_3510_2582>
...
000 (310101.001.000) 2023-06-09 14:35:45 Job submitted from host: <172.30.1.200:9618?addrs=172.30.1.200-9618&alias=tamsa2.snu.ac.kr&noUDP&sock=schedd_3510_2582>
...
000 (310101.002.000) 2023-06-09 14:35:45 Job submitted from host: <172.30.1.200:9618?addrs=172.30.1.200-9618&alias=tamsa2.snu.ac.kr&noUDP&sock=schedd_3510_2582>
...
000 (310101.003.000) 2023-06-09 14:35:45 Job submitted from host: <172.30.1.200:9618?addrs=172.30.1.200-9618&alias=tamsa2.snu.ac.kr&noUDP&sock=schedd_3510_2582>
...
000 (310101.004.000) 2023-06-09 14:35:45 Job submitted from host: <172.30.1.200:9618?addrs=172.30.1.200-9618&alias=tamsa2.snu.ac.kr&noUDP&sock=schedd_3510_2582>
...
000 (310101.005.000) 2023-06-09 14:35:45 Job submitted from host: <172.30.1.200:9618?addrs=172.30.1.200-9618&alias=tamsa2.snu.ac.kr&noUDP&sock=schedd_3510_2582>
...
000 (310101.006.000) 2023-06-09 14:35:45 Job submitted from host: <172.30.1.200:9618?addrs=172.30.1.200-9618&alias=tamsa2.snu.ac.kr&noUDP&sock=schedd_3510_2582>
...
000 (310101.007.000) 2023-06-09 14:35:45 Job submitted from host: <172.30.1.200:9618?addrs=172.30.1.200-9618&alias=tamsa2.snu.ac.kr&noUDP&sock=schedd_3510_2582>
...
000 (310101.008.000) 2023-06-09 14:35:45 Job submitted from host: <172.30.1.200:9618?addrs=172.30.1.200-9618&alias=tamsa2.snu.ac.kr&noUDP&sock=schedd_3510_2582>
...
000 (310101.009.000) 2023-06-09 14:35:45 Job submitted from host: <172.30.1.200:9618?addrs=172.30.1.200-9618&alias=tamsa2.snu.ac.kr&noUDP&sock=schedd_3510_2582>
...
001 (310101.001.000) 2023-06-09 14:35:54 Job executing on host: <172.30.1.209:9618?addrs=172.30.1.209-9618&alias=node9&noUDP&sock=startd_3776_99b3>
...
001 (310101.002.000) 2023-06-09 14:35:54 Job executing on host: <172.30.1.202:9618?addrs=172.30.1.202-9618&alias=node2&noUDP&sock=startd_19693_56a6>
...
001 (310101.003.000) 2023-06-09 14:35:54 Job executing on host: <172.30.1.202:9618?addrs=172.30.1.202-9618&alias=node2&noUDP&sock=startd_19693_56a6>
...
001 (310101.000.000) 2023-06-09 14:35:54 Job executing on host: <172.30.1.208:9618?addrs=172.30.1.208-9618&alias=node8&noUDP&sock=startd_3802_6f2a>
...
006 (310101.001.000) 2023-06-09 14:36:02 Image size of job updated: 440020
	110  -  MemoryUsage of job (MB)
	111876  -  ResidentSetSize of job (KB)
...
006 (310101.002.000) 2023-06-09 14:36:02 Image size of job updated: 116184
	114  -  MemoryUsage of job (MB)
	116184  -  ResidentSetSize of job (KB)
...
006 (310101.003.000) 2023-06-09 14:36:02 Image size of job updated: 116180
	114  -  MemoryUsage of job (MB)
	116180  -  ResidentSetSize of job (KB)
...
006 (310101.000.000) 2023-06-09 14:36:03 Image size of job updated: 400420
	70  -  MemoryUsage of job (MB)
	71672  -  ResidentSetSize of job (KB)
...
001 (310101.006.000) 2023-06-09 14:36:14 Job executing on host: <172.30.1.206:9618?addrs=172.30.1.206-9618&alias=node6&noUDP&sock=startd_3777_494c>
...
001 (310101.007.000) 2023-06-09 14:36:14 Job executing on host: <172.30.1.206:9618?addrs=172.30.1.206-9618&alias=node6&noUDP&sock=startd_3777_494c>
...
001 (310101.008.000) 2023-06-09 14:36:14 Job executing on host: <172.30.1.206:9618?addrs=172.30.1.206-9618&alias=node6&noUDP&sock=startd_3777_494c>
...
001 (310101.004.000) 2023-06-09 14:36:14 Job executing on host: <172.30.1.205:9618?addrs=172.30.1.205-9618&alias=node5&noUDP&sock=startd_3770_7c22>
...
001 (310101.005.000) 2023-06-09 14:36:14 Job executing on host: <172.30.1.205:9618?addrs=172.30.1.205-9618&alias=node5&noUDP&sock=startd_3770_7c22>
...
001 (310101.009.000) 2023-06-09 14:36:14 Job executing on host: <172.30.1.206:9618?addrs=172.30.1.206-9618&alias=node6&noUDP&sock=startd_3777_494c>
...
006 (310101.004.000) 2023-06-09 14:36:23 Image size of job updated: 645744
	183  -  MemoryUsage of job (MB)
	186644  -  ResidentSetSize of job (KB)
...
006 (310101.006.000) 2023-06-09 14:36:23 Image size of job updated: 645744
	183  -  MemoryUsage of job (MB)
	186812  -  ResidentSetSize of job (KB)
...
006 (310101.007.000) 2023-06-09 14:36:23 Image size of job updated: 645740
	183  -  MemoryUsage of job (MB)
	186748  -  ResidentSetSize of job (KB)
...
006 (310101.005.000) 2023-06-09 14:36:23 Image size of job updated: 645756
	183  -  MemoryUsage of job (MB)
	186812  -  ResidentSetSize of job (KB)
...
006 (310101.008.000) 2023-06-09 14:36:23 Image size of job updated: 645744
	183  -  MemoryUsage of job (MB)
	186644  -  ResidentSetSize of job (KB)
...
006 (310101.009.000) 2023-06-09 14:36:23 Image size of job updated: 645740
	183  -  MemoryUsage of job (MB)
	186812  -  ResidentSetSize of job (KB)
...
006 (310101.007.000) 2023-06-09 14:37:24 Image size of job updated: 688676
	183  -  MemoryUsage of job (MB)
	186748  -  ResidentSetSize of job (KB)
...
005 (310101.007.000) 2023-06-09 14:37:24 Job terminated.
	(1) Normal termination (return value 0)
		Usr 0 00:01:08, Sys 0 00:00:01  -  Run Remote Usage
		Usr 0 00:00:00, Sys 0 00:00:00  -  Run Local Usage
		Usr 0 00:01:08, Sys 0 00:00:01  -  Total Remote Usage
		Usr 0 00:00:00, Sys 0 00:00:00  -  Total Local Usage
	0  -  Run Bytes Sent By Job
	0  -  Run Bytes Received By Job
	0  -  Total Bytes Sent By Job
	0  -  Total Bytes Received By Job
	Partitionable Resources :    Usage  Request Allocated 
	   Cpus                 :                 1         1 
	   Disk (KB)            :        1        1     95898 
	   Memory (MB)          :      183     3900      3968 

	Job terminated of its own accord at 2023-06-09T05:37:24Z.
...
006 (310101.009.000) 2023-06-09 14:37:27 Image size of job updated: 690744
	183  -  MemoryUsage of job (MB)
	186812  -  ResidentSetSize of job (KB)
...
005 (310101.009.000) 2023-06-09 14:37:27 Job terminated.
	(1) Normal termination (return value 0)
		Usr 0 00:01:09, Sys 0 00:00:01  -  Run Remote Usage
		Usr 0 00:00:00, Sys 0 00:00:00  -  Run Local Usage
		Usr 0 00:01:09, Sys 0 00:00:01  -  Total Remote Usage
		Usr 0 00:00:00, Sys 0 00:00:00  -  Total Local Usage
	0  -  Run Bytes Sent By Job
	0  -  Run Bytes Received By Job
	0  -  Total Bytes Sent By Job
	0  -  Total Bytes Received By Job
	Partitionable Resources :    Usage  Request Allocated 
	   Cpus                 :                 1         1 
	   Disk (KB)            :        1        1     95898 
	   Memory (MB)          :      183     3900      3968 

	Job terminated of its own accord at 2023-06-09T05:37:27Z.
...
006 (310101.008.000) 2023-06-09 14:37:38 Image size of job updated: 690828
	183  -  MemoryUsage of job (MB)
	186644  -  ResidentSetSize of job (KB)
...
005 (310101.008.000) 2023-06-09 14:37:38 Job terminated.
	(1) Normal termination (return value 0)
		Usr 0 00:01:19, Sys 0 00:00:01  -  Run Remote Usage
		Usr 0 00:00:00, Sys 0 00:00:00  -  Run Local Usage
		Usr 0 00:01:19, Sys 0 00:00:01  -  Total Remote Usage
		Usr 0 00:00:00, Sys 0 00:00:00  -  Total Local Usage
	0  -  Run Bytes Sent By Job
	0  -  Run Bytes Received By Job
	0  -  Total Bytes Sent By Job
	0  -  Total Bytes Received By Job
	Partitionable Resources :    Usage  Request Allocated 
	   Cpus                 :                 1         1 
	   Disk (KB)            :        1        1     95898 
	   Memory (MB)          :      183     3900      3968 

	Job terminated of its own accord at 2023-06-09T05:37:38Z.
...
006 (310101.006.000) 2023-06-09 14:37:40 Image size of job updated: 688732
	183  -  MemoryUsage of job (MB)
	186812  -  ResidentSetSize of job (KB)
...
005 (310101.006.000) 2023-06-09 14:37:40 Job terminated.
	(1) Normal termination (return value 0)
		Usr 0 00:01:24, Sys 0 00:00:01  -  Run Remote Usage
		Usr 0 00:00:00, Sys 0 00:00:00  -  Run Local Usage
		Usr 0 00:01:24, Sys 0 00:00:01  -  Total Remote Usage
		Usr 0 00:00:00, Sys 0 00:00:00  -  Total Local Usage
	0  -  Run Bytes Sent By Job
	0  -  Run Bytes Received By Job
	0  -  Total Bytes Sent By Job
	0  -  Total Bytes Received By Job
	Partitionable Resources :    Usage  Request Allocated 
	   Cpus                 :                 1         1 
	   Disk (KB)            :        1        1     95898 
	   Memory (MB)          :      183     3900      3968 

	Job terminated of its own accord at 2023-06-09T05:37:40Z.
...
006 (310101.003.000) 2023-06-09 14:37:55 Image size of job updated: 690048
	114  -  MemoryUsage of job (MB)
	116180  -  ResidentSetSize of job (KB)
...
005 (310101.003.000) 2023-06-09 14:37:55 Job terminated.
	(1) Normal termination (return value 0)
		Usr 0 00:01:48, Sys 0 00:00:01  -  Run Remote Usage
		Usr 0 00:00:00, Sys 0 00:00:00  -  Run Local Usage
		Usr 0 00:01:48, Sys 0 00:00:01  -  Total Remote Usage
		Usr 0 00:00:00, Sys 0 00:00:00  -  Total Local Usage
	0  -  Run Bytes Sent By Job
	0  -  Run Bytes Received By Job
	0  -  Total Bytes Sent By Job
	0  -  Total Bytes Received By Job
	Partitionable Resources :    Usage  Request Allocated 
	   Cpus                 :     1.00        1         1 
	   Disk (KB)            :     1           1    128913 
	   Memory (MB)          :   114        3900      3968 

	Job terminated of its own accord at 2023-06-09T05:37:55Z.
...
006 (310101.004.000) 2023-06-09 14:38:03 Image size of job updated: 688732
	183  -  MemoryUsage of job (MB)
	186644  -  ResidentSetSize of job (KB)
...
005 (310101.004.000) 2023-06-09 14:38:03 Job terminated.
	(1) Normal termination (return value 0)
		Usr 0 00:01:41, Sys 0 00:00:01  -  Run Remote Usage
		Usr 0 00:00:00, Sys 0 00:00:00  -  Run Local Usage
		Usr 0 00:01:41, Sys 0 00:00:01  -  Total Remote Usage
		Usr 0 00:00:00, Sys 0 00:00:00  -  Total Local Usage
	0  -  Run Bytes Sent By Job
	0  -  Run Bytes Received By Job
	0  -  Total Bytes Sent By Job
	0  -  Total Bytes Received By Job
	Partitionable Resources :    Usage  Request Allocated 
	   Cpus                 :                 1         1 
	   Disk (KB)            :        1        1    128928 
	   Memory (MB)          :      183     3900      3968 

	Job terminated of its own accord at 2023-06-09T05:38:03Z.
...
006 (310101.005.000) 2023-06-09 14:38:19 Image size of job updated: 690812
	183  -  MemoryUsage of job (MB)
	186812  -  ResidentSetSize of job (KB)
...
005 (310101.005.000) 2023-06-09 14:38:19 Job terminated.
	(1) Normal termination (return value 0)
		Usr 0 00:01:59, Sys 0 00:00:01  -  Run Remote Usage
		Usr 0 00:00:00, Sys 0 00:00:00  -  Run Local Usage
		Usr 0 00:01:59, Sys 0 00:00:01  -  Total Remote Usage
		Usr 0 00:00:00, Sys 0 00:00:00  -  Total Local Usage
	0  -  Run Bytes Sent By Job
	0  -  Run Bytes Received By Job
	0  -  Total Bytes Sent By Job
	0  -  Total Bytes Received By Job
	Partitionable Resources :    Usage  Request Allocated 
	   Cpus                 :                 1         1 
	   Disk (KB)            :        1        1    128928 
	   Memory (MB)          :      183     3900      3968 

	Job terminated of its own accord at 2023-06-09T05:38:19Z.
...
006 (310101.001.000) 2023-06-09 14:38:25 Image size of job updated: 692340
	110  -  MemoryUsage of job (MB)
	111876  -  ResidentSetSize of job (KB)
...
005 (310101.001.000) 2023-06-09 14:38:25 Job terminated.
	(1) Normal termination (return value 0)
		Usr 0 00:02:17, Sys 0 00:00:01  -  Run Remote Usage
		Usr 0 00:00:00, Sys 0 00:00:00  -  Run Local Usage
		Usr 0 00:02:17, Sys 0 00:00:01  -  Total Remote Usage
		Usr 0 00:00:00, Sys 0 00:00:00  -  Total Local Usage
	0  -  Run Bytes Sent By Job
	0  -  Run Bytes Received By Job
	0  -  Total Bytes Sent By Job
	0  -  Total Bytes Received By Job
	Partitionable Resources :    Usage  Request Allocated 
	   Cpus                 :                 1         1 
	   Disk (KB)            :        1        1    128928 
	   Memory (MB)          :      110     3900      3968 

	Job terminated of its own accord at 2023-06-09T05:38:25Z.
...
006 (310101.002.000) 2023-06-09 14:38:32 Image size of job updated: 688676
	114  -  MemoryUsage of job (MB)
	116184  -  ResidentSetSize of job (KB)
...
005 (310101.002.000) 2023-06-09 14:38:33 Job terminated.
	(1) Normal termination (return value 0)
		Usr 0 00:02:23, Sys 0 00:00:01  -  Run Remote Usage
		Usr 0 00:00:00, Sys 0 00:00:00  -  Run Local Usage
		Usr 0 00:02:23, Sys 0 00:00:01  -  Total Remote Usage
		Usr 0 00:00:00, Sys 0 00:00:00  -  Total Local Usage
	0  -  Run Bytes Sent By Job
	0  -  Run Bytes Received By Job
	0  -  Total Bytes Sent By Job
	0  -  Total Bytes Received By Job
	Partitionable Resources :    Usage  Request Allocated 
	   Cpus                 :     1.00        1         1 
	   Disk (KB)            :     1           1    128913 
	   Memory (MB)          :   114        3900      3968 

	Job terminated of its own accord at 2023-06-09T05:38:32Z.
...
006 (310101.000.000) 2023-06-09 14:38:41 Image size of job updated: 690864
	70  -  MemoryUsage of job (MB)
	71672  -  ResidentSetSize of job (KB)
...
005 (310101.000.000) 2023-06-09 14:38:41 Job terminated.
	(1) Normal termination (return value 0)
		Usr 0 00:02:33, Sys 0 00:00:01  -  Run Remote Usage
		Usr 0 00:00:00, Sys 0 00:00:00  -  Run Local Usage
		Usr 0 00:02:33, Sys 0 00:00:01  -  Total Remote Usage
		Usr 0 00:00:00, Sys 0 00:00:00  -  Total Local Usage
	0  -  Run Bytes Sent By Job
	0  -  Run Bytes Received By Job
	0  -  Total Bytes Sent By Job
	0  -  Total Bytes Received By Job
	Partitionable Resources :    Usage  Request Allocated 
	   Cpus                 :                 1         1 
	   Disk (KB)            :        1        1    128928 
	   Memory (MB)          :       70     3900      3968 

	Job terminated of its own accord at 2023-06-09T05:38:41Z.
...
000 (310111.000.000) 2023-06-09 14:54:10 Job submitted from host: <172.30.1.200:9618?addrs=172.30.1.200-9618&alias=tamsa2.snu.ac.kr&noUDP&sock=schedd_3510_2582>
...
000 (310111.001.000) 2023-06-09 14:54:10 Job submitted from host: <172.30.1.200:9618?addrs=172.30.1.200-9618&alias=tamsa2.snu.ac.kr&noUDP&sock=schedd_3510_2582>
...
000 (310111.002.000) 2023-06-09 14:54:10 Job submitted from host: <172.30.1.200:9618?addrs=172.30.1.200-9618&alias=tamsa2.snu.ac.kr&noUDP&sock=schedd_3510_2582>
...
000 (310111.003.000) 2023-06-09 14:54:10 Job submitted from host: <172.30.1.200:9618?addrs=172.30.1.200-9618&alias=tamsa2.snu.ac.kr&noUDP&sock=schedd_3510_2582>
...
000 (310111.004.000) 2023-06-09 14:54:10 Job submitted from host: <172.30.1.200:9618?addrs=172.30.1.200-9618&alias=tamsa2.snu.ac.kr&noUDP&sock=schedd_3510_2582>
...
000 (310111.005.000) 2023-06-09 14:54:10 Job submitted from host: <172.30.1.200:9618?addrs=172.30.1.200-9618&alias=tamsa2.snu.ac.kr&noUDP&sock=schedd_3510_2582>
...
000 (310111.006.000) 2023-06-09 14:54:10 Job submitted from host: <172.30.1.200:9618?addrs=172.30.1.200-9618&alias=tamsa2.snu.ac.kr&noUDP&sock=schedd_3510_2582>
...
000 (310111.007.000) 2023-06-09 14:54:10 Job submitted from host: <172.30.1.200:9618?addrs=172.30.1.200-9618&alias=tamsa2.snu.ac.kr&noUDP&sock=schedd_3510_2582>
...
000 (310111.008.000) 2023-06-09 14:54:10 Job submitted from host: <172.30.1.200:9618?addrs=172.30.1.200-9618&alias=tamsa2.snu.ac.kr&noUDP&sock=schedd_3510_2582>
...
000 (310111.009.000) 2023-06-09 14:54:10 Job submitted from host: <172.30.1.200:9618?addrs=172.30.1.200-9618&alias=tamsa2.snu.ac.kr&noUDP&sock=schedd_3510_2582>
...
040 (310111.008.000) 2023-06-09 14:54:17 Started transferring input files
	Transferring to host: <172.30.1.109:9618?addrs=172.30.1.109-9618&alias=n9&noUDP&sock=slot1_11_4265_d407_19703>
...
040 (310111.005.000) 2023-06-09 14:54:17 Started transferring input files
	Transferring to host: <172.30.1.108:9618?addrs=172.30.1.108-9618&alias=n8&noUDP&sock=slot1_16_4278_fce7_18501>
...
040 (310111.009.000) 2023-06-09 14:54:17 Started transferring input files
	Transferring to host: <172.30.1.110:9618?addrs=172.30.1.110-9618&alias=n10&noUDP&sock=slot1_23_4288_08a7_18025>
...
040 (310111.006.000) 2023-06-09 14:54:17 Started transferring input files
	Transferring to host: <172.30.1.108:9618?addrs=172.30.1.108-9618&alias=n8&noUDP&sock=slot1_23_4278_fce7_18502>
...
040 (310111.007.000) 2023-06-09 14:54:17 Started transferring input files
	Transferring to host: <172.30.1.108:9618?addrs=172.30.1.108-9618&alias=n8&noUDP&sock=slot1_25_4278_fce7_18503>
...
040 (310111.008.000) 2023-06-09 14:54:18 Finished transferring input files
...
040 (310111.005.000) 2023-06-09 14:54:18 Finished transferring input files
...
040 (310111.009.000) 2023-06-09 14:54:18 Finished transferring input files
...
040 (310111.006.000) 2023-06-09 14:54:18 Finished transferring input files
...
040 (310111.007.000) 2023-06-09 14:54:18 Finished transferring input files
...
001 (310111.008.000) 2023-06-09 14:54:18 Job executing on host: <172.30.1.109:9618?addrs=172.30.1.109-9618&alias=n9&noUDP&sock=startd_4231_b14b>
...
001 (310111.009.000) 2023-06-09 14:54:18 Job executing on host: <172.30.1.110:9618?addrs=172.30.1.110-9618&alias=n10&noUDP&sock=startd_4254_77f9>
...
001 (310111.005.000) 2023-06-09 14:54:18 Job executing on host: <172.30.1.108:9618?addrs=172.30.1.108-9618&alias=n8&noUDP&sock=startd_4243_ec6e>
...
001 (310111.006.000) 2023-06-09 14:54:18 Job executing on host: <172.30.1.108:9618?addrs=172.30.1.108-9618&alias=n8&noUDP&sock=startd_4243_ec6e>
...
001 (310111.007.000) 2023-06-09 14:54:18 Job executing on host: <172.30.1.108:9618?addrs=172.30.1.108-9618&alias=n8&noUDP&sock=startd_4243_ec6e>
...
001 (310111.002.000) 2023-06-09 14:54:19 Job executing on host: <172.30.1.202:9618?addrs=172.30.1.202-9618&alias=node2&noUDP&sock=startd_19693_56a6>
...
001 (310111.003.000) 2023-06-09 14:54:19 Job executing on host: <172.30.1.202:9618?addrs=172.30.1.202-9618&alias=node2&noUDP&sock=startd_19693_56a6>
...
001 (310111.001.000) 2023-06-09 14:54:19 Job executing on host: <172.30.1.202:9618?addrs=172.30.1.202-9618&alias=node2&noUDP&sock=startd_19693_56a6>
...
001 (310111.004.000) 2023-06-09 14:54:19 Job executing on host: <172.30.1.202:9618?addrs=172.30.1.202-9618&alias=node2&noUDP&sock=startd_19693_56a6>
...
001 (310111.000.000) 2023-06-09 14:54:19 Job executing on host: <172.30.1.202:9618?addrs=172.30.1.202-9618&alias=node2&noUDP&sock=startd_19693_56a6>
...
006 (310111.008.000) 2023-06-09 14:54:26 Image size of job updated: 618940
	182  -  MemoryUsage of job (MB)
	186192  -  ResidentSetSize of job (KB)
...
006 (310111.009.000) 2023-06-09 14:54:26 Image size of job updated: 204988
	174  -  MemoryUsage of job (MB)
	177336  -  ResidentSetSize of job (KB)
...
006 (310111.005.000) 2023-06-09 14:54:27 Image size of job updated: 518908
	146  -  MemoryUsage of job (MB)
	148628  -  ResidentSetSize of job (KB)
...
006 (310111.006.000) 2023-06-09 14:54:27 Image size of job updated: 518196
	146  -  MemoryUsage of job (MB)
	148640  -  ResidentSetSize of job (KB)
...
006 (310111.007.000) 2023-06-09 14:54:27 Image size of job updated: 517768
	146  -  MemoryUsage of job (MB)
	148636  -  ResidentSetSize of job (KB)
...
006 (310111.002.000) 2023-06-09 14:54:28 Image size of job updated: 400232
	116  -  MemoryUsage of job (MB)
	118264  -  ResidentSetSize of job (KB)
...
006 (310111.003.000) 2023-06-09 14:54:28 Image size of job updated: 400228
	116  -  MemoryUsage of job (MB)
	118052  -  ResidentSetSize of job (KB)
...
006 (310111.001.000) 2023-06-09 14:54:28 Image size of job updated: 400232
	116  -  MemoryUsage of job (MB)
	118032  -  ResidentSetSize of job (KB)
...
006 (310111.004.000) 2023-06-09 14:54:28 Image size of job updated: 400236
	116  -  MemoryUsage of job (MB)
	118268  -  ResidentSetSize of job (KB)
...
006 (310111.000.000) 2023-06-09 14:54:28 Image size of job updated: 400232
	116  -  MemoryUsage of job (MB)
	118040  -  ResidentSetSize of job (KB)
...
006 (310111.005.000) 2023-06-09 14:56:13 Image size of job updated: 685604
	146  -  MemoryUsage of job (MB)
	148628  -  ResidentSetSize of job (KB)
...
040 (310111.005.000) 2023-06-09 14:56:13 Started transferring output files
...
040 (310111.005.000) 2023-06-09 14:56:14 Finished transferring output files
...
005 (310111.005.000) 2023-06-09 14:56:14 Job terminated.
	(1) Normal termination (return value 0)
		Usr 0 00:01:39, Sys 0 00:00:02  -  Run Remote Usage
		Usr 0 00:00:00, Sys 0 00:00:00  -  Run Local Usage
		Usr 0 00:01:39, Sys 0 00:00:02  -  Total Remote Usage
		Usr 0 00:00:00, Sys 0 00:00:00  -  Total Local Usage
	4830  -  Run Bytes Sent By Job
	157  -  Run Bytes Received By Job
	4830  -  Total Bytes Sent By Job
	157  -  Total Bytes Received By Job
	Partitionable Resources :    Usage  Request Allocated 
	   Cpus                 :                 1         1 
	   Disk (KB)            :       50        1    127899 
	   Memory (MB)          :      146     3900      3968 

	Job terminated of its own accord at 2023-06-09T05:56:13Z.
...
006 (310111.008.000) 2023-06-09 14:56:16 Image size of job updated: 690780
	182  -  MemoryUsage of job (MB)
	186192  -  ResidentSetSize of job (KB)
...
040 (310111.008.000) 2023-06-09 14:56:16 Started transferring output files
...
040 (310111.008.000) 2023-06-09 14:56:16 Finished transferring output files
...
005 (310111.008.000) 2023-06-09 14:56:16 Job terminated.
	(1) Normal termination (return value 0)
		Usr 0 00:01:48, Sys 0 00:00:01  -  Run Remote Usage
		Usr 0 00:00:00, Sys 0 00:00:00  -  Run Local Usage
		Usr 0 00:01:48, Sys 0 00:00:01  -  Total Remote Usage
		Usr 0 00:00:00, Sys 0 00:00:00  -  Total Local Usage
	4827  -  Run Bytes Sent By Job
	157  -  Run Bytes Received By Job
	4827  -  Total Bytes Sent By Job
	157  -  Total Bytes Received By Job
	Partitionable Resources :    Usage  Request Allocated 
	   Cpus                 :                 1         1 
	   Disk (KB)            :       50        1    127899 
	   Memory (MB)          :      182     3900      3968 

	Job terminated of its own accord at 2023-06-09T05:56:16Z.
...
006 (310111.001.000) 2023-06-09 14:56:25 Image size of job updated: 688428
	116  -  MemoryUsage of job (MB)
	118032  -  ResidentSetSize of job (KB)
...
005 (310111.001.000) 2023-06-09 14:56:25 Job terminated.
	(1) Normal termination (return value 0)
		Usr 0 00:01:50, Sys 0 00:00:01  -  Run Remote Usage
		Usr 0 00:00:00, Sys 0 00:00:00  -  Run Local Usage
		Usr 0 00:01:50, Sys 0 00:00:01  -  Total Remote Usage
		Usr 0 00:00:00, Sys 0 00:00:00  -  Total Local Usage
	0  -  Run Bytes Sent By Job
	0  -  Run Bytes Received By Job
	0  -  Total Bytes Sent By Job
	0  -  Total Bytes Received By Job
	Partitionable Resources :    Usage  Request Allocated 
	   Cpus                 :                 1         1 
	   Disk (KB)            :        1        1    128913 
	   Memory (MB)          :      116     3900      3968 

	Job terminated of its own accord at 2023-06-09T05:56:25Z.
...
006 (310111.002.000) 2023-06-09 14:56:28 Image size of job updated: 688956
	116  -  MemoryUsage of job (MB)
	118264  -  ResidentSetSize of job (KB)
...
005 (310111.002.000) 2023-06-09 14:56:28 Job terminated.
	(1) Normal termination (return value 0)
		Usr 0 00:01:57, Sys 0 00:00:01  -  Run Remote Usage
		Usr 0 00:00:00, Sys 0 00:00:00  -  Run Local Usage
		Usr 0 00:01:57, Sys 0 00:00:01  -  Total Remote Usage
		Usr 0 00:00:00, Sys 0 00:00:00  -  Total Local Usage
	0  -  Run Bytes Sent By Job
	0  -  Run Bytes Received By Job
	0  -  Total Bytes Sent By Job
	0  -  Total Bytes Received By Job
	Partitionable Resources :    Usage  Request Allocated 
	   Cpus                 :                 1         1 
	   Disk (KB)            :        1        1    128913 
	   Memory (MB)          :      116     3900      3968 

	Job terminated of its own accord at 2023-06-09T05:56:28Z.
...
006 (310111.009.000) 2023-06-09 14:56:43 Image size of job updated: 688720
	174  -  MemoryUsage of job (MB)
	177392  -  ResidentSetSize of job (KB)
...
040 (310111.009.000) 2023-06-09 14:56:43 Started transferring output files
...
040 (310111.009.000) 2023-06-09 14:56:43 Finished transferring output files
...
005 (310111.009.000) 2023-06-09 14:56:43 Job terminated.
	(1) Normal termination (return value 0)
		Usr 0 00:02:12, Sys 0 00:00:01  -  Run Remote Usage
		Usr 0 00:00:00, Sys 0 00:00:00  -  Run Local Usage
		Usr 0 00:02:12, Sys 0 00:00:01  -  Total Remote Usage
		Usr 0 00:00:00, Sys 0 00:00:00  -  Total Local Usage
	5013  -  Run Bytes Sent By Job
	157  -  Run Bytes Received By Job
	5013  -  Total Bytes Sent By Job
	157  -  Total Bytes Received By Job
	Partitionable Resources :    Usage  Request Allocated 
	   Cpus                 :                 1         1 
	   Disk (KB)            :       50        1    127899 
	   Memory (MB)          :      174     3900      3968 

	Job terminated of its own accord at 2023-06-09T05:56:43Z.
...
006 (310111.004.000) 2023-06-09 14:56:45 Image size of job updated: 690328
	116  -  MemoryUsage of job (MB)
	118268  -  ResidentSetSize of job (KB)
...
005 (310111.004.000) 2023-06-09 14:56:45 Job terminated.
	(1) Normal termination (return value 0)
		Usr 0 00:02:11, Sys 0 00:00:01  -  Run Remote Usage
		Usr 0 00:00:00, Sys 0 00:00:00  -  Run Local Usage
		Usr 0 00:02:11, Sys 0 00:00:01  -  Total Remote Usage
		Usr 0 00:00:00, Sys 0 00:00:00  -  Total Local Usage
	0  -  Run Bytes Sent By Job
	0  -  Run Bytes Received By Job
	0  -  Total Bytes Sent By Job
	0  -  Total Bytes Received By Job
	Partitionable Resources :    Usage  Request Allocated 
	   Cpus                 :                 1         1 
	   Disk (KB)            :        1        1    128913 
	   Memory (MB)          :      116     3900      3968 

	Job terminated of its own accord at 2023-06-09T05:56:45Z.
...
006 (310111.000.000) 2023-06-09 14:56:46 Image size of job updated: 697724
	116  -  MemoryUsage of job (MB)
	118040  -  ResidentSetSize of job (KB)
...
005 (310111.000.000) 2023-06-09 14:56:46 Job terminated.
	(1) Normal termination (return value 0)
		Usr 0 00:02:13, Sys 0 00:00:01  -  Run Remote Usage
		Usr 0 00:00:00, Sys 0 00:00:00  -  Run Local Usage
		Usr 0 00:02:13, Sys 0 00:00:01  -  Total Remote Usage
		Usr 0 00:00:00, Sys 0 00:00:00  -  Total Local Usage
	0  -  Run Bytes Sent By Job
	0  -  Run Bytes Received By Job
	0  -  Total Bytes Sent By Job
	0  -  Total Bytes Received By Job
	Partitionable Resources :    Usage  Request Allocated 
	   Cpus                 :                 1         1 
	   Disk (KB)            :        1        1    128913 
	   Memory (MB)          :      116     3900      3968 

	Job terminated of its own accord at 2023-06-09T05:56:46Z.
...
006 (310111.007.000) 2023-06-09 14:56:48 Image size of job updated: 690232
	146  -  MemoryUsage of job (MB)
	148636  -  ResidentSetSize of job (KB)
...
040 (310111.007.000) 2023-06-09 14:56:48 Started transferring output files
...
040 (310111.007.000) 2023-06-09 14:56:48 Finished transferring output files
...
005 (310111.007.000) 2023-06-09 14:56:48 Job terminated.
	(1) Normal termination (return value 0)
		Usr 0 00:02:17, Sys 0 00:00:01  -  Run Remote Usage
		Usr 0 00:00:00, Sys 0 00:00:00  -  Run Local Usage
		Usr 0 00:02:17, Sys 0 00:00:01  -  Total Remote Usage
		Usr 0 00:00:00, Sys 0 00:00:00  -  Total Local Usage
	5523  -  Run Bytes Sent By Job
	157  -  Run Bytes Received By Job
	5523  -  Total Bytes Sent By Job
	157  -  Total Bytes Received By Job
	Partitionable Resources :    Usage  Request Allocated 
	   Cpus                 :                 1         1 
	   Disk (KB)            :       50        1    127899 
	   Memory (MB)          :      146     3900      3968 

	Job terminated of its own accord at 2023-06-09T05:56:48Z.
...
006 (310111.003.000) 2023-06-09 14:56:50 Image size of job updated: 688724
	116  -  MemoryUsage of job (MB)
	118052  -  ResidentSetSize of job (KB)
...
005 (310111.003.000) 2023-06-09 14:56:50 Job terminated.
	(1) Normal termination (return value 0)
		Usr 0 00:02:19, Sys 0 00:00:01  -  Run Remote Usage
		Usr 0 00:00:00, Sys 0 00:00:00  -  Run Local Usage
		Usr 0 00:02:19, Sys 0 00:00:01  -  Total Remote Usage
		Usr 0 00:00:00, Sys 0 00:00:00  -  Total Local Usage
	0  -  Run Bytes Sent By Job
	0  -  Run Bytes Received By Job
	0  -  Total Bytes Sent By Job
	0  -  Total Bytes Received By Job
	Partitionable Resources :    Usage  Request Allocated 
	   Cpus                 :                 1         1 
	   Disk (KB)            :        1        1    128913 
	   Memory (MB)          :      116     3900      3968 

	Job terminated of its own accord at 2023-06-09T05:56:50Z.
...
006 (310111.006.000) 2023-06-09 14:57:01 Image size of job updated: 690748
	146  -  MemoryUsage of job (MB)
	148640  -  ResidentSetSize of job (KB)
...
040 (310111.006.000) 2023-06-09 14:57:01 Started transferring output files
...
040 (310111.006.000) 2023-06-09 14:57:01 Finished transferring output files
...
005 (310111.006.000) 2023-06-09 14:57:01 Job terminated.
	(1) Normal termination (return value 0)
		Usr 0 00:02:29, Sys 0 00:00:01  -  Run Remote Usage
		Usr 0 00:00:00, Sys 0 00:00:00  -  Run Local Usage
		Usr 0 00:02:29, Sys 0 00:00:01  -  Total Remote Usage
		Usr 0 00:00:00, Sys 0 00:00:00  -  Total Local Usage
	5164  -  Run Bytes Sent By Job
	157  -  Run Bytes Received By Job
	5164  -  Total Bytes Sent By Job
	157  -  Total Bytes Received By Job
	Partitionable Resources :    Usage  Request Allocated 
	   Cpus                 :                 1         1 
	   Disk (KB)            :       50        1    127899 
	   Memory (MB)          :      146     3900      3968 

	Job terminated of its own accord at 2023-06-09T05:57:01Z.
...
000 (310151.000.000) 2023-06-09 15:39:23 Job submitted from host: <172.30.1.200:9618?addrs=172.30.1.200-9618&alias=tamsa2.snu.ac.kr&noUDP&sock=schedd_3510_2582>
...
000 (310151.001.000) 2023-06-09 15:39:23 Job submitted from host: <172.30.1.200:9618?addrs=172.30.1.200-9618&alias=tamsa2.snu.ac.kr&noUDP&sock=schedd_3510_2582>
...
000 (310151.002.000) 2023-06-09 15:39:23 Job submitted from host: <172.30.1.200:9618?addrs=172.30.1.200-9618&alias=tamsa2.snu.ac.kr&noUDP&sock=schedd_3510_2582>
...
000 (310151.003.000) 2023-06-09 15:39:23 Job submitted from host: <172.30.1.200:9618?addrs=172.30.1.200-9618&alias=tamsa2.snu.ac.kr&noUDP&sock=schedd_3510_2582>
...
000 (310151.004.000) 2023-06-09 15:39:23 Job submitted from host: <172.30.1.200:9618?addrs=172.30.1.200-9618&alias=tamsa2.snu.ac.kr&noUDP&sock=schedd_3510_2582>
...
000 (310151.005.000) 2023-06-09 15:39:23 Job submitted from host: <172.30.1.200:9618?addrs=172.30.1.200-9618&alias=tamsa2.snu.ac.kr&noUDP&sock=schedd_3510_2582>
...
000 (310151.006.000) 2023-06-09 15:39:23 Job submitted from host: <172.30.1.200:9618?addrs=172.30.1.200-9618&alias=tamsa2.snu.ac.kr&noUDP&sock=schedd_3510_2582>
...
000 (310151.007.000) 2023-06-09 15:39:23 Job submitted from host: <172.30.1.200:9618?addrs=172.30.1.200-9618&alias=tamsa2.snu.ac.kr&noUDP&sock=schedd_3510_2582>
...
000 (310151.008.000) 2023-06-09 15:39:23 Job submitted from host: <172.30.1.200:9618?addrs=172.30.1.200-9618&alias=tamsa2.snu.ac.kr&noUDP&sock=schedd_3510_2582>
...
000 (310151.009.000) 2023-06-09 15:39:23 Job submitted from host: <172.30.1.200:9618?addrs=172.30.1.200-9618&alias=tamsa2.snu.ac.kr&noUDP&sock=schedd_3510_2582>
...
001 (310151.001.000) 2023-06-09 15:39:40 Job executing on host: <172.30.1.209:9618?addrs=172.30.1.209-9618&alias=node9&noUDP&sock=startd_3776_99b3>
...
001 (310151.000.000) 2023-06-09 15:39:40 Job executing on host: <172.30.1.209:9618?addrs=172.30.1.209-9618&alias=node9&noUDP&sock=startd_3776_99b3>
...
001 (310151.005.000) 2023-06-09 15:39:40 Job executing on host: <172.30.1.209:9618?addrs=172.30.1.209-9618&alias=node9&noUDP&sock=startd_3776_99b3>
...
001 (310151.002.000) 2023-06-09 15:39:40 Job executing on host: <172.30.1.209:9618?addrs=172.30.1.209-9618&alias=node9&noUDP&sock=startd_3776_99b3>
...
001 (310151.009.000) 2023-06-09 15:39:40 Job executing on host: <172.30.1.209:9618?addrs=172.30.1.209-9618&alias=node9&noUDP&sock=startd_3776_99b3>
...
001 (310151.004.000) 2023-06-09 15:39:40 Job executing on host: <172.30.1.209:9618?addrs=172.30.1.209-9618&alias=node9&noUDP&sock=startd_3776_99b3>
...
001 (310151.008.000) 2023-06-09 15:39:40 Job executing on host: <172.30.1.209:9618?addrs=172.30.1.209-9618&alias=node9&noUDP&sock=startd_3776_99b3>
...
001 (310151.007.000) 2023-06-09 15:39:40 Job executing on host: <172.30.1.209:9618?addrs=172.30.1.209-9618&alias=node9&noUDP&sock=startd_3776_99b3>
...
001 (310151.006.000) 2023-06-09 15:39:40 Job executing on host: <172.30.1.209:9618?addrs=172.30.1.209-9618&alias=node9&noUDP&sock=startd_3776_99b3>
...
001 (310151.003.000) 2023-06-09 15:39:40 Job executing on host: <172.30.1.209:9618?addrs=172.30.1.209-9618&alias=node9&noUDP&sock=startd_3776_99b3>
...
006 (310151.009.000) 2023-06-09 15:39:49 Image size of job updated: 391524
	183  -  MemoryUsage of job (MB)
	186628  -  ResidentSetSize of job (KB)
...
006 (310151.004.000) 2023-06-09 15:39:49 Image size of job updated: 391524
	183  -  MemoryUsage of job (MB)
	186640  -  ResidentSetSize of job (KB)
...
006 (310151.007.000) 2023-06-09 15:39:49 Image size of job updated: 385952
	183  -  MemoryUsage of job (MB)
	186684  -  ResidentSetSize of job (KB)
...
006 (310151.006.000) 2023-06-09 15:39:49 Image size of job updated: 391524
	183  -  MemoryUsage of job (MB)
	186632  -  ResidentSetSize of job (KB)
...
006 (310151.008.000) 2023-06-09 15:39:49 Image size of job updated: 391524
	183  -  MemoryUsage of job (MB)
	186628  -  ResidentSetSize of job (KB)
...
006 (310151.003.000) 2023-06-09 15:39:49 Image size of job updated: 391524
	183  -  MemoryUsage of job (MB)
	186636  -  ResidentSetSize of job (KB)
...
006 (310151.001.000) 2023-06-09 15:39:49 Image size of job updated: 391524
	183  -  MemoryUsage of job (MB)
	186644  -  ResidentSetSize of job (KB)
...
006 (310151.005.000) 2023-06-09 15:39:49 Image size of job updated: 391524
	183  -  MemoryUsage of job (MB)
	186776  -  ResidentSetSize of job (KB)
...
006 (310151.000.000) 2023-06-09 15:39:49 Image size of job updated: 391524
	183  -  MemoryUsage of job (MB)
	186752  -  ResidentSetSize of job (KB)
...
006 (310151.002.000) 2023-06-09 15:39:50 Image size of job updated: 391524
	183  -  MemoryUsage of job (MB)
	186648  -  ResidentSetSize of job (KB)
...
006 (310151.002.000) 2023-06-09 15:40:56 Image size of job updated: 685576
	183  -  MemoryUsage of job (MB)
	186648  -  ResidentSetSize of job (KB)
...
005 (310151.002.000) 2023-06-09 15:40:56 Job terminated.
	(1) Normal termination (return value 0)
		Usr 0 00:01:12, Sys 0 00:00:01  -  Run Remote Usage
		Usr 0 00:00:00, Sys 0 00:00:00  -  Run Local Usage
		Usr 0 00:01:12, Sys 0 00:00:01  -  Total Remote Usage
		Usr 0 00:00:00, Sys 0 00:00:00  -  Total Local Usage
	0  -  Run Bytes Sent By Job
	0  -  Run Bytes Received By Job
	0  -  Total Bytes Sent By Job
	0  -  Total Bytes Received By Job
	Partitionable Resources :    Usage  Request Allocated 
	   Cpus                 :                 1         1 
	   Disk (KB)            :        1        1    128928 
	   Memory (MB)          :      183     3900      3968 

	Job terminated of its own accord at 2023-06-09T06:40:56Z.
...
006 (310151.005.000) 2023-06-09 15:40:59 Image size of job updated: 690748
	183  -  MemoryUsage of job (MB)
	186776  -  ResidentSetSize of job (KB)
...
005 (310151.005.000) 2023-06-09 15:40:59 Job terminated.
	(1) Normal termination (return value 0)
		Usr 0 00:01:15, Sys 0 00:00:01  -  Run Remote Usage
		Usr 0 00:00:00, Sys 0 00:00:00  -  Run Local Usage
		Usr 0 00:01:15, Sys 0 00:00:01  -  Total Remote Usage
		Usr 0 00:00:00, Sys 0 00:00:00  -  Total Local Usage
	0  -  Run Bytes Sent By Job
	0  -  Run Bytes Received By Job
	0  -  Total Bytes Sent By Job
	0  -  Total Bytes Received By Job
	Partitionable Resources :    Usage  Request Allocated 
	   Cpus                 :                 1         1 
	   Disk (KB)            :        1        1    128928 
	   Memory (MB)          :      183     3900      3968 

	Job terminated of its own accord at 2023-06-09T06:40:59Z.
...
006 (310151.008.000) 2023-06-09 15:41:00 Image size of job updated: 685724
	183  -  MemoryUsage of job (MB)
	186628  -  ResidentSetSize of job (KB)
...
005 (310151.008.000) 2023-06-09 15:41:00 Job terminated.
	(1) Normal termination (return value 0)
		Usr 0 00:01:17, Sys 0 00:00:01  -  Run Remote Usage
		Usr 0 00:00:00, Sys 0 00:00:00  -  Run Local Usage
		Usr 0 00:01:17, Sys 0 00:00:01  -  Total Remote Usage
		Usr 0 00:00:00, Sys 0 00:00:00  -  Total Local Usage
	0  -  Run Bytes Sent By Job
	0  -  Run Bytes Received By Job
	0  -  Total Bytes Sent By Job
	0  -  Total Bytes Received By Job
	Partitionable Resources :    Usage  Request Allocated 
	   Cpus                 :                 1         1 
	   Disk (KB)            :        1        1    128928 
	   Memory (MB)          :      183     3900      3968 

	Job terminated of its own accord at 2023-06-09T06:41:00Z.
...
006 (310151.001.000) 2023-06-09 15:41:06 Image size of job updated: 690848
	183  -  MemoryUsage of job (MB)
	186644  -  ResidentSetSize of job (KB)
...
005 (310151.001.000) 2023-06-09 15:41:06 Job terminated.
	(1) Normal termination (return value 0)
		Usr 0 00:01:22, Sys 0 00:00:01  -  Run Remote Usage
		Usr 0 00:00:00, Sys 0 00:00:00  -  Run Local Usage
		Usr 0 00:01:22, Sys 0 00:00:01  -  Total Remote Usage
		Usr 0 00:00:00, Sys 0 00:00:00  -  Total Local Usage
	0  -  Run Bytes Sent By Job
	0  -  Run Bytes Received By Job
	0  -  Total Bytes Sent By Job
	0  -  Total Bytes Received By Job
	Partitionable Resources :    Usage  Request Allocated 
	   Cpus                 :                 1         1 
	   Disk (KB)            :        1        1    128928 
	   Memory (MB)          :      183     3900      3968 

	Job terminated of its own accord at 2023-06-09T06:41:06Z.
...
006 (310151.003.000) 2023-06-09 15:41:08 Image size of job updated: 690804
	183  -  MemoryUsage of job (MB)
	186636  -  ResidentSetSize of job (KB)
...
005 (310151.003.000) 2023-06-09 15:41:08 Job terminated.
	(1) Normal termination (return value 0)
		Usr 0 00:01:23, Sys 0 00:00:01  -  Run Remote Usage
		Usr 0 00:00:00, Sys 0 00:00:00  -  Run Local Usage
		Usr 0 00:01:23, Sys 0 00:00:01  -  Total Remote Usage
		Usr 0 00:00:00, Sys 0 00:00:00  -  Total Local Usage
	0  -  Run Bytes Sent By Job
	0  -  Run Bytes Received By Job
	0  -  Total Bytes Sent By Job
	0  -  Total Bytes Received By Job
	Partitionable Resources :    Usage  Request Allocated 
	   Cpus                 :                 1         1 
	   Disk (KB)            :        1        1    128928 
	   Memory (MB)          :      183     3900      3968 

	Job terminated of its own accord at 2023-06-09T06:41:08Z.
...
006 (310151.000.000) 2023-06-09 15:41:12 Image size of job updated: 688728
	183  -  MemoryUsage of job (MB)
	186752  -  ResidentSetSize of job (KB)
...
005 (310151.000.000) 2023-06-09 15:41:12 Job terminated.
	(1) Normal termination (return value 0)
		Usr 0 00:01:28, Sys 0 00:00:01  -  Run Remote Usage
		Usr 0 00:00:00, Sys 0 00:00:00  -  Run Local Usage
		Usr 0 00:01:28, Sys 0 00:00:01  -  Total Remote Usage
		Usr 0 00:00:00, Sys 0 00:00:00  -  Total Local Usage
	0  -  Run Bytes Sent By Job
	0  -  Run Bytes Received By Job
	0  -  Total Bytes Sent By Job
	0  -  Total Bytes Received By Job
	Partitionable Resources :    Usage  Request Allocated 
	   Cpus                 :                 1         1 
	   Disk (KB)            :        1        1    128928 
	   Memory (MB)          :      183     3900      3968 

	Job terminated of its own accord at 2023-06-09T06:41:12Z.
...
006 (310151.004.000) 2023-06-09 15:41:13 Image size of job updated: 690332
	183  -  MemoryUsage of job (MB)
	186640  -  ResidentSetSize of job (KB)
...
005 (310151.004.000) 2023-06-09 15:41:13 Job terminated.
	(1) Normal termination (return value 0)
		Usr 0 00:01:30, Sys 0 00:00:01  -  Run Remote Usage
		Usr 0 00:00:00, Sys 0 00:00:00  -  Run Local Usage
		Usr 0 00:01:30, Sys 0 00:00:01  -  Total Remote Usage
		Usr 0 00:00:00, Sys 0 00:00:00  -  Total Local Usage
	0  -  Run Bytes Sent By Job
	0  -  Run Bytes Received By Job
	0  -  Total Bytes Sent By Job
	0  -  Total Bytes Received By Job
	Partitionable Resources :    Usage  Request Allocated 
	   Cpus                 :                 1         1 
	   Disk (KB)            :        1        1    128928 
	   Memory (MB)          :      183     3900      3968 

	Job terminated of its own accord at 2023-06-09T06:41:13Z.
...
006 (310151.007.000) 2023-06-09 15:41:23 Image size of job updated: 688432
	183  -  MemoryUsage of job (MB)
	186684  -  ResidentSetSize of job (KB)
...
005 (310151.007.000) 2023-06-09 15:41:23 Job terminated.
	(1) Normal termination (return value 0)
		Usr 0 00:01:39, Sys 0 00:00:01  -  Run Remote Usage
		Usr 0 00:00:00, Sys 0 00:00:00  -  Run Local Usage
		Usr 0 00:01:39, Sys 0 00:00:01  -  Total Remote Usage
		Usr 0 00:00:00, Sys 0 00:00:00  -  Total Local Usage
	0  -  Run Bytes Sent By Job
	0  -  Run Bytes Received By Job
	0  -  Total Bytes Sent By Job
	0  -  Total Bytes Received By Job
	Partitionable Resources :    Usage  Request Allocated 
	   Cpus                 :                 1         1 
	   Disk (KB)            :        1        1    128928 
	   Memory (MB)          :      183     3900      3968 

	Job terminated of its own accord at 2023-06-09T06:41:23Z.
...
006 (310151.009.000) 2023-06-09 15:41:27 Image size of job updated: 688688
	183  -  MemoryUsage of job (MB)
	186628  -  ResidentSetSize of job (KB)
...
005 (310151.009.000) 2023-06-09 15:41:27 Job terminated.
	(1) Normal termination (return value 0)
		Usr 0 00:01:43, Sys 0 00:00:01  -  Run Remote Usage
		Usr 0 00:00:00, Sys 0 00:00:00  -  Run Local Usage
		Usr 0 00:01:43, Sys 0 00:00:01  -  Total Remote Usage
		Usr 0 00:00:00, Sys 0 00:00:00  -  Total Local Usage
	0  -  Run Bytes Sent By Job
	0  -  Run Bytes Received By Job
	0  -  Total Bytes Sent By Job
	0  -  Total Bytes Received By Job
	Partitionable Resources :    Usage  Request Allocated 
	   Cpus                 :                 1         1 
	   Disk (KB)            :        1        1    128928 
	   Memory (MB)          :      183     3900      3968 

	Job terminated of its own accord at 2023-06-09T06:41:27Z.
...
006 (310151.006.000) 2023-06-09 15:41:28 Image size of job updated: 690752
	183  -  MemoryUsage of job (MB)
	186632  -  ResidentSetSize of job (KB)
...
005 (310151.006.000) 2023-06-09 15:41:28 Job terminated.
	(1) Normal termination (return value 0)
		Usr 0 00:01:44, Sys 0 00:00:01  -  Run Remote Usage
		Usr 0 00:00:00, Sys 0 00:00:00  -  Run Local Usage
		Usr 0 00:01:44, Sys 0 00:00:01  -  Total Remote Usage
		Usr 0 00:00:00, Sys 0 00:00:00  -  Total Local Usage
	0  -  Run Bytes Sent By Job
	0  -  Run Bytes Received By Job
	0  -  Total Bytes Sent By Job
	0  -  Total Bytes Received By Job
	Partitionable Resources :    Usage  Request Allocated 
	   Cpus                 :                 1         1 
	   Disk (KB)            :        1        1    128928 
	   Memory (MB)          :      183     3900      3968 

	Job terminated of its own accord at 2023-06-09T06:41:28Z.
...
