000 (310993.000.000) 2023-06-12 17:15:41 Job submitted from host: <172.30.1.200:9618?addrs=172.30.1.200-9618&alias=tamsa2.snu.ac.kr&noUDP&sock=schedd_3510_2582>
...
000 (310993.001.000) 2023-06-12 17:15:41 Job submitted from host: <172.30.1.200:9618?addrs=172.30.1.200-9618&alias=tamsa2.snu.ac.kr&noUDP&sock=schedd_3510_2582>
...
000 (310993.002.000) 2023-06-12 17:15:41 Job submitted from host: <172.30.1.200:9618?addrs=172.30.1.200-9618&alias=tamsa2.snu.ac.kr&noUDP&sock=schedd_3510_2582>
...
000 (310993.003.000) 2023-06-12 17:15:41 Job submitted from host: <172.30.1.200:9618?addrs=172.30.1.200-9618&alias=tamsa2.snu.ac.kr&noUDP&sock=schedd_3510_2582>
...
000 (310993.004.000) 2023-06-12 17:15:41 Job submitted from host: <172.30.1.200:9618?addrs=172.30.1.200-9618&alias=tamsa2.snu.ac.kr&noUDP&sock=schedd_3510_2582>
...
000 (310993.005.000) 2023-06-12 17:15:41 Job submitted from host: <172.30.1.200:9618?addrs=172.30.1.200-9618&alias=tamsa2.snu.ac.kr&noUDP&sock=schedd_3510_2582>
...
000 (310993.006.000) 2023-06-12 17:15:41 Job submitted from host: <172.30.1.200:9618?addrs=172.30.1.200-9618&alias=tamsa2.snu.ac.kr&noUDP&sock=schedd_3510_2582>
...
000 (310993.007.000) 2023-06-12 17:15:41 Job submitted from host: <172.30.1.200:9618?addrs=172.30.1.200-9618&alias=tamsa2.snu.ac.kr&noUDP&sock=schedd_3510_2582>
...
000 (310993.008.000) 2023-06-12 17:15:41 Job submitted from host: <172.30.1.200:9618?addrs=172.30.1.200-9618&alias=tamsa2.snu.ac.kr&noUDP&sock=schedd_3510_2582>
...
000 (310993.009.000) 2023-06-12 17:15:41 Job submitted from host: <172.30.1.200:9618?addrs=172.30.1.200-9618&alias=tamsa2.snu.ac.kr&noUDP&sock=schedd_3510_2582>
...
001 (310993.002.000) 2023-06-12 17:15:56 Job executing on host: <172.30.1.202:9618?addrs=172.30.1.202-9618&alias=node2&noUDP&sock=startd_19693_56a6>
...
001 (310993.000.000) 2023-06-12 17:15:56 Job executing on host: <172.30.1.209:9618?addrs=172.30.1.209-9618&alias=node9&noUDP&sock=startd_3776_99b3>
...
001 (310993.004.000) 2023-06-12 17:15:56 Job executing on host: <172.30.1.202:9618?addrs=172.30.1.202-9618&alias=node2&noUDP&sock=startd_19693_56a6>
...
001 (310993.005.000) 2023-06-12 17:15:56 Job executing on host: <172.30.1.202:9618?addrs=172.30.1.202-9618&alias=node2&noUDP&sock=startd_19693_56a6>
...
001 (310993.001.000) 2023-06-12 17:15:56 Job executing on host: <172.30.1.209:9618?addrs=172.30.1.209-9618&alias=node9&noUDP&sock=startd_3776_99b3>
...
001 (310993.006.000) 2023-06-12 17:15:57 Job executing on host: <172.30.1.202:9618?addrs=172.30.1.202-9618&alias=node2&noUDP&sock=startd_19693_56a6>
...
001 (310993.003.000) 2023-06-12 17:15:57 Job executing on host: <172.30.1.202:9618?addrs=172.30.1.202-9618&alias=node2&noUDP&sock=startd_19693_56a6>
...
001 (310993.007.000) 2023-06-12 17:15:57 Job executing on host: <172.30.1.202:9618?addrs=172.30.1.202-9618&alias=node2&noUDP&sock=startd_19693_56a6>
...
001 (310993.008.000) 2023-06-12 17:15:57 Job executing on host: <172.30.1.202:9618?addrs=172.30.1.202-9618&alias=node2&noUDP&sock=startd_19693_56a6>
...
001 (310993.009.000) 2023-06-12 17:15:57 Job executing on host: <172.30.1.202:9618?addrs=172.30.1.202-9618&alias=node2&noUDP&sock=startd_19693_56a6>
...
006 (310993.001.000) 2023-06-12 17:16:05 Image size of job updated: 187220
	183  -  MemoryUsage of job (MB)
	187220  -  ResidentSetSize of job (KB)
...
006 (310993.005.000) 2023-06-12 17:16:05 Image size of job updated: 508776
	184  -  MemoryUsage of job (MB)
	187660  -  ResidentSetSize of job (KB)
...
006 (310993.006.000) 2023-06-12 17:16:05 Image size of job updated: 509616
	184  -  MemoryUsage of job (MB)
	187664  -  ResidentSetSize of job (KB)
...
006 (310993.003.000) 2023-06-12 17:16:05 Image size of job updated: 506952
	184  -  MemoryUsage of job (MB)
	187412  -  ResidentSetSize of job (KB)
...
006 (310993.007.000) 2023-06-12 17:16:05 Image size of job updated: 510632
	184  -  MemoryUsage of job (MB)
	187644  -  ResidentSetSize of job (KB)
...
006 (310993.002.000) 2023-06-12 17:16:05 Image size of job updated: 506608
	183  -  MemoryUsage of job (MB)
	187220  -  ResidentSetSize of job (KB)
...
006 (310993.004.000) 2023-06-12 17:16:05 Image size of job updated: 508924
	183  -  MemoryUsage of job (MB)
	187224  -  ResidentSetSize of job (KB)
...
006 (310993.000.000) 2023-06-12 17:16:05 Image size of job updated: 187660
	184  -  MemoryUsage of job (MB)
	187660  -  ResidentSetSize of job (KB)
...
006 (310993.008.000) 2023-06-12 17:16:06 Image size of job updated: 505740
	184  -  MemoryUsage of job (MB)
	187680  -  ResidentSetSize of job (KB)
...
006 (310993.009.000) 2023-06-12 17:16:06 Image size of job updated: 510904
	184  -  MemoryUsage of job (MB)
	187412  -  ResidentSetSize of job (KB)
...
006 (310993.005.000) 2023-06-12 17:17:54 Image size of job updated: 689460
	184  -  MemoryUsage of job (MB)
	187660  -  ResidentSetSize of job (KB)
...
005 (310993.005.000) 2023-06-12 17:17:54 Job terminated.
	(1) Normal termination (return value 0)
		Usr 0 00:01:53, Sys 0 00:00:01  -  Run Remote Usage
		Usr 0 00:00:00, Sys 0 00:00:00  -  Run Local Usage
		Usr 0 00:01:53, Sys 0 00:00:01  -  Total Remote Usage
		Usr 0 00:00:00, Sys 0 00:00:00  -  Total Local Usage
	0  -  Run Bytes Sent By Job
	0  -  Run Bytes Received By Job
	0  -  Total Bytes Sent By Job
	0  -  Total Bytes Received By Job
	Partitionable Resources :    Usage  Request Allocated 
	   Cpus                 :     1.00        1         1 
	   Disk (KB)            :     1           1    128913 
	   Memory (MB)          :   184        3900      3968 

	Job terminated of its own accord at 2023-06-12T08:17:54Z.
...
006 (310993.008.000) 2023-06-12 17:17:55 Image size of job updated: 689432
	184  -  MemoryUsage of job (MB)
	187680  -  ResidentSetSize of job (KB)
...
005 (310993.008.000) 2023-06-12 17:17:55 Job terminated.
	(1) Normal termination (return value 0)
		Usr 0 00:01:53, Sys 0 00:00:01  -  Run Remote Usage
		Usr 0 00:00:00, Sys 0 00:00:00  -  Run Local Usage
		Usr 0 00:01:53, Sys 0 00:00:01  -  Total Remote Usage
		Usr 0 00:00:00, Sys 0 00:00:00  -  Total Local Usage
	0  -  Run Bytes Sent By Job
	0  -  Run Bytes Received By Job
	0  -  Total Bytes Sent By Job
	0  -  Total Bytes Received By Job
	Partitionable Resources :    Usage  Request Allocated 
	   Cpus                 :     1.00        1         1 
	   Disk (KB)            :     1           1    128913 
	   Memory (MB)          :   184        3900      3968 

	Job terminated of its own accord at 2023-06-12T08:17:55Z.
...
006 (310993.004.000) 2023-06-12 17:18:03 Image size of job updated: 689464
	183  -  MemoryUsage of job (MB)
	187224  -  ResidentSetSize of job (KB)
...
005 (310993.004.000) 2023-06-12 17:18:03 Job terminated.
	(1) Normal termination (return value 0)
		Usr 0 00:02:02, Sys 0 00:00:01  -  Run Remote Usage
		Usr 0 00:00:00, Sys 0 00:00:00  -  Run Local Usage
		Usr 0 00:02:02, Sys 0 00:00:01  -  Total Remote Usage
		Usr 0 00:00:00, Sys 0 00:00:00  -  Total Local Usage
	0  -  Run Bytes Sent By Job
	0  -  Run Bytes Received By Job
	0  -  Total Bytes Sent By Job
	0  -  Total Bytes Received By Job
	Partitionable Resources :    Usage  Request Allocated 
	   Cpus                 :     1.00        1         1 
	   Disk (KB)            :     1           1    128913 
	   Memory (MB)          :   183        3900      3968 

	Job terminated of its own accord at 2023-06-12T08:18:03Z.
...
006 (310993.001.000) 2023-06-12 17:18:06 Image size of job updated: 689460
	183  -  MemoryUsage of job (MB)
	187220  -  ResidentSetSize of job (KB)
...
005 (310993.001.000) 2023-06-12 17:18:06 Job terminated.
	(1) Normal termination (return value 0)
		Usr 0 00:02:03, Sys 0 00:00:02  -  Run Remote Usage
		Usr 0 00:00:00, Sys 0 00:00:00  -  Run Local Usage
		Usr 0 00:02:03, Sys 0 00:00:02  -  Total Remote Usage
		Usr 0 00:00:00, Sys 0 00:00:00  -  Total Local Usage
	0  -  Run Bytes Sent By Job
	0  -  Run Bytes Received By Job
	0  -  Total Bytes Sent By Job
	0  -  Total Bytes Received By Job
	Partitionable Resources :    Usage  Request Allocated 
	   Cpus                 :                 1         1 
	   Disk (KB)            :        1        1    128928 
	   Memory (MB)          :      183     3900      3968 

	Job terminated of its own accord at 2023-06-12T08:18:06Z.
...
006 (310993.006.000) 2023-06-12 17:18:12 Image size of job updated: 689464
	184  -  MemoryUsage of job (MB)
	187664  -  ResidentSetSize of job (KB)
...
005 (310993.006.000) 2023-06-12 17:18:12 Job terminated.
	(1) Normal termination (return value 0)
		Usr 0 00:02:11, Sys 0 00:00:01  -  Run Remote Usage
		Usr 0 00:00:00, Sys 0 00:00:00  -  Run Local Usage
		Usr 0 00:02:11, Sys 0 00:00:01  -  Total Remote Usage
		Usr 0 00:00:00, Sys 0 00:00:00  -  Total Local Usage
	0  -  Run Bytes Sent By Job
	0  -  Run Bytes Received By Job
	0  -  Total Bytes Sent By Job
	0  -  Total Bytes Received By Job
	Partitionable Resources :    Usage  Request Allocated 
	   Cpus                 :     1.00        1         1 
	   Disk (KB)            :     1           1    128913 
	   Memory (MB)          :   184        3900      3968 

	Job terminated of its own accord at 2023-06-12T08:18:12Z.
...
006 (310993.000.000) 2023-06-12 17:18:16 Image size of job updated: 689464
	184  -  MemoryUsage of job (MB)
	187660  -  ResidentSetSize of job (KB)
...
005 (310993.000.000) 2023-06-12 17:18:16 Job terminated.
	(1) Normal termination (return value 0)
		Usr 0 00:02:13, Sys 0 00:00:01  -  Run Remote Usage
		Usr 0 00:00:00, Sys 0 00:00:00  -  Run Local Usage
		Usr 0 00:02:13, Sys 0 00:00:01  -  Total Remote Usage
		Usr 0 00:00:00, Sys 0 00:00:00  -  Total Local Usage
	0  -  Run Bytes Sent By Job
	0  -  Run Bytes Received By Job
	0  -  Total Bytes Sent By Job
	0  -  Total Bytes Received By Job
	Partitionable Resources :    Usage  Request Allocated 
	   Cpus                 :                 1         1 
	   Disk (KB)            :        1        1    128928 
	   Memory (MB)          :      184     3900      3968 

	Job terminated of its own accord at 2023-06-12T08:18:16Z.
...
006 (310993.002.000) 2023-06-12 17:18:17 Image size of job updated: 689308
	183  -  MemoryUsage of job (MB)
	187220  -  ResidentSetSize of job (KB)
...
005 (310993.002.000) 2023-06-12 17:18:17 Job terminated.
	(1) Normal termination (return value 0)
		Usr 0 00:02:16, Sys 0 00:00:01  -  Run Remote Usage
		Usr 0 00:00:00, Sys 0 00:00:00  -  Run Local Usage
		Usr 0 00:02:16, Sys 0 00:00:01  -  Total Remote Usage
		Usr 0 00:00:00, Sys 0 00:00:00  -  Total Local Usage
	0  -  Run Bytes Sent By Job
	0  -  Run Bytes Received By Job
	0  -  Total Bytes Sent By Job
	0  -  Total Bytes Received By Job
	Partitionable Resources :    Usage  Request Allocated 
	   Cpus                 :     1.00        1         1 
	   Disk (KB)            :     1           1    128913 
	   Memory (MB)          :   183        3900      3968 

	Job terminated of its own accord at 2023-06-12T08:18:17Z.
...
006 (310993.007.000) 2023-06-12 17:18:21 Image size of job updated: 689464
	184  -  MemoryUsage of job (MB)
	187644  -  ResidentSetSize of job (KB)
...
005 (310993.007.000) 2023-06-12 17:18:21 Job terminated.
	(1) Normal termination (return value 0)
		Usr 0 00:02:20, Sys 0 00:00:01  -  Run Remote Usage
		Usr 0 00:00:00, Sys 0 00:00:00  -  Run Local Usage
		Usr 0 00:02:20, Sys 0 00:00:01  -  Total Remote Usage
		Usr 0 00:00:00, Sys 0 00:00:00  -  Total Local Usage
	0  -  Run Bytes Sent By Job
	0  -  Run Bytes Received By Job
	0  -  Total Bytes Sent By Job
	0  -  Total Bytes Received By Job
	Partitionable Resources :    Usage  Request Allocated 
	   Cpus                 :     1.00        1         1 
	   Disk (KB)            :     1           1    128913 
	   Memory (MB)          :   184        3900      3968 

	Job terminated of its own accord at 2023-06-12T08:18:21Z.
...
006 (310993.009.000) 2023-06-12 17:18:24 Image size of job updated: 689468
	184  -  MemoryUsage of job (MB)
	187412  -  ResidentSetSize of job (KB)
...
005 (310993.009.000) 2023-06-12 17:18:25 Job terminated.
	(1) Normal termination (return value 0)
		Usr 0 00:02:24, Sys 0 00:00:01  -  Run Remote Usage
		Usr 0 00:00:00, Sys 0 00:00:00  -  Run Local Usage
		Usr 0 00:02:24, Sys 0 00:00:01  -  Total Remote Usage
		Usr 0 00:00:00, Sys 0 00:00:00  -  Total Local Usage
	0  -  Run Bytes Sent By Job
	0  -  Run Bytes Received By Job
	0  -  Total Bytes Sent By Job
	0  -  Total Bytes Received By Job
	Partitionable Resources :    Usage  Request Allocated 
	   Cpus                 :     1.00        1         1 
	   Disk (KB)            :     1           1    128913 
	   Memory (MB)          :   184        3900      3968 

	Job terminated of its own accord at 2023-06-12T08:18:24Z.
...
006 (310993.003.000) 2023-06-12 17:18:26 Image size of job updated: 686676
	184  -  MemoryUsage of job (MB)
	187412  -  ResidentSetSize of job (KB)
...
005 (310993.003.000) 2023-06-12 17:18:26 Job terminated.
	(1) Normal termination (return value 0)
		Usr 0 00:02:24, Sys 0 00:00:01  -  Run Remote Usage
		Usr 0 00:00:00, Sys 0 00:00:00  -  Run Local Usage
		Usr 0 00:02:24, Sys 0 00:00:01  -  Total Remote Usage
		Usr 0 00:00:00, Sys 0 00:00:00  -  Total Local Usage
	0  -  Run Bytes Sent By Job
	0  -  Run Bytes Received By Job
	0  -  Total Bytes Sent By Job
	0  -  Total Bytes Received By Job
	Partitionable Resources :    Usage  Request Allocated 
	   Cpus                 :     1.00        1         1 
	   Disk (KB)            :     1           1    128913 
	   Memory (MB)          :   184        3900      3968 

	Job terminated of its own accord at 2023-06-12T08:18:26Z.
...
