000 (311108.000.000) 2023-06-12 18:55:14 Job submitted from host: <172.30.1.200:9618?addrs=172.30.1.200-9618&alias=tamsa2.snu.ac.kr&noUDP&sock=schedd_3510_2582>
...
000 (311108.001.000) 2023-06-12 18:55:14 Job submitted from host: <172.30.1.200:9618?addrs=172.30.1.200-9618&alias=tamsa2.snu.ac.kr&noUDP&sock=schedd_3510_2582>
...
000 (311108.002.000) 2023-06-12 18:55:14 Job submitted from host: <172.30.1.200:9618?addrs=172.30.1.200-9618&alias=tamsa2.snu.ac.kr&noUDP&sock=schedd_3510_2582>
...
000 (311108.003.000) 2023-06-12 18:55:14 Job submitted from host: <172.30.1.200:9618?addrs=172.30.1.200-9618&alias=tamsa2.snu.ac.kr&noUDP&sock=schedd_3510_2582>
...
000 (311108.004.000) 2023-06-12 18:55:14 Job submitted from host: <172.30.1.200:9618?addrs=172.30.1.200-9618&alias=tamsa2.snu.ac.kr&noUDP&sock=schedd_3510_2582>
...
000 (311108.005.000) 2023-06-12 18:55:14 Job submitted from host: <172.30.1.200:9618?addrs=172.30.1.200-9618&alias=tamsa2.snu.ac.kr&noUDP&sock=schedd_3510_2582>
...
000 (311108.006.000) 2023-06-12 18:55:14 Job submitted from host: <172.30.1.200:9618?addrs=172.30.1.200-9618&alias=tamsa2.snu.ac.kr&noUDP&sock=schedd_3510_2582>
...
000 (311108.007.000) 2023-06-12 18:55:14 Job submitted from host: <172.30.1.200:9618?addrs=172.30.1.200-9618&alias=tamsa2.snu.ac.kr&noUDP&sock=schedd_3510_2582>
...
000 (311108.008.000) 2023-06-12 18:55:14 Job submitted from host: <172.30.1.200:9618?addrs=172.30.1.200-9618&alias=tamsa2.snu.ac.kr&noUDP&sock=schedd_3510_2582>
...
000 (311108.009.000) 2023-06-12 18:55:14 Job submitted from host: <172.30.1.200:9618?addrs=172.30.1.200-9618&alias=tamsa2.snu.ac.kr&noUDP&sock=schedd_3510_2582>
...
040 (311108.004.000) 2023-06-12 18:59:19 Started transferring input files
	Transferring to host: <172.30.1.111:9618?addrs=172.30.1.111-9618&alias=n11&noUDP&sock=slot1_15_4451_e1ce_13218>
...
040 (311108.002.000) 2023-06-12 18:59:19 Started transferring input files
	Transferring to host: <172.30.1.101:9618?addrs=172.30.1.101-9618&alias=n1&noUDP&sock=slot1_47_3367_1b22_15021>
...
040 (311108.005.000) 2023-06-12 18:59:19 Started transferring input files
	Transferring to host: <172.30.1.111:9618?addrs=172.30.1.111-9618&alias=n11&noUDP&sock=slot1_25_4451_e1ce_13219>
...
040 (311108.000.000) 2023-06-12 18:59:19 Started transferring input files
	Transferring to host: <172.30.1.107:9618?addrs=172.30.1.107-9618&alias=n7&noUDP&sock=slot1_29_4258_e566_16754>
...
040 (311108.001.000) 2023-06-12 18:59:19 Started transferring input files
	Transferring to host: <172.30.1.107:9618?addrs=172.30.1.107-9618&alias=n7&noUDP&sock=slot1_30_4258_e566_16755>
...
040 (311108.007.000) 2023-06-12 18:59:19 Started transferring input files
	Transferring to host: <172.30.1.111:9618?addrs=172.30.1.111-9618&alias=n11&noUDP&sock=slot1_39_4451_e1ce_13220>
...
040 (311108.003.000) 2023-06-12 18:59:19 Started transferring input files
	Transferring to host: <172.30.1.101:9618?addrs=172.30.1.101-9618&alias=n1&noUDP&sock=slot1_50_3367_1b22_15022>
...
040 (311108.006.000) 2023-06-12 18:59:19 Started transferring input files
	Transferring to host: <172.30.1.111:9618?addrs=172.30.1.111-9618&alias=n11&noUDP&sock=slot1_31_4451_e1ce_13221>
...
040 (311108.004.000) 2023-06-12 18:59:20 Finished transferring input files
...
040 (311108.002.000) 2023-06-12 18:59:20 Finished transferring input files
...
040 (311108.005.000) 2023-06-12 18:59:20 Finished transferring input files
...
040 (311108.000.000) 2023-06-12 18:59:20 Finished transferring input files
...
040 (311108.003.000) 2023-06-12 18:59:20 Finished transferring input files
...
040 (311108.007.000) 2023-06-12 18:59:20 Finished transferring input files
...
040 (311108.006.000) 2023-06-12 18:59:20 Finished transferring input files
...
040 (311108.001.000) 2023-06-12 18:59:20 Finished transferring input files
...
001 (311108.004.000) 2023-06-12 18:59:20 Job executing on host: <172.30.1.111:9618?addrs=172.30.1.111-9618&alias=n11&noUDP&sock=startd_4417_45e8>
...
001 (311108.002.000) 2023-06-12 18:59:20 Job executing on host: <172.30.1.101:9618?addrs=172.30.1.101-9618&alias=n1&noUDP&sock=startd_3332_0da7>
...
001 (311108.005.000) 2023-06-12 18:59:20 Job executing on host: <172.30.1.111:9618?addrs=172.30.1.111-9618&alias=n11&noUDP&sock=startd_4417_45e8>
...
001 (311108.000.000) 2023-06-12 18:59:20 Job executing on host: <172.30.1.107:9618?addrs=172.30.1.107-9618&alias=n7&noUDP&sock=startd_4224_e421>
...
001 (311108.001.000) 2023-06-12 18:59:20 Job executing on host: <172.30.1.107:9618?addrs=172.30.1.107-9618&alias=n7&noUDP&sock=startd_4224_e421>
...
001 (311108.007.000) 2023-06-12 18:59:20 Job executing on host: <172.30.1.111:9618?addrs=172.30.1.111-9618&alias=n11&noUDP&sock=startd_4417_45e8>
...
001 (311108.003.000) 2023-06-12 18:59:20 Job executing on host: <172.30.1.101:9618?addrs=172.30.1.101-9618&alias=n1&noUDP&sock=startd_3332_0da7>
...
001 (311108.006.000) 2023-06-12 18:59:20 Job executing on host: <172.30.1.111:9618?addrs=172.30.1.111-9618&alias=n11&noUDP&sock=startd_4417_45e8>
...
006 (311108.004.000) 2023-06-12 18:59:29 Image size of job updated: 647056
	184  -  MemoryUsage of job (MB)
	187840  -  ResidentSetSize of job (KB)
...
006 (311108.001.000) 2023-06-12 18:59:29 Image size of job updated: 477380
	184  -  MemoryUsage of job (MB)
	187872  -  ResidentSetSize of job (KB)
...
006 (311108.005.000) 2023-06-12 18:59:29 Image size of job updated: 647048
	184  -  MemoryUsage of job (MB)
	187872  -  ResidentSetSize of job (KB)
...
006 (311108.000.000) 2023-06-12 18:59:29 Image size of job updated: 476632
	186  -  MemoryUsage of job (MB)
	190248  -  ResidentSetSize of job (KB)
...
006 (311108.007.000) 2023-06-12 18:59:29 Image size of job updated: 647060
	184  -  MemoryUsage of job (MB)
	188104  -  ResidentSetSize of job (KB)
...
006 (311108.006.000) 2023-06-12 18:59:29 Image size of job updated: 647048
	184  -  MemoryUsage of job (MB)
	187904  -  ResidentSetSize of job (KB)
...
006 (311108.002.000) 2023-06-12 18:59:29 Image size of job updated: 125460
	123  -  MemoryUsage of job (MB)
	125460  -  ResidentSetSize of job (KB)
...
006 (311108.003.000) 2023-06-12 18:59:30 Image size of job updated: 125700
	123  -  MemoryUsage of job (MB)
	125700  -  ResidentSetSize of job (KB)
...
001 (311108.008.000) 2023-06-12 19:00:25 Job executing on host: <172.30.1.205:9618?addrs=172.30.1.205-9618&alias=node5&noUDP&sock=startd_3770_7c22>
...
001 (311108.009.000) 2023-06-12 19:00:25 Job executing on host: <172.30.1.205:9618?addrs=172.30.1.205-9618&alias=node5&noUDP&sock=startd_3770_7c22>
...
006 (311108.008.000) 2023-06-12 19:00:34 Image size of job updated: 188144
	184  -  MemoryUsage of job (MB)
	188144  -  ResidentSetSize of job (KB)
...
006 (311108.009.000) 2023-06-12 19:00:34 Image size of job updated: 187632
	184  -  MemoryUsage of job (MB)
	187632  -  ResidentSetSize of job (KB)
...
006 (311108.006.000) 2023-06-12 19:01:55 Image size of job updated: 698228
	184  -  MemoryUsage of job (MB)
	187904  -  ResidentSetSize of job (KB)
...
040 (311108.006.000) 2023-06-12 19:01:55 Started transferring output files
...
040 (311108.006.000) 2023-06-12 19:01:55 Finished transferring output files
...
005 (311108.006.000) 2023-06-12 19:01:55 Job terminated.
	(1) Normal termination (return value 0)
		Usr 0 00:02:29, Sys 0 00:00:01  -  Run Remote Usage
		Usr 0 00:00:00, Sys 0 00:00:00  -  Run Local Usage
		Usr 0 00:02:29, Sys 0 00:00:01  -  Total Remote Usage
		Usr 0 00:00:00, Sys 0 00:00:00  -  Total Local Usage
	10072  -  Run Bytes Sent By Job
	148  -  Run Bytes Received By Job
	10072  -  Total Bytes Sent By Job
	148  -  Total Bytes Received By Job
	Partitionable Resources :    Usage  Request Allocated 
	   Cpus                 :                 1         1 
	   Disk (KB)            :       55        1    127802 
	   GPUs                 :                           0 
	   Memory (MB)          :      184     3900      3968 

	Job terminated of its own accord at 2023-06-12T10:01:55Z.
...
006 (311108.004.000) 2023-06-12 19:01:56 Image size of job updated: 697472
	184  -  MemoryUsage of job (MB)
	187840  -  ResidentSetSize of job (KB)
...
040 (311108.004.000) 2023-06-12 19:01:56 Started transferring output files
...
040 (311108.004.000) 2023-06-12 19:01:56 Finished transferring output files
...
005 (311108.004.000) 2023-06-12 19:01:56 Job terminated.
	(1) Normal termination (return value 0)
		Usr 0 00:02:26, Sys 0 00:00:01  -  Run Remote Usage
		Usr 0 00:00:00, Sys 0 00:00:00  -  Run Local Usage
		Usr 0 00:02:26, Sys 0 00:00:01  -  Total Remote Usage
		Usr 0 00:00:00, Sys 0 00:00:00  -  Total Local Usage
	9478  -  Run Bytes Sent By Job
	148  -  Run Bytes Received By Job
	9478  -  Total Bytes Sent By Job
	148  -  Total Bytes Received By Job
	Partitionable Resources :    Usage  Request Allocated 
	   Cpus                 :                 1         1 
	   Disk (KB)            :       55        1    127802 
	   GPUs                 :                           0 
	   Memory (MB)          :      184     3900      3968 

	Job terminated of its own accord at 2023-06-12T10:01:56Z.
...
006 (311108.005.000) 2023-06-12 19:02:04 Image size of job updated: 698272
	184  -  MemoryUsage of job (MB)
	187872  -  ResidentSetSize of job (KB)
...
040 (311108.005.000) 2023-06-12 19:02:05 Started transferring output files
...
040 (311108.005.000) 2023-06-12 19:02:05 Finished transferring output files
...
005 (311108.005.000) 2023-06-12 19:02:05 Job terminated.
	(1) Normal termination (return value 0)
		Usr 0 00:02:41, Sys 0 00:00:01  -  Run Remote Usage
		Usr 0 00:00:00, Sys 0 00:00:00  -  Run Local Usage
		Usr 0 00:02:41, Sys 0 00:00:01  -  Total Remote Usage
		Usr 0 00:00:00, Sys 0 00:00:00  -  Total Local Usage
	10768  -  Run Bytes Sent By Job
	148  -  Run Bytes Received By Job
	10768  -  Total Bytes Sent By Job
	148  -  Total Bytes Received By Job
	Partitionable Resources :    Usage  Request Allocated 
	   Cpus                 :                 1         1 
	   Disk (KB)            :       56        1    127802 
	   GPUs                 :                           0 
	   Memory (MB)          :      184     3900      3968 

	Job terminated of its own accord at 2023-06-12T10:02:04Z.
...
006 (311108.007.000) 2023-06-12 19:02:17 Image size of job updated: 698936
	184  -  MemoryUsage of job (MB)
	188104  -  ResidentSetSize of job (KB)
...
040 (311108.007.000) 2023-06-12 19:02:17 Started transferring output files
...
040 (311108.007.000) 2023-06-12 19:02:17 Finished transferring output files
...
005 (311108.007.000) 2023-06-12 19:02:17 Job terminated.
	(1) Normal termination (return value 0)
		Usr 0 00:02:46, Sys 0 00:00:01  -  Run Remote Usage
		Usr 0 00:00:00, Sys 0 00:00:00  -  Run Local Usage
		Usr 0 00:02:46, Sys 0 00:00:01  -  Total Remote Usage
		Usr 0 00:00:00, Sys 0 00:00:00  -  Total Local Usage
	9288  -  Run Bytes Sent By Job
	148  -  Run Bytes Received By Job
	9288  -  Total Bytes Sent By Job
	148  -  Total Bytes Received By Job
	Partitionable Resources :    Usage  Request Allocated 
	   Cpus                 :     1.00        1         1 
	   Disk (KB)            :    61           1    127802 
	   GPUs                 :                           0 
	   Memory (MB)          :   184        3900      3968 

	Job terminated of its own accord at 2023-06-12T10:02:17Z.
...
006 (311108.001.000) 2023-06-12 19:02:45 Image size of job updated: 699712
	184  -  MemoryUsage of job (MB)
	187872  -  ResidentSetSize of job (KB)
...
040 (311108.001.000) 2023-06-12 19:02:45 Started transferring output files
...
040 (311108.001.000) 2023-06-12 19:02:45 Finished transferring output files
...
005 (311108.001.000) 2023-06-12 19:02:45 Job terminated.
	(1) Normal termination (return value 0)
		Usr 0 00:03:16, Sys 0 00:00:03  -  Run Remote Usage
		Usr 0 00:00:00, Sys 0 00:00:00  -  Run Local Usage
		Usr 0 00:03:16, Sys 0 00:00:03  -  Total Remote Usage
		Usr 0 00:00:00, Sys 0 00:00:00  -  Total Local Usage
	10124  -  Run Bytes Sent By Job
	148  -  Run Bytes Received By Job
	10124  -  Total Bytes Sent By Job
	148  -  Total Bytes Received By Job
	Partitionable Resources :    Usage  Request Allocated 
	   Cpus                 :                 1         1 
	   Disk (KB)            :       55        1    127899 
	   Memory (MB)          :      184     3900      3968 

	Job terminated of its own accord at 2023-06-12T10:02:45Z.
...
006 (311108.000.000) 2023-06-12 19:02:53 Image size of job updated: 697108
	186  -  MemoryUsage of job (MB)
	190248  -  ResidentSetSize of job (KB)
...
040 (311108.000.000) 2023-06-12 19:02:53 Started transferring output files
...
040 (311108.000.000) 2023-06-12 19:02:53 Finished transferring output files
...
005 (311108.000.000) 2023-06-12 19:02:53 Job terminated.
	(1) Normal termination (return value 0)
		Usr 0 00:03:25, Sys 0 00:00:02  -  Run Remote Usage
		Usr 0 00:00:00, Sys 0 00:00:00  -  Run Local Usage
		Usr 0 00:03:25, Sys 0 00:00:02  -  Total Remote Usage
		Usr 0 00:00:00, Sys 0 00:00:00  -  Total Local Usage
	9338  -  Run Bytes Sent By Job
	148  -  Run Bytes Received By Job
	9338  -  Total Bytes Sent By Job
	148  -  Total Bytes Received By Job
	Partitionable Resources :    Usage  Request Allocated 
	   Cpus                 :                 1         1 
	   Disk (KB)            :       54        1    127899 
	   Memory (MB)          :      186     3900      3968 

	Job terminated of its own accord at 2023-06-12T10:02:53Z.
...
006 (311108.008.000) 2023-06-12 19:03:40 Image size of job updated: 699416
	184  -  MemoryUsage of job (MB)
	188144  -  ResidentSetSize of job (KB)
...
005 (311108.008.000) 2023-06-12 19:03:40 Job terminated.
	(1) Normal termination (return value 0)
		Usr 0 00:03:05, Sys 0 00:00:03  -  Run Remote Usage
		Usr 0 00:00:00, Sys 0 00:00:00  -  Run Local Usage
		Usr 0 00:03:05, Sys 0 00:00:03  -  Total Remote Usage
		Usr 0 00:00:00, Sys 0 00:00:00  -  Total Local Usage
	0  -  Run Bytes Sent By Job
	0  -  Run Bytes Received By Job
	0  -  Total Bytes Sent By Job
	0  -  Total Bytes Received By Job
	Partitionable Resources :    Usage  Request Allocated 
	   Cpus                 :                 1         1 
	   Disk (KB)            :        1        1    128928 
	   Memory (MB)          :      184     3900      3968 

	Job terminated of its own accord at 2023-06-12T10:03:40Z.
...
006 (311108.009.000) 2023-06-12 19:04:27 Image size of job updated: 698344
	184  -  MemoryUsage of job (MB)
	187632  -  ResidentSetSize of job (KB)
...
005 (311108.009.000) 2023-06-12 19:04:27 Job terminated.
	(1) Normal termination (return value 0)
		Usr 0 00:03:51, Sys 0 00:00:02  -  Run Remote Usage
		Usr 0 00:00:00, Sys 0 00:00:00  -  Run Local Usage
		Usr 0 00:03:51, Sys 0 00:00:02  -  Total Remote Usage
		Usr 0 00:00:00, Sys 0 00:00:00  -  Total Local Usage
	0  -  Run Bytes Sent By Job
	0  -  Run Bytes Received By Job
	0  -  Total Bytes Sent By Job
	0  -  Total Bytes Received By Job
	Partitionable Resources :    Usage  Request Allocated 
	   Cpus                 :                 1         1 
	   Disk (KB)            :        1        1    128928 
	   Memory (MB)          :      184     3900      3968 

	Job terminated of its own accord at 2023-06-12T10:04:27Z.
...
006 (311108.002.000) 2023-06-12 19:04:30 Image size of job updated: 695708
	220  -  MemoryUsage of job (MB)
	225000  -  ResidentSetSize of job (KB)
...
006 (311108.003.000) 2023-06-12 19:04:30 Image size of job updated: 695740
	220  -  MemoryUsage of job (MB)
	225028  -  ResidentSetSize of job (KB)
...
006 (311108.003.000) 2023-06-12 19:05:08 Image size of job updated: 696968
	220  -  MemoryUsage of job (MB)
	225028  -  ResidentSetSize of job (KB)
...
006 (311108.002.000) 2023-06-12 19:05:08 Image size of job updated: 696920
	220  -  MemoryUsage of job (MB)
	225000  -  ResidentSetSize of job (KB)
...
040 (311108.003.000) 2023-06-12 19:05:08 Started transferring output files
...
040 (311108.002.000) 2023-06-12 19:05:08 Started transferring output files
...
040 (311108.003.000) 2023-06-12 19:05:08 Finished transferring output files
...
040 (311108.002.000) 2023-06-12 19:05:08 Finished transferring output files
...
005 (311108.003.000) 2023-06-12 19:05:08 Job terminated.
	(1) Normal termination (return value 0)
		Usr 0 00:05:33, Sys 0 00:00:04  -  Run Remote Usage
		Usr 0 00:00:00, Sys 0 00:00:00  -  Run Local Usage
		Usr 0 00:05:33, Sys 0 00:00:04  -  Total Remote Usage
		Usr 0 00:00:00, Sys 0 00:00:00  -  Total Local Usage
	11090  -  Run Bytes Sent By Job
	148  -  Run Bytes Received By Job
	11090  -  Total Bytes Sent By Job
	148  -  Total Bytes Received By Job
	Partitionable Resources :    Usage  Request Allocated 
	   Cpus                 :     1.00        1         1 
	   Disk (KB)            :    61           1    127998 
	   Memory (MB)          :   220        3900      3968 

	Job terminated of its own accord at 2023-06-12T10:05:08Z.
...
005 (311108.002.000) 2023-06-12 19:05:08 Job terminated.
	(1) Normal termination (return value 0)
		Usr 0 00:05:33, Sys 0 00:00:04  -  Run Remote Usage
		Usr 0 00:00:00, Sys 0 00:00:00  -  Run Local Usage
		Usr 0 00:05:33, Sys 0 00:00:04  -  Total Remote Usage
		Usr 0 00:00:00, Sys 0 00:00:00  -  Total Local Usage
	9762  -  Run Bytes Sent By Job
	148  -  Run Bytes Received By Job
	9762  -  Total Bytes Sent By Job
	148  -  Total Bytes Received By Job
	Partitionable Resources :    Usage  Request Allocated 
	   Cpus                 :     1.00        1         1 
	   Disk (KB)            :    60           1    127998 
	   Memory (MB)          :   220        3900      3968 

	Job terminated of its own accord at 2023-06-12T10:05:08Z.
...
