000 (330300.000.000) 2023-07-25 13:22:44 Job submitted from host: <172.30.1.200:9618?addrs=172.30.1.200-9618&alias=tamsa2.snu.ac.kr&noUDP&sock=schedd_3510_2582>
...
000 (330300.001.000) 2023-07-25 13:22:44 Job submitted from host: <172.30.1.200:9618?addrs=172.30.1.200-9618&alias=tamsa2.snu.ac.kr&noUDP&sock=schedd_3510_2582>
...
000 (330300.002.000) 2023-07-25 13:22:44 Job submitted from host: <172.30.1.200:9618?addrs=172.30.1.200-9618&alias=tamsa2.snu.ac.kr&noUDP&sock=schedd_3510_2582>
...
000 (330300.003.000) 2023-07-25 13:22:44 Job submitted from host: <172.30.1.200:9618?addrs=172.30.1.200-9618&alias=tamsa2.snu.ac.kr&noUDP&sock=schedd_3510_2582>
...
000 (330300.004.000) 2023-07-25 13:22:44 Job submitted from host: <172.30.1.200:9618?addrs=172.30.1.200-9618&alias=tamsa2.snu.ac.kr&noUDP&sock=schedd_3510_2582>
...
000 (330300.005.000) 2023-07-25 13:22:44 Job submitted from host: <172.30.1.200:9618?addrs=172.30.1.200-9618&alias=tamsa2.snu.ac.kr&noUDP&sock=schedd_3510_2582>
...
000 (330300.006.000) 2023-07-25 13:22:44 Job submitted from host: <172.30.1.200:9618?addrs=172.30.1.200-9618&alias=tamsa2.snu.ac.kr&noUDP&sock=schedd_3510_2582>
...
000 (330300.007.000) 2023-07-25 13:22:44 Job submitted from host: <172.30.1.200:9618?addrs=172.30.1.200-9618&alias=tamsa2.snu.ac.kr&noUDP&sock=schedd_3510_2582>
...
000 (330300.008.000) 2023-07-25 13:22:44 Job submitted from host: <172.30.1.200:9618?addrs=172.30.1.200-9618&alias=tamsa2.snu.ac.kr&noUDP&sock=schedd_3510_2582>
...
000 (330300.009.000) 2023-07-25 13:22:44 Job submitted from host: <172.30.1.200:9618?addrs=172.30.1.200-9618&alias=tamsa2.snu.ac.kr&noUDP&sock=schedd_3510_2582>
...
040 (330300.000.000) 2023-07-25 13:23:01 Started transferring input files
	Transferring to host: <172.30.1.108:9618?addrs=172.30.1.108-9618&alias=n8&noUDP&sock=slot1_10_4278_fce7_72977>
...
040 (330300.001.000) 2023-07-25 13:23:02 Started transferring input files
	Transferring to host: <172.30.1.108:9618?addrs=172.30.1.108-9618&alias=n8&noUDP&sock=slot1_11_4278_fce7_72978>
...
040 (330300.002.000) 2023-07-25 13:23:02 Started transferring input files
	Transferring to host: <172.30.1.108:9618?addrs=172.30.1.108-9618&alias=n8&noUDP&sock=slot1_12_4278_fce7_72979>
...
040 (330300.003.000) 2023-07-25 13:23:02 Started transferring input files
	Transferring to host: <172.30.1.108:9618?addrs=172.30.1.108-9618&alias=n8&noUDP&sock=slot1_13_4278_fce7_72980>
...
001 (330300.000.000) 2023-07-25 13:23:02 Job executing on host: <172.30.1.108:9618?addrs=172.30.1.108-9618&alias=n8&noUDP&sock=startd_4243_ec6e>
...
040 (330300.000.000) 2023-07-25 13:23:02 Finished transferring input files
...
040 (330300.001.000) 2023-07-25 13:23:02 Finished transferring input files
...
040 (330300.002.000) 2023-07-25 13:23:02 Finished transferring input files
...
040 (330300.003.000) 2023-07-25 13:23:02 Finished transferring input files
...
040 (330300.005.000) 2023-07-25 13:23:02 Started transferring input files
	Transferring to host: <172.30.1.108:9618?addrs=172.30.1.108-9618&alias=n8&noUDP&sock=slot1_17_4278_fce7_72981>
...
040 (330300.005.000) 2023-07-25 13:23:03 Finished transferring input files
...
040 (330300.007.000) 2023-07-25 13:23:03 Started transferring input files
	Transferring to host: <172.30.1.108:9618?addrs=172.30.1.108-9618&alias=n8&noUDP&sock=slot1_19_4278_fce7_72982>
...
040 (330300.007.000) 2023-07-25 13:23:03 Finished transferring input files
...
001 (330300.001.000) 2023-07-25 13:23:03 Job executing on host: <172.30.1.108:9618?addrs=172.30.1.108-9618&alias=n8&noUDP&sock=startd_4243_ec6e>
...
040 (330300.006.000) 2023-07-25 13:23:03 Started transferring input files
	Transferring to host: <172.30.1.108:9618?addrs=172.30.1.108-9618&alias=n8&noUDP&sock=slot1_18_4278_fce7_72983>
...
040 (330300.008.000) 2023-07-25 13:23:03 Started transferring input files
	Transferring to host: <172.30.1.108:9618?addrs=172.30.1.108-9618&alias=n8&noUDP&sock=slot1_20_4278_fce7_72984>
...
040 (330300.006.000) 2023-07-25 13:23:03 Finished transferring input files
...
040 (330300.008.000) 2023-07-25 13:23:03 Finished transferring input files
...
001 (330300.002.000) 2023-07-25 13:23:03 Job executing on host: <172.30.1.108:9618?addrs=172.30.1.108-9618&alias=n8&noUDP&sock=startd_4243_ec6e>
...
040 (330300.004.000) 2023-07-25 13:23:03 Started transferring input files
	Transferring to host: <172.30.1.108:9618?addrs=172.30.1.108-9618&alias=n8&noUDP&sock=slot1_14_4278_fce7_72985>
...
040 (330300.004.000) 2023-07-25 13:23:03 Finished transferring input files
...
001 (330300.003.000) 2023-07-25 13:23:03 Job executing on host: <172.30.1.108:9618?addrs=172.30.1.108-9618&alias=n8&noUDP&sock=startd_4243_ec6e>
...
040 (330300.009.000) 2023-07-25 13:23:03 Started transferring input files
	Transferring to host: <172.30.1.108:9618?addrs=172.30.1.108-9618&alias=n8&noUDP&sock=slot1_21_4278_fce7_72986>
...
040 (330300.009.000) 2023-07-25 13:23:03 Finished transferring input files
...
001 (330300.005.000) 2023-07-25 13:23:04 Job executing on host: <172.30.1.108:9618?addrs=172.30.1.108-9618&alias=n8&noUDP&sock=startd_4243_ec6e>
...
001 (330300.007.000) 2023-07-25 13:23:04 Job executing on host: <172.30.1.108:9618?addrs=172.30.1.108-9618&alias=n8&noUDP&sock=startd_4243_ec6e>
...
001 (330300.006.000) 2023-07-25 13:23:04 Job executing on host: <172.30.1.108:9618?addrs=172.30.1.108-9618&alias=n8&noUDP&sock=startd_4243_ec6e>
...
001 (330300.008.000) 2023-07-25 13:23:04 Job executing on host: <172.30.1.108:9618?addrs=172.30.1.108-9618&alias=n8&noUDP&sock=startd_4243_ec6e>
...
001 (330300.004.000) 2023-07-25 13:23:04 Job executing on host: <172.30.1.108:9618?addrs=172.30.1.108-9618&alias=n8&noUDP&sock=startd_4243_ec6e>
...
001 (330300.009.000) 2023-07-25 13:23:04 Job executing on host: <172.30.1.108:9618?addrs=172.30.1.108-9618&alias=n8&noUDP&sock=startd_4243_ec6e>
...
006 (330300.001.000) 2023-07-25 13:23:11 Image size of job updated: 645360
	183  -  MemoryUsage of job (MB)
	186864  -  ResidentSetSize of job (KB)
...
006 (330300.002.000) 2023-07-25 13:23:11 Image size of job updated: 645392
	183  -  MemoryUsage of job (MB)
	186848  -  ResidentSetSize of job (KB)
...
006 (330300.000.000) 2023-07-25 13:23:11 Image size of job updated: 640348
	195  -  MemoryUsage of job (MB)
	199256  -  ResidentSetSize of job (KB)
...
006 (330300.005.000) 2023-07-25 13:23:12 Image size of job updated: 635148
	183  -  MemoryUsage of job (MB)
	186716  -  ResidentSetSize of job (KB)
...
006 (330300.007.000) 2023-07-25 13:23:12 Image size of job updated: 563684
	183  -  MemoryUsage of job (MB)
	186616  -  ResidentSetSize of job (KB)
...
006 (330300.006.000) 2023-07-25 13:23:12 Image size of job updated: 624500
	183  -  MemoryUsage of job (MB)
	186756  -  ResidentSetSize of job (KB)
...
006 (330300.008.000) 2023-07-25 13:23:12 Image size of job updated: 558404
	183  -  MemoryUsage of job (MB)
	186752  -  ResidentSetSize of job (KB)
...
006 (330300.004.000) 2023-07-25 13:23:12 Image size of job updated: 564012
	183  -  MemoryUsage of job (MB)
	186748  -  ResidentSetSize of job (KB)
...
006 (330300.003.000) 2023-07-25 13:23:12 Image size of job updated: 645396
	201  -  MemoryUsage of job (MB)
	205544  -  ResidentSetSize of job (KB)
...
006 (330300.009.000) 2023-07-25 13:23:13 Image size of job updated: 505492
	183  -  MemoryUsage of job (MB)
	186760  -  ResidentSetSize of job (KB)
...
040 (330300.001.000) 2023-07-25 13:23:21 Started transferring output files
...
040 (330300.001.000) 2023-07-25 13:23:21 Finished transferring output files
...
005 (330300.001.000) 2023-07-25 13:23:21 Job terminated.
	(1) Normal termination (return value 0)
		Usr 0 00:00:14, Sys 0 00:00:01  -  Run Remote Usage
		Usr 0 00:00:00, Sys 0 00:00:00  -  Run Local Usage
		Usr 0 00:00:14, Sys 0 00:00:01  -  Total Remote Usage
		Usr 0 00:00:00, Sys 0 00:00:00  -  Total Local Usage
	1128  -  Run Bytes Sent By Job
	164  -  Run Bytes Received By Job
	1128  -  Total Bytes Sent By Job
	164  -  Total Bytes Received By Job
	Partitionable Resources :    Usage  Request Allocated 
	   Cpus                 :                 1         1 
	   Disk (KB)            :       46        1    127899 
	   Memory (MB)          :      183     3900      3968 

	Job terminated of its own accord at 2023-07-25T04:23:21Z.
...
006 (330300.000.000) 2023-07-25 13:23:23 Image size of job updated: 687180
	195  -  MemoryUsage of job (MB)
	199256  -  ResidentSetSize of job (KB)
...
040 (330300.000.000) 2023-07-25 13:23:23 Started transferring output files
...
040 (330300.000.000) 2023-07-25 13:23:23 Finished transferring output files
...
005 (330300.000.000) 2023-07-25 13:23:23 Job terminated.
	(1) Normal termination (return value 0)
		Usr 0 00:00:15, Sys 0 00:00:01  -  Run Remote Usage
		Usr 0 00:00:00, Sys 0 00:00:00  -  Run Local Usage
		Usr 0 00:00:15, Sys 0 00:00:01  -  Total Remote Usage
		Usr 0 00:00:00, Sys 0 00:00:00  -  Total Local Usage
	1066  -  Run Bytes Sent By Job
	164  -  Run Bytes Received By Job
	1066  -  Total Bytes Sent By Job
	164  -  Total Bytes Received By Job
	Partitionable Resources :    Usage  Request Allocated 
	   Cpus                 :                 1         1 
	   Disk (KB)            :       46        1    127899 
	   Memory (MB)          :      195     3900      3968 

	Job terminated of its own accord at 2023-07-25T04:23:23Z.
...
006 (330300.008.000) 2023-07-25 13:23:23 Image size of job updated: 687348
	183  -  MemoryUsage of job (MB)
	186752  -  ResidentSetSize of job (KB)
...
040 (330300.008.000) 2023-07-25 13:23:23 Started transferring output files
...
040 (330300.008.000) 2023-07-25 13:23:23 Finished transferring output files
...
005 (330300.008.000) 2023-07-25 13:23:23 Job terminated.
	(1) Normal termination (return value 0)
		Usr 0 00:00:14, Sys 0 00:00:01  -  Run Remote Usage
		Usr 0 00:00:00, Sys 0 00:00:00  -  Run Local Usage
		Usr 0 00:00:14, Sys 0 00:00:01  -  Total Remote Usage
		Usr 0 00:00:00, Sys 0 00:00:00  -  Total Local Usage
	1130  -  Run Bytes Sent By Job
	164  -  Run Bytes Received By Job
	1130  -  Total Bytes Sent By Job
	164  -  Total Bytes Received By Job
	Partitionable Resources :    Usage  Request Allocated 
	   Cpus                 :                 1         1 
	   Disk (KB)            :       46        1    127899 
	   Memory (MB)          :      183     3900      3968 

	Job terminated of its own accord at 2023-07-25T04:23:23Z.
...
006 (330300.009.000) 2023-07-25 13:23:24 Image size of job updated: 686548
	183  -  MemoryUsage of job (MB)
	186760  -  ResidentSetSize of job (KB)
...
040 (330300.009.000) 2023-07-25 13:23:24 Started transferring output files
...
040 (330300.009.000) 2023-07-25 13:23:24 Finished transferring output files
...
005 (330300.009.000) 2023-07-25 13:23:24 Job terminated.
	(1) Normal termination (return value 0)
		Usr 0 00:00:15, Sys 0 00:00:01  -  Run Remote Usage
		Usr 0 00:00:00, Sys 0 00:00:00  -  Run Local Usage
		Usr 0 00:00:15, Sys 0 00:00:01  -  Total Remote Usage
		Usr 0 00:00:00, Sys 0 00:00:00  -  Total Local Usage
	1188  -  Run Bytes Sent By Job
	164  -  Run Bytes Received By Job
	1188  -  Total Bytes Sent By Job
	164  -  Total Bytes Received By Job
	Partitionable Resources :    Usage  Request Allocated 
	   Cpus                 :                 1         1 
	   Disk (KB)            :       46        1    127899 
	   Memory (MB)          :      183     3900      3968 

	Job terminated of its own accord at 2023-07-25T04:23:24Z.
...
006 (330300.004.000) 2023-07-25 13:23:25 Image size of job updated: 687216
	183  -  MemoryUsage of job (MB)
	186748  -  ResidentSetSize of job (KB)
...
040 (330300.004.000) 2023-07-25 13:23:25 Started transferring output files
...
040 (330300.004.000) 2023-07-25 13:23:25 Finished transferring output files
...
005 (330300.004.000) 2023-07-25 13:23:25 Job terminated.
	(1) Normal termination (return value 0)
		Usr 0 00:00:16, Sys 0 00:00:01  -  Run Remote Usage
		Usr 0 00:00:00, Sys 0 00:00:00  -  Run Local Usage
		Usr 0 00:00:16, Sys 0 00:00:01  -  Total Remote Usage
		Usr 0 00:00:00, Sys 0 00:00:00  -  Total Local Usage
	1160  -  Run Bytes Sent By Job
	164  -  Run Bytes Received By Job
	1160  -  Total Bytes Sent By Job
	164  -  Total Bytes Received By Job
	Partitionable Resources :    Usage  Request Allocated 
	   Cpus                 :                 1         1 
	   Disk (KB)            :       46        1    127899 
	   Memory (MB)          :      183     3900      3968 

	Job terminated of its own accord at 2023-07-25T04:23:25Z.
...
006 (330300.003.000) 2023-07-25 13:23:25 Image size of job updated: 686588
	201  -  MemoryUsage of job (MB)
	205552  -  ResidentSetSize of job (KB)
...
040 (330300.003.000) 2023-07-25 13:23:25 Started transferring output files
...
040 (330300.003.000) 2023-07-25 13:23:25 Finished transferring output files
...
005 (330300.003.000) 2023-07-25 13:23:25 Job terminated.
	(1) Normal termination (return value 0)
		Usr 0 00:00:18, Sys 0 00:00:01  -  Run Remote Usage
		Usr 0 00:00:00, Sys 0 00:00:00  -  Run Local Usage
		Usr 0 00:00:18, Sys 0 00:00:01  -  Total Remote Usage
		Usr 0 00:00:00, Sys 0 00:00:00  -  Total Local Usage
	1160  -  Run Bytes Sent By Job
	164  -  Run Bytes Received By Job
	1160  -  Total Bytes Sent By Job
	164  -  Total Bytes Received By Job
	Partitionable Resources :    Usage  Request Allocated 
	   Cpus                 :                 1         1 
	   Disk (KB)            :       46        1    127899 
	   Memory (MB)          :      201     3900      3968 

	Job terminated of its own accord at 2023-07-25T04:23:25Z.
...
006 (330300.005.000) 2023-07-25 13:23:27 Image size of job updated: 687184
	183  -  MemoryUsage of job (MB)
	186716  -  ResidentSetSize of job (KB)
...
040 (330300.005.000) 2023-07-25 13:23:27 Started transferring output files
...
040 (330300.005.000) 2023-07-25 13:23:27 Finished transferring output files
...
005 (330300.005.000) 2023-07-25 13:23:27 Job terminated.
	(1) Normal termination (return value 0)
		Usr 0 00:00:18, Sys 0 00:00:01  -  Run Remote Usage
		Usr 0 00:00:00, Sys 0 00:00:00  -  Run Local Usage
		Usr 0 00:00:18, Sys 0 00:00:01  -  Total Remote Usage
		Usr 0 00:00:00, Sys 0 00:00:00  -  Total Local Usage
	1098  -  Run Bytes Sent By Job
	164  -  Run Bytes Received By Job
	1098  -  Total Bytes Sent By Job
	164  -  Total Bytes Received By Job
	Partitionable Resources :    Usage  Request Allocated 
	   Cpus                 :                 1         1 
	   Disk (KB)            :       46        1    127899 
	   Memory (MB)          :      183     3900      3968 

	Job terminated of its own accord at 2023-07-25T04:23:27Z.
...
006 (330300.007.000) 2023-07-25 13:23:27 Image size of job updated: 687216
	183  -  MemoryUsage of job (MB)
	186616  -  ResidentSetSize of job (KB)
...
040 (330300.007.000) 2023-07-25 13:23:27 Started transferring output files
...
040 (330300.007.000) 2023-07-25 13:23:27 Finished transferring output files
...
005 (330300.007.000) 2023-07-25 13:23:27 Job terminated.
	(1) Normal termination (return value 0)
		Usr 0 00:00:18, Sys 0 00:00:01  -  Run Remote Usage
		Usr 0 00:00:00, Sys 0 00:00:00  -  Run Local Usage
		Usr 0 00:00:18, Sys 0 00:00:01  -  Total Remote Usage
		Usr 0 00:00:00, Sys 0 00:00:00  -  Total Local Usage
	1068  -  Run Bytes Sent By Job
	164  -  Run Bytes Received By Job
	1068  -  Total Bytes Sent By Job
	164  -  Total Bytes Received By Job
	Partitionable Resources :    Usage  Request Allocated 
	   Cpus                 :                 1         1 
	   Disk (KB)            :       46        1    127899 
	   Memory (MB)          :      183     3900      3968 

	Job terminated of its own accord at 2023-07-25T04:23:27Z.
...
006 (330300.006.000) 2023-07-25 13:23:28 Image size of job updated: 687312
	183  -  MemoryUsage of job (MB)
	186756  -  ResidentSetSize of job (KB)
...
040 (330300.006.000) 2023-07-25 13:23:28 Started transferring output files
...
040 (330300.006.000) 2023-07-25 13:23:28 Finished transferring output files
...
005 (330300.006.000) 2023-07-25 13:23:28 Job terminated.
	(1) Normal termination (return value 0)
		Usr 0 00:00:19, Sys 0 00:00:01  -  Run Remote Usage
		Usr 0 00:00:00, Sys 0 00:00:00  -  Run Local Usage
		Usr 0 00:00:19, Sys 0 00:00:01  -  Total Remote Usage
		Usr 0 00:00:00, Sys 0 00:00:00  -  Total Local Usage
	1099  -  Run Bytes Sent By Job
	164  -  Run Bytes Received By Job
	1099  -  Total Bytes Sent By Job
	164  -  Total Bytes Received By Job
	Partitionable Resources :    Usage  Request Allocated 
	   Cpus                 :                 1         1 
	   Disk (KB)            :       46        1    127899 
	   Memory (MB)          :      183     3900      3968 

	Job terminated of its own accord at 2023-07-25T04:23:28Z.
...
006 (330300.002.000) 2023-07-25 13:23:30 Image size of job updated: 687644
	183  -  MemoryUsage of job (MB)
	186848  -  ResidentSetSize of job (KB)
...
040 (330300.002.000) 2023-07-25 13:23:30 Started transferring output files
...
040 (330300.002.000) 2023-07-25 13:23:30 Finished transferring output files
...
005 (330300.002.000) 2023-07-25 13:23:30 Job terminated.
	(1) Normal termination (return value 0)
		Usr 0 00:00:21, Sys 0 00:00:01  -  Run Remote Usage
		Usr 0 00:00:00, Sys 0 00:00:00  -  Run Local Usage
		Usr 0 00:00:21, Sys 0 00:00:01  -  Total Remote Usage
		Usr 0 00:00:00, Sys 0 00:00:00  -  Total Local Usage
	1222  -  Run Bytes Sent By Job
	164  -  Run Bytes Received By Job
	1222  -  Total Bytes Sent By Job
	164  -  Total Bytes Received By Job
	Partitionable Resources :    Usage  Request Allocated 
	   Cpus                 :                 1         1 
	   Disk (KB)            :       46        1    127899 
	   Memory (MB)          :      183     3900      3968 

	Job terminated of its own accord at 2023-07-25T04:23:30Z.
...
