000 (311156.000.000) 2023-06-12 20:26:22 Job submitted from host: <172.30.1.200:9618?addrs=172.30.1.200-9618&alias=tamsa2.snu.ac.kr&noUDP&sock=schedd_3510_2582>
...
000 (311156.001.000) 2023-06-12 20:26:22 Job submitted from host: <172.30.1.200:9618?addrs=172.30.1.200-9618&alias=tamsa2.snu.ac.kr&noUDP&sock=schedd_3510_2582>
...
000 (311156.002.000) 2023-06-12 20:26:22 Job submitted from host: <172.30.1.200:9618?addrs=172.30.1.200-9618&alias=tamsa2.snu.ac.kr&noUDP&sock=schedd_3510_2582>
...
000 (311156.003.000) 2023-06-12 20:26:22 Job submitted from host: <172.30.1.200:9618?addrs=172.30.1.200-9618&alias=tamsa2.snu.ac.kr&noUDP&sock=schedd_3510_2582>
...
000 (311156.004.000) 2023-06-12 20:26:22 Job submitted from host: <172.30.1.200:9618?addrs=172.30.1.200-9618&alias=tamsa2.snu.ac.kr&noUDP&sock=schedd_3510_2582>
...
000 (311156.005.000) 2023-06-12 20:26:22 Job submitted from host: <172.30.1.200:9618?addrs=172.30.1.200-9618&alias=tamsa2.snu.ac.kr&noUDP&sock=schedd_3510_2582>
...
000 (311156.006.000) 2023-06-12 20:26:22 Job submitted from host: <172.30.1.200:9618?addrs=172.30.1.200-9618&alias=tamsa2.snu.ac.kr&noUDP&sock=schedd_3510_2582>
...
000 (311156.007.000) 2023-06-12 20:26:22 Job submitted from host: <172.30.1.200:9618?addrs=172.30.1.200-9618&alias=tamsa2.snu.ac.kr&noUDP&sock=schedd_3510_2582>
...
000 (311156.008.000) 2023-06-12 20:26:22 Job submitted from host: <172.30.1.200:9618?addrs=172.30.1.200-9618&alias=tamsa2.snu.ac.kr&noUDP&sock=schedd_3510_2582>
...
000 (311156.009.000) 2023-06-12 20:26:22 Job submitted from host: <172.30.1.200:9618?addrs=172.30.1.200-9618&alias=tamsa2.snu.ac.kr&noUDP&sock=schedd_3510_2582>
...
040 (311156.000.000) 2023-06-12 20:27:27 Started transferring input files
	Transferring to host: <172.30.1.111:9618?addrs=172.30.1.111-9618&alias=n11&noUDP&sock=slot1_2_4451_e1ce_13437>
...
040 (311156.000.000) 2023-06-12 20:27:27 Finished transferring input files
...
040 (311156.001.000) 2023-06-12 20:27:27 Started transferring input files
	Transferring to host: <172.30.1.111:9618?addrs=172.30.1.111-9618&alias=n11&noUDP&sock=slot1_4_4451_e1ce_13438>
...
040 (311156.001.000) 2023-06-12 20:27:27 Finished transferring input files
...
040 (311156.002.000) 2023-06-12 20:27:27 Started transferring input files
	Transferring to host: <172.30.1.111:9618?addrs=172.30.1.111-9618&alias=n11&noUDP&sock=slot1_8_4451_e1ce_13439>
...
040 (311156.002.000) 2023-06-12 20:27:27 Finished transferring input files
...
040 (311156.003.000) 2023-06-12 20:27:27 Started transferring input files
	Transferring to host: <172.30.1.111:9618?addrs=172.30.1.111-9618&alias=n11&noUDP&sock=slot1_27_4451_e1ce_13440>
...
040 (311156.003.000) 2023-06-12 20:27:27 Finished transferring input files
...
040 (311156.004.000) 2023-06-12 20:27:27 Started transferring input files
	Transferring to host: <172.30.1.111:9618?addrs=172.30.1.111-9618&alias=n11&noUDP&sock=slot1_36_4451_e1ce_13441>
...
040 (311156.004.000) 2023-06-12 20:27:27 Finished transferring input files
...
001 (311156.000.000) 2023-06-12 20:27:28 Job executing on host: <172.30.1.111:9618?addrs=172.30.1.111-9618&alias=n11&noUDP&sock=startd_4417_45e8>
...
001 (311156.001.000) 2023-06-12 20:27:28 Job executing on host: <172.30.1.111:9618?addrs=172.30.1.111-9618&alias=n11&noUDP&sock=startd_4417_45e8>
...
001 (311156.002.000) 2023-06-12 20:27:28 Job executing on host: <172.30.1.111:9618?addrs=172.30.1.111-9618&alias=n11&noUDP&sock=startd_4417_45e8>
...
001 (311156.003.000) 2023-06-12 20:27:28 Job executing on host: <172.30.1.111:9618?addrs=172.30.1.111-9618&alias=n11&noUDP&sock=startd_4417_45e8>
...
001 (311156.004.000) 2023-06-12 20:27:28 Job executing on host: <172.30.1.111:9618?addrs=172.30.1.111-9618&alias=n11&noUDP&sock=startd_4417_45e8>
...
006 (311156.000.000) 2023-06-12 20:27:37 Image size of job updated: 209776
	205  -  MemoryUsage of job (MB)
	209776  -  ResidentSetSize of job (KB)
...
006 (311156.001.000) 2023-06-12 20:27:37 Image size of job updated: 211424
	207  -  MemoryUsage of job (MB)
	211424  -  ResidentSetSize of job (KB)
...
006 (311156.002.000) 2023-06-12 20:27:37 Image size of job updated: 209772
	205  -  MemoryUsage of job (MB)
	209772  -  ResidentSetSize of job (KB)
...
006 (311156.003.000) 2023-06-12 20:27:37 Image size of job updated: 209776
	205  -  MemoryUsage of job (MB)
	209776  -  ResidentSetSize of job (KB)
...
006 (311156.004.000) 2023-06-12 20:27:37 Image size of job updated: 209784
	205  -  MemoryUsage of job (MB)
	209784  -  ResidentSetSize of job (KB)
...
006 (311156.003.000) 2023-06-12 20:27:52 Image size of job updated: 686600
	205  -  MemoryUsage of job (MB)
	209776  -  ResidentSetSize of job (KB)
...
040 (311156.003.000) 2023-06-12 20:27:52 Started transferring output files
...
040 (311156.003.000) 2023-06-12 20:27:52 Finished transferring output files
...
005 (311156.003.000) 2023-06-12 20:27:52 Job terminated.
	(1) Normal termination (return value 0)
		Usr 0 00:00:18, Sys 0 00:00:01  -  Run Remote Usage
		Usr 0 00:00:00, Sys 0 00:00:00  -  Run Local Usage
		Usr 0 00:00:18, Sys 0 00:00:01  -  Total Remote Usage
		Usr 0 00:00:00, Sys 0 00:00:00  -  Total Local Usage
	7514  -  Run Bytes Sent By Job
	148  -  Run Bytes Received By Job
	7514  -  Total Bytes Sent By Job
	148  -  Total Bytes Received By Job
	Partitionable Resources :    Usage  Request Allocated 
	   Cpus                 :                 1         1 
	   Disk (KB)            :       53        1    127802 
	   GPUs                 :                           0 
	   Memory (MB)          :      205     3900      3968 

	Job terminated of its own accord at 2023-06-12T11:27:52Z.
...
006 (311156.004.000) 2023-06-12 20:27:52 Image size of job updated: 686628
	205  -  MemoryUsage of job (MB)
	209784  -  ResidentSetSize of job (KB)
...
040 (311156.004.000) 2023-06-12 20:27:52 Started transferring output files
...
040 (311156.004.000) 2023-06-12 20:27:52 Finished transferring output files
...
005 (311156.004.000) 2023-06-12 20:27:52 Job terminated.
	(1) Normal termination (return value 0)
		Usr 0 00:00:19, Sys 0 00:00:01  -  Run Remote Usage
		Usr 0 00:00:00, Sys 0 00:00:00  -  Run Local Usage
		Usr 0 00:00:19, Sys 0 00:00:01  -  Total Remote Usage
		Usr 0 00:00:00, Sys 0 00:00:00  -  Total Local Usage
	7504  -  Run Bytes Sent By Job
	148  -  Run Bytes Received By Job
	7504  -  Total Bytes Sent By Job
	148  -  Total Bytes Received By Job
	Partitionable Resources :    Usage  Request Allocated 
	   Cpus                 :                 1         1 
	   Disk (KB)            :       53        1    127802 
	   GPUs                 :                           0 
	   Memory (MB)          :      205     3900      3968 

	Job terminated of its own accord at 2023-06-12T11:27:52Z.
...
006 (311156.002.000) 2023-06-12 20:27:56 Image size of job updated: 692100
	205  -  MemoryUsage of job (MB)
	209772  -  ResidentSetSize of job (KB)
...
040 (311156.002.000) 2023-06-12 20:27:56 Started transferring output files
...
040 (311156.002.000) 2023-06-12 20:27:56 Finished transferring output files
...
005 (311156.002.000) 2023-06-12 20:27:56 Job terminated.
	(1) Normal termination (return value 0)
		Usr 0 00:00:23, Sys 0 00:00:01  -  Run Remote Usage
		Usr 0 00:00:00, Sys 0 00:00:00  -  Run Local Usage
		Usr 0 00:00:23, Sys 0 00:00:01  -  Total Remote Usage
		Usr 0 00:00:00, Sys 0 00:00:00  -  Total Local Usage
	7483  -  Run Bytes Sent By Job
	148  -  Run Bytes Received By Job
	7483  -  Total Bytes Sent By Job
	148  -  Total Bytes Received By Job
	Partitionable Resources :    Usage  Request Allocated 
	   Cpus                 :                 1         1 
	   Disk (KB)            :       53        1    127802 
	   GPUs                 :                           0 
	   Memory (MB)          :      205     3900      3968 

	Job terminated of its own accord at 2023-06-12T11:27:56Z.
...
006 (311156.000.000) 2023-06-12 20:27:57 Image size of job updated: 691880
	205  -  MemoryUsage of job (MB)
	209776  -  ResidentSetSize of job (KB)
...
040 (311156.000.000) 2023-06-12 20:27:57 Started transferring output files
...
040 (311156.000.000) 2023-06-12 20:27:57 Finished transferring output files
...
005 (311156.000.000) 2023-06-12 20:27:57 Job terminated.
	(1) Normal termination (return value 0)
		Usr 0 00:00:24, Sys 0 00:00:01  -  Run Remote Usage
		Usr 0 00:00:00, Sys 0 00:00:00  -  Run Local Usage
		Usr 0 00:00:24, Sys 0 00:00:01  -  Total Remote Usage
		Usr 0 00:00:00, Sys 0 00:00:00  -  Total Local Usage
	7514  -  Run Bytes Sent By Job
	148  -  Run Bytes Received By Job
	7514  -  Total Bytes Sent By Job
	148  -  Total Bytes Received By Job
	Partitionable Resources :    Usage  Request Allocated 
	   Cpus                 :                 1         1 
	   Disk (KB)            :       53        1    127802 
	   GPUs                 :                           0 
	   Memory (MB)          :      205     3900      3968 

	Job terminated of its own accord at 2023-06-12T11:27:57Z.
...
006 (311156.001.000) 2023-06-12 20:27:57 Image size of job updated: 694792
	207  -  MemoryUsage of job (MB)
	211424  -  ResidentSetSize of job (KB)
...
040 (311156.001.000) 2023-06-12 20:27:58 Started transferring output files
...
040 (311156.001.000) 2023-06-12 20:27:58 Finished transferring output files
...
005 (311156.001.000) 2023-06-12 20:27:58 Job terminated.
	(1) Normal termination (return value 0)
		Usr 0 00:00:25, Sys 0 00:00:01  -  Run Remote Usage
		Usr 0 00:00:00, Sys 0 00:00:00  -  Run Local Usage
		Usr 0 00:00:25, Sys 0 00:00:01  -  Total Remote Usage
		Usr 0 00:00:00, Sys 0 00:00:00  -  Total Local Usage
	7514  -  Run Bytes Sent By Job
	148  -  Run Bytes Received By Job
	7514  -  Total Bytes Sent By Job
	148  -  Total Bytes Received By Job
	Partitionable Resources :    Usage  Request Allocated 
	   Cpus                 :                 1         1 
	   Disk (KB)            :       53        1    127802 
	   GPUs                 :                           0 
	   Memory (MB)          :      207     3900      3968 

	Job terminated of its own accord at 2023-06-12T11:27:57Z.
...
001 (311156.006.000) 2023-06-12 20:28:27 Job executing on host: <172.30.1.202:9618?addrs=172.30.1.202-9618&alias=node2&noUDP&sock=startd_19693_56a6>
...
001 (311156.005.000) 2023-06-12 20:28:27 Job executing on host: <172.30.1.205:9618?addrs=172.30.1.205-9618&alias=node5&noUDP&sock=startd_3770_7c22>
...
040 (311156.007.000) 2023-06-12 20:28:27 Started transferring input files
	Transferring to host: <172.30.1.107:9618?addrs=172.30.1.107-9618&alias=n7&noUDP&sock=slot1_9_4258_e566_16986>
...
040 (311156.007.000) 2023-06-12 20:28:27 Finished transferring input files
...
040 (311156.008.000) 2023-06-12 20:28:27 Started transferring input files
	Transferring to host: <172.30.1.101:9618?addrs=172.30.1.101-9618&alias=n1&noUDP&sock=slot1_3_3367_1b22_15251>
...
040 (311156.008.000) 2023-06-12 20:28:27 Finished transferring input files
...
040 (311156.009.000) 2023-06-12 20:28:27 Started transferring input files
	Transferring to host: <172.30.1.101:9618?addrs=172.30.1.101-9618&alias=n1&noUDP&sock=slot1_28_3367_1b22_15252>
...
040 (311156.009.000) 2023-06-12 20:28:27 Finished transferring input files
...
001 (311156.007.000) 2023-06-12 20:28:28 Job executing on host: <172.30.1.107:9618?addrs=172.30.1.107-9618&alias=n7&noUDP&sock=startd_4224_e421>
...
001 (311156.008.000) 2023-06-12 20:28:28 Job executing on host: <172.30.1.101:9618?addrs=172.30.1.101-9618&alias=n1&noUDP&sock=startd_3332_0da7>
...
001 (311156.009.000) 2023-06-12 20:28:28 Job executing on host: <172.30.1.101:9618?addrs=172.30.1.101-9618&alias=n1&noUDP&sock=startd_3332_0da7>
...
006 (311156.006.000) 2023-06-12 20:28:36 Image size of job updated: 400416
	184  -  MemoryUsage of job (MB)
	187620  -  ResidentSetSize of job (KB)
...
006 (311156.005.000) 2023-06-12 20:28:36 Image size of job updated: 51252
	51  -  MemoryUsage of job (MB)
	51252  -  ResidentSetSize of job (KB)
...
006 (311156.007.000) 2023-06-12 20:28:37 Image size of job updated: 647052
	184  -  MemoryUsage of job (MB)
	187968  -  ResidentSetSize of job (KB)
...
006 (311156.008.000) 2023-06-12 20:28:37 Image size of job updated: 151780
	149  -  MemoryUsage of job (MB)
	151780  -  ResidentSetSize of job (KB)
...
006 (311156.009.000) 2023-06-12 20:28:37 Image size of job updated: 151956
	149  -  MemoryUsage of job (MB)
	151956  -  ResidentSetSize of job (KB)
...
006 (311156.007.000) 2023-06-12 20:29:10 Image size of job updated: 691752
	184  -  MemoryUsage of job (MB)
	187968  -  ResidentSetSize of job (KB)
...
006 (311156.006.000) 2023-06-12 20:29:10 Image size of job updated: 691652
	184  -  MemoryUsage of job (MB)
	187620  -  ResidentSetSize of job (KB)
...
040 (311156.007.000) 2023-06-12 20:29:10 Started transferring output files
...
005 (311156.006.000) 2023-06-12 20:29:10 Job terminated.
	(1) Normal termination (return value 0)
		Usr 0 00:00:36, Sys 0 00:00:01  -  Run Remote Usage
		Usr 0 00:00:00, Sys 0 00:00:00  -  Run Local Usage
		Usr 0 00:00:36, Sys 0 00:00:01  -  Total Remote Usage
		Usr 0 00:00:00, Sys 0 00:00:00  -  Total Local Usage
	0  -  Run Bytes Sent By Job
	0  -  Run Bytes Received By Job
	0  -  Total Bytes Sent By Job
	0  -  Total Bytes Received By Job
	Partitionable Resources :    Usage  Request Allocated 
	   Cpus                 :                 1         1 
	   Disk (KB)            :        1        1    128913 
	   Memory (MB)          :      184     3900      3968 

	Job terminated of its own accord at 2023-06-12T11:29:10Z.
...
040 (311156.007.000) 2023-06-12 20:29:11 Finished transferring output files
...
005 (311156.007.000) 2023-06-12 20:29:11 Job terminated.
	(1) Normal termination (return value 0)
		Usr 0 00:00:38, Sys 0 00:00:01  -  Run Remote Usage
		Usr 0 00:00:00, Sys 0 00:00:00  -  Run Local Usage
		Usr 0 00:00:38, Sys 0 00:00:01  -  Total Remote Usage
		Usr 0 00:00:00, Sys 0 00:00:00  -  Total Local Usage
	7494  -  Run Bytes Sent By Job
	148  -  Run Bytes Received By Job
	7494  -  Total Bytes Sent By Job
	148  -  Total Bytes Received By Job
	Partitionable Resources :    Usage  Request Allocated 
	   Cpus                 :     0.98        1         1 
	   Disk (KB)            :    58           1    127899 
	   Memory (MB)          :   184        3900      3968 

	Job terminated of its own accord at 2023-06-12T11:29:10Z.
...
006 (311156.005.000) 2023-06-12 20:29:28 Image size of job updated: 696800
	51  -  MemoryUsage of job (MB)
	51396  -  ResidentSetSize of job (KB)
...
005 (311156.005.000) 2023-06-12 20:29:28 Job terminated.
	(1) Normal termination (return value 0)
		Usr 0 00:00:40, Sys 0 00:00:02  -  Run Remote Usage
		Usr 0 00:00:00, Sys 0 00:00:00  -  Run Local Usage
		Usr 0 00:00:40, Sys 0 00:00:02  -  Total Remote Usage
		Usr 0 00:00:00, Sys 0 00:00:00  -  Total Local Usage
	0  -  Run Bytes Sent By Job
	0  -  Run Bytes Received By Job
	0  -  Total Bytes Sent By Job
	0  -  Total Bytes Received By Job
	Partitionable Resources :    Usage  Request Allocated 
	   Cpus                 :                 1         1 
	   Disk (KB)            :        1        1    128928 
	   Memory (MB)          :       51     3900      3968 

	Job terminated of its own accord at 2023-06-12T11:29:28Z.
...
006 (311156.008.000) 2023-06-12 20:29:36 Image size of job updated: 693496
	149  -  MemoryUsage of job (MB)
	151780  -  ResidentSetSize of job (KB)
...
040 (311156.008.000) 2023-06-12 20:29:36 Started transferring output files
...
040 (311156.008.000) 2023-06-12 20:29:36 Finished transferring output files
...
005 (311156.008.000) 2023-06-12 20:29:36 Job terminated.
	(1) Normal termination (return value 0)
		Usr 0 00:00:57, Sys 0 00:00:04  -  Run Remote Usage
		Usr 0 00:00:00, Sys 0 00:00:00  -  Run Local Usage
		Usr 0 00:00:57, Sys 0 00:00:04  -  Total Remote Usage
		Usr 0 00:00:00, Sys 0 00:00:00  -  Total Local Usage
	7525  -  Run Bytes Sent By Job
	148  -  Run Bytes Received By Job
	7525  -  Total Bytes Sent By Job
	148  -  Total Bytes Received By Job
	Partitionable Resources :    Usage  Request Allocated 
	   Cpus                 :                 1         1 
	   Disk (KB)            :       52        1    127998 
	   Memory (MB)          :      149     3900      3968 

	Job terminated of its own accord at 2023-06-12T11:29:36Z.
...
006 (311156.009.000) 2023-06-12 20:29:41 Image size of job updated: 693536
	149  -  MemoryUsage of job (MB)
	151956  -  ResidentSetSize of job (KB)
...
040 (311156.009.000) 2023-06-12 20:29:41 Started transferring output files
...
040 (311156.009.000) 2023-06-12 20:29:41 Finished transferring output files
...
005 (311156.009.000) 2023-06-12 20:29:41 Job terminated.
	(1) Normal termination (return value 0)
		Usr 0 00:01:03, Sys 0 00:00:04  -  Run Remote Usage
		Usr 0 00:00:00, Sys 0 00:00:00  -  Run Local Usage
		Usr 0 00:01:03, Sys 0 00:00:04  -  Total Remote Usage
		Usr 0 00:00:00, Sys 0 00:00:00  -  Total Local Usage
	7494  -  Run Bytes Sent By Job
	148  -  Run Bytes Received By Job
	7494  -  Total Bytes Sent By Job
	148  -  Total Bytes Received By Job
	Partitionable Resources :    Usage  Request Allocated 
	   Cpus                 :                 1         1 
	   Disk (KB)            :       52        1    127998 
	   Memory (MB)          :      149     3900      3968 

	Job terminated of its own accord at 2023-06-12T11:29:41Z.
...
