000 (310967.000.000) 2023-06-12 16:55:22 Job submitted from host: <172.30.1.200:9618?addrs=172.30.1.200-9618&alias=tamsa2.snu.ac.kr&noUDP&sock=schedd_3510_2582>
...
000 (310967.001.000) 2023-06-12 16:55:22 Job submitted from host: <172.30.1.200:9618?addrs=172.30.1.200-9618&alias=tamsa2.snu.ac.kr&noUDP&sock=schedd_3510_2582>
...
000 (310967.002.000) 2023-06-12 16:55:22 Job submitted from host: <172.30.1.200:9618?addrs=172.30.1.200-9618&alias=tamsa2.snu.ac.kr&noUDP&sock=schedd_3510_2582>
...
000 (310967.003.000) 2023-06-12 16:55:22 Job submitted from host: <172.30.1.200:9618?addrs=172.30.1.200-9618&alias=tamsa2.snu.ac.kr&noUDP&sock=schedd_3510_2582>
...
000 (310967.004.000) 2023-06-12 16:55:22 Job submitted from host: <172.30.1.200:9618?addrs=172.30.1.200-9618&alias=tamsa2.snu.ac.kr&noUDP&sock=schedd_3510_2582>
...
000 (310967.005.000) 2023-06-12 16:55:22 Job submitted from host: <172.30.1.200:9618?addrs=172.30.1.200-9618&alias=tamsa2.snu.ac.kr&noUDP&sock=schedd_3510_2582>
...
000 (310967.006.000) 2023-06-12 16:55:22 Job submitted from host: <172.30.1.200:9618?addrs=172.30.1.200-9618&alias=tamsa2.snu.ac.kr&noUDP&sock=schedd_3510_2582>
...
000 (310967.007.000) 2023-06-12 16:55:22 Job submitted from host: <172.30.1.200:9618?addrs=172.30.1.200-9618&alias=tamsa2.snu.ac.kr&noUDP&sock=schedd_3510_2582>
...
000 (310967.008.000) 2023-06-12 16:55:22 Job submitted from host: <172.30.1.200:9618?addrs=172.30.1.200-9618&alias=tamsa2.snu.ac.kr&noUDP&sock=schedd_3510_2582>
...
000 (310967.009.000) 2023-06-12 16:55:22 Job submitted from host: <172.30.1.200:9618?addrs=172.30.1.200-9618&alias=tamsa2.snu.ac.kr&noUDP&sock=schedd_3510_2582>
...
001 (310967.000.000) 2023-06-12 16:57:54 Job executing on host: <172.30.1.201:9618?addrs=172.30.1.201-9618&alias=node1&noUDP&sock=startd_4675_3d58>
...
001 (310967.001.000) 2023-06-12 16:57:54 Job executing on host: <172.30.1.210:9618?addrs=172.30.1.210-9618&alias=node10&noUDP&sock=startd_3787_253e>
...
001 (310967.003.000) 2023-06-12 16:57:54 Job executing on host: <172.30.1.208:9618?addrs=172.30.1.208-9618&alias=node8&noUDP&sock=startd_3802_6f2a>
...
001 (310967.006.000) 2023-06-12 16:57:54 Job executing on host: <172.30.1.209:9618?addrs=172.30.1.209-9618&alias=node9&noUDP&sock=startd_3776_99b3>
...
001 (310967.007.000) 2023-06-12 16:57:54 Job executing on host: <172.30.1.202:9618?addrs=172.30.1.202-9618&alias=node2&noUDP&sock=startd_19693_56a6>
...
001 (310967.002.000) 2023-06-12 16:57:54 Job executing on host: <172.30.1.210:9618?addrs=172.30.1.210-9618&alias=node10&noUDP&sock=startd_3787_253e>
...
001 (310967.004.000) 2023-06-12 16:57:54 Job executing on host: <172.30.1.208:9618?addrs=172.30.1.208-9618&alias=node8&noUDP&sock=startd_3802_6f2a>
...
001 (310967.008.000) 2023-06-12 16:57:54 Job executing on host: <172.30.1.202:9618?addrs=172.30.1.202-9618&alias=node2&noUDP&sock=startd_19693_56a6>
...
001 (310967.005.000) 2023-06-12 16:57:54 Job executing on host: <172.30.1.208:9618?addrs=172.30.1.208-9618&alias=node8&noUDP&sock=startd_3802_6f2a>
...
001 (310967.009.000) 2023-06-12 16:57:54 Job executing on host: <172.30.1.202:9618?addrs=172.30.1.202-9618&alias=node2&noUDP&sock=startd_19693_56a6>
...
006 (310967.009.000) 2023-06-12 16:58:03 Image size of job updated: 187440
	184  -  MemoryUsage of job (MB)
	187440  -  ResidentSetSize of job (KB)
...
006 (310967.000.000) 2023-06-12 16:58:03 Image size of job updated: 635424
	176  -  MemoryUsage of job (MB)
	179596  -  ResidentSetSize of job (KB)
...
006 (310967.001.000) 2023-06-12 16:58:03 Image size of job updated: 644968
	184  -  MemoryUsage of job (MB)
	187500  -  ResidentSetSize of job (KB)
...
006 (310967.003.000) 2023-06-12 16:58:03 Image size of job updated: 187224
	183  -  MemoryUsage of job (MB)
	187224  -  ResidentSetSize of job (KB)
...
006 (310967.006.000) 2023-06-12 16:58:03 Image size of job updated: 186996
	183  -  MemoryUsage of job (MB)
	186996  -  ResidentSetSize of job (KB)
...
006 (310967.007.000) 2023-06-12 16:58:03 Image size of job updated: 187664
	184  -  MemoryUsage of job (MB)
	187664  -  ResidentSetSize of job (KB)
...
006 (310967.002.000) 2023-06-12 16:58:03 Image size of job updated: 635416
	184  -  MemoryUsage of job (MB)
	187664  -  ResidentSetSize of job (KB)
...
006 (310967.004.000) 2023-06-12 16:58:03 Image size of job updated: 187220
	183  -  MemoryUsage of job (MB)
	187220  -  ResidentSetSize of job (KB)
...
006 (310967.008.000) 2023-06-12 16:58:03 Image size of job updated: 187488
	184  -  MemoryUsage of job (MB)
	187488  -  ResidentSetSize of job (KB)
...
006 (310967.005.000) 2023-06-12 16:58:03 Image size of job updated: 187212
	183  -  MemoryUsage of job (MB)
	187212  -  ResidentSetSize of job (KB)
...
006 (310967.009.000) 2023-06-12 16:59:40 Image size of job updated: 689432
	184  -  MemoryUsage of job (MB)
	187440  -  ResidentSetSize of job (KB)
...
005 (310967.009.000) 2023-06-12 16:59:40 Job terminated.
	(1) Normal termination (return value 0)
		Usr 0 00:01:41, Sys 0 00:00:01  -  Run Remote Usage
		Usr 0 00:00:00, Sys 0 00:00:00  -  Run Local Usage
		Usr 0 00:01:41, Sys 0 00:00:01  -  Total Remote Usage
		Usr 0 00:00:00, Sys 0 00:00:00  -  Total Local Usage
	0  -  Run Bytes Sent By Job
	0  -  Run Bytes Received By Job
	0  -  Total Bytes Sent By Job
	0  -  Total Bytes Received By Job
	Partitionable Resources :    Usage  Request Allocated 
	   Cpus                 :                 1         1 
	   Disk (KB)            :        1        1    128913 
	   Memory (MB)          :      184     3900      3968 

	Job terminated of its own accord at 2023-06-12T07:59:40Z.
...
006 (310967.004.000) 2023-06-12 16:59:41 Image size of job updated: 686568
	183  -  MemoryUsage of job (MB)
	187220  -  ResidentSetSize of job (KB)
...
005 (310967.004.000) 2023-06-12 16:59:41 Job terminated.
	(1) Normal termination (return value 0)
		Usr 0 00:01:40, Sys 0 00:00:01  -  Run Remote Usage
		Usr 0 00:00:00, Sys 0 00:00:00  -  Run Local Usage
		Usr 0 00:01:40, Sys 0 00:00:01  -  Total Remote Usage
		Usr 0 00:00:00, Sys 0 00:00:00  -  Total Local Usage
	0  -  Run Bytes Sent By Job
	0  -  Run Bytes Received By Job
	0  -  Total Bytes Sent By Job
	0  -  Total Bytes Received By Job
	Partitionable Resources :    Usage  Request Allocated 
	   Cpus                 :     1.00        1         1 
	   Disk (KB)            :     1           1    128928 
	   Memory (MB)          :   183        3900      3968 

	Job terminated of its own accord at 2023-06-12T07:59:41Z.
...
006 (310967.001.000) 2023-06-12 16:59:47 Image size of job updated: 689456
	184  -  MemoryUsage of job (MB)
	187500  -  ResidentSetSize of job (KB)
...
005 (310967.001.000) 2023-06-12 16:59:47 Job terminated.
	(1) Normal termination (return value 0)
		Usr 0 00:01:47, Sys 0 00:00:01  -  Run Remote Usage
		Usr 0 00:00:00, Sys 0 00:00:00  -  Run Local Usage
		Usr 0 00:01:47, Sys 0 00:00:01  -  Total Remote Usage
		Usr 0 00:00:00, Sys 0 00:00:00  -  Total Local Usage
	0  -  Run Bytes Sent By Job
	0  -  Run Bytes Received By Job
	0  -  Total Bytes Sent By Job
	0  -  Total Bytes Received By Job
	Partitionable Resources :    Usage  Request Allocated 
	   Cpus                 :     1.00        1         1 
	   Disk (KB)            :     1           1    128928 
	   Memory (MB)          :   184        3900      3968 

	Job terminated of its own accord at 2023-06-12T07:59:47Z.
...
006 (310967.007.000) 2023-06-12 16:59:52 Image size of job updated: 689456
	184  -  MemoryUsage of job (MB)
	187664  -  ResidentSetSize of job (KB)
...
006 (310967.003.000) 2023-06-12 16:59:53 Image size of job updated: 693064
	183  -  MemoryUsage of job (MB)
	187224  -  ResidentSetSize of job (KB)
...
005 (310967.007.000) 2023-06-12 16:59:53 Job terminated.
	(1) Normal termination (return value 0)
		Usr 0 00:01:54, Sys 0 00:00:01  -  Run Remote Usage
		Usr 0 00:00:00, Sys 0 00:00:00  -  Run Local Usage
		Usr 0 00:01:54, Sys 0 00:00:01  -  Total Remote Usage
		Usr 0 00:00:00, Sys 0 00:00:00  -  Total Local Usage
	0  -  Run Bytes Sent By Job
	0  -  Run Bytes Received By Job
	0  -  Total Bytes Sent By Job
	0  -  Total Bytes Received By Job
	Partitionable Resources :    Usage  Request Allocated 
	   Cpus                 :                 1         1 
	   Disk (KB)            :        1        1    128913 
	   Memory (MB)          :      184     3900      3968 

	Job terminated of its own accord at 2023-06-12T07:59:52Z.
...
005 (310967.003.000) 2023-06-12 16:59:53 Job terminated.
	(1) Normal termination (return value 0)
		Usr 0 00:01:51, Sys 0 00:00:01  -  Run Remote Usage
		Usr 0 00:00:00, Sys 0 00:00:00  -  Run Local Usage
		Usr 0 00:01:51, Sys 0 00:00:01  -  Total Remote Usage
		Usr 0 00:00:00, Sys 0 00:00:00  -  Total Local Usage
	0  -  Run Bytes Sent By Job
	0  -  Run Bytes Received By Job
	0  -  Total Bytes Sent By Job
	0  -  Total Bytes Received By Job
	Partitionable Resources :    Usage  Request Allocated 
	   Cpus                 :     1.00        1         1 
	   Disk (KB)            :     1           1    128928 
	   Memory (MB)          :   183        3900      3968 

	Job terminated of its own accord at 2023-06-12T07:59:53Z.
...
006 (310967.005.000) 2023-06-12 16:59:55 Image size of job updated: 689464
	183  -  MemoryUsage of job (MB)
	187212  -  ResidentSetSize of job (KB)
...
005 (310967.005.000) 2023-06-12 16:59:55 Job terminated.
	(1) Normal termination (return value 0)
		Usr 0 00:01:53, Sys 0 00:00:01  -  Run Remote Usage
		Usr 0 00:00:00, Sys 0 00:00:00  -  Run Local Usage
		Usr 0 00:01:53, Sys 0 00:00:01  -  Total Remote Usage
		Usr 0 00:00:00, Sys 0 00:00:00  -  Total Local Usage
	0  -  Run Bytes Sent By Job
	0  -  Run Bytes Received By Job
	0  -  Total Bytes Sent By Job
	0  -  Total Bytes Received By Job
	Partitionable Resources :    Usage  Request Allocated 
	   Cpus                 :     1.00        1         1 
	   Disk (KB)            :     1           1    128928 
	   Memory (MB)          :   183        3900      3968 

	Job terminated of its own accord at 2023-06-12T07:59:55Z.
...
006 (310967.002.000) 2023-06-12 17:00:06 Image size of job updated: 689432
	184  -  MemoryUsage of job (MB)
	187664  -  ResidentSetSize of job (KB)
...
005 (310967.002.000) 2023-06-12 17:00:06 Job terminated.
	(1) Normal termination (return value 0)
		Usr 0 00:02:03, Sys 0 00:00:01  -  Run Remote Usage
		Usr 0 00:00:00, Sys 0 00:00:00  -  Run Local Usage
		Usr 0 00:02:03, Sys 0 00:00:01  -  Total Remote Usage
		Usr 0 00:00:00, Sys 0 00:00:00  -  Total Local Usage
	0  -  Run Bytes Sent By Job
	0  -  Run Bytes Received By Job
	0  -  Total Bytes Sent By Job
	0  -  Total Bytes Received By Job
	Partitionable Resources :    Usage  Request Allocated 
	   Cpus                 :     1.00        1         1 
	   Disk (KB)            :     1           1    128928 
	   Memory (MB)          :   184        3900      3968 

	Job terminated of its own accord at 2023-06-12T08:00:06Z.
...
006 (310967.000.000) 2023-06-12 17:00:16 Image size of job updated: 689464
	176  -  MemoryUsage of job (MB)
	179596  -  ResidentSetSize of job (KB)
...
005 (310967.000.000) 2023-06-12 17:00:16 Job terminated.
	(1) Normal termination (return value 0)
		Usr 0 00:02:12, Sys 0 00:00:01  -  Run Remote Usage
		Usr 0 00:00:00, Sys 0 00:00:00  -  Run Local Usage
		Usr 0 00:02:12, Sys 0 00:00:01  -  Total Remote Usage
		Usr 0 00:00:00, Sys 0 00:00:00  -  Total Local Usage
	0  -  Run Bytes Sent By Job
	0  -  Run Bytes Received By Job
	0  -  Total Bytes Sent By Job
	0  -  Total Bytes Received By Job
	Partitionable Resources :    Usage  Request Allocated 
	   Cpus                 :                 1         1 
	   Disk (KB)            :        1        1    128992 
	   Memory (MB)          :      176     3900      3968 

	Job terminated of its own accord at 2023-06-12T08:00:16Z.
...
006 (310967.008.000) 2023-06-12 17:00:19 Image size of job updated: 686572
	184  -  MemoryUsage of job (MB)
	187488  -  ResidentSetSize of job (KB)
...
005 (310967.008.000) 2023-06-12 17:00:19 Job terminated.
	(1) Normal termination (return value 0)
		Usr 0 00:02:20, Sys 0 00:00:01  -  Run Remote Usage
		Usr 0 00:00:00, Sys 0 00:00:00  -  Run Local Usage
		Usr 0 00:02:20, Sys 0 00:00:01  -  Total Remote Usage
		Usr 0 00:00:00, Sys 0 00:00:00  -  Total Local Usage
	0  -  Run Bytes Sent By Job
	0  -  Run Bytes Received By Job
	0  -  Total Bytes Sent By Job
	0  -  Total Bytes Received By Job
	Partitionable Resources :    Usage  Request Allocated 
	   Cpus                 :                 1         1 
	   Disk (KB)            :        1        1    128913 
	   Memory (MB)          :      184     3900      3968 

	Job terminated of its own accord at 2023-06-12T08:00:19Z.
...
006 (310967.006.000) 2023-06-12 17:00:29 Image size of job updated: 687176
	183  -  MemoryUsage of job (MB)
	187136  -  ResidentSetSize of job (KB)
...
005 (310967.006.000) 2023-06-12 17:00:29 Job terminated.
	(1) Normal termination (return value 0)
		Usr 0 00:02:27, Sys 0 00:00:01  -  Run Remote Usage
		Usr 0 00:00:00, Sys 0 00:00:00  -  Run Local Usage
		Usr 0 00:02:27, Sys 0 00:00:01  -  Total Remote Usage
		Usr 0 00:00:00, Sys 0 00:00:00  -  Total Local Usage
	0  -  Run Bytes Sent By Job
	0  -  Run Bytes Received By Job
	0  -  Total Bytes Sent By Job
	0  -  Total Bytes Received By Job
	Partitionable Resources :    Usage  Request Allocated 
	   Cpus                 :     0.99        1         1 
	   Disk (KB)            :     1           1    128928 
	   Memory (MB)          :   183        3900      3968 

	Job terminated of its own accord at 2023-06-12T08:00:29Z.
...
