000 (330138.000.000) 2023-07-25 11:52:17 Job submitted from host: <172.30.1.200:9618?addrs=172.30.1.200-9618&alias=tamsa2.snu.ac.kr&noUDP&sock=schedd_3510_2582>
...
000 (330138.001.000) 2023-07-25 11:52:17 Job submitted from host: <172.30.1.200:9618?addrs=172.30.1.200-9618&alias=tamsa2.snu.ac.kr&noUDP&sock=schedd_3510_2582>
...
000 (330138.002.000) 2023-07-25 11:52:17 Job submitted from host: <172.30.1.200:9618?addrs=172.30.1.200-9618&alias=tamsa2.snu.ac.kr&noUDP&sock=schedd_3510_2582>
...
000 (330138.003.000) 2023-07-25 11:52:17 Job submitted from host: <172.30.1.200:9618?addrs=172.30.1.200-9618&alias=tamsa2.snu.ac.kr&noUDP&sock=schedd_3510_2582>
...
000 (330138.004.000) 2023-07-25 11:52:17 Job submitted from host: <172.30.1.200:9618?addrs=172.30.1.200-9618&alias=tamsa2.snu.ac.kr&noUDP&sock=schedd_3510_2582>
...
000 (330138.005.000) 2023-07-25 11:52:17 Job submitted from host: <172.30.1.200:9618?addrs=172.30.1.200-9618&alias=tamsa2.snu.ac.kr&noUDP&sock=schedd_3510_2582>
...
000 (330138.006.000) 2023-07-25 11:52:17 Job submitted from host: <172.30.1.200:9618?addrs=172.30.1.200-9618&alias=tamsa2.snu.ac.kr&noUDP&sock=schedd_3510_2582>
...
000 (330138.007.000) 2023-07-25 11:52:17 Job submitted from host: <172.30.1.200:9618?addrs=172.30.1.200-9618&alias=tamsa2.snu.ac.kr&noUDP&sock=schedd_3510_2582>
...
000 (330138.008.000) 2023-07-25 11:52:17 Job submitted from host: <172.30.1.200:9618?addrs=172.30.1.200-9618&alias=tamsa2.snu.ac.kr&noUDP&sock=schedd_3510_2582>
...
000 (330138.009.000) 2023-07-25 11:52:17 Job submitted from host: <172.30.1.200:9618?addrs=172.30.1.200-9618&alias=tamsa2.snu.ac.kr&noUDP&sock=schedd_3510_2582>
...
001 (330138.000.000) 2023-07-25 11:52:31 Job executing on host: <172.30.1.204:9618?addrs=172.30.1.204-9618&alias=node4&noUDP&sock=startd_3843_8e8c>
...
001 (330138.001.000) 2023-07-25 11:52:31 Job executing on host: <172.30.1.204:9618?addrs=172.30.1.204-9618&alias=node4&noUDP&sock=startd_3843_8e8c>
...
001 (330138.002.000) 2023-07-25 11:52:31 Job executing on host: <172.30.1.204:9618?addrs=172.30.1.204-9618&alias=node4&noUDP&sock=startd_3843_8e8c>
...
001 (330138.003.000) 2023-07-25 11:52:31 Job executing on host: <172.30.1.204:9618?addrs=172.30.1.204-9618&alias=node4&noUDP&sock=startd_3843_8e8c>
...
001 (330138.004.000) 2023-07-25 11:52:31 Job executing on host: <172.30.1.204:9618?addrs=172.30.1.204-9618&alias=node4&noUDP&sock=startd_3843_8e8c>
...
001 (330138.005.000) 2023-07-25 11:52:31 Job executing on host: <172.30.1.204:9618?addrs=172.30.1.204-9618&alias=node4&noUDP&sock=startd_3843_8e8c>
...
001 (330138.006.000) 2023-07-25 11:52:32 Job executing on host: <172.30.1.204:9618?addrs=172.30.1.204-9618&alias=node4&noUDP&sock=startd_3843_8e8c>
...
001 (330138.007.000) 2023-07-25 11:52:32 Job executing on host: <172.30.1.204:9618?addrs=172.30.1.204-9618&alias=node4&noUDP&sock=startd_3843_8e8c>
...
001 (330138.008.000) 2023-07-25 11:52:32 Job executing on host: <172.30.1.204:9618?addrs=172.30.1.204-9618&alias=node4&noUDP&sock=startd_3843_8e8c>
...
001 (330138.009.000) 2023-07-25 11:52:32 Job executing on host: <172.30.1.204:9618?addrs=172.30.1.204-9618&alias=node4&noUDP&sock=startd_3843_8e8c>
...
006 (330138.005.000) 2023-07-25 11:52:40 Image size of job updated: 187092
	182  -  MemoryUsage of job (MB)
	185724  -  ResidentSetSize of job (KB)
...
006 (330138.006.000) 2023-07-25 11:52:40 Image size of job updated: 188488
	182  -  MemoryUsage of job (MB)
	186000  -  ResidentSetSize of job (KB)
...
006 (330138.007.000) 2023-07-25 11:52:40 Image size of job updated: 188044
	182  -  MemoryUsage of job (MB)
	185728  -  ResidentSetSize of job (KB)
...
006 (330138.008.000) 2023-07-25 11:52:40 Image size of job updated: 188672
	182  -  MemoryUsage of job (MB)
	186004  -  ResidentSetSize of job (KB)
...
006 (330138.009.000) 2023-07-25 11:52:40 Image size of job updated: 186860
	182  -  MemoryUsage of job (MB)
	186020  -  ResidentSetSize of job (KB)
...
006 (330138.000.000) 2023-07-25 11:52:40 Image size of job updated: 188124
	182  -  MemoryUsage of job (MB)
	186016  -  ResidentSetSize of job (KB)
...
006 (330138.001.000) 2023-07-25 11:52:40 Image size of job updated: 187956
	182  -  MemoryUsage of job (MB)
	186004  -  ResidentSetSize of job (KB)
...
006 (330138.002.000) 2023-07-25 11:52:40 Image size of job updated: 188628
	182  -  MemoryUsage of job (MB)
	186024  -  ResidentSetSize of job (KB)
...
006 (330138.003.000) 2023-07-25 11:52:40 Image size of job updated: 192180
	182  -  MemoryUsage of job (MB)
	186016  -  ResidentSetSize of job (KB)
...
006 (330138.004.000) 2023-07-25 11:52:40 Image size of job updated: 190232
	182  -  MemoryUsage of job (MB)
	186020  -  ResidentSetSize of job (KB)
...
006 (330138.009.000) 2023-07-25 11:52:55 Image size of job updated: 655168
	182  -  MemoryUsage of job (MB)
	186020  -  ResidentSetSize of job (KB)
...
005 (330138.009.000) 2023-07-25 11:52:55 Job terminated.
	(1) Normal termination (return value 0)
		Usr 0 00:00:15, Sys 0 00:00:01  -  Run Remote Usage
		Usr 0 00:00:00, Sys 0 00:00:00  -  Run Local Usage
		Usr 0 00:00:15, Sys 0 00:00:01  -  Total Remote Usage
		Usr 0 00:00:00, Sys 0 00:00:00  -  Total Local Usage
	0  -  Run Bytes Sent By Job
	0  -  Run Bytes Received By Job
	0  -  Total Bytes Sent By Job
	0  -  Total Bytes Received By Job
	Partitionable Resources :    Usage  Request Allocated 
	   Cpus                 :                 1         1 
	   Disk (KB)            :        1        1    128928 
	   Memory (MB)          :      182     3900      3968 

	Job terminated of its own accord at 2023-07-25T02:52:55Z.
...
006 (330138.006.000) 2023-07-25 11:52:55 Image size of job updated: 685824
	182  -  MemoryUsage of job (MB)
	186000  -  ResidentSetSize of job (KB)
...
005 (330138.006.000) 2023-07-25 11:52:56 Job terminated.
	(1) Normal termination (return value 0)
		Usr 0 00:00:18, Sys 0 00:00:01  -  Run Remote Usage
		Usr 0 00:00:00, Sys 0 00:00:00  -  Run Local Usage
		Usr 0 00:00:18, Sys 0 00:00:01  -  Total Remote Usage
		Usr 0 00:00:00, Sys 0 00:00:00  -  Total Local Usage
	0  -  Run Bytes Sent By Job
	0  -  Run Bytes Received By Job
	0  -  Total Bytes Sent By Job
	0  -  Total Bytes Received By Job
	Partitionable Resources :    Usage  Request Allocated 
	   Cpus                 :                 1         1 
	   Disk (KB)            :        1        1    128928 
	   Memory (MB)          :      182     3900      3968 

	Job terminated of its own accord at 2023-07-25T02:52:55Z.
...
006 (330138.001.000) 2023-07-25 11:52:56 Image size of job updated: 685804
	182  -  MemoryUsage of job (MB)
	186004  -  ResidentSetSize of job (KB)
...
005 (330138.001.000) 2023-07-25 11:52:56 Job terminated.
	(1) Normal termination (return value 0)
		Usr 0 00:00:17, Sys 0 00:00:01  -  Run Remote Usage
		Usr 0 00:00:00, Sys 0 00:00:00  -  Run Local Usage
		Usr 0 00:00:17, Sys 0 00:00:01  -  Total Remote Usage
		Usr 0 00:00:00, Sys 0 00:00:00  -  Total Local Usage
	0  -  Run Bytes Sent By Job
	0  -  Run Bytes Received By Job
	0  -  Total Bytes Sent By Job
	0  -  Total Bytes Received By Job
	Partitionable Resources :    Usage  Request Allocated 
	   Cpus                 :                 1         1 
	   Disk (KB)            :        1        1    128928 
	   Memory (MB)          :      182     3900      3968 

	Job terminated of its own accord at 2023-07-25T02:52:56Z.
...
006 (330138.007.000) 2023-07-25 11:52:58 Image size of job updated: 685816
	182  -  MemoryUsage of job (MB)
	185740  -  ResidentSetSize of job (KB)
...
005 (330138.007.000) 2023-07-25 11:52:58 Job terminated.
	(1) Normal termination (return value 0)
		Usr 0 00:00:18, Sys 0 00:00:01  -  Run Remote Usage
		Usr 0 00:00:00, Sys 0 00:00:00  -  Run Local Usage
		Usr 0 00:00:18, Sys 0 00:00:01  -  Total Remote Usage
		Usr 0 00:00:00, Sys 0 00:00:00  -  Total Local Usage
	0  -  Run Bytes Sent By Job
	0  -  Run Bytes Received By Job
	0  -  Total Bytes Sent By Job
	0  -  Total Bytes Received By Job
	Partitionable Resources :    Usage  Request Allocated 
	   Cpus                 :                 1         1 
	   Disk (KB)            :        1        1    128928 
	   Memory (MB)          :      182     3900      3968 

	Job terminated of its own accord at 2023-07-25T02:52:58Z.
...
006 (330138.008.000) 2023-07-25 11:52:58 Image size of job updated: 685828
	182  -  MemoryUsage of job (MB)
	186004  -  ResidentSetSize of job (KB)
...
006 (330138.002.000) 2023-07-25 11:52:58 Image size of job updated: 687576
	182  -  MemoryUsage of job (MB)
	186024  -  ResidentSetSize of job (KB)
...
005 (330138.008.000) 2023-07-25 11:52:58 Job terminated.
	(1) Normal termination (return value 0)
		Usr 0 00:00:19, Sys 0 00:00:01  -  Run Remote Usage
		Usr 0 00:00:00, Sys 0 00:00:00  -  Run Local Usage
		Usr 0 00:00:19, Sys 0 00:00:01  -  Total Remote Usage
		Usr 0 00:00:00, Sys 0 00:00:00  -  Total Local Usage
	0  -  Run Bytes Sent By Job
	0  -  Run Bytes Received By Job
	0  -  Total Bytes Sent By Job
	0  -  Total Bytes Received By Job
	Partitionable Resources :    Usage  Request Allocated 
	   Cpus                 :                 1         1 
	   Disk (KB)            :        1        1    128928 
	   Memory (MB)          :      182     3900      3968 

	Job terminated of its own accord at 2023-07-25T02:52:58Z.
...
005 (330138.002.000) 2023-07-25 11:52:59 Job terminated.
	(1) Normal termination (return value 0)
		Usr 0 00:00:18, Sys 0 00:00:01  -  Run Remote Usage
		Usr 0 00:00:00, Sys 0 00:00:00  -  Run Local Usage
		Usr 0 00:00:18, Sys 0 00:00:01  -  Total Remote Usage
		Usr 0 00:00:00, Sys 0 00:00:00  -  Total Local Usage
	0  -  Run Bytes Sent By Job
	0  -  Run Bytes Received By Job
	0  -  Total Bytes Sent By Job
	0  -  Total Bytes Received By Job
	Partitionable Resources :    Usage  Request Allocated 
	   Cpus                 :                 1         1 
	   Disk (KB)            :        1        1    128928 
	   Memory (MB)          :      182     3900      3968 

	Job terminated of its own accord at 2023-07-25T02:52:58Z.
...
006 (330138.000.000) 2023-07-25 11:52:59 Image size of job updated: 687552
	182  -  MemoryUsage of job (MB)
	186016  -  ResidentSetSize of job (KB)
...
005 (330138.000.000) 2023-07-25 11:52:59 Job terminated.
	(1) Normal termination (return value 0)
		Usr 0 00:00:20, Sys 0 00:00:01  -  Run Remote Usage
		Usr 0 00:00:00, Sys 0 00:00:00  -  Run Local Usage
		Usr 0 00:00:20, Sys 0 00:00:01  -  Total Remote Usage
		Usr 0 00:00:00, Sys 0 00:00:00  -  Total Local Usage
	0  -  Run Bytes Sent By Job
	0  -  Run Bytes Received By Job
	0  -  Total Bytes Sent By Job
	0  -  Total Bytes Received By Job
	Partitionable Resources :    Usage  Request Allocated 
	   Cpus                 :                 1         1 
	   Disk (KB)            :        1        1    128928 
	   Memory (MB)          :      182     3900      3968 

	Job terminated of its own accord at 2023-07-25T02:52:59Z.
...
006 (330138.003.000) 2023-07-25 11:52:59 Image size of job updated: 687604
	182  -  MemoryUsage of job (MB)
	186016  -  ResidentSetSize of job (KB)
...
005 (330138.003.000) 2023-07-25 11:52:59 Job terminated.
	(1) Normal termination (return value 0)
		Usr 0 00:00:19, Sys 0 00:00:01  -  Run Remote Usage
		Usr 0 00:00:00, Sys 0 00:00:00  -  Run Local Usage
		Usr 0 00:00:19, Sys 0 00:00:01  -  Total Remote Usage
		Usr 0 00:00:00, Sys 0 00:00:00  -  Total Local Usage
	0  -  Run Bytes Sent By Job
	0  -  Run Bytes Received By Job
	0  -  Total Bytes Sent By Job
	0  -  Total Bytes Received By Job
	Partitionable Resources :    Usage  Request Allocated 
	   Cpus                 :                 1         1 
	   Disk (KB)            :        1        1    128928 
	   Memory (MB)          :      182     3900      3968 

	Job terminated of its own accord at 2023-07-25T02:52:59Z.
...
006 (330138.004.000) 2023-07-25 11:53:02 Image size of job updated: 685764
	182  -  MemoryUsage of job (MB)
	186020  -  ResidentSetSize of job (KB)
...
005 (330138.004.000) 2023-07-25 11:53:02 Job terminated.
	(1) Normal termination (return value 0)
		Usr 0 00:00:23, Sys 0 00:00:01  -  Run Remote Usage
		Usr 0 00:00:00, Sys 0 00:00:00  -  Run Local Usage
		Usr 0 00:00:23, Sys 0 00:00:01  -  Total Remote Usage
		Usr 0 00:00:00, Sys 0 00:00:00  -  Total Local Usage
	0  -  Run Bytes Sent By Job
	0  -  Run Bytes Received By Job
	0  -  Total Bytes Sent By Job
	0  -  Total Bytes Received By Job
	Partitionable Resources :    Usage  Request Allocated 
	   Cpus                 :                 1         1 
	   Disk (KB)            :        1        1    128928 
	   Memory (MB)          :      182     3900      3968 

	Job terminated of its own accord at 2023-07-25T02:53:02Z.
...
006 (330138.005.000) 2023-07-25 11:53:02 Image size of job updated: 685896
	182  -  MemoryUsage of job (MB)
	185736  -  ResidentSetSize of job (KB)
...
005 (330138.005.000) 2023-07-25 11:53:02 Job terminated.
	(1) Normal termination (return value 0)
		Usr 0 00:00:23, Sys 0 00:00:01  -  Run Remote Usage
		Usr 0 00:00:00, Sys 0 00:00:00  -  Run Local Usage
		Usr 0 00:00:23, Sys 0 00:00:01  -  Total Remote Usage
		Usr 0 00:00:00, Sys 0 00:00:00  -  Total Local Usage
	0  -  Run Bytes Sent By Job
	0  -  Run Bytes Received By Job
	0  -  Total Bytes Sent By Job
	0  -  Total Bytes Received By Job
	Partitionable Resources :    Usage  Request Allocated 
	   Cpus                 :                 1         1 
	   Disk (KB)            :        1        1    128928 
	   Memory (MB)          :      182     3900      3968 

	Job terminated of its own accord at 2023-07-25T02:53:02Z.
...
