000 (310123.000.000) 2023-06-09 15:11:06 Job submitted from host: <172.30.1.200:9618?addrs=172.30.1.200-9618&alias=tamsa2.snu.ac.kr&noUDP&sock=schedd_3510_2582>
...
000 (310123.001.000) 2023-06-09 15:11:06 Job submitted from host: <172.30.1.200:9618?addrs=172.30.1.200-9618&alias=tamsa2.snu.ac.kr&noUDP&sock=schedd_3510_2582>
...
000 (310123.002.000) 2023-06-09 15:11:06 Job submitted from host: <172.30.1.200:9618?addrs=172.30.1.200-9618&alias=tamsa2.snu.ac.kr&noUDP&sock=schedd_3510_2582>
...
000 (310123.003.000) 2023-06-09 15:11:06 Job submitted from host: <172.30.1.200:9618?addrs=172.30.1.200-9618&alias=tamsa2.snu.ac.kr&noUDP&sock=schedd_3510_2582>
...
000 (310123.004.000) 2023-06-09 15:11:06 Job submitted from host: <172.30.1.200:9618?addrs=172.30.1.200-9618&alias=tamsa2.snu.ac.kr&noUDP&sock=schedd_3510_2582>
...
000 (310123.005.000) 2023-06-09 15:11:06 Job submitted from host: <172.30.1.200:9618?addrs=172.30.1.200-9618&alias=tamsa2.snu.ac.kr&noUDP&sock=schedd_3510_2582>
...
000 (310123.006.000) 2023-06-09 15:11:06 Job submitted from host: <172.30.1.200:9618?addrs=172.30.1.200-9618&alias=tamsa2.snu.ac.kr&noUDP&sock=schedd_3510_2582>
...
000 (310123.007.000) 2023-06-09 15:11:06 Job submitted from host: <172.30.1.200:9618?addrs=172.30.1.200-9618&alias=tamsa2.snu.ac.kr&noUDP&sock=schedd_3510_2582>
...
000 (310123.008.000) 2023-06-09 15:11:06 Job submitted from host: <172.30.1.200:9618?addrs=172.30.1.200-9618&alias=tamsa2.snu.ac.kr&noUDP&sock=schedd_3510_2582>
...
000 (310123.009.000) 2023-06-09 15:11:06 Job submitted from host: <172.30.1.200:9618?addrs=172.30.1.200-9618&alias=tamsa2.snu.ac.kr&noUDP&sock=schedd_3510_2582>
...
001 (310123.003.000) 2023-06-09 15:11:12 Job executing on host: <172.30.1.203:9618?addrs=172.30.1.203-9618&alias=node3&noUDP&sock=startd_3773_8aeb>
...
001 (310123.004.000) 2023-06-09 15:11:13 Job executing on host: <172.30.1.203:9618?addrs=172.30.1.203-9618&alias=node3&noUDP&sock=startd_3773_8aeb>
...
001 (310123.000.000) 2023-06-09 15:11:13 Job executing on host: <172.30.1.211:9618?addrs=172.30.1.211-9618&alias=node11&noUDP&sock=startd_3790_3407>
...
001 (310123.001.000) 2023-06-09 15:11:14 Job executing on host: <172.30.1.211:9618?addrs=172.30.1.211-9618&alias=node11&noUDP&sock=startd_3790_3407>
...
001 (310123.002.000) 2023-06-09 15:11:14 Job executing on host: <172.30.1.211:9618?addrs=172.30.1.211-9618&alias=node11&noUDP&sock=startd_3790_3407>
...
001 (310123.005.000) 2023-06-09 15:11:17 Job executing on host: <172.30.1.203:9618?addrs=172.30.1.203-9618&alias=node3&noUDP&sock=startd_3773_8aeb>
...
006 (310123.000.000) 2023-06-09 15:11:22 Image size of job updated: 400416
	152  -  MemoryUsage of job (MB)
	154852  -  ResidentSetSize of job (KB)
...
006 (310123.001.000) 2023-06-09 15:11:22 Image size of job updated: 400420
	152  -  MemoryUsage of job (MB)
	155072  -  ResidentSetSize of job (KB)
...
006 (310123.002.000) 2023-06-09 15:11:22 Image size of job updated: 400420
	152  -  MemoryUsage of job (MB)
	155304  -  ResidentSetSize of job (KB)
...
001 (310123.006.000) 2023-06-09 15:11:25 Job executing on host: <172.30.1.203:9618?addrs=172.30.1.203-9618&alias=node3&noUDP&sock=startd_3773_8aeb>
...
001 (310123.007.000) 2023-06-09 15:11:33 Job executing on host: <172.30.1.203:9618?addrs=172.30.1.203-9618&alias=node3&noUDP&sock=startd_3773_8aeb>
...
006 (310123.002.000) 2023-06-09 15:11:38 Image size of job updated: 608124
	152  -  MemoryUsage of job (MB)
	155304  -  ResidentSetSize of job (KB)
...
005 (310123.002.000) 2023-06-09 15:11:38 Job terminated.
	(1) Normal termination (return value 0)
		Usr 0 00:00:17, Sys 0 00:00:01  -  Run Remote Usage
		Usr 0 00:00:00, Sys 0 00:00:00  -  Run Local Usage
		Usr 0 00:00:17, Sys 0 00:00:01  -  Total Remote Usage
		Usr 0 00:00:00, Sys 0 00:00:00  -  Total Local Usage
	0  -  Run Bytes Sent By Job
	0  -  Run Bytes Received By Job
	0  -  Total Bytes Sent By Job
	0  -  Total Bytes Received By Job
	Partitionable Resources :    Usage  Request Allocated 
	   Cpus                 :                 1         1 
	   Disk (KB)            :        1        1    128928 
	   Memory (MB)          :      152     3900      3968 

	Job terminated of its own accord at 2023-06-09T06:11:38Z.
...
006 (310123.001.000) 2023-06-09 15:11:39 Image size of job updated: 607220
	152  -  MemoryUsage of job (MB)
	155072  -  ResidentSetSize of job (KB)
...
005 (310123.001.000) 2023-06-09 15:11:39 Job terminated.
	(1) Normal termination (return value 0)
		Usr 0 00:00:17, Sys 0 00:00:01  -  Run Remote Usage
		Usr 0 00:00:00, Sys 0 00:00:00  -  Run Local Usage
		Usr 0 00:00:17, Sys 0 00:00:01  -  Total Remote Usage
		Usr 0 00:00:00, Sys 0 00:00:00  -  Total Local Usage
	0  -  Run Bytes Sent By Job
	0  -  Run Bytes Received By Job
	0  -  Total Bytes Sent By Job
	0  -  Total Bytes Received By Job
	Partitionable Resources :    Usage  Request Allocated 
	   Cpus                 :                 1         1 
	   Disk (KB)            :        1        1    128928 
	   Memory (MB)          :      152     3900      3968 

	Job terminated of its own accord at 2023-06-09T06:11:39Z.
...
006 (310123.005.000) 2023-06-09 15:11:42 Image size of job updated: 150056
	147  -  MemoryUsage of job (MB)
	150052  -  ResidentSetSize of job (KB)
...
006 (310123.003.000) 2023-06-09 15:11:42 Image size of job updated: 151216
	148  -  MemoryUsage of job (MB)
	151216  -  ResidentSetSize of job (KB)
...
006 (310123.004.000) 2023-06-09 15:11:42 Image size of job updated: 150164
	147  -  MemoryUsage of job (MB)
	150164  -  ResidentSetSize of job (KB)
...
006 (310123.006.000) 2023-06-09 15:11:42 Image size of job updated: 151232
	148  -  MemoryUsage of job (MB)
	151232  -  ResidentSetSize of job (KB)
...
006 (310123.007.000) 2023-06-09 15:11:42 Image size of job updated: 150072
	147  -  MemoryUsage of job (MB)
	150072  -  ResidentSetSize of job (KB)
...
006 (310123.000.000) 2023-06-09 15:11:44 Image size of job updated: 607220
	152  -  MemoryUsage of job (MB)
	154852  -  ResidentSetSize of job (KB)
...
005 (310123.000.000) 2023-06-09 15:11:44 Job terminated.
	(1) Normal termination (return value 0)
		Usr 0 00:00:21, Sys 0 00:00:01  -  Run Remote Usage
		Usr 0 00:00:00, Sys 0 00:00:00  -  Run Local Usage
		Usr 0 00:00:21, Sys 0 00:00:01  -  Total Remote Usage
		Usr 0 00:00:00, Sys 0 00:00:00  -  Total Local Usage
	0  -  Run Bytes Sent By Job
	0  -  Run Bytes Received By Job
	0  -  Total Bytes Sent By Job
	0  -  Total Bytes Received By Job
	Partitionable Resources :    Usage  Request Allocated 
	   Cpus                 :                 1         1 
	   Disk (KB)            :        1        1    128928 
	   Memory (MB)          :      152     3900      3968 

	Job terminated of its own accord at 2023-06-09T06:11:44Z.
...
006 (310123.003.000) 2023-06-09 15:12:05 Image size of job updated: 607140
	148  -  MemoryUsage of job (MB)
	151216  -  ResidentSetSize of job (KB)
...
005 (310123.003.000) 2023-06-09 15:12:05 Job terminated.
	(1) Normal termination (return value 0)
		Usr 0 00:00:20, Sys 0 00:00:01  -  Run Remote Usage
		Usr 0 00:00:00, Sys 0 00:00:00  -  Run Local Usage
		Usr 0 00:00:20, Sys 0 00:00:01  -  Total Remote Usage
		Usr 0 00:00:00, Sys 0 00:00:00  -  Total Local Usage
	0  -  Run Bytes Sent By Job
	0  -  Run Bytes Received By Job
	0  -  Total Bytes Sent By Job
	0  -  Total Bytes Received By Job
	Partitionable Resources :    Usage  Request Allocated 
	   Cpus                 :                 1         1 
	   Disk (KB)            :        1        1    128928 
	   Memory (MB)          :      148     3900      3968 

	Job terminated of its own accord at 2023-06-09T06:12:05Z.
...
006 (310123.007.000) 2023-06-09 15:12:06 Image size of job updated: 607236
	147  -  MemoryUsage of job (MB)
	150084  -  ResidentSetSize of job (KB)
...
005 (310123.007.000) 2023-06-09 15:12:06 Job terminated.
	(1) Normal termination (return value 0)
		Usr 0 00:00:22, Sys 0 00:00:01  -  Run Remote Usage
		Usr 0 00:00:00, Sys 0 00:00:00  -  Run Local Usage
		Usr 0 00:00:22, Sys 0 00:00:01  -  Total Remote Usage
		Usr 0 00:00:00, Sys 0 00:00:00  -  Total Local Usage
	0  -  Run Bytes Sent By Job
	0  -  Run Bytes Received By Job
	0  -  Total Bytes Sent By Job
	0  -  Total Bytes Received By Job
	Partitionable Resources :    Usage  Request Allocated 
	   Cpus                 :                 1         1 
	   Disk (KB)            :        1        1    128928 
	   Memory (MB)          :      147     3900      3968 

	Job terminated of its own accord at 2023-06-09T06:12:06Z.
...
006 (310123.004.000) 2023-06-09 15:12:06 Image size of job updated: 607164
	147  -  MemoryUsage of job (MB)
	150164  -  ResidentSetSize of job (KB)
...
005 (310123.004.000) 2023-06-09 15:12:06 Job terminated.
	(1) Normal termination (return value 0)
		Usr 0 00:00:20, Sys 0 00:00:01  -  Run Remote Usage
		Usr 0 00:00:00, Sys 0 00:00:00  -  Run Local Usage
		Usr 0 00:00:20, Sys 0 00:00:01  -  Total Remote Usage
		Usr 0 00:00:00, Sys 0 00:00:00  -  Total Local Usage
	0  -  Run Bytes Sent By Job
	0  -  Run Bytes Received By Job
	0  -  Total Bytes Sent By Job
	0  -  Total Bytes Received By Job
	Partitionable Resources :    Usage  Request Allocated 
	   Cpus                 :                 1         1 
	   Disk (KB)            :        1        1    128928 
	   Memory (MB)          :      147     3900      3968 

	Job terminated of its own accord at 2023-06-09T06:12:06Z.
...
006 (310123.006.000) 2023-06-09 15:12:07 Image size of job updated: 607336
	148  -  MemoryUsage of job (MB)
	151232  -  ResidentSetSize of job (KB)
...
005 (310123.006.000) 2023-06-09 15:12:07 Job terminated.
	(1) Normal termination (return value 0)
		Usr 0 00:00:20, Sys 0 00:00:01  -  Run Remote Usage
		Usr 0 00:00:00, Sys 0 00:00:00  -  Run Local Usage
		Usr 0 00:00:20, Sys 0 00:00:01  -  Total Remote Usage
		Usr 0 00:00:00, Sys 0 00:00:00  -  Total Local Usage
	0  -  Run Bytes Sent By Job
	0  -  Run Bytes Received By Job
	0  -  Total Bytes Sent By Job
	0  -  Total Bytes Received By Job
	Partitionable Resources :    Usage  Request Allocated 
	   Cpus                 :                 1         1 
	   Disk (KB)            :        1        1    128928 
	   Memory (MB)          :      148     3900      3968 

	Job terminated of its own accord at 2023-06-09T06:12:07Z.
...
006 (310123.005.000) 2023-06-09 15:12:09 Image size of job updated: 607236
	147  -  MemoryUsage of job (MB)
	150072  -  ResidentSetSize of job (KB)
...
005 (310123.005.000) 2023-06-09 15:12:09 Job terminated.
	(1) Normal termination (return value 0)
		Usr 0 00:00:21, Sys 0 00:00:01  -  Run Remote Usage
		Usr 0 00:00:00, Sys 0 00:00:00  -  Run Local Usage
		Usr 0 00:00:21, Sys 0 00:00:01  -  Total Remote Usage
		Usr 0 00:00:00, Sys 0 00:00:00  -  Total Local Usage
	0  -  Run Bytes Sent By Job
	0  -  Run Bytes Received By Job
	0  -  Total Bytes Sent By Job
	0  -  Total Bytes Received By Job
	Partitionable Resources :    Usage  Request Allocated 
	   Cpus                 :                 1         1 
	   Disk (KB)            :        1        1    128928 
	   Memory (MB)          :      147     3900      3968 

	Job terminated of its own accord at 2023-06-09T06:12:09Z.
...
001 (310123.008.000) 2023-06-09 15:16:32 Job executing on host: <172.30.1.207:9618?addrs=172.30.1.207-9618&alias=node7&noUDP&sock=startd_3802_6f2a>
...
001 (310123.009.000) 2023-06-09 15:16:32 Job executing on host: <172.30.1.203:9618?addrs=172.30.1.203-9618&alias=node3&noUDP&sock=startd_3773_8aeb>
...
006 (310123.009.000) 2023-06-09 15:16:41 Image size of job updated: 400420
	70  -  MemoryUsage of job (MB)
	71608  -  ResidentSetSize of job (KB)
...
006 (310123.008.000) 2023-06-09 15:16:41 Image size of job updated: 396124
	152  -  MemoryUsage of job (MB)
	155324  -  ResidentSetSize of job (KB)
...
006 (310123.008.000) 2023-06-09 15:16:57 Image size of job updated: 605284
	152  -  MemoryUsage of job (MB)
	155324  -  ResidentSetSize of job (KB)
...
005 (310123.008.000) 2023-06-09 15:16:57 Job terminated.
	(1) Normal termination (return value 0)
		Usr 0 00:00:16, Sys 0 00:00:01  -  Run Remote Usage
		Usr 0 00:00:00, Sys 0 00:00:00  -  Run Local Usage
		Usr 0 00:00:16, Sys 0 00:00:01  -  Total Remote Usage
		Usr 0 00:00:00, Sys 0 00:00:00  -  Total Local Usage
	0  -  Run Bytes Sent By Job
	0  -  Run Bytes Received By Job
	0  -  Total Bytes Sent By Job
	0  -  Total Bytes Received By Job
	Partitionable Resources :    Usage  Request Allocated 
	   Cpus                 :                 1         1 
	   Disk (KB)            :        1        1    128928 
	   Memory (MB)          :      152     3900      3968 

	Job terminated of its own accord at 2023-06-09T06:16:57Z.
...
006 (310123.009.000) 2023-06-09 15:17:05 Image size of job updated: 603196
	70  -  MemoryUsage of job (MB)
	71608  -  ResidentSetSize of job (KB)
...
005 (310123.009.000) 2023-06-09 15:17:05 Job terminated.
	(1) Normal termination (return value 0)
		Usr 0 00:00:20, Sys 0 00:00:01  -  Run Remote Usage
		Usr 0 00:00:00, Sys 0 00:00:00  -  Run Local Usage
		Usr 0 00:00:20, Sys 0 00:00:01  -  Total Remote Usage
		Usr 0 00:00:00, Sys 0 00:00:00  -  Total Local Usage
	0  -  Run Bytes Sent By Job
	0  -  Run Bytes Received By Job
	0  -  Total Bytes Sent By Job
	0  -  Total Bytes Received By Job
	Partitionable Resources :    Usage  Request Allocated 
	   Cpus                 :                 1         1 
	   Disk (KB)            :        1        1    128928 
	   Memory (MB)          :       70     3900      3968 

	Job terminated of its own accord at 2023-06-09T06:17:05Z.
...
000 (310203.000.000) 2023-06-09 16:52:35 Job submitted from host: <172.30.1.200:9618?addrs=172.30.1.200-9618&alias=tamsa2.snu.ac.kr&noUDP&sock=schedd_3510_2582>
...
000 (310203.001.000) 2023-06-09 16:52:35 Job submitted from host: <172.30.1.200:9618?addrs=172.30.1.200-9618&alias=tamsa2.snu.ac.kr&noUDP&sock=schedd_3510_2582>
...
000 (310203.002.000) 2023-06-09 16:52:35 Job submitted from host: <172.30.1.200:9618?addrs=172.30.1.200-9618&alias=tamsa2.snu.ac.kr&noUDP&sock=schedd_3510_2582>
...
000 (310203.003.000) 2023-06-09 16:52:35 Job submitted from host: <172.30.1.200:9618?addrs=172.30.1.200-9618&alias=tamsa2.snu.ac.kr&noUDP&sock=schedd_3510_2582>
...
000 (310203.004.000) 2023-06-09 16:52:35 Job submitted from host: <172.30.1.200:9618?addrs=172.30.1.200-9618&alias=tamsa2.snu.ac.kr&noUDP&sock=schedd_3510_2582>
...
000 (310203.005.000) 2023-06-09 16:52:35 Job submitted from host: <172.30.1.200:9618?addrs=172.30.1.200-9618&alias=tamsa2.snu.ac.kr&noUDP&sock=schedd_3510_2582>
...
000 (310203.006.000) 2023-06-09 16:52:35 Job submitted from host: <172.30.1.200:9618?addrs=172.30.1.200-9618&alias=tamsa2.snu.ac.kr&noUDP&sock=schedd_3510_2582>
...
000 (310203.007.000) 2023-06-09 16:52:35 Job submitted from host: <172.30.1.200:9618?addrs=172.30.1.200-9618&alias=tamsa2.snu.ac.kr&noUDP&sock=schedd_3510_2582>
...
000 (310203.008.000) 2023-06-09 16:52:35 Job submitted from host: <172.30.1.200:9618?addrs=172.30.1.200-9618&alias=tamsa2.snu.ac.kr&noUDP&sock=schedd_3510_2582>
...
000 (310203.009.000) 2023-06-09 16:52:35 Job submitted from host: <172.30.1.200:9618?addrs=172.30.1.200-9618&alias=tamsa2.snu.ac.kr&noUDP&sock=schedd_3510_2582>
...
001 (310203.000.000) 2023-06-09 16:52:49 Job executing on host: <172.30.1.211:9618?addrs=172.30.1.211-9618&alias=node11&noUDP&sock=startd_3790_3407>
...
001 (310203.007.000) 2023-06-09 16:52:49 Job executing on host: <172.30.1.203:9618?addrs=172.30.1.203-9618&alias=node3&noUDP&sock=startd_3773_8aeb>
...
001 (310203.001.000) 2023-06-09 16:52:49 Job executing on host: <172.30.1.211:9618?addrs=172.30.1.211-9618&alias=node11&noUDP&sock=startd_3790_3407>
...
001 (310203.008.000) 2023-06-09 16:52:49 Job executing on host: <172.30.1.203:9618?addrs=172.30.1.203-9618&alias=node3&noUDP&sock=startd_3773_8aeb>
...
001 (310203.002.000) 2023-06-09 16:52:49 Job executing on host: <172.30.1.211:9618?addrs=172.30.1.211-9618&alias=node11&noUDP&sock=startd_3790_3407>
...
001 (310203.009.000) 2023-06-09 16:52:49 Job executing on host: <172.30.1.203:9618?addrs=172.30.1.203-9618&alias=node3&noUDP&sock=startd_3773_8aeb>
...
001 (310203.003.000) 2023-06-09 16:52:49 Job executing on host: <172.30.1.211:9618?addrs=172.30.1.211-9618&alias=node11&noUDP&sock=startd_3790_3407>
...
001 (310203.004.000) 2023-06-09 16:52:49 Job executing on host: <172.30.1.211:9618?addrs=172.30.1.211-9618&alias=node11&noUDP&sock=startd_3790_3407>
...
001 (310203.005.000) 2023-06-09 16:52:50 Job executing on host: <172.30.1.211:9618?addrs=172.30.1.211-9618&alias=node11&noUDP&sock=startd_3790_3407>
...
001 (310203.006.000) 2023-06-09 16:52:50 Job executing on host: <172.30.1.211:9618?addrs=172.30.1.211-9618&alias=node11&noUDP&sock=startd_3790_3407>
...
006 (310203.004.000) 2023-06-09 16:52:58 Image size of job updated: 182240
	178  -  MemoryUsage of job (MB)
	181732  -  ResidentSetSize of job (KB)
...
006 (310203.005.000) 2023-06-09 16:52:58 Image size of job updated: 181972
	178  -  MemoryUsage of job (MB)
	181788  -  ResidentSetSize of job (KB)
...
006 (310203.006.000) 2023-06-09 16:52:58 Image size of job updated: 182016
	178  -  MemoryUsage of job (MB)
	181740  -  ResidentSetSize of job (KB)
...
006 (310203.000.000) 2023-06-09 16:52:58 Image size of job updated: 161364
	154  -  MemoryUsage of job (MB)
	157492  -  ResidentSetSize of job (KB)
...
006 (310203.001.000) 2023-06-09 16:52:58 Image size of job updated: 182760
	178  -  MemoryUsage of job (MB)
	181704  -  ResidentSetSize of job (KB)
...
006 (310203.002.000) 2023-06-09 16:52:58 Image size of job updated: 183408
	178  -  MemoryUsage of job (MB)
	181744  -  ResidentSetSize of job (KB)
...
006 (310203.007.000) 2023-06-09 16:52:58 Image size of job updated: 474024
	152  -  MemoryUsage of job (MB)
	155268  -  ResidentSetSize of job (KB)
...
006 (310203.008.000) 2023-06-09 16:52:58 Image size of job updated: 946588
	178  -  MemoryUsage of job (MB)
	181736  -  ResidentSetSize of job (KB)
...
006 (310203.009.000) 2023-06-09 16:52:58 Image size of job updated: 474028
	178  -  MemoryUsage of job (MB)
	181720  -  ResidentSetSize of job (KB)
...
006 (310203.003.000) 2023-06-09 16:52:58 Image size of job updated: 183968
	180  -  MemoryUsage of job (MB)
	183564  -  ResidentSetSize of job (KB)
...
006 (310203.002.000) 2023-06-09 16:53:03 Image size of job updated: 602680
	178  -  MemoryUsage of job (MB)
	181744  -  ResidentSetSize of job (KB)
...
005 (310203.002.000) 2023-06-09 16:53:03 Job terminated.
	(1) Normal termination (return value 0)
		Usr 0 00:00:09, Sys 0 00:00:00  -  Run Remote Usage
		Usr 0 00:00:00, Sys 0 00:00:00  -  Run Local Usage
		Usr 0 00:00:09, Sys 0 00:00:00  -  Total Remote Usage
		Usr 0 00:00:00, Sys 0 00:00:00  -  Total Local Usage
	0  -  Run Bytes Sent By Job
	0  -  Run Bytes Received By Job
	0  -  Total Bytes Sent By Job
	0  -  Total Bytes Received By Job
	Partitionable Resources :    Usage  Request Allocated 
	   Cpus                 :                 1         1 
	   Disk (KB)            :        1        1    128928 
	   Memory (MB)          :      178     3900      3968 

	Job terminated of its own accord at 2023-06-09T07:53:03Z.
...
006 (310203.001.000) 2023-06-09 16:53:03 Image size of job updated: 605200
	178  -  MemoryUsage of job (MB)
	181704  -  ResidentSetSize of job (KB)
...
005 (310203.001.000) 2023-06-09 16:53:03 Job terminated.
	(1) Normal termination (return value 0)
		Usr 0 00:00:09, Sys 0 00:00:01  -  Run Remote Usage
		Usr 0 00:00:00, Sys 0 00:00:00  -  Run Local Usage
		Usr 0 00:00:09, Sys 0 00:00:01  -  Total Remote Usage
		Usr 0 00:00:00, Sys 0 00:00:00  -  Total Local Usage
	0  -  Run Bytes Sent By Job
	0  -  Run Bytes Received By Job
	0  -  Total Bytes Sent By Job
	0  -  Total Bytes Received By Job
	Partitionable Resources :    Usage  Request Allocated 
	   Cpus                 :                 1         1 
	   Disk (KB)            :        1        1    128928 
	   Memory (MB)          :      178     3900      3968 

	Job terminated of its own accord at 2023-06-09T07:53:03Z.
...
006 (310203.005.000) 2023-06-09 16:53:04 Image size of job updated: 605192
	178  -  MemoryUsage of job (MB)
	181788  -  ResidentSetSize of job (KB)
...
005 (310203.005.000) 2023-06-09 16:53:04 Job terminated.
	(1) Normal termination (return value 0)
		Usr 0 00:00:10, Sys 0 00:00:00  -  Run Remote Usage
		Usr 0 00:00:00, Sys 0 00:00:00  -  Run Local Usage
		Usr 0 00:00:10, Sys 0 00:00:00  -  Total Remote Usage
		Usr 0 00:00:00, Sys 0 00:00:00  -  Total Local Usage
	0  -  Run Bytes Sent By Job
	0  -  Run Bytes Received By Job
	0  -  Total Bytes Sent By Job
	0  -  Total Bytes Received By Job
	Partitionable Resources :    Usage  Request Allocated 
	   Cpus                 :                 1         1 
	   Disk (KB)            :        1        1    128928 
	   Memory (MB)          :      178     3900      3968 

	Job terminated of its own accord at 2023-06-09T07:53:04Z.
...
006 (310203.004.000) 2023-06-09 16:53:05 Image size of job updated: 606920
	178  -  MemoryUsage of job (MB)
	181732  -  ResidentSetSize of job (KB)
...
005 (310203.004.000) 2023-06-09 16:53:05 Job terminated.
	(1) Normal termination (return value 0)
		Usr 0 00:00:11, Sys 0 00:00:00  -  Run Remote Usage
		Usr 0 00:00:00, Sys 0 00:00:00  -  Run Local Usage
		Usr 0 00:00:11, Sys 0 00:00:00  -  Total Remote Usage
		Usr 0 00:00:00, Sys 0 00:00:00  -  Total Local Usage
	0  -  Run Bytes Sent By Job
	0  -  Run Bytes Received By Job
	0  -  Total Bytes Sent By Job
	0  -  Total Bytes Received By Job
	Partitionable Resources :    Usage  Request Allocated 
	   Cpus                 :                 1         1 
	   Disk (KB)            :        1        1    128928 
	   Memory (MB)          :      178     3900      3968 

	Job terminated of its own accord at 2023-06-09T07:53:05Z.
...
006 (310203.003.000) 2023-06-09 16:53:05 Image size of job updated: 606900
	180  -  MemoryUsage of job (MB)
	183564  -  ResidentSetSize of job (KB)
...
005 (310203.003.000) 2023-06-09 16:53:05 Job terminated.
	(1) Normal termination (return value 0)
		Usr 0 00:00:11, Sys 0 00:00:00  -  Run Remote Usage
		Usr 0 00:00:00, Sys 0 00:00:00  -  Run Local Usage
		Usr 0 00:00:11, Sys 0 00:00:00  -  Total Remote Usage
		Usr 0 00:00:00, Sys 0 00:00:00  -  Total Local Usage
	0  -  Run Bytes Sent By Job
	0  -  Run Bytes Received By Job
	0  -  Total Bytes Sent By Job
	0  -  Total Bytes Received By Job
	Partitionable Resources :    Usage  Request Allocated 
	   Cpus                 :                 1         1 
	   Disk (KB)            :        1        1    128928 
	   Memory (MB)          :      180     3900      3968 

	Job terminated of its own accord at 2023-06-09T07:53:05Z.
...
006 (310203.006.000) 2023-06-09 16:53:05 Image size of job updated: 605216
	178  -  MemoryUsage of job (MB)
	181740  -  ResidentSetSize of job (KB)
...
005 (310203.008.000) 2023-06-09 16:53:05 Job terminated.
	(1) Normal termination (return value 0)
		Usr 0 00:00:11, Sys 0 00:00:01  -  Run Remote Usage
		Usr 0 00:00:00, Sys 0 00:00:00  -  Run Local Usage
		Usr 0 00:00:11, Sys 0 00:00:01  -  Total Remote Usage
		Usr 0 00:00:00, Sys 0 00:00:00  -  Total Local Usage
	0  -  Run Bytes Sent By Job
	0  -  Run Bytes Received By Job
	0  -  Total Bytes Sent By Job
	0  -  Total Bytes Received By Job
	Partitionable Resources :    Usage  Request Allocated 
	   Cpus                 :                 1         1 
	   Disk (KB)            :        1        1    128928 
	   Memory (MB)          :      178     3900      3968 

	Job terminated of its own accord at 2023-06-09T07:53:05Z.
...
005 (310203.006.000) 2023-06-09 16:53:05 Job terminated.
	(1) Normal termination (return value 0)
		Usr 0 00:00:11, Sys 0 00:00:00  -  Run Remote Usage
		Usr 0 00:00:00, Sys 0 00:00:00  -  Run Local Usage
		Usr 0 00:00:11, Sys 0 00:00:00  -  Total Remote Usage
		Usr 0 00:00:00, Sys 0 00:00:00  -  Total Local Usage
	0  -  Run Bytes Sent By Job
	0  -  Run Bytes Received By Job
	0  -  Total Bytes Sent By Job
	0  -  Total Bytes Received By Job
	Partitionable Resources :    Usage  Request Allocated 
	   Cpus                 :                 1         1 
	   Disk (KB)            :        1        1    128928 
	   Memory (MB)          :      178     3900      3968 

	Job terminated of its own accord at 2023-06-09T07:53:05Z.
...
006 (310203.000.000) 2023-06-09 16:53:06 Image size of job updated: 605196
	154  -  MemoryUsage of job (MB)
	157512  -  ResidentSetSize of job (KB)
...
005 (310203.000.000) 2023-06-09 16:53:06 Job terminated.
	(1) Normal termination (return value 0)
		Usr 0 00:00:12, Sys 0 00:00:01  -  Run Remote Usage
		Usr 0 00:00:00, Sys 0 00:00:00  -  Run Local Usage
		Usr 0 00:00:12, Sys 0 00:00:01  -  Total Remote Usage
		Usr 0 00:00:00, Sys 0 00:00:00  -  Total Local Usage
	0  -  Run Bytes Sent By Job
	0  -  Run Bytes Received By Job
	0  -  Total Bytes Sent By Job
	0  -  Total Bytes Received By Job
	Partitionable Resources :    Usage  Request Allocated 
	   Cpus                 :                 1         1 
	   Disk (KB)            :        1        1    128928 
	   Memory (MB)          :      154     3900      3968 

	Job terminated of its own accord at 2023-06-09T07:53:06Z.
...
006 (310203.009.000) 2023-06-09 16:53:09 Image size of job updated: 605112
	178  -  MemoryUsage of job (MB)
	181720  -  ResidentSetSize of job (KB)
...
005 (310203.009.000) 2023-06-09 16:53:09 Job terminated.
	(1) Normal termination (return value 0)
		Usr 0 00:00:16, Sys 0 00:00:00  -  Run Remote Usage
		Usr 0 00:00:00, Sys 0 00:00:00  -  Run Local Usage
		Usr 0 00:00:16, Sys 0 00:00:00  -  Total Remote Usage
		Usr 0 00:00:00, Sys 0 00:00:00  -  Total Local Usage
	0  -  Run Bytes Sent By Job
	0  -  Run Bytes Received By Job
	0  -  Total Bytes Sent By Job
	0  -  Total Bytes Received By Job
	Partitionable Resources :    Usage  Request Allocated 
	   Cpus                 :                 1         1 
	   Disk (KB)            :        1        1    128928 
	   Memory (MB)          :      178     3900      3968 

	Job terminated of its own accord at 2023-06-09T07:53:09Z.
...
006 (310203.007.000) 2023-06-09 16:53:10 Image size of job updated: 605132
	152  -  MemoryUsage of job (MB)
	155268  -  ResidentSetSize of job (KB)
...
005 (310203.007.000) 2023-06-09 16:53:10 Job terminated.
	(1) Normal termination (return value 0)
		Usr 0 00:00:17, Sys 0 00:00:00  -  Run Remote Usage
		Usr 0 00:00:00, Sys 0 00:00:00  -  Run Local Usage
		Usr 0 00:00:17, Sys 0 00:00:00  -  Total Remote Usage
		Usr 0 00:00:00, Sys 0 00:00:00  -  Total Local Usage
	0  -  Run Bytes Sent By Job
	0  -  Run Bytes Received By Job
	0  -  Total Bytes Sent By Job
	0  -  Total Bytes Received By Job
	Partitionable Resources :    Usage  Request Allocated 
	   Cpus                 :                 1         1 
	   Disk (KB)            :        1        1    128928 
	   Memory (MB)          :      152     3900      3968 

	Job terminated of its own accord at 2023-06-09T07:53:10Z.
...
