Starts at Fri Jun  9 16:52:52 2023
[tnp_tamsa] Use Configs["POGMVANoIsoWP90_2016a"] from config/reproducePOG_v1.py
Fit ibin = 5
['HistPdf::sigPhysPass(x,histPass_genmatching,2)', 'HistPdf::sigPhysFail(x,histFail_genmatching,2)', 'Gaussian::sigResPass(x,meanP[-0.0,-5.0,5.0],sigmaP[0.02,0.02,4.0])', 'Gaussian::sigResFail(x,meanF[-0.0,-5.0,5.0],sigmaF[0.02,0.02,4.0])', 'FCONV::sigPass(x, sigPhysPass , sigResPass)', 'FCONV::sigFail(x, sigPhysFail , sigResFail)', 'Exponential::bkgPass(x, alphaP[0.,-5.,5.])', 'Exponential::bkgFail(x, alphaF[0.,-5.,5.])']
Warning: non-zero fit status 302
Warning: non-zero fit status 303
Fit ibin = 15
['HistPdf::sigPhysPass(x,histPass_genmatching,2)', 'HistPdf::sigPhysFail(x,histFail_genmatching,2)', 'Gaussian::sigResPass(x,meanP[-0.0,-5.0,5.0],sigmaP[0.02,0.02,4.0])', 'Gaussian::sigResFail(x,meanF[-0.0,-5.0,5.0],sigmaF[0.02,0.02,4.0])', 'FCONV::sigPass(x, sigPhysPass , sigResPass)', 'FCONV::sigFail(x, sigPhysFail , sigResFail)', 'Exponential::bkgPass(x, alphaP[0.,-5.,5.])', 'Exponential::bkgFail(x, alphaF[0.,-5.,5.])']
Warning: non-zero fit status 1
Fit ibin = 25
['HistPdf::sigPhysPass(x,histPass_genmatching,2)', 'HistPdf::sigPhysFail(x,histFail_genmatching,2)', 'Gaussian::sigResPass(x,meanP[-0.0,-5.0,5.0],sigmaP[0.02,0.02,4.0])', 'Gaussian::sigResFail(x,meanF[-0.0,-5.0,5.0],sigmaF[0.02,0.02,4.0])', 'FCONV::sigPass(x, sigPhysPass , sigResPass)', 'FCONV::sigFail(x, sigPhysFail , sigResFail)', 'Exponential::bkgPass(x, alphaP[0.,-5.,5.])', 'Exponential::bkgFail(x, alphaF[0.,-5.,5.])']
Warning: non-zero fit status 303
Warning: non-zero fit status 302
Fit ibin = 35
['HistPdf::sigPhysPass(x,histPass_genmatching,2)', 'HistPdf::sigPhysFail(x,histFail_genmatching,2)', 'Gaussian::sigResPass(x,meanP[-0.0,-5.0,5.0],sigmaP[0.02,0.02,4.0])', 'Gaussian::sigResFail(x,meanF[-0.0,-5.0,5.0],sigmaF[0.02,0.02,4.0])', 'FCONV::sigPass(x, sigPhysPass , sigResPass)', 'FCONV::sigFail(x, sigPhysFail , sigResFail)', 'Exponential::bkgPass(x, alphaP[0.,-5.,5.])', 'Exponential::bkgFail(x, alphaF[0.,-5.,5.])']
Warning: non-zero fit status 303
Warning: non-zero fit status 1
Fit ibin = 45
['HistPdf::sigPhysPass(x,histPass_genmatching,2)', 'HistPdf::sigPhysFail(x,histFail_genmatching,2)', 'Gaussian::sigResPass(x,meanP[-0.0,-5.0,5.0],sigmaP[0.02,0.02,4.0])', 'Gaussian::sigResFail(x,meanF[-0.0,-5.0,5.0],sigmaF[0.02,0.02,4.0])', 'FCONV::sigPass(x, sigPhysPass , sigResPass)', 'FCONV::sigFail(x, sigPhysFail , sigResFail)', 'Exponential::bkgPass(x, alphaP[0.,-5.,5.])', 'Exponential::bkgFail(x, alphaF[0.,-5.,5.])']
Warning: non-zero fit status 302
Ends at  Fri Jun  9 16:53:04 2023
Time took 11.77344203 seconds.
