000 (330069.000.000) 2023-07-25 10:56:44 Job submitted from host: <172.30.1.200:9618?addrs=172.30.1.200-9618&alias=tamsa2.snu.ac.kr&noUDP&sock=schedd_3510_2582>
...
000 (330069.001.000) 2023-07-25 10:56:44 Job submitted from host: <172.30.1.200:9618?addrs=172.30.1.200-9618&alias=tamsa2.snu.ac.kr&noUDP&sock=schedd_3510_2582>
...
000 (330069.002.000) 2023-07-25 10:56:44 Job submitted from host: <172.30.1.200:9618?addrs=172.30.1.200-9618&alias=tamsa2.snu.ac.kr&noUDP&sock=schedd_3510_2582>
...
000 (330069.003.000) 2023-07-25 10:56:44 Job submitted from host: <172.30.1.200:9618?addrs=172.30.1.200-9618&alias=tamsa2.snu.ac.kr&noUDP&sock=schedd_3510_2582>
...
000 (330069.004.000) 2023-07-25 10:56:44 Job submitted from host: <172.30.1.200:9618?addrs=172.30.1.200-9618&alias=tamsa2.snu.ac.kr&noUDP&sock=schedd_3510_2582>
...
000 (330069.005.000) 2023-07-25 10:56:44 Job submitted from host: <172.30.1.200:9618?addrs=172.30.1.200-9618&alias=tamsa2.snu.ac.kr&noUDP&sock=schedd_3510_2582>
...
000 (330069.006.000) 2023-07-25 10:56:44 Job submitted from host: <172.30.1.200:9618?addrs=172.30.1.200-9618&alias=tamsa2.snu.ac.kr&noUDP&sock=schedd_3510_2582>
...
000 (330069.007.000) 2023-07-25 10:56:44 Job submitted from host: <172.30.1.200:9618?addrs=172.30.1.200-9618&alias=tamsa2.snu.ac.kr&noUDP&sock=schedd_3510_2582>
...
000 (330069.008.000) 2023-07-25 10:56:44 Job submitted from host: <172.30.1.200:9618?addrs=172.30.1.200-9618&alias=tamsa2.snu.ac.kr&noUDP&sock=schedd_3510_2582>
...
000 (330069.009.000) 2023-07-25 10:56:44 Job submitted from host: <172.30.1.200:9618?addrs=172.30.1.200-9618&alias=tamsa2.snu.ac.kr&noUDP&sock=schedd_3510_2582>
...
040 (330069.004.000) 2023-07-25 10:56:53 Started transferring input files
	Transferring to host: <172.30.1.108:9618?addrs=172.30.1.108-9618&alias=n8&noUDP&sock=slot1_1_4278_fce7_72915>
...
040 (330069.004.000) 2023-07-25 10:56:53 Finished transferring input files
...
040 (330069.005.000) 2023-07-25 10:56:53 Started transferring input files
	Transferring to host: <172.30.1.108:9618?addrs=172.30.1.108-9618&alias=n8&noUDP&sock=slot1_6_4278_fce7_72916>
...
040 (330069.005.000) 2023-07-25 10:56:53 Finished transferring input files
...
040 (330069.000.000) 2023-07-25 10:56:53 Started transferring input files
	Transferring to host: <172.30.1.104:9618?addrs=172.30.1.104-9618&alias=n4&noUDP&sock=slot1_8_3701_7070_25927>
...
040 (330069.006.000) 2023-07-25 10:56:53 Started transferring input files
	Transferring to host: <172.30.1.108:9618?addrs=172.30.1.108-9618&alias=n8&noUDP&sock=slot1_10_4278_fce7_72917>
...
040 (330069.000.000) 2023-07-25 10:56:53 Finished transferring input files
...
040 (330069.006.000) 2023-07-25 10:56:53 Finished transferring input files
...
040 (330069.001.000) 2023-07-25 10:56:53 Started transferring input files
	Transferring to host: <172.30.1.104:9618?addrs=172.30.1.104-9618&alias=n4&noUDP&sock=slot1_9_3701_7070_25928>
...
040 (330069.007.000) 2023-07-25 10:56:53 Started transferring input files
	Transferring to host: <172.30.1.108:9618?addrs=172.30.1.108-9618&alias=n8&noUDP&sock=slot1_11_4278_fce7_72918>
...
040 (330069.001.000) 2023-07-25 10:56:53 Finished transferring input files
...
040 (330069.007.000) 2023-07-25 10:56:53 Finished transferring input files
...
040 (330069.002.000) 2023-07-25 10:56:53 Started transferring input files
	Transferring to host: <172.30.1.104:9618?addrs=172.30.1.104-9618&alias=n4&noUDP&sock=slot1_10_3701_7070_25929>
...
040 (330069.002.000) 2023-07-25 10:56:53 Finished transferring input files
...
040 (330069.008.000) 2023-07-25 10:56:53 Started transferring input files
	Transferring to host: <172.30.1.108:9618?addrs=172.30.1.108-9618&alias=n8&noUDP&sock=slot1_12_4278_fce7_72919>
...
040 (330069.008.000) 2023-07-25 10:56:53 Finished transferring input files
...
040 (330069.003.000) 2023-07-25 10:56:53 Started transferring input files
	Transferring to host: <172.30.1.104:9618?addrs=172.30.1.104-9618&alias=n4&noUDP&sock=slot1_11_3701_7070_25930>
...
040 (330069.003.000) 2023-07-25 10:56:53 Finished transferring input files
...
040 (330069.009.000) 2023-07-25 10:56:53 Started transferring input files
	Transferring to host: <172.30.1.108:9618?addrs=172.30.1.108-9618&alias=n8&noUDP&sock=slot1_13_4278_fce7_72920>
...
040 (330069.009.000) 2023-07-25 10:56:53 Finished transferring input files
...
001 (330069.004.000) 2023-07-25 10:56:54 Job executing on host: <172.30.1.108:9618?addrs=172.30.1.108-9618&alias=n8&noUDP&sock=startd_4243_ec6e>
...
001 (330069.005.000) 2023-07-25 10:56:54 Job executing on host: <172.30.1.108:9618?addrs=172.30.1.108-9618&alias=n8&noUDP&sock=startd_4243_ec6e>
...
001 (330069.000.000) 2023-07-25 10:56:54 Job executing on host: <172.30.1.104:9618?addrs=172.30.1.104-9618&alias=n4&noUDP&sock=startd_3667_d5e1>
...
001 (330069.006.000) 2023-07-25 10:56:54 Job executing on host: <172.30.1.108:9618?addrs=172.30.1.108-9618&alias=n8&noUDP&sock=startd_4243_ec6e>
...
001 (330069.001.000) 2023-07-25 10:56:54 Job executing on host: <172.30.1.104:9618?addrs=172.30.1.104-9618&alias=n4&noUDP&sock=startd_3667_d5e1>
...
001 (330069.007.000) 2023-07-25 10:56:54 Job executing on host: <172.30.1.108:9618?addrs=172.30.1.108-9618&alias=n8&noUDP&sock=startd_4243_ec6e>
...
001 (330069.002.000) 2023-07-25 10:56:54 Job executing on host: <172.30.1.104:9618?addrs=172.30.1.104-9618&alias=n4&noUDP&sock=startd_3667_d5e1>
...
001 (330069.008.000) 2023-07-25 10:56:54 Job executing on host: <172.30.1.108:9618?addrs=172.30.1.108-9618&alias=n8&noUDP&sock=startd_4243_ec6e>
...
001 (330069.003.000) 2023-07-25 10:56:54 Job executing on host: <172.30.1.104:9618?addrs=172.30.1.104-9618&alias=n4&noUDP&sock=startd_3667_d5e1>
...
001 (330069.009.000) 2023-07-25 10:56:54 Job executing on host: <172.30.1.108:9618?addrs=172.30.1.108-9618&alias=n8&noUDP&sock=startd_4243_ec6e>
...
006 (330069.004.000) 2023-07-25 10:57:03 Image size of job updated: 641612
	182  -  MemoryUsage of job (MB)
	186032  -  ResidentSetSize of job (KB)
...
006 (330069.005.000) 2023-07-25 10:57:03 Image size of job updated: 644580
	182  -  MemoryUsage of job (MB)
	186144  -  ResidentSetSize of job (KB)
...
006 (330069.000.000) 2023-07-25 10:57:03 Image size of job updated: 180836
	177  -  MemoryUsage of job (MB)
	180836  -  ResidentSetSize of job (KB)
...
006 (330069.006.000) 2023-07-25 10:57:03 Image size of job updated: 644584
	182  -  MemoryUsage of job (MB)
	186156  -  ResidentSetSize of job (KB)
...
006 (330069.001.000) 2023-07-25 10:57:03 Image size of job updated: 183940
	178  -  MemoryUsage of job (MB)
	182228  -  ResidentSetSize of job (KB)
...
006 (330069.007.000) 2023-07-25 10:57:03 Image size of job updated: 644588
	182  -  MemoryUsage of job (MB)
	186020  -  ResidentSetSize of job (KB)
...
006 (330069.002.000) 2023-07-25 10:57:03 Image size of job updated: 182600
	179  -  MemoryUsage of job (MB)
	182316  -  ResidentSetSize of job (KB)
...
006 (330069.008.000) 2023-07-25 10:57:03 Image size of job updated: 641616
	182  -  MemoryUsage of job (MB)
	186020  -  ResidentSetSize of job (KB)
...
006 (330069.003.000) 2023-07-25 10:57:03 Image size of job updated: 179364
	176  -  MemoryUsage of job (MB)
	179360  -  ResidentSetSize of job (KB)
...
006 (330069.009.000) 2023-07-25 10:57:03 Image size of job updated: 644584
	182  -  MemoryUsage of job (MB)
	186108  -  ResidentSetSize of job (KB)
...
040 (330069.009.000) 2023-07-25 10:57:10 Started transferring output files
...
040 (330069.009.000) 2023-07-25 10:57:10 Finished transferring output files
...
005 (330069.009.000) 2023-07-25 10:57:10 Job terminated.
	(1) Normal termination (return value 0)
		Usr 0 00:00:09, Sys 0 00:00:01  -  Run Remote Usage
		Usr 0 00:00:00, Sys 0 00:00:00  -  Run Local Usage
		Usr 0 00:00:09, Sys 0 00:00:01  -  Total Remote Usage
		Usr 0 00:00:00, Sys 0 00:00:00  -  Total Local Usage
	902  -  Run Bytes Sent By Job
	170  -  Run Bytes Received By Job
	902  -  Total Bytes Sent By Job
	170  -  Total Bytes Received By Job
	Partitionable Resources :    Usage  Request Allocated 
	   Cpus                 :                 1         1 
	   Disk (KB)            :       46        1    127899 
	   Memory (MB)          :      182     3900      3968 

	Job terminated of its own accord at 2023-07-25T01:57:10Z.
...
006 (330069.007.000) 2023-07-25 10:57:11 Image size of job updated: 680912
	182  -  MemoryUsage of job (MB)
	186020  -  ResidentSetSize of job (KB)
...
006 (330069.008.000) 2023-07-25 10:57:11 Image size of job updated: 685760
	182  -  MemoryUsage of job (MB)
	186020  -  ResidentSetSize of job (KB)
...
040 (330069.007.000) 2023-07-25 10:57:11 Started transferring output files
...
040 (330069.007.000) 2023-07-25 10:57:11 Finished transferring output files
...
005 (330069.007.000) 2023-07-25 10:57:11 Job terminated.
	(1) Normal termination (return value 0)
		Usr 0 00:00:10, Sys 0 00:00:01  -  Run Remote Usage
		Usr 0 00:00:00, Sys 0 00:00:00  -  Run Local Usage
		Usr 0 00:00:10, Sys 0 00:00:01  -  Total Remote Usage
		Usr 0 00:00:00, Sys 0 00:00:00  -  Total Local Usage
	990  -  Run Bytes Sent By Job
	170  -  Run Bytes Received By Job
	990  -  Total Bytes Sent By Job
	170  -  Total Bytes Received By Job
	Partitionable Resources :    Usage  Request Allocated 
	   Cpus                 :                 1         1 
	   Disk (KB)            :       46        1    127899 
	   Memory (MB)          :      182     3900      3968 

	Job terminated of its own accord at 2023-07-25T01:57:11Z.
...
040 (330069.008.000) 2023-07-25 10:57:11 Started transferring output files
...
040 (330069.008.000) 2023-07-25 10:57:11 Finished transferring output files
...
005 (330069.008.000) 2023-07-25 10:57:11 Job terminated.
	(1) Normal termination (return value 0)
		Usr 0 00:00:10, Sys 0 00:00:01  -  Run Remote Usage
		Usr 0 00:00:00, Sys 0 00:00:00  -  Run Local Usage
		Usr 0 00:00:10, Sys 0 00:00:01  -  Total Remote Usage
		Usr 0 00:00:00, Sys 0 00:00:00  -  Total Local Usage
	933  -  Run Bytes Sent By Job
	170  -  Run Bytes Received By Job
	933  -  Total Bytes Sent By Job
	170  -  Total Bytes Received By Job
	Partitionable Resources :    Usage  Request Allocated 
	   Cpus                 :                 1         1 
	   Disk (KB)            :       46        1    127899 
	   Memory (MB)          :      182     3900      3968 

	Job terminated of its own accord at 2023-07-25T01:57:11Z.
...
006 (330069.006.000) 2023-07-25 10:57:11 Image size of job updated: 681288
	182  -  MemoryUsage of job (MB)
	186156  -  ResidentSetSize of job (KB)
...
040 (330069.006.000) 2023-07-25 10:57:12 Started transferring output files
...
040 (330069.006.000) 2023-07-25 10:57:12 Finished transferring output files
...
005 (330069.006.000) 2023-07-25 10:57:12 Job terminated.
	(1) Normal termination (return value 0)
		Usr 0 00:00:10, Sys 0 00:00:01  -  Run Remote Usage
		Usr 0 00:00:00, Sys 0 00:00:00  -  Run Local Usage
		Usr 0 00:00:10, Sys 0 00:00:01  -  Total Remote Usage
		Usr 0 00:00:00, Sys 0 00:00:00  -  Total Local Usage
	932  -  Run Bytes Sent By Job
	170  -  Run Bytes Received By Job
	932  -  Total Bytes Sent By Job
	170  -  Total Bytes Received By Job
	Partitionable Resources :    Usage  Request Allocated 
	   Cpus                 :                 1         1 
	   Disk (KB)            :       46        1    127899 
	   Memory (MB)          :      182     3900      3968 

	Job terminated of its own accord at 2023-07-25T01:57:11Z.
...
006 (330069.004.000) 2023-07-25 10:57:15 Image size of job updated: 695424
	182  -  MemoryUsage of job (MB)
	186032  -  ResidentSetSize of job (KB)
...
040 (330069.004.000) 2023-07-25 10:57:15 Started transferring output files
...
040 (330069.004.000) 2023-07-25 10:57:15 Finished transferring output files
...
005 (330069.004.000) 2023-07-25 10:57:15 Job terminated.
	(1) Normal termination (return value 0)
		Usr 0 00:00:14, Sys 0 00:00:01  -  Run Remote Usage
		Usr 0 00:00:00, Sys 0 00:00:00  -  Run Local Usage
		Usr 0 00:00:14, Sys 0 00:00:01  -  Total Remote Usage
		Usr 0 00:00:00, Sys 0 00:00:00  -  Total Local Usage
	1250  -  Run Bytes Sent By Job
	170  -  Run Bytes Received By Job
	1250  -  Total Bytes Sent By Job
	170  -  Total Bytes Received By Job
	Partitionable Resources :    Usage  Request Allocated 
	   Cpus                 :                 1         1 
	   Disk (KB)            :       46        1    127899 
	   Memory (MB)          :      182     3900      3968 

	Job terminated of its own accord at 2023-07-25T01:57:15Z.
...
006 (330069.005.000) 2023-07-25 10:57:15 Image size of job updated: 694984
	182  -  MemoryUsage of job (MB)
	186144  -  ResidentSetSize of job (KB)
...
040 (330069.005.000) 2023-07-25 10:57:15 Started transferring output files
...
040 (330069.005.000) 2023-07-25 10:57:15 Finished transferring output files
...
005 (330069.005.000) 2023-07-25 10:57:15 Job terminated.
	(1) Normal termination (return value 0)
		Usr 0 00:00:13, Sys 0 00:00:01  -  Run Remote Usage
		Usr 0 00:00:00, Sys 0 00:00:00  -  Run Local Usage
		Usr 0 00:00:13, Sys 0 00:00:01  -  Total Remote Usage
		Usr 0 00:00:00, Sys 0 00:00:00  -  Total Local Usage
	1371  -  Run Bytes Sent By Job
	170  -  Run Bytes Received By Job
	1371  -  Total Bytes Sent By Job
	170  -  Total Bytes Received By Job
	Partitionable Resources :    Usage  Request Allocated 
	   Cpus                 :                 1         1 
	   Disk (KB)            :       46        1    127899 
	   Memory (MB)          :      182     3900      3968 

	Job terminated of its own accord at 2023-07-25T01:57:15Z.
...
006 (330069.003.000) 2023-07-25 10:57:18 Image size of job updated: 644612
	176  -  MemoryUsage of job (MB)
	179368  -  ResidentSetSize of job (KB)
...
040 (330069.003.000) 2023-07-25 10:57:18 Started transferring output files
...
040 (330069.003.000) 2023-07-25 10:57:18 Finished transferring output files
...
005 (330069.003.000) 2023-07-25 10:57:18 Job terminated.
	(1) Normal termination (return value 0)
		Usr 0 00:00:17, Sys 0 00:00:01  -  Run Remote Usage
		Usr 0 00:00:00, Sys 0 00:00:00  -  Run Local Usage
		Usr 0 00:00:17, Sys 0 00:00:01  -  Total Remote Usage
		Usr 0 00:00:00, Sys 0 00:00:00  -  Total Local Usage
	1309  -  Run Bytes Sent By Job
	170  -  Run Bytes Received By Job
	1309  -  Total Bytes Sent By Job
	170  -  Total Bytes Received By Job
	Partitionable Resources :    Usage  Request Allocated 
	   Cpus                 :                 1         1 
	   Disk (KB)            :       46        1     61930 
	   Memory (MB)          :      176     3900      3968 

	Job terminated of its own accord at 2023-07-25T01:57:18Z.
...
006 (330069.002.000) 2023-07-25 10:57:18 Image size of job updated: 686424
	179  -  MemoryUsage of job (MB)
	182316  -  ResidentSetSize of job (KB)
...
040 (330069.002.000) 2023-07-25 10:57:18 Started transferring output files
...
040 (330069.002.000) 2023-07-25 10:57:18 Finished transferring output files
...
005 (330069.002.000) 2023-07-25 10:57:18 Job terminated.
	(1) Normal termination (return value 0)
		Usr 0 00:00:16, Sys 0 00:00:01  -  Run Remote Usage
		Usr 0 00:00:00, Sys 0 00:00:00  -  Run Local Usage
		Usr 0 00:00:16, Sys 0 00:00:01  -  Total Remote Usage
		Usr 0 00:00:00, Sys 0 00:00:00  -  Total Local Usage
	1250  -  Run Bytes Sent By Job
	170  -  Run Bytes Received By Job
	1250  -  Total Bytes Sent By Job
	170  -  Total Bytes Received By Job
	Partitionable Resources :    Usage  Request Allocated 
	   Cpus                 :                 1         1 
	   Disk (KB)            :       46        1     61930 
	   Memory (MB)          :      179     3900      3968 

	Job terminated of its own accord at 2023-07-25T01:57:18Z.
...
006 (330069.001.000) 2023-07-25 10:57:19 Image size of job updated: 685808
	178  -  MemoryUsage of job (MB)
	182228  -  ResidentSetSize of job (KB)
...
040 (330069.001.000) 2023-07-25 10:57:19 Started transferring output files
...
040 (330069.001.000) 2023-07-25 10:57:19 Finished transferring output files
...
005 (330069.001.000) 2023-07-25 10:57:19 Job terminated.
	(1) Normal termination (return value 0)
		Usr 0 00:00:17, Sys 0 00:00:01  -  Run Remote Usage
		Usr 0 00:00:00, Sys 0 00:00:00  -  Run Local Usage
		Usr 0 00:00:17, Sys 0 00:00:01  -  Total Remote Usage
		Usr 0 00:00:00, Sys 0 00:00:00  -  Total Local Usage
	1308  -  Run Bytes Sent By Job
	170  -  Run Bytes Received By Job
	1308  -  Total Bytes Sent By Job
	170  -  Total Bytes Received By Job
	Partitionable Resources :    Usage  Request Allocated 
	   Cpus                 :                 1         1 
	   Disk (KB)            :       46        1     61930 
	   Memory (MB)          :      178     3900      3968 

	Job terminated of its own accord at 2023-07-25T01:57:19Z.
...
006 (330069.000.000) 2023-07-25 10:57:22 Image size of job updated: 685820
	177  -  MemoryUsage of job (MB)
	180840  -  ResidentSetSize of job (KB)
...
040 (330069.000.000) 2023-07-25 10:57:22 Started transferring output files
...
040 (330069.000.000) 2023-07-25 10:57:22 Finished transferring output files
...
005 (330069.000.000) 2023-07-25 10:57:22 Job terminated.
	(1) Normal termination (return value 0)
		Usr 0 00:00:21, Sys 0 00:00:01  -  Run Remote Usage
		Usr 0 00:00:00, Sys 0 00:00:00  -  Run Local Usage
		Usr 0 00:00:21, Sys 0 00:00:01  -  Total Remote Usage
		Usr 0 00:00:00, Sys 0 00:00:00  -  Total Local Usage
	1311  -  Run Bytes Sent By Job
	170  -  Run Bytes Received By Job
	1311  -  Total Bytes Sent By Job
	170  -  Total Bytes Received By Job
	Partitionable Resources :    Usage  Request Allocated 
	   Cpus                 :                 1         1 
	   Disk (KB)            :       46        1     61930 
	   Memory (MB)          :      177     3900      3968 

	Job terminated of its own accord at 2023-07-25T01:57:22Z.
...
