000 (330164.000.000) 2023-07-25 12:44:48 Job submitted from host: <172.30.1.200:9618?addrs=172.30.1.200-9618&alias=tamsa2.snu.ac.kr&noUDP&sock=schedd_3510_2582>
...
000 (330164.001.000) 2023-07-25 12:44:48 Job submitted from host: <172.30.1.200:9618?addrs=172.30.1.200-9618&alias=tamsa2.snu.ac.kr&noUDP&sock=schedd_3510_2582>
...
000 (330164.002.000) 2023-07-25 12:44:48 Job submitted from host: <172.30.1.200:9618?addrs=172.30.1.200-9618&alias=tamsa2.snu.ac.kr&noUDP&sock=schedd_3510_2582>
...
000 (330164.003.000) 2023-07-25 12:44:48 Job submitted from host: <172.30.1.200:9618?addrs=172.30.1.200-9618&alias=tamsa2.snu.ac.kr&noUDP&sock=schedd_3510_2582>
...
000 (330164.004.000) 2023-07-25 12:44:48 Job submitted from host: <172.30.1.200:9618?addrs=172.30.1.200-9618&alias=tamsa2.snu.ac.kr&noUDP&sock=schedd_3510_2582>
...
000 (330164.005.000) 2023-07-25 12:44:48 Job submitted from host: <172.30.1.200:9618?addrs=172.30.1.200-9618&alias=tamsa2.snu.ac.kr&noUDP&sock=schedd_3510_2582>
...
000 (330164.006.000) 2023-07-25 12:44:48 Job submitted from host: <172.30.1.200:9618?addrs=172.30.1.200-9618&alias=tamsa2.snu.ac.kr&noUDP&sock=schedd_3510_2582>
...
000 (330164.007.000) 2023-07-25 12:44:48 Job submitted from host: <172.30.1.200:9618?addrs=172.30.1.200-9618&alias=tamsa2.snu.ac.kr&noUDP&sock=schedd_3510_2582>
...
000 (330164.008.000) 2023-07-25 12:44:48 Job submitted from host: <172.30.1.200:9618?addrs=172.30.1.200-9618&alias=tamsa2.snu.ac.kr&noUDP&sock=schedd_3510_2582>
...
000 (330164.009.000) 2023-07-25 12:44:48 Job submitted from host: <172.30.1.200:9618?addrs=172.30.1.200-9618&alias=tamsa2.snu.ac.kr&noUDP&sock=schedd_3510_2582>
...
001 (330164.000.000) 2023-07-25 12:45:06 Job executing on host: <172.30.1.201:9618?addrs=172.30.1.201-9618&alias=node1&noUDP&sock=startd_40439_5e70>
...
001 (330164.001.000) 2023-07-25 12:45:06 Job executing on host: <172.30.1.201:9618?addrs=172.30.1.201-9618&alias=node1&noUDP&sock=startd_40439_5e70>
...
001 (330164.002.000) 2023-07-25 12:45:06 Job executing on host: <172.30.1.201:9618?addrs=172.30.1.201-9618&alias=node1&noUDP&sock=startd_40439_5e70>
...
001 (330164.003.000) 2023-07-25 12:45:06 Job executing on host: <172.30.1.201:9618?addrs=172.30.1.201-9618&alias=node1&noUDP&sock=startd_40439_5e70>
...
001 (330164.004.000) 2023-07-25 12:45:06 Job executing on host: <172.30.1.201:9618?addrs=172.30.1.201-9618&alias=node1&noUDP&sock=startd_40439_5e70>
...
001 (330164.005.000) 2023-07-25 12:45:06 Job executing on host: <172.30.1.201:9618?addrs=172.30.1.201-9618&alias=node1&noUDP&sock=startd_40439_5e70>
...
001 (330164.006.000) 2023-07-25 12:45:06 Job executing on host: <172.30.1.201:9618?addrs=172.30.1.201-9618&alias=node1&noUDP&sock=startd_40439_5e70>
...
001 (330164.007.000) 2023-07-25 12:45:06 Job executing on host: <172.30.1.201:9618?addrs=172.30.1.201-9618&alias=node1&noUDP&sock=startd_40439_5e70>
...
001 (330164.008.000) 2023-07-25 12:45:06 Job executing on host: <172.30.1.201:9618?addrs=172.30.1.201-9618&alias=node1&noUDP&sock=startd_40439_5e70>
...
001 (330164.009.000) 2023-07-25 12:45:06 Job executing on host: <172.30.1.201:9618?addrs=172.30.1.201-9618&alias=node1&noUDP&sock=startd_40439_5e70>
...
006 (330164.000.000) 2023-07-25 12:45:14 Image size of job updated: 470728
	199  -  MemoryUsage of job (MB)
	203204  -  ResidentSetSize of job (KB)
...
006 (330164.001.000) 2023-07-25 12:45:14 Image size of job updated: 470860
	185  -  MemoryUsage of job (MB)
	188900  -  ResidentSetSize of job (KB)
...
006 (330164.002.000) 2023-07-25 12:45:14 Image size of job updated: 437604
	205  -  MemoryUsage of job (MB)
	209260  -  ResidentSetSize of job (KB)
...
006 (330164.003.000) 2023-07-25 12:45:14 Image size of job updated: 437428
	185  -  MemoryUsage of job (MB)
	188912  -  ResidentSetSize of job (KB)
...
006 (330164.004.000) 2023-07-25 12:45:15 Image size of job updated: 405788
	191  -  MemoryUsage of job (MB)
	194916  -  ResidentSetSize of job (KB)
...
006 (330164.005.000) 2023-07-25 12:45:15 Image size of job updated: 405504
	183  -  MemoryUsage of job (MB)
	186784  -  ResidentSetSize of job (KB)
...
006 (330164.006.000) 2023-07-25 12:45:15 Image size of job updated: 403924
	183  -  MemoryUsage of job (MB)
	186784  -  ResidentSetSize of job (KB)
...
006 (330164.007.000) 2023-07-25 12:45:15 Image size of job updated: 404088
	205  -  MemoryUsage of job (MB)
	209376  -  ResidentSetSize of job (KB)
...
006 (330164.008.000) 2023-07-25 12:45:15 Image size of job updated: 401128
	205  -  MemoryUsage of job (MB)
	208952  -  ResidentSetSize of job (KB)
...
006 (330164.009.000) 2023-07-25 12:45:15 Image size of job updated: 401124
	205  -  MemoryUsage of job (MB)
	209168  -  ResidentSetSize of job (KB)
...
006 (330164.002.000) 2023-07-25 12:45:26 Image size of job updated: 687212
	205  -  MemoryUsage of job (MB)
	209260  -  ResidentSetSize of job (KB)
...
005 (330164.002.000) 2023-07-25 12:45:26 Job terminated.
	(1) Normal termination (return value 0)
		Usr 0 00:00:18, Sys 0 00:00:00  -  Run Remote Usage
		Usr 0 00:00:00, Sys 0 00:00:00  -  Run Local Usage
		Usr 0 00:00:18, Sys 0 00:00:00  -  Total Remote Usage
		Usr 0 00:00:00, Sys 0 00:00:00  -  Total Local Usage
	0  -  Run Bytes Sent By Job
	0  -  Run Bytes Received By Job
	0  -  Total Bytes Sent By Job
	0  -  Total Bytes Received By Job
	Partitionable Resources :    Usage  Request Allocated 
	   Cpus                 :                 1         1 
	   Disk (KB)            :        1        1    128947 
	   Memory (MB)          :      205     3900      3968 

	Job terminated of its own accord at 2023-07-25T03:45:26Z.
...
006 (330164.000.000) 2023-07-25 12:45:26 Image size of job updated: 688328
	199  -  MemoryUsage of job (MB)
	203216  -  ResidentSetSize of job (KB)
...
005 (330164.000.000) 2023-07-25 12:45:26 Job terminated.
	(1) Normal termination (return value 0)
		Usr 0 00:00:19, Sys 0 00:00:00  -  Run Remote Usage
		Usr 0 00:00:00, Sys 0 00:00:00  -  Run Local Usage
		Usr 0 00:00:19, Sys 0 00:00:00  -  Total Remote Usage
		Usr 0 00:00:00, Sys 0 00:00:00  -  Total Local Usage
	0  -  Run Bytes Sent By Job
	0  -  Run Bytes Received By Job
	0  -  Total Bytes Sent By Job
	0  -  Total Bytes Received By Job
	Partitionable Resources :    Usage  Request Allocated 
	   Cpus                 :                 1         1 
	   Disk (KB)            :        1        1    128947 
	   Memory (MB)          :      199     3900      3968 

	Job terminated of its own accord at 2023-07-25T03:45:26Z.
...
006 (330164.008.000) 2023-07-25 12:45:27 Image size of job updated: 687232
	205  -  MemoryUsage of job (MB)
	208952  -  ResidentSetSize of job (KB)
...
005 (330164.008.000) 2023-07-25 12:45:27 Job terminated.
	(1) Normal termination (return value 0)
		Usr 0 00:00:18, Sys 0 00:00:01  -  Run Remote Usage
		Usr 0 00:00:00, Sys 0 00:00:00  -  Run Local Usage
		Usr 0 00:00:18, Sys 0 00:00:01  -  Total Remote Usage
		Usr 0 00:00:00, Sys 0 00:00:00  -  Total Local Usage
	0  -  Run Bytes Sent By Job
	0  -  Run Bytes Received By Job
	0  -  Total Bytes Sent By Job
	0  -  Total Bytes Received By Job
	Partitionable Resources :    Usage  Request Allocated 
	   Cpus                 :                 1         1 
	   Disk (KB)            :        1        1    128947 
	   Memory (MB)          :      205     3900      3968 

	Job terminated of its own accord at 2023-07-25T03:45:27Z.
...
006 (330164.003.000) 2023-07-25 12:45:27 Image size of job updated: 687288
	185  -  MemoryUsage of job (MB)
	188912  -  ResidentSetSize of job (KB)
...
005 (330164.003.000) 2023-07-25 12:45:27 Job terminated.
	(1) Normal termination (return value 0)
		Usr 0 00:00:19, Sys 0 00:00:00  -  Run Remote Usage
		Usr 0 00:00:00, Sys 0 00:00:00  -  Run Local Usage
		Usr 0 00:00:19, Sys 0 00:00:00  -  Total Remote Usage
		Usr 0 00:00:00, Sys 0 00:00:00  -  Total Local Usage
	0  -  Run Bytes Sent By Job
	0  -  Run Bytes Received By Job
	0  -  Total Bytes Sent By Job
	0  -  Total Bytes Received By Job
	Partitionable Resources :    Usage  Request Allocated 
	   Cpus                 :                 1         1 
	   Disk (KB)            :        1        1    128947 
	   Memory (MB)          :      185     3900      3968 

	Job terminated of its own accord at 2023-07-25T03:45:27Z.
...
006 (330164.001.000) 2023-07-25 12:45:27 Image size of job updated: 687284
	185  -  MemoryUsage of job (MB)
	188900  -  ResidentSetSize of job (KB)
...
006 (330164.009.000) 2023-07-25 12:45:27 Image size of job updated: 688072
	205  -  MemoryUsage of job (MB)
	209168  -  ResidentSetSize of job (KB)
...
005 (330164.001.000) 2023-07-25 12:45:27 Job terminated.
	(1) Normal termination (return value 0)
		Usr 0 00:00:19, Sys 0 00:00:00  -  Run Remote Usage
		Usr 0 00:00:00, Sys 0 00:00:00  -  Run Local Usage
		Usr 0 00:00:19, Sys 0 00:00:00  -  Total Remote Usage
		Usr 0 00:00:00, Sys 0 00:00:00  -  Total Local Usage
	0  -  Run Bytes Sent By Job
	0  -  Run Bytes Received By Job
	0  -  Total Bytes Sent By Job
	0  -  Total Bytes Received By Job
	Partitionable Resources :    Usage  Request Allocated 
	   Cpus                 :                 1         1 
	   Disk (KB)            :        1        1    128947 
	   Memory (MB)          :      185     3900      3968 

	Job terminated of its own accord at 2023-07-25T03:45:27Z.
...
005 (330164.009.000) 2023-07-25 12:45:27 Job terminated.
	(1) Normal termination (return value 0)
		Usr 0 00:00:19, Sys 0 00:00:01  -  Run Remote Usage
		Usr 0 00:00:00, Sys 0 00:00:00  -  Run Local Usage
		Usr 0 00:00:19, Sys 0 00:00:01  -  Total Remote Usage
		Usr 0 00:00:00, Sys 0 00:00:00  -  Total Local Usage
	0  -  Run Bytes Sent By Job
	0  -  Run Bytes Received By Job
	0  -  Total Bytes Sent By Job
	0  -  Total Bytes Received By Job
	Partitionable Resources :    Usage  Request Allocated 
	   Cpus                 :                 1         1 
	   Disk (KB)            :        1        1    128947 
	   Memory (MB)          :      205     3900      3968 

	Job terminated of its own accord at 2023-07-25T03:45:27Z.
...
006 (330164.007.000) 2023-07-25 12:45:28 Image size of job updated: 687600
	205  -  MemoryUsage of job (MB)
	209376  -  ResidentSetSize of job (KB)
...
005 (330164.007.000) 2023-07-25 12:45:28 Job terminated.
	(1) Normal termination (return value 0)
		Usr 0 00:00:20, Sys 0 00:00:00  -  Run Remote Usage
		Usr 0 00:00:00, Sys 0 00:00:00  -  Run Local Usage
		Usr 0 00:00:20, Sys 0 00:00:00  -  Total Remote Usage
		Usr 0 00:00:00, Sys 0 00:00:00  -  Total Local Usage
	0  -  Run Bytes Sent By Job
	0  -  Run Bytes Received By Job
	0  -  Total Bytes Sent By Job
	0  -  Total Bytes Received By Job
	Partitionable Resources :    Usage  Request Allocated 
	   Cpus                 :                 1         1 
	   Disk (KB)            :        1        1    128947 
	   Memory (MB)          :      205     3900      3968 

	Job terminated of its own accord at 2023-07-25T03:45:28Z.
...
006 (330164.004.000) 2023-07-25 12:45:29 Image size of job updated: 688012
	191  -  MemoryUsage of job (MB)
	194980  -  ResidentSetSize of job (KB)
...
005 (330164.004.000) 2023-07-25 12:45:29 Job terminated.
	(1) Normal termination (return value 0)
		Usr 0 00:00:20, Sys 0 00:00:00  -  Run Remote Usage
		Usr 0 00:00:00, Sys 0 00:00:00  -  Run Local Usage
		Usr 0 00:00:20, Sys 0 00:00:00  -  Total Remote Usage
		Usr 0 00:00:00, Sys 0 00:00:00  -  Total Local Usage
	0  -  Run Bytes Sent By Job
	0  -  Run Bytes Received By Job
	0  -  Total Bytes Sent By Job
	0  -  Total Bytes Received By Job
	Partitionable Resources :    Usage  Request Allocated 
	   Cpus                 :                 1         1 
	   Disk (KB)            :        1        1    128947 
	   Memory (MB)          :      191     3900      3968 

	Job terminated of its own accord at 2023-07-25T03:45:29Z.
...
006 (330164.005.000) 2023-07-25 12:45:29 Image size of job updated: 686508
	183  -  MemoryUsage of job (MB)
	186784  -  ResidentSetSize of job (KB)
...
005 (330164.005.000) 2023-07-25 12:45:29 Job terminated.
	(1) Normal termination (return value 0)
		Usr 0 00:00:21, Sys 0 00:00:00  -  Run Remote Usage
		Usr 0 00:00:00, Sys 0 00:00:00  -  Run Local Usage
		Usr 0 00:00:21, Sys 0 00:00:00  -  Total Remote Usage
		Usr 0 00:00:00, Sys 0 00:00:00  -  Total Local Usage
	0  -  Run Bytes Sent By Job
	0  -  Run Bytes Received By Job
	0  -  Total Bytes Sent By Job
	0  -  Total Bytes Received By Job
	Partitionable Resources :    Usage  Request Allocated 
	   Cpus                 :                 1         1 
	   Disk (KB)            :        1        1    128947 
	   Memory (MB)          :      183     3900      3968 

	Job terminated of its own accord at 2023-07-25T03:45:29Z.
...
006 (330164.006.000) 2023-07-25 12:45:32 Image size of job updated: 686680
	183  -  MemoryUsage of job (MB)
	186784  -  ResidentSetSize of job (KB)
...
005 (330164.006.000) 2023-07-25 12:45:32 Job terminated.
	(1) Normal termination (return value 0)
		Usr 0 00:00:22, Sys 0 00:00:00  -  Run Remote Usage
		Usr 0 00:00:00, Sys 0 00:00:00  -  Run Local Usage
		Usr 0 00:00:22, Sys 0 00:00:00  -  Total Remote Usage
		Usr 0 00:00:00, Sys 0 00:00:00  -  Total Local Usage
	0  -  Run Bytes Sent By Job
	0  -  Run Bytes Received By Job
	0  -  Total Bytes Sent By Job
	0  -  Total Bytes Received By Job
	Partitionable Resources :    Usage  Request Allocated 
	   Cpus                 :                 1         1 
	   Disk (KB)            :        1        1    128947 
	   Memory (MB)          :      183     3900      3968 

	Job terminated of its own accord at 2023-07-25T03:45:32Z.
...
