000 (311139.000.000) 2023-06-12 19:37:35 Job submitted from host: <172.30.1.200:9618?addrs=172.30.1.200-9618&alias=tamsa2.snu.ac.kr&noUDP&sock=schedd_3510_2582>
...
000 (311139.001.000) 2023-06-12 19:37:35 Job submitted from host: <172.30.1.200:9618?addrs=172.30.1.200-9618&alias=tamsa2.snu.ac.kr&noUDP&sock=schedd_3510_2582>
...
000 (311139.002.000) 2023-06-12 19:37:35 Job submitted from host: <172.30.1.200:9618?addrs=172.30.1.200-9618&alias=tamsa2.snu.ac.kr&noUDP&sock=schedd_3510_2582>
...
000 (311139.003.000) 2023-06-12 19:37:35 Job submitted from host: <172.30.1.200:9618?addrs=172.30.1.200-9618&alias=tamsa2.snu.ac.kr&noUDP&sock=schedd_3510_2582>
...
000 (311139.004.000) 2023-06-12 19:37:35 Job submitted from host: <172.30.1.200:9618?addrs=172.30.1.200-9618&alias=tamsa2.snu.ac.kr&noUDP&sock=schedd_3510_2582>
...
000 (311139.005.000) 2023-06-12 19:37:35 Job submitted from host: <172.30.1.200:9618?addrs=172.30.1.200-9618&alias=tamsa2.snu.ac.kr&noUDP&sock=schedd_3510_2582>
...
000 (311139.006.000) 2023-06-12 19:37:35 Job submitted from host: <172.30.1.200:9618?addrs=172.30.1.200-9618&alias=tamsa2.snu.ac.kr&noUDP&sock=schedd_3510_2582>
...
000 (311139.007.000) 2023-06-12 19:37:35 Job submitted from host: <172.30.1.200:9618?addrs=172.30.1.200-9618&alias=tamsa2.snu.ac.kr&noUDP&sock=schedd_3510_2582>
...
000 (311139.008.000) 2023-06-12 19:37:35 Job submitted from host: <172.30.1.200:9618?addrs=172.30.1.200-9618&alias=tamsa2.snu.ac.kr&noUDP&sock=schedd_3510_2582>
...
000 (311139.009.000) 2023-06-12 19:37:35 Job submitted from host: <172.30.1.200:9618?addrs=172.30.1.200-9618&alias=tamsa2.snu.ac.kr&noUDP&sock=schedd_3510_2582>
...
040 (311139.000.000) 2023-06-12 19:38:57 Started transferring input files
	Transferring to host: <172.30.1.111:9618?addrs=172.30.1.111-9618&alias=n11&noUDP&sock=slot1_1_4451_e1ce_13322>
...
040 (311139.000.000) 2023-06-12 19:38:57 Finished transferring input files
...
040 (311139.001.000) 2023-06-12 19:38:57 Started transferring input files
	Transferring to host: <172.30.1.111:9618?addrs=172.30.1.111-9618&alias=n11&noUDP&sock=slot1_6_4451_e1ce_13323>
...
040 (311139.002.000) 2023-06-12 19:38:57 Started transferring input files
	Transferring to host: <172.30.1.111:9618?addrs=172.30.1.111-9618&alias=n11&noUDP&sock=slot1_7_4451_e1ce_13324>
...
040 (311139.003.000) 2023-06-12 19:38:57 Started transferring input files
	Transferring to host: <172.30.1.111:9618?addrs=172.30.1.111-9618&alias=n11&noUDP&sock=slot1_15_4451_e1ce_13325>
...
040 (311139.001.000) 2023-06-12 19:38:57 Finished transferring input files
...
040 (311139.002.000) 2023-06-12 19:38:57 Finished transferring input files
...
040 (311139.003.000) 2023-06-12 19:38:57 Finished transferring input files
...
001 (311139.000.000) 2023-06-12 19:38:58 Job executing on host: <172.30.1.111:9618?addrs=172.30.1.111-9618&alias=n11&noUDP&sock=startd_4417_45e8>
...
001 (311139.001.000) 2023-06-12 19:38:58 Job executing on host: <172.30.1.111:9618?addrs=172.30.1.111-9618&alias=n11&noUDP&sock=startd_4417_45e8>
...
001 (311139.002.000) 2023-06-12 19:38:58 Job executing on host: <172.30.1.111:9618?addrs=172.30.1.111-9618&alias=n11&noUDP&sock=startd_4417_45e8>
...
001 (311139.003.000) 2023-06-12 19:38:58 Job executing on host: <172.30.1.111:9618?addrs=172.30.1.111-9618&alias=n11&noUDP&sock=startd_4417_45e8>
...
006 (311139.000.000) 2023-06-12 19:39:06 Image size of job updated: 226920
	184  -  MemoryUsage of job (MB)
	187848  -  ResidentSetSize of job (KB)
...
006 (311139.001.000) 2023-06-12 19:39:07 Image size of job updated: 194596
	184  -  MemoryUsage of job (MB)
	187828  -  ResidentSetSize of job (KB)
...
006 (311139.002.000) 2023-06-12 19:39:07 Image size of job updated: 192212
	184  -  MemoryUsage of job (MB)
	187836  -  ResidentSetSize of job (KB)
...
006 (311139.003.000) 2023-06-12 19:39:07 Image size of job updated: 198528
	184  -  MemoryUsage of job (MB)
	188064  -  ResidentSetSize of job (KB)
...
001 (311139.009.000) 2023-06-12 19:39:56 Job executing on host: <172.30.1.210:9618?addrs=172.30.1.210-9618&alias=node10&noUDP&sock=startd_3787_253e>
...
001 (311139.005.000) 2023-06-12 19:39:56 Job executing on host: <172.30.1.206:9618?addrs=172.30.1.206-9618&alias=node6&noUDP&sock=startd_3777_494c>
...
001 (311139.004.000) 2023-06-12 19:39:56 Job executing on host: <172.30.1.205:9618?addrs=172.30.1.205-9618&alias=node5&noUDP&sock=startd_3770_7c22>
...
001 (311139.008.000) 2023-06-12 19:39:56 Job executing on host: <172.30.1.201:9618?addrs=172.30.1.201-9618&alias=node1&noUDP&sock=startd_4675_3d58>
...
001 (311139.006.000) 2023-06-12 19:39:56 Job executing on host: <172.30.1.211:9618?addrs=172.30.1.211-9618&alias=node11&noUDP&sock=startd_3790_3407>
...
001 (311139.007.000) 2023-06-12 19:39:56 Job executing on host: <172.30.1.211:9618?addrs=172.30.1.211-9618&alias=node11&noUDP&sock=startd_3790_3407>
...
006 (311139.009.000) 2023-06-12 19:40:04 Image size of job updated: 647028
	184  -  MemoryUsage of job (MB)
	187624  -  ResidentSetSize of job (KB)
...
006 (311139.004.000) 2023-06-12 19:40:04 Image size of job updated: 606788
	173  -  MemoryUsage of job (MB)
	176348  -  ResidentSetSize of job (KB)
...
006 (311139.008.000) 2023-06-12 19:40:04 Image size of job updated: 201512
	175  -  MemoryUsage of job (MB)
	178816  -  ResidentSetSize of job (KB)
...
006 (311139.005.000) 2023-06-12 19:40:04 Image size of job updated: 135528
	130  -  MemoryUsage of job (MB)
	132392  -  ResidentSetSize of job (KB)
...
006 (311139.006.000) 2023-06-12 19:40:04 Image size of job updated: 401408
	184  -  MemoryUsage of job (MB)
	188068  -  ResidentSetSize of job (KB)
...
006 (311139.007.000) 2023-06-12 19:40:04 Image size of job updated: 401404
	184  -  MemoryUsage of job (MB)
	187636  -  ResidentSetSize of job (KB)
...
006 (311139.000.000) 2023-06-12 19:41:43 Image size of job updated: 698240
	184  -  MemoryUsage of job (MB)
	187848  -  ResidentSetSize of job (KB)
...
040 (311139.000.000) 2023-06-12 19:41:43 Started transferring output files
...
040 (311139.000.000) 2023-06-12 19:41:43 Finished transferring output files
...
005 (311139.000.000) 2023-06-12 19:41:43 Job terminated.
	(1) Normal termination (return value 0)
		Usr 0 00:02:40, Sys 0 00:00:02  -  Run Remote Usage
		Usr 0 00:00:00, Sys 0 00:00:00  -  Run Local Usage
		Usr 0 00:02:40, Sys 0 00:00:02  -  Total Remote Usage
		Usr 0 00:00:00, Sys 0 00:00:00  -  Total Local Usage
	10438  -  Run Bytes Sent By Job
	147  -  Run Bytes Received By Job
	10438  -  Total Bytes Sent By Job
	147  -  Total Bytes Received By Job
	Partitionable Resources :    Usage  Request Allocated 
	   Cpus                 :                 1         1 
	   Disk (KB)            :       56        1    127802 
	   GPUs                 :                           0 
	   Memory (MB)          :      184     3900      3968 

	Job terminated of its own accord at 2023-06-12T10:41:43Z.
...
006 (311139.003.000) 2023-06-12 19:41:46 Image size of job updated: 697084
	184  -  MemoryUsage of job (MB)
	188064  -  ResidentSetSize of job (KB)
...
040 (311139.003.000) 2023-06-12 19:41:46 Started transferring output files
...
040 (311139.003.000) 2023-06-12 19:41:46 Finished transferring output files
...
005 (311139.003.000) 2023-06-12 19:41:46 Job terminated.
	(1) Normal termination (return value 0)
		Usr 0 00:02:43, Sys 0 00:00:01  -  Run Remote Usage
		Usr 0 00:00:00, Sys 0 00:00:00  -  Run Local Usage
		Usr 0 00:02:43, Sys 0 00:00:01  -  Total Remote Usage
		Usr 0 00:00:00, Sys 0 00:00:00  -  Total Local Usage
	10868  -  Run Bytes Sent By Job
	147  -  Run Bytes Received By Job
	10868  -  Total Bytes Sent By Job
	147  -  Total Bytes Received By Job
	Partitionable Resources :    Usage  Request Allocated 
	   Cpus                 :                 1         1 
	   Disk (KB)            :       56        1    127802 
	   GPUs                 :                           0 
	   Memory (MB)          :      184     3900      3968 

	Job terminated of its own accord at 2023-06-12T10:41:46Z.
...
006 (311139.001.000) 2023-06-12 19:41:56 Image size of job updated: 698272
	184  -  MemoryUsage of job (MB)
	187828  -  ResidentSetSize of job (KB)
...
040 (311139.001.000) 2023-06-12 19:41:56 Started transferring output files
...
040 (311139.001.000) 2023-06-12 19:41:56 Finished transferring output files
...
005 (311139.001.000) 2023-06-12 19:41:56 Job terminated.
	(1) Normal termination (return value 0)
		Usr 0 00:02:54, Sys 0 00:00:01  -  Run Remote Usage
		Usr 0 00:00:00, Sys 0 00:00:00  -  Run Local Usage
		Usr 0 00:02:54, Sys 0 00:00:01  -  Total Remote Usage
		Usr 0 00:00:00, Sys 0 00:00:00  -  Total Local Usage
	9148  -  Run Bytes Sent By Job
	147  -  Run Bytes Received By Job
	9148  -  Total Bytes Sent By Job
	147  -  Total Bytes Received By Job
	Partitionable Resources :    Usage  Request Allocated 
	   Cpus                 :                 1         1 
	   Disk (KB)            :       55        1    127802 
	   GPUs                 :                           0 
	   Memory (MB)          :      184     3900      3968 

	Job terminated of its own accord at 2023-06-12T10:41:56Z.
...
006 (311139.002.000) 2023-06-12 19:42:05 Image size of job updated: 698116
	184  -  MemoryUsage of job (MB)
	187836  -  ResidentSetSize of job (KB)
...
040 (311139.002.000) 2023-06-12 19:42:05 Started transferring output files
...
040 (311139.002.000) 2023-06-12 19:42:05 Finished transferring output files
...
005 (311139.002.000) 2023-06-12 19:42:05 Job terminated.
	(1) Normal termination (return value 0)
		Usr 0 00:03:01, Sys 0 00:00:01  -  Run Remote Usage
		Usr 0 00:00:00, Sys 0 00:00:00  -  Run Local Usage
		Usr 0 00:03:01, Sys 0 00:00:01  -  Total Remote Usage
		Usr 0 00:00:00, Sys 0 00:00:00  -  Total Local Usage
	9990  -  Run Bytes Sent By Job
	147  -  Run Bytes Received By Job
	9990  -  Total Bytes Sent By Job
	147  -  Total Bytes Received By Job
	Partitionable Resources :    Usage  Request Allocated 
	   Cpus                 :                 1         1 
	   Disk (KB)            :       55        1    127802 
	   GPUs                 :                           0 
	   Memory (MB)          :      184     3900      3968 

	Job terminated of its own accord at 2023-06-12T10:42:05Z.
...
006 (311139.005.000) 2023-06-12 19:43:21 Image size of job updated: 698240
	131  -  MemoryUsage of job (MB)
	133572  -  ResidentSetSize of job (KB)
...
005 (311139.005.000) 2023-06-12 19:43:21 Job terminated.
	(1) Normal termination (return value 0)
		Usr 0 00:03:10, Sys 0 00:00:02  -  Run Remote Usage
		Usr 0 00:00:00, Sys 0 00:00:00  -  Run Local Usage
		Usr 0 00:03:10, Sys 0 00:00:02  -  Total Remote Usage
		Usr 0 00:00:00, Sys 0 00:00:00  -  Total Local Usage
	0  -  Run Bytes Sent By Job
	0  -  Run Bytes Received By Job
	0  -  Total Bytes Sent By Job
	0  -  Total Bytes Received By Job
	Partitionable Resources :    Usage  Request Allocated 
	   Cpus                 :     0.34        1         1 
	   Disk (KB)            :     1           1     95898 
	   Memory (MB)          :   131        3900      3968 

	Job terminated of its own accord at 2023-06-12T10:43:21Z.
...
006 (311139.004.000) 2023-06-12 19:43:24 Image size of job updated: 698344
	173  -  MemoryUsage of job (MB)
	176348  -  ResidentSetSize of job (KB)
...
005 (311139.004.000) 2023-06-12 19:43:24 Job terminated.
	(1) Normal termination (return value 0)
		Usr 0 00:03:16, Sys 0 00:00:02  -  Run Remote Usage
		Usr 0 00:00:00, Sys 0 00:00:00  -  Run Local Usage
		Usr 0 00:03:16, Sys 0 00:00:02  -  Total Remote Usage
		Usr 0 00:00:00, Sys 0 00:00:00  -  Total Local Usage
	0  -  Run Bytes Sent By Job
	0  -  Run Bytes Received By Job
	0  -  Total Bytes Sent By Job
	0  -  Total Bytes Received By Job
	Partitionable Resources :    Usage  Request Allocated 
	   Cpus                 :     0.89        1         1 
	   Disk (KB)            :     1           1    128928 
	   Memory (MB)          :   173        3900      3968 

	Job terminated of its own accord at 2023-06-12T10:43:24Z.
...
006 (311139.006.000) 2023-06-12 19:43:28 Image size of job updated: 697632
	184  -  MemoryUsage of job (MB)
	188068  -  ResidentSetSize of job (KB)
...
005 (311139.006.000) 2023-06-12 19:43:28 Job terminated.
	(1) Normal termination (return value 0)
		Usr 0 00:03:22, Sys 0 00:00:01  -  Run Remote Usage
		Usr 0 00:00:00, Sys 0 00:00:00  -  Run Local Usage
		Usr 0 00:03:22, Sys 0 00:00:01  -  Total Remote Usage
		Usr 0 00:00:00, Sys 0 00:00:00  -  Total Local Usage
	0  -  Run Bytes Sent By Job
	0  -  Run Bytes Received By Job
	0  -  Total Bytes Sent By Job
	0  -  Total Bytes Received By Job
	Partitionable Resources :    Usage  Request Allocated 
	   Cpus                 :                 1         1 
	   Disk (KB)            :        1        1    128928 
	   Memory (MB)          :      184     3900      3968 

	Job terminated of its own accord at 2023-06-12T10:43:28Z.
...
006 (311139.007.000) 2023-06-12 19:43:31 Image size of job updated: 695512
	184  -  MemoryUsage of job (MB)
	187636  -  ResidentSetSize of job (KB)
...
005 (311139.007.000) 2023-06-12 19:43:32 Job terminated.
	(1) Normal termination (return value 0)
		Usr 0 00:03:27, Sys 0 00:00:01  -  Run Remote Usage
		Usr 0 00:00:00, Sys 0 00:00:00  -  Run Local Usage
		Usr 0 00:03:27, Sys 0 00:00:01  -  Total Remote Usage
		Usr 0 00:00:00, Sys 0 00:00:00  -  Total Local Usage
	0  -  Run Bytes Sent By Job
	0  -  Run Bytes Received By Job
	0  -  Total Bytes Sent By Job
	0  -  Total Bytes Received By Job
	Partitionable Resources :    Usage  Request Allocated 
	   Cpus                 :                 1         1 
	   Disk (KB)            :        1        1    128928 
	   Memory (MB)          :      184     3900      3968 

	Job terminated of its own accord at 2023-06-12T10:43:31Z.
...
006 (311139.008.000) 2023-06-12 19:43:43 Image size of job updated: 698248
	175  -  MemoryUsage of job (MB)
	178820  -  ResidentSetSize of job (KB)
...
005 (311139.008.000) 2023-06-12 19:43:43 Job terminated.
	(1) Normal termination (return value 0)
		Usr 0 00:03:35, Sys 0 00:00:02  -  Run Remote Usage
		Usr 0 00:00:00, Sys 0 00:00:00  -  Run Local Usage
		Usr 0 00:03:35, Sys 0 00:00:02  -  Total Remote Usage
		Usr 0 00:00:00, Sys 0 00:00:00  -  Total Local Usage
	0  -  Run Bytes Sent By Job
	0  -  Run Bytes Received By Job
	0  -  Total Bytes Sent By Job
	0  -  Total Bytes Received By Job
	Partitionable Resources :    Usage  Request Allocated 
	   Cpus                 :     0.97        1         1 
	   Disk (KB)            :     1           1    128992 
	   Memory (MB)          :   175        3900      3968 

	Job terminated of its own accord at 2023-06-12T10:43:43Z.
...
006 (311139.009.000) 2023-06-12 19:44:55 Image size of job updated: 697616
	184  -  MemoryUsage of job (MB)
	187624  -  ResidentSetSize of job (KB)
...
005 (311139.009.000) 2023-06-12 19:44:55 Job terminated.
	(1) Normal termination (return value 0)
		Usr 0 00:04:47, Sys 0 00:00:02  -  Run Remote Usage
		Usr 0 00:00:00, Sys 0 00:00:00  -  Run Local Usage
		Usr 0 00:04:47, Sys 0 00:00:02  -  Total Remote Usage
		Usr 0 00:00:00, Sys 0 00:00:00  -  Total Local Usage
	0  -  Run Bytes Sent By Job
	0  -  Run Bytes Received By Job
	0  -  Total Bytes Sent By Job
	0  -  Total Bytes Received By Job
	Partitionable Resources :    Usage  Request Allocated 
	   Cpus                 :     1.00        1         1 
	   Disk (KB)            :     1           1    128928 
	   Memory (MB)          :   184        3900      3968 

	Job terminated of its own accord at 2023-06-12T10:44:55Z.
...
