000 (330134.000.000) 2023-07-25 11:52:16 Job submitted from host: <172.30.1.200:9618?addrs=172.30.1.200-9618&alias=tamsa2.snu.ac.kr&noUDP&sock=schedd_3510_2582>
...
000 (330134.001.000) 2023-07-25 11:52:16 Job submitted from host: <172.30.1.200:9618?addrs=172.30.1.200-9618&alias=tamsa2.snu.ac.kr&noUDP&sock=schedd_3510_2582>
...
000 (330134.002.000) 2023-07-25 11:52:16 Job submitted from host: <172.30.1.200:9618?addrs=172.30.1.200-9618&alias=tamsa2.snu.ac.kr&noUDP&sock=schedd_3510_2582>
...
000 (330134.003.000) 2023-07-25 11:52:16 Job submitted from host: <172.30.1.200:9618?addrs=172.30.1.200-9618&alias=tamsa2.snu.ac.kr&noUDP&sock=schedd_3510_2582>
...
000 (330134.004.000) 2023-07-25 11:52:16 Job submitted from host: <172.30.1.200:9618?addrs=172.30.1.200-9618&alias=tamsa2.snu.ac.kr&noUDP&sock=schedd_3510_2582>
...
000 (330134.005.000) 2023-07-25 11:52:16 Job submitted from host: <172.30.1.200:9618?addrs=172.30.1.200-9618&alias=tamsa2.snu.ac.kr&noUDP&sock=schedd_3510_2582>
...
000 (330134.006.000) 2023-07-25 11:52:16 Job submitted from host: <172.30.1.200:9618?addrs=172.30.1.200-9618&alias=tamsa2.snu.ac.kr&noUDP&sock=schedd_3510_2582>
...
000 (330134.007.000) 2023-07-25 11:52:16 Job submitted from host: <172.30.1.200:9618?addrs=172.30.1.200-9618&alias=tamsa2.snu.ac.kr&noUDP&sock=schedd_3510_2582>
...
000 (330134.008.000) 2023-07-25 11:52:16 Job submitted from host: <172.30.1.200:9618?addrs=172.30.1.200-9618&alias=tamsa2.snu.ac.kr&noUDP&sock=schedd_3510_2582>
...
000 (330134.009.000) 2023-07-25 11:52:16 Job submitted from host: <172.30.1.200:9618?addrs=172.30.1.200-9618&alias=tamsa2.snu.ac.kr&noUDP&sock=schedd_3510_2582>
...
001 (330134.000.000) 2023-07-25 11:52:30 Job executing on host: <172.30.1.203:9618?addrs=172.30.1.203-9618&alias=node3&noUDP&sock=startd_3773_8aeb>
...
001 (330134.001.000) 2023-07-25 11:52:30 Job executing on host: <172.30.1.203:9618?addrs=172.30.1.203-9618&alias=node3&noUDP&sock=startd_3773_8aeb>
...
001 (330134.002.000) 2023-07-25 11:52:30 Job executing on host: <172.30.1.203:9618?addrs=172.30.1.203-9618&alias=node3&noUDP&sock=startd_3773_8aeb>
...
001 (330134.003.000) 2023-07-25 11:52:31 Job executing on host: <172.30.1.203:9618?addrs=172.30.1.203-9618&alias=node3&noUDP&sock=startd_3773_8aeb>
...
001 (330134.004.000) 2023-07-25 11:52:31 Job executing on host: <172.30.1.203:9618?addrs=172.30.1.203-9618&alias=node3&noUDP&sock=startd_3773_8aeb>
...
001 (330134.005.000) 2023-07-25 11:52:31 Job executing on host: <172.30.1.203:9618?addrs=172.30.1.203-9618&alias=node3&noUDP&sock=startd_3773_8aeb>
...
001 (330134.006.000) 2023-07-25 11:52:31 Job executing on host: <172.30.1.203:9618?addrs=172.30.1.203-9618&alias=node3&noUDP&sock=startd_3773_8aeb>
...
001 (330134.007.000) 2023-07-25 11:52:31 Job executing on host: <172.30.1.203:9618?addrs=172.30.1.203-9618&alias=node3&noUDP&sock=startd_3773_8aeb>
...
001 (330134.008.000) 2023-07-25 11:52:31 Job executing on host: <172.30.1.203:9618?addrs=172.30.1.203-9618&alias=node3&noUDP&sock=startd_3773_8aeb>
...
001 (330134.009.000) 2023-07-25 11:52:31 Job executing on host: <172.30.1.203:9618?addrs=172.30.1.203-9618&alias=node3&noUDP&sock=startd_3773_8aeb>
...
006 (330134.002.000) 2023-07-25 11:52:39 Image size of job updated: 469220
	192  -  MemoryUsage of job (MB)
	196340  -  ResidentSetSize of job (KB)
...
006 (330134.003.000) 2023-07-25 11:52:39 Image size of job updated: 644864
	182  -  MemoryUsage of job (MB)
	186236  -  ResidentSetSize of job (KB)
...
006 (330134.004.000) 2023-07-25 11:52:39 Image size of job updated: 644828
	182  -  MemoryUsage of job (MB)
	186340  -  ResidentSetSize of job (KB)
...
006 (330134.005.000) 2023-07-25 11:52:39 Image size of job updated: 644860
	182  -  MemoryUsage of job (MB)
	186268  -  ResidentSetSize of job (KB)
...
006 (330134.006.000) 2023-07-25 11:52:39 Image size of job updated: 649972
	192  -  MemoryUsage of job (MB)
	196200  -  ResidentSetSize of job (KB)
...
006 (330134.007.000) 2023-07-25 11:52:39 Image size of job updated: 679616
	205  -  MemoryUsage of job (MB)
	208924  -  ResidentSetSize of job (KB)
...
006 (330134.008.000) 2023-07-25 11:52:39 Image size of job updated: 644828
	182  -  MemoryUsage of job (MB)
	186264  -  ResidentSetSize of job (KB)
...
006 (330134.000.000) 2023-07-25 11:52:39 Image size of job updated: 666800
	204  -  MemoryUsage of job (MB)
	208796  -  ResidentSetSize of job (KB)
...
006 (330134.001.000) 2023-07-25 11:52:39 Image size of job updated: 681256
	204  -  MemoryUsage of job (MB)
	208840  -  ResidentSetSize of job (KB)
...
006 (330134.009.000) 2023-07-25 11:52:40 Image size of job updated: 661416
	204  -  MemoryUsage of job (MB)
	208892  -  ResidentSetSize of job (KB)
...
006 (330134.006.000) 2023-07-25 11:52:47 Image size of job updated: 649972
	192  -  MemoryUsage of job (MB)
	196216  -  ResidentSetSize of job (KB)
...
005 (330134.006.000) 2023-07-25 11:52:47 Job terminated.
	(1) Normal termination (return value 0)
		Usr 0 00:00:14, Sys 0 00:00:00  -  Run Remote Usage
		Usr 0 00:00:00, Sys 0 00:00:00  -  Run Local Usage
		Usr 0 00:00:14, Sys 0 00:00:00  -  Total Remote Usage
		Usr 0 00:00:00, Sys 0 00:00:00  -  Total Local Usage
	0  -  Run Bytes Sent By Job
	0  -  Run Bytes Received By Job
	0  -  Total Bytes Sent By Job
	0  -  Total Bytes Received By Job
	Partitionable Resources :    Usage  Request Allocated 
	   Cpus                 :                 1         1 
	   Disk (KB)            :        1        1    128928 
	   Memory (MB)          :      192     3900      3968 

	Job terminated of its own accord at 2023-07-25T02:52:47Z.
...
006 (330134.001.000) 2023-07-25 11:52:47 Image size of job updated: 686544
	204  -  MemoryUsage of job (MB)
	208840  -  ResidentSetSize of job (KB)
...
005 (330134.001.000) 2023-07-25 11:52:47 Job terminated.
	(1) Normal termination (return value 0)
		Usr 0 00:00:15, Sys 0 00:00:01  -  Run Remote Usage
		Usr 0 00:00:00, Sys 0 00:00:00  -  Run Local Usage
		Usr 0 00:00:15, Sys 0 00:00:01  -  Total Remote Usage
		Usr 0 00:00:00, Sys 0 00:00:00  -  Total Local Usage
	0  -  Run Bytes Sent By Job
	0  -  Run Bytes Received By Job
	0  -  Total Bytes Sent By Job
	0  -  Total Bytes Received By Job
	Partitionable Resources :    Usage  Request Allocated 
	   Cpus                 :                 1         1 
	   Disk (KB)            :        1        1    128928 
	   Memory (MB)          :      204     3900      3968 

	Job terminated of its own accord at 2023-07-25T02:52:47Z.
...
006 (330134.007.000) 2023-07-25 11:52:48 Image size of job updated: 682108
	205  -  MemoryUsage of job (MB)
	208924  -  ResidentSetSize of job (KB)
...
005 (330134.007.000) 2023-07-25 11:52:48 Job terminated.
	(1) Normal termination (return value 0)
		Usr 0 00:00:15, Sys 0 00:00:00  -  Run Remote Usage
		Usr 0 00:00:00, Sys 0 00:00:00  -  Run Local Usage
		Usr 0 00:00:15, Sys 0 00:00:00  -  Total Remote Usage
		Usr 0 00:00:00, Sys 0 00:00:00  -  Total Local Usage
	0  -  Run Bytes Sent By Job
	0  -  Run Bytes Received By Job
	0  -  Total Bytes Sent By Job
	0  -  Total Bytes Received By Job
	Partitionable Resources :    Usage  Request Allocated 
	   Cpus                 :                 1         1 
	   Disk (KB)            :        1        1    128928 
	   Memory (MB)          :      205     3900      3968 

	Job terminated of its own accord at 2023-07-25T02:52:48Z.
...
006 (330134.000.000) 2023-07-25 11:52:48 Image size of job updated: 687220
	204  -  MemoryUsage of job (MB)
	208796  -  ResidentSetSize of job (KB)
...
005 (330134.000.000) 2023-07-25 11:52:48 Job terminated.
	(1) Normal termination (return value 0)
		Usr 0 00:00:16, Sys 0 00:00:00  -  Run Remote Usage
		Usr 0 00:00:00, Sys 0 00:00:00  -  Run Local Usage
		Usr 0 00:00:16, Sys 0 00:00:00  -  Total Remote Usage
		Usr 0 00:00:00, Sys 0 00:00:00  -  Total Local Usage
	0  -  Run Bytes Sent By Job
	0  -  Run Bytes Received By Job
	0  -  Total Bytes Sent By Job
	0  -  Total Bytes Received By Job
	Partitionable Resources :    Usage  Request Allocated 
	   Cpus                 :                 1         1 
	   Disk (KB)            :        1        1    128928 
	   Memory (MB)          :      204     3900      3968 

	Job terminated of its own accord at 2023-07-25T02:52:48Z.
...
006 (330134.009.000) 2023-07-25 11:52:49 Image size of job updated: 686856
	204  -  MemoryUsage of job (MB)
	208892  -  ResidentSetSize of job (KB)
...
005 (330134.009.000) 2023-07-25 11:52:49 Job terminated.
	(1) Normal termination (return value 0)
		Usr 0 00:00:16, Sys 0 00:00:00  -  Run Remote Usage
		Usr 0 00:00:00, Sys 0 00:00:00  -  Run Local Usage
		Usr 0 00:00:16, Sys 0 00:00:00  -  Total Remote Usage
		Usr 0 00:00:00, Sys 0 00:00:00  -  Total Local Usage
	0  -  Run Bytes Sent By Job
	0  -  Run Bytes Received By Job
	0  -  Total Bytes Sent By Job
	0  -  Total Bytes Received By Job
	Partitionable Resources :    Usage  Request Allocated 
	   Cpus                 :                 1         1 
	   Disk (KB)            :        1        1    128928 
	   Memory (MB)          :      204     3900      3968 

	Job terminated of its own accord at 2023-07-25T02:52:49Z.
...
006 (330134.005.000) 2023-07-25 11:52:49 Image size of job updated: 687244
	182  -  MemoryUsage of job (MB)
	186268  -  ResidentSetSize of job (KB)
...
006 (330134.002.000) 2023-07-25 11:52:49 Image size of job updated: 687540
	193  -  MemoryUsage of job (MB)
	196700  -  ResidentSetSize of job (KB)
...
006 (330134.008.000) 2023-07-25 11:52:49 Image size of job updated: 685656
	182  -  MemoryUsage of job (MB)
	186264  -  ResidentSetSize of job (KB)
...
005 (330134.005.000) 2023-07-25 11:52:49 Job terminated.
	(1) Normal termination (return value 0)
		Usr 0 00:00:17, Sys 0 00:00:00  -  Run Remote Usage
		Usr 0 00:00:00, Sys 0 00:00:00  -  Run Local Usage
		Usr 0 00:00:17, Sys 0 00:00:00  -  Total Remote Usage
		Usr 0 00:00:00, Sys 0 00:00:00  -  Total Local Usage
	0  -  Run Bytes Sent By Job
	0  -  Run Bytes Received By Job
	0  -  Total Bytes Sent By Job
	0  -  Total Bytes Received By Job
	Partitionable Resources :    Usage  Request Allocated 
	   Cpus                 :                 1         1 
	   Disk (KB)            :        1        1    128928 
	   Memory (MB)          :      182     3900      3968 

	Job terminated of its own accord at 2023-07-25T02:52:49Z.
...
005 (330134.002.000) 2023-07-25 11:52:50 Job terminated.
	(1) Normal termination (return value 0)
		Usr 0 00:00:17, Sys 0 00:00:00  -  Run Remote Usage
		Usr 0 00:00:00, Sys 0 00:00:00  -  Run Local Usage
		Usr 0 00:00:17, Sys 0 00:00:00  -  Total Remote Usage
		Usr 0 00:00:00, Sys 0 00:00:00  -  Total Local Usage
	0  -  Run Bytes Sent By Job
	0  -  Run Bytes Received By Job
	0  -  Total Bytes Sent By Job
	0  -  Total Bytes Received By Job
	Partitionable Resources :    Usage  Request Allocated 
	   Cpus                 :                 1         1 
	   Disk (KB)            :        1        1    128928 
	   Memory (MB)          :      193     3900      3968 

	Job terminated of its own accord at 2023-07-25T02:52:49Z.
...
005 (330134.008.000) 2023-07-25 11:52:50 Job terminated.
	(1) Normal termination (return value 0)
		Usr 0 00:00:17, Sys 0 00:00:00  -  Run Remote Usage
		Usr 0 00:00:00, Sys 0 00:00:00  -  Run Local Usage
		Usr 0 00:00:17, Sys 0 00:00:00  -  Total Remote Usage
		Usr 0 00:00:00, Sys 0 00:00:00  -  Total Local Usage
	0  -  Run Bytes Sent By Job
	0  -  Run Bytes Received By Job
	0  -  Total Bytes Sent By Job
	0  -  Total Bytes Received By Job
	Partitionable Resources :    Usage  Request Allocated 
	   Cpus                 :                 1         1 
	   Disk (KB)            :        1        1    128928 
	   Memory (MB)          :      182     3900      3968 

	Job terminated of its own accord at 2023-07-25T02:52:49Z.
...
006 (330134.003.000) 2023-07-25 11:52:51 Image size of job updated: 685752
	182  -  MemoryUsage of job (MB)
	186236  -  ResidentSetSize of job (KB)
...
005 (330134.003.000) 2023-07-25 11:52:51 Job terminated.
	(1) Normal termination (return value 0)
		Usr 0 00:00:18, Sys 0 00:00:00  -  Run Remote Usage
		Usr 0 00:00:00, Sys 0 00:00:00  -  Run Local Usage
		Usr 0 00:00:18, Sys 0 00:00:00  -  Total Remote Usage
		Usr 0 00:00:00, Sys 0 00:00:00  -  Total Local Usage
	0  -  Run Bytes Sent By Job
	0  -  Run Bytes Received By Job
	0  -  Total Bytes Sent By Job
	0  -  Total Bytes Received By Job
	Partitionable Resources :    Usage  Request Allocated 
	   Cpus                 :                 1         1 
	   Disk (KB)            :        1        1    128928 
	   Memory (MB)          :      182     3900      3968 

	Job terminated of its own accord at 2023-07-25T02:52:51Z.
...
006 (330134.004.000) 2023-07-25 11:52:51 Image size of job updated: 687532
	182  -  MemoryUsage of job (MB)
	186340  -  ResidentSetSize of job (KB)
...
005 (330134.004.000) 2023-07-25 11:52:51 Job terminated.
	(1) Normal termination (return value 0)
		Usr 0 00:00:19, Sys 0 00:00:00  -  Run Remote Usage
		Usr 0 00:00:00, Sys 0 00:00:00  -  Run Local Usage
		Usr 0 00:00:19, Sys 0 00:00:00  -  Total Remote Usage
		Usr 0 00:00:00, Sys 0 00:00:00  -  Total Local Usage
	0  -  Run Bytes Sent By Job
	0  -  Run Bytes Received By Job
	0  -  Total Bytes Sent By Job
	0  -  Total Bytes Received By Job
	Partitionable Resources :    Usage  Request Allocated 
	   Cpus                 :                 1         1 
	   Disk (KB)            :        1        1    128928 
	   Memory (MB)          :      182     3900      3968 

	Job terminated of its own accord at 2023-07-25T02:52:51Z.
...
