000 (310174.000.000) 2023-06-09 15:53:48 Job submitted from host: <172.30.1.200:9618?addrs=172.30.1.200-9618&alias=tamsa2.snu.ac.kr&noUDP&sock=schedd_3510_2582>
...
000 (310174.001.000) 2023-06-09 15:53:48 Job submitted from host: <172.30.1.200:9618?addrs=172.30.1.200-9618&alias=tamsa2.snu.ac.kr&noUDP&sock=schedd_3510_2582>
...
000 (310174.002.000) 2023-06-09 15:53:48 Job submitted from host: <172.30.1.200:9618?addrs=172.30.1.200-9618&alias=tamsa2.snu.ac.kr&noUDP&sock=schedd_3510_2582>
...
000 (310174.003.000) 2023-06-09 15:53:48 Job submitted from host: <172.30.1.200:9618?addrs=172.30.1.200-9618&alias=tamsa2.snu.ac.kr&noUDP&sock=schedd_3510_2582>
...
000 (310174.004.000) 2023-06-09 15:53:48 Job submitted from host: <172.30.1.200:9618?addrs=172.30.1.200-9618&alias=tamsa2.snu.ac.kr&noUDP&sock=schedd_3510_2582>
...
000 (310174.005.000) 2023-06-09 15:53:48 Job submitted from host: <172.30.1.200:9618?addrs=172.30.1.200-9618&alias=tamsa2.snu.ac.kr&noUDP&sock=schedd_3510_2582>
...
000 (310174.006.000) 2023-06-09 15:53:48 Job submitted from host: <172.30.1.200:9618?addrs=172.30.1.200-9618&alias=tamsa2.snu.ac.kr&noUDP&sock=schedd_3510_2582>
...
000 (310174.007.000) 2023-06-09 15:53:48 Job submitted from host: <172.30.1.200:9618?addrs=172.30.1.200-9618&alias=tamsa2.snu.ac.kr&noUDP&sock=schedd_3510_2582>
...
000 (310174.008.000) 2023-06-09 15:53:48 Job submitted from host: <172.30.1.200:9618?addrs=172.30.1.200-9618&alias=tamsa2.snu.ac.kr&noUDP&sock=schedd_3510_2582>
...
000 (310174.009.000) 2023-06-09 15:53:48 Job submitted from host: <172.30.1.200:9618?addrs=172.30.1.200-9618&alias=tamsa2.snu.ac.kr&noUDP&sock=schedd_3510_2582>
...
001 (310174.006.000) 2023-06-09 15:53:56 Job executing on host: <172.30.1.203:9618?addrs=172.30.1.203-9618&alias=node3&noUDP&sock=startd_3773_8aeb>
...
001 (310174.000.000) 2023-06-09 15:53:56 Job executing on host: <172.30.1.211:9618?addrs=172.30.1.211-9618&alias=node11&noUDP&sock=startd_3790_3407>
...
001 (310174.007.000) 2023-06-09 15:53:56 Job executing on host: <172.30.1.203:9618?addrs=172.30.1.203-9618&alias=node3&noUDP&sock=startd_3773_8aeb>
...
001 (310174.008.000) 2023-06-09 15:53:56 Job executing on host: <172.30.1.203:9618?addrs=172.30.1.203-9618&alias=node3&noUDP&sock=startd_3773_8aeb>
...
001 (310174.001.000) 2023-06-09 15:53:56 Job executing on host: <172.30.1.211:9618?addrs=172.30.1.211-9618&alias=node11&noUDP&sock=startd_3790_3407>
...
001 (310174.009.000) 2023-06-09 15:53:56 Job executing on host: <172.30.1.203:9618?addrs=172.30.1.203-9618&alias=node3&noUDP&sock=startd_3773_8aeb>
...
001 (310174.002.000) 2023-06-09 15:53:56 Job executing on host: <172.30.1.211:9618?addrs=172.30.1.211-9618&alias=node11&noUDP&sock=startd_3790_3407>
...
001 (310174.003.000) 2023-06-09 15:53:56 Job executing on host: <172.30.1.211:9618?addrs=172.30.1.211-9618&alias=node11&noUDP&sock=startd_3790_3407>
...
001 (310174.004.000) 2023-06-09 15:53:57 Job executing on host: <172.30.1.211:9618?addrs=172.30.1.211-9618&alias=node11&noUDP&sock=startd_3790_3407>
...
001 (310174.005.000) 2023-06-09 15:53:57 Job executing on host: <172.30.1.211:9618?addrs=172.30.1.211-9618&alias=node11&noUDP&sock=startd_3790_3407>
...
006 (310174.003.000) 2023-06-09 15:54:05 Image size of job updated: 647900
	201  -  MemoryUsage of job (MB)
	204964  -  ResidentSetSize of job (KB)
...
006 (310174.004.000) 2023-06-09 15:54:05 Image size of job updated: 647904
	201  -  MemoryUsage of job (MB)
	204952  -  ResidentSetSize of job (KB)
...
006 (310174.005.000) 2023-06-09 15:54:05 Image size of job updated: 647908
	183  -  MemoryUsage of job (MB)
	186812  -  ResidentSetSize of job (KB)
...
006 (310174.006.000) 2023-06-09 15:54:05 Image size of job updated: 208156
	204  -  MemoryUsage of job (MB)
	208156  -  ResidentSetSize of job (KB)
...
006 (310174.007.000) 2023-06-09 15:54:05 Image size of job updated: 166004
	163  -  MemoryUsage of job (MB)
	166004  -  ResidentSetSize of job (KB)
...
006 (310174.000.000) 2023-06-09 15:54:05 Image size of job updated: 647924
	203  -  MemoryUsage of job (MB)
	207188  -  ResidentSetSize of job (KB)
...
006 (310174.008.000) 2023-06-09 15:54:05 Image size of job updated: 186828
	183  -  MemoryUsage of job (MB)
	186828  -  ResidentSetSize of job (KB)
...
006 (310174.001.000) 2023-06-09 15:54:05 Image size of job updated: 647988
	203  -  MemoryUsage of job (MB)
	207684  -  ResidentSetSize of job (KB)
...
006 (310174.009.000) 2023-06-09 15:54:05 Image size of job updated: 205028
	201  -  MemoryUsage of job (MB)
	205028  -  ResidentSetSize of job (KB)
...
006 (310174.002.000) 2023-06-09 15:54:05 Image size of job updated: 642720
	191  -  MemoryUsage of job (MB)
	194740  -  ResidentSetSize of job (KB)
...
006 (310174.004.000) 2023-06-09 15:54:21 Image size of job updated: 684772
	201  -  MemoryUsage of job (MB)
	204952  -  ResidentSetSize of job (KB)
...
005 (310174.004.000) 2023-06-09 15:54:21 Job terminated.
	(1) Normal termination (return value 0)
		Usr 0 00:00:21, Sys 0 00:00:01  -  Run Remote Usage
		Usr 0 00:00:00, Sys 0 00:00:00  -  Run Local Usage
		Usr 0 00:00:21, Sys 0 00:00:01  -  Total Remote Usage
		Usr 0 00:00:00, Sys 0 00:00:00  -  Total Local Usage
	0  -  Run Bytes Sent By Job
	0  -  Run Bytes Received By Job
	0  -  Total Bytes Sent By Job
	0  -  Total Bytes Received By Job
	Partitionable Resources :    Usage  Request Allocated 
	   Cpus                 :                 1         1 
	   Disk (KB)            :        1        1    128928 
	   Memory (MB)          :      201     3900      3968 

	Job terminated of its own accord at 2023-06-09T06:54:21Z.
...
006 (310174.003.000) 2023-06-09 15:54:22 Image size of job updated: 684776
	201  -  MemoryUsage of job (MB)
	204964  -  ResidentSetSize of job (KB)
...
005 (310174.003.000) 2023-06-09 15:54:22 Job terminated.
	(1) Normal termination (return value 0)
		Usr 0 00:00:22, Sys 0 00:00:01  -  Run Remote Usage
		Usr 0 00:00:00, Sys 0 00:00:00  -  Run Local Usage
		Usr 0 00:00:22, Sys 0 00:00:01  -  Total Remote Usage
		Usr 0 00:00:00, Sys 0 00:00:00  -  Total Local Usage
	0  -  Run Bytes Sent By Job
	0  -  Run Bytes Received By Job
	0  -  Total Bytes Sent By Job
	0  -  Total Bytes Received By Job
	Partitionable Resources :    Usage  Request Allocated 
	   Cpus                 :                 1         1 
	   Disk (KB)            :        1        1    128928 
	   Memory (MB)          :      201     3900      3968 

	Job terminated of its own accord at 2023-06-09T06:54:22Z.
...
006 (310174.001.000) 2023-06-09 15:54:23 Image size of job updated: 689344
	203  -  MemoryUsage of job (MB)
	207684  -  ResidentSetSize of job (KB)
...
005 (310174.001.000) 2023-06-09 15:54:23 Job terminated.
	(1) Normal termination (return value 0)
		Usr 0 00:00:23, Sys 0 00:00:01  -  Run Remote Usage
		Usr 0 00:00:00, Sys 0 00:00:00  -  Run Local Usage
		Usr 0 00:00:23, Sys 0 00:00:01  -  Total Remote Usage
		Usr 0 00:00:00, Sys 0 00:00:00  -  Total Local Usage
	0  -  Run Bytes Sent By Job
	0  -  Run Bytes Received By Job
	0  -  Total Bytes Sent By Job
	0  -  Total Bytes Received By Job
	Partitionable Resources :    Usage  Request Allocated 
	   Cpus                 :                 1         1 
	   Disk (KB)            :        1        1    128928 
	   Memory (MB)          :      203     3900      3968 

	Job terminated of its own accord at 2023-06-09T06:54:23Z.
...
006 (310174.005.000) 2023-06-09 15:54:23 Image size of job updated: 685348
	183  -  MemoryUsage of job (MB)
	186812  -  ResidentSetSize of job (KB)
...
005 (310174.005.000) 2023-06-09 15:54:23 Job terminated.
	(1) Normal termination (return value 0)
		Usr 0 00:00:24, Sys 0 00:00:01  -  Run Remote Usage
		Usr 0 00:00:00, Sys 0 00:00:00  -  Run Local Usage
		Usr 0 00:00:24, Sys 0 00:00:01  -  Total Remote Usage
		Usr 0 00:00:00, Sys 0 00:00:00  -  Total Local Usage
	0  -  Run Bytes Sent By Job
	0  -  Run Bytes Received By Job
	0  -  Total Bytes Sent By Job
	0  -  Total Bytes Received By Job
	Partitionable Resources :    Usage  Request Allocated 
	   Cpus                 :                 1         1 
	   Disk (KB)            :        1        1    128928 
	   Memory (MB)          :      183     3900      3968 

	Job terminated of its own accord at 2023-06-09T06:54:23Z.
...
006 (310174.009.000) 2023-06-09 15:54:25 Image size of job updated: 687156
	201  -  MemoryUsage of job (MB)
	205028  -  ResidentSetSize of job (KB)
...
005 (310174.009.000) 2023-06-09 15:54:25 Job terminated.
	(1) Normal termination (return value 0)
		Usr 0 00:00:24, Sys 0 00:00:01  -  Run Remote Usage
		Usr 0 00:00:00, Sys 0 00:00:00  -  Run Local Usage
		Usr 0 00:00:24, Sys 0 00:00:01  -  Total Remote Usage
		Usr 0 00:00:00, Sys 0 00:00:00  -  Total Local Usage
	0  -  Run Bytes Sent By Job
	0  -  Run Bytes Received By Job
	0  -  Total Bytes Sent By Job
	0  -  Total Bytes Received By Job
	Partitionable Resources :    Usage  Request Allocated 
	   Cpus                 :     0.01        1         1 
	   Disk (KB)            :     1           1    128928 
	   Memory (MB)          :   201        3900      3968 

	Job terminated of its own accord at 2023-06-09T06:54:25Z.
...
006 (310174.006.000) 2023-06-09 15:54:26 Image size of job updated: 684716
	204  -  MemoryUsage of job (MB)
	208156  -  ResidentSetSize of job (KB)
...
005 (310174.006.000) 2023-06-09 15:54:26 Job terminated.
	(1) Normal termination (return value 0)
		Usr 0 00:00:25, Sys 0 00:00:01  -  Run Remote Usage
		Usr 0 00:00:00, Sys 0 00:00:00  -  Run Local Usage
		Usr 0 00:00:25, Sys 0 00:00:01  -  Total Remote Usage
		Usr 0 00:00:00, Sys 0 00:00:00  -  Total Local Usage
	0  -  Run Bytes Sent By Job
	0  -  Run Bytes Received By Job
	0  -  Total Bytes Sent By Job
	0  -  Total Bytes Received By Job
	Partitionable Resources :    Usage  Request Allocated 
	   Cpus                 :        0        1         1 
	   Disk (KB)            :        1        1    128928 
	   Memory (MB)          :      204     3900      3968 

	Job terminated of its own accord at 2023-06-09T06:54:26Z.
...
006 (310174.000.000) 2023-06-09 15:54:27 Image size of job updated: 684784
	203  -  MemoryUsage of job (MB)
	207188  -  ResidentSetSize of job (KB)
...
005 (310174.000.000) 2023-06-09 15:54:27 Job terminated.
	(1) Normal termination (return value 0)
		Usr 0 00:00:27, Sys 0 00:00:01  -  Run Remote Usage
		Usr 0 00:00:00, Sys 0 00:00:00  -  Run Local Usage
		Usr 0 00:00:27, Sys 0 00:00:01  -  Total Remote Usage
		Usr 0 00:00:00, Sys 0 00:00:00  -  Total Local Usage
	0  -  Run Bytes Sent By Job
	0  -  Run Bytes Received By Job
	0  -  Total Bytes Sent By Job
	0  -  Total Bytes Received By Job
	Partitionable Resources :    Usage  Request Allocated 
	   Cpus                 :                 1         1 
	   Disk (KB)            :        1        1    128928 
	   Memory (MB)          :      203     3900      3968 

	Job terminated of its own accord at 2023-06-09T06:54:27Z.
...
006 (310174.002.000) 2023-06-09 15:54:29 Image size of job updated: 684824
	191  -  MemoryUsage of job (MB)
	194740  -  ResidentSetSize of job (KB)
...
005 (310174.002.000) 2023-06-09 15:54:29 Job terminated.
	(1) Normal termination (return value 0)
		Usr 0 00:00:29, Sys 0 00:00:01  -  Run Remote Usage
		Usr 0 00:00:00, Sys 0 00:00:00  -  Run Local Usage
		Usr 0 00:00:29, Sys 0 00:00:01  -  Total Remote Usage
		Usr 0 00:00:00, Sys 0 00:00:00  -  Total Local Usage
	0  -  Run Bytes Sent By Job
	0  -  Run Bytes Received By Job
	0  -  Total Bytes Sent By Job
	0  -  Total Bytes Received By Job
	Partitionable Resources :    Usage  Request Allocated 
	   Cpus                 :     0.99        1         1 
	   Disk (KB)            :     1           1    128928 
	   Memory (MB)          :   191        3900      3968 

	Job terminated of its own accord at 2023-06-09T06:54:29Z.
...
006 (310174.008.000) 2023-06-09 15:54:35 Image size of job updated: 687236
	183  -  MemoryUsage of job (MB)
	186828  -  ResidentSetSize of job (KB)
...
005 (310174.008.000) 2023-06-09 15:54:35 Job terminated.
	(1) Normal termination (return value 0)
		Usr 0 00:00:33, Sys 0 00:00:01  -  Run Remote Usage
		Usr 0 00:00:00, Sys 0 00:00:00  -  Run Local Usage
		Usr 0 00:00:33, Sys 0 00:00:01  -  Total Remote Usage
		Usr 0 00:00:00, Sys 0 00:00:00  -  Total Local Usage
	0  -  Run Bytes Sent By Job
	0  -  Run Bytes Received By Job
	0  -  Total Bytes Sent By Job
	0  -  Total Bytes Received By Job
	Partitionable Resources :    Usage  Request Allocated 
	   Cpus                 :     0.01        1         1 
	   Disk (KB)            :     1           1    128928 
	   Memory (MB)          :   183        3900      3968 

	Job terminated of its own accord at 2023-06-09T06:54:35Z.
...
006 (310174.007.000) 2023-06-09 15:54:42 Image size of job updated: 687192
	163  -  MemoryUsage of job (MB)
	166004  -  ResidentSetSize of job (KB)
...
005 (310174.007.000) 2023-06-09 15:54:42 Job terminated.
	(1) Normal termination (return value 0)
		Usr 0 00:00:42, Sys 0 00:00:01  -  Run Remote Usage
		Usr 0 00:00:00, Sys 0 00:00:00  -  Run Local Usage
		Usr 0 00:00:42, Sys 0 00:00:01  -  Total Remote Usage
		Usr 0 00:00:00, Sys 0 00:00:00  -  Total Local Usage
	0  -  Run Bytes Sent By Job
	0  -  Run Bytes Received By Job
	0  -  Total Bytes Sent By Job
	0  -  Total Bytes Received By Job
	Partitionable Resources :    Usage  Request Allocated 
	   Cpus                 :        0        1         1 
	   Disk (KB)            :        1        1    128928 
	   Memory (MB)          :      163     3900      3968 

	Job terminated of its own accord at 2023-06-09T06:54:42Z.
...
