000 (330294.000.000) 2023-07-25 13:22:43 Job submitted from host: <172.30.1.200:9618?addrs=172.30.1.200-9618&alias=tamsa2.snu.ac.kr&noUDP&sock=schedd_3510_2582>
...
000 (330294.001.000) 2023-07-25 13:22:43 Job submitted from host: <172.30.1.200:9618?addrs=172.30.1.200-9618&alias=tamsa2.snu.ac.kr&noUDP&sock=schedd_3510_2582>
...
000 (330294.002.000) 2023-07-25 13:22:43 Job submitted from host: <172.30.1.200:9618?addrs=172.30.1.200-9618&alias=tamsa2.snu.ac.kr&noUDP&sock=schedd_3510_2582>
...
000 (330294.003.000) 2023-07-25 13:22:43 Job submitted from host: <172.30.1.200:9618?addrs=172.30.1.200-9618&alias=tamsa2.snu.ac.kr&noUDP&sock=schedd_3510_2582>
...
000 (330294.004.000) 2023-07-25 13:22:43 Job submitted from host: <172.30.1.200:9618?addrs=172.30.1.200-9618&alias=tamsa2.snu.ac.kr&noUDP&sock=schedd_3510_2582>
...
000 (330294.005.000) 2023-07-25 13:22:43 Job submitted from host: <172.30.1.200:9618?addrs=172.30.1.200-9618&alias=tamsa2.snu.ac.kr&noUDP&sock=schedd_3510_2582>
...
000 (330294.006.000) 2023-07-25 13:22:43 Job submitted from host: <172.30.1.200:9618?addrs=172.30.1.200-9618&alias=tamsa2.snu.ac.kr&noUDP&sock=schedd_3510_2582>
...
000 (330294.007.000) 2023-07-25 13:22:43 Job submitted from host: <172.30.1.200:9618?addrs=172.30.1.200-9618&alias=tamsa2.snu.ac.kr&noUDP&sock=schedd_3510_2582>
...
000 (330294.008.000) 2023-07-25 13:22:43 Job submitted from host: <172.30.1.200:9618?addrs=172.30.1.200-9618&alias=tamsa2.snu.ac.kr&noUDP&sock=schedd_3510_2582>
...
000 (330294.009.000) 2023-07-25 13:22:43 Job submitted from host: <172.30.1.200:9618?addrs=172.30.1.200-9618&alias=tamsa2.snu.ac.kr&noUDP&sock=schedd_3510_2582>
...
001 (330294.000.000) 2023-07-25 13:22:57 Job executing on host: <172.30.1.209:9618?addrs=172.30.1.209-9618&alias=node9&noUDP&sock=startd_3776_99b3>
...
001 (330294.007.000) 2023-07-25 13:22:57 Job executing on host: <172.30.1.202:9618?addrs=172.30.1.202-9618&alias=node2&noUDP&sock=startd_19693_56a6>
...
001 (330294.001.000) 2023-07-25 13:22:57 Job executing on host: <172.30.1.209:9618?addrs=172.30.1.209-9618&alias=node9&noUDP&sock=startd_3776_99b3>
...
001 (330294.008.000) 2023-07-25 13:22:57 Job executing on host: <172.30.1.202:9618?addrs=172.30.1.202-9618&alias=node2&noUDP&sock=startd_19693_56a6>
...
001 (330294.003.000) 2023-07-25 13:22:57 Job executing on host: <172.30.1.209:9618?addrs=172.30.1.209-9618&alias=node9&noUDP&sock=startd_3776_99b3>
...
001 (330294.002.000) 2023-07-25 13:22:57 Job executing on host: <172.30.1.209:9618?addrs=172.30.1.209-9618&alias=node9&noUDP&sock=startd_3776_99b3>
...
001 (330294.009.000) 2023-07-25 13:22:57 Job executing on host: <172.30.1.202:9618?addrs=172.30.1.202-9618&alias=node2&noUDP&sock=startd_19693_56a6>
...
001 (330294.006.000) 2023-07-25 13:22:57 Job executing on host: <172.30.1.209:9618?addrs=172.30.1.209-9618&alias=node9&noUDP&sock=startd_3776_99b3>
...
001 (330294.004.000) 2023-07-25 13:22:58 Job executing on host: <172.30.1.209:9618?addrs=172.30.1.209-9618&alias=node9&noUDP&sock=startd_3776_99b3>
...
001 (330294.005.000) 2023-07-25 13:22:58 Job executing on host: <172.30.1.209:9618?addrs=172.30.1.209-9618&alias=node9&noUDP&sock=startd_3776_99b3>
...
006 (330294.006.000) 2023-07-25 13:23:06 Image size of job updated: 173348
	170  -  MemoryUsage of job (MB)
	173348  -  ResidentSetSize of job (KB)
...
006 (330294.009.000) 2023-07-25 13:23:06 Image size of job updated: 513848
	183  -  MemoryUsage of job (MB)
	186648  -  ResidentSetSize of job (KB)
...
006 (330294.004.000) 2023-07-25 13:23:06 Image size of job updated: 177384
	174  -  MemoryUsage of job (MB)
	177384  -  ResidentSetSize of job (KB)
...
006 (330294.005.000) 2023-07-25 13:23:06 Image size of job updated: 177380
	174  -  MemoryUsage of job (MB)
	177380  -  ResidentSetSize of job (KB)
...
006 (330294.000.000) 2023-07-25 13:23:06 Image size of job updated: 180852
	177  -  MemoryUsage of job (MB)
	180852  -  ResidentSetSize of job (KB)
...
006 (330294.007.000) 2023-07-25 13:23:06 Image size of job updated: 513848
	183  -  MemoryUsage of job (MB)
	186664  -  ResidentSetSize of job (KB)
...
006 (330294.001.000) 2023-07-25 13:23:06 Image size of job updated: 182924
	179  -  MemoryUsage of job (MB)
	182924  -  ResidentSetSize of job (KB)
...
006 (330294.008.000) 2023-07-25 13:23:06 Image size of job updated: 513868
	183  -  MemoryUsage of job (MB)
	186756  -  ResidentSetSize of job (KB)
...
006 (330294.003.000) 2023-07-25 13:23:06 Image size of job updated: 182932
	179  -  MemoryUsage of job (MB)
	182932  -  ResidentSetSize of job (KB)
...
006 (330294.002.000) 2023-07-25 13:23:06 Image size of job updated: 183260
	179  -  MemoryUsage of job (MB)
	183260  -  ResidentSetSize of job (KB)
...
006 (330294.009.000) 2023-07-25 13:23:26 Image size of job updated: 682184
	183  -  MemoryUsage of job (MB)
	186648  -  ResidentSetSize of job (KB)
...
005 (330294.009.000) 2023-07-25 13:23:26 Job terminated.
	(1) Normal termination (return value 0)
		Usr 0 00:00:24, Sys 0 00:00:01  -  Run Remote Usage
		Usr 0 00:00:00, Sys 0 00:00:00  -  Run Local Usage
		Usr 0 00:00:24, Sys 0 00:00:01  -  Total Remote Usage
		Usr 0 00:00:00, Sys 0 00:00:00  -  Total Local Usage
	0  -  Run Bytes Sent By Job
	0  -  Run Bytes Received By Job
	0  -  Total Bytes Sent By Job
	0  -  Total Bytes Received By Job
	Partitionable Resources :    Usage  Request Allocated 
	   Cpus                 :                 1         1 
	   Disk (KB)            :        1        1    128913 
	   Memory (MB)          :      183     3900      3968 

	Job terminated of its own accord at 2023-07-25T04:23:26Z.
...
006 (330294.008.000) 2023-07-25 13:23:28 Image size of job updated: 687268
	183  -  MemoryUsage of job (MB)
	186756  -  ResidentSetSize of job (KB)
...
005 (330294.008.000) 2023-07-25 13:23:28 Job terminated.
	(1) Normal termination (return value 0)
		Usr 0 00:00:25, Sys 0 00:00:01  -  Run Remote Usage
		Usr 0 00:00:00, Sys 0 00:00:00  -  Run Local Usage
		Usr 0 00:00:25, Sys 0 00:00:01  -  Total Remote Usage
		Usr 0 00:00:00, Sys 0 00:00:00  -  Total Local Usage
	0  -  Run Bytes Sent By Job
	0  -  Run Bytes Received By Job
	0  -  Total Bytes Sent By Job
	0  -  Total Bytes Received By Job
	Partitionable Resources :    Usage  Request Allocated 
	   Cpus                 :                 1         1 
	   Disk (KB)            :        1        1    128913 
	   Memory (MB)          :      183     3900      3968 

	Job terminated of its own accord at 2023-07-25T04:23:28Z.
...
006 (330294.004.000) 2023-07-25 13:23:28 Image size of job updated: 686660
	174  -  MemoryUsage of job (MB)
	177384  -  ResidentSetSize of job (KB)
...
005 (330294.004.000) 2023-07-25 13:23:28 Job terminated.
	(1) Normal termination (return value 0)
		Usr 0 00:00:24, Sys 0 00:00:01  -  Run Remote Usage
		Usr 0 00:00:00, Sys 0 00:00:00  -  Run Local Usage
		Usr 0 00:00:24, Sys 0 00:00:01  -  Total Remote Usage
		Usr 0 00:00:00, Sys 0 00:00:00  -  Total Local Usage
	0  -  Run Bytes Sent By Job
	0  -  Run Bytes Received By Job
	0  -  Total Bytes Sent By Job
	0  -  Total Bytes Received By Job
	Partitionable Resources :    Usage  Request Allocated 
	   Cpus                 :                 1         1 
	   Disk (KB)            :        1        1    128928 
	   Memory (MB)          :      174     3900      3968 

	Job terminated of its own accord at 2023-07-25T04:23:28Z.
...
006 (330294.003.000) 2023-07-25 13:23:29 Image size of job updated: 687384
	179  -  MemoryUsage of job (MB)
	182932  -  ResidentSetSize of job (KB)
...
005 (330294.003.000) 2023-07-25 13:23:29 Job terminated.
	(1) Normal termination (return value 0)
		Usr 0 00:00:24, Sys 0 00:00:01  -  Run Remote Usage
		Usr 0 00:00:00, Sys 0 00:00:00  -  Run Local Usage
		Usr 0 00:00:24, Sys 0 00:00:01  -  Total Remote Usage
		Usr 0 00:00:00, Sys 0 00:00:00  -  Total Local Usage
	0  -  Run Bytes Sent By Job
	0  -  Run Bytes Received By Job
	0  -  Total Bytes Sent By Job
	0  -  Total Bytes Received By Job
	Partitionable Resources :    Usage  Request Allocated 
	   Cpus                 :                 1         1 
	   Disk (KB)            :        1        1    128928 
	   Memory (MB)          :      179     3900      3968 

	Job terminated of its own accord at 2023-07-25T04:23:29Z.
...
006 (330294.001.000) 2023-07-25 13:23:31 Image size of job updated: 694224
	179  -  MemoryUsage of job (MB)
	182924  -  ResidentSetSize of job (KB)
...
005 (330294.001.000) 2023-07-25 13:23:31 Job terminated.
	(1) Normal termination (return value 0)
		Usr 0 00:00:26, Sys 0 00:00:01  -  Run Remote Usage
		Usr 0 00:00:00, Sys 0 00:00:00  -  Run Local Usage
		Usr 0 00:00:26, Sys 0 00:00:01  -  Total Remote Usage
		Usr 0 00:00:00, Sys 0 00:00:00  -  Total Local Usage
	0  -  Run Bytes Sent By Job
	0  -  Run Bytes Received By Job
	0  -  Total Bytes Sent By Job
	0  -  Total Bytes Received By Job
	Partitionable Resources :    Usage  Request Allocated 
	   Cpus                 :                 1         1 
	   Disk (KB)            :        1        1    128928 
	   Memory (MB)          :      179     3900      3968 

	Job terminated of its own accord at 2023-07-25T04:23:31Z.
...
006 (330294.007.000) 2023-07-25 13:23:31 Image size of job updated: 687388
	183  -  MemoryUsage of job (MB)
	186664  -  ResidentSetSize of job (KB)
...
005 (330294.007.000) 2023-07-25 13:23:31 Job terminated.
	(1) Normal termination (return value 0)
		Usr 0 00:00:28, Sys 0 00:00:01  -  Run Remote Usage
		Usr 0 00:00:00, Sys 0 00:00:00  -  Run Local Usage
		Usr 0 00:00:28, Sys 0 00:00:01  -  Total Remote Usage
		Usr 0 00:00:00, Sys 0 00:00:00  -  Total Local Usage
	0  -  Run Bytes Sent By Job
	0  -  Run Bytes Received By Job
	0  -  Total Bytes Sent By Job
	0  -  Total Bytes Received By Job
	Partitionable Resources :    Usage  Request Allocated 
	   Cpus                 :                 1         1 
	   Disk (KB)            :        1        1    128913 
	   Memory (MB)          :      183     3900      3968 

	Job terminated of its own accord at 2023-07-25T04:23:31Z.
...
006 (330294.006.000) 2023-07-25 13:23:32 Image size of job updated: 687592
	170  -  MemoryUsage of job (MB)
	173524  -  ResidentSetSize of job (KB)
...
005 (330294.006.000) 2023-07-25 13:23:32 Job terminated.
	(1) Normal termination (return value 0)
		Usr 0 00:00:27, Sys 0 00:00:01  -  Run Remote Usage
		Usr 0 00:00:00, Sys 0 00:00:00  -  Run Local Usage
		Usr 0 00:00:27, Sys 0 00:00:01  -  Total Remote Usage
		Usr 0 00:00:00, Sys 0 00:00:00  -  Total Local Usage
	0  -  Run Bytes Sent By Job
	0  -  Run Bytes Received By Job
	0  -  Total Bytes Sent By Job
	0  -  Total Bytes Received By Job
	Partitionable Resources :    Usage  Request Allocated 
	   Cpus                 :                 1         1 
	   Disk (KB)            :        1        1    128928 
	   Memory (MB)          :      170     3900      3968 

	Job terminated of its own accord at 2023-07-25T04:23:32Z.
...
006 (330294.005.000) 2023-07-25 13:23:33 Image size of job updated: 687272
	174  -  MemoryUsage of job (MB)
	177380  -  ResidentSetSize of job (KB)
...
005 (330294.005.000) 2023-07-25 13:23:33 Job terminated.
	(1) Normal termination (return value 0)
		Usr 0 00:00:28, Sys 0 00:00:01  -  Run Remote Usage
		Usr 0 00:00:00, Sys 0 00:00:00  -  Run Local Usage
		Usr 0 00:00:28, Sys 0 00:00:01  -  Total Remote Usage
		Usr 0 00:00:00, Sys 0 00:00:00  -  Total Local Usage
	0  -  Run Bytes Sent By Job
	0  -  Run Bytes Received By Job
	0  -  Total Bytes Sent By Job
	0  -  Total Bytes Received By Job
	Partitionable Resources :    Usage  Request Allocated 
	   Cpus                 :                 1         1 
	   Disk (KB)            :        1        1    128928 
	   Memory (MB)          :      174     3900      3968 

	Job terminated of its own accord at 2023-07-25T04:23:33Z.
...
006 (330294.000.000) 2023-07-25 13:23:33 Image size of job updated: 687356
	177  -  MemoryUsage of job (MB)
	180852  -  ResidentSetSize of job (KB)
...
005 (330294.000.000) 2023-07-25 13:23:33 Job terminated.
	(1) Normal termination (return value 0)
		Usr 0 00:00:28, Sys 0 00:00:01  -  Run Remote Usage
		Usr 0 00:00:00, Sys 0 00:00:00  -  Run Local Usage
		Usr 0 00:00:28, Sys 0 00:00:01  -  Total Remote Usage
		Usr 0 00:00:00, Sys 0 00:00:00  -  Total Local Usage
	0  -  Run Bytes Sent By Job
	0  -  Run Bytes Received By Job
	0  -  Total Bytes Sent By Job
	0  -  Total Bytes Received By Job
	Partitionable Resources :    Usage  Request Allocated 
	   Cpus                 :                 1         1 
	   Disk (KB)            :        1        1    128928 
	   Memory (MB)          :      177     3900      3968 

	Job terminated of its own accord at 2023-07-25T04:23:33Z.
...
006 (330294.002.000) 2023-07-25 13:23:33 Image size of job updated: 688072
	179  -  MemoryUsage of job (MB)
	183272  -  ResidentSetSize of job (KB)
...
005 (330294.002.000) 2023-07-25 13:23:33 Job terminated.
	(1) Normal termination (return value 0)
		Usr 0 00:00:28, Sys 0 00:00:01  -  Run Remote Usage
		Usr 0 00:00:00, Sys 0 00:00:00  -  Run Local Usage
		Usr 0 00:00:28, Sys 0 00:00:01  -  Total Remote Usage
		Usr 0 00:00:00, Sys 0 00:00:00  -  Total Local Usage
	0  -  Run Bytes Sent By Job
	0  -  Run Bytes Received By Job
	0  -  Total Bytes Sent By Job
	0  -  Total Bytes Received By Job
	Partitionable Resources :    Usage  Request Allocated 
	   Cpus                 :                 1         1 
	   Disk (KB)            :        1        1    128928 
	   Memory (MB)          :      179     3900      3968 

	Job terminated of its own accord at 2023-07-25T04:23:33Z.
...
