000 (330338.000.000) 2023-07-25 13:52:03 Job submitted from host: <172.30.1.200:9618?addrs=172.30.1.200-9618&alias=tamsa2.snu.ac.kr&noUDP&sock=schedd_3510_2582>
...
000 (330338.001.000) 2023-07-25 13:52:03 Job submitted from host: <172.30.1.200:9618?addrs=172.30.1.200-9618&alias=tamsa2.snu.ac.kr&noUDP&sock=schedd_3510_2582>
...
000 (330338.002.000) 2023-07-25 13:52:03 Job submitted from host: <172.30.1.200:9618?addrs=172.30.1.200-9618&alias=tamsa2.snu.ac.kr&noUDP&sock=schedd_3510_2582>
...
000 (330338.003.000) 2023-07-25 13:52:03 Job submitted from host: <172.30.1.200:9618?addrs=172.30.1.200-9618&alias=tamsa2.snu.ac.kr&noUDP&sock=schedd_3510_2582>
...
000 (330338.004.000) 2023-07-25 13:52:03 Job submitted from host: <172.30.1.200:9618?addrs=172.30.1.200-9618&alias=tamsa2.snu.ac.kr&noUDP&sock=schedd_3510_2582>
...
000 (330338.005.000) 2023-07-25 13:52:03 Job submitted from host: <172.30.1.200:9618?addrs=172.30.1.200-9618&alias=tamsa2.snu.ac.kr&noUDP&sock=schedd_3510_2582>
...
000 (330338.006.000) 2023-07-25 13:52:03 Job submitted from host: <172.30.1.200:9618?addrs=172.30.1.200-9618&alias=tamsa2.snu.ac.kr&noUDP&sock=schedd_3510_2582>
...
000 (330338.007.000) 2023-07-25 13:52:03 Job submitted from host: <172.30.1.200:9618?addrs=172.30.1.200-9618&alias=tamsa2.snu.ac.kr&noUDP&sock=schedd_3510_2582>
...
000 (330338.008.000) 2023-07-25 13:52:03 Job submitted from host: <172.30.1.200:9618?addrs=172.30.1.200-9618&alias=tamsa2.snu.ac.kr&noUDP&sock=schedd_3510_2582>
...
000 (330338.009.000) 2023-07-25 13:52:03 Job submitted from host: <172.30.1.200:9618?addrs=172.30.1.200-9618&alias=tamsa2.snu.ac.kr&noUDP&sock=schedd_3510_2582>
...
040 (330338.001.000) 2023-07-25 13:52:19 Started transferring input files
	Transferring to host: <172.30.1.109:9618?addrs=172.30.1.109-9618&alias=n9&noUDP&sock=slot1_12_4265_d407_73206>
...
040 (330338.001.000) 2023-07-25 13:52:19 Finished transferring input files
...
040 (330338.002.000) 2023-07-25 13:52:19 Started transferring input files
	Transferring to host: <172.30.1.109:9618?addrs=172.30.1.109-9618&alias=n9&noUDP&sock=slot1_13_4265_d407_73209>
...
040 (330338.002.000) 2023-07-25 13:52:19 Finished transferring input files
...
040 (330338.000.000) 2023-07-25 13:52:19 Started transferring input files
	Transferring to host: <172.30.1.109:9618?addrs=172.30.1.109-9618&alias=n9&noUDP&sock=slot1_11_4265_d407_73210>
...
040 (330338.000.000) 2023-07-25 13:52:19 Finished transferring input files
...
040 (330338.003.000) 2023-07-25 13:52:19 Started transferring input files
	Transferring to host: <172.30.1.109:9618?addrs=172.30.1.109-9618&alias=n9&noUDP&sock=slot1_16_4265_d407_73211>
...
040 (330338.003.000) 2023-07-25 13:52:19 Finished transferring input files
...
040 (330338.004.000) 2023-07-25 13:52:19 Started transferring input files
	Transferring to host: <172.30.1.109:9618?addrs=172.30.1.109-9618&alias=n9&noUDP&sock=slot1_18_4265_d407_73212>
...
040 (330338.004.000) 2023-07-25 13:52:19 Finished transferring input files
...
040 (330338.005.000) 2023-07-25 13:52:19 Started transferring input files
	Transferring to host: <172.30.1.109:9618?addrs=172.30.1.109-9618&alias=n9&noUDP&sock=slot1_20_4265_d407_73213>
...
040 (330338.005.000) 2023-07-25 13:52:19 Finished transferring input files
...
040 (330338.006.000) 2023-07-25 13:52:19 Started transferring input files
	Transferring to host: <172.30.1.109:9618?addrs=172.30.1.109-9618&alias=n9&noUDP&sock=slot1_21_4265_d407_73214>
...
040 (330338.006.000) 2023-07-25 13:52:19 Finished transferring input files
...
040 (330338.007.000) 2023-07-25 13:52:19 Started transferring input files
	Transferring to host: <172.30.1.109:9618?addrs=172.30.1.109-9618&alias=n9&noUDP&sock=slot1_22_4265_d407_73215>
...
040 (330338.007.000) 2023-07-25 13:52:19 Finished transferring input files
...
040 (330338.008.000) 2023-07-25 13:52:19 Started transferring input files
	Transferring to host: <172.30.1.109:9618?addrs=172.30.1.109-9618&alias=n9&noUDP&sock=slot1_23_4265_d407_73216>
...
040 (330338.008.000) 2023-07-25 13:52:19 Finished transferring input files
...
040 (330338.009.000) 2023-07-25 13:52:19 Started transferring input files
	Transferring to host: <172.30.1.109:9618?addrs=172.30.1.109-9618&alias=n9&noUDP&sock=slot1_30_4265_d407_73217>
...
040 (330338.009.000) 2023-07-25 13:52:19 Finished transferring input files
...
001 (330338.001.000) 2023-07-25 13:52:20 Job executing on host: <172.30.1.109:9618?addrs=172.30.1.109-9618&alias=n9&noUDP&sock=startd_4231_b14b>
...
001 (330338.002.000) 2023-07-25 13:52:20 Job executing on host: <172.30.1.109:9618?addrs=172.30.1.109-9618&alias=n9&noUDP&sock=startd_4231_b14b>
...
001 (330338.000.000) 2023-07-25 13:52:20 Job executing on host: <172.30.1.109:9618?addrs=172.30.1.109-9618&alias=n9&noUDP&sock=startd_4231_b14b>
...
001 (330338.003.000) 2023-07-25 13:52:20 Job executing on host: <172.30.1.109:9618?addrs=172.30.1.109-9618&alias=n9&noUDP&sock=startd_4231_b14b>
...
001 (330338.004.000) 2023-07-25 13:52:20 Job executing on host: <172.30.1.109:9618?addrs=172.30.1.109-9618&alias=n9&noUDP&sock=startd_4231_b14b>
...
001 (330338.005.000) 2023-07-25 13:52:20 Job executing on host: <172.30.1.109:9618?addrs=172.30.1.109-9618&alias=n9&noUDP&sock=startd_4231_b14b>
...
001 (330338.006.000) 2023-07-25 13:52:20 Job executing on host: <172.30.1.109:9618?addrs=172.30.1.109-9618&alias=n9&noUDP&sock=startd_4231_b14b>
...
001 (330338.007.000) 2023-07-25 13:52:20 Job executing on host: <172.30.1.109:9618?addrs=172.30.1.109-9618&alias=n9&noUDP&sock=startd_4231_b14b>
...
001 (330338.008.000) 2023-07-25 13:52:20 Job executing on host: <172.30.1.109:9618?addrs=172.30.1.109-9618&alias=n9&noUDP&sock=startd_4231_b14b>
...
001 (330338.009.000) 2023-07-25 13:52:20 Job executing on host: <172.30.1.109:9618?addrs=172.30.1.109-9618&alias=n9&noUDP&sock=startd_4231_b14b>
...
006 (330338.001.000) 2023-07-25 13:52:28 Image size of job updated: 385952
	140  -  MemoryUsage of job (MB)
	142504  -  ResidentSetSize of job (KB)
...
006 (330338.002.000) 2023-07-25 13:52:28 Image size of job updated: 385952
	146  -  MemoryUsage of job (MB)
	148952  -  ResidentSetSize of job (KB)
...
006 (330338.000.000) 2023-07-25 13:52:28 Image size of job updated: 385952
	146  -  MemoryUsage of job (MB)
	148764  -  ResidentSetSize of job (KB)
...
006 (330338.003.000) 2023-07-25 13:52:28 Image size of job updated: 385952
	146  -  MemoryUsage of job (MB)
	148748  -  ResidentSetSize of job (KB)
...
006 (330338.004.000) 2023-07-25 13:52:28 Image size of job updated: 385844
	150  -  MemoryUsage of job (MB)
	152716  -  ResidentSetSize of job (KB)
...
006 (330338.005.000) 2023-07-25 13:52:29 Image size of job updated: 385952
	175  -  MemoryUsage of job (MB)
	178744  -  ResidentSetSize of job (KB)
...
006 (330338.006.000) 2023-07-25 13:52:29 Image size of job updated: 385952
	179  -  MemoryUsage of job (MB)
	183024  -  ResidentSetSize of job (KB)
...
006 (330338.007.000) 2023-07-25 13:52:29 Image size of job updated: 385964
	182  -  MemoryUsage of job (MB)
	186140  -  ResidentSetSize of job (KB)
...
006 (330338.008.000) 2023-07-25 13:52:29 Image size of job updated: 385844
	180  -  MemoryUsage of job (MB)
	183416  -  ResidentSetSize of job (KB)
...
006 (330338.009.000) 2023-07-25 13:52:29 Image size of job updated: 385952
	179  -  MemoryUsage of job (MB)
	183020  -  ResidentSetSize of job (KB)
...
006 (330338.007.000) 2023-07-25 13:52:53 Image size of job updated: 686984
	182  -  MemoryUsage of job (MB)
	186140  -  ResidentSetSize of job (KB)
...
040 (330338.007.000) 2023-07-25 13:52:54 Started transferring output files
...
040 (330338.007.000) 2023-07-25 13:52:54 Finished transferring output files
...
005 (330338.007.000) 2023-07-25 13:52:54 Job terminated.
	(1) Normal termination (return value 0)
		Usr 0 00:00:24, Sys 0 00:00:01  -  Run Remote Usage
		Usr 0 00:00:00, Sys 0 00:00:00  -  Run Local Usage
		Usr 0 00:00:24, Sys 0 00:00:01  -  Total Remote Usage
		Usr 0 00:00:00, Sys 0 00:00:00  -  Total Local Usage
	1126  -  Run Bytes Sent By Job
	163  -  Run Bytes Received By Job
	1126  -  Total Bytes Sent By Job
	163  -  Total Bytes Received By Job
	Partitionable Resources :    Usage  Request Allocated 
	   Cpus                 :                 1         1 
	   Disk (KB)            :       46        1    127899 
	   Memory (MB)          :      182     3900      3968 

	Job terminated of its own accord at 2023-07-25T04:52:53Z.
...
006 (330338.004.000) 2023-07-25 13:52:56 Image size of job updated: 686580
	150  -  MemoryUsage of job (MB)
	152720  -  ResidentSetSize of job (KB)
...
040 (330338.004.000) 2023-07-25 13:52:56 Started transferring output files
...
040 (330338.004.000) 2023-07-25 13:52:56 Finished transferring output files
...
005 (330338.004.000) 2023-07-25 13:52:56 Job terminated.
	(1) Normal termination (return value 0)
		Usr 0 00:00:27, Sys 0 00:00:01  -  Run Remote Usage
		Usr 0 00:00:00, Sys 0 00:00:00  -  Run Local Usage
		Usr 0 00:00:27, Sys 0 00:00:01  -  Total Remote Usage
		Usr 0 00:00:00, Sys 0 00:00:00  -  Total Local Usage
	1218  -  Run Bytes Sent By Job
	163  -  Run Bytes Received By Job
	1218  -  Total Bytes Sent By Job
	163  -  Total Bytes Received By Job
	Partitionable Resources :    Usage  Request Allocated 
	   Cpus                 :                 1         1 
	   Disk (KB)            :       46        1    127899 
	   Memory (MB)          :      150     3900      3968 

	Job terminated of its own accord at 2023-07-25T04:52:56Z.
...
006 (330338.008.000) 2023-07-25 13:52:57 Image size of job updated: 687824
	180  -  MemoryUsage of job (MB)
	183424  -  ResidentSetSize of job (KB)
...
040 (330338.008.000) 2023-07-25 13:52:57 Started transferring output files
...
040 (330338.008.000) 2023-07-25 13:52:57 Finished transferring output files
...
005 (330338.008.000) 2023-07-25 13:52:57 Job terminated.
	(1) Normal termination (return value 0)
		Usr 0 00:00:30, Sys 0 00:00:01  -  Run Remote Usage
		Usr 0 00:00:00, Sys 0 00:00:00  -  Run Local Usage
		Usr 0 00:00:30, Sys 0 00:00:01  -  Total Remote Usage
		Usr 0 00:00:00, Sys 0 00:00:00  -  Total Local Usage
	1219  -  Run Bytes Sent By Job
	163  -  Run Bytes Received By Job
	1219  -  Total Bytes Sent By Job
	163  -  Total Bytes Received By Job
	Partitionable Resources :    Usage  Request Allocated 
	   Cpus                 :                 1         1 
	   Disk (KB)            :       46        1    127899 
	   Memory (MB)          :      180     3900      3968 

	Job terminated of its own accord at 2023-07-25T04:52:57Z.
...
006 (330338.000.000) 2023-07-25 13:52:57 Image size of job updated: 687896
	146  -  MemoryUsage of job (MB)
	148764  -  ResidentSetSize of job (KB)
...
040 (330338.000.000) 2023-07-25 13:52:58 Started transferring output files
...
040 (330338.000.000) 2023-07-25 13:52:58 Finished transferring output files
...
005 (330338.000.000) 2023-07-25 13:52:58 Job terminated.
	(1) Normal termination (return value 0)
		Usr 0 00:00:27, Sys 0 00:00:01  -  Run Remote Usage
		Usr 0 00:00:00, Sys 0 00:00:00  -  Run Local Usage
		Usr 0 00:00:27, Sys 0 00:00:01  -  Total Remote Usage
		Usr 0 00:00:00, Sys 0 00:00:00  -  Total Local Usage
	1217  -  Run Bytes Sent By Job
	163  -  Run Bytes Received By Job
	1217  -  Total Bytes Sent By Job
	163  -  Total Bytes Received By Job
	Partitionable Resources :    Usage  Request Allocated 
	   Cpus                 :                 1         1 
	   Disk (KB)            :       46        1    127899 
	   Memory (MB)          :      146     3900      3968 

	Job terminated of its own accord at 2023-07-25T04:52:57Z.
...
006 (330338.003.000) 2023-07-25 13:52:58 Image size of job updated: 687516
	146  -  MemoryUsage of job (MB)
	148748  -  ResidentSetSize of job (KB)
...
006 (330338.002.000) 2023-07-25 13:52:58 Image size of job updated: 687876
	146  -  MemoryUsage of job (MB)
	148952  -  ResidentSetSize of job (KB)
...
040 (330338.002.000) 2023-07-25 13:52:58 Started transferring output files
...
040 (330338.003.000) 2023-07-25 13:52:58 Started transferring output files
...
040 (330338.002.000) 2023-07-25 13:52:58 Finished transferring output files
...
040 (330338.003.000) 2023-07-25 13:52:58 Finished transferring output files
...
005 (330338.002.000) 2023-07-25 13:52:58 Job terminated.
	(1) Normal termination (return value 0)
		Usr 0 00:00:28, Sys 0 00:00:01  -  Run Remote Usage
		Usr 0 00:00:00, Sys 0 00:00:00  -  Run Local Usage
		Usr 0 00:00:28, Sys 0 00:00:01  -  Total Remote Usage
		Usr 0 00:00:00, Sys 0 00:00:00  -  Total Local Usage
	1249  -  Run Bytes Sent By Job
	163  -  Run Bytes Received By Job
	1249  -  Total Bytes Sent By Job
	163  -  Total Bytes Received By Job
	Partitionable Resources :    Usage  Request Allocated 
	   Cpus                 :                 1         1 
	   Disk (KB)            :       46        1    127899 
	   Memory (MB)          :      146     3900      3968 

	Job terminated of its own accord at 2023-07-25T04:52:58Z.
...
005 (330338.003.000) 2023-07-25 13:52:58 Job terminated.
	(1) Normal termination (return value 0)
		Usr 0 00:00:28, Sys 0 00:00:01  -  Run Remote Usage
		Usr 0 00:00:00, Sys 0 00:00:00  -  Run Local Usage
		Usr 0 00:00:28, Sys 0 00:00:01  -  Total Remote Usage
		Usr 0 00:00:00, Sys 0 00:00:00  -  Total Local Usage
	1124  -  Run Bytes Sent By Job
	163  -  Run Bytes Received By Job
	1124  -  Total Bytes Sent By Job
	163  -  Total Bytes Received By Job
	Partitionable Resources :    Usage  Request Allocated 
	   Cpus                 :                 1         1 
	   Disk (KB)            :       46        1    127899 
	   Memory (MB)          :      146     3900      3968 

	Job terminated of its own accord at 2023-07-25T04:52:58Z.
...
006 (330338.006.000) 2023-07-25 13:52:59 Image size of job updated: 687960
	179  -  MemoryUsage of job (MB)
	183024  -  ResidentSetSize of job (KB)
...
040 (330338.006.000) 2023-07-25 13:52:59 Started transferring output files
...
040 (330338.006.000) 2023-07-25 13:52:59 Finished transferring output files
...
005 (330338.006.000) 2023-07-25 13:52:59 Job terminated.
	(1) Normal termination (return value 0)
		Usr 0 00:00:28, Sys 0 00:00:01  -  Run Remote Usage
		Usr 0 00:00:00, Sys 0 00:00:00  -  Run Local Usage
		Usr 0 00:00:28, Sys 0 00:00:01  -  Total Remote Usage
		Usr 0 00:00:00, Sys 0 00:00:00  -  Total Local Usage
	1188  -  Run Bytes Sent By Job
	163  -  Run Bytes Received By Job
	1188  -  Total Bytes Sent By Job
	163  -  Total Bytes Received By Job
	Partitionable Resources :    Usage  Request Allocated 
	   Cpus                 :                 1         1 
	   Disk (KB)            :       46        1    127899 
	   Memory (MB)          :      179     3900      3968 

	Job terminated of its own accord at 2023-07-25T04:52:59Z.
...
006 (330338.001.000) 2023-07-25 13:52:59 Image size of job updated: 687864
	140  -  MemoryUsage of job (MB)
	142512  -  ResidentSetSize of job (KB)
...
040 (330338.001.000) 2023-07-25 13:52:59 Started transferring output files
...
040 (330338.001.000) 2023-07-25 13:52:59 Finished transferring output files
...
005 (330338.001.000) 2023-07-25 13:52:59 Job terminated.
	(1) Normal termination (return value 0)
		Usr 0 00:00:29, Sys 0 00:00:01  -  Run Remote Usage
		Usr 0 00:00:00, Sys 0 00:00:00  -  Run Local Usage
		Usr 0 00:00:29, Sys 0 00:00:01  -  Total Remote Usage
		Usr 0 00:00:00, Sys 0 00:00:00  -  Total Local Usage
	1216  -  Run Bytes Sent By Job
	163  -  Run Bytes Received By Job
	1216  -  Total Bytes Sent By Job
	163  -  Total Bytes Received By Job
	Partitionable Resources :    Usage  Request Allocated 
	   Cpus                 :                 1         1 
	   Disk (KB)            :       46        1    127899 
	   Memory (MB)          :      140     3900      3968 

	Job terminated of its own accord at 2023-07-25T04:52:59Z.
...
006 (330338.009.000) 2023-07-25 13:53:00 Image size of job updated: 687764
	179  -  MemoryUsage of job (MB)
	183020  -  ResidentSetSize of job (KB)
...
040 (330338.009.000) 2023-07-25 13:53:00 Started transferring output files
...
040 (330338.009.000) 2023-07-25 13:53:00 Finished transferring output files
...
005 (330338.009.000) 2023-07-25 13:53:00 Job terminated.
	(1) Normal termination (return value 0)
		Usr 0 00:00:29, Sys 0 00:00:01  -  Run Remote Usage
		Usr 0 00:00:00, Sys 0 00:00:00  -  Run Local Usage
		Usr 0 00:00:29, Sys 0 00:00:01  -  Total Remote Usage
		Usr 0 00:00:00, Sys 0 00:00:00  -  Total Local Usage
	1157  -  Run Bytes Sent By Job
	163  -  Run Bytes Received By Job
	1157  -  Total Bytes Sent By Job
	163  -  Total Bytes Received By Job
	Partitionable Resources :    Usage  Request Allocated 
	   Cpus                 :                 1         1 
	   Disk (KB)            :       46        1    127899 
	   Memory (MB)          :      179     3900      3968 

	Job terminated of its own accord at 2023-07-25T04:53:00Z.
...
006 (330338.005.000) 2023-07-25 13:53:05 Image size of job updated: 686556
	175  -  MemoryUsage of job (MB)
	178804  -  ResidentSetSize of job (KB)
...
040 (330338.005.000) 2023-07-25 13:53:05 Started transferring output files
...
040 (330338.005.000) 2023-07-25 13:53:05 Finished transferring output files
...
005 (330338.005.000) 2023-07-25 13:53:05 Job terminated.
	(1) Normal termination (return value 0)
		Usr 0 00:00:38, Sys 0 00:00:01  -  Run Remote Usage
		Usr 0 00:00:00, Sys 0 00:00:00  -  Run Local Usage
		Usr 0 00:00:38, Sys 0 00:00:01  -  Total Remote Usage
		Usr 0 00:00:00, Sys 0 00:00:00  -  Total Local Usage
	1218  -  Run Bytes Sent By Job
	163  -  Run Bytes Received By Job
	1218  -  Total Bytes Sent By Job
	163  -  Total Bytes Received By Job
	Partitionable Resources :    Usage  Request Allocated 
	   Cpus                 :                 1         1 
	   Disk (KB)            :       46        1    127899 
	   Memory (MB)          :      175     3900      3968 

	Job terminated of its own accord at 2023-07-25T04:53:05Z.
...
