000 (330079.000.000) 2023-07-25 10:56:47 Job submitted from host: <172.30.1.200:9618?addrs=172.30.1.200-9618&alias=tamsa2.snu.ac.kr&noUDP&sock=schedd_3510_2582>
...
000 (330079.001.000) 2023-07-25 10:56:47 Job submitted from host: <172.30.1.200:9618?addrs=172.30.1.200-9618&alias=tamsa2.snu.ac.kr&noUDP&sock=schedd_3510_2582>
...
000 (330079.002.000) 2023-07-25 10:56:47 Job submitted from host: <172.30.1.200:9618?addrs=172.30.1.200-9618&alias=tamsa2.snu.ac.kr&noUDP&sock=schedd_3510_2582>
...
000 (330079.003.000) 2023-07-25 10:56:47 Job submitted from host: <172.30.1.200:9618?addrs=172.30.1.200-9618&alias=tamsa2.snu.ac.kr&noUDP&sock=schedd_3510_2582>
...
000 (330079.004.000) 2023-07-25 10:56:47 Job submitted from host: <172.30.1.200:9618?addrs=172.30.1.200-9618&alias=tamsa2.snu.ac.kr&noUDP&sock=schedd_3510_2582>
...
000 (330079.005.000) 2023-07-25 10:56:47 Job submitted from host: <172.30.1.200:9618?addrs=172.30.1.200-9618&alias=tamsa2.snu.ac.kr&noUDP&sock=schedd_3510_2582>
...
000 (330079.006.000) 2023-07-25 10:56:47 Job submitted from host: <172.30.1.200:9618?addrs=172.30.1.200-9618&alias=tamsa2.snu.ac.kr&noUDP&sock=schedd_3510_2582>
...
000 (330079.007.000) 2023-07-25 10:56:47 Job submitted from host: <172.30.1.200:9618?addrs=172.30.1.200-9618&alias=tamsa2.snu.ac.kr&noUDP&sock=schedd_3510_2582>
...
000 (330079.008.000) 2023-07-25 10:56:47 Job submitted from host: <172.30.1.200:9618?addrs=172.30.1.200-9618&alias=tamsa2.snu.ac.kr&noUDP&sock=schedd_3510_2582>
...
000 (330079.009.000) 2023-07-25 10:56:47 Job submitted from host: <172.30.1.200:9618?addrs=172.30.1.200-9618&alias=tamsa2.snu.ac.kr&noUDP&sock=schedd_3510_2582>
...
040 (330079.000.000) 2023-07-25 10:56:55 Started transferring input files
	Transferring to host: <172.30.1.111:9618?addrs=172.30.1.111-9618&alias=n11&noUDP&sock=slot1_23_4451_e1ce_37676>
...
040 (330079.000.000) 2023-07-25 10:56:55 Finished transferring input files
...
040 (330079.001.000) 2023-07-25 10:56:55 Started transferring input files
	Transferring to host: <172.30.1.111:9618?addrs=172.30.1.111-9618&alias=n11&noUDP&sock=slot1_24_4451_e1ce_37677>
...
040 (330079.001.000) 2023-07-25 10:56:55 Finished transferring input files
...
040 (330079.002.000) 2023-07-25 10:56:55 Started transferring input files
	Transferring to host: <172.30.1.111:9618?addrs=172.30.1.111-9618&alias=n11&noUDP&sock=slot1_25_4451_e1ce_37678>
...
040 (330079.002.000) 2023-07-25 10:56:55 Finished transferring input files
...
040 (330079.003.000) 2023-07-25 10:56:55 Started transferring input files
	Transferring to host: <172.30.1.111:9618?addrs=172.30.1.111-9618&alias=n11&noUDP&sock=slot1_26_4451_e1ce_37679>
...
040 (330079.003.000) 2023-07-25 10:56:55 Finished transferring input files
...
040 (330079.004.000) 2023-07-25 10:56:56 Started transferring input files
	Transferring to host: <172.30.1.111:9618?addrs=172.30.1.111-9618&alias=n11&noUDP&sock=slot1_27_4451_e1ce_37680>
...
040 (330079.004.000) 2023-07-25 10:56:56 Finished transferring input files
...
040 (330079.005.000) 2023-07-25 10:56:56 Started transferring input files
	Transferring to host: <172.30.1.111:9618?addrs=172.30.1.111-9618&alias=n11&noUDP&sock=slot1_28_4451_e1ce_37681>
...
040 (330079.005.000) 2023-07-25 10:56:56 Finished transferring input files
...
040 (330079.006.000) 2023-07-25 10:56:56 Started transferring input files
	Transferring to host: <172.30.1.111:9618?addrs=172.30.1.111-9618&alias=n11&noUDP&sock=slot1_29_4451_e1ce_37682>
...
040 (330079.006.000) 2023-07-25 10:56:56 Finished transferring input files
...
040 (330079.007.000) 2023-07-25 10:56:56 Started transferring input files
	Transferring to host: <172.30.1.111:9618?addrs=172.30.1.111-9618&alias=n11&noUDP&sock=slot1_30_4451_e1ce_37683>
...
040 (330079.007.000) 2023-07-25 10:56:56 Finished transferring input files
...
040 (330079.008.000) 2023-07-25 10:56:56 Started transferring input files
	Transferring to host: <172.30.1.111:9618?addrs=172.30.1.111-9618&alias=n11&noUDP&sock=slot1_31_4451_e1ce_37684>
...
040 (330079.008.000) 2023-07-25 10:56:56 Finished transferring input files
...
040 (330079.009.000) 2023-07-25 10:56:56 Started transferring input files
	Transferring to host: <172.30.1.111:9618?addrs=172.30.1.111-9618&alias=n11&noUDP&sock=slot1_32_4451_e1ce_37685>
...
040 (330079.009.000) 2023-07-25 10:56:56 Finished transferring input files
...
001 (330079.000.000) 2023-07-25 10:56:56 Job executing on host: <172.30.1.111:9618?addrs=172.30.1.111-9618&alias=n11&noUDP&sock=startd_4417_45e8>
...
001 (330079.001.000) 2023-07-25 10:56:56 Job executing on host: <172.30.1.111:9618?addrs=172.30.1.111-9618&alias=n11&noUDP&sock=startd_4417_45e8>
...
001 (330079.002.000) 2023-07-25 10:56:56 Job executing on host: <172.30.1.111:9618?addrs=172.30.1.111-9618&alias=n11&noUDP&sock=startd_4417_45e8>
...
001 (330079.003.000) 2023-07-25 10:56:56 Job executing on host: <172.30.1.111:9618?addrs=172.30.1.111-9618&alias=n11&noUDP&sock=startd_4417_45e8>
...
001 (330079.004.000) 2023-07-25 10:56:57 Job executing on host: <172.30.1.111:9618?addrs=172.30.1.111-9618&alias=n11&noUDP&sock=startd_4417_45e8>
...
001 (330079.005.000) 2023-07-25 10:56:57 Job executing on host: <172.30.1.111:9618?addrs=172.30.1.111-9618&alias=n11&noUDP&sock=startd_4417_45e8>
...
001 (330079.006.000) 2023-07-25 10:56:57 Job executing on host: <172.30.1.111:9618?addrs=172.30.1.111-9618&alias=n11&noUDP&sock=startd_4417_45e8>
...
001 (330079.007.000) 2023-07-25 10:56:57 Job executing on host: <172.30.1.111:9618?addrs=172.30.1.111-9618&alias=n11&noUDP&sock=startd_4417_45e8>
...
001 (330079.008.000) 2023-07-25 10:56:57 Job executing on host: <172.30.1.111:9618?addrs=172.30.1.111-9618&alias=n11&noUDP&sock=startd_4417_45e8>
...
001 (330079.009.000) 2023-07-25 10:56:57 Job executing on host: <172.30.1.111:9618?addrs=172.30.1.111-9618&alias=n11&noUDP&sock=startd_4417_45e8>
...
006 (330079.003.000) 2023-07-25 10:57:05 Image size of job updated: 422616
	194  -  MemoryUsage of job (MB)
	197788  -  ResidentSetSize of job (KB)
...
006 (330079.004.000) 2023-07-25 10:57:05 Image size of job updated: 405932
	206  -  MemoryUsage of job (MB)
	210380  -  ResidentSetSize of job (KB)
...
006 (330079.005.000) 2023-07-25 10:57:05 Image size of job updated: 405504
	206  -  MemoryUsage of job (MB)
	210432  -  ResidentSetSize of job (KB)
...
006 (330079.006.000) 2023-07-25 10:57:05 Image size of job updated: 401124
	203  -  MemoryUsage of job (MB)
	207720  -  ResidentSetSize of job (KB)
...
006 (330079.007.000) 2023-07-25 10:57:05 Image size of job updated: 225596
	189  -  MemoryUsage of job (MB)
	193480  -  ResidentSetSize of job (KB)
...
006 (330079.000.000) 2023-07-25 10:57:05 Image size of job updated: 414316
	206  -  MemoryUsage of job (MB)
	210396  -  ResidentSetSize of job (KB)
...
006 (330079.001.000) 2023-07-25 10:57:05 Image size of job updated: 437848
	206  -  MemoryUsage of job (MB)
	210360  -  ResidentSetSize of job (KB)
...
006 (330079.002.000) 2023-07-25 10:57:05 Image size of job updated: 430720
	206  -  MemoryUsage of job (MB)
	210372  -  ResidentSetSize of job (KB)
...
006 (330079.008.000) 2023-07-25 10:57:06 Image size of job updated: 649776
	199  -  MemoryUsage of job (MB)
	202980  -  ResidentSetSize of job (KB)
...
006 (330079.009.000) 2023-07-25 10:57:06 Image size of job updated: 655120
	206  -  MemoryUsage of job (MB)
	210280  -  ResidentSetSize of job (KB)
...
006 (330079.009.000) 2023-07-25 10:57:11 Image size of job updated: 685740
	206  -  MemoryUsage of job (MB)
	210280  -  ResidentSetSize of job (KB)
...
040 (330079.009.000) 2023-07-25 10:57:11 Started transferring output files
...
040 (330079.009.000) 2023-07-25 10:57:11 Finished transferring output files
...
005 (330079.009.000) 2023-07-25 10:57:11 Job terminated.
	(1) Normal termination (return value 0)
		Usr 0 00:00:12, Sys 0 00:00:00  -  Run Remote Usage
		Usr 0 00:00:00, Sys 0 00:00:00  -  Run Local Usage
		Usr 0 00:00:12, Sys 0 00:00:00  -  Total Remote Usage
		Usr 0 00:00:00, Sys 0 00:00:00  -  Total Local Usage
	902  -  Run Bytes Sent By Job
	170  -  Run Bytes Received By Job
	902  -  Total Bytes Sent By Job
	170  -  Total Bytes Received By Job
	Partitionable Resources :    Usage  Request Allocated 
	   Cpus                 :                 1         1 
	   Disk (KB)            :       47        1    127802 
	   GPUs                 :                           0 
	   Memory (MB)          :      206     3900      3968 

	Job terminated of its own accord at 2023-07-25T01:57:11Z.
...
006 (330079.008.000) 2023-07-25 10:57:12 Image size of job updated: 685732
	199  -  MemoryUsage of job (MB)
	203004  -  ResidentSetSize of job (KB)
...
040 (330079.008.000) 2023-07-25 10:57:12 Started transferring output files
...
040 (330079.008.000) 2023-07-25 10:57:12 Finished transferring output files
...
005 (330079.008.000) 2023-07-25 10:57:12 Job terminated.
	(1) Normal termination (return value 0)
		Usr 0 00:00:13, Sys 0 00:00:00  -  Run Remote Usage
		Usr 0 00:00:00, Sys 0 00:00:00  -  Run Local Usage
		Usr 0 00:00:13, Sys 0 00:00:00  -  Total Remote Usage
		Usr 0 00:00:00, Sys 0 00:00:00  -  Total Local Usage
	902  -  Run Bytes Sent By Job
	170  -  Run Bytes Received By Job
	902  -  Total Bytes Sent By Job
	170  -  Total Bytes Received By Job
	Partitionable Resources :    Usage  Request Allocated 
	   Cpus                 :                 1         1 
	   Disk (KB)            :       47        1    127802 
	   GPUs                 :                           0 
	   Memory (MB)          :      199     3900      3968 

	Job terminated of its own accord at 2023-07-25T01:57:12Z.
...
006 (330079.004.000) 2023-07-25 10:57:13 Image size of job updated: 685800
	206  -  MemoryUsage of job (MB)
	210380  -  ResidentSetSize of job (KB)
...
040 (330079.004.000) 2023-07-25 10:57:13 Started transferring output files
...
040 (330079.004.000) 2023-07-25 10:57:13 Finished transferring output files
...
005 (330079.004.000) 2023-07-25 10:57:13 Job terminated.
	(1) Normal termination (return value 0)
		Usr 0 00:00:14, Sys 0 00:00:00  -  Run Remote Usage
		Usr 0 00:00:00, Sys 0 00:00:00  -  Run Local Usage
		Usr 0 00:00:14, Sys 0 00:00:00  -  Total Remote Usage
		Usr 0 00:00:00, Sys 0 00:00:00  -  Total Local Usage
	1160  -  Run Bytes Sent By Job
	170  -  Run Bytes Received By Job
	1160  -  Total Bytes Sent By Job
	170  -  Total Bytes Received By Job
	Partitionable Resources :    Usage  Request Allocated 
	   Cpus                 :                 1         1 
	   Disk (KB)            :       47        1    127802 
	   GPUs                 :                           0 
	   Memory (MB)          :      206     3900      3968 

	Job terminated of its own accord at 2023-07-25T01:57:13Z.
...
006 (330079.006.000) 2023-07-25 10:57:13 Image size of job updated: 686680
	203  -  MemoryUsage of job (MB)
	207720  -  ResidentSetSize of job (KB)
...
040 (330079.006.000) 2023-07-25 10:57:13 Started transferring output files
...
040 (330079.006.000) 2023-07-25 10:57:13 Finished transferring output files
...
005 (330079.006.000) 2023-07-25 10:57:13 Job terminated.
	(1) Normal termination (return value 0)
		Usr 0 00:00:14, Sys 0 00:00:00  -  Run Remote Usage
		Usr 0 00:00:00, Sys 0 00:00:00  -  Run Local Usage
		Usr 0 00:00:14, Sys 0 00:00:00  -  Total Remote Usage
		Usr 0 00:00:00, Sys 0 00:00:00  -  Total Local Usage
	901  -  Run Bytes Sent By Job
	170  -  Run Bytes Received By Job
	901  -  Total Bytes Sent By Job
	170  -  Total Bytes Received By Job
	Partitionable Resources :    Usage  Request Allocated 
	   Cpus                 :                 1         1 
	   Disk (KB)            :       47        1    127802 
	   GPUs                 :                           0 
	   Memory (MB)          :      203     3900      3968 

	Job terminated of its own accord at 2023-07-25T01:57:13Z.
...
006 (330079.002.000) 2023-07-25 10:57:15 Image size of job updated: 687588
	206  -  MemoryUsage of job (MB)
	210372  -  ResidentSetSize of job (KB)
...
040 (330079.002.000) 2023-07-25 10:57:15 Started transferring output files
...
040 (330079.002.000) 2023-07-25 10:57:15 Finished transferring output files
...
005 (330079.002.000) 2023-07-25 10:57:15 Job terminated.
	(1) Normal termination (return value 0)
		Usr 0 00:00:15, Sys 0 00:00:00  -  Run Remote Usage
		Usr 0 00:00:00, Sys 0 00:00:00  -  Run Local Usage
		Usr 0 00:00:15, Sys 0 00:00:00  -  Total Remote Usage
		Usr 0 00:00:00, Sys 0 00:00:00  -  Total Local Usage
	1160  -  Run Bytes Sent By Job
	170  -  Run Bytes Received By Job
	1160  -  Total Bytes Sent By Job
	170  -  Total Bytes Received By Job
	Partitionable Resources :    Usage  Request Allocated 
	   Cpus                 :                 1         1 
	   Disk (KB)            :       47        1    127802 
	   GPUs                 :                           0 
	   Memory (MB)          :      206     3900      3968 

	Job terminated of its own accord at 2023-07-25T01:57:15Z.
...
006 (330079.003.000) 2023-07-25 10:57:16 Image size of job updated: 685804
	194  -  MemoryUsage of job (MB)
	197800  -  ResidentSetSize of job (KB)
...
040 (330079.003.000) 2023-07-25 10:57:16 Started transferring output files
...
040 (330079.003.000) 2023-07-25 10:57:16 Finished transferring output files
...
005 (330079.003.000) 2023-07-25 10:57:16 Job terminated.
	(1) Normal termination (return value 0)
		Usr 0 00:00:15, Sys 0 00:00:00  -  Run Remote Usage
		Usr 0 00:00:00, Sys 0 00:00:00  -  Run Local Usage
		Usr 0 00:00:15, Sys 0 00:00:00  -  Total Remote Usage
		Usr 0 00:00:00, Sys 0 00:00:00  -  Total Local Usage
	1128  -  Run Bytes Sent By Job
	170  -  Run Bytes Received By Job
	1128  -  Total Bytes Sent By Job
	170  -  Total Bytes Received By Job
	Partitionable Resources :    Usage  Request Allocated 
	   Cpus                 :                 1         1 
	   Disk (KB)            :       47        1    127802 
	   GPUs                 :                           0 
	   Memory (MB)          :      194     3900      3968 

	Job terminated of its own accord at 2023-07-25T01:57:16Z.
...
006 (330079.005.000) 2023-07-25 10:57:16 Image size of job updated: 694820
	206  -  MemoryUsage of job (MB)
	210432  -  ResidentSetSize of job (KB)
...
006 (330079.000.000) 2023-07-25 10:57:16 Image size of job updated: 694768
	206  -  MemoryUsage of job (MB)
	210396  -  ResidentSetSize of job (KB)
...
040 (330079.005.000) 2023-07-25 10:57:16 Started transferring output files
...
040 (330079.005.000) 2023-07-25 10:57:16 Finished transferring output files
...
040 (330079.000.000) 2023-07-25 10:57:16 Started transferring output files
...
040 (330079.000.000) 2023-07-25 10:57:16 Finished transferring output files
...
005 (330079.005.000) 2023-07-25 10:57:16 Job terminated.
	(1) Normal termination (return value 0)
		Usr 0 00:00:15, Sys 0 00:00:00  -  Run Remote Usage
		Usr 0 00:00:00, Sys 0 00:00:00  -  Run Local Usage
		Usr 0 00:00:15, Sys 0 00:00:00  -  Total Remote Usage
		Usr 0 00:00:00, Sys 0 00:00:00  -  Total Local Usage
	1159  -  Run Bytes Sent By Job
	170  -  Run Bytes Received By Job
	1159  -  Total Bytes Sent By Job
	170  -  Total Bytes Received By Job
	Partitionable Resources :    Usage  Request Allocated 
	   Cpus                 :                 1         1 
	   Disk (KB)            :       47        1    127802 
	   GPUs                 :                           0 
	   Memory (MB)          :      206     3900      3968 

	Job terminated of its own accord at 2023-07-25T01:57:16Z.
...
005 (330079.000.000) 2023-07-25 10:57:16 Job terminated.
	(1) Normal termination (return value 0)
		Usr 0 00:00:16, Sys 0 00:00:00  -  Run Remote Usage
		Usr 0 00:00:00, Sys 0 00:00:00  -  Run Local Usage
		Usr 0 00:00:16, Sys 0 00:00:00  -  Total Remote Usage
		Usr 0 00:00:00, Sys 0 00:00:00  -  Total Local Usage
	1159  -  Run Bytes Sent By Job
	170  -  Run Bytes Received By Job
	1159  -  Total Bytes Sent By Job
	170  -  Total Bytes Received By Job
	Partitionable Resources :    Usage  Request Allocated 
	   Cpus                 :                 1         1 
	   Disk (KB)            :       47        1    127802 
	   GPUs                 :                           0 
	   Memory (MB)          :      206     3900      3968 

	Job terminated of its own accord at 2023-07-25T01:57:16Z.
...
006 (330079.007.000) 2023-07-25 10:57:16 Image size of job updated: 685744
	189  -  MemoryUsage of job (MB)
	193480  -  ResidentSetSize of job (KB)
...
040 (330079.007.000) 2023-07-25 10:57:16 Started transferring output files
...
040 (330079.007.000) 2023-07-25 10:57:16 Finished transferring output files
...
005 (330079.007.000) 2023-07-25 10:57:16 Job terminated.
	(1) Normal termination (return value 0)
		Usr 0 00:00:17, Sys 0 00:00:00  -  Run Remote Usage
		Usr 0 00:00:00, Sys 0 00:00:00  -  Run Local Usage
		Usr 0 00:00:17, Sys 0 00:00:00  -  Total Remote Usage
		Usr 0 00:00:00, Sys 0 00:00:00  -  Total Local Usage
	994  -  Run Bytes Sent By Job
	170  -  Run Bytes Received By Job
	994  -  Total Bytes Sent By Job
	170  -  Total Bytes Received By Job
	Partitionable Resources :    Usage  Request Allocated 
	   Cpus                 :                 1         1 
	   Disk (KB)            :       47        1    127802 
	   GPUs                 :                           0 
	   Memory (MB)          :      189     3900      3968 

	Job terminated of its own accord at 2023-07-25T01:57:16Z.
...
006 (330079.001.000) 2023-07-25 10:57:18 Image size of job updated: 694704
	206  -  MemoryUsage of job (MB)
	210360  -  ResidentSetSize of job (KB)
...
040 (330079.001.000) 2023-07-25 10:57:18 Started transferring output files
...
040 (330079.001.000) 2023-07-25 10:57:18 Finished transferring output files
...
005 (330079.001.000) 2023-07-25 10:57:18 Job terminated.
	(1) Normal termination (return value 0)
		Usr 0 00:00:18, Sys 0 00:00:01  -  Run Remote Usage
		Usr 0 00:00:00, Sys 0 00:00:00  -  Run Local Usage
		Usr 0 00:00:18, Sys 0 00:00:01  -  Total Remote Usage
		Usr 0 00:00:00, Sys 0 00:00:00  -  Total Local Usage
	1190  -  Run Bytes Sent By Job
	170  -  Run Bytes Received By Job
	1190  -  Total Bytes Sent By Job
	170  -  Total Bytes Received By Job
	Partitionable Resources :    Usage  Request Allocated 
	   Cpus                 :                 1         1 
	   Disk (KB)            :       47        1    127802 
	   GPUs                 :                           0 
	   Memory (MB)          :      206     3900      3968 

	Job terminated of its own accord at 2023-07-25T01:57:18Z.
...
