000 (310963.000.000) 2023-06-12 16:55:22 Job submitted from host: <172.30.1.200:9618?addrs=172.30.1.200-9618&alias=tamsa2.snu.ac.kr&noUDP&sock=schedd_3510_2582>
...
000 (310963.001.000) 2023-06-12 16:55:22 Job submitted from host: <172.30.1.200:9618?addrs=172.30.1.200-9618&alias=tamsa2.snu.ac.kr&noUDP&sock=schedd_3510_2582>
...
000 (310963.002.000) 2023-06-12 16:55:22 Job submitted from host: <172.30.1.200:9618?addrs=172.30.1.200-9618&alias=tamsa2.snu.ac.kr&noUDP&sock=schedd_3510_2582>
...
000 (310963.003.000) 2023-06-12 16:55:22 Job submitted from host: <172.30.1.200:9618?addrs=172.30.1.200-9618&alias=tamsa2.snu.ac.kr&noUDP&sock=schedd_3510_2582>
...
000 (310963.004.000) 2023-06-12 16:55:22 Job submitted from host: <172.30.1.200:9618?addrs=172.30.1.200-9618&alias=tamsa2.snu.ac.kr&noUDP&sock=schedd_3510_2582>
...
000 (310963.005.000) 2023-06-12 16:55:22 Job submitted from host: <172.30.1.200:9618?addrs=172.30.1.200-9618&alias=tamsa2.snu.ac.kr&noUDP&sock=schedd_3510_2582>
...
000 (310963.006.000) 2023-06-12 16:55:22 Job submitted from host: <172.30.1.200:9618?addrs=172.30.1.200-9618&alias=tamsa2.snu.ac.kr&noUDP&sock=schedd_3510_2582>
...
000 (310963.007.000) 2023-06-12 16:55:22 Job submitted from host: <172.30.1.200:9618?addrs=172.30.1.200-9618&alias=tamsa2.snu.ac.kr&noUDP&sock=schedd_3510_2582>
...
000 (310963.008.000) 2023-06-12 16:55:22 Job submitted from host: <172.30.1.200:9618?addrs=172.30.1.200-9618&alias=tamsa2.snu.ac.kr&noUDP&sock=schedd_3510_2582>
...
000 (310963.009.000) 2023-06-12 16:55:22 Job submitted from host: <172.30.1.200:9618?addrs=172.30.1.200-9618&alias=tamsa2.snu.ac.kr&noUDP&sock=schedd_3510_2582>
...
040 (310963.007.000) 2023-06-12 16:56:54 Started transferring input files
	Transferring to host: <172.30.1.109:9618?addrs=172.30.1.109-9618&alias=n9&noUDP&sock=slot1_1_4265_d407_22657>
...
040 (310963.006.000) 2023-06-12 16:56:54 Started transferring input files
	Transferring to host: <172.30.1.108:9618?addrs=172.30.1.108-9618&alias=n8&noUDP&sock=slot1_20_4278_fce7_21573>
...
040 (310963.008.000) 2023-06-12 16:56:54 Started transferring input files
	Transferring to host: <172.30.1.109:9618?addrs=172.30.1.109-9618&alias=n9&noUDP&sock=slot1_4_4265_d407_22658>
...
040 (310963.007.000) 2023-06-12 16:56:54 Finished transferring input files
...
040 (310963.006.000) 2023-06-12 16:56:54 Finished transferring input files
...
040 (310963.008.000) 2023-06-12 16:56:54 Finished transferring input files
...
040 (310963.009.000) 2023-06-12 16:56:54 Started transferring input files
	Transferring to host: <172.30.1.109:9618?addrs=172.30.1.109-9618&alias=n9&noUDP&sock=slot1_19_4265_d407_22659>
...
001 (310963.000.000) 2023-06-12 16:56:54 Job executing on host: <172.30.1.202:9618?addrs=172.30.1.202-9618&alias=node2&noUDP&sock=startd_19693_56a6>
...
040 (310963.009.000) 2023-06-12 16:56:54 Finished transferring input files
...
001 (310963.007.000) 2023-06-12 16:56:55 Job executing on host: <172.30.1.109:9618?addrs=172.30.1.109-9618&alias=n9&noUDP&sock=startd_4231_b14b>
...
001 (310963.006.000) 2023-06-12 16:56:55 Job executing on host: <172.30.1.108:9618?addrs=172.30.1.108-9618&alias=n8&noUDP&sock=startd_4243_ec6e>
...
001 (310963.008.000) 2023-06-12 16:56:55 Job executing on host: <172.30.1.109:9618?addrs=172.30.1.109-9618&alias=n9&noUDP&sock=startd_4231_b14b>
...
001 (310963.009.000) 2023-06-12 16:56:55 Job executing on host: <172.30.1.109:9618?addrs=172.30.1.109-9618&alias=n9&noUDP&sock=startd_4231_b14b>
...
001 (310963.001.000) 2023-06-12 16:56:55 Job executing on host: <172.30.1.202:9618?addrs=172.30.1.202-9618&alias=node2&noUDP&sock=startd_19693_56a6>
...
001 (310963.004.000) 2023-06-12 16:56:55 Job executing on host: <172.30.1.202:9618?addrs=172.30.1.202-9618&alias=node2&noUDP&sock=startd_19693_56a6>
...
001 (310963.002.000) 2023-06-12 16:56:55 Job executing on host: <172.30.1.202:9618?addrs=172.30.1.202-9618&alias=node2&noUDP&sock=startd_19693_56a6>
...
001 (310963.003.000) 2023-06-12 16:56:55 Job executing on host: <172.30.1.202:9618?addrs=172.30.1.202-9618&alias=node2&noUDP&sock=startd_19693_56a6>
...
001 (310963.005.000) 2023-06-12 16:56:55 Job executing on host: <172.30.1.202:9618?addrs=172.30.1.202-9618&alias=node2&noUDP&sock=startd_19693_56a6>
...
006 (310963.000.000) 2023-06-12 16:57:03 Image size of job updated: 602232
	179  -  MemoryUsage of job (MB)
	182868  -  ResidentSetSize of job (KB)
...
006 (310963.001.000) 2023-06-12 16:57:04 Image size of job updated: 602232
	179  -  MemoryUsage of job (MB)
	182876  -  ResidentSetSize of job (KB)
...
006 (310963.004.000) 2023-06-12 16:57:04 Image size of job updated: 562616
	174  -  MemoryUsage of job (MB)
	177760  -  ResidentSetSize of job (KB)
...
006 (310963.002.000) 2023-06-12 16:57:04 Image size of job updated: 601764
	179  -  MemoryUsage of job (MB)
	182724  -  ResidentSetSize of job (KB)
...
006 (310963.005.000) 2023-06-12 16:57:04 Image size of job updated: 566960
	174  -  MemoryUsage of job (MB)
	178124  -  ResidentSetSize of job (KB)
...
006 (310963.003.000) 2023-06-12 16:57:04 Image size of job updated: 566996
	179  -  MemoryUsage of job (MB)
	182648  -  ResidentSetSize of job (KB)
...
006 (310963.007.000) 2023-06-12 16:57:04 Image size of job updated: 580064
	179  -  MemoryUsage of job (MB)
	182764  -  ResidentSetSize of job (KB)
...
006 (310963.008.000) 2023-06-12 16:57:04 Image size of job updated: 597952
	179  -  MemoryUsage of job (MB)
	182784  -  ResidentSetSize of job (KB)
...
006 (310963.006.000) 2023-06-12 16:57:04 Image size of job updated: 552396
	166  -  MemoryUsage of job (MB)
	169888  -  ResidentSetSize of job (KB)
...
006 (310963.009.000) 2023-06-12 16:57:04 Image size of job updated: 601832
	179  -  MemoryUsage of job (MB)
	182784  -  ResidentSetSize of job (KB)
...
006 (310963.000.000) 2023-06-12 16:57:13 Image size of job updated: 606240
	179  -  MemoryUsage of job (MB)
	182868  -  ResidentSetSize of job (KB)
...
005 (310963.000.000) 2023-06-12 16:57:13 Job terminated.
	(1) Normal termination (return value 0)
		Usr 0 00:00:15, Sys 0 00:00:01  -  Run Remote Usage
		Usr 0 00:00:00, Sys 0 00:00:00  -  Run Local Usage
		Usr 0 00:00:15, Sys 0 00:00:01  -  Total Remote Usage
		Usr 0 00:00:00, Sys 0 00:00:00  -  Total Local Usage
	0  -  Run Bytes Sent By Job
	0  -  Run Bytes Received By Job
	0  -  Total Bytes Sent By Job
	0  -  Total Bytes Received By Job
	Partitionable Resources :    Usage  Request Allocated 
	   Cpus                 :                 1         1 
	   Disk (KB)            :        1        1    128913 
	   Memory (MB)          :      179     3900      3968 

	Job terminated of its own accord at 2023-06-12T07:57:13Z.
...
006 (310963.002.000) 2023-06-12 16:57:13 Image size of job updated: 606332
	179  -  MemoryUsage of job (MB)
	182724  -  ResidentSetSize of job (KB)
...
005 (310963.002.000) 2023-06-12 16:57:13 Job terminated.
	(1) Normal termination (return value 0)
		Usr 0 00:00:15, Sys 0 00:00:01  -  Run Remote Usage
		Usr 0 00:00:00, Sys 0 00:00:00  -  Run Local Usage
		Usr 0 00:00:15, Sys 0 00:00:01  -  Total Remote Usage
		Usr 0 00:00:00, Sys 0 00:00:00  -  Total Local Usage
	0  -  Run Bytes Sent By Job
	0  -  Run Bytes Received By Job
	0  -  Total Bytes Sent By Job
	0  -  Total Bytes Received By Job
	Partitionable Resources :    Usage  Request Allocated 
	   Cpus                 :                 1         1 
	   Disk (KB)            :        1        1    128913 
	   Memory (MB)          :      179     3900      3968 

	Job terminated of its own accord at 2023-06-12T07:57:13Z.
...
006 (310963.008.000) 2023-06-12 16:57:14 Image size of job updated: 606220
	179  -  MemoryUsage of job (MB)
	182784  -  ResidentSetSize of job (KB)
...
040 (310963.008.000) 2023-06-12 16:57:14 Started transferring output files
...
040 (310963.008.000) 2023-06-12 16:57:14 Finished transferring output files
...
005 (310963.008.000) 2023-06-12 16:57:14 Job terminated.
	(1) Normal termination (return value 0)
		Usr 0 00:00:15, Sys 0 00:00:01  -  Run Remote Usage
		Usr 0 00:00:00, Sys 0 00:00:00  -  Run Local Usage
		Usr 0 00:00:15, Sys 0 00:00:01  -  Total Remote Usage
		Usr 0 00:00:00, Sys 0 00:00:00  -  Total Local Usage
	6669  -  Run Bytes Sent By Job
	147  -  Run Bytes Received By Job
	6669  -  Total Bytes Sent By Job
	147  -  Total Bytes Received By Job
	Partitionable Resources :    Usage  Request Allocated 
	   Cpus                 :                 1         1 
	   Disk (KB)            :       51        1    127899 
	   Memory (MB)          :      179     3900      3968 

	Job terminated of its own accord at 2023-06-12T07:57:14Z.
...
006 (310963.009.000) 2023-06-12 16:57:14 Image size of job updated: 608052
	179  -  MemoryUsage of job (MB)
	182784  -  ResidentSetSize of job (KB)
...
040 (310963.009.000) 2023-06-12 16:57:14 Started transferring output files
...
040 (310963.009.000) 2023-06-12 16:57:14 Finished transferring output files
...
005 (310963.009.000) 2023-06-12 16:57:14 Job terminated.
	(1) Normal termination (return value 0)
		Usr 0 00:00:15, Sys 0 00:00:01  -  Run Remote Usage
		Usr 0 00:00:00, Sys 0 00:00:00  -  Run Local Usage
		Usr 0 00:00:15, Sys 0 00:00:01  -  Total Remote Usage
		Usr 0 00:00:00, Sys 0 00:00:00  -  Total Local Usage
	5822  -  Run Bytes Sent By Job
	147  -  Run Bytes Received By Job
	5822  -  Total Bytes Sent By Job
	147  -  Total Bytes Received By Job
	Partitionable Resources :    Usage  Request Allocated 
	   Cpus                 :                 1         1 
	   Disk (KB)            :       51        1    127899 
	   Memory (MB)          :      179     3900      3968 

	Job terminated of its own accord at 2023-06-12T07:57:14Z.
...
006 (310963.007.000) 2023-06-12 16:57:15 Image size of job updated: 606120
	179  -  MemoryUsage of job (MB)
	182764  -  ResidentSetSize of job (KB)
...
040 (310963.007.000) 2023-06-12 16:57:15 Started transferring output files
...
040 (310963.007.000) 2023-06-12 16:57:15 Finished transferring output files
...
005 (310963.007.000) 2023-06-12 16:57:15 Job terminated.
	(1) Normal termination (return value 0)
		Usr 0 00:00:16, Sys 0 00:00:00  -  Run Remote Usage
		Usr 0 00:00:00, Sys 0 00:00:00  -  Run Local Usage
		Usr 0 00:00:16, Sys 0 00:00:00  -  Total Remote Usage
		Usr 0 00:00:00, Sys 0 00:00:00  -  Total Local Usage
	6394  -  Run Bytes Sent By Job
	147  -  Run Bytes Received By Job
	6394  -  Total Bytes Sent By Job
	147  -  Total Bytes Received By Job
	Partitionable Resources :    Usage  Request Allocated 
	   Cpus                 :                 1         1 
	   Disk (KB)            :       51        1    127899 
	   Memory (MB)          :      179     3900      3968 

	Job terminated of its own accord at 2023-06-12T07:57:15Z.
...
006 (310963.001.000) 2023-06-12 16:57:15 Image size of job updated: 606224
	179  -  MemoryUsage of job (MB)
	182876  -  ResidentSetSize of job (KB)
...
005 (310963.001.000) 2023-06-12 16:57:15 Job terminated.
	(1) Normal termination (return value 0)
		Usr 0 00:00:17, Sys 0 00:00:01  -  Run Remote Usage
		Usr 0 00:00:00, Sys 0 00:00:00  -  Run Local Usage
		Usr 0 00:00:17, Sys 0 00:00:01  -  Total Remote Usage
		Usr 0 00:00:00, Sys 0 00:00:00  -  Total Local Usage
	0  -  Run Bytes Sent By Job
	0  -  Run Bytes Received By Job
	0  -  Total Bytes Sent By Job
	0  -  Total Bytes Received By Job
	Partitionable Resources :    Usage  Request Allocated 
	   Cpus                 :                 1         1 
	   Disk (KB)            :        1        1    128913 
	   Memory (MB)          :      179     3900      3968 

	Job terminated of its own accord at 2023-06-12T07:57:15Z.
...
006 (310963.003.000) 2023-06-12 16:57:16 Image size of job updated: 606200
	179  -  MemoryUsage of job (MB)
	182648  -  ResidentSetSize of job (KB)
...
005 (310963.003.000) 2023-06-12 16:57:16 Job terminated.
	(1) Normal termination (return value 0)
		Usr 0 00:00:18, Sys 0 00:00:01  -  Run Remote Usage
		Usr 0 00:00:00, Sys 0 00:00:00  -  Run Local Usage
		Usr 0 00:00:18, Sys 0 00:00:01  -  Total Remote Usage
		Usr 0 00:00:00, Sys 0 00:00:00  -  Total Local Usage
	0  -  Run Bytes Sent By Job
	0  -  Run Bytes Received By Job
	0  -  Total Bytes Sent By Job
	0  -  Total Bytes Received By Job
	Partitionable Resources :    Usage  Request Allocated 
	   Cpus                 :                 1         1 
	   Disk (KB)            :        1        1    128913 
	   Memory (MB)          :      179     3900      3968 

	Job terminated of its own accord at 2023-06-12T07:57:16Z.
...
006 (310963.004.000) 2023-06-12 16:57:17 Image size of job updated: 608048
	174  -  MemoryUsage of job (MB)
	177808  -  ResidentSetSize of job (KB)
...
005 (310963.004.000) 2023-06-12 16:57:17 Job terminated.
	(1) Normal termination (return value 0)
		Usr 0 00:00:18, Sys 0 00:00:01  -  Run Remote Usage
		Usr 0 00:00:00, Sys 0 00:00:00  -  Run Local Usage
		Usr 0 00:00:18, Sys 0 00:00:01  -  Total Remote Usage
		Usr 0 00:00:00, Sys 0 00:00:00  -  Total Local Usage
	0  -  Run Bytes Sent By Job
	0  -  Run Bytes Received By Job
	0  -  Total Bytes Sent By Job
	0  -  Total Bytes Received By Job
	Partitionable Resources :    Usage  Request Allocated 
	   Cpus                 :                 1         1 
	   Disk (KB)            :        1        1    128913 
	   Memory (MB)          :      174     3900      3968 

	Job terminated of its own accord at 2023-06-12T07:57:17Z.
...
006 (310963.005.000) 2023-06-12 16:57:18 Image size of job updated: 606276
	174  -  MemoryUsage of job (MB)
	178124  -  ResidentSetSize of job (KB)
...
005 (310963.005.000) 2023-06-12 16:57:18 Job terminated.
	(1) Normal termination (return value 0)
		Usr 0 00:00:20, Sys 0 00:00:01  -  Run Remote Usage
		Usr 0 00:00:00, Sys 0 00:00:00  -  Run Local Usage
		Usr 0 00:00:20, Sys 0 00:00:01  -  Total Remote Usage
		Usr 0 00:00:00, Sys 0 00:00:00  -  Total Local Usage
	0  -  Run Bytes Sent By Job
	0  -  Run Bytes Received By Job
	0  -  Total Bytes Sent By Job
	0  -  Total Bytes Received By Job
	Partitionable Resources :    Usage  Request Allocated 
	   Cpus                 :                 1         1 
	   Disk (KB)            :        1        1    128913 
	   Memory (MB)          :      174     3900      3968 

	Job terminated of its own accord at 2023-06-12T07:57:18Z.
...
006 (310963.006.000) 2023-06-12 16:57:18 Image size of job updated: 606264
	166  -  MemoryUsage of job (MB)
	169892  -  ResidentSetSize of job (KB)
...
040 (310963.006.000) 2023-06-12 16:57:18 Started transferring output files
...
040 (310963.006.000) 2023-06-12 16:57:18 Finished transferring output files
...
005 (310963.006.000) 2023-06-12 16:57:18 Job terminated.
	(1) Normal termination (return value 0)
		Usr 0 00:00:18, Sys 0 00:00:01  -  Run Remote Usage
		Usr 0 00:00:00, Sys 0 00:00:00  -  Run Local Usage
		Usr 0 00:00:18, Sys 0 00:00:01  -  Total Remote Usage
		Usr 0 00:00:00, Sys 0 00:00:00  -  Total Local Usage
	5945  -  Run Bytes Sent By Job
	147  -  Run Bytes Received By Job
	5945  -  Total Bytes Sent By Job
	147  -  Total Bytes Received By Job
	Partitionable Resources :    Usage  Request Allocated 
	   Cpus                 :                 1         1 
	   Disk (KB)            :       51        1    127899 
	   Memory (MB)          :      166     3900      3968 

	Job terminated of its own accord at 2023-06-12T07:57:18Z.
...
