000 (311061.000.000) 2023-06-12 18:12:02 Job submitted from host: <172.30.1.200:9618?addrs=172.30.1.200-9618&alias=tamsa2.snu.ac.kr&noUDP&sock=schedd_3510_2582>
...
000 (311061.001.000) 2023-06-12 18:12:02 Job submitted from host: <172.30.1.200:9618?addrs=172.30.1.200-9618&alias=tamsa2.snu.ac.kr&noUDP&sock=schedd_3510_2582>
...
000 (311061.002.000) 2023-06-12 18:12:02 Job submitted from host: <172.30.1.200:9618?addrs=172.30.1.200-9618&alias=tamsa2.snu.ac.kr&noUDP&sock=schedd_3510_2582>
...
000 (311061.003.000) 2023-06-12 18:12:02 Job submitted from host: <172.30.1.200:9618?addrs=172.30.1.200-9618&alias=tamsa2.snu.ac.kr&noUDP&sock=schedd_3510_2582>
...
000 (311061.004.000) 2023-06-12 18:12:02 Job submitted from host: <172.30.1.200:9618?addrs=172.30.1.200-9618&alias=tamsa2.snu.ac.kr&noUDP&sock=schedd_3510_2582>
...
000 (311061.005.000) 2023-06-12 18:12:02 Job submitted from host: <172.30.1.200:9618?addrs=172.30.1.200-9618&alias=tamsa2.snu.ac.kr&noUDP&sock=schedd_3510_2582>
...
000 (311061.006.000) 2023-06-12 18:12:02 Job submitted from host: <172.30.1.200:9618?addrs=172.30.1.200-9618&alias=tamsa2.snu.ac.kr&noUDP&sock=schedd_3510_2582>
...
000 (311061.007.000) 2023-06-12 18:12:02 Job submitted from host: <172.30.1.200:9618?addrs=172.30.1.200-9618&alias=tamsa2.snu.ac.kr&noUDP&sock=schedd_3510_2582>
...
000 (311061.008.000) 2023-06-12 18:12:02 Job submitted from host: <172.30.1.200:9618?addrs=172.30.1.200-9618&alias=tamsa2.snu.ac.kr&noUDP&sock=schedd_3510_2582>
...
000 (311061.009.000) 2023-06-12 18:12:02 Job submitted from host: <172.30.1.200:9618?addrs=172.30.1.200-9618&alias=tamsa2.snu.ac.kr&noUDP&sock=schedd_3510_2582>
...
040 (311061.000.000) 2023-06-12 18:12:11 Started transferring input files
	Transferring to host: <172.30.1.109:9618?addrs=172.30.1.109-9618&alias=n9&noUDP&sock=slot1_22_4265_d407_22995>
...
040 (311061.000.000) 2023-06-12 18:12:11 Finished transferring input files
...
040 (311061.008.000) 2023-06-12 18:12:11 Started transferring input files
	Transferring to host: <172.30.1.110:9618?addrs=172.30.1.110-9618&alias=n10&noUDP&sock=slot1_1_4288_08a7_22530>
...
040 (311061.008.000) 2023-06-12 18:12:11 Finished transferring input files
...
040 (311061.001.000) 2023-06-12 18:12:11 Started transferring input files
	Transferring to host: <172.30.1.109:9618?addrs=172.30.1.109-9618&alias=n9&noUDP&sock=slot1_23_4265_d407_22997>
...
040 (311061.001.000) 2023-06-12 18:12:11 Finished transferring input files
...
040 (311061.002.000) 2023-06-12 18:12:11 Started transferring input files
	Transferring to host: <172.30.1.109:9618?addrs=172.30.1.109-9618&alias=n9&noUDP&sock=slot1_24_4265_d407_22998>
...
040 (311061.009.000) 2023-06-12 18:12:11 Started transferring input files
	Transferring to host: <172.30.1.110:9618?addrs=172.30.1.110-9618&alias=n10&noUDP&sock=slot1_2_4288_08a7_22531>
...
040 (311061.003.000) 2023-06-12 18:12:11 Started transferring input files
	Transferring to host: <172.30.1.109:9618?addrs=172.30.1.109-9618&alias=n9&noUDP&sock=slot1_25_4265_d407_22999>
...
040 (311061.009.000) 2023-06-12 18:12:11 Finished transferring input files
...
040 (311061.002.000) 2023-06-12 18:12:11 Finished transferring input files
...
040 (311061.003.000) 2023-06-12 18:12:11 Finished transferring input files
...
040 (311061.004.000) 2023-06-12 18:12:11 Started transferring input files
	Transferring to host: <172.30.1.109:9618?addrs=172.30.1.109-9618&alias=n9&noUDP&sock=slot1_26_4265_d407_23000>
...
040 (311061.004.000) 2023-06-12 18:12:11 Finished transferring input files
...
040 (311061.005.000) 2023-06-12 18:12:11 Started transferring input files
	Transferring to host: <172.30.1.109:9618?addrs=172.30.1.109-9618&alias=n9&noUDP&sock=slot1_27_4265_d407_23001>
...
040 (311061.005.000) 2023-06-12 18:12:11 Finished transferring input files
...
040 (311061.006.000) 2023-06-12 18:12:11 Started transferring input files
	Transferring to host: <172.30.1.109:9618?addrs=172.30.1.109-9618&alias=n9&noUDP&sock=slot1_28_4265_d407_23002>
...
040 (311061.006.000) 2023-06-12 18:12:11 Finished transferring input files
...
040 (311061.007.000) 2023-06-12 18:12:12 Started transferring input files
	Transferring to host: <172.30.1.109:9618?addrs=172.30.1.109-9618&alias=n9&noUDP&sock=slot1_33_4265_d407_23003>
...
040 (311061.007.000) 2023-06-12 18:12:12 Finished transferring input files
...
001 (311061.000.000) 2023-06-12 18:12:12 Job executing on host: <172.30.1.109:9618?addrs=172.30.1.109-9618&alias=n9&noUDP&sock=startd_4231_b14b>
...
001 (311061.008.000) 2023-06-12 18:12:12 Job executing on host: <172.30.1.110:9618?addrs=172.30.1.110-9618&alias=n10&noUDP&sock=startd_4254_77f9>
...
001 (311061.001.000) 2023-06-12 18:12:12 Job executing on host: <172.30.1.109:9618?addrs=172.30.1.109-9618&alias=n9&noUDP&sock=startd_4231_b14b>
...
001 (311061.002.000) 2023-06-12 18:12:12 Job executing on host: <172.30.1.109:9618?addrs=172.30.1.109-9618&alias=n9&noUDP&sock=startd_4231_b14b>
...
001 (311061.009.000) 2023-06-12 18:12:12 Job executing on host: <172.30.1.110:9618?addrs=172.30.1.110-9618&alias=n10&noUDP&sock=startd_4254_77f9>
...
001 (311061.003.000) 2023-06-12 18:12:12 Job executing on host: <172.30.1.109:9618?addrs=172.30.1.109-9618&alias=n9&noUDP&sock=startd_4231_b14b>
...
001 (311061.004.000) 2023-06-12 18:12:12 Job executing on host: <172.30.1.109:9618?addrs=172.30.1.109-9618&alias=n9&noUDP&sock=startd_4231_b14b>
...
001 (311061.005.000) 2023-06-12 18:12:12 Job executing on host: <172.30.1.109:9618?addrs=172.30.1.109-9618&alias=n9&noUDP&sock=startd_4231_b14b>
...
001 (311061.006.000) 2023-06-12 18:12:12 Job executing on host: <172.30.1.109:9618?addrs=172.30.1.109-9618&alias=n9&noUDP&sock=startd_4231_b14b>
...
001 (311061.007.000) 2023-06-12 18:12:13 Job executing on host: <172.30.1.109:9618?addrs=172.30.1.109-9618&alias=n9&noUDP&sock=startd_4231_b14b>
...
006 (311061.007.000) 2023-06-12 18:12:21 Image size of job updated: 187876
	184  -  MemoryUsage of job (MB)
	187876  -  ResidentSetSize of job (KB)
...
006 (311061.000.000) 2023-06-12 18:12:21 Image size of job updated: 386108
	184  -  MemoryUsage of job (MB)
	188088  -  ResidentSetSize of job (KB)
...
006 (311061.008.000) 2023-06-12 18:12:21 Image size of job updated: 648976
	184  -  MemoryUsage of job (MB)
	188204  -  ResidentSetSize of job (KB)
...
006 (311061.009.000) 2023-06-12 18:12:21 Image size of job updated: 648968
	184  -  MemoryUsage of job (MB)
	188200  -  ResidentSetSize of job (KB)
...
006 (311061.001.000) 2023-06-12 18:12:21 Image size of job updated: 303280
	184  -  MemoryUsage of job (MB)
	188192  -  ResidentSetSize of job (KB)
...
006 (311061.002.000) 2023-06-12 18:12:21 Image size of job updated: 250676
	184  -  MemoryUsage of job (MB)
	188208  -  ResidentSetSize of job (KB)
...
006 (311061.003.000) 2023-06-12 18:12:21 Image size of job updated: 188220
	184  -  MemoryUsage of job (MB)
	188220  -  ResidentSetSize of job (KB)
...
006 (311061.004.000) 2023-06-12 18:12:21 Image size of job updated: 188224
	184  -  MemoryUsage of job (MB)
	188224  -  ResidentSetSize of job (KB)
...
006 (311061.005.000) 2023-06-12 18:12:21 Image size of job updated: 188248
	184  -  MemoryUsage of job (MB)
	188248  -  ResidentSetSize of job (KB)
...
006 (311061.006.000) 2023-06-12 18:12:21 Image size of job updated: 188200
	184  -  MemoryUsage of job (MB)
	188200  -  ResidentSetSize of job (KB)
...
006 (311061.005.000) 2023-06-12 18:13:37 Image size of job updated: 692160
	184  -  MemoryUsage of job (MB)
	188248  -  ResidentSetSize of job (KB)
...
040 (311061.005.000) 2023-06-12 18:13:37 Started transferring output files
...
040 (311061.005.000) 2023-06-12 18:13:37 Finished transferring output files
...
005 (311061.005.000) 2023-06-12 18:13:37 Job terminated.
	(1) Normal termination (return value 0)
		Usr 0 00:01:22, Sys 0 00:00:01  -  Run Remote Usage
		Usr 0 00:00:00, Sys 0 00:00:00  -  Run Local Usage
		Usr 0 00:01:22, Sys 0 00:00:01  -  Total Remote Usage
		Usr 0 00:00:00, Sys 0 00:00:00  -  Total Local Usage
	7779  -  Run Bytes Sent By Job
	146  -  Run Bytes Received By Job
	7779  -  Total Bytes Sent By Job
	146  -  Total Bytes Received By Job
	Partitionable Resources :    Usage  Request Allocated 
	   Cpus                 :                 1         1 
	   Disk (KB)            :       52        1    127899 
	   Memory (MB)          :      184     3900      3968 

	Job terminated of its own accord at 2023-06-12T09:13:37Z.
...
006 (311061.000.000) 2023-06-12 18:13:48 Image size of job updated: 693336
	184  -  MemoryUsage of job (MB)
	188088  -  ResidentSetSize of job (KB)
...
040 (311061.000.000) 2023-06-12 18:13:48 Started transferring output files
...
040 (311061.000.000) 2023-06-12 18:13:48 Finished transferring output files
...
005 (311061.000.000) 2023-06-12 18:13:48 Job terminated.
	(1) Normal termination (return value 0)
		Usr 0 00:01:33, Sys 0 00:00:01  -  Run Remote Usage
		Usr 0 00:00:00, Sys 0 00:00:00  -  Run Local Usage
		Usr 0 00:01:33, Sys 0 00:00:01  -  Total Remote Usage
		Usr 0 00:00:00, Sys 0 00:00:00  -  Total Local Usage
	7734  -  Run Bytes Sent By Job
	146  -  Run Bytes Received By Job
	7734  -  Total Bytes Sent By Job
	146  -  Total Bytes Received By Job
	Partitionable Resources :    Usage  Request Allocated 
	   Cpus                 :                 1         1 
	   Disk (KB)            :       52        1    127899 
	   Memory (MB)          :      184     3900      3968 

	Job terminated of its own accord at 2023-06-12T09:13:48Z.
...
006 (311061.002.000) 2023-06-12 18:13:56 Image size of job updated: 692124
	184  -  MemoryUsage of job (MB)
	188208  -  ResidentSetSize of job (KB)
...
040 (311061.002.000) 2023-06-12 18:13:56 Started transferring output files
...
040 (311061.002.000) 2023-06-12 18:13:56 Finished transferring output files
...
005 (311061.002.000) 2023-06-12 18:13:56 Job terminated.
	(1) Normal termination (return value 0)
		Usr 0 00:01:41, Sys 0 00:00:01  -  Run Remote Usage
		Usr 0 00:00:00, Sys 0 00:00:00  -  Run Local Usage
		Usr 0 00:01:41, Sys 0 00:00:01  -  Total Remote Usage
		Usr 0 00:00:00, Sys 0 00:00:00  -  Total Local Usage
	7190  -  Run Bytes Sent By Job
	146  -  Run Bytes Received By Job
	7190  -  Total Bytes Sent By Job
	146  -  Total Bytes Received By Job
	Partitionable Resources :    Usage  Request Allocated 
	   Cpus                 :                 1         1 
	   Disk (KB)            :       52        1    127899 
	   Memory (MB)          :      184     3900      3968 

	Job terminated of its own accord at 2023-06-12T09:13:56Z.
...
006 (311061.001.000) 2023-06-12 18:13:57 Image size of job updated: 692116
	184  -  MemoryUsage of job (MB)
	188192  -  ResidentSetSize of job (KB)
...
040 (311061.001.000) 2023-06-12 18:13:57 Started transferring output files
...
040 (311061.001.000) 2023-06-12 18:13:57 Finished transferring output files
...
005 (311061.001.000) 2023-06-12 18:13:57 Job terminated.
	(1) Normal termination (return value 0)
		Usr 0 00:01:42, Sys 0 00:00:01  -  Run Remote Usage
		Usr 0 00:00:00, Sys 0 00:00:00  -  Run Local Usage
		Usr 0 00:01:42, Sys 0 00:00:01  -  Total Remote Usage
		Usr 0 00:00:00, Sys 0 00:00:00  -  Total Local Usage
	8545  -  Run Bytes Sent By Job
	146  -  Run Bytes Received By Job
	8545  -  Total Bytes Sent By Job
	146  -  Total Bytes Received By Job
	Partitionable Resources :    Usage  Request Allocated 
	   Cpus                 :                 1         1 
	   Disk (KB)            :       53        1    127899 
	   Memory (MB)          :      184     3900      3968 

	Job terminated of its own accord at 2023-06-12T09:13:57Z.
...
006 (311061.004.000) 2023-06-12 18:13:58 Image size of job updated: 692128
	184  -  MemoryUsage of job (MB)
	188224  -  ResidentSetSize of job (KB)
...
040 (311061.004.000) 2023-06-12 18:13:58 Started transferring output files
...
040 (311061.004.000) 2023-06-12 18:13:58 Finished transferring output files
...
005 (311061.004.000) 2023-06-12 18:13:58 Job terminated.
	(1) Normal termination (return value 0)
		Usr 0 00:01:42, Sys 0 00:00:01  -  Run Remote Usage
		Usr 0 00:00:00, Sys 0 00:00:00  -  Run Local Usage
		Usr 0 00:01:42, Sys 0 00:00:01  -  Total Remote Usage
		Usr 0 00:00:00, Sys 0 00:00:00  -  Total Local Usage
	9115  -  Run Bytes Sent By Job
	146  -  Run Bytes Received By Job
	9115  -  Total Bytes Sent By Job
	146  -  Total Bytes Received By Job
	Partitionable Resources :    Usage  Request Allocated 
	   Cpus                 :                 1         1 
	   Disk (KB)            :       54        1    127899 
	   Memory (MB)          :      184     3900      3968 

	Job terminated of its own accord at 2023-06-12T09:13:58Z.
...
006 (311061.006.000) 2023-06-12 18:13:58 Image size of job updated: 692108
	184  -  MemoryUsage of job (MB)
	188200  -  ResidentSetSize of job (KB)
...
040 (311061.006.000) 2023-06-12 18:13:58 Started transferring output files
...
040 (311061.006.000) 2023-06-12 18:13:58 Finished transferring output files
...
005 (311061.006.000) 2023-06-12 18:13:58 Job terminated.
	(1) Normal termination (return value 0)
		Usr 0 00:01:43, Sys 0 00:00:01  -  Run Remote Usage
		Usr 0 00:00:00, Sys 0 00:00:00  -  Run Local Usage
		Usr 0 00:01:43, Sys 0 00:00:01  -  Total Remote Usage
		Usr 0 00:00:00, Sys 0 00:00:00  -  Total Local Usage
	7632  -  Run Bytes Sent By Job
	146  -  Run Bytes Received By Job
	7632  -  Total Bytes Sent By Job
	146  -  Total Bytes Received By Job
	Partitionable Resources :    Usage  Request Allocated 
	   Cpus                 :                 1         1 
	   Disk (KB)            :       52        1    127899 
	   Memory (MB)          :      184     3900      3968 

	Job terminated of its own accord at 2023-06-12T09:13:58Z.
...
006 (311061.008.000) 2023-06-12 18:14:00 Image size of job updated: 690284
	184  -  MemoryUsage of job (MB)
	188204  -  ResidentSetSize of job (KB)
...
040 (311061.008.000) 2023-06-12 18:14:00 Started transferring output files
...
040 (311061.008.000) 2023-06-12 18:14:00 Finished transferring output files
...
005 (311061.008.000) 2023-06-12 18:14:00 Job terminated.
	(1) Normal termination (return value 0)
		Usr 0 00:01:44, Sys 0 00:00:01  -  Run Remote Usage
		Usr 0 00:00:00, Sys 0 00:00:00  -  Run Local Usage
		Usr 0 00:01:44, Sys 0 00:00:01  -  Total Remote Usage
		Usr 0 00:00:00, Sys 0 00:00:00  -  Total Local Usage
	7448  -  Run Bytes Sent By Job
	146  -  Run Bytes Received By Job
	7448  -  Total Bytes Sent By Job
	146  -  Total Bytes Received By Job
	Partitionable Resources :    Usage  Request Allocated 
	   Cpus                 :     1.00        1         1 
	   Disk (KB)            :    58           1    127899 
	   Memory (MB)          :   184        3900      3968 

	Job terminated of its own accord at 2023-06-12T09:14:00Z.
...
006 (311061.003.000) 2023-06-12 18:14:01 Image size of job updated: 692128
	184  -  MemoryUsage of job (MB)
	188220  -  ResidentSetSize of job (KB)
...
040 (311061.003.000) 2023-06-12 18:14:01 Started transferring output files
...
040 (311061.003.000) 2023-06-12 18:14:01 Finished transferring output files
...
005 (311061.003.000) 2023-06-12 18:14:01 Job terminated.
	(1) Normal termination (return value 0)
		Usr 0 00:01:46, Sys 0 00:00:01  -  Run Remote Usage
		Usr 0 00:00:00, Sys 0 00:00:00  -  Run Local Usage
		Usr 0 00:01:46, Sys 0 00:00:01  -  Total Remote Usage
		Usr 0 00:00:00, Sys 0 00:00:00  -  Total Local Usage
	7610  -  Run Bytes Sent By Job
	146  -  Run Bytes Received By Job
	7610  -  Total Bytes Sent By Job
	146  -  Total Bytes Received By Job
	Partitionable Resources :    Usage  Request Allocated 
	   Cpus                 :                 1         1 
	   Disk (KB)            :       52        1    127899 
	   Memory (MB)          :      184     3900      3968 

	Job terminated of its own accord at 2023-06-12T09:14:01Z.
...
006 (311061.009.000) 2023-06-12 18:14:03 Image size of job updated: 692088
	184  -  MemoryUsage of job (MB)
	188200  -  ResidentSetSize of job (KB)
...
040 (311061.009.000) 2023-06-12 18:14:03 Started transferring output files
...
040 (311061.009.000) 2023-06-12 18:14:03 Finished transferring output files
...
005 (311061.009.000) 2023-06-12 18:14:03 Job terminated.
	(1) Normal termination (return value 0)
		Usr 0 00:01:48, Sys 0 00:00:01  -  Run Remote Usage
		Usr 0 00:00:00, Sys 0 00:00:00  -  Run Local Usage
		Usr 0 00:01:48, Sys 0 00:00:01  -  Total Remote Usage
		Usr 0 00:00:00, Sys 0 00:00:00  -  Total Local Usage
	7358  -  Run Bytes Sent By Job
	146  -  Run Bytes Received By Job
	7358  -  Total Bytes Sent By Job
	146  -  Total Bytes Received By Job
	Partitionable Resources :    Usage  Request Allocated 
	   Cpus                 :     0.99        1         1 
	   Disk (KB)            :    58           1    127899 
	   Memory (MB)          :   184        3900      3968 

	Job terminated of its own accord at 2023-06-12T09:14:03Z.
...
006 (311061.007.000) 2023-06-12 18:14:20 Image size of job updated: 692164
	184  -  MemoryUsage of job (MB)
	187876  -  ResidentSetSize of job (KB)
...
040 (311061.007.000) 2023-06-12 18:14:20 Started transferring output files
...
040 (311061.007.000) 2023-06-12 18:14:20 Finished transferring output files
...
005 (311061.007.000) 2023-06-12 18:14:20 Job terminated.
	(1) Normal termination (return value 0)
		Usr 0 00:02:05, Sys 0 00:00:01  -  Run Remote Usage
		Usr 0 00:00:00, Sys 0 00:00:00  -  Run Local Usage
		Usr 0 00:02:05, Sys 0 00:00:01  -  Total Remote Usage
		Usr 0 00:00:00, Sys 0 00:00:00  -  Total Local Usage
	7387  -  Run Bytes Sent By Job
	146  -  Run Bytes Received By Job
	7387  -  Total Bytes Sent By Job
	146  -  Total Bytes Received By Job
	Partitionable Resources :    Usage  Request Allocated 
	   Cpus                 :     1.00        1         1 
	   Disk (KB)            :    58           1    127899 
	   Memory (MB)          :   184        3900      3968 

	Job terminated of its own accord at 2023-06-12T09:14:20Z.
...
