000 (330169.000.000) 2023-07-25 12:44:50 Job submitted from host: <172.30.1.200:9618?addrs=172.30.1.200-9618&alias=tamsa2.snu.ac.kr&noUDP&sock=schedd_3510_2582>
...
000 (330169.001.000) 2023-07-25 12:44:50 Job submitted from host: <172.30.1.200:9618?addrs=172.30.1.200-9618&alias=tamsa2.snu.ac.kr&noUDP&sock=schedd_3510_2582>
...
000 (330169.002.000) 2023-07-25 12:44:50 Job submitted from host: <172.30.1.200:9618?addrs=172.30.1.200-9618&alias=tamsa2.snu.ac.kr&noUDP&sock=schedd_3510_2582>
...
000 (330169.003.000) 2023-07-25 12:44:50 Job submitted from host: <172.30.1.200:9618?addrs=172.30.1.200-9618&alias=tamsa2.snu.ac.kr&noUDP&sock=schedd_3510_2582>
...
000 (330169.004.000) 2023-07-25 12:44:50 Job submitted from host: <172.30.1.200:9618?addrs=172.30.1.200-9618&alias=tamsa2.snu.ac.kr&noUDP&sock=schedd_3510_2582>
...
000 (330169.005.000) 2023-07-25 12:44:50 Job submitted from host: <172.30.1.200:9618?addrs=172.30.1.200-9618&alias=tamsa2.snu.ac.kr&noUDP&sock=schedd_3510_2582>
...
000 (330169.006.000) 2023-07-25 12:44:50 Job submitted from host: <172.30.1.200:9618?addrs=172.30.1.200-9618&alias=tamsa2.snu.ac.kr&noUDP&sock=schedd_3510_2582>
...
000 (330169.007.000) 2023-07-25 12:44:50 Job submitted from host: <172.30.1.200:9618?addrs=172.30.1.200-9618&alias=tamsa2.snu.ac.kr&noUDP&sock=schedd_3510_2582>
...
000 (330169.008.000) 2023-07-25 12:44:50 Job submitted from host: <172.30.1.200:9618?addrs=172.30.1.200-9618&alias=tamsa2.snu.ac.kr&noUDP&sock=schedd_3510_2582>
...
000 (330169.009.000) 2023-07-25 12:44:50 Job submitted from host: <172.30.1.200:9618?addrs=172.30.1.200-9618&alias=tamsa2.snu.ac.kr&noUDP&sock=schedd_3510_2582>
...
001 (330169.007.000) 2023-07-25 12:45:06 Job executing on host: <172.30.1.204:9618?addrs=172.30.1.204-9618&alias=node4&noUDP&sock=startd_3843_8e8c>
...
001 (330169.008.000) 2023-07-25 12:45:06 Job executing on host: <172.30.1.204:9618?addrs=172.30.1.204-9618&alias=node4&noUDP&sock=startd_3843_8e8c>
...
001 (330169.009.000) 2023-07-25 12:45:06 Job executing on host: <172.30.1.204:9618?addrs=172.30.1.204-9618&alias=node4&noUDP&sock=startd_3843_8e8c>
...
001 (330169.000.000) 2023-07-25 12:45:08 Job executing on host: <172.30.1.203:9618?addrs=172.30.1.203-9618&alias=node3&noUDP&sock=startd_3773_8aeb>
...
001 (330169.001.000) 2023-07-25 12:45:08 Job executing on host: <172.30.1.203:9618?addrs=172.30.1.203-9618&alias=node3&noUDP&sock=startd_3773_8aeb>
...
001 (330169.002.000) 2023-07-25 12:45:08 Job executing on host: <172.30.1.203:9618?addrs=172.30.1.203-9618&alias=node3&noUDP&sock=startd_3773_8aeb>
...
001 (330169.003.000) 2023-07-25 12:45:08 Job executing on host: <172.30.1.203:9618?addrs=172.30.1.203-9618&alias=node3&noUDP&sock=startd_3773_8aeb>
...
001 (330169.004.000) 2023-07-25 12:45:08 Job executing on host: <172.30.1.203:9618?addrs=172.30.1.203-9618&alias=node3&noUDP&sock=startd_3773_8aeb>
...
001 (330169.005.000) 2023-07-25 12:45:08 Job executing on host: <172.30.1.203:9618?addrs=172.30.1.203-9618&alias=node3&noUDP&sock=startd_3773_8aeb>
...
001 (330169.006.000) 2023-07-25 12:45:08 Job executing on host: <172.30.1.203:9618?addrs=172.30.1.203-9618&alias=node3&noUDP&sock=startd_3773_8aeb>
...
006 (330169.007.000) 2023-07-25 12:45:15 Image size of job updated: 496140
	194  -  MemoryUsage of job (MB)
	198500  -  ResidentSetSize of job (KB)
...
006 (330169.008.000) 2023-07-25 12:45:15 Image size of job updated: 496140
	183  -  MemoryUsage of job (MB)
	186812  -  ResidentSetSize of job (KB)
...
006 (330169.009.000) 2023-07-25 12:45:15 Image size of job updated: 485940
	183  -  MemoryUsage of job (MB)
	186800  -  ResidentSetSize of job (KB)
...
006 (330169.000.000) 2023-07-25 12:45:16 Image size of job updated: 436984
	207  -  MemoryUsage of job (MB)
	211004  -  ResidentSetSize of job (KB)
...
006 (330169.001.000) 2023-07-25 12:45:16 Image size of job updated: 426612
	183  -  MemoryUsage of job (MB)
	186916  -  ResidentSetSize of job (KB)
...
006 (330169.002.000) 2023-07-25 12:45:16 Image size of job updated: 424160
	185  -  MemoryUsage of job (MB)
	188912  -  ResidentSetSize of job (KB)
...
006 (330169.003.000) 2023-07-25 12:45:16 Image size of job updated: 425844
	194  -  MemoryUsage of job (MB)
	198540  -  ResidentSetSize of job (KB)
...
006 (330169.004.000) 2023-07-25 12:45:16 Image size of job updated: 411752
	191  -  MemoryUsage of job (MB)
	195312  -  ResidentSetSize of job (KB)
...
006 (330169.005.000) 2023-07-25 12:45:17 Image size of job updated: 400448
	183  -  MemoryUsage of job (MB)
	186728  -  ResidentSetSize of job (KB)
...
006 (330169.006.000) 2023-07-25 12:45:17 Image size of job updated: 399560
	205  -  MemoryUsage of job (MB)
	209416  -  ResidentSetSize of job (KB)
...
006 (330169.007.000) 2023-07-25 12:45:33 Image size of job updated: 688520
	194  -  MemoryUsage of job (MB)
	198500  -  ResidentSetSize of job (KB)
...
005 (330169.007.000) 2023-07-25 12:45:33 Job terminated.
	(1) Normal termination (return value 0)
		Usr 0 00:00:21, Sys 0 00:00:01  -  Run Remote Usage
		Usr 0 00:00:00, Sys 0 00:00:00  -  Run Local Usage
		Usr 0 00:00:21, Sys 0 00:00:01  -  Total Remote Usage
		Usr 0 00:00:00, Sys 0 00:00:00  -  Total Local Usage
	0  -  Run Bytes Sent By Job
	0  -  Run Bytes Received By Job
	0  -  Total Bytes Sent By Job
	0  -  Total Bytes Received By Job
	Partitionable Resources :    Usage  Request Allocated 
	   Cpus                 :                 1         1 
	   Disk (KB)            :        1        1    128928 
	   Memory (MB)          :      194     3900      3968 

	Job terminated of its own accord at 2023-07-25T03:45:33Z.
...
006 (330169.003.000) 2023-07-25 12:45:34 Image size of job updated: 686500
	194  -  MemoryUsage of job (MB)
	198540  -  ResidentSetSize of job (KB)
...
005 (330169.003.000) 2023-07-25 12:45:34 Job terminated.
	(1) Normal termination (return value 0)
		Usr 0 00:00:21, Sys 0 00:00:00  -  Run Remote Usage
		Usr 0 00:00:00, Sys 0 00:00:00  -  Run Local Usage
		Usr 0 00:00:21, Sys 0 00:00:00  -  Total Remote Usage
		Usr 0 00:00:00, Sys 0 00:00:00  -  Total Local Usage
	0  -  Run Bytes Sent By Job
	0  -  Run Bytes Received By Job
	0  -  Total Bytes Sent By Job
	0  -  Total Bytes Received By Job
	Partitionable Resources :    Usage  Request Allocated 
	   Cpus                 :                 1         1 
	   Disk (KB)            :        1        1    128928 
	   Memory (MB)          :      194     3900      3968 

	Job terminated of its own accord at 2023-07-25T03:45:34Z.
...
006 (330169.000.000) 2023-07-25 12:45:34 Image size of job updated: 688396
	207  -  MemoryUsage of job (MB)
	211004  -  ResidentSetSize of job (KB)
...
005 (330169.000.000) 2023-07-25 12:45:34 Job terminated.
	(1) Normal termination (return value 0)
		Usr 0 00:00:21, Sys 0 00:00:00  -  Run Remote Usage
		Usr 0 00:00:00, Sys 0 00:00:00  -  Run Local Usage
		Usr 0 00:00:21, Sys 0 00:00:00  -  Total Remote Usage
		Usr 0 00:00:00, Sys 0 00:00:00  -  Total Local Usage
	0  -  Run Bytes Sent By Job
	0  -  Run Bytes Received By Job
	0  -  Total Bytes Sent By Job
	0  -  Total Bytes Received By Job
	Partitionable Resources :    Usage  Request Allocated 
	   Cpus                 :                 1         1 
	   Disk (KB)            :        1        1    128928 
	   Memory (MB)          :      207     3900      3968 

	Job terminated of its own accord at 2023-07-25T03:45:34Z.
...
006 (330169.009.000) 2023-07-25 12:45:34 Image size of job updated: 686608
	183  -  MemoryUsage of job (MB)
	186800  -  ResidentSetSize of job (KB)
...
006 (330169.008.000) 2023-07-25 12:45:34 Image size of job updated: 695692
	183  -  MemoryUsage of job (MB)
	186812  -  ResidentSetSize of job (KB)
...
006 (330169.004.000) 2023-07-25 12:45:34 Image size of job updated: 690940
	191  -  MemoryUsage of job (MB)
	195380  -  ResidentSetSize of job (KB)
...
006 (330169.006.000) 2023-07-25 12:45:34 Image size of job updated: 696572
	205  -  MemoryUsage of job (MB)
	209416  -  ResidentSetSize of job (KB)
...
006 (330169.002.000) 2023-07-25 12:45:35 Image size of job updated: 695544
	185  -  MemoryUsage of job (MB)
	188912  -  ResidentSetSize of job (KB)
...
006 (330169.001.000) 2023-07-25 12:45:35 Image size of job updated: 695692
	183  -  MemoryUsage of job (MB)
	186916  -  ResidentSetSize of job (KB)
...
006 (330169.005.000) 2023-07-25 12:45:35 Image size of job updated: 695548
	183  -  MemoryUsage of job (MB)
	186728  -  ResidentSetSize of job (KB)
...
005 (330169.004.000) 2023-07-25 12:45:35 Job terminated.
	(1) Normal termination (return value 0)
		Usr 0 00:00:21, Sys 0 00:00:01  -  Run Remote Usage
		Usr 0 00:00:00, Sys 0 00:00:00  -  Run Local Usage
		Usr 0 00:00:21, Sys 0 00:00:01  -  Total Remote Usage
		Usr 0 00:00:00, Sys 0 00:00:00  -  Total Local Usage
	0  -  Run Bytes Sent By Job
	0  -  Run Bytes Received By Job
	0  -  Total Bytes Sent By Job
	0  -  Total Bytes Received By Job
	Partitionable Resources :    Usage  Request Allocated 
	   Cpus                 :                 1         1 
	   Disk (KB)            :        1        1    128928 
	   Memory (MB)          :      191     3900      3968 

	Job terminated of its own accord at 2023-07-25T03:45:34Z.
...
005 (330169.006.000) 2023-07-25 12:45:35 Job terminated.
	(1) Normal termination (return value 0)
		Usr 0 00:00:21, Sys 0 00:00:01  -  Run Remote Usage
		Usr 0 00:00:00, Sys 0 00:00:00  -  Run Local Usage
		Usr 0 00:00:21, Sys 0 00:00:01  -  Total Remote Usage
		Usr 0 00:00:00, Sys 0 00:00:00  -  Total Local Usage
	0  -  Run Bytes Sent By Job
	0  -  Run Bytes Received By Job
	0  -  Total Bytes Sent By Job
	0  -  Total Bytes Received By Job
	Partitionable Resources :    Usage  Request Allocated 
	   Cpus                 :                 1         1 
	   Disk (KB)            :        1        1    128928 
	   Memory (MB)          :      205     3900      3968 

	Job terminated of its own accord at 2023-07-25T03:45:34Z.
...
005 (330169.009.000) 2023-07-25 12:45:35 Job terminated.
	(1) Normal termination (return value 0)
		Usr 0 00:00:23, Sys 0 00:00:01  -  Run Remote Usage
		Usr 0 00:00:00, Sys 0 00:00:00  -  Run Local Usage
		Usr 0 00:00:23, Sys 0 00:00:01  -  Total Remote Usage
		Usr 0 00:00:00, Sys 0 00:00:00  -  Total Local Usage
	0  -  Run Bytes Sent By Job
	0  -  Run Bytes Received By Job
	0  -  Total Bytes Sent By Job
	0  -  Total Bytes Received By Job
	Partitionable Resources :    Usage  Request Allocated 
	   Cpus                 :                 1         1 
	   Disk (KB)            :        1        1    128928 
	   Memory (MB)          :      183     3900      3968 

	Job terminated of its own accord at 2023-07-25T03:45:34Z.
...
005 (330169.008.000) 2023-07-25 12:45:35 Job terminated.
	(1) Normal termination (return value 0)
		Usr 0 00:00:22, Sys 0 00:00:01  -  Run Remote Usage
		Usr 0 00:00:00, Sys 0 00:00:00  -  Run Local Usage
		Usr 0 00:00:22, Sys 0 00:00:01  -  Total Remote Usage
		Usr 0 00:00:00, Sys 0 00:00:00  -  Total Local Usage
	0  -  Run Bytes Sent By Job
	0  -  Run Bytes Received By Job
	0  -  Total Bytes Sent By Job
	0  -  Total Bytes Received By Job
	Partitionable Resources :    Usage  Request Allocated 
	   Cpus                 :                 1         1 
	   Disk (KB)            :        1        1    128928 
	   Memory (MB)          :      183     3900      3968 

	Job terminated of its own accord at 2023-07-25T03:45:34Z.
...
005 (330169.002.000) 2023-07-25 12:45:35 Job terminated.
	(1) Normal termination (return value 0)
		Usr 0 00:00:22, Sys 0 00:00:01  -  Run Remote Usage
		Usr 0 00:00:00, Sys 0 00:00:00  -  Run Local Usage
		Usr 0 00:00:22, Sys 0 00:00:01  -  Total Remote Usage
		Usr 0 00:00:00, Sys 0 00:00:00  -  Total Local Usage
	0  -  Run Bytes Sent By Job
	0  -  Run Bytes Received By Job
	0  -  Total Bytes Sent By Job
	0  -  Total Bytes Received By Job
	Partitionable Resources :    Usage  Request Allocated 
	   Cpus                 :                 1         1 
	   Disk (KB)            :        1        1    128928 
	   Memory (MB)          :      185     3900      3968 

	Job terminated of its own accord at 2023-07-25T03:45:34Z.
...
005 (330169.001.000) 2023-07-25 12:45:35 Job terminated.
	(1) Normal termination (return value 0)
		Usr 0 00:00:22, Sys 0 00:00:00  -  Run Remote Usage
		Usr 0 00:00:00, Sys 0 00:00:00  -  Run Local Usage
		Usr 0 00:00:22, Sys 0 00:00:00  -  Total Remote Usage
		Usr 0 00:00:00, Sys 0 00:00:00  -  Total Local Usage
	0  -  Run Bytes Sent By Job
	0  -  Run Bytes Received By Job
	0  -  Total Bytes Sent By Job
	0  -  Total Bytes Received By Job
	Partitionable Resources :    Usage  Request Allocated 
	   Cpus                 :                 1         1 
	   Disk (KB)            :        1        1    128928 
	   Memory (MB)          :      183     3900      3968 

	Job terminated of its own accord at 2023-07-25T03:45:34Z.
...
005 (330169.005.000) 2023-07-25 12:45:35 Job terminated.
	(1) Normal termination (return value 0)
		Usr 0 00:00:22, Sys 0 00:00:01  -  Run Remote Usage
		Usr 0 00:00:00, Sys 0 00:00:00  -  Run Local Usage
		Usr 0 00:00:22, Sys 0 00:00:01  -  Total Remote Usage
		Usr 0 00:00:00, Sys 0 00:00:00  -  Total Local Usage
	0  -  Run Bytes Sent By Job
	0  -  Run Bytes Received By Job
	0  -  Total Bytes Sent By Job
	0  -  Total Bytes Received By Job
	Partitionable Resources :    Usage  Request Allocated 
	   Cpus                 :                 1         1 
	   Disk (KB)            :        1        1    128928 
	   Memory (MB)          :      183     3900      3968 

	Job terminated of its own accord at 2023-07-25T03:45:35Z.
...
