000 (330324.000.000) 2023-07-25 13:47:23 Job submitted from host: <172.30.1.200:9618?addrs=172.30.1.200-9618&alias=tamsa2.snu.ac.kr&noUDP&sock=schedd_3510_2582>
...
000 (330324.001.000) 2023-07-25 13:47:23 Job submitted from host: <172.30.1.200:9618?addrs=172.30.1.200-9618&alias=tamsa2.snu.ac.kr&noUDP&sock=schedd_3510_2582>
...
000 (330324.002.000) 2023-07-25 13:47:23 Job submitted from host: <172.30.1.200:9618?addrs=172.30.1.200-9618&alias=tamsa2.snu.ac.kr&noUDP&sock=schedd_3510_2582>
...
000 (330324.003.000) 2023-07-25 13:47:23 Job submitted from host: <172.30.1.200:9618?addrs=172.30.1.200-9618&alias=tamsa2.snu.ac.kr&noUDP&sock=schedd_3510_2582>
...
000 (330324.004.000) 2023-07-25 13:47:23 Job submitted from host: <172.30.1.200:9618?addrs=172.30.1.200-9618&alias=tamsa2.snu.ac.kr&noUDP&sock=schedd_3510_2582>
...
000 (330324.005.000) 2023-07-25 13:47:23 Job submitted from host: <172.30.1.200:9618?addrs=172.30.1.200-9618&alias=tamsa2.snu.ac.kr&noUDP&sock=schedd_3510_2582>
...
000 (330324.006.000) 2023-07-25 13:47:23 Job submitted from host: <172.30.1.200:9618?addrs=172.30.1.200-9618&alias=tamsa2.snu.ac.kr&noUDP&sock=schedd_3510_2582>
...
000 (330324.007.000) 2023-07-25 13:47:23 Job submitted from host: <172.30.1.200:9618?addrs=172.30.1.200-9618&alias=tamsa2.snu.ac.kr&noUDP&sock=schedd_3510_2582>
...
000 (330324.008.000) 2023-07-25 13:47:23 Job submitted from host: <172.30.1.200:9618?addrs=172.30.1.200-9618&alias=tamsa2.snu.ac.kr&noUDP&sock=schedd_3510_2582>
...
000 (330324.009.000) 2023-07-25 13:47:23 Job submitted from host: <172.30.1.200:9618?addrs=172.30.1.200-9618&alias=tamsa2.snu.ac.kr&noUDP&sock=schedd_3510_2582>
...
040 (330324.000.000) 2023-07-25 13:47:37 Started transferring input files
	Transferring to host: <172.30.1.111:9618?addrs=172.30.1.111-9618&alias=n11&noUDP&sock=slot1_18_4451_e1ce_37779>
...
040 (330324.001.000) 2023-07-25 13:47:37 Started transferring input files
	Transferring to host: <172.30.1.111:9618?addrs=172.30.1.111-9618&alias=n11&noUDP&sock=slot1_19_4451_e1ce_37780>
...
040 (330324.000.000) 2023-07-25 13:47:37 Finished transferring input files
...
040 (330324.002.000) 2023-07-25 13:47:37 Started transferring input files
	Transferring to host: <172.30.1.111:9618?addrs=172.30.1.111-9618&alias=n11&noUDP&sock=slot1_20_4451_e1ce_37781>
...
040 (330324.001.000) 2023-07-25 13:47:37 Finished transferring input files
...
040 (330324.003.000) 2023-07-25 13:47:37 Started transferring input files
	Transferring to host: <172.30.1.111:9618?addrs=172.30.1.111-9618&alias=n11&noUDP&sock=slot1_21_4451_e1ce_37782>
...
040 (330324.004.000) 2023-07-25 13:47:37 Started transferring input files
	Transferring to host: <172.30.1.111:9618?addrs=172.30.1.111-9618&alias=n11&noUDP&sock=slot1_22_4451_e1ce_37783>
...
040 (330324.002.000) 2023-07-25 13:47:37 Finished transferring input files
...
040 (330324.005.000) 2023-07-25 13:47:37 Started transferring input files
	Transferring to host: <172.30.1.111:9618?addrs=172.30.1.111-9618&alias=n11&noUDP&sock=slot1_23_4451_e1ce_37784>
...
040 (330324.003.000) 2023-07-25 13:47:37 Finished transferring input files
...
040 (330324.004.000) 2023-07-25 13:47:37 Finished transferring input files
...
040 (330324.005.000) 2023-07-25 13:47:37 Finished transferring input files
...
040 (330324.006.000) 2023-07-25 13:47:37 Started transferring input files
	Transferring to host: <172.30.1.111:9618?addrs=172.30.1.111-9618&alias=n11&noUDP&sock=slot1_24_4451_e1ce_37785>
...
040 (330324.007.000) 2023-07-25 13:47:37 Started transferring input files
	Transferring to host: <172.30.1.111:9618?addrs=172.30.1.111-9618&alias=n11&noUDP&sock=slot1_25_4451_e1ce_37786>
...
040 (330324.006.000) 2023-07-25 13:47:37 Finished transferring input files
...
040 (330324.007.000) 2023-07-25 13:47:37 Finished transferring input files
...
040 (330324.008.000) 2023-07-25 13:47:37 Started transferring input files
	Transferring to host: <172.30.1.111:9618?addrs=172.30.1.111-9618&alias=n11&noUDP&sock=slot1_26_4451_e1ce_37787>
...
040 (330324.009.000) 2023-07-25 13:47:37 Started transferring input files
	Transferring to host: <172.30.1.111:9618?addrs=172.30.1.111-9618&alias=n11&noUDP&sock=slot1_27_4451_e1ce_37788>
...
040 (330324.008.000) 2023-07-25 13:47:37 Finished transferring input files
...
040 (330324.009.000) 2023-07-25 13:47:37 Finished transferring input files
...
001 (330324.000.000) 2023-07-25 13:47:38 Job executing on host: <172.30.1.111:9618?addrs=172.30.1.111-9618&alias=n11&noUDP&sock=startd_4417_45e8>
...
001 (330324.001.000) 2023-07-25 13:47:38 Job executing on host: <172.30.1.111:9618?addrs=172.30.1.111-9618&alias=n11&noUDP&sock=startd_4417_45e8>
...
001 (330324.002.000) 2023-07-25 13:47:38 Job executing on host: <172.30.1.111:9618?addrs=172.30.1.111-9618&alias=n11&noUDP&sock=startd_4417_45e8>
...
001 (330324.003.000) 2023-07-25 13:47:38 Job executing on host: <172.30.1.111:9618?addrs=172.30.1.111-9618&alias=n11&noUDP&sock=startd_4417_45e8>
...
001 (330324.004.000) 2023-07-25 13:47:38 Job executing on host: <172.30.1.111:9618?addrs=172.30.1.111-9618&alias=n11&noUDP&sock=startd_4417_45e8>
...
001 (330324.005.000) 2023-07-25 13:47:38 Job executing on host: <172.30.1.111:9618?addrs=172.30.1.111-9618&alias=n11&noUDP&sock=startd_4417_45e8>
...
001 (330324.006.000) 2023-07-25 13:47:38 Job executing on host: <172.30.1.111:9618?addrs=172.30.1.111-9618&alias=n11&noUDP&sock=startd_4417_45e8>
...
001 (330324.007.000) 2023-07-25 13:47:38 Job executing on host: <172.30.1.111:9618?addrs=172.30.1.111-9618&alias=n11&noUDP&sock=startd_4417_45e8>
...
001 (330324.009.000) 2023-07-25 13:47:38 Job executing on host: <172.30.1.111:9618?addrs=172.30.1.111-9618&alias=n11&noUDP&sock=startd_4417_45e8>
...
001 (330324.008.000) 2023-07-25 13:47:38 Job executing on host: <172.30.1.111:9618?addrs=172.30.1.111-9618&alias=n11&noUDP&sock=startd_4417_45e8>
...
006 (330324.000.000) 2023-07-25 13:47:46 Image size of job updated: 385952
	109  -  MemoryUsage of job (MB)
	110876  -  ResidentSetSize of job (KB)
...
006 (330324.001.000) 2023-07-25 13:47:46 Image size of job updated: 385952
	119  -  MemoryUsage of job (MB)
	121772  -  ResidentSetSize of job (KB)
...
006 (330324.002.000) 2023-07-25 13:47:46 Image size of job updated: 385952
	128  -  MemoryUsage of job (MB)
	130856  -  ResidentSetSize of job (KB)
...
006 (330324.004.000) 2023-07-25 13:47:47 Image size of job updated: 385952
	172  -  MemoryUsage of job (MB)
	175372  -  ResidentSetSize of job (KB)
...
006 (330324.003.000) 2023-07-25 13:47:47 Image size of job updated: 385952
	164  -  MemoryUsage of job (MB)
	167600  -  ResidentSetSize of job (KB)
...
006 (330324.005.000) 2023-07-25 13:47:47 Image size of job updated: 385964
	161  -  MemoryUsage of job (MB)
	164208  -  ResidentSetSize of job (KB)
...
006 (330324.006.000) 2023-07-25 13:47:47 Image size of job updated: 385952
	165  -  MemoryUsage of job (MB)
	168076  -  ResidentSetSize of job (KB)
...
006 (330324.007.000) 2023-07-25 13:47:47 Image size of job updated: 385964
	175  -  MemoryUsage of job (MB)
	178880  -  ResidentSetSize of job (KB)
...
006 (330324.009.000) 2023-07-25 13:47:47 Image size of job updated: 385952
	176  -  MemoryUsage of job (MB)
	179600  -  ResidentSetSize of job (KB)
...
006 (330324.008.000) 2023-07-25 13:47:47 Image size of job updated: 385964
	177  -  MemoryUsage of job (MB)
	180832  -  ResidentSetSize of job (KB)
...
006 (330324.004.000) 2023-07-25 13:47:58 Image size of job updated: 688388
	172  -  MemoryUsage of job (MB)
	175384  -  ResidentSetSize of job (KB)
...
040 (330324.004.000) 2023-07-25 13:47:58 Started transferring output files
...
040 (330324.004.000) 2023-07-25 13:47:58 Finished transferring output files
...
005 (330324.004.000) 2023-07-25 13:47:58 Job terminated.
	(1) Normal termination (return value 0)
		Usr 0 00:00:12, Sys 0 00:00:01  -  Run Remote Usage
		Usr 0 00:00:00, Sys 0 00:00:00  -  Run Local Usage
		Usr 0 00:00:12, Sys 0 00:00:01  -  Total Remote Usage
		Usr 0 00:00:00, Sys 0 00:00:00  -  Total Local Usage
	1828  -  Run Bytes Sent By Job
	165  -  Run Bytes Received By Job
	1828  -  Total Bytes Sent By Job
	165  -  Total Bytes Received By Job
	Partitionable Resources :    Usage  Request Allocated 
	   Cpus                 :                 1         1 
	   Disk (KB)            :       48        1    127802 
	   GPUs                 :                           0 
	   Memory (MB)          :      172     3900      3968 

	Job terminated of its own accord at 2023-07-25T04:47:58Z.
...
006 (330324.008.000) 2023-07-25 13:47:59 Image size of job updated: 686712
	177  -  MemoryUsage of job (MB)
	180832  -  ResidentSetSize of job (KB)
...
040 (330324.008.000) 2023-07-25 13:47:59 Started transferring output files
...
040 (330324.008.000) 2023-07-25 13:47:59 Finished transferring output files
...
005 (330324.008.000) 2023-07-25 13:47:59 Job terminated.
	(1) Normal termination (return value 0)
		Usr 0 00:00:13, Sys 0 00:00:00  -  Run Remote Usage
		Usr 0 00:00:00, Sys 0 00:00:00  -  Run Local Usage
		Usr 0 00:00:13, Sys 0 00:00:00  -  Total Remote Usage
		Usr 0 00:00:00, Sys 0 00:00:00  -  Total Local Usage
	1166  -  Run Bytes Sent By Job
	165  -  Run Bytes Received By Job
	1166  -  Total Bytes Sent By Job
	165  -  Total Bytes Received By Job
	Partitionable Resources :    Usage  Request Allocated 
	   Cpus                 :                 1         1 
	   Disk (KB)            :       47        1    127802 
	   GPUs                 :                           0 
	   Memory (MB)          :      177     3900      3968 

	Job terminated of its own accord at 2023-07-25T04:47:59Z.
...
006 (330324.003.000) 2023-07-25 13:47:59 Image size of job updated: 688404
	164  -  MemoryUsage of job (MB)
	167872  -  ResidentSetSize of job (KB)
...
006 (330324.001.000) 2023-07-25 13:47:59 Image size of job updated: 688472
	119  -  MemoryUsage of job (MB)
	121772  -  ResidentSetSize of job (KB)
...
040 (330324.003.000) 2023-07-25 13:47:59 Started transferring output files
...
040 (330324.001.000) 2023-07-25 13:47:59 Started transferring output files
...
040 (330324.003.000) 2023-07-25 13:47:59 Finished transferring output files
...
040 (330324.001.000) 2023-07-25 13:47:59 Finished transferring output files
...
005 (330324.003.000) 2023-07-25 13:47:59 Job terminated.
	(1) Normal termination (return value 0)
		Usr 0 00:00:13, Sys 0 00:00:00  -  Run Remote Usage
		Usr 0 00:00:00, Sys 0 00:00:00  -  Run Local Usage
		Usr 0 00:00:13, Sys 0 00:00:00  -  Total Remote Usage
		Usr 0 00:00:00, Sys 0 00:00:00  -  Total Local Usage
	4646  -  Run Bytes Sent By Job
	165  -  Run Bytes Received By Job
	4646  -  Total Bytes Sent By Job
	165  -  Total Bytes Received By Job
	Partitionable Resources :    Usage  Request Allocated 
	   Cpus                 :                 1         1 
	   Disk (KB)            :       50        1    127802 
	   GPUs                 :                           0 
	   Memory (MB)          :      164     3900      3968 

	Job terminated of its own accord at 2023-07-25T04:47:59Z.
...
005 (330324.001.000) 2023-07-25 13:47:59 Job terminated.
	(1) Normal termination (return value 0)
		Usr 0 00:00:13, Sys 0 00:00:00  -  Run Remote Usage
		Usr 0 00:00:00, Sys 0 00:00:00  -  Run Local Usage
		Usr 0 00:00:13, Sys 0 00:00:00  -  Total Remote Usage
		Usr 0 00:00:00, Sys 0 00:00:00  -  Total Local Usage
	1796  -  Run Bytes Sent By Job
	165  -  Run Bytes Received By Job
	1796  -  Total Bytes Sent By Job
	165  -  Total Bytes Received By Job
	Partitionable Resources :    Usage  Request Allocated 
	   Cpus                 :                 1         1 
	   Disk (KB)            :       48        1    127802 
	   GPUs                 :                           0 
	   Memory (MB)          :      119     3900      3968 

	Job terminated of its own accord at 2023-07-25T04:47:59Z.
...
006 (330324.006.000) 2023-07-25 13:48:00 Image size of job updated: 688368
	165  -  MemoryUsage of job (MB)
	168284  -  ResidentSetSize of job (KB)
...
040 (330324.006.000) 2023-07-25 13:48:00 Started transferring output files
...
040 (330324.006.000) 2023-07-25 13:48:00 Finished transferring output files
...
005 (330324.006.000) 2023-07-25 13:48:00 Job terminated.
	(1) Normal termination (return value 0)
		Usr 0 00:00:14, Sys 0 00:00:00  -  Run Remote Usage
		Usr 0 00:00:00, Sys 0 00:00:00  -  Run Local Usage
		Usr 0 00:00:14, Sys 0 00:00:00  -  Total Remote Usage
		Usr 0 00:00:00, Sys 0 00:00:00  -  Total Local Usage
	1166  -  Run Bytes Sent By Job
	165  -  Run Bytes Received By Job
	1166  -  Total Bytes Sent By Job
	165  -  Total Bytes Received By Job
	Partitionable Resources :    Usage  Request Allocated 
	   Cpus                 :                 1         1 
	   Disk (KB)            :       47        1    127802 
	   GPUs                 :                           0 
	   Memory (MB)          :      165     3900      3968 

	Job terminated of its own accord at 2023-07-25T04:48:00Z.
...
006 (330324.005.000) 2023-07-25 13:48:00 Image size of job updated: 688416
	161  -  MemoryUsage of job (MB)
	164236  -  ResidentSetSize of job (KB)
...
040 (330324.005.000) 2023-07-25 13:48:00 Started transferring output files
...
040 (330324.005.000) 2023-07-25 13:48:00 Finished transferring output files
...
005 (330324.005.000) 2023-07-25 13:48:00 Job terminated.
	(1) Normal termination (return value 0)
		Usr 0 00:00:14, Sys 0 00:00:00  -  Run Remote Usage
		Usr 0 00:00:00, Sys 0 00:00:00  -  Run Local Usage
		Usr 0 00:00:14, Sys 0 00:00:00  -  Total Remote Usage
		Usr 0 00:00:00, Sys 0 00:00:00  -  Total Local Usage
	1192  -  Run Bytes Sent By Job
	165  -  Run Bytes Received By Job
	1192  -  Total Bytes Sent By Job
	165  -  Total Bytes Received By Job
	Partitionable Resources :    Usage  Request Allocated 
	   Cpus                 :                 1         1 
	   Disk (KB)            :       47        1    127802 
	   GPUs                 :                           0 
	   Memory (MB)          :      161     3900      3968 

	Job terminated of its own accord at 2023-07-25T04:48:00Z.
...
006 (330324.000.000) 2023-07-25 13:48:01 Image size of job updated: 686596
	109  -  MemoryUsage of job (MB)
	111000  -  ResidentSetSize of job (KB)
...
040 (330324.000.000) 2023-07-25 13:48:01 Started transferring output files
...
040 (330324.000.000) 2023-07-25 13:48:01 Finished transferring output files
...
005 (330324.000.000) 2023-07-25 13:48:01 Job terminated.
	(1) Normal termination (return value 0)
		Usr 0 00:00:15, Sys 0 00:00:00  -  Run Remote Usage
		Usr 0 00:00:00, Sys 0 00:00:00  -  Run Local Usage
		Usr 0 00:00:15, Sys 0 00:00:00  -  Total Remote Usage
		Usr 0 00:00:00, Sys 0 00:00:00  -  Total Local Usage
	1857  -  Run Bytes Sent By Job
	165  -  Run Bytes Received By Job
	1857  -  Total Bytes Sent By Job
	165  -  Total Bytes Received By Job
	Partitionable Resources :    Usage  Request Allocated 
	   Cpus                 :                 1         1 
	   Disk (KB)            :       48        1    127802 
	   GPUs                 :                           0 
	   Memory (MB)          :      109     3900      3968 

	Job terminated of its own accord at 2023-07-25T04:48:01Z.
...
006 (330324.009.000) 2023-07-25 13:48:01 Image size of job updated: 688484
	176  -  MemoryUsage of job (MB)
	179600  -  ResidentSetSize of job (KB)
...
040 (330324.009.000) 2023-07-25 13:48:01 Started transferring output files
...
040 (330324.009.000) 2023-07-25 13:48:01 Finished transferring output files
...
005 (330324.009.000) 2023-07-25 13:48:01 Job terminated.
	(1) Normal termination (return value 0)
		Usr 0 00:00:15, Sys 0 00:00:00  -  Run Remote Usage
		Usr 0 00:00:00, Sys 0 00:00:00  -  Run Local Usage
		Usr 0 00:00:15, Sys 0 00:00:00  -  Total Remote Usage
		Usr 0 00:00:00, Sys 0 00:00:00  -  Total Local Usage
	1197  -  Run Bytes Sent By Job
	165  -  Run Bytes Received By Job
	1197  -  Total Bytes Sent By Job
	165  -  Total Bytes Received By Job
	Partitionable Resources :    Usage  Request Allocated 
	   Cpus                 :                 1         1 
	   Disk (KB)            :       47        1    127802 
	   GPUs                 :                           0 
	   Memory (MB)          :      176     3900      3968 

	Job terminated of its own accord at 2023-07-25T04:48:01Z.
...
006 (330324.007.000) 2023-07-25 13:48:02 Image size of job updated: 686564
	175  -  MemoryUsage of job (MB)
	178884  -  ResidentSetSize of job (KB)
...
040 (330324.007.000) 2023-07-25 13:48:02 Started transferring output files
...
040 (330324.007.000) 2023-07-25 13:48:02 Finished transferring output files
...
005 (330324.007.000) 2023-07-25 13:48:02 Job terminated.
	(1) Normal termination (return value 0)
		Usr 0 00:00:16, Sys 0 00:00:00  -  Run Remote Usage
		Usr 0 00:00:00, Sys 0 00:00:00  -  Run Local Usage
		Usr 0 00:00:16, Sys 0 00:00:00  -  Total Remote Usage
		Usr 0 00:00:00, Sys 0 00:00:00  -  Total Local Usage
	1318  -  Run Bytes Sent By Job
	165  -  Run Bytes Received By Job
	1318  -  Total Bytes Sent By Job
	165  -  Total Bytes Received By Job
	Partitionable Resources :    Usage  Request Allocated 
	   Cpus                 :                 1         1 
	   Disk (KB)            :       47        1    127802 
	   GPUs                 :                           0 
	   Memory (MB)          :      175     3900      3968 

	Job terminated of its own accord at 2023-07-25T04:48:02Z.
...
006 (330324.002.000) 2023-07-25 13:48:04 Image size of job updated: 686560
	129  -  MemoryUsage of job (MB)
	131548  -  ResidentSetSize of job (KB)
...
040 (330324.002.000) 2023-07-25 13:48:04 Started transferring output files
...
040 (330324.002.000) 2023-07-25 13:48:04 Finished transferring output files
...
005 (330324.002.000) 2023-07-25 13:48:04 Job terminated.
	(1) Normal termination (return value 0)
		Usr 0 00:00:18, Sys 0 00:00:01  -  Run Remote Usage
		Usr 0 00:00:00, Sys 0 00:00:00  -  Run Local Usage
		Usr 0 00:00:18, Sys 0 00:00:01  -  Total Remote Usage
		Usr 0 00:00:00, Sys 0 00:00:00  -  Total Local Usage
	1317  -  Run Bytes Sent By Job
	165  -  Run Bytes Received By Job
	1317  -  Total Bytes Sent By Job
	165  -  Total Bytes Received By Job
	Partitionable Resources :    Usage  Request Allocated 
	   Cpus                 :                 1         1 
	   Disk (KB)            :       47        1    127802 
	   GPUs                 :                           0 
	   Memory (MB)          :      129     3900      3968 

	Job terminated of its own accord at 2023-07-25T04:48:04Z.
...
