000 (311033.000.000) 2023-06-12 17:37:00 Job submitted from host: <172.30.1.200:9618?addrs=172.30.1.200-9618&alias=tamsa2.snu.ac.kr&noUDP&sock=schedd_3510_2582>
...
000 (311033.001.000) 2023-06-12 17:37:00 Job submitted from host: <172.30.1.200:9618?addrs=172.30.1.200-9618&alias=tamsa2.snu.ac.kr&noUDP&sock=schedd_3510_2582>
...
000 (311033.002.000) 2023-06-12 17:37:00 Job submitted from host: <172.30.1.200:9618?addrs=172.30.1.200-9618&alias=tamsa2.snu.ac.kr&noUDP&sock=schedd_3510_2582>
...
000 (311033.003.000) 2023-06-12 17:37:00 Job submitted from host: <172.30.1.200:9618?addrs=172.30.1.200-9618&alias=tamsa2.snu.ac.kr&noUDP&sock=schedd_3510_2582>
...
000 (311033.004.000) 2023-06-12 17:37:00 Job submitted from host: <172.30.1.200:9618?addrs=172.30.1.200-9618&alias=tamsa2.snu.ac.kr&noUDP&sock=schedd_3510_2582>
...
000 (311033.005.000) 2023-06-12 17:37:00 Job submitted from host: <172.30.1.200:9618?addrs=172.30.1.200-9618&alias=tamsa2.snu.ac.kr&noUDP&sock=schedd_3510_2582>
...
000 (311033.006.000) 2023-06-12 17:37:00 Job submitted from host: <172.30.1.200:9618?addrs=172.30.1.200-9618&alias=tamsa2.snu.ac.kr&noUDP&sock=schedd_3510_2582>
...
000 (311033.007.000) 2023-06-12 17:37:00 Job submitted from host: <172.30.1.200:9618?addrs=172.30.1.200-9618&alias=tamsa2.snu.ac.kr&noUDP&sock=schedd_3510_2582>
...
000 (311033.008.000) 2023-06-12 17:37:00 Job submitted from host: <172.30.1.200:9618?addrs=172.30.1.200-9618&alias=tamsa2.snu.ac.kr&noUDP&sock=schedd_3510_2582>
...
000 (311033.009.000) 2023-06-12 17:37:00 Job submitted from host: <172.30.1.200:9618?addrs=172.30.1.200-9618&alias=tamsa2.snu.ac.kr&noUDP&sock=schedd_3510_2582>
...
040 (311033.003.000) 2023-06-12 17:37:16 Started transferring input files
	Transferring to host: <172.30.1.106:9618?addrs=172.30.1.106-9618&alias=n6&noUDP&sock=slot1_12_3308_8900_8030>
...
040 (311033.004.000) 2023-06-12 17:37:16 Started transferring input files
	Transferring to host: <172.30.1.106:9618?addrs=172.30.1.106-9618&alias=n6&noUDP&sock=slot1_14_3308_8900_8031>
...
040 (311033.003.000) 2023-06-12 17:37:16 Finished transferring input files
...
040 (311033.004.000) 2023-06-12 17:37:16 Finished transferring input files
...
040 (311033.005.000) 2023-06-12 17:37:16 Started transferring input files
	Transferring to host: <172.30.1.106:9618?addrs=172.30.1.106-9618&alias=n6&noUDP&sock=slot1_15_3308_8900_8032>
...
040 (311033.005.000) 2023-06-12 17:37:16 Finished transferring input files
...
040 (311033.000.000) 2023-06-12 17:37:16 Started transferring input files
	Transferring to host: <172.30.1.105:9618?addrs=172.30.1.105-9618&alias=n5&noUDP&sock=slot1_18_3332_7201_9250>
...
040 (311033.001.000) 2023-06-12 17:37:17 Started transferring input files
	Transferring to host: <172.30.1.105:9618?addrs=172.30.1.105-9618&alias=n5&noUDP&sock=slot1_19_3332_7201_9251>
...
040 (311033.000.000) 2023-06-12 17:37:17 Finished transferring input files
...
040 (311033.001.000) 2023-06-12 17:37:17 Finished transferring input files
...
040 (311033.006.000) 2023-06-12 17:37:17 Started transferring input files
	Transferring to host: <172.30.1.106:9618?addrs=172.30.1.106-9618&alias=n6&noUDP&sock=slot1_16_3308_8900_8033>
...
040 (311033.006.000) 2023-06-12 17:37:17 Finished transferring input files
...
040 (311033.002.000) 2023-06-12 17:37:17 Started transferring input files
	Transferring to host: <172.30.1.105:9618?addrs=172.30.1.105-9618&alias=n5&noUDP&sock=slot1_20_3332_7201_9252>
...
040 (311033.007.000) 2023-06-12 17:37:17 Started transferring input files
	Transferring to host: <172.30.1.106:9618?addrs=172.30.1.106-9618&alias=n6&noUDP&sock=slot1_17_3308_8900_8034>
...
040 (311033.002.000) 2023-06-12 17:37:17 Finished transferring input files
...
040 (311033.007.000) 2023-06-12 17:37:17 Finished transferring input files
...
040 (311033.008.000) 2023-06-12 17:37:17 Started transferring input files
	Transferring to host: <172.30.1.106:9618?addrs=172.30.1.106-9618&alias=n6&noUDP&sock=slot1_18_3308_8900_8035>
...
040 (311033.008.000) 2023-06-12 17:37:17 Finished transferring input files
...
040 (311033.009.000) 2023-06-12 17:37:17 Started transferring input files
	Transferring to host: <172.30.1.106:9618?addrs=172.30.1.106-9618&alias=n6&noUDP&sock=slot1_19_3308_8900_8036>
...
040 (311033.009.000) 2023-06-12 17:37:17 Finished transferring input files
...
001 (311033.003.000) 2023-06-12 17:37:17 Job executing on host: <172.30.1.106:9618?addrs=172.30.1.106-9618&alias=n6&noUDP&sock=startd_3274_4528>
...
001 (311033.004.000) 2023-06-12 17:37:17 Job executing on host: <172.30.1.106:9618?addrs=172.30.1.106-9618&alias=n6&noUDP&sock=startd_3274_4528>
...
001 (311033.005.000) 2023-06-12 17:37:17 Job executing on host: <172.30.1.106:9618?addrs=172.30.1.106-9618&alias=n6&noUDP&sock=startd_3274_4528>
...
001 (311033.000.000) 2023-06-12 17:37:17 Job executing on host: <172.30.1.105:9618?addrs=172.30.1.105-9618&alias=n5&noUDP&sock=startd_3298_bb6e>
...
001 (311033.001.000) 2023-06-12 17:37:18 Job executing on host: <172.30.1.105:9618?addrs=172.30.1.105-9618&alias=n5&noUDP&sock=startd_3298_bb6e>
...
001 (311033.006.000) 2023-06-12 17:37:18 Job executing on host: <172.30.1.106:9618?addrs=172.30.1.106-9618&alias=n6&noUDP&sock=startd_3274_4528>
...
001 (311033.007.000) 2023-06-12 17:37:18 Job executing on host: <172.30.1.106:9618?addrs=172.30.1.106-9618&alias=n6&noUDP&sock=startd_3274_4528>
...
001 (311033.002.000) 2023-06-12 17:37:18 Job executing on host: <172.30.1.105:9618?addrs=172.30.1.105-9618&alias=n5&noUDP&sock=startd_3298_bb6e>
...
001 (311033.008.000) 2023-06-12 17:37:18 Job executing on host: <172.30.1.106:9618?addrs=172.30.1.106-9618&alias=n6&noUDP&sock=startd_3274_4528>
...
001 (311033.009.000) 2023-06-12 17:37:18 Job executing on host: <172.30.1.106:9618?addrs=172.30.1.106-9618&alias=n6&noUDP&sock=startd_3274_4528>
...
006 (311033.000.000) 2023-06-12 17:37:26 Image size of job updated: 181208
	177  -  MemoryUsage of job (MB)
	181208  -  ResidentSetSize of job (KB)
...
006 (311033.001.000) 2023-06-12 17:37:26 Image size of job updated: 181304
	178  -  MemoryUsage of job (MB)
	181304  -  ResidentSetSize of job (KB)
...
006 (311033.006.000) 2023-06-12 17:37:26 Image size of job updated: 136116
	130  -  MemoryUsage of job (MB)
	132896  -  ResidentSetSize of job (KB)
...
006 (311033.002.000) 2023-06-12 17:37:26 Image size of job updated: 182632
	179  -  MemoryUsage of job (MB)
	182632  -  ResidentSetSize of job (KB)
...
006 (311033.008.000) 2023-06-12 17:37:26 Image size of job updated: 142492
	132  -  MemoryUsage of job (MB)
	134816  -  ResidentSetSize of job (KB)
...
006 (311033.007.000) 2023-06-12 17:37:26 Image size of job updated: 142956
	133  -  MemoryUsage of job (MB)
	135688  -  ResidentSetSize of job (KB)
...
006 (311033.003.000) 2023-06-12 17:37:26 Image size of job updated: 141596
	133  -  MemoryUsage of job (MB)
	135716  -  ResidentSetSize of job (KB)
...
006 (311033.004.000) 2023-06-12 17:37:26 Image size of job updated: 151832
	142  -  MemoryUsage of job (MB)
	144532  -  ResidentSetSize of job (KB)
...
006 (311033.005.000) 2023-06-12 17:37:26 Image size of job updated: 151884
	143  -  MemoryUsage of job (MB)
	146028  -  ResidentSetSize of job (KB)
...
006 (311033.009.000) 2023-06-12 17:37:27 Image size of job updated: 159544
	149  -  MemoryUsage of job (MB)
	151624  -  ResidentSetSize of job (KB)
...
006 (311033.006.000) 2023-06-12 17:39:07 Image size of job updated: 689780
	130  -  MemoryUsage of job (MB)
	132916  -  ResidentSetSize of job (KB)
...
040 (311033.006.000) 2023-06-12 17:39:07 Started transferring output files
...
040 (311033.006.000) 2023-06-12 17:39:07 Finished transferring output files
...
005 (311033.006.000) 2023-06-12 17:39:07 Job terminated.
	(1) Normal termination (return value 0)
		Usr 0 00:01:42, Sys 0 00:00:02  -  Run Remote Usage
		Usr 0 00:00:00, Sys 0 00:00:00  -  Run Local Usage
		Usr 0 00:01:42, Sys 0 00:00:02  -  Total Remote Usage
		Usr 0 00:00:00, Sys 0 00:00:00  -  Total Local Usage
	5207  -  Run Bytes Sent By Job
	146  -  Run Bytes Received By Job
	5207  -  Total Bytes Sent By Job
	146  -  Total Bytes Received By Job
	Partitionable Resources :    Usage  Request Allocated 
	   Cpus                 :     1.00        1         1 
	   Disk (KB)            :    55           1     61930 
	   Memory (MB)          :   130        3900      3968 

	Job terminated of its own accord at 2023-06-12T08:39:07Z.
...
006 (311033.001.000) 2023-06-12 17:39:17 Image size of job updated: 692184
	178  -  MemoryUsage of job (MB)
	181304  -  ResidentSetSize of job (KB)
...
040 (311033.001.000) 2023-06-12 17:39:17 Started transferring output files
...
040 (311033.001.000) 2023-06-12 17:39:17 Finished transferring output files
...
005 (311033.001.000) 2023-06-12 17:39:17 Job terminated.
	(1) Normal termination (return value 0)
		Usr 0 00:01:53, Sys 0 00:00:02  -  Run Remote Usage
		Usr 0 00:00:00, Sys 0 00:00:00  -  Run Local Usage
		Usr 0 00:01:53, Sys 0 00:00:02  -  Total Remote Usage
		Usr 0 00:00:00, Sys 0 00:00:00  -  Total Local Usage
	5883  -  Run Bytes Sent By Job
	146  -  Run Bytes Received By Job
	5883  -  Total Bytes Sent By Job
	146  -  Total Bytes Received By Job
	Partitionable Resources :    Usage  Request Allocated 
	   Cpus                 :     0.98        1         1 
	   Disk (KB)            :    56           1     61930 
	   Memory (MB)          :   178        3900      3968 

	Job terminated of its own accord at 2023-06-12T08:39:17Z.
...
006 (311033.008.000) 2023-06-12 17:39:26 Image size of job updated: 691520
	132  -  MemoryUsage of job (MB)
	134856  -  ResidentSetSize of job (KB)
...
040 (311033.008.000) 2023-06-12 17:39:26 Started transferring output files
...
040 (311033.008.000) 2023-06-12 17:39:26 Finished transferring output files
...
005 (311033.008.000) 2023-06-12 17:39:26 Job terminated.
	(1) Normal termination (return value 0)
		Usr 0 00:02:01, Sys 0 00:00:02  -  Run Remote Usage
		Usr 0 00:00:00, Sys 0 00:00:00  -  Run Local Usage
		Usr 0 00:02:01, Sys 0 00:00:02  -  Total Remote Usage
		Usr 0 00:00:00, Sys 0 00:00:00  -  Total Local Usage
	5452  -  Run Bytes Sent By Job
	146  -  Run Bytes Received By Job
	5452  -  Total Bytes Sent By Job
	146  -  Total Bytes Received By Job
	Partitionable Resources :    Usage  Request Allocated 
	   Cpus                 :     1.00        1         1 
	   Disk (KB)            :    56           1     61930 
	   Memory (MB)          :   132        3900      3968 

	Job terminated of its own accord at 2023-06-12T08:39:26Z.
...
006 (311033.007.000) 2023-06-12 17:39:27 Image size of job updated: 692152
	133  -  MemoryUsage of job (MB)
	135732  -  ResidentSetSize of job (KB)
...
040 (311033.007.000) 2023-06-12 17:39:27 Started transferring output files
...
040 (311033.007.000) 2023-06-12 17:39:27 Finished transferring output files
...
005 (311033.007.000) 2023-06-12 17:39:27 Job terminated.
	(1) Normal termination (return value 0)
		Usr 0 00:02:00, Sys 0 00:00:03  -  Run Remote Usage
		Usr 0 00:00:00, Sys 0 00:00:00  -  Run Local Usage
		Usr 0 00:02:00, Sys 0 00:00:03  -  Total Remote Usage
		Usr 0 00:00:00, Sys 0 00:00:00  -  Total Local Usage
	6235  -  Run Bytes Sent By Job
	146  -  Run Bytes Received By Job
	6235  -  Total Bytes Sent By Job
	146  -  Total Bytes Received By Job
	Partitionable Resources :    Usage  Request Allocated 
	   Cpus                 :     1.00        1         1 
	   Disk (KB)            :    56           1     61930 
	   Memory (MB)          :   133        3900      3968 

	Job terminated of its own accord at 2023-06-12T08:39:27Z.
...
006 (311033.004.000) 2023-06-12 17:39:30 Image size of job updated: 691244
	142  -  MemoryUsage of job (MB)
	144544  -  ResidentSetSize of job (KB)
...
040 (311033.004.000) 2023-06-12 17:39:30 Started transferring output files
...
040 (311033.004.000) 2023-06-12 17:39:30 Finished transferring output files
...
005 (311033.004.000) 2023-06-12 17:39:30 Job terminated.
	(1) Normal termination (return value 0)
		Usr 0 00:02:05, Sys 0 00:00:01  -  Run Remote Usage
		Usr 0 00:00:00, Sys 0 00:00:00  -  Run Local Usage
		Usr 0 00:02:05, Sys 0 00:00:01  -  Total Remote Usage
		Usr 0 00:00:00, Sys 0 00:00:00  -  Total Local Usage
	6242  -  Run Bytes Sent By Job
	146  -  Run Bytes Received By Job
	6242  -  Total Bytes Sent By Job
	146  -  Total Bytes Received By Job
	Partitionable Resources :    Usage  Request Allocated 
	   Cpus                 :     1.00        1         1 
	   Disk (KB)            :    56           1     61930 
	   Memory (MB)          :   142        3900      3968 

	Job terminated of its own accord at 2023-06-12T08:39:30Z.
...
006 (311033.009.000) 2023-06-12 17:39:37 Image size of job updated: 689748
	149  -  MemoryUsage of job (MB)
	151624  -  ResidentSetSize of job (KB)
...
040 (311033.009.000) 2023-06-12 17:39:37 Started transferring output files
...
040 (311033.009.000) 2023-06-12 17:39:37 Finished transferring output files
...
005 (311033.009.000) 2023-06-12 17:39:37 Job terminated.
	(1) Normal termination (return value 0)
		Usr 0 00:02:09, Sys 0 00:00:02  -  Run Remote Usage
		Usr 0 00:00:00, Sys 0 00:00:00  -  Run Local Usage
		Usr 0 00:02:09, Sys 0 00:00:02  -  Total Remote Usage
		Usr 0 00:00:00, Sys 0 00:00:00  -  Total Local Usage
	5689  -  Run Bytes Sent By Job
	146  -  Run Bytes Received By Job
	5689  -  Total Bytes Sent By Job
	146  -  Total Bytes Received By Job
	Partitionable Resources :    Usage  Request Allocated 
	   Cpus                 :     0.99        1         1 
	   Disk (KB)            :    56           1     61930 
	   Memory (MB)          :   149        3900      3968 

	Job terminated of its own accord at 2023-06-12T08:39:37Z.
...
006 (311033.005.000) 2023-06-12 17:39:40 Image size of job updated: 689752
	143  -  MemoryUsage of job (MB)
	146124  -  ResidentSetSize of job (KB)
...
040 (311033.005.000) 2023-06-12 17:39:40 Started transferring output files
...
040 (311033.005.000) 2023-06-12 17:39:40 Finished transferring output files
...
005 (311033.005.000) 2023-06-12 17:39:40 Job terminated.
	(1) Normal termination (return value 0)
		Usr 0 00:02:12, Sys 0 00:00:02  -  Run Remote Usage
		Usr 0 00:00:00, Sys 0 00:00:00  -  Run Local Usage
		Usr 0 00:02:12, Sys 0 00:00:02  -  Total Remote Usage
		Usr 0 00:00:00, Sys 0 00:00:00  -  Total Local Usage
	6810  -  Run Bytes Sent By Job
	146  -  Run Bytes Received By Job
	6810  -  Total Bytes Sent By Job
	146  -  Total Bytes Received By Job
	Partitionable Resources :    Usage  Request Allocated 
	   Cpus                 :     1.00        1         1 
	   Disk (KB)            :    57           1     61930 
	   Memory (MB)          :   143        3900      3968 

	Job terminated of its own accord at 2023-06-12T08:39:40Z.
...
006 (311033.003.000) 2023-06-12 17:39:49 Image size of job updated: 689784
	133  -  MemoryUsage of job (MB)
	135732  -  ResidentSetSize of job (KB)
...
040 (311033.003.000) 2023-06-12 17:39:49 Started transferring output files
...
040 (311033.003.000) 2023-06-12 17:39:49 Finished transferring output files
...
005 (311033.003.000) 2023-06-12 17:39:49 Job terminated.
	(1) Normal termination (return value 0)
		Usr 0 00:02:24, Sys 0 00:00:02  -  Run Remote Usage
		Usr 0 00:00:00, Sys 0 00:00:00  -  Run Local Usage
		Usr 0 00:02:24, Sys 0 00:00:02  -  Total Remote Usage
		Usr 0 00:00:00, Sys 0 00:00:00  -  Total Local Usage
	5915  -  Run Bytes Sent By Job
	146  -  Run Bytes Received By Job
	5915  -  Total Bytes Sent By Job
	146  -  Total Bytes Received By Job
	Partitionable Resources :    Usage  Request Allocated 
	   Cpus                 :     1.00        1         1 
	   Disk (KB)            :    56           1     61930 
	   Memory (MB)          :   133        3900      3968 

	Job terminated of its own accord at 2023-06-12T08:39:49Z.
...
006 (311033.000.000) 2023-06-12 17:39:58 Image size of job updated: 689784
	177  -  MemoryUsage of job (MB)
	181212  -  ResidentSetSize of job (KB)
...
040 (311033.000.000) 2023-06-12 17:39:58 Started transferring output files
...
040 (311033.000.000) 2023-06-12 17:39:58 Finished transferring output files
...
005 (311033.000.000) 2023-06-12 17:39:58 Job terminated.
	(1) Normal termination (return value 0)
		Usr 0 00:02:33, Sys 0 00:00:03  -  Run Remote Usage
		Usr 0 00:00:00, Sys 0 00:00:00  -  Run Local Usage
		Usr 0 00:02:33, Sys 0 00:00:03  -  Total Remote Usage
		Usr 0 00:00:00, Sys 0 00:00:00  -  Total Local Usage
	6912  -  Run Bytes Sent By Job
	146  -  Run Bytes Received By Job
	6912  -  Total Bytes Sent By Job
	146  -  Total Bytes Received By Job
	Partitionable Resources :    Usage  Request Allocated 
	   Cpus                 :     1.00        1         1 
	   Disk (KB)            :    57           1     61930 
	   Memory (MB)          :   177        3900      3968 

	Job terminated of its own accord at 2023-06-12T08:39:58Z.
...
006 (311033.002.000) 2023-06-12 17:40:28 Image size of job updated: 689756
	179  -  MemoryUsage of job (MB)
	182636  -  ResidentSetSize of job (KB)
...
040 (311033.002.000) 2023-06-12 17:40:28 Started transferring output files
...
040 (311033.002.000) 2023-06-12 17:40:28 Finished transferring output files
...
005 (311033.002.000) 2023-06-12 17:40:28 Job terminated.
	(1) Normal termination (return value 0)
		Usr 0 00:03:05, Sys 0 00:00:01  -  Run Remote Usage
		Usr 0 00:00:00, Sys 0 00:00:00  -  Run Local Usage
		Usr 0 00:03:05, Sys 0 00:00:01  -  Total Remote Usage
		Usr 0 00:00:00, Sys 0 00:00:00  -  Total Local Usage
	5549  -  Run Bytes Sent By Job
	146  -  Run Bytes Received By Job
	5549  -  Total Bytes Sent By Job
	146  -  Total Bytes Received By Job
	Partitionable Resources :    Usage  Request Allocated 
	   Cpus                 :     0.98        1         1 
	   Disk (KB)            :    56           1     61930 
	   Memory (MB)          :   179        3900      3968 

	Job terminated of its own accord at 2023-06-12T08:40:28Z.
...
