000 (310982.000.000) 2023-06-12 17:01:46 Job submitted from host: <172.30.1.200:9618?addrs=172.30.1.200-9618&alias=tamsa2.snu.ac.kr&noUDP&sock=schedd_3510_2582>
...
000 (310982.001.000) 2023-06-12 17:01:46 Job submitted from host: <172.30.1.200:9618?addrs=172.30.1.200-9618&alias=tamsa2.snu.ac.kr&noUDP&sock=schedd_3510_2582>
...
000 (310982.002.000) 2023-06-12 17:01:46 Job submitted from host: <172.30.1.200:9618?addrs=172.30.1.200-9618&alias=tamsa2.snu.ac.kr&noUDP&sock=schedd_3510_2582>
...
000 (310982.003.000) 2023-06-12 17:01:46 Job submitted from host: <172.30.1.200:9618?addrs=172.30.1.200-9618&alias=tamsa2.snu.ac.kr&noUDP&sock=schedd_3510_2582>
...
000 (310982.004.000) 2023-06-12 17:01:46 Job submitted from host: <172.30.1.200:9618?addrs=172.30.1.200-9618&alias=tamsa2.snu.ac.kr&noUDP&sock=schedd_3510_2582>
...
000 (310982.005.000) 2023-06-12 17:01:46 Job submitted from host: <172.30.1.200:9618?addrs=172.30.1.200-9618&alias=tamsa2.snu.ac.kr&noUDP&sock=schedd_3510_2582>
...
000 (310982.006.000) 2023-06-12 17:01:46 Job submitted from host: <172.30.1.200:9618?addrs=172.30.1.200-9618&alias=tamsa2.snu.ac.kr&noUDP&sock=schedd_3510_2582>
...
000 (310982.007.000) 2023-06-12 17:01:46 Job submitted from host: <172.30.1.200:9618?addrs=172.30.1.200-9618&alias=tamsa2.snu.ac.kr&noUDP&sock=schedd_3510_2582>
...
000 (310982.008.000) 2023-06-12 17:01:46 Job submitted from host: <172.30.1.200:9618?addrs=172.30.1.200-9618&alias=tamsa2.snu.ac.kr&noUDP&sock=schedd_3510_2582>
...
000 (310982.009.000) 2023-06-12 17:01:46 Job submitted from host: <172.30.1.200:9618?addrs=172.30.1.200-9618&alias=tamsa2.snu.ac.kr&noUDP&sock=schedd_3510_2582>
...
040 (310982.005.000) 2023-06-12 17:03:21 Started transferring input files
	Transferring to host: <172.30.1.109:9618?addrs=172.30.1.109-9618&alias=n9&noUDP&sock=slot1_14_4265_d407_22696>
...
040 (310982.005.000) 2023-06-12 17:03:21 Finished transferring input files
...
040 (310982.006.000) 2023-06-12 17:03:21 Started transferring input files
	Transferring to host: <172.30.1.109:9618?addrs=172.30.1.109-9618&alias=n9&noUDP&sock=slot1_15_4265_d407_22697>
...
040 (310982.000.000) 2023-06-12 17:03:21 Started transferring input files
	Transferring to host: <172.30.1.108:9618?addrs=172.30.1.108-9618&alias=n8&noUDP&sock=slot1_29_4278_fce7_21625>
...
040 (310982.006.000) 2023-06-12 17:03:21 Finished transferring input files
...
040 (310982.000.000) 2023-06-12 17:03:21 Finished transferring input files
...
040 (310982.007.000) 2023-06-12 17:03:21 Started transferring input files
	Transferring to host: <172.30.1.109:9618?addrs=172.30.1.109-9618&alias=n9&noUDP&sock=slot1_20_4265_d407_22698>
...
040 (310982.007.000) 2023-06-12 17:03:21 Finished transferring input files
...
040 (310982.008.000) 2023-06-12 17:03:21 Started transferring input files
	Transferring to host: <172.30.1.109:9618?addrs=172.30.1.109-9618&alias=n9&noUDP&sock=slot1_21_4265_d407_22699>
...
040 (310982.008.000) 2023-06-12 17:03:21 Finished transferring input files
...
040 (310982.009.000) 2023-06-12 17:03:21 Started transferring input files
	Transferring to host: <172.30.1.109:9618?addrs=172.30.1.109-9618&alias=n9&noUDP&sock=slot1_23_4265_d407_22700>
...
040 (310982.009.000) 2023-06-12 17:03:21 Finished transferring input files
...
040 (310982.001.000) 2023-06-12 17:03:21 Started transferring input files
	Transferring to host: <172.30.1.108:9618?addrs=172.30.1.108-9618&alias=n8&noUDP&sock=slot1_31_4278_fce7_21627>
...
040 (310982.001.000) 2023-06-12 17:03:21 Finished transferring input files
...
040 (310982.002.000) 2023-06-12 17:03:21 Started transferring input files
	Transferring to host: <172.30.1.108:9618?addrs=172.30.1.108-9618&alias=n8&noUDP&sock=slot1_39_4278_fce7_21628>
...
040 (310982.002.000) 2023-06-12 17:03:21 Finished transferring input files
...
040 (310982.003.000) 2023-06-12 17:03:21 Started transferring input files
	Transferring to host: <172.30.1.108:9618?addrs=172.30.1.108-9618&alias=n8&noUDP&sock=slot1_41_4278_fce7_21629>
...
040 (310982.003.000) 2023-06-12 17:03:21 Finished transferring input files
...
040 (310982.004.000) 2023-06-12 17:03:21 Started transferring input files
	Transferring to host: <172.30.1.108:9618?addrs=172.30.1.108-9618&alias=n8&noUDP&sock=slot1_44_4278_fce7_21630>
...
040 (310982.004.000) 2023-06-12 17:03:21 Finished transferring input files
...
001 (310982.005.000) 2023-06-12 17:03:22 Job executing on host: <172.30.1.109:9618?addrs=172.30.1.109-9618&alias=n9&noUDP&sock=startd_4231_b14b>
...
001 (310982.000.000) 2023-06-12 17:03:22 Job executing on host: <172.30.1.108:9618?addrs=172.30.1.108-9618&alias=n8&noUDP&sock=startd_4243_ec6e>
...
001 (310982.006.000) 2023-06-12 17:03:22 Job executing on host: <172.30.1.109:9618?addrs=172.30.1.109-9618&alias=n9&noUDP&sock=startd_4231_b14b>
...
001 (310982.007.000) 2023-06-12 17:03:22 Job executing on host: <172.30.1.109:9618?addrs=172.30.1.109-9618&alias=n9&noUDP&sock=startd_4231_b14b>
...
001 (310982.008.000) 2023-06-12 17:03:22 Job executing on host: <172.30.1.109:9618?addrs=172.30.1.109-9618&alias=n9&noUDP&sock=startd_4231_b14b>
...
001 (310982.009.000) 2023-06-12 17:03:22 Job executing on host: <172.30.1.109:9618?addrs=172.30.1.109-9618&alias=n9&noUDP&sock=startd_4231_b14b>
...
001 (310982.001.000) 2023-06-12 17:03:22 Job executing on host: <172.30.1.108:9618?addrs=172.30.1.108-9618&alias=n8&noUDP&sock=startd_4243_ec6e>
...
001 (310982.002.000) 2023-06-12 17:03:22 Job executing on host: <172.30.1.108:9618?addrs=172.30.1.108-9618&alias=n8&noUDP&sock=startd_4243_ec6e>
...
001 (310982.003.000) 2023-06-12 17:03:22 Job executing on host: <172.30.1.108:9618?addrs=172.30.1.108-9618&alias=n8&noUDP&sock=startd_4243_ec6e>
...
001 (310982.004.000) 2023-06-12 17:03:22 Job executing on host: <172.30.1.108:9618?addrs=172.30.1.108-9618&alias=n8&noUDP&sock=startd_4243_ec6e>
...
006 (310982.000.000) 2023-06-12 17:03:31 Image size of job updated: 557944
	184  -  MemoryUsage of job (MB)
	187628  -  ResidentSetSize of job (KB)
...
006 (310982.001.000) 2023-06-12 17:03:31 Image size of job updated: 524044
	184  -  MemoryUsage of job (MB)
	187844  -  ResidentSetSize of job (KB)
...
006 (310982.002.000) 2023-06-12 17:03:31 Image size of job updated: 519836
	184  -  MemoryUsage of job (MB)
	188088  -  ResidentSetSize of job (KB)
...
006 (310982.003.000) 2023-06-12 17:03:31 Image size of job updated: 518536
	184  -  MemoryUsage of job (MB)
	187840  -  ResidentSetSize of job (KB)
...
006 (310982.004.000) 2023-06-12 17:03:32 Image size of job updated: 520980
	184  -  MemoryUsage of job (MB)
	187876  -  ResidentSetSize of job (KB)
...
006 (310982.006.000) 2023-06-12 17:03:32 Image size of job updated: 647060
	184  -  MemoryUsage of job (MB)
	188084  -  ResidentSetSize of job (KB)
...
006 (310982.007.000) 2023-06-12 17:03:32 Image size of job updated: 647028
	184  -  MemoryUsage of job (MB)
	187628  -  ResidentSetSize of job (KB)
...
006 (310982.008.000) 2023-06-12 17:03:32 Image size of job updated: 647056
	184  -  MemoryUsage of job (MB)
	188076  -  ResidentSetSize of job (KB)
...
006 (310982.009.000) 2023-06-12 17:03:32 Image size of job updated: 647068
	184  -  MemoryUsage of job (MB)
	188084  -  ResidentSetSize of job (KB)
...
006 (310982.005.000) 2023-06-12 17:03:32 Image size of job updated: 647028
	184  -  MemoryUsage of job (MB)
	187632  -  ResidentSetSize of job (KB)
...
006 (310982.003.000) 2023-06-12 17:06:18 Image size of job updated: 697540
	184  -  MemoryUsage of job (MB)
	187840  -  ResidentSetSize of job (KB)
...
040 (310982.003.000) 2023-06-12 17:06:18 Started transferring output files
...
040 (310982.003.000) 2023-06-12 17:06:18 Finished transferring output files
...
005 (310982.003.000) 2023-06-12 17:06:18 Job terminated.
	(1) Normal termination (return value 0)
		Usr 0 00:02:51, Sys 0 00:00:02  -  Run Remote Usage
		Usr 0 00:00:00, Sys 0 00:00:00  -  Run Local Usage
		Usr 0 00:02:51, Sys 0 00:00:02  -  Total Remote Usage
		Usr 0 00:00:00, Sys 0 00:00:00  -  Total Local Usage
	9912  -  Run Bytes Sent By Job
	148  -  Run Bytes Received By Job
	9912  -  Total Bytes Sent By Job
	148  -  Total Bytes Received By Job
	Partitionable Resources :    Usage  Request Allocated 
	   Cpus                 :     1.00        1         1 
	   Disk (KB)            :    60           1    127899 
	   Memory (MB)          :   184        3900      3968 

	Job terminated of its own accord at 2023-06-12T08:06:17Z.
...
006 (310982.009.000) 2023-06-12 17:06:27 Image size of job updated: 697528
	184  -  MemoryUsage of job (MB)
	188084  -  ResidentSetSize of job (KB)
...
040 (310982.009.000) 2023-06-12 17:06:27 Started transferring output files
...
040 (310982.009.000) 2023-06-12 17:06:27 Finished transferring output files
...
005 (310982.009.000) 2023-06-12 17:06:27 Job terminated.
	(1) Normal termination (return value 0)
		Usr 0 00:02:57, Sys 0 00:00:02  -  Run Remote Usage
		Usr 0 00:00:00, Sys 0 00:00:00  -  Run Local Usage
		Usr 0 00:02:57, Sys 0 00:00:02  -  Total Remote Usage
		Usr 0 00:00:00, Sys 0 00:00:00  -  Total Local Usage
	10071  -  Run Bytes Sent By Job
	148  -  Run Bytes Received By Job
	10071  -  Total Bytes Sent By Job
	148  -  Total Bytes Received By Job
	Partitionable Resources :    Usage  Request Allocated 
	   Cpus                 :     1.00        1         1 
	   Disk (KB)            :    60           1    127899 
	   Memory (MB)          :   184        3900      3968 

	Job terminated of its own accord at 2023-06-12T08:06:27Z.
...
006 (310982.005.000) 2023-06-12 17:06:30 Image size of job updated: 697600
	184  -  MemoryUsage of job (MB)
	187632  -  ResidentSetSize of job (KB)
...
040 (310982.005.000) 2023-06-12 17:06:30 Started transferring output files
...
040 (310982.005.000) 2023-06-12 17:06:31 Finished transferring output files
...
005 (310982.005.000) 2023-06-12 17:06:31 Job terminated.
	(1) Normal termination (return value 0)
		Usr 0 00:03:03, Sys 0 00:00:01  -  Run Remote Usage
		Usr 0 00:00:00, Sys 0 00:00:00  -  Run Local Usage
		Usr 0 00:03:03, Sys 0 00:00:01  -  Total Remote Usage
		Usr 0 00:00:00, Sys 0 00:00:00  -  Total Local Usage
	9168  -  Run Bytes Sent By Job
	148  -  Run Bytes Received By Job
	9168  -  Total Bytes Sent By Job
	148  -  Total Bytes Received By Job
	Partitionable Resources :    Usage  Request Allocated 
	   Cpus                 :     1.00        1         1 
	   Disk (KB)            :    59           1    127899 
	   Memory (MB)          :   184        3900      3968 

	Job terminated of its own accord at 2023-06-12T08:06:30Z.
...
006 (310982.006.000) 2023-06-12 17:06:50 Image size of job updated: 697560
	184  -  MemoryUsage of job (MB)
	188084  -  ResidentSetSize of job (KB)
...
040 (310982.006.000) 2023-06-12 17:06:50 Started transferring output files
...
040 (310982.006.000) 2023-06-12 17:06:50 Finished transferring output files
...
005 (310982.006.000) 2023-06-12 17:06:50 Job terminated.
	(1) Normal termination (return value 0)
		Usr 0 00:03:22, Sys 0 00:00:01  -  Run Remote Usage
		Usr 0 00:00:00, Sys 0 00:00:00  -  Run Local Usage
		Usr 0 00:03:22, Sys 0 00:00:01  -  Total Remote Usage
		Usr 0 00:00:00, Sys 0 00:00:00  -  Total Local Usage
	9649  -  Run Bytes Sent By Job
	148  -  Run Bytes Received By Job
	9649  -  Total Bytes Sent By Job
	148  -  Total Bytes Received By Job
	Partitionable Resources :    Usage  Request Allocated 
	   Cpus                 :     0.95        1         1 
	   Disk (KB)            :    60           1    127899 
	   Memory (MB)          :   184        3900      3968 

	Job terminated of its own accord at 2023-06-12T08:06:50Z.
...
006 (310982.007.000) 2023-06-12 17:06:51 Image size of job updated: 698220
	184  -  MemoryUsage of job (MB)
	187628  -  ResidentSetSize of job (KB)
...
040 (310982.007.000) 2023-06-12 17:06:51 Started transferring output files
...
040 (310982.007.000) 2023-06-12 17:06:51 Finished transferring output files
...
005 (310982.007.000) 2023-06-12 17:06:51 Job terminated.
	(1) Normal termination (return value 0)
		Usr 0 00:03:23, Sys 0 00:00:01  -  Run Remote Usage
		Usr 0 00:00:00, Sys 0 00:00:00  -  Run Local Usage
		Usr 0 00:03:23, Sys 0 00:00:01  -  Total Remote Usage
		Usr 0 00:00:00, Sys 0 00:00:00  -  Total Local Usage
	8805  -  Run Bytes Sent By Job
	148  -  Run Bytes Received By Job
	8805  -  Total Bytes Sent By Job
	148  -  Total Bytes Received By Job
	Partitionable Resources :    Usage  Request Allocated 
	   Cpus                 :     1.00        1         1 
	   Disk (KB)            :    59           1    127899 
	   Memory (MB)          :   184        3900      3968 

	Job terminated of its own accord at 2023-06-12T08:06:51Z.
...
006 (310982.001.000) 2023-06-12 17:07:02 Image size of job updated: 697552
	184  -  MemoryUsage of job (MB)
	187844  -  ResidentSetSize of job (KB)
...
040 (310982.001.000) 2023-06-12 17:07:02 Started transferring output files
...
040 (310982.001.000) 2023-06-12 17:07:02 Finished transferring output files
...
005 (310982.001.000) 2023-06-12 17:07:02 Job terminated.
	(1) Normal termination (return value 0)
		Usr 0 00:03:35, Sys 0 00:00:02  -  Run Remote Usage
		Usr 0 00:00:00, Sys 0 00:00:00  -  Run Local Usage
		Usr 0 00:03:35, Sys 0 00:00:02  -  Total Remote Usage
		Usr 0 00:00:00, Sys 0 00:00:00  -  Total Local Usage
	9549  -  Run Bytes Sent By Job
	148  -  Run Bytes Received By Job
	9549  -  Total Bytes Sent By Job
	148  -  Total Bytes Received By Job
	Partitionable Resources :    Usage  Request Allocated 
	   Cpus                 :     1.00        1         1 
	   Disk (KB)            :    60           1    127899 
	   Memory (MB)          :   184        3900      3968 

	Job terminated of its own accord at 2023-06-12T08:07:02Z.
...
006 (310982.004.000) 2023-06-12 17:07:28 Image size of job updated: 695128
	184  -  MemoryUsage of job (MB)
	187876  -  ResidentSetSize of job (KB)
...
040 (310982.004.000) 2023-06-12 17:07:28 Started transferring output files
...
040 (310982.004.000) 2023-06-12 17:07:28 Finished transferring output files
...
005 (310982.004.000) 2023-06-12 17:07:28 Job terminated.
	(1) Normal termination (return value 0)
		Usr 0 00:04:02, Sys 0 00:00:01  -  Run Remote Usage
		Usr 0 00:00:00, Sys 0 00:00:00  -  Run Local Usage
		Usr 0 00:04:02, Sys 0 00:00:01  -  Total Remote Usage
		Usr 0 00:00:00, Sys 0 00:00:00  -  Total Local Usage
	10443  -  Run Bytes Sent By Job
	148  -  Run Bytes Received By Job
	10443  -  Total Bytes Sent By Job
	148  -  Total Bytes Received By Job
	Partitionable Resources :    Usage  Request Allocated 
	   Cpus                 :     1.00        1         1 
	   Disk (KB)            :    61           1    127899 
	   Memory (MB)          :   184        3900      3968 

	Job terminated of its own accord at 2023-06-12T08:07:28Z.
...
006 (310982.008.000) 2023-06-12 17:07:45 Image size of job updated: 697044
	184  -  MemoryUsage of job (MB)
	188076  -  ResidentSetSize of job (KB)
...
040 (310982.008.000) 2023-06-12 17:07:45 Started transferring output files
...
040 (310982.008.000) 2023-06-12 17:07:45 Finished transferring output files
...
005 (310982.008.000) 2023-06-12 17:07:45 Job terminated.
	(1) Normal termination (return value 0)
		Usr 0 00:04:18, Sys 0 00:00:02  -  Run Remote Usage
		Usr 0 00:00:00, Sys 0 00:00:00  -  Run Local Usage
		Usr 0 00:04:18, Sys 0 00:00:02  -  Total Remote Usage
		Usr 0 00:00:00, Sys 0 00:00:00  -  Total Local Usage
	10317  -  Run Bytes Sent By Job
	148  -  Run Bytes Received By Job
	10317  -  Total Bytes Sent By Job
	148  -  Total Bytes Received By Job
	Partitionable Resources :    Usage  Request Allocated 
	   Cpus                 :     1.00        1         1 
	   Disk (KB)            :    61           1    127899 
	   Memory (MB)          :   184        3900      3968 

	Job terminated of its own accord at 2023-06-12T08:07:45Z.
...
006 (310982.002.000) 2023-06-12 17:07:52 Image size of job updated: 697128
	184  -  MemoryUsage of job (MB)
	188088  -  ResidentSetSize of job (KB)
...
040 (310982.002.000) 2023-06-12 17:07:52 Started transferring output files
...
040 (310982.002.000) 2023-06-12 17:07:52 Finished transferring output files
...
005 (310982.002.000) 2023-06-12 17:07:52 Job terminated.
	(1) Normal termination (return value 0)
		Usr 0 00:04:23, Sys 0 00:00:02  -  Run Remote Usage
		Usr 0 00:00:00, Sys 0 00:00:00  -  Run Local Usage
		Usr 0 00:04:23, Sys 0 00:00:02  -  Total Remote Usage
		Usr 0 00:00:00, Sys 0 00:00:00  -  Total Local Usage
	10271  -  Run Bytes Sent By Job
	148  -  Run Bytes Received By Job
	10271  -  Total Bytes Sent By Job
	148  -  Total Bytes Received By Job
	Partitionable Resources :    Usage  Request Allocated 
	   Cpus                 :     1.00        1         1 
	   Disk (KB)            :    60           1    127899 
	   Memory (MB)          :   184        3900      3968 

	Job terminated of its own accord at 2023-06-12T08:07:52Z.
...
006 (310982.000.000) 2023-06-12 17:08:32 Image size of job updated: 698380
	219  -  MemoryUsage of job (MB)
	223512  -  ResidentSetSize of job (KB)
...
040 (310982.000.000) 2023-06-12 17:08:57 Started transferring output files
...
040 (310982.000.000) 2023-06-12 17:08:57 Finished transferring output files
...
005 (310982.000.000) 2023-06-12 17:08:57 Job terminated.
	(1) Normal termination (return value 0)
		Usr 0 00:05:31, Sys 0 00:00:01  -  Run Remote Usage
		Usr 0 00:00:00, Sys 0 00:00:00  -  Run Local Usage
		Usr 0 00:05:31, Sys 0 00:00:01  -  Total Remote Usage
		Usr 0 00:00:00, Sys 0 00:00:00  -  Total Local Usage
	9431  -  Run Bytes Sent By Job
	148  -  Run Bytes Received By Job
	9431  -  Total Bytes Sent By Job
	148  -  Total Bytes Received By Job
	Partitionable Resources :    Usage  Request Allocated 
	   Cpus                 :     1.00        1         1 
	   Disk (KB)            :    60           1    127899 
	   Memory (MB)          :   219        3900      3968 

	Job terminated of its own accord at 2023-06-12T08:08:57Z.
...
