000 (330093.000.000) 2023-07-25 10:59:25 Job submitted from host: <172.30.1.200:9618?addrs=172.30.1.200-9618&alias=tamsa2.snu.ac.kr&noUDP&sock=schedd_3510_2582>
...
000 (330093.001.000) 2023-07-25 10:59:25 Job submitted from host: <172.30.1.200:9618?addrs=172.30.1.200-9618&alias=tamsa2.snu.ac.kr&noUDP&sock=schedd_3510_2582>
...
000 (330093.002.000) 2023-07-25 10:59:25 Job submitted from host: <172.30.1.200:9618?addrs=172.30.1.200-9618&alias=tamsa2.snu.ac.kr&noUDP&sock=schedd_3510_2582>
...
000 (330093.003.000) 2023-07-25 10:59:25 Job submitted from host: <172.30.1.200:9618?addrs=172.30.1.200-9618&alias=tamsa2.snu.ac.kr&noUDP&sock=schedd_3510_2582>
...
000 (330093.004.000) 2023-07-25 10:59:25 Job submitted from host: <172.30.1.200:9618?addrs=172.30.1.200-9618&alias=tamsa2.snu.ac.kr&noUDP&sock=schedd_3510_2582>
...
000 (330093.005.000) 2023-07-25 10:59:25 Job submitted from host: <172.30.1.200:9618?addrs=172.30.1.200-9618&alias=tamsa2.snu.ac.kr&noUDP&sock=schedd_3510_2582>
...
000 (330093.006.000) 2023-07-25 10:59:25 Job submitted from host: <172.30.1.200:9618?addrs=172.30.1.200-9618&alias=tamsa2.snu.ac.kr&noUDP&sock=schedd_3510_2582>
...
000 (330093.007.000) 2023-07-25 10:59:25 Job submitted from host: <172.30.1.200:9618?addrs=172.30.1.200-9618&alias=tamsa2.snu.ac.kr&noUDP&sock=schedd_3510_2582>
...
000 (330093.008.000) 2023-07-25 10:59:25 Job submitted from host: <172.30.1.200:9618?addrs=172.30.1.200-9618&alias=tamsa2.snu.ac.kr&noUDP&sock=schedd_3510_2582>
...
000 (330093.009.000) 2023-07-25 10:59:25 Job submitted from host: <172.30.1.200:9618?addrs=172.30.1.200-9618&alias=tamsa2.snu.ac.kr&noUDP&sock=schedd_3510_2582>
...
040 (330093.000.000) 2023-07-25 10:59:39 Started transferring input files
	Transferring to host: <172.30.1.102:9618?addrs=172.30.1.102-9618&alias=n2&noUDP&sock=slot1_15_3347_03a1_57641>
...
040 (330093.000.000) 2023-07-25 10:59:39 Finished transferring input files
...
040 (330093.001.000) 2023-07-25 10:59:39 Started transferring input files
	Transferring to host: <172.30.1.102:9618?addrs=172.30.1.102-9618&alias=n2&noUDP&sock=slot1_16_3347_03a1_57643>
...
040 (330093.001.000) 2023-07-25 10:59:39 Finished transferring input files
...
040 (330093.002.000) 2023-07-25 10:59:39 Started transferring input files
	Transferring to host: <172.30.1.102:9618?addrs=172.30.1.102-9618&alias=n2&noUDP&sock=slot1_17_3347_03a1_57644>
...
040 (330093.002.000) 2023-07-25 10:59:39 Finished transferring input files
...
040 (330093.003.000) 2023-07-25 10:59:39 Started transferring input files
	Transferring to host: <172.30.1.102:9618?addrs=172.30.1.102-9618&alias=n2&noUDP&sock=slot1_28_3347_03a1_57645>
...
040 (330093.003.000) 2023-07-25 10:59:39 Finished transferring input files
...
040 (330093.004.000) 2023-07-25 10:59:39 Started transferring input files
	Transferring to host: <172.30.1.102:9618?addrs=172.30.1.102-9618&alias=n2&noUDP&sock=slot1_29_3347_03a1_57646>
...
040 (330093.004.000) 2023-07-25 10:59:39 Finished transferring input files
...
040 (330093.005.000) 2023-07-25 10:59:39 Started transferring input files
	Transferring to host: <172.30.1.102:9618?addrs=172.30.1.102-9618&alias=n2&noUDP&sock=slot1_30_3347_03a1_57647>
...
040 (330093.005.000) 2023-07-25 10:59:39 Finished transferring input files
...
040 (330093.006.000) 2023-07-25 10:59:40 Started transferring input files
	Transferring to host: <172.30.1.102:9618?addrs=172.30.1.102-9618&alias=n2&noUDP&sock=slot1_31_3347_03a1_57648>
...
040 (330093.006.000) 2023-07-25 10:59:40 Finished transferring input files
...
040 (330093.008.000) 2023-07-25 10:59:40 Started transferring input files
	Transferring to host: <172.30.1.102:9618?addrs=172.30.1.102-9618&alias=n2&noUDP&sock=slot1_33_3347_03a1_57649>
...
040 (330093.008.000) 2023-07-25 10:59:40 Finished transferring input files
...
040 (330093.007.000) 2023-07-25 10:59:40 Started transferring input files
	Transferring to host: <172.30.1.102:9618?addrs=172.30.1.102-9618&alias=n2&noUDP&sock=slot1_32_3347_03a1_57650>
...
040 (330093.007.000) 2023-07-25 10:59:40 Finished transferring input files
...
001 (330093.000.000) 2023-07-25 10:59:40 Job executing on host: <172.30.1.102:9618?addrs=172.30.1.102-9618&alias=n2&noUDP&sock=startd_3313_055a>
...
001 (330093.001.000) 2023-07-25 10:59:40 Job executing on host: <172.30.1.102:9618?addrs=172.30.1.102-9618&alias=n2&noUDP&sock=startd_3313_055a>
...
001 (330093.002.000) 2023-07-25 10:59:40 Job executing on host: <172.30.1.102:9618?addrs=172.30.1.102-9618&alias=n2&noUDP&sock=startd_3313_055a>
...
001 (330093.003.000) 2023-07-25 10:59:40 Job executing on host: <172.30.1.102:9618?addrs=172.30.1.102-9618&alias=n2&noUDP&sock=startd_3313_055a>
...
001 (330093.004.000) 2023-07-25 10:59:40 Job executing on host: <172.30.1.102:9618?addrs=172.30.1.102-9618&alias=n2&noUDP&sock=startd_3313_055a>
...
040 (330093.009.000) 2023-07-25 10:59:40 Started transferring input files
	Transferring to host: <172.30.1.102:9618?addrs=172.30.1.102-9618&alias=n2&noUDP&sock=slot1_34_3347_03a1_57652>
...
040 (330093.009.000) 2023-07-25 10:59:40 Finished transferring input files
...
001 (330093.005.000) 2023-07-25 10:59:40 Job executing on host: <172.30.1.102:9618?addrs=172.30.1.102-9618&alias=n2&noUDP&sock=startd_3313_055a>
...
001 (330093.006.000) 2023-07-25 10:59:41 Job executing on host: <172.30.1.102:9618?addrs=172.30.1.102-9618&alias=n2&noUDP&sock=startd_3313_055a>
...
001 (330093.008.000) 2023-07-25 10:59:41 Job executing on host: <172.30.1.102:9618?addrs=172.30.1.102-9618&alias=n2&noUDP&sock=startd_3313_055a>
...
001 (330093.007.000) 2023-07-25 10:59:41 Job executing on host: <172.30.1.102:9618?addrs=172.30.1.102-9618&alias=n2&noUDP&sock=startd_3313_055a>
...
001 (330093.009.000) 2023-07-25 10:59:41 Job executing on host: <172.30.1.102:9618?addrs=172.30.1.102-9618&alias=n2&noUDP&sock=startd_3313_055a>
...
006 (330093.002.000) 2023-07-25 10:59:49 Image size of job updated: 133092
	130  -  MemoryUsage of job (MB)
	133092  -  ResidentSetSize of job (KB)
...
006 (330093.003.000) 2023-07-25 10:59:49 Image size of job updated: 134976
	132  -  MemoryUsage of job (MB)
	134976  -  ResidentSetSize of job (KB)
...
006 (330093.004.000) 2023-07-25 10:59:49 Image size of job updated: 136536
	134  -  MemoryUsage of job (MB)
	136536  -  ResidentSetSize of job (KB)
...
006 (330093.006.000) 2023-07-25 10:59:49 Image size of job updated: 137120
	134  -  MemoryUsage of job (MB)
	137120  -  ResidentSetSize of job (KB)
...
006 (330093.005.000) 2023-07-25 10:59:49 Image size of job updated: 137876
	135  -  MemoryUsage of job (MB)
	137876  -  ResidentSetSize of job (KB)
...
006 (330093.008.000) 2023-07-25 10:59:49 Image size of job updated: 137832
	135  -  MemoryUsage of job (MB)
	137832  -  ResidentSetSize of job (KB)
...
006 (330093.000.000) 2023-07-25 10:59:49 Image size of job updated: 148104
	145  -  MemoryUsage of job (MB)
	148104  -  ResidentSetSize of job (KB)
...
006 (330093.001.000) 2023-07-25 10:59:49 Image size of job updated: 148512
	146  -  MemoryUsage of job (MB)
	148512  -  ResidentSetSize of job (KB)
...
006 (330093.009.000) 2023-07-25 10:59:50 Image size of job updated: 149756
	147  -  MemoryUsage of job (MB)
	149756  -  ResidentSetSize of job (KB)
...
006 (330093.007.000) 2023-07-25 10:59:50 Image size of job updated: 152956
	150  -  MemoryUsage of job (MB)
	152956  -  ResidentSetSize of job (KB)
...
006 (330093.009.000) 2023-07-25 11:00:29 Image size of job updated: 684360
	147  -  MemoryUsage of job (MB)
	149860  -  ResidentSetSize of job (KB)
...
040 (330093.009.000) 2023-07-25 11:00:29 Started transferring output files
...
040 (330093.009.000) 2023-07-25 11:00:29 Finished transferring output files
...
005 (330093.009.000) 2023-07-25 11:00:29 Job terminated.
	(1) Normal termination (return value 0)
		Usr 0 00:00:40, Sys 0 00:00:02  -  Run Remote Usage
		Usr 0 00:00:00, Sys 0 00:00:00  -  Run Local Usage
		Usr 0 00:00:40, Sys 0 00:00:02  -  Total Remote Usage
		Usr 0 00:00:00, Sys 0 00:00:00  -  Total Local Usage
	930  -  Run Bytes Sent By Job
	169  -  Run Bytes Received By Job
	930  -  Total Bytes Sent By Job
	169  -  Total Bytes Received By Job
	Partitionable Resources :    Usage  Request Allocated 
	   Cpus                 :                 1         1 
	   Disk (KB)            :       46        1    123869 
	   Memory (MB)          :      147     3900      3968 

	Job terminated of its own accord at 2023-07-25T02:00:29Z.
...
006 (330093.003.000) 2023-07-25 11:00:39 Image size of job updated: 685204
	132  -  MemoryUsage of job (MB)
	135012  -  ResidentSetSize of job (KB)
...
006 (330093.001.000) 2023-07-25 11:00:39 Image size of job updated: 685688
	146  -  MemoryUsage of job (MB)
	148528  -  ResidentSetSize of job (KB)
...
040 (330093.003.000) 2023-07-25 11:00:39 Started transferring output files
...
040 (330093.003.000) 2023-07-25 11:00:39 Finished transferring output files
...
005 (330093.003.000) 2023-07-25 11:00:39 Job terminated.
	(1) Normal termination (return value 0)
		Usr 0 00:00:50, Sys 0 00:00:02  -  Run Remote Usage
		Usr 0 00:00:00, Sys 0 00:00:00  -  Run Local Usage
		Usr 0 00:00:50, Sys 0 00:00:02  -  Total Remote Usage
		Usr 0 00:00:00, Sys 0 00:00:00  -  Total Local Usage
	1246  -  Run Bytes Sent By Job
	169  -  Run Bytes Received By Job
	1246  -  Total Bytes Sent By Job
	169  -  Total Bytes Received By Job
	Partitionable Resources :    Usage  Request Allocated 
	   Cpus                 :                 1         1 
	   Disk (KB)            :       46        1    123869 
	   Memory (MB)          :      132     3900      3968 

	Job terminated of its own accord at 2023-07-25T02:00:39Z.
...
040 (330093.001.000) 2023-07-25 11:00:39 Started transferring output files
...
040 (330093.001.000) 2023-07-25 11:00:39 Finished transferring output files
...
005 (330093.001.000) 2023-07-25 11:00:39 Job terminated.
	(1) Normal termination (return value 0)
		Usr 0 00:00:50, Sys 0 00:00:02  -  Run Remote Usage
		Usr 0 00:00:00, Sys 0 00:00:00  -  Run Local Usage
		Usr 0 00:00:50, Sys 0 00:00:02  -  Total Remote Usage
		Usr 0 00:00:00, Sys 0 00:00:00  -  Total Local Usage
	1185  -  Run Bytes Sent By Job
	169  -  Run Bytes Received By Job
	1185  -  Total Bytes Sent By Job
	169  -  Total Bytes Received By Job
	Partitionable Resources :    Usage  Request Allocated 
	   Cpus                 :                 1         1 
	   Disk (KB)            :       46        1    123869 
	   Memory (MB)          :      146     3900      3968 

	Job terminated of its own accord at 2023-07-25T02:00:39Z.
...
006 (330093.008.000) 2023-07-25 11:00:43 Image size of job updated: 684360
	135  -  MemoryUsage of job (MB)
	138004  -  ResidentSetSize of job (KB)
...
040 (330093.008.000) 2023-07-25 11:00:43 Started transferring output files
...
040 (330093.008.000) 2023-07-25 11:00:43 Finished transferring output files
...
005 (330093.008.000) 2023-07-25 11:00:43 Job terminated.
	(1) Normal termination (return value 0)
		Usr 0 00:00:54, Sys 0 00:00:02  -  Run Remote Usage
		Usr 0 00:00:00, Sys 0 00:00:00  -  Run Local Usage
		Usr 0 00:00:54, Sys 0 00:00:02  -  Total Remote Usage
		Usr 0 00:00:00, Sys 0 00:00:00  -  Total Local Usage
	930  -  Run Bytes Sent By Job
	169  -  Run Bytes Received By Job
	930  -  Total Bytes Sent By Job
	169  -  Total Bytes Received By Job
	Partitionable Resources :    Usage  Request Allocated 
	   Cpus                 :                 1         1 
	   Disk (KB)            :       46        1    123869 
	   Memory (MB)          :      135     3900      3968 

	Job terminated of its own accord at 2023-07-25T02:00:43Z.
...
006 (330093.006.000) 2023-07-25 11:00:43 Image size of job updated: 685796
	134  -  MemoryUsage of job (MB)
	137192  -  ResidentSetSize of job (KB)
...
040 (330093.006.000) 2023-07-25 11:00:43 Started transferring output files
...
040 (330093.006.000) 2023-07-25 11:00:43 Finished transferring output files
...
005 (330093.006.000) 2023-07-25 11:00:43 Job terminated.
	(1) Normal termination (return value 0)
		Usr 0 00:00:54, Sys 0 00:00:02  -  Run Remote Usage
		Usr 0 00:00:00, Sys 0 00:00:00  -  Run Local Usage
		Usr 0 00:00:54, Sys 0 00:00:02  -  Total Remote Usage
		Usr 0 00:00:00, Sys 0 00:00:00  -  Total Local Usage
	990  -  Run Bytes Sent By Job
	169  -  Run Bytes Received By Job
	990  -  Total Bytes Sent By Job
	169  -  Total Bytes Received By Job
	Partitionable Resources :    Usage  Request Allocated 
	   Cpus                 :                 1         1 
	   Disk (KB)            :       46        1    123869 
	   Memory (MB)          :      134     3900      3968 

	Job terminated of its own accord at 2023-07-25T02:00:43Z.
...
006 (330093.005.000) 2023-07-25 11:00:49 Image size of job updated: 685880
	135  -  MemoryUsage of job (MB)
	138016  -  ResidentSetSize of job (KB)
...
040 (330093.005.000) 2023-07-25 11:00:49 Started transferring output files
...
040 (330093.005.000) 2023-07-25 11:00:49 Finished transferring output files
...
005 (330093.005.000) 2023-07-25 11:00:49 Job terminated.
	(1) Normal termination (return value 0)
		Usr 0 00:01:00, Sys 0 00:00:02  -  Run Remote Usage
		Usr 0 00:00:00, Sys 0 00:00:00  -  Run Local Usage
		Usr 0 00:01:00, Sys 0 00:00:02  -  Total Remote Usage
		Usr 0 00:00:00, Sys 0 00:00:00  -  Total Local Usage
	1187  -  Run Bytes Sent By Job
	169  -  Run Bytes Received By Job
	1187  -  Total Bytes Sent By Job
	169  -  Total Bytes Received By Job
	Partitionable Resources :    Usage  Request Allocated 
	   Cpus                 :                 1         1 
	   Disk (KB)            :       46        1    123869 
	   Memory (MB)          :      135     3900      3968 

	Job terminated of its own accord at 2023-07-25T02:00:49Z.
...
006 (330093.007.000) 2023-07-25 11:00:53 Image size of job updated: 684536
	150  -  MemoryUsage of job (MB)
	152956  -  ResidentSetSize of job (KB)
...
040 (330093.007.000) 2023-07-25 11:00:53 Started transferring output files
...
040 (330093.007.000) 2023-07-25 11:00:53 Finished transferring output files
...
005 (330093.007.000) 2023-07-25 11:00:53 Job terminated.
	(1) Normal termination (return value 0)
		Usr 0 00:01:04, Sys 0 00:00:02  -  Run Remote Usage
		Usr 0 00:00:00, Sys 0 00:00:00  -  Run Local Usage
		Usr 0 00:01:04, Sys 0 00:00:02  -  Total Remote Usage
		Usr 0 00:00:00, Sys 0 00:00:00  -  Total Local Usage
	991  -  Run Bytes Sent By Job
	169  -  Run Bytes Received By Job
	991  -  Total Bytes Sent By Job
	169  -  Total Bytes Received By Job
	Partitionable Resources :    Usage  Request Allocated 
	   Cpus                 :                 1         1 
	   Disk (KB)            :       46        1    123869 
	   Memory (MB)          :      150     3900      3968 

	Job terminated of its own accord at 2023-07-25T02:00:53Z.
...
006 (330093.000.000) 2023-07-25 11:01:03 Image size of job updated: 685832
	145  -  MemoryUsage of job (MB)
	148104  -  ResidentSetSize of job (KB)
...
040 (330093.000.000) 2023-07-25 11:01:03 Started transferring output files
...
040 (330093.000.000) 2023-07-25 11:01:03 Finished transferring output files
...
005 (330093.000.000) 2023-07-25 11:01:03 Job terminated.
	(1) Normal termination (return value 0)
		Usr 0 00:01:13, Sys 0 00:00:02  -  Run Remote Usage
		Usr 0 00:00:00, Sys 0 00:00:00  -  Run Local Usage
		Usr 0 00:01:13, Sys 0 00:00:02  -  Total Remote Usage
		Usr 0 00:00:00, Sys 0 00:00:00  -  Total Local Usage
	1217  -  Run Bytes Sent By Job
	169  -  Run Bytes Received By Job
	1217  -  Total Bytes Sent By Job
	169  -  Total Bytes Received By Job
	Partitionable Resources :    Usage  Request Allocated 
	   Cpus                 :                 1         1 
	   Disk (KB)            :       46        1    123869 
	   Memory (MB)          :      145     3900      3968 

	Job terminated of its own accord at 2023-07-25T02:01:03Z.
...
006 (330093.002.000) 2023-07-25 11:01:08 Image size of job updated: 685772
	131  -  MemoryUsage of job (MB)
	133128  -  ResidentSetSize of job (KB)
...
040 (330093.002.000) 2023-07-25 11:01:08 Started transferring output files
...
040 (330093.002.000) 2023-07-25 11:01:08 Finished transferring output files
...
005 (330093.002.000) 2023-07-25 11:01:08 Job terminated.
	(1) Normal termination (return value 0)
		Usr 0 00:01:16, Sys 0 00:00:02  -  Run Remote Usage
		Usr 0 00:00:00, Sys 0 00:00:00  -  Run Local Usage
		Usr 0 00:01:16, Sys 0 00:00:02  -  Total Remote Usage
		Usr 0 00:00:00, Sys 0 00:00:00  -  Total Local Usage
	1156  -  Run Bytes Sent By Job
	169  -  Run Bytes Received By Job
	1156  -  Total Bytes Sent By Job
	169  -  Total Bytes Received By Job
	Partitionable Resources :    Usage  Request Allocated 
	   Cpus                 :                 1         1 
	   Disk (KB)            :       46        1    123869 
	   Memory (MB)          :      131     3900      3968 

	Job terminated of its own accord at 2023-07-25T02:01:08Z.
...
006 (330093.004.000) 2023-07-25 11:01:14 Image size of job updated: 685832
	134  -  MemoryUsage of job (MB)
	136572  -  ResidentSetSize of job (KB)
...
040 (330093.004.000) 2023-07-25 11:01:15 Started transferring output files
...
040 (330093.004.000) 2023-07-25 11:01:15 Finished transferring output files
...
005 (330093.004.000) 2023-07-25 11:01:15 Job terminated.
	(1) Normal termination (return value 0)
		Usr 0 00:01:22, Sys 0 00:00:02  -  Run Remote Usage
		Usr 0 00:00:00, Sys 0 00:00:00  -  Run Local Usage
		Usr 0 00:01:22, Sys 0 00:00:02  -  Total Remote Usage
		Usr 0 00:00:00, Sys 0 00:00:00  -  Total Local Usage
	1249  -  Run Bytes Sent By Job
	169  -  Run Bytes Received By Job
	1249  -  Total Bytes Sent By Job
	169  -  Total Bytes Received By Job
	Partitionable Resources :    Usage  Request Allocated 
	   Cpus                 :                 1         1 
	   Disk (KB)            :       46        1    123869 
	   Memory (MB)          :      134     3900      3968 

	Job terminated of its own accord at 2023-07-25T02:01:14Z.
...
