000 (330154.000.000) 2023-07-25 12:44:46 Job submitted from host: <172.30.1.200:9618?addrs=172.30.1.200-9618&alias=tamsa2.snu.ac.kr&noUDP&sock=schedd_3510_2582>
...
000 (330154.001.000) 2023-07-25 12:44:46 Job submitted from host: <172.30.1.200:9618?addrs=172.30.1.200-9618&alias=tamsa2.snu.ac.kr&noUDP&sock=schedd_3510_2582>
...
000 (330154.002.000) 2023-07-25 12:44:46 Job submitted from host: <172.30.1.200:9618?addrs=172.30.1.200-9618&alias=tamsa2.snu.ac.kr&noUDP&sock=schedd_3510_2582>
...
000 (330154.003.000) 2023-07-25 12:44:46 Job submitted from host: <172.30.1.200:9618?addrs=172.30.1.200-9618&alias=tamsa2.snu.ac.kr&noUDP&sock=schedd_3510_2582>
...
000 (330154.004.000) 2023-07-25 12:44:46 Job submitted from host: <172.30.1.200:9618?addrs=172.30.1.200-9618&alias=tamsa2.snu.ac.kr&noUDP&sock=schedd_3510_2582>
...
000 (330154.005.000) 2023-07-25 12:44:46 Job submitted from host: <172.30.1.200:9618?addrs=172.30.1.200-9618&alias=tamsa2.snu.ac.kr&noUDP&sock=schedd_3510_2582>
...
000 (330154.006.000) 2023-07-25 12:44:46 Job submitted from host: <172.30.1.200:9618?addrs=172.30.1.200-9618&alias=tamsa2.snu.ac.kr&noUDP&sock=schedd_3510_2582>
...
000 (330154.007.000) 2023-07-25 12:44:46 Job submitted from host: <172.30.1.200:9618?addrs=172.30.1.200-9618&alias=tamsa2.snu.ac.kr&noUDP&sock=schedd_3510_2582>
...
000 (330154.008.000) 2023-07-25 12:44:46 Job submitted from host: <172.30.1.200:9618?addrs=172.30.1.200-9618&alias=tamsa2.snu.ac.kr&noUDP&sock=schedd_3510_2582>
...
000 (330154.009.000) 2023-07-25 12:44:46 Job submitted from host: <172.30.1.200:9618?addrs=172.30.1.200-9618&alias=tamsa2.snu.ac.kr&noUDP&sock=schedd_3510_2582>
...
001 (330154.004.000) 2023-07-25 12:45:04 Job executing on host: <172.30.1.206:9618?addrs=172.30.1.206-9618&alias=node6&noUDP&sock=startd_3777_494c>
...
001 (330154.006.000) 2023-07-25 12:45:04 Job executing on host: <172.30.1.206:9618?addrs=172.30.1.206-9618&alias=node6&noUDP&sock=startd_3777_494c>
...
001 (330154.005.000) 2023-07-25 12:45:04 Job executing on host: <172.30.1.206:9618?addrs=172.30.1.206-9618&alias=node6&noUDP&sock=startd_3777_494c>
...
001 (330154.007.000) 2023-07-25 12:45:04 Job executing on host: <172.30.1.206:9618?addrs=172.30.1.206-9618&alias=node6&noUDP&sock=startd_3777_494c>
...
001 (330154.008.000) 2023-07-25 12:45:04 Job executing on host: <172.30.1.206:9618?addrs=172.30.1.206-9618&alias=node6&noUDP&sock=startd_3777_494c>
...
001 (330154.009.000) 2023-07-25 12:45:04 Job executing on host: <172.30.1.206:9618?addrs=172.30.1.206-9618&alias=node6&noUDP&sock=startd_3777_494c>
...
001 (330154.001.000) 2023-07-25 12:45:04 Job executing on host: <172.30.1.205:9618?addrs=172.30.1.205-9618&alias=node5&noUDP&sock=startd_3770_7c22>
...
001 (330154.000.000) 2023-07-25 12:45:04 Job executing on host: <172.30.1.205:9618?addrs=172.30.1.205-9618&alias=node5&noUDP&sock=startd_3770_7c22>
...
001 (330154.002.000) 2023-07-25 12:45:04 Job executing on host: <172.30.1.205:9618?addrs=172.30.1.205-9618&alias=node5&noUDP&sock=startd_3770_7c22>
...
001 (330154.003.000) 2023-07-25 12:45:05 Job executing on host: <172.30.1.205:9618?addrs=172.30.1.205-9618&alias=node5&noUDP&sock=startd_3770_7c22>
...
006 (330154.004.000) 2023-07-25 12:45:12 Image size of job updated: 221400
	183  -  MemoryUsage of job (MB)
	186780  -  ResidentSetSize of job (KB)
...
006 (330154.006.000) 2023-07-25 12:45:12 Image size of job updated: 221400
	185  -  MemoryUsage of job (MB)
	188924  -  ResidentSetSize of job (KB)
...
006 (330154.005.000) 2023-07-25 12:45:12 Image size of job updated: 221400
	183  -  MemoryUsage of job (MB)
	186800  -  ResidentSetSize of job (KB)
...
006 (330154.002.000) 2023-07-25 12:45:13 Image size of job updated: 645124
	205  -  MemoryUsage of job (MB)
	209100  -  ResidentSetSize of job (KB)
...
006 (330154.003.000) 2023-07-25 12:45:13 Image size of job updated: 649720
	207  -  MemoryUsage of job (MB)
	210968  -  ResidentSetSize of job (KB)
...
006 (330154.007.000) 2023-07-25 12:45:13 Image size of job updated: 221400
	206  -  MemoryUsage of job (MB)
	210868  -  ResidentSetSize of job (KB)
...
006 (330154.008.000) 2023-07-25 12:45:13 Image size of job updated: 221400
	199  -  MemoryUsage of job (MB)
	203368  -  ResidentSetSize of job (KB)
...
006 (330154.009.000) 2023-07-25 12:45:13 Image size of job updated: 186824
	183  -  MemoryUsage of job (MB)
	186824  -  ResidentSetSize of job (KB)
...
006 (330154.001.000) 2023-07-25 12:45:13 Image size of job updated: 679412
	207  -  MemoryUsage of job (MB)
	211096  -  ResidentSetSize of job (KB)
...
006 (330154.000.000) 2023-07-25 12:45:13 Image size of job updated: 686544
	208  -  MemoryUsage of job (MB)
	212912  -  ResidentSetSize of job (KB)
...
006 (330154.003.000) 2023-07-25 12:45:20 Image size of job updated: 688352
	207  -  MemoryUsage of job (MB)
	210968  -  ResidentSetSize of job (KB)
...
005 (330154.003.000) 2023-07-25 12:45:20 Job terminated.
	(1) Normal termination (return value 0)
		Usr 0 00:00:14, Sys 0 00:00:01  -  Run Remote Usage
		Usr 0 00:00:00, Sys 0 00:00:00  -  Run Local Usage
		Usr 0 00:00:14, Sys 0 00:00:01  -  Total Remote Usage
		Usr 0 00:00:00, Sys 0 00:00:00  -  Total Local Usage
	0  -  Run Bytes Sent By Job
	0  -  Run Bytes Received By Job
	0  -  Total Bytes Sent By Job
	0  -  Total Bytes Received By Job
	Partitionable Resources :    Usage  Request Allocated 
	   Cpus                 :                 1         1 
	   Disk (KB)            :        1        1    128928 
	   Memory (MB)          :      207     3900      3968 

	Job terminated of its own accord at 2023-07-25T03:45:20Z.
...
006 (330154.007.000) 2023-07-25 12:45:21 Image size of job updated: 686428
	206  -  MemoryUsage of job (MB)
	210868  -  ResidentSetSize of job (KB)
...
005 (330154.007.000) 2023-07-25 12:45:21 Job terminated.
	(1) Normal termination (return value 0)
		Usr 0 00:00:13, Sys 0 00:00:00  -  Run Remote Usage
		Usr 0 00:00:00, Sys 0 00:00:00  -  Run Local Usage
		Usr 0 00:00:13, Sys 0 00:00:00  -  Total Remote Usage
		Usr 0 00:00:00, Sys 0 00:00:00  -  Total Local Usage
	0  -  Run Bytes Sent By Job
	0  -  Run Bytes Received By Job
	0  -  Total Bytes Sent By Job
	0  -  Total Bytes Received By Job
	Partitionable Resources :    Usage  Request Allocated 
	   Cpus                 :                 1         1 
	   Disk (KB)            :        1        1     95898 
	   Memory (MB)          :      206     3900      3968 

	Job terminated of its own accord at 2023-07-25T03:45:21Z.
...
006 (330154.002.000) 2023-07-25 12:45:21 Image size of job updated: 687248
	205  -  MemoryUsage of job (MB)
	209100  -  ResidentSetSize of job (KB)
...
005 (330154.002.000) 2023-07-25 12:45:22 Job terminated.
	(1) Normal termination (return value 0)
		Usr 0 00:00:15, Sys 0 00:00:00  -  Run Remote Usage
		Usr 0 00:00:00, Sys 0 00:00:00  -  Run Local Usage
		Usr 0 00:00:15, Sys 0 00:00:00  -  Total Remote Usage
		Usr 0 00:00:00, Sys 0 00:00:00  -  Total Local Usage
	0  -  Run Bytes Sent By Job
	0  -  Run Bytes Received By Job
	0  -  Total Bytes Sent By Job
	0  -  Total Bytes Received By Job
	Partitionable Resources :    Usage  Request Allocated 
	   Cpus                 :                 1         1 
	   Disk (KB)            :        1        1    128928 
	   Memory (MB)          :      205     3900      3968 

	Job terminated of its own accord at 2023-07-25T03:45:21Z.
...
006 (330154.006.000) 2023-07-25 12:45:22 Image size of job updated: 687608
	185  -  MemoryUsage of job (MB)
	188924  -  ResidentSetSize of job (KB)
...
005 (330154.006.000) 2023-07-25 12:45:22 Job terminated.
	(1) Normal termination (return value 0)
		Usr 0 00:00:15, Sys 0 00:00:00  -  Run Remote Usage
		Usr 0 00:00:00, Sys 0 00:00:00  -  Run Local Usage
		Usr 0 00:00:15, Sys 0 00:00:00  -  Total Remote Usage
		Usr 0 00:00:00, Sys 0 00:00:00  -  Total Local Usage
	0  -  Run Bytes Sent By Job
	0  -  Run Bytes Received By Job
	0  -  Total Bytes Sent By Job
	0  -  Total Bytes Received By Job
	Partitionable Resources :    Usage  Request Allocated 
	   Cpus                 :                 1         1 
	   Disk (KB)            :        1        1     95898 
	   Memory (MB)          :      185     3900      3968 

	Job terminated of its own accord at 2023-07-25T03:45:22Z.
...
006 (330154.001.000) 2023-07-25 12:45:23 Image size of job updated: 686644
	207  -  MemoryUsage of job (MB)
	211096  -  ResidentSetSize of job (KB)
...
005 (330154.001.000) 2023-07-25 12:45:23 Job terminated.
	(1) Normal termination (return value 0)
		Usr 0 00:00:17, Sys 0 00:00:00  -  Run Remote Usage
		Usr 0 00:00:00, Sys 0 00:00:00  -  Run Local Usage
		Usr 0 00:00:17, Sys 0 00:00:00  -  Total Remote Usage
		Usr 0 00:00:00, Sys 0 00:00:00  -  Total Local Usage
	0  -  Run Bytes Sent By Job
	0  -  Run Bytes Received By Job
	0  -  Total Bytes Sent By Job
	0  -  Total Bytes Received By Job
	Partitionable Resources :    Usage  Request Allocated 
	   Cpus                 :                 1         1 
	   Disk (KB)            :        1        1    128928 
	   Memory (MB)          :      207     3900      3968 

	Job terminated of its own accord at 2023-07-25T03:45:23Z.
...
006 (330154.000.000) 2023-07-25 12:45:24 Image size of job updated: 686672
	208  -  MemoryUsage of job (MB)
	212912  -  ResidentSetSize of job (KB)
...
005 (330154.000.000) 2023-07-25 12:45:24 Job terminated.
	(1) Normal termination (return value 0)
		Usr 0 00:00:18, Sys 0 00:00:00  -  Run Remote Usage
		Usr 0 00:00:00, Sys 0 00:00:00  -  Run Local Usage
		Usr 0 00:00:18, Sys 0 00:00:00  -  Total Remote Usage
		Usr 0 00:00:00, Sys 0 00:00:00  -  Total Local Usage
	0  -  Run Bytes Sent By Job
	0  -  Run Bytes Received By Job
	0  -  Total Bytes Sent By Job
	0  -  Total Bytes Received By Job
	Partitionable Resources :    Usage  Request Allocated 
	   Cpus                 :                 1         1 
	   Disk (KB)            :        1        1    128928 
	   Memory (MB)          :      208     3900      3968 

	Job terminated of its own accord at 2023-07-25T03:45:24Z.
...
006 (330154.005.000) 2023-07-25 12:45:24 Image size of job updated: 688372
	183  -  MemoryUsage of job (MB)
	186800  -  ResidentSetSize of job (KB)
...
005 (330154.005.000) 2023-07-25 12:45:24 Job terminated.
	(1) Normal termination (return value 0)
		Usr 0 00:00:16, Sys 0 00:00:00  -  Run Remote Usage
		Usr 0 00:00:00, Sys 0 00:00:00  -  Run Local Usage
		Usr 0 00:00:16, Sys 0 00:00:00  -  Total Remote Usage
		Usr 0 00:00:00, Sys 0 00:00:00  -  Total Local Usage
	0  -  Run Bytes Sent By Job
	0  -  Run Bytes Received By Job
	0  -  Total Bytes Sent By Job
	0  -  Total Bytes Received By Job
	Partitionable Resources :    Usage  Request Allocated 
	   Cpus                 :                 1         1 
	   Disk (KB)            :        1        1     95898 
	   Memory (MB)          :      183     3900      3968 

	Job terminated of its own accord at 2023-07-25T03:45:24Z.
...
006 (330154.008.000) 2023-07-25 12:45:24 Image size of job updated: 688464
	199  -  MemoryUsage of job (MB)
	203368  -  ResidentSetSize of job (KB)
...
005 (330154.008.000) 2023-07-25 12:45:24 Job terminated.
	(1) Normal termination (return value 0)
		Usr 0 00:00:17, Sys 0 00:00:00  -  Run Remote Usage
		Usr 0 00:00:00, Sys 0 00:00:00  -  Run Local Usage
		Usr 0 00:00:17, Sys 0 00:00:00  -  Total Remote Usage
		Usr 0 00:00:00, Sys 0 00:00:00  -  Total Local Usage
	0  -  Run Bytes Sent By Job
	0  -  Run Bytes Received By Job
	0  -  Total Bytes Sent By Job
	0  -  Total Bytes Received By Job
	Partitionable Resources :    Usage  Request Allocated 
	   Cpus                 :                 1         1 
	   Disk (KB)            :        1        1     95898 
	   Memory (MB)          :      199     3900      3968 

	Job terminated of its own accord at 2023-07-25T03:45:24Z.
...
006 (330154.004.000) 2023-07-25 12:45:26 Image size of job updated: 687768
	183  -  MemoryUsage of job (MB)
	186780  -  ResidentSetSize of job (KB)
...
005 (330154.004.000) 2023-07-25 12:45:26 Job terminated.
	(1) Normal termination (return value 0)
		Usr 0 00:00:18, Sys 0 00:00:00  -  Run Remote Usage
		Usr 0 00:00:00, Sys 0 00:00:00  -  Run Local Usage
		Usr 0 00:00:18, Sys 0 00:00:00  -  Total Remote Usage
		Usr 0 00:00:00, Sys 0 00:00:00  -  Total Local Usage
	0  -  Run Bytes Sent By Job
	0  -  Run Bytes Received By Job
	0  -  Total Bytes Sent By Job
	0  -  Total Bytes Received By Job
	Partitionable Resources :    Usage  Request Allocated 
	   Cpus                 :                 1         1 
	   Disk (KB)            :        1        1     95898 
	   Memory (MB)          :      183     3900      3968 

	Job terminated of its own accord at 2023-07-25T03:45:26Z.
...
006 (330154.009.000) 2023-07-25 12:45:27 Image size of job updated: 686684
	183  -  MemoryUsage of job (MB)
	186824  -  ResidentSetSize of job (KB)
...
005 (330154.009.000) 2023-07-25 12:45:27 Job terminated.
	(1) Normal termination (return value 0)
		Usr 0 00:00:19, Sys 0 00:00:00  -  Run Remote Usage
		Usr 0 00:00:00, Sys 0 00:00:00  -  Run Local Usage
		Usr 0 00:00:19, Sys 0 00:00:00  -  Total Remote Usage
		Usr 0 00:00:00, Sys 0 00:00:00  -  Total Local Usage
	0  -  Run Bytes Sent By Job
	0  -  Run Bytes Received By Job
	0  -  Total Bytes Sent By Job
	0  -  Total Bytes Received By Job
	Partitionable Resources :    Usage  Request Allocated 
	   Cpus                 :                 1         1 
	   Disk (KB)            :        1        1     95898 
	   Memory (MB)          :      183     3900      3968 

	Job terminated of its own accord at 2023-07-25T03:45:27Z.
...
