000 (330118.000.000) 2023-07-25 11:47:28 Job submitted from host: <172.30.1.200:9618?addrs=172.30.1.200-9618&alias=tamsa2.snu.ac.kr&noUDP&sock=schedd_3510_2582>
...
000 (330118.001.000) 2023-07-25 11:47:28 Job submitted from host: <172.30.1.200:9618?addrs=172.30.1.200-9618&alias=tamsa2.snu.ac.kr&noUDP&sock=schedd_3510_2582>
...
000 (330118.002.000) 2023-07-25 11:47:28 Job submitted from host: <172.30.1.200:9618?addrs=172.30.1.200-9618&alias=tamsa2.snu.ac.kr&noUDP&sock=schedd_3510_2582>
...
000 (330118.003.000) 2023-07-25 11:47:28 Job submitted from host: <172.30.1.200:9618?addrs=172.30.1.200-9618&alias=tamsa2.snu.ac.kr&noUDP&sock=schedd_3510_2582>
...
000 (330118.004.000) 2023-07-25 11:47:28 Job submitted from host: <172.30.1.200:9618?addrs=172.30.1.200-9618&alias=tamsa2.snu.ac.kr&noUDP&sock=schedd_3510_2582>
...
000 (330118.005.000) 2023-07-25 11:47:28 Job submitted from host: <172.30.1.200:9618?addrs=172.30.1.200-9618&alias=tamsa2.snu.ac.kr&noUDP&sock=schedd_3510_2582>
...
000 (330118.006.000) 2023-07-25 11:47:28 Job submitted from host: <172.30.1.200:9618?addrs=172.30.1.200-9618&alias=tamsa2.snu.ac.kr&noUDP&sock=schedd_3510_2582>
...
000 (330118.007.000) 2023-07-25 11:47:28 Job submitted from host: <172.30.1.200:9618?addrs=172.30.1.200-9618&alias=tamsa2.snu.ac.kr&noUDP&sock=schedd_3510_2582>
...
000 (330118.008.000) 2023-07-25 11:47:28 Job submitted from host: <172.30.1.200:9618?addrs=172.30.1.200-9618&alias=tamsa2.snu.ac.kr&noUDP&sock=schedd_3510_2582>
...
000 (330118.009.000) 2023-07-25 11:47:28 Job submitted from host: <172.30.1.200:9618?addrs=172.30.1.200-9618&alias=tamsa2.snu.ac.kr&noUDP&sock=schedd_3510_2582>
...
001 (330118.000.000) 2023-07-25 11:47:41 Job executing on host: <172.30.1.208:9618?addrs=172.30.1.208-9618&alias=node8&noUDP&sock=startd_3802_6f2a>
...
001 (330118.001.000) 2023-07-25 11:47:41 Job executing on host: <172.30.1.208:9618?addrs=172.30.1.208-9618&alias=node8&noUDP&sock=startd_3802_6f2a>
...
001 (330118.002.000) 2023-07-25 11:47:41 Job executing on host: <172.30.1.208:9618?addrs=172.30.1.208-9618&alias=node8&noUDP&sock=startd_3802_6f2a>
...
001 (330118.007.000) 2023-07-25 11:47:41 Job executing on host: <172.30.1.209:9618?addrs=172.30.1.209-9618&alias=node9&noUDP&sock=startd_3776_99b3>
...
001 (330118.003.000) 2023-07-25 11:47:41 Job executing on host: <172.30.1.208:9618?addrs=172.30.1.208-9618&alias=node8&noUDP&sock=startd_3802_6f2a>
...
001 (330118.009.000) 2023-07-25 11:47:41 Job executing on host: <172.30.1.209:9618?addrs=172.30.1.209-9618&alias=node9&noUDP&sock=startd_3776_99b3>
...
001 (330118.004.000) 2023-07-25 11:47:41 Job executing on host: <172.30.1.208:9618?addrs=172.30.1.208-9618&alias=node8&noUDP&sock=startd_3802_6f2a>
...
001 (330118.008.000) 2023-07-25 11:47:42 Job executing on host: <172.30.1.209:9618?addrs=172.30.1.209-9618&alias=node9&noUDP&sock=startd_3776_99b3>
...
001 (330118.005.000) 2023-07-25 11:47:42 Job executing on host: <172.30.1.208:9618?addrs=172.30.1.208-9618&alias=node8&noUDP&sock=startd_3802_6f2a>
...
001 (330118.006.000) 2023-07-25 11:47:42 Job executing on host: <172.30.1.208:9618?addrs=172.30.1.208-9618&alias=node8&noUDP&sock=startd_3802_6f2a>
...
006 (330118.004.000) 2023-07-25 11:47:50 Image size of job updated: 210820
	206  -  MemoryUsage of job (MB)
	210312  -  ResidentSetSize of job (KB)
...
006 (330118.008.000) 2023-07-25 11:47:50 Image size of job updated: 644852
	182  -  MemoryUsage of job (MB)
	186148  -  ResidentSetSize of job (KB)
...
006 (330118.005.000) 2023-07-25 11:47:50 Image size of job updated: 217620
	206  -  MemoryUsage of job (MB)
	210432  -  ResidentSetSize of job (KB)
...
006 (330118.006.000) 2023-07-25 11:47:50 Image size of job updated: 211960
	204  -  MemoryUsage of job (MB)
	208516  -  ResidentSetSize of job (KB)
...
006 (330118.000.000) 2023-07-25 11:47:50 Image size of job updated: 211556
	206  -  MemoryUsage of job (MB)
	210328  -  ResidentSetSize of job (KB)
...
006 (330118.001.000) 2023-07-25 11:47:50 Image size of job updated: 216048
	206  -  MemoryUsage of job (MB)
	210460  -  ResidentSetSize of job (KB)
...
006 (330118.002.000) 2023-07-25 11:47:50 Image size of job updated: 211180
	204  -  MemoryUsage of job (MB)
	208704  -  ResidentSetSize of job (KB)
...
006 (330118.007.000) 2023-07-25 11:47:50 Image size of job updated: 644860
	206  -  MemoryUsage of job (MB)
	210452  -  ResidentSetSize of job (KB)
...
006 (330118.003.000) 2023-07-25 11:47:50 Image size of job updated: 211512
	204  -  MemoryUsage of job (MB)
	208776  -  ResidentSetSize of job (KB)
...
006 (330118.009.000) 2023-07-25 11:47:51 Image size of job updated: 644824
	203  -  MemoryUsage of job (MB)
	207740  -  ResidentSetSize of job (KB)
...
006 (330118.009.000) 2023-07-25 11:47:56 Image size of job updated: 685608
	203  -  MemoryUsage of job (MB)
	207740  -  ResidentSetSize of job (KB)
...
006 (330118.001.000) 2023-07-25 11:47:56 Image size of job updated: 685712
	206  -  MemoryUsage of job (MB)
	210460  -  ResidentSetSize of job (KB)
...
005 (330118.009.000) 2023-07-25 11:47:56 Job terminated.
	(1) Normal termination (return value 0)
		Usr 0 00:00:12, Sys 0 00:00:00  -  Run Remote Usage
		Usr 0 00:00:00, Sys 0 00:00:00  -  Run Local Usage
		Usr 0 00:00:12, Sys 0 00:00:00  -  Total Remote Usage
		Usr 0 00:00:00, Sys 0 00:00:00  -  Total Local Usage
	0  -  Run Bytes Sent By Job
	0  -  Run Bytes Received By Job
	0  -  Total Bytes Sent By Job
	0  -  Total Bytes Received By Job
	Partitionable Resources :    Usage  Request Allocated 
	   Cpus                 :                 1         1 
	   Disk (KB)            :        1        1    128928 
	   Memory (MB)          :      203     3900      3968 

	Job terminated of its own accord at 2023-07-25T02:47:56Z.
...
005 (330118.001.000) 2023-07-25 11:47:56 Job terminated.
	(1) Normal termination (return value 0)
		Usr 0 00:00:11, Sys 0 00:00:00  -  Run Remote Usage
		Usr 0 00:00:00, Sys 0 00:00:00  -  Run Local Usage
		Usr 0 00:00:11, Sys 0 00:00:00  -  Total Remote Usage
		Usr 0 00:00:00, Sys 0 00:00:00  -  Total Local Usage
	0  -  Run Bytes Sent By Job
	0  -  Run Bytes Received By Job
	0  -  Total Bytes Sent By Job
	0  -  Total Bytes Received By Job
	Partitionable Resources :    Usage  Request Allocated 
	   Cpus                 :                 1         1 
	   Disk (KB)            :        1        1    128928 
	   Memory (MB)          :      206     3900      3968 

	Job terminated of its own accord at 2023-07-25T02:47:56Z.
...
006 (330118.000.000) 2023-07-25 11:47:56 Image size of job updated: 685712
	206  -  MemoryUsage of job (MB)
	210328  -  ResidentSetSize of job (KB)
...
005 (330118.000.000) 2023-07-25 11:47:56 Job terminated.
	(1) Normal termination (return value 0)
		Usr 0 00:00:12, Sys 0 00:00:00  -  Run Remote Usage
		Usr 0 00:00:00, Sys 0 00:00:00  -  Run Local Usage
		Usr 0 00:00:12, Sys 0 00:00:00  -  Total Remote Usage
		Usr 0 00:00:00, Sys 0 00:00:00  -  Total Local Usage
	0  -  Run Bytes Sent By Job
	0  -  Run Bytes Received By Job
	0  -  Total Bytes Sent By Job
	0  -  Total Bytes Received By Job
	Partitionable Resources :    Usage  Request Allocated 
	   Cpus                 :                 1         1 
	   Disk (KB)            :        1        1    128928 
	   Memory (MB)          :      206     3900      3968 

	Job terminated of its own accord at 2023-07-25T02:47:56Z.
...
006 (330118.004.000) 2023-07-25 11:47:56 Image size of job updated: 685712
	206  -  MemoryUsage of job (MB)
	210320  -  ResidentSetSize of job (KB)
...
005 (330118.004.000) 2023-07-25 11:47:56 Job terminated.
	(1) Normal termination (return value 0)
		Usr 0 00:00:12, Sys 0 00:00:00  -  Run Remote Usage
		Usr 0 00:00:00, Sys 0 00:00:00  -  Run Local Usage
		Usr 0 00:00:12, Sys 0 00:00:00  -  Total Remote Usage
		Usr 0 00:00:00, Sys 0 00:00:00  -  Total Local Usage
	0  -  Run Bytes Sent By Job
	0  -  Run Bytes Received By Job
	0  -  Total Bytes Sent By Job
	0  -  Total Bytes Received By Job
	Partitionable Resources :    Usage  Request Allocated 
	   Cpus                 :                 1         1 
	   Disk (KB)            :        1        1    128928 
	   Memory (MB)          :      206     3900      3968 

	Job terminated of its own accord at 2023-07-25T02:47:56Z.
...
006 (330118.005.000) 2023-07-25 11:47:57 Image size of job updated: 687508
	206  -  MemoryUsage of job (MB)
	210432  -  ResidentSetSize of job (KB)
...
005 (330118.005.000) 2023-07-25 11:47:57 Job terminated.
	(1) Normal termination (return value 0)
		Usr 0 00:00:12, Sys 0 00:00:00  -  Run Remote Usage
		Usr 0 00:00:00, Sys 0 00:00:00  -  Run Local Usage
		Usr 0 00:00:12, Sys 0 00:00:00  -  Total Remote Usage
		Usr 0 00:00:00, Sys 0 00:00:00  -  Total Local Usage
	0  -  Run Bytes Sent By Job
	0  -  Run Bytes Received By Job
	0  -  Total Bytes Sent By Job
	0  -  Total Bytes Received By Job
	Partitionable Resources :    Usage  Request Allocated 
	   Cpus                 :                 1         1 
	   Disk (KB)            :        1        1    128928 
	   Memory (MB)          :      206     3900      3968 

	Job terminated of its own accord at 2023-07-25T02:47:57Z.
...
006 (330118.002.000) 2023-07-25 11:47:57 Image size of job updated: 686440
	204  -  MemoryUsage of job (MB)
	208704  -  ResidentSetSize of job (KB)
...
005 (330118.002.000) 2023-07-25 11:47:57 Job terminated.
	(1) Normal termination (return value 0)
		Usr 0 00:00:13, Sys 0 00:00:01  -  Run Remote Usage
		Usr 0 00:00:00, Sys 0 00:00:00  -  Run Local Usage
		Usr 0 00:00:13, Sys 0 00:00:01  -  Total Remote Usage
		Usr 0 00:00:00, Sys 0 00:00:00  -  Total Local Usage
	0  -  Run Bytes Sent By Job
	0  -  Run Bytes Received By Job
	0  -  Total Bytes Sent By Job
	0  -  Total Bytes Received By Job
	Partitionable Resources :    Usage  Request Allocated 
	   Cpus                 :                 1         1 
	   Disk (KB)            :        1        1    128928 
	   Memory (MB)          :      204     3900      3968 

	Job terminated of its own accord at 2023-07-25T02:47:57Z.
...
006 (330118.007.000) 2023-07-25 11:47:57 Image size of job updated: 685672
	206  -  MemoryUsage of job (MB)
	210452  -  ResidentSetSize of job (KB)
...
005 (330118.007.000) 2023-07-25 11:47:57 Job terminated.
	(1) Normal termination (return value 0)
		Usr 0 00:00:13, Sys 0 00:00:00  -  Run Remote Usage
		Usr 0 00:00:00, Sys 0 00:00:00  -  Run Local Usage
		Usr 0 00:00:13, Sys 0 00:00:00  -  Total Remote Usage
		Usr 0 00:00:00, Sys 0 00:00:00  -  Total Local Usage
	0  -  Run Bytes Sent By Job
	0  -  Run Bytes Received By Job
	0  -  Total Bytes Sent By Job
	0  -  Total Bytes Received By Job
	Partitionable Resources :    Usage  Request Allocated 
	   Cpus                 :                 1         1 
	   Disk (KB)            :        1        1    128928 
	   Memory (MB)          :      206     3900      3968 

	Job terminated of its own accord at 2023-07-25T02:47:57Z.
...
006 (330118.006.000) 2023-07-25 11:47:57 Image size of job updated: 682088
	204  -  MemoryUsage of job (MB)
	208516  -  ResidentSetSize of job (KB)
...
005 (330118.006.000) 2023-07-25 11:47:57 Job terminated.
	(1) Normal termination (return value 0)
		Usr 0 00:00:13, Sys 0 00:00:00  -  Run Remote Usage
		Usr 0 00:00:00, Sys 0 00:00:00  -  Run Local Usage
		Usr 0 00:00:13, Sys 0 00:00:00  -  Total Remote Usage
		Usr 0 00:00:00, Sys 0 00:00:00  -  Total Local Usage
	0  -  Run Bytes Sent By Job
	0  -  Run Bytes Received By Job
	0  -  Total Bytes Sent By Job
	0  -  Total Bytes Received By Job
	Partitionable Resources :    Usage  Request Allocated 
	   Cpus                 :                 1         1 
	   Disk (KB)            :        1        1    128928 
	   Memory (MB)          :      204     3900      3968 

	Job terminated of its own accord at 2023-07-25T02:47:57Z.
...
006 (330118.003.000) 2023-07-25 11:47:58 Image size of job updated: 686552
	204  -  MemoryUsage of job (MB)
	208776  -  ResidentSetSize of job (KB)
...
005 (330118.003.000) 2023-07-25 11:47:58 Job terminated.
	(1) Normal termination (return value 0)
		Usr 0 00:00:14, Sys 0 00:00:00  -  Run Remote Usage
		Usr 0 00:00:00, Sys 0 00:00:00  -  Run Local Usage
		Usr 0 00:00:14, Sys 0 00:00:00  -  Total Remote Usage
		Usr 0 00:00:00, Sys 0 00:00:00  -  Total Local Usage
	0  -  Run Bytes Sent By Job
	0  -  Run Bytes Received By Job
	0  -  Total Bytes Sent By Job
	0  -  Total Bytes Received By Job
	Partitionable Resources :    Usage  Request Allocated 
	   Cpus                 :                 1         1 
	   Disk (KB)            :        1        1    128928 
	   Memory (MB)          :      204     3900      3968 

	Job terminated of its own accord at 2023-07-25T02:47:58Z.
...
006 (330118.008.000) 2023-07-25 11:47:59 Image size of job updated: 684840
	182  -  MemoryUsage of job (MB)
	186148  -  ResidentSetSize of job (KB)
...
005 (330118.008.000) 2023-07-25 11:47:59 Job terminated.
	(1) Normal termination (return value 0)
		Usr 0 00:00:14, Sys 0 00:00:00  -  Run Remote Usage
		Usr 0 00:00:00, Sys 0 00:00:00  -  Run Local Usage
		Usr 0 00:00:14, Sys 0 00:00:00  -  Total Remote Usage
		Usr 0 00:00:00, Sys 0 00:00:00  -  Total Local Usage
	0  -  Run Bytes Sent By Job
	0  -  Run Bytes Received By Job
	0  -  Total Bytes Sent By Job
	0  -  Total Bytes Received By Job
	Partitionable Resources :    Usage  Request Allocated 
	   Cpus                 :                 1         1 
	   Disk (KB)            :        1        1    128928 
	   Memory (MB)          :      182     3900      3968 

	Job terminated of its own accord at 2023-07-25T02:47:59Z.
...
