Starts at Mon Jun 12 20:27:30 2023
[tnp_tamsa] Use Configs["HLTEl12_2018"] from config/ele_TopHNT_v1.py
Fit ibin = 4
['HistPdf::sigPhysPass(x,histPass_genmatching,2)', 'HistPdf::sigPhysFail(x,histFail_genmatching,2)', 'RooCBShape::sigResPass(x,meanP[-0.0,-5.0,5.0],sigmaP[1,0.3,10.0],alphaP[2.0,1.2,3.5],nP[3,-5,5])', 'RooCBShape::sigResFail(x,meanF[-0.0,-5.0,5.0],sigmaF[1,0.3,10.0],alphaF[2.0,1.2,3.5],nF[3,-5,5])', 'FCONV::sigPass(x, sigPhysPass , sigResPass)', 'FCONV::sigFail(x, sigPhysFail , sigResFail)', 'Fit sigPass histPass_genmatching', 'Fit sigFail histFail_genmatching', 'SetConstant alphaP nP alphaF nF', 'RooCMSShape::bkgPass(x,acmsP[60.,50.,80.],betaP[0.05,0.01,0.08],gammaP[0.1, -1, 1],peakP[90.0])', 'RooCMSShape::bkgFail(x,acmsF[60.,50.,80.],betaF[0.05,0.01,0.08],gammaF[0.1, -1, 1],peakF[90.0])']
Fit ibin = 14
['HistPdf::sigPhysPass(x,histPass_genmatching,2)', 'HistPdf::sigPhysFail(x,histFail_genmatching,2)', 'RooCBShape::sigResPass(x,meanP[-0.0,-5.0,5.0],sigmaP[1,0.3,10.0],alphaP[2.0,1.2,3.5],nP[3,-5,5])', 'RooCBShape::sigResFail(x,meanF[-0.0,-5.0,5.0],sigmaF[1,0.3,10.0],alphaF[2.0,1.2,3.5],nF[3,-5,5])', 'FCONV::sigPass(x, sigPhysPass , sigResPass)', 'FCONV::sigFail(x, sigPhysFail , sigResFail)', 'Fit sigPass histPass_genmatching', 'Fit sigFail histFail_genmatching', 'SetConstant alphaP nP alphaF nF', 'RooCMSShape::bkgPass(x,acmsP[60.,50.,80.],betaP[0.05,0.01,0.08],gammaP[0.1, -1, 1],peakP[90.0])', 'RooCMSShape::bkgFail(x,acmsF[60.,50.,80.],betaF[0.05,0.01,0.08],gammaF[0.1, -1, 1],peakF[90.0])']
Warning: non-zero fit status 3
Warning: non-zero fit status 303
Fit ibin = 24
['HistPdf::sigPhysPass(x,histPass_genmatching,2)', 'HistPdf::sigPhysFail(x,histFail_genmatching,2)', 'RooCBShape::sigResPass(x,meanP[-0.0,-5.0,5.0],sigmaP[1,0.3,10.0],alphaP[2.0,1.2,3.5],nP[3,-5,5])', 'RooCBShape::sigResFail(x,meanF[-0.0,-5.0,5.0],sigmaF[1,0.3,10.0],alphaF[2.0,1.2,3.5],nF[3,-5,5])', 'FCONV::sigPass(x, sigPhysPass , sigResPass)', 'FCONV::sigFail(x, sigPhysFail , sigResFail)', 'Fit sigPass histPass_genmatching', 'Fit sigFail histFail_genmatching', 'SetConstant alphaP nP alphaF nF', 'RooCMSShape::bkgPass(x,acmsP[60.,50.,80.],betaP[0.05,0.01,0.08],gammaP[0.1, -1, 1],peakP[90.0])', 'RooCMSShape::bkgFail(x,acmsF[60.,50.,80.],betaF[0.05,0.01,0.08],gammaF[0.1, -1, 1],peakF[90.0])']
Warning: non-zero fit status 302
Warning: non-zero fit status 1
Fit ibin = 34
['HistPdf::sigPhysPass(x,histPass_genmatching,2)', 'HistPdf::sigPhysFail(x,histFail_genmatching,2)', 'RooCBShape::sigResPass(x,meanP[-0.0,-5.0,5.0],sigmaP[1,0.3,10.0],alphaP[2.0,1.2,3.5],nP[3,-5,5])', 'RooCBShape::sigResFail(x,meanF[-0.0,-5.0,5.0],sigmaF[1,0.3,10.0],alphaF[2.0,1.2,3.5],nF[3,-5,5])', 'FCONV::sigPass(x, sigPhysPass , sigResPass)', 'FCONV::sigFail(x, sigPhysFail , sigResFail)', 'Fit sigPass histPass_genmatching', 'Fit sigFail histFail_genmatching', 'SetConstant alphaP nP alphaF nF', 'RooCMSShape::bkgPass(x,acmsP[60.,50.,80.],betaP[0.05,0.01,0.08],gammaP[0.1, -1, 1],peakP[90.0])', 'RooCMSShape::bkgFail(x,acmsF[60.,50.,80.],betaF[0.05,0.01,0.08],gammaF[0.1, -1, 1],peakF[90.0])']
Warning: non-zero fit status 302
Warning: non-zero fit status 1
Fit ibin = 44
['HistPdf::sigPhysPass(x,histPass_genmatching,2)', 'HistPdf::sigPhysFail(x,histFail_genmatching,2)', 'RooCBShape::sigResPass(x,meanP[-0.0,-5.0,5.0],sigmaP[1,0.3,10.0],alphaP[2.0,1.2,3.5],nP[3,-5,5])', 'RooCBShape::sigResFail(x,meanF[-0.0,-5.0,5.0],sigmaF[1,0.3,10.0],alphaF[2.0,1.2,3.5],nF[3,-5,5])', 'FCONV::sigPass(x, sigPhysPass , sigResPass)', 'FCONV::sigFail(x, sigPhysFail , sigResFail)', 'Fit sigPass histPass_genmatching', 'Fit sigFail histFail_genmatching', 'SetConstant alphaP nP alphaF nF', 'RooCMSShape::bkgPass(x,acmsP[60.,50.,80.],betaP[0.05,0.01,0.08],gammaP[0.1, -1, 1],peakP[90.0])', 'RooCMSShape::bkgFail(x,acmsF[60.,50.,80.],betaF[0.05,0.01,0.08],gammaF[0.1, -1, 1],peakF[90.0])']
Warning: non-zero fit status 302
Warning: non-zero fit status 303
Fit ibin = 54
['HistPdf::sigPhysPass(x,histPass_genmatching,2)', 'HistPdf::sigPhysFail(x,histFail_genmatching,2)', 'RooCBShape::sigResPass(x,meanP[-0.0,-5.0,5.0],sigmaP[1,0.3,10.0],alphaP[2.0,1.2,3.5],nP[3,-5,5])', 'RooCBShape::sigResFail(x,meanF[-0.0,-5.0,5.0],sigmaF[1,0.3,10.0],alphaF[2.0,1.2,3.5],nF[3,-5,5])', 'FCONV::sigPass(x, sigPhysPass , sigResPass)', 'FCONV::sigFail(x, sigPhysFail , sigResFail)', 'Fit sigPass histPass_genmatching', 'Fit sigFail histFail_genmatching', 'SetConstant alphaP nP alphaF nF', 'RooCMSShape::bkgPass(x,acmsP[60.,50.,80.],betaP[0.05,0.01,0.08],gammaP[0.1, -1, 1],peakP[90.0])', 'RooCMSShape::bkgFail(x,acmsF[60.,50.,80.],betaF[0.05,0.01,0.08],gammaF[0.1, -1, 1],peakF[90.0])']
Warning: non-zero fit status 303
Warning: non-zero fit status 303
Fit ibin = 64
['HistPdf::sigPhysPass(x,histPass_genmatching,2)', 'HistPdf::sigPhysFail(x,histFail_genmatching,2)', 'RooCBShape::sigResPass(x,meanP[-0.0,-5.0,5.0],sigmaP[1,0.3,10.0],alphaP[2.0,1.2,3.5],nP[3,-5,5])', 'RooCBShape::sigResFail(x,meanF[-0.0,-5.0,5.0],sigmaF[1,0.3,10.0],alphaF[2.0,1.2,3.5],nF[3,-5,5])', 'FCONV::sigPass(x, sigPhysPass , sigResPass)', 'FCONV::sigFail(x, sigPhysFail , sigResFail)', 'Fit sigPass histPass_genmatching', 'Fit sigFail histFail_genmatching', 'SetConstant alphaP nP alphaF nF', 'RooCMSShape::bkgPass(x,acmsP[60.,50.,80.],betaP[0.05,0.01,0.08],gammaP[0.1, -1, 1],peakP[90.0])', 'RooCMSShape::bkgFail(x,acmsF[60.,50.,80.],betaF[0.05,0.01,0.08],gammaF[0.1, -1, 1],peakF[90.0])']
Warning: non-zero fit status 303
Warning: non-zero fit status 3
Fit ibin = 74
['HistPdf::sigPhysPass(x,histPass_genmatching,2)', 'HistPdf::sigPhysFail(x,histFail_genmatching,2)', 'RooCBShape::sigResPass(x,meanP[-0.0,-5.0,5.0],sigmaP[1,0.3,10.0],alphaP[2.0,1.2,3.5],nP[3,-5,5])', 'RooCBShape::sigResFail(x,meanF[-0.0,-5.0,5.0],sigmaF[1,0.3,10.0],alphaF[2.0,1.2,3.5],nF[3,-5,5])', 'FCONV::sigPass(x, sigPhysPass , sigResPass)', 'FCONV::sigFail(x, sigPhysFail , sigResFail)', 'Fit sigPass histPass_genmatching', 'Fit sigFail histFail_genmatching', 'SetConstant alphaP nP alphaF nF', 'RooCMSShape::bkgPass(x,acmsP[60.,50.,80.],betaP[0.05,0.01,0.08],gammaP[0.1, -1, 1],peakP[90.0])', 'RooCMSShape::bkgFail(x,acmsF[60.,50.,80.],betaF[0.05,0.01,0.08],gammaF[0.1, -1, 1],peakF[90.0])']
Warning: non-zero fit status 1
Warning: non-zero fit status 302
Fit ibin = 84
['HistPdf::sigPhysPass(x,histPass_genmatching,2)', 'HistPdf::sigPhysFail(x,histFail_genmatching,2)', 'RooCBShape::sigResPass(x,meanP[-0.0,-5.0,5.0],sigmaP[1,0.3,10.0],alphaP[2.0,1.2,3.5],nP[3,-5,5])', 'RooCBShape::sigResFail(x,meanF[-0.0,-5.0,5.0],sigmaF[1,0.3,10.0],alphaF[2.0,1.2,3.5],nF[3,-5,5])', 'FCONV::sigPass(x, sigPhysPass , sigResPass)', 'FCONV::sigFail(x, sigPhysFail , sigResFail)', 'Fit sigPass histPass_genmatching', 'Fit sigFail histFail_genmatching', 'SetConstant alphaP nP alphaF nF', 'RooCMSShape::bkgPass(x,acmsP[60.,50.,80.],betaP[0.05,0.01,0.08],gammaP[0.1, -1, 1],peakP[90.0])', 'RooCMSShape::bkgFail(x,acmsF[60.,50.,80.],betaF[0.05,0.01,0.08],gammaF[0.1, -1, 1],peakF[90.0])']
Warning: non-zero fit status 303
Warning: non-zero fit status 302
Fit ibin = 94
Warning: non-zero fit status 3
['HistPdf::sigPhysPass(x,histPass_genmatching,2)', 'HistPdf::sigPhysFail(x,histFail_genmatching,2)', 'RooCBShape::sigResPass(x,meanP[-0.0,-5.0,5.0],sigmaP[1,0.3,10.0],alphaP[2.0,1.2,3.5],nP[3,-5,5])', 'RooCBShape::sigResFail(x,meanF[-0.0,-5.0,5.0],sigmaF[1,0.3,10.0],alphaF[2.0,1.2,3.5],nF[3,-5,5])', 'FCONV::sigPass(x, sigPhysPass , sigResPass)', 'FCONV::sigFail(x, sigPhysFail , sigResFail)', 'Fit sigPass histPass_genmatching', 'Fit sigFail histFail_genmatching', 'SetConstant alphaP nP alphaF nF', 'RooCMSShape::bkgPass(x,acmsP[60.,50.,80.],betaP[0.05,0.01,0.08],gammaP[0.1, -1, 1],peakP[90.0])', 'RooCMSShape::bkgFail(x,acmsF[60.,50.,80.],betaF[0.05,0.01,0.08],gammaF[0.1, -1, 1],peakF[90.0])']
Warning: non-zero fit status 1
Warning: non-zero fit status 303
Ends at  Mon Jun 12 20:32:17 2023
Time took 286.800403118 seconds.
