000 (310997.000.000) 2023-06-12 17:15:41 Job submitted from host: <172.30.1.200:9618?addrs=172.30.1.200-9618&alias=tamsa2.snu.ac.kr&noUDP&sock=schedd_3510_2582>
...
000 (310997.001.000) 2023-06-12 17:15:41 Job submitted from host: <172.30.1.200:9618?addrs=172.30.1.200-9618&alias=tamsa2.snu.ac.kr&noUDP&sock=schedd_3510_2582>
...
000 (310997.002.000) 2023-06-12 17:15:41 Job submitted from host: <172.30.1.200:9618?addrs=172.30.1.200-9618&alias=tamsa2.snu.ac.kr&noUDP&sock=schedd_3510_2582>
...
000 (310997.003.000) 2023-06-12 17:15:41 Job submitted from host: <172.30.1.200:9618?addrs=172.30.1.200-9618&alias=tamsa2.snu.ac.kr&noUDP&sock=schedd_3510_2582>
...
000 (310997.004.000) 2023-06-12 17:15:41 Job submitted from host: <172.30.1.200:9618?addrs=172.30.1.200-9618&alias=tamsa2.snu.ac.kr&noUDP&sock=schedd_3510_2582>
...
000 (310997.005.000) 2023-06-12 17:15:41 Job submitted from host: <172.30.1.200:9618?addrs=172.30.1.200-9618&alias=tamsa2.snu.ac.kr&noUDP&sock=schedd_3510_2582>
...
000 (310997.006.000) 2023-06-12 17:15:41 Job submitted from host: <172.30.1.200:9618?addrs=172.30.1.200-9618&alias=tamsa2.snu.ac.kr&noUDP&sock=schedd_3510_2582>
...
000 (310997.007.000) 2023-06-12 17:15:41 Job submitted from host: <172.30.1.200:9618?addrs=172.30.1.200-9618&alias=tamsa2.snu.ac.kr&noUDP&sock=schedd_3510_2582>
...
000 (310997.008.000) 2023-06-12 17:15:41 Job submitted from host: <172.30.1.200:9618?addrs=172.30.1.200-9618&alias=tamsa2.snu.ac.kr&noUDP&sock=schedd_3510_2582>
...
000 (310997.009.000) 2023-06-12 17:15:41 Job submitted from host: <172.30.1.200:9618?addrs=172.30.1.200-9618&alias=tamsa2.snu.ac.kr&noUDP&sock=schedd_3510_2582>
...
040 (310997.003.000) 2023-06-12 17:15:57 Started transferring input files
	Transferring to host: <172.30.1.109:9618?addrs=172.30.1.109-9618&alias=n9&noUDP&sock=slot1_1_4265_d407_22763>
...
040 (310997.003.000) 2023-06-12 17:15:57 Finished transferring input files
...
040 (310997.004.000) 2023-06-12 17:15:57 Started transferring input files
	Transferring to host: <172.30.1.109:9618?addrs=172.30.1.109-9618&alias=n9&noUDP&sock=slot1_2_4265_d407_22764>
...
040 (310997.004.000) 2023-06-12 17:15:57 Finished transferring input files
...
040 (310997.006.000) 2023-06-12 17:15:57 Started transferring input files
	Transferring to host: <172.30.1.109:9618?addrs=172.30.1.109-9618&alias=n9&noUDP&sock=slot1_5_4265_d407_22765>
...
040 (310997.006.000) 2023-06-12 17:15:57 Finished transferring input files
...
040 (310997.005.000) 2023-06-12 17:15:57 Started transferring input files
	Transferring to host: <172.30.1.109:9618?addrs=172.30.1.109-9618&alias=n9&noUDP&sock=slot1_4_4265_d407_22766>
...
040 (310997.005.000) 2023-06-12 17:15:57 Finished transferring input files
...
040 (310997.007.000) 2023-06-12 17:15:57 Started transferring input files
	Transferring to host: <172.30.1.109:9618?addrs=172.30.1.109-9618&alias=n9&noUDP&sock=slot1_7_4265_d407_22767>
...
040 (310997.007.000) 2023-06-12 17:15:57 Finished transferring input files
...
040 (310997.008.000) 2023-06-12 17:15:57 Started transferring input files
	Transferring to host: <172.30.1.109:9618?addrs=172.30.1.109-9618&alias=n9&noUDP&sock=slot1_8_4265_d407_22768>
...
040 (310997.008.000) 2023-06-12 17:15:57 Finished transferring input files
...
040 (310997.009.000) 2023-06-12 17:15:57 Started transferring input files
	Transferring to host: <172.30.1.109:9618?addrs=172.30.1.109-9618&alias=n9&noUDP&sock=slot1_11_4265_d407_22769>
...
040 (310997.009.000) 2023-06-12 17:15:57 Finished transferring input files
...
040 (310997.000.000) 2023-06-12 17:15:57 Started transferring input files
	Transferring to host: <172.30.1.108:9618?addrs=172.30.1.108-9618&alias=n8&noUDP&sock=slot1_30_4278_fce7_21715>
...
040 (310997.000.000) 2023-06-12 17:15:57 Finished transferring input files
...
040 (310997.001.000) 2023-06-12 17:15:57 Started transferring input files
	Transferring to host: <172.30.1.108:9618?addrs=172.30.1.108-9618&alias=n8&noUDP&sock=slot1_31_4278_fce7_21716>
...
040 (310997.001.000) 2023-06-12 17:15:57 Finished transferring input files
...
040 (310997.002.000) 2023-06-12 17:15:57 Started transferring input files
	Transferring to host: <172.30.1.108:9618?addrs=172.30.1.108-9618&alias=n8&noUDP&sock=slot1_32_4278_fce7_21717>
...
040 (310997.002.000) 2023-06-12 17:15:58 Finished transferring input files
...
001 (310997.003.000) 2023-06-12 17:15:58 Job executing on host: <172.30.1.109:9618?addrs=172.30.1.109-9618&alias=n9&noUDP&sock=startd_4231_b14b>
...
001 (310997.004.000) 2023-06-12 17:15:58 Job executing on host: <172.30.1.109:9618?addrs=172.30.1.109-9618&alias=n9&noUDP&sock=startd_4231_b14b>
...
001 (310997.006.000) 2023-06-12 17:15:58 Job executing on host: <172.30.1.109:9618?addrs=172.30.1.109-9618&alias=n9&noUDP&sock=startd_4231_b14b>
...
001 (310997.005.000) 2023-06-12 17:15:58 Job executing on host: <172.30.1.109:9618?addrs=172.30.1.109-9618&alias=n9&noUDP&sock=startd_4231_b14b>
...
001 (310997.007.000) 2023-06-12 17:15:58 Job executing on host: <172.30.1.109:9618?addrs=172.30.1.109-9618&alias=n9&noUDP&sock=startd_4231_b14b>
...
001 (310997.008.000) 2023-06-12 17:15:58 Job executing on host: <172.30.1.109:9618?addrs=172.30.1.109-9618&alias=n9&noUDP&sock=startd_4231_b14b>
...
001 (310997.009.000) 2023-06-12 17:15:58 Job executing on host: <172.30.1.109:9618?addrs=172.30.1.109-9618&alias=n9&noUDP&sock=startd_4231_b14b>
...
001 (310997.000.000) 2023-06-12 17:15:58 Job executing on host: <172.30.1.108:9618?addrs=172.30.1.108-9618&alias=n8&noUDP&sock=startd_4243_ec6e>
...
001 (310997.001.000) 2023-06-12 17:15:58 Job executing on host: <172.30.1.108:9618?addrs=172.30.1.108-9618&alias=n8&noUDP&sock=startd_4243_ec6e>
...
001 (310997.002.000) 2023-06-12 17:15:59 Job executing on host: <172.30.1.108:9618?addrs=172.30.1.108-9618&alias=n8&noUDP&sock=startd_4243_ec6e>
...
006 (310997.003.000) 2023-06-12 17:16:06 Image size of job updated: 612476
	184  -  MemoryUsage of job (MB)
	188124  -  ResidentSetSize of job (KB)
...
006 (310997.004.000) 2023-06-12 17:16:06 Image size of job updated: 613348
	184  -  MemoryUsage of job (MB)
	188128  -  ResidentSetSize of job (KB)
...
006 (310997.006.000) 2023-06-12 17:16:06 Image size of job updated: 550848
	184  -  MemoryUsage of job (MB)
	188096  -  ResidentSetSize of job (KB)
...
006 (310997.005.000) 2023-06-12 17:16:06 Image size of job updated: 551008
	184  -  MemoryUsage of job (MB)
	188128  -  ResidentSetSize of job (KB)
...
006 (310997.007.000) 2023-06-12 17:16:06 Image size of job updated: 621084
	184  -  MemoryUsage of job (MB)
	188112  -  ResidentSetSize of job (KB)
...
006 (310997.008.000) 2023-06-12 17:16:06 Image size of job updated: 551000
	184  -  MemoryUsage of job (MB)
	187888  -  ResidentSetSize of job (KB)
...
006 (310997.009.000) 2023-06-12 17:16:06 Image size of job updated: 550844
	184  -  MemoryUsage of job (MB)
	188132  -  ResidentSetSize of job (KB)
...
006 (310997.002.000) 2023-06-12 17:16:07 Image size of job updated: 188108
	184  -  MemoryUsage of job (MB)
	188108  -  ResidentSetSize of job (KB)
...
006 (310997.001.000) 2023-06-12 17:16:07 Image size of job updated: 188116
	184  -  MemoryUsage of job (MB)
	188116  -  ResidentSetSize of job (KB)
...
006 (310997.000.000) 2023-06-12 17:16:07 Image size of job updated: 188136
	184  -  MemoryUsage of job (MB)
	188136  -  ResidentSetSize of job (KB)
...
006 (310997.002.000) 2023-06-12 17:17:12 Image size of job updated: 692276
	184  -  MemoryUsage of job (MB)
	188108  -  ResidentSetSize of job (KB)
...
040 (310997.002.000) 2023-06-12 17:17:12 Started transferring output files
...
040 (310997.002.000) 2023-06-12 17:17:12 Finished transferring output files
...
005 (310997.002.000) 2023-06-12 17:17:12 Job terminated.
	(1) Normal termination (return value 0)
		Usr 0 00:01:11, Sys 0 00:00:01  -  Run Remote Usage
		Usr 0 00:00:00, Sys 0 00:00:00  -  Run Local Usage
		Usr 0 00:01:11, Sys 0 00:00:01  -  Total Remote Usage
		Usr 0 00:00:00, Sys 0 00:00:00  -  Total Local Usage
	5843  -  Run Bytes Sent By Job
	147  -  Run Bytes Received By Job
	5843  -  Total Bytes Sent By Job
	147  -  Total Bytes Received By Job
	Partitionable Resources :    Usage  Request Allocated 
	   Cpus                 :                 1         1 
	   Disk (KB)            :       51        1    127899 
	   Memory (MB)          :      184     3900      3968 

	Job terminated of its own accord at 2023-06-12T08:17:12Z.
...
006 (310997.003.000) 2023-06-12 17:17:18 Image size of job updated: 686876
	184  -  MemoryUsage of job (MB)
	188124  -  ResidentSetSize of job (KB)
...
040 (310997.003.000) 2023-06-12 17:17:18 Started transferring output files
...
040 (310997.003.000) 2023-06-12 17:17:18 Finished transferring output files
...
005 (310997.003.000) 2023-06-12 17:17:18 Job terminated.
	(1) Normal termination (return value 0)
		Usr 0 00:01:17, Sys 0 00:00:01  -  Run Remote Usage
		Usr 0 00:00:00, Sys 0 00:00:00  -  Run Local Usage
		Usr 0 00:01:17, Sys 0 00:00:01  -  Total Remote Usage
		Usr 0 00:00:00, Sys 0 00:00:00  -  Total Local Usage
	6868  -  Run Bytes Sent By Job
	147  -  Run Bytes Received By Job
	6868  -  Total Bytes Sent By Job
	147  -  Total Bytes Received By Job
	Partitionable Resources :    Usage  Request Allocated 
	   Cpus                 :                 1         1 
	   Disk (KB)            :       52        1    127899 
	   Memory (MB)          :      184     3900      3968 

	Job terminated of its own accord at 2023-06-12T08:17:18Z.
...
006 (310997.001.000) 2023-06-12 17:17:19 Image size of job updated: 691784
	184  -  MemoryUsage of job (MB)
	188116  -  ResidentSetSize of job (KB)
...
040 (310997.001.000) 2023-06-12 17:17:19 Started transferring output files
...
040 (310997.001.000) 2023-06-12 17:17:19 Finished transferring output files
...
005 (310997.001.000) 2023-06-12 17:17:19 Job terminated.
	(1) Normal termination (return value 0)
		Usr 0 00:01:18, Sys 0 00:00:01  -  Run Remote Usage
		Usr 0 00:00:00, Sys 0 00:00:00  -  Run Local Usage
		Usr 0 00:01:18, Sys 0 00:00:01  -  Total Remote Usage
		Usr 0 00:00:00, Sys 0 00:00:00  -  Total Local Usage
	6146  -  Run Bytes Sent By Job
	147  -  Run Bytes Received By Job
	6146  -  Total Bytes Sent By Job
	147  -  Total Bytes Received By Job
	Partitionable Resources :    Usage  Request Allocated 
	   Cpus                 :                 1         1 
	   Disk (KB)            :       51        1    127899 
	   Memory (MB)          :      184     3900      3968 

	Job terminated of its own accord at 2023-06-12T08:17:19Z.
...
006 (310997.004.000) 2023-06-12 17:17:22 Image size of job updated: 689968
	184  -  MemoryUsage of job (MB)
	188128  -  ResidentSetSize of job (KB)
...
040 (310997.004.000) 2023-06-12 17:17:22 Started transferring output files
...
040 (310997.004.000) 2023-06-12 17:17:22 Finished transferring output files
...
005 (310997.004.000) 2023-06-12 17:17:22 Job terminated.
	(1) Normal termination (return value 0)
		Usr 0 00:01:21, Sys 0 00:00:01  -  Run Remote Usage
		Usr 0 00:00:00, Sys 0 00:00:00  -  Run Local Usage
		Usr 0 00:01:21, Sys 0 00:00:01  -  Total Remote Usage
		Usr 0 00:00:00, Sys 0 00:00:00  -  Total Local Usage
	6595  -  Run Bytes Sent By Job
	147  -  Run Bytes Received By Job
	6595  -  Total Bytes Sent By Job
	147  -  Total Bytes Received By Job
	Partitionable Resources :    Usage  Request Allocated 
	   Cpus                 :                 1         1 
	   Disk (KB)            :       51        1    127899 
	   Memory (MB)          :      184     3900      3968 

	Job terminated of its own accord at 2023-06-12T08:17:22Z.
...
006 (310997.009.000) 2023-06-12 17:17:28 Image size of job updated: 691796
	184  -  MemoryUsage of job (MB)
	188132  -  ResidentSetSize of job (KB)
...
040 (310997.009.000) 2023-06-12 17:17:28 Started transferring output files
...
040 (310997.009.000) 2023-06-12 17:17:28 Finished transferring output files
...
005 (310997.009.000) 2023-06-12 17:17:28 Job terminated.
	(1) Normal termination (return value 0)
		Usr 0 00:01:28, Sys 0 00:00:01  -  Run Remote Usage
		Usr 0 00:00:00, Sys 0 00:00:00  -  Run Local Usage
		Usr 0 00:01:28, Sys 0 00:00:01  -  Total Remote Usage
		Usr 0 00:00:00, Sys 0 00:00:00  -  Total Local Usage
	6650  -  Run Bytes Sent By Job
	147  -  Run Bytes Received By Job
	6650  -  Total Bytes Sent By Job
	147  -  Total Bytes Received By Job
	Partitionable Resources :    Usage  Request Allocated 
	   Cpus                 :                 1         1 
	   Disk (KB)            :       51        1    127899 
	   Memory (MB)          :      184     3900      3968 

	Job terminated of its own accord at 2023-06-12T08:17:28Z.
...
006 (310997.008.000) 2023-06-12 17:17:35 Image size of job updated: 691872
	184  -  MemoryUsage of job (MB)
	187888  -  ResidentSetSize of job (KB)
...
040 (310997.008.000) 2023-06-12 17:17:35 Started transferring output files
...
040 (310997.008.000) 2023-06-12 17:17:35 Finished transferring output files
...
005 (310997.008.000) 2023-06-12 17:17:35 Job terminated.
	(1) Normal termination (return value 0)
		Usr 0 00:01:35, Sys 0 00:00:01  -  Run Remote Usage
		Usr 0 00:00:00, Sys 0 00:00:00  -  Run Local Usage
		Usr 0 00:01:35, Sys 0 00:00:01  -  Total Remote Usage
		Usr 0 00:00:00, Sys 0 00:00:00  -  Total Local Usage
	6621  -  Run Bytes Sent By Job
	147  -  Run Bytes Received By Job
	6621  -  Total Bytes Sent By Job
	147  -  Total Bytes Received By Job
	Partitionable Resources :    Usage  Request Allocated 
	   Cpus                 :                 1         1 
	   Disk (KB)            :       51        1    127899 
	   Memory (MB)          :      184     3900      3968 

	Job terminated of its own accord at 2023-06-12T08:17:35Z.
...
006 (310997.006.000) 2023-06-12 17:17:42 Image size of job updated: 691804
	184  -  MemoryUsage of job (MB)
	188096  -  ResidentSetSize of job (KB)
...
040 (310997.006.000) 2023-06-12 17:17:42 Started transferring output files
...
040 (310997.006.000) 2023-06-12 17:17:42 Finished transferring output files
...
005 (310997.006.000) 2023-06-12 17:17:42 Job terminated.
	(1) Normal termination (return value 0)
		Usr 0 00:01:42, Sys 0 00:00:01  -  Run Remote Usage
		Usr 0 00:00:00, Sys 0 00:00:00  -  Run Local Usage
		Usr 0 00:01:42, Sys 0 00:00:01  -  Total Remote Usage
		Usr 0 00:00:00, Sys 0 00:00:00  -  Total Local Usage
	6103  -  Run Bytes Sent By Job
	147  -  Run Bytes Received By Job
	6103  -  Total Bytes Sent By Job
	147  -  Total Bytes Received By Job
	Partitionable Resources :    Usage  Request Allocated 
	   Cpus                 :                 1         1 
	   Disk (KB)            :       51        1    127899 
	   Memory (MB)          :      184     3900      3968 

	Job terminated of its own accord at 2023-06-12T08:17:42Z.
...
006 (310997.005.000) 2023-06-12 17:17:44 Image size of job updated: 689968
	184  -  MemoryUsage of job (MB)
	188128  -  ResidentSetSize of job (KB)
...
040 (310997.005.000) 2023-06-12 17:17:44 Started transferring output files
...
040 (310997.005.000) 2023-06-12 17:17:44 Finished transferring output files
...
005 (310997.005.000) 2023-06-12 17:17:44 Job terminated.
	(1) Normal termination (return value 0)
		Usr 0 00:01:43, Sys 0 00:00:01  -  Run Remote Usage
		Usr 0 00:00:00, Sys 0 00:00:00  -  Run Local Usage
		Usr 0 00:01:43, Sys 0 00:00:01  -  Total Remote Usage
		Usr 0 00:00:00, Sys 0 00:00:00  -  Total Local Usage
	6584  -  Run Bytes Sent By Job
	147  -  Run Bytes Received By Job
	6584  -  Total Bytes Sent By Job
	147  -  Total Bytes Received By Job
	Partitionable Resources :    Usage  Request Allocated 
	   Cpus                 :                 1         1 
	   Disk (KB)            :       51        1    127899 
	   Memory (MB)          :      184     3900      3968 

	Job terminated of its own accord at 2023-06-12T08:17:44Z.
...
006 (310997.007.000) 2023-06-12 17:17:47 Image size of job updated: 688044
	184  -  MemoryUsage of job (MB)
	188112  -  ResidentSetSize of job (KB)
...
040 (310997.007.000) 2023-06-12 17:17:47 Started transferring output files
...
040 (310997.007.000) 2023-06-12 17:17:47 Finished transferring output files
...
005 (310997.007.000) 2023-06-12 17:17:47 Job terminated.
	(1) Normal termination (return value 0)
		Usr 0 00:01:47, Sys 0 00:00:01  -  Run Remote Usage
		Usr 0 00:00:00, Sys 0 00:00:00  -  Run Local Usage
		Usr 0 00:01:47, Sys 0 00:00:01  -  Total Remote Usage
		Usr 0 00:00:00, Sys 0 00:00:00  -  Total Local Usage
	5653  -  Run Bytes Sent By Job
	147  -  Run Bytes Received By Job
	5653  -  Total Bytes Sent By Job
	147  -  Total Bytes Received By Job
	Partitionable Resources :    Usage  Request Allocated 
	   Cpus                 :                 1         1 
	   Disk (KB)            :       50        1    127899 
	   Memory (MB)          :      184     3900      3968 

	Job terminated of its own accord at 2023-06-12T08:17:47Z.
...
006 (310997.000.000) 2023-06-12 17:17:49 Image size of job updated: 691800
	184  -  MemoryUsage of job (MB)
	188136  -  ResidentSetSize of job (KB)
...
040 (310997.000.000) 2023-06-12 17:17:49 Started transferring output files
...
040 (310997.000.000) 2023-06-12 17:17:49 Finished transferring output files
...
005 (310997.000.000) 2023-06-12 17:17:49 Job terminated.
	(1) Normal termination (return value 0)
		Usr 0 00:01:48, Sys 0 00:00:01  -  Run Remote Usage
		Usr 0 00:00:00, Sys 0 00:00:00  -  Run Local Usage
		Usr 0 00:01:48, Sys 0 00:00:01  -  Total Remote Usage
		Usr 0 00:00:00, Sys 0 00:00:00  -  Total Local Usage
	7261  -  Run Bytes Sent By Job
	147  -  Run Bytes Received By Job
	7261  -  Total Bytes Sent By Job
	147  -  Total Bytes Received By Job
	Partitionable Resources :    Usage  Request Allocated 
	   Cpus                 :                 1         1 
	   Disk (KB)            :       52        1    127899 
	   Memory (MB)          :      184     3900      3968 

	Job terminated of its own accord at 2023-06-12T08:17:49Z.
...
