000 (310960.000.000) 2023-06-12 16:55:19 Job submitted from host: <172.30.1.200:9618?addrs=172.30.1.200-9618&alias=tamsa2.snu.ac.kr&noUDP&sock=schedd_3510_2582>
...
000 (310960.001.000) 2023-06-12 16:55:19 Job submitted from host: <172.30.1.200:9618?addrs=172.30.1.200-9618&alias=tamsa2.snu.ac.kr&noUDP&sock=schedd_3510_2582>
...
000 (310960.002.000) 2023-06-12 16:55:19 Job submitted from host: <172.30.1.200:9618?addrs=172.30.1.200-9618&alias=tamsa2.snu.ac.kr&noUDP&sock=schedd_3510_2582>
...
000 (310960.003.000) 2023-06-12 16:55:19 Job submitted from host: <172.30.1.200:9618?addrs=172.30.1.200-9618&alias=tamsa2.snu.ac.kr&noUDP&sock=schedd_3510_2582>
...
000 (310960.004.000) 2023-06-12 16:55:19 Job submitted from host: <172.30.1.200:9618?addrs=172.30.1.200-9618&alias=tamsa2.snu.ac.kr&noUDP&sock=schedd_3510_2582>
...
000 (310960.005.000) 2023-06-12 16:55:19 Job submitted from host: <172.30.1.200:9618?addrs=172.30.1.200-9618&alias=tamsa2.snu.ac.kr&noUDP&sock=schedd_3510_2582>
...
000 (310960.006.000) 2023-06-12 16:55:19 Job submitted from host: <172.30.1.200:9618?addrs=172.30.1.200-9618&alias=tamsa2.snu.ac.kr&noUDP&sock=schedd_3510_2582>
...
000 (310960.007.000) 2023-06-12 16:55:19 Job submitted from host: <172.30.1.200:9618?addrs=172.30.1.200-9618&alias=tamsa2.snu.ac.kr&noUDP&sock=schedd_3510_2582>
...
000 (310960.008.000) 2023-06-12 16:55:19 Job submitted from host: <172.30.1.200:9618?addrs=172.30.1.200-9618&alias=tamsa2.snu.ac.kr&noUDP&sock=schedd_3510_2582>
...
000 (310960.009.000) 2023-06-12 16:55:19 Job submitted from host: <172.30.1.200:9618?addrs=172.30.1.200-9618&alias=tamsa2.snu.ac.kr&noUDP&sock=schedd_3510_2582>
...
001 (310960.001.000) 2023-06-12 16:55:34 Job executing on host: <172.30.1.202:9618?addrs=172.30.1.202-9618&alias=node2&noUDP&sock=startd_19693_56a6>
...
001 (310960.000.000) 2023-06-12 16:55:34 Job executing on host: <172.30.1.208:9618?addrs=172.30.1.208-9618&alias=node8&noUDP&sock=startd_3802_6f2a>
...
040 (310960.006.000) 2023-06-12 16:55:34 Started transferring input files
	Transferring to host: <172.30.1.110:9618?addrs=172.30.1.110-9618&alias=n10&noUDP&sock=slot1_2_4288_08a7_22274>
...
040 (310960.006.000) 2023-06-12 16:55:34 Finished transferring input files
...
040 (310960.008.000) 2023-06-12 16:55:34 Started transferring input files
	Transferring to host: <172.30.1.107:9618?addrs=172.30.1.107-9618&alias=n7&noUDP&sock=slot1_44_4258_e566_16183>
...
040 (310960.008.000) 2023-06-12 16:55:34 Finished transferring input files
...
040 (310960.007.000) 2023-06-12 16:55:34 Started transferring input files
	Transferring to host: <172.30.1.110:9618?addrs=172.30.1.110-9618&alias=n10&noUDP&sock=slot1_39_4288_08a7_22275>
...
040 (310960.007.000) 2023-06-12 16:55:34 Finished transferring input files
...
001 (310960.002.000) 2023-06-12 16:55:34 Job executing on host: <172.30.1.202:9618?addrs=172.30.1.202-9618&alias=node2&noUDP&sock=startd_19693_56a6>
...
040 (310960.009.000) 2023-06-12 16:55:34 Started transferring input files
	Transferring to host: <172.30.1.102:9618?addrs=172.30.1.102-9618&alias=n2&noUDP&sock=slot1_4_3347_03a1_18517>
...
040 (310960.009.000) 2023-06-12 16:55:34 Finished transferring input files
...
001 (310960.003.000) 2023-06-12 16:55:34 Job executing on host: <172.30.1.202:9618?addrs=172.30.1.202-9618&alias=node2&noUDP&sock=startd_19693_56a6>
...
001 (310960.004.000) 2023-06-12 16:55:34 Job executing on host: <172.30.1.202:9618?addrs=172.30.1.202-9618&alias=node2&noUDP&sock=startd_19693_56a6>
...
001 (310960.005.000) 2023-06-12 16:55:34 Job executing on host: <172.30.1.202:9618?addrs=172.30.1.202-9618&alias=node2&noUDP&sock=startd_19693_56a6>
...
001 (310960.006.000) 2023-06-12 16:55:35 Job executing on host: <172.30.1.110:9618?addrs=172.30.1.110-9618&alias=n10&noUDP&sock=startd_4254_77f9>
...
001 (310960.008.000) 2023-06-12 16:55:35 Job executing on host: <172.30.1.107:9618?addrs=172.30.1.107-9618&alias=n7&noUDP&sock=startd_4224_e421>
...
001 (310960.007.000) 2023-06-12 16:55:35 Job executing on host: <172.30.1.110:9618?addrs=172.30.1.110-9618&alias=n10&noUDP&sock=startd_4254_77f9>
...
001 (310960.009.000) 2023-06-12 16:55:35 Job executing on host: <172.30.1.102:9618?addrs=172.30.1.102-9618&alias=n2&noUDP&sock=startd_3313_055a>
...
006 (310960.000.000) 2023-06-12 16:55:42 Image size of job updated: 498916
	163  -  MemoryUsage of job (MB)
	166720  -  ResidentSetSize of job (KB)
...
006 (310960.001.000) 2023-06-12 16:55:42 Image size of job updated: 187224
	183  -  MemoryUsage of job (MB)
	187224  -  ResidentSetSize of job (KB)
...
006 (310960.002.000) 2023-06-12 16:55:42 Image size of job updated: 187488
	184  -  MemoryUsage of job (MB)
	187488  -  ResidentSetSize of job (KB)
...
006 (310960.006.000) 2023-06-12 16:55:43 Image size of job updated: 187700
	184  -  MemoryUsage of job (MB)
	187620  -  ResidentSetSize of job (KB)
...
006 (310960.008.000) 2023-06-12 16:55:43 Image size of job updated: 189568
	186  -  MemoryUsage of job (MB)
	189568  -  ResidentSetSize of job (KB)
...
006 (310960.007.000) 2023-06-12 16:55:43 Image size of job updated: 646776
	184  -  MemoryUsage of job (MB)
	187476  -  ResidentSetSize of job (KB)
...
006 (310960.009.000) 2023-06-12 16:55:43 Image size of job updated: 113708
	112  -  MemoryUsage of job (MB)
	113708  -  ResidentSetSize of job (KB)
...
006 (310960.003.000) 2023-06-12 16:55:43 Image size of job updated: 646784
	184  -  MemoryUsage of job (MB)
	187524  -  ResidentSetSize of job (KB)
...
006 (310960.004.000) 2023-06-12 16:55:43 Image size of job updated: 646788
	184  -  MemoryUsage of job (MB)
	187556  -  ResidentSetSize of job (KB)
...
006 (310960.005.000) 2023-06-12 16:55:43 Image size of job updated: 646788
	184  -  MemoryUsage of job (MB)
	187560  -  ResidentSetSize of job (KB)
...
006 (310960.008.000) 2023-06-12 16:55:55 Image size of job updated: 686276
	186  -  MemoryUsage of job (MB)
	189572  -  ResidentSetSize of job (KB)
...
040 (310960.008.000) 2023-06-12 16:55:55 Started transferring output files
...
040 (310960.008.000) 2023-06-12 16:55:55 Finished transferring output files
...
005 (310960.008.000) 2023-06-12 16:55:55 Job terminated.
	(1) Normal termination (return value 0)
		Usr 0 00:00:16, Sys 0 00:00:01  -  Run Remote Usage
		Usr 0 00:00:00, Sys 0 00:00:00  -  Run Local Usage
		Usr 0 00:00:16, Sys 0 00:00:01  -  Total Remote Usage
		Usr 0 00:00:00, Sys 0 00:00:00  -  Total Local Usage
	3818  -  Run Bytes Sent By Job
	148  -  Run Bytes Received By Job
	3818  -  Total Bytes Sent By Job
	148  -  Total Bytes Received By Job
	Partitionable Resources :    Usage  Request Allocated 
	   Cpus                 :                 1         1 
	   Disk (KB)            :       49        1    127899 
	   Memory (MB)          :      186     3900      3968 

	Job terminated of its own accord at 2023-06-12T07:55:55Z.
...
006 (310960.007.000) 2023-06-12 16:55:56 Image size of job updated: 688780
	184  -  MemoryUsage of job (MB)
	187476  -  ResidentSetSize of job (KB)
...
040 (310960.007.000) 2023-06-12 16:55:57 Started transferring output files
...
040 (310960.007.000) 2023-06-12 16:55:57 Finished transferring output files
...
005 (310960.007.000) 2023-06-12 16:55:57 Job terminated.
	(1) Normal termination (return value 0)
		Usr 0 00:00:18, Sys 0 00:00:01  -  Run Remote Usage
		Usr 0 00:00:00, Sys 0 00:00:00  -  Run Local Usage
		Usr 0 00:00:18, Sys 0 00:00:01  -  Total Remote Usage
		Usr 0 00:00:00, Sys 0 00:00:00  -  Total Local Usage
	4211  -  Run Bytes Sent By Job
	148  -  Run Bytes Received By Job
	4211  -  Total Bytes Sent By Job
	148  -  Total Bytes Received By Job
	Partitionable Resources :    Usage  Request Allocated 
	   Cpus                 :                 1         1 
	   Disk (KB)            :       49        1    127899 
	   Memory (MB)          :      184     3900      3968 

	Job terminated of its own accord at 2023-06-12T07:55:56Z.
...
006 (310960.001.000) 2023-06-12 16:55:57 Image size of job updated: 686432
	183  -  MemoryUsage of job (MB)
	187224  -  ResidentSetSize of job (KB)
...
005 (310960.001.000) 2023-06-12 16:55:57 Job terminated.
	(1) Normal termination (return value 0)
		Usr 0 00:00:18, Sys 0 00:00:01  -  Run Remote Usage
		Usr 0 00:00:00, Sys 0 00:00:00  -  Run Local Usage
		Usr 0 00:00:18, Sys 0 00:00:01  -  Total Remote Usage
		Usr 0 00:00:00, Sys 0 00:00:00  -  Total Local Usage
	0  -  Run Bytes Sent By Job
	0  -  Run Bytes Received By Job
	0  -  Total Bytes Sent By Job
	0  -  Total Bytes Received By Job
	Partitionable Resources :    Usage  Request Allocated 
	   Cpus                 :                 1         1 
	   Disk (KB)            :        1        1    128913 
	   Memory (MB)          :      183     3900      3968 

	Job terminated of its own accord at 2023-06-12T07:55:57Z.
...
006 (310960.003.000) 2023-06-12 16:55:58 Image size of job updated: 688856
	184  -  MemoryUsage of job (MB)
	187524  -  ResidentSetSize of job (KB)
...
005 (310960.003.000) 2023-06-12 16:55:58 Job terminated.
	(1) Normal termination (return value 0)
		Usr 0 00:00:20, Sys 0 00:00:01  -  Run Remote Usage
		Usr 0 00:00:00, Sys 0 00:00:00  -  Run Local Usage
		Usr 0 00:00:20, Sys 0 00:00:01  -  Total Remote Usage
		Usr 0 00:00:00, Sys 0 00:00:00  -  Total Local Usage
	0  -  Run Bytes Sent By Job
	0  -  Run Bytes Received By Job
	0  -  Total Bytes Sent By Job
	0  -  Total Bytes Received By Job
	Partitionable Resources :    Usage  Request Allocated 
	   Cpus                 :                 1         1 
	   Disk (KB)            :        1        1    128913 
	   Memory (MB)          :      184     3900      3968 

	Job terminated of its own accord at 2023-06-12T07:55:58Z.
...
006 (310960.005.000) 2023-06-12 16:56:00 Image size of job updated: 686300
	184  -  MemoryUsage of job (MB)
	187560  -  ResidentSetSize of job (KB)
...
005 (310960.005.000) 2023-06-12 16:56:01 Job terminated.
	(1) Normal termination (return value 0)
		Usr 0 00:00:22, Sys 0 00:00:01  -  Run Remote Usage
		Usr 0 00:00:00, Sys 0 00:00:00  -  Run Local Usage
		Usr 0 00:00:22, Sys 0 00:00:01  -  Total Remote Usage
		Usr 0 00:00:00, Sys 0 00:00:00  -  Total Local Usage
	0  -  Run Bytes Sent By Job
	0  -  Run Bytes Received By Job
	0  -  Total Bytes Sent By Job
	0  -  Total Bytes Received By Job
	Partitionable Resources :    Usage  Request Allocated 
	   Cpus                 :                 1         1 
	   Disk (KB)            :        1        1    128913 
	   Memory (MB)          :      184     3900      3968 

	Job terminated of its own accord at 2023-06-12T07:56:00Z.
...
006 (310960.006.000) 2023-06-12 16:56:02 Image size of job updated: 685984
	184  -  MemoryUsage of job (MB)
	187620  -  ResidentSetSize of job (KB)
...
040 (310960.006.000) 2023-06-12 16:56:02 Started transferring output files
...
040 (310960.006.000) 2023-06-12 16:56:02 Finished transferring output files
...
005 (310960.006.000) 2023-06-12 16:56:02 Job terminated.
	(1) Normal termination (return value 0)
		Usr 0 00:00:24, Sys 0 00:00:01  -  Run Remote Usage
		Usr 0 00:00:00, Sys 0 00:00:00  -  Run Local Usage
		Usr 0 00:00:24, Sys 0 00:00:01  -  Total Remote Usage
		Usr 0 00:00:00, Sys 0 00:00:00  -  Total Local Usage
	4001  -  Run Bytes Sent By Job
	148  -  Run Bytes Received By Job
	4001  -  Total Bytes Sent By Job
	148  -  Total Bytes Received By Job
	Partitionable Resources :    Usage  Request Allocated 
	   Cpus                 :                 1         1 
	   Disk (KB)            :       49        1    127899 
	   Memory (MB)          :      184     3900      3968 

	Job terminated of its own accord at 2023-06-12T07:56:02Z.
...
006 (310960.004.000) 2023-06-12 16:56:02 Image size of job updated: 686240
	184  -  MemoryUsage of job (MB)
	187556  -  ResidentSetSize of job (KB)
...
006 (310960.000.000) 2023-06-12 16:56:02 Image size of job updated: 686416
	163  -  MemoryUsage of job (MB)
	166720  -  ResidentSetSize of job (KB)
...
005 (310960.004.000) 2023-06-12 16:56:02 Job terminated.
	(1) Normal termination (return value 0)
		Usr 0 00:00:23, Sys 0 00:00:01  -  Run Remote Usage
		Usr 0 00:00:00, Sys 0 00:00:00  -  Run Local Usage
		Usr 0 00:00:23, Sys 0 00:00:01  -  Total Remote Usage
		Usr 0 00:00:00, Sys 0 00:00:00  -  Total Local Usage
	0  -  Run Bytes Sent By Job
	0  -  Run Bytes Received By Job
	0  -  Total Bytes Sent By Job
	0  -  Total Bytes Received By Job
	Partitionable Resources :    Usage  Request Allocated 
	   Cpus                 :                 1         1 
	   Disk (KB)            :        1        1    128913 
	   Memory (MB)          :      184     3900      3968 

	Job terminated of its own accord at 2023-06-12T07:56:02Z.
...
005 (310960.000.000) 2023-06-12 16:56:02 Job terminated.
	(1) Normal termination (return value 0)
		Usr 0 00:00:20, Sys 0 00:00:01  -  Run Remote Usage
		Usr 0 00:00:00, Sys 0 00:00:00  -  Run Local Usage
		Usr 0 00:00:20, Sys 0 00:00:01  -  Total Remote Usage
		Usr 0 00:00:00, Sys 0 00:00:00  -  Total Local Usage
	0  -  Run Bytes Sent By Job
	0  -  Run Bytes Received By Job
	0  -  Total Bytes Sent By Job
	0  -  Total Bytes Received By Job
	Partitionable Resources :    Usage  Request Allocated 
	   Cpus                 :                 1         1 
	   Disk (KB)            :        1        1    128928 
	   Memory (MB)          :      163     3900      3968 

	Job terminated of its own accord at 2023-06-12T07:56:02Z.
...
006 (310960.002.000) 2023-06-12 16:56:08 Image size of job updated: 686452
	184  -  MemoryUsage of job (MB)
	187488  -  ResidentSetSize of job (KB)
...
005 (310960.002.000) 2023-06-12 16:56:08 Job terminated.
	(1) Normal termination (return value 0)
		Usr 0 00:00:29, Sys 0 00:00:01  -  Run Remote Usage
		Usr 0 00:00:00, Sys 0 00:00:00  -  Run Local Usage
		Usr 0 00:00:29, Sys 0 00:00:01  -  Total Remote Usage
		Usr 0 00:00:00, Sys 0 00:00:00  -  Total Local Usage
	0  -  Run Bytes Sent By Job
	0  -  Run Bytes Received By Job
	0  -  Total Bytes Sent By Job
	0  -  Total Bytes Received By Job
	Partitionable Resources :    Usage  Request Allocated 
	   Cpus                 :                 1         1 
	   Disk (KB)            :        1        1    128913 
	   Memory (MB)          :      184     3900      3968 

	Job terminated of its own accord at 2023-06-12T07:56:08Z.
...
006 (310960.009.000) 2023-06-12 16:56:15 Image size of job updated: 686588
	112  -  MemoryUsage of job (MB)
	113708  -  ResidentSetSize of job (KB)
...
040 (310960.009.000) 2023-06-12 16:56:15 Started transferring output files
...
040 (310960.009.000) 2023-06-12 16:56:15 Finished transferring output files
...
005 (310960.009.000) 2023-06-12 16:56:15 Job terminated.
	(1) Normal termination (return value 0)
		Usr 0 00:00:29, Sys 0 00:00:03  -  Run Remote Usage
		Usr 0 00:00:00, Sys 0 00:00:00  -  Run Local Usage
		Usr 0 00:00:29, Sys 0 00:00:03  -  Total Remote Usage
		Usr 0 00:00:00, Sys 0 00:00:00  -  Total Local Usage
	3880  -  Run Bytes Sent By Job
	148  -  Run Bytes Received By Job
	3880  -  Total Bytes Sent By Job
	148  -  Total Bytes Received By Job
	Partitionable Resources :    Usage  Request Allocated 
	   Cpus                 :     0.99        1         1 
	   Disk (KB)            :    54           1    123869 
	   Memory (MB)          :   112        3900      3968 

	Job terminated of its own accord at 2023-06-12T07:56:15Z.
...
