000 (311133.000.000) 2023-06-12 19:37:32 Job submitted from host: <172.30.1.200:9618?addrs=172.30.1.200-9618&alias=tamsa2.snu.ac.kr&noUDP&sock=schedd_3510_2582>
...
000 (311133.001.000) 2023-06-12 19:37:32 Job submitted from host: <172.30.1.200:9618?addrs=172.30.1.200-9618&alias=tamsa2.snu.ac.kr&noUDP&sock=schedd_3510_2582>
...
000 (311133.002.000) 2023-06-12 19:37:32 Job submitted from host: <172.30.1.200:9618?addrs=172.30.1.200-9618&alias=tamsa2.snu.ac.kr&noUDP&sock=schedd_3510_2582>
...
000 (311133.003.000) 2023-06-12 19:37:32 Job submitted from host: <172.30.1.200:9618?addrs=172.30.1.200-9618&alias=tamsa2.snu.ac.kr&noUDP&sock=schedd_3510_2582>
...
000 (311133.004.000) 2023-06-12 19:37:32 Job submitted from host: <172.30.1.200:9618?addrs=172.30.1.200-9618&alias=tamsa2.snu.ac.kr&noUDP&sock=schedd_3510_2582>
...
000 (311133.005.000) 2023-06-12 19:37:32 Job submitted from host: <172.30.1.200:9618?addrs=172.30.1.200-9618&alias=tamsa2.snu.ac.kr&noUDP&sock=schedd_3510_2582>
...
000 (311133.006.000) 2023-06-12 19:37:32 Job submitted from host: <172.30.1.200:9618?addrs=172.30.1.200-9618&alias=tamsa2.snu.ac.kr&noUDP&sock=schedd_3510_2582>
...
000 (311133.007.000) 2023-06-12 19:37:32 Job submitted from host: <172.30.1.200:9618?addrs=172.30.1.200-9618&alias=tamsa2.snu.ac.kr&noUDP&sock=schedd_3510_2582>
...
000 (311133.008.000) 2023-06-12 19:37:32 Job submitted from host: <172.30.1.200:9618?addrs=172.30.1.200-9618&alias=tamsa2.snu.ac.kr&noUDP&sock=schedd_3510_2582>
...
000 (311133.009.000) 2023-06-12 19:37:32 Job submitted from host: <172.30.1.200:9618?addrs=172.30.1.200-9618&alias=tamsa2.snu.ac.kr&noUDP&sock=schedd_3510_2582>
...
040 (311133.001.000) 2023-06-12 19:37:36 Started transferring input files
	Transferring to host: <172.30.1.110:9618?addrs=172.30.1.110-9618&alias=n10&noUDP&sock=slot1_40_4288_08a7_22837>
...
040 (311133.001.000) 2023-06-12 19:37:36 Finished transferring input files
...
040 (311133.000.000) 2023-06-12 19:37:36 Started transferring input files
	Transferring to host: <172.30.1.108:9618?addrs=172.30.1.108-9618&alias=n8&noUDP&sock=slot1_29_4278_fce7_22259>
...
040 (311133.002.000) 2023-06-12 19:37:36 Started transferring input files
	Transferring to host: <172.30.1.107:9618?addrs=172.30.1.107-9618&alias=n7&noUDP&sock=slot1_33_4258_e566_16860>
...
040 (311133.000.000) 2023-06-12 19:37:36 Finished transferring input files
...
040 (311133.002.000) 2023-06-12 19:37:36 Finished transferring input files
...
040 (311133.003.000) 2023-06-12 19:37:36 Started transferring input files
	Transferring to host: <172.30.1.102:9618?addrs=172.30.1.102-9618&alias=n2&noUDP&sock=slot1_7_3347_03a1_18956>
...
040 (311133.003.000) 2023-06-12 19:37:36 Finished transferring input files
...
040 (311133.004.000) 2023-06-12 19:37:36 Started transferring input files
	Transferring to host: <172.30.1.102:9618?addrs=172.30.1.102-9618&alias=n2&noUDP&sock=slot1_10_3347_03a1_18957>
...
040 (311133.004.000) 2023-06-12 19:37:36 Finished transferring input files
...
040 (311133.005.000) 2023-06-12 19:37:36 Started transferring input files
	Transferring to host: <172.30.1.102:9618?addrs=172.30.1.102-9618&alias=n2&noUDP&sock=slot1_28_3347_03a1_18958>
...
040 (311133.005.000) 2023-06-12 19:37:36 Finished transferring input files
...
040 (311133.006.000) 2023-06-12 19:37:37 Started transferring input files
	Transferring to host: <172.30.1.102:9618?addrs=172.30.1.102-9618&alias=n2&noUDP&sock=slot1_35_3347_03a1_18959>
...
040 (311133.006.000) 2023-06-12 19:37:37 Finished transferring input files
...
040 (311133.007.000) 2023-06-12 19:37:37 Started transferring input files
	Transferring to host: <172.30.1.102:9618?addrs=172.30.1.102-9618&alias=n2&noUDP&sock=slot1_50_3347_03a1_18960>
...
040 (311133.007.000) 2023-06-12 19:37:37 Finished transferring input files
...
040 (311133.008.000) 2023-06-12 19:37:37 Started transferring input files
	Transferring to host: <172.30.1.102:9618?addrs=172.30.1.102-9618&alias=n2&noUDP&sock=slot1_51_3347_03a1_18961>
...
040 (311133.008.000) 2023-06-12 19:37:37 Finished transferring input files
...
040 (311133.009.000) 2023-06-12 19:37:37 Started transferring input files
	Transferring to host: <172.30.1.102:9618?addrs=172.30.1.102-9618&alias=n2&noUDP&sock=slot1_56_3347_03a1_18962>
...
040 (311133.009.000) 2023-06-12 19:37:37 Finished transferring input files
...
001 (311133.001.000) 2023-06-12 19:37:37 Job executing on host: <172.30.1.110:9618?addrs=172.30.1.110-9618&alias=n10&noUDP&sock=startd_4254_77f9>
...
001 (311133.002.000) 2023-06-12 19:37:37 Job executing on host: <172.30.1.107:9618?addrs=172.30.1.107-9618&alias=n7&noUDP&sock=startd_4224_e421>
...
001 (311133.000.000) 2023-06-12 19:37:37 Job executing on host: <172.30.1.108:9618?addrs=172.30.1.108-9618&alias=n8&noUDP&sock=startd_4243_ec6e>
...
001 (311133.003.000) 2023-06-12 19:37:37 Job executing on host: <172.30.1.102:9618?addrs=172.30.1.102-9618&alias=n2&noUDP&sock=startd_3313_055a>
...
001 (311133.004.000) 2023-06-12 19:37:37 Job executing on host: <172.30.1.102:9618?addrs=172.30.1.102-9618&alias=n2&noUDP&sock=startd_3313_055a>
...
001 (311133.005.000) 2023-06-12 19:37:37 Job executing on host: <172.30.1.102:9618?addrs=172.30.1.102-9618&alias=n2&noUDP&sock=startd_3313_055a>
...
001 (311133.006.000) 2023-06-12 19:37:38 Job executing on host: <172.30.1.102:9618?addrs=172.30.1.102-9618&alias=n2&noUDP&sock=startd_3313_055a>
...
001 (311133.007.000) 2023-06-12 19:37:38 Job executing on host: <172.30.1.102:9618?addrs=172.30.1.102-9618&alias=n2&noUDP&sock=startd_3313_055a>
...
001 (311133.008.000) 2023-06-12 19:37:38 Job executing on host: <172.30.1.102:9618?addrs=172.30.1.102-9618&alias=n2&noUDP&sock=startd_3313_055a>
...
001 (311133.009.000) 2023-06-12 19:37:38 Job executing on host: <172.30.1.102:9618?addrs=172.30.1.102-9618&alias=n2&noUDP&sock=startd_3313_055a>
...
006 (311133.005.000) 2023-06-12 19:37:46 Image size of job updated: 395988
	118  -  MemoryUsage of job (MB)
	120124  -  ResidentSetSize of job (KB)
...
006 (311133.006.000) 2023-06-12 19:37:46 Image size of job updated: 398976
	118  -  MemoryUsage of job (MB)
	120608  -  ResidentSetSize of job (KB)
...
006 (311133.007.000) 2023-06-12 19:37:46 Image size of job updated: 399144
	120  -  MemoryUsage of job (MB)
	122576  -  ResidentSetSize of job (KB)
...
006 (311133.008.000) 2023-06-12 19:37:46 Image size of job updated: 398816
	121  -  MemoryUsage of job (MB)
	122916  -  ResidentSetSize of job (KB)
...
006 (311133.009.000) 2023-06-12 19:37:46 Image size of job updated: 399112
	121  -  MemoryUsage of job (MB)
	123280  -  ResidentSetSize of job (KB)
...
006 (311133.001.000) 2023-06-12 19:37:46 Image size of job updated: 218232
	184  -  MemoryUsage of job (MB)
	187836  -  ResidentSetSize of job (KB)
...
006 (311133.002.000) 2023-06-12 19:37:46 Image size of job updated: 647028
	184  -  MemoryUsage of job (MB)
	187828  -  ResidentSetSize of job (KB)
...
006 (311133.000.000) 2023-06-12 19:37:46 Image size of job updated: 214088
	184  -  MemoryUsage of job (MB)
	187836  -  ResidentSetSize of job (KB)
...
006 (311133.003.000) 2023-06-12 19:37:46 Image size of job updated: 396256
	127  -  MemoryUsage of job (MB)
	129464  -  ResidentSetSize of job (KB)
...
006 (311133.004.000) 2023-06-12 19:37:46 Image size of job updated: 398696
	130  -  MemoryUsage of job (MB)
	132896  -  ResidentSetSize of job (KB)
...
006 (311133.000.000) 2023-06-12 19:41:12 Image size of job updated: 698228
	184  -  MemoryUsage of job (MB)
	187836  -  ResidentSetSize of job (KB)
...
040 (311133.000.000) 2023-06-12 19:41:12 Started transferring output files
...
040 (311133.000.000) 2023-06-12 19:41:12 Finished transferring output files
...
005 (311133.000.000) 2023-06-12 19:41:12 Job terminated.
	(1) Normal termination (return value 0)
		Usr 0 00:03:29, Sys 0 00:00:02  -  Run Remote Usage
		Usr 0 00:00:00, Sys 0 00:00:00  -  Run Local Usage
		Usr 0 00:03:29, Sys 0 00:00:02  -  Total Remote Usage
		Usr 0 00:00:00, Sys 0 00:00:00  -  Total Local Usage
	10438  -  Run Bytes Sent By Job
	147  -  Run Bytes Received By Job
	10438  -  Total Bytes Sent By Job
	147  -  Total Bytes Received By Job
	Partitionable Resources :    Usage  Request Allocated 
	   Cpus                 :     1.00        1         1 
	   Disk (KB)            :    61           1    127899 
	   Memory (MB)          :   184        3900      3968 

	Job terminated of its own accord at 2023-06-12T10:41:12Z.
...
006 (311133.001.000) 2023-06-12 19:41:35 Image size of job updated: 698264
	184  -  MemoryUsage of job (MB)
	187836  -  ResidentSetSize of job (KB)
...
040 (311133.001.000) 2023-06-12 19:41:35 Started transferring output files
...
040 (311133.001.000) 2023-06-12 19:41:35 Finished transferring output files
...
005 (311133.001.000) 2023-06-12 19:41:35 Job terminated.
	(1) Normal termination (return value 0)
		Usr 0 00:03:51, Sys 0 00:00:02  -  Run Remote Usage
		Usr 0 00:00:00, Sys 0 00:00:00  -  Run Local Usage
		Usr 0 00:03:51, Sys 0 00:00:02  -  Total Remote Usage
		Usr 0 00:00:00, Sys 0 00:00:00  -  Total Local Usage
	9148  -  Run Bytes Sent By Job
	147  -  Run Bytes Received By Job
	9148  -  Total Bytes Sent By Job
	147  -  Total Bytes Received By Job
	Partitionable Resources :    Usage  Request Allocated 
	   Cpus                 :     0.99        1         1 
	   Disk (KB)            :    59           1    127899 
	   Memory (MB)          :   184        3900      3968 

	Job terminated of its own accord at 2023-06-12T10:41:35Z.
...
006 (311133.002.000) 2023-06-12 19:41:55 Image size of job updated: 695068
	184  -  MemoryUsage of job (MB)
	187828  -  ResidentSetSize of job (KB)
...
040 (311133.002.000) 2023-06-12 19:41:55 Started transferring output files
...
040 (311133.002.000) 2023-06-12 19:41:55 Finished transferring output files
...
005 (311133.002.000) 2023-06-12 19:41:55 Job terminated.
	(1) Normal termination (return value 0)
		Usr 0 00:04:10, Sys 0 00:00:02  -  Run Remote Usage
		Usr 0 00:00:00, Sys 0 00:00:00  -  Run Local Usage
		Usr 0 00:04:10, Sys 0 00:00:02  -  Total Remote Usage
		Usr 0 00:00:00, Sys 0 00:00:00  -  Total Local Usage
	9990  -  Run Bytes Sent By Job
	147  -  Run Bytes Received By Job
	9990  -  Total Bytes Sent By Job
	147  -  Total Bytes Received By Job
	Partitionable Resources :    Usage  Request Allocated 
	   Cpus                 :     0.98        1         1 
	   Disk (KB)            :    60           1    127899 
	   Memory (MB)          :   184        3900      3968 

	Job terminated of its own accord at 2023-06-12T10:41:55Z.
...
006 (311133.004.000) 2023-06-12 19:42:46 Image size of job updated: 696932
	130  -  MemoryUsage of job (MB)
	132960  -  ResidentSetSize of job (KB)
...
040 (311133.004.000) 2023-06-12 19:42:46 Started transferring output files
...
040 (311133.004.000) 2023-06-12 19:42:46 Finished transferring output files
...
005 (311133.004.000) 2023-06-12 19:42:46 Job terminated.
	(1) Normal termination (return value 0)
		Usr 0 00:04:54, Sys 0 00:00:04  -  Run Remote Usage
		Usr 0 00:00:00, Sys 0 00:00:00  -  Run Local Usage
		Usr 0 00:04:54, Sys 0 00:00:04  -  Total Remote Usage
		Usr 0 00:00:00, Sys 0 00:00:00  -  Total Local Usage
	9649  -  Run Bytes Sent By Job
	147  -  Run Bytes Received By Job
	9649  -  Total Bytes Sent By Job
	147  -  Total Bytes Received By Job
	Partitionable Resources :    Usage  Request Allocated 
	   Cpus                 :     1.00        1         1 
	   Disk (KB)            :    60           1    123869 
	   Memory (MB)          :   130        3900      3968 

	Job terminated of its own accord at 2023-06-12T10:42:46Z.
...
006 (311133.005.000) 2023-06-12 19:42:46 Image size of job updated: 696916
	220  -  MemoryUsage of job (MB)
	224976  -  ResidentSetSize of job (KB)
...
006 (311133.006.000) 2023-06-12 19:42:46 Image size of job updated: 695616
	219  -  MemoryUsage of job (MB)
	223696  -  ResidentSetSize of job (KB)
...
006 (311133.007.000) 2023-06-12 19:42:46 Image size of job updated: 696864
	220  -  MemoryUsage of job (MB)
	224932  -  ResidentSetSize of job (KB)
...
006 (311133.008.000) 2023-06-12 19:42:46 Image size of job updated: 696904
	220  -  MemoryUsage of job (MB)
	224972  -  ResidentSetSize of job (KB)
...
006 (311133.009.000) 2023-06-12 19:42:46 Image size of job updated: 693752
	217  -  MemoryUsage of job (MB)
	221816  -  ResidentSetSize of job (KB)
...
006 (311133.003.000) 2023-06-12 19:42:47 Image size of job updated: 693688
	217  -  MemoryUsage of job (MB)
	221760  -  ResidentSetSize of job (KB)
...
040 (311133.005.000) 2023-06-12 19:42:55 Started transferring output files
...
040 (311133.005.000) 2023-06-12 19:42:55 Finished transferring output files
...
005 (311133.005.000) 2023-06-12 19:42:55 Job terminated.
	(1) Normal termination (return value 0)
		Usr 0 00:05:02, Sys 0 00:00:05  -  Run Remote Usage
		Usr 0 00:00:00, Sys 0 00:00:00  -  Run Local Usage
		Usr 0 00:05:02, Sys 0 00:00:05  -  Total Remote Usage
		Usr 0 00:00:00, Sys 0 00:00:00  -  Total Local Usage
	10038  -  Run Bytes Sent By Job
	147  -  Run Bytes Received By Job
	10038  -  Total Bytes Sent By Job
	147  -  Total Bytes Received By Job
	Partitionable Resources :    Usage  Request Allocated 
	   Cpus                 :     0.98        1         1 
	   Disk (KB)            :    60           1    123869 
	   Memory (MB)          :   220        3900      3968 

	Job terminated of its own accord at 2023-06-12T10:42:54Z.
...
040 (311133.008.000) 2023-06-12 19:43:09 Started transferring output files
...
040 (311133.008.000) 2023-06-12 19:43:09 Finished transferring output files
...
005 (311133.008.000) 2023-06-12 19:43:09 Job terminated.
	(1) Normal termination (return value 0)
		Usr 0 00:05:17, Sys 0 00:00:04  -  Run Remote Usage
		Usr 0 00:00:00, Sys 0 00:00:00  -  Run Local Usage
		Usr 0 00:05:17, Sys 0 00:00:04  -  Total Remote Usage
		Usr 0 00:00:00, Sys 0 00:00:00  -  Total Local Usage
	11483  -  Run Bytes Sent By Job
	147  -  Run Bytes Received By Job
	11483  -  Total Bytes Sent By Job
	147  -  Total Bytes Received By Job
	Partitionable Resources :    Usage  Request Allocated 
	   Cpus                 :     1.00        1         1 
	   Disk (KB)            :    62           1    123869 
	   Memory (MB)          :   220        3900      3968 

	Job terminated of its own accord at 2023-06-12T10:43:09Z.
...
006 (311133.007.000) 2023-06-12 19:43:09 Image size of job updated: 698764
	220  -  MemoryUsage of job (MB)
	224932  -  ResidentSetSize of job (KB)
...
040 (311133.007.000) 2023-06-12 19:43:10 Started transferring output files
...
040 (311133.007.000) 2023-06-12 19:43:10 Finished transferring output files
...
005 (311133.007.000) 2023-06-12 19:43:10 Job terminated.
	(1) Normal termination (return value 0)
		Usr 0 00:05:18, Sys 0 00:00:03  -  Run Remote Usage
		Usr 0 00:00:00, Sys 0 00:00:00  -  Run Local Usage
		Usr 0 00:05:18, Sys 0 00:00:03  -  Total Remote Usage
		Usr 0 00:00:00, Sys 0 00:00:00  -  Total Local Usage
	10725  -  Run Bytes Sent By Job
	147  -  Run Bytes Received By Job
	10725  -  Total Bytes Sent By Job
	147  -  Total Bytes Received By Job
	Partitionable Resources :    Usage  Request Allocated 
	   Cpus                 :     0.96        1         1 
	   Disk (KB)            :    61           1    123869 
	   Memory (MB)          :   220        3900      3968 

	Job terminated of its own accord at 2023-06-12T10:43:09Z.
...
006 (311133.006.000) 2023-06-12 19:43:37 Image size of job updated: 696832
	219  -  MemoryUsage of job (MB)
	223696  -  ResidentSetSize of job (KB)
...
040 (311133.006.000) 2023-06-12 19:43:37 Started transferring output files
...
040 (311133.006.000) 2023-06-12 19:43:37 Finished transferring output files
...
005 (311133.006.000) 2023-06-12 19:43:37 Job terminated.
	(1) Normal termination (return value 0)
		Usr 0 00:05:45, Sys 0 00:00:04  -  Run Remote Usage
		Usr 0 00:00:00, Sys 0 00:00:00  -  Run Local Usage
		Usr 0 00:05:45, Sys 0 00:00:04  -  Total Remote Usage
		Usr 0 00:00:00, Sys 0 00:00:00  -  Total Local Usage
	9639  -  Run Bytes Sent By Job
	147  -  Run Bytes Received By Job
	9639  -  Total Bytes Sent By Job
	147  -  Total Bytes Received By Job
	Partitionable Resources :    Usage  Request Allocated 
	   Cpus                 :     0.98        1         1 
	   Disk (KB)            :    60           1    123869 
	   Memory (MB)          :   219        3900      3968 

	Job terminated of its own accord at 2023-06-12T10:43:37Z.
...
006 (311133.003.000) 2023-06-12 19:43:57 Image size of job updated: 696868
	217  -  MemoryUsage of job (MB)
	221760  -  ResidentSetSize of job (KB)
...
040 (311133.003.000) 2023-06-12 19:43:57 Started transferring output files
...
040 (311133.003.000) 2023-06-12 19:43:57 Finished transferring output files
...
005 (311133.003.000) 2023-06-12 19:43:57 Job terminated.
	(1) Normal termination (return value 0)
		Usr 0 00:06:05, Sys 0 00:00:04  -  Run Remote Usage
		Usr 0 00:00:00, Sys 0 00:00:00  -  Run Local Usage
		Usr 0 00:06:05, Sys 0 00:00:04  -  Total Remote Usage
		Usr 0 00:00:00, Sys 0 00:00:00  -  Total Local Usage
	10868  -  Run Bytes Sent By Job
	147  -  Run Bytes Received By Job
	10868  -  Total Bytes Sent By Job
	147  -  Total Bytes Received By Job
	Partitionable Resources :    Usage  Request Allocated 
	   Cpus                 :     1.00        1         1 
	   Disk (KB)            :    61           1    123869 
	   Memory (MB)          :   217        3900      3968 

	Job terminated of its own accord at 2023-06-12T10:43:57Z.
...
006 (311133.009.000) 2023-06-12 19:45:05 Image size of job updated: 696928
	217  -  MemoryUsage of job (MB)
	221816  -  ResidentSetSize of job (KB)
...
040 (311133.009.000) 2023-06-12 19:45:05 Started transferring output files
...
040 (311133.009.000) 2023-06-12 19:45:05 Finished transferring output files
...
005 (311133.009.000) 2023-06-12 19:45:05 Job terminated.
	(1) Normal termination (return value 0)
		Usr 0 00:07:14, Sys 0 00:00:03  -  Run Remote Usage
		Usr 0 00:00:00, Sys 0 00:00:00  -  Run Local Usage
		Usr 0 00:07:14, Sys 0 00:00:03  -  Total Remote Usage
		Usr 0 00:00:00, Sys 0 00:00:00  -  Total Local Usage
	10306  -  Run Bytes Sent By Job
	147  -  Run Bytes Received By Job
	10306  -  Total Bytes Sent By Job
	147  -  Total Bytes Received By Job
	Partitionable Resources :    Usage  Request Allocated 
	   Cpus                 :     0.99        1         1 
	   Disk (KB)            :    61           1    123869 
	   Memory (MB)          :   217        3900      3968 

	Job terminated of its own accord at 2023-06-12T10:45:05Z.
...
