000 (311105.000.000) 2023-06-12 18:55:13 Job submitted from host: <172.30.1.200:9618?addrs=172.30.1.200-9618&alias=tamsa2.snu.ac.kr&noUDP&sock=schedd_3510_2582>
...
000 (311105.001.000) 2023-06-12 18:55:13 Job submitted from host: <172.30.1.200:9618?addrs=172.30.1.200-9618&alias=tamsa2.snu.ac.kr&noUDP&sock=schedd_3510_2582>
...
000 (311105.002.000) 2023-06-12 18:55:13 Job submitted from host: <172.30.1.200:9618?addrs=172.30.1.200-9618&alias=tamsa2.snu.ac.kr&noUDP&sock=schedd_3510_2582>
...
000 (311105.003.000) 2023-06-12 18:55:13 Job submitted from host: <172.30.1.200:9618?addrs=172.30.1.200-9618&alias=tamsa2.snu.ac.kr&noUDP&sock=schedd_3510_2582>
...
000 (311105.004.000) 2023-06-12 18:55:13 Job submitted from host: <172.30.1.200:9618?addrs=172.30.1.200-9618&alias=tamsa2.snu.ac.kr&noUDP&sock=schedd_3510_2582>
...
000 (311105.005.000) 2023-06-12 18:55:13 Job submitted from host: <172.30.1.200:9618?addrs=172.30.1.200-9618&alias=tamsa2.snu.ac.kr&noUDP&sock=schedd_3510_2582>
...
000 (311105.006.000) 2023-06-12 18:55:13 Job submitted from host: <172.30.1.200:9618?addrs=172.30.1.200-9618&alias=tamsa2.snu.ac.kr&noUDP&sock=schedd_3510_2582>
...
000 (311105.007.000) 2023-06-12 18:55:13 Job submitted from host: <172.30.1.200:9618?addrs=172.30.1.200-9618&alias=tamsa2.snu.ac.kr&noUDP&sock=schedd_3510_2582>
...
000 (311105.008.000) 2023-06-12 18:55:13 Job submitted from host: <172.30.1.200:9618?addrs=172.30.1.200-9618&alias=tamsa2.snu.ac.kr&noUDP&sock=schedd_3510_2582>
...
000 (311105.009.000) 2023-06-12 18:55:13 Job submitted from host: <172.30.1.200:9618?addrs=172.30.1.200-9618&alias=tamsa2.snu.ac.kr&noUDP&sock=schedd_3510_2582>
...
001 (311105.000.000) 2023-06-12 18:58:19 Job executing on host: <172.30.1.209:9618?addrs=172.30.1.209-9618&alias=node9&noUDP&sock=startd_3776_99b3>
...
040 (311105.002.000) 2023-06-12 18:58:19 Started transferring input files
	Transferring to host: <172.30.1.109:9618?addrs=172.30.1.109-9618&alias=n9&noUDP&sock=slot1_12_4265_d407_23239>
...
040 (311105.003.000) 2023-06-12 18:58:19 Started transferring input files
	Transferring to host: <172.30.1.107:9618?addrs=172.30.1.107-9618&alias=n7&noUDP&sock=slot1_5_4258_e566_16749>
...
040 (311105.007.000) 2023-06-12 18:58:19 Started transferring input files
	Transferring to host: <172.30.1.111:9618?addrs=172.30.1.111-9618&alias=n11&noUDP&sock=slot1_15_4451_e1ce_13214>
...
001 (311105.001.000) 2023-06-12 18:58:19 Job executing on host: <172.30.1.202:9618?addrs=172.30.1.202-9618&alias=node2&noUDP&sock=startd_19693_56a6>
...
040 (311105.003.000) 2023-06-12 18:58:19 Finished transferring input files
...
040 (311105.002.000) 2023-06-12 18:58:19 Finished transferring input files
...
040 (311105.007.000) 2023-06-12 18:58:19 Finished transferring input files
...
040 (311105.008.000) 2023-06-12 18:58:19 Started transferring input files
	Transferring to host: <172.30.1.111:9618?addrs=172.30.1.111-9618&alias=n11&noUDP&sock=slot1_25_4451_e1ce_13215>
...
040 (311105.008.000) 2023-06-12 18:58:19 Finished transferring input files
...
040 (311105.004.000) 2023-06-12 18:58:19 Started transferring input files
	Transferring to host: <172.30.1.107:9618?addrs=172.30.1.107-9618&alias=n7&noUDP&sock=slot1_29_4258_e566_16750>
...
040 (311105.004.000) 2023-06-12 18:58:19 Finished transferring input files
...
040 (311105.009.000) 2023-06-12 18:58:19 Started transferring input files
	Transferring to host: <172.30.1.111:9618?addrs=172.30.1.111-9618&alias=n11&noUDP&sock=slot1_31_4451_e1ce_13216>
...
040 (311105.009.000) 2023-06-12 18:58:19 Finished transferring input files
...
040 (311105.006.000) 2023-06-12 18:58:19 Started transferring input files
	Transferring to host: <172.30.1.101:9618?addrs=172.30.1.101-9618&alias=n1&noUDP&sock=slot1_46_3367_1b22_15020>
...
040 (311105.006.000) 2023-06-12 18:58:19 Finished transferring input files
...
040 (311105.005.000) 2023-06-12 18:58:19 Started transferring input files
	Transferring to host: <172.30.1.107:9618?addrs=172.30.1.107-9618&alias=n7&noUDP&sock=slot1_30_4258_e566_16751>
...
040 (311105.005.000) 2023-06-12 18:58:19 Finished transferring input files
...
001 (311105.002.000) 2023-06-12 18:58:20 Job executing on host: <172.30.1.109:9618?addrs=172.30.1.109-9618&alias=n9&noUDP&sock=startd_4231_b14b>
...
001 (311105.007.000) 2023-06-12 18:58:20 Job executing on host: <172.30.1.111:9618?addrs=172.30.1.111-9618&alias=n11&noUDP&sock=startd_4417_45e8>
...
001 (311105.003.000) 2023-06-12 18:58:20 Job executing on host: <172.30.1.107:9618?addrs=172.30.1.107-9618&alias=n7&noUDP&sock=startd_4224_e421>
...
001 (311105.008.000) 2023-06-12 18:58:20 Job executing on host: <172.30.1.111:9618?addrs=172.30.1.111-9618&alias=n11&noUDP&sock=startd_4417_45e8>
...
001 (311105.004.000) 2023-06-12 18:58:20 Job executing on host: <172.30.1.107:9618?addrs=172.30.1.107-9618&alias=n7&noUDP&sock=startd_4224_e421>
...
001 (311105.009.000) 2023-06-12 18:58:20 Job executing on host: <172.30.1.111:9618?addrs=172.30.1.111-9618&alias=n11&noUDP&sock=startd_4417_45e8>
...
001 (311105.006.000) 2023-06-12 18:58:20 Job executing on host: <172.30.1.101:9618?addrs=172.30.1.101-9618&alias=n1&noUDP&sock=startd_3332_0da7>
...
001 (311105.005.000) 2023-06-12 18:58:20 Job executing on host: <172.30.1.107:9618?addrs=172.30.1.107-9618&alias=n7&noUDP&sock=startd_4224_e421>
...
006 (311105.000.000) 2023-06-12 18:58:28 Image size of job updated: 551060
	184  -  MemoryUsage of job (MB)
	188268  -  ResidentSetSize of job (KB)
...
006 (311105.001.000) 2023-06-12 18:58:28 Image size of job updated: 176748
	173  -  MemoryUsage of job (MB)
	176748  -  ResidentSetSize of job (KB)
...
006 (311105.004.000) 2023-06-12 18:58:29 Image size of job updated: 183424
	180  -  MemoryUsage of job (MB)
	183424  -  ResidentSetSize of job (KB)
...
006 (311105.009.000) 2023-06-12 18:58:29 Image size of job updated: 508360
	204  -  MemoryUsage of job (MB)
	208784  -  ResidentSetSize of job (KB)
...
006 (311105.005.000) 2023-06-12 18:58:29 Image size of job updated: 188196
	184  -  MemoryUsage of job (MB)
	188196  -  ResidentSetSize of job (KB)
...
006 (311105.006.000) 2023-06-12 18:58:29 Image size of job updated: 475180
	150  -  MemoryUsage of job (MB)
	153476  -  ResidentSetSize of job (KB)
...
006 (311105.007.000) 2023-06-12 18:58:29 Image size of job updated: 510884
	204  -  MemoryUsage of job (MB)
	208756  -  ResidentSetSize of job (KB)
...
006 (311105.003.000) 2023-06-12 18:58:29 Image size of job updated: 188280
	184  -  MemoryUsage of job (MB)
	188280  -  ResidentSetSize of job (KB)
...
006 (311105.002.000) 2023-06-12 18:58:29 Image size of job updated: 649196
	204  -  MemoryUsage of job (MB)
	208740  -  ResidentSetSize of job (KB)
...
006 (311105.008.000) 2023-06-12 18:58:29 Image size of job updated: 509444
	205  -  MemoryUsage of job (MB)
	209336  -  ResidentSetSize of job (KB)
...
006 (311105.008.000) 2023-06-12 18:58:48 Image size of job updated: 690880
	205  -  MemoryUsage of job (MB)
	209336  -  ResidentSetSize of job (KB)
...
040 (311105.008.000) 2023-06-12 18:58:48 Started transferring output files
...
040 (311105.008.000) 2023-06-12 18:58:50 Finished transferring output files
...
005 (311105.008.000) 2023-06-12 18:58:50 Job terminated.
	(1) Normal termination (return value 0)
		Usr 0 00:00:24, Sys 0 00:00:01  -  Run Remote Usage
		Usr 0 00:00:00, Sys 0 00:00:00  -  Run Local Usage
		Usr 0 00:00:24, Sys 0 00:00:01  -  Total Remote Usage
		Usr 0 00:00:00, Sys 0 00:00:00  -  Total Local Usage
	9144  -  Run Bytes Sent By Job
	149  -  Run Bytes Received By Job
	9144  -  Total Bytes Sent By Job
	149  -  Total Bytes Received By Job
	Partitionable Resources :    Usage  Request Allocated 
	   Cpus                 :                 1         1 
	   Disk (KB)            :       55        1    127802 
	   GPUs                 :                           0 
	   Memory (MB)          :      205     3900      3968 

	Job terminated of its own accord at 2023-06-12T09:58:48Z.
...
006 (311105.009.000) 2023-06-12 18:58:53 Image size of job updated: 694412
	204  -  MemoryUsage of job (MB)
	208784  -  ResidentSetSize of job (KB)
...
040 (311105.009.000) 2023-06-12 18:58:53 Started transferring output files
...
040 (311105.009.000) 2023-06-12 18:58:53 Finished transferring output files
...
005 (311105.009.000) 2023-06-12 18:58:53 Job terminated.
	(1) Normal termination (return value 0)
		Usr 0 00:00:27, Sys 0 00:00:01  -  Run Remote Usage
		Usr 0 00:00:00, Sys 0 00:00:00  -  Run Local Usage
		Usr 0 00:00:27, Sys 0 00:00:01  -  Total Remote Usage
		Usr 0 00:00:00, Sys 0 00:00:00  -  Total Local Usage
	9143  -  Run Bytes Sent By Job
	149  -  Run Bytes Received By Job
	9143  -  Total Bytes Sent By Job
	149  -  Total Bytes Received By Job
	Partitionable Resources :    Usage  Request Allocated 
	   Cpus                 :                 1         1 
	   Disk (KB)            :       55        1    127802 
	   GPUs                 :                           0 
	   Memory (MB)          :      204     3900      3968 

	Job terminated of its own accord at 2023-06-12T09:58:53Z.
...
006 (311105.007.000) 2023-06-12 18:58:56 Image size of job updated: 696048
	204  -  MemoryUsage of job (MB)
	208756  -  ResidentSetSize of job (KB)
...
040 (311105.007.000) 2023-06-12 18:58:56 Started transferring output files
...
040 (311105.007.000) 2023-06-12 18:58:56 Finished transferring output files
...
005 (311105.007.000) 2023-06-12 18:58:56 Job terminated.
	(1) Normal termination (return value 0)
		Usr 0 00:00:31, Sys 0 00:00:01  -  Run Remote Usage
		Usr 0 00:00:00, Sys 0 00:00:00  -  Run Local Usage
		Usr 0 00:00:31, Sys 0 00:00:01  -  Total Remote Usage
		Usr 0 00:00:00, Sys 0 00:00:00  -  Total Local Usage
	9144  -  Run Bytes Sent By Job
	149  -  Run Bytes Received By Job
	9144  -  Total Bytes Sent By Job
	149  -  Total Bytes Received By Job
	Partitionable Resources :    Usage  Request Allocated 
	   Cpus                 :                 1         1 
	   Disk (KB)            :       55        1    127802 
	   GPUs                 :                           0 
	   Memory (MB)          :      204     3900      3968 

	Job terminated of its own accord at 2023-06-12T09:58:56Z.
...
006 (311105.002.000) 2023-06-12 18:59:09 Image size of job updated: 690996
	204  -  MemoryUsage of job (MB)
	208740  -  ResidentSetSize of job (KB)
...
040 (311105.002.000) 2023-06-12 18:59:09 Started transferring output files
...
040 (311105.002.000) 2023-06-12 18:59:09 Finished transferring output files
...
005 (311105.002.000) 2023-06-12 18:59:09 Job terminated.
	(1) Normal termination (return value 0)
		Usr 0 00:00:44, Sys 0 00:00:01  -  Run Remote Usage
		Usr 0 00:00:00, Sys 0 00:00:00  -  Run Local Usage
		Usr 0 00:00:44, Sys 0 00:00:01  -  Total Remote Usage
		Usr 0 00:00:00, Sys 0 00:00:00  -  Total Local Usage
	9224  -  Run Bytes Sent By Job
	149  -  Run Bytes Received By Job
	9224  -  Total Bytes Sent By Job
	149  -  Total Bytes Received By Job
	Partitionable Resources :    Usage  Request Allocated 
	   Cpus                 :     0.91        1         1 
	   Disk (KB)            :    59           1    127899 
	   Memory (MB)          :   204        3900      3968 

	Job terminated of its own accord at 2023-06-12T09:59:09Z.
...
006 (311105.000.000) 2023-06-12 18:59:11 Image size of job updated: 691128
	184  -  MemoryUsage of job (MB)
	188268  -  ResidentSetSize of job (KB)
...
005 (311105.000.000) 2023-06-12 18:59:11 Job terminated.
	(1) Normal termination (return value 0)
		Usr 0 00:00:45, Sys 0 00:00:01  -  Run Remote Usage
		Usr 0 00:00:00, Sys 0 00:00:00  -  Run Local Usage
		Usr 0 00:00:45, Sys 0 00:00:01  -  Total Remote Usage
		Usr 0 00:00:00, Sys 0 00:00:00  -  Total Local Usage
	0  -  Run Bytes Sent By Job
	0  -  Run Bytes Received By Job
	0  -  Total Bytes Sent By Job
	0  -  Total Bytes Received By Job
	Partitionable Resources :    Usage  Request Allocated 
	   Cpus                 :     0.93        1         1 
	   Disk (KB)            :     1           1    128928 
	   Memory (MB)          :   184        3900      3968 

	Job terminated of its own accord at 2023-06-12T09:59:11Z.
...
006 (311105.001.000) 2023-06-12 18:59:12 Image size of job updated: 691060
	173  -  MemoryUsage of job (MB)
	176748  -  ResidentSetSize of job (KB)
...
005 (311105.001.000) 2023-06-12 18:59:12 Job terminated.
	(1) Normal termination (return value 0)
		Usr 0 00:00:44, Sys 0 00:00:02  -  Run Remote Usage
		Usr 0 00:00:00, Sys 0 00:00:00  -  Run Local Usage
		Usr 0 00:00:44, Sys 0 00:00:02  -  Total Remote Usage
		Usr 0 00:00:00, Sys 0 00:00:00  -  Total Local Usage
	0  -  Run Bytes Sent By Job
	0  -  Run Bytes Received By Job
	0  -  Total Bytes Sent By Job
	0  -  Total Bytes Received By Job
	Partitionable Resources :    Usage  Request Allocated 
	   Cpus                 :                 1         1 
	   Disk (KB)            :        1        1    128913 
	   Memory (MB)          :      173     3900      3968 

	Job terminated of its own accord at 2023-06-12T09:59:12Z.
...
006 (311105.004.000) 2023-06-12 18:59:14 Image size of job updated: 692672
	180  -  MemoryUsage of job (MB)
	183424  -  ResidentSetSize of job (KB)
...
040 (311105.004.000) 2023-06-12 18:59:14 Started transferring output files
...
040 (311105.004.000) 2023-06-12 18:59:14 Finished transferring output files
...
005 (311105.004.000) 2023-06-12 18:59:14 Job terminated.
	(1) Normal termination (return value 0)
		Usr 0 00:00:45, Sys 0 00:00:02  -  Run Remote Usage
		Usr 0 00:00:00, Sys 0 00:00:00  -  Run Local Usage
		Usr 0 00:00:45, Sys 0 00:00:02  -  Total Remote Usage
		Usr 0 00:00:00, Sys 0 00:00:00  -  Total Local Usage
	9309  -  Run Bytes Sent By Job
	149  -  Run Bytes Received By Job
	9309  -  Total Bytes Sent By Job
	149  -  Total Bytes Received By Job
	Partitionable Resources :    Usage  Request Allocated 
	   Cpus                 :     0.69        1         1 
	   Disk (KB)            :    59           1    127899 
	   Memory (MB)          :   180        3900      3968 

	Job terminated of its own accord at 2023-06-12T09:59:14Z.
...
006 (311105.005.000) 2023-06-12 18:59:15 Image size of job updated: 696008
	184  -  MemoryUsage of job (MB)
	188196  -  ResidentSetSize of job (KB)
...
040 (311105.005.000) 2023-06-12 18:59:15 Started transferring output files
...
040 (311105.005.000) 2023-06-12 18:59:15 Finished transferring output files
...
005 (311105.005.000) 2023-06-12 18:59:15 Job terminated.
	(1) Normal termination (return value 0)
		Usr 0 00:00:49, Sys 0 00:00:01  -  Run Remote Usage
		Usr 0 00:00:00, Sys 0 00:00:00  -  Run Local Usage
		Usr 0 00:00:49, Sys 0 00:00:01  -  Total Remote Usage
		Usr 0 00:00:00, Sys 0 00:00:00  -  Total Local Usage
	9358  -  Run Bytes Sent By Job
	149  -  Run Bytes Received By Job
	9358  -  Total Bytes Sent By Job
	149  -  Total Bytes Received By Job
	Partitionable Resources :    Usage  Request Allocated 
	   Cpus                 :     0.99        1         1 
	   Disk (KB)            :    60           1    127899 
	   Memory (MB)          :   184        3900      3968 

	Job terminated of its own accord at 2023-06-12T09:59:15Z.
...
006 (311105.003.000) 2023-06-12 18:59:20 Image size of job updated: 695776
	184  -  MemoryUsage of job (MB)
	188280  -  ResidentSetSize of job (KB)
...
040 (311105.003.000) 2023-06-12 18:59:20 Started transferring output files
...
040 (311105.003.000) 2023-06-12 18:59:20 Finished transferring output files
...
005 (311105.003.000) 2023-06-12 18:59:20 Job terminated.
	(1) Normal termination (return value 0)
		Usr 0 00:00:54, Sys 0 00:00:01  -  Run Remote Usage
		Usr 0 00:00:00, Sys 0 00:00:00  -  Run Local Usage
		Usr 0 00:00:54, Sys 0 00:00:01  -  Total Remote Usage
		Usr 0 00:00:00, Sys 0 00:00:00  -  Total Local Usage
	9347  -  Run Bytes Sent By Job
	149  -  Run Bytes Received By Job
	9347  -  Total Bytes Sent By Job
	149  -  Total Bytes Received By Job
	Partitionable Resources :    Usage  Request Allocated 
	   Cpus                 :     0.99        1         1 
	   Disk (KB)            :    60           1    127899 
	   Memory (MB)          :   184        3900      3968 

	Job terminated of its own accord at 2023-06-12T09:59:20Z.
...
006 (311105.006.000) 2023-06-12 18:59:44 Image size of job updated: 694320
	150  -  MemoryUsage of job (MB)
	153476  -  ResidentSetSize of job (KB)
...
040 (311105.006.000) 2023-06-12 18:59:44 Started transferring output files
...
040 (311105.006.000) 2023-06-12 18:59:44 Finished transferring output files
...
005 (311105.006.000) 2023-06-12 18:59:44 Job terminated.
	(1) Normal termination (return value 0)
		Usr 0 00:01:14, Sys 0 00:00:03  -  Run Remote Usage
		Usr 0 00:00:00, Sys 0 00:00:00  -  Run Local Usage
		Usr 0 00:01:14, Sys 0 00:00:03  -  Total Remote Usage
		Usr 0 00:00:00, Sys 0 00:00:00  -  Total Local Usage
	9237  -  Run Bytes Sent By Job
	149  -  Run Bytes Received By Job
	9237  -  Total Bytes Sent By Job
	149  -  Total Bytes Received By Job
	Partitionable Resources :    Usage  Request Allocated 
	   Cpus                 :                 1         1 
	   Disk (KB)            :       54        1    127998 
	   Memory (MB)          :      150     3900      3968 

	Job terminated of its own accord at 2023-06-12T09:59:44Z.
...
