000 (310999.000.000) 2023-06-12 17:15:42 Job submitted from host: <172.30.1.200:9618?addrs=172.30.1.200-9618&alias=tamsa2.snu.ac.kr&noUDP&sock=schedd_3510_2582>
...
000 (310999.001.000) 2023-06-12 17:15:42 Job submitted from host: <172.30.1.200:9618?addrs=172.30.1.200-9618&alias=tamsa2.snu.ac.kr&noUDP&sock=schedd_3510_2582>
...
000 (310999.002.000) 2023-06-12 17:15:42 Job submitted from host: <172.30.1.200:9618?addrs=172.30.1.200-9618&alias=tamsa2.snu.ac.kr&noUDP&sock=schedd_3510_2582>
...
000 (310999.003.000) 2023-06-12 17:15:42 Job submitted from host: <172.30.1.200:9618?addrs=172.30.1.200-9618&alias=tamsa2.snu.ac.kr&noUDP&sock=schedd_3510_2582>
...
000 (310999.004.000) 2023-06-12 17:15:42 Job submitted from host: <172.30.1.200:9618?addrs=172.30.1.200-9618&alias=tamsa2.snu.ac.kr&noUDP&sock=schedd_3510_2582>
...
000 (310999.005.000) 2023-06-12 17:15:42 Job submitted from host: <172.30.1.200:9618?addrs=172.30.1.200-9618&alias=tamsa2.snu.ac.kr&noUDP&sock=schedd_3510_2582>
...
000 (310999.006.000) 2023-06-12 17:15:42 Job submitted from host: <172.30.1.200:9618?addrs=172.30.1.200-9618&alias=tamsa2.snu.ac.kr&noUDP&sock=schedd_3510_2582>
...
000 (310999.007.000) 2023-06-12 17:15:42 Job submitted from host: <172.30.1.200:9618?addrs=172.30.1.200-9618&alias=tamsa2.snu.ac.kr&noUDP&sock=schedd_3510_2582>
...
000 (310999.008.000) 2023-06-12 17:15:42 Job submitted from host: <172.30.1.200:9618?addrs=172.30.1.200-9618&alias=tamsa2.snu.ac.kr&noUDP&sock=schedd_3510_2582>
...
000 (310999.009.000) 2023-06-12 17:15:42 Job submitted from host: <172.30.1.200:9618?addrs=172.30.1.200-9618&alias=tamsa2.snu.ac.kr&noUDP&sock=schedd_3510_2582>
...
040 (310999.001.000) 2023-06-12 17:15:57 Started transferring input files
	Transferring to host: <172.30.1.110:9618?addrs=172.30.1.110-9618&alias=n10&noUDP&sock=slot1_1_4288_08a7_22374>
...
040 (310999.001.000) 2023-06-12 17:15:57 Finished transferring input files
...
040 (310999.002.000) 2023-06-12 17:15:57 Started transferring input files
	Transferring to host: <172.30.1.110:9618?addrs=172.30.1.110-9618&alias=n10&noUDP&sock=slot1_2_4288_08a7_22375>
...
040 (310999.002.000) 2023-06-12 17:15:57 Finished transferring input files
...
040 (310999.003.000) 2023-06-12 17:15:57 Started transferring input files
	Transferring to host: <172.30.1.110:9618?addrs=172.30.1.110-9618&alias=n10&noUDP&sock=slot1_3_4288_08a7_22376>
...
040 (310999.003.000) 2023-06-12 17:15:57 Finished transferring input files
...
040 (310999.008.000) 2023-06-12 17:15:57 Started transferring input files
	Transferring to host: <172.30.1.110:9618?addrs=172.30.1.110-9618&alias=n10&noUDP&sock=slot1_10_4288_08a7_22377>
...
040 (310999.008.000) 2023-06-12 17:15:57 Finished transferring input files
...
040 (310999.004.000) 2023-06-12 17:15:57 Started transferring input files
	Transferring to host: <172.30.1.110:9618?addrs=172.30.1.110-9618&alias=n10&noUDP&sock=slot1_6_4288_08a7_22378>
...
040 (310999.004.000) 2023-06-12 17:15:57 Finished transferring input files
...
040 (310999.005.000) 2023-06-12 17:15:57 Started transferring input files
	Transferring to host: <172.30.1.110:9618?addrs=172.30.1.110-9618&alias=n10&noUDP&sock=slot1_7_4288_08a7_22379>
...
040 (310999.005.000) 2023-06-12 17:15:57 Finished transferring input files
...
040 (310999.006.000) 2023-06-12 17:15:57 Started transferring input files
	Transferring to host: <172.30.1.110:9618?addrs=172.30.1.110-9618&alias=n10&noUDP&sock=slot1_8_4288_08a7_22380>
...
040 (310999.006.000) 2023-06-12 17:15:57 Finished transferring input files
...
040 (310999.007.000) 2023-06-12 17:15:57 Started transferring input files
	Transferring to host: <172.30.1.110:9618?addrs=172.30.1.110-9618&alias=n10&noUDP&sock=slot1_9_4288_08a7_22381>
...
040 (310999.007.000) 2023-06-12 17:15:57 Finished transferring input files
...
040 (310999.009.000) 2023-06-12 17:15:57 Started transferring input files
	Transferring to host: <172.30.1.110:9618?addrs=172.30.1.110-9618&alias=n10&noUDP&sock=slot1_14_4288_08a7_22382>
...
040 (310999.009.000) 2023-06-12 17:15:57 Finished transferring input files
...
040 (310999.000.000) 2023-06-12 17:15:58 Started transferring input files
	Transferring to host: <172.30.1.109:9618?addrs=172.30.1.109-9618&alias=n9&noUDP&sock=slot1_33_4265_d407_22780>
...
040 (310999.000.000) 2023-06-12 17:15:58 Finished transferring input files
...
001 (310999.001.000) 2023-06-12 17:15:58 Job executing on host: <172.30.1.110:9618?addrs=172.30.1.110-9618&alias=n10&noUDP&sock=startd_4254_77f9>
...
001 (310999.002.000) 2023-06-12 17:15:58 Job executing on host: <172.30.1.110:9618?addrs=172.30.1.110-9618&alias=n10&noUDP&sock=startd_4254_77f9>
...
001 (310999.003.000) 2023-06-12 17:15:58 Job executing on host: <172.30.1.110:9618?addrs=172.30.1.110-9618&alias=n10&noUDP&sock=startd_4254_77f9>
...
001 (310999.008.000) 2023-06-12 17:15:58 Job executing on host: <172.30.1.110:9618?addrs=172.30.1.110-9618&alias=n10&noUDP&sock=startd_4254_77f9>
...
001 (310999.004.000) 2023-06-12 17:15:58 Job executing on host: <172.30.1.110:9618?addrs=172.30.1.110-9618&alias=n10&noUDP&sock=startd_4254_77f9>
...
001 (310999.005.000) 2023-06-12 17:15:58 Job executing on host: <172.30.1.110:9618?addrs=172.30.1.110-9618&alias=n10&noUDP&sock=startd_4254_77f9>
...
001 (310999.006.000) 2023-06-12 17:15:58 Job executing on host: <172.30.1.110:9618?addrs=172.30.1.110-9618&alias=n10&noUDP&sock=startd_4254_77f9>
...
001 (310999.007.000) 2023-06-12 17:15:58 Job executing on host: <172.30.1.110:9618?addrs=172.30.1.110-9618&alias=n10&noUDP&sock=startd_4254_77f9>
...
001 (310999.009.000) 2023-06-12 17:15:58 Job executing on host: <172.30.1.110:9618?addrs=172.30.1.110-9618&alias=n10&noUDP&sock=startd_4254_77f9>
...
001 (310999.000.000) 2023-06-12 17:15:59 Job executing on host: <172.30.1.109:9618?addrs=172.30.1.109-9618&alias=n9&noUDP&sock=startd_4231_b14b>
...
006 (310999.001.000) 2023-06-12 17:16:06 Image size of job updated: 646760
	183  -  MemoryUsage of job (MB)
	187220  -  ResidentSetSize of job (KB)
...
006 (310999.002.000) 2023-06-12 17:16:06 Image size of job updated: 646760
	183  -  MemoryUsage of job (MB)
	187220  -  ResidentSetSize of job (KB)
...
006 (310999.003.000) 2023-06-12 17:16:06 Image size of job updated: 646780
	184  -  MemoryUsage of job (MB)
	187472  -  ResidentSetSize of job (KB)
...
006 (310999.008.000) 2023-06-12 17:16:06 Image size of job updated: 646760
	184  -  MemoryUsage of job (MB)
	187688  -  ResidentSetSize of job (KB)
...
006 (310999.004.000) 2023-06-12 17:16:06 Image size of job updated: 646756
	183  -  MemoryUsage of job (MB)
	187216  -  ResidentSetSize of job (KB)
...
006 (310999.000.000) 2023-06-12 17:16:07 Image size of job updated: 644876
	184  -  MemoryUsage of job (MB)
	187700  -  ResidentSetSize of job (KB)
...
006 (310999.005.000) 2023-06-12 17:16:07 Image size of job updated: 646760
	184  -  MemoryUsage of job (MB)
	187672  -  ResidentSetSize of job (KB)
...
006 (310999.006.000) 2023-06-12 17:16:07 Image size of job updated: 646756
	184  -  MemoryUsage of job (MB)
	187664  -  ResidentSetSize of job (KB)
...
006 (310999.007.000) 2023-06-12 17:16:07 Image size of job updated: 646788
	184  -  MemoryUsage of job (MB)
	187672  -  ResidentSetSize of job (KB)
...
006 (310999.009.000) 2023-06-12 17:16:07 Image size of job updated: 646780
	184  -  MemoryUsage of job (MB)
	187420  -  ResidentSetSize of job (KB)
...
006 (310999.004.000) 2023-06-12 17:17:24 Image size of job updated: 689452
	183  -  MemoryUsage of job (MB)
	187216  -  ResidentSetSize of job (KB)
...
040 (310999.004.000) 2023-06-12 17:17:24 Started transferring output files
...
040 (310999.004.000) 2023-06-12 17:17:24 Finished transferring output files
...
005 (310999.004.000) 2023-06-12 17:17:24 Job terminated.
	(1) Normal termination (return value 0)
		Usr 0 00:01:23, Sys 0 00:00:01  -  Run Remote Usage
		Usr 0 00:00:00, Sys 0 00:00:00  -  Run Local Usage
		Usr 0 00:01:23, Sys 0 00:00:01  -  Total Remote Usage
		Usr 0 00:00:00, Sys 0 00:00:00  -  Total Local Usage
	5034  -  Run Bytes Sent By Job
	147  -  Run Bytes Received By Job
	5034  -  Total Bytes Sent By Job
	147  -  Total Bytes Received By Job
	Partitionable Resources :    Usage  Request Allocated 
	   Cpus                 :                 1         1 
	   Disk (KB)            :       50        1    127899 
	   Memory (MB)          :      183     3900      3968 

	Job terminated of its own accord at 2023-06-12T08:17:24Z.
...
006 (310999.005.000) 2023-06-12 17:17:24 Image size of job updated: 689456
	184  -  MemoryUsage of job (MB)
	187672  -  ResidentSetSize of job (KB)
...
040 (310999.005.000) 2023-06-12 17:17:25 Started transferring output files
...
040 (310999.005.000) 2023-06-12 17:17:25 Finished transferring output files
...
005 (310999.005.000) 2023-06-12 17:17:25 Job terminated.
	(1) Normal termination (return value 0)
		Usr 0 00:01:24, Sys 0 00:00:01  -  Run Remote Usage
		Usr 0 00:00:00, Sys 0 00:00:00  -  Run Local Usage
		Usr 0 00:01:24, Sys 0 00:00:01  -  Total Remote Usage
		Usr 0 00:00:00, Sys 0 00:00:00  -  Total Local Usage
	4847  -  Run Bytes Sent By Job
	147  -  Run Bytes Received By Job
	4847  -  Total Bytes Sent By Job
	147  -  Total Bytes Received By Job
	Partitionable Resources :    Usage  Request Allocated 
	   Cpus                 :                 1         1 
	   Disk (KB)            :       50        1    127899 
	   Memory (MB)          :      184     3900      3968 

	Job terminated of its own accord at 2023-06-12T08:17:24Z.
...
006 (310999.008.000) 2023-06-12 17:17:25 Image size of job updated: 689428
	184  -  MemoryUsage of job (MB)
	187688  -  ResidentSetSize of job (KB)
...
040 (310999.008.000) 2023-06-12 17:17:25 Started transferring output files
...
040 (310999.008.000) 2023-06-12 17:17:26 Finished transferring output files
...
005 (310999.008.000) 2023-06-12 17:17:26 Job terminated.
	(1) Normal termination (return value 0)
		Usr 0 00:01:25, Sys 0 00:00:01  -  Run Remote Usage
		Usr 0 00:00:00, Sys 0 00:00:00  -  Run Local Usage
		Usr 0 00:01:25, Sys 0 00:00:01  -  Total Remote Usage
		Usr 0 00:00:00, Sys 0 00:00:00  -  Total Local Usage
	5571  -  Run Bytes Sent By Job
	147  -  Run Bytes Received By Job
	5571  -  Total Bytes Sent By Job
	147  -  Total Bytes Received By Job
	Partitionable Resources :    Usage  Request Allocated 
	   Cpus                 :                 1         1 
	   Disk (KB)            :       50        1    127899 
	   Memory (MB)          :      184     3900      3968 

	Job terminated of its own accord at 2023-06-12T08:17:25Z.
...
006 (310999.001.000) 2023-06-12 17:17:28 Image size of job updated: 689456
	183  -  MemoryUsage of job (MB)
	187220  -  ResidentSetSize of job (KB)
...
040 (310999.001.000) 2023-06-12 17:17:28 Started transferring output files
...
040 (310999.001.000) 2023-06-12 17:17:28 Finished transferring output files
...
005 (310999.001.000) 2023-06-12 17:17:28 Job terminated.
	(1) Normal termination (return value 0)
		Usr 0 00:01:27, Sys 0 00:00:01  -  Run Remote Usage
		Usr 0 00:00:00, Sys 0 00:00:00  -  Run Local Usage
		Usr 0 00:01:27, Sys 0 00:00:01  -  Total Remote Usage
		Usr 0 00:00:00, Sys 0 00:00:00  -  Total Local Usage
	5039  -  Run Bytes Sent By Job
	147  -  Run Bytes Received By Job
	5039  -  Total Bytes Sent By Job
	147  -  Total Bytes Received By Job
	Partitionable Resources :    Usage  Request Allocated 
	   Cpus                 :                 1         1 
	   Disk (KB)            :       50        1    127899 
	   Memory (MB)          :      183     3900      3968 

	Job terminated of its own accord at 2023-06-12T08:17:28Z.
...
006 (310999.000.000) 2023-06-12 17:17:32 Image size of job updated: 689464
	184  -  MemoryUsage of job (MB)
	187700  -  ResidentSetSize of job (KB)
...
040 (310999.000.000) 2023-06-12 17:17:32 Started transferring output files
...
040 (310999.000.000) 2023-06-12 17:17:32 Finished transferring output files
...
005 (310999.000.000) 2023-06-12 17:17:32 Job terminated.
	(1) Normal termination (return value 0)
		Usr 0 00:01:31, Sys 0 00:00:01  -  Run Remote Usage
		Usr 0 00:00:00, Sys 0 00:00:00  -  Run Local Usage
		Usr 0 00:01:31, Sys 0 00:00:01  -  Total Remote Usage
		Usr 0 00:00:00, Sys 0 00:00:00  -  Total Local Usage
	4587  -  Run Bytes Sent By Job
	147  -  Run Bytes Received By Job
	4587  -  Total Bytes Sent By Job
	147  -  Total Bytes Received By Job
	Partitionable Resources :    Usage  Request Allocated 
	   Cpus                 :                 1         1 
	   Disk (KB)            :       49        1    127899 
	   Memory (MB)          :      184     3900      3968 

	Job terminated of its own accord at 2023-06-12T08:17:32Z.
...
006 (310999.007.000) 2023-06-12 17:17:33 Image size of job updated: 689456
	184  -  MemoryUsage of job (MB)
	187672  -  ResidentSetSize of job (KB)
...
040 (310999.007.000) 2023-06-12 17:17:33 Started transferring output files
...
040 (310999.007.000) 2023-06-12 17:17:33 Finished transferring output files
...
005 (310999.007.000) 2023-06-12 17:17:33 Job terminated.
	(1) Normal termination (return value 0)
		Usr 0 00:01:31, Sys 0 00:00:01  -  Run Remote Usage
		Usr 0 00:00:00, Sys 0 00:00:00  -  Run Local Usage
		Usr 0 00:01:31, Sys 0 00:00:01  -  Total Remote Usage
		Usr 0 00:00:00, Sys 0 00:00:00  -  Total Local Usage
	4935  -  Run Bytes Sent By Job
	147  -  Run Bytes Received By Job
	4935  -  Total Bytes Sent By Job
	147  -  Total Bytes Received By Job
	Partitionable Resources :    Usage  Request Allocated 
	   Cpus                 :                 1         1 
	   Disk (KB)            :       50        1    127899 
	   Memory (MB)          :      184     3900      3968 

	Job terminated of its own accord at 2023-06-12T08:17:33Z.
...
006 (310999.002.000) 2023-06-12 17:17:34 Image size of job updated: 689304
	183  -  MemoryUsage of job (MB)
	187220  -  ResidentSetSize of job (KB)
...
040 (310999.002.000) 2023-06-12 17:17:34 Started transferring output files
...
040 (310999.002.000) 2023-06-12 17:17:34 Finished transferring output files
...
005 (310999.002.000) 2023-06-12 17:17:34 Job terminated.
	(1) Normal termination (return value 0)
		Usr 0 00:01:34, Sys 0 00:00:01  -  Run Remote Usage
		Usr 0 00:00:00, Sys 0 00:00:00  -  Run Local Usage
		Usr 0 00:01:34, Sys 0 00:00:01  -  Total Remote Usage
		Usr 0 00:00:00, Sys 0 00:00:00  -  Total Local Usage
	5789  -  Run Bytes Sent By Job
	147  -  Run Bytes Received By Job
	5789  -  Total Bytes Sent By Job
	147  -  Total Bytes Received By Job
	Partitionable Resources :    Usage  Request Allocated 
	   Cpus                 :                 1         1 
	   Disk (KB)            :       50        1    127899 
	   Memory (MB)          :      183     3900      3968 

	Job terminated of its own accord at 2023-06-12T08:17:34Z.
...
006 (310999.006.000) 2023-06-12 17:17:36 Image size of job updated: 689452
	184  -  MemoryUsage of job (MB)
	187664  -  ResidentSetSize of job (KB)
...
040 (310999.006.000) 2023-06-12 17:17:36 Started transferring output files
...
040 (310999.006.000) 2023-06-12 17:17:36 Finished transferring output files
...
005 (310999.006.000) 2023-06-12 17:17:36 Job terminated.
	(1) Normal termination (return value 0)
		Usr 0 00:01:35, Sys 0 00:00:01  -  Run Remote Usage
		Usr 0 00:00:00, Sys 0 00:00:00  -  Run Local Usage
		Usr 0 00:01:35, Sys 0 00:00:01  -  Total Remote Usage
		Usr 0 00:00:00, Sys 0 00:00:00  -  Total Local Usage
	5213  -  Run Bytes Sent By Job
	147  -  Run Bytes Received By Job
	5213  -  Total Bytes Sent By Job
	147  -  Total Bytes Received By Job
	Partitionable Resources :    Usage  Request Allocated 
	   Cpus                 :                 1         1 
	   Disk (KB)            :       50        1    127899 
	   Memory (MB)          :      184     3900      3968 

	Job terminated of its own accord at 2023-06-12T08:17:36Z.
...
006 (310999.003.000) 2023-06-12 17:17:36 Image size of job updated: 687188
	184  -  MemoryUsage of job (MB)
	187472  -  ResidentSetSize of job (KB)
...
040 (310999.003.000) 2023-06-12 17:17:37 Started transferring output files
...
040 (310999.003.000) 2023-06-12 17:17:37 Finished transferring output files
...
005 (310999.003.000) 2023-06-12 17:17:37 Job terminated.
	(1) Normal termination (return value 0)
		Usr 0 00:01:36, Sys 0 00:00:01  -  Run Remote Usage
		Usr 0 00:00:00, Sys 0 00:00:00  -  Run Local Usage
		Usr 0 00:01:36, Sys 0 00:00:01  -  Total Remote Usage
		Usr 0 00:00:00, Sys 0 00:00:00  -  Total Local Usage
	5552  -  Run Bytes Sent By Job
	147  -  Run Bytes Received By Job
	5552  -  Total Bytes Sent By Job
	147  -  Total Bytes Received By Job
	Partitionable Resources :    Usage  Request Allocated 
	   Cpus                 :                 1         1 
	   Disk (KB)            :       50        1    127899 
	   Memory (MB)          :      184     3900      3968 

	Job terminated of its own accord at 2023-06-12T08:17:36Z.
...
006 (310999.009.000) 2023-06-12 17:17:46 Image size of job updated: 689456
	184  -  MemoryUsage of job (MB)
	187420  -  ResidentSetSize of job (KB)
...
040 (310999.009.000) 2023-06-12 17:17:46 Started transferring output files
...
040 (310999.009.000) 2023-06-12 17:17:46 Finished transferring output files
...
005 (310999.009.000) 2023-06-12 17:17:46 Job terminated.
	(1) Normal termination (return value 0)
		Usr 0 00:01:45, Sys 0 00:00:01  -  Run Remote Usage
		Usr 0 00:00:00, Sys 0 00:00:00  -  Run Local Usage
		Usr 0 00:01:45, Sys 0 00:00:01  -  Total Remote Usage
		Usr 0 00:00:00, Sys 0 00:00:00  -  Total Local Usage
	5031  -  Run Bytes Sent By Job
	147  -  Run Bytes Received By Job
	5031  -  Total Bytes Sent By Job
	147  -  Total Bytes Received By Job
	Partitionable Resources :    Usage  Request Allocated 
	   Cpus                 :                 1         1 
	   Disk (KB)            :       50        1    127899 
	   Memory (MB)          :      184     3900      3968 

	Job terminated of its own accord at 2023-06-12T08:17:46Z.
...
