000 (310969.000.000) 2023-06-12 16:55:23 Job submitted from host: <172.30.1.200:9618?addrs=172.30.1.200-9618&alias=tamsa2.snu.ac.kr&noUDP&sock=schedd_3510_2582>
...
000 (310969.001.000) 2023-06-12 16:55:23 Job submitted from host: <172.30.1.200:9618?addrs=172.30.1.200-9618&alias=tamsa2.snu.ac.kr&noUDP&sock=schedd_3510_2582>
...
000 (310969.002.000) 2023-06-12 16:55:23 Job submitted from host: <172.30.1.200:9618?addrs=172.30.1.200-9618&alias=tamsa2.snu.ac.kr&noUDP&sock=schedd_3510_2582>
...
000 (310969.003.000) 2023-06-12 16:55:23 Job submitted from host: <172.30.1.200:9618?addrs=172.30.1.200-9618&alias=tamsa2.snu.ac.kr&noUDP&sock=schedd_3510_2582>
...
000 (310969.004.000) 2023-06-12 16:55:23 Job submitted from host: <172.30.1.200:9618?addrs=172.30.1.200-9618&alias=tamsa2.snu.ac.kr&noUDP&sock=schedd_3510_2582>
...
000 (310969.005.000) 2023-06-12 16:55:23 Job submitted from host: <172.30.1.200:9618?addrs=172.30.1.200-9618&alias=tamsa2.snu.ac.kr&noUDP&sock=schedd_3510_2582>
...
000 (310969.006.000) 2023-06-12 16:55:23 Job submitted from host: <172.30.1.200:9618?addrs=172.30.1.200-9618&alias=tamsa2.snu.ac.kr&noUDP&sock=schedd_3510_2582>
...
000 (310969.007.000) 2023-06-12 16:55:23 Job submitted from host: <172.30.1.200:9618?addrs=172.30.1.200-9618&alias=tamsa2.snu.ac.kr&noUDP&sock=schedd_3510_2582>
...
000 (310969.008.000) 2023-06-12 16:55:23 Job submitted from host: <172.30.1.200:9618?addrs=172.30.1.200-9618&alias=tamsa2.snu.ac.kr&noUDP&sock=schedd_3510_2582>
...
000 (310969.009.000) 2023-06-12 16:55:23 Job submitted from host: <172.30.1.200:9618?addrs=172.30.1.200-9618&alias=tamsa2.snu.ac.kr&noUDP&sock=schedd_3510_2582>
...
040 (310969.005.000) 2023-06-12 16:57:54 Started transferring input files
	Transferring to host: <172.30.1.106:9618?addrs=172.30.1.106-9618&alias=n6&noUDP&sock=slot1_3_3308_8900_7887>
...
040 (310969.005.000) 2023-06-12 16:57:54 Finished transferring input files
...
040 (310969.007.000) 2023-06-12 16:57:54 Started transferring input files
	Transferring to host: <172.30.1.104:9618?addrs=172.30.1.104-9618&alias=n4&noUDP&sock=slot1_1_3701_7070_6992>
...
040 (310969.006.000) 2023-06-12 16:57:54 Started transferring input files
	Transferring to host: <172.30.1.106:9618?addrs=172.30.1.106-9618&alias=n6&noUDP&sock=slot1_19_3308_8900_7888>
...
040 (310969.007.000) 2023-06-12 16:57:54 Finished transferring input files
...
040 (310969.006.000) 2023-06-12 16:57:54 Finished transferring input files
...
040 (310969.008.000) 2023-06-12 16:57:54 Started transferring input files
	Transferring to host: <172.30.1.108:9618?addrs=172.30.1.108-9618&alias=n8&noUDP&sock=slot1_22_4278_fce7_21576>
...
040 (310969.008.000) 2023-06-12 16:57:54 Finished transferring input files
...
040 (310969.009.000) 2023-06-12 16:57:55 Started transferring input files
	Transferring to host: <172.30.1.108:9618?addrs=172.30.1.108-9618&alias=n8&noUDP&sock=slot1_23_4278_fce7_21577>
...
040 (310969.009.000) 2023-06-12 16:57:55 Finished transferring input files
...
040 (310969.000.000) 2023-06-12 16:57:55 Started transferring input files
	Transferring to host: <172.30.1.110:9618?addrs=172.30.1.110-9618&alias=n10&noUDP&sock=slot1_3_4288_08a7_22292>
...
040 (310969.000.000) 2023-06-12 16:57:55 Finished transferring input files
...
040 (310969.001.000) 2023-06-12 16:57:55 Started transferring input files
	Transferring to host: <172.30.1.110:9618?addrs=172.30.1.110-9618&alias=n10&noUDP&sock=slot1_7_4288_08a7_22293>
...
040 (310969.001.000) 2023-06-12 16:57:55 Finished transferring input files
...
040 (310969.002.000) 2023-06-12 16:57:55 Started transferring input files
	Transferring to host: <172.30.1.110:9618?addrs=172.30.1.110-9618&alias=n10&noUDP&sock=slot1_8_4288_08a7_22294>
...
040 (310969.002.000) 2023-06-12 16:57:55 Finished transferring input files
...
040 (310969.003.000) 2023-06-12 16:57:55 Started transferring input files
	Transferring to host: <172.30.1.110:9618?addrs=172.30.1.110-9618&alias=n10&noUDP&sock=slot1_26_4288_08a7_22295>
...
040 (310969.003.000) 2023-06-12 16:57:55 Finished transferring input files
...
040 (310969.004.000) 2023-06-12 16:57:55 Started transferring input files
	Transferring to host: <172.30.1.110:9618?addrs=172.30.1.110-9618&alias=n10&noUDP&sock=slot1_27_4288_08a7_22296>
...
040 (310969.004.000) 2023-06-12 16:57:55 Finished transferring input files
...
001 (310969.005.000) 2023-06-12 16:57:55 Job executing on host: <172.30.1.106:9618?addrs=172.30.1.106-9618&alias=n6&noUDP&sock=startd_3274_4528>
...
001 (310969.007.000) 2023-06-12 16:57:55 Job executing on host: <172.30.1.104:9618?addrs=172.30.1.104-9618&alias=n4&noUDP&sock=startd_3667_d5e1>
...
001 (310969.006.000) 2023-06-12 16:57:55 Job executing on host: <172.30.1.106:9618?addrs=172.30.1.106-9618&alias=n6&noUDP&sock=startd_3274_4528>
...
001 (310969.008.000) 2023-06-12 16:57:55 Job executing on host: <172.30.1.108:9618?addrs=172.30.1.108-9618&alias=n8&noUDP&sock=startd_4243_ec6e>
...
001 (310969.009.000) 2023-06-12 16:57:56 Job executing on host: <172.30.1.108:9618?addrs=172.30.1.108-9618&alias=n8&noUDP&sock=startd_4243_ec6e>
...
001 (310969.000.000) 2023-06-12 16:57:56 Job executing on host: <172.30.1.110:9618?addrs=172.30.1.110-9618&alias=n10&noUDP&sock=startd_4254_77f9>
...
001 (310969.001.000) 2023-06-12 16:57:56 Job executing on host: <172.30.1.110:9618?addrs=172.30.1.110-9618&alias=n10&noUDP&sock=startd_4254_77f9>
...
001 (310969.002.000) 2023-06-12 16:57:56 Job executing on host: <172.30.1.110:9618?addrs=172.30.1.110-9618&alias=n10&noUDP&sock=startd_4254_77f9>
...
001 (310969.003.000) 2023-06-12 16:57:56 Job executing on host: <172.30.1.110:9618?addrs=172.30.1.110-9618&alias=n10&noUDP&sock=startd_4254_77f9>
...
001 (310969.004.000) 2023-06-12 16:57:56 Job executing on host: <172.30.1.110:9618?addrs=172.30.1.110-9618&alias=n10&noUDP&sock=startd_4254_77f9>
...
006 (310969.008.000) 2023-06-12 16:58:04 Image size of job updated: 646780
	184  -  MemoryUsage of job (MB)
	187604  -  ResidentSetSize of job (KB)
...
006 (310969.009.000) 2023-06-12 16:58:04 Image size of job updated: 646780
	184  -  MemoryUsage of job (MB)
	187424  -  ResidentSetSize of job (KB)
...
006 (310969.000.000) 2023-06-12 16:58:04 Image size of job updated: 646756
	184  -  MemoryUsage of job (MB)
	187472  -  ResidentSetSize of job (KB)
...
006 (310969.001.000) 2023-06-12 16:58:04 Image size of job updated: 646756
	184  -  MemoryUsage of job (MB)
	187656  -  ResidentSetSize of job (KB)
...
006 (310969.002.000) 2023-06-12 16:58:04 Image size of job updated: 644884
	184  -  MemoryUsage of job (MB)
	187672  -  ResidentSetSize of job (KB)
...
006 (310969.003.000) 2023-06-12 16:58:04 Image size of job updated: 644880
	184  -  MemoryUsage of job (MB)
	187428  -  ResidentSetSize of job (KB)
...
006 (310969.004.000) 2023-06-12 16:58:04 Image size of job updated: 646752
	184  -  MemoryUsage of job (MB)
	187424  -  ResidentSetSize of job (KB)
...
006 (310969.005.000) 2023-06-12 16:58:04 Image size of job updated: 625108
	183  -  MemoryUsage of job (MB)
	187220  -  ResidentSetSize of job (KB)
...
006 (310969.007.000) 2023-06-12 16:58:04 Image size of job updated: 371772
	161  -  MemoryUsage of job (MB)
	164664  -  ResidentSetSize of job (KB)
...
006 (310969.006.000) 2023-06-12 16:58:04 Image size of job updated: 630284
	183  -  MemoryUsage of job (MB)
	187212  -  ResidentSetSize of job (KB)
...
006 (310969.003.000) 2023-06-12 16:59:38 Image size of job updated: 689456
	184  -  MemoryUsage of job (MB)
	187428  -  ResidentSetSize of job (KB)
...
040 (310969.003.000) 2023-06-12 16:59:38 Started transferring output files
...
040 (310969.003.000) 2023-06-12 16:59:38 Finished transferring output files
...
005 (310969.003.000) 2023-06-12 16:59:38 Job terminated.
	(1) Normal termination (return value 0)
		Usr 0 00:01:38, Sys 0 00:00:01  -  Run Remote Usage
		Usr 0 00:00:00, Sys 0 00:00:00  -  Run Local Usage
		Usr 0 00:01:38, Sys 0 00:00:01  -  Total Remote Usage
		Usr 0 00:00:00, Sys 0 00:00:00  -  Total Local Usage
	5401  -  Run Bytes Sent By Job
	147  -  Run Bytes Received By Job
	5401  -  Total Bytes Sent By Job
	147  -  Total Bytes Received By Job
	Partitionable Resources :    Usage  Request Allocated 
	   Cpus                 :     0.99        1         1 
	   Disk (KB)            :    56           1    127899 
	   Memory (MB)          :   184        3900      3968 

	Job terminated of its own accord at 2023-06-12T07:59:38Z.
...
006 (310969.000.000) 2023-06-12 16:59:53 Image size of job updated: 689460
	184  -  MemoryUsage of job (MB)
	187472  -  ResidentSetSize of job (KB)
...
040 (310969.000.000) 2023-06-12 16:59:53 Started transferring output files
...
040 (310969.000.000) 2023-06-12 16:59:53 Finished transferring output files
...
005 (310969.000.000) 2023-06-12 16:59:53 Job terminated.
	(1) Normal termination (return value 0)
		Usr 0 00:01:53, Sys 0 00:00:01  -  Run Remote Usage
		Usr 0 00:00:00, Sys 0 00:00:00  -  Run Local Usage
		Usr 0 00:01:53, Sys 0 00:00:01  -  Total Remote Usage
		Usr 0 00:00:00, Sys 0 00:00:00  -  Total Local Usage
	5493  -  Run Bytes Sent By Job
	147  -  Run Bytes Received By Job
	5493  -  Total Bytes Sent By Job
	147  -  Total Bytes Received By Job
	Partitionable Resources :    Usage  Request Allocated 
	   Cpus                 :     0.99        1         1 
	   Disk (KB)            :    56           1    127899 
	   Memory (MB)          :   184        3900      3968 

	Job terminated of its own accord at 2023-06-12T07:59:53Z.
...
006 (310969.008.000) 2023-06-12 17:00:02 Image size of job updated: 691868
	184  -  MemoryUsage of job (MB)
	187604  -  ResidentSetSize of job (KB)
...
040 (310969.008.000) 2023-06-12 17:00:02 Started transferring output files
...
040 (310969.008.000) 2023-06-12 17:00:02 Finished transferring output files
...
005 (310969.008.000) 2023-06-12 17:00:02 Job terminated.
	(1) Normal termination (return value 0)
		Usr 0 00:02:03, Sys 0 00:00:01  -  Run Remote Usage
		Usr 0 00:00:00, Sys 0 00:00:00  -  Run Local Usage
		Usr 0 00:02:03, Sys 0 00:00:01  -  Total Remote Usage
		Usr 0 00:00:00, Sys 0 00:00:00  -  Total Local Usage
	5388  -  Run Bytes Sent By Job
	147  -  Run Bytes Received By Job
	5388  -  Total Bytes Sent By Job
	147  -  Total Bytes Received By Job
	Partitionable Resources :    Usage  Request Allocated 
	   Cpus                 :     1.00        1         1 
	   Disk (KB)            :    56           1    127899 
	   Memory (MB)          :   184        3900      3968 

	Job terminated of its own accord at 2023-06-12T08:00:02Z.
...
006 (310969.004.000) 2023-06-12 17:00:04 Image size of job updated: 686556
	184  -  MemoryUsage of job (MB)
	187424  -  ResidentSetSize of job (KB)
...
040 (310969.004.000) 2023-06-12 17:00:04 Started transferring output files
...
040 (310969.004.000) 2023-06-12 17:00:04 Finished transferring output files
...
005 (310969.004.000) 2023-06-12 17:00:04 Job terminated.
	(1) Normal termination (return value 0)
		Usr 0 00:02:03, Sys 0 00:00:02  -  Run Remote Usage
		Usr 0 00:00:00, Sys 0 00:00:00  -  Run Local Usage
		Usr 0 00:02:03, Sys 0 00:00:02  -  Total Remote Usage
		Usr 0 00:00:00, Sys 0 00:00:00  -  Total Local Usage
	5093  -  Run Bytes Sent By Job
	147  -  Run Bytes Received By Job
	5093  -  Total Bytes Sent By Job
	147  -  Total Bytes Received By Job
	Partitionable Resources :    Usage  Request Allocated 
	   Cpus                 :     0.96        1         1 
	   Disk (KB)            :    55           1    127899 
	   Memory (MB)          :   184        3900      3968 

	Job terminated of its own accord at 2023-06-12T08:00:04Z.
...
006 (310969.006.000) 2023-06-12 17:00:05 Image size of job updated: 689424
	183  -  MemoryUsage of job (MB)
	187212  -  ResidentSetSize of job (KB)
...
040 (310969.006.000) 2023-06-12 17:00:05 Started transferring output files
...
040 (310969.006.000) 2023-06-12 17:00:05 Finished transferring output files
...
005 (310969.006.000) 2023-06-12 17:00:05 Job terminated.
	(1) Normal termination (return value 0)
		Usr 0 00:02:02, Sys 0 00:00:03  -  Run Remote Usage
		Usr 0 00:00:00, Sys 0 00:00:00  -  Run Local Usage
		Usr 0 00:02:02, Sys 0 00:00:03  -  Total Remote Usage
		Usr 0 00:00:00, Sys 0 00:00:00  -  Total Local Usage
	5178  -  Run Bytes Sent By Job
	147  -  Run Bytes Received By Job
	5178  -  Total Bytes Sent By Job
	147  -  Total Bytes Received By Job
	Partitionable Resources :    Usage  Request Allocated 
	   Cpus                 :     0.04        1         1 
	   Disk (KB)            :    55           1     61930 
	   Memory (MB)          :   183        3900      3968 

	Job terminated of its own accord at 2023-06-12T08:00:05Z.
...
006 (310969.001.000) 2023-06-12 17:00:07 Image size of job updated: 689460
	184  -  MemoryUsage of job (MB)
	187656  -  ResidentSetSize of job (KB)
...
040 (310969.001.000) 2023-06-12 17:00:07 Started transferring output files
...
040 (310969.001.000) 2023-06-12 17:00:07 Finished transferring output files
...
005 (310969.001.000) 2023-06-12 17:00:07 Job terminated.
	(1) Normal termination (return value 0)
		Usr 0 00:02:07, Sys 0 00:00:01  -  Run Remote Usage
		Usr 0 00:00:00, Sys 0 00:00:00  -  Run Local Usage
		Usr 0 00:02:07, Sys 0 00:00:01  -  Total Remote Usage
		Usr 0 00:00:00, Sys 0 00:00:00  -  Total Local Usage
	4947  -  Run Bytes Sent By Job
	147  -  Run Bytes Received By Job
	4947  -  Total Bytes Sent By Job
	147  -  Total Bytes Received By Job
	Partitionable Resources :    Usage  Request Allocated 
	   Cpus                 :     0.99        1         1 
	   Disk (KB)            :    55           1    127899 
	   Memory (MB)          :   184        3900      3968 

	Job terminated of its own accord at 2023-06-12T08:00:07Z.
...
006 (310969.009.000) 2023-06-12 17:00:11 Image size of job updated: 686668
	184  -  MemoryUsage of job (MB)
	187424  -  ResidentSetSize of job (KB)
...
040 (310969.009.000) 2023-06-12 17:00:11 Started transferring output files
...
040 (310969.009.000) 2023-06-12 17:00:11 Finished transferring output files
...
005 (310969.009.000) 2023-06-12 17:00:11 Job terminated.
	(1) Normal termination (return value 0)
		Usr 0 00:02:12, Sys 0 00:00:01  -  Run Remote Usage
		Usr 0 00:00:00, Sys 0 00:00:00  -  Run Local Usage
		Usr 0 00:02:12, Sys 0 00:00:01  -  Total Remote Usage
		Usr 0 00:00:00, Sys 0 00:00:00  -  Total Local Usage
	5845  -  Run Bytes Sent By Job
	147  -  Run Bytes Received By Job
	5845  -  Total Bytes Sent By Job
	147  -  Total Bytes Received By Job
	Partitionable Resources :    Usage  Request Allocated 
	   Cpus                 :     1.00        1         1 
	   Disk (KB)            :    56           1    127899 
	   Memory (MB)          :   184        3900      3968 

	Job terminated of its own accord at 2023-06-12T08:00:11Z.
...
006 (310969.002.000) 2023-06-12 17:00:33 Image size of job updated: 689444
	184  -  MemoryUsage of job (MB)
	187672  -  ResidentSetSize of job (KB)
...
040 (310969.002.000) 2023-06-12 17:00:34 Started transferring output files
...
040 (310969.002.000) 2023-06-12 17:00:34 Finished transferring output files
...
005 (310969.002.000) 2023-06-12 17:00:34 Job terminated.
	(1) Normal termination (return value 0)
		Usr 0 00:02:33, Sys 0 00:00:01  -  Run Remote Usage
		Usr 0 00:00:00, Sys 0 00:00:00  -  Run Local Usage
		Usr 0 00:02:33, Sys 0 00:00:01  -  Total Remote Usage
		Usr 0 00:00:00, Sys 0 00:00:00  -  Total Local Usage
	4767  -  Run Bytes Sent By Job
	147  -  Run Bytes Received By Job
	4767  -  Total Bytes Sent By Job
	147  -  Total Bytes Received By Job
	Partitionable Resources :    Usage  Request Allocated 
	   Cpus                 :     1.00        1         1 
	   Disk (KB)            :    55           1    127899 
	   Memory (MB)          :   184        3900      3968 

	Job terminated of its own accord at 2023-06-12T08:00:33Z.
...
006 (310969.005.000) 2023-06-12 17:00:36 Image size of job updated: 689452
	183  -  MemoryUsage of job (MB)
	187220  -  ResidentSetSize of job (KB)
...
040 (310969.005.000) 2023-06-12 17:00:36 Started transferring output files
...
040 (310969.005.000) 2023-06-12 17:00:36 Finished transferring output files
...
005 (310969.005.000) 2023-06-12 17:00:36 Job terminated.
	(1) Normal termination (return value 0)
		Usr 0 00:02:33, Sys 0 00:00:04  -  Run Remote Usage
		Usr 0 00:00:00, Sys 0 00:00:00  -  Run Local Usage
		Usr 0 00:02:33, Sys 0 00:00:04  -  Total Remote Usage
		Usr 0 00:00:00, Sys 0 00:00:00  -  Total Local Usage
	5207  -  Run Bytes Sent By Job
	147  -  Run Bytes Received By Job
	5207  -  Total Bytes Sent By Job
	147  -  Total Bytes Received By Job
	Partitionable Resources :    Usage  Request Allocated 
	   Cpus                 :     0.04        1         1 
	   Disk (KB)            :    55           1     61930 
	   Memory (MB)          :   183        3900      3968 

	Job terminated of its own accord at 2023-06-12T08:00:36Z.
...
006 (310969.007.000) 2023-06-12 17:01:28 Image size of job updated: 686680
	161  -  MemoryUsage of job (MB)
	164668  -  ResidentSetSize of job (KB)
...
040 (310969.007.000) 2023-06-12 17:01:28 Started transferring output files
...
040 (310969.007.000) 2023-06-12 17:01:28 Finished transferring output files
...
005 (310969.007.000) 2023-06-12 17:01:28 Job terminated.
	(1) Normal termination (return value 0)
		Usr 0 00:03:25, Sys 0 00:00:02  -  Run Remote Usage
		Usr 0 00:00:00, Sys 0 00:00:00  -  Run Local Usage
		Usr 0 00:03:25, Sys 0 00:00:02  -  Total Remote Usage
		Usr 0 00:00:00, Sys 0 00:00:00  -  Total Local Usage
	4272  -  Run Bytes Sent By Job
	147  -  Run Bytes Received By Job
	4272  -  Total Bytes Sent By Job
	147  -  Total Bytes Received By Job
	Partitionable Resources :    Usage  Request Allocated 
	   Cpus                 :     1.00        1         1 
	   Disk (KB)            :    55           1     61930 
	   Memory (MB)          :   161        3900      3968 

	Job terminated of its own accord at 2023-06-12T08:01:28Z.
...
