Starts at Tue Jul 25 13:21:37 2023
[tnp_tamsa] Use Configs["NUM_Mu17Leg1_DEN_TopHNT_2017"] from config/TopHNT_Muon_v0.py
Fit ibin = 3
Warning: non-zero fit status 302
[#0] ERROR:Eval -- RooAbsReal::logEvalError(sigPhysPass) evaluation error, 
 origin       : RooHistPdf::sigPhysPass[ pdfObs=(x) ]
 message      : p.d.f normalization integral is zero or negative: 0
 server values: pdfObs=(x = 71.2613)
[#0] ERROR:Eval -- RooAbsReal::logEvalError(sigPhysPass) evaluation error, 
 origin       : RooHistPdf::sigPhysPass[ pdfObs=(x) ]
 message      : p.d.f normalization integral is zero or negative: 0
 server values: pdfObs=(x = 71.3409)
[#0] ERROR:Eval -- RooAbsReal::logEvalError(sigPhysPass) evaluation error, 
 origin       : RooHistPdf::sigPhysPass[ pdfObs=(x) ]
 message      : p.d.f normalization integral is zero or negative: 0
 server values: pdfObs=(x = 71.4204)
[#0] ERROR:Eval -- RooAbsReal::logEvalError(sigPhysPass) evaluation error, 
 origin       : RooHistPdf::sigPhysPass[ pdfObs=(x) ]
 message      : p.d.f normalization integral is zero or negative: 0
 server values: pdfObs=(x = 71.5)
[#0] ERROR:Eval -- RooAbsReal::logEvalError(sigPhysPass) evaluation error, 
 origin       : RooHistPdf::sigPhysPass[ pdfObs=(x) ]
 message      : p.d.f normalization integral is zero or negative: 0
 server values: pdfObs=(x = 71.5796)
[#0] ERROR:Eval -- RooAbsReal::logEvalError(sigPhysPass) evaluation error, 
 origin       : RooHistPdf::sigPhysPass[ pdfObs=(x) ]
 message      : p.d.f normalization integral is zero or negative: 0
 server values: pdfObs=(x = 71.6591)
[#0] ERROR:Eval -- RooAbsReal::logEvalError(sigPhysPass) evaluation error, 
 origin       : RooHistPdf::sigPhysPass[ pdfObs=(x) ]
 message      : p.d.f normalization integral is zero or negative: 0
 server values: pdfObs=(x = 71.7387)
[#0] ERROR:Eval -- RooAbsReal::logEvalError(sigPhysPass) evaluation error, 
 origin       : RooHistPdf::sigPhysPass[ pdfObs=(x) ]
 message      : p.d.f normalization integral is zero or negative: 0
 server values: pdfObs=(x = 71.8183)
[#0] ERROR:Eval -- RooAbsReal::logEvalError(sigPhysPass) evaluation error, 
 origin       : RooHistPdf::sigPhysPass[ pdfObs=(x) ]
 message      : p.d.f normalization integral is zero or negative: 0
 server values: pdfObs=(x = 71.8978)
[#0] ERROR:Eval -- RooAbsReal::logEvalError(sigPhysPass) evaluation error, 
 origin       : RooHistPdf::sigPhysPass[ pdfObs=(x) ]
 message      : p.d.f normalization integral is zero or negative: 0
 server values: pdfObs=(x = 71.9774)
[#0] ERROR:Eval -- RooAbsReal::logEvalError(sigPhysPass) evaluation error, 
 origin       : RooHistPdf::sigPhysPass[ pdfObs=(x) ]
 message      : p.d.f normalization integral is zero or negative: 0
 server values: pdfObs=(x = 72.057)
[#0] ERROR:Eval -- RooAbsReal::logEvalError(sigPhysPass) evaluation error, 
 origin       : RooHistPdf::sigPhysPass[ pdfObs=(x) ]
 message      : p.d.f normalization integral is zero or negative: 0
 server values: pdfObs=(x = 72.1366)
[#0] ERROR:Eval -- RooAbsReal::logEvalError(sigPhysPass) evaluation error, 
 origin       : RooHistPdf::sigPhysPass[ pdfObs=(x) ]
 message      : p.d.f normalization integral is zero or negative: 0
 server values: pdfObs=(x = 72.2161)
[#0] ERROR:Eval -- RooAbsReal::logEvalError(sigPhysPass) evaluation error, 
 origin       : RooHistPdf::sigPhysPass[ pdfObs=(x) ]
 message      : p.d.f normalization integral is zero or negative: 0
 server values: pdfObs=(x = 86.7774)
[#0] ERROR:Eval -- RooAbsReal::logEvalError(sigPhysPass) evaluation error, 
 origin       : RooHistPdf::sigPhysPass[ pdfObs=(x) ]
 message      : p.d.f normalization integral is zero or negative: 0
 server values: pdfObs=(x = 86.857)
[#0] ERROR:Eval -- RooAbsReal::logEvalError(sigPhysPass) evaluation error, 
 origin       : RooHistPdf::sigPhysPass[ pdfObs=(x) ]
 message      : p.d.f normalization integral is zero or negative: 0
 server values: pdfObs=(x = 86.9366)
[#0] ERROR:Eval -- RooAbsReal::logEvalError(sigPhysPass) evaluation error, 
 origin       : RooHistPdf::sigPhysPass[ pdfObs=(x) ]
 message      : p.d.f normalization integral is zero or negative: 0
 server values: pdfObs=(x = 87.0161)
[#0] ERROR:Eval -- RooAbsReal::logEvalError(sigPhysPass) evaluation error, 
 origin       : RooHistPdf::sigPhysPass[ pdfObs=(x) ]
 message      : p.d.f normalization integral is zero or negative: 0
 server values: pdfObs=(x = 87.0957)
[#0] ERROR:Eval -- RooAbsReal::logEvalError(sigPhysPass) evaluation error, 
 origin       : RooHistPdf::sigPhysPass[ pdfObs=(x) ]
 message      : p.d.f normalization integral is zero or negative: 0
 server values: pdfObs=(x = 87.1753)
[#0] ERROR:Eval -- RooAbsReal::logEvalError(sigPhysPass) evaluation error, 
 origin       : RooHistPdf::sigPhysPass[ pdfObs=(x) ]
 message      : p.d.f normalization integral is zero or negative: 0
 server values: pdfObs=(x = 87.2548)
[#0] ERROR:Eval -- RooAbsReal::logEvalError(sigPhysPass) evaluation error, 
 origin       : RooHistPdf::sigPhysPass[ pdfObs=(x) ]
 message      : p.d.f normalization integral is zero or negative: 0
 server values: pdfObs=(x = 87.3344)
[#0] ERROR:Eval -- RooAbsReal::logEvalError(sigPhysPass) evaluation error, 
 origin       : RooHistPdf::sigPhysPass[ pdfObs=(x) ]
 message      : p.d.f normalization integral is zero or negative: 0
 server values: pdfObs=(x = 87.414)
[#0] ERROR:Eval -- RooAbsReal::logEvalError(sigPhysPass) evaluation error, 
 origin       : RooHistPdf::sigPhysPass[ pdfObs=(x) ]
 message      : p.d.f normalization integral is zero or negative: 0
 server values: pdfObs=(x = 87.4935)
[#0] ERROR:Eval -- RooAbsReal::logEvalError(sigPhysPass) evaluation error, 
 origin       : RooHistPdf::sigPhysPass[ pdfObs=(x) ]
 message      : p.d.f normalization integral is zero or negative: 0
 server values: pdfObs=(x = 87.5731)
[#0] ERROR:Eval -- RooAbsReal::logEvalError(sigPhysPass) evaluation error, 
 origin       : RooHistPdf::sigPhysPass[ pdfObs=(x) ]
 message      : p.d.f normalization integral is zero or negative: 0
 server values: pdfObs=(x = 87.6527)
[#0] ERROR:Eval -- RooAbsReal::logEvalError(sigPhysPass) evaluation error, 
 origin       : RooHistPdf::sigPhysPass[ pdfObs=(x) ]
 message      : p.d.f normalization integral is zero or negative: 0
 server values: pdfObs=(x = 87.7323)
[#0] ERROR:Eval -- RooAbsReal::logEvalError(sigPhysPass) evaluation error, 
 origin       : RooHistPdf::sigPhysPass[ pdfObs=(x) ]
 message      : p.d.f normalization integral is zero or negative: 0
 server values: pdfObs=(x = 90.7559)
[#0] ERROR:Eval -- RooAbsReal::logEvalError(sigPhysPass) evaluation error, 
 origin       : RooHistPdf::sigPhysPass[ pdfObs=(x) ]
 message      : p.d.f normalization integral is zero or negative: 0
 server values: pdfObs=(x = 90.8355)
[#0] ERROR:Eval -- RooAbsReal::logEvalError(sigPhysPass) evaluation error, 
 origin       : RooHistPdf::sigPhysPass[ pdfObs=(x) ]
 message      : p.d.f normalization integral is zero or negative: 0
 server values: pdfObs=(x = 90.9151)
[#0] ERROR:Eval -- RooAbsReal::logEvalError(sigPhysPass) evaluation error, 
 origin       : RooHistPdf::sigPhysPass[ pdfObs=(x) ]
 message      : p.d.f normalization integral is zero or negative: 0
 server values: pdfObs=(x = 90.9946)
[#0] ERROR:Eval -- RooAbsReal::logEvalError(sigPhysPass) evaluation error, 
 origin       : RooHistPdf::sigPhysPass[ pdfObs=(x) ]
 message      : p.d.f normalization integral is zero or negative: 0
 server values: pdfObs=(x = 91.0742)
[#0] ERROR:Eval -- RooAbsReal::logEvalError(sigPhysPass) evaluation error, 
 origin       : RooHistPdf::sigPhysPass[ pdfObs=(x) ]
 message      : p.d.f normalization integral is zero or negative: 0
 server values: pdfObs=(x = 91.1538)
[#0] ERROR:Eval -- RooAbsReal::logEvalError(sigPhysPass) evaluation error, 
 origin       : RooHistPdf::sigPhysPass[ pdfObs=(x) ]
 message      : p.d.f normalization integral is zero or negative: 0
 server values: pdfObs=(x = 91.2333)
[#0] ERROR:Eval -- RooAbsReal::logEvalError(sigPhysPass) evaluation error, 
 origin       : RooHistPdf::sigPhysPass[ pdfObs=(x) ]
 message      : p.d.f normalization integral is zero or negative: 0
 server values: pdfObs=(x = 91.3129)
[#0] ERROR:Eval -- RooAbsReal::logEvalError(sigPhysPass) evaluation error, 
 origin       : RooHistPdf::sigPhysPass[ pdfObs=(x) ]
 message      : p.d.f normalization integral is zero or negative: 0
 server values: pdfObs=(x = 91.3925)
[#0] ERROR:Eval -- RooAbsReal::logEvalError(sigPhysPass) evaluation error, 
 origin       : RooHistPdf::sigPhysPass[ pdfObs=(x) ]
 message      : p.d.f normalization integral is zero or negative: 0
 server values: pdfObs=(x = 91.472)
[#0] ERROR:Eval -- RooAbsReal::logEvalError(sigPhysPass) evaluation error, 
 origin       : RooHistPdf::sigPhysPass[ pdfObs=(x) ]
 message      : p.d.f normalization integral is zero or negative: 0
 server values: pdfObs=(x = 91.5516)
[#0] ERROR:Eval -- RooAbsReal::logEvalError(sigPhysPass) evaluation error, 
 origin       : RooHistPdf::sigPhysPass[ pdfObs=(x) ]
 message      : p.d.f normalization integral is zero or negative: 0
 server values: pdfObs=(x = 91.6312)
[#0] ERROR:Eval -- RooAbsReal::logEvalError(sigPhysPass) evaluation error, 
 origin       : RooHistPdf::sigPhysPass[ pdfObs=(x) ]
 message      : p.d.f normalization integral is zero or negative: 0
 server values: pdfObs=(x = 91.7108)
[#0] ERROR:Eval -- RooAbsReal::logEvalError(sigPhysPass) evaluation error, 
 origin       : RooHistPdf::sigPhysPass[ pdfObs=(x) ]
 message      : p.d.f normalization integral is zero or negative: 0
 server values: pdfObs=(x = 91.7903)
[#0] ERROR:Eval -- RooAbsReal::logEvalError(sigPhysPass) evaluation error, 
 origin       : RooHistPdf::sigPhysPass[ pdfObs=(x) ]
 message      : p.d.f normalization integral is zero or negative: 0
 server values: pdfObs=(x = 91.8699)
[#0] ERROR:Eval -- RooAbsReal::logEvalError(sigPhysPass) evaluation error, 
 origin       : RooHistPdf::sigPhysPass[ pdfObs=(x) ]
 message      : p.d.f normalization integral is zero or negative: 0
 server values: pdfObs=(x = 91.9495)
[#0] ERROR:Eval -- RooAbsReal::logEvalError(sigPhysPass) evaluation error, 
 origin       : RooHistPdf::sigPhysPass[ pdfObs=(x) ]
 message      : p.d.f normalization integral is zero or negative: 0
 server values: pdfObs=(x = 92.029)
[#0] ERROR:Eval -- RooAbsReal::logEvalError(sigPhysPass) evaluation error, 
 origin       : RooHistPdf::sigPhysPass[ pdfObs=(x) ]
 message      : p.d.f normalization integral is zero or negative: 0
 server values: pdfObs=(x = 92.1086)
[#0] ERROR:Eval -- RooAbsReal::logEvalError(sigPhysPass) evaluation error, 
 origin       : RooHistPdf::sigPhysPass[ pdfObs=(x) ]
 message      : p.d.f normalization integral is zero or negative: 0
 server values: pdfObs=(x = 92.1882)
[#0] ERROR:Eval -- RooAbsReal::logEvalError(sigPhysPass) evaluation error, 
 origin       : RooHistPdf::sigPhysPass[ pdfObs=(x) ]
 message      : p.d.f normalization integral is zero or negative: 0
 server values: pdfObs=(x = 93.7796)
[#0] ERROR:Eval -- RooAbsReal::logEvalError(sigPhysPass) evaluation error, 
 origin       : RooHistPdf::sigPhysPass[ pdfObs=(x) ]
 message      : p.d.f normalization integral is zero or negative: 0
 server values: pdfObs=(x = 93.8591)
[#0] ERROR:Eval -- RooAbsReal::logEvalError(sigPhysPass) evaluation error, 
 origin       : RooHistPdf::sigPhysPass[ pdfObs=(x) ]
 message      : p.d.f normalization integral is zero or negative: 0
 server values: pdfObs=(x = 93.9387)
[#0] ERROR:Eval -- RooAbsReal::logEvalError(sigPhysPass) evaluation error, 
 origin       : RooHistPdf::sigPhysPass[ pdfObs=(x) ]
 message      : p.d.f normalization integral is zero or negative: 0
 server values: pdfObs=(x = 94.0183)
[#0] ERROR:Eval -- RooAbsReal::logEvalError(sigPhysPass) evaluation error, 
 origin       : RooHistPdf::sigPhysPass[ pdfObs=(x) ]
 message      : p.d.f normalization integral is zero or negative: 0
 server values: pdfObs=(x = 94.0978)
[#0] ERROR:Eval -- RooAbsReal::logEvalError(sigPhysPass) evaluation error, 
 origin       : RooHistPdf::sigPhysPass[ pdfObs=(x) ]
 message      : p.d.f normalization integral is zero or negative: 0
 server values: pdfObs=(x = 94.1774)
[#0] ERROR:Eval -- RooAbsReal::logEvalError(sigPhysPass) evaluation error, 
 origin       : RooHistPdf::sigPhysPass[ pdfObs=(x) ]
 message      : p.d.f normalization integral is zero or negative: 0
 server values: pdfObs=(x = 94.257)
[#0] ERROR:Eval -- RooAbsReal::logEvalError(sigPhysPass) evaluation error, 
 origin       : RooHistPdf::sigPhysPass[ pdfObs=(x) ]
 message      : p.d.f normalization integral is zero or negative: 0
 server values: pdfObs=(x = 94.3366)
[#0] ERROR:Eval -- RooAbsReal::logEvalError(sigPhysPass) evaluation error, 
 origin       : RooHistPdf::sigPhysPass[ pdfObs=(x) ]
 message      : p.d.f normalization integral is zero or negative: 0
 server values: pdfObs=(x = 94.4161)
[#0] ERROR:Eval -- RooAbsReal::logEvalError(sigPhysPass) evaluation error, 
 origin       : RooHistPdf::sigPhysPass[ pdfObs=(x) ]
 message      : p.d.f normalization integral is zero or negative: 0
 server values: pdfObs=(x = 94.4957)
[#0] ERROR:Eval -- RooAbsReal::logEvalError(sigPhysPass) evaluation error, 
 origin       : RooHistPdf::sigPhysPass[ pdfObs=(x) ]
 message      : p.d.f normalization integral is zero or negative: 0
 server values: pdfObs=(x = 94.5753)
[#0] ERROR:Eval -- RooAbsReal::logEvalError(sigPhysPass) evaluation error, 
 origin       : RooHistPdf::sigPhysPass[ pdfObs=(x) ]
 message      : p.d.f normalization integral is zero or negative: 0
 server values: pdfObs=(x = 94.6548)
[#0] ERROR:Eval -- RooAbsReal::logEvalError(sigPhysPass) evaluation error, 
 origin       : RooHistPdf::sigPhysPass[ pdfObs=(x) ]
 message      : p.d.f normalization integral is zero or negative: 0
 server values: pdfObs=(x = 94.7344)
Fit ibin = 13
Warning: non-zero fit status 3
Warning: non-zero fit status 1
Fit ibin = 23
Warning: non-zero fit status 3
Warning: non-zero fit status 3
Fit ibin = 33
Ends at  Tue Jul 25 13:21:59 2023
Time took 22.0989689827 seconds.
