000 (310683.000.000) 2023-06-12 12:52:00 Job submitted from host: <172.30.1.200:9618?addrs=172.30.1.200-9618&alias=tamsa2.snu.ac.kr&noUDP&sock=schedd_3510_2582>
...
000 (310683.001.000) 2023-06-12 12:52:00 Job submitted from host: <172.30.1.200:9618?addrs=172.30.1.200-9618&alias=tamsa2.snu.ac.kr&noUDP&sock=schedd_3510_2582>
...
000 (310683.002.000) 2023-06-12 12:52:00 Job submitted from host: <172.30.1.200:9618?addrs=172.30.1.200-9618&alias=tamsa2.snu.ac.kr&noUDP&sock=schedd_3510_2582>
...
000 (310683.003.000) 2023-06-12 12:52:00 Job submitted from host: <172.30.1.200:9618?addrs=172.30.1.200-9618&alias=tamsa2.snu.ac.kr&noUDP&sock=schedd_3510_2582>
...
000 (310683.004.000) 2023-06-12 12:52:00 Job submitted from host: <172.30.1.200:9618?addrs=172.30.1.200-9618&alias=tamsa2.snu.ac.kr&noUDP&sock=schedd_3510_2582>
...
000 (310683.005.000) 2023-06-12 12:52:00 Job submitted from host: <172.30.1.200:9618?addrs=172.30.1.200-9618&alias=tamsa2.snu.ac.kr&noUDP&sock=schedd_3510_2582>
...
000 (310683.006.000) 2023-06-12 12:52:00 Job submitted from host: <172.30.1.200:9618?addrs=172.30.1.200-9618&alias=tamsa2.snu.ac.kr&noUDP&sock=schedd_3510_2582>
...
000 (310683.007.000) 2023-06-12 12:52:00 Job submitted from host: <172.30.1.200:9618?addrs=172.30.1.200-9618&alias=tamsa2.snu.ac.kr&noUDP&sock=schedd_3510_2582>
...
000 (310683.008.000) 2023-06-12 12:52:00 Job submitted from host: <172.30.1.200:9618?addrs=172.30.1.200-9618&alias=tamsa2.snu.ac.kr&noUDP&sock=schedd_3510_2582>
...
000 (310683.009.000) 2023-06-12 12:52:00 Job submitted from host: <172.30.1.200:9618?addrs=172.30.1.200-9618&alias=tamsa2.snu.ac.kr&noUDP&sock=schedd_3510_2582>
...
001 (310683.000.000) 2023-06-12 12:52:12 Job executing on host: <172.30.1.201:9618?addrs=172.30.1.201-9618&alias=node1&noUDP&sock=startd_4675_3d58>
...
001 (310683.001.000) 2023-06-12 12:52:12 Job executing on host: <172.30.1.201:9618?addrs=172.30.1.201-9618&alias=node1&noUDP&sock=startd_4675_3d58>
...
001 (310683.002.000) 2023-06-12 12:52:13 Job executing on host: <172.30.1.201:9618?addrs=172.30.1.201-9618&alias=node1&noUDP&sock=startd_4675_3d58>
...
001 (310683.003.000) 2023-06-12 12:52:13 Job executing on host: <172.30.1.201:9618?addrs=172.30.1.201-9618&alias=node1&noUDP&sock=startd_4675_3d58>
...
001 (310683.004.000) 2023-06-12 12:52:13 Job executing on host: <172.30.1.201:9618?addrs=172.30.1.201-9618&alias=node1&noUDP&sock=startd_4675_3d58>
...
001 (310683.005.000) 2023-06-12 12:52:13 Job executing on host: <172.30.1.201:9618?addrs=172.30.1.201-9618&alias=node1&noUDP&sock=startd_4675_3d58>
...
001 (310683.006.000) 2023-06-12 12:52:13 Job executing on host: <172.30.1.201:9618?addrs=172.30.1.201-9618&alias=node1&noUDP&sock=startd_4675_3d58>
...
001 (310683.007.000) 2023-06-12 12:52:13 Job executing on host: <172.30.1.201:9618?addrs=172.30.1.201-9618&alias=node1&noUDP&sock=startd_4675_3d58>
...
001 (310683.008.000) 2023-06-12 12:52:13 Job executing on host: <172.30.1.201:9618?addrs=172.30.1.201-9618&alias=node1&noUDP&sock=startd_4675_3d58>
...
001 (310683.009.000) 2023-06-12 12:52:13 Job executing on host: <172.30.1.201:9618?addrs=172.30.1.201-9618&alias=node1&noUDP&sock=startd_4675_3d58>
...
006 (310683.001.000) 2023-06-12 12:52:21 Image size of job updated: 144052
	138  -  MemoryUsage of job (MB)
	140356  -  ResidentSetSize of job (KB)
...
006 (310683.002.000) 2023-06-12 12:52:21 Image size of job updated: 146032
	138  -  MemoryUsage of job (MB)
	140364  -  ResidentSetSize of job (KB)
...
006 (310683.003.000) 2023-06-12 12:52:21 Image size of job updated: 153556
	138  -  MemoryUsage of job (MB)
	140352  -  ResidentSetSize of job (KB)
...
006 (310683.004.000) 2023-06-12 12:52:21 Image size of job updated: 148836
	140  -  MemoryUsage of job (MB)
	143276  -  ResidentSetSize of job (KB)
...
006 (310683.005.000) 2023-06-12 12:52:21 Image size of job updated: 150432
	144  -  MemoryUsage of job (MB)
	146824  -  ResidentSetSize of job (KB)
...
006 (310683.000.000) 2023-06-12 12:52:21 Image size of job updated: 163564
	155  -  MemoryUsage of job (MB)
	158104  -  ResidentSetSize of job (KB)
...
006 (310683.006.000) 2023-06-12 12:52:22 Image size of job updated: 192924
	173  -  MemoryUsage of job (MB)
	177124  -  ResidentSetSize of job (KB)
...
006 (310683.007.000) 2023-06-12 12:52:22 Image size of job updated: 634092
	173  -  MemoryUsage of job (MB)
	177120  -  ResidentSetSize of job (KB)
...
006 (310683.008.000) 2023-06-12 12:52:22 Image size of job updated: 634096
	174  -  MemoryUsage of job (MB)
	177548  -  ResidentSetSize of job (KB)
...
006 (310683.009.000) 2023-06-12 12:52:22 Image size of job updated: 634092
	176  -  MemoryUsage of job (MB)
	179320  -  ResidentSetSize of job (KB)
...
006 (310683.007.000) 2023-06-12 12:53:32 Image size of job updated: 690464
	173  -  MemoryUsage of job (MB)
	177124  -  ResidentSetSize of job (KB)
...
005 (310683.007.000) 2023-06-12 12:53:32 Job terminated.
	(1) Normal termination (return value 0)
		Usr 0 00:01:12, Sys 0 00:00:01  -  Run Remote Usage
		Usr 0 00:00:00, Sys 0 00:00:00  -  Run Local Usage
		Usr 0 00:01:12, Sys 0 00:00:01  -  Total Remote Usage
		Usr 0 00:00:00, Sys 0 00:00:00  -  Total Local Usage
	0  -  Run Bytes Sent By Job
	0  -  Run Bytes Received By Job
	0  -  Total Bytes Sent By Job
	0  -  Total Bytes Received By Job
	Partitionable Resources :    Usage  Request Allocated 
	   Cpus                 :                 1         1 
	   Disk (KB)            :        1        1    128992 
	   Memory (MB)          :      173     3900      3968 

	Job terminated of its own accord at 2023-06-12T03:53:32Z.
...
006 (310683.003.000) 2023-06-12 12:53:48 Image size of job updated: 688460
	138  -  MemoryUsage of job (MB)
	140352  -  ResidentSetSize of job (KB)
...
005 (310683.003.000) 2023-06-12 12:53:48 Job terminated.
	(1) Normal termination (return value 0)
		Usr 0 00:01:25, Sys 0 00:00:01  -  Run Remote Usage
		Usr 0 00:00:00, Sys 0 00:00:00  -  Run Local Usage
		Usr 0 00:01:25, Sys 0 00:00:01  -  Total Remote Usage
		Usr 0 00:00:00, Sys 0 00:00:00  -  Total Local Usage
	0  -  Run Bytes Sent By Job
	0  -  Run Bytes Received By Job
	0  -  Total Bytes Sent By Job
	0  -  Total Bytes Received By Job
	Partitionable Resources :    Usage  Request Allocated 
	   Cpus                 :                 1         1 
	   Disk (KB)            :        1        1    128992 
	   Memory (MB)          :      138     3900      3968 

	Job terminated of its own accord at 2023-06-12T03:53:48Z.
...
006 (310683.002.000) 2023-06-12 12:54:04 Image size of job updated: 690468
	138  -  MemoryUsage of job (MB)
	140364  -  ResidentSetSize of job (KB)
...
005 (310683.002.000) 2023-06-12 12:54:04 Job terminated.
	(1) Normal termination (return value 0)
		Usr 0 00:01:43, Sys 0 00:00:01  -  Run Remote Usage
		Usr 0 00:00:00, Sys 0 00:00:00  -  Run Local Usage
		Usr 0 00:01:43, Sys 0 00:00:01  -  Total Remote Usage
		Usr 0 00:00:00, Sys 0 00:00:00  -  Total Local Usage
	0  -  Run Bytes Sent By Job
	0  -  Run Bytes Received By Job
	0  -  Total Bytes Sent By Job
	0  -  Total Bytes Received By Job
	Partitionable Resources :    Usage  Request Allocated 
	   Cpus                 :                 1         1 
	   Disk (KB)            :        1        1    128992 
	   Memory (MB)          :      138     3900      3968 

	Job terminated of its own accord at 2023-06-12T03:54:04Z.
...
006 (310683.006.000) 2023-06-12 12:54:05 Image size of job updated: 688456
	174  -  MemoryUsage of job (MB)
	177308  -  ResidentSetSize of job (KB)
...
005 (310683.006.000) 2023-06-12 12:54:05 Job terminated.
	(1) Normal termination (return value 0)
		Usr 0 00:01:44, Sys 0 00:00:01  -  Run Remote Usage
		Usr 0 00:00:00, Sys 0 00:00:00  -  Run Local Usage
		Usr 0 00:01:44, Sys 0 00:00:01  -  Total Remote Usage
		Usr 0 00:00:00, Sys 0 00:00:00  -  Total Local Usage
	0  -  Run Bytes Sent By Job
	0  -  Run Bytes Received By Job
	0  -  Total Bytes Sent By Job
	0  -  Total Bytes Received By Job
	Partitionable Resources :    Usage  Request Allocated 
	   Cpus                 :                 1         1 
	   Disk (KB)            :        1        1    128992 
	   Memory (MB)          :      174     3900      3968 

	Job terminated of its own accord at 2023-06-12T03:54:05Z.
...
006 (310683.008.000) 2023-06-12 12:54:07 Image size of job updated: 688420
	174  -  MemoryUsage of job (MB)
	177568  -  ResidentSetSize of job (KB)
...
005 (310683.008.000) 2023-06-12 12:54:07 Job terminated.
	(1) Normal termination (return value 0)
		Usr 0 00:01:46, Sys 0 00:00:01  -  Run Remote Usage
		Usr 0 00:00:00, Sys 0 00:00:00  -  Run Local Usage
		Usr 0 00:01:46, Sys 0 00:00:01  -  Total Remote Usage
		Usr 0 00:00:00, Sys 0 00:00:00  -  Total Local Usage
	0  -  Run Bytes Sent By Job
	0  -  Run Bytes Received By Job
	0  -  Total Bytes Sent By Job
	0  -  Total Bytes Received By Job
	Partitionable Resources :    Usage  Request Allocated 
	   Cpus                 :                 1         1 
	   Disk (KB)            :        1        1    128992 
	   Memory (MB)          :      174     3900      3968 

	Job terminated of its own accord at 2023-06-12T03:54:07Z.
...
006 (310683.000.000) 2023-06-12 12:54:07 Image size of job updated: 688424
	155  -  MemoryUsage of job (MB)
	158300  -  ResidentSetSize of job (KB)
...
005 (310683.000.000) 2023-06-12 12:54:07 Job terminated.
	(1) Normal termination (return value 0)
		Usr 0 00:01:47, Sys 0 00:00:01  -  Run Remote Usage
		Usr 0 00:00:00, Sys 0 00:00:00  -  Run Local Usage
		Usr 0 00:01:47, Sys 0 00:00:01  -  Total Remote Usage
		Usr 0 00:00:00, Sys 0 00:00:00  -  Total Local Usage
	0  -  Run Bytes Sent By Job
	0  -  Run Bytes Received By Job
	0  -  Total Bytes Sent By Job
	0  -  Total Bytes Received By Job
	Partitionable Resources :    Usage  Request Allocated 
	   Cpus                 :                 1         1 
	   Disk (KB)            :        1        1    128992 
	   Memory (MB)          :      155     3900      3968 

	Job terminated of its own accord at 2023-06-12T03:54:07Z.
...
006 (310683.005.000) 2023-06-12 12:54:13 Image size of job updated: 690864
	144  -  MemoryUsage of job (MB)
	146884  -  ResidentSetSize of job (KB)
...
005 (310683.005.000) 2023-06-12 12:54:13 Job terminated.
	(1) Normal termination (return value 0)
		Usr 0 00:01:52, Sys 0 00:00:01  -  Run Remote Usage
		Usr 0 00:00:00, Sys 0 00:00:00  -  Run Local Usage
		Usr 0 00:01:52, Sys 0 00:00:01  -  Total Remote Usage
		Usr 0 00:00:00, Sys 0 00:00:00  -  Total Local Usage
	0  -  Run Bytes Sent By Job
	0  -  Run Bytes Received By Job
	0  -  Total Bytes Sent By Job
	0  -  Total Bytes Received By Job
	Partitionable Resources :    Usage  Request Allocated 
	   Cpus                 :                 1         1 
	   Disk (KB)            :        1        1    128992 
	   Memory (MB)          :      144     3900      3968 

	Job terminated of its own accord at 2023-06-12T03:54:13Z.
...
006 (310683.004.000) 2023-06-12 12:54:14 Image size of job updated: 688460
	140  -  MemoryUsage of job (MB)
	143340  -  ResidentSetSize of job (KB)
...
005 (310683.004.000) 2023-06-12 12:54:14 Job terminated.
	(1) Normal termination (return value 0)
		Usr 0 00:01:53, Sys 0 00:00:01  -  Run Remote Usage
		Usr 0 00:00:00, Sys 0 00:00:00  -  Run Local Usage
		Usr 0 00:01:53, Sys 0 00:00:01  -  Total Remote Usage
		Usr 0 00:00:00, Sys 0 00:00:00  -  Total Local Usage
	0  -  Run Bytes Sent By Job
	0  -  Run Bytes Received By Job
	0  -  Total Bytes Sent By Job
	0  -  Total Bytes Received By Job
	Partitionable Resources :    Usage  Request Allocated 
	   Cpus                 :                 1         1 
	   Disk (KB)            :        1        1    128992 
	   Memory (MB)          :      140     3900      3968 

	Job terminated of its own accord at 2023-06-12T03:54:14Z.
...
006 (310683.009.000) 2023-06-12 12:54:30 Image size of job updated: 690856
	176  -  MemoryUsage of job (MB)
	179328  -  ResidentSetSize of job (KB)
...
005 (310683.009.000) 2023-06-12 12:54:30 Job terminated.
	(1) Normal termination (return value 0)
		Usr 0 00:02:10, Sys 0 00:00:01  -  Run Remote Usage
		Usr 0 00:00:00, Sys 0 00:00:00  -  Run Local Usage
		Usr 0 00:02:10, Sys 0 00:00:01  -  Total Remote Usage
		Usr 0 00:00:00, Sys 0 00:00:00  -  Total Local Usage
	0  -  Run Bytes Sent By Job
	0  -  Run Bytes Received By Job
	0  -  Total Bytes Sent By Job
	0  -  Total Bytes Received By Job
	Partitionable Resources :    Usage  Request Allocated 
	   Cpus                 :                 1         1 
	   Disk (KB)            :        1        1    128992 
	   Memory (MB)          :      176     3900      3968 

	Job terminated of its own accord at 2023-06-12T03:54:30Z.
...
006 (310683.001.000) 2023-06-12 12:54:33 Image size of job updated: 688456
	138  -  MemoryUsage of job (MB)
	140356  -  ResidentSetSize of job (KB)
...
005 (310683.001.000) 2023-06-12 12:54:33 Job terminated.
	(1) Normal termination (return value 0)
		Usr 0 00:02:12, Sys 0 00:00:01  -  Run Remote Usage
		Usr 0 00:00:00, Sys 0 00:00:00  -  Run Local Usage
		Usr 0 00:02:12, Sys 0 00:00:01  -  Total Remote Usage
		Usr 0 00:00:00, Sys 0 00:00:00  -  Total Local Usage
	0  -  Run Bytes Sent By Job
	0  -  Run Bytes Received By Job
	0  -  Total Bytes Sent By Job
	0  -  Total Bytes Received By Job
	Partitionable Resources :    Usage  Request Allocated 
	   Cpus                 :                 1         1 
	   Disk (KB)            :        1        1    128992 
	   Memory (MB)          :      138     3900      3968 

	Job terminated of its own accord at 2023-06-12T03:54:33Z.
...
000 (310908.000.000) 2023-06-12 15:21:29 Job submitted from host: <172.30.1.200:9618?addrs=172.30.1.200-9618&alias=tamsa2.snu.ac.kr&noUDP&sock=schedd_3510_2582>
...
000 (310908.001.000) 2023-06-12 15:21:29 Job submitted from host: <172.30.1.200:9618?addrs=172.30.1.200-9618&alias=tamsa2.snu.ac.kr&noUDP&sock=schedd_3510_2582>
...
000 (310908.002.000) 2023-06-12 15:21:29 Job submitted from host: <172.30.1.200:9618?addrs=172.30.1.200-9618&alias=tamsa2.snu.ac.kr&noUDP&sock=schedd_3510_2582>
...
000 (310908.003.000) 2023-06-12 15:21:29 Job submitted from host: <172.30.1.200:9618?addrs=172.30.1.200-9618&alias=tamsa2.snu.ac.kr&noUDP&sock=schedd_3510_2582>
...
000 (310908.004.000) 2023-06-12 15:21:29 Job submitted from host: <172.30.1.200:9618?addrs=172.30.1.200-9618&alias=tamsa2.snu.ac.kr&noUDP&sock=schedd_3510_2582>
...
000 (310908.005.000) 2023-06-12 15:21:29 Job submitted from host: <172.30.1.200:9618?addrs=172.30.1.200-9618&alias=tamsa2.snu.ac.kr&noUDP&sock=schedd_3510_2582>
...
000 (310908.006.000) 2023-06-12 15:21:29 Job submitted from host: <172.30.1.200:9618?addrs=172.30.1.200-9618&alias=tamsa2.snu.ac.kr&noUDP&sock=schedd_3510_2582>
...
000 (310908.007.000) 2023-06-12 15:21:29 Job submitted from host: <172.30.1.200:9618?addrs=172.30.1.200-9618&alias=tamsa2.snu.ac.kr&noUDP&sock=schedd_3510_2582>
...
000 (310908.008.000) 2023-06-12 15:21:29 Job submitted from host: <172.30.1.200:9618?addrs=172.30.1.200-9618&alias=tamsa2.snu.ac.kr&noUDP&sock=schedd_3510_2582>
...
000 (310908.009.000) 2023-06-12 15:21:29 Job submitted from host: <172.30.1.200:9618?addrs=172.30.1.200-9618&alias=tamsa2.snu.ac.kr&noUDP&sock=schedd_3510_2582>
...
001 (310908.000.000) 2023-06-12 15:22:42 Job executing on host: <172.30.1.208:9618?addrs=172.30.1.208-9618&alias=node8&noUDP&sock=startd_3802_6f2a>
...
006 (310908.000.000) 2023-06-12 15:22:51 Image size of job updated: 156592
	148  -  MemoryUsage of job (MB)
	151444  -  ResidentSetSize of job (KB)
...
001 (310908.001.000) 2023-06-12 15:23:19 Job executing on host: <172.30.1.205:9618?addrs=172.30.1.205-9618&alias=node5&noUDP&sock=startd_3770_7c22>
...
001 (310908.004.000) 2023-06-12 15:23:19 Job executing on host: <172.30.1.206:9618?addrs=172.30.1.206-9618&alias=node6&noUDP&sock=startd_3777_494c>
...
001 (310908.009.000) 2023-06-12 15:23:20 Job executing on host: <172.30.1.203:9618?addrs=172.30.1.203-9618&alias=node3&noUDP&sock=startd_3773_8aeb>
...
001 (310908.006.000) 2023-06-12 15:23:20 Job executing on host: <172.30.1.206:9618?addrs=172.30.1.206-9618&alias=node6&noUDP&sock=startd_3777_494c>
...
001 (310908.002.000) 2023-06-12 15:23:20 Job executing on host: <172.30.1.205:9618?addrs=172.30.1.205-9618&alias=node5&noUDP&sock=startd_3770_7c22>
...
001 (310908.005.000) 2023-06-12 15:23:20 Job executing on host: <172.30.1.206:9618?addrs=172.30.1.206-9618&alias=node6&noUDP&sock=startd_3777_494c>
...
001 (310908.003.000) 2023-06-12 15:23:20 Job executing on host: <172.30.1.205:9618?addrs=172.30.1.205-9618&alias=node5&noUDP&sock=startd_3770_7c22>
...
001 (310908.007.000) 2023-06-12 15:23:20 Job executing on host: <172.30.1.206:9618?addrs=172.30.1.206-9618&alias=node6&noUDP&sock=startd_3777_494c>
...
001 (310908.008.000) 2023-06-12 15:23:20 Job executing on host: <172.30.1.206:9618?addrs=172.30.1.206-9618&alias=node6&noUDP&sock=startd_3777_494c>
...
006 (310908.004.000) 2023-06-12 15:23:28 Image size of job updated: 187536
	184  -  MemoryUsage of job (MB)
	187536  -  ResidentSetSize of job (KB)
...
006 (310908.001.000) 2023-06-12 15:23:28 Image size of job updated: 605784
	184  -  MemoryUsage of job (MB)
	187504  -  ResidentSetSize of job (KB)
...
006 (310908.006.000) 2023-06-12 15:23:28 Image size of job updated: 646788
	184  -  MemoryUsage of job (MB)
	187496  -  ResidentSetSize of job (KB)
...
006 (310908.002.000) 2023-06-12 15:23:28 Image size of job updated: 605736
	184  -  MemoryUsage of job (MB)
	187728  -  ResidentSetSize of job (KB)
...
006 (310908.005.000) 2023-06-12 15:23:28 Image size of job updated: 646764
	183  -  MemoryUsage of job (MB)
	187292  -  ResidentSetSize of job (KB)
...
006 (310908.003.000) 2023-06-12 15:23:28 Image size of job updated: 524580
	184  -  MemoryUsage of job (MB)
	187508  -  ResidentSetSize of job (KB)
...
006 (310908.007.000) 2023-06-12 15:23:28 Image size of job updated: 646800
	184  -  MemoryUsage of job (MB)
	187724  -  ResidentSetSize of job (KB)
...
006 (310908.008.000) 2023-06-12 15:23:28 Image size of job updated: 646784
	184  -  MemoryUsage of job (MB)
	187660  -  ResidentSetSize of job (KB)
...
006 (310908.009.000) 2023-06-12 15:23:29 Image size of job updated: 149128
	139  -  MemoryUsage of job (MB)
	142184  -  ResidentSetSize of job (KB)
...
006 (310908.000.000) 2023-06-12 15:25:20 Image size of job updated: 689752
	148  -  MemoryUsage of job (MB)
	151444  -  ResidentSetSize of job (KB)
...
005 (310908.000.000) 2023-06-12 15:25:20 Job terminated.
	(1) Normal termination (return value 0)
		Usr 0 00:02:26, Sys 0 00:00:02  -  Run Remote Usage
		Usr 0 00:00:00, Sys 0 00:00:00  -  Run Local Usage
		Usr 0 00:02:26, Sys 0 00:00:02  -  Total Remote Usage
		Usr 0 00:00:00, Sys 0 00:00:00  -  Total Local Usage
	0  -  Run Bytes Sent By Job
	0  -  Run Bytes Received By Job
	0  -  Total Bytes Sent By Job
	0  -  Total Bytes Received By Job
	Partitionable Resources :    Usage  Request Allocated 
	   Cpus                 :     0.98        1         1 
	   Disk (KB)            :     1           1    128928 
	   Memory (MB)          :   148        3900      3968 

	Job terminated of its own accord at 2023-06-12T06:25:20Z.
...
006 (310908.003.000) 2023-06-12 15:25:37 Image size of job updated: 689784
	184  -  MemoryUsage of job (MB)
	187508  -  ResidentSetSize of job (KB)
...
005 (310908.003.000) 2023-06-12 15:25:37 Job terminated.
	(1) Normal termination (return value 0)
		Usr 0 00:02:11, Sys 0 00:00:02  -  Run Remote Usage
		Usr 0 00:00:00, Sys 0 00:00:00  -  Run Local Usage
		Usr 0 00:02:11, Sys 0 00:00:02  -  Total Remote Usage
		Usr 0 00:00:00, Sys 0 00:00:00  -  Total Local Usage
	0  -  Run Bytes Sent By Job
	0  -  Run Bytes Received By Job
	0  -  Total Bytes Sent By Job
	0  -  Total Bytes Received By Job
	Partitionable Resources :    Usage  Request Allocated 
	   Cpus                 :     1.00        1         1 
	   Disk (KB)            :     1           1    128928 
	   Memory (MB)          :   184        3900      3968 

	Job terminated of its own accord at 2023-06-12T06:25:37Z.
...
006 (310908.008.000) 2023-06-12 15:25:39 Image size of job updated: 689744
	184  -  MemoryUsage of job (MB)
	187660  -  ResidentSetSize of job (KB)
...
005 (310908.008.000) 2023-06-12 15:25:39 Job terminated.
	(1) Normal termination (return value 0)
		Usr 0 00:02:15, Sys 0 00:00:01  -  Run Remote Usage
		Usr 0 00:00:00, Sys 0 00:00:00  -  Run Local Usage
		Usr 0 00:02:15, Sys 0 00:00:01  -  Total Remote Usage
		Usr 0 00:00:00, Sys 0 00:00:00  -  Total Local Usage
	0  -  Run Bytes Sent By Job
	0  -  Run Bytes Received By Job
	0  -  Total Bytes Sent By Job
	0  -  Total Bytes Received By Job
	Partitionable Resources :    Usage  Request Allocated 
	   Cpus                 :     1.00        1         1 
	   Disk (KB)            :     1           1     95898 
	   Memory (MB)          :   184        3900      3968 

	Job terminated of its own accord at 2023-06-12T06:25:39Z.
...
006 (310908.006.000) 2023-06-12 15:25:46 Image size of job updated: 691588
	184  -  MemoryUsage of job (MB)
	187496  -  ResidentSetSize of job (KB)
...
005 (310908.006.000) 2023-06-12 15:25:46 Job terminated.
	(1) Normal termination (return value 0)
		Usr 0 00:02:21, Sys 0 00:00:01  -  Run Remote Usage
		Usr 0 00:00:00, Sys 0 00:00:00  -  Run Local Usage
		Usr 0 00:02:21, Sys 0 00:00:01  -  Total Remote Usage
		Usr 0 00:00:00, Sys 0 00:00:00  -  Total Local Usage
	0  -  Run Bytes Sent By Job
	0  -  Run Bytes Received By Job
	0  -  Total Bytes Sent By Job
	0  -  Total Bytes Received By Job
	Partitionable Resources :    Usage  Request Allocated 
	   Cpus                 :     1.00        1         1 
	   Disk (KB)            :     1           1     95898 
	   Memory (MB)          :   184        3900      3968 

	Job terminated of its own accord at 2023-06-12T06:25:46Z.
...
006 (310908.005.000) 2023-06-12 15:25:47 Image size of job updated: 692188
	183  -  MemoryUsage of job (MB)
	187292  -  ResidentSetSize of job (KB)
...
005 (310908.005.000) 2023-06-12 15:25:47 Job terminated.
	(1) Normal termination (return value 0)
		Usr 0 00:02:23, Sys 0 00:00:01  -  Run Remote Usage
		Usr 0 00:00:00, Sys 0 00:00:00  -  Run Local Usage
		Usr 0 00:02:23, Sys 0 00:00:01  -  Total Remote Usage
		Usr 0 00:00:00, Sys 0 00:00:00  -  Total Local Usage
	0  -  Run Bytes Sent By Job
	0  -  Run Bytes Received By Job
	0  -  Total Bytes Sent By Job
	0  -  Total Bytes Received By Job
	Partitionable Resources :    Usage  Request Allocated 
	   Cpus                 :     1.00        1         1 
	   Disk (KB)            :     1           1     95898 
	   Memory (MB)          :   183        3900      3968 

	Job terminated of its own accord at 2023-06-12T06:25:47Z.
...
006 (310908.004.000) 2023-06-12 15:25:52 Image size of job updated: 689780
	184  -  MemoryUsage of job (MB)
	187536  -  ResidentSetSize of job (KB)
...
005 (310908.004.000) 2023-06-12 15:25:52 Job terminated.
	(1) Normal termination (return value 0)
		Usr 0 00:02:28, Sys 0 00:00:01  -  Run Remote Usage
		Usr 0 00:00:00, Sys 0 00:00:00  -  Run Local Usage
		Usr 0 00:02:28, Sys 0 00:00:01  -  Total Remote Usage
		Usr 0 00:00:00, Sys 0 00:00:00  -  Total Local Usage
	0  -  Run Bytes Sent By Job
	0  -  Run Bytes Received By Job
	0  -  Total Bytes Sent By Job
	0  -  Total Bytes Received By Job
	Partitionable Resources :    Usage  Request Allocated 
	   Cpus                 :     1.00        1         1 
	   Disk (KB)            :     1           1     95898 
	   Memory (MB)          :   184        3900      3968 

	Job terminated of its own accord at 2023-06-12T06:25:52Z.
...
006 (310908.002.000) 2023-06-12 15:25:54 Image size of job updated: 695560
	184  -  MemoryUsage of job (MB)
	187728  -  ResidentSetSize of job (KB)
...
005 (310908.002.000) 2023-06-12 15:25:54 Job terminated.
	(1) Normal termination (return value 0)
		Usr 0 00:02:28, Sys 0 00:00:02  -  Run Remote Usage
		Usr 0 00:00:00, Sys 0 00:00:00  -  Run Local Usage
		Usr 0 00:02:28, Sys 0 00:00:02  -  Total Remote Usage
		Usr 0 00:00:00, Sys 0 00:00:00  -  Total Local Usage
	0  -  Run Bytes Sent By Job
	0  -  Run Bytes Received By Job
	0  -  Total Bytes Sent By Job
	0  -  Total Bytes Received By Job
	Partitionable Resources :    Usage  Request Allocated 
	   Cpus                 :     1.00        1         1 
	   Disk (KB)            :     1           1    128928 
	   Memory (MB)          :   184        3900      3968 

	Job terminated of its own accord at 2023-06-12T06:25:54Z.
...
006 (310908.007.000) 2023-06-12 15:26:00 Image size of job updated: 689788
	184  -  MemoryUsage of job (MB)
	187724  -  ResidentSetSize of job (KB)
...
005 (310908.007.000) 2023-06-12 15:26:00 Job terminated.
	(1) Normal termination (return value 0)
		Usr 0 00:02:36, Sys 0 00:00:01  -  Run Remote Usage
		Usr 0 00:00:00, Sys 0 00:00:00  -  Run Local Usage
		Usr 0 00:02:36, Sys 0 00:00:01  -  Total Remote Usage
		Usr 0 00:00:00, Sys 0 00:00:00  -  Total Local Usage
	0  -  Run Bytes Sent By Job
	0  -  Run Bytes Received By Job
	0  -  Total Bytes Sent By Job
	0  -  Total Bytes Received By Job
	Partitionable Resources :    Usage  Request Allocated 
	   Cpus                 :     1.00        1         1 
	   Disk (KB)            :     1           1     95898 
	   Memory (MB)          :   184        3900      3968 

	Job terminated of its own accord at 2023-06-12T06:26:00Z.
...
006 (310908.009.000) 2023-06-12 15:26:30 Image size of job updated: 692192
	139  -  MemoryUsage of job (MB)
	142204  -  ResidentSetSize of job (KB)
...
005 (310908.009.000) 2023-06-12 15:26:30 Job terminated.
	(1) Normal termination (return value 0)
		Usr 0 00:02:54, Sys 0 00:00:01  -  Run Remote Usage
		Usr 0 00:00:00, Sys 0 00:00:00  -  Run Local Usage
		Usr 0 00:02:54, Sys 0 00:00:01  -  Total Remote Usage
		Usr 0 00:00:00, Sys 0 00:00:00  -  Total Local Usage
	0  -  Run Bytes Sent By Job
	0  -  Run Bytes Received By Job
	0  -  Total Bytes Sent By Job
	0  -  Total Bytes Received By Job
	Partitionable Resources :    Usage  Request Allocated 
	   Cpus                 :     1.00        1         1 
	   Disk (KB)            :     1           1    128928 
	   Memory (MB)          :   139        3900      3968 

	Job terminated of its own accord at 2023-06-12T06:26:30Z.
...
006 (310908.001.000) 2023-06-12 15:26:32 Image size of job updated: 689780
	184  -  MemoryUsage of job (MB)
	187504  -  ResidentSetSize of job (KB)
...
005 (310908.001.000) 2023-06-12 15:26:32 Job terminated.
	(1) Normal termination (return value 0)
		Usr 0 00:03:04, Sys 0 00:00:03  -  Run Remote Usage
		Usr 0 00:00:00, Sys 0 00:00:00  -  Run Local Usage
		Usr 0 00:03:04, Sys 0 00:00:03  -  Total Remote Usage
		Usr 0 00:00:00, Sys 0 00:00:00  -  Total Local Usage
	0  -  Run Bytes Sent By Job
	0  -  Run Bytes Received By Job
	0  -  Total Bytes Sent By Job
	0  -  Total Bytes Received By Job
	Partitionable Resources :    Usage  Request Allocated 
	   Cpus                 :     0.99        1         1 
	   Disk (KB)            :     1           1    128928 
	   Memory (MB)          :   184        3900      3968 

	Job terminated of its own accord at 2023-06-12T06:26:32Z.
...
000 (310940.000.000) 2023-06-12 16:27:50 Job submitted from host: <172.30.1.200:9618?addrs=172.30.1.200-9618&alias=tamsa2.snu.ac.kr&noUDP&sock=schedd_3510_2582>
...
000 (310940.001.000) 2023-06-12 16:27:50 Job submitted from host: <172.30.1.200:9618?addrs=172.30.1.200-9618&alias=tamsa2.snu.ac.kr&noUDP&sock=schedd_3510_2582>
...
000 (310940.002.000) 2023-06-12 16:27:50 Job submitted from host: <172.30.1.200:9618?addrs=172.30.1.200-9618&alias=tamsa2.snu.ac.kr&noUDP&sock=schedd_3510_2582>
...
000 (310940.003.000) 2023-06-12 16:27:50 Job submitted from host: <172.30.1.200:9618?addrs=172.30.1.200-9618&alias=tamsa2.snu.ac.kr&noUDP&sock=schedd_3510_2582>
...
000 (310940.004.000) 2023-06-12 16:27:50 Job submitted from host: <172.30.1.200:9618?addrs=172.30.1.200-9618&alias=tamsa2.snu.ac.kr&noUDP&sock=schedd_3510_2582>
...
000 (310940.005.000) 2023-06-12 16:27:50 Job submitted from host: <172.30.1.200:9618?addrs=172.30.1.200-9618&alias=tamsa2.snu.ac.kr&noUDP&sock=schedd_3510_2582>
...
000 (310940.006.000) 2023-06-12 16:27:50 Job submitted from host: <172.30.1.200:9618?addrs=172.30.1.200-9618&alias=tamsa2.snu.ac.kr&noUDP&sock=schedd_3510_2582>
...
000 (310940.007.000) 2023-06-12 16:27:50 Job submitted from host: <172.30.1.200:9618?addrs=172.30.1.200-9618&alias=tamsa2.snu.ac.kr&noUDP&sock=schedd_3510_2582>
...
000 (310940.008.000) 2023-06-12 16:27:50 Job submitted from host: <172.30.1.200:9618?addrs=172.30.1.200-9618&alias=tamsa2.snu.ac.kr&noUDP&sock=schedd_3510_2582>
...
000 (310940.009.000) 2023-06-12 16:27:50 Job submitted from host: <172.30.1.200:9618?addrs=172.30.1.200-9618&alias=tamsa2.snu.ac.kr&noUDP&sock=schedd_3510_2582>
...
040 (310940.000.000) 2023-06-12 16:28:04 Started transferring input files
	Transferring to host: <172.30.1.107:9618?addrs=172.30.1.107-9618&alias=n7&noUDP&sock=slot1_16_4258_e566_16019>
...
040 (310940.000.000) 2023-06-12 16:28:04 Finished transferring input files
...
040 (310940.003.000) 2023-06-12 16:28:04 Started transferring input files
	Transferring to host: <172.30.1.102:9618?addrs=172.30.1.102-9618&alias=n2&noUDP&sock=slot1_33_3347_03a1_18423>
...
040 (310940.003.000) 2023-06-12 16:28:04 Finished transferring input files
...
040 (310940.001.000) 2023-06-12 16:28:04 Started transferring input files
	Transferring to host: <172.30.1.107:9618?addrs=172.30.1.107-9618&alias=n7&noUDP&sock=slot1_21_4258_e566_16021>
...
040 (310940.001.000) 2023-06-12 16:28:04 Finished transferring input files
...
040 (310940.002.000) 2023-06-12 16:28:04 Started transferring input files
	Transferring to host: <172.30.1.107:9618?addrs=172.30.1.107-9618&alias=n7&noUDP&sock=slot1_26_4258_e566_16022>
...
040 (310940.002.000) 2023-06-12 16:28:04 Finished transferring input files
...
001 (310940.000.000) 2023-06-12 16:28:05 Job executing on host: <172.30.1.107:9618?addrs=172.30.1.107-9618&alias=n7&noUDP&sock=startd_4224_e421>
...
001 (310940.003.000) 2023-06-12 16:28:05 Job executing on host: <172.30.1.102:9618?addrs=172.30.1.102-9618&alias=n2&noUDP&sock=startd_3313_055a>
...
001 (310940.001.000) 2023-06-12 16:28:05 Job executing on host: <172.30.1.107:9618?addrs=172.30.1.107-9618&alias=n7&noUDP&sock=startd_4224_e421>
...
001 (310940.002.000) 2023-06-12 16:28:05 Job executing on host: <172.30.1.107:9618?addrs=172.30.1.107-9618&alias=n7&noUDP&sock=startd_4224_e421>
...
006 (310940.000.000) 2023-06-12 16:28:14 Image size of job updated: 646800
	184  -  MemoryUsage of job (MB)
	187812  -  ResidentSetSize of job (KB)
...
006 (310940.003.000) 2023-06-12 16:28:14 Image size of job updated: 220520
	183  -  MemoryUsage of job (MB)
	187296  -  ResidentSetSize of job (KB)
...
006 (310940.001.000) 2023-06-12 16:28:14 Image size of job updated: 646788
	184  -  MemoryUsage of job (MB)
	187724  -  ResidentSetSize of job (KB)
...
006 (310940.002.000) 2023-06-12 16:28:14 Image size of job updated: 646796
	184  -  MemoryUsage of job (MB)
	187744  -  ResidentSetSize of job (KB)
...
001 (310940.004.000) 2023-06-12 16:29:04 Job executing on host: <172.30.1.205:9618?addrs=172.30.1.205-9618&alias=node5&noUDP&sock=startd_3770_7c22>
...
001 (310940.005.000) 2023-06-12 16:29:04 Job executing on host: <172.30.1.206:9618?addrs=172.30.1.206-9618&alias=node6&noUDP&sock=startd_3777_494c>
...
001 (310940.009.000) 2023-06-12 16:29:04 Job executing on host: <172.30.1.207:9618?addrs=172.30.1.207-9618&alias=node7&noUDP&sock=startd_3802_6f2a>
...
001 (310940.006.000) 2023-06-12 16:29:04 Job executing on host: <172.30.1.206:9618?addrs=172.30.1.206-9618&alias=node6&noUDP&sock=startd_3777_494c>
...
001 (310940.007.000) 2023-06-12 16:29:04 Job executing on host: <172.30.1.206:9618?addrs=172.30.1.206-9618&alias=node6&noUDP&sock=startd_3777_494c>
...
001 (310940.008.000) 2023-06-12 16:29:04 Job executing on host: <172.30.1.206:9618?addrs=172.30.1.206-9618&alias=node6&noUDP&sock=startd_3777_494c>
...
006 (310940.005.000) 2023-06-12 16:29:12 Image size of job updated: 187296
	183  -  MemoryUsage of job (MB)
	187296  -  ResidentSetSize of job (KB)
...
006 (310940.004.000) 2023-06-12 16:29:12 Image size of job updated: 95140
	93  -  MemoryUsage of job (MB)
	95140  -  ResidentSetSize of job (KB)
...
006 (310940.006.000) 2023-06-12 16:29:12 Image size of job updated: 187512
	184  -  MemoryUsage of job (MB)
	187512  -  ResidentSetSize of job (KB)
...
006 (310940.009.000) 2023-06-12 16:29:12 Image size of job updated: 504040
	183  -  MemoryUsage of job (MB)
	187296  -  ResidentSetSize of job (KB)
...
006 (310940.007.000) 2023-06-12 16:29:13 Image size of job updated: 187748
	184  -  MemoryUsage of job (MB)
	187748  -  ResidentSetSize of job (KB)
...
006 (310940.008.000) 2023-06-12 16:29:13 Image size of job updated: 187692
	184  -  MemoryUsage of job (MB)
	187692  -  ResidentSetSize of job (KB)
...
006 (310940.000.000) 2023-06-12 16:29:27 Image size of job updated: 692172
	184  -  MemoryUsage of job (MB)
	187812  -  ResidentSetSize of job (KB)
...
040 (310940.000.000) 2023-06-12 16:29:27 Started transferring output files
...
040 (310940.000.000) 2023-06-12 16:29:27 Finished transferring output files
...
005 (310940.000.000) 2023-06-12 16:29:27 Job terminated.
	(1) Normal termination (return value 0)
		Usr 0 00:01:19, Sys 0 00:00:01  -  Run Remote Usage
		Usr 0 00:00:00, Sys 0 00:00:00  -  Run Local Usage
		Usr 0 00:01:19, Sys 0 00:00:01  -  Total Remote Usage
		Usr 0 00:00:00, Sys 0 00:00:00  -  Total Local Usage
	6972  -  Run Bytes Sent By Job
	142  -  Run Bytes Received By Job
	6972  -  Total Bytes Sent By Job
	142  -  Total Bytes Received By Job
	Partitionable Resources :    Usage  Request Allocated 
	   Cpus                 :     1.00        1         1 
	   Disk (KB)            :    57           1    127899 
	   Memory (MB)          :   184        3900      3968 

	Job terminated of its own accord at 2023-06-12T07:29:26Z.
...
006 (310940.002.000) 2023-06-12 16:29:30 Image size of job updated: 689780
	184  -  MemoryUsage of job (MB)
	187744  -  ResidentSetSize of job (KB)
...
040 (310940.002.000) 2023-06-12 16:29:30 Started transferring output files
...
040 (310940.002.000) 2023-06-12 16:29:30 Finished transferring output files
...
005 (310940.002.000) 2023-06-12 16:29:30 Job terminated.
	(1) Normal termination (return value 0)
		Usr 0 00:01:20, Sys 0 00:00:01  -  Run Remote Usage
		Usr 0 00:00:00, Sys 0 00:00:00  -  Run Local Usage
		Usr 0 00:01:20, Sys 0 00:00:01  -  Total Remote Usage
		Usr 0 00:00:00, Sys 0 00:00:00  -  Total Local Usage
	5888  -  Run Bytes Sent By Job
	142  -  Run Bytes Received By Job
	5888  -  Total Bytes Sent By Job
	142  -  Total Bytes Received By Job
	Partitionable Resources :    Usage  Request Allocated 
	   Cpus                 :     0.83        1         1 
	   Disk (KB)            :    56           1    127899 
	   Memory (MB)          :   184        3900      3968 

	Job terminated of its own accord at 2023-06-12T07:29:30Z.
...
006 (310940.001.000) 2023-06-12 16:29:51 Image size of job updated: 689780
	184  -  MemoryUsage of job (MB)
	187724  -  ResidentSetSize of job (KB)
...
040 (310940.001.000) 2023-06-12 16:29:51 Started transferring output files
...
040 (310940.001.000) 2023-06-12 16:29:51 Finished transferring output files
...
005 (310940.001.000) 2023-06-12 16:29:51 Job terminated.
	(1) Normal termination (return value 0)
		Usr 0 00:01:43, Sys 0 00:00:01  -  Run Remote Usage
		Usr 0 00:00:00, Sys 0 00:00:00  -  Run Local Usage
		Usr 0 00:01:43, Sys 0 00:00:01  -  Total Remote Usage
		Usr 0 00:00:00, Sys 0 00:00:00  -  Total Local Usage
	6790  -  Run Bytes Sent By Job
	142  -  Run Bytes Received By Job
	6790  -  Total Bytes Sent By Job
	142  -  Total Bytes Received By Job
	Partitionable Resources :    Usage  Request Allocated 
	   Cpus                 :     1.00        1         1 
	   Disk (KB)            :    57           1    127899 
	   Memory (MB)          :   184        3900      3968 

	Job terminated of its own accord at 2023-06-12T07:29:51Z.
...
006 (310940.003.000) 2023-06-12 16:31:09 Image size of job updated: 690764
	183  -  MemoryUsage of job (MB)
	187296  -  ResidentSetSize of job (KB)
...
040 (310940.003.000) 2023-06-12 16:31:09 Started transferring output files
...
040 (310940.003.000) 2023-06-12 16:31:09 Finished transferring output files
...
005 (310940.003.000) 2023-06-12 16:31:09 Job terminated.
	(1) Normal termination (return value 0)
		Usr 0 00:02:57, Sys 0 00:00:02  -  Run Remote Usage
		Usr 0 00:00:00, Sys 0 00:00:00  -  Run Local Usage
		Usr 0 00:02:57, Sys 0 00:00:02  -  Total Remote Usage
		Usr 0 00:00:00, Sys 0 00:00:00  -  Total Local Usage
	5824  -  Run Bytes Sent By Job
	142  -  Run Bytes Received By Job
	5824  -  Total Bytes Sent By Job
	142  -  Total Bytes Received By Job
	Partitionable Resources :    Usage  Request Allocated 
	   Cpus                 :     1.00        1         1 
	   Disk (KB)            :    56           1    123869 
	   Memory (MB)          :   183        3900      3968 

	Job terminated of its own accord at 2023-06-12T07:31:09Z.
...
006 (310940.008.000) 2023-06-12 16:31:27 Image size of job updated: 689744
	184  -  MemoryUsage of job (MB)
	187692  -  ResidentSetSize of job (KB)
...
005 (310940.008.000) 2023-06-12 16:31:27 Job terminated.
	(1) Normal termination (return value 0)
		Usr 0 00:02:20, Sys 0 00:00:01  -  Run Remote Usage
		Usr 0 00:00:00, Sys 0 00:00:00  -  Run Local Usage
		Usr 0 00:02:20, Sys 0 00:00:01  -  Total Remote Usage
		Usr 0 00:00:00, Sys 0 00:00:00  -  Total Local Usage
	0  -  Run Bytes Sent By Job
	0  -  Run Bytes Received By Job
	0  -  Total Bytes Sent By Job
	0  -  Total Bytes Received By Job
	Partitionable Resources :    Usage  Request Allocated 
	   Cpus                 :     1.00        1         1 
	   Disk (KB)            :     1           1     95898 
	   Memory (MB)          :   184        3900      3968 

	Job terminated of its own accord at 2023-06-12T07:31:27Z.
...
006 (310940.006.000) 2023-06-12 16:31:31 Image size of job updated: 689780
	184  -  MemoryUsage of job (MB)
	187512  -  ResidentSetSize of job (KB)
...
005 (310940.006.000) 2023-06-12 16:31:31 Job terminated.
	(1) Normal termination (return value 0)
		Usr 0 00:02:23, Sys 0 00:00:01  -  Run Remote Usage
		Usr 0 00:00:00, Sys 0 00:00:00  -  Run Local Usage
		Usr 0 00:02:23, Sys 0 00:00:01  -  Total Remote Usage
		Usr 0 00:00:00, Sys 0 00:00:00  -  Total Local Usage
	0  -  Run Bytes Sent By Job
	0  -  Run Bytes Received By Job
	0  -  Total Bytes Sent By Job
	0  -  Total Bytes Received By Job
	Partitionable Resources :    Usage  Request Allocated 
	   Cpus                 :     1.00        1         1 
	   Disk (KB)            :     1           1     95898 
	   Memory (MB)          :   184        3900      3968 

	Job terminated of its own accord at 2023-06-12T07:31:31Z.
...
006 (310940.007.000) 2023-06-12 16:31:32 Image size of job updated: 689792
	184  -  MemoryUsage of job (MB)
	187748  -  ResidentSetSize of job (KB)
...
005 (310940.007.000) 2023-06-12 16:31:32 Job terminated.
	(1) Normal termination (return value 0)
		Usr 0 00:02:24, Sys 0 00:00:01  -  Run Remote Usage
		Usr 0 00:00:00, Sys 0 00:00:00  -  Run Local Usage
		Usr 0 00:02:24, Sys 0 00:00:01  -  Total Remote Usage
		Usr 0 00:00:00, Sys 0 00:00:00  -  Total Local Usage
	0  -  Run Bytes Sent By Job
	0  -  Run Bytes Received By Job
	0  -  Total Bytes Sent By Job
	0  -  Total Bytes Received By Job
	Partitionable Resources :    Usage  Request Allocated 
	   Cpus                 :     1.00        1         1 
	   Disk (KB)            :     1           1     95898 
	   Memory (MB)          :   184        3900      3968 

	Job terminated of its own accord at 2023-06-12T07:31:32Z.
...
006 (310940.004.000) 2023-06-12 16:31:40 Image size of job updated: 689776
	93  -  MemoryUsage of job (MB)
	95196  -  ResidentSetSize of job (KB)
...
005 (310940.004.000) 2023-06-12 16:31:40 Job terminated.
	(1) Normal termination (return value 0)
		Usr 0 00:02:22, Sys 0 00:00:01  -  Run Remote Usage
		Usr 0 00:00:00, Sys 0 00:00:00  -  Run Local Usage
		Usr 0 00:02:22, Sys 0 00:00:01  -  Total Remote Usage
		Usr 0 00:00:00, Sys 0 00:00:00  -  Total Local Usage
	0  -  Run Bytes Sent By Job
	0  -  Run Bytes Received By Job
	0  -  Total Bytes Sent By Job
	0  -  Total Bytes Received By Job
	Partitionable Resources :    Usage  Request Allocated 
	   Cpus                 :     0.99        1         1 
	   Disk (KB)            :     1           1    128928 
	   Memory (MB)          :    93        3900      3968 

	Job terminated of its own accord at 2023-06-12T07:31:40Z.
...
006 (310940.005.000) 2023-06-12 16:31:44 Image size of job updated: 692184
	183  -  MemoryUsage of job (MB)
	187296  -  ResidentSetSize of job (KB)
...
005 (310940.005.000) 2023-06-12 16:31:44 Job terminated.
	(1) Normal termination (return value 0)
		Usr 0 00:02:36, Sys 0 00:00:01  -  Run Remote Usage
		Usr 0 00:00:00, Sys 0 00:00:00  -  Run Local Usage
		Usr 0 00:02:36, Sys 0 00:00:01  -  Total Remote Usage
		Usr 0 00:00:00, Sys 0 00:00:00  -  Total Local Usage
	0  -  Run Bytes Sent By Job
	0  -  Run Bytes Received By Job
	0  -  Total Bytes Sent By Job
	0  -  Total Bytes Received By Job
	Partitionable Resources :    Usage  Request Allocated 
	   Cpus                 :     1.00        1         1 
	   Disk (KB)            :     1           1     95898 
	   Memory (MB)          :   183        3900      3968 

	Job terminated of its own accord at 2023-06-12T07:31:44Z.
...
006 (310940.009.000) 2023-06-12 16:31:59 Image size of job updated: 692184
	183  -  MemoryUsage of job (MB)
	187296  -  ResidentSetSize of job (KB)
...
005 (310940.009.000) 2023-06-12 16:32:00 Job terminated.
	(1) Normal termination (return value 0)
		Usr 0 00:02:49, Sys 0 00:00:01  -  Run Remote Usage
		Usr 0 00:00:00, Sys 0 00:00:00  -  Run Local Usage
		Usr 0 00:02:49, Sys 0 00:00:01  -  Total Remote Usage
		Usr 0 00:00:00, Sys 0 00:00:00  -  Total Local Usage
	0  -  Run Bytes Sent By Job
	0  -  Run Bytes Received By Job
	0  -  Total Bytes Sent By Job
	0  -  Total Bytes Received By Job
	Partitionable Resources :    Usage  Request Allocated 
	   Cpus                 :     0.98        1         1 
	   Disk (KB)            :     1           1    128928 
	   Memory (MB)          :   183        3900      3968 

	Job terminated of its own accord at 2023-06-12T07:31:59Z.
...
