000 (330222.000.000) 2023-07-25 13:01:08 Job submitted from host: <172.30.1.200:9618?addrs=172.30.1.200-9618&alias=tamsa2.snu.ac.kr&noUDP&sock=schedd_3510_2582>
...
000 (330222.001.000) 2023-07-25 13:01:08 Job submitted from host: <172.30.1.200:9618?addrs=172.30.1.200-9618&alias=tamsa2.snu.ac.kr&noUDP&sock=schedd_3510_2582>
...
000 (330222.002.000) 2023-07-25 13:01:08 Job submitted from host: <172.30.1.200:9618?addrs=172.30.1.200-9618&alias=tamsa2.snu.ac.kr&noUDP&sock=schedd_3510_2582>
...
000 (330222.003.000) 2023-07-25 13:01:08 Job submitted from host: <172.30.1.200:9618?addrs=172.30.1.200-9618&alias=tamsa2.snu.ac.kr&noUDP&sock=schedd_3510_2582>
...
000 (330222.004.000) 2023-07-25 13:01:08 Job submitted from host: <172.30.1.200:9618?addrs=172.30.1.200-9618&alias=tamsa2.snu.ac.kr&noUDP&sock=schedd_3510_2582>
...
000 (330222.005.000) 2023-07-25 13:01:08 Job submitted from host: <172.30.1.200:9618?addrs=172.30.1.200-9618&alias=tamsa2.snu.ac.kr&noUDP&sock=schedd_3510_2582>
...
000 (330222.006.000) 2023-07-25 13:01:08 Job submitted from host: <172.30.1.200:9618?addrs=172.30.1.200-9618&alias=tamsa2.snu.ac.kr&noUDP&sock=schedd_3510_2582>
...
000 (330222.007.000) 2023-07-25 13:01:08 Job submitted from host: <172.30.1.200:9618?addrs=172.30.1.200-9618&alias=tamsa2.snu.ac.kr&noUDP&sock=schedd_3510_2582>
...
000 (330222.008.000) 2023-07-25 13:01:08 Job submitted from host: <172.30.1.200:9618?addrs=172.30.1.200-9618&alias=tamsa2.snu.ac.kr&noUDP&sock=schedd_3510_2582>
...
000 (330222.009.000) 2023-07-25 13:01:08 Job submitted from host: <172.30.1.200:9618?addrs=172.30.1.200-9618&alias=tamsa2.snu.ac.kr&noUDP&sock=schedd_3510_2582>
...
001 (330222.002.000) 2023-07-25 13:01:18 Job executing on host: <172.30.1.208:9618?addrs=172.30.1.208-9618&alias=node8&noUDP&sock=startd_3802_6f2a>
...
001 (330222.003.000) 2023-07-25 13:01:19 Job executing on host: <172.30.1.208:9618?addrs=172.30.1.208-9618&alias=node8&noUDP&sock=startd_3802_6f2a>
...
001 (330222.004.000) 2023-07-25 13:01:19 Job executing on host: <172.30.1.208:9618?addrs=172.30.1.208-9618&alias=node8&noUDP&sock=startd_3802_6f2a>
...
001 (330222.005.000) 2023-07-25 13:01:20 Job executing on host: <172.30.1.208:9618?addrs=172.30.1.208-9618&alias=node8&noUDP&sock=startd_3802_6f2a>
...
001 (330222.006.000) 2023-07-25 13:01:20 Job executing on host: <172.30.1.208:9618?addrs=172.30.1.208-9618&alias=node8&noUDP&sock=startd_3802_6f2a>
...
001 (330222.000.000) 2023-07-25 13:01:20 Job executing on host: <172.30.1.210:9618?addrs=172.30.1.210-9618&alias=node10&noUDP&sock=startd_3787_253e>
...
001 (330222.001.000) 2023-07-25 13:01:20 Job executing on host: <172.30.1.210:9618?addrs=172.30.1.210-9618&alias=node10&noUDP&sock=startd_3787_253e>
...
001 (330222.007.000) 2023-07-25 13:01:20 Job executing on host: <172.30.1.208:9618?addrs=172.30.1.208-9618&alias=node8&noUDP&sock=startd_3802_6f2a>
...
001 (330222.008.000) 2023-07-25 13:01:20 Job executing on host: <172.30.1.208:9618?addrs=172.30.1.208-9618&alias=node8&noUDP&sock=startd_3802_6f2a>
...
001 (330222.009.000) 2023-07-25 13:01:20 Job executing on host: <172.30.1.208:9618?addrs=172.30.1.208-9618&alias=node8&noUDP&sock=startd_3802_6f2a>
...
006 (330222.002.000) 2023-07-25 13:01:28 Image size of job updated: 105000
	71  -  MemoryUsage of job (MB)
	71960  -  ResidentSetSize of job (KB)
...
006 (330222.004.000) 2023-07-25 13:01:29 Image size of job updated: 120304
	114  -  MemoryUsage of job (MB)
	116244  -  ResidentSetSize of job (KB)
...
006 (330222.003.000) 2023-07-25 13:01:29 Image size of job updated: 118452
	114  -  MemoryUsage of job (MB)
	116248  -  ResidentSetSize of job (KB)
...
006 (330222.005.000) 2023-07-25 13:01:29 Image size of job updated: 118196
	114  -  MemoryUsage of job (MB)
	116444  -  ResidentSetSize of job (KB)
...
006 (330222.006.000) 2023-07-25 13:01:29 Image size of job updated: 120624
	116  -  MemoryUsage of job (MB)
	118292  -  ResidentSetSize of job (KB)
...
006 (330222.007.000) 2023-07-25 13:01:29 Image size of job updated: 120876
	116  -  MemoryUsage of job (MB)
	118320  -  ResidentSetSize of job (KB)
...
006 (330222.000.000) 2023-07-25 13:01:29 Image size of job updated: 158312
	148  -  MemoryUsage of job (MB)
	150904  -  ResidentSetSize of job (KB)
...
006 (330222.001.000) 2023-07-25 13:01:29 Image size of job updated: 153864
	148  -  MemoryUsage of job (MB)
	150900  -  ResidentSetSize of job (KB)
...
006 (330222.009.000) 2023-07-25 13:01:30 Image size of job updated: 126360
	120  -  MemoryUsage of job (MB)
	122200  -  ResidentSetSize of job (KB)
...
006 (330222.008.000) 2023-07-25 13:01:30 Image size of job updated: 126424
	122  -  MemoryUsage of job (MB)
	124504  -  ResidentSetSize of job (KB)
...
006 (330222.006.000) 2023-07-25 13:01:46 Image size of job updated: 686568
	116  -  MemoryUsage of job (MB)
	118296  -  ResidentSetSize of job (KB)
...
005 (330222.006.000) 2023-07-25 13:01:46 Job terminated.
	(1) Normal termination (return value 0)
		Usr 0 00:00:16, Sys 0 00:00:01  -  Run Remote Usage
		Usr 0 00:00:00, Sys 0 00:00:00  -  Run Local Usage
		Usr 0 00:00:16, Sys 0 00:00:01  -  Total Remote Usage
		Usr 0 00:00:00, Sys 0 00:00:00  -  Total Local Usage
	0  -  Run Bytes Sent By Job
	0  -  Run Bytes Received By Job
	0  -  Total Bytes Sent By Job
	0  -  Total Bytes Received By Job
	Partitionable Resources :    Usage  Request Allocated 
	   Cpus                 :                 1         1 
	   Disk (KB)            :        1        1    128928 
	   Memory (MB)          :      116     3900      3968 

	Job terminated of its own accord at 2023-07-25T04:01:46Z.
...
006 (330222.005.000) 2023-07-25 13:01:47 Image size of job updated: 686428
	114  -  MemoryUsage of job (MB)
	116444  -  ResidentSetSize of job (KB)
...
005 (330222.005.000) 2023-07-25 13:01:47 Job terminated.
	(1) Normal termination (return value 0)
		Usr 0 00:00:17, Sys 0 00:00:01  -  Run Remote Usage
		Usr 0 00:00:00, Sys 0 00:00:00  -  Run Local Usage
		Usr 0 00:00:17, Sys 0 00:00:01  -  Total Remote Usage
		Usr 0 00:00:00, Sys 0 00:00:00  -  Total Local Usage
	0  -  Run Bytes Sent By Job
	0  -  Run Bytes Received By Job
	0  -  Total Bytes Sent By Job
	0  -  Total Bytes Received By Job
	Partitionable Resources :    Usage  Request Allocated 
	   Cpus                 :                 1         1 
	   Disk (KB)            :        1        1    128928 
	   Memory (MB)          :      114     3900      3968 

	Job terminated of its own accord at 2023-07-25T04:01:47Z.
...
006 (330222.007.000) 2023-07-25 13:01:47 Image size of job updated: 688352
	116  -  MemoryUsage of job (MB)
	118320  -  ResidentSetSize of job (KB)
...
005 (330222.007.000) 2023-07-25 13:01:47 Job terminated.
	(1) Normal termination (return value 0)
		Usr 0 00:00:18, Sys 0 00:00:01  -  Run Remote Usage
		Usr 0 00:00:00, Sys 0 00:00:00  -  Run Local Usage
		Usr 0 00:00:18, Sys 0 00:00:01  -  Total Remote Usage
		Usr 0 00:00:00, Sys 0 00:00:00  -  Total Local Usage
	0  -  Run Bytes Sent By Job
	0  -  Run Bytes Received By Job
	0  -  Total Bytes Sent By Job
	0  -  Total Bytes Received By Job
	Partitionable Resources :    Usage  Request Allocated 
	   Cpus                 :                 1         1 
	   Disk (KB)            :        1        1    128928 
	   Memory (MB)          :      116     3900      3968 

	Job terminated of its own accord at 2023-07-25T04:01:47Z.
...
006 (330222.008.000) 2023-07-25 13:01:47 Image size of job updated: 688476
	122  -  MemoryUsage of job (MB)
	124536  -  ResidentSetSize of job (KB)
...
005 (330222.008.000) 2023-07-25 13:01:47 Job terminated.
	(1) Normal termination (return value 0)
		Usr 0 00:00:18, Sys 0 00:00:01  -  Run Remote Usage
		Usr 0 00:00:00, Sys 0 00:00:00  -  Run Local Usage
		Usr 0 00:00:18, Sys 0 00:00:01  -  Total Remote Usage
		Usr 0 00:00:00, Sys 0 00:00:00  -  Total Local Usage
	0  -  Run Bytes Sent By Job
	0  -  Run Bytes Received By Job
	0  -  Total Bytes Sent By Job
	0  -  Total Bytes Received By Job
	Partitionable Resources :    Usage  Request Allocated 
	   Cpus                 :                 1         1 
	   Disk (KB)            :        1        1    128928 
	   Memory (MB)          :      122     3900      3968 

	Job terminated of its own accord at 2023-07-25T04:01:47Z.
...
006 (330222.001.000) 2023-07-25 13:01:49 Image size of job updated: 688436
	148  -  MemoryUsage of job (MB)
	150900  -  ResidentSetSize of job (KB)
...
005 (330222.001.000) 2023-07-25 13:01:49 Job terminated.
	(1) Normal termination (return value 0)
		Usr 0 00:00:20, Sys 0 00:00:01  -  Run Remote Usage
		Usr 0 00:00:00, Sys 0 00:00:00  -  Run Local Usage
		Usr 0 00:00:20, Sys 0 00:00:01  -  Total Remote Usage
		Usr 0 00:00:00, Sys 0 00:00:00  -  Total Local Usage
	0  -  Run Bytes Sent By Job
	0  -  Run Bytes Received By Job
	0  -  Total Bytes Sent By Job
	0  -  Total Bytes Received By Job
	Partitionable Resources :    Usage  Request Allocated 
	   Cpus                 :                 1         1 
	   Disk (KB)            :        1        1    128928 
	   Memory (MB)          :      148     3900      3968 

	Job terminated of its own accord at 2023-07-25T04:01:49Z.
...
006 (330222.002.000) 2023-07-25 13:01:50 Image size of job updated: 687592
	71  -  MemoryUsage of job (MB)
	71960  -  ResidentSetSize of job (KB)
...
005 (330222.002.000) 2023-07-25 13:01:50 Job terminated.
	(1) Normal termination (return value 0)
		Usr 0 00:00:20, Sys 0 00:00:01  -  Run Remote Usage
		Usr 0 00:00:00, Sys 0 00:00:00  -  Run Local Usage
		Usr 0 00:00:20, Sys 0 00:00:01  -  Total Remote Usage
		Usr 0 00:00:00, Sys 0 00:00:00  -  Total Local Usage
	0  -  Run Bytes Sent By Job
	0  -  Run Bytes Received By Job
	0  -  Total Bytes Sent By Job
	0  -  Total Bytes Received By Job
	Partitionable Resources :    Usage  Request Allocated 
	   Cpus                 :                 1         1 
	   Disk (KB)            :        1        1    128928 
	   Memory (MB)          :       71     3900      3968 

	Job terminated of its own accord at 2023-07-25T04:01:50Z.
...
006 (330222.003.000) 2023-07-25 13:01:50 Image size of job updated: 688476
	114  -  MemoryUsage of job (MB)
	116248  -  ResidentSetSize of job (KB)
...
005 (330222.003.000) 2023-07-25 13:01:50 Job terminated.
	(1) Normal termination (return value 0)
		Usr 0 00:00:21, Sys 0 00:00:01  -  Run Remote Usage
		Usr 0 00:00:00, Sys 0 00:00:00  -  Run Local Usage
		Usr 0 00:00:21, Sys 0 00:00:01  -  Total Remote Usage
		Usr 0 00:00:00, Sys 0 00:00:00  -  Total Local Usage
	0  -  Run Bytes Sent By Job
	0  -  Run Bytes Received By Job
	0  -  Total Bytes Sent By Job
	0  -  Total Bytes Received By Job
	Partitionable Resources :    Usage  Request Allocated 
	   Cpus                 :                 1         1 
	   Disk (KB)            :        1        1    128928 
	   Memory (MB)          :      114     3900      3968 

	Job terminated of its own accord at 2023-07-25T04:01:50Z.
...
006 (330222.009.000) 2023-07-25 13:01:51 Image size of job updated: 686644
	120  -  MemoryUsage of job (MB)
	122212  -  ResidentSetSize of job (KB)
...
005 (330222.009.000) 2023-07-25 13:01:51 Job terminated.
	(1) Normal termination (return value 0)
		Usr 0 00:00:22, Sys 0 00:00:01  -  Run Remote Usage
		Usr 0 00:00:00, Sys 0 00:00:00  -  Run Local Usage
		Usr 0 00:00:22, Sys 0 00:00:01  -  Total Remote Usage
		Usr 0 00:00:00, Sys 0 00:00:00  -  Total Local Usage
	0  -  Run Bytes Sent By Job
	0  -  Run Bytes Received By Job
	0  -  Total Bytes Sent By Job
	0  -  Total Bytes Received By Job
	Partitionable Resources :    Usage  Request Allocated 
	   Cpus                 :                 1         1 
	   Disk (KB)            :        1        1    128928 
	   Memory (MB)          :      120     3900      3968 

	Job terminated of its own accord at 2023-07-25T04:01:51Z.
...
006 (330222.000.000) 2023-07-25 13:01:53 Image size of job updated: 686620
	148  -  MemoryUsage of job (MB)
	150904  -  ResidentSetSize of job (KB)
...
005 (330222.000.000) 2023-07-25 13:01:53 Job terminated.
	(1) Normal termination (return value 0)
		Usr 0 00:00:24, Sys 0 00:00:01  -  Run Remote Usage
		Usr 0 00:00:00, Sys 0 00:00:00  -  Run Local Usage
		Usr 0 00:00:24, Sys 0 00:00:01  -  Total Remote Usage
		Usr 0 00:00:00, Sys 0 00:00:00  -  Total Local Usage
	0  -  Run Bytes Sent By Job
	0  -  Run Bytes Received By Job
	0  -  Total Bytes Sent By Job
	0  -  Total Bytes Received By Job
	Partitionable Resources :    Usage  Request Allocated 
	   Cpus                 :                 1         1 
	   Disk (KB)            :        1        1    128928 
	   Memory (MB)          :      148     3900      3968 

	Job terminated of its own accord at 2023-07-25T04:01:53Z.
...
006 (330222.004.000) 2023-07-25 13:01:53 Image size of job updated: 688340
	114  -  MemoryUsage of job (MB)
	116244  -  ResidentSetSize of job (KB)
...
005 (330222.004.000) 2023-07-25 13:01:53 Job terminated.
	(1) Normal termination (return value 0)
		Usr 0 00:00:23, Sys 0 00:00:01  -  Run Remote Usage
		Usr 0 00:00:00, Sys 0 00:00:00  -  Run Local Usage
		Usr 0 00:00:23, Sys 0 00:00:01  -  Total Remote Usage
		Usr 0 00:00:00, Sys 0 00:00:00  -  Total Local Usage
	0  -  Run Bytes Sent By Job
	0  -  Run Bytes Received By Job
	0  -  Total Bytes Sent By Job
	0  -  Total Bytes Received By Job
	Partitionable Resources :    Usage  Request Allocated 
	   Cpus                 :                 1         1 
	   Disk (KB)            :        1        1    128928 
	   Memory (MB)          :      114     3900      3968 

	Job terminated of its own accord at 2023-07-25T04:01:53Z.
...
