000 (311043.000.000) 2023-06-12 17:46:37 Job submitted from host: <172.30.1.200:9618?addrs=172.30.1.200-9618&alias=tamsa2.snu.ac.kr&noUDP&sock=schedd_3510_2582>
...
000 (311043.001.000) 2023-06-12 17:46:37 Job submitted from host: <172.30.1.200:9618?addrs=172.30.1.200-9618&alias=tamsa2.snu.ac.kr&noUDP&sock=schedd_3510_2582>
...
000 (311043.002.000) 2023-06-12 17:46:37 Job submitted from host: <172.30.1.200:9618?addrs=172.30.1.200-9618&alias=tamsa2.snu.ac.kr&noUDP&sock=schedd_3510_2582>
...
000 (311043.003.000) 2023-06-12 17:46:37 Job submitted from host: <172.30.1.200:9618?addrs=172.30.1.200-9618&alias=tamsa2.snu.ac.kr&noUDP&sock=schedd_3510_2582>
...
000 (311043.004.000) 2023-06-12 17:46:37 Job submitted from host: <172.30.1.200:9618?addrs=172.30.1.200-9618&alias=tamsa2.snu.ac.kr&noUDP&sock=schedd_3510_2582>
...
000 (311043.005.000) 2023-06-12 17:46:37 Job submitted from host: <172.30.1.200:9618?addrs=172.30.1.200-9618&alias=tamsa2.snu.ac.kr&noUDP&sock=schedd_3510_2582>
...
000 (311043.006.000) 2023-06-12 17:46:37 Job submitted from host: <172.30.1.200:9618?addrs=172.30.1.200-9618&alias=tamsa2.snu.ac.kr&noUDP&sock=schedd_3510_2582>
...
000 (311043.007.000) 2023-06-12 17:46:37 Job submitted from host: <172.30.1.200:9618?addrs=172.30.1.200-9618&alias=tamsa2.snu.ac.kr&noUDP&sock=schedd_3510_2582>
...
000 (311043.008.000) 2023-06-12 17:46:37 Job submitted from host: <172.30.1.200:9618?addrs=172.30.1.200-9618&alias=tamsa2.snu.ac.kr&noUDP&sock=schedd_3510_2582>
...
000 (311043.009.000) 2023-06-12 17:46:37 Job submitted from host: <172.30.1.200:9618?addrs=172.30.1.200-9618&alias=tamsa2.snu.ac.kr&noUDP&sock=schedd_3510_2582>
...
040 (311043.003.000) 2023-06-12 17:46:43 Started transferring input files
	Transferring to host: <172.30.1.109:9618?addrs=172.30.1.109-9618&alias=n9&noUDP&sock=slot1_1_4265_d407_22892>
...
040 (311043.003.000) 2023-06-12 17:46:43 Finished transferring input files
...
040 (311043.004.000) 2023-06-12 17:46:43 Started transferring input files
	Transferring to host: <172.30.1.109:9618?addrs=172.30.1.109-9618&alias=n9&noUDP&sock=slot1_2_4265_d407_22893>
...
040 (311043.004.000) 2023-06-12 17:46:43 Finished transferring input files
...
040 (311043.005.000) 2023-06-12 17:46:43 Started transferring input files
	Transferring to host: <172.30.1.109:9618?addrs=172.30.1.109-9618&alias=n9&noUDP&sock=slot1_6_4265_d407_22894>
...
040 (311043.005.000) 2023-06-12 17:46:43 Finished transferring input files
...
040 (311043.006.000) 2023-06-12 17:46:43 Started transferring input files
	Transferring to host: <172.30.1.109:9618?addrs=172.30.1.109-9618&alias=n9&noUDP&sock=slot1_7_4265_d407_22895>
...
040 (311043.006.000) 2023-06-12 17:46:43 Finished transferring input files
...
040 (311043.007.000) 2023-06-12 17:46:43 Started transferring input files
	Transferring to host: <172.30.1.109:9618?addrs=172.30.1.109-9618&alias=n9&noUDP&sock=slot1_8_4265_d407_22896>
...
040 (311043.007.000) 2023-06-12 17:46:43 Finished transferring input files
...
040 (311043.008.000) 2023-06-12 17:46:43 Started transferring input files
	Transferring to host: <172.30.1.109:9618?addrs=172.30.1.109-9618&alias=n9&noUDP&sock=slot1_9_4265_d407_22897>
...
040 (311043.008.000) 2023-06-12 17:46:43 Finished transferring input files
...
040 (311043.009.000) 2023-06-12 17:46:43 Started transferring input files
	Transferring to host: <172.30.1.109:9618?addrs=172.30.1.109-9618&alias=n9&noUDP&sock=slot1_11_4265_d407_22898>
...
040 (311043.009.000) 2023-06-12 17:46:43 Finished transferring input files
...
040 (311043.000.000) 2023-06-12 17:46:43 Started transferring input files
	Transferring to host: <172.30.1.108:9618?addrs=172.30.1.108-9618&alias=n8&noUDP&sock=slot1_25_4278_fce7_21864>
...
040 (311043.000.000) 2023-06-12 17:46:43 Finished transferring input files
...
040 (311043.001.000) 2023-06-12 17:46:43 Started transferring input files
	Transferring to host: <172.30.1.108:9618?addrs=172.30.1.108-9618&alias=n8&noUDP&sock=slot1_26_4278_fce7_21865>
...
040 (311043.001.000) 2023-06-12 17:46:43 Finished transferring input files
...
040 (311043.002.000) 2023-06-12 17:46:43 Started transferring input files
	Transferring to host: <172.30.1.108:9618?addrs=172.30.1.108-9618&alias=n8&noUDP&sock=slot1_29_4278_fce7_21866>
...
040 (311043.002.000) 2023-06-12 17:46:43 Finished transferring input files
...
001 (311043.003.000) 2023-06-12 17:46:44 Job executing on host: <172.30.1.109:9618?addrs=172.30.1.109-9618&alias=n9&noUDP&sock=startd_4231_b14b>
...
001 (311043.004.000) 2023-06-12 17:46:44 Job executing on host: <172.30.1.109:9618?addrs=172.30.1.109-9618&alias=n9&noUDP&sock=startd_4231_b14b>
...
001 (311043.005.000) 2023-06-12 17:46:44 Job executing on host: <172.30.1.109:9618?addrs=172.30.1.109-9618&alias=n9&noUDP&sock=startd_4231_b14b>
...
001 (311043.006.000) 2023-06-12 17:46:44 Job executing on host: <172.30.1.109:9618?addrs=172.30.1.109-9618&alias=n9&noUDP&sock=startd_4231_b14b>
...
001 (311043.007.000) 2023-06-12 17:46:44 Job executing on host: <172.30.1.109:9618?addrs=172.30.1.109-9618&alias=n9&noUDP&sock=startd_4231_b14b>
...
001 (311043.008.000) 2023-06-12 17:46:44 Job executing on host: <172.30.1.109:9618?addrs=172.30.1.109-9618&alias=n9&noUDP&sock=startd_4231_b14b>
...
001 (311043.009.000) 2023-06-12 17:46:44 Job executing on host: <172.30.1.109:9618?addrs=172.30.1.109-9618&alias=n9&noUDP&sock=startd_4231_b14b>
...
001 (311043.000.000) 2023-06-12 17:46:44 Job executing on host: <172.30.1.108:9618?addrs=172.30.1.108-9618&alias=n8&noUDP&sock=startd_4243_ec6e>
...
001 (311043.001.000) 2023-06-12 17:46:44 Job executing on host: <172.30.1.108:9618?addrs=172.30.1.108-9618&alias=n8&noUDP&sock=startd_4243_ec6e>
...
001 (311043.002.000) 2023-06-12 17:46:44 Job executing on host: <172.30.1.108:9618?addrs=172.30.1.108-9618&alias=n8&noUDP&sock=startd_4243_ec6e>
...
006 (311043.003.000) 2023-06-12 17:46:52 Image size of job updated: 188196
	184  -  MemoryUsage of job (MB)
	188192  -  ResidentSetSize of job (KB)
...
006 (311043.004.000) 2023-06-12 17:46:52 Image size of job updated: 188256
	184  -  MemoryUsage of job (MB)
	188224  -  ResidentSetSize of job (KB)
...
006 (311043.005.000) 2023-06-12 17:46:52 Image size of job updated: 188304
	184  -  MemoryUsage of job (MB)
	188224  -  ResidentSetSize of job (KB)
...
006 (311043.006.000) 2023-06-12 17:46:52 Image size of job updated: 188604
	185  -  MemoryUsage of job (MB)
	188520  -  ResidentSetSize of job (KB)
...
006 (311043.007.000) 2023-06-12 17:46:52 Image size of job updated: 188528
	185  -  MemoryUsage of job (MB)
	188528  -  ResidentSetSize of job (KB)
...
006 (311043.008.000) 2023-06-12 17:46:52 Image size of job updated: 188228
	184  -  MemoryUsage of job (MB)
	188228  -  ResidentSetSize of job (KB)
...
006 (311043.009.000) 2023-06-12 17:46:52 Image size of job updated: 188672
	184  -  MemoryUsage of job (MB)
	188204  -  ResidentSetSize of job (KB)
...
006 (311043.000.000) 2023-06-12 17:46:53 Image size of job updated: 391532
	179  -  MemoryUsage of job (MB)
	183160  -  ResidentSetSize of job (KB)
...
006 (311043.001.000) 2023-06-12 17:46:53 Image size of job updated: 385844
	180  -  MemoryUsage of job (MB)
	183408  -  ResidentSetSize of job (KB)
...
006 (311043.002.000) 2023-06-12 17:46:53 Image size of job updated: 385952
	182  -  MemoryUsage of job (MB)
	186280  -  ResidentSetSize of job (KB)
...
006 (311043.006.000) 2023-06-12 17:49:36 Image size of job updated: 697784
	185  -  MemoryUsage of job (MB)
	188520  -  ResidentSetSize of job (KB)
...
040 (311043.006.000) 2023-06-12 17:49:37 Started transferring output files
...
040 (311043.006.000) 2023-06-12 17:49:37 Finished transferring output files
...
005 (311043.006.000) 2023-06-12 17:49:37 Job terminated.
	(1) Normal termination (return value 0)
		Usr 0 00:02:48, Sys 0 00:00:01  -  Run Remote Usage
		Usr 0 00:00:00, Sys 0 00:00:00  -  Run Local Usage
		Usr 0 00:02:48, Sys 0 00:00:01  -  Total Remote Usage
		Usr 0 00:00:00, Sys 0 00:00:00  -  Total Local Usage
	11822  -  Run Bytes Sent By Job
	147  -  Run Bytes Received By Job
	11822  -  Total Bytes Sent By Job
	147  -  Total Bytes Received By Job
	Partitionable Resources :    Usage  Request Allocated 
	   Cpus                 :     1.00        1         1 
	   Disk (KB)            :    62           1    127899 
	   Memory (MB)          :   185        3900      3968 

	Job terminated of its own accord at 2023-06-12T08:49:36Z.
...
006 (311043.003.000) 2023-06-12 17:49:41 Image size of job updated: 697780
	184  -  MemoryUsage of job (MB)
	188192  -  ResidentSetSize of job (KB)
...
040 (311043.003.000) 2023-06-12 17:49:41 Started transferring output files
...
040 (311043.003.000) 2023-06-12 17:49:41 Finished transferring output files
...
005 (311043.003.000) 2023-06-12 17:49:42 Job terminated.
	(1) Normal termination (return value 0)
		Usr 0 00:02:52, Sys 0 00:00:01  -  Run Remote Usage
		Usr 0 00:00:00, Sys 0 00:00:00  -  Run Local Usage
		Usr 0 00:02:52, Sys 0 00:00:01  -  Total Remote Usage
		Usr 0 00:00:00, Sys 0 00:00:00  -  Total Local Usage
	11541  -  Run Bytes Sent By Job
	147  -  Run Bytes Received By Job
	11541  -  Total Bytes Sent By Job
	147  -  Total Bytes Received By Job
	Partitionable Resources :    Usage  Request Allocated 
	   Cpus                 :     1.00        1         1 
	   Disk (KB)            :    62           1    127899 
	   Memory (MB)          :   184        3900      3968 

	Job terminated of its own accord at 2023-06-12T08:49:41Z.
...
006 (311043.008.000) 2023-06-12 17:49:47 Image size of job updated: 698836
	184  -  MemoryUsage of job (MB)
	188228  -  ResidentSetSize of job (KB)
...
040 (311043.008.000) 2023-06-12 17:49:47 Started transferring output files
...
040 (311043.008.000) 2023-06-12 17:49:47 Finished transferring output files
...
005 (311043.008.000) 2023-06-12 17:49:47 Job terminated.
	(1) Normal termination (return value 0)
		Usr 0 00:02:57, Sys 0 00:00:01  -  Run Remote Usage
		Usr 0 00:00:00, Sys 0 00:00:00  -  Run Local Usage
		Usr 0 00:02:57, Sys 0 00:00:01  -  Total Remote Usage
		Usr 0 00:00:00, Sys 0 00:00:00  -  Total Local Usage
	12515  -  Run Bytes Sent By Job
	147  -  Run Bytes Received By Job
	12515  -  Total Bytes Sent By Job
	147  -  Total Bytes Received By Job
	Partitionable Resources :    Usage  Request Allocated 
	   Cpus                 :     1.00        1         1 
	   Disk (KB)            :    63           1    127899 
	   Memory (MB)          :   184        3900      3968 

	Job terminated of its own accord at 2023-06-12T08:49:47Z.
...
006 (311043.007.000) 2023-06-12 17:49:47 Image size of job updated: 699748
	185  -  MemoryUsage of job (MB)
	188528  -  ResidentSetSize of job (KB)
...
040 (311043.007.000) 2023-06-12 17:49:47 Started transferring output files
...
040 (311043.007.000) 2023-06-12 17:49:47 Finished transferring output files
...
005 (311043.007.000) 2023-06-12 17:49:47 Job terminated.
	(1) Normal termination (return value 0)
		Usr 0 00:02:58, Sys 0 00:00:01  -  Run Remote Usage
		Usr 0 00:00:00, Sys 0 00:00:00  -  Run Local Usage
		Usr 0 00:02:58, Sys 0 00:00:01  -  Total Remote Usage
		Usr 0 00:00:00, Sys 0 00:00:00  -  Total Local Usage
	11701  -  Run Bytes Sent By Job
	147  -  Run Bytes Received By Job
	11701  -  Total Bytes Sent By Job
	147  -  Total Bytes Received By Job
	Partitionable Resources :    Usage  Request Allocated 
	   Cpus                 :     1.00        1         1 
	   Disk (KB)            :    62           1    127899 
	   Memory (MB)          :   185        3900      3968 

	Job terminated of its own accord at 2023-06-12T08:49:47Z.
...
006 (311043.009.000) 2023-06-12 17:49:48 Image size of job updated: 700676
	184  -  MemoryUsage of job (MB)
	188204  -  ResidentSetSize of job (KB)
...
040 (311043.009.000) 2023-06-12 17:49:48 Started transferring output files
...
040 (311043.009.000) 2023-06-12 17:49:48 Finished transferring output files
...
005 (311043.009.000) 2023-06-12 17:49:48 Job terminated.
	(1) Normal termination (return value 0)
		Usr 0 00:02:59, Sys 0 00:00:01  -  Run Remote Usage
		Usr 0 00:00:00, Sys 0 00:00:00  -  Run Local Usage
		Usr 0 00:02:59, Sys 0 00:00:01  -  Total Remote Usage
		Usr 0 00:00:00, Sys 0 00:00:00  -  Total Local Usage
	12486  -  Run Bytes Sent By Job
	147  -  Run Bytes Received By Job
	12486  -  Total Bytes Sent By Job
	147  -  Total Bytes Received By Job
	Partitionable Resources :    Usage  Request Allocated 
	   Cpus                 :     0.99        1         1 
	   Disk (KB)            :    63           1    127899 
	   Memory (MB)          :   184        3900      3968 

	Job terminated of its own accord at 2023-06-12T08:49:48Z.
...
006 (311043.002.000) 2023-06-12 17:49:49 Image size of job updated: 697720
	182  -  MemoryUsage of job (MB)
	186292  -  ResidentSetSize of job (KB)
...
040 (311043.002.000) 2023-06-12 17:49:49 Started transferring output files
...
040 (311043.002.000) 2023-06-12 17:49:49 Finished transferring output files
...
005 (311043.002.000) 2023-06-12 17:49:49 Job terminated.
	(1) Normal termination (return value 0)
		Usr 0 00:02:57, Sys 0 00:00:01  -  Run Remote Usage
		Usr 0 00:00:00, Sys 0 00:00:00  -  Run Local Usage
		Usr 0 00:02:57, Sys 0 00:00:01  -  Total Remote Usage
		Usr 0 00:00:00, Sys 0 00:00:00  -  Total Local Usage
	12353  -  Run Bytes Sent By Job
	147  -  Run Bytes Received By Job
	12353  -  Total Bytes Sent By Job
	147  -  Total Bytes Received By Job
	Partitionable Resources :    Usage  Request Allocated 
	   Cpus                 :     1.00        1         1 
	   Disk (KB)            :    63           1    127899 
	   Memory (MB)          :   182        3900      3968 

	Job terminated of its own accord at 2023-06-12T08:49:49Z.
...
006 (311043.000.000) 2023-06-12 17:49:54 Image size of job updated: 699688
	179  -  MemoryUsage of job (MB)
	183176  -  ResidentSetSize of job (KB)
...
040 (311043.000.000) 2023-06-12 17:49:54 Started transferring output files
...
040 (311043.000.000) 2023-06-12 17:49:54 Finished transferring output files
...
005 (311043.000.000) 2023-06-12 17:49:54 Job terminated.
	(1) Normal termination (return value 0)
		Usr 0 00:03:03, Sys 0 00:00:02  -  Run Remote Usage
		Usr 0 00:00:00, Sys 0 00:00:00  -  Run Local Usage
		Usr 0 00:03:03, Sys 0 00:00:02  -  Total Remote Usage
		Usr 0 00:00:00, Sys 0 00:00:00  -  Total Local Usage
	10366  -  Run Bytes Sent By Job
	147  -  Run Bytes Received By Job
	10366  -  Total Bytes Sent By Job
	147  -  Total Bytes Received By Job
	Partitionable Resources :    Usage  Request Allocated 
	   Cpus                 :     0.99        1         1 
	   Disk (KB)            :    61           1    127899 
	   Memory (MB)          :   179        3900      3968 

	Job terminated of its own accord at 2023-06-12T08:49:54Z.
...
006 (311043.004.000) 2023-06-12 17:49:55 Image size of job updated: 697592
	184  -  MemoryUsage of job (MB)
	188224  -  ResidentSetSize of job (KB)
...
040 (311043.004.000) 2023-06-12 17:49:55 Started transferring output files
...
040 (311043.004.000) 2023-06-12 17:49:55 Finished transferring output files
...
005 (311043.004.000) 2023-06-12 17:49:55 Job terminated.
	(1) Normal termination (return value 0)
		Usr 0 00:03:05, Sys 0 00:00:01  -  Run Remote Usage
		Usr 0 00:00:00, Sys 0 00:00:00  -  Run Local Usage
		Usr 0 00:03:05, Sys 0 00:00:01  -  Total Remote Usage
		Usr 0 00:00:00, Sys 0 00:00:00  -  Total Local Usage
	11529  -  Run Bytes Sent By Job
	147  -  Run Bytes Received By Job
	11529  -  Total Bytes Sent By Job
	147  -  Total Bytes Received By Job
	Partitionable Resources :    Usage  Request Allocated 
	   Cpus                 :     0.98        1         1 
	   Disk (KB)            :    62           1    127899 
	   Memory (MB)          :   184        3900      3968 

	Job terminated of its own accord at 2023-06-12T08:49:55Z.
...
006 (311043.001.000) 2023-06-12 17:49:57 Image size of job updated: 699836
	180  -  MemoryUsage of job (MB)
	183412  -  ResidentSetSize of job (KB)
...
040 (311043.001.000) 2023-06-12 17:49:57 Started transferring output files
...
040 (311043.001.000) 2023-06-12 17:49:57 Finished transferring output files
...
005 (311043.001.000) 2023-06-12 17:49:57 Job terminated.
	(1) Normal termination (return value 0)
		Usr 0 00:03:06, Sys 0 00:00:01  -  Run Remote Usage
		Usr 0 00:00:00, Sys 0 00:00:00  -  Run Local Usage
		Usr 0 00:03:06, Sys 0 00:00:01  -  Total Remote Usage
		Usr 0 00:00:00, Sys 0 00:00:00  -  Total Local Usage
	11778  -  Run Bytes Sent By Job
	147  -  Run Bytes Received By Job
	11778  -  Total Bytes Sent By Job
	147  -  Total Bytes Received By Job
	Partitionable Resources :    Usage  Request Allocated 
	   Cpus                 :     0.99        1         1 
	   Disk (KB)            :    62           1    127899 
	   Memory (MB)          :   180        3900      3968 

	Job terminated of its own accord at 2023-06-12T08:49:57Z.
...
006 (311043.005.000) 2023-06-12 17:50:06 Image size of job updated: 697800
	184  -  MemoryUsage of job (MB)
	188224  -  ResidentSetSize of job (KB)
...
040 (311043.005.000) 2023-06-12 17:50:06 Started transferring output files
...
040 (311043.005.000) 2023-06-12 17:50:06 Finished transferring output files
...
005 (311043.005.000) 2023-06-12 17:50:06 Job terminated.
	(1) Normal termination (return value 0)
		Usr 0 00:03:16, Sys 0 00:00:01  -  Run Remote Usage
		Usr 0 00:00:00, Sys 0 00:00:00  -  Run Local Usage
		Usr 0 00:03:16, Sys 0 00:00:01  -  Total Remote Usage
		Usr 0 00:00:00, Sys 0 00:00:00  -  Total Local Usage
	13209  -  Run Bytes Sent By Job
	147  -  Run Bytes Received By Job
	13209  -  Total Bytes Sent By Job
	147  -  Total Bytes Received By Job
	Partitionable Resources :    Usage  Request Allocated 
	   Cpus                 :     0.99        1         1 
	   Disk (KB)            :    63           1    127899 
	   Memory (MB)          :   184        3900      3968 

	Job terminated of its own accord at 2023-06-12T08:50:06Z.
...
