000 (330316.000.000) 2023-07-25 13:47:21 Job submitted from host: <172.30.1.200:9618?addrs=172.30.1.200-9618&alias=tamsa2.snu.ac.kr&noUDP&sock=schedd_3510_2582>
...
000 (330316.001.000) 2023-07-25 13:47:21 Job submitted from host: <172.30.1.200:9618?addrs=172.30.1.200-9618&alias=tamsa2.snu.ac.kr&noUDP&sock=schedd_3510_2582>
...
000 (330316.002.000) 2023-07-25 13:47:21 Job submitted from host: <172.30.1.200:9618?addrs=172.30.1.200-9618&alias=tamsa2.snu.ac.kr&noUDP&sock=schedd_3510_2582>
...
000 (330316.003.000) 2023-07-25 13:47:21 Job submitted from host: <172.30.1.200:9618?addrs=172.30.1.200-9618&alias=tamsa2.snu.ac.kr&noUDP&sock=schedd_3510_2582>
...
000 (330316.004.000) 2023-07-25 13:47:21 Job submitted from host: <172.30.1.200:9618?addrs=172.30.1.200-9618&alias=tamsa2.snu.ac.kr&noUDP&sock=schedd_3510_2582>
...
000 (330316.005.000) 2023-07-25 13:47:21 Job submitted from host: <172.30.1.200:9618?addrs=172.30.1.200-9618&alias=tamsa2.snu.ac.kr&noUDP&sock=schedd_3510_2582>
...
000 (330316.006.000) 2023-07-25 13:47:21 Job submitted from host: <172.30.1.200:9618?addrs=172.30.1.200-9618&alias=tamsa2.snu.ac.kr&noUDP&sock=schedd_3510_2582>
...
000 (330316.007.000) 2023-07-25 13:47:21 Job submitted from host: <172.30.1.200:9618?addrs=172.30.1.200-9618&alias=tamsa2.snu.ac.kr&noUDP&sock=schedd_3510_2582>
...
000 (330316.008.000) 2023-07-25 13:47:21 Job submitted from host: <172.30.1.200:9618?addrs=172.30.1.200-9618&alias=tamsa2.snu.ac.kr&noUDP&sock=schedd_3510_2582>
...
000 (330316.009.000) 2023-07-25 13:47:21 Job submitted from host: <172.30.1.200:9618?addrs=172.30.1.200-9618&alias=tamsa2.snu.ac.kr&noUDP&sock=schedd_3510_2582>
...
001 (330316.001.000) 2023-07-25 13:47:35 Job executing on host: <172.30.1.207:9618?addrs=172.30.1.207-9618&alias=node7&noUDP&sock=startd_3802_6f2a>
...
001 (330316.006.000) 2023-07-25 13:47:35 Job executing on host: <172.30.1.211:9618?addrs=172.30.1.211-9618&alias=node11&noUDP&sock=startd_3790_3407>
...
001 (330316.003.000) 2023-07-25 13:47:35 Job executing on host: <172.30.1.207:9618?addrs=172.30.1.207-9618&alias=node7&noUDP&sock=startd_3802_6f2a>
...
001 (330316.007.000) 2023-07-25 13:47:35 Job executing on host: <172.30.1.211:9618?addrs=172.30.1.211-9618&alias=node11&noUDP&sock=startd_3790_3407>
...
001 (330316.002.000) 2023-07-25 13:47:35 Job executing on host: <172.30.1.207:9618?addrs=172.30.1.207-9618&alias=node7&noUDP&sock=startd_3802_6f2a>
...
001 (330316.009.000) 2023-07-25 13:47:35 Job executing on host: <172.30.1.211:9618?addrs=172.30.1.211-9618&alias=node11&noUDP&sock=startd_3790_3407>
...
001 (330316.000.000) 2023-07-25 13:47:35 Job executing on host: <172.30.1.202:9618?addrs=172.30.1.202-9618&alias=node2&noUDP&sock=startd_19693_56a6>
...
001 (330316.005.000) 2023-07-25 13:47:35 Job executing on host: <172.30.1.207:9618?addrs=172.30.1.207-9618&alias=node7&noUDP&sock=startd_3802_6f2a>
...
001 (330316.008.000) 2023-07-25 13:47:35 Job executing on host: <172.30.1.211:9618?addrs=172.30.1.211-9618&alias=node11&noUDP&sock=startd_3790_3407>
...
001 (330316.004.000) 2023-07-25 13:47:35 Job executing on host: <172.30.1.207:9618?addrs=172.30.1.207-9618&alias=node7&noUDP&sock=startd_3802_6f2a>
...
006 (330316.001.000) 2023-07-25 13:47:44 Image size of job updated: 212864
	205  -  MemoryUsage of job (MB)
	209456  -  ResidentSetSize of job (KB)
...
006 (330316.006.000) 2023-07-25 13:47:44 Image size of job updated: 645432
	183  -  MemoryUsage of job (MB)
	186772  -  ResidentSetSize of job (KB)
...
006 (330316.003.000) 2023-07-25 13:47:44 Image size of job updated: 220780
	207  -  MemoryUsage of job (MB)
	211136  -  ResidentSetSize of job (KB)
...
006 (330316.007.000) 2023-07-25 13:47:44 Image size of job updated: 645440
	183  -  MemoryUsage of job (MB)
	186908  -  ResidentSetSize of job (KB)
...
006 (330316.002.000) 2023-07-25 13:47:44 Image size of job updated: 216580
	205  -  MemoryUsage of job (MB)
	209340  -  ResidentSetSize of job (KB)
...
006 (330316.009.000) 2023-07-25 13:47:44 Image size of job updated: 645408
	183  -  MemoryUsage of job (MB)
	186980  -  ResidentSetSize of job (KB)
...
006 (330316.000.000) 2023-07-25 13:47:44 Image size of job updated: 437604
	207  -  MemoryUsage of job (MB)
	211116  -  ResidentSetSize of job (KB)
...
006 (330316.005.000) 2023-07-25 13:47:44 Image size of job updated: 206676
	198  -  MemoryUsage of job (MB)
	202172  -  ResidentSetSize of job (KB)
...
006 (330316.008.000) 2023-07-25 13:47:44 Image size of job updated: 645444
	189  -  MemoryUsage of job (MB)
	193108  -  ResidentSetSize of job (KB)
...
006 (330316.004.000) 2023-07-25 13:47:44 Image size of job updated: 218052
	207  -  MemoryUsage of job (MB)
	211356  -  ResidentSetSize of job (KB)
...
006 (330316.000.000) 2023-07-25 13:47:50 Image size of job updated: 686708
	207  -  MemoryUsage of job (MB)
	211116  -  ResidentSetSize of job (KB)
...
005 (330316.000.000) 2023-07-25 13:47:50 Job terminated.
	(1) Normal termination (return value 0)
		Usr 0 00:00:12, Sys 0 00:00:01  -  Run Remote Usage
		Usr 0 00:00:00, Sys 0 00:00:00  -  Run Local Usage
		Usr 0 00:00:12, Sys 0 00:00:01  -  Total Remote Usage
		Usr 0 00:00:00, Sys 0 00:00:00  -  Total Local Usage
	0  -  Run Bytes Sent By Job
	0  -  Run Bytes Received By Job
	0  -  Total Bytes Sent By Job
	0  -  Total Bytes Received By Job
	Partitionable Resources :    Usage  Request Allocated 
	   Cpus                 :                 1         1 
	   Disk (KB)            :        1        1    128913 
	   Memory (MB)          :      207     3900      3968 

	Job terminated of its own accord at 2023-07-25T04:47:50Z.
...
006 (330316.001.000) 2023-07-25 13:47:50 Image size of job updated: 688076
	205  -  MemoryUsage of job (MB)
	209456  -  ResidentSetSize of job (KB)
...
005 (330316.001.000) 2023-07-25 13:47:50 Job terminated.
	(1) Normal termination (return value 0)
		Usr 0 00:00:12, Sys 0 00:00:01  -  Run Remote Usage
		Usr 0 00:00:00, Sys 0 00:00:00  -  Run Local Usage
		Usr 0 00:00:12, Sys 0 00:00:01  -  Total Remote Usage
		Usr 0 00:00:00, Sys 0 00:00:00  -  Total Local Usage
	0  -  Run Bytes Sent By Job
	0  -  Run Bytes Received By Job
	0  -  Total Bytes Sent By Job
	0  -  Total Bytes Received By Job
	Partitionable Resources :    Usage  Request Allocated 
	   Cpus                 :                 1         1 
	   Disk (KB)            :        1        1    128928 
	   Memory (MB)          :      205     3900      3968 

	Job terminated of its own accord at 2023-07-25T04:47:50Z.
...
006 (330316.009.000) 2023-07-25 13:47:54 Image size of job updated: 687644
	183  -  MemoryUsage of job (MB)
	186980  -  ResidentSetSize of job (KB)
...
006 (330316.007.000) 2023-07-25 13:47:54 Image size of job updated: 688064
	183  -  MemoryUsage of job (MB)
	186908  -  ResidentSetSize of job (KB)
...
006 (330316.008.000) 2023-07-25 13:47:54 Image size of job updated: 687344
	189  -  MemoryUsage of job (MB)
	193120  -  ResidentSetSize of job (KB)
...
005 (330316.009.000) 2023-07-25 13:47:54 Job terminated.
	(1) Normal termination (return value 0)
		Usr 0 00:00:14, Sys 0 00:00:01  -  Run Remote Usage
		Usr 0 00:00:00, Sys 0 00:00:00  -  Run Local Usage
		Usr 0 00:00:14, Sys 0 00:00:01  -  Total Remote Usage
		Usr 0 00:00:00, Sys 0 00:00:00  -  Total Local Usage
	0  -  Run Bytes Sent By Job
	0  -  Run Bytes Received By Job
	0  -  Total Bytes Sent By Job
	0  -  Total Bytes Received By Job
	Partitionable Resources :    Usage  Request Allocated 
	   Cpus                 :                 1         1 
	   Disk (KB)            :        1        1    128928 
	   Memory (MB)          :      183     3900      3968 

	Job terminated of its own accord at 2023-07-25T04:47:54Z.
...
005 (330316.007.000) 2023-07-25 13:47:54 Job terminated.
	(1) Normal termination (return value 0)
		Usr 0 00:00:14, Sys 0 00:00:01  -  Run Remote Usage
		Usr 0 00:00:00, Sys 0 00:00:00  -  Run Local Usage
		Usr 0 00:00:14, Sys 0 00:00:01  -  Total Remote Usage
		Usr 0 00:00:00, Sys 0 00:00:00  -  Total Local Usage
	0  -  Run Bytes Sent By Job
	0  -  Run Bytes Received By Job
	0  -  Total Bytes Sent By Job
	0  -  Total Bytes Received By Job
	Partitionable Resources :    Usage  Request Allocated 
	   Cpus                 :                 1         1 
	   Disk (KB)            :        1        1    128928 
	   Memory (MB)          :      183     3900      3968 

	Job terminated of its own accord at 2023-07-25T04:47:54Z.
...
005 (330316.008.000) 2023-07-25 13:47:54 Job terminated.
	(1) Normal termination (return value 0)
		Usr 0 00:00:14, Sys 0 00:00:01  -  Run Remote Usage
		Usr 0 00:00:00, Sys 0 00:00:00  -  Run Local Usage
		Usr 0 00:00:14, Sys 0 00:00:01  -  Total Remote Usage
		Usr 0 00:00:00, Sys 0 00:00:00  -  Total Local Usage
	0  -  Run Bytes Sent By Job
	0  -  Run Bytes Received By Job
	0  -  Total Bytes Sent By Job
	0  -  Total Bytes Received By Job
	Partitionable Resources :    Usage  Request Allocated 
	   Cpus                 :                 1         1 
	   Disk (KB)            :        1        1    128928 
	   Memory (MB)          :      189     3900      3968 

	Job terminated of its own accord at 2023-07-25T04:47:54Z.
...
006 (330316.004.000) 2023-07-25 13:47:54 Image size of job updated: 688080
	207  -  MemoryUsage of job (MB)
	211356  -  ResidentSetSize of job (KB)
...
005 (330316.004.000) 2023-07-25 13:47:54 Job terminated.
	(1) Normal termination (return value 0)
		Usr 0 00:00:15, Sys 0 00:00:01  -  Run Remote Usage
		Usr 0 00:00:00, Sys 0 00:00:00  -  Run Local Usage
		Usr 0 00:00:15, Sys 0 00:00:01  -  Total Remote Usage
		Usr 0 00:00:00, Sys 0 00:00:00  -  Total Local Usage
	0  -  Run Bytes Sent By Job
	0  -  Run Bytes Received By Job
	0  -  Total Bytes Sent By Job
	0  -  Total Bytes Received By Job
	Partitionable Resources :    Usage  Request Allocated 
	   Cpus                 :     0.81        1         1 
	   Disk (KB)            :     1           1    128928 
	   Memory (MB)          :   207        3900      3968 

	Job terminated of its own accord at 2023-07-25T04:47:54Z.
...
006 (330316.003.000) 2023-07-25 13:47:54 Image size of job updated: 688516
	207  -  MemoryUsage of job (MB)
	211136  -  ResidentSetSize of job (KB)
...
005 (330316.003.000) 2023-07-25 13:47:54 Job terminated.
	(1) Normal termination (return value 0)
		Usr 0 00:00:15, Sys 0 00:00:01  -  Run Remote Usage
		Usr 0 00:00:00, Sys 0 00:00:00  -  Run Local Usage
		Usr 0 00:00:15, Sys 0 00:00:01  -  Total Remote Usage
		Usr 0 00:00:00, Sys 0 00:00:00  -  Total Local Usage
	0  -  Run Bytes Sent By Job
	0  -  Run Bytes Received By Job
	0  -  Total Bytes Sent By Job
	0  -  Total Bytes Received By Job
	Partitionable Resources :    Usage  Request Allocated 
	   Cpus                 :     0.87        1         1 
	   Disk (KB)            :     1           1    128928 
	   Memory (MB)          :   207        3900      3968 

	Job terminated of its own accord at 2023-07-25T04:47:54Z.
...
006 (330316.006.000) 2023-07-25 13:47:56 Image size of job updated: 687652
	183  -  MemoryUsage of job (MB)
	186772  -  ResidentSetSize of job (KB)
...
005 (330316.006.000) 2023-07-25 13:47:56 Job terminated.
	(1) Normal termination (return value 0)
		Usr 0 00:00:16, Sys 0 00:00:01  -  Run Remote Usage
		Usr 0 00:00:00, Sys 0 00:00:00  -  Run Local Usage
		Usr 0 00:00:16, Sys 0 00:00:01  -  Total Remote Usage
		Usr 0 00:00:00, Sys 0 00:00:00  -  Total Local Usage
	0  -  Run Bytes Sent By Job
	0  -  Run Bytes Received By Job
	0  -  Total Bytes Sent By Job
	0  -  Total Bytes Received By Job
	Partitionable Resources :    Usage  Request Allocated 
	   Cpus                 :                 1         1 
	   Disk (KB)            :        1        1    128928 
	   Memory (MB)          :      183     3900      3968 

	Job terminated of its own accord at 2023-07-25T04:47:56Z.
...
006 (330316.005.000) 2023-07-25 13:47:56 Image size of job updated: 687564
	198  -  MemoryUsage of job (MB)
	202172  -  ResidentSetSize of job (KB)
...
005 (330316.005.000) 2023-07-25 13:47:56 Job terminated.
	(1) Normal termination (return value 0)
		Usr 0 00:00:17, Sys 0 00:00:01  -  Run Remote Usage
		Usr 0 00:00:00, Sys 0 00:00:00  -  Run Local Usage
		Usr 0 00:00:17, Sys 0 00:00:01  -  Total Remote Usage
		Usr 0 00:00:00, Sys 0 00:00:00  -  Total Local Usage
	0  -  Run Bytes Sent By Job
	0  -  Run Bytes Received By Job
	0  -  Total Bytes Sent By Job
	0  -  Total Bytes Received By Job
	Partitionable Resources :    Usage  Request Allocated 
	   Cpus                 :     0.88        1         1 
	   Disk (KB)            :     1           1    128928 
	   Memory (MB)          :   198        3900      3968 

	Job terminated of its own accord at 2023-07-25T04:47:56Z.
...
006 (330316.002.000) 2023-07-25 13:47:57 Image size of job updated: 687252
	205  -  MemoryUsage of job (MB)
	209340  -  ResidentSetSize of job (KB)
...
005 (330316.002.000) 2023-07-25 13:47:57 Job terminated.
	(1) Normal termination (return value 0)
		Usr 0 00:00:18, Sys 0 00:00:00  -  Run Remote Usage
		Usr 0 00:00:00, Sys 0 00:00:00  -  Run Local Usage
		Usr 0 00:00:18, Sys 0 00:00:00  -  Total Remote Usage
		Usr 0 00:00:00, Sys 0 00:00:00  -  Total Local Usage
	0  -  Run Bytes Sent By Job
	0  -  Run Bytes Received By Job
	0  -  Total Bytes Sent By Job
	0  -  Total Bytes Received By Job
	Partitionable Resources :    Usage  Request Allocated 
	   Cpus                 :     0.87        1         1 
	   Disk (KB)            :     1           1    128928 
	   Memory (MB)          :   205        3900      3968 

	Job terminated of its own accord at 2023-07-25T04:47:57Z.
...
