000 (310175.000.000) 2023-06-09 15:53:48 Job submitted from host: <172.30.1.200:9618?addrs=172.30.1.200-9618&alias=tamsa2.snu.ac.kr&noUDP&sock=schedd_3510_2582>
...
000 (310175.001.000) 2023-06-09 15:53:48 Job submitted from host: <172.30.1.200:9618?addrs=172.30.1.200-9618&alias=tamsa2.snu.ac.kr&noUDP&sock=schedd_3510_2582>
...
000 (310175.002.000) 2023-06-09 15:53:48 Job submitted from host: <172.30.1.200:9618?addrs=172.30.1.200-9618&alias=tamsa2.snu.ac.kr&noUDP&sock=schedd_3510_2582>
...
000 (310175.003.000) 2023-06-09 15:53:48 Job submitted from host: <172.30.1.200:9618?addrs=172.30.1.200-9618&alias=tamsa2.snu.ac.kr&noUDP&sock=schedd_3510_2582>
...
000 (310175.004.000) 2023-06-09 15:53:48 Job submitted from host: <172.30.1.200:9618?addrs=172.30.1.200-9618&alias=tamsa2.snu.ac.kr&noUDP&sock=schedd_3510_2582>
...
000 (310175.005.000) 2023-06-09 15:53:48 Job submitted from host: <172.30.1.200:9618?addrs=172.30.1.200-9618&alias=tamsa2.snu.ac.kr&noUDP&sock=schedd_3510_2582>
...
000 (310175.006.000) 2023-06-09 15:53:48 Job submitted from host: <172.30.1.200:9618?addrs=172.30.1.200-9618&alias=tamsa2.snu.ac.kr&noUDP&sock=schedd_3510_2582>
...
000 (310175.007.000) 2023-06-09 15:53:48 Job submitted from host: <172.30.1.200:9618?addrs=172.30.1.200-9618&alias=tamsa2.snu.ac.kr&noUDP&sock=schedd_3510_2582>
...
000 (310175.008.000) 2023-06-09 15:53:48 Job submitted from host: <172.30.1.200:9618?addrs=172.30.1.200-9618&alias=tamsa2.snu.ac.kr&noUDP&sock=schedd_3510_2582>
...
000 (310175.009.000) 2023-06-09 15:53:48 Job submitted from host: <172.30.1.200:9618?addrs=172.30.1.200-9618&alias=tamsa2.snu.ac.kr&noUDP&sock=schedd_3510_2582>
...
001 (310175.004.000) 2023-06-09 15:53:56 Job executing on host: <172.30.1.204:9618?addrs=172.30.1.204-9618&alias=node4&noUDP&sock=startd_3843_8e8c>
...
001 (310175.005.000) 2023-06-09 15:53:56 Job executing on host: <172.30.1.204:9618?addrs=172.30.1.204-9618&alias=node4&noUDP&sock=startd_3843_8e8c>
...
001 (310175.006.000) 2023-06-09 15:53:56 Job executing on host: <172.30.1.204:9618?addrs=172.30.1.204-9618&alias=node4&noUDP&sock=startd_3843_8e8c>
...
001 (310175.007.000) 2023-06-09 15:53:56 Job executing on host: <172.30.1.204:9618?addrs=172.30.1.204-9618&alias=node4&noUDP&sock=startd_3843_8e8c>
...
001 (310175.000.000) 2023-06-09 15:53:56 Job executing on host: <172.30.1.203:9618?addrs=172.30.1.203-9618&alias=node3&noUDP&sock=startd_3773_8aeb>
...
001 (310175.008.000) 2023-06-09 15:53:56 Job executing on host: <172.30.1.204:9618?addrs=172.30.1.204-9618&alias=node4&noUDP&sock=startd_3843_8e8c>
...
001 (310175.001.000) 2023-06-09 15:53:56 Job executing on host: <172.30.1.203:9618?addrs=172.30.1.203-9618&alias=node3&noUDP&sock=startd_3773_8aeb>
...
001 (310175.009.000) 2023-06-09 15:53:56 Job executing on host: <172.30.1.204:9618?addrs=172.30.1.204-9618&alias=node4&noUDP&sock=startd_3843_8e8c>
...
001 (310175.002.000) 2023-06-09 15:53:57 Job executing on host: <172.30.1.203:9618?addrs=172.30.1.203-9618&alias=node3&noUDP&sock=startd_3773_8aeb>
...
001 (310175.003.000) 2023-06-09 15:53:57 Job executing on host: <172.30.1.203:9618?addrs=172.30.1.203-9618&alias=node3&noUDP&sock=startd_3773_8aeb>
...
006 (310175.001.000) 2023-06-09 15:54:05 Image size of job updated: 186764
	183  -  MemoryUsage of job (MB)
	186764  -  ResidentSetSize of job (KB)
...
006 (310175.009.000) 2023-06-09 15:54:05 Image size of job updated: 425564
	203  -  MemoryUsage of job (MB)
	207672  -  ResidentSetSize of job (KB)
...
006 (310175.002.000) 2023-06-09 15:54:05 Image size of job updated: 186748
	183  -  MemoryUsage of job (MB)
	186748  -  ResidentSetSize of job (KB)
...
006 (310175.003.000) 2023-06-09 15:54:05 Image size of job updated: 186740
	183  -  MemoryUsage of job (MB)
	186740  -  ResidentSetSize of job (KB)
...
006 (310175.004.000) 2023-06-09 15:54:05 Image size of job updated: 472588
	204  -  MemoryUsage of job (MB)
	207952  -  ResidentSetSize of job (KB)
...
006 (310175.005.000) 2023-06-09 15:54:05 Image size of job updated: 473260
	183  -  MemoryUsage of job (MB)
	187044  -  ResidentSetSize of job (KB)
...
006 (310175.006.000) 2023-06-09 15:54:05 Image size of job updated: 441248
	203  -  MemoryUsage of job (MB)
	207764  -  ResidentSetSize of job (KB)
...
006 (310175.007.000) 2023-06-09 15:54:05 Image size of job updated: 437848
	183  -  MemoryUsage of job (MB)
	187104  -  ResidentSetSize of job (KB)
...
006 (310175.000.000) 2023-06-09 15:54:05 Image size of job updated: 201468
	197  -  MemoryUsage of job (MB)
	201468  -  ResidentSetSize of job (KB)
...
006 (310175.008.000) 2023-06-09 15:54:05 Image size of job updated: 436068
	189  -  MemoryUsage of job (MB)
	193404  -  ResidentSetSize of job (KB)
...
006 (310175.005.000) 2023-06-09 15:54:21 Image size of job updated: 647984
	183  -  MemoryUsage of job (MB)
	187044  -  ResidentSetSize of job (KB)
...
005 (310175.005.000) 2023-06-09 15:54:21 Job terminated.
	(1) Normal termination (return value 0)
		Usr 0 00:00:21, Sys 0 00:00:01  -  Run Remote Usage
		Usr 0 00:00:00, Sys 0 00:00:00  -  Run Local Usage
		Usr 0 00:00:21, Sys 0 00:00:01  -  Total Remote Usage
		Usr 0 00:00:00, Sys 0 00:00:00  -  Total Local Usage
	0  -  Run Bytes Sent By Job
	0  -  Run Bytes Received By Job
	0  -  Total Bytes Sent By Job
	0  -  Total Bytes Received By Job
	Partitionable Resources :    Usage  Request Allocated 
	   Cpus                 :     0.92        1         1 
	   Disk (KB)            :     1           1    128928 
	   Memory (MB)          :   183        3900      3968 

	Job terminated of its own accord at 2023-06-09T06:54:21Z.
...
006 (310175.001.000) 2023-06-09 15:54:25 Image size of job updated: 685328
	183  -  MemoryUsage of job (MB)
	186764  -  ResidentSetSize of job (KB)
...
005 (310175.001.000) 2023-06-09 15:54:25 Job terminated.
	(1) Normal termination (return value 0)
		Usr 0 00:00:24, Sys 0 00:00:01  -  Run Remote Usage
		Usr 0 00:00:00, Sys 0 00:00:00  -  Run Local Usage
		Usr 0 00:00:24, Sys 0 00:00:01  -  Total Remote Usage
		Usr 0 00:00:00, Sys 0 00:00:00  -  Total Local Usage
	0  -  Run Bytes Sent By Job
	0  -  Run Bytes Received By Job
	0  -  Total Bytes Sent By Job
	0  -  Total Bytes Received By Job
	Partitionable Resources :    Usage  Request Allocated 
	   Cpus                 :     0.01        1         1 
	   Disk (KB)            :     1           1    128928 
	   Memory (MB)          :   183        3900      3968 

	Job terminated of its own accord at 2023-06-09T06:54:25Z.
...
006 (310175.006.000) 2023-06-09 15:54:26 Image size of job updated: 684824
	203  -  MemoryUsage of job (MB)
	207764  -  ResidentSetSize of job (KB)
...
005 (310175.006.000) 2023-06-09 15:54:26 Job terminated.
	(1) Normal termination (return value 0)
		Usr 0 00:00:25, Sys 0 00:00:01  -  Run Remote Usage
		Usr 0 00:00:00, Sys 0 00:00:00  -  Run Local Usage
		Usr 0 00:00:25, Sys 0 00:00:01  -  Total Remote Usage
		Usr 0 00:00:00, Sys 0 00:00:00  -  Total Local Usage
	0  -  Run Bytes Sent By Job
	0  -  Run Bytes Received By Job
	0  -  Total Bytes Sent By Job
	0  -  Total Bytes Received By Job
	Partitionable Resources :    Usage  Request Allocated 
	   Cpus                 :     0.92        1         1 
	   Disk (KB)            :     1           1    128928 
	   Memory (MB)          :   203        3900      3968 

	Job terminated of its own accord at 2023-06-09T06:54:26Z.
...
006 (310175.003.000) 2023-06-09 15:54:28 Image size of job updated: 684816
	183  -  MemoryUsage of job (MB)
	186740  -  ResidentSetSize of job (KB)
...
006 (310175.007.000) 2023-06-09 15:54:28 Image size of job updated: 686176
	183  -  MemoryUsage of job (MB)
	187104  -  ResidentSetSize of job (KB)
...
005 (310175.003.000) 2023-06-09 15:54:28 Job terminated.
	(1) Normal termination (return value 0)
		Usr 0 00:00:27, Sys 0 00:00:01  -  Run Remote Usage
		Usr 0 00:00:00, Sys 0 00:00:00  -  Run Local Usage
		Usr 0 00:00:27, Sys 0 00:00:01  -  Total Remote Usage
		Usr 0 00:00:00, Sys 0 00:00:00  -  Total Local Usage
	0  -  Run Bytes Sent By Job
	0  -  Run Bytes Received By Job
	0  -  Total Bytes Sent By Job
	0  -  Total Bytes Received By Job
	Partitionable Resources :    Usage  Request Allocated 
	   Cpus                 :        0        1         1 
	   Disk (KB)            :        1        1    128928 
	   Memory (MB)          :      183     3900      3968 

	Job terminated of its own accord at 2023-06-09T06:54:28Z.
...
005 (310175.007.000) 2023-06-09 15:54:28 Job terminated.
	(1) Normal termination (return value 0)
		Usr 0 00:00:28, Sys 0 00:00:01  -  Run Remote Usage
		Usr 0 00:00:00, Sys 0 00:00:00  -  Run Local Usage
		Usr 0 00:00:28, Sys 0 00:00:01  -  Total Remote Usage
		Usr 0 00:00:00, Sys 0 00:00:00  -  Total Local Usage
	0  -  Run Bytes Sent By Job
	0  -  Run Bytes Received By Job
	0  -  Total Bytes Sent By Job
	0  -  Total Bytes Received By Job
	Partitionable Resources :    Usage  Request Allocated 
	   Cpus                 :     0.93        1         1 
	   Disk (KB)            :     1           1    128928 
	   Memory (MB)          :   183        3900      3968 

	Job terminated of its own accord at 2023-06-09T06:54:28Z.
...
006 (310175.008.000) 2023-06-09 15:54:28 Image size of job updated: 689152
	189  -  MemoryUsage of job (MB)
	193412  -  ResidentSetSize of job (KB)
...
005 (310175.008.000) 2023-06-09 15:54:28 Job terminated.
	(1) Normal termination (return value 0)
		Usr 0 00:00:30, Sys 0 00:00:01  -  Run Remote Usage
		Usr 0 00:00:00, Sys 0 00:00:00  -  Run Local Usage
		Usr 0 00:00:30, Sys 0 00:00:01  -  Total Remote Usage
		Usr 0 00:00:00, Sys 0 00:00:00  -  Total Local Usage
	0  -  Run Bytes Sent By Job
	0  -  Run Bytes Received By Job
	0  -  Total Bytes Sent By Job
	0  -  Total Bytes Received By Job
	Partitionable Resources :    Usage  Request Allocated 
	   Cpus                 :     0.93        1         1 
	   Disk (KB)            :     1           1    128928 
	   Memory (MB)          :   189        3900      3968 

	Job terminated of its own accord at 2023-06-09T06:54:28Z.
...
006 (310175.009.000) 2023-06-09 15:54:31 Image size of job updated: 684780
	203  -  MemoryUsage of job (MB)
	207672  -  ResidentSetSize of job (KB)
...
005 (310175.009.000) 2023-06-09 15:54:31 Job terminated.
	(1) Normal termination (return value 0)
		Usr 0 00:00:33, Sys 0 00:00:01  -  Run Remote Usage
		Usr 0 00:00:00, Sys 0 00:00:00  -  Run Local Usage
		Usr 0 00:00:33, Sys 0 00:00:01  -  Total Remote Usage
		Usr 0 00:00:00, Sys 0 00:00:00  -  Total Local Usage
	0  -  Run Bytes Sent By Job
	0  -  Run Bytes Received By Job
	0  -  Total Bytes Sent By Job
	0  -  Total Bytes Received By Job
	Partitionable Resources :    Usage  Request Allocated 
	   Cpus                 :     0.52        1         1 
	   Disk (KB)            :     1           1    128928 
	   Memory (MB)          :   203        3900      3968 

	Job terminated of its own accord at 2023-06-09T06:54:31Z.
...
006 (310175.004.000) 2023-06-09 15:54:35 Image size of job updated: 687676
	204  -  MemoryUsage of job (MB)
	207952  -  ResidentSetSize of job (KB)
...
005 (310175.004.000) 2023-06-09 15:54:35 Job terminated.
	(1) Normal termination (return value 0)
		Usr 0 00:00:37, Sys 0 00:00:01  -  Run Remote Usage
		Usr 0 00:00:00, Sys 0 00:00:00  -  Run Local Usage
		Usr 0 00:00:37, Sys 0 00:00:01  -  Total Remote Usage
		Usr 0 00:00:00, Sys 0 00:00:00  -  Total Local Usage
	0  -  Run Bytes Sent By Job
	0  -  Run Bytes Received By Job
	0  -  Total Bytes Sent By Job
	0  -  Total Bytes Received By Job
	Partitionable Resources :    Usage  Request Allocated 
	   Cpus                 :     0.83        1         1 
	   Disk (KB)            :     1           1    128928 
	   Memory (MB)          :   204        3900      3968 

	Job terminated of its own accord at 2023-06-09T06:54:35Z.
...
006 (310175.000.000) 2023-06-09 15:54:40 Image size of job updated: 684816
	197  -  MemoryUsage of job (MB)
	201484  -  ResidentSetSize of job (KB)
...
005 (310175.000.000) 2023-06-09 15:54:40 Job terminated.
	(1) Normal termination (return value 0)
		Usr 0 00:00:40, Sys 0 00:00:01  -  Run Remote Usage
		Usr 0 00:00:00, Sys 0 00:00:00  -  Run Local Usage
		Usr 0 00:00:40, Sys 0 00:00:01  -  Total Remote Usage
		Usr 0 00:00:00, Sys 0 00:00:00  -  Total Local Usage
	0  -  Run Bytes Sent By Job
	0  -  Run Bytes Received By Job
	0  -  Total Bytes Sent By Job
	0  -  Total Bytes Received By Job
	Partitionable Resources :    Usage  Request Allocated 
	   Cpus                 :        0        1         1 
	   Disk (KB)            :        1        1    128928 
	   Memory (MB)          :      197     3900      3968 

	Job terminated of its own accord at 2023-06-09T06:54:40Z.
...
006 (310175.002.000) 2023-06-09 15:55:00 Image size of job updated: 685448
	183  -  MemoryUsage of job (MB)
	186748  -  ResidentSetSize of job (KB)
...
005 (310175.002.000) 2023-06-09 15:55:00 Job terminated.
	(1) Normal termination (return value 0)
		Usr 0 00:00:57, Sys 0 00:00:01  -  Run Remote Usage
		Usr 0 00:00:00, Sys 0 00:00:00  -  Run Local Usage
		Usr 0 00:00:57, Sys 0 00:00:01  -  Total Remote Usage
		Usr 0 00:00:00, Sys 0 00:00:00  -  Total Local Usage
	0  -  Run Bytes Sent By Job
	0  -  Run Bytes Received By Job
	0  -  Total Bytes Sent By Job
	0  -  Total Bytes Received By Job
	Partitionable Resources :    Usage  Request Allocated 
	   Cpus                 :     0.01        1         1 
	   Disk (KB)            :     1           1    128928 
	   Memory (MB)          :   183        3900      3968 

	Job terminated of its own accord at 2023-06-09T06:55:00Z.
...
