000 (330155.000.000) 2023-07-25 12:44:47 Job submitted from host: <172.30.1.200:9618?addrs=172.30.1.200-9618&alias=tamsa2.snu.ac.kr&noUDP&sock=schedd_3510_2582>
...
000 (330155.001.000) 2023-07-25 12:44:47 Job submitted from host: <172.30.1.200:9618?addrs=172.30.1.200-9618&alias=tamsa2.snu.ac.kr&noUDP&sock=schedd_3510_2582>
...
000 (330155.002.000) 2023-07-25 12:44:47 Job submitted from host: <172.30.1.200:9618?addrs=172.30.1.200-9618&alias=tamsa2.snu.ac.kr&noUDP&sock=schedd_3510_2582>
...
000 (330155.003.000) 2023-07-25 12:44:47 Job submitted from host: <172.30.1.200:9618?addrs=172.30.1.200-9618&alias=tamsa2.snu.ac.kr&noUDP&sock=schedd_3510_2582>
...
000 (330155.004.000) 2023-07-25 12:44:47 Job submitted from host: <172.30.1.200:9618?addrs=172.30.1.200-9618&alias=tamsa2.snu.ac.kr&noUDP&sock=schedd_3510_2582>
...
000 (330155.005.000) 2023-07-25 12:44:47 Job submitted from host: <172.30.1.200:9618?addrs=172.30.1.200-9618&alias=tamsa2.snu.ac.kr&noUDP&sock=schedd_3510_2582>
...
000 (330155.006.000) 2023-07-25 12:44:47 Job submitted from host: <172.30.1.200:9618?addrs=172.30.1.200-9618&alias=tamsa2.snu.ac.kr&noUDP&sock=schedd_3510_2582>
...
000 (330155.007.000) 2023-07-25 12:44:47 Job submitted from host: <172.30.1.200:9618?addrs=172.30.1.200-9618&alias=tamsa2.snu.ac.kr&noUDP&sock=schedd_3510_2582>
...
000 (330155.008.000) 2023-07-25 12:44:47 Job submitted from host: <172.30.1.200:9618?addrs=172.30.1.200-9618&alias=tamsa2.snu.ac.kr&noUDP&sock=schedd_3510_2582>
...
000 (330155.009.000) 2023-07-25 12:44:47 Job submitted from host: <172.30.1.200:9618?addrs=172.30.1.200-9618&alias=tamsa2.snu.ac.kr&noUDP&sock=schedd_3510_2582>
...
001 (330155.000.000) 2023-07-25 12:45:04 Job executing on host: <172.30.1.206:9618?addrs=172.30.1.206-9618&alias=node6&noUDP&sock=startd_3777_494c>
...
001 (330155.001.000) 2023-07-25 12:45:04 Job executing on host: <172.30.1.206:9618?addrs=172.30.1.206-9618&alias=node6&noUDP&sock=startd_3777_494c>
...
001 (330155.002.000) 2023-07-25 12:45:04 Job executing on host: <172.30.1.206:9618?addrs=172.30.1.206-9618&alias=node6&noUDP&sock=startd_3777_494c>
...
001 (330155.004.000) 2023-07-25 12:45:04 Job executing on host: <172.30.1.206:9618?addrs=172.30.1.206-9618&alias=node6&noUDP&sock=startd_3777_494c>
...
001 (330155.003.000) 2023-07-25 12:45:04 Job executing on host: <172.30.1.206:9618?addrs=172.30.1.206-9618&alias=node6&noUDP&sock=startd_3777_494c>
...
001 (330155.006.000) 2023-07-25 12:45:04 Job executing on host: <172.30.1.206:9618?addrs=172.30.1.206-9618&alias=node6&noUDP&sock=startd_3777_494c>
...
001 (330155.005.000) 2023-07-25 12:45:05 Job executing on host: <172.30.1.206:9618?addrs=172.30.1.206-9618&alias=node6&noUDP&sock=startd_3777_494c>
...
001 (330155.007.000) 2023-07-25 12:45:05 Job executing on host: <172.30.1.206:9618?addrs=172.30.1.206-9618&alias=node6&noUDP&sock=startd_3777_494c>
...
001 (330155.008.000) 2023-07-25 12:45:05 Job executing on host: <172.30.1.206:9618?addrs=172.30.1.206-9618&alias=node6&noUDP&sock=startd_3777_494c>
...
001 (330155.009.000) 2023-07-25 12:45:05 Job executing on host: <172.30.1.206:9618?addrs=172.30.1.206-9618&alias=node6&noUDP&sock=startd_3777_494c>
...
006 (330155.006.000) 2023-07-25 12:45:13 Image size of job updated: 210988
	207  -  MemoryUsage of job (MB)
	210988  -  ResidentSetSize of job (KB)
...
006 (330155.005.000) 2023-07-25 12:45:13 Image size of job updated: 194868
	191  -  MemoryUsage of job (MB)
	194868  -  ResidentSetSize of job (KB)
...
006 (330155.007.000) 2023-07-25 12:45:13 Image size of job updated: 210916
	206  -  MemoryUsage of job (MB)
	210916  -  ResidentSetSize of job (KB)
...
006 (330155.008.000) 2023-07-25 12:45:13 Image size of job updated: 186936
	183  -  MemoryUsage of job (MB)
	186936  -  ResidentSetSize of job (KB)
...
006 (330155.009.000) 2023-07-25 12:45:13 Image size of job updated: 211024
	207  -  MemoryUsage of job (MB)
	211024  -  ResidentSetSize of job (KB)
...
006 (330155.000.000) 2023-07-25 12:45:13 Image size of job updated: 199472
	195  -  MemoryUsage of job (MB)
	199472  -  ResidentSetSize of job (KB)
...
006 (330155.001.000) 2023-07-25 12:45:13 Image size of job updated: 209472
	205  -  MemoryUsage of job (MB)
	209472  -  ResidentSetSize of job (KB)
...
006 (330155.002.000) 2023-07-25 12:45:13 Image size of job updated: 211000
	207  -  MemoryUsage of job (MB)
	211000  -  ResidentSetSize of job (KB)
...
006 (330155.004.000) 2023-07-25 12:45:13 Image size of job updated: 194888
	191  -  MemoryUsage of job (MB)
	194888  -  ResidentSetSize of job (KB)
...
006 (330155.003.000) 2023-07-25 12:45:14 Image size of job updated: 210908
	206  -  MemoryUsage of job (MB)
	210908  -  ResidentSetSize of job (KB)
...
005 (330155.006.000) 2023-07-25 12:45:18 Job terminated.
	(1) Normal termination (return value 0)
		Usr 0 00:00:10, Sys 0 00:00:00  -  Run Remote Usage
		Usr 0 00:00:00, Sys 0 00:00:00  -  Run Local Usage
		Usr 0 00:00:10, Sys 0 00:00:00  -  Total Remote Usage
		Usr 0 00:00:00, Sys 0 00:00:00  -  Total Local Usage
	0  -  Run Bytes Sent By Job
	0  -  Run Bytes Received By Job
	0  -  Total Bytes Sent By Job
	0  -  Total Bytes Received By Job
	Partitionable Resources :    Usage  Request Allocated 
	   Cpus                 :                 1         1 
	   Disk (KB)            :        1        1     95898 
	   Memory (MB)          :      207     3900      3968 

	Job terminated of its own accord at 2023-07-25T03:45:18Z.
...
006 (330155.009.000) 2023-07-25 12:45:19 Image size of job updated: 686596
	207  -  MemoryUsage of job (MB)
	211024  -  ResidentSetSize of job (KB)
...
005 (330155.009.000) 2023-07-25 12:45:19 Job terminated.
	(1) Normal termination (return value 0)
		Usr 0 00:00:11, Sys 0 00:00:00  -  Run Remote Usage
		Usr 0 00:00:00, Sys 0 00:00:00  -  Run Local Usage
		Usr 0 00:00:11, Sys 0 00:00:00  -  Total Remote Usage
		Usr 0 00:00:00, Sys 0 00:00:00  -  Total Local Usage
	0  -  Run Bytes Sent By Job
	0  -  Run Bytes Received By Job
	0  -  Total Bytes Sent By Job
	0  -  Total Bytes Received By Job
	Partitionable Resources :    Usage  Request Allocated 
	   Cpus                 :                 1         1 
	   Disk (KB)            :        1        1     95898 
	   Memory (MB)          :      207     3900      3968 

	Job terminated of its own accord at 2023-07-25T03:45:19Z.
...
006 (330155.007.000) 2023-07-25 12:45:19 Image size of job updated: 688144
	206  -  MemoryUsage of job (MB)
	210916  -  ResidentSetSize of job (KB)
...
005 (330155.007.000) 2023-07-25 12:45:19 Job terminated.
	(1) Normal termination (return value 0)
		Usr 0 00:00:11, Sys 0 00:00:00  -  Run Remote Usage
		Usr 0 00:00:00, Sys 0 00:00:00  -  Run Local Usage
		Usr 0 00:00:11, Sys 0 00:00:00  -  Total Remote Usage
		Usr 0 00:00:00, Sys 0 00:00:00  -  Total Local Usage
	0  -  Run Bytes Sent By Job
	0  -  Run Bytes Received By Job
	0  -  Total Bytes Sent By Job
	0  -  Total Bytes Received By Job
	Partitionable Resources :    Usage  Request Allocated 
	   Cpus                 :                 1         1 
	   Disk (KB)            :        1        1     95898 
	   Memory (MB)          :      206     3900      3968 

	Job terminated of its own accord at 2023-07-25T03:45:19Z.
...
006 (330155.001.000) 2023-07-25 12:45:20 Image size of job updated: 687256
	205  -  MemoryUsage of job (MB)
	209572  -  ResidentSetSize of job (KB)
...
005 (330155.001.000) 2023-07-25 12:45:20 Job terminated.
	(1) Normal termination (return value 0)
		Usr 0 00:00:12, Sys 0 00:00:01  -  Run Remote Usage
		Usr 0 00:00:00, Sys 0 00:00:00  -  Run Local Usage
		Usr 0 00:00:12, Sys 0 00:00:01  -  Total Remote Usage
		Usr 0 00:00:00, Sys 0 00:00:00  -  Total Local Usage
	0  -  Run Bytes Sent By Job
	0  -  Run Bytes Received By Job
	0  -  Total Bytes Sent By Job
	0  -  Total Bytes Received By Job
	Partitionable Resources :    Usage  Request Allocated 
	   Cpus                 :                 1         1 
	   Disk (KB)            :        1        1     95898 
	   Memory (MB)          :      205     3900      3968 

	Job terminated of its own accord at 2023-07-25T03:45:20Z.
...
006 (330155.004.000) 2023-07-25 12:45:21 Image size of job updated: 688552
	191  -  MemoryUsage of job (MB)
	194888  -  ResidentSetSize of job (KB)
...
006 (330155.008.000) 2023-07-25 12:45:21 Image size of job updated: 686596
	183  -  MemoryUsage of job (MB)
	186936  -  ResidentSetSize of job (KB)
...
006 (330155.005.000) 2023-07-25 12:45:21 Image size of job updated: 686768
	191  -  MemoryUsage of job (MB)
	194868  -  ResidentSetSize of job (KB)
...
006 (330155.003.000) 2023-07-25 12:45:21 Image size of job updated: 688224
	206  -  MemoryUsage of job (MB)
	210908  -  ResidentSetSize of job (KB)
...
005 (330155.004.000) 2023-07-25 12:45:21 Job terminated.
	(1) Normal termination (return value 0)
		Usr 0 00:00:13, Sys 0 00:00:00  -  Run Remote Usage
		Usr 0 00:00:00, Sys 0 00:00:00  -  Run Local Usage
		Usr 0 00:00:13, Sys 0 00:00:00  -  Total Remote Usage
		Usr 0 00:00:00, Sys 0 00:00:00  -  Total Local Usage
	0  -  Run Bytes Sent By Job
	0  -  Run Bytes Received By Job
	0  -  Total Bytes Sent By Job
	0  -  Total Bytes Received By Job
	Partitionable Resources :    Usage  Request Allocated 
	   Cpus                 :                 1         1 
	   Disk (KB)            :        1        1     95898 
	   Memory (MB)          :      191     3900      3968 

	Job terminated of its own accord at 2023-07-25T03:45:21Z.
...
005 (330155.003.000) 2023-07-25 12:45:21 Job terminated.
	(1) Normal termination (return value 0)
		Usr 0 00:00:13, Sys 0 00:00:00  -  Run Remote Usage
		Usr 0 00:00:00, Sys 0 00:00:00  -  Run Local Usage
		Usr 0 00:00:13, Sys 0 00:00:00  -  Total Remote Usage
		Usr 0 00:00:00, Sys 0 00:00:00  -  Total Local Usage
	0  -  Run Bytes Sent By Job
	0  -  Run Bytes Received By Job
	0  -  Total Bytes Sent By Job
	0  -  Total Bytes Received By Job
	Partitionable Resources :    Usage  Request Allocated 
	   Cpus                 :                 1         1 
	   Disk (KB)            :        1        1     95898 
	   Memory (MB)          :      206     3900      3968 

	Job terminated of its own accord at 2023-07-25T03:45:21Z.
...
005 (330155.005.000) 2023-07-25 12:45:21 Job terminated.
	(1) Normal termination (return value 0)
		Usr 0 00:00:13, Sys 0 00:00:00  -  Run Remote Usage
		Usr 0 00:00:00, Sys 0 00:00:00  -  Run Local Usage
		Usr 0 00:00:13, Sys 0 00:00:00  -  Total Remote Usage
		Usr 0 00:00:00, Sys 0 00:00:00  -  Total Local Usage
	0  -  Run Bytes Sent By Job
	0  -  Run Bytes Received By Job
	0  -  Total Bytes Sent By Job
	0  -  Total Bytes Received By Job
	Partitionable Resources :    Usage  Request Allocated 
	   Cpus                 :                 1         1 
	   Disk (KB)            :        1        1     95898 
	   Memory (MB)          :      191     3900      3968 

	Job terminated of its own accord at 2023-07-25T03:45:21Z.
...
005 (330155.008.000) 2023-07-25 12:45:21 Job terminated.
	(1) Normal termination (return value 0)
		Usr 0 00:00:13, Sys 0 00:00:00  -  Run Remote Usage
		Usr 0 00:00:00, Sys 0 00:00:00  -  Run Local Usage
		Usr 0 00:00:13, Sys 0 00:00:00  -  Total Remote Usage
		Usr 0 00:00:00, Sys 0 00:00:00  -  Total Local Usage
	0  -  Run Bytes Sent By Job
	0  -  Run Bytes Received By Job
	0  -  Total Bytes Sent By Job
	0  -  Total Bytes Received By Job
	Partitionable Resources :    Usage  Request Allocated 
	   Cpus                 :                 1         1 
	   Disk (KB)            :        1        1     95898 
	   Memory (MB)          :      183     3900      3968 

	Job terminated of its own accord at 2023-07-25T03:45:21Z.
...
006 (330155.000.000) 2023-07-25 12:45:22 Image size of job updated: 686612
	195  -  MemoryUsage of job (MB)
	199508  -  ResidentSetSize of job (KB)
...
005 (330155.000.000) 2023-07-25 12:45:22 Job terminated.
	(1) Normal termination (return value 0)
		Usr 0 00:00:14, Sys 0 00:00:00  -  Run Remote Usage
		Usr 0 00:00:00, Sys 0 00:00:00  -  Run Local Usage
		Usr 0 00:00:14, Sys 0 00:00:00  -  Total Remote Usage
		Usr 0 00:00:00, Sys 0 00:00:00  -  Total Local Usage
	0  -  Run Bytes Sent By Job
	0  -  Run Bytes Received By Job
	0  -  Total Bytes Sent By Job
	0  -  Total Bytes Received By Job
	Partitionable Resources :    Usage  Request Allocated 
	   Cpus                 :                 1         1 
	   Disk (KB)            :        1        1     95898 
	   Memory (MB)          :      195     3900      3968 

	Job terminated of its own accord at 2023-07-25T03:45:22Z.
...
006 (330155.002.000) 2023-07-25 12:45:24 Image size of job updated: 686580
	207  -  MemoryUsage of job (MB)
	211000  -  ResidentSetSize of job (KB)
...
005 (330155.002.000) 2023-07-25 12:45:24 Job terminated.
	(1) Normal termination (return value 0)
		Usr 0 00:00:16, Sys 0 00:00:00  -  Run Remote Usage
		Usr 0 00:00:00, Sys 0 00:00:00  -  Run Local Usage
		Usr 0 00:00:16, Sys 0 00:00:00  -  Total Remote Usage
		Usr 0 00:00:00, Sys 0 00:00:00  -  Total Local Usage
	0  -  Run Bytes Sent By Job
	0  -  Run Bytes Received By Job
	0  -  Total Bytes Sent By Job
	0  -  Total Bytes Received By Job
	Partitionable Resources :    Usage  Request Allocated 
	   Cpus                 :                 1         1 
	   Disk (KB)            :        1        1     95898 
	   Memory (MB)          :      207     3900      3968 

	Job terminated of its own accord at 2023-07-25T03:45:24Z.
...
