000 (330129.000.000) 2023-07-25 11:52:15 Job submitted from host: <172.30.1.200:9618?addrs=172.30.1.200-9618&alias=tamsa2.snu.ac.kr&noUDP&sock=schedd_3510_2582>
...
000 (330129.001.000) 2023-07-25 11:52:15 Job submitted from host: <172.30.1.200:9618?addrs=172.30.1.200-9618&alias=tamsa2.snu.ac.kr&noUDP&sock=schedd_3510_2582>
...
000 (330129.002.000) 2023-07-25 11:52:15 Job submitted from host: <172.30.1.200:9618?addrs=172.30.1.200-9618&alias=tamsa2.snu.ac.kr&noUDP&sock=schedd_3510_2582>
...
000 (330129.003.000) 2023-07-25 11:52:15 Job submitted from host: <172.30.1.200:9618?addrs=172.30.1.200-9618&alias=tamsa2.snu.ac.kr&noUDP&sock=schedd_3510_2582>
...
000 (330129.004.000) 2023-07-25 11:52:15 Job submitted from host: <172.30.1.200:9618?addrs=172.30.1.200-9618&alias=tamsa2.snu.ac.kr&noUDP&sock=schedd_3510_2582>
...
000 (330129.005.000) 2023-07-25 11:52:15 Job submitted from host: <172.30.1.200:9618?addrs=172.30.1.200-9618&alias=tamsa2.snu.ac.kr&noUDP&sock=schedd_3510_2582>
...
000 (330129.006.000) 2023-07-25 11:52:15 Job submitted from host: <172.30.1.200:9618?addrs=172.30.1.200-9618&alias=tamsa2.snu.ac.kr&noUDP&sock=schedd_3510_2582>
...
000 (330129.007.000) 2023-07-25 11:52:15 Job submitted from host: <172.30.1.200:9618?addrs=172.30.1.200-9618&alias=tamsa2.snu.ac.kr&noUDP&sock=schedd_3510_2582>
...
000 (330129.008.000) 2023-07-25 11:52:15 Job submitted from host: <172.30.1.200:9618?addrs=172.30.1.200-9618&alias=tamsa2.snu.ac.kr&noUDP&sock=schedd_3510_2582>
...
000 (330129.009.000) 2023-07-25 11:52:15 Job submitted from host: <172.30.1.200:9618?addrs=172.30.1.200-9618&alias=tamsa2.snu.ac.kr&noUDP&sock=schedd_3510_2582>
...
001 (330129.000.000) 2023-07-25 11:52:29 Job executing on host: <172.30.1.211:9618?addrs=172.30.1.211-9618&alias=node11&noUDP&sock=startd_3790_3407>
...
001 (330129.001.000) 2023-07-25 11:52:29 Job executing on host: <172.30.1.211:9618?addrs=172.30.1.211-9618&alias=node11&noUDP&sock=startd_3790_3407>
...
001 (330129.002.000) 2023-07-25 11:52:29 Job executing on host: <172.30.1.211:9618?addrs=172.30.1.211-9618&alias=node11&noUDP&sock=startd_3790_3407>
...
001 (330129.003.000) 2023-07-25 11:52:29 Job executing on host: <172.30.1.211:9618?addrs=172.30.1.211-9618&alias=node11&noUDP&sock=startd_3790_3407>
...
001 (330129.005.000) 2023-07-25 11:52:30 Job executing on host: <172.30.1.211:9618?addrs=172.30.1.211-9618&alias=node11&noUDP&sock=startd_3790_3407>
...
001 (330129.004.000) 2023-07-25 11:52:30 Job executing on host: <172.30.1.211:9618?addrs=172.30.1.211-9618&alias=node11&noUDP&sock=startd_3790_3407>
...
001 (330129.006.000) 2023-07-25 11:52:30 Job executing on host: <172.30.1.211:9618?addrs=172.30.1.211-9618&alias=node11&noUDP&sock=startd_3790_3407>
...
001 (330129.007.000) 2023-07-25 11:52:30 Job executing on host: <172.30.1.211:9618?addrs=172.30.1.211-9618&alias=node11&noUDP&sock=startd_3790_3407>
...
001 (330129.008.000) 2023-07-25 11:52:30 Job executing on host: <172.30.1.211:9618?addrs=172.30.1.211-9618&alias=node11&noUDP&sock=startd_3790_3407>
...
001 (330129.009.000) 2023-07-25 11:52:30 Job executing on host: <172.30.1.211:9618?addrs=172.30.1.211-9618&alias=node11&noUDP&sock=startd_3790_3407>
...
006 (330129.003.000) 2023-07-25 11:52:38 Image size of job updated: 629424
	182  -  MemoryUsage of job (MB)
	186168  -  ResidentSetSize of job (KB)
...
006 (330129.005.000) 2023-07-25 11:52:38 Image size of job updated: 629420
	182  -  MemoryUsage of job (MB)
	186224  -  ResidentSetSize of job (KB)
...
006 (330129.004.000) 2023-07-25 11:52:38 Image size of job updated: 629416
	182  -  MemoryUsage of job (MB)
	186184  -  ResidentSetSize of job (KB)
...
006 (330129.006.000) 2023-07-25 11:52:38 Image size of job updated: 634952
	182  -  MemoryUsage of job (MB)
	186200  -  ResidentSetSize of job (KB)
...
006 (330129.007.000) 2023-07-25 11:52:38 Image size of job updated: 629424
	182  -  MemoryUsage of job (MB)
	186248  -  ResidentSetSize of job (KB)
...
006 (330129.008.000) 2023-07-25 11:52:38 Image size of job updated: 629424
	182  -  MemoryUsage of job (MB)
	186080  -  ResidentSetSize of job (KB)
...
006 (330129.009.000) 2023-07-25 11:52:38 Image size of job updated: 623988
	182  -  MemoryUsage of job (MB)
	186192  -  ResidentSetSize of job (KB)
...
006 (330129.000.000) 2023-07-25 11:52:38 Image size of job updated: 629416
	182  -  MemoryUsage of job (MB)
	186316  -  ResidentSetSize of job (KB)
...
006 (330129.001.000) 2023-07-25 11:52:38 Image size of job updated: 634940
	182  -  MemoryUsage of job (MB)
	186272  -  ResidentSetSize of job (KB)
...
006 (330129.002.000) 2023-07-25 11:52:38 Image size of job updated: 618864
	182  -  MemoryUsage of job (MB)
	186236  -  ResidentSetSize of job (KB)
...
006 (330129.006.000) 2023-07-25 11:52:54 Image size of job updated: 685840
	182  -  MemoryUsage of job (MB)
	186200  -  ResidentSetSize of job (KB)
...
005 (330129.006.000) 2023-07-25 11:52:54 Job terminated.
	(1) Normal termination (return value 0)
		Usr 0 00:00:19, Sys 0 00:00:00  -  Run Remote Usage
		Usr 0 00:00:00, Sys 0 00:00:00  -  Run Local Usage
		Usr 0 00:00:19, Sys 0 00:00:00  -  Total Remote Usage
		Usr 0 00:00:00, Sys 0 00:00:00  -  Total Local Usage
	0  -  Run Bytes Sent By Job
	0  -  Run Bytes Received By Job
	0  -  Total Bytes Sent By Job
	0  -  Total Bytes Received By Job
	Partitionable Resources :    Usage  Request Allocated 
	   Cpus                 :                 1         1 
	   Disk (KB)            :        1        1    128928 
	   Memory (MB)          :      182     3900      3968 

	Job terminated of its own accord at 2023-07-25T02:52:54Z.
...
006 (330129.007.000) 2023-07-25 11:52:56 Image size of job updated: 681332
	182  -  MemoryUsage of job (MB)
	186248  -  ResidentSetSize of job (KB)
...
005 (330129.007.000) 2023-07-25 11:52:56 Job terminated.
	(1) Normal termination (return value 0)
		Usr 0 00:00:22, Sys 0 00:00:01  -  Run Remote Usage
		Usr 0 00:00:00, Sys 0 00:00:00  -  Run Local Usage
		Usr 0 00:00:22, Sys 0 00:00:01  -  Total Remote Usage
		Usr 0 00:00:00, Sys 0 00:00:00  -  Total Local Usage
	0  -  Run Bytes Sent By Job
	0  -  Run Bytes Received By Job
	0  -  Total Bytes Sent By Job
	0  -  Total Bytes Received By Job
	Partitionable Resources :    Usage  Request Allocated 
	   Cpus                 :                 1         1 
	   Disk (KB)            :        1        1    128928 
	   Memory (MB)          :      182     3900      3968 

	Job terminated of its own accord at 2023-07-25T02:52:56Z.
...
006 (330129.009.000) 2023-07-25 11:52:57 Image size of job updated: 685852
	182  -  MemoryUsage of job (MB)
	186192  -  ResidentSetSize of job (KB)
...
005 (330129.009.000) 2023-07-25 11:52:57 Job terminated.
	(1) Normal termination (return value 0)
		Usr 0 00:00:22, Sys 0 00:00:00  -  Run Remote Usage
		Usr 0 00:00:00, Sys 0 00:00:00  -  Run Local Usage
		Usr 0 00:00:22, Sys 0 00:00:00  -  Total Remote Usage
		Usr 0 00:00:00, Sys 0 00:00:00  -  Total Local Usage
	0  -  Run Bytes Sent By Job
	0  -  Run Bytes Received By Job
	0  -  Total Bytes Sent By Job
	0  -  Total Bytes Received By Job
	Partitionable Resources :    Usage  Request Allocated 
	   Cpus                 :                 1         1 
	   Disk (KB)            :        1        1    128928 
	   Memory (MB)          :      182     3900      3968 

	Job terminated of its own accord at 2023-07-25T02:52:57Z.
...
006 (330129.000.000) 2023-07-25 11:52:58 Image size of job updated: 686892
	182  -  MemoryUsage of job (MB)
	186316  -  ResidentSetSize of job (KB)
...
005 (330129.000.000) 2023-07-25 11:52:58 Job terminated.
	(1) Normal termination (return value 0)
		Usr 0 00:00:24, Sys 0 00:00:01  -  Run Remote Usage
		Usr 0 00:00:00, Sys 0 00:00:00  -  Run Local Usage
		Usr 0 00:00:24, Sys 0 00:00:01  -  Total Remote Usage
		Usr 0 00:00:00, Sys 0 00:00:00  -  Total Local Usage
	0  -  Run Bytes Sent By Job
	0  -  Run Bytes Received By Job
	0  -  Total Bytes Sent By Job
	0  -  Total Bytes Received By Job
	Partitionable Resources :    Usage  Request Allocated 
	   Cpus                 :                 1         1 
	   Disk (KB)            :        1        1    128928 
	   Memory (MB)          :      182     3900      3968 

	Job terminated of its own accord at 2023-07-25T02:52:58Z.
...
006 (330129.008.000) 2023-07-25 11:52:58 Image size of job updated: 685908
	182  -  MemoryUsage of job (MB)
	186080  -  ResidentSetSize of job (KB)
...
006 (330129.005.000) 2023-07-25 11:52:58 Image size of job updated: 687728
	182  -  MemoryUsage of job (MB)
	186224  -  ResidentSetSize of job (KB)
...
005 (330129.008.000) 2023-07-25 11:52:58 Job terminated.
	(1) Normal termination (return value 0)
		Usr 0 00:00:24, Sys 0 00:00:00  -  Run Remote Usage
		Usr 0 00:00:00, Sys 0 00:00:00  -  Run Local Usage
		Usr 0 00:00:24, Sys 0 00:00:00  -  Total Remote Usage
		Usr 0 00:00:00, Sys 0 00:00:00  -  Total Local Usage
	0  -  Run Bytes Sent By Job
	0  -  Run Bytes Received By Job
	0  -  Total Bytes Sent By Job
	0  -  Total Bytes Received By Job
	Partitionable Resources :    Usage  Request Allocated 
	   Cpus                 :                 1         1 
	   Disk (KB)            :        1        1    128928 
	   Memory (MB)          :      182     3900      3968 

	Job terminated of its own accord at 2023-07-25T02:52:58Z.
...
005 (330129.005.000) 2023-07-25 11:52:58 Job terminated.
	(1) Normal termination (return value 0)
		Usr 0 00:00:23, Sys 0 00:00:01  -  Run Remote Usage
		Usr 0 00:00:00, Sys 0 00:00:00  -  Run Local Usage
		Usr 0 00:00:23, Sys 0 00:00:01  -  Total Remote Usage
		Usr 0 00:00:00, Sys 0 00:00:00  -  Total Local Usage
	0  -  Run Bytes Sent By Job
	0  -  Run Bytes Received By Job
	0  -  Total Bytes Sent By Job
	0  -  Total Bytes Received By Job
	Partitionable Resources :    Usage  Request Allocated 
	   Cpus                 :                 1         1 
	   Disk (KB)            :        1        1    128928 
	   Memory (MB)          :      182     3900      3968 

	Job terminated of its own accord at 2023-07-25T02:52:58Z.
...
006 (330129.003.000) 2023-07-25 11:52:58 Image size of job updated: 687684
	182  -  MemoryUsage of job (MB)
	186168  -  ResidentSetSize of job (KB)
...
005 (330129.003.000) 2023-07-25 11:52:58 Job terminated.
	(1) Normal termination (return value 0)
		Usr 0 00:00:25, Sys 0 00:00:01  -  Run Remote Usage
		Usr 0 00:00:00, Sys 0 00:00:00  -  Run Local Usage
		Usr 0 00:00:25, Sys 0 00:00:01  -  Total Remote Usage
		Usr 0 00:00:00, Sys 0 00:00:00  -  Total Local Usage
	0  -  Run Bytes Sent By Job
	0  -  Run Bytes Received By Job
	0  -  Total Bytes Sent By Job
	0  -  Total Bytes Received By Job
	Partitionable Resources :    Usage  Request Allocated 
	   Cpus                 :                 1         1 
	   Disk (KB)            :        1        1    128928 
	   Memory (MB)          :      182     3900      3968 

	Job terminated of its own accord at 2023-07-25T02:52:58Z.
...
006 (330129.001.000) 2023-07-25 11:52:58 Image size of job updated: 686964
	182  -  MemoryUsage of job (MB)
	186272  -  ResidentSetSize of job (KB)
...
005 (330129.001.000) 2023-07-25 11:52:58 Job terminated.
	(1) Normal termination (return value 0)
		Usr 0 00:00:25, Sys 0 00:00:01  -  Run Remote Usage
		Usr 0 00:00:00, Sys 0 00:00:00  -  Run Local Usage
		Usr 0 00:00:25, Sys 0 00:00:01  -  Total Remote Usage
		Usr 0 00:00:00, Sys 0 00:00:00  -  Total Local Usage
	0  -  Run Bytes Sent By Job
	0  -  Run Bytes Received By Job
	0  -  Total Bytes Sent By Job
	0  -  Total Bytes Received By Job
	Partitionable Resources :    Usage  Request Allocated 
	   Cpus                 :                 1         1 
	   Disk (KB)            :        1        1    128928 
	   Memory (MB)          :      182     3900      3968 

	Job terminated of its own accord at 2023-07-25T02:52:58Z.
...
006 (330129.002.000) 2023-07-25 11:53:00 Image size of job updated: 686896
	182  -  MemoryUsage of job (MB)
	186236  -  ResidentSetSize of job (KB)
...
005 (330129.002.000) 2023-07-25 11:53:00 Job terminated.
	(1) Normal termination (return value 0)
		Usr 0 00:00:26, Sys 0 00:00:01  -  Run Remote Usage
		Usr 0 00:00:00, Sys 0 00:00:00  -  Run Local Usage
		Usr 0 00:00:26, Sys 0 00:00:01  -  Total Remote Usage
		Usr 0 00:00:00, Sys 0 00:00:00  -  Total Local Usage
	0  -  Run Bytes Sent By Job
	0  -  Run Bytes Received By Job
	0  -  Total Bytes Sent By Job
	0  -  Total Bytes Received By Job
	Partitionable Resources :    Usage  Request Allocated 
	   Cpus                 :                 1         1 
	   Disk (KB)            :        1        1    128928 
	   Memory (MB)          :      182     3900      3968 

	Job terminated of its own accord at 2023-07-25T02:53:00Z.
...
006 (330129.004.000) 2023-07-25 11:53:00 Image size of job updated: 686912
	182  -  MemoryUsage of job (MB)
	186184  -  ResidentSetSize of job (KB)
...
005 (330129.004.000) 2023-07-25 11:53:00 Job terminated.
	(1) Normal termination (return value 0)
		Usr 0 00:00:26, Sys 0 00:00:01  -  Run Remote Usage
		Usr 0 00:00:00, Sys 0 00:00:00  -  Run Local Usage
		Usr 0 00:00:26, Sys 0 00:00:01  -  Total Remote Usage
		Usr 0 00:00:00, Sys 0 00:00:00  -  Total Local Usage
	0  -  Run Bytes Sent By Job
	0  -  Run Bytes Received By Job
	0  -  Total Bytes Sent By Job
	0  -  Total Bytes Received By Job
	Partitionable Resources :    Usage  Request Allocated 
	   Cpus                 :                 1         1 
	   Disk (KB)            :        1        1    128928 
	   Memory (MB)          :      182     3900      3968 

	Job terminated of its own accord at 2023-07-25T02:53:00Z.
...
