000 (330113.000.000) 2023-07-25 11:47:26 Job submitted from host: <172.30.1.200:9618?addrs=172.30.1.200-9618&alias=tamsa2.snu.ac.kr&noUDP&sock=schedd_3510_2582>
...
000 (330113.001.000) 2023-07-25 11:47:26 Job submitted from host: <172.30.1.200:9618?addrs=172.30.1.200-9618&alias=tamsa2.snu.ac.kr&noUDP&sock=schedd_3510_2582>
...
000 (330113.002.000) 2023-07-25 11:47:26 Job submitted from host: <172.30.1.200:9618?addrs=172.30.1.200-9618&alias=tamsa2.snu.ac.kr&noUDP&sock=schedd_3510_2582>
...
000 (330113.003.000) 2023-07-25 11:47:26 Job submitted from host: <172.30.1.200:9618?addrs=172.30.1.200-9618&alias=tamsa2.snu.ac.kr&noUDP&sock=schedd_3510_2582>
...
000 (330113.004.000) 2023-07-25 11:47:26 Job submitted from host: <172.30.1.200:9618?addrs=172.30.1.200-9618&alias=tamsa2.snu.ac.kr&noUDP&sock=schedd_3510_2582>
...
000 (330113.005.000) 2023-07-25 11:47:26 Job submitted from host: <172.30.1.200:9618?addrs=172.30.1.200-9618&alias=tamsa2.snu.ac.kr&noUDP&sock=schedd_3510_2582>
...
000 (330113.006.000) 2023-07-25 11:47:26 Job submitted from host: <172.30.1.200:9618?addrs=172.30.1.200-9618&alias=tamsa2.snu.ac.kr&noUDP&sock=schedd_3510_2582>
...
000 (330113.007.000) 2023-07-25 11:47:26 Job submitted from host: <172.30.1.200:9618?addrs=172.30.1.200-9618&alias=tamsa2.snu.ac.kr&noUDP&sock=schedd_3510_2582>
...
000 (330113.008.000) 2023-07-25 11:47:26 Job submitted from host: <172.30.1.200:9618?addrs=172.30.1.200-9618&alias=tamsa2.snu.ac.kr&noUDP&sock=schedd_3510_2582>
...
000 (330113.009.000) 2023-07-25 11:47:26 Job submitted from host: <172.30.1.200:9618?addrs=172.30.1.200-9618&alias=tamsa2.snu.ac.kr&noUDP&sock=schedd_3510_2582>
...
001 (330113.000.000) 2023-07-25 11:47:42 Job executing on host: <172.30.1.204:9618?addrs=172.30.1.204-9618&alias=node4&noUDP&sock=startd_3843_8e8c>
...
001 (330113.001.000) 2023-07-25 11:47:42 Job executing on host: <172.30.1.204:9618?addrs=172.30.1.204-9618&alias=node4&noUDP&sock=startd_3843_8e8c>
...
001 (330113.002.000) 2023-07-25 11:47:42 Job executing on host: <172.30.1.204:9618?addrs=172.30.1.204-9618&alias=node4&noUDP&sock=startd_3843_8e8c>
...
001 (330113.003.000) 2023-07-25 11:47:42 Job executing on host: <172.30.1.204:9618?addrs=172.30.1.204-9618&alias=node4&noUDP&sock=startd_3843_8e8c>
...
001 (330113.004.000) 2023-07-25 11:47:42 Job executing on host: <172.30.1.204:9618?addrs=172.30.1.204-9618&alias=node4&noUDP&sock=startd_3843_8e8c>
...
001 (330113.005.000) 2023-07-25 11:47:42 Job executing on host: <172.30.1.204:9618?addrs=172.30.1.204-9618&alias=node4&noUDP&sock=startd_3843_8e8c>
...
001 (330113.006.000) 2023-07-25 11:47:42 Job executing on host: <172.30.1.204:9618?addrs=172.30.1.204-9618&alias=node4&noUDP&sock=startd_3843_8e8c>
...
001 (330113.007.000) 2023-07-25 11:47:42 Job executing on host: <172.30.1.204:9618?addrs=172.30.1.204-9618&alias=node4&noUDP&sock=startd_3843_8e8c>
...
001 (330113.008.000) 2023-07-25 11:47:42 Job executing on host: <172.30.1.204:9618?addrs=172.30.1.204-9618&alias=node4&noUDP&sock=startd_3843_8e8c>
...
001 (330113.009.000) 2023-07-25 11:47:42 Job executing on host: <172.30.1.204:9618?addrs=172.30.1.204-9618&alias=node4&noUDP&sock=startd_3843_8e8c>
...
006 (330113.000.000) 2023-07-25 11:47:50 Image size of job updated: 416724
	191  -  MemoryUsage of job (MB)
	194876  -  ResidentSetSize of job (KB)
...
006 (330113.001.000) 2023-07-25 11:47:50 Image size of job updated: 420128
	204  -  MemoryUsage of job (MB)
	208672  -  ResidentSetSize of job (KB)
...
006 (330113.002.000) 2023-07-25 11:47:50 Image size of job updated: 420128
	191  -  MemoryUsage of job (MB)
	195204  -  ResidentSetSize of job (KB)
...
006 (330113.003.000) 2023-07-25 11:47:50 Image size of job updated: 414668
	204  -  MemoryUsage of job (MB)
	208692  -  ResidentSetSize of job (KB)
...
006 (330113.004.000) 2023-07-25 11:47:50 Image size of job updated: 405788
	182  -  MemoryUsage of job (MB)
	186280  -  ResidentSetSize of job (KB)
...
006 (330113.005.000) 2023-07-25 11:47:51 Image size of job updated: 405932
	182  -  MemoryUsage of job (MB)
	186320  -  ResidentSetSize of job (KB)
...
006 (330113.006.000) 2023-07-25 11:47:51 Image size of job updated: 398540
	199  -  MemoryUsage of job (MB)
	203228  -  ResidentSetSize of job (KB)
...
006 (330113.007.000) 2023-07-25 11:47:51 Image size of job updated: 390328
	204  -  MemoryUsage of job (MB)
	208736  -  ResidentSetSize of job (KB)
...
006 (330113.008.000) 2023-07-25 11:47:51 Image size of job updated: 384760
	196  -  MemoryUsage of job (MB)
	200360  -  ResidentSetSize of job (KB)
...
006 (330113.009.000) 2023-07-25 11:47:51 Image size of job updated: 384304
	182  -  MemoryUsage of job (MB)
	186256  -  ResidentSetSize of job (KB)
...
006 (330113.003.000) 2023-07-25 11:48:00 Image size of job updated: 686460
	204  -  MemoryUsage of job (MB)
	208692  -  ResidentSetSize of job (KB)
...
005 (330113.003.000) 2023-07-25 11:48:00 Job terminated.
	(1) Normal termination (return value 0)
		Usr 0 00:00:16, Sys 0 00:00:01  -  Run Remote Usage
		Usr 0 00:00:00, Sys 0 00:00:00  -  Run Local Usage
		Usr 0 00:00:16, Sys 0 00:00:01  -  Total Remote Usage
		Usr 0 00:00:00, Sys 0 00:00:00  -  Total Local Usage
	0  -  Run Bytes Sent By Job
	0  -  Run Bytes Received By Job
	0  -  Total Bytes Sent By Job
	0  -  Total Bytes Received By Job
	Partitionable Resources :    Usage  Request Allocated 
	   Cpus                 :                 1         1 
	   Disk (KB)            :        1        1    128928 
	   Memory (MB)          :      204     3900      3968 

	Job terminated of its own accord at 2023-07-25T02:48:00Z.
...
006 (330113.007.000) 2023-07-25 11:48:00 Image size of job updated: 680848
	204  -  MemoryUsage of job (MB)
	208736  -  ResidentSetSize of job (KB)
...
005 (330113.007.000) 2023-07-25 11:48:00 Job terminated.
	(1) Normal termination (return value 0)
		Usr 0 00:00:16, Sys 0 00:00:01  -  Run Remote Usage
		Usr 0 00:00:00, Sys 0 00:00:00  -  Run Local Usage
		Usr 0 00:00:16, Sys 0 00:00:01  -  Total Remote Usage
		Usr 0 00:00:00, Sys 0 00:00:00  -  Total Local Usage
	0  -  Run Bytes Sent By Job
	0  -  Run Bytes Received By Job
	0  -  Total Bytes Sent By Job
	0  -  Total Bytes Received By Job
	Partitionable Resources :    Usage  Request Allocated 
	   Cpus                 :                 1         1 
	   Disk (KB)            :        1        1    128928 
	   Memory (MB)          :      204     3900      3968 

	Job terminated of its own accord at 2023-07-25T02:48:00Z.
...
006 (330113.008.000) 2023-07-25 11:48:01 Image size of job updated: 685004
	197  -  MemoryUsage of job (MB)
	201100  -  ResidentSetSize of job (KB)
...
005 (330113.008.000) 2023-07-25 11:48:01 Job terminated.
	(1) Normal termination (return value 0)
		Usr 0 00:00:16, Sys 0 00:00:01  -  Run Remote Usage
		Usr 0 00:00:00, Sys 0 00:00:00  -  Run Local Usage
		Usr 0 00:00:16, Sys 0 00:00:01  -  Total Remote Usage
		Usr 0 00:00:00, Sys 0 00:00:00  -  Total Local Usage
	0  -  Run Bytes Sent By Job
	0  -  Run Bytes Received By Job
	0  -  Total Bytes Sent By Job
	0  -  Total Bytes Received By Job
	Partitionable Resources :    Usage  Request Allocated 
	   Cpus                 :                 1         1 
	   Disk (KB)            :        1        1    128928 
	   Memory (MB)          :      197     3900      3968 

	Job terminated of its own accord at 2023-07-25T02:48:01Z.
...
006 (330113.009.000) 2023-07-25 11:48:01 Image size of job updated: 684992
	182  -  MemoryUsage of job (MB)
	186256  -  ResidentSetSize of job (KB)
...
005 (330113.009.000) 2023-07-25 11:48:01 Job terminated.
	(1) Normal termination (return value 0)
		Usr 0 00:00:17, Sys 0 00:00:01  -  Run Remote Usage
		Usr 0 00:00:00, Sys 0 00:00:00  -  Run Local Usage
		Usr 0 00:00:17, Sys 0 00:00:01  -  Total Remote Usage
		Usr 0 00:00:00, Sys 0 00:00:00  -  Total Local Usage
	0  -  Run Bytes Sent By Job
	0  -  Run Bytes Received By Job
	0  -  Total Bytes Sent By Job
	0  -  Total Bytes Received By Job
	Partitionable Resources :    Usage  Request Allocated 
	   Cpus                 :                 1         1 
	   Disk (KB)            :        1        1    128928 
	   Memory (MB)          :      182     3900      3968 

	Job terminated of its own accord at 2023-07-25T02:48:01Z.
...
006 (330113.006.000) 2023-07-25 11:48:02 Image size of job updated: 685716
	199  -  MemoryUsage of job (MB)
	203248  -  ResidentSetSize of job (KB)
...
005 (330113.006.000) 2023-07-25 11:48:02 Job terminated.
	(1) Normal termination (return value 0)
		Usr 0 00:00:18, Sys 0 00:00:01  -  Run Remote Usage
		Usr 0 00:00:00, Sys 0 00:00:00  -  Run Local Usage
		Usr 0 00:00:18, Sys 0 00:00:01  -  Total Remote Usage
		Usr 0 00:00:00, Sys 0 00:00:00  -  Total Local Usage
	0  -  Run Bytes Sent By Job
	0  -  Run Bytes Received By Job
	0  -  Total Bytes Sent By Job
	0  -  Total Bytes Received By Job
	Partitionable Resources :    Usage  Request Allocated 
	   Cpus                 :                 1         1 
	   Disk (KB)            :        1        1    128928 
	   Memory (MB)          :      199     3900      3968 

	Job terminated of its own accord at 2023-07-25T02:48:02Z.
...
006 (330113.001.000) 2023-07-25 11:48:04 Image size of job updated: 686452
	204  -  MemoryUsage of job (MB)
	208672  -  ResidentSetSize of job (KB)
...
006 (330113.002.000) 2023-07-25 11:48:04 Image size of job updated: 686560
	191  -  MemoryUsage of job (MB)
	195204  -  ResidentSetSize of job (KB)
...
005 (330113.001.000) 2023-07-25 11:48:04 Job terminated.
	(1) Normal termination (return value 0)
		Usr 0 00:00:20, Sys 0 00:00:01  -  Run Remote Usage
		Usr 0 00:00:00, Sys 0 00:00:00  -  Run Local Usage
		Usr 0 00:00:20, Sys 0 00:00:01  -  Total Remote Usage
		Usr 0 00:00:00, Sys 0 00:00:00  -  Total Local Usage
	0  -  Run Bytes Sent By Job
	0  -  Run Bytes Received By Job
	0  -  Total Bytes Sent By Job
	0  -  Total Bytes Received By Job
	Partitionable Resources :    Usage  Request Allocated 
	   Cpus                 :                 1         1 
	   Disk (KB)            :        1        1    128928 
	   Memory (MB)          :      204     3900      3968 

	Job terminated of its own accord at 2023-07-25T02:48:04Z.
...
005 (330113.002.000) 2023-07-25 11:48:04 Job terminated.
	(1) Normal termination (return value 0)
		Usr 0 00:00:20, Sys 0 00:00:01  -  Run Remote Usage
		Usr 0 00:00:00, Sys 0 00:00:00  -  Run Local Usage
		Usr 0 00:00:20, Sys 0 00:00:01  -  Total Remote Usage
		Usr 0 00:00:00, Sys 0 00:00:00  -  Total Local Usage
	0  -  Run Bytes Sent By Job
	0  -  Run Bytes Received By Job
	0  -  Total Bytes Sent By Job
	0  -  Total Bytes Received By Job
	Partitionable Resources :    Usage  Request Allocated 
	   Cpus                 :                 1         1 
	   Disk (KB)            :        1        1    128928 
	   Memory (MB)          :      191     3900      3968 

	Job terminated of its own accord at 2023-07-25T02:48:04Z.
...
006 (330113.000.000) 2023-07-25 11:48:04 Image size of job updated: 687252
	191  -  MemoryUsage of job (MB)
	194944  -  ResidentSetSize of job (KB)
...
006 (330113.004.000) 2023-07-25 11:48:04 Image size of job updated: 686956
	182  -  MemoryUsage of job (MB)
	186280  -  ResidentSetSize of job (KB)
...
005 (330113.000.000) 2023-07-25 11:48:04 Job terminated.
	(1) Normal termination (return value 0)
		Usr 0 00:00:21, Sys 0 00:00:01  -  Run Remote Usage
		Usr 0 00:00:00, Sys 0 00:00:00  -  Run Local Usage
		Usr 0 00:00:21, Sys 0 00:00:01  -  Total Remote Usage
		Usr 0 00:00:00, Sys 0 00:00:00  -  Total Local Usage
	0  -  Run Bytes Sent By Job
	0  -  Run Bytes Received By Job
	0  -  Total Bytes Sent By Job
	0  -  Total Bytes Received By Job
	Partitionable Resources :    Usage  Request Allocated 
	   Cpus                 :                 1         1 
	   Disk (KB)            :        1        1    128928 
	   Memory (MB)          :      191     3900      3968 

	Job terminated of its own accord at 2023-07-25T02:48:04Z.
...
005 (330113.004.000) 2023-07-25 11:48:04 Job terminated.
	(1) Normal termination (return value 0)
		Usr 0 00:00:20, Sys 0 00:00:01  -  Run Remote Usage
		Usr 0 00:00:00, Sys 0 00:00:00  -  Run Local Usage
		Usr 0 00:00:20, Sys 0 00:00:01  -  Total Remote Usage
		Usr 0 00:00:00, Sys 0 00:00:00  -  Total Local Usage
	0  -  Run Bytes Sent By Job
	0  -  Run Bytes Received By Job
	0  -  Total Bytes Sent By Job
	0  -  Total Bytes Received By Job
	Partitionable Resources :    Usage  Request Allocated 
	   Cpus                 :                 1         1 
	   Disk (KB)            :        1        1    128928 
	   Memory (MB)          :      182     3900      3968 

	Job terminated of its own accord at 2023-07-25T02:48:04Z.
...
006 (330113.005.000) 2023-07-25 11:48:05 Image size of job updated: 686600
	182  -  MemoryUsage of job (MB)
	186320  -  ResidentSetSize of job (KB)
...
005 (330113.005.000) 2023-07-25 11:48:05 Job terminated.
	(1) Normal termination (return value 0)
		Usr 0 00:00:21, Sys 0 00:00:01  -  Run Remote Usage
		Usr 0 00:00:00, Sys 0 00:00:00  -  Run Local Usage
		Usr 0 00:00:21, Sys 0 00:00:01  -  Total Remote Usage
		Usr 0 00:00:00, Sys 0 00:00:00  -  Total Local Usage
	0  -  Run Bytes Sent By Job
	0  -  Run Bytes Received By Job
	0  -  Total Bytes Sent By Job
	0  -  Total Bytes Received By Job
	Partitionable Resources :    Usage  Request Allocated 
	   Cpus                 :                 1         1 
	   Disk (KB)            :        1        1    128928 
	   Memory (MB)          :      182     3900      3968 

	Job terminated of its own accord at 2023-07-25T02:48:05Z.
...
