000 (310140.000.000) 2023-06-09 15:30:29 Job submitted from host: <172.30.1.200:9618?addrs=172.30.1.200-9618&alias=tamsa2.snu.ac.kr&noUDP&sock=schedd_3510_2582>
...
000 (310140.001.000) 2023-06-09 15:30:29 Job submitted from host: <172.30.1.200:9618?addrs=172.30.1.200-9618&alias=tamsa2.snu.ac.kr&noUDP&sock=schedd_3510_2582>
...
000 (310140.002.000) 2023-06-09 15:30:29 Job submitted from host: <172.30.1.200:9618?addrs=172.30.1.200-9618&alias=tamsa2.snu.ac.kr&noUDP&sock=schedd_3510_2582>
...
000 (310140.003.000) 2023-06-09 15:30:29 Job submitted from host: <172.30.1.200:9618?addrs=172.30.1.200-9618&alias=tamsa2.snu.ac.kr&noUDP&sock=schedd_3510_2582>
...
000 (310140.004.000) 2023-06-09 15:30:29 Job submitted from host: <172.30.1.200:9618?addrs=172.30.1.200-9618&alias=tamsa2.snu.ac.kr&noUDP&sock=schedd_3510_2582>
...
000 (310140.005.000) 2023-06-09 15:30:29 Job submitted from host: <172.30.1.200:9618?addrs=172.30.1.200-9618&alias=tamsa2.snu.ac.kr&noUDP&sock=schedd_3510_2582>
...
000 (310140.006.000) 2023-06-09 15:30:29 Job submitted from host: <172.30.1.200:9618?addrs=172.30.1.200-9618&alias=tamsa2.snu.ac.kr&noUDP&sock=schedd_3510_2582>
...
000 (310140.007.000) 2023-06-09 15:30:29 Job submitted from host: <172.30.1.200:9618?addrs=172.30.1.200-9618&alias=tamsa2.snu.ac.kr&noUDP&sock=schedd_3510_2582>
...
000 (310140.008.000) 2023-06-09 15:30:29 Job submitted from host: <172.30.1.200:9618?addrs=172.30.1.200-9618&alias=tamsa2.snu.ac.kr&noUDP&sock=schedd_3510_2582>
...
000 (310140.009.000) 2023-06-09 15:30:29 Job submitted from host: <172.30.1.200:9618?addrs=172.30.1.200-9618&alias=tamsa2.snu.ac.kr&noUDP&sock=schedd_3510_2582>
...
001 (310140.000.000) 2023-06-09 15:30:41 Job executing on host: <172.30.1.207:9618?addrs=172.30.1.207-9618&alias=node7&noUDP&sock=startd_3802_6f2a>
...
001 (310140.003.000) 2023-06-09 15:30:41 Job executing on host: <172.30.1.203:9618?addrs=172.30.1.203-9618&alias=node3&noUDP&sock=startd_3773_8aeb>
...
001 (310140.004.000) 2023-06-09 15:30:41 Job executing on host: <172.30.1.201:9618?addrs=172.30.1.201-9618&alias=node1&noUDP&sock=startd_4675_3d58>
...
001 (310140.006.000) 2023-06-09 15:30:41 Job executing on host: <172.30.1.210:9618?addrs=172.30.1.210-9618&alias=node10&noUDP&sock=startd_3787_253e>
...
001 (310140.001.000) 2023-06-09 15:30:41 Job executing on host: <172.30.1.211:9618?addrs=172.30.1.211-9618&alias=node11&noUDP&sock=startd_3790_3407>
...
001 (310140.005.000) 2023-06-09 15:30:41 Job executing on host: <172.30.1.201:9618?addrs=172.30.1.201-9618&alias=node1&noUDP&sock=startd_4675_3d58>
...
001 (310140.008.000) 2023-06-09 15:30:41 Job executing on host: <172.30.1.208:9618?addrs=172.30.1.208-9618&alias=node8&noUDP&sock=startd_3802_6f2a>
...
001 (310140.007.000) 2023-06-09 15:30:41 Job executing on host: <172.30.1.210:9618?addrs=172.30.1.210-9618&alias=node10&noUDP&sock=startd_3787_253e>
...
001 (310140.002.000) 2023-06-09 15:30:41 Job executing on host: <172.30.1.211:9618?addrs=172.30.1.211-9618&alias=node11&noUDP&sock=startd_3790_3407>
...
001 (310140.009.000) 2023-06-09 15:30:41 Job executing on host: <172.30.1.208:9618?addrs=172.30.1.208-9618&alias=node8&noUDP&sock=startd_3802_6f2a>
...
006 (310140.000.000) 2023-06-09 15:30:50 Image size of job updated: 227104
	182  -  MemoryUsage of job (MB)
	185900  -  ResidentSetSize of job (KB)
...
006 (310140.004.000) 2023-06-09 15:30:50 Image size of job updated: 605468
	171  -  MemoryUsage of job (MB)
	174964  -  ResidentSetSize of job (KB)
...
006 (310140.003.000) 2023-06-09 15:30:50 Image size of job updated: 221400
	70  -  MemoryUsage of job (MB)
	71464  -  ResidentSetSize of job (KB)
...
006 (310140.006.000) 2023-06-09 15:30:50 Image size of job updated: 423908
	205  -  MemoryUsage of job (MB)
	209788  -  ResidentSetSize of job (KB)
...
006 (310140.001.000) 2023-06-09 15:30:50 Image size of job updated: 177936
	174  -  MemoryUsage of job (MB)
	177936  -  ResidentSetSize of job (KB)
...
006 (310140.005.000) 2023-06-09 15:30:50 Image size of job updated: 605472
	171  -  MemoryUsage of job (MB)
	174968  -  ResidentSetSize of job (KB)
...
006 (310140.008.000) 2023-06-09 15:30:50 Image size of job updated: 645708
	207  -  MemoryUsage of job (MB)
	211612  -  ResidentSetSize of job (KB)
...
006 (310140.007.000) 2023-06-09 15:30:50 Image size of job updated: 424608
	207  -  MemoryUsage of job (MB)
	211608  -  ResidentSetSize of job (KB)
...
006 (310140.002.000) 2023-06-09 15:30:50 Image size of job updated: 179184
	175  -  MemoryUsage of job (MB)
	179184  -  ResidentSetSize of job (KB)
...
006 (310140.009.000) 2023-06-09 15:30:50 Image size of job updated: 645704
	207  -  MemoryUsage of job (MB)
	211672  -  ResidentSetSize of job (KB)
...
005 (310140.008.000) 2023-06-09 15:30:56 Job terminated.
	(1) Normal termination (return value 0)
		Usr 0 00:00:12, Sys 0 00:00:01  -  Run Remote Usage
		Usr 0 00:00:00, Sys 0 00:00:00  -  Run Local Usage
		Usr 0 00:00:12, Sys 0 00:00:01  -  Total Remote Usage
		Usr 0 00:00:00, Sys 0 00:00:00  -  Total Local Usage
	0  -  Run Bytes Sent By Job
	0  -  Run Bytes Received By Job
	0  -  Total Bytes Sent By Job
	0  -  Total Bytes Received By Job
	Partitionable Resources :    Usage  Request Allocated 
	   Cpus                 :                 1         1 
	   Disk (KB)            :        1        1    128928 
	   Memory (MB)          :      207     3900      3968 

	Job terminated of its own accord at 2023-06-09T06:30:56Z.
...
006 (310140.009.000) 2023-06-09 15:30:58 Image size of job updated: 688420
	207  -  MemoryUsage of job (MB)
	211672  -  ResidentSetSize of job (KB)
...
005 (310140.009.000) 2023-06-09 15:30:58 Job terminated.
	(1) Normal termination (return value 0)
		Usr 0 00:00:13, Sys 0 00:00:01  -  Run Remote Usage
		Usr 0 00:00:00, Sys 0 00:00:00  -  Run Local Usage
		Usr 0 00:00:13, Sys 0 00:00:01  -  Total Remote Usage
		Usr 0 00:00:00, Sys 0 00:00:00  -  Total Local Usage
	0  -  Run Bytes Sent By Job
	0  -  Run Bytes Received By Job
	0  -  Total Bytes Sent By Job
	0  -  Total Bytes Received By Job
	Partitionable Resources :    Usage  Request Allocated 
	   Cpus                 :                 1         1 
	   Disk (KB)            :        1        1    128928 
	   Memory (MB)          :      207     3900      3968 

	Job terminated of its own accord at 2023-06-09T06:30:58Z.
...
006 (310140.007.000) 2023-06-09 15:31:00 Image size of job updated: 685340
	207  -  MemoryUsage of job (MB)
	211608  -  ResidentSetSize of job (KB)
...
005 (310140.007.000) 2023-06-09 15:31:00 Job terminated.
	(1) Normal termination (return value 0)
		Usr 0 00:00:13, Sys 0 00:00:01  -  Run Remote Usage
		Usr 0 00:00:00, Sys 0 00:00:00  -  Run Local Usage
		Usr 0 00:00:13, Sys 0 00:00:01  -  Total Remote Usage
		Usr 0 00:00:00, Sys 0 00:00:00  -  Total Local Usage
	0  -  Run Bytes Sent By Job
	0  -  Run Bytes Received By Job
	0  -  Total Bytes Sent By Job
	0  -  Total Bytes Received By Job
	Partitionable Resources :    Usage  Request Allocated 
	   Cpus                 :                 1         1 
	   Disk (KB)            :        1        1    128928 
	   Memory (MB)          :      207     3900      3968 

	Job terminated of its own accord at 2023-06-09T06:31:00Z.
...
006 (310140.006.000) 2023-06-09 15:31:00 Image size of job updated: 690360
	205  -  MemoryUsage of job (MB)
	209788  -  ResidentSetSize of job (KB)
...
005 (310140.006.000) 2023-06-09 15:31:00 Job terminated.
	(1) Normal termination (return value 0)
		Usr 0 00:00:13, Sys 0 00:00:01  -  Run Remote Usage
		Usr 0 00:00:00, Sys 0 00:00:00  -  Run Local Usage
		Usr 0 00:00:13, Sys 0 00:00:01  -  Total Remote Usage
		Usr 0 00:00:00, Sys 0 00:00:00  -  Total Local Usage
	0  -  Run Bytes Sent By Job
	0  -  Run Bytes Received By Job
	0  -  Total Bytes Sent By Job
	0  -  Total Bytes Received By Job
	Partitionable Resources :    Usage  Request Allocated 
	   Cpus                 :                 1         1 
	   Disk (KB)            :        1        1    128928 
	   Memory (MB)          :      205     3900      3968 

	Job terminated of its own accord at 2023-06-09T06:31:00Z.
...
006 (310140.000.000) 2023-06-09 15:31:05 Image size of job updated: 690384
	182  -  MemoryUsage of job (MB)
	185900  -  ResidentSetSize of job (KB)
...
005 (310140.000.000) 2023-06-09 15:31:05 Job terminated.
	(1) Normal termination (return value 0)
		Usr 0 00:00:16, Sys 0 00:00:01  -  Run Remote Usage
		Usr 0 00:00:00, Sys 0 00:00:00  -  Run Local Usage
		Usr 0 00:00:16, Sys 0 00:00:01  -  Total Remote Usage
		Usr 0 00:00:00, Sys 0 00:00:00  -  Total Local Usage
	0  -  Run Bytes Sent By Job
	0  -  Run Bytes Received By Job
	0  -  Total Bytes Sent By Job
	0  -  Total Bytes Received By Job
	Partitionable Resources :    Usage  Request Allocated 
	   Cpus                 :                 1         1 
	   Disk (KB)            :        1        1    128928 
	   Memory (MB)          :      182     3900      3968 

	Job terminated of its own accord at 2023-06-09T06:31:05Z.
...
006 (310140.002.000) 2023-06-09 15:31:06 Image size of job updated: 685348
	175  -  MemoryUsage of job (MB)
	179184  -  ResidentSetSize of job (KB)
...
005 (310140.002.000) 2023-06-09 15:31:06 Job terminated.
	(1) Normal termination (return value 0)
		Usr 0 00:00:17, Sys 0 00:00:01  -  Run Remote Usage
		Usr 0 00:00:00, Sys 0 00:00:00  -  Run Local Usage
		Usr 0 00:00:17, Sys 0 00:00:01  -  Total Remote Usage
		Usr 0 00:00:00, Sys 0 00:00:00  -  Total Local Usage
	0  -  Run Bytes Sent By Job
	0  -  Run Bytes Received By Job
	0  -  Total Bytes Sent By Job
	0  -  Total Bytes Received By Job
	Partitionable Resources :    Usage  Request Allocated 
	   Cpus                 :                 1         1 
	   Disk (KB)            :        1        1    128928 
	   Memory (MB)          :      175     3900      3968 

	Job terminated of its own accord at 2023-06-09T06:31:06Z.
...
006 (310140.001.000) 2023-06-09 15:31:11 Image size of job updated: 685292
	174  -  MemoryUsage of job (MB)
	177936  -  ResidentSetSize of job (KB)
...
005 (310140.001.000) 2023-06-09 15:31:11 Job terminated.
	(1) Normal termination (return value 0)
		Usr 0 00:00:20, Sys 0 00:00:01  -  Run Remote Usage
		Usr 0 00:00:00, Sys 0 00:00:00  -  Run Local Usage
		Usr 0 00:00:20, Sys 0 00:00:01  -  Total Remote Usage
		Usr 0 00:00:00, Sys 0 00:00:00  -  Total Local Usage
	0  -  Run Bytes Sent By Job
	0  -  Run Bytes Received By Job
	0  -  Total Bytes Sent By Job
	0  -  Total Bytes Received By Job
	Partitionable Resources :    Usage  Request Allocated 
	   Cpus                 :                 1         1 
	   Disk (KB)            :        1        1    128928 
	   Memory (MB)          :      174     3900      3968 

	Job terminated of its own accord at 2023-06-09T06:31:11Z.
...
006 (310140.003.000) 2023-06-09 15:31:12 Image size of job updated: 684984
	70  -  MemoryUsage of job (MB)
	71464  -  ResidentSetSize of job (KB)
...
005 (310140.003.000) 2023-06-09 15:31:12 Job terminated.
	(1) Normal termination (return value 0)
		Usr 0 00:00:18, Sys 0 00:00:01  -  Run Remote Usage
		Usr 0 00:00:00, Sys 0 00:00:00  -  Run Local Usage
		Usr 0 00:00:18, Sys 0 00:00:01  -  Total Remote Usage
		Usr 0 00:00:00, Sys 0 00:00:00  -  Total Local Usage
	0  -  Run Bytes Sent By Job
	0  -  Run Bytes Received By Job
	0  -  Total Bytes Sent By Job
	0  -  Total Bytes Received By Job
	Partitionable Resources :    Usage  Request Allocated 
	   Cpus                 :                 1         1 
	   Disk (KB)            :        1        1    128928 
	   Memory (MB)          :       70     3900      3968 

	Job terminated of its own accord at 2023-06-09T06:31:12Z.
...
006 (310140.005.000) 2023-06-09 15:31:13 Image size of job updated: 685208
	171  -  MemoryUsage of job (MB)
	174968  -  ResidentSetSize of job (KB)
...
005 (310140.005.000) 2023-06-09 15:31:13 Job terminated.
	(1) Normal termination (return value 0)
		Usr 0 00:00:23, Sys 0 00:00:01  -  Run Remote Usage
		Usr 0 00:00:00, Sys 0 00:00:00  -  Run Local Usage
		Usr 0 00:00:23, Sys 0 00:00:01  -  Total Remote Usage
		Usr 0 00:00:00, Sys 0 00:00:00  -  Total Local Usage
	0  -  Run Bytes Sent By Job
	0  -  Run Bytes Received By Job
	0  -  Total Bytes Sent By Job
	0  -  Total Bytes Received By Job
	Partitionable Resources :    Usage  Request Allocated 
	   Cpus                 :                 1         1 
	   Disk (KB)            :        1        1    128992 
	   Memory (MB)          :      171     3900      3968 

	Job terminated of its own accord at 2023-06-09T06:31:13Z.
...
006 (310140.004.000) 2023-06-09 15:31:13 Image size of job updated: 690420
	171  -  MemoryUsage of job (MB)
	174964  -  ResidentSetSize of job (KB)
...
005 (310140.004.000) 2023-06-09 15:31:13 Job terminated.
	(1) Normal termination (return value 0)
		Usr 0 00:00:21, Sys 0 00:00:01  -  Run Remote Usage
		Usr 0 00:00:00, Sys 0 00:00:00  -  Run Local Usage
		Usr 0 00:00:21, Sys 0 00:00:01  -  Total Remote Usage
		Usr 0 00:00:00, Sys 0 00:00:00  -  Total Local Usage
	0  -  Run Bytes Sent By Job
	0  -  Run Bytes Received By Job
	0  -  Total Bytes Sent By Job
	0  -  Total Bytes Received By Job
	Partitionable Resources :    Usage  Request Allocated 
	   Cpus                 :                 1         1 
	   Disk (KB)            :        1        1    128992 
	   Memory (MB)          :      171     3900      3968 

	Job terminated of its own accord at 2023-06-09T06:31:13Z.
...
