000 (330091.000.000) 2023-07-25 10:59:24 Job submitted from host: <172.30.1.200:9618?addrs=172.30.1.200-9618&alias=tamsa2.snu.ac.kr&noUDP&sock=schedd_3510_2582>
...
000 (330091.001.000) 2023-07-25 10:59:24 Job submitted from host: <172.30.1.200:9618?addrs=172.30.1.200-9618&alias=tamsa2.snu.ac.kr&noUDP&sock=schedd_3510_2582>
...
000 (330091.002.000) 2023-07-25 10:59:24 Job submitted from host: <172.30.1.200:9618?addrs=172.30.1.200-9618&alias=tamsa2.snu.ac.kr&noUDP&sock=schedd_3510_2582>
...
000 (330091.003.000) 2023-07-25 10:59:24 Job submitted from host: <172.30.1.200:9618?addrs=172.30.1.200-9618&alias=tamsa2.snu.ac.kr&noUDP&sock=schedd_3510_2582>
...
000 (330091.004.000) 2023-07-25 10:59:24 Job submitted from host: <172.30.1.200:9618?addrs=172.30.1.200-9618&alias=tamsa2.snu.ac.kr&noUDP&sock=schedd_3510_2582>
...
000 (330091.005.000) 2023-07-25 10:59:24 Job submitted from host: <172.30.1.200:9618?addrs=172.30.1.200-9618&alias=tamsa2.snu.ac.kr&noUDP&sock=schedd_3510_2582>
...
000 (330091.006.000) 2023-07-25 10:59:24 Job submitted from host: <172.30.1.200:9618?addrs=172.30.1.200-9618&alias=tamsa2.snu.ac.kr&noUDP&sock=schedd_3510_2582>
...
000 (330091.007.000) 2023-07-25 10:59:24 Job submitted from host: <172.30.1.200:9618?addrs=172.30.1.200-9618&alias=tamsa2.snu.ac.kr&noUDP&sock=schedd_3510_2582>
...
000 (330091.008.000) 2023-07-25 10:59:24 Job submitted from host: <172.30.1.200:9618?addrs=172.30.1.200-9618&alias=tamsa2.snu.ac.kr&noUDP&sock=schedd_3510_2582>
...
000 (330091.009.000) 2023-07-25 10:59:24 Job submitted from host: <172.30.1.200:9618?addrs=172.30.1.200-9618&alias=tamsa2.snu.ac.kr&noUDP&sock=schedd_3510_2582>
...
040 (330091.001.000) 2023-07-25 10:59:38 Started transferring input files
	Transferring to host: <172.30.1.107:9618?addrs=172.30.1.107-9618&alias=n7&noUDP&sock=slot1_9_4258_e566_60761>
...
040 (330091.001.000) 2023-07-25 10:59:38 Finished transferring input files
...
040 (330091.000.000) 2023-07-25 10:59:38 Started transferring input files
	Transferring to host: <172.30.1.107:9618?addrs=172.30.1.107-9618&alias=n7&noUDP&sock=slot1_8_4258_e566_60762>
...
040 (330091.000.000) 2023-07-25 10:59:38 Finished transferring input files
...
040 (330091.003.000) 2023-07-25 10:59:38 Started transferring input files
	Transferring to host: <172.30.1.107:9618?addrs=172.30.1.107-9618&alias=n7&noUDP&sock=slot1_12_4258_e566_60763>
...
040 (330091.003.000) 2023-07-25 10:59:38 Finished transferring input files
...
040 (330091.004.000) 2023-07-25 10:59:39 Started transferring input files
	Transferring to host: <172.30.1.107:9618?addrs=172.30.1.107-9618&alias=n7&noUDP&sock=slot1_13_4258_e566_60764>
...
040 (330091.004.000) 2023-07-25 10:59:39 Finished transferring input files
...
040 (330091.002.000) 2023-07-25 10:59:39 Started transferring input files
	Transferring to host: <172.30.1.107:9618?addrs=172.30.1.107-9618&alias=n7&noUDP&sock=slot1_10_4258_e566_60765>
...
040 (330091.005.000) 2023-07-25 10:59:39 Started transferring input files
	Transferring to host: <172.30.1.107:9618?addrs=172.30.1.107-9618&alias=n7&noUDP&sock=slot1_24_4258_e566_60766>
...
040 (330091.002.000) 2023-07-25 10:59:39 Finished transferring input files
...
040 (330091.005.000) 2023-07-25 10:59:39 Finished transferring input files
...
040 (330091.007.000) 2023-07-25 10:59:39 Started transferring input files
	Transferring to host: <172.30.1.107:9618?addrs=172.30.1.107-9618&alias=n7&noUDP&sock=slot1_26_4258_e566_60767>
...
040 (330091.006.000) 2023-07-25 10:59:39 Started transferring input files
	Transferring to host: <172.30.1.107:9618?addrs=172.30.1.107-9618&alias=n7&noUDP&sock=slot1_25_4258_e566_60768>
...
040 (330091.007.000) 2023-07-25 10:59:39 Finished transferring input files
...
040 (330091.006.000) 2023-07-25 10:59:39 Finished transferring input files
...
040 (330091.008.000) 2023-07-25 10:59:39 Started transferring input files
	Transferring to host: <172.30.1.107:9618?addrs=172.30.1.107-9618&alias=n7&noUDP&sock=slot1_27_4258_e566_60769>
...
040 (330091.008.000) 2023-07-25 10:59:39 Finished transferring input files
...
040 (330091.009.000) 2023-07-25 10:59:39 Started transferring input files
	Transferring to host: <172.30.1.107:9618?addrs=172.30.1.107-9618&alias=n7&noUDP&sock=slot1_28_4258_e566_60772>
...
040 (330091.009.000) 2023-07-25 10:59:39 Finished transferring input files
...
001 (330091.001.000) 2023-07-25 10:59:39 Job executing on host: <172.30.1.107:9618?addrs=172.30.1.107-9618&alias=n7&noUDP&sock=startd_4224_e421>
...
001 (330091.000.000) 2023-07-25 10:59:39 Job executing on host: <172.30.1.107:9618?addrs=172.30.1.107-9618&alias=n7&noUDP&sock=startd_4224_e421>
...
001 (330091.003.000) 2023-07-25 10:59:39 Job executing on host: <172.30.1.107:9618?addrs=172.30.1.107-9618&alias=n7&noUDP&sock=startd_4224_e421>
...
001 (330091.004.000) 2023-07-25 10:59:40 Job executing on host: <172.30.1.107:9618?addrs=172.30.1.107-9618&alias=n7&noUDP&sock=startd_4224_e421>
...
001 (330091.002.000) 2023-07-25 10:59:40 Job executing on host: <172.30.1.107:9618?addrs=172.30.1.107-9618&alias=n7&noUDP&sock=startd_4224_e421>
...
001 (330091.005.000) 2023-07-25 10:59:40 Job executing on host: <172.30.1.107:9618?addrs=172.30.1.107-9618&alias=n7&noUDP&sock=startd_4224_e421>
...
001 (330091.007.000) 2023-07-25 10:59:40 Job executing on host: <172.30.1.107:9618?addrs=172.30.1.107-9618&alias=n7&noUDP&sock=startd_4224_e421>
...
001 (330091.006.000) 2023-07-25 10:59:40 Job executing on host: <172.30.1.107:9618?addrs=172.30.1.107-9618&alias=n7&noUDP&sock=startd_4224_e421>
...
001 (330091.008.000) 2023-07-25 10:59:40 Job executing on host: <172.30.1.107:9618?addrs=172.30.1.107-9618&alias=n7&noUDP&sock=startd_4224_e421>
...
001 (330091.009.000) 2023-07-25 10:59:40 Job executing on host: <172.30.1.107:9618?addrs=172.30.1.107-9618&alias=n7&noUDP&sock=startd_4224_e421>
...
006 (330091.003.000) 2023-07-25 10:59:48 Image size of job updated: 391532
	182  -  MemoryUsage of job (MB)
	186048  -  ResidentSetSize of job (KB)
...
006 (330091.004.000) 2023-07-25 10:59:48 Image size of job updated: 391532
	182  -  MemoryUsage of job (MB)
	186144  -  ResidentSetSize of job (KB)
...
006 (330091.002.000) 2023-07-25 10:59:48 Image size of job updated: 391532
	182  -  MemoryUsage of job (MB)
	186152  -  ResidentSetSize of job (KB)
...
006 (330091.005.000) 2023-07-25 10:59:48 Image size of job updated: 391524
	182  -  MemoryUsage of job (MB)
	186144  -  ResidentSetSize of job (KB)
...
006 (330091.007.000) 2023-07-25 10:59:48 Image size of job updated: 391524
	182  -  MemoryUsage of job (MB)
	186160  -  ResidentSetSize of job (KB)
...
006 (330091.006.000) 2023-07-25 10:59:48 Image size of job updated: 391524
	182  -  MemoryUsage of job (MB)
	186156  -  ResidentSetSize of job (KB)
...
006 (330091.008.000) 2023-07-25 10:59:48 Image size of job updated: 391524
	182  -  MemoryUsage of job (MB)
	186148  -  ResidentSetSize of job (KB)
...
006 (330091.001.000) 2023-07-25 10:59:48 Image size of job updated: 391524
	182  -  MemoryUsage of job (MB)
	186144  -  ResidentSetSize of job (KB)
...
006 (330091.000.000) 2023-07-25 10:59:48 Image size of job updated: 391524
	182  -  MemoryUsage of job (MB)
	186168  -  ResidentSetSize of job (KB)
...
006 (330091.009.000) 2023-07-25 10:59:49 Image size of job updated: 644848
	182  -  MemoryUsage of job (MB)
	186208  -  ResidentSetSize of job (KB)
...
006 (330091.008.000) 2023-07-25 11:00:04 Image size of job updated: 684948
	182  -  MemoryUsage of job (MB)
	186148  -  ResidentSetSize of job (KB)
...
040 (330091.008.000) 2023-07-25 11:00:04 Started transferring output files
...
040 (330091.008.000) 2023-07-25 11:00:04 Finished transferring output files
...
005 (330091.008.000) 2023-07-25 11:00:04 Job terminated.
	(1) Normal termination (return value 0)
		Usr 0 00:00:20, Sys 0 00:00:01  -  Run Remote Usage
		Usr 0 00:00:00, Sys 0 00:00:00  -  Run Local Usage
		Usr 0 00:00:20, Sys 0 00:00:01  -  Total Remote Usage
		Usr 0 00:00:00, Sys 0 00:00:00  -  Total Local Usage
	930  -  Run Bytes Sent By Job
	169  -  Run Bytes Received By Job
	930  -  Total Bytes Sent By Job
	169  -  Total Bytes Received By Job
	Partitionable Resources :    Usage  Request Allocated 
	   Cpus                 :                 1         1 
	   Disk (KB)            :       46        1    127899 
	   Memory (MB)          :      182     3900      3968 

	Job terminated of its own accord at 2023-07-25T02:00:04Z.
...
006 (330091.006.000) 2023-07-25 11:00:06 Image size of job updated: 682132
	182  -  MemoryUsage of job (MB)
	186156  -  ResidentSetSize of job (KB)
...
040 (330091.006.000) 2023-07-25 11:00:06 Started transferring output files
...
040 (330091.006.000) 2023-07-25 11:00:06 Finished transferring output files
...
005 (330091.006.000) 2023-07-25 11:00:06 Job terminated.
	(1) Normal termination (return value 0)
		Usr 0 00:00:22, Sys 0 00:00:01  -  Run Remote Usage
		Usr 0 00:00:00, Sys 0 00:00:00  -  Run Local Usage
		Usr 0 00:00:22, Sys 0 00:00:01  -  Total Remote Usage
		Usr 0 00:00:00, Sys 0 00:00:00  -  Total Local Usage
	991  -  Run Bytes Sent By Job
	169  -  Run Bytes Received By Job
	991  -  Total Bytes Sent By Job
	169  -  Total Bytes Received By Job
	Partitionable Resources :    Usage  Request Allocated 
	   Cpus                 :                 1         1 
	   Disk (KB)            :       46        1    127899 
	   Memory (MB)          :      182     3900      3968 

	Job terminated of its own accord at 2023-07-25T02:00:06Z.
...
006 (330091.001.000) 2023-07-25 11:00:06 Image size of job updated: 686612
	182  -  MemoryUsage of job (MB)
	186144  -  ResidentSetSize of job (KB)
...
040 (330091.001.000) 2023-07-25 11:00:06 Started transferring output files
...
040 (330091.001.000) 2023-07-25 11:00:06 Finished transferring output files
...
005 (330091.001.000) 2023-07-25 11:00:06 Job terminated.
	(1) Normal termination (return value 0)
		Usr 0 00:00:22, Sys 0 00:00:01  -  Run Remote Usage
		Usr 0 00:00:00, Sys 0 00:00:00  -  Run Local Usage
		Usr 0 00:00:22, Sys 0 00:00:01  -  Total Remote Usage
		Usr 0 00:00:00, Sys 0 00:00:00  -  Total Local Usage
	1124  -  Run Bytes Sent By Job
	169  -  Run Bytes Received By Job
	1124  -  Total Bytes Sent By Job
	169  -  Total Bytes Received By Job
	Partitionable Resources :    Usage  Request Allocated 
	   Cpus                 :                 1         1 
	   Disk (KB)            :       46        1    127899 
	   Memory (MB)          :      182     3900      3968 

	Job terminated of its own accord at 2023-07-25T02:00:06Z.
...
006 (330091.009.000) 2023-07-25 11:00:07 Image size of job updated: 682116
	182  -  MemoryUsage of job (MB)
	186208  -  ResidentSetSize of job (KB)
...
040 (330091.009.000) 2023-07-25 11:00:07 Started transferring output files
...
040 (330091.009.000) 2023-07-25 11:00:07 Finished transferring output files
...
005 (330091.009.000) 2023-07-25 11:00:07 Job terminated.
	(1) Normal termination (return value 0)
		Usr 0 00:00:23, Sys 0 00:00:01  -  Run Remote Usage
		Usr 0 00:00:00, Sys 0 00:00:00  -  Run Local Usage
		Usr 0 00:00:23, Sys 0 00:00:01  -  Total Remote Usage
		Usr 0 00:00:00, Sys 0 00:00:00  -  Total Local Usage
	992  -  Run Bytes Sent By Job
	169  -  Run Bytes Received By Job
	992  -  Total Bytes Sent By Job
	169  -  Total Bytes Received By Job
	Partitionable Resources :    Usage  Request Allocated 
	   Cpus                 :                 1         1 
	   Disk (KB)            :       46        1    127899 
	   Memory (MB)          :      182     3900      3968 

	Job terminated of its own accord at 2023-07-25T02:00:07Z.
...
006 (330091.007.000) 2023-07-25 11:00:08 Image size of job updated: 685836
	182  -  MemoryUsage of job (MB)
	186160  -  ResidentSetSize of job (KB)
...
040 (330091.007.000) 2023-07-25 11:00:09 Started transferring output files
...
040 (330091.007.000) 2023-07-25 11:00:09 Finished transferring output files
...
005 (330091.007.000) 2023-07-25 11:00:09 Job terminated.
	(1) Normal termination (return value 0)
		Usr 0 00:00:25, Sys 0 00:00:01  -  Run Remote Usage
		Usr 0 00:00:00, Sys 0 00:00:00  -  Run Local Usage
		Usr 0 00:00:25, Sys 0 00:00:01  -  Total Remote Usage
		Usr 0 00:00:00, Sys 0 00:00:00  -  Total Local Usage
	991  -  Run Bytes Sent By Job
	169  -  Run Bytes Received By Job
	991  -  Total Bytes Sent By Job
	169  -  Total Bytes Received By Job
	Partitionable Resources :    Usage  Request Allocated 
	   Cpus                 :                 1         1 
	   Disk (KB)            :       46        1    127899 
	   Memory (MB)          :      182     3900      3968 

	Job terminated of its own accord at 2023-07-25T02:00:08Z.
...
006 (330091.004.000) 2023-07-25 11:00:12 Image size of job updated: 685908
	182  -  MemoryUsage of job (MB)
	186144  -  ResidentSetSize of job (KB)
...
040 (330091.004.000) 2023-07-25 11:00:12 Started transferring output files
...
040 (330091.004.000) 2023-07-25 11:00:12 Finished transferring output files
...
005 (330091.004.000) 2023-07-25 11:00:12 Job terminated.
	(1) Normal termination (return value 0)
		Usr 0 00:00:29, Sys 0 00:00:01  -  Run Remote Usage
		Usr 0 00:00:00, Sys 0 00:00:00  -  Run Local Usage
		Usr 0 00:00:29, Sys 0 00:00:01  -  Total Remote Usage
		Usr 0 00:00:00, Sys 0 00:00:00  -  Total Local Usage
	1187  -  Run Bytes Sent By Job
	169  -  Run Bytes Received By Job
	1187  -  Total Bytes Sent By Job
	169  -  Total Bytes Received By Job
	Partitionable Resources :    Usage  Request Allocated 
	   Cpus                 :                 1         1 
	   Disk (KB)            :       46        1    127899 
	   Memory (MB)          :      182     3900      3968 

	Job terminated of its own accord at 2023-07-25T02:00:12Z.
...
006 (330091.000.000) 2023-07-25 11:00:13 Image size of job updated: 685900
	182  -  MemoryUsage of job (MB)
	186168  -  ResidentSetSize of job (KB)
...
040 (330091.000.000) 2023-07-25 11:00:13 Started transferring output files
...
040 (330091.000.000) 2023-07-25 11:00:13 Finished transferring output files
...
005 (330091.000.000) 2023-07-25 11:00:13 Job terminated.
	(1) Normal termination (return value 0)
		Usr 0 00:00:29, Sys 0 00:00:01  -  Run Remote Usage
		Usr 0 00:00:00, Sys 0 00:00:00  -  Run Local Usage
		Usr 0 00:00:29, Sys 0 00:00:01  -  Total Remote Usage
		Usr 0 00:00:00, Sys 0 00:00:00  -  Total Local Usage
	1217  -  Run Bytes Sent By Job
	169  -  Run Bytes Received By Job
	1217  -  Total Bytes Sent By Job
	169  -  Total Bytes Received By Job
	Partitionable Resources :    Usage  Request Allocated 
	   Cpus                 :                 1         1 
	   Disk (KB)            :       46        1    127899 
	   Memory (MB)          :      182     3900      3968 

	Job terminated of its own accord at 2023-07-25T02:00:13Z.
...
006 (330091.005.000) 2023-07-25 11:00:16 Image size of job updated: 687016
	182  -  MemoryUsage of job (MB)
	186144  -  ResidentSetSize of job (KB)
...
040 (330091.005.000) 2023-07-25 11:00:16 Started transferring output files
...
006 (330091.002.000) 2023-07-25 11:00:16 Image size of job updated: 685896
	182  -  MemoryUsage of job (MB)
	186152  -  ResidentSetSize of job (KB)
...
006 (330091.003.000) 2023-07-25 11:00:17 Image size of job updated: 685924
	182  -  MemoryUsage of job (MB)
	186048  -  ResidentSetSize of job (KB)
...
040 (330091.002.000) 2023-07-25 11:00:17 Started transferring output files
...
040 (330091.003.000) 2023-07-25 11:00:17 Started transferring output files
...
040 (330091.005.000) 2023-07-25 11:00:17 Finished transferring output files
...
040 (330091.002.000) 2023-07-25 11:00:17 Finished transferring output files
...
040 (330091.003.000) 2023-07-25 11:00:17 Finished transferring output files
...
005 (330091.005.000) 2023-07-25 11:00:17 Job terminated.
	(1) Normal termination (return value 0)
		Usr 0 00:00:32, Sys 0 00:00:01  -  Run Remote Usage
		Usr 0 00:00:00, Sys 0 00:00:00  -  Run Local Usage
		Usr 0 00:00:32, Sys 0 00:00:01  -  Total Remote Usage
		Usr 0 00:00:00, Sys 0 00:00:00  -  Total Local Usage
	1249  -  Run Bytes Sent By Job
	169  -  Run Bytes Received By Job
	1249  -  Total Bytes Sent By Job
	169  -  Total Bytes Received By Job
	Partitionable Resources :    Usage  Request Allocated 
	   Cpus                 :                 1         1 
	   Disk (KB)            :       46        1    127899 
	   Memory (MB)          :      182     3900      3968 

	Job terminated of its own accord at 2023-07-25T02:00:16Z.
...
005 (330091.002.000) 2023-07-25 11:00:17 Job terminated.
	(1) Normal termination (return value 0)
		Usr 0 00:00:32, Sys 0 00:00:01  -  Run Remote Usage
		Usr 0 00:00:00, Sys 0 00:00:00  -  Run Local Usage
		Usr 0 00:00:32, Sys 0 00:00:01  -  Total Remote Usage
		Usr 0 00:00:00, Sys 0 00:00:00  -  Total Local Usage
	1249  -  Run Bytes Sent By Job
	169  -  Run Bytes Received By Job
	1249  -  Total Bytes Sent By Job
	169  -  Total Bytes Received By Job
	Partitionable Resources :    Usage  Request Allocated 
	   Cpus                 :                 1         1 
	   Disk (KB)            :       46        1    127899 
	   Memory (MB)          :      182     3900      3968 

	Job terminated of its own accord at 2023-07-25T02:00:16Z.
...
005 (330091.003.000) 2023-07-25 11:00:17 Job terminated.
	(1) Normal termination (return value 0)
		Usr 0 00:00:32, Sys 0 00:00:01  -  Run Remote Usage
		Usr 0 00:00:00, Sys 0 00:00:00  -  Run Local Usage
		Usr 0 00:00:32, Sys 0 00:00:01  -  Total Remote Usage
		Usr 0 00:00:00, Sys 0 00:00:00  -  Total Local Usage
	1308  -  Run Bytes Sent By Job
	169  -  Run Bytes Received By Job
	1308  -  Total Bytes Sent By Job
	169  -  Total Bytes Received By Job
	Partitionable Resources :    Usage  Request Allocated 
	   Cpus                 :                 1         1 
	   Disk (KB)            :       46        1    127899 
	   Memory (MB)          :      182     3900      3968 

	Job terminated of its own accord at 2023-07-25T02:00:17Z.
...
