000 (311091.000.000) 2023-06-12 18:34:28 Job submitted from host: <172.30.1.200:9618?addrs=172.30.1.200-9618&alias=tamsa2.snu.ac.kr&noUDP&sock=schedd_3510_2582>
...
000 (311091.001.000) 2023-06-12 18:34:28 Job submitted from host: <172.30.1.200:9618?addrs=172.30.1.200-9618&alias=tamsa2.snu.ac.kr&noUDP&sock=schedd_3510_2582>
...
000 (311091.002.000) 2023-06-12 18:34:28 Job submitted from host: <172.30.1.200:9618?addrs=172.30.1.200-9618&alias=tamsa2.snu.ac.kr&noUDP&sock=schedd_3510_2582>
...
000 (311091.003.000) 2023-06-12 18:34:28 Job submitted from host: <172.30.1.200:9618?addrs=172.30.1.200-9618&alias=tamsa2.snu.ac.kr&noUDP&sock=schedd_3510_2582>
...
000 (311091.004.000) 2023-06-12 18:34:28 Job submitted from host: <172.30.1.200:9618?addrs=172.30.1.200-9618&alias=tamsa2.snu.ac.kr&noUDP&sock=schedd_3510_2582>
...
000 (311091.005.000) 2023-06-12 18:34:28 Job submitted from host: <172.30.1.200:9618?addrs=172.30.1.200-9618&alias=tamsa2.snu.ac.kr&noUDP&sock=schedd_3510_2582>
...
000 (311091.006.000) 2023-06-12 18:34:28 Job submitted from host: <172.30.1.200:9618?addrs=172.30.1.200-9618&alias=tamsa2.snu.ac.kr&noUDP&sock=schedd_3510_2582>
...
000 (311091.007.000) 2023-06-12 18:34:28 Job submitted from host: <172.30.1.200:9618?addrs=172.30.1.200-9618&alias=tamsa2.snu.ac.kr&noUDP&sock=schedd_3510_2582>
...
000 (311091.008.000) 2023-06-12 18:34:28 Job submitted from host: <172.30.1.200:9618?addrs=172.30.1.200-9618&alias=tamsa2.snu.ac.kr&noUDP&sock=schedd_3510_2582>
...
000 (311091.009.000) 2023-06-12 18:34:28 Job submitted from host: <172.30.1.200:9618?addrs=172.30.1.200-9618&alias=tamsa2.snu.ac.kr&noUDP&sock=schedd_3510_2582>
...
040 (311091.000.000) 2023-06-12 18:34:39 Started transferring input files
	Transferring to host: <172.30.1.110:9618?addrs=172.30.1.110-9618&alias=n10&noUDP&sock=slot1_27_4288_08a7_22666>
...
040 (311091.000.000) 2023-06-12 18:34:39 Finished transferring input files
...
040 (311091.001.000) 2023-06-12 18:34:40 Started transferring input files
	Transferring to host: <172.30.1.110:9618?addrs=172.30.1.110-9618&alias=n10&noUDP&sock=slot1_28_4288_08a7_22667>
...
040 (311091.002.000) 2023-06-12 18:34:40 Started transferring input files
	Transferring to host: <172.30.1.110:9618?addrs=172.30.1.110-9618&alias=n10&noUDP&sock=slot1_29_4288_08a7_22668>
...
040 (311091.001.000) 2023-06-12 18:34:40 Finished transferring input files
...
040 (311091.002.000) 2023-06-12 18:34:40 Finished transferring input files
...
040 (311091.003.000) 2023-06-12 18:34:40 Started transferring input files
	Transferring to host: <172.30.1.110:9618?addrs=172.30.1.110-9618&alias=n10&noUDP&sock=slot1_30_4288_08a7_22669>
...
040 (311091.003.000) 2023-06-12 18:34:40 Finished transferring input files
...
040 (311091.004.000) 2023-06-12 18:34:40 Started transferring input files
	Transferring to host: <172.30.1.110:9618?addrs=172.30.1.110-9618&alias=n10&noUDP&sock=slot1_31_4288_08a7_22670>
...
040 (311091.004.000) 2023-06-12 18:34:40 Finished transferring input files
...
040 (311091.005.000) 2023-06-12 18:34:40 Started transferring input files
	Transferring to host: <172.30.1.110:9618?addrs=172.30.1.110-9618&alias=n10&noUDP&sock=slot1_32_4288_08a7_22671>
...
040 (311091.005.000) 2023-06-12 18:34:40 Finished transferring input files
...
040 (311091.007.000) 2023-06-12 18:34:40 Started transferring input files
	Transferring to host: <172.30.1.110:9618?addrs=172.30.1.110-9618&alias=n10&noUDP&sock=slot1_34_4288_08a7_22672>
...
040 (311091.007.000) 2023-06-12 18:34:40 Finished transferring input files
...
040 (311091.006.000) 2023-06-12 18:34:40 Started transferring input files
	Transferring to host: <172.30.1.110:9618?addrs=172.30.1.110-9618&alias=n10&noUDP&sock=slot1_33_4288_08a7_22673>
...
040 (311091.006.000) 2023-06-12 18:34:40 Finished transferring input files
...
040 (311091.009.000) 2023-06-12 18:34:40 Started transferring input files
	Transferring to host: <172.30.1.110:9618?addrs=172.30.1.110-9618&alias=n10&noUDP&sock=slot1_36_4288_08a7_22674>
...
040 (311091.009.000) 2023-06-12 18:34:40 Finished transferring input files
...
040 (311091.008.000) 2023-06-12 18:34:40 Started transferring input files
	Transferring to host: <172.30.1.110:9618?addrs=172.30.1.110-9618&alias=n10&noUDP&sock=slot1_35_4288_08a7_22675>
...
040 (311091.008.000) 2023-06-12 18:34:40 Finished transferring input files
...
001 (311091.000.000) 2023-06-12 18:34:40 Job executing on host: <172.30.1.110:9618?addrs=172.30.1.110-9618&alias=n10&noUDP&sock=startd_4254_77f9>
...
001 (311091.001.000) 2023-06-12 18:34:41 Job executing on host: <172.30.1.110:9618?addrs=172.30.1.110-9618&alias=n10&noUDP&sock=startd_4254_77f9>
...
001 (311091.002.000) 2023-06-12 18:34:41 Job executing on host: <172.30.1.110:9618?addrs=172.30.1.110-9618&alias=n10&noUDP&sock=startd_4254_77f9>
...
001 (311091.003.000) 2023-06-12 18:34:41 Job executing on host: <172.30.1.110:9618?addrs=172.30.1.110-9618&alias=n10&noUDP&sock=startd_4254_77f9>
...
001 (311091.004.000) 2023-06-12 18:34:41 Job executing on host: <172.30.1.110:9618?addrs=172.30.1.110-9618&alias=n10&noUDP&sock=startd_4254_77f9>
...
001 (311091.005.000) 2023-06-12 18:34:41 Job executing on host: <172.30.1.110:9618?addrs=172.30.1.110-9618&alias=n10&noUDP&sock=startd_4254_77f9>
...
001 (311091.007.000) 2023-06-12 18:34:41 Job executing on host: <172.30.1.110:9618?addrs=172.30.1.110-9618&alias=n10&noUDP&sock=startd_4254_77f9>
...
001 (311091.006.000) 2023-06-12 18:34:41 Job executing on host: <172.30.1.110:9618?addrs=172.30.1.110-9618&alias=n10&noUDP&sock=startd_4254_77f9>
...
001 (311091.009.000) 2023-06-12 18:34:41 Job executing on host: <172.30.1.110:9618?addrs=172.30.1.110-9618&alias=n10&noUDP&sock=startd_4254_77f9>
...
001 (311091.008.000) 2023-06-12 18:34:41 Job executing on host: <172.30.1.110:9618?addrs=172.30.1.110-9618&alias=n10&noUDP&sock=startd_4254_77f9>
...
006 (311091.000.000) 2023-06-12 18:34:49 Image size of job updated: 647044
	186  -  MemoryUsage of job (MB)
	189704  -  ResidentSetSize of job (KB)
...
006 (311091.001.000) 2023-06-12 18:34:49 Image size of job updated: 647052
	192  -  MemoryUsage of job (MB)
	196172  -  ResidentSetSize of job (KB)
...
006 (311091.002.000) 2023-06-12 18:34:49 Image size of job updated: 647048
	184  -  MemoryUsage of job (MB)
	187908  -  ResidentSetSize of job (KB)
...
006 (311091.003.000) 2023-06-12 18:34:49 Image size of job updated: 647112
	205  -  MemoryUsage of job (MB)
	209296  -  ResidentSetSize of job (KB)
...
006 (311091.004.000) 2023-06-12 18:34:49 Image size of job updated: 647028
	184  -  MemoryUsage of job (MB)
	187640  -  ResidentSetSize of job (KB)
...
006 (311091.005.000) 2023-06-12 18:34:50 Image size of job updated: 661688
	205  -  MemoryUsage of job (MB)
	209792  -  ResidentSetSize of job (KB)
...
006 (311091.007.000) 2023-06-12 18:34:50 Image size of job updated: 657828
	205  -  MemoryUsage of job (MB)
	209772  -  ResidentSetSize of job (KB)
...
006 (311091.006.000) 2023-06-12 18:34:50 Image size of job updated: 647112
	205  -  MemoryUsage of job (MB)
	209756  -  ResidentSetSize of job (KB)
...
006 (311091.009.000) 2023-06-12 18:34:50 Image size of job updated: 657836
	205  -  MemoryUsage of job (MB)
	209796  -  ResidentSetSize of job (KB)
...
006 (311091.008.000) 2023-06-12 18:34:50 Image size of job updated: 647048
	207  -  MemoryUsage of job (MB)
	211352  -  ResidentSetSize of job (KB)
...
006 (311091.008.000) 2023-06-12 18:35:06 Image size of job updated: 691656
	207  -  MemoryUsage of job (MB)
	211352  -  ResidentSetSize of job (KB)
...
040 (311091.008.000) 2023-06-12 18:35:06 Started transferring output files
...
040 (311091.008.000) 2023-06-12 18:35:06 Finished transferring output files
...
005 (311091.008.000) 2023-06-12 18:35:06 Job terminated.
	(1) Normal termination (return value 0)
		Usr 0 00:00:22, Sys 0 00:00:01  -  Run Remote Usage
		Usr 0 00:00:00, Sys 0 00:00:00  -  Run Local Usage
		Usr 0 00:00:22, Sys 0 00:00:01  -  Total Remote Usage
		Usr 0 00:00:00, Sys 0 00:00:00  -  Total Local Usage
	7505  -  Run Bytes Sent By Job
	149  -  Run Bytes Received By Job
	7505  -  Total Bytes Sent By Job
	149  -  Total Bytes Received By Job
	Partitionable Resources :    Usage  Request Allocated 
	   Cpus                 :                 1         1 
	   Disk (KB)            :       52        1    127899 
	   Memory (MB)          :      207     3900      3968 

	Job terminated of its own accord at 2023-06-12T09:35:06Z.
...
006 (311091.009.000) 2023-06-12 18:35:07 Image size of job updated: 693996
	205  -  MemoryUsage of job (MB)
	209796  -  ResidentSetSize of job (KB)
...
040 (311091.009.000) 2023-06-12 18:35:07 Started transferring output files
...
040 (311091.009.000) 2023-06-12 18:35:07 Finished transferring output files
...
005 (311091.009.000) 2023-06-12 18:35:07 Job terminated.
	(1) Normal termination (return value 0)
		Usr 0 00:00:21, Sys 0 00:00:01  -  Run Remote Usage
		Usr 0 00:00:00, Sys 0 00:00:00  -  Run Local Usage
		Usr 0 00:00:21, Sys 0 00:00:01  -  Total Remote Usage
		Usr 0 00:00:00, Sys 0 00:00:00  -  Total Local Usage
	7503  -  Run Bytes Sent By Job
	149  -  Run Bytes Received By Job
	7503  -  Total Bytes Sent By Job
	149  -  Total Bytes Received By Job
	Partitionable Resources :    Usage  Request Allocated 
	   Cpus                 :                 1         1 
	   Disk (KB)            :       52        1    127899 
	   Memory (MB)          :      205     3900      3968 

	Job terminated of its own accord at 2023-06-12T09:35:07Z.
...
006 (311091.003.000) 2023-06-12 18:35:11 Image size of job updated: 691784
	205  -  MemoryUsage of job (MB)
	209296  -  ResidentSetSize of job (KB)
...
040 (311091.003.000) 2023-06-12 18:35:11 Started transferring output files
...
040 (311091.003.000) 2023-06-12 18:35:11 Finished transferring output files
...
005 (311091.003.000) 2023-06-12 18:35:11 Job terminated.
	(1) Normal termination (return value 0)
		Usr 0 00:00:25, Sys 0 00:00:01  -  Run Remote Usage
		Usr 0 00:00:00, Sys 0 00:00:00  -  Run Local Usage
		Usr 0 00:00:25, Sys 0 00:00:01  -  Total Remote Usage
		Usr 0 00:00:00, Sys 0 00:00:00  -  Total Local Usage
	7556  -  Run Bytes Sent By Job
	149  -  Run Bytes Received By Job
	7556  -  Total Bytes Sent By Job
	149  -  Total Bytes Received By Job
	Partitionable Resources :    Usage  Request Allocated 
	   Cpus                 :                 1         1 
	   Disk (KB)            :       52        1    127899 
	   Memory (MB)          :      205     3900      3968 

	Job terminated of its own accord at 2023-06-12T09:35:11Z.
...
006 (311091.001.000) 2023-06-12 18:35:13 Image size of job updated: 693748
	192  -  MemoryUsage of job (MB)
	196172  -  ResidentSetSize of job (KB)
...
040 (311091.001.000) 2023-06-12 18:35:13 Started transferring output files
...
040 (311091.001.000) 2023-06-12 18:35:13 Finished transferring output files
...
005 (311091.001.000) 2023-06-12 18:35:13 Job terminated.
	(1) Normal termination (return value 0)
		Usr 0 00:00:27, Sys 0 00:00:01  -  Run Remote Usage
		Usr 0 00:00:00, Sys 0 00:00:00  -  Run Local Usage
		Usr 0 00:00:27, Sys 0 00:00:01  -  Total Remote Usage
		Usr 0 00:00:00, Sys 0 00:00:00  -  Total Local Usage
	7618  -  Run Bytes Sent By Job
	149  -  Run Bytes Received By Job
	7618  -  Total Bytes Sent By Job
	149  -  Total Bytes Received By Job
	Partitionable Resources :    Usage  Request Allocated 
	   Cpus                 :                 1         1 
	   Disk (KB)            :       52        1    127899 
	   Memory (MB)          :      192     3900      3968 

	Job terminated of its own accord at 2023-06-12T09:35:13Z.
...
006 (311091.005.000) 2023-06-12 18:35:14 Image size of job updated: 692136
	205  -  MemoryUsage of job (MB)
	209792  -  ResidentSetSize of job (KB)
...
040 (311091.005.000) 2023-06-12 18:35:14 Started transferring output files
...
040 (311091.005.000) 2023-06-12 18:35:14 Finished transferring output files
...
005 (311091.005.000) 2023-06-12 18:35:14 Job terminated.
	(1) Normal termination (return value 0)
		Usr 0 00:00:28, Sys 0 00:00:01  -  Run Remote Usage
		Usr 0 00:00:00, Sys 0 00:00:00  -  Run Local Usage
		Usr 0 00:00:28, Sys 0 00:00:01  -  Total Remote Usage
		Usr 0 00:00:00, Sys 0 00:00:00  -  Total Local Usage
	7629  -  Run Bytes Sent By Job
	149  -  Run Bytes Received By Job
	7629  -  Total Bytes Sent By Job
	149  -  Total Bytes Received By Job
	Partitionable Resources :    Usage  Request Allocated 
	   Cpus                 :                 1         1 
	   Disk (KB)            :       52        1    127899 
	   Memory (MB)          :      205     3900      3968 

	Job terminated of its own accord at 2023-06-12T09:35:14Z.
...
006 (311091.000.000) 2023-06-12 18:35:14 Image size of job updated: 697044
	186  -  MemoryUsage of job (MB)
	189828  -  ResidentSetSize of job (KB)
...
040 (311091.000.000) 2023-06-12 18:35:15 Started transferring output files
...
040 (311091.000.000) 2023-06-12 18:35:15 Finished transferring output files
...
005 (311091.000.000) 2023-06-12 18:35:15 Job terminated.
	(1) Normal termination (return value 0)
		Usr 0 00:00:27, Sys 0 00:00:01  -  Run Remote Usage
		Usr 0 00:00:00, Sys 0 00:00:00  -  Run Local Usage
		Usr 0 00:00:27, Sys 0 00:00:01  -  Total Remote Usage
		Usr 0 00:00:00, Sys 0 00:00:00  -  Total Local Usage
	7618  -  Run Bytes Sent By Job
	149  -  Run Bytes Received By Job
	7618  -  Total Bytes Sent By Job
	149  -  Total Bytes Received By Job
	Partitionable Resources :    Usage  Request Allocated 
	   Cpus                 :                 1         1 
	   Disk (KB)            :       52        1    127899 
	   Memory (MB)          :      186     3900      3968 

	Job terminated of its own accord at 2023-06-12T09:35:14Z.
...
006 (311091.002.000) 2023-06-12 18:35:15 Image size of job updated: 696768
	184  -  MemoryUsage of job (MB)
	187932  -  ResidentSetSize of job (KB)
...
040 (311091.002.000) 2023-06-12 18:35:15 Started transferring output files
...
040 (311091.002.000) 2023-06-12 18:35:15 Finished transferring output files
...
005 (311091.002.000) 2023-06-12 18:35:15 Job terminated.
	(1) Normal termination (return value 0)
		Usr 0 00:00:30, Sys 0 00:00:01  -  Run Remote Usage
		Usr 0 00:00:00, Sys 0 00:00:00  -  Run Local Usage
		Usr 0 00:00:30, Sys 0 00:00:01  -  Total Remote Usage
		Usr 0 00:00:00, Sys 0 00:00:00  -  Total Local Usage
	7587  -  Run Bytes Sent By Job
	149  -  Run Bytes Received By Job
	7587  -  Total Bytes Sent By Job
	149  -  Total Bytes Received By Job
	Partitionable Resources :    Usage  Request Allocated 
	   Cpus                 :                 1         1 
	   Disk (KB)            :       52        1    127899 
	   Memory (MB)          :      184     3900      3968 

	Job terminated of its own accord at 2023-06-12T09:35:15Z.
...
006 (311091.007.000) 2023-06-12 18:35:19 Image size of job updated: 692168
	205  -  MemoryUsage of job (MB)
	209772  -  ResidentSetSize of job (KB)
...
040 (311091.007.000) 2023-06-12 18:35:19 Started transferring output files
...
040 (311091.007.000) 2023-06-12 18:35:19 Finished transferring output files
...
005 (311091.007.000) 2023-06-12 18:35:19 Job terminated.
	(1) Normal termination (return value 0)
		Usr 0 00:00:33, Sys 0 00:00:01  -  Run Remote Usage
		Usr 0 00:00:00, Sys 0 00:00:00  -  Run Local Usage
		Usr 0 00:00:33, Sys 0 00:00:01  -  Total Remote Usage
		Usr 0 00:00:00, Sys 0 00:00:00  -  Total Local Usage
	7474  -  Run Bytes Sent By Job
	149  -  Run Bytes Received By Job
	7474  -  Total Bytes Sent By Job
	149  -  Total Bytes Received By Job
	Partitionable Resources :    Usage  Request Allocated 
	   Cpus                 :                 1         1 
	   Disk (KB)            :       52        1    127899 
	   Memory (MB)          :      205     3900      3968 

	Job terminated of its own accord at 2023-06-12T09:35:19Z.
...
006 (311091.004.000) 2023-06-12 18:35:25 Image size of job updated: 695180
	184  -  MemoryUsage of job (MB)
	187640  -  ResidentSetSize of job (KB)
...
040 (311091.004.000) 2023-06-12 18:35:25 Started transferring output files
...
040 (311091.004.000) 2023-06-12 18:35:25 Finished transferring output files
...
005 (311091.004.000) 2023-06-12 18:35:25 Job terminated.
	(1) Normal termination (return value 0)
		Usr 0 00:00:38, Sys 0 00:00:01  -  Run Remote Usage
		Usr 0 00:00:00, Sys 0 00:00:00  -  Run Local Usage
		Usr 0 00:00:38, Sys 0 00:00:01  -  Total Remote Usage
		Usr 0 00:00:00, Sys 0 00:00:00  -  Total Local Usage
	7607  -  Run Bytes Sent By Job
	149  -  Run Bytes Received By Job
	7607  -  Total Bytes Sent By Job
	149  -  Total Bytes Received By Job
	Partitionable Resources :    Usage  Request Allocated 
	   Cpus                 :                 1         1 
	   Disk (KB)            :       52        1    127899 
	   Memory (MB)          :      184     3900      3968 

	Job terminated of its own accord at 2023-06-12T09:35:25Z.
...
006 (311091.006.000) 2023-06-12 18:35:32 Image size of job updated: 691588
	205  -  MemoryUsage of job (MB)
	209756  -  ResidentSetSize of job (KB)
...
040 (311091.006.000) 2023-06-12 18:35:32 Started transferring output files
...
040 (311091.006.000) 2023-06-12 18:35:32 Finished transferring output files
...
005 (311091.006.000) 2023-06-12 18:35:32 Job terminated.
	(1) Normal termination (return value 0)
		Usr 0 00:00:47, Sys 0 00:00:01  -  Run Remote Usage
		Usr 0 00:00:00, Sys 0 00:00:00  -  Run Local Usage
		Usr 0 00:00:47, Sys 0 00:00:01  -  Total Remote Usage
		Usr 0 00:00:00, Sys 0 00:00:00  -  Total Local Usage
	7807  -  Run Bytes Sent By Job
	149  -  Run Bytes Received By Job
	7807  -  Total Bytes Sent By Job
	149  -  Total Bytes Received By Job
	Partitionable Resources :    Usage  Request Allocated 
	   Cpus                 :                 1         1 
	   Disk (KB)            :       53        1    127899 
	   Memory (MB)          :      205     3900      3968 

	Job terminated of its own accord at 2023-06-12T09:35:32Z.
...
