000 (310962.000.000) 2023-06-12 16:55:21 Job submitted from host: <172.30.1.200:9618?addrs=172.30.1.200-9618&alias=tamsa2.snu.ac.kr&noUDP&sock=schedd_3510_2582>
...
000 (310962.001.000) 2023-06-12 16:55:21 Job submitted from host: <172.30.1.200:9618?addrs=172.30.1.200-9618&alias=tamsa2.snu.ac.kr&noUDP&sock=schedd_3510_2582>
...
000 (310962.002.000) 2023-06-12 16:55:21 Job submitted from host: <172.30.1.200:9618?addrs=172.30.1.200-9618&alias=tamsa2.snu.ac.kr&noUDP&sock=schedd_3510_2582>
...
000 (310962.003.000) 2023-06-12 16:55:21 Job submitted from host: <172.30.1.200:9618?addrs=172.30.1.200-9618&alias=tamsa2.snu.ac.kr&noUDP&sock=schedd_3510_2582>
...
000 (310962.004.000) 2023-06-12 16:55:21 Job submitted from host: <172.30.1.200:9618?addrs=172.30.1.200-9618&alias=tamsa2.snu.ac.kr&noUDP&sock=schedd_3510_2582>
...
000 (310962.005.000) 2023-06-12 16:55:21 Job submitted from host: <172.30.1.200:9618?addrs=172.30.1.200-9618&alias=tamsa2.snu.ac.kr&noUDP&sock=schedd_3510_2582>
...
000 (310962.006.000) 2023-06-12 16:55:21 Job submitted from host: <172.30.1.200:9618?addrs=172.30.1.200-9618&alias=tamsa2.snu.ac.kr&noUDP&sock=schedd_3510_2582>
...
000 (310962.007.000) 2023-06-12 16:55:21 Job submitted from host: <172.30.1.200:9618?addrs=172.30.1.200-9618&alias=tamsa2.snu.ac.kr&noUDP&sock=schedd_3510_2582>
...
000 (310962.008.000) 2023-06-12 16:55:21 Job submitted from host: <172.30.1.200:9618?addrs=172.30.1.200-9618&alias=tamsa2.snu.ac.kr&noUDP&sock=schedd_3510_2582>
...
000 (310962.009.000) 2023-06-12 16:55:21 Job submitted from host: <172.30.1.200:9618?addrs=172.30.1.200-9618&alias=tamsa2.snu.ac.kr&noUDP&sock=schedd_3510_2582>
...
040 (310962.003.000) 2023-06-12 16:55:53 Started transferring input files
	Transferring to host: <172.30.1.111:9618?addrs=172.30.1.111-9618&alias=n11&noUDP&sock=slot1_5_4451_e1ce_13077>
...
040 (310962.003.000) 2023-06-12 16:55:53 Finished transferring input files
...
040 (310962.001.000) 2023-06-12 16:55:53 Started transferring input files
	Transferring to host: <172.30.1.101:9618?addrs=172.30.1.101-9618&alias=n1&noUDP&sock=slot1_30_3367_1b22_14816>
...
040 (310962.001.000) 2023-06-12 16:55:53 Finished transferring input files
...
040 (310962.002.000) 2023-06-12 16:55:53 Started transferring input files
	Transferring to host: <172.30.1.101:9618?addrs=172.30.1.101-9618&alias=n1&noUDP&sock=slot1_37_3367_1b22_14817>
...
040 (310962.000.000) 2023-06-12 16:55:53 Started transferring input files
	Transferring to host: <172.30.1.102:9618?addrs=172.30.1.102-9618&alias=n2&noUDP&sock=slot1_49_3347_03a1_18520>
...
040 (310962.002.000) 2023-06-12 16:55:53 Finished transferring input files
...
040 (310962.000.000) 2023-06-12 16:55:53 Finished transferring input files
...
001 (310962.003.000) 2023-06-12 16:55:54 Job executing on host: <172.30.1.111:9618?addrs=172.30.1.111-9618&alias=n11&noUDP&sock=startd_4417_45e8>
...
001 (310962.001.000) 2023-06-12 16:55:54 Job executing on host: <172.30.1.101:9618?addrs=172.30.1.101-9618&alias=n1&noUDP&sock=startd_3332_0da7>
...
001 (310962.000.000) 2023-06-12 16:55:54 Job executing on host: <172.30.1.102:9618?addrs=172.30.1.102-9618&alias=n2&noUDP&sock=startd_3313_055a>
...
001 (310962.002.000) 2023-06-12 16:55:54 Job executing on host: <172.30.1.101:9618?addrs=172.30.1.101-9618&alias=n1&noUDP&sock=startd_3332_0da7>
...
006 (310962.002.000) 2023-06-12 16:56:03 Image size of job updated: 156144
	153  -  MemoryUsage of job (MB)
	156144  -  ResidentSetSize of job (KB)
...
006 (310962.000.000) 2023-06-12 16:56:03 Image size of job updated: 552408
	161  -  MemoryUsage of job (MB)
	164052  -  ResidentSetSize of job (KB)
...
006 (310962.003.000) 2023-06-12 16:56:03 Image size of job updated: 603952
	184  -  MemoryUsage of job (MB)
	188364  -  ResidentSetSize of job (KB)
...
006 (310962.001.000) 2023-06-12 16:56:03 Image size of job updated: 168292
	165  -  MemoryUsage of job (MB)
	168292  -  ResidentSetSize of job (KB)
...
040 (310962.003.000) 2023-06-12 16:56:03 Started transferring output files
...
040 (310962.003.000) 2023-06-12 16:56:03 Finished transferring output files
...
005 (310962.003.000) 2023-06-12 16:56:04 Job terminated.
	(1) Normal termination (return value 0)
		Usr 0 00:00:06, Sys 0 00:00:00  -  Run Remote Usage
		Usr 0 00:00:00, Sys 0 00:00:00  -  Run Local Usage
		Usr 0 00:00:06, Sys 0 00:00:00  -  Total Remote Usage
		Usr 0 00:00:00, Sys 0 00:00:00  -  Total Local Usage
	3781  -  Run Bytes Sent By Job
	148  -  Run Bytes Received By Job
	3781  -  Total Bytes Sent By Job
	148  -  Total Bytes Received By Job
	Partitionable Resources :    Usage  Request Allocated 
	   Cpus                 :                 1         1 
	   Disk (KB)            :       49        1    127802 
	   GPUs                 :                           0 
	   Memory (MB)          :      184     3900      3968 

	Job terminated of its own accord at 2023-06-12T07:56:03Z.
...
006 (310962.000.000) 2023-06-12 16:56:13 Image size of job updated: 607344
	161  -  MemoryUsage of job (MB)
	164052  -  ResidentSetSize of job (KB)
...
006 (310962.002.000) 2023-06-12 16:56:13 Image size of job updated: 601964
	153  -  MemoryUsage of job (MB)
	156144  -  ResidentSetSize of job (KB)
...
040 (310962.000.000) 2023-06-12 16:56:13 Started transferring output files
...
040 (310962.000.000) 2023-06-12 16:56:13 Finished transferring output files
...
005 (310962.000.000) 2023-06-12 16:56:13 Job terminated.
	(1) Normal termination (return value 0)
		Usr 0 00:00:13, Sys 0 00:00:02  -  Run Remote Usage
		Usr 0 00:00:00, Sys 0 00:00:00  -  Run Local Usage
		Usr 0 00:00:13, Sys 0 00:00:02  -  Total Remote Usage
		Usr 0 00:00:00, Sys 0 00:00:00  -  Total Local Usage
	3781  -  Run Bytes Sent By Job
	148  -  Run Bytes Received By Job
	3781  -  Total Bytes Sent By Job
	148  -  Total Bytes Received By Job
	Partitionable Resources :    Usage  Request Allocated 
	   Cpus                 :     0.04        1         1 
	   Disk (KB)            :    54           1    123869 
	   Memory (MB)          :   161        3900      3968 

	Job terminated of its own accord at 2023-06-12T07:56:13Z.
...
040 (310962.002.000) 2023-06-12 16:56:13 Started transferring output files
...
040 (310962.002.000) 2023-06-12 16:56:13 Finished transferring output files
...
005 (310962.002.000) 2023-06-12 16:56:13 Job terminated.
	(1) Normal termination (return value 0)
		Usr 0 00:00:13, Sys 0 00:00:02  -  Run Remote Usage
		Usr 0 00:00:00, Sys 0 00:00:00  -  Run Local Usage
		Usr 0 00:00:13, Sys 0 00:00:02  -  Total Remote Usage
		Usr 0 00:00:00, Sys 0 00:00:00  -  Total Local Usage
	3781  -  Run Bytes Sent By Job
	148  -  Run Bytes Received By Job
	3781  -  Total Bytes Sent By Job
	148  -  Total Bytes Received By Job
	Partitionable Resources :    Usage  Request Allocated 
	   Cpus                 :                 1         1 
	   Disk (KB)            :       49        1    127998 
	   Memory (MB)          :      153     3900      3968 

	Job terminated of its own accord at 2023-06-12T07:56:13Z.
...
006 (310962.001.000) 2023-06-12 16:56:13 Image size of job updated: 606480
	165  -  MemoryUsage of job (MB)
	168296  -  ResidentSetSize of job (KB)
...
040 (310962.001.000) 2023-06-12 16:56:13 Started transferring output files
...
040 (310962.001.000) 2023-06-12 16:56:13 Finished transferring output files
...
005 (310962.001.000) 2023-06-12 16:56:13 Job terminated.
	(1) Normal termination (return value 0)
		Usr 0 00:00:13, Sys 0 00:00:02  -  Run Remote Usage
		Usr 0 00:00:00, Sys 0 00:00:00  -  Run Local Usage
		Usr 0 00:00:13, Sys 0 00:00:02  -  Total Remote Usage
		Usr 0 00:00:00, Sys 0 00:00:00  -  Total Local Usage
	3298  -  Run Bytes Sent By Job
	148  -  Run Bytes Received By Job
	3298  -  Total Bytes Sent By Job
	148  -  Total Bytes Received By Job
	Partitionable Resources :    Usage  Request Allocated 
	   Cpus                 :                 1         1 
	   Disk (KB)            :       48        1    127998 
	   Memory (MB)          :      165     3900      3968 

	Job terminated of its own accord at 2023-06-12T07:56:13Z.
...
001 (310962.004.000) 2023-06-12 16:56:54 Job executing on host: <172.30.1.202:9618?addrs=172.30.1.202-9618&alias=node2&noUDP&sock=startd_19693_56a6>
...
001 (310962.005.000) 2023-06-12 16:56:54 Job executing on host: <172.30.1.201:9618?addrs=172.30.1.201-9618&alias=node1&noUDP&sock=startd_4675_3d58>
...
001 (310962.007.000) 2023-06-12 16:56:54 Job executing on host: <172.30.1.208:9618?addrs=172.30.1.208-9618&alias=node8&noUDP&sock=startd_3802_6f2a>
...
001 (310962.008.000) 2023-06-12 16:56:54 Job executing on host: <172.30.1.202:9618?addrs=172.30.1.202-9618&alias=node2&noUDP&sock=startd_19693_56a6>
...
001 (310962.006.000) 2023-06-12 16:56:54 Job executing on host: <172.30.1.208:9618?addrs=172.30.1.208-9618&alias=node8&noUDP&sock=startd_3802_6f2a>
...
001 (310962.009.000) 2023-06-12 16:56:54 Job executing on host: <172.30.1.202:9618?addrs=172.30.1.202-9618&alias=node2&noUDP&sock=startd_19693_56a6>
...
006 (310962.004.000) 2023-06-12 16:57:03 Image size of job updated: 603588
	181  -  MemoryUsage of job (MB)
	184484  -  ResidentSetSize of job (KB)
...
006 (310962.005.000) 2023-06-12 16:57:03 Image size of job updated: 523828
	153  -  MemoryUsage of job (MB)
	155876  -  ResidentSetSize of job (KB)
...
006 (310962.007.000) 2023-06-12 16:57:03 Image size of job updated: 182648
	179  -  MemoryUsage of job (MB)
	182648  -  ResidentSetSize of job (KB)
...
006 (310962.008.000) 2023-06-12 16:57:03 Image size of job updated: 601972
	179  -  MemoryUsage of job (MB)
	182616  -  ResidentSetSize of job (KB)
...
006 (310962.006.000) 2023-06-12 16:57:03 Image size of job updated: 180680
	177  -  MemoryUsage of job (MB)
	180680  -  ResidentSetSize of job (KB)
...
006 (310962.009.000) 2023-06-12 16:57:03 Image size of job updated: 603584
	181  -  MemoryUsage of job (MB)
	184832  -  ResidentSetSize of job (KB)
...
005 (310962.004.000) 2023-06-12 16:57:07 Job terminated.
	(1) Normal termination (return value 0)
		Usr 0 00:00:09, Sys 0 00:00:01  -  Run Remote Usage
		Usr 0 00:00:00, Sys 0 00:00:00  -  Run Local Usage
		Usr 0 00:00:09, Sys 0 00:00:01  -  Total Remote Usage
		Usr 0 00:00:00, Sys 0 00:00:00  -  Total Local Usage
	0  -  Run Bytes Sent By Job
	0  -  Run Bytes Received By Job
	0  -  Total Bytes Sent By Job
	0  -  Total Bytes Received By Job
	Partitionable Resources :    Usage  Request Allocated 
	   Cpus                 :                 1         1 
	   Disk (KB)            :        1        1    128913 
	   Memory (MB)          :      181     3900      3968 

	Job terminated of its own accord at 2023-06-12T07:57:06Z.
...
006 (310962.009.000) 2023-06-12 16:57:07 Image size of job updated: 604948
	181  -  MemoryUsage of job (MB)
	184832  -  ResidentSetSize of job (KB)
...
006 (310962.008.000) 2023-06-12 16:57:07 Image size of job updated: 604992
	179  -  MemoryUsage of job (MB)
	182616  -  ResidentSetSize of job (KB)
...
005 (310962.009.000) 2023-06-12 16:57:07 Job terminated.
	(1) Normal termination (return value 0)
		Usr 0 00:00:10, Sys 0 00:00:01  -  Run Remote Usage
		Usr 0 00:00:00, Sys 0 00:00:00  -  Run Local Usage
		Usr 0 00:00:10, Sys 0 00:00:01  -  Total Remote Usage
		Usr 0 00:00:00, Sys 0 00:00:00  -  Total Local Usage
	0  -  Run Bytes Sent By Job
	0  -  Run Bytes Received By Job
	0  -  Total Bytes Sent By Job
	0  -  Total Bytes Received By Job
	Partitionable Resources :    Usage  Request Allocated 
	   Cpus                 :                 1         1 
	   Disk (KB)            :        1        1    128913 
	   Memory (MB)          :      181     3900      3968 

	Job terminated of its own accord at 2023-06-12T07:57:07Z.
...
005 (310962.008.000) 2023-06-12 16:57:08 Job terminated.
	(1) Normal termination (return value 0)
		Usr 0 00:00:10, Sys 0 00:00:01  -  Run Remote Usage
		Usr 0 00:00:00, Sys 0 00:00:00  -  Run Local Usage
		Usr 0 00:00:10, Sys 0 00:00:01  -  Total Remote Usage
		Usr 0 00:00:00, Sys 0 00:00:00  -  Total Local Usage
	0  -  Run Bytes Sent By Job
	0  -  Run Bytes Received By Job
	0  -  Total Bytes Sent By Job
	0  -  Total Bytes Received By Job
	Partitionable Resources :    Usage  Request Allocated 
	   Cpus                 :                 1         1 
	   Disk (KB)            :        1        1    128913 
	   Memory (MB)          :      179     3900      3968 

	Job terminated of its own accord at 2023-06-12T07:57:07Z.
...
006 (310962.007.000) 2023-06-12 16:57:09 Image size of job updated: 604200
	179  -  MemoryUsage of job (MB)
	182648  -  ResidentSetSize of job (KB)
...
005 (310962.007.000) 2023-06-12 16:57:09 Job terminated.
	(1) Normal termination (return value 0)
		Usr 0 00:00:09, Sys 0 00:00:00  -  Run Remote Usage
		Usr 0 00:00:00, Sys 0 00:00:00  -  Run Local Usage
		Usr 0 00:00:09, Sys 0 00:00:00  -  Total Remote Usage
		Usr 0 00:00:00, Sys 0 00:00:00  -  Total Local Usage
	0  -  Run Bytes Sent By Job
	0  -  Run Bytes Received By Job
	0  -  Total Bytes Sent By Job
	0  -  Total Bytes Received By Job
	Partitionable Resources :    Usage  Request Allocated 
	   Cpus                 :                 1         1 
	   Disk (KB)            :        1        1    128928 
	   Memory (MB)          :      179     3900      3968 

	Job terminated of its own accord at 2023-06-12T07:57:09Z.
...
006 (310962.006.000) 2023-06-12 16:57:09 Image size of job updated: 607456
	177  -  MemoryUsage of job (MB)
	180688  -  ResidentSetSize of job (KB)
...
005 (310962.006.000) 2023-06-12 16:57:09 Job terminated.
	(1) Normal termination (return value 0)
		Usr 0 00:00:09, Sys 0 00:00:00  -  Run Remote Usage
		Usr 0 00:00:00, Sys 0 00:00:00  -  Run Local Usage
		Usr 0 00:00:09, Sys 0 00:00:00  -  Total Remote Usage
		Usr 0 00:00:00, Sys 0 00:00:00  -  Total Local Usage
	0  -  Run Bytes Sent By Job
	0  -  Run Bytes Received By Job
	0  -  Total Bytes Sent By Job
	0  -  Total Bytes Received By Job
	Partitionable Resources :    Usage  Request Allocated 
	   Cpus                 :                 1         1 
	   Disk (KB)            :        1        1    128928 
	   Memory (MB)          :      177     3900      3968 

	Job terminated of its own accord at 2023-06-12T07:57:09Z.
...
005 (310962.005.000) 2023-06-12 16:57:13 Job terminated.
	(1) Normal termination (return value 0)
		Usr 0 00:00:11, Sys 0 00:00:01  -  Run Remote Usage
		Usr 0 00:00:00, Sys 0 00:00:00  -  Run Local Usage
		Usr 0 00:00:11, Sys 0 00:00:01  -  Total Remote Usage
		Usr 0 00:00:00, Sys 0 00:00:00  -  Total Local Usage
	0  -  Run Bytes Sent By Job
	0  -  Run Bytes Received By Job
	0  -  Total Bytes Sent By Job
	0  -  Total Bytes Received By Job
	Partitionable Resources :    Usage  Request Allocated 
	   Cpus                 :        0        1         1 
	   Disk (KB)            :        1        1    128992 
	   Memory (MB)          :      153     3900      3968 

	Job terminated of its own accord at 2023-06-12T07:57:13Z.
...
