000 (310925.000.000) 2023-06-12 15:35:20 Job submitted from host: <172.30.1.200:9618?addrs=172.30.1.200-9618&alias=tamsa2.snu.ac.kr&noUDP&sock=schedd_3510_2582>
...
000 (310925.001.000) 2023-06-12 15:35:20 Job submitted from host: <172.30.1.200:9618?addrs=172.30.1.200-9618&alias=tamsa2.snu.ac.kr&noUDP&sock=schedd_3510_2582>
...
000 (310925.002.000) 2023-06-12 15:35:20 Job submitted from host: <172.30.1.200:9618?addrs=172.30.1.200-9618&alias=tamsa2.snu.ac.kr&noUDP&sock=schedd_3510_2582>
...
000 (310925.003.000) 2023-06-12 15:35:20 Job submitted from host: <172.30.1.200:9618?addrs=172.30.1.200-9618&alias=tamsa2.snu.ac.kr&noUDP&sock=schedd_3510_2582>
...
000 (310925.004.000) 2023-06-12 15:35:20 Job submitted from host: <172.30.1.200:9618?addrs=172.30.1.200-9618&alias=tamsa2.snu.ac.kr&noUDP&sock=schedd_3510_2582>
...
000 (310925.005.000) 2023-06-12 15:35:20 Job submitted from host: <172.30.1.200:9618?addrs=172.30.1.200-9618&alias=tamsa2.snu.ac.kr&noUDP&sock=schedd_3510_2582>
...
000 (310925.006.000) 2023-06-12 15:35:20 Job submitted from host: <172.30.1.200:9618?addrs=172.30.1.200-9618&alias=tamsa2.snu.ac.kr&noUDP&sock=schedd_3510_2582>
...
000 (310925.007.000) 2023-06-12 15:35:20 Job submitted from host: <172.30.1.200:9618?addrs=172.30.1.200-9618&alias=tamsa2.snu.ac.kr&noUDP&sock=schedd_3510_2582>
...
000 (310925.008.000) 2023-06-12 15:35:20 Job submitted from host: <172.30.1.200:9618?addrs=172.30.1.200-9618&alias=tamsa2.snu.ac.kr&noUDP&sock=schedd_3510_2582>
...
000 (310925.009.000) 2023-06-12 15:35:20 Job submitted from host: <172.30.1.200:9618?addrs=172.30.1.200-9618&alias=tamsa2.snu.ac.kr&noUDP&sock=schedd_3510_2582>
...
001 (310925.001.000) 2023-06-12 15:40:33 Job executing on host: <172.30.1.206:9618?addrs=172.30.1.206-9618&alias=node6&noUDP&sock=startd_3777_494c>
...
001 (310925.000.000) 2023-06-12 15:40:33 Job executing on host: <172.30.1.205:9618?addrs=172.30.1.205-9618&alias=node5&noUDP&sock=startd_3770_7c22>
...
001 (310925.005.000) 2023-06-12 15:40:33 Job executing on host: <172.30.1.203:9618?addrs=172.30.1.203-9618&alias=node3&noUDP&sock=startd_3773_8aeb>
...
001 (310925.006.000) 2023-06-12 15:40:33 Job executing on host: <172.30.1.201:9618?addrs=172.30.1.201-9618&alias=node1&noUDP&sock=startd_4675_3d58>
...
001 (310925.009.000) 2023-06-12 15:40:33 Job executing on host: <172.30.1.208:9618?addrs=172.30.1.208-9618&alias=node8&noUDP&sock=startd_3802_6f2a>
...
001 (310925.007.000) 2023-06-12 15:40:34 Job executing on host: <172.30.1.201:9618?addrs=172.30.1.201-9618&alias=node1&noUDP&sock=startd_4675_3d58>
...
001 (310925.002.000) 2023-06-12 15:40:34 Job executing on host: <172.30.1.206:9618?addrs=172.30.1.206-9618&alias=node6&noUDP&sock=startd_3777_494c>
...
001 (310925.003.000) 2023-06-12 15:40:34 Job executing on host: <172.30.1.206:9618?addrs=172.30.1.206-9618&alias=node6&noUDP&sock=startd_3777_494c>
...
001 (310925.004.000) 2023-06-12 15:40:34 Job executing on host: <172.30.1.206:9618?addrs=172.30.1.206-9618&alias=node6&noUDP&sock=startd_3777_494c>
...
001 (310925.008.000) 2023-06-12 15:40:34 Job executing on host: <172.30.1.201:9618?addrs=172.30.1.201-9618&alias=node1&noUDP&sock=startd_4675_3d58>
...
006 (310925.005.000) 2023-06-12 15:40:42 Image size of job updated: 155908
	153  -  MemoryUsage of job (MB)
	155908  -  ResidentSetSize of job (KB)
...
006 (310925.006.000) 2023-06-12 15:40:42 Image size of job updated: 436984
	152  -  MemoryUsage of job (MB)
	154968  -  ResidentSetSize of job (KB)
...
006 (310925.009.000) 2023-06-12 15:40:42 Image size of job updated: 471008
	152  -  MemoryUsage of job (MB)
	154948  -  ResidentSetSize of job (KB)
...
006 (310925.007.000) 2023-06-12 15:40:42 Image size of job updated: 437604
	152  -  MemoryUsage of job (MB)
	155064  -  ResidentSetSize of job (KB)
...
006 (310925.008.000) 2023-06-12 15:40:42 Image size of job updated: 441108
	152  -  MemoryUsage of job (MB)
	155004  -  ResidentSetSize of job (KB)
...
006 (310925.003.000) 2023-06-12 15:40:42 Image size of job updated: 154992
	152  -  MemoryUsage of job (MB)
	154992  -  ResidentSetSize of job (KB)
...
006 (310925.002.000) 2023-06-12 15:40:42 Image size of job updated: 181588
	178  -  MemoryUsage of job (MB)
	181588  -  ResidentSetSize of job (KB)
...
006 (310925.004.000) 2023-06-12 15:40:42 Image size of job updated: 160392
	157  -  MemoryUsage of job (MB)
	160392  -  ResidentSetSize of job (KB)
...
006 (310925.001.000) 2023-06-12 15:40:42 Image size of job updated: 182964
	179  -  MemoryUsage of job (MB)
	182964  -  ResidentSetSize of job (KB)
...
006 (310925.000.000) 2023-06-12 15:40:42 Image size of job updated: 551140
	152  -  MemoryUsage of job (MB)
	155092  -  ResidentSetSize of job (KB)
...
006 (310925.009.000) 2023-06-12 15:41:31 Image size of job updated: 694688
	152  -  MemoryUsage of job (MB)
	154948  -  ResidentSetSize of job (KB)
...
005 (310925.009.000) 2023-06-12 15:41:31 Job terminated.
	(1) Normal termination (return value 0)
		Usr 0 00:00:48, Sys 0 00:00:02  -  Run Remote Usage
		Usr 0 00:00:00, Sys 0 00:00:00  -  Run Local Usage
		Usr 0 00:00:48, Sys 0 00:00:02  -  Total Remote Usage
		Usr 0 00:00:00, Sys 0 00:00:00  -  Total Local Usage
	0  -  Run Bytes Sent By Job
	0  -  Run Bytes Received By Job
	0  -  Total Bytes Sent By Job
	0  -  Total Bytes Received By Job
	Partitionable Resources :    Usage  Request Allocated 
	   Cpus                 :                 1         1 
	   Disk (KB)            :        1        1    128928 
	   Memory (MB)          :      152     3900      3968 

	Job terminated of its own accord at 2023-06-12T06:41:31Z.
...
006 (310925.001.000) 2023-06-12 15:41:35 Image size of job updated: 694804
	179  -  MemoryUsage of job (MB)
	182984  -  ResidentSetSize of job (KB)
...
005 (310925.001.000) 2023-06-12 15:41:35 Job terminated.
	(1) Normal termination (return value 0)
		Usr 0 00:00:54, Sys 0 00:00:01  -  Run Remote Usage
		Usr 0 00:00:00, Sys 0 00:00:00  -  Run Local Usage
		Usr 0 00:00:54, Sys 0 00:00:01  -  Total Remote Usage
		Usr 0 00:00:00, Sys 0 00:00:00  -  Total Local Usage
	0  -  Run Bytes Sent By Job
	0  -  Run Bytes Received By Job
	0  -  Total Bytes Sent By Job
	0  -  Total Bytes Received By Job
	Partitionable Resources :    Usage  Request Allocated 
	   Cpus                 :                 1         1 
	   Disk (KB)            :        1        1     95898 
	   Memory (MB)          :      179     3900      3968 

	Job terminated of its own accord at 2023-06-12T06:41:35Z.
...
006 (310925.006.000) 2023-06-12 15:41:42 Image size of job updated: 692160
	152  -  MemoryUsage of job (MB)
	154968  -  ResidentSetSize of job (KB)
...
005 (310925.006.000) 2023-06-12 15:41:42 Job terminated.
	(1) Normal termination (return value 0)
		Usr 0 00:01:01, Sys 0 00:00:02  -  Run Remote Usage
		Usr 0 00:00:00, Sys 0 00:00:00  -  Run Local Usage
		Usr 0 00:01:01, Sys 0 00:00:02  -  Total Remote Usage
		Usr 0 00:00:00, Sys 0 00:00:00  -  Total Local Usage
	0  -  Run Bytes Sent By Job
	0  -  Run Bytes Received By Job
	0  -  Total Bytes Sent By Job
	0  -  Total Bytes Received By Job
	Partitionable Resources :    Usage  Request Allocated 
	   Cpus                 :                 1         1 
	   Disk (KB)            :        1        1    128992 
	   Memory (MB)          :      152     3900      3968 

	Job terminated of its own accord at 2023-06-12T06:41:42Z.
...
006 (310925.005.000) 2023-06-12 15:41:44 Image size of job updated: 694672
	153  -  MemoryUsage of job (MB)
	155908  -  ResidentSetSize of job (KB)
...
005 (310925.005.000) 2023-06-12 15:41:44 Job terminated.
	(1) Normal termination (return value 0)
		Usr 0 00:00:59, Sys 0 00:00:01  -  Run Remote Usage
		Usr 0 00:00:00, Sys 0 00:00:00  -  Run Local Usage
		Usr 0 00:00:59, Sys 0 00:00:01  -  Total Remote Usage
		Usr 0 00:00:00, Sys 0 00:00:00  -  Total Local Usage
	0  -  Run Bytes Sent By Job
	0  -  Run Bytes Received By Job
	0  -  Total Bytes Sent By Job
	0  -  Total Bytes Received By Job
	Partitionable Resources :    Usage  Request Allocated 
	   Cpus                 :                 1         1 
	   Disk (KB)            :        1        1    128928 
	   Memory (MB)          :      153     3900      3968 

	Job terminated of its own accord at 2023-06-12T06:41:44Z.
...
006 (310925.004.000) 2023-06-12 15:42:00 Image size of job updated: 697608
	157  -  MemoryUsage of job (MB)
	160392  -  ResidentSetSize of job (KB)
...
005 (310925.004.000) 2023-06-12 15:42:00 Job terminated.
	(1) Normal termination (return value 0)
		Usr 0 00:01:20, Sys 0 00:00:01  -  Run Remote Usage
		Usr 0 00:00:00, Sys 0 00:00:00  -  Run Local Usage
		Usr 0 00:01:20, Sys 0 00:00:01  -  Total Remote Usage
		Usr 0 00:00:00, Sys 0 00:00:00  -  Total Local Usage
	0  -  Run Bytes Sent By Job
	0  -  Run Bytes Received By Job
	0  -  Total Bytes Sent By Job
	0  -  Total Bytes Received By Job
	Partitionable Resources :    Usage  Request Allocated 
	   Cpus                 :                 1         1 
	   Disk (KB)            :        1        1     95898 
	   Memory (MB)          :      157     3900      3968 

	Job terminated of its own accord at 2023-06-12T06:42:00Z.
...
006 (310925.003.000) 2023-06-12 15:42:04 Image size of job updated: 695340
	152  -  MemoryUsage of job (MB)
	154992  -  ResidentSetSize of job (KB)
...
005 (310925.003.000) 2023-06-12 15:42:04 Job terminated.
	(1) Normal termination (return value 0)
		Usr 0 00:01:25, Sys 0 00:00:01  -  Run Remote Usage
		Usr 0 00:00:00, Sys 0 00:00:00  -  Run Local Usage
		Usr 0 00:01:25, Sys 0 00:00:01  -  Total Remote Usage
		Usr 0 00:00:00, Sys 0 00:00:00  -  Total Local Usage
	0  -  Run Bytes Sent By Job
	0  -  Run Bytes Received By Job
	0  -  Total Bytes Sent By Job
	0  -  Total Bytes Received By Job
	Partitionable Resources :    Usage  Request Allocated 
	   Cpus                 :                 1         1 
	   Disk (KB)            :        1        1     95898 
	   Memory (MB)          :      152     3900      3968 

	Job terminated of its own accord at 2023-06-12T06:42:04Z.
...
006 (310925.000.000) 2023-06-12 15:42:09 Image size of job updated: 694788
	152  -  MemoryUsage of job (MB)
	155092  -  ResidentSetSize of job (KB)
...
005 (310925.000.000) 2023-06-12 15:42:09 Job terminated.
	(1) Normal termination (return value 0)
		Usr 0 00:01:25, Sys 0 00:00:02  -  Run Remote Usage
		Usr 0 00:00:00, Sys 0 00:00:00  -  Run Local Usage
		Usr 0 00:01:25, Sys 0 00:00:02  -  Total Remote Usage
		Usr 0 00:00:00, Sys 0 00:00:00  -  Total Local Usage
	0  -  Run Bytes Sent By Job
	0  -  Run Bytes Received By Job
	0  -  Total Bytes Sent By Job
	0  -  Total Bytes Received By Job
	Partitionable Resources :    Usage  Request Allocated 
	   Cpus                 :                 1         1 
	   Disk (KB)            :        1        1    128928 
	   Memory (MB)          :      152     3900      3968 

	Job terminated of its own accord at 2023-06-12T06:42:09Z.
...
006 (310925.002.000) 2023-06-12 15:42:35 Image size of job updated: 697908
	178  -  MemoryUsage of job (MB)
	181588  -  ResidentSetSize of job (KB)
...
005 (310925.002.000) 2023-06-12 15:42:35 Job terminated.
	(1) Normal termination (return value 0)
		Usr 0 00:01:53, Sys 0 00:00:02  -  Run Remote Usage
		Usr 0 00:00:00, Sys 0 00:00:00  -  Run Local Usage
		Usr 0 00:01:53, Sys 0 00:00:02  -  Total Remote Usage
		Usr 0 00:00:00, Sys 0 00:00:00  -  Total Local Usage
	0  -  Run Bytes Sent By Job
	0  -  Run Bytes Received By Job
	0  -  Total Bytes Sent By Job
	0  -  Total Bytes Received By Job
	Partitionable Resources :    Usage  Request Allocated 
	   Cpus                 :                 1         1 
	   Disk (KB)            :        1        1     95898 
	   Memory (MB)          :      178     3900      3968 

	Job terminated of its own accord at 2023-06-12T06:42:35Z.
...
006 (310925.008.000) 2023-06-12 15:42:41 Image size of job updated: 696260
	152  -  MemoryUsage of job (MB)
	155004  -  ResidentSetSize of job (KB)
...
005 (310925.008.000) 2023-06-12 15:42:41 Job terminated.
	(1) Normal termination (return value 0)
		Usr 0 00:02:00, Sys 0 00:00:02  -  Run Remote Usage
		Usr 0 00:00:00, Sys 0 00:00:00  -  Run Local Usage
		Usr 0 00:02:00, Sys 0 00:00:02  -  Total Remote Usage
		Usr 0 00:00:00, Sys 0 00:00:00  -  Total Local Usage
	0  -  Run Bytes Sent By Job
	0  -  Run Bytes Received By Job
	0  -  Total Bytes Sent By Job
	0  -  Total Bytes Received By Job
	Partitionable Resources :    Usage  Request Allocated 
	   Cpus                 :     1.00        1         1 
	   Disk (KB)            :     1           1    128992 
	   Memory (MB)          :   152        3900      3968 

	Job terminated of its own accord at 2023-06-12T06:42:41Z.
...
006 (310925.007.000) 2023-06-12 15:42:49 Image size of job updated: 697660
	152  -  MemoryUsage of job (MB)
	155064  -  ResidentSetSize of job (KB)
...
005 (310925.007.000) 2023-06-12 15:42:49 Job terminated.
	(1) Normal termination (return value 0)
		Usr 0 00:02:07, Sys 0 00:00:02  -  Run Remote Usage
		Usr 0 00:00:00, Sys 0 00:00:00  -  Run Local Usage
		Usr 0 00:02:07, Sys 0 00:00:02  -  Total Remote Usage
		Usr 0 00:00:00, Sys 0 00:00:00  -  Total Local Usage
	0  -  Run Bytes Sent By Job
	0  -  Run Bytes Received By Job
	0  -  Total Bytes Sent By Job
	0  -  Total Bytes Received By Job
	Partitionable Resources :    Usage  Request Allocated 
	   Cpus                 :     0.96        1         1 
	   Disk (KB)            :     1           1    128992 
	   Memory (MB)          :   152        3900      3968 

	Job terminated of its own accord at 2023-06-12T06:42:49Z.
...
