000 (310135.000.000) 2023-06-09 15:23:12 Job submitted from host: <172.30.1.200:9618?addrs=172.30.1.200-9618&alias=tamsa2.snu.ac.kr&noUDP&sock=schedd_3510_2582>
...
000 (310135.001.000) 2023-06-09 15:23:12 Job submitted from host: <172.30.1.200:9618?addrs=172.30.1.200-9618&alias=tamsa2.snu.ac.kr&noUDP&sock=schedd_3510_2582>
...
000 (310135.002.000) 2023-06-09 15:23:12 Job submitted from host: <172.30.1.200:9618?addrs=172.30.1.200-9618&alias=tamsa2.snu.ac.kr&noUDP&sock=schedd_3510_2582>
...
000 (310135.003.000) 2023-06-09 15:23:12 Job submitted from host: <172.30.1.200:9618?addrs=172.30.1.200-9618&alias=tamsa2.snu.ac.kr&noUDP&sock=schedd_3510_2582>
...
000 (310135.004.000) 2023-06-09 15:23:12 Job submitted from host: <172.30.1.200:9618?addrs=172.30.1.200-9618&alias=tamsa2.snu.ac.kr&noUDP&sock=schedd_3510_2582>
...
000 (310135.005.000) 2023-06-09 15:23:12 Job submitted from host: <172.30.1.200:9618?addrs=172.30.1.200-9618&alias=tamsa2.snu.ac.kr&noUDP&sock=schedd_3510_2582>
...
000 (310135.006.000) 2023-06-09 15:23:12 Job submitted from host: <172.30.1.200:9618?addrs=172.30.1.200-9618&alias=tamsa2.snu.ac.kr&noUDP&sock=schedd_3510_2582>
...
000 (310135.007.000) 2023-06-09 15:23:12 Job submitted from host: <172.30.1.200:9618?addrs=172.30.1.200-9618&alias=tamsa2.snu.ac.kr&noUDP&sock=schedd_3510_2582>
...
000 (310135.008.000) 2023-06-09 15:23:12 Job submitted from host: <172.30.1.200:9618?addrs=172.30.1.200-9618&alias=tamsa2.snu.ac.kr&noUDP&sock=schedd_3510_2582>
...
000 (310135.009.000) 2023-06-09 15:23:12 Job submitted from host: <172.30.1.200:9618?addrs=172.30.1.200-9618&alias=tamsa2.snu.ac.kr&noUDP&sock=schedd_3510_2582>
...
001 (310135.006.000) 2023-06-09 15:23:18 Job executing on host: <172.30.1.204:9618?addrs=172.30.1.204-9618&alias=node4&noUDP&sock=startd_3843_8e8c>
...
001 (310135.000.000) 2023-06-09 15:23:18 Job executing on host: <172.30.1.203:9618?addrs=172.30.1.203-9618&alias=node3&noUDP&sock=startd_3773_8aeb>
...
001 (310135.007.000) 2023-06-09 15:23:18 Job executing on host: <172.30.1.204:9618?addrs=172.30.1.204-9618&alias=node4&noUDP&sock=startd_3843_8e8c>
...
001 (310135.009.000) 2023-06-09 15:23:18 Job executing on host: <172.30.1.204:9618?addrs=172.30.1.204-9618&alias=node4&noUDP&sock=startd_3843_8e8c>
...
001 (310135.001.000) 2023-06-09 15:23:18 Job executing on host: <172.30.1.203:9618?addrs=172.30.1.203-9618&alias=node3&noUDP&sock=startd_3773_8aeb>
...
001 (310135.008.000) 2023-06-09 15:23:18 Job executing on host: <172.30.1.204:9618?addrs=172.30.1.204-9618&alias=node4&noUDP&sock=startd_3843_8e8c>
...
001 (310135.002.000) 2023-06-09 15:23:18 Job executing on host: <172.30.1.203:9618?addrs=172.30.1.203-9618&alias=node3&noUDP&sock=startd_3773_8aeb>
...
001 (310135.004.000) 2023-06-09 15:23:19 Job executing on host: <172.30.1.203:9618?addrs=172.30.1.203-9618&alias=node3&noUDP&sock=startd_3773_8aeb>
...
001 (310135.003.000) 2023-06-09 15:23:19 Job executing on host: <172.30.1.203:9618?addrs=172.30.1.203-9618&alias=node3&noUDP&sock=startd_3773_8aeb>
...
001 (310135.005.000) 2023-06-09 15:23:19 Job executing on host: <172.30.1.203:9618?addrs=172.30.1.203-9618&alias=node3&noUDP&sock=startd_3773_8aeb>
...
006 (310135.002.000) 2023-06-09 15:23:27 Image size of job updated: 395988
	138  -  MemoryUsage of job (MB)
	140304  -  ResidentSetSize of job (KB)
...
006 (310135.004.000) 2023-06-09 15:23:27 Image size of job updated: 395988
	139  -  MemoryUsage of job (MB)
	141916  -  ResidentSetSize of job (KB)
...
006 (310135.006.000) 2023-06-09 15:23:27 Image size of job updated: 549940
	166  -  MemoryUsage of job (MB)
	169688  -  ResidentSetSize of job (KB)
...
006 (310135.009.000) 2023-06-09 15:23:27 Image size of job updated: 549808
	166  -  MemoryUsage of job (MB)
	169676  -  ResidentSetSize of job (KB)
...
006 (310135.000.000) 2023-06-09 15:23:27 Image size of job updated: 396124
	141  -  MemoryUsage of job (MB)
	143956  -  ResidentSetSize of job (KB)
...
006 (310135.007.000) 2023-06-09 15:23:27 Image size of job updated: 549428
	150  -  MemoryUsage of job (MB)
	153524  -  ResidentSetSize of job (KB)
...
006 (310135.001.000) 2023-06-09 15:23:27 Image size of job updated: 397180
	141  -  MemoryUsage of job (MB)
	143964  -  ResidentSetSize of job (KB)
...
006 (310135.008.000) 2023-06-09 15:23:27 Image size of job updated: 549944
	167  -  MemoryUsage of job (MB)
	170752  -  ResidentSetSize of job (KB)
...
006 (310135.003.000) 2023-06-09 15:23:28 Image size of job updated: 395988
	150  -  MemoryUsage of job (MB)
	152956  -  ResidentSetSize of job (KB)
...
006 (310135.005.000) 2023-06-09 15:23:28 Image size of job updated: 395988
	150  -  MemoryUsage of job (MB)
	153164  -  ResidentSetSize of job (KB)
...
006 (310135.008.000) 2023-06-09 15:23:50 Image size of job updated: 684756
	167  -  MemoryUsage of job (MB)
	170996  -  ResidentSetSize of job (KB)
...
005 (310135.008.000) 2023-06-09 15:23:50 Job terminated.
	(1) Normal termination (return value 0)
		Usr 0 00:00:23, Sys 0 00:00:01  -  Run Remote Usage
		Usr 0 00:00:00, Sys 0 00:00:00  -  Run Local Usage
		Usr 0 00:00:23, Sys 0 00:00:01  -  Total Remote Usage
		Usr 0 00:00:00, Sys 0 00:00:00  -  Total Local Usage
	0  -  Run Bytes Sent By Job
	0  -  Run Bytes Received By Job
	0  -  Total Bytes Sent By Job
	0  -  Total Bytes Received By Job
	Partitionable Resources :    Usage  Request Allocated 
	   Cpus                 :                 1         1 
	   Disk (KB)            :        1        1    128928 
	   Memory (MB)          :      167     3900      3968 

	Job terminated of its own accord at 2023-06-09T06:23:50Z.
...
006 (310135.006.000) 2023-06-09 15:23:57 Image size of job updated: 689052
	166  -  MemoryUsage of job (MB)
	169688  -  ResidentSetSize of job (KB)
...
005 (310135.006.000) 2023-06-09 15:23:57 Job terminated.
	(1) Normal termination (return value 0)
		Usr 0 00:00:31, Sys 0 00:00:01  -  Run Remote Usage
		Usr 0 00:00:00, Sys 0 00:00:00  -  Run Local Usage
		Usr 0 00:00:31, Sys 0 00:00:01  -  Total Remote Usage
		Usr 0 00:00:00, Sys 0 00:00:00  -  Total Local Usage
	0  -  Run Bytes Sent By Job
	0  -  Run Bytes Received By Job
	0  -  Total Bytes Sent By Job
	0  -  Total Bytes Received By Job
	Partitionable Resources :    Usage  Request Allocated 
	   Cpus                 :                 1         1 
	   Disk (KB)            :        1        1    128928 
	   Memory (MB)          :      166     3900      3968 

	Job terminated of its own accord at 2023-06-09T06:23:57Z.
...
006 (310135.009.000) 2023-06-09 15:23:57 Image size of job updated: 689400
	166  -  MemoryUsage of job (MB)
	169676  -  ResidentSetSize of job (KB)
...
005 (310135.009.000) 2023-06-09 15:23:57 Job terminated.
	(1) Normal termination (return value 0)
		Usr 0 00:00:29, Sys 0 00:00:01  -  Run Remote Usage
		Usr 0 00:00:00, Sys 0 00:00:00  -  Run Local Usage
		Usr 0 00:00:29, Sys 0 00:00:01  -  Total Remote Usage
		Usr 0 00:00:00, Sys 0 00:00:00  -  Total Local Usage
	0  -  Run Bytes Sent By Job
	0  -  Run Bytes Received By Job
	0  -  Total Bytes Sent By Job
	0  -  Total Bytes Received By Job
	Partitionable Resources :    Usage  Request Allocated 
	   Cpus                 :                 1         1 
	   Disk (KB)            :        1        1    128928 
	   Memory (MB)          :      166     3900      3968 

	Job terminated of its own accord at 2023-06-09T06:23:57Z.
...
006 (310135.005.000) 2023-06-09 15:24:03 Image size of job updated: 689160
	150  -  MemoryUsage of job (MB)
	153164  -  ResidentSetSize of job (KB)
...
005 (310135.005.000) 2023-06-09 15:24:03 Job terminated.
	(1) Normal termination (return value 0)
		Usr 0 00:00:32, Sys 0 00:00:01  -  Run Remote Usage
		Usr 0 00:00:00, Sys 0 00:00:00  -  Run Local Usage
		Usr 0 00:00:32, Sys 0 00:00:01  -  Total Remote Usage
		Usr 0 00:00:00, Sys 0 00:00:00  -  Total Local Usage
	0  -  Run Bytes Sent By Job
	0  -  Run Bytes Received By Job
	0  -  Total Bytes Sent By Job
	0  -  Total Bytes Received By Job
	Partitionable Resources :    Usage  Request Allocated 
	   Cpus                 :                 1         1 
	   Disk (KB)            :        1        1    128928 
	   Memory (MB)          :      150     3900      3968 

	Job terminated of its own accord at 2023-06-09T06:24:03Z.
...
006 (310135.007.000) 2023-06-09 15:24:07 Image size of job updated: 684864
	150  -  MemoryUsage of job (MB)
	153524  -  ResidentSetSize of job (KB)
...
006 (310135.003.000) 2023-06-09 15:24:07 Image size of job updated: 687648
	150  -  MemoryUsage of job (MB)
	152956  -  ResidentSetSize of job (KB)
...
005 (310135.007.000) 2023-06-09 15:24:07 Job terminated.
	(1) Normal termination (return value 0)
		Usr 0 00:00:41, Sys 0 00:00:01  -  Run Remote Usage
		Usr 0 00:00:00, Sys 0 00:00:00  -  Run Local Usage
		Usr 0 00:00:41, Sys 0 00:00:01  -  Total Remote Usage
		Usr 0 00:00:00, Sys 0 00:00:00  -  Total Local Usage
	0  -  Run Bytes Sent By Job
	0  -  Run Bytes Received By Job
	0  -  Total Bytes Sent By Job
	0  -  Total Bytes Received By Job
	Partitionable Resources :    Usage  Request Allocated 
	   Cpus                 :     1.01        1         1 
	   Disk (KB)            :     1           1    128928 
	   Memory (MB)          :   150        3900      3968 

	Job terminated of its own accord at 2023-06-09T06:24:07Z.
...
005 (310135.003.000) 2023-06-09 15:24:07 Job terminated.
	(1) Normal termination (return value 0)
		Usr 0 00:00:37, Sys 0 00:00:01  -  Run Remote Usage
		Usr 0 00:00:00, Sys 0 00:00:00  -  Run Local Usage
		Usr 0 00:00:37, Sys 0 00:00:01  -  Total Remote Usage
		Usr 0 00:00:00, Sys 0 00:00:00  -  Total Local Usage
	0  -  Run Bytes Sent By Job
	0  -  Run Bytes Received By Job
	0  -  Total Bytes Sent By Job
	0  -  Total Bytes Received By Job
	Partitionable Resources :    Usage  Request Allocated 
	   Cpus                 :     0.99        1         1 
	   Disk (KB)            :     1           1    128928 
	   Memory (MB)          :   150        3900      3968 

	Job terminated of its own accord at 2023-06-09T06:24:07Z.
...
006 (310135.000.000) 2023-06-09 15:24:14 Image size of job updated: 687704
	141  -  MemoryUsage of job (MB)
	143956  -  ResidentSetSize of job (KB)
...
005 (310135.000.000) 2023-06-09 15:24:14 Job terminated.
	(1) Normal termination (return value 0)
		Usr 0 00:00:42, Sys 0 00:00:01  -  Run Remote Usage
		Usr 0 00:00:00, Sys 0 00:00:00  -  Run Local Usage
		Usr 0 00:00:42, Sys 0 00:00:01  -  Total Remote Usage
		Usr 0 00:00:00, Sys 0 00:00:00  -  Total Local Usage
	0  -  Run Bytes Sent By Job
	0  -  Run Bytes Received By Job
	0  -  Total Bytes Sent By Job
	0  -  Total Bytes Received By Job
	Partitionable Resources :    Usage  Request Allocated 
	   Cpus                 :     0.87        1         1 
	   Disk (KB)            :     1           1    128928 
	   Memory (MB)          :   141        3900      3968 

	Job terminated of its own accord at 2023-06-09T06:24:14Z.
...
006 (310135.001.000) 2023-06-09 15:24:14 Image size of job updated: 685376
	141  -  MemoryUsage of job (MB)
	143968  -  ResidentSetSize of job (KB)
...
005 (310135.001.000) 2023-06-09 15:24:14 Job terminated.
	(1) Normal termination (return value 0)
		Usr 0 00:00:45, Sys 0 00:00:01  -  Run Remote Usage
		Usr 0 00:00:00, Sys 0 00:00:00  -  Run Local Usage
		Usr 0 00:00:45, Sys 0 00:00:01  -  Total Remote Usage
		Usr 0 00:00:00, Sys 0 00:00:00  -  Total Local Usage
	0  -  Run Bytes Sent By Job
	0  -  Run Bytes Received By Job
	0  -  Total Bytes Sent By Job
	0  -  Total Bytes Received By Job
	Partitionable Resources :    Usage  Request Allocated 
	   Cpus                 :     0.97        1         1 
	   Disk (KB)            :     1           1    128928 
	   Memory (MB)          :   141        3900      3968 

	Job terminated of its own accord at 2023-06-09T06:24:14Z.
...
006 (310135.002.000) 2023-06-09 15:24:31 Image size of job updated: 685540
	138  -  MemoryUsage of job (MB)
	140420  -  ResidentSetSize of job (KB)
...
005 (310135.002.000) 2023-06-09 15:24:31 Job terminated.
	(1) Normal termination (return value 0)
		Usr 0 00:01:00, Sys 0 00:00:02  -  Run Remote Usage
		Usr 0 00:00:00, Sys 0 00:00:00  -  Run Local Usage
		Usr 0 00:01:00, Sys 0 00:00:02  -  Total Remote Usage
		Usr 0 00:00:00, Sys 0 00:00:00  -  Total Local Usage
	0  -  Run Bytes Sent By Job
	0  -  Run Bytes Received By Job
	0  -  Total Bytes Sent By Job
	0  -  Total Bytes Received By Job
	Partitionable Resources :    Usage  Request Allocated 
	   Cpus                 :     1.00        1         1 
	   Disk (KB)            :     1           1    128928 
	   Memory (MB)          :   138        3900      3968 

	Job terminated of its own accord at 2023-06-09T06:24:31Z.
...
006 (310135.004.000) 2023-06-09 15:24:32 Image size of job updated: 687580
	139  -  MemoryUsage of job (MB)
	141932  -  ResidentSetSize of job (KB)
...
005 (310135.004.000) 2023-06-09 15:24:32 Job terminated.
	(1) Normal termination (return value 0)
		Usr 0 00:01:03, Sys 0 00:00:01  -  Run Remote Usage
		Usr 0 00:00:00, Sys 0 00:00:00  -  Run Local Usage
		Usr 0 00:01:03, Sys 0 00:00:01  -  Total Remote Usage
		Usr 0 00:00:00, Sys 0 00:00:00  -  Total Local Usage
	0  -  Run Bytes Sent By Job
	0  -  Run Bytes Received By Job
	0  -  Total Bytes Sent By Job
	0  -  Total Bytes Received By Job
	Partitionable Resources :    Usage  Request Allocated 
	   Cpus                 :     1.00        1         1 
	   Disk (KB)            :     1           1    128928 
	   Memory (MB)          :   139        3900      3968 

	Job terminated of its own accord at 2023-06-09T06:24:32Z.
...
