000 (330081.000.000) 2023-07-25 10:56:47 Job submitted from host: <172.30.1.200:9618?addrs=172.30.1.200-9618&alias=tamsa2.snu.ac.kr&noUDP&sock=schedd_3510_2582>
...
000 (330081.001.000) 2023-07-25 10:56:47 Job submitted from host: <172.30.1.200:9618?addrs=172.30.1.200-9618&alias=tamsa2.snu.ac.kr&noUDP&sock=schedd_3510_2582>
...
000 (330081.002.000) 2023-07-25 10:56:47 Job submitted from host: <172.30.1.200:9618?addrs=172.30.1.200-9618&alias=tamsa2.snu.ac.kr&noUDP&sock=schedd_3510_2582>
...
000 (330081.003.000) 2023-07-25 10:56:47 Job submitted from host: <172.30.1.200:9618?addrs=172.30.1.200-9618&alias=tamsa2.snu.ac.kr&noUDP&sock=schedd_3510_2582>
...
000 (330081.004.000) 2023-07-25 10:56:47 Job submitted from host: <172.30.1.200:9618?addrs=172.30.1.200-9618&alias=tamsa2.snu.ac.kr&noUDP&sock=schedd_3510_2582>
...
000 (330081.005.000) 2023-07-25 10:56:47 Job submitted from host: <172.30.1.200:9618?addrs=172.30.1.200-9618&alias=tamsa2.snu.ac.kr&noUDP&sock=schedd_3510_2582>
...
000 (330081.006.000) 2023-07-25 10:56:47 Job submitted from host: <172.30.1.200:9618?addrs=172.30.1.200-9618&alias=tamsa2.snu.ac.kr&noUDP&sock=schedd_3510_2582>
...
000 (330081.007.000) 2023-07-25 10:56:47 Job submitted from host: <172.30.1.200:9618?addrs=172.30.1.200-9618&alias=tamsa2.snu.ac.kr&noUDP&sock=schedd_3510_2582>
...
000 (330081.008.000) 2023-07-25 10:56:47 Job submitted from host: <172.30.1.200:9618?addrs=172.30.1.200-9618&alias=tamsa2.snu.ac.kr&noUDP&sock=schedd_3510_2582>
...
000 (330081.009.000) 2023-07-25 10:56:47 Job submitted from host: <172.30.1.200:9618?addrs=172.30.1.200-9618&alias=tamsa2.snu.ac.kr&noUDP&sock=schedd_3510_2582>
...
040 (330081.003.000) 2023-07-25 10:56:54 Started transferring input files
	Transferring to host: <172.30.1.102:9618?addrs=172.30.1.102-9618&alias=n2&noUDP&sock=slot1_53_3347_03a1_57631>
...
040 (330081.003.000) 2023-07-25 10:56:54 Finished transferring input files
...
040 (330081.004.000) 2023-07-25 10:56:55 Started transferring input files
	Transferring to host: <172.30.1.102:9618?addrs=172.30.1.102-9618&alias=n2&noUDP&sock=slot1_54_3347_03a1_57632>
...
040 (330081.004.000) 2023-07-25 10:56:55 Finished transferring input files
...
040 (330081.005.000) 2023-07-25 10:56:55 Started transferring input files
	Transferring to host: <172.30.1.102:9618?addrs=172.30.1.102-9618&alias=n2&noUDP&sock=slot1_55_3347_03a1_57633>
...
040 (330081.005.000) 2023-07-25 10:56:55 Finished transferring input files
...
040 (330081.006.000) 2023-07-25 10:56:55 Started transferring input files
	Transferring to host: <172.30.1.102:9618?addrs=172.30.1.102-9618&alias=n2&noUDP&sock=slot1_56_3347_03a1_57634>
...
040 (330081.006.000) 2023-07-25 10:56:55 Finished transferring input files
...
040 (330081.007.000) 2023-07-25 10:56:55 Started transferring input files
	Transferring to host: <172.30.1.102:9618?addrs=172.30.1.102-9618&alias=n2&noUDP&sock=slot1_57_3347_03a1_57635>
...
040 (330081.007.000) 2023-07-25 10:56:55 Finished transferring input files
...
040 (330081.008.000) 2023-07-25 10:56:55 Started transferring input files
	Transferring to host: <172.30.1.102:9618?addrs=172.30.1.102-9618&alias=n2&noUDP&sock=slot1_58_3347_03a1_57636>
...
040 (330081.008.000) 2023-07-25 10:56:55 Finished transferring input files
...
040 (330081.000.000) 2023-07-25 10:56:55 Started transferring input files
	Transferring to host: <172.30.1.107:9618?addrs=172.30.1.107-9618&alias=n7&noUDP&sock=slot1_42_4258_e566_60754>
...
040 (330081.000.000) 2023-07-25 10:56:55 Finished transferring input files
...
040 (330081.009.000) 2023-07-25 10:56:55 Started transferring input files
	Transferring to host: <172.30.1.101:9618?addrs=172.30.1.101-9618&alias=n1&noUDP&sock=slot1_53_3367_1b22_45667>
...
040 (330081.009.000) 2023-07-25 10:56:55 Finished transferring input files
...
001 (330081.003.000) 2023-07-25 10:56:55 Job executing on host: <172.30.1.102:9618?addrs=172.30.1.102-9618&alias=n2&noUDP&sock=startd_3313_055a>
...
001 (330081.004.000) 2023-07-25 10:56:56 Job executing on host: <172.30.1.102:9618?addrs=172.30.1.102-9618&alias=n2&noUDP&sock=startd_3313_055a>
...
040 (330081.001.000) 2023-07-25 10:56:56 Started transferring input files
	Transferring to host: <172.30.1.107:9618?addrs=172.30.1.107-9618&alias=n7&noUDP&sock=slot1_43_4258_e566_60755>
...
040 (330081.001.000) 2023-07-25 10:56:56 Finished transferring input files
...
001 (330081.005.000) 2023-07-25 10:56:56 Job executing on host: <172.30.1.102:9618?addrs=172.30.1.102-9618&alias=n2&noUDP&sock=startd_3313_055a>
...
001 (330081.006.000) 2023-07-25 10:56:56 Job executing on host: <172.30.1.102:9618?addrs=172.30.1.102-9618&alias=n2&noUDP&sock=startd_3313_055a>
...
001 (330081.007.000) 2023-07-25 10:56:56 Job executing on host: <172.30.1.102:9618?addrs=172.30.1.102-9618&alias=n2&noUDP&sock=startd_3313_055a>
...
040 (330081.002.000) 2023-07-25 10:56:56 Started transferring input files
	Transferring to host: <172.30.1.107:9618?addrs=172.30.1.107-9618&alias=n7&noUDP&sock=slot1_44_4258_e566_60756>
...
040 (330081.002.000) 2023-07-25 10:56:56 Finished transferring input files
...
001 (330081.008.000) 2023-07-25 10:56:56 Job executing on host: <172.30.1.102:9618?addrs=172.30.1.102-9618&alias=n2&noUDP&sock=startd_3313_055a>
...
001 (330081.000.000) 2023-07-25 10:56:56 Job executing on host: <172.30.1.107:9618?addrs=172.30.1.107-9618&alias=n7&noUDP&sock=startd_4224_e421>
...
001 (330081.009.000) 2023-07-25 10:56:56 Job executing on host: <172.30.1.101:9618?addrs=172.30.1.101-9618&alias=n1&noUDP&sock=startd_3332_0da7>
...
001 (330081.001.000) 2023-07-25 10:56:57 Job executing on host: <172.30.1.107:9618?addrs=172.30.1.107-9618&alias=n7&noUDP&sock=startd_4224_e421>
...
001 (330081.002.000) 2023-07-25 10:56:57 Job executing on host: <172.30.1.107:9618?addrs=172.30.1.107-9618&alias=n7&noUDP&sock=startd_4224_e421>
...
006 (330081.003.000) 2023-07-25 10:57:04 Image size of job updated: 71444
	70  -  MemoryUsage of job (MB)
	71444  -  ResidentSetSize of job (KB)
...
006 (330081.004.000) 2023-07-25 10:57:04 Image size of job updated: 400416
	70  -  MemoryUsage of job (MB)
	71592  -  ResidentSetSize of job (KB)
...
006 (330081.005.000) 2023-07-25 10:57:04 Image size of job updated: 400420
	70  -  MemoryUsage of job (MB)
	71604  -  ResidentSetSize of job (KB)
...
006 (330081.006.000) 2023-07-25 10:57:04 Image size of job updated: 400420
	70  -  MemoryUsage of job (MB)
	71664  -  ResidentSetSize of job (KB)
...
006 (330081.007.000) 2023-07-25 10:57:04 Image size of job updated: 400416
	71  -  MemoryUsage of job (MB)
	72564  -  ResidentSetSize of job (KB)
...
006 (330081.009.000) 2023-07-25 10:57:05 Image size of job updated: 50100
	36  -  MemoryUsage of job (MB)
	36020  -  ResidentSetSize of job (KB)
...
006 (330081.001.000) 2023-07-25 10:57:05 Image size of job updated: 473048
	182  -  MemoryUsage of job (MB)
	186084  -  ResidentSetSize of job (KB)
...
006 (330081.002.000) 2023-07-25 10:57:05 Image size of job updated: 473048
	182  -  MemoryUsage of job (MB)
	186112  -  ResidentSetSize of job (KB)
...
006 (330081.008.000) 2023-07-25 10:57:05 Image size of job updated: 400416
	112  -  MemoryUsage of job (MB)
	113708  -  ResidentSetSize of job (KB)
...
006 (330081.000.000) 2023-07-25 10:57:05 Image size of job updated: 473044
	182  -  MemoryUsage of job (MB)
	185980  -  ResidentSetSize of job (KB)
...
006 (330081.001.000) 2023-07-25 10:57:20 Image size of job updated: 681132
	182  -  MemoryUsage of job (MB)
	186084  -  ResidentSetSize of job (KB)
...
040 (330081.001.000) 2023-07-25 10:57:20 Started transferring output files
...
040 (330081.001.000) 2023-07-25 10:57:20 Finished transferring output files
...
005 (330081.001.000) 2023-07-25 10:57:20 Job terminated.
	(1) Normal termination (return value 0)
		Usr 0 00:00:19, Sys 0 00:00:01  -  Run Remote Usage
		Usr 0 00:00:00, Sys 0 00:00:00  -  Run Local Usage
		Usr 0 00:00:19, Sys 0 00:00:01  -  Total Remote Usage
		Usr 0 00:00:00, Sys 0 00:00:00  -  Total Local Usage
	1158  -  Run Bytes Sent By Job
	170  -  Run Bytes Received By Job
	1158  -  Total Bytes Sent By Job
	170  -  Total Bytes Received By Job
	Partitionable Resources :    Usage  Request Allocated 
	   Cpus                 :                 1         1 
	   Disk (KB)            :       46        1    127899 
	   Memory (MB)          :      182     3900      3968 

	Job terminated of its own accord at 2023-07-25T01:57:20Z.
...
006 (330081.002.000) 2023-07-25 10:57:22 Image size of job updated: 685756
	182  -  MemoryUsage of job (MB)
	186112  -  ResidentSetSize of job (KB)
...
040 (330081.002.000) 2023-07-25 10:57:22 Started transferring output files
...
040 (330081.002.000) 2023-07-25 10:57:22 Finished transferring output files
...
005 (330081.002.000) 2023-07-25 10:57:22 Job terminated.
	(1) Normal termination (return value 0)
		Usr 0 00:00:21, Sys 0 00:00:01  -  Run Remote Usage
		Usr 0 00:00:00, Sys 0 00:00:00  -  Run Local Usage
		Usr 0 00:00:21, Sys 0 00:00:01  -  Total Remote Usage
		Usr 0 00:00:00, Sys 0 00:00:00  -  Total Local Usage
	1128  -  Run Bytes Sent By Job
	170  -  Run Bytes Received By Job
	1128  -  Total Bytes Sent By Job
	170  -  Total Bytes Received By Job
	Partitionable Resources :    Usage  Request Allocated 
	   Cpus                 :                 1         1 
	   Disk (KB)            :       46        1    127899 
	   Memory (MB)          :      182     3900      3968 

	Job terminated of its own accord at 2023-07-25T01:57:22Z.
...
006 (330081.000.000) 2023-07-25 10:57:25 Image size of job updated: 685692
	182  -  MemoryUsage of job (MB)
	185980  -  ResidentSetSize of job (KB)
...
040 (330081.000.000) 2023-07-25 10:57:25 Started transferring output files
...
040 (330081.000.000) 2023-07-25 10:57:25 Finished transferring output files
...
005 (330081.000.000) 2023-07-25 10:57:25 Job terminated.
	(1) Normal termination (return value 0)
		Usr 0 00:00:24, Sys 0 00:00:01  -  Run Remote Usage
		Usr 0 00:00:00, Sys 0 00:00:00  -  Run Local Usage
		Usr 0 00:00:24, Sys 0 00:00:01  -  Total Remote Usage
		Usr 0 00:00:00, Sys 0 00:00:00  -  Total Local Usage
	1159  -  Run Bytes Sent By Job
	170  -  Run Bytes Received By Job
	1159  -  Total Bytes Sent By Job
	170  -  Total Bytes Received By Job
	Partitionable Resources :    Usage  Request Allocated 
	   Cpus                 :                 1         1 
	   Disk (KB)            :       46        1    127899 
	   Memory (MB)          :      182     3900      3968 

	Job terminated of its own accord at 2023-07-25T01:57:25Z.
...
006 (330081.007.000) 2023-07-25 10:57:27 Image size of job updated: 682344
	72  -  MemoryUsage of job (MB)
	72732  -  ResidentSetSize of job (KB)
...
040 (330081.007.000) 2023-07-25 10:57:27 Started transferring output files
...
040 (330081.007.000) 2023-07-25 10:57:27 Finished transferring output files
...
005 (330081.007.000) 2023-07-25 10:57:27 Job terminated.
	(1) Normal termination (return value 0)
		Usr 0 00:00:18, Sys 0 00:00:02  -  Run Remote Usage
		Usr 0 00:00:00, Sys 0 00:00:00  -  Run Local Usage
		Usr 0 00:00:18, Sys 0 00:00:02  -  Total Remote Usage
		Usr 0 00:00:00, Sys 0 00:00:00  -  Total Local Usage
	870  -  Run Bytes Sent By Job
	170  -  Run Bytes Received By Job
	870  -  Total Bytes Sent By Job
	170  -  Total Bytes Received By Job
	Partitionable Resources :    Usage  Request Allocated 
	   Cpus                 :                 1         1 
	   Disk (KB)            :       46        1    123869 
	   Memory (MB)          :       72     3900      3968 

	Job terminated of its own accord at 2023-07-25T01:57:27Z.
...
006 (330081.003.000) 2023-07-25 10:57:38 Image size of job updated: 686176
	70  -  MemoryUsage of job (MB)
	71596  -  ResidentSetSize of job (KB)
...
040 (330081.003.000) 2023-07-25 10:57:38 Started transferring output files
...
040 (330081.003.000) 2023-07-25 10:57:38 Finished transferring output files
...
005 (330081.003.000) 2023-07-25 10:57:38 Job terminated.
	(1) Normal termination (return value 0)
		Usr 0 00:00:30, Sys 0 00:00:02  -  Run Remote Usage
		Usr 0 00:00:00, Sys 0 00:00:00  -  Run Local Usage
		Usr 0 00:00:30, Sys 0 00:00:02  -  Total Remote Usage
		Usr 0 00:00:00, Sys 0 00:00:00  -  Total Local Usage
	1160  -  Run Bytes Sent By Job
	170  -  Run Bytes Received By Job
	1160  -  Total Bytes Sent By Job
	170  -  Total Bytes Received By Job
	Partitionable Resources :    Usage  Request Allocated 
	   Cpus                 :                 1         1 
	   Disk (KB)            :       46        1    123869 
	   Memory (MB)          :       70     3900      3968 

	Job terminated of its own accord at 2023-07-25T01:57:38Z.
...
006 (330081.008.000) 2023-07-25 10:57:40 Image size of job updated: 684436
	112  -  MemoryUsage of job (MB)
	113708  -  ResidentSetSize of job (KB)
...
040 (330081.008.000) 2023-07-25 10:57:40 Started transferring output files
...
040 (330081.008.000) 2023-07-25 10:57:40 Finished transferring output files
...
006 (330081.005.000) 2023-07-25 10:57:40 Image size of job updated: 685400
	70  -  MemoryUsage of job (MB)
	71604  -  ResidentSetSize of job (KB)
...
005 (330081.008.000) 2023-07-25 10:57:40 Job terminated.
	(1) Normal termination (return value 0)
		Usr 0 00:00:32, Sys 0 00:00:02  -  Run Remote Usage
		Usr 0 00:00:00, Sys 0 00:00:00  -  Run Local Usage
		Usr 0 00:00:32, Sys 0 00:00:02  -  Total Remote Usage
		Usr 0 00:00:00, Sys 0 00:00:00  -  Total Local Usage
	995  -  Run Bytes Sent By Job
	170  -  Run Bytes Received By Job
	995  -  Total Bytes Sent By Job
	170  -  Total Bytes Received By Job
	Partitionable Resources :    Usage  Request Allocated 
	   Cpus                 :                 1         1 
	   Disk (KB)            :       46        1    123869 
	   Memory (MB)          :      112     3900      3968 

	Job terminated of its own accord at 2023-07-25T01:57:40Z.
...
040 (330081.005.000) 2023-07-25 10:57:40 Started transferring output files
...
040 (330081.005.000) 2023-07-25 10:57:40 Finished transferring output files
...
005 (330081.005.000) 2023-07-25 10:57:40 Job terminated.
	(1) Normal termination (return value 0)
		Usr 0 00:00:32, Sys 0 00:00:02  -  Run Remote Usage
		Usr 0 00:00:00, Sys 0 00:00:00  -  Run Local Usage
		Usr 0 00:00:32, Sys 0 00:00:02  -  Total Remote Usage
		Usr 0 00:00:00, Sys 0 00:00:00  -  Total Local Usage
	1191  -  Run Bytes Sent By Job
	170  -  Run Bytes Received By Job
	1191  -  Total Bytes Sent By Job
	170  -  Total Bytes Received By Job
	Partitionable Resources :    Usage  Request Allocated 
	   Cpus                 :                 1         1 
	   Disk (KB)            :       46        1    123869 
	   Memory (MB)          :       70     3900      3968 

	Job terminated of its own accord at 2023-07-25T01:57:40Z.
...
006 (330081.004.000) 2023-07-25 10:57:41 Image size of job updated: 684448
	70  -  MemoryUsage of job (MB)
	71592  -  ResidentSetSize of job (KB)
...
040 (330081.004.000) 2023-07-25 10:57:41 Started transferring output files
...
040 (330081.004.000) 2023-07-25 10:57:41 Finished transferring output files
...
005 (330081.004.000) 2023-07-25 10:57:41 Job terminated.
	(1) Normal termination (return value 0)
		Usr 0 00:00:33, Sys 0 00:00:03  -  Run Remote Usage
		Usr 0 00:00:00, Sys 0 00:00:00  -  Run Local Usage
		Usr 0 00:00:33, Sys 0 00:00:03  -  Total Remote Usage
		Usr 0 00:00:00, Sys 0 00:00:00  -  Total Local Usage
	1160  -  Run Bytes Sent By Job
	170  -  Run Bytes Received By Job
	1160  -  Total Bytes Sent By Job
	170  -  Total Bytes Received By Job
	Partitionable Resources :    Usage  Request Allocated 
	   Cpus                 :                 1         1 
	   Disk (KB)            :       46        1    123869 
	   Memory (MB)          :       70     3900      3968 

	Job terminated of its own accord at 2023-07-25T01:57:41Z.
...
006 (330081.006.000) 2023-07-25 10:57:41 Image size of job updated: 684624
	70  -  MemoryUsage of job (MB)
	71664  -  ResidentSetSize of job (KB)
...
040 (330081.006.000) 2023-07-25 10:57:41 Started transferring output files
...
040 (330081.006.000) 2023-07-25 10:57:41 Finished transferring output files
...
005 (330081.006.000) 2023-07-25 10:57:41 Job terminated.
	(1) Normal termination (return value 0)
		Usr 0 00:00:34, Sys 0 00:00:02  -  Run Remote Usage
		Usr 0 00:00:00, Sys 0 00:00:00  -  Run Local Usage
		Usr 0 00:00:34, Sys 0 00:00:02  -  Total Remote Usage
		Usr 0 00:00:00, Sys 0 00:00:00  -  Total Local Usage
	963  -  Run Bytes Sent By Job
	170  -  Run Bytes Received By Job
	963  -  Total Bytes Sent By Job
	170  -  Total Bytes Received By Job
	Partitionable Resources :    Usage  Request Allocated 
	   Cpus                 :                 1         1 
	   Disk (KB)            :       46        1    123869 
	   Memory (MB)          :       70     3900      3968 

	Job terminated of its own accord at 2023-07-25T01:57:41Z.
...
006 (330081.009.000) 2023-07-25 10:57:49 Image size of job updated: 684232
	36  -  MemoryUsage of job (MB)
	36020  -  ResidentSetSize of job (KB)
...
040 (330081.009.000) 2023-07-25 10:57:49 Started transferring output files
...
040 (330081.009.000) 2023-07-25 10:57:49 Finished transferring output files
...
005 (330081.009.000) 2023-07-25 10:57:49 Job terminated.
	(1) Normal termination (return value 0)
		Usr 0 00:00:28, Sys 0 00:00:03  -  Run Remote Usage
		Usr 0 00:00:00, Sys 0 00:00:00  -  Run Local Usage
		Usr 0 00:00:28, Sys 0 00:00:03  -  Total Remote Usage
		Usr 0 00:00:00, Sys 0 00:00:00  -  Total Local Usage
	902  -  Run Bytes Sent By Job
	170  -  Run Bytes Received By Job
	902  -  Total Bytes Sent By Job
	170  -  Total Bytes Received By Job
	Partitionable Resources :    Usage  Request Allocated 
	   Cpus                 :                 1         1 
	   Disk (KB)            :       46        1    127998 
	   Memory (MB)          :       36     3900      3968 

	Job terminated of its own accord at 2023-07-25T01:57:49Z.
...
