Starts at Tue Jul 25 12:45:13 2023
[tnp_tamsa] Use Configs["NUM_Mu8Leg2_DEN_TopHNT_2016a"] from config/TopHNT_Muon_v0.py
Fit ibin = 3
Warning: non-zero fit status 302
[#0] ERROR:Eval -- RooAbsReal::logEvalError(sigPhysPass) evaluation error, 
 origin       : RooHistPdf::sigPhysPass[ pdfObs=(x) ]
 message      : p.d.f normalization integral is zero or negative: 0
 server values: pdfObs=(x = 57.8935)
[#0] ERROR:Eval -- RooAbsReal::logEvalError(sigPhysPass) evaluation error, 
 origin       : RooHistPdf::sigPhysPass[ pdfObs=(x) ]
 message      : p.d.f normalization integral is zero or negative: 0
 server values: pdfObs=(x = 57.9731)
[#0] ERROR:Eval -- RooAbsReal::logEvalError(sigPhysPass) evaluation error, 
 origin       : RooHistPdf::sigPhysPass[ pdfObs=(x) ]
 message      : p.d.f normalization integral is zero or negative: 0
 server values: pdfObs=(x = 58.0527)
[#0] ERROR:Eval -- RooAbsReal::logEvalError(sigPhysPass) evaluation error, 
 origin       : RooHistPdf::sigPhysPass[ pdfObs=(x) ]
 message      : p.d.f normalization integral is zero or negative: 0
 server values: pdfObs=(x = 58.1323)
[#0] ERROR:Eval -- RooAbsReal::logEvalError(sigPhysPass) evaluation error, 
 origin       : RooHistPdf::sigPhysPass[ pdfObs=(x) ]
 message      : p.d.f normalization integral is zero or negative: 0
 server values: pdfObs=(x = 58.2118)
[#0] ERROR:Eval -- RooAbsReal::logEvalError(sigPhysPass) evaluation error, 
 origin       : RooHistPdf::sigPhysPass[ pdfObs=(x) ]
 message      : p.d.f normalization integral is zero or negative: 0
 server values: pdfObs=(x = 58.2914)
[#0] ERROR:Eval -- RooAbsReal::logEvalError(sigPhysPass) evaluation error, 
 origin       : RooHistPdf::sigPhysPass[ pdfObs=(x) ]
 message      : p.d.f normalization integral is zero or negative: 0
 server values: pdfObs=(x = 58.371)
[#0] ERROR:Eval -- RooAbsReal::logEvalError(sigPhysPass) evaluation error, 
 origin       : RooHistPdf::sigPhysPass[ pdfObs=(x) ]
 message      : p.d.f normalization integral is zero or negative: 0
 server values: pdfObs=(x = 59.8828)
[#0] ERROR:Eval -- RooAbsReal::logEvalError(sigPhysPass) evaluation error, 
 origin       : RooHistPdf::sigPhysPass[ pdfObs=(x) ]
 message      : p.d.f normalization integral is zero or negative: 0
 server values: pdfObs=(x = 59.9624)
[#0] ERROR:Eval -- RooAbsReal::logEvalError(sigPhysPass) evaluation error, 
 origin       : RooHistPdf::sigPhysPass[ pdfObs=(x) ]
 message      : p.d.f normalization integral is zero or negative: 0
 server values: pdfObs=(x = 60.0419)
[#0] ERROR:Eval -- RooAbsReal::logEvalError(sigPhysPass) evaluation error, 
 origin       : RooHistPdf::sigPhysPass[ pdfObs=(x) ]
 message      : p.d.f normalization integral is zero or negative: 0
 server values: pdfObs=(x = 60.1215)
[#0] ERROR:Eval -- RooAbsReal::logEvalError(sigPhysPass) evaluation error, 
 origin       : RooHistPdf::sigPhysPass[ pdfObs=(x) ]
 message      : p.d.f normalization integral is zero or negative: 0
 server values: pdfObs=(x = 60.2011)
[#0] ERROR:Eval -- RooAbsReal::logEvalError(sigPhysPass) evaluation error, 
 origin       : RooHistPdf::sigPhysPass[ pdfObs=(x) ]
 message      : p.d.f normalization integral is zero or negative: 0
 server values: pdfObs=(x = 60.2806)
[#0] ERROR:Eval -- RooAbsReal::logEvalError(sigPhysPass) evaluation error, 
 origin       : RooHistPdf::sigPhysPass[ pdfObs=(x) ]
 message      : p.d.f normalization integral is zero or negative: 0
 server values: pdfObs=(x = 60.3602)
[#0] ERROR:Eval -- RooAbsReal::logEvalError(sigPhysPass) evaluation error, 
 origin       : RooHistPdf::sigPhysPass[ pdfObs=(x) ]
 message      : p.d.f normalization integral is zero or negative: 0
 server values: pdfObs=(x = 71.8978)
[#0] ERROR:Eval -- RooAbsReal::logEvalError(sigPhysPass) evaluation error, 
 origin       : RooHistPdf::sigPhysPass[ pdfObs=(x) ]
 message      : p.d.f normalization integral is zero or negative: 0
 server values: pdfObs=(x = 71.9774)
[#0] ERROR:Eval -- RooAbsReal::logEvalError(sigPhysPass) evaluation error, 
 origin       : RooHistPdf::sigPhysPass[ pdfObs=(x) ]
 message      : p.d.f normalization integral is zero or negative: 0
 server values: pdfObs=(x = 72.057)
[#0] ERROR:Eval -- RooAbsReal::logEvalError(sigPhysPass) evaluation error, 
 origin       : RooHistPdf::sigPhysPass[ pdfObs=(x) ]
 message      : p.d.f normalization integral is zero or negative: 0
 server values: pdfObs=(x = 72.1366)
[#0] ERROR:Eval -- RooAbsReal::logEvalError(sigPhysPass) evaluation error, 
 origin       : RooHistPdf::sigPhysPass[ pdfObs=(x) ]
 message      : p.d.f normalization integral is zero or negative: 0
 server values: pdfObs=(x = 72.2161)
[#0] ERROR:Eval -- RooAbsReal::logEvalError(sigPhysPass) evaluation error, 
 origin       : RooHistPdf::sigPhysPass[ pdfObs=(x) ]
 message      : p.d.f normalization integral is zero or negative: 0
 server values: pdfObs=(x = 72.2957)
[#0] ERROR:Eval -- RooAbsReal::logEvalError(sigPhysPass) evaluation error, 
 origin       : RooHistPdf::sigPhysPass[ pdfObs=(x) ]
 message      : p.d.f normalization integral is zero or negative: 0
 server values: pdfObs=(x = 82.1624)
[#0] ERROR:Eval -- RooAbsReal::logEvalError(sigPhysPass) evaluation error, 
 origin       : RooHistPdf::sigPhysPass[ pdfObs=(x) ]
 message      : p.d.f normalization integral is zero or negative: 0
 server values: pdfObs=(x = 82.2419)
[#0] ERROR:Eval -- RooAbsReal::logEvalError(sigPhysPass) evaluation error, 
 origin       : RooHistPdf::sigPhysPass[ pdfObs=(x) ]
 message      : p.d.f normalization integral is zero or negative: 0
 server values: pdfObs=(x = 82.3215)
[#0] ERROR:Eval -- RooAbsReal::logEvalError(sigPhysPass) evaluation error, 
 origin       : RooHistPdf::sigPhysPass[ pdfObs=(x) ]
 message      : p.d.f normalization integral is zero or negative: 0
 server values: pdfObs=(x = 82.4011)
[#0] ERROR:Eval -- RooAbsReal::logEvalError(sigPhysPass) evaluation error, 
 origin       : RooHistPdf::sigPhysPass[ pdfObs=(x) ]
 message      : p.d.f normalization integral is zero or negative: 0
 server values: pdfObs=(x = 82.4806)
[#0] ERROR:Eval -- RooAbsReal::logEvalError(sigPhysPass) evaluation error, 
 origin       : RooHistPdf::sigPhysPass[ pdfObs=(x) ]
 message      : p.d.f normalization integral is zero or negative: 0
 server values: pdfObs=(x = 82.5602)
[#0] ERROR:Eval -- RooAbsReal::logEvalError(sigPhysPass) evaluation error, 
 origin       : RooHistPdf::sigPhysPass[ pdfObs=(x) ]
 message      : p.d.f normalization integral is zero or negative: 0
 server values: pdfObs=(x = 88.4484)
[#0] ERROR:Eval -- RooAbsReal::logEvalError(sigPhysPass) evaluation error, 
 origin       : RooHistPdf::sigPhysPass[ pdfObs=(x) ]
 message      : p.d.f normalization integral is zero or negative: 0
 server values: pdfObs=(x = 88.528)
[#0] ERROR:Eval -- RooAbsReal::logEvalError(sigPhysPass) evaluation error, 
 origin       : RooHistPdf::sigPhysPass[ pdfObs=(x) ]
 message      : p.d.f normalization integral is zero or negative: 0
 server values: pdfObs=(x = 88.6075)
[#0] ERROR:Eval -- RooAbsReal::logEvalError(sigPhysPass) evaluation error, 
 origin       : RooHistPdf::sigPhysPass[ pdfObs=(x) ]
 message      : p.d.f normalization integral is zero or negative: 0
 server values: pdfObs=(x = 88.6871)
[#0] ERROR:Eval -- RooAbsReal::logEvalError(sigPhysPass) evaluation error, 
 origin       : RooHistPdf::sigPhysPass[ pdfObs=(x) ]
 message      : p.d.f normalization integral is zero or negative: 0
 server values: pdfObs=(x = 88.7667)
[#0] ERROR:Eval -- RooAbsReal::logEvalError(sigPhysPass) evaluation error, 
 origin       : RooHistPdf::sigPhysPass[ pdfObs=(x) ]
 message      : p.d.f normalization integral is zero or negative: 0
 server values: pdfObs=(x = 88.8462)
[#0] ERROR:Eval -- RooAbsReal::logEvalError(sigPhysPass) evaluation error, 
 origin       : RooHistPdf::sigPhysPass[ pdfObs=(x) ]
 message      : p.d.f normalization integral is zero or negative: 0
 server values: pdfObs=(x = 88.9258)
[#0] ERROR:Eval -- RooAbsReal::logEvalError(sigPhysPass) evaluation error, 
 origin       : RooHistPdf::sigPhysPass[ pdfObs=(x) ]
 message      : p.d.f normalization integral is zero or negative: 0
 server values: pdfObs=(x = 89.0054)
[#0] ERROR:Eval -- RooAbsReal::logEvalError(sigPhysPass) evaluation error, 
 origin       : RooHistPdf::sigPhysPass[ pdfObs=(x) ]
 message      : p.d.f normalization integral is zero or negative: 0
 server values: pdfObs=(x = 89.0849)
[#0] ERROR:Eval -- RooAbsReal::logEvalError(sigPhysPass) evaluation error, 
 origin       : RooHistPdf::sigPhysPass[ pdfObs=(x) ]
 message      : p.d.f normalization integral is zero or negative: 0
 server values: pdfObs=(x = 89.1645)
[#0] ERROR:Eval -- RooAbsReal::logEvalError(sigPhysPass) evaluation error, 
 origin       : RooHistPdf::sigPhysPass[ pdfObs=(x) ]
 message      : p.d.f normalization integral is zero or negative: 0
 server values: pdfObs=(x = 89.2441)
[#0] ERROR:Eval -- RooAbsReal::logEvalError(sigPhysPass) evaluation error, 
 origin       : RooHistPdf::sigPhysPass[ pdfObs=(x) ]
 message      : p.d.f normalization integral is zero or negative: 0
 server values: pdfObs=(x = 89.3237)
[#0] ERROR:Eval -- RooAbsReal::logEvalError(sigPhysPass) evaluation error, 
 origin       : RooHistPdf::sigPhysPass[ pdfObs=(x) ]
 message      : p.d.f normalization integral is zero or negative: 0
 server values: pdfObs=(x = 89.4032)
[#0] ERROR:Eval -- RooAbsReal::logEvalError(sigPhysPass) evaluation error, 
 origin       : RooHistPdf::sigPhysPass[ pdfObs=(x) ]
 message      : p.d.f normalization integral is zero or negative: 0
 server values: pdfObs=(x = 89.4828)
[#0] ERROR:Eval -- RooAbsReal::logEvalError(sigPhysPass) evaluation error, 
 origin       : RooHistPdf::sigPhysPass[ pdfObs=(x) ]
 message      : p.d.f normalization integral is zero or negative: 0
 server values: pdfObs=(x = 89.5624)
[#0] ERROR:Eval -- RooAbsReal::logEvalError(sigPhysPass) evaluation error, 
 origin       : RooHistPdf::sigPhysPass[ pdfObs=(x) ]
 message      : p.d.f normalization integral is zero or negative: 0
 server values: pdfObs=(x = 89.6419)
[#0] ERROR:Eval -- RooAbsReal::logEvalError(sigPhysPass) evaluation error, 
 origin       : RooHistPdf::sigPhysPass[ pdfObs=(x) ]
 message      : p.d.f normalization integral is zero or negative: 0
 server values: pdfObs=(x = 89.7215)
[#0] ERROR:Eval -- RooAbsReal::logEvalError(sigPhysPass) evaluation error, 
 origin       : RooHistPdf::sigPhysPass[ pdfObs=(x) ]
 message      : p.d.f normalization integral is zero or negative: 0
 server values: pdfObs=(x = 89.8011)
[#0] ERROR:Eval -- RooAbsReal::logEvalError(sigPhysPass) evaluation error, 
 origin       : RooHistPdf::sigPhysPass[ pdfObs=(x) ]
 message      : p.d.f normalization integral is zero or negative: 0
 server values: pdfObs=(x = 90.6763)
[#0] ERROR:Eval -- RooAbsReal::logEvalError(sigPhysPass) evaluation error, 
 origin       : RooHistPdf::sigPhysPass[ pdfObs=(x) ]
 message      : p.d.f normalization integral is zero or negative: 0
 server values: pdfObs=(x = 90.7559)
[#0] ERROR:Eval -- RooAbsReal::logEvalError(sigPhysPass) evaluation error, 
 origin       : RooHistPdf::sigPhysPass[ pdfObs=(x) ]
 message      : p.d.f normalization integral is zero or negative: 0
 server values: pdfObs=(x = 90.8355)
[#0] ERROR:Eval -- RooAbsReal::logEvalError(sigPhysPass) evaluation error, 
 origin       : RooHistPdf::sigPhysPass[ pdfObs=(x) ]
 message      : p.d.f normalization integral is zero or negative: 0
 server values: pdfObs=(x = 90.9151)
[#0] ERROR:Eval -- RooAbsReal::logEvalError(sigPhysPass) evaluation error, 
 origin       : RooHistPdf::sigPhysPass[ pdfObs=(x) ]
 message      : p.d.f normalization integral is zero or negative: 0
 server values: pdfObs=(x = 90.9946)
[#0] ERROR:Eval -- RooAbsReal::logEvalError(sigPhysPass) evaluation error, 
 origin       : RooHistPdf::sigPhysPass[ pdfObs=(x) ]
 message      : p.d.f normalization integral is zero or negative: 0
 server values: pdfObs=(x = 91.0742)
[#0] ERROR:Eval -- RooAbsReal::logEvalError(sigPhysPass) evaluation error, 
 origin       : RooHistPdf::sigPhysPass[ pdfObs=(x) ]
 message      : p.d.f normalization integral is zero or negative: 0
 server values: pdfObs=(x = 92.1882)
[#0] ERROR:Eval -- RooAbsReal::logEvalError(sigPhysPass) evaluation error, 
 origin       : RooHistPdf::sigPhysPass[ pdfObs=(x) ]
 message      : p.d.f normalization integral is zero or negative: 0
 server values: pdfObs=(x = 92.2677)
[#0] ERROR:Eval -- RooAbsReal::logEvalError(sigPhysPass) evaluation error, 
 origin       : RooHistPdf::sigPhysPass[ pdfObs=(x) ]
 message      : p.d.f normalization integral is zero or negative: 0
 server values: pdfObs=(x = 92.3473)
[#0] ERROR:Eval -- RooAbsReal::logEvalError(sigPhysPass) evaluation error, 
 origin       : RooHistPdf::sigPhysPass[ pdfObs=(x) ]
 message      : p.d.f normalization integral is zero or negative: 0
 server values: pdfObs=(x = 92.4269)
[#0] ERROR:Eval -- RooAbsReal::logEvalError(sigPhysPass) evaluation error, 
 origin       : RooHistPdf::sigPhysPass[ pdfObs=(x) ]
 message      : p.d.f normalization integral is zero or negative: 0
 server values: pdfObs=(x = 92.5065)
[#0] ERROR:Eval -- RooAbsReal::logEvalError(sigPhysPass) evaluation error, 
 origin       : RooHistPdf::sigPhysPass[ pdfObs=(x) ]
 message      : p.d.f normalization integral is zero or negative: 0
 server values: pdfObs=(x = 92.586)
Fit ibin = 13
Warning: non-zero fit status 1
Fit ibin = 23
Warning: non-zero fit status 3
Fit ibin = 33
Ends at  Tue Jul 25 12:45:39 2023
Time took 26.3229718208 seconds.
