000 (310105.000.000) 2023-06-09 14:35:46 Job submitted from host: <172.30.1.200:9618?addrs=172.30.1.200-9618&alias=tamsa2.snu.ac.kr&noUDP&sock=schedd_3510_2582>
...
000 (310105.001.000) 2023-06-09 14:35:46 Job submitted from host: <172.30.1.200:9618?addrs=172.30.1.200-9618&alias=tamsa2.snu.ac.kr&noUDP&sock=schedd_3510_2582>
...
000 (310105.002.000) 2023-06-09 14:35:46 Job submitted from host: <172.30.1.200:9618?addrs=172.30.1.200-9618&alias=tamsa2.snu.ac.kr&noUDP&sock=schedd_3510_2582>
...
000 (310105.003.000) 2023-06-09 14:35:46 Job submitted from host: <172.30.1.200:9618?addrs=172.30.1.200-9618&alias=tamsa2.snu.ac.kr&noUDP&sock=schedd_3510_2582>
...
000 (310105.004.000) 2023-06-09 14:35:46 Job submitted from host: <172.30.1.200:9618?addrs=172.30.1.200-9618&alias=tamsa2.snu.ac.kr&noUDP&sock=schedd_3510_2582>
...
000 (310105.005.000) 2023-06-09 14:35:46 Job submitted from host: <172.30.1.200:9618?addrs=172.30.1.200-9618&alias=tamsa2.snu.ac.kr&noUDP&sock=schedd_3510_2582>
...
000 (310105.006.000) 2023-06-09 14:35:46 Job submitted from host: <172.30.1.200:9618?addrs=172.30.1.200-9618&alias=tamsa2.snu.ac.kr&noUDP&sock=schedd_3510_2582>
...
000 (310105.007.000) 2023-06-09 14:35:46 Job submitted from host: <172.30.1.200:9618?addrs=172.30.1.200-9618&alias=tamsa2.snu.ac.kr&noUDP&sock=schedd_3510_2582>
...
000 (310105.008.000) 2023-06-09 14:35:46 Job submitted from host: <172.30.1.200:9618?addrs=172.30.1.200-9618&alias=tamsa2.snu.ac.kr&noUDP&sock=schedd_3510_2582>
...
000 (310105.009.000) 2023-06-09 14:35:46 Job submitted from host: <172.30.1.200:9618?addrs=172.30.1.200-9618&alias=tamsa2.snu.ac.kr&noUDP&sock=schedd_3510_2582>
...
001 (310105.004.000) 2023-06-09 14:37:17 Job executing on host: <172.30.1.202:9618?addrs=172.30.1.202-9618&alias=node2&noUDP&sock=startd_19693_56a6>
...
040 (310105.009.000) 2023-06-09 14:37:17 Started transferring input files
	Transferring to host: <172.30.1.103:9618?addrs=172.30.1.103-9618&alias=n3&noUDP&sock=slot1_19_3668_300e_8218>
...
040 (310105.009.000) 2023-06-09 14:37:17 Finished transferring input files
...
001 (310105.005.000) 2023-06-09 14:37:17 Job executing on host: <172.30.1.202:9618?addrs=172.30.1.202-9618&alias=node2&noUDP&sock=startd_19693_56a6>
...
001 (310105.006.000) 2023-06-09 14:37:18 Job executing on host: <172.30.1.202:9618?addrs=172.30.1.202-9618&alias=node2&noUDP&sock=startd_19693_56a6>
...
001 (310105.007.000) 2023-06-09 14:37:18 Job executing on host: <172.30.1.202:9618?addrs=172.30.1.202-9618&alias=node2&noUDP&sock=startd_19693_56a6>
...
001 (310105.008.000) 2023-06-09 14:37:18 Job executing on host: <172.30.1.202:9618?addrs=172.30.1.202-9618&alias=node2&noUDP&sock=startd_19693_56a6>
...
001 (310105.003.000) 2023-06-09 14:37:18 Job executing on host: <172.30.1.209:9618?addrs=172.30.1.209-9618&alias=node9&noUDP&sock=startd_3776_99b3>
...
001 (310105.001.000) 2023-06-09 14:37:18 Job executing on host: <172.30.1.209:9618?addrs=172.30.1.209-9618&alias=node9&noUDP&sock=startd_3776_99b3>
...
001 (310105.000.000) 2023-06-09 14:37:18 Job executing on host: <172.30.1.209:9618?addrs=172.30.1.209-9618&alias=node9&noUDP&sock=startd_3776_99b3>
...
001 (310105.002.000) 2023-06-09 14:37:18 Job executing on host: <172.30.1.209:9618?addrs=172.30.1.209-9618&alias=node9&noUDP&sock=startd_3776_99b3>
...
001 (310105.009.000) 2023-06-09 14:37:18 Job executing on host: <172.30.1.103:9618?addrs=172.30.1.103-9618&alias=n3&noUDP&sock=startd_3634_3341>
...
006 (310105.006.000) 2023-06-09 14:37:26 Image size of job updated: 549816
	178  -  MemoryUsage of job (MB)
	181948  -  ResidentSetSize of job (KB)
...
006 (310105.007.000) 2023-06-09 14:37:26 Image size of job updated: 549680
	151  -  MemoryUsage of job (MB)
	153628  -  ResidentSetSize of job (KB)
...
006 (310105.008.000) 2023-06-09 14:37:26 Image size of job updated: 549432
	170  -  MemoryUsage of job (MB)
	173828  -  ResidentSetSize of job (KB)
...
006 (310105.001.000) 2023-06-09 14:37:26 Image size of job updated: 159044
	156  -  MemoryUsage of job (MB)
	159040  -  ResidentSetSize of job (KB)
...
006 (310105.003.000) 2023-06-09 14:37:26 Image size of job updated: 159056
	156  -  MemoryUsage of job (MB)
	159056  -  ResidentSetSize of job (KB)
...
006 (310105.000.000) 2023-06-09 14:37:26 Image size of job updated: 153568
	150  -  MemoryUsage of job (MB)
	153568  -  ResidentSetSize of job (KB)
...
006 (310105.002.000) 2023-06-09 14:37:26 Image size of job updated: 153588
	150  -  MemoryUsage of job (MB)
	153588  -  ResidentSetSize of job (KB)
...
006 (310105.004.000) 2023-06-09 14:37:26 Image size of job updated: 549712
	183  -  MemoryUsage of job (MB)
	186808  -  ResidentSetSize of job (KB)
...
006 (310105.005.000) 2023-06-09 14:37:26 Image size of job updated: 549820
	183  -  MemoryUsage of job (MB)
	186788  -  ResidentSetSize of job (KB)
...
006 (310105.009.000) 2023-06-09 14:37:27 Image size of job updated: 221400
	150  -  MemoryUsage of job (MB)
	153576  -  ResidentSetSize of job (KB)
...
006 (310105.005.000) 2023-06-09 14:38:08 Image size of job updated: 695304
	183  -  MemoryUsage of job (MB)
	186788  -  ResidentSetSize of job (KB)
...
005 (310105.005.000) 2023-06-09 14:38:08 Job terminated.
	(1) Normal termination (return value 0)
		Usr 0 00:00:41, Sys 0 00:00:01  -  Run Remote Usage
		Usr 0 00:00:00, Sys 0 00:00:00  -  Run Local Usage
		Usr 0 00:00:41, Sys 0 00:00:01  -  Total Remote Usage
		Usr 0 00:00:00, Sys 0 00:00:00  -  Total Local Usage
	0  -  Run Bytes Sent By Job
	0  -  Run Bytes Received By Job
	0  -  Total Bytes Sent By Job
	0  -  Total Bytes Received By Job
	Partitionable Resources :    Usage  Request Allocated 
	   Cpus                 :                 1         1 
	   Disk (KB)            :        1        1    128913 
	   Memory (MB)          :      183     3900      3968 

	Job terminated of its own accord at 2023-06-09T05:38:08Z.
...
006 (310105.004.000) 2023-06-09 14:38:19 Image size of job updated: 690896
	183  -  MemoryUsage of job (MB)
	186808  -  ResidentSetSize of job (KB)
...
005 (310105.004.000) 2023-06-09 14:38:19 Job terminated.
	(1) Normal termination (return value 0)
		Usr 0 00:00:56, Sys 0 00:00:01  -  Run Remote Usage
		Usr 0 00:00:00, Sys 0 00:00:00  -  Run Local Usage
		Usr 0 00:00:56, Sys 0 00:00:01  -  Total Remote Usage
		Usr 0 00:00:00, Sys 0 00:00:00  -  Total Local Usage
	0  -  Run Bytes Sent By Job
	0  -  Run Bytes Received By Job
	0  -  Total Bytes Sent By Job
	0  -  Total Bytes Received By Job
	Partitionable Resources :    Usage  Request Allocated 
	   Cpus                 :                 1         1 
	   Disk (KB)            :        1        1    128913 
	   Memory (MB)          :      183     3900      3968 

	Job terminated of its own accord at 2023-06-09T05:38:19Z.
...
006 (310105.001.000) 2023-06-09 14:38:23 Image size of job updated: 690856
	156  -  MemoryUsage of job (MB)
	159048  -  ResidentSetSize of job (KB)
...
005 (310105.001.000) 2023-06-09 14:38:23 Job terminated.
	(1) Normal termination (return value 0)
		Usr 0 00:00:56, Sys 0 00:00:01  -  Run Remote Usage
		Usr 0 00:00:00, Sys 0 00:00:00  -  Run Local Usage
		Usr 0 00:00:56, Sys 0 00:00:01  -  Total Remote Usage
		Usr 0 00:00:00, Sys 0 00:00:00  -  Total Local Usage
	0  -  Run Bytes Sent By Job
	0  -  Run Bytes Received By Job
	0  -  Total Bytes Sent By Job
	0  -  Total Bytes Received By Job
	Partitionable Resources :    Usage  Request Allocated 
	   Cpus                 :                 1         1 
	   Disk (KB)            :        1        1    128928 
	   Memory (MB)          :      156     3900      3968 

	Job terminated of its own accord at 2023-06-09T05:38:23Z.
...
006 (310105.006.000) 2023-06-09 14:38:25 Image size of job updated: 690776
	178  -  MemoryUsage of job (MB)
	181948  -  ResidentSetSize of job (KB)
...
005 (310105.006.000) 2023-06-09 14:38:25 Job terminated.
	(1) Normal termination (return value 0)
		Usr 0 00:01:02, Sys 0 00:00:01  -  Run Remote Usage
		Usr 0 00:00:00, Sys 0 00:00:00  -  Run Local Usage
		Usr 0 00:01:02, Sys 0 00:00:01  -  Total Remote Usage
		Usr 0 00:00:00, Sys 0 00:00:00  -  Total Local Usage
	0  -  Run Bytes Sent By Job
	0  -  Run Bytes Received By Job
	0  -  Total Bytes Sent By Job
	0  -  Total Bytes Received By Job
	Partitionable Resources :    Usage  Request Allocated 
	   Cpus                 :                 1         1 
	   Disk (KB)            :        1        1    128913 
	   Memory (MB)          :      178     3900      3968 

	Job terminated of its own accord at 2023-06-09T05:38:25Z.
...
006 (310105.000.000) 2023-06-09 14:38:35 Image size of job updated: 690836
	150  -  MemoryUsage of job (MB)
	153568  -  ResidentSetSize of job (KB)
...
005 (310105.000.000) 2023-06-09 14:38:35 Job terminated.
	(1) Normal termination (return value 0)
		Usr 0 00:01:08, Sys 0 00:00:01  -  Run Remote Usage
		Usr 0 00:00:00, Sys 0 00:00:00  -  Run Local Usage
		Usr 0 00:01:08, Sys 0 00:00:01  -  Total Remote Usage
		Usr 0 00:00:00, Sys 0 00:00:00  -  Total Local Usage
	0  -  Run Bytes Sent By Job
	0  -  Run Bytes Received By Job
	0  -  Total Bytes Sent By Job
	0  -  Total Bytes Received By Job
	Partitionable Resources :    Usage  Request Allocated 
	   Cpus                 :     1.00        1         1 
	   Disk (KB)            :     1           1    128928 
	   Memory (MB)          :   150        3900      3968 

	Job terminated of its own accord at 2023-06-09T05:38:35Z.
...
006 (310105.007.000) 2023-06-09 14:38:40 Image size of job updated: 691264
	151  -  MemoryUsage of job (MB)
	153632  -  ResidentSetSize of job (KB)
...
005 (310105.007.000) 2023-06-09 14:38:40 Job terminated.
	(1) Normal termination (return value 0)
		Usr 0 00:01:16, Sys 0 00:00:01  -  Run Remote Usage
		Usr 0 00:00:00, Sys 0 00:00:00  -  Run Local Usage
		Usr 0 00:01:16, Sys 0 00:00:01  -  Total Remote Usage
		Usr 0 00:00:00, Sys 0 00:00:00  -  Total Local Usage
	0  -  Run Bytes Sent By Job
	0  -  Run Bytes Received By Job
	0  -  Total Bytes Sent By Job
	0  -  Total Bytes Received By Job
	Partitionable Resources :    Usage  Request Allocated 
	   Cpus                 :                 1         1 
	   Disk (KB)            :        1        1    128913 
	   Memory (MB)          :      151     3900      3968 

	Job terminated of its own accord at 2023-06-09T05:38:40Z.
...
006 (310105.002.000) 2023-06-09 14:38:47 Image size of job updated: 689696
	150  -  MemoryUsage of job (MB)
	153588  -  ResidentSetSize of job (KB)
...
005 (310105.002.000) 2023-06-09 14:38:47 Job terminated.
	(1) Normal termination (return value 0)
		Usr 0 00:01:22, Sys 0 00:00:01  -  Run Remote Usage
		Usr 0 00:00:00, Sys 0 00:00:00  -  Run Local Usage
		Usr 0 00:01:22, Sys 0 00:00:01  -  Total Remote Usage
		Usr 0 00:00:00, Sys 0 00:00:00  -  Total Local Usage
	0  -  Run Bytes Sent By Job
	0  -  Run Bytes Received By Job
	0  -  Total Bytes Sent By Job
	0  -  Total Bytes Received By Job
	Partitionable Resources :    Usage  Request Allocated 
	   Cpus                 :     1.00        1         1 
	   Disk (KB)            :     1           1    128928 
	   Memory (MB)          :   150        3900      3968 

	Job terminated of its own accord at 2023-06-09T05:38:47Z.
...
006 (310105.009.000) 2023-06-09 14:38:58 Image size of job updated: 687964
	150  -  MemoryUsage of job (MB)
	153576  -  ResidentSetSize of job (KB)
...
040 (310105.009.000) 2023-06-09 14:38:58 Started transferring output files
...
040 (310105.009.000) 2023-06-09 14:38:59 Finished transferring output files
...
005 (310105.009.000) 2023-06-09 14:38:59 Job terminated.
	(1) Normal termination (return value 0)
		Usr 0 00:01:30, Sys 0 00:00:02  -  Run Remote Usage
		Usr 0 00:00:00, Sys 0 00:00:00  -  Run Local Usage
		Usr 0 00:01:30, Sys 0 00:00:02  -  Total Remote Usage
		Usr 0 00:00:00, Sys 0 00:00:00  -  Total Local Usage
	5894  -  Run Bytes Sent By Job
	157  -  Run Bytes Received By Job
	5894  -  Total Bytes Sent By Job
	157  -  Total Bytes Received By Job
	Partitionable Resources :    Usage  Request Allocated 
	   Cpus                 :     0.24        1         1 
	   Disk (KB)            :    56           1     61930 
	   Memory (MB)          :   150        3900      3968 

	Job terminated of its own accord at 2023-06-09T05:38:58Z.
...
006 (310105.008.000) 2023-06-09 14:39:02 Image size of job updated: 694376
	170  -  MemoryUsage of job (MB)
	173828  -  ResidentSetSize of job (KB)
...
005 (310105.008.000) 2023-06-09 14:39:02 Job terminated.
	(1) Normal termination (return value 0)
		Usr 0 00:01:34, Sys 0 00:00:01  -  Run Remote Usage
		Usr 0 00:00:00, Sys 0 00:00:00  -  Run Local Usage
		Usr 0 00:01:34, Sys 0 00:00:01  -  Total Remote Usage
		Usr 0 00:00:00, Sys 0 00:00:00  -  Total Local Usage
	0  -  Run Bytes Sent By Job
	0  -  Run Bytes Received By Job
	0  -  Total Bytes Sent By Job
	0  -  Total Bytes Received By Job
	Partitionable Resources :    Usage  Request Allocated 
	   Cpus                 :                 1         1 
	   Disk (KB)            :        1        1    128913 
	   Memory (MB)          :      170     3900      3968 

	Job terminated of its own accord at 2023-06-09T05:39:02Z.
...
006 (310105.003.000) 2023-06-09 14:39:09 Image size of job updated: 689968
	156  -  MemoryUsage of job (MB)
	159104  -  ResidentSetSize of job (KB)
...
005 (310105.003.000) 2023-06-09 14:39:09 Job terminated.
	(1) Normal termination (return value 0)
		Usr 0 00:01:35, Sys 0 00:00:01  -  Run Remote Usage
		Usr 0 00:00:00, Sys 0 00:00:00  -  Run Local Usage
		Usr 0 00:01:35, Sys 0 00:00:01  -  Total Remote Usage
		Usr 0 00:00:00, Sys 0 00:00:00  -  Total Local Usage
	0  -  Run Bytes Sent By Job
	0  -  Run Bytes Received By Job
	0  -  Total Bytes Sent By Job
	0  -  Total Bytes Received By Job
	Partitionable Resources :    Usage  Request Allocated 
	   Cpus                 :     1.00        1         1 
	   Disk (KB)            :     1           1    128928 
	   Memory (MB)          :   156        3900      3968 

	Job terminated of its own accord at 2023-06-09T05:39:09Z.
...
000 (310115.000.000) 2023-06-09 14:54:11 Job submitted from host: <172.30.1.200:9618?addrs=172.30.1.200-9618&alias=tamsa2.snu.ac.kr&noUDP&sock=schedd_3510_2582>
...
000 (310115.001.000) 2023-06-09 14:54:11 Job submitted from host: <172.30.1.200:9618?addrs=172.30.1.200-9618&alias=tamsa2.snu.ac.kr&noUDP&sock=schedd_3510_2582>
...
000 (310115.002.000) 2023-06-09 14:54:11 Job submitted from host: <172.30.1.200:9618?addrs=172.30.1.200-9618&alias=tamsa2.snu.ac.kr&noUDP&sock=schedd_3510_2582>
...
000 (310115.003.000) 2023-06-09 14:54:11 Job submitted from host: <172.30.1.200:9618?addrs=172.30.1.200-9618&alias=tamsa2.snu.ac.kr&noUDP&sock=schedd_3510_2582>
...
000 (310115.004.000) 2023-06-09 14:54:11 Job submitted from host: <172.30.1.200:9618?addrs=172.30.1.200-9618&alias=tamsa2.snu.ac.kr&noUDP&sock=schedd_3510_2582>
...
000 (310115.005.000) 2023-06-09 14:54:11 Job submitted from host: <172.30.1.200:9618?addrs=172.30.1.200-9618&alias=tamsa2.snu.ac.kr&noUDP&sock=schedd_3510_2582>
...
000 (310115.006.000) 2023-06-09 14:54:11 Job submitted from host: <172.30.1.200:9618?addrs=172.30.1.200-9618&alias=tamsa2.snu.ac.kr&noUDP&sock=schedd_3510_2582>
...
000 (310115.007.000) 2023-06-09 14:54:11 Job submitted from host: <172.30.1.200:9618?addrs=172.30.1.200-9618&alias=tamsa2.snu.ac.kr&noUDP&sock=schedd_3510_2582>
...
000 (310115.008.000) 2023-06-09 14:54:11 Job submitted from host: <172.30.1.200:9618?addrs=172.30.1.200-9618&alias=tamsa2.snu.ac.kr&noUDP&sock=schedd_3510_2582>
...
000 (310115.009.000) 2023-06-09 14:54:11 Job submitted from host: <172.30.1.200:9618?addrs=172.30.1.200-9618&alias=tamsa2.snu.ac.kr&noUDP&sock=schedd_3510_2582>
...
001 (310115.001.000) 2023-06-09 14:55:19 Job executing on host: <172.30.1.209:9618?addrs=172.30.1.209-9618&alias=node9&noUDP&sock=startd_3776_99b3>
...
001 (310115.003.000) 2023-06-09 14:55:19 Job executing on host: <172.30.1.209:9618?addrs=172.30.1.209-9618&alias=node9&noUDP&sock=startd_3776_99b3>
...
001 (310115.006.000) 2023-06-09 14:55:19 Job executing on host: <172.30.1.202:9618?addrs=172.30.1.202-9618&alias=node2&noUDP&sock=startd_19693_56a6>
...
001 (310115.002.000) 2023-06-09 14:55:19 Job executing on host: <172.30.1.209:9618?addrs=172.30.1.209-9618&alias=node9&noUDP&sock=startd_3776_99b3>
...
001 (310115.008.000) 2023-06-09 14:55:19 Job executing on host: <172.30.1.202:9618?addrs=172.30.1.202-9618&alias=node2&noUDP&sock=startd_19693_56a6>
...
001 (310115.005.000) 2023-06-09 14:55:19 Job executing on host: <172.30.1.202:9618?addrs=172.30.1.202-9618&alias=node2&noUDP&sock=startd_19693_56a6>
...
001 (310115.009.000) 2023-06-09 14:55:19 Job executing on host: <172.30.1.202:9618?addrs=172.30.1.202-9618&alias=node2&noUDP&sock=startd_19693_56a6>
...
001 (310115.007.000) 2023-06-09 14:55:19 Job executing on host: <172.30.1.202:9618?addrs=172.30.1.202-9618&alias=node2&noUDP&sock=startd_19693_56a6>
...
001 (310115.004.000) 2023-06-09 14:55:19 Job executing on host: <172.30.1.209:9618?addrs=172.30.1.209-9618&alias=node9&noUDP&sock=startd_3776_99b3>
...
001 (310115.000.000) 2023-06-09 14:55:19 Job executing on host: <172.30.1.208:9618?addrs=172.30.1.208-9618&alias=node8&noUDP&sock=startd_3802_6f2a>
...
006 (310115.000.000) 2023-06-09 14:55:28 Image size of job updated: 153008
	150  -  MemoryUsage of job (MB)
	153008  -  ResidentSetSize of job (KB)
...
006 (310115.001.000) 2023-06-09 14:55:28 Image size of job updated: 186792
	183  -  MemoryUsage of job (MB)
	186792  -  ResidentSetSize of job (KB)
...
006 (310115.004.000) 2023-06-09 14:55:28 Image size of job updated: 162036
	159  -  MemoryUsage of job (MB)
	162036  -  ResidentSetSize of job (KB)
...
006 (310115.003.000) 2023-06-09 14:55:28 Image size of job updated: 186784
	183  -  MemoryUsage of job (MB)
	186784  -  ResidentSetSize of job (KB)
...
006 (310115.006.000) 2023-06-09 14:55:28 Image size of job updated: 186808
	183  -  MemoryUsage of job (MB)
	186808  -  ResidentSetSize of job (KB)
...
006 (310115.002.000) 2023-06-09 14:55:28 Image size of job updated: 161300
	158  -  MemoryUsage of job (MB)
	161300  -  ResidentSetSize of job (KB)
...
006 (310115.005.000) 2023-06-09 14:55:28 Image size of job updated: 186796
	183  -  MemoryUsage of job (MB)
	186796  -  ResidentSetSize of job (KB)
...
006 (310115.007.000) 2023-06-09 14:55:28 Image size of job updated: 153636
	151  -  MemoryUsage of job (MB)
	153636  -  ResidentSetSize of job (KB)
...
006 (310115.009.000) 2023-06-09 14:55:28 Image size of job updated: 186792
	183  -  MemoryUsage of job (MB)
	186792  -  ResidentSetSize of job (KB)
...
006 (310115.008.000) 2023-06-09 14:55:28 Image size of job updated: 165844
	162  -  MemoryUsage of job (MB)
	165844  -  ResidentSetSize of job (KB)
...
006 (310115.006.000) 2023-06-09 14:56:16 Image size of job updated: 687896
	183  -  MemoryUsage of job (MB)
	186808  -  ResidentSetSize of job (KB)
...
005 (310115.006.000) 2023-06-09 14:56:16 Job terminated.
	(1) Normal termination (return value 0)
		Usr 0 00:00:47, Sys 0 00:00:01  -  Run Remote Usage
		Usr 0 00:00:00, Sys 0 00:00:00  -  Run Local Usage
		Usr 0 00:00:47, Sys 0 00:00:01  -  Total Remote Usage
		Usr 0 00:00:00, Sys 0 00:00:00  -  Total Local Usage
	0  -  Run Bytes Sent By Job
	0  -  Run Bytes Received By Job
	0  -  Total Bytes Sent By Job
	0  -  Total Bytes Received By Job
	Partitionable Resources :    Usage  Request Allocated 
	   Cpus                 :                 1         1 
	   Disk (KB)            :        1        1    128913 
	   Memory (MB)          :      183     3900      3968 

	Job terminated of its own accord at 2023-06-09T05:56:16Z.
...
006 (310115.009.000) 2023-06-09 14:56:32 Image size of job updated: 689892
	183  -  MemoryUsage of job (MB)
	186792  -  ResidentSetSize of job (KB)
...
005 (310115.009.000) 2023-06-09 14:56:32 Job terminated.
	(1) Normal termination (return value 0)
		Usr 0 00:01:06, Sys 0 00:00:01  -  Run Remote Usage
		Usr 0 00:00:00, Sys 0 00:00:00  -  Run Local Usage
		Usr 0 00:01:06, Sys 0 00:00:01  -  Total Remote Usage
		Usr 0 00:00:00, Sys 0 00:00:00  -  Total Local Usage
	0  -  Run Bytes Sent By Job
	0  -  Run Bytes Received By Job
	0  -  Total Bytes Sent By Job
	0  -  Total Bytes Received By Job
	Partitionable Resources :    Usage  Request Allocated 
	   Cpus                 :                 1         1 
	   Disk (KB)            :        1        1    128913 
	   Memory (MB)          :      183     3900      3968 

	Job terminated of its own accord at 2023-06-09T05:56:32Z.
...
006 (310115.003.000) 2023-06-09 14:56:33 Image size of job updated: 689604
	183  -  MemoryUsage of job (MB)
	186784  -  ResidentSetSize of job (KB)
...
005 (310115.003.000) 2023-06-09 14:56:33 Job terminated.
	(1) Normal termination (return value 0)
		Usr 0 00:01:04, Sys 0 00:00:01  -  Run Remote Usage
		Usr 0 00:00:00, Sys 0 00:00:00  -  Run Local Usage
		Usr 0 00:01:04, Sys 0 00:00:01  -  Total Remote Usage
		Usr 0 00:00:00, Sys 0 00:00:00  -  Total Local Usage
	0  -  Run Bytes Sent By Job
	0  -  Run Bytes Received By Job
	0  -  Total Bytes Sent By Job
	0  -  Total Bytes Received By Job
	Partitionable Resources :    Usage  Request Allocated 
	   Cpus                 :                 1         1 
	   Disk (KB)            :        1        1    128928 
	   Memory (MB)          :      183     3900      3968 

	Job terminated of its own accord at 2023-06-09T05:56:33Z.
...
006 (310115.002.000) 2023-06-09 14:56:36 Image size of job updated: 692612
	158  -  MemoryUsage of job (MB)
	161352  -  ResidentSetSize of job (KB)
...
006 (310115.001.000) 2023-06-09 14:56:36 Image size of job updated: 690880
	183  -  MemoryUsage of job (MB)
	186792  -  ResidentSetSize of job (KB)
...
006 (310115.004.000) 2023-06-09 14:56:36 Image size of job updated: 691264
	159  -  MemoryUsage of job (MB)
	162072  -  ResidentSetSize of job (KB)
...
005 (310115.002.000) 2023-06-09 14:56:36 Job terminated.
	(1) Normal termination (return value 0)
		Usr 0 00:01:06, Sys 0 00:00:01  -  Run Remote Usage
		Usr 0 00:00:00, Sys 0 00:00:00  -  Run Local Usage
		Usr 0 00:01:06, Sys 0 00:00:01  -  Total Remote Usage
		Usr 0 00:00:00, Sys 0 00:00:00  -  Total Local Usage
	0  -  Run Bytes Sent By Job
	0  -  Run Bytes Received By Job
	0  -  Total Bytes Sent By Job
	0  -  Total Bytes Received By Job
	Partitionable Resources :    Usage  Request Allocated 
	   Cpus                 :                 1         1 
	   Disk (KB)            :        1        1    128928 
	   Memory (MB)          :      158     3900      3968 

	Job terminated of its own accord at 2023-06-09T05:56:36Z.
...
005 (310115.001.000) 2023-06-09 14:56:36 Job terminated.
	(1) Normal termination (return value 0)
		Usr 0 00:01:09, Sys 0 00:00:01  -  Run Remote Usage
		Usr 0 00:00:00, Sys 0 00:00:00  -  Run Local Usage
		Usr 0 00:01:09, Sys 0 00:00:01  -  Total Remote Usage
		Usr 0 00:00:00, Sys 0 00:00:00  -  Total Local Usage
	0  -  Run Bytes Sent By Job
	0  -  Run Bytes Received By Job
	0  -  Total Bytes Sent By Job
	0  -  Total Bytes Received By Job
	Partitionable Resources :    Usage  Request Allocated 
	   Cpus                 :                 1         1 
	   Disk (KB)            :        1        1    128928 
	   Memory (MB)          :      183     3900      3968 

	Job terminated of its own accord at 2023-06-09T05:56:36Z.
...
005 (310115.004.000) 2023-06-09 14:56:36 Job terminated.
	(1) Normal termination (return value 0)
		Usr 0 00:01:07, Sys 0 00:00:01  -  Run Remote Usage
		Usr 0 00:00:00, Sys 0 00:00:00  -  Run Local Usage
		Usr 0 00:01:07, Sys 0 00:00:01  -  Total Remote Usage
		Usr 0 00:00:00, Sys 0 00:00:00  -  Total Local Usage
	0  -  Run Bytes Sent By Job
	0  -  Run Bytes Received By Job
	0  -  Total Bytes Sent By Job
	0  -  Total Bytes Received By Job
	Partitionable Resources :    Usage  Request Allocated 
	   Cpus                 :                 1         1 
	   Disk (KB)            :        1        1    128928 
	   Memory (MB)          :      159     3900      3968 

	Job terminated of its own accord at 2023-06-09T05:56:36Z.
...
006 (310115.005.000) 2023-06-09 14:56:38 Image size of job updated: 686464
	183  -  MemoryUsage of job (MB)
	186796  -  ResidentSetSize of job (KB)
...
005 (310115.005.000) 2023-06-09 14:56:38 Job terminated.
	(1) Normal termination (return value 0)
		Usr 0 00:01:09, Sys 0 00:00:01  -  Run Remote Usage
		Usr 0 00:00:00, Sys 0 00:00:00  -  Run Local Usage
		Usr 0 00:01:09, Sys 0 00:00:01  -  Total Remote Usage
		Usr 0 00:00:00, Sys 0 00:00:00  -  Total Local Usage
	0  -  Run Bytes Sent By Job
	0  -  Run Bytes Received By Job
	0  -  Total Bytes Sent By Job
	0  -  Total Bytes Received By Job
	Partitionable Resources :    Usage  Request Allocated 
	   Cpus                 :                 1         1 
	   Disk (KB)            :        1        1    128913 
	   Memory (MB)          :      183     3900      3968 

	Job terminated of its own accord at 2023-06-09T05:56:38Z.
...
006 (310115.007.000) 2023-06-09 14:56:41 Image size of job updated: 690924
	151  -  MemoryUsage of job (MB)
	153636  -  ResidentSetSize of job (KB)
...
005 (310115.007.000) 2023-06-09 14:56:41 Job terminated.
	(1) Normal termination (return value 0)
		Usr 0 00:01:12, Sys 0 00:00:01  -  Run Remote Usage
		Usr 0 00:00:00, Sys 0 00:00:00  -  Run Local Usage
		Usr 0 00:01:12, Sys 0 00:00:01  -  Total Remote Usage
		Usr 0 00:00:00, Sys 0 00:00:00  -  Total Local Usage
	0  -  Run Bytes Sent By Job
	0  -  Run Bytes Received By Job
	0  -  Total Bytes Sent By Job
	0  -  Total Bytes Received By Job
	Partitionable Resources :    Usage  Request Allocated 
	   Cpus                 :                 1         1 
	   Disk (KB)            :        1        1    128913 
	   Memory (MB)          :      151     3900      3968 

	Job terminated of its own accord at 2023-06-09T05:56:41Z.
...
006 (310115.000.000) 2023-06-09 14:56:46 Image size of job updated: 688080
	150  -  MemoryUsage of job (MB)
	153008  -  ResidentSetSize of job (KB)
...
005 (310115.000.000) 2023-06-09 14:56:46 Job terminated.
	(1) Normal termination (return value 0)
		Usr 0 00:01:13, Sys 0 00:00:01  -  Run Remote Usage
		Usr 0 00:00:00, Sys 0 00:00:00  -  Run Local Usage
		Usr 0 00:01:13, Sys 0 00:00:01  -  Total Remote Usage
		Usr 0 00:00:00, Sys 0 00:00:00  -  Total Local Usage
	0  -  Run Bytes Sent By Job
	0  -  Run Bytes Received By Job
	0  -  Total Bytes Sent By Job
	0  -  Total Bytes Received By Job
	Partitionable Resources :    Usage  Request Allocated 
	   Cpus                 :                 1         1 
	   Disk (KB)            :        1        1    128928 
	   Memory (MB)          :      150     3900      3968 

	Job terminated of its own accord at 2023-06-09T05:56:46Z.
...
006 (310115.008.000) 2023-06-09 14:56:59 Image size of job updated: 690960
	162  -  MemoryUsage of job (MB)
	165848  -  ResidentSetSize of job (KB)
...
005 (310115.008.000) 2023-06-09 14:56:59 Job terminated.
	(1) Normal termination (return value 0)
		Usr 0 00:01:29, Sys 0 00:00:01  -  Run Remote Usage
		Usr 0 00:00:00, Sys 0 00:00:00  -  Run Local Usage
		Usr 0 00:01:29, Sys 0 00:00:01  -  Total Remote Usage
		Usr 0 00:00:00, Sys 0 00:00:00  -  Total Local Usage
	0  -  Run Bytes Sent By Job
	0  -  Run Bytes Received By Job
	0  -  Total Bytes Sent By Job
	0  -  Total Bytes Received By Job
	Partitionable Resources :    Usage  Request Allocated 
	   Cpus                 :                 1         1 
	   Disk (KB)            :        1        1    128913 
	   Memory (MB)          :      162     3900      3968 

	Job terminated of its own accord at 2023-06-09T05:56:59Z.
...
000 (310155.000.000) 2023-06-09 15:39:27 Job submitted from host: <172.30.1.200:9618?addrs=172.30.1.200-9618&alias=tamsa2.snu.ac.kr&noUDP&sock=schedd_3510_2582>
...
000 (310155.001.000) 2023-06-09 15:39:27 Job submitted from host: <172.30.1.200:9618?addrs=172.30.1.200-9618&alias=tamsa2.snu.ac.kr&noUDP&sock=schedd_3510_2582>
...
000 (310155.002.000) 2023-06-09 15:39:27 Job submitted from host: <172.30.1.200:9618?addrs=172.30.1.200-9618&alias=tamsa2.snu.ac.kr&noUDP&sock=schedd_3510_2582>
...
000 (310155.003.000) 2023-06-09 15:39:27 Job submitted from host: <172.30.1.200:9618?addrs=172.30.1.200-9618&alias=tamsa2.snu.ac.kr&noUDP&sock=schedd_3510_2582>
...
000 (310155.004.000) 2023-06-09 15:39:27 Job submitted from host: <172.30.1.200:9618?addrs=172.30.1.200-9618&alias=tamsa2.snu.ac.kr&noUDP&sock=schedd_3510_2582>
...
000 (310155.005.000) 2023-06-09 15:39:27 Job submitted from host: <172.30.1.200:9618?addrs=172.30.1.200-9618&alias=tamsa2.snu.ac.kr&noUDP&sock=schedd_3510_2582>
...
000 (310155.006.000) 2023-06-09 15:39:27 Job submitted from host: <172.30.1.200:9618?addrs=172.30.1.200-9618&alias=tamsa2.snu.ac.kr&noUDP&sock=schedd_3510_2582>
...
000 (310155.007.000) 2023-06-09 15:39:27 Job submitted from host: <172.30.1.200:9618?addrs=172.30.1.200-9618&alias=tamsa2.snu.ac.kr&noUDP&sock=schedd_3510_2582>
...
000 (310155.008.000) 2023-06-09 15:39:27 Job submitted from host: <172.30.1.200:9618?addrs=172.30.1.200-9618&alias=tamsa2.snu.ac.kr&noUDP&sock=schedd_3510_2582>
...
000 (310155.009.000) 2023-06-09 15:39:27 Job submitted from host: <172.30.1.200:9618?addrs=172.30.1.200-9618&alias=tamsa2.snu.ac.kr&noUDP&sock=schedd_3510_2582>
...
001 (310155.000.000) 2023-06-09 15:39:40 Job executing on host: <172.30.1.203:9618?addrs=172.30.1.203-9618&alias=node3&noUDP&sock=startd_3773_8aeb>
...
001 (310155.008.000) 2023-06-09 15:39:40 Job executing on host: <172.30.1.204:9618?addrs=172.30.1.204-9618&alias=node4&noUDP&sock=startd_3843_8e8c>
...
001 (310155.001.000) 2023-06-09 15:39:40 Job executing on host: <172.30.1.203:9618?addrs=172.30.1.203-9618&alias=node3&noUDP&sock=startd_3773_8aeb>
...
001 (310155.009.000) 2023-06-09 15:39:40 Job executing on host: <172.30.1.204:9618?addrs=172.30.1.204-9618&alias=node4&noUDP&sock=startd_3843_8e8c>
...
001 (310155.002.000) 2023-06-09 15:39:40 Job executing on host: <172.30.1.203:9618?addrs=172.30.1.203-9618&alias=node3&noUDP&sock=startd_3773_8aeb>
...
001 (310155.003.000) 2023-06-09 15:39:40 Job executing on host: <172.30.1.203:9618?addrs=172.30.1.203-9618&alias=node3&noUDP&sock=startd_3773_8aeb>
...
001 (310155.004.000) 2023-06-09 15:39:40 Job executing on host: <172.30.1.203:9618?addrs=172.30.1.203-9618&alias=node3&noUDP&sock=startd_3773_8aeb>
...
001 (310155.005.000) 2023-06-09 15:39:40 Job executing on host: <172.30.1.203:9618?addrs=172.30.1.203-9618&alias=node3&noUDP&sock=startd_3773_8aeb>
...
001 (310155.006.000) 2023-06-09 15:39:40 Job executing on host: <172.30.1.203:9618?addrs=172.30.1.203-9618&alias=node3&noUDP&sock=startd_3773_8aeb>
...
001 (310155.007.000) 2023-06-09 15:39:41 Job executing on host: <172.30.1.203:9618?addrs=172.30.1.203-9618&alias=node3&noUDP&sock=startd_3773_8aeb>
...
006 (310155.006.000) 2023-06-09 15:39:49 Image size of job updated: 171284
	168  -  MemoryUsage of job (MB)
	171284  -  ResidentSetSize of job (KB)
...
006 (310155.007.000) 2023-06-09 15:39:49 Image size of job updated: 154736
	152  -  MemoryUsage of job (MB)
	154736  -  ResidentSetSize of job (KB)
...
006 (310155.008.000) 2023-06-09 15:39:49 Image size of job updated: 317632
	183  -  MemoryUsage of job (MB)
	186820  -  ResidentSetSize of job (KB)
...
006 (310155.009.000) 2023-06-09 15:39:49 Image size of job updated: 317632
	183  -  MemoryUsage of job (MB)
	186864  -  ResidentSetSize of job (KB)
...
006 (310155.000.000) 2023-06-09 15:39:49 Image size of job updated: 186728
	183  -  MemoryUsage of job (MB)
	186728  -  ResidentSetSize of job (KB)
...
006 (310155.001.000) 2023-06-09 15:39:49 Image size of job updated: 184708
	181  -  MemoryUsage of job (MB)
	184708  -  ResidentSetSize of job (KB)
...
006 (310155.002.000) 2023-06-09 15:39:49 Image size of job updated: 184724
	181  -  MemoryUsage of job (MB)
	184724  -  ResidentSetSize of job (KB)
...
006 (310155.003.000) 2023-06-09 15:39:49 Image size of job updated: 185500
	182  -  MemoryUsage of job (MB)
	185500  -  ResidentSetSize of job (KB)
...
006 (310155.004.000) 2023-06-09 15:39:49 Image size of job updated: 186800
	183  -  MemoryUsage of job (MB)
	186800  -  ResidentSetSize of job (KB)
...
006 (310155.005.000) 2023-06-09 15:39:49 Image size of job updated: 186788
	183  -  MemoryUsage of job (MB)
	186788  -  ResidentSetSize of job (KB)
...
006 (310155.004.000) 2023-06-09 15:40:27 Image size of job updated: 689768
	183  -  MemoryUsage of job (MB)
	186800  -  ResidentSetSize of job (KB)
...
005 (310155.004.000) 2023-06-09 15:40:27 Job terminated.
	(1) Normal termination (return value 0)
		Usr 0 00:00:41, Sys 0 00:00:01  -  Run Remote Usage
		Usr 0 00:00:00, Sys 0 00:00:00  -  Run Local Usage
		Usr 0 00:00:41, Sys 0 00:00:01  -  Total Remote Usage
		Usr 0 00:00:00, Sys 0 00:00:00  -  Total Local Usage
	0  -  Run Bytes Sent By Job
	0  -  Run Bytes Received By Job
	0  -  Total Bytes Sent By Job
	0  -  Total Bytes Received By Job
	Partitionable Resources :    Usage  Request Allocated 
	   Cpus                 :                 1         1 
	   Disk (KB)            :        1        1    128928 
	   Memory (MB)          :      183     3900      3968 

	Job terminated of its own accord at 2023-06-09T06:40:27Z.
...
006 (310155.006.000) 2023-06-09 15:40:30 Image size of job updated: 690788
	168  -  MemoryUsage of job (MB)
	171284  -  ResidentSetSize of job (KB)
...
005 (310155.006.000) 2023-06-09 15:40:30 Job terminated.
	(1) Normal termination (return value 0)
		Usr 0 00:00:43, Sys 0 00:00:01  -  Run Remote Usage
		Usr 0 00:00:00, Sys 0 00:00:00  -  Run Local Usage
		Usr 0 00:00:43, Sys 0 00:00:01  -  Total Remote Usage
		Usr 0 00:00:00, Sys 0 00:00:00  -  Total Local Usage
	0  -  Run Bytes Sent By Job
	0  -  Run Bytes Received By Job
	0  -  Total Bytes Sent By Job
	0  -  Total Bytes Received By Job
	Partitionable Resources :    Usage  Request Allocated 
	   Cpus                 :                 1         1 
	   Disk (KB)            :        1        1    128928 
	   Memory (MB)          :      168     3900      3968 

	Job terminated of its own accord at 2023-06-09T06:40:30Z.
...
006 (310155.009.000) 2023-06-09 15:40:38 Image size of job updated: 690856
	183  -  MemoryUsage of job (MB)
	186864  -  ResidentSetSize of job (KB)
...
005 (310155.009.000) 2023-06-09 15:40:38 Job terminated.
	(1) Normal termination (return value 0)
		Usr 0 00:00:49, Sys 0 00:00:01  -  Run Remote Usage
		Usr 0 00:00:00, Sys 0 00:00:00  -  Run Local Usage
		Usr 0 00:00:49, Sys 0 00:00:01  -  Total Remote Usage
		Usr 0 00:00:00, Sys 0 00:00:00  -  Total Local Usage
	0  -  Run Bytes Sent By Job
	0  -  Run Bytes Received By Job
	0  -  Total Bytes Sent By Job
	0  -  Total Bytes Received By Job
	Partitionable Resources :    Usage  Request Allocated 
	   Cpus                 :                 1         1 
	   Disk (KB)            :        1        1    128928 
	   Memory (MB)          :      183     3900      3968 

	Job terminated of its own accord at 2023-06-09T06:40:38Z.
...
006 (310155.002.000) 2023-06-09 15:40:45 Image size of job updated: 685620
	181  -  MemoryUsage of job (MB)
	184724  -  ResidentSetSize of job (KB)
...
005 (310155.002.000) 2023-06-09 15:40:45 Job terminated.
	(1) Normal termination (return value 0)
		Usr 0 00:00:57, Sys 0 00:00:01  -  Run Remote Usage
		Usr 0 00:00:00, Sys 0 00:00:00  -  Run Local Usage
		Usr 0 00:00:57, Sys 0 00:00:01  -  Total Remote Usage
		Usr 0 00:00:00, Sys 0 00:00:00  -  Total Local Usage
	0  -  Run Bytes Sent By Job
	0  -  Run Bytes Received By Job
	0  -  Total Bytes Sent By Job
	0  -  Total Bytes Received By Job
	Partitionable Resources :    Usage  Request Allocated 
	   Cpus                 :                 1         1 
	   Disk (KB)            :        1        1    128928 
	   Memory (MB)          :      181     3900      3968 

	Job terminated of its own accord at 2023-06-09T06:40:45Z.
...
006 (310155.003.000) 2023-06-09 15:40:45 Image size of job updated: 690312
	182  -  MemoryUsage of job (MB)
	185500  -  ResidentSetSize of job (KB)
...
005 (310155.003.000) 2023-06-09 15:40:45 Job terminated.
	(1) Normal termination (return value 0)
		Usr 0 00:00:56, Sys 0 00:00:01  -  Run Remote Usage
		Usr 0 00:00:00, Sys 0 00:00:00  -  Run Local Usage
		Usr 0 00:00:56, Sys 0 00:00:01  -  Total Remote Usage
		Usr 0 00:00:00, Sys 0 00:00:00  -  Total Local Usage
	0  -  Run Bytes Sent By Job
	0  -  Run Bytes Received By Job
	0  -  Total Bytes Sent By Job
	0  -  Total Bytes Received By Job
	Partitionable Resources :    Usage  Request Allocated 
	   Cpus                 :                 1         1 
	   Disk (KB)            :        1        1    128928 
	   Memory (MB)          :      182     3900      3968 

	Job terminated of its own accord at 2023-06-09T06:40:45Z.
...
006 (310155.005.000) 2023-06-09 15:40:46 Image size of job updated: 690824
	183  -  MemoryUsage of job (MB)
	186788  -  ResidentSetSize of job (KB)
...
005 (310155.005.000) 2023-06-09 15:40:46 Job terminated.
	(1) Normal termination (return value 0)
		Usr 0 00:01:00, Sys 0 00:00:01  -  Run Remote Usage
		Usr 0 00:00:00, Sys 0 00:00:00  -  Run Local Usage
		Usr 0 00:01:00, Sys 0 00:00:01  -  Total Remote Usage
		Usr 0 00:00:00, Sys 0 00:00:00  -  Total Local Usage
	0  -  Run Bytes Sent By Job
	0  -  Run Bytes Received By Job
	0  -  Total Bytes Sent By Job
	0  -  Total Bytes Received By Job
	Partitionable Resources :    Usage  Request Allocated 
	   Cpus                 :                 1         1 
	   Disk (KB)            :        1        1    128928 
	   Memory (MB)          :      183     3900      3968 

	Job terminated of its own accord at 2023-06-09T06:40:46Z.
...
006 (310155.007.000) 2023-06-09 15:40:47 Image size of job updated: 688164
	152  -  MemoryUsage of job (MB)
	154736  -  ResidentSetSize of job (KB)
...
005 (310155.007.000) 2023-06-09 15:40:47 Job terminated.
	(1) Normal termination (return value 0)
		Usr 0 00:01:02, Sys 0 00:00:01  -  Run Remote Usage
		Usr 0 00:00:00, Sys 0 00:00:00  -  Run Local Usage
		Usr 0 00:01:02, Sys 0 00:00:01  -  Total Remote Usage
		Usr 0 00:00:00, Sys 0 00:00:00  -  Total Local Usage
	0  -  Run Bytes Sent By Job
	0  -  Run Bytes Received By Job
	0  -  Total Bytes Sent By Job
	0  -  Total Bytes Received By Job
	Partitionable Resources :    Usage  Request Allocated 
	   Cpus                 :                 1         1 
	   Disk (KB)            :        1        1    128928 
	   Memory (MB)          :      152     3900      3968 

	Job terminated of its own accord at 2023-06-09T06:40:47Z.
...
006 (310155.008.000) 2023-06-09 15:40:48 Image size of job updated: 690832
	183  -  MemoryUsage of job (MB)
	186820  -  ResidentSetSize of job (KB)
...
005 (310155.008.000) 2023-06-09 15:40:48 Job terminated.
	(1) Normal termination (return value 0)
		Usr 0 00:01:01, Sys 0 00:00:01  -  Run Remote Usage
		Usr 0 00:00:00, Sys 0 00:00:00  -  Run Local Usage
		Usr 0 00:01:01, Sys 0 00:00:01  -  Total Remote Usage
		Usr 0 00:00:00, Sys 0 00:00:00  -  Total Local Usage
	0  -  Run Bytes Sent By Job
	0  -  Run Bytes Received By Job
	0  -  Total Bytes Sent By Job
	0  -  Total Bytes Received By Job
	Partitionable Resources :    Usage  Request Allocated 
	   Cpus                 :                 1         1 
	   Disk (KB)            :        1        1    128928 
	   Memory (MB)          :      183     3900      3968 

	Job terminated of its own accord at 2023-06-09T06:40:48Z.
...
006 (310155.001.000) 2023-06-09 15:40:49 Image size of job updated: 690868
	181  -  MemoryUsage of job (MB)
	184708  -  ResidentSetSize of job (KB)
...
005 (310155.001.000) 2023-06-09 15:40:49 Job terminated.
	(1) Normal termination (return value 0)
		Usr 0 00:01:03, Sys 0 00:00:01  -  Run Remote Usage
		Usr 0 00:00:00, Sys 0 00:00:00  -  Run Local Usage
		Usr 0 00:01:03, Sys 0 00:00:01  -  Total Remote Usage
		Usr 0 00:00:00, Sys 0 00:00:00  -  Total Local Usage
	0  -  Run Bytes Sent By Job
	0  -  Run Bytes Received By Job
	0  -  Total Bytes Sent By Job
	0  -  Total Bytes Received By Job
	Partitionable Resources :    Usage  Request Allocated 
	   Cpus                 :                 1         1 
	   Disk (KB)            :        1        1    128928 
	   Memory (MB)          :      181     3900      3968 

	Job terminated of its own accord at 2023-06-09T06:40:49Z.
...
006 (310155.000.000) 2023-06-09 15:40:53 Image size of job updated: 688024
	183  -  MemoryUsage of job (MB)
	186728  -  ResidentSetSize of job (KB)
...
005 (310155.000.000) 2023-06-09 15:40:53 Job terminated.
	(1) Normal termination (return value 0)
		Usr 0 00:01:03, Sys 0 00:00:01  -  Run Remote Usage
		Usr 0 00:00:00, Sys 0 00:00:00  -  Run Local Usage
		Usr 0 00:01:03, Sys 0 00:00:01  -  Total Remote Usage
		Usr 0 00:00:00, Sys 0 00:00:00  -  Total Local Usage
	0  -  Run Bytes Sent By Job
	0  -  Run Bytes Received By Job
	0  -  Total Bytes Sent By Job
	0  -  Total Bytes Received By Job
	Partitionable Resources :    Usage  Request Allocated 
	   Cpus                 :                 1         1 
	   Disk (KB)            :        1        1    128928 
	   Memory (MB)          :      183     3900      3968 

	Job terminated of its own accord at 2023-06-09T06:40:53Z.
...
