000 (311011.000.000) 2023-06-12 17:19:54 Job submitted from host: <172.30.1.200:9618?addrs=172.30.1.200-9618&alias=tamsa2.snu.ac.kr&noUDP&sock=schedd_3510_2582>
...
000 (311011.001.000) 2023-06-12 17:19:54 Job submitted from host: <172.30.1.200:9618?addrs=172.30.1.200-9618&alias=tamsa2.snu.ac.kr&noUDP&sock=schedd_3510_2582>
...
000 (311011.002.000) 2023-06-12 17:19:54 Job submitted from host: <172.30.1.200:9618?addrs=172.30.1.200-9618&alias=tamsa2.snu.ac.kr&noUDP&sock=schedd_3510_2582>
...
000 (311011.003.000) 2023-06-12 17:19:54 Job submitted from host: <172.30.1.200:9618?addrs=172.30.1.200-9618&alias=tamsa2.snu.ac.kr&noUDP&sock=schedd_3510_2582>
...
000 (311011.004.000) 2023-06-12 17:19:54 Job submitted from host: <172.30.1.200:9618?addrs=172.30.1.200-9618&alias=tamsa2.snu.ac.kr&noUDP&sock=schedd_3510_2582>
...
000 (311011.005.000) 2023-06-12 17:19:54 Job submitted from host: <172.30.1.200:9618?addrs=172.30.1.200-9618&alias=tamsa2.snu.ac.kr&noUDP&sock=schedd_3510_2582>
...
000 (311011.006.000) 2023-06-12 17:19:54 Job submitted from host: <172.30.1.200:9618?addrs=172.30.1.200-9618&alias=tamsa2.snu.ac.kr&noUDP&sock=schedd_3510_2582>
...
000 (311011.007.000) 2023-06-12 17:19:54 Job submitted from host: <172.30.1.200:9618?addrs=172.30.1.200-9618&alias=tamsa2.snu.ac.kr&noUDP&sock=schedd_3510_2582>
...
000 (311011.008.000) 2023-06-12 17:19:54 Job submitted from host: <172.30.1.200:9618?addrs=172.30.1.200-9618&alias=tamsa2.snu.ac.kr&noUDP&sock=schedd_3510_2582>
...
000 (311011.009.000) 2023-06-12 17:19:54 Job submitted from host: <172.30.1.200:9618?addrs=172.30.1.200-9618&alias=tamsa2.snu.ac.kr&noUDP&sock=schedd_3510_2582>
...
040 (311011.000.000) 2023-06-12 17:20:08 Started transferring input files
	Transferring to host: <172.30.1.102:9618?addrs=172.30.1.102-9618&alias=n2&noUDP&sock=slot1_32_3347_03a1_18591>
...
040 (311011.000.000) 2023-06-12 17:20:08 Finished transferring input files
...
040 (311011.001.000) 2023-06-12 17:20:08 Started transferring input files
	Transferring to host: <172.30.1.102:9618?addrs=172.30.1.102-9618&alias=n2&noUDP&sock=slot1_33_3347_03a1_18592>
...
040 (311011.002.000) 2023-06-12 17:20:08 Started transferring input files
	Transferring to host: <172.30.1.102:9618?addrs=172.30.1.102-9618&alias=n2&noUDP&sock=slot1_34_3347_03a1_18593>
...
040 (311011.001.000) 2023-06-12 17:20:08 Finished transferring input files
...
040 (311011.002.000) 2023-06-12 17:20:08 Finished transferring input files
...
040 (311011.003.000) 2023-06-12 17:20:08 Started transferring input files
	Transferring to host: <172.30.1.102:9618?addrs=172.30.1.102-9618&alias=n2&noUDP&sock=slot1_36_3347_03a1_18594>
...
040 (311011.003.000) 2023-06-12 17:20:08 Finished transferring input files
...
040 (311011.004.000) 2023-06-12 17:20:09 Started transferring input files
	Transferring to host: <172.30.1.102:9618?addrs=172.30.1.102-9618&alias=n2&noUDP&sock=slot1_38_3347_03a1_18595>
...
040 (311011.004.000) 2023-06-12 17:20:09 Finished transferring input files
...
040 (311011.005.000) 2023-06-12 17:20:09 Started transferring input files
	Transferring to host: <172.30.1.102:9618?addrs=172.30.1.102-9618&alias=n2&noUDP&sock=slot1_39_3347_03a1_18596>
...
040 (311011.005.000) 2023-06-12 17:20:09 Finished transferring input files
...
001 (311011.000.000) 2023-06-12 17:20:09 Job executing on host: <172.30.1.102:9618?addrs=172.30.1.102-9618&alias=n2&noUDP&sock=startd_3313_055a>
...
040 (311011.006.000) 2023-06-12 17:20:09 Started transferring input files
	Transferring to host: <172.30.1.102:9618?addrs=172.30.1.102-9618&alias=n2&noUDP&sock=slot1_40_3347_03a1_18597>
...
040 (311011.006.000) 2023-06-12 17:20:09 Finished transferring input files
...
040 (311011.007.000) 2023-06-12 17:20:09 Started transferring input files
	Transferring to host: <172.30.1.102:9618?addrs=172.30.1.102-9618&alias=n2&noUDP&sock=slot1_41_3347_03a1_18598>
...
040 (311011.007.000) 2023-06-12 17:20:09 Finished transferring input files
...
040 (311011.008.000) 2023-06-12 17:20:09 Started transferring input files
	Transferring to host: <172.30.1.102:9618?addrs=172.30.1.102-9618&alias=n2&noUDP&sock=slot1_42_3347_03a1_18599>
...
040 (311011.008.000) 2023-06-12 17:20:09 Finished transferring input files
...
040 (311011.009.000) 2023-06-12 17:20:09 Started transferring input files
	Transferring to host: <172.30.1.102:9618?addrs=172.30.1.102-9618&alias=n2&noUDP&sock=slot1_43_3347_03a1_18600>
...
040 (311011.009.000) 2023-06-12 17:20:09 Finished transferring input files
...
001 (311011.001.000) 2023-06-12 17:20:09 Job executing on host: <172.30.1.102:9618?addrs=172.30.1.102-9618&alias=n2&noUDP&sock=startd_3313_055a>
...
001 (311011.002.000) 2023-06-12 17:20:09 Job executing on host: <172.30.1.102:9618?addrs=172.30.1.102-9618&alias=n2&noUDP&sock=startd_3313_055a>
...
001 (311011.003.000) 2023-06-12 17:20:09 Job executing on host: <172.30.1.102:9618?addrs=172.30.1.102-9618&alias=n2&noUDP&sock=startd_3313_055a>
...
001 (311011.004.000) 2023-06-12 17:20:10 Job executing on host: <172.30.1.102:9618?addrs=172.30.1.102-9618&alias=n2&noUDP&sock=startd_3313_055a>
...
001 (311011.005.000) 2023-06-12 17:20:10 Job executing on host: <172.30.1.102:9618?addrs=172.30.1.102-9618&alias=n2&noUDP&sock=startd_3313_055a>
...
001 (311011.006.000) 2023-06-12 17:20:10 Job executing on host: <172.30.1.102:9618?addrs=172.30.1.102-9618&alias=n2&noUDP&sock=startd_3313_055a>
...
001 (311011.007.000) 2023-06-12 17:20:10 Job executing on host: <172.30.1.102:9618?addrs=172.30.1.102-9618&alias=n2&noUDP&sock=startd_3313_055a>
...
001 (311011.008.000) 2023-06-12 17:20:10 Job executing on host: <172.30.1.102:9618?addrs=172.30.1.102-9618&alias=n2&noUDP&sock=startd_3313_055a>
...
001 (311011.009.000) 2023-06-12 17:20:10 Job executing on host: <172.30.1.102:9618?addrs=172.30.1.102-9618&alias=n2&noUDP&sock=startd_3313_055a>
...
006 (311011.000.000) 2023-06-12 17:20:17 Image size of job updated: 526508
	163  -  MemoryUsage of job (MB)
	166008  -  ResidentSetSize of job (KB)
...
006 (311011.004.000) 2023-06-12 17:20:18 Image size of job updated: 508988
	164  -  MemoryUsage of job (MB)
	167640  -  ResidentSetSize of job (KB)
...
006 (311011.005.000) 2023-06-12 17:20:18 Image size of job updated: 505928
	170  -  MemoryUsage of job (MB)
	173452  -  ResidentSetSize of job (KB)
...
006 (311011.006.000) 2023-06-12 17:20:18 Image size of job updated: 497668
	178  -  MemoryUsage of job (MB)
	181968  -  ResidentSetSize of job (KB)
...
006 (311011.001.000) 2023-06-12 17:20:18 Image size of job updated: 516980
	178  -  MemoryUsage of job (MB)
	182008  -  ResidentSetSize of job (KB)
...
006 (311011.002.000) 2023-06-12 17:20:18 Image size of job updated: 516556
	171  -  MemoryUsage of job (MB)
	174552  -  ResidentSetSize of job (KB)
...
006 (311011.003.000) 2023-06-12 17:20:18 Image size of job updated: 507996
	183  -  MemoryUsage of job (MB)
	186716  -  ResidentSetSize of job (KB)
...
006 (311011.008.000) 2023-06-12 17:20:19 Image size of job updated: 498208
	184  -  MemoryUsage of job (MB)
	188228  -  ResidentSetSize of job (KB)
...
006 (311011.007.000) 2023-06-12 17:20:19 Image size of job updated: 479736
	182  -  MemoryUsage of job (MB)
	185796  -  ResidentSetSize of job (KB)
...
006 (311011.009.000) 2023-06-12 17:20:19 Image size of job updated: 477532
	184  -  MemoryUsage of job (MB)
	188224  -  ResidentSetSize of job (KB)
...
006 (311011.006.000) 2023-06-12 17:24:42 Image size of job updated: 698220
	178  -  MemoryUsage of job (MB)
	181968  -  ResidentSetSize of job (KB)
...
040 (311011.006.000) 2023-06-12 17:24:42 Started transferring output files
...
040 (311011.006.000) 2023-06-12 17:24:42 Finished transferring output files
...
005 (311011.006.000) 2023-06-12 17:24:42 Job terminated.
	(1) Normal termination (return value 0)
		Usr 0 00:04:24, Sys 0 00:00:03  -  Run Remote Usage
		Usr 0 00:00:00, Sys 0 00:00:00  -  Run Local Usage
		Usr 0 00:04:24, Sys 0 00:00:03  -  Total Remote Usage
		Usr 0 00:00:00, Sys 0 00:00:00  -  Total Local Usage
	12317  -  Run Bytes Sent By Job
	148  -  Run Bytes Received By Job
	12317  -  Total Bytes Sent By Job
	148  -  Total Bytes Received By Job
	Partitionable Resources :    Usage  Request Allocated 
	   Cpus                 :     0.98        1         1 
	   Disk (KB)            :    63           1    123869 
	   Memory (MB)          :   178        3900      3968 

	Job terminated of its own accord at 2023-06-12T08:24:42Z.
...
006 (311011.001.000) 2023-06-12 17:24:49 Image size of job updated: 698276
	178  -  MemoryUsage of job (MB)
	182008  -  ResidentSetSize of job (KB)
...
040 (311011.001.000) 2023-06-12 17:24:49 Started transferring output files
...
040 (311011.001.000) 2023-06-12 17:24:49 Finished transferring output files
...
005 (311011.001.000) 2023-06-12 17:24:49 Job terminated.
	(1) Normal termination (return value 0)
		Usr 0 00:04:33, Sys 0 00:00:03  -  Run Remote Usage
		Usr 0 00:00:00, Sys 0 00:00:00  -  Run Local Usage
		Usr 0 00:04:33, Sys 0 00:00:03  -  Total Remote Usage
		Usr 0 00:00:00, Sys 0 00:00:00  -  Total Local Usage
	10734  -  Run Bytes Sent By Job
	148  -  Run Bytes Received By Job
	10734  -  Total Bytes Sent By Job
	148  -  Total Bytes Received By Job
	Partitionable Resources :    Usage  Request Allocated 
	   Cpus                 :     1.00        1         1 
	   Disk (KB)            :    61           1    123869 
	   Memory (MB)          :   178        3900      3968 

	Job terminated of its own accord at 2023-06-12T08:24:49Z.
...
006 (311011.003.000) 2023-06-12 17:25:12 Image size of job updated: 698280
	183  -  MemoryUsage of job (MB)
	186724  -  ResidentSetSize of job (KB)
...
040 (311011.003.000) 2023-06-12 17:25:12 Started transferring output files
...
040 (311011.003.000) 2023-06-12 17:25:12 Finished transferring output files
...
005 (311011.003.000) 2023-06-12 17:25:12 Job terminated.
	(1) Normal termination (return value 0)
		Usr 0 00:04:52, Sys 0 00:00:08  -  Run Remote Usage
		Usr 0 00:00:00, Sys 0 00:00:00  -  Run Local Usage
		Usr 0 00:04:52, Sys 0 00:00:08  -  Total Remote Usage
		Usr 0 00:00:00, Sys 0 00:00:00  -  Total Local Usage
	12579  -  Run Bytes Sent By Job
	148  -  Run Bytes Received By Job
	12579  -  Total Bytes Sent By Job
	148  -  Total Bytes Received By Job
	Partitionable Resources :    Usage  Request Allocated 
	   Cpus                 :     0.97        1         1 
	   Disk (KB)            :    63           1    123869 
	   Memory (MB)          :   183        3900      3968 

	Job terminated of its own accord at 2023-06-12T08:25:12Z.
...
006 (311011.000.000) 2023-06-12 17:25:17 Image size of job updated: 698700
	222  -  MemoryUsage of job (MB)
	226728  -  ResidentSetSize of job (KB)
...
006 (311011.004.000) 2023-06-12 17:25:18 Image size of job updated: 698212
	221  -  MemoryUsage of job (MB)
	226252  -  ResidentSetSize of job (KB)
...
006 (311011.005.000) 2023-06-12 17:25:18 Image size of job updated: 697452
	221  -  MemoryUsage of job (MB)
	225476  -  ResidentSetSize of job (KB)
...
006 (311011.002.000) 2023-06-12 17:25:19 Image size of job updated: 698400
	222  -  MemoryUsage of job (MB)
	226440  -  ResidentSetSize of job (KB)
...
040 (311011.005.000) 2023-06-12 17:25:19 Started transferring output files
...
040 (311011.005.000) 2023-06-12 17:25:19 Finished transferring output files
...
005 (311011.005.000) 2023-06-12 17:25:19 Job terminated.
	(1) Normal termination (return value 0)
		Usr 0 00:05:04, Sys 0 00:00:03  -  Run Remote Usage
		Usr 0 00:00:00, Sys 0 00:00:00  -  Run Local Usage
		Usr 0 00:05:04, Sys 0 00:00:03  -  Total Remote Usage
		Usr 0 00:00:00, Sys 0 00:00:00  -  Total Local Usage
	11411  -  Run Bytes Sent By Job
	148  -  Run Bytes Received By Job
	11411  -  Total Bytes Sent By Job
	148  -  Total Bytes Received By Job
	Partitionable Resources :    Usage  Request Allocated 
	   Cpus                 :     0.98        1         1 
	   Disk (KB)            :    62           1    123869 
	   Memory (MB)          :   221        3900      3968 

	Job terminated of its own accord at 2023-06-12T08:25:19Z.
...
006 (311011.009.000) 2023-06-12 17:25:20 Image size of job updated: 696356
	220  -  MemoryUsage of job (MB)
	224372  -  ResidentSetSize of job (KB)
...
006 (311011.008.000) 2023-06-12 17:25:20 Image size of job updated: 698312
	222  -  MemoryUsage of job (MB)
	226348  -  ResidentSetSize of job (KB)
...
006 (311011.007.000) 2023-06-12 17:25:20 Image size of job updated: 697324
	221  -  MemoryUsage of job (MB)
	225364  -  ResidentSetSize of job (KB)
...
040 (311011.007.000) 2023-06-12 17:25:25 Started transferring output files
...
040 (311011.007.000) 2023-06-12 17:25:25 Finished transferring output files
...
005 (311011.007.000) 2023-06-12 17:25:25 Job terminated.
	(1) Normal termination (return value 0)
		Usr 0 00:05:11, Sys 0 00:00:03  -  Run Remote Usage
		Usr 0 00:00:00, Sys 0 00:00:00  -  Run Local Usage
		Usr 0 00:05:11, Sys 0 00:00:03  -  Total Remote Usage
		Usr 0 00:00:00, Sys 0 00:00:00  -  Total Local Usage
	11227  -  Run Bytes Sent By Job
	148  -  Run Bytes Received By Job
	11227  -  Total Bytes Sent By Job
	148  -  Total Bytes Received By Job
	Partitionable Resources :    Usage  Request Allocated 
	   Cpus                 :     0.98        1         1 
	   Disk (KB)            :    61           1    123869 
	   Memory (MB)          :   221        3900      3968 

	Job terminated of its own accord at 2023-06-12T08:25:25Z.
...
040 (311011.004.000) 2023-06-12 17:25:27 Started transferring output files
...
040 (311011.004.000) 2023-06-12 17:25:27 Finished transferring output files
...
005 (311011.004.000) 2023-06-12 17:25:27 Job terminated.
	(1) Normal termination (return value 0)
		Usr 0 00:05:04, Sys 0 00:00:09  -  Run Remote Usage
		Usr 0 00:00:00, Sys 0 00:00:00  -  Run Local Usage
		Usr 0 00:05:04, Sys 0 00:00:09  -  Total Remote Usage
		Usr 0 00:00:00, Sys 0 00:00:00  -  Total Local Usage
	11902  -  Run Bytes Sent By Job
	148  -  Run Bytes Received By Job
	11902  -  Total Bytes Sent By Job
	148  -  Total Bytes Received By Job
	Partitionable Resources :    Usage  Request Allocated 
	   Cpus                 :     0.99        1         1 
	   Disk (KB)            :    62           1    123869 
	   Memory (MB)          :   221        3900      3968 

	Job terminated of its own accord at 2023-06-12T08:25:27Z.
...
040 (311011.008.000) 2023-06-12 17:25:41 Started transferring output files
...
040 (311011.008.000) 2023-06-12 17:25:41 Finished transferring output files
...
005 (311011.008.000) 2023-06-12 17:25:41 Job terminated.
	(1) Normal termination (return value 0)
		Usr 0 00:05:23, Sys 0 00:00:03  -  Run Remote Usage
		Usr 0 00:00:00, Sys 0 00:00:00  -  Run Local Usage
		Usr 0 00:05:23, Sys 0 00:00:03  -  Total Remote Usage
		Usr 0 00:00:00, Sys 0 00:00:00  -  Total Local Usage
	11021  -  Run Bytes Sent By Job
	148  -  Run Bytes Received By Job
	11021  -  Total Bytes Sent By Job
	148  -  Total Bytes Received By Job
	Partitionable Resources :    Usage  Request Allocated 
	   Cpus                 :     0.98        1         1 
	   Disk (KB)            :    61           1    123869 
	   Memory (MB)          :   222        3900      3968 

	Job terminated of its own accord at 2023-06-12T08:25:41Z.
...
040 (311011.002.000) 2023-06-12 17:25:45 Started transferring output files
...
040 (311011.002.000) 2023-06-12 17:25:45 Finished transferring output files
...
005 (311011.002.000) 2023-06-12 17:25:46 Job terminated.
	(1) Normal termination (return value 0)
		Usr 0 00:05:26, Sys 0 00:00:08  -  Run Remote Usage
		Usr 0 00:00:00, Sys 0 00:00:00  -  Run Local Usage
		Usr 0 00:05:26, Sys 0 00:00:08  -  Total Remote Usage
		Usr 0 00:00:00, Sys 0 00:00:00  -  Total Local Usage
	11127  -  Run Bytes Sent By Job
	148  -  Run Bytes Received By Job
	11127  -  Total Bytes Sent By Job
	148  -  Total Bytes Received By Job
	Partitionable Resources :    Usage  Request Allocated 
	   Cpus                 :     1.00        1         1 
	   Disk (KB)            :    61           1    123869 
	   Memory (MB)          :   222        3900      3968 

	Job terminated of its own accord at 2023-06-12T08:25:45Z.
...
040 (311011.000.000) 2023-06-12 17:25:50 Started transferring output files
...
040 (311011.000.000) 2023-06-12 17:25:50 Finished transferring output files
...
005 (311011.000.000) 2023-06-12 17:25:50 Job terminated.
	(1) Normal termination (return value 0)
		Usr 0 00:05:34, Sys 0 00:00:03  -  Run Remote Usage
		Usr 0 00:00:00, Sys 0 00:00:00  -  Run Local Usage
		Usr 0 00:05:34, Sys 0 00:00:03  -  Total Remote Usage
		Usr 0 00:00:00, Sys 0 00:00:00  -  Total Local Usage
	12007  -  Run Bytes Sent By Job
	148  -  Run Bytes Received By Job
	12007  -  Total Bytes Sent By Job
	148  -  Total Bytes Received By Job
	Partitionable Resources :    Usage  Request Allocated 
	   Cpus                 :     0.98        1         1 
	   Disk (KB)            :    62           1    123869 
	   Memory (MB)          :   222        3900      3968 

	Job terminated of its own accord at 2023-06-12T08:25:49Z.
...
006 (311011.009.000) 2023-06-12 17:25:54 Image size of job updated: 698416
	220  -  MemoryUsage of job (MB)
	224372  -  ResidentSetSize of job (KB)
...
040 (311011.009.000) 2023-06-12 17:25:54 Started transferring output files
...
040 (311011.009.000) 2023-06-12 17:25:54 Finished transferring output files
...
005 (311011.009.000) 2023-06-12 17:25:54 Job terminated.
	(1) Normal termination (return value 0)
		Usr 0 00:05:39, Sys 0 00:00:03  -  Run Remote Usage
		Usr 0 00:00:00, Sys 0 00:00:00  -  Run Local Usage
		Usr 0 00:05:39, Sys 0 00:00:03  -  Total Remote Usage
		Usr 0 00:00:00, Sys 0 00:00:00  -  Total Local Usage
	11625  -  Run Bytes Sent By Job
	148  -  Run Bytes Received By Job
	11625  -  Total Bytes Sent By Job
	148  -  Total Bytes Received By Job
	Partitionable Resources :    Usage  Request Allocated 
	   Cpus                 :     1.00        1         1 
	   Disk (KB)            :    62           1    123869 
	   Memory (MB)          :   220        3900      3968 

	Job terminated of its own accord at 2023-06-12T08:25:54Z.
...
