000 (311132.000.000) 2023-06-12 19:37:32 Job submitted from host: <172.30.1.200:9618?addrs=172.30.1.200-9618&alias=tamsa2.snu.ac.kr&noUDP&sock=schedd_3510_2582>
...
000 (311132.001.000) 2023-06-12 19:37:32 Job submitted from host: <172.30.1.200:9618?addrs=172.30.1.200-9618&alias=tamsa2.snu.ac.kr&noUDP&sock=schedd_3510_2582>
...
000 (311132.002.000) 2023-06-12 19:37:32 Job submitted from host: <172.30.1.200:9618?addrs=172.30.1.200-9618&alias=tamsa2.snu.ac.kr&noUDP&sock=schedd_3510_2582>
...
000 (311132.003.000) 2023-06-12 19:37:32 Job submitted from host: <172.30.1.200:9618?addrs=172.30.1.200-9618&alias=tamsa2.snu.ac.kr&noUDP&sock=schedd_3510_2582>
...
000 (311132.004.000) 2023-06-12 19:37:32 Job submitted from host: <172.30.1.200:9618?addrs=172.30.1.200-9618&alias=tamsa2.snu.ac.kr&noUDP&sock=schedd_3510_2582>
...
000 (311132.005.000) 2023-06-12 19:37:32 Job submitted from host: <172.30.1.200:9618?addrs=172.30.1.200-9618&alias=tamsa2.snu.ac.kr&noUDP&sock=schedd_3510_2582>
...
000 (311132.006.000) 2023-06-12 19:37:32 Job submitted from host: <172.30.1.200:9618?addrs=172.30.1.200-9618&alias=tamsa2.snu.ac.kr&noUDP&sock=schedd_3510_2582>
...
000 (311132.007.000) 2023-06-12 19:37:32 Job submitted from host: <172.30.1.200:9618?addrs=172.30.1.200-9618&alias=tamsa2.snu.ac.kr&noUDP&sock=schedd_3510_2582>
...
000 (311132.008.000) 2023-06-12 19:37:32 Job submitted from host: <172.30.1.200:9618?addrs=172.30.1.200-9618&alias=tamsa2.snu.ac.kr&noUDP&sock=schedd_3510_2582>
...
000 (311132.009.000) 2023-06-12 19:37:32 Job submitted from host: <172.30.1.200:9618?addrs=172.30.1.200-9618&alias=tamsa2.snu.ac.kr&noUDP&sock=schedd_3510_2582>
...
040 (311132.001.000) 2023-06-12 19:37:36 Started transferring input files
	Transferring to host: <172.30.1.102:9618?addrs=172.30.1.102-9618&alias=n2&noUDP&sock=slot1_5_3347_03a1_18955>
...
040 (311132.001.000) 2023-06-12 19:37:36 Finished transferring input files
...
040 (311132.006.000) 2023-06-12 19:37:36 Started transferring input files
	Transferring to host: <172.30.1.105:9618?addrs=172.30.1.105-9618&alias=n5&noUDP&sock=slot1_20_3332_7201_9391>
...
040 (311132.006.000) 2023-06-12 19:37:36 Finished transferring input files
...
040 (311132.007.000) 2023-06-12 19:37:36 Started transferring input files
	Transferring to host: <172.30.1.106:9618?addrs=172.30.1.106-9618&alias=n6&noUDP&sock=slot1_16_3308_8900_8155>
...
040 (311132.007.000) 2023-06-12 19:37:36 Finished transferring input files
...
040 (311132.008.000) 2023-06-12 19:37:36 Started transferring input files
	Transferring to host: <172.30.1.104:9618?addrs=172.30.1.104-9618&alias=n4&noUDP&sock=slot1_19_3701_7070_7071>
...
040 (311132.009.000) 2023-06-12 19:37:36 Started transferring input files
	Transferring to host: <172.30.1.108:9618?addrs=172.30.1.108-9618&alias=n8&noUDP&sock=slot1_8_4278_fce7_22258>
...
040 (311132.008.000) 2023-06-12 19:37:36 Finished transferring input files
...
040 (311132.009.000) 2023-06-12 19:37:36 Finished transferring input files
...
040 (311132.002.000) 2023-06-12 19:37:36 Started transferring input files
	Transferring to host: <172.30.1.101:9618?addrs=172.30.1.101-9618&alias=n1&noUDP&sock=slot1_11_3367_1b22_15110>
...
040 (311132.002.000) 2023-06-12 19:37:36 Finished transferring input files
...
040 (311132.003.000) 2023-06-12 19:37:36 Started transferring input files
	Transferring to host: <172.30.1.101:9618?addrs=172.30.1.101-9618&alias=n1&noUDP&sock=slot1_12_3367_1b22_15111>
...
040 (311132.003.000) 2023-06-12 19:37:36 Finished transferring input files
...
040 (311132.004.000) 2023-06-12 19:37:36 Started transferring input files
	Transferring to host: <172.30.1.101:9618?addrs=172.30.1.101-9618&alias=n1&noUDP&sock=slot1_37_3367_1b22_15112>
...
040 (311132.004.000) 2023-06-12 19:37:36 Finished transferring input files
...
040 (311132.005.000) 2023-06-12 19:37:36 Started transferring input files
	Transferring to host: <172.30.1.101:9618?addrs=172.30.1.101-9618&alias=n1&noUDP&sock=slot1_39_3367_1b22_15113>
...
040 (311132.005.000) 2023-06-12 19:37:36 Finished transferring input files
...
001 (311132.000.000) 2023-06-12 19:37:36 Job executing on host: <172.30.1.210:9618?addrs=172.30.1.210-9618&alias=node10&noUDP&sock=startd_3787_253e>
...
001 (311132.001.000) 2023-06-12 19:37:37 Job executing on host: <172.30.1.102:9618?addrs=172.30.1.102-9618&alias=n2&noUDP&sock=startd_3313_055a>
...
001 (311132.006.000) 2023-06-12 19:37:37 Job executing on host: <172.30.1.105:9618?addrs=172.30.1.105-9618&alias=n5&noUDP&sock=startd_3298_bb6e>
...
001 (311132.007.000) 2023-06-12 19:37:37 Job executing on host: <172.30.1.106:9618?addrs=172.30.1.106-9618&alias=n6&noUDP&sock=startd_3274_4528>
...
001 (311132.008.000) 2023-06-12 19:37:37 Job executing on host: <172.30.1.104:9618?addrs=172.30.1.104-9618&alias=n4&noUDP&sock=startd_3667_d5e1>
...
001 (311132.009.000) 2023-06-12 19:37:37 Job executing on host: <172.30.1.108:9618?addrs=172.30.1.108-9618&alias=n8&noUDP&sock=startd_4243_ec6e>
...
001 (311132.002.000) 2023-06-12 19:37:37 Job executing on host: <172.30.1.101:9618?addrs=172.30.1.101-9618&alias=n1&noUDP&sock=startd_3332_0da7>
...
001 (311132.003.000) 2023-06-12 19:37:37 Job executing on host: <172.30.1.101:9618?addrs=172.30.1.101-9618&alias=n1&noUDP&sock=startd_3332_0da7>
...
001 (311132.004.000) 2023-06-12 19:37:37 Job executing on host: <172.30.1.101:9618?addrs=172.30.1.101-9618&alias=n1&noUDP&sock=startd_3332_0da7>
...
001 (311132.005.000) 2023-06-12 19:37:37 Job executing on host: <172.30.1.101:9618?addrs=172.30.1.101-9618&alias=n1&noUDP&sock=startd_3332_0da7>
...
006 (311132.000.000) 2023-06-12 19:37:45 Image size of job updated: 177360
	153  -  MemoryUsage of job (MB)
	156012  -  ResidentSetSize of job (KB)
...
006 (311132.004.000) 2023-06-12 19:37:46 Image size of job updated: 479736
	144  -  MemoryUsage of job (MB)
	146868  -  ResidentSetSize of job (KB)
...
006 (311132.005.000) 2023-06-12 19:37:46 Image size of job updated: 479736
	147  -  MemoryUsage of job (MB)
	149816  -  ResidentSetSize of job (KB)
...
006 (311132.001.000) 2023-06-12 19:37:46 Image size of job updated: 394868
	122  -  MemoryUsage of job (MB)
	124592  -  ResidentSetSize of job (KB)
...
006 (311132.006.000) 2023-06-12 19:37:46 Image size of job updated: 219012
	184  -  MemoryUsage of job (MB)
	188000  -  ResidentSetSize of job (KB)
...
006 (311132.007.000) 2023-06-12 19:37:46 Image size of job updated: 647028
	184  -  MemoryUsage of job (MB)
	187632  -  ResidentSetSize of job (KB)
...
006 (311132.008.000) 2023-06-12 19:37:46 Image size of job updated: 218424
	184  -  MemoryUsage of job (MB)
	187904  -  ResidentSetSize of job (KB)
...
006 (311132.009.000) 2023-06-12 19:37:46 Image size of job updated: 211272
	202  -  MemoryUsage of job (MB)
	206308  -  ResidentSetSize of job (KB)
...
006 (311132.002.000) 2023-06-12 19:37:46 Image size of job updated: 479732
	151  -  MemoryUsage of job (MB)
	153904  -  ResidentSetSize of job (KB)
...
006 (311132.003.000) 2023-06-12 19:37:47 Image size of job updated: 479732
	149  -  MemoryUsage of job (MB)
	152388  -  ResidentSetSize of job (KB)
...
006 (311132.009.000) 2023-06-12 19:38:05 Image size of job updated: 691712
	202  -  MemoryUsage of job (MB)
	206308  -  ResidentSetSize of job (KB)
...
040 (311132.009.000) 2023-06-12 19:38:05 Started transferring output files
...
040 (311132.009.000) 2023-06-12 19:38:05 Finished transferring output files
...
005 (311132.009.000) 2023-06-12 19:38:05 Job terminated.
	(1) Normal termination (return value 0)
		Usr 0 00:00:22, Sys 0 00:00:01  -  Run Remote Usage
		Usr 0 00:00:00, Sys 0 00:00:00  -  Run Local Usage
		Usr 0 00:00:22, Sys 0 00:00:01  -  Total Remote Usage
		Usr 0 00:00:00, Sys 0 00:00:00  -  Total Local Usage
	7494  -  Run Bytes Sent By Job
	148  -  Run Bytes Received By Job
	7494  -  Total Bytes Sent By Job
	148  -  Total Bytes Received By Job
	Partitionable Resources :    Usage  Request Allocated 
	   Cpus                 :                 1         1 
	   Disk (KB)            :       52        1    127899 
	   Memory (MB)          :      202     3900      3968 

	Job terminated of its own accord at 2023-06-12T10:38:05Z.
...
006 (311132.006.000) 2023-06-12 19:38:12 Image size of job updated: 689960
	184  -  MemoryUsage of job (MB)
	188000  -  ResidentSetSize of job (KB)
...
040 (311132.006.000) 2023-06-12 19:38:12 Started transferring output files
...
040 (311132.006.000) 2023-06-12 19:38:12 Finished transferring output files
...
005 (311132.006.000) 2023-06-12 19:38:12 Job terminated.
	(1) Normal termination (return value 0)
		Usr 0 00:00:30, Sys 0 00:00:02  -  Run Remote Usage
		Usr 0 00:00:00, Sys 0 00:00:00  -  Run Local Usage
		Usr 0 00:00:30, Sys 0 00:00:02  -  Total Remote Usage
		Usr 0 00:00:00, Sys 0 00:00:00  -  Total Local Usage
	7553  -  Run Bytes Sent By Job
	148  -  Run Bytes Received By Job
	7553  -  Total Bytes Sent By Job
	148  -  Total Bytes Received By Job
	Partitionable Resources :    Usage  Request Allocated 
	   Cpus                 :     0.81        1         1 
	   Disk (KB)            :    58           1     61930 
	   Memory (MB)          :   184        3900      3968 

	Job terminated of its own accord at 2023-06-12T10:38:12Z.
...
006 (311132.000.000) 2023-06-12 19:38:14 Image size of job updated: 686808
	153  -  MemoryUsage of job (MB)
	156332  -  ResidentSetSize of job (KB)
...
005 (311132.000.000) 2023-06-12 19:38:14 Job terminated.
	(1) Normal termination (return value 0)
		Usr 0 00:00:26, Sys 0 00:00:02  -  Run Remote Usage
		Usr 0 00:00:00, Sys 0 00:00:00  -  Run Local Usage
		Usr 0 00:00:26, Sys 0 00:00:02  -  Total Remote Usage
		Usr 0 00:00:00, Sys 0 00:00:00  -  Total Local Usage
	0  -  Run Bytes Sent By Job
	0  -  Run Bytes Received By Job
	0  -  Total Bytes Sent By Job
	0  -  Total Bytes Received By Job
	Partitionable Resources :    Usage  Request Allocated 
	   Cpus                 :                 1         1 
	   Disk (KB)            :        1        1    128928 
	   Memory (MB)          :      153     3900      3968 

	Job terminated of its own accord at 2023-06-12T10:38:14Z.
...
006 (311132.008.000) 2023-06-12 19:38:20 Image size of job updated: 693576
	184  -  MemoryUsage of job (MB)
	187904  -  ResidentSetSize of job (KB)
...
040 (311132.008.000) 2023-06-12 19:38:20 Started transferring output files
...
040 (311132.008.000) 2023-06-12 19:38:20 Finished transferring output files
...
005 (311132.008.000) 2023-06-12 19:38:20 Job terminated.
	(1) Normal termination (return value 0)
		Usr 0 00:00:36, Sys 0 00:00:02  -  Run Remote Usage
		Usr 0 00:00:00, Sys 0 00:00:00  -  Run Local Usage
		Usr 0 00:00:36, Sys 0 00:00:02  -  Total Remote Usage
		Usr 0 00:00:00, Sys 0 00:00:00  -  Total Local Usage
	7494  -  Run Bytes Sent By Job
	148  -  Run Bytes Received By Job
	7494  -  Total Bytes Sent By Job
	148  -  Total Bytes Received By Job
	Partitionable Resources :    Usage  Request Allocated 
	   Cpus                 :     0.93        1         1 
	   Disk (KB)            :    58           1     61930 
	   Memory (MB)          :   184        3900      3968 

	Job terminated of its own accord at 2023-06-12T10:38:20Z.
...
006 (311132.003.000) 2023-06-12 19:38:29 Image size of job updated: 690116
	149  -  MemoryUsage of job (MB)
	152388  -  ResidentSetSize of job (KB)
...
040 (311132.003.000) 2023-06-12 19:38:29 Started transferring output files
...
040 (311132.003.000) 2023-06-12 19:38:29 Finished transferring output files
...
006 (311132.007.000) 2023-06-12 19:38:29 Image size of job updated: 691780
	184  -  MemoryUsage of job (MB)
	187632  -  ResidentSetSize of job (KB)
...
040 (311132.007.000) 2023-06-12 19:38:29 Started transferring output files
...
040 (311132.007.000) 2023-06-12 19:38:29 Finished transferring output files
...
005 (311132.007.000) 2023-06-12 19:38:29 Job terminated.
	(1) Normal termination (return value 0)
		Usr 0 00:00:46, Sys 0 00:00:02  -  Run Remote Usage
		Usr 0 00:00:00, Sys 0 00:00:00  -  Run Local Usage
		Usr 0 00:00:46, Sys 0 00:00:02  -  Total Remote Usage
		Usr 0 00:00:00, Sys 0 00:00:00  -  Total Local Usage
	7525  -  Run Bytes Sent By Job
	148  -  Run Bytes Received By Job
	7525  -  Total Bytes Sent By Job
	148  -  Total Bytes Received By Job
	Partitionable Resources :    Usage  Request Allocated 
	   Cpus                 :     0.72        1         1 
	   Disk (KB)            :    58           1     61930 
	   Memory (MB)          :   184        3900      3968 

	Job terminated of its own accord at 2023-06-12T10:38:29Z.
...
005 (311132.003.000) 2023-06-12 19:38:29 Job terminated.
	(1) Normal termination (return value 0)
		Usr 0 00:00:40, Sys 0 00:00:04  -  Run Remote Usage
		Usr 0 00:00:00, Sys 0 00:00:00  -  Run Local Usage
		Usr 0 00:00:40, Sys 0 00:00:04  -  Total Remote Usage
		Usr 0 00:00:00, Sys 0 00:00:00  -  Total Local Usage
	7483  -  Run Bytes Sent By Job
	148  -  Run Bytes Received By Job
	7483  -  Total Bytes Sent By Job
	148  -  Total Bytes Received By Job
	Partitionable Resources :    Usage  Request Allocated 
	   Cpus                 :                 1         1 
	   Disk (KB)            :       52        1    127998 
	   Memory (MB)          :      149     3900      3968 

	Job terminated of its own accord at 2023-06-12T10:38:29Z.
...
006 (311132.005.000) 2023-06-12 19:38:32 Image size of job updated: 694548
	147  -  MemoryUsage of job (MB)
	149816  -  ResidentSetSize of job (KB)
...
040 (311132.005.000) 2023-06-12 19:38:32 Started transferring output files
...
040 (311132.005.000) 2023-06-12 19:38:32 Finished transferring output files
...
005 (311132.005.000) 2023-06-12 19:38:32 Job terminated.
	(1) Normal termination (return value 0)
		Usr 0 00:00:45, Sys 0 00:00:03  -  Run Remote Usage
		Usr 0 00:00:00, Sys 0 00:00:00  -  Run Local Usage
		Usr 0 00:00:45, Sys 0 00:00:03  -  Total Remote Usage
		Usr 0 00:00:00, Sys 0 00:00:00  -  Total Local Usage
	7556  -  Run Bytes Sent By Job
	148  -  Run Bytes Received By Job
	7556  -  Total Bytes Sent By Job
	148  -  Total Bytes Received By Job
	Partitionable Resources :    Usage  Request Allocated 
	   Cpus                 :                 1         1 
	   Disk (KB)            :       52        1    127998 
	   Memory (MB)          :      147     3900      3968 

	Job terminated of its own accord at 2023-06-12T10:38:32Z.
...
006 (311132.004.000) 2023-06-12 19:38:33 Image size of job updated: 694580
	144  -  MemoryUsage of job (MB)
	146912  -  ResidentSetSize of job (KB)
...
040 (311132.004.000) 2023-06-12 19:38:33 Started transferring output files
...
040 (311132.004.000) 2023-06-12 19:38:33 Finished transferring output files
...
005 (311132.004.000) 2023-06-12 19:38:33 Job terminated.
	(1) Normal termination (return value 0)
		Usr 0 00:00:46, Sys 0 00:00:03  -  Run Remote Usage
		Usr 0 00:00:00, Sys 0 00:00:00  -  Run Local Usage
		Usr 0 00:00:46, Sys 0 00:00:03  -  Total Remote Usage
		Usr 0 00:00:00, Sys 0 00:00:00  -  Total Local Usage
	7535  -  Run Bytes Sent By Job
	148  -  Run Bytes Received By Job
	7535  -  Total Bytes Sent By Job
	148  -  Total Bytes Received By Job
	Partitionable Resources :    Usage  Request Allocated 
	   Cpus                 :                 1         1 
	   Disk (KB)            :       52        1    127998 
	   Memory (MB)          :      144     3900      3968 

	Job terminated of its own accord at 2023-06-12T10:38:33Z.
...
006 (311132.001.000) 2023-06-12 19:38:38 Image size of job updated: 692852
	122  -  MemoryUsage of job (MB)
	124648  -  ResidentSetSize of job (KB)
...
040 (311132.001.000) 2023-06-12 19:38:38 Started transferring output files
...
040 (311132.001.000) 2023-06-12 19:38:38 Finished transferring output files
...
005 (311132.001.000) 2023-06-12 19:38:38 Job terminated.
	(1) Normal termination (return value 0)
		Usr 0 00:00:46, Sys 0 00:00:03  -  Run Remote Usage
		Usr 0 00:00:00, Sys 0 00:00:00  -  Run Local Usage
		Usr 0 00:00:46, Sys 0 00:00:03  -  Total Remote Usage
		Usr 0 00:00:00, Sys 0 00:00:00  -  Total Local Usage
	7576  -  Run Bytes Sent By Job
	148  -  Run Bytes Received By Job
	7576  -  Total Bytes Sent By Job
	148  -  Total Bytes Received By Job
	Partitionable Resources :    Usage  Request Allocated 
	   Cpus                 :                 1         1 
	   Disk (KB)            :       52        1    123869 
	   Memory (MB)          :      122     3900      3968 

	Job terminated of its own accord at 2023-06-12T10:38:38Z.
...
006 (311132.002.000) 2023-06-12 19:39:06 Image size of job updated: 694444
	151  -  MemoryUsage of job (MB)
	153904  -  ResidentSetSize of job (KB)
...
040 (311132.002.000) 2023-06-12 19:39:06 Started transferring output files
...
040 (311132.002.000) 2023-06-12 19:39:06 Finished transferring output files
...
005 (311132.002.000) 2023-06-12 19:39:06 Job terminated.
	(1) Normal termination (return value 0)
		Usr 0 00:01:16, Sys 0 00:00:04  -  Run Remote Usage
		Usr 0 00:00:00, Sys 0 00:00:00  -  Run Local Usage
		Usr 0 00:01:16, Sys 0 00:00:04  -  Total Remote Usage
		Usr 0 00:00:00, Sys 0 00:00:00  -  Total Local Usage
	7635  -  Run Bytes Sent By Job
	148  -  Run Bytes Received By Job
	7635  -  Total Bytes Sent By Job
	148  -  Total Bytes Received By Job
	Partitionable Resources :    Usage  Request Allocated 
	   Cpus                 :                 1         1 
	   Disk (KB)            :       52        1    127998 
	   Memory (MB)          :      151     3900      3968 

	Job terminated of its own accord at 2023-06-12T10:39:06Z.
...
