000 (330296.000.000) 2023-07-25 13:22:44 Job submitted from host: <172.30.1.200:9618?addrs=172.30.1.200-9618&alias=tamsa2.snu.ac.kr&noUDP&sock=schedd_3510_2582>
...
000 (330296.001.000) 2023-07-25 13:22:44 Job submitted from host: <172.30.1.200:9618?addrs=172.30.1.200-9618&alias=tamsa2.snu.ac.kr&noUDP&sock=schedd_3510_2582>
...
000 (330296.002.000) 2023-07-25 13:22:44 Job submitted from host: <172.30.1.200:9618?addrs=172.30.1.200-9618&alias=tamsa2.snu.ac.kr&noUDP&sock=schedd_3510_2582>
...
000 (330296.003.000) 2023-07-25 13:22:44 Job submitted from host: <172.30.1.200:9618?addrs=172.30.1.200-9618&alias=tamsa2.snu.ac.kr&noUDP&sock=schedd_3510_2582>
...
000 (330296.004.000) 2023-07-25 13:22:44 Job submitted from host: <172.30.1.200:9618?addrs=172.30.1.200-9618&alias=tamsa2.snu.ac.kr&noUDP&sock=schedd_3510_2582>
...
000 (330296.005.000) 2023-07-25 13:22:44 Job submitted from host: <172.30.1.200:9618?addrs=172.30.1.200-9618&alias=tamsa2.snu.ac.kr&noUDP&sock=schedd_3510_2582>
...
000 (330296.006.000) 2023-07-25 13:22:44 Job submitted from host: <172.30.1.200:9618?addrs=172.30.1.200-9618&alias=tamsa2.snu.ac.kr&noUDP&sock=schedd_3510_2582>
...
000 (330296.007.000) 2023-07-25 13:22:44 Job submitted from host: <172.30.1.200:9618?addrs=172.30.1.200-9618&alias=tamsa2.snu.ac.kr&noUDP&sock=schedd_3510_2582>
...
000 (330296.008.000) 2023-07-25 13:22:44 Job submitted from host: <172.30.1.200:9618?addrs=172.30.1.200-9618&alias=tamsa2.snu.ac.kr&noUDP&sock=schedd_3510_2582>
...
000 (330296.009.000) 2023-07-25 13:22:44 Job submitted from host: <172.30.1.200:9618?addrs=172.30.1.200-9618&alias=tamsa2.snu.ac.kr&noUDP&sock=schedd_3510_2582>
...
040 (330296.000.000) 2023-07-25 13:22:58 Started transferring input files
	Transferring to host: <172.30.1.105:9618?addrs=172.30.1.105-9618&alias=n5&noUDP&sock=slot1_7_3332_7201_31140>
...
040 (330296.001.000) 2023-07-25 13:22:58 Started transferring input files
	Transferring to host: <172.30.1.105:9618?addrs=172.30.1.105-9618&alias=n5&noUDP&sock=slot1_8_3332_7201_31141>
...
040 (330296.000.000) 2023-07-25 13:22:58 Finished transferring input files
...
040 (330296.003.000) 2023-07-25 13:22:58 Started transferring input files
	Transferring to host: <172.30.1.105:9618?addrs=172.30.1.105-9618&alias=n5&noUDP&sock=slot1_10_3332_7201_31142>
...
040 (330296.006.000) 2023-07-25 13:22:58 Started transferring input files
	Transferring to host: <172.30.1.103:9618?addrs=172.30.1.103-9618&alias=n3&noUDP&sock=slot1_1_3668_300e_31170>
...
040 (330296.001.000) 2023-07-25 13:22:58 Finished transferring input files
...
040 (330296.002.000) 2023-07-25 13:22:58 Started transferring input files
	Transferring to host: <172.30.1.105:9618?addrs=172.30.1.105-9618&alias=n5&noUDP&sock=slot1_9_3332_7201_31143>
...
040 (330296.003.000) 2023-07-25 13:22:58 Finished transferring input files
...
040 (330296.006.000) 2023-07-25 13:22:58 Finished transferring input files
...
040 (330296.004.000) 2023-07-25 13:22:58 Started transferring input files
	Transferring to host: <172.30.1.105:9618?addrs=172.30.1.105-9618&alias=n5&noUDP&sock=slot1_11_3332_7201_31144>
...
040 (330296.007.000) 2023-07-25 13:22:58 Started transferring input files
	Transferring to host: <172.30.1.103:9618?addrs=172.30.1.103-9618&alias=n3&noUDP&sock=slot1_2_3668_300e_31171>
...
040 (330296.005.000) 2023-07-25 13:22:58 Started transferring input files
	Transferring to host: <172.30.1.105:9618?addrs=172.30.1.105-9618&alias=n5&noUDP&sock=slot1_12_3332_7201_31145>
...
040 (330296.008.000) 2023-07-25 13:22:58 Started transferring input files
	Transferring to host: <172.30.1.103:9618?addrs=172.30.1.103-9618&alias=n3&noUDP&sock=slot1_5_3668_300e_31172>
...
040 (330296.002.000) 2023-07-25 13:22:58 Finished transferring input files
...
040 (330296.004.000) 2023-07-25 13:22:58 Finished transferring input files
...
040 (330296.007.000) 2023-07-25 13:22:58 Finished transferring input files
...
040 (330296.009.000) 2023-07-25 13:22:58 Started transferring input files
	Transferring to host: <172.30.1.103:9618?addrs=172.30.1.103-9618&alias=n3&noUDP&sock=slot1_7_3668_300e_31173>
...
040 (330296.005.000) 2023-07-25 13:22:58 Finished transferring input files
...
040 (330296.008.000) 2023-07-25 13:22:58 Finished transferring input files
...
040 (330296.009.000) 2023-07-25 13:22:58 Finished transferring input files
...
001 (330296.001.000) 2023-07-25 13:22:59 Job executing on host: <172.30.1.105:9618?addrs=172.30.1.105-9618&alias=n5&noUDP&sock=startd_3298_bb6e>
...
001 (330296.000.000) 2023-07-25 13:22:59 Job executing on host: <172.30.1.105:9618?addrs=172.30.1.105-9618&alias=n5&noUDP&sock=startd_3298_bb6e>
...
001 (330296.006.000) 2023-07-25 13:22:59 Job executing on host: <172.30.1.103:9618?addrs=172.30.1.103-9618&alias=n3&noUDP&sock=startd_3634_3341>
...
001 (330296.003.000) 2023-07-25 13:22:59 Job executing on host: <172.30.1.105:9618?addrs=172.30.1.105-9618&alias=n5&noUDP&sock=startd_3298_bb6e>
...
001 (330296.002.000) 2023-07-25 13:22:59 Job executing on host: <172.30.1.105:9618?addrs=172.30.1.105-9618&alias=n5&noUDP&sock=startd_3298_bb6e>
...
001 (330296.007.000) 2023-07-25 13:22:59 Job executing on host: <172.30.1.103:9618?addrs=172.30.1.103-9618&alias=n3&noUDP&sock=startd_3634_3341>
...
001 (330296.008.000) 2023-07-25 13:22:59 Job executing on host: <172.30.1.103:9618?addrs=172.30.1.103-9618&alias=n3&noUDP&sock=startd_3634_3341>
...
001 (330296.004.000) 2023-07-25 13:22:59 Job executing on host: <172.30.1.105:9618?addrs=172.30.1.105-9618&alias=n5&noUDP&sock=startd_3298_bb6e>
...
001 (330296.005.000) 2023-07-25 13:22:59 Job executing on host: <172.30.1.105:9618?addrs=172.30.1.105-9618&alias=n5&noUDP&sock=startd_3298_bb6e>
...
001 (330296.009.000) 2023-07-25 13:22:59 Job executing on host: <172.30.1.103:9618?addrs=172.30.1.103-9618&alias=n3&noUDP&sock=startd_3634_3341>
...
006 (330296.001.000) 2023-07-25 13:23:07 Image size of job updated: 126324
	124  -  MemoryUsage of job (MB)
	126324  -  ResidentSetSize of job (KB)
...
006 (330296.000.000) 2023-07-25 13:23:07 Image size of job updated: 126148
	124  -  MemoryUsage of job (MB)
	126148  -  ResidentSetSize of job (KB)
...
006 (330296.006.000) 2023-07-25 13:23:07 Image size of job updated: 385952
	136  -  MemoryUsage of job (MB)
	138268  -  ResidentSetSize of job (KB)
...
006 (330296.003.000) 2023-07-25 13:23:07 Image size of job updated: 121836
	119  -  MemoryUsage of job (MB)
	121836  -  ResidentSetSize of job (KB)
...
006 (330296.002.000) 2023-07-25 13:23:07 Image size of job updated: 123104
	121  -  MemoryUsage of job (MB)
	123104  -  ResidentSetSize of job (KB)
...
006 (330296.007.000) 2023-07-25 13:23:07 Image size of job updated: 385952
	143  -  MemoryUsage of job (MB)
	145976  -  ResidentSetSize of job (KB)
...
006 (330296.008.000) 2023-07-25 13:23:08 Image size of job updated: 385952
	163  -  MemoryUsage of job (MB)
	166796  -  ResidentSetSize of job (KB)
...
006 (330296.004.000) 2023-07-25 13:23:08 Image size of job updated: 151768
	149  -  MemoryUsage of job (MB)
	151768  -  ResidentSetSize of job (KB)
...
006 (330296.005.000) 2023-07-25 13:23:08 Image size of job updated: 148700
	146  -  MemoryUsage of job (MB)
	148700  -  ResidentSetSize of job (KB)
...
006 (330296.009.000) 2023-07-25 13:23:08 Image size of job updated: 385964
	174  -  MemoryUsage of job (MB)
	177360  -  ResidentSetSize of job (KB)
...
006 (330296.007.000) 2023-07-25 13:23:24 Image size of job updated: 682196
	143  -  MemoryUsage of job (MB)
	146056  -  ResidentSetSize of job (KB)
...
040 (330296.007.000) 2023-07-25 13:23:24 Started transferring output files
...
040 (330296.007.000) 2023-07-25 13:23:24 Finished transferring output files
...
005 (330296.007.000) 2023-07-25 13:23:24 Job terminated.
	(1) Normal termination (return value 0)
		Usr 0 00:00:17, Sys 0 00:00:01  -  Run Remote Usage
		Usr 0 00:00:00, Sys 0 00:00:00  -  Run Local Usage
		Usr 0 00:00:17, Sys 0 00:00:01  -  Total Remote Usage
		Usr 0 00:00:00, Sys 0 00:00:00  -  Total Local Usage
	1130  -  Run Bytes Sent By Job
	164  -  Run Bytes Received By Job
	1130  -  Total Bytes Sent By Job
	164  -  Total Bytes Received By Job
	Partitionable Resources :    Usage  Request Allocated 
	   Cpus                 :                 1         1 
	   Disk (KB)            :       46        1     61930 
	   Memory (MB)          :      143     3900      3968 

	Job terminated of its own accord at 2023-07-25T04:23:24Z.
...
006 (330296.009.000) 2023-07-25 13:23:26 Image size of job updated: 687344
	174  -  MemoryUsage of job (MB)
	177360  -  ResidentSetSize of job (KB)
...
040 (330296.009.000) 2023-07-25 13:23:26 Started transferring output files
...
040 (330296.009.000) 2023-07-25 13:23:26 Finished transferring output files
...
006 (330296.003.000) 2023-07-25 13:23:26 Image size of job updated: 687276
	119  -  MemoryUsage of job (MB)
	121836  -  ResidentSetSize of job (KB)
...
005 (330296.009.000) 2023-07-25 13:23:26 Job terminated.
	(1) Normal termination (return value 0)
		Usr 0 00:00:19, Sys 0 00:00:01  -  Run Remote Usage
		Usr 0 00:00:00, Sys 0 00:00:00  -  Run Local Usage
		Usr 0 00:00:19, Sys 0 00:00:01  -  Total Remote Usage
		Usr 0 00:00:00, Sys 0 00:00:00  -  Total Local Usage
	1220  -  Run Bytes Sent By Job
	164  -  Run Bytes Received By Job
	1220  -  Total Bytes Sent By Job
	164  -  Total Bytes Received By Job
	Partitionable Resources :    Usage  Request Allocated 
	   Cpus                 :                 1         1 
	   Disk (KB)            :       46        1     61930 
	   Memory (MB)          :      174     3900      3968 

	Job terminated of its own accord at 2023-07-25T04:23:26Z.
...
040 (330296.003.000) 2023-07-25 13:23:26 Started transferring output files
...
040 (330296.003.000) 2023-07-25 13:23:26 Finished transferring output files
...
005 (330296.003.000) 2023-07-25 13:23:26 Job terminated.
	(1) Normal termination (return value 0)
		Usr 0 00:00:19, Sys 0 00:00:01  -  Run Remote Usage
		Usr 0 00:00:00, Sys 0 00:00:00  -  Run Local Usage
		Usr 0 00:00:19, Sys 0 00:00:01  -  Total Remote Usage
		Usr 0 00:00:00, Sys 0 00:00:00  -  Total Local Usage
	1129  -  Run Bytes Sent By Job
	164  -  Run Bytes Received By Job
	1129  -  Total Bytes Sent By Job
	164  -  Total Bytes Received By Job
	Partitionable Resources :    Usage  Request Allocated 
	   Cpus                 :                 1         1 
	   Disk (KB)            :       46        1     61930 
	   Memory (MB)          :      119     3900      3968 

	Job terminated of its own accord at 2023-07-25T04:23:26Z.
...
006 (330296.006.000) 2023-07-25 13:23:26 Image size of job updated: 687568
	136  -  MemoryUsage of job (MB)
	138316  -  ResidentSetSize of job (KB)
...
040 (330296.006.000) 2023-07-25 13:23:26 Started transferring output files
...
040 (330296.006.000) 2023-07-25 13:23:26 Finished transferring output files
...
005 (330296.006.000) 2023-07-25 13:23:26 Job terminated.
	(1) Normal termination (return value 0)
		Usr 0 00:00:19, Sys 0 00:00:01  -  Run Remote Usage
		Usr 0 00:00:00, Sys 0 00:00:00  -  Run Local Usage
		Usr 0 00:00:19, Sys 0 00:00:01  -  Total Remote Usage
		Usr 0 00:00:00, Sys 0 00:00:00  -  Total Local Usage
	1161  -  Run Bytes Sent By Job
	164  -  Run Bytes Received By Job
	1161  -  Total Bytes Sent By Job
	164  -  Total Bytes Received By Job
	Partitionable Resources :    Usage  Request Allocated 
	   Cpus                 :                 1         1 
	   Disk (KB)            :       46        1     61930 
	   Memory (MB)          :      136     3900      3968 

	Job terminated of its own accord at 2023-07-25T04:23:26Z.
...
006 (330296.002.000) 2023-07-25 13:23:28 Image size of job updated: 688068
	121  -  MemoryUsage of job (MB)
	123352  -  ResidentSetSize of job (KB)
...
040 (330296.002.000) 2023-07-25 13:23:28 Started transferring output files
...
040 (330296.002.000) 2023-07-25 13:23:28 Finished transferring output files
...
005 (330296.002.000) 2023-07-25 13:23:28 Job terminated.
	(1) Normal termination (return value 0)
		Usr 0 00:00:22, Sys 0 00:00:01  -  Run Remote Usage
		Usr 0 00:00:00, Sys 0 00:00:00  -  Run Local Usage
		Usr 0 00:00:22, Sys 0 00:00:01  -  Total Remote Usage
		Usr 0 00:00:00, Sys 0 00:00:00  -  Total Local Usage
	1191  -  Run Bytes Sent By Job
	164  -  Run Bytes Received By Job
	1191  -  Total Bytes Sent By Job
	164  -  Total Bytes Received By Job
	Partitionable Resources :    Usage  Request Allocated 
	   Cpus                 :                 1         1 
	   Disk (KB)            :       46        1     61930 
	   Memory (MB)          :      121     3900      3968 

	Job terminated of its own accord at 2023-07-25T04:23:28Z.
...
006 (330296.008.000) 2023-07-25 13:23:29 Image size of job updated: 687672
	163  -  MemoryUsage of job (MB)
	166808  -  ResidentSetSize of job (KB)
...
040 (330296.008.000) 2023-07-25 13:23:29 Started transferring output files
...
040 (330296.008.000) 2023-07-25 13:23:29 Finished transferring output files
...
005 (330296.008.000) 2023-07-25 13:23:29 Job terminated.
	(1) Normal termination (return value 0)
		Usr 0 00:00:22, Sys 0 00:00:01  -  Run Remote Usage
		Usr 0 00:00:00, Sys 0 00:00:00  -  Run Local Usage
		Usr 0 00:00:22, Sys 0 00:00:01  -  Total Remote Usage
		Usr 0 00:00:00, Sys 0 00:00:00  -  Total Local Usage
	1161  -  Run Bytes Sent By Job
	164  -  Run Bytes Received By Job
	1161  -  Total Bytes Sent By Job
	164  -  Total Bytes Received By Job
	Partitionable Resources :    Usage  Request Allocated 
	   Cpus                 :                 1         1 
	   Disk (KB)            :       46        1     61930 
	   Memory (MB)          :      163     3900      3968 

	Job terminated of its own accord at 2023-07-25T04:23:29Z.
...
006 (330296.004.000) 2023-07-25 13:23:31 Image size of job updated: 687332
	149  -  MemoryUsage of job (MB)
	151768  -  ResidentSetSize of job (KB)
...
040 (330296.004.000) 2023-07-25 13:23:31 Started transferring output files
...
040 (330296.004.000) 2023-07-25 13:23:31 Finished transferring output files
...
005 (330296.004.000) 2023-07-25 13:23:31 Job terminated.
	(1) Normal termination (return value 0)
		Usr 0 00:00:24, Sys 0 00:00:01  -  Run Remote Usage
		Usr 0 00:00:00, Sys 0 00:00:00  -  Run Local Usage
		Usr 0 00:00:24, Sys 0 00:00:01  -  Total Remote Usage
		Usr 0 00:00:00, Sys 0 00:00:00  -  Total Local Usage
	1129  -  Run Bytes Sent By Job
	164  -  Run Bytes Received By Job
	1129  -  Total Bytes Sent By Job
	164  -  Total Bytes Received By Job
	Partitionable Resources :    Usage  Request Allocated 
	   Cpus                 :                 1         1 
	   Disk (KB)            :       46        1     61930 
	   Memory (MB)          :      149     3900      3968 

	Job terminated of its own accord at 2023-07-25T04:23:31Z.
...
006 (330296.001.000) 2023-07-25 13:23:31 Image size of job updated: 687296
	124  -  MemoryUsage of job (MB)
	126348  -  ResidentSetSize of job (KB)
...
040 (330296.001.000) 2023-07-25 13:23:31 Started transferring output files
...
040 (330296.001.000) 2023-07-25 13:23:31 Finished transferring output files
...
005 (330296.001.000) 2023-07-25 13:23:31 Job terminated.
	(1) Normal termination (return value 0)
		Usr 0 00:00:24, Sys 0 00:00:01  -  Run Remote Usage
		Usr 0 00:00:00, Sys 0 00:00:00  -  Run Local Usage
		Usr 0 00:00:24, Sys 0 00:00:01  -  Total Remote Usage
		Usr 0 00:00:00, Sys 0 00:00:00  -  Total Local Usage
	1097  -  Run Bytes Sent By Job
	164  -  Run Bytes Received By Job
	1097  -  Total Bytes Sent By Job
	164  -  Total Bytes Received By Job
	Partitionable Resources :    Usage  Request Allocated 
	   Cpus                 :                 1         1 
	   Disk (KB)            :       46        1     61930 
	   Memory (MB)          :      124     3900      3968 

	Job terminated of its own accord at 2023-07-25T04:23:31Z.
...
006 (330296.000.000) 2023-07-25 13:23:34 Image size of job updated: 687376
	124  -  MemoryUsage of job (MB)
	126184  -  ResidentSetSize of job (KB)
...
040 (330296.000.000) 2023-07-25 13:23:34 Started transferring output files
...
040 (330296.000.000) 2023-07-25 13:23:34 Finished transferring output files
...
005 (330296.000.000) 2023-07-25 13:23:34 Job terminated.
	(1) Normal termination (return value 0)
		Usr 0 00:00:27, Sys 0 00:00:01  -  Run Remote Usage
		Usr 0 00:00:00, Sys 0 00:00:00  -  Run Local Usage
		Usr 0 00:00:27, Sys 0 00:00:01  -  Total Remote Usage
		Usr 0 00:00:00, Sys 0 00:00:00  -  Total Local Usage
	1128  -  Run Bytes Sent By Job
	164  -  Run Bytes Received By Job
	1128  -  Total Bytes Sent By Job
	164  -  Total Bytes Received By Job
	Partitionable Resources :    Usage  Request Allocated 
	   Cpus                 :                 1         1 
	   Disk (KB)            :       46        1     61930 
	   Memory (MB)          :      124     3900      3968 

	Job terminated of its own accord at 2023-07-25T04:23:34Z.
...
006 (330296.005.000) 2023-07-25 13:23:34 Image size of job updated: 687400
	146  -  MemoryUsage of job (MB)
	148700  -  ResidentSetSize of job (KB)
...
040 (330296.005.000) 2023-07-25 13:23:34 Started transferring output files
...
040 (330296.005.000) 2023-07-25 13:23:34 Finished transferring output files
...
005 (330296.005.000) 2023-07-25 13:23:34 Job terminated.
	(1) Normal termination (return value 0)
		Usr 0 00:00:26, Sys 0 00:00:01  -  Run Remote Usage
		Usr 0 00:00:00, Sys 0 00:00:00  -  Run Local Usage
		Usr 0 00:00:26, Sys 0 00:00:01  -  Total Remote Usage
		Usr 0 00:00:00, Sys 0 00:00:00  -  Total Local Usage
	1129  -  Run Bytes Sent By Job
	164  -  Run Bytes Received By Job
	1129  -  Total Bytes Sent By Job
	164  -  Total Bytes Received By Job
	Partitionable Resources :    Usage  Request Allocated 
	   Cpus                 :                 1         1 
	   Disk (KB)            :       46        1     61930 
	   Memory (MB)          :      146     3900      3968 

	Job terminated of its own accord at 2023-07-25T04:23:34Z.
...
