000 (311070.000.000) 2023-06-12 18:18:26 Job submitted from host: <172.30.1.200:9618?addrs=172.30.1.200-9618&alias=tamsa2.snu.ac.kr&noUDP&sock=schedd_3510_2582>
...
000 (311070.001.000) 2023-06-12 18:18:26 Job submitted from host: <172.30.1.200:9618?addrs=172.30.1.200-9618&alias=tamsa2.snu.ac.kr&noUDP&sock=schedd_3510_2582>
...
000 (311070.002.000) 2023-06-12 18:18:26 Job submitted from host: <172.30.1.200:9618?addrs=172.30.1.200-9618&alias=tamsa2.snu.ac.kr&noUDP&sock=schedd_3510_2582>
...
000 (311070.003.000) 2023-06-12 18:18:26 Job submitted from host: <172.30.1.200:9618?addrs=172.30.1.200-9618&alias=tamsa2.snu.ac.kr&noUDP&sock=schedd_3510_2582>
...
000 (311070.004.000) 2023-06-12 18:18:26 Job submitted from host: <172.30.1.200:9618?addrs=172.30.1.200-9618&alias=tamsa2.snu.ac.kr&noUDP&sock=schedd_3510_2582>
...
000 (311070.005.000) 2023-06-12 18:18:26 Job submitted from host: <172.30.1.200:9618?addrs=172.30.1.200-9618&alias=tamsa2.snu.ac.kr&noUDP&sock=schedd_3510_2582>
...
000 (311070.006.000) 2023-06-12 18:18:26 Job submitted from host: <172.30.1.200:9618?addrs=172.30.1.200-9618&alias=tamsa2.snu.ac.kr&noUDP&sock=schedd_3510_2582>
...
000 (311070.007.000) 2023-06-12 18:18:26 Job submitted from host: <172.30.1.200:9618?addrs=172.30.1.200-9618&alias=tamsa2.snu.ac.kr&noUDP&sock=schedd_3510_2582>
...
000 (311070.008.000) 2023-06-12 18:18:26 Job submitted from host: <172.30.1.200:9618?addrs=172.30.1.200-9618&alias=tamsa2.snu.ac.kr&noUDP&sock=schedd_3510_2582>
...
000 (311070.009.000) 2023-06-12 18:18:26 Job submitted from host: <172.30.1.200:9618?addrs=172.30.1.200-9618&alias=tamsa2.snu.ac.kr&noUDP&sock=schedd_3510_2582>
...
040 (311070.004.000) 2023-06-12 18:18:34 Started transferring input files
	Transferring to host: <172.30.1.108:9618?addrs=172.30.1.108-9618&alias=n8&noUDP&sock=slot1_5_4278_fce7_21971>
...
040 (311070.000.000) 2023-06-12 18:18:34 Started transferring input files
	Transferring to host: <172.30.1.106:9618?addrs=172.30.1.106-9618&alias=n6&noUDP&sock=slot1_3_3308_8900_8094>
...
040 (311070.004.000) 2023-06-12 18:18:34 Finished transferring input files
...
040 (311070.000.000) 2023-06-12 18:18:34 Finished transferring input files
...
040 (311070.001.000) 2023-06-12 18:18:34 Started transferring input files
	Transferring to host: <172.30.1.106:9618?addrs=172.30.1.106-9618&alias=n6&noUDP&sock=slot1_4_3308_8900_8095>
...
040 (311070.001.000) 2023-06-12 18:18:34 Finished transferring input files
...
040 (311070.002.000) 2023-06-12 18:18:34 Started transferring input files
	Transferring to host: <172.30.1.106:9618?addrs=172.30.1.106-9618&alias=n6&noUDP&sock=slot1_6_3308_8900_8096>
...
040 (311070.005.000) 2023-06-12 18:18:34 Started transferring input files
	Transferring to host: <172.30.1.108:9618?addrs=172.30.1.108-9618&alias=n8&noUDP&sock=slot1_11_4278_fce7_21972>
...
040 (311070.002.000) 2023-06-12 18:18:34 Finished transferring input files
...
040 (311070.005.000) 2023-06-12 18:18:34 Finished transferring input files
...
040 (311070.006.000) 2023-06-12 18:18:34 Started transferring input files
	Transferring to host: <172.30.1.108:9618?addrs=172.30.1.108-9618&alias=n8&noUDP&sock=slot1_14_4278_fce7_21973>
...
040 (311070.003.000) 2023-06-12 18:18:34 Started transferring input files
	Transferring to host: <172.30.1.106:9618?addrs=172.30.1.106-9618&alias=n6&noUDP&sock=slot1_7_3308_8900_8097>
...
040 (311070.006.000) 2023-06-12 18:18:34 Finished transferring input files
...
040 (311070.003.000) 2023-06-12 18:18:34 Finished transferring input files
...
040 (311070.007.000) 2023-06-12 18:18:34 Started transferring input files
	Transferring to host: <172.30.1.108:9618?addrs=172.30.1.108-9618&alias=n8&noUDP&sock=slot1_15_4278_fce7_21974>
...
040 (311070.007.000) 2023-06-12 18:18:34 Finished transferring input files
...
040 (311070.008.000) 2023-06-12 18:18:34 Started transferring input files
	Transferring to host: <172.30.1.108:9618?addrs=172.30.1.108-9618&alias=n8&noUDP&sock=slot1_18_4278_fce7_21975>
...
040 (311070.008.000) 2023-06-12 18:18:34 Finished transferring input files
...
040 (311070.009.000) 2023-06-12 18:18:34 Started transferring input files
	Transferring to host: <172.30.1.108:9618?addrs=172.30.1.108-9618&alias=n8&noUDP&sock=slot1_19_4278_fce7_21976>
...
040 (311070.009.000) 2023-06-12 18:18:34 Finished transferring input files
...
001 (311070.000.000) 2023-06-12 18:18:35 Job executing on host: <172.30.1.106:9618?addrs=172.30.1.106-9618&alias=n6&noUDP&sock=startd_3274_4528>
...
001 (311070.004.000) 2023-06-12 18:18:35 Job executing on host: <172.30.1.108:9618?addrs=172.30.1.108-9618&alias=n8&noUDP&sock=startd_4243_ec6e>
...
001 (311070.001.000) 2023-06-12 18:18:35 Job executing on host: <172.30.1.106:9618?addrs=172.30.1.106-9618&alias=n6&noUDP&sock=startd_3274_4528>
...
001 (311070.005.000) 2023-06-12 18:18:35 Job executing on host: <172.30.1.108:9618?addrs=172.30.1.108-9618&alias=n8&noUDP&sock=startd_4243_ec6e>
...
001 (311070.002.000) 2023-06-12 18:18:35 Job executing on host: <172.30.1.106:9618?addrs=172.30.1.106-9618&alias=n6&noUDP&sock=startd_3274_4528>
...
001 (311070.006.000) 2023-06-12 18:18:35 Job executing on host: <172.30.1.108:9618?addrs=172.30.1.108-9618&alias=n8&noUDP&sock=startd_4243_ec6e>
...
001 (311070.003.000) 2023-06-12 18:18:35 Job executing on host: <172.30.1.106:9618?addrs=172.30.1.106-9618&alias=n6&noUDP&sock=startd_3274_4528>
...
001 (311070.007.000) 2023-06-12 18:18:35 Job executing on host: <172.30.1.108:9618?addrs=172.30.1.108-9618&alias=n8&noUDP&sock=startd_4243_ec6e>
...
001 (311070.008.000) 2023-06-12 18:18:35 Job executing on host: <172.30.1.108:9618?addrs=172.30.1.108-9618&alias=n8&noUDP&sock=startd_4243_ec6e>
...
001 (311070.009.000) 2023-06-12 18:18:35 Job executing on host: <172.30.1.108:9618?addrs=172.30.1.108-9618&alias=n8&noUDP&sock=startd_4243_ec6e>
...
006 (311070.000.000) 2023-06-12 18:18:43 Image size of job updated: 645152
	184  -  MemoryUsage of job (MB)
	187616  -  ResidentSetSize of job (KB)
...
006 (311070.004.000) 2023-06-12 18:18:43 Image size of job updated: 190420
	184  -  MemoryUsage of job (MB)
	187840  -  ResidentSetSize of job (KB)
...
006 (311070.001.000) 2023-06-12 18:18:43 Image size of job updated: 647028
	184  -  MemoryUsage of job (MB)
	187840  -  ResidentSetSize of job (KB)
...
006 (311070.002.000) 2023-06-12 18:18:44 Image size of job updated: 647024
	184  -  MemoryUsage of job (MB)
	188156  -  ResidentSetSize of job (KB)
...
006 (311070.003.000) 2023-06-12 18:18:44 Image size of job updated: 647020
	184  -  MemoryUsage of job (MB)
	188112  -  ResidentSetSize of job (KB)
...
006 (311070.005.000) 2023-06-12 18:18:44 Image size of job updated: 647028
	184  -  MemoryUsage of job (MB)
	188068  -  ResidentSetSize of job (KB)
...
006 (311070.006.000) 2023-06-12 18:18:44 Image size of job updated: 647060
	184  -  MemoryUsage of job (MB)
	188084  -  ResidentSetSize of job (KB)
...
006 (311070.007.000) 2023-06-12 18:18:44 Image size of job updated: 647032
	184  -  MemoryUsage of job (MB)
	187844  -  ResidentSetSize of job (KB)
...
006 (311070.008.000) 2023-06-12 18:18:44 Image size of job updated: 647032
	184  -  MemoryUsage of job (MB)
	187824  -  ResidentSetSize of job (KB)
...
006 (311070.009.000) 2023-06-12 18:18:44 Image size of job updated: 647052
	184  -  MemoryUsage of job (MB)
	187908  -  ResidentSetSize of job (KB)
...
006 (311070.009.000) 2023-06-12 18:20:13 Image size of job updated: 697536
	184  -  MemoryUsage of job (MB)
	187908  -  ResidentSetSize of job (KB)
...
040 (311070.009.000) 2023-06-12 18:20:13 Started transferring output files
...
040 (311070.009.000) 2023-06-12 18:20:13 Finished transferring output files
...
005 (311070.009.000) 2023-06-12 18:20:13 Job terminated.
	(1) Normal termination (return value 0)
		Usr 0 00:01:32, Sys 0 00:00:02  -  Run Remote Usage
		Usr 0 00:00:00, Sys 0 00:00:00  -  Run Local Usage
		Usr 0 00:01:32, Sys 0 00:00:02  -  Total Remote Usage
		Usr 0 00:00:00, Sys 0 00:00:00  -  Total Local Usage
	10424  -  Run Bytes Sent By Job
	147  -  Run Bytes Received By Job
	10424  -  Total Bytes Sent By Job
	147  -  Total Bytes Received By Job
	Partitionable Resources :    Usage  Request Allocated 
	   Cpus                 :     0.99        1         1 
	   Disk (KB)            :    61           1    127899 
	   Memory (MB)          :   184        3900      3968 

	Job terminated of its own accord at 2023-06-12T09:20:13Z.
...
006 (311070.006.000) 2023-06-12 18:20:13 Image size of job updated: 697444
	184  -  MemoryUsage of job (MB)
	188084  -  ResidentSetSize of job (KB)
...
040 (311070.006.000) 2023-06-12 18:20:13 Started transferring output files
...
040 (311070.006.000) 2023-06-12 18:20:13 Finished transferring output files
...
005 (311070.006.000) 2023-06-12 18:20:13 Job terminated.
	(1) Normal termination (return value 0)
		Usr 0 00:01:32, Sys 0 00:00:02  -  Run Remote Usage
		Usr 0 00:00:00, Sys 0 00:00:00  -  Run Local Usage
		Usr 0 00:01:32, Sys 0 00:00:02  -  Total Remote Usage
		Usr 0 00:00:00, Sys 0 00:00:00  -  Total Local Usage
	9489  -  Run Bytes Sent By Job
	147  -  Run Bytes Received By Job
	9489  -  Total Bytes Sent By Job
	147  -  Total Bytes Received By Job
	Partitionable Resources :    Usage  Request Allocated 
	   Cpus                 :     1.00        1         1 
	   Disk (KB)            :    60           1    127899 
	   Memory (MB)          :   184        3900      3968 

	Job terminated of its own accord at 2023-06-12T09:20:13Z.
...
006 (311070.007.000) 2023-06-12 18:20:30 Image size of job updated: 697456
	184  -  MemoryUsage of job (MB)
	187844  -  ResidentSetSize of job (KB)
...
040 (311070.007.000) 2023-06-12 18:20:30 Started transferring output files
...
040 (311070.007.000) 2023-06-12 18:20:30 Finished transferring output files
...
005 (311070.007.000) 2023-06-12 18:20:30 Job terminated.
	(1) Normal termination (return value 0)
		Usr 0 00:01:51, Sys 0 00:00:01  -  Run Remote Usage
		Usr 0 00:00:00, Sys 0 00:00:00  -  Run Local Usage
		Usr 0 00:01:51, Sys 0 00:00:01  -  Total Remote Usage
		Usr 0 00:00:00, Sys 0 00:00:00  -  Total Local Usage
	8973  -  Run Bytes Sent By Job
	147  -  Run Bytes Received By Job
	8973  -  Total Bytes Sent By Job
	147  -  Total Bytes Received By Job
	Partitionable Resources :    Usage  Request Allocated 
	   Cpus                 :     0.98        1         1 
	   Disk (KB)            :    59           1    127899 
	   Memory (MB)          :   184        3900      3968 

	Job terminated of its own accord at 2023-06-12T09:20:30Z.
...
006 (311070.004.000) 2023-06-12 18:20:43 Image size of job updated: 697444
	184  -  MemoryUsage of job (MB)
	187840  -  ResidentSetSize of job (KB)
...
040 (311070.004.000) 2023-06-12 18:20:43 Started transferring output files
...
040 (311070.004.000) 2023-06-12 18:20:43 Finished transferring output files
...
005 (311070.004.000) 2023-06-12 18:20:43 Job terminated.
	(1) Normal termination (return value 0)
		Usr 0 00:02:01, Sys 0 00:00:02  -  Run Remote Usage
		Usr 0 00:00:00, Sys 0 00:00:00  -  Run Local Usage
		Usr 0 00:02:01, Sys 0 00:00:02  -  Total Remote Usage
		Usr 0 00:00:00, Sys 0 00:00:00  -  Total Local Usage
	9348  -  Run Bytes Sent By Job
	147  -  Run Bytes Received By Job
	9348  -  Total Bytes Sent By Job
	147  -  Total Bytes Received By Job
	Partitionable Resources :    Usage  Request Allocated 
	   Cpus                 :     1.00        1         1 
	   Disk (KB)            :    60           1    127899 
	   Memory (MB)          :   184        3900      3968 

	Job terminated of its own accord at 2023-06-12T09:20:43Z.
...
006 (311070.003.000) 2023-06-12 18:20:46 Image size of job updated: 697496
	184  -  MemoryUsage of job (MB)
	188112  -  ResidentSetSize of job (KB)
...
040 (311070.003.000) 2023-06-12 18:20:46 Started transferring output files
...
040 (311070.003.000) 2023-06-12 18:20:46 Finished transferring output files
...
005 (311070.003.000) 2023-06-12 18:20:46 Job terminated.
	(1) Normal termination (return value 0)
		Usr 0 00:02:05, Sys 0 00:00:02  -  Run Remote Usage
		Usr 0 00:00:00, Sys 0 00:00:00  -  Run Local Usage
		Usr 0 00:02:05, Sys 0 00:00:02  -  Total Remote Usage
		Usr 0 00:00:00, Sys 0 00:00:00  -  Total Local Usage
	8873  -  Run Bytes Sent By Job
	147  -  Run Bytes Received By Job
	8873  -  Total Bytes Sent By Job
	147  -  Total Bytes Received By Job
	Partitionable Resources :    Usage  Request Allocated 
	   Cpus                 :                 1         1 
	   Disk (KB)            :       53        1     61930 
	   Memory (MB)          :      184     3900      3968 

	Job terminated of its own accord at 2023-06-12T09:20:46Z.
...
006 (311070.005.000) 2023-06-12 18:20:47 Image size of job updated: 697012
	184  -  MemoryUsage of job (MB)
	188068  -  ResidentSetSize of job (KB)
...
040 (311070.005.000) 2023-06-12 18:20:47 Started transferring output files
...
040 (311070.005.000) 2023-06-12 18:20:47 Finished transferring output files
...
005 (311070.005.000) 2023-06-12 18:20:47 Job terminated.
	(1) Normal termination (return value 0)
		Usr 0 00:02:06, Sys 0 00:00:02  -  Run Remote Usage
		Usr 0 00:00:00, Sys 0 00:00:00  -  Run Local Usage
		Usr 0 00:02:06, Sys 0 00:00:02  -  Total Remote Usage
		Usr 0 00:00:00, Sys 0 00:00:00  -  Total Local Usage
	9248  -  Run Bytes Sent By Job
	147  -  Run Bytes Received By Job
	9248  -  Total Bytes Sent By Job
	147  -  Total Bytes Received By Job
	Partitionable Resources :    Usage  Request Allocated 
	   Cpus                 :     0.99        1         1 
	   Disk (KB)            :    59           1    127899 
	   Memory (MB)          :   184        3900      3968 

	Job terminated of its own accord at 2023-06-12T09:20:47Z.
...
006 (311070.001.000) 2023-06-12 18:20:51 Image size of job updated: 697376
	184  -  MemoryUsage of job (MB)
	187840  -  ResidentSetSize of job (KB)
...
040 (311070.001.000) 2023-06-12 18:20:51 Started transferring output files
...
040 (311070.001.000) 2023-06-12 18:20:51 Finished transferring output files
...
005 (311070.001.000) 2023-06-12 18:20:51 Job terminated.
	(1) Normal termination (return value 0)
		Usr 0 00:02:12, Sys 0 00:00:01  -  Run Remote Usage
		Usr 0 00:00:00, Sys 0 00:00:00  -  Run Local Usage
		Usr 0 00:02:12, Sys 0 00:00:01  -  Total Remote Usage
		Usr 0 00:00:00, Sys 0 00:00:00  -  Total Local Usage
	9538  -  Run Bytes Sent By Job
	147  -  Run Bytes Received By Job
	9538  -  Total Bytes Sent By Job
	147  -  Total Bytes Received By Job
	Partitionable Resources :    Usage  Request Allocated 
	   Cpus                 :                 1         1 
	   Disk (KB)            :       54        1     61930 
	   Memory (MB)          :      184     3900      3968 

	Job terminated of its own accord at 2023-06-12T09:20:51Z.
...
006 (311070.002.000) 2023-06-12 18:20:57 Image size of job updated: 697388
	184  -  MemoryUsage of job (MB)
	188156  -  ResidentSetSize of job (KB)
...
040 (311070.002.000) 2023-06-12 18:20:57 Started transferring output files
...
040 (311070.002.000) 2023-06-12 18:20:57 Finished transferring output files
...
005 (311070.002.000) 2023-06-12 18:20:57 Job terminated.
	(1) Normal termination (return value 0)
		Usr 0 00:02:18, Sys 0 00:00:01  -  Run Remote Usage
		Usr 0 00:00:00, Sys 0 00:00:00  -  Run Local Usage
		Usr 0 00:02:18, Sys 0 00:00:01  -  Total Remote Usage
		Usr 0 00:00:00, Sys 0 00:00:00  -  Total Local Usage
	9025  -  Run Bytes Sent By Job
	147  -  Run Bytes Received By Job
	9025  -  Total Bytes Sent By Job
	147  -  Total Bytes Received By Job
	Partitionable Resources :    Usage  Request Allocated 
	   Cpus                 :                 1         1 
	   Disk (KB)            :       54        1     61930 
	   Memory (MB)          :      184     3900      3968 

	Job terminated of its own accord at 2023-06-12T09:20:57Z.
...
006 (311070.008.000) 2023-06-12 18:21:03 Image size of job updated: 697608
	184  -  MemoryUsage of job (MB)
	187824  -  ResidentSetSize of job (KB)
...
040 (311070.008.000) 2023-06-12 18:21:03 Started transferring output files
...
040 (311070.008.000) 2023-06-12 18:21:03 Finished transferring output files
...
005 (311070.008.000) 2023-06-12 18:21:03 Job terminated.
	(1) Normal termination (return value 0)
		Usr 0 00:02:23, Sys 0 00:00:01  -  Run Remote Usage
		Usr 0 00:00:00, Sys 0 00:00:00  -  Run Local Usage
		Usr 0 00:02:23, Sys 0 00:00:01  -  Total Remote Usage
		Usr 0 00:00:00, Sys 0 00:00:00  -  Total Local Usage
	9460  -  Run Bytes Sent By Job
	147  -  Run Bytes Received By Job
	9460  -  Total Bytes Sent By Job
	147  -  Total Bytes Received By Job
	Partitionable Resources :    Usage  Request Allocated 
	   Cpus                 :     1.00        1         1 
	   Disk (KB)            :    60           1    127899 
	   Memory (MB)          :   184        3900      3968 

	Job terminated of its own accord at 2023-06-12T09:21:03Z.
...
006 (311070.000.000) 2023-06-12 18:21:37 Image size of job updated: 697552
	184  -  MemoryUsage of job (MB)
	187616  -  ResidentSetSize of job (KB)
...
040 (311070.000.000) 2023-06-12 18:21:37 Started transferring output files
...
040 (311070.000.000) 2023-06-12 18:21:37 Finished transferring output files
...
005 (311070.000.000) 2023-06-12 18:21:37 Job terminated.
	(1) Normal termination (return value 0)
		Usr 0 00:02:56, Sys 0 00:00:02  -  Run Remote Usage
		Usr 0 00:00:00, Sys 0 00:00:00  -  Run Local Usage
		Usr 0 00:02:56, Sys 0 00:00:02  -  Total Remote Usage
		Usr 0 00:00:00, Sys 0 00:00:00  -  Total Local Usage
	9627  -  Run Bytes Sent By Job
	147  -  Run Bytes Received By Job
	9627  -  Total Bytes Sent By Job
	147  -  Total Bytes Received By Job
	Partitionable Resources :    Usage  Request Allocated 
	   Cpus                 :                 1         1 
	   Disk (KB)            :       54        1     61930 
	   Memory (MB)          :      184     3900      3968 

	Job terminated of its own accord at 2023-06-12T09:21:37Z.
...
