000 (330099.000.000) 2023-07-25 10:59:26 Job submitted from host: <172.30.1.200:9618?addrs=172.30.1.200-9618&alias=tamsa2.snu.ac.kr&noUDP&sock=schedd_3510_2582>
...
000 (330099.001.000) 2023-07-25 10:59:26 Job submitted from host: <172.30.1.200:9618?addrs=172.30.1.200-9618&alias=tamsa2.snu.ac.kr&noUDP&sock=schedd_3510_2582>
...
000 (330099.002.000) 2023-07-25 10:59:26 Job submitted from host: <172.30.1.200:9618?addrs=172.30.1.200-9618&alias=tamsa2.snu.ac.kr&noUDP&sock=schedd_3510_2582>
...
000 (330099.003.000) 2023-07-25 10:59:26 Job submitted from host: <172.30.1.200:9618?addrs=172.30.1.200-9618&alias=tamsa2.snu.ac.kr&noUDP&sock=schedd_3510_2582>
...
000 (330099.004.000) 2023-07-25 10:59:26 Job submitted from host: <172.30.1.200:9618?addrs=172.30.1.200-9618&alias=tamsa2.snu.ac.kr&noUDP&sock=schedd_3510_2582>
...
000 (330099.005.000) 2023-07-25 10:59:26 Job submitted from host: <172.30.1.200:9618?addrs=172.30.1.200-9618&alias=tamsa2.snu.ac.kr&noUDP&sock=schedd_3510_2582>
...
000 (330099.006.000) 2023-07-25 10:59:26 Job submitted from host: <172.30.1.200:9618?addrs=172.30.1.200-9618&alias=tamsa2.snu.ac.kr&noUDP&sock=schedd_3510_2582>
...
000 (330099.007.000) 2023-07-25 10:59:26 Job submitted from host: <172.30.1.200:9618?addrs=172.30.1.200-9618&alias=tamsa2.snu.ac.kr&noUDP&sock=schedd_3510_2582>
...
000 (330099.008.000) 2023-07-25 10:59:26 Job submitted from host: <172.30.1.200:9618?addrs=172.30.1.200-9618&alias=tamsa2.snu.ac.kr&noUDP&sock=schedd_3510_2582>
...
000 (330099.009.000) 2023-07-25 10:59:26 Job submitted from host: <172.30.1.200:9618?addrs=172.30.1.200-9618&alias=tamsa2.snu.ac.kr&noUDP&sock=schedd_3510_2582>
...
040 (330099.002.000) 2023-07-25 10:59:39 Started transferring input files
	Transferring to host: <172.30.1.107:9618?addrs=172.30.1.107-9618&alias=n7&noUDP&sock=slot1_38_4258_e566_60776>
...
040 (330099.001.000) 2023-07-25 10:59:39 Started transferring input files
	Transferring to host: <172.30.1.107:9618?addrs=172.30.1.107-9618&alias=n7&noUDP&sock=slot1_37_4258_e566_60777>
...
040 (330099.003.000) 2023-07-25 10:59:39 Started transferring input files
	Transferring to host: <172.30.1.107:9618?addrs=172.30.1.107-9618&alias=n7&noUDP&sock=slot1_39_4258_e566_60778>
...
040 (330099.004.000) 2023-07-25 10:59:40 Started transferring input files
	Transferring to host: <172.30.1.107:9618?addrs=172.30.1.107-9618&alias=n7&noUDP&sock=slot1_40_4258_e566_60779>
...
040 (330099.002.000) 2023-07-25 10:59:40 Finished transferring input files
...
040 (330099.001.000) 2023-07-25 10:59:40 Finished transferring input files
...
040 (330099.003.000) 2023-07-25 10:59:40 Finished transferring input files
...
040 (330099.004.000) 2023-07-25 10:59:40 Finished transferring input files
...
040 (330099.005.000) 2023-07-25 10:59:40 Started transferring input files
	Transferring to host: <172.30.1.107:9618?addrs=172.30.1.107-9618&alias=n7&noUDP&sock=slot1_41_4258_e566_60780>
...
040 (330099.005.000) 2023-07-25 10:59:40 Finished transferring input files
...
040 (330099.006.000) 2023-07-25 10:59:40 Started transferring input files
	Transferring to host: <172.30.1.107:9618?addrs=172.30.1.107-9618&alias=n7&noUDP&sock=slot1_42_4258_e566_60781>
...
040 (330099.006.000) 2023-07-25 10:59:40 Finished transferring input files
...
040 (330099.007.000) 2023-07-25 10:59:40 Started transferring input files
	Transferring to host: <172.30.1.107:9618?addrs=172.30.1.107-9618&alias=n7&noUDP&sock=slot1_43_4258_e566_60782>
...
040 (330099.007.000) 2023-07-25 10:59:40 Finished transferring input files
...
040 (330099.008.000) 2023-07-25 10:59:40 Started transferring input files
	Transferring to host: <172.30.1.107:9618?addrs=172.30.1.107-9618&alias=n7&noUDP&sock=slot1_44_4258_e566_60783>
...
040 (330099.008.000) 2023-07-25 10:59:40 Finished transferring input files
...
001 (330099.002.000) 2023-07-25 10:59:40 Job executing on host: <172.30.1.107:9618?addrs=172.30.1.107-9618&alias=n7&noUDP&sock=startd_4224_e421>
...
001 (330099.001.000) 2023-07-25 10:59:40 Job executing on host: <172.30.1.107:9618?addrs=172.30.1.107-9618&alias=n7&noUDP&sock=startd_4224_e421>
...
001 (330099.003.000) 2023-07-25 10:59:40 Job executing on host: <172.30.1.107:9618?addrs=172.30.1.107-9618&alias=n7&noUDP&sock=startd_4224_e421>
...
001 (330099.004.000) 2023-07-25 10:59:41 Job executing on host: <172.30.1.107:9618?addrs=172.30.1.107-9618&alias=n7&noUDP&sock=startd_4224_e421>
...
001 (330099.005.000) 2023-07-25 10:59:41 Job executing on host: <172.30.1.107:9618?addrs=172.30.1.107-9618&alias=n7&noUDP&sock=startd_4224_e421>
...
001 (330099.006.000) 2023-07-25 10:59:41 Job executing on host: <172.30.1.107:9618?addrs=172.30.1.107-9618&alias=n7&noUDP&sock=startd_4224_e421>
...
001 (330099.007.000) 2023-07-25 10:59:41 Job executing on host: <172.30.1.107:9618?addrs=172.30.1.107-9618&alias=n7&noUDP&sock=startd_4224_e421>
...
001 (330099.008.000) 2023-07-25 10:59:41 Job executing on host: <172.30.1.107:9618?addrs=172.30.1.107-9618&alias=n7&noUDP&sock=startd_4224_e421>
...
040 (330099.009.000) 2023-07-25 10:59:41 Started transferring input files
	Transferring to host: <172.30.1.101:9618?addrs=172.30.1.101-9618&alias=n1&noUDP&sock=slot1_53_3367_1b22_45692>
...
040 (330099.009.000) 2023-07-25 10:59:41 Finished transferring input files
...
040 (330099.000.000) 2023-07-25 10:59:42 Started transferring input files
	Transferring to host: <172.30.1.111:9618?addrs=172.30.1.111-9618&alias=n11&noUDP&sock=slot1_35_4451_e1ce_37725>
...
040 (330099.000.000) 2023-07-25 10:59:42 Finished transferring input files
...
001 (330099.009.000) 2023-07-25 10:59:42 Job executing on host: <172.30.1.101:9618?addrs=172.30.1.101-9618&alias=n1&noUDP&sock=startd_3332_0da7>
...
001 (330099.000.000) 2023-07-25 10:59:43 Job executing on host: <172.30.1.111:9618?addrs=172.30.1.111-9618&alias=n11&noUDP&sock=startd_4417_45e8>
...
006 (330099.003.000) 2023-07-25 10:59:49 Image size of job updated: 385964
	182  -  MemoryUsage of job (MB)
	186148  -  ResidentSetSize of job (KB)
...
006 (330099.004.000) 2023-07-25 10:59:49 Image size of job updated: 644568
	182  -  MemoryUsage of job (MB)
	186096  -  ResidentSetSize of job (KB)
...
006 (330099.005.000) 2023-07-25 10:59:49 Image size of job updated: 644568
	182  -  MemoryUsage of job (MB)
	186216  -  ResidentSetSize of job (KB)
...
006 (330099.006.000) 2023-07-25 10:59:49 Image size of job updated: 644580
	182  -  MemoryUsage of job (MB)
	186188  -  ResidentSetSize of job (KB)
...
006 (330099.002.000) 2023-07-25 10:59:49 Image size of job updated: 644576
	182  -  MemoryUsage of job (MB)
	186120  -  ResidentSetSize of job (KB)
...
006 (330099.001.000) 2023-07-25 10:59:49 Image size of job updated: 644576
	182  -  MemoryUsage of job (MB)
	186092  -  ResidentSetSize of job (KB)
...
006 (330099.007.000) 2023-07-25 10:59:50 Image size of job updated: 644572
	182  -  MemoryUsage of job (MB)
	186216  -  ResidentSetSize of job (KB)
...
006 (330099.008.000) 2023-07-25 10:59:50 Image size of job updated: 644568
	182  -  MemoryUsage of job (MB)
	186224  -  ResidentSetSize of job (KB)
...
006 (330099.009.000) 2023-07-25 10:59:51 Image size of job updated: 61824
	61  -  MemoryUsage of job (MB)
	61824  -  ResidentSetSize of job (KB)
...
006 (330099.000.000) 2023-07-25 10:59:51 Image size of job updated: 186968
	183  -  MemoryUsage of job (MB)
	186968  -  ResidentSetSize of job (KB)
...
006 (330099.000.000) 2023-07-25 11:00:03 Image size of job updated: 685872
	183  -  MemoryUsage of job (MB)
	186968  -  ResidentSetSize of job (KB)
...
040 (330099.000.000) 2023-07-25 11:00:03 Started transferring output files
...
040 (330099.000.000) 2023-07-25 11:00:03 Finished transferring output files
...
005 (330099.000.000) 2023-07-25 11:00:03 Job terminated.
	(1) Normal termination (return value 0)
		Usr 0 00:00:18, Sys 0 00:00:00  -  Run Remote Usage
		Usr 0 00:00:00, Sys 0 00:00:00  -  Run Local Usage
		Usr 0 00:00:18, Sys 0 00:00:00  -  Total Remote Usage
		Usr 0 00:00:00, Sys 0 00:00:00  -  Total Local Usage
	1248  -  Run Bytes Sent By Job
	169  -  Run Bytes Received By Job
	1248  -  Total Bytes Sent By Job
	169  -  Total Bytes Received By Job
	Partitionable Resources :    Usage  Request Allocated 
	   Cpus                 :     0.05        1         1 
	   Disk (KB)            :    53           1    127802 
	   GPUs                 :                           0 
	   Memory (MB)          :   183        3900      3968 

	Job terminated of its own accord at 2023-07-25T02:00:03Z.
...
006 (330099.007.000) 2023-07-25 11:00:04 Image size of job updated: 685716
	182  -  MemoryUsage of job (MB)
	186216  -  ResidentSetSize of job (KB)
...
040 (330099.007.000) 2023-07-25 11:00:04 Started transferring output files
...
040 (330099.007.000) 2023-07-25 11:00:04 Finished transferring output files
...
005 (330099.007.000) 2023-07-25 11:00:04 Job terminated.
	(1) Normal termination (return value 0)
		Usr 0 00:00:20, Sys 0 00:00:00  -  Run Remote Usage
		Usr 0 00:00:00, Sys 0 00:00:00  -  Run Local Usage
		Usr 0 00:00:20, Sys 0 00:00:00  -  Total Remote Usage
		Usr 0 00:00:00, Sys 0 00:00:00  -  Total Local Usage
	929  -  Run Bytes Sent By Job
	169  -  Run Bytes Received By Job
	929  -  Total Bytes Sent By Job
	169  -  Total Bytes Received By Job
	Partitionable Resources :    Usage  Request Allocated 
	   Cpus                 :                 1         1 
	   Disk (KB)            :       46        1    127899 
	   Memory (MB)          :      182     3900      3968 

	Job terminated of its own accord at 2023-07-25T02:00:04Z.
...
006 (330099.003.000) 2023-07-25 11:00:05 Image size of job updated: 685804
	182  -  MemoryUsage of job (MB)
	186148  -  ResidentSetSize of job (KB)
...
040 (330099.003.000) 2023-07-25 11:00:05 Started transferring output files
...
040 (330099.003.000) 2023-07-25 11:00:05 Finished transferring output files
...
005 (330099.003.000) 2023-07-25 11:00:05 Job terminated.
	(1) Normal termination (return value 0)
		Usr 0 00:00:21, Sys 0 00:00:01  -  Run Remote Usage
		Usr 0 00:00:00, Sys 0 00:00:00  -  Run Local Usage
		Usr 0 00:00:21, Sys 0 00:00:01  -  Total Remote Usage
		Usr 0 00:00:00, Sys 0 00:00:00  -  Total Local Usage
	1215  -  Run Bytes Sent By Job
	169  -  Run Bytes Received By Job
	1215  -  Total Bytes Sent By Job
	169  -  Total Bytes Received By Job
	Partitionable Resources :    Usage  Request Allocated 
	   Cpus                 :                 1         1 
	   Disk (KB)            :       46        1    127899 
	   Memory (MB)          :      182     3900      3968 

	Job terminated of its own accord at 2023-07-25T02:00:05Z.
...
006 (330099.004.000) 2023-07-25 11:00:07 Image size of job updated: 685756
	182  -  MemoryUsage of job (MB)
	186096  -  ResidentSetSize of job (KB)
...
040 (330099.004.000) 2023-07-25 11:00:07 Started transferring output files
...
040 (330099.004.000) 2023-07-25 11:00:07 Finished transferring output files
...
005 (330099.004.000) 2023-07-25 11:00:07 Job terminated.
	(1) Normal termination (return value 0)
		Usr 0 00:00:24, Sys 0 00:00:01  -  Run Remote Usage
		Usr 0 00:00:00, Sys 0 00:00:00  -  Run Local Usage
		Usr 0 00:00:24, Sys 0 00:00:01  -  Total Remote Usage
		Usr 0 00:00:00, Sys 0 00:00:00  -  Total Local Usage
	1187  -  Run Bytes Sent By Job
	169  -  Run Bytes Received By Job
	1187  -  Total Bytes Sent By Job
	169  -  Total Bytes Received By Job
	Partitionable Resources :    Usage  Request Allocated 
	   Cpus                 :                 1         1 
	   Disk (KB)            :       46        1    127899 
	   Memory (MB)          :      182     3900      3968 

	Job terminated of its own accord at 2023-07-25T02:00:07Z.
...
006 (330099.006.000) 2023-07-25 11:00:10 Image size of job updated: 685812
	182  -  MemoryUsage of job (MB)
	186188  -  ResidentSetSize of job (KB)
...
040 (330099.006.000) 2023-07-25 11:00:10 Started transferring output files
...
040 (330099.006.000) 2023-07-25 11:00:10 Finished transferring output files
...
005 (330099.006.000) 2023-07-25 11:00:10 Job terminated.
	(1) Normal termination (return value 0)
		Usr 0 00:00:26, Sys 0 00:00:01  -  Run Remote Usage
		Usr 0 00:00:00, Sys 0 00:00:00  -  Run Local Usage
		Usr 0 00:00:26, Sys 0 00:00:01  -  Total Remote Usage
		Usr 0 00:00:00, Sys 0 00:00:00  -  Total Local Usage
	991  -  Run Bytes Sent By Job
	169  -  Run Bytes Received By Job
	991  -  Total Bytes Sent By Job
	169  -  Total Bytes Received By Job
	Partitionable Resources :    Usage  Request Allocated 
	   Cpus                 :                 1         1 
	   Disk (KB)            :       46        1    127899 
	   Memory (MB)          :      182     3900      3968 

	Job terminated of its own accord at 2023-07-25T02:00:10Z.
...
006 (330099.001.000) 2023-07-25 11:00:10 Image size of job updated: 686768
	182  -  MemoryUsage of job (MB)
	186092  -  ResidentSetSize of job (KB)
...
040 (330099.001.000) 2023-07-25 11:00:10 Started transferring output files
...
040 (330099.001.000) 2023-07-25 11:00:10 Finished transferring output files
...
005 (330099.001.000) 2023-07-25 11:00:10 Job terminated.
	(1) Normal termination (return value 0)
		Usr 0 00:00:26, Sys 0 00:00:01  -  Run Remote Usage
		Usr 0 00:00:00, Sys 0 00:00:00  -  Run Local Usage
		Usr 0 00:00:26, Sys 0 00:00:01  -  Total Remote Usage
		Usr 0 00:00:00, Sys 0 00:00:00  -  Total Local Usage
	1186  -  Run Bytes Sent By Job
	169  -  Run Bytes Received By Job
	1186  -  Total Bytes Sent By Job
	169  -  Total Bytes Received By Job
	Partitionable Resources :    Usage  Request Allocated 
	   Cpus                 :                 1         1 
	   Disk (KB)            :       46        1    127899 
	   Memory (MB)          :      182     3900      3968 

	Job terminated of its own accord at 2023-07-25T02:00:10Z.
...
006 (330099.002.000) 2023-07-25 11:00:12 Image size of job updated: 685764
	182  -  MemoryUsage of job (MB)
	186120  -  ResidentSetSize of job (KB)
...
040 (330099.002.000) 2023-07-25 11:00:12 Started transferring output files
...
040 (330099.002.000) 2023-07-25 11:00:12 Finished transferring output files
...
005 (330099.002.000) 2023-07-25 11:00:12 Job terminated.
	(1) Normal termination (return value 0)
		Usr 0 00:00:29, Sys 0 00:00:01  -  Run Remote Usage
		Usr 0 00:00:00, Sys 0 00:00:00  -  Run Local Usage
		Usr 0 00:00:29, Sys 0 00:00:01  -  Total Remote Usage
		Usr 0 00:00:00, Sys 0 00:00:00  -  Total Local Usage
	1187  -  Run Bytes Sent By Job
	169  -  Run Bytes Received By Job
	1187  -  Total Bytes Sent By Job
	169  -  Total Bytes Received By Job
	Partitionable Resources :    Usage  Request Allocated 
	   Cpus                 :                 1         1 
	   Disk (KB)            :       46        1    127899 
	   Memory (MB)          :      182     3900      3968 

	Job terminated of its own accord at 2023-07-25T02:00:12Z.
...
006 (330099.008.000) 2023-07-25 11:00:13 Image size of job updated: 685772
	182  -  MemoryUsage of job (MB)
	186224  -  ResidentSetSize of job (KB)
...
040 (330099.008.000) 2023-07-25 11:00:13 Started transferring output files
...
040 (330099.008.000) 2023-07-25 11:00:13 Finished transferring output files
...
005 (330099.008.000) 2023-07-25 11:00:13 Job terminated.
	(1) Normal termination (return value 0)
		Usr 0 00:00:29, Sys 0 00:00:01  -  Run Remote Usage
		Usr 0 00:00:00, Sys 0 00:00:00  -  Run Local Usage
		Usr 0 00:00:29, Sys 0 00:00:01  -  Total Remote Usage
		Usr 0 00:00:00, Sys 0 00:00:00  -  Total Local Usage
	961  -  Run Bytes Sent By Job
	169  -  Run Bytes Received By Job
	961  -  Total Bytes Sent By Job
	169  -  Total Bytes Received By Job
	Partitionable Resources :    Usage  Request Allocated 
	   Cpus                 :                 1         1 
	   Disk (KB)            :       46        1    127899 
	   Memory (MB)          :      182     3900      3968 

	Job terminated of its own accord at 2023-07-25T02:00:13Z.
...
006 (330099.005.000) 2023-07-25 11:00:17 Image size of job updated: 685756
	182  -  MemoryUsage of job (MB)
	186216  -  ResidentSetSize of job (KB)
...
040 (330099.005.000) 2023-07-25 11:00:17 Started transferring output files
...
040 (330099.005.000) 2023-07-25 11:00:17 Finished transferring output files
...
005 (330099.005.000) 2023-07-25 11:00:17 Job terminated.
	(1) Normal termination (return value 0)
		Usr 0 00:00:31, Sys 0 00:00:01  -  Run Remote Usage
		Usr 0 00:00:00, Sys 0 00:00:00  -  Run Local Usage
		Usr 0 00:00:31, Sys 0 00:00:01  -  Total Remote Usage
		Usr 0 00:00:00, Sys 0 00:00:00  -  Total Local Usage
	1187  -  Run Bytes Sent By Job
	169  -  Run Bytes Received By Job
	1187  -  Total Bytes Sent By Job
	169  -  Total Bytes Received By Job
	Partitionable Resources :    Usage  Request Allocated 
	   Cpus                 :                 1         1 
	   Disk (KB)            :       46        1    127899 
	   Memory (MB)          :      182     3900      3968 

	Job terminated of its own accord at 2023-07-25T02:00:16Z.
...
006 (330099.009.000) 2023-07-25 11:00:24 Image size of job updated: 684344
	61  -  MemoryUsage of job (MB)
	61824  -  ResidentSetSize of job (KB)
...
040 (330099.009.000) 2023-07-25 11:00:24 Started transferring output files
...
040 (330099.009.000) 2023-07-25 11:00:24 Finished transferring output files
...
005 (330099.009.000) 2023-07-25 11:00:24 Job terminated.
	(1) Normal termination (return value 0)
		Usr 0 00:00:30, Sys 0 00:00:02  -  Run Remote Usage
		Usr 0 00:00:00, Sys 0 00:00:00  -  Run Local Usage
		Usr 0 00:00:30, Sys 0 00:00:02  -  Total Remote Usage
		Usr 0 00:00:00, Sys 0 00:00:00  -  Total Local Usage
	930  -  Run Bytes Sent By Job
	169  -  Run Bytes Received By Job
	930  -  Total Bytes Sent By Job
	169  -  Total Bytes Received By Job
	Partitionable Resources :    Usage  Request Allocated 
	   Cpus                 :     0.04        1         1 
	   Disk (KB)            :    52           1    127998 
	   Memory (MB)          :    61        3900      3968 

	Job terminated of its own accord at 2023-07-25T02:00:24Z.
...
