000 (310921.000.000) 2023-06-12 15:35:19 Job submitted from host: <172.30.1.200:9618?addrs=172.30.1.200-9618&alias=tamsa2.snu.ac.kr&noUDP&sock=schedd_3510_2582>
...
000 (310921.001.000) 2023-06-12 15:35:19 Job submitted from host: <172.30.1.200:9618?addrs=172.30.1.200-9618&alias=tamsa2.snu.ac.kr&noUDP&sock=schedd_3510_2582>
...
000 (310921.002.000) 2023-06-12 15:35:19 Job submitted from host: <172.30.1.200:9618?addrs=172.30.1.200-9618&alias=tamsa2.snu.ac.kr&noUDP&sock=schedd_3510_2582>
...
000 (310921.003.000) 2023-06-12 15:35:19 Job submitted from host: <172.30.1.200:9618?addrs=172.30.1.200-9618&alias=tamsa2.snu.ac.kr&noUDP&sock=schedd_3510_2582>
...
000 (310921.004.000) 2023-06-12 15:35:19 Job submitted from host: <172.30.1.200:9618?addrs=172.30.1.200-9618&alias=tamsa2.snu.ac.kr&noUDP&sock=schedd_3510_2582>
...
000 (310921.005.000) 2023-06-12 15:35:19 Job submitted from host: <172.30.1.200:9618?addrs=172.30.1.200-9618&alias=tamsa2.snu.ac.kr&noUDP&sock=schedd_3510_2582>
...
000 (310921.006.000) 2023-06-12 15:35:19 Job submitted from host: <172.30.1.200:9618?addrs=172.30.1.200-9618&alias=tamsa2.snu.ac.kr&noUDP&sock=schedd_3510_2582>
...
000 (310921.007.000) 2023-06-12 15:35:19 Job submitted from host: <172.30.1.200:9618?addrs=172.30.1.200-9618&alias=tamsa2.snu.ac.kr&noUDP&sock=schedd_3510_2582>
...
000 (310921.008.000) 2023-06-12 15:35:19 Job submitted from host: <172.30.1.200:9618?addrs=172.30.1.200-9618&alias=tamsa2.snu.ac.kr&noUDP&sock=schedd_3510_2582>
...
000 (310921.009.000) 2023-06-12 15:35:19 Job submitted from host: <172.30.1.200:9618?addrs=172.30.1.200-9618&alias=tamsa2.snu.ac.kr&noUDP&sock=schedd_3510_2582>
...
001 (310921.001.000) 2023-06-12 15:36:32 Job executing on host: <172.30.1.209:9618?addrs=172.30.1.209-9618&alias=node9&noUDP&sock=startd_3776_99b3>
...
040 (310921.003.000) 2023-06-12 15:36:32 Started transferring input files
	Transferring to host: <172.30.1.111:9618?addrs=172.30.1.111-9618&alias=n11&noUDP&sock=slot1_40_4451_e1ce_12951>
...
001 (310921.002.000) 2023-06-12 15:36:32 Job executing on host: <172.30.1.202:9618?addrs=172.30.1.202-9618&alias=node2&noUDP&sock=startd_19693_56a6>
...
040 (310921.003.000) 2023-06-12 15:36:32 Finished transferring input files
...
001 (310921.000.000) 2023-06-12 15:36:32 Job executing on host: <172.30.1.208:9618?addrs=172.30.1.208-9618&alias=node8&noUDP&sock=startd_3802_6f2a>
...
040 (310921.004.000) 2023-06-12 15:36:32 Started transferring input files
	Transferring to host: <172.30.1.111:9618?addrs=172.30.1.111-9618&alias=n11&noUDP&sock=slot1_41_4451_e1ce_12952>
...
040 (310921.004.000) 2023-06-12 15:36:32 Finished transferring input files
...
001 (310921.003.000) 2023-06-12 15:36:33 Job executing on host: <172.30.1.111:9618?addrs=172.30.1.111-9618&alias=n11&noUDP&sock=startd_4417_45e8>
...
001 (310921.004.000) 2023-06-12 15:36:33 Job executing on host: <172.30.1.111:9618?addrs=172.30.1.111-9618&alias=n11&noUDP&sock=startd_4417_45e8>
...
006 (310921.001.000) 2023-06-12 15:36:41 Image size of job updated: 217928
	184  -  MemoryUsage of job (MB)
	187584  -  ResidentSetSize of job (KB)
...
006 (310921.002.000) 2023-06-12 15:36:41 Image size of job updated: 187636
	184  -  MemoryUsage of job (MB)
	187636  -  ResidentSetSize of job (KB)
...
006 (310921.000.000) 2023-06-12 15:36:41 Image size of job updated: 402740
	175  -  MemoryUsage of job (MB)
	178760  -  ResidentSetSize of job (KB)
...
006 (310921.003.000) 2023-06-12 15:36:42 Image size of job updated: 188156
	184  -  MemoryUsage of job (MB)
	188140  -  ResidentSetSize of job (KB)
...
006 (310921.004.000) 2023-06-12 15:36:42 Image size of job updated: 188424
	184  -  MemoryUsage of job (MB)
	188208  -  ResidentSetSize of job (KB)
...
001 (310921.005.000) 2023-06-12 15:37:32 Job executing on host: <172.30.1.205:9618?addrs=172.30.1.205-9618&alias=node5&noUDP&sock=startd_3770_7c22>
...
001 (310921.007.000) 2023-06-12 15:37:32 Job executing on host: <172.30.1.206:9618?addrs=172.30.1.206-9618&alias=node6&noUDP&sock=startd_3777_494c>
...
001 (310921.008.000) 2023-06-12 15:37:32 Job executing on host: <172.30.1.206:9618?addrs=172.30.1.206-9618&alias=node6&noUDP&sock=startd_3777_494c>
...
001 (310921.006.000) 2023-06-12 15:37:32 Job executing on host: <172.30.1.205:9618?addrs=172.30.1.205-9618&alias=node5&noUDP&sock=startd_3770_7c22>
...
001 (310921.009.000) 2023-06-12 15:37:32 Job executing on host: <172.30.1.206:9618?addrs=172.30.1.206-9618&alias=node6&noUDP&sock=startd_3777_494c>
...
006 (310921.007.000) 2023-06-12 15:37:40 Image size of job updated: 187636
	184  -  MemoryUsage of job (MB)
	187636  -  ResidentSetSize of job (KB)
...
006 (310921.005.000) 2023-06-12 15:37:40 Image size of job updated: 647032
	184  -  MemoryUsage of job (MB)
	187620  -  ResidentSetSize of job (KB)
...
006 (310921.008.000) 2023-06-12 15:37:40 Image size of job updated: 187624
	184  -  MemoryUsage of job (MB)
	187624  -  ResidentSetSize of job (KB)
...
006 (310921.006.000) 2023-06-12 15:37:40 Image size of job updated: 647036
	184  -  MemoryUsage of job (MB)
	187628  -  ResidentSetSize of job (KB)
...
006 (310921.009.000) 2023-06-12 15:37:40 Image size of job updated: 187860
	184  -  MemoryUsage of job (MB)
	187860  -  ResidentSetSize of job (KB)
...
006 (310921.003.000) 2023-06-12 15:38:46 Image size of job updated: 697512
	184  -  MemoryUsage of job (MB)
	188140  -  ResidentSetSize of job (KB)
...
040 (310921.003.000) 2023-06-12 15:38:46 Started transferring output files
...
040 (310921.003.000) 2023-06-12 15:38:46 Finished transferring output files
...
005 (310921.003.000) 2023-06-12 15:38:46 Job terminated.
	(1) Normal termination (return value 0)
		Usr 0 00:02:07, Sys 0 00:00:01  -  Run Remote Usage
		Usr 0 00:00:00, Sys 0 00:00:00  -  Run Local Usage
		Usr 0 00:02:07, Sys 0 00:00:01  -  Total Remote Usage
		Usr 0 00:00:00, Sys 0 00:00:00  -  Total Local Usage
	8829  -  Run Bytes Sent By Job
	143  -  Run Bytes Received By Job
	8829  -  Total Bytes Sent By Job
	143  -  Total Bytes Received By Job
	Partitionable Resources :    Usage  Request Allocated 
	   Cpus                 :     0.99        1         1 
	   Disk (KB)            :    61           1    127802 
	   GPUs                 :                           0 
	   Memory (MB)          :   184        3900      3968 

	Job terminated of its own accord at 2023-06-12T06:38:46Z.
...
006 (310921.004.000) 2023-06-12 15:39:04 Image size of job updated: 697460
	184  -  MemoryUsage of job (MB)
	188208  -  ResidentSetSize of job (KB)
...
040 (310921.004.000) 2023-06-12 15:39:04 Started transferring output files
...
040 (310921.004.000) 2023-06-12 15:39:04 Finished transferring output files
...
005 (310921.004.000) 2023-06-12 15:39:04 Job terminated.
	(1) Normal termination (return value 0)
		Usr 0 00:02:25, Sys 0 00:00:01  -  Run Remote Usage
		Usr 0 00:00:00, Sys 0 00:00:00  -  Run Local Usage
		Usr 0 00:02:25, Sys 0 00:00:01  -  Total Remote Usage
		Usr 0 00:00:00, Sys 0 00:00:00  -  Total Local Usage
	9301  -  Run Bytes Sent By Job
	143  -  Run Bytes Received By Job
	9301  -  Total Bytes Sent By Job
	143  -  Total Bytes Received By Job
	Partitionable Resources :    Usage  Request Allocated 
	   Cpus                 :     0.99        1         1 
	   Disk (KB)            :    61           1    127802 
	   GPUs                 :                           0 
	   Memory (MB)          :   184        3900      3968 

	Job terminated of its own accord at 2023-06-12T06:39:04Z.
...
006 (310921.001.000) 2023-06-12 15:39:49 Image size of job updated: 697468
	184  -  MemoryUsage of job (MB)
	187592  -  ResidentSetSize of job (KB)
...
005 (310921.001.000) 2023-06-12 15:39:49 Job terminated.
	(1) Normal termination (return value 0)
		Usr 0 00:03:06, Sys 0 00:00:02  -  Run Remote Usage
		Usr 0 00:00:00, Sys 0 00:00:00  -  Run Local Usage
		Usr 0 00:03:06, Sys 0 00:00:02  -  Total Remote Usage
		Usr 0 00:00:00, Sys 0 00:00:00  -  Total Local Usage
	0  -  Run Bytes Sent By Job
	0  -  Run Bytes Received By Job
	0  -  Total Bytes Sent By Job
	0  -  Total Bytes Received By Job
	Partitionable Resources :    Usage  Request Allocated 
	   Cpus                 :     0.99        1         1 
	   Disk (KB)            :     1           1    128928 
	   Memory (MB)          :   184        3900      3968 

	Job terminated of its own accord at 2023-06-12T06:39:49Z.
...
006 (310921.009.000) 2023-06-12 15:40:01 Image size of job updated: 697544
	184  -  MemoryUsage of job (MB)
	187860  -  ResidentSetSize of job (KB)
...
005 (310921.009.000) 2023-06-12 15:40:01 Job terminated.
	(1) Normal termination (return value 0)
		Usr 0 00:02:25, Sys 0 00:00:02  -  Run Remote Usage
		Usr 0 00:00:00, Sys 0 00:00:00  -  Run Local Usage
		Usr 0 00:02:25, Sys 0 00:00:02  -  Total Remote Usage
		Usr 0 00:00:00, Sys 0 00:00:00  -  Total Local Usage
	0  -  Run Bytes Sent By Job
	0  -  Run Bytes Received By Job
	0  -  Total Bytes Sent By Job
	0  -  Total Bytes Received By Job
	Partitionable Resources :    Usage  Request Allocated 
	   Cpus                 :                 1         1 
	   Disk (KB)            :        1        1     95898 
	   Memory (MB)          :      184     3900      3968 

	Job terminated of its own accord at 2023-06-12T06:40:01Z.
...
006 (310921.002.000) 2023-06-12 15:40:14 Image size of job updated: 697380
	184  -  MemoryUsage of job (MB)
	187636  -  ResidentSetSize of job (KB)
...
005 (310921.002.000) 2023-06-12 15:40:14 Job terminated.
	(1) Normal termination (return value 0)
		Usr 0 00:03:31, Sys 0 00:00:02  -  Run Remote Usage
		Usr 0 00:00:00, Sys 0 00:00:00  -  Run Local Usage
		Usr 0 00:03:31, Sys 0 00:00:02  -  Total Remote Usage
		Usr 0 00:00:00, Sys 0 00:00:00  -  Total Local Usage
	0  -  Run Bytes Sent By Job
	0  -  Run Bytes Received By Job
	0  -  Total Bytes Sent By Job
	0  -  Total Bytes Received By Job
	Partitionable Resources :    Usage  Request Allocated 
	   Cpus                 :     1.00        1         1 
	   Disk (KB)            :     1           1    128913 
	   Memory (MB)          :   184        3900      3968 

	Job terminated of its own accord at 2023-06-12T06:40:14Z.
...
006 (310921.007.000) 2023-06-12 15:40:20 Image size of job updated: 697448
	184  -  MemoryUsage of job (MB)
	187636  -  ResidentSetSize of job (KB)
...
005 (310921.007.000) 2023-06-12 15:40:20 Job terminated.
	(1) Normal termination (return value 0)
		Usr 0 00:02:43, Sys 0 00:00:02  -  Run Remote Usage
		Usr 0 00:00:00, Sys 0 00:00:00  -  Run Local Usage
		Usr 0 00:02:43, Sys 0 00:00:02  -  Total Remote Usage
		Usr 0 00:00:00, Sys 0 00:00:00  -  Total Local Usage
	0  -  Run Bytes Sent By Job
	0  -  Run Bytes Received By Job
	0  -  Total Bytes Sent By Job
	0  -  Total Bytes Received By Job
	Partitionable Resources :    Usage  Request Allocated 
	   Cpus                 :     1.00        1         1 
	   Disk (KB)            :     1           1     95898 
	   Memory (MB)          :   184        3900      3968 

	Job terminated of its own accord at 2023-06-12T06:40:20Z.
...
006 (310921.006.000) 2023-06-12 15:40:23 Image size of job updated: 697524
	184  -  MemoryUsage of job (MB)
	187628  -  ResidentSetSize of job (KB)
...
005 (310921.006.000) 2023-06-12 15:40:23 Job terminated.
	(1) Normal termination (return value 0)
		Usr 0 00:02:42, Sys 0 00:00:02  -  Run Remote Usage
		Usr 0 00:00:00, Sys 0 00:00:00  -  Run Local Usage
		Usr 0 00:02:42, Sys 0 00:00:02  -  Total Remote Usage
		Usr 0 00:00:00, Sys 0 00:00:00  -  Total Local Usage
	0  -  Run Bytes Sent By Job
	0  -  Run Bytes Received By Job
	0  -  Total Bytes Sent By Job
	0  -  Total Bytes Received By Job
	Partitionable Resources :    Usage  Request Allocated 
	   Cpus                 :     0.96        1         1 
	   Disk (KB)            :     1           1    128928 
	   Memory (MB)          :   184        3900      3968 

	Job terminated of its own accord at 2023-06-12T06:40:23Z.
...
006 (310921.000.000) 2023-06-12 15:40:56 Image size of job updated: 697556
	175  -  MemoryUsage of job (MB)
	178760  -  ResidentSetSize of job (KB)
...
005 (310921.000.000) 2023-06-12 15:40:56 Job terminated.
	(1) Normal termination (return value 0)
		Usr 0 00:04:14, Sys 0 00:00:02  -  Run Remote Usage
		Usr 0 00:00:00, Sys 0 00:00:00  -  Run Local Usage
		Usr 0 00:04:14, Sys 0 00:00:02  -  Total Remote Usage
		Usr 0 00:00:00, Sys 0 00:00:00  -  Total Local Usage
	0  -  Run Bytes Sent By Job
	0  -  Run Bytes Received By Job
	0  -  Total Bytes Sent By Job
	0  -  Total Bytes Received By Job
	Partitionable Resources :    Usage  Request Allocated 
	   Cpus                 :     1.00        1         1 
	   Disk (KB)            :     1           1    128928 
	   Memory (MB)          :   175        3900      3968 

	Job terminated of its own accord at 2023-06-12T06:40:56Z.
...
006 (310921.008.000) 2023-06-12 15:41:03 Image size of job updated: 697584
	184  -  MemoryUsage of job (MB)
	187624  -  ResidentSetSize of job (KB)
...
005 (310921.008.000) 2023-06-12 15:41:03 Job terminated.
	(1) Normal termination (return value 0)
		Usr 0 00:03:27, Sys 0 00:00:02  -  Run Remote Usage
		Usr 0 00:00:00, Sys 0 00:00:00  -  Run Local Usage
		Usr 0 00:03:27, Sys 0 00:00:02  -  Total Remote Usage
		Usr 0 00:00:00, Sys 0 00:00:00  -  Total Local Usage
	0  -  Run Bytes Sent By Job
	0  -  Run Bytes Received By Job
	0  -  Total Bytes Sent By Job
	0  -  Total Bytes Received By Job
	Partitionable Resources :    Usage  Request Allocated 
	   Cpus                 :     1.00        1         1 
	   Disk (KB)            :     1           1     95898 
	   Memory (MB)          :   184        3900      3968 

	Job terminated of its own accord at 2023-06-12T06:41:03Z.
...
006 (310921.005.000) 2023-06-12 15:41:30 Image size of job updated: 697016
	184  -  MemoryUsage of job (MB)
	187620  -  ResidentSetSize of job (KB)
...
005 (310921.005.000) 2023-06-12 15:41:30 Job terminated.
	(1) Normal termination (return value 0)
		Usr 0 00:03:52, Sys 0 00:00:02  -  Run Remote Usage
		Usr 0 00:00:00, Sys 0 00:00:00  -  Run Local Usage
		Usr 0 00:03:52, Sys 0 00:00:02  -  Total Remote Usage
		Usr 0 00:00:00, Sys 0 00:00:00  -  Total Local Usage
	0  -  Run Bytes Sent By Job
	0  -  Run Bytes Received By Job
	0  -  Total Bytes Sent By Job
	0  -  Total Bytes Received By Job
	Partitionable Resources :    Usage  Request Allocated 
	   Cpus                 :     0.99        1         1 
	   Disk (KB)            :     1           1    128928 
	   Memory (MB)          :   184        3900      3968 

	Job terminated of its own accord at 2023-06-12T06:41:30Z.
...
