000 (330218.000.000) 2023-07-25 13:01:08 Job submitted from host: <172.30.1.200:9618?addrs=172.30.1.200-9618&alias=tamsa2.snu.ac.kr&noUDP&sock=schedd_3510_2582>
...
000 (330218.001.000) 2023-07-25 13:01:08 Job submitted from host: <172.30.1.200:9618?addrs=172.30.1.200-9618&alias=tamsa2.snu.ac.kr&noUDP&sock=schedd_3510_2582>
...
000 (330218.002.000) 2023-07-25 13:01:08 Job submitted from host: <172.30.1.200:9618?addrs=172.30.1.200-9618&alias=tamsa2.snu.ac.kr&noUDP&sock=schedd_3510_2582>
...
000 (330218.003.000) 2023-07-25 13:01:08 Job submitted from host: <172.30.1.200:9618?addrs=172.30.1.200-9618&alias=tamsa2.snu.ac.kr&noUDP&sock=schedd_3510_2582>
...
000 (330218.004.000) 2023-07-25 13:01:08 Job submitted from host: <172.30.1.200:9618?addrs=172.30.1.200-9618&alias=tamsa2.snu.ac.kr&noUDP&sock=schedd_3510_2582>
...
000 (330218.005.000) 2023-07-25 13:01:08 Job submitted from host: <172.30.1.200:9618?addrs=172.30.1.200-9618&alias=tamsa2.snu.ac.kr&noUDP&sock=schedd_3510_2582>
...
000 (330218.006.000) 2023-07-25 13:01:08 Job submitted from host: <172.30.1.200:9618?addrs=172.30.1.200-9618&alias=tamsa2.snu.ac.kr&noUDP&sock=schedd_3510_2582>
...
000 (330218.007.000) 2023-07-25 13:01:08 Job submitted from host: <172.30.1.200:9618?addrs=172.30.1.200-9618&alias=tamsa2.snu.ac.kr&noUDP&sock=schedd_3510_2582>
...
000 (330218.008.000) 2023-07-25 13:01:08 Job submitted from host: <172.30.1.200:9618?addrs=172.30.1.200-9618&alias=tamsa2.snu.ac.kr&noUDP&sock=schedd_3510_2582>
...
000 (330218.009.000) 2023-07-25 13:01:08 Job submitted from host: <172.30.1.200:9618?addrs=172.30.1.200-9618&alias=tamsa2.snu.ac.kr&noUDP&sock=schedd_3510_2582>
...
001 (330218.006.000) 2023-07-25 13:01:17 Job executing on host: <172.30.1.210:9618?addrs=172.30.1.210-9618&alias=node10&noUDP&sock=startd_3787_253e>
...
001 (330218.007.000) 2023-07-25 13:01:18 Job executing on host: <172.30.1.210:9618?addrs=172.30.1.210-9618&alias=node10&noUDP&sock=startd_3787_253e>
...
001 (330218.008.000) 2023-07-25 13:01:18 Job executing on host: <172.30.1.210:9618?addrs=172.30.1.210-9618&alias=node10&noUDP&sock=startd_3787_253e>
...
001 (330218.009.000) 2023-07-25 13:01:18 Job executing on host: <172.30.1.210:9618?addrs=172.30.1.210-9618&alias=node10&noUDP&sock=startd_3787_253e>
...
001 (330218.001.000) 2023-07-25 13:01:20 Job executing on host: <172.30.1.204:9618?addrs=172.30.1.204-9618&alias=node4&noUDP&sock=startd_3843_8e8c>
...
001 (330218.002.000) 2023-07-25 13:01:20 Job executing on host: <172.30.1.204:9618?addrs=172.30.1.204-9618&alias=node4&noUDP&sock=startd_3843_8e8c>
...
001 (330218.005.000) 2023-07-25 13:01:20 Job executing on host: <172.30.1.204:9618?addrs=172.30.1.204-9618&alias=node4&noUDP&sock=startd_3843_8e8c>
...
001 (330218.003.000) 2023-07-25 13:01:20 Job executing on host: <172.30.1.204:9618?addrs=172.30.1.204-9618&alias=node4&noUDP&sock=startd_3843_8e8c>
...
001 (330218.004.000) 2023-07-25 13:01:20 Job executing on host: <172.30.1.204:9618?addrs=172.30.1.204-9618&alias=node4&noUDP&sock=startd_3843_8e8c>
...
001 (330218.000.000) 2023-07-25 13:01:20 Job executing on host: <172.30.1.204:9618?addrs=172.30.1.204-9618&alias=node4&noUDP&sock=startd_3843_8e8c>
...
006 (330218.006.000) 2023-07-25 13:01:26 Image size of job updated: 105264
	55  -  MemoryUsage of job (MB)
	56140  -  ResidentSetSize of job (KB)
...
006 (330218.007.000) 2023-07-25 13:01:26 Image size of job updated: 105264
	55  -  MemoryUsage of job (MB)
	56140  -  ResidentSetSize of job (KB)
...
006 (330218.008.000) 2023-07-25 13:01:26 Image size of job updated: 105264
	55  -  MemoryUsage of job (MB)
	56144  -  ResidentSetSize of job (KB)
...
006 (330218.009.000) 2023-07-25 13:01:26 Image size of job updated: 105264
	55  -  MemoryUsage of job (MB)
	56140  -  ResidentSetSize of job (KB)
...
006 (330218.001.000) 2023-07-25 13:01:29 Image size of job updated: 503108
	146  -  MemoryUsage of job (MB)
	149132  -  ResidentSetSize of job (KB)
...
006 (330218.000.000) 2023-07-25 13:01:29 Image size of job updated: 504532
	148  -  MemoryUsage of job (MB)
	150824  -  ResidentSetSize of job (KB)
...
006 (330218.002.000) 2023-07-25 13:01:29 Image size of job updated: 506224
	148  -  MemoryUsage of job (MB)
	150996  -  ResidentSetSize of job (KB)
...
006 (330218.005.000) 2023-07-25 13:01:29 Image size of job updated: 503788
	147  -  MemoryUsage of job (MB)
	150020  -  ResidentSetSize of job (KB)
...
006 (330218.003.000) 2023-07-25 13:01:29 Image size of job updated: 504784
	148  -  MemoryUsage of job (MB)
	151012  -  ResidentSetSize of job (KB)
...
006 (330218.004.000) 2023-07-25 13:01:29 Image size of job updated: 504312
	148  -  MemoryUsage of job (MB)
	150896  -  ResidentSetSize of job (KB)
...
006 (330218.009.000) 2023-07-25 13:01:54 Image size of job updated: 687440
	55  -  MemoryUsage of job (MB)
	56140  -  ResidentSetSize of job (KB)
...
005 (330218.009.000) 2023-07-25 13:01:54 Job terminated.
	(1) Normal termination (return value 0)
		Usr 0 00:00:25, Sys 0 00:00:01  -  Run Remote Usage
		Usr 0 00:00:00, Sys 0 00:00:00  -  Run Local Usage
		Usr 0 00:00:25, Sys 0 00:00:01  -  Total Remote Usage
		Usr 0 00:00:00, Sys 0 00:00:00  -  Total Local Usage
	0  -  Run Bytes Sent By Job
	0  -  Run Bytes Received By Job
	0  -  Total Bytes Sent By Job
	0  -  Total Bytes Received By Job
	Partitionable Resources :    Usage  Request Allocated 
	   Cpus                 :                 1         1 
	   Disk (KB)            :        1        1    128928 
	   Memory (MB)          :       55     3900      3968 

	Job terminated of its own accord at 2023-07-25T04:01:54Z.
...
006 (330218.008.000) 2023-07-25 13:01:57 Image size of job updated: 688252
	55  -  MemoryUsage of job (MB)
	56144  -  ResidentSetSize of job (KB)
...
005 (330218.008.000) 2023-07-25 13:01:57 Job terminated.
	(1) Normal termination (return value 0)
		Usr 0 00:00:28, Sys 0 00:00:01  -  Run Remote Usage
		Usr 0 00:00:00, Sys 0 00:00:00  -  Run Local Usage
		Usr 0 00:00:28, Sys 0 00:00:01  -  Total Remote Usage
		Usr 0 00:00:00, Sys 0 00:00:00  -  Total Local Usage
	0  -  Run Bytes Sent By Job
	0  -  Run Bytes Received By Job
	0  -  Total Bytes Sent By Job
	0  -  Total Bytes Received By Job
	Partitionable Resources :    Usage  Request Allocated 
	   Cpus                 :                 1         1 
	   Disk (KB)            :        1        1    128928 
	   Memory (MB)          :       55     3900      3968 

	Job terminated of its own accord at 2023-07-25T04:01:57Z.
...
006 (330218.004.000) 2023-07-25 13:01:58 Image size of job updated: 687416
	148  -  MemoryUsage of job (MB)
	151008  -  ResidentSetSize of job (KB)
...
005 (330218.004.000) 2023-07-25 13:01:58 Job terminated.
	(1) Normal termination (return value 0)
		Usr 0 00:00:29, Sys 0 00:00:01  -  Run Remote Usage
		Usr 0 00:00:00, Sys 0 00:00:00  -  Run Local Usage
		Usr 0 00:00:29, Sys 0 00:00:01  -  Total Remote Usage
		Usr 0 00:00:00, Sys 0 00:00:00  -  Total Local Usage
	0  -  Run Bytes Sent By Job
	0  -  Run Bytes Received By Job
	0  -  Total Bytes Sent By Job
	0  -  Total Bytes Received By Job
	Partitionable Resources :    Usage  Request Allocated 
	   Cpus                 :                 1         1 
	   Disk (KB)            :        1        1    128928 
	   Memory (MB)          :      148     3900      3968 

	Job terminated of its own accord at 2023-07-25T04:01:58Z.
...
006 (330218.001.000) 2023-07-25 13:01:58 Image size of job updated: 688584
	146  -  MemoryUsage of job (MB)
	149140  -  ResidentSetSize of job (KB)
...
005 (330218.001.000) 2023-07-25 13:01:58 Job terminated.
	(1) Normal termination (return value 0)
		Usr 0 00:00:30, Sys 0 00:00:01  -  Run Remote Usage
		Usr 0 00:00:00, Sys 0 00:00:00  -  Run Local Usage
		Usr 0 00:00:30, Sys 0 00:00:01  -  Total Remote Usage
		Usr 0 00:00:00, Sys 0 00:00:00  -  Total Local Usage
	0  -  Run Bytes Sent By Job
	0  -  Run Bytes Received By Job
	0  -  Total Bytes Sent By Job
	0  -  Total Bytes Received By Job
	Partitionable Resources :    Usage  Request Allocated 
	   Cpus                 :                 1         1 
	   Disk (KB)            :        1        1    128928 
	   Memory (MB)          :      146     3900      3968 

	Job terminated of its own accord at 2023-07-25T04:01:58Z.
...
006 (330218.007.000) 2023-07-25 13:01:58 Image size of job updated: 687476
	55  -  MemoryUsage of job (MB)
	56140  -  ResidentSetSize of job (KB)
...
006 (330218.006.000) 2023-07-25 13:01:58 Image size of job updated: 687784
	55  -  MemoryUsage of job (MB)
	56140  -  ResidentSetSize of job (KB)
...
005 (330218.007.000) 2023-07-25 13:01:58 Job terminated.
	(1) Normal termination (return value 0)
		Usr 0 00:00:29, Sys 0 00:00:01  -  Run Remote Usage
		Usr 0 00:00:00, Sys 0 00:00:00  -  Run Local Usage
		Usr 0 00:00:29, Sys 0 00:00:01  -  Total Remote Usage
		Usr 0 00:00:00, Sys 0 00:00:00  -  Total Local Usage
	0  -  Run Bytes Sent By Job
	0  -  Run Bytes Received By Job
	0  -  Total Bytes Sent By Job
	0  -  Total Bytes Received By Job
	Partitionable Resources :    Usage  Request Allocated 
	   Cpus                 :                 1         1 
	   Disk (KB)            :        1        1    128928 
	   Memory (MB)          :       55     3900      3968 

	Job terminated of its own accord at 2023-07-25T04:01:58Z.
...
005 (330218.006.000) 2023-07-25 13:01:58 Job terminated.
	(1) Normal termination (return value 0)
		Usr 0 00:00:29, Sys 0 00:00:01  -  Run Remote Usage
		Usr 0 00:00:00, Sys 0 00:00:00  -  Run Local Usage
		Usr 0 00:00:29, Sys 0 00:00:01  -  Total Remote Usage
		Usr 0 00:00:00, Sys 0 00:00:00  -  Total Local Usage
	0  -  Run Bytes Sent By Job
	0  -  Run Bytes Received By Job
	0  -  Total Bytes Sent By Job
	0  -  Total Bytes Received By Job
	Partitionable Resources :    Usage  Request Allocated 
	   Cpus                 :                 1         1 
	   Disk (KB)            :        1        1    128928 
	   Memory (MB)          :       55     3900      3968 

	Job terminated of its own accord at 2023-07-25T04:01:58Z.
...
006 (330218.000.000) 2023-07-25 13:01:59 Image size of job updated: 687856
	148  -  MemoryUsage of job (MB)
	150824  -  ResidentSetSize of job (KB)
...
005 (330218.000.000) 2023-07-25 13:01:59 Job terminated.
	(1) Normal termination (return value 0)
		Usr 0 00:00:30, Sys 0 00:00:01  -  Run Remote Usage
		Usr 0 00:00:00, Sys 0 00:00:00  -  Run Local Usage
		Usr 0 00:00:30, Sys 0 00:00:01  -  Total Remote Usage
		Usr 0 00:00:00, Sys 0 00:00:00  -  Total Local Usage
	0  -  Run Bytes Sent By Job
	0  -  Run Bytes Received By Job
	0  -  Total Bytes Sent By Job
	0  -  Total Bytes Received By Job
	Partitionable Resources :    Usage  Request Allocated 
	   Cpus                 :                 1         1 
	   Disk (KB)            :        1        1    128928 
	   Memory (MB)          :      148     3900      3968 

	Job terminated of its own accord at 2023-07-25T04:01:59Z.
...
006 (330218.003.000) 2023-07-25 13:01:59 Image size of job updated: 687772
	148  -  MemoryUsage of job (MB)
	151012  -  ResidentSetSize of job (KB)
...
005 (330218.003.000) 2023-07-25 13:01:59 Job terminated.
	(1) Normal termination (return value 0)
		Usr 0 00:00:31, Sys 0 00:00:01  -  Run Remote Usage
		Usr 0 00:00:00, Sys 0 00:00:00  -  Run Local Usage
		Usr 0 00:00:31, Sys 0 00:00:01  -  Total Remote Usage
		Usr 0 00:00:00, Sys 0 00:00:00  -  Total Local Usage
	0  -  Run Bytes Sent By Job
	0  -  Run Bytes Received By Job
	0  -  Total Bytes Sent By Job
	0  -  Total Bytes Received By Job
	Partitionable Resources :    Usage  Request Allocated 
	   Cpus                 :                 1         1 
	   Disk (KB)            :        1        1    128928 
	   Memory (MB)          :      148     3900      3968 

	Job terminated of its own accord at 2023-07-25T04:01:59Z.
...
006 (330218.005.000) 2023-07-25 13:02:01 Image size of job updated: 687432
	147  -  MemoryUsage of job (MB)
	150188  -  ResidentSetSize of job (KB)
...
005 (330218.005.000) 2023-07-25 13:02:01 Job terminated.
	(1) Normal termination (return value 0)
		Usr 0 00:00:32, Sys 0 00:00:01  -  Run Remote Usage
		Usr 0 00:00:00, Sys 0 00:00:00  -  Run Local Usage
		Usr 0 00:00:32, Sys 0 00:00:01  -  Total Remote Usage
		Usr 0 00:00:00, Sys 0 00:00:00  -  Total Local Usage
	0  -  Run Bytes Sent By Job
	0  -  Run Bytes Received By Job
	0  -  Total Bytes Sent By Job
	0  -  Total Bytes Received By Job
	Partitionable Resources :    Usage  Request Allocated 
	   Cpus                 :                 1         1 
	   Disk (KB)            :        1        1    128928 
	   Memory (MB)          :      147     3900      3968 

	Job terminated of its own accord at 2023-07-25T04:02:01Z.
...
006 (330218.002.000) 2023-07-25 13:02:03 Image size of job updated: 687744
	148  -  MemoryUsage of job (MB)
	150996  -  ResidentSetSize of job (KB)
...
005 (330218.002.000) 2023-07-25 13:02:03 Job terminated.
	(1) Normal termination (return value 0)
		Usr 0 00:00:34, Sys 0 00:00:01  -  Run Remote Usage
		Usr 0 00:00:00, Sys 0 00:00:00  -  Run Local Usage
		Usr 0 00:00:34, Sys 0 00:00:01  -  Total Remote Usage
		Usr 0 00:00:00, Sys 0 00:00:00  -  Total Local Usage
	0  -  Run Bytes Sent By Job
	0  -  Run Bytes Received By Job
	0  -  Total Bytes Sent By Job
	0  -  Total Bytes Received By Job
	Partitionable Resources :    Usage  Request Allocated 
	   Cpus                 :                 1         1 
	   Disk (KB)            :        1        1    128928 
	   Memory (MB)          :      148     3900      3968 

	Job terminated of its own accord at 2023-07-25T04:02:03Z.
...
