000 (310916.000.000) 2023-06-12 15:21:31 Job submitted from host: <172.30.1.200:9618?addrs=172.30.1.200-9618&alias=tamsa2.snu.ac.kr&noUDP&sock=schedd_3510_2582>
...
000 (310916.001.000) 2023-06-12 15:21:31 Job submitted from host: <172.30.1.200:9618?addrs=172.30.1.200-9618&alias=tamsa2.snu.ac.kr&noUDP&sock=schedd_3510_2582>
...
000 (310916.002.000) 2023-06-12 15:21:31 Job submitted from host: <172.30.1.200:9618?addrs=172.30.1.200-9618&alias=tamsa2.snu.ac.kr&noUDP&sock=schedd_3510_2582>
...
000 (310916.003.000) 2023-06-12 15:21:31 Job submitted from host: <172.30.1.200:9618?addrs=172.30.1.200-9618&alias=tamsa2.snu.ac.kr&noUDP&sock=schedd_3510_2582>
...
000 (310916.004.000) 2023-06-12 15:21:31 Job submitted from host: <172.30.1.200:9618?addrs=172.30.1.200-9618&alias=tamsa2.snu.ac.kr&noUDP&sock=schedd_3510_2582>
...
000 (310916.005.000) 2023-06-12 15:21:31 Job submitted from host: <172.30.1.200:9618?addrs=172.30.1.200-9618&alias=tamsa2.snu.ac.kr&noUDP&sock=schedd_3510_2582>
...
000 (310916.006.000) 2023-06-12 15:21:31 Job submitted from host: <172.30.1.200:9618?addrs=172.30.1.200-9618&alias=tamsa2.snu.ac.kr&noUDP&sock=schedd_3510_2582>
...
000 (310916.007.000) 2023-06-12 15:21:31 Job submitted from host: <172.30.1.200:9618?addrs=172.30.1.200-9618&alias=tamsa2.snu.ac.kr&noUDP&sock=schedd_3510_2582>
...
000 (310916.008.000) 2023-06-12 15:21:31 Job submitted from host: <172.30.1.200:9618?addrs=172.30.1.200-9618&alias=tamsa2.snu.ac.kr&noUDP&sock=schedd_3510_2582>
...
000 (310916.009.000) 2023-06-12 15:21:31 Job submitted from host: <172.30.1.200:9618?addrs=172.30.1.200-9618&alias=tamsa2.snu.ac.kr&noUDP&sock=schedd_3510_2582>
...
040 (310916.000.000) 2023-06-12 15:26:20 Started transferring input files
	Transferring to host: <172.30.1.108:9618?addrs=172.30.1.108-9618&alias=n8&noUDP&sock=slot1_14_4278_fce7_21287>
...
040 (310916.000.000) 2023-06-12 15:26:20 Finished transferring input files
...
040 (310916.005.000) 2023-06-12 15:26:20 Started transferring input files
	Transferring to host: <172.30.1.110:9618?addrs=172.30.1.110-9618&alias=n10&noUDP&sock=slot1_4_4288_08a7_22107>
...
040 (310916.007.000) 2023-06-12 15:26:20 Started transferring input files
	Transferring to host: <172.30.1.107:9618?addrs=172.30.1.107-9618&alias=n7&noUDP&sock=slot1_17_4258_e566_15923>
...
040 (310916.005.000) 2023-06-12 15:26:20 Finished transferring input files
...
040 (310916.007.000) 2023-06-12 15:26:20 Finished transferring input files
...
040 (310916.009.000) 2023-06-12 15:26:20 Started transferring input files
	Transferring to host: <172.30.1.111:9618?addrs=172.30.1.111-9618&alias=n11&noUDP&sock=slot1_8_4451_e1ce_12942>
...
040 (310916.001.000) 2023-06-12 15:26:20 Started transferring input files
	Transferring to host: <172.30.1.108:9618?addrs=172.30.1.108-9618&alias=n8&noUDP&sock=slot1_15_4278_fce7_21289>
...
040 (310916.001.000) 2023-06-12 15:26:20 Finished transferring input files
...
040 (310916.009.000) 2023-06-12 15:26:20 Finished transferring input files
...
040 (310916.002.000) 2023-06-12 15:26:20 Started transferring input files
	Transferring to host: <172.30.1.108:9618?addrs=172.30.1.108-9618&alias=n8&noUDP&sock=slot1_17_4278_fce7_21290>
...
040 (310916.002.000) 2023-06-12 15:26:20 Finished transferring input files
...
040 (310916.006.000) 2023-06-12 15:26:20 Started transferring input files
	Transferring to host: <172.30.1.110:9618?addrs=172.30.1.110-9618&alias=n10&noUDP&sock=slot1_8_4288_08a7_22108>
...
040 (310916.006.000) 2023-06-12 15:26:20 Finished transferring input files
...
040 (310916.003.000) 2023-06-12 15:26:20 Started transferring input files
	Transferring to host: <172.30.1.108:9618?addrs=172.30.1.108-9618&alias=n8&noUDP&sock=slot1_18_4278_fce7_21291>
...
040 (310916.003.000) 2023-06-12 15:26:20 Finished transferring input files
...
040 (310916.008.000) 2023-06-12 15:26:20 Started transferring input files
	Transferring to host: <172.30.1.101:9618?addrs=172.30.1.101-9618&alias=n1&noUDP&sock=slot1_8_3367_1b22_14682>
...
040 (310916.008.000) 2023-06-12 15:26:20 Finished transferring input files
...
040 (310916.004.000) 2023-06-12 15:26:20 Started transferring input files
	Transferring to host: <172.30.1.108:9618?addrs=172.30.1.108-9618&alias=n8&noUDP&sock=slot1_19_4278_fce7_21292>
...
040 (310916.004.000) 2023-06-12 15:26:20 Finished transferring input files
...
001 (310916.000.000) 2023-06-12 15:26:21 Job executing on host: <172.30.1.108:9618?addrs=172.30.1.108-9618&alias=n8&noUDP&sock=startd_4243_ec6e>
...
001 (310916.005.000) 2023-06-12 15:26:21 Job executing on host: <172.30.1.110:9618?addrs=172.30.1.110-9618&alias=n10&noUDP&sock=startd_4254_77f9>
...
001 (310916.007.000) 2023-06-12 15:26:21 Job executing on host: <172.30.1.107:9618?addrs=172.30.1.107-9618&alias=n7&noUDP&sock=startd_4224_e421>
...
001 (310916.009.000) 2023-06-12 15:26:21 Job executing on host: <172.30.1.111:9618?addrs=172.30.1.111-9618&alias=n11&noUDP&sock=startd_4417_45e8>
...
001 (310916.001.000) 2023-06-12 15:26:21 Job executing on host: <172.30.1.108:9618?addrs=172.30.1.108-9618&alias=n8&noUDP&sock=startd_4243_ec6e>
...
001 (310916.002.000) 2023-06-12 15:26:21 Job executing on host: <172.30.1.108:9618?addrs=172.30.1.108-9618&alias=n8&noUDP&sock=startd_4243_ec6e>
...
001 (310916.006.000) 2023-06-12 15:26:21 Job executing on host: <172.30.1.110:9618?addrs=172.30.1.110-9618&alias=n10&noUDP&sock=startd_4254_77f9>
...
001 (310916.003.000) 2023-06-12 15:26:21 Job executing on host: <172.30.1.108:9618?addrs=172.30.1.108-9618&alias=n8&noUDP&sock=startd_4243_ec6e>
...
001 (310916.008.000) 2023-06-12 15:26:21 Job executing on host: <172.30.1.101:9618?addrs=172.30.1.101-9618&alias=n1&noUDP&sock=startd_3332_0da7>
...
001 (310916.004.000) 2023-06-12 15:26:21 Job executing on host: <172.30.1.108:9618?addrs=172.30.1.108-9618&alias=n8&noUDP&sock=startd_4243_ec6e>
...
006 (310916.008.000) 2023-06-12 15:26:30 Image size of job updated: 71600
	70  -  MemoryUsage of job (MB)
	71600  -  ResidentSetSize of job (KB)
...
006 (310916.000.000) 2023-06-12 15:26:30 Image size of job updated: 469020
	184  -  MemoryUsage of job (MB)
	187508  -  ResidentSetSize of job (KB)
...
006 (310916.001.000) 2023-06-12 15:26:30 Image size of job updated: 410360
	184  -  MemoryUsage of job (MB)
	187532  -  ResidentSetSize of job (KB)
...
006 (310916.002.000) 2023-06-12 15:26:30 Image size of job updated: 411316
	184  -  MemoryUsage of job (MB)
	187680  -  ResidentSetSize of job (KB)
...
006 (310916.007.000) 2023-06-12 15:26:30 Image size of job updated: 348360
	184  -  MemoryUsage of job (MB)
	187752  -  ResidentSetSize of job (KB)
...
006 (310916.005.000) 2023-06-12 15:26:30 Image size of job updated: 646788
	184  -  MemoryUsage of job (MB)
	187568  -  ResidentSetSize of job (KB)
...
006 (310916.009.000) 2023-06-12 15:26:30 Image size of job updated: 646792
	184  -  MemoryUsage of job (MB)
	187736  -  ResidentSetSize of job (KB)
...
006 (310916.006.000) 2023-06-12 15:26:30 Image size of job updated: 646784
	184  -  MemoryUsage of job (MB)
	187508  -  ResidentSetSize of job (KB)
...
006 (310916.004.000) 2023-06-12 15:26:31 Image size of job updated: 396124
	184  -  MemoryUsage of job (MB)
	187932  -  ResidentSetSize of job (KB)
...
006 (310916.003.000) 2023-06-12 15:26:31 Image size of job updated: 408228
	184  -  MemoryUsage of job (MB)
	187848  -  ResidentSetSize of job (KB)
...
006 (310916.004.000) 2023-06-12 15:27:53 Image size of job updated: 689784
	184  -  MemoryUsage of job (MB)
	187932  -  ResidentSetSize of job (KB)
...
040 (310916.004.000) 2023-06-12 15:27:53 Started transferring output files
...
040 (310916.004.000) 2023-06-12 15:27:54 Finished transferring output files
...
005 (310916.004.000) 2023-06-12 15:27:54 Job terminated.
	(1) Normal termination (return value 0)
		Usr 0 00:01:29, Sys 0 00:00:01  -  Run Remote Usage
		Usr 0 00:00:00, Sys 0 00:00:00  -  Run Local Usage
		Usr 0 00:01:29, Sys 0 00:00:01  -  Total Remote Usage
		Usr 0 00:00:00, Sys 0 00:00:00  -  Total Local Usage
	5882  -  Run Bytes Sent By Job
	142  -  Run Bytes Received By Job
	5882  -  Total Bytes Sent By Job
	142  -  Total Bytes Received By Job
	Partitionable Resources :    Usage  Request Allocated 
	   Cpus                 :                 1         1 
	   Disk (KB)            :       51        1    127899 
	   Memory (MB)          :      184     3900      3968 

	Job terminated of its own accord at 2023-06-12T06:27:53Z.
...
006 (310916.009.000) 2023-06-12 15:27:59 Image size of job updated: 689768
	184  -  MemoryUsage of job (MB)
	187736  -  ResidentSetSize of job (KB)
...
040 (310916.009.000) 2023-06-12 15:27:59 Started transferring output files
...
040 (310916.009.000) 2023-06-12 15:27:59 Finished transferring output files
...
005 (310916.009.000) 2023-06-12 15:27:59 Job terminated.
	(1) Normal termination (return value 0)
		Usr 0 00:01:32, Sys 0 00:00:01  -  Run Remote Usage
		Usr 0 00:00:00, Sys 0 00:00:00  -  Run Local Usage
		Usr 0 00:01:32, Sys 0 00:00:01  -  Total Remote Usage
		Usr 0 00:00:00, Sys 0 00:00:00  -  Total Local Usage
	6659  -  Run Bytes Sent By Job
	142  -  Run Bytes Received By Job
	6659  -  Total Bytes Sent By Job
	142  -  Total Bytes Received By Job
	Partitionable Resources :    Usage  Request Allocated 
	   Cpus                 :     0.99        1         1 
	   Disk (KB)            :    59           1    127802 
	   GPUs                 :                           0 
	   Memory (MB)          :   184        3900      3968 

	Job terminated of its own accord at 2023-06-12T06:27:59Z.
...
006 (310916.006.000) 2023-06-12 15:28:06 Image size of job updated: 689776
	184  -  MemoryUsage of job (MB)
	187508  -  ResidentSetSize of job (KB)
...
006 (310916.005.000) 2023-06-12 15:28:06 Image size of job updated: 689784
	184  -  MemoryUsage of job (MB)
	187568  -  ResidentSetSize of job (KB)
...
040 (310916.006.000) 2023-06-12 15:28:06 Started transferring output files
...
040 (310916.006.000) 2023-06-12 15:28:06 Finished transferring output files
...
040 (310916.005.000) 2023-06-12 15:28:06 Started transferring output files
...
040 (310916.005.000) 2023-06-12 15:28:06 Finished transferring output files
...
005 (310916.006.000) 2023-06-12 15:28:06 Job terminated.
	(1) Normal termination (return value 0)
		Usr 0 00:01:37, Sys 0 00:00:01  -  Run Remote Usage
		Usr 0 00:00:00, Sys 0 00:00:00  -  Run Local Usage
		Usr 0 00:01:37, Sys 0 00:00:01  -  Total Remote Usage
		Usr 0 00:00:00, Sys 0 00:00:00  -  Total Local Usage
	6751  -  Run Bytes Sent By Job
	142  -  Run Bytes Received By Job
	6751  -  Total Bytes Sent By Job
	142  -  Total Bytes Received By Job
	Partitionable Resources :    Usage  Request Allocated 
	   Cpus                 :                 1         1 
	   Disk (KB)            :       52        1    127899 
	   Memory (MB)          :      184     3900      3968 

	Job terminated of its own accord at 2023-06-12T06:28:06Z.
...
005 (310916.005.000) 2023-06-12 15:28:06 Job terminated.
	(1) Normal termination (return value 0)
		Usr 0 00:01:39, Sys 0 00:00:01  -  Run Remote Usage
		Usr 0 00:00:00, Sys 0 00:00:00  -  Run Local Usage
		Usr 0 00:01:39, Sys 0 00:00:01  -  Total Remote Usage
		Usr 0 00:00:00, Sys 0 00:00:00  -  Total Local Usage
	6509  -  Run Bytes Sent By Job
	142  -  Run Bytes Received By Job
	6509  -  Total Bytes Sent By Job
	142  -  Total Bytes Received By Job
	Partitionable Resources :    Usage  Request Allocated 
	   Cpus                 :                 1         1 
	   Disk (KB)            :       51        1    127899 
	   Memory (MB)          :      184     3900      3968 

	Job terminated of its own accord at 2023-06-12T06:28:06Z.
...
006 (310916.003.000) 2023-06-12 15:28:09 Image size of job updated: 691592
	184  -  MemoryUsage of job (MB)
	187848  -  ResidentSetSize of job (KB)
...
040 (310916.003.000) 2023-06-12 15:28:09 Started transferring output files
...
040 (310916.003.000) 2023-06-12 15:28:09 Finished transferring output files
...
005 (310916.003.000) 2023-06-12 15:28:09 Job terminated.
	(1) Normal termination (return value 0)
		Usr 0 00:01:45, Sys 0 00:00:01  -  Run Remote Usage
		Usr 0 00:00:00, Sys 0 00:00:00  -  Run Local Usage
		Usr 0 00:01:45, Sys 0 00:00:01  -  Total Remote Usage
		Usr 0 00:00:00, Sys 0 00:00:00  -  Total Local Usage
	6974  -  Run Bytes Sent By Job
	142  -  Run Bytes Received By Job
	6974  -  Total Bytes Sent By Job
	142  -  Total Bytes Received By Job
	Partitionable Resources :    Usage  Request Allocated 
	   Cpus                 :                 1         1 
	   Disk (KB)            :       52        1    127899 
	   Memory (MB)          :      184     3900      3968 

	Job terminated of its own accord at 2023-06-12T06:28:09Z.
...
006 (310916.002.000) 2023-06-12 15:28:10 Image size of job updated: 692612
	184  -  MemoryUsage of job (MB)
	187680  -  ResidentSetSize of job (KB)
...
040 (310916.002.000) 2023-06-12 15:28:10 Started transferring output files
...
040 (310916.002.000) 2023-06-12 15:28:10 Finished transferring output files
...
005 (310916.002.000) 2023-06-12 15:28:10 Job terminated.
	(1) Normal termination (return value 0)
		Usr 0 00:01:46, Sys 0 00:00:01  -  Run Remote Usage
		Usr 0 00:00:00, Sys 0 00:00:00  -  Run Local Usage
		Usr 0 00:01:46, Sys 0 00:00:01  -  Total Remote Usage
		Usr 0 00:00:00, Sys 0 00:00:00  -  Total Local Usage
	5253  -  Run Bytes Sent By Job
	142  -  Run Bytes Received By Job
	5253  -  Total Bytes Sent By Job
	142  -  Total Bytes Received By Job
	Partitionable Resources :    Usage  Request Allocated 
	   Cpus                 :                 1         1 
	   Disk (KB)            :       50        1    127899 
	   Memory (MB)          :      184     3900      3968 

	Job terminated of its own accord at 2023-06-12T06:28:10Z.
...
006 (310916.001.000) 2023-06-12 15:28:10 Image size of job updated: 692612
	184  -  MemoryUsage of job (MB)
	187532  -  ResidentSetSize of job (KB)
...
040 (310916.001.000) 2023-06-12 15:28:10 Started transferring output files
...
040 (310916.001.000) 2023-06-12 15:28:10 Finished transferring output files
...
005 (310916.001.000) 2023-06-12 15:28:10 Job terminated.
	(1) Normal termination (return value 0)
		Usr 0 00:01:47, Sys 0 00:00:01  -  Run Remote Usage
		Usr 0 00:00:00, Sys 0 00:00:00  -  Run Local Usage
		Usr 0 00:01:47, Sys 0 00:00:01  -  Total Remote Usage
		Usr 0 00:00:00, Sys 0 00:00:00  -  Total Local Usage
	6431  -  Run Bytes Sent By Job
	142  -  Run Bytes Received By Job
	6431  -  Total Bytes Sent By Job
	142  -  Total Bytes Received By Job
	Partitionable Resources :    Usage  Request Allocated 
	   Cpus                 :                 1         1 
	   Disk (KB)            :       51        1    127899 
	   Memory (MB)          :      184     3900      3968 

	Job terminated of its own accord at 2023-06-12T06:28:10Z.
...
006 (310916.007.000) 2023-06-12 15:28:17 Image size of job updated: 689796
	184  -  MemoryUsage of job (MB)
	187752  -  ResidentSetSize of job (KB)
...
040 (310916.007.000) 2023-06-12 15:28:17 Started transferring output files
...
040 (310916.007.000) 2023-06-12 15:28:17 Finished transferring output files
...
005 (310916.007.000) 2023-06-12 15:28:17 Job terminated.
	(1) Normal termination (return value 0)
		Usr 0 00:01:47, Sys 0 00:00:01  -  Run Remote Usage
		Usr 0 00:00:00, Sys 0 00:00:00  -  Run Local Usage
		Usr 0 00:01:47, Sys 0 00:00:01  -  Total Remote Usage
		Usr 0 00:00:00, Sys 0 00:00:00  -  Total Local Usage
	5783  -  Run Bytes Sent By Job
	142  -  Run Bytes Received By Job
	5783  -  Total Bytes Sent By Job
	142  -  Total Bytes Received By Job
	Partitionable Resources :    Usage  Request Allocated 
	   Cpus                 :                 1         1 
	   Disk (KB)            :       51        1    127899 
	   Memory (MB)          :      184     3900      3968 

	Job terminated of its own accord at 2023-06-12T06:28:17Z.
...
006 (310916.000.000) 2023-06-12 15:28:18 Image size of job updated: 692172
	184  -  MemoryUsage of job (MB)
	187508  -  ResidentSetSize of job (KB)
...
040 (310916.000.000) 2023-06-12 15:28:18 Started transferring output files
...
040 (310916.000.000) 2023-06-12 15:28:18 Finished transferring output files
...
005 (310916.000.000) 2023-06-12 15:28:18 Job terminated.
	(1) Normal termination (return value 0)
		Usr 0 00:01:53, Sys 0 00:00:01  -  Run Remote Usage
		Usr 0 00:00:00, Sys 0 00:00:00  -  Run Local Usage
		Usr 0 00:01:53, Sys 0 00:00:01  -  Total Remote Usage
		Usr 0 00:00:00, Sys 0 00:00:00  -  Total Local Usage
	6250  -  Run Bytes Sent By Job
	142  -  Run Bytes Received By Job
	6250  -  Total Bytes Sent By Job
	142  -  Total Bytes Received By Job
	Partitionable Resources :    Usage  Request Allocated 
	   Cpus                 :                 1         1 
	   Disk (KB)            :       51        1    127899 
	   Memory (MB)          :      184     3900      3968 

	Job terminated of its own accord at 2023-06-12T06:28:18Z.
...
006 (310916.008.000) 2023-06-12 15:30:14 Image size of job updated: 690776
	70  -  MemoryUsage of job (MB)
	71600  -  ResidentSetSize of job (KB)
...
040 (310916.008.000) 2023-06-12 15:30:14 Started transferring output files
...
040 (310916.008.000) 2023-06-12 15:30:14 Finished transferring output files
...
005 (310916.008.000) 2023-06-12 15:30:14 Job terminated.
	(1) Normal termination (return value 0)
		Usr 0 00:03:32, Sys 0 00:00:07  -  Run Remote Usage
		Usr 0 00:00:00, Sys 0 00:00:00  -  Run Local Usage
		Usr 0 00:03:32, Sys 0 00:00:07  -  Total Remote Usage
		Usr 0 00:00:00, Sys 0 00:00:00  -  Total Local Usage
	6566  -  Run Bytes Sent By Job
	142  -  Run Bytes Received By Job
	6566  -  Total Bytes Sent By Job
	142  -  Total Bytes Received By Job
	Partitionable Resources :    Usage  Request Allocated 
	   Cpus                 :                 1         1 
	   Disk (KB)            :       51        1    127998 
	   Memory (MB)          :       70     3900      3968 

	Job terminated of its own accord at 2023-06-12T06:30:14Z.
...
000 (310948.000.000) 2023-06-12 16:27:52 Job submitted from host: <172.30.1.200:9618?addrs=172.30.1.200-9618&alias=tamsa2.snu.ac.kr&noUDP&sock=schedd_3510_2582>
...
000 (310948.001.000) 2023-06-12 16:27:52 Job submitted from host: <172.30.1.200:9618?addrs=172.30.1.200-9618&alias=tamsa2.snu.ac.kr&noUDP&sock=schedd_3510_2582>
...
000 (310948.002.000) 2023-06-12 16:27:52 Job submitted from host: <172.30.1.200:9618?addrs=172.30.1.200-9618&alias=tamsa2.snu.ac.kr&noUDP&sock=schedd_3510_2582>
...
000 (310948.003.000) 2023-06-12 16:27:52 Job submitted from host: <172.30.1.200:9618?addrs=172.30.1.200-9618&alias=tamsa2.snu.ac.kr&noUDP&sock=schedd_3510_2582>
...
000 (310948.004.000) 2023-06-12 16:27:52 Job submitted from host: <172.30.1.200:9618?addrs=172.30.1.200-9618&alias=tamsa2.snu.ac.kr&noUDP&sock=schedd_3510_2582>
...
000 (310948.005.000) 2023-06-12 16:27:52 Job submitted from host: <172.30.1.200:9618?addrs=172.30.1.200-9618&alias=tamsa2.snu.ac.kr&noUDP&sock=schedd_3510_2582>
...
000 (310948.006.000) 2023-06-12 16:27:52 Job submitted from host: <172.30.1.200:9618?addrs=172.30.1.200-9618&alias=tamsa2.snu.ac.kr&noUDP&sock=schedd_3510_2582>
...
000 (310948.007.000) 2023-06-12 16:27:52 Job submitted from host: <172.30.1.200:9618?addrs=172.30.1.200-9618&alias=tamsa2.snu.ac.kr&noUDP&sock=schedd_3510_2582>
...
000 (310948.008.000) 2023-06-12 16:27:52 Job submitted from host: <172.30.1.200:9618?addrs=172.30.1.200-9618&alias=tamsa2.snu.ac.kr&noUDP&sock=schedd_3510_2582>
...
000 (310948.009.000) 2023-06-12 16:27:52 Job submitted from host: <172.30.1.200:9618?addrs=172.30.1.200-9618&alias=tamsa2.snu.ac.kr&noUDP&sock=schedd_3510_2582>
...
001 (310948.000.000) 2023-06-12 16:31:04 Job executing on host: <172.30.1.202:9618?addrs=172.30.1.202-9618&alias=node2&noUDP&sock=startd_19693_56a6>
...
040 (310948.002.000) 2023-06-12 16:31:04 Started transferring input files
	Transferring to host: <172.30.1.104:9618?addrs=172.30.1.104-9618&alias=n4&noUDP&sock=slot1_7_3701_7070_6971>
...
040 (310948.002.000) 2023-06-12 16:31:04 Finished transferring input files
...
040 (310948.003.000) 2023-06-12 16:31:04 Started transferring input files
	Transferring to host: <172.30.1.108:9618?addrs=172.30.1.108-9618&alias=n8&noUDP&sock=slot1_34_4278_fce7_21413>
...
040 (310948.003.000) 2023-06-12 16:31:04 Finished transferring input files
...
040 (310948.009.000) 2023-06-12 16:31:04 Started transferring input files
	Transferring to host: <172.30.1.109:9618?addrs=172.30.1.109-9618&alias=n9&noUDP&sock=slot1_1_4265_d407_22517>
...
040 (310948.009.000) 2023-06-12 16:31:04 Finished transferring input files
...
040 (310948.004.000) 2023-06-12 16:31:04 Started transferring input files
	Transferring to host: <172.30.1.108:9618?addrs=172.30.1.108-9618&alias=n8&noUDP&sock=slot1_38_4278_fce7_21414>
...
040 (310948.004.000) 2023-06-12 16:31:04 Finished transferring input files
...
001 (310948.001.000) 2023-06-12 16:31:04 Job executing on host: <172.30.1.202:9618?addrs=172.30.1.202-9618&alias=node2&noUDP&sock=startd_19693_56a6>
...
040 (310948.005.000) 2023-06-12 16:31:04 Started transferring input files
	Transferring to host: <172.30.1.108:9618?addrs=172.30.1.108-9618&alias=n8&noUDP&sock=slot1_39_4278_fce7_21415>
...
040 (310948.005.000) 2023-06-12 16:31:04 Finished transferring input files
...
040 (310948.006.000) 2023-06-12 16:31:04 Started transferring input files
	Transferring to host: <172.30.1.108:9618?addrs=172.30.1.108-9618&alias=n8&noUDP&sock=slot1_40_4278_fce7_21416>
...
040 (310948.006.000) 2023-06-12 16:31:04 Finished transferring input files
...
040 (310948.007.000) 2023-06-12 16:31:05 Started transferring input files
	Transferring to host: <172.30.1.108:9618?addrs=172.30.1.108-9618&alias=n8&noUDP&sock=slot1_42_4278_fce7_21417>
...
040 (310948.007.000) 2023-06-12 16:31:05 Finished transferring input files
...
040 (310948.008.000) 2023-06-12 16:31:05 Started transferring input files
	Transferring to host: <172.30.1.108:9618?addrs=172.30.1.108-9618&alias=n8&noUDP&sock=slot1_44_4278_fce7_21418>
...
040 (310948.008.000) 2023-06-12 16:31:05 Finished transferring input files
...
001 (310948.002.000) 2023-06-12 16:31:05 Job executing on host: <172.30.1.104:9618?addrs=172.30.1.104-9618&alias=n4&noUDP&sock=startd_3667_d5e1>
...
001 (310948.003.000) 2023-06-12 16:31:05 Job executing on host: <172.30.1.108:9618?addrs=172.30.1.108-9618&alias=n8&noUDP&sock=startd_4243_ec6e>
...
001 (310948.009.000) 2023-06-12 16:31:05 Job executing on host: <172.30.1.109:9618?addrs=172.30.1.109-9618&alias=n9&noUDP&sock=startd_4231_b14b>
...
001 (310948.004.000) 2023-06-12 16:31:05 Job executing on host: <172.30.1.108:9618?addrs=172.30.1.108-9618&alias=n8&noUDP&sock=startd_4243_ec6e>
...
001 (310948.005.000) 2023-06-12 16:31:05 Job executing on host: <172.30.1.108:9618?addrs=172.30.1.108-9618&alias=n8&noUDP&sock=startd_4243_ec6e>
...
001 (310948.006.000) 2023-06-12 16:31:05 Job executing on host: <172.30.1.108:9618?addrs=172.30.1.108-9618&alias=n8&noUDP&sock=startd_4243_ec6e>
...
001 (310948.007.000) 2023-06-12 16:31:06 Job executing on host: <172.30.1.108:9618?addrs=172.30.1.108-9618&alias=n8&noUDP&sock=startd_4243_ec6e>
...
001 (310948.008.000) 2023-06-12 16:31:06 Job executing on host: <172.30.1.108:9618?addrs=172.30.1.108-9618&alias=n8&noUDP&sock=startd_4243_ec6e>
...
006 (310948.001.000) 2023-06-12 16:31:13 Image size of job updated: 187288
	183  -  MemoryUsage of job (MB)
	187288  -  ResidentSetSize of job (KB)
...
006 (310948.000.000) 2023-06-12 16:31:13 Image size of job updated: 187496
	184  -  MemoryUsage of job (MB)
	187496  -  ResidentSetSize of job (KB)
...
006 (310948.005.000) 2023-06-12 16:31:14 Image size of job updated: 606984
	184  -  MemoryUsage of job (MB)
	187536  -  ResidentSetSize of job (KB)
...
006 (310948.006.000) 2023-06-12 16:31:14 Image size of job updated: 606460
	184  -  MemoryUsage of job (MB)
	187508  -  ResidentSetSize of job (KB)
...
006 (310948.007.000) 2023-06-12 16:31:14 Image size of job updated: 606520
	184  -  MemoryUsage of job (MB)
	187740  -  ResidentSetSize of job (KB)
...
006 (310948.008.000) 2023-06-12 16:31:14 Image size of job updated: 606456
	184  -  MemoryUsage of job (MB)
	187724  -  ResidentSetSize of job (KB)
...
006 (310948.002.000) 2023-06-12 16:31:14 Image size of job updated: 187296
	183  -  MemoryUsage of job (MB)
	187296  -  ResidentSetSize of job (KB)
...
006 (310948.009.000) 2023-06-12 16:31:14 Image size of job updated: 400232
	184  -  MemoryUsage of job (MB)
	187724  -  ResidentSetSize of job (KB)
...
006 (310948.003.000) 2023-06-12 16:31:14 Image size of job updated: 606524
	184  -  MemoryUsage of job (MB)
	187508  -  ResidentSetSize of job (KB)
...
006 (310948.004.000) 2023-06-12 16:31:15 Image size of job updated: 606528
	184  -  MemoryUsage of job (MB)
	187924  -  ResidentSetSize of job (KB)
...
006 (310948.008.000) 2023-06-12 16:33:12 Image size of job updated: 689784
	184  -  MemoryUsage of job (MB)
	187724  -  ResidentSetSize of job (KB)
...
040 (310948.008.000) 2023-06-12 16:33:12 Started transferring output files
...
040 (310948.008.000) 2023-06-12 16:33:12 Finished transferring output files
...
005 (310948.008.000) 2023-06-12 16:33:12 Job terminated.
	(1) Normal termination (return value 0)
		Usr 0 00:02:03, Sys 0 00:00:01  -  Run Remote Usage
		Usr 0 00:00:00, Sys 0 00:00:00  -  Run Local Usage
		Usr 0 00:02:03, Sys 0 00:00:01  -  Total Remote Usage
		Usr 0 00:00:00, Sys 0 00:00:00  -  Total Local Usage
	6567  -  Run Bytes Sent By Job
	142  -  Run Bytes Received By Job
	6567  -  Total Bytes Sent By Job
	142  -  Total Bytes Received By Job
	Partitionable Resources :    Usage  Request Allocated 
	   Cpus                 :                 1         1 
	   Disk (KB)            :       51        1    127899 
	   Memory (MB)          :      184     3900      3968 

	Job terminated of its own accord at 2023-06-12T07:33:12Z.
...
006 (310948.009.000) 2023-06-12 16:33:19 Image size of job updated: 689760
	184  -  MemoryUsage of job (MB)
	187724  -  ResidentSetSize of job (KB)
...
040 (310948.009.000) 2023-06-12 16:33:19 Started transferring output files
...
040 (310948.009.000) 2023-06-12 16:33:19 Finished transferring output files
...
005 (310948.009.000) 2023-06-12 16:33:19 Job terminated.
	(1) Normal termination (return value 0)
		Usr 0 00:02:08, Sys 0 00:00:01  -  Run Remote Usage
		Usr 0 00:00:00, Sys 0 00:00:00  -  Run Local Usage
		Usr 0 00:02:08, Sys 0 00:00:01  -  Total Remote Usage
		Usr 0 00:00:00, Sys 0 00:00:00  -  Total Local Usage
	6659  -  Run Bytes Sent By Job
	142  -  Run Bytes Received By Job
	6659  -  Total Bytes Sent By Job
	142  -  Total Bytes Received By Job
	Partitionable Resources :    Usage  Request Allocated 
	   Cpus                 :                 1         1 
	   Disk (KB)            :       52        1    127899 
	   Memory (MB)          :      184     3900      3968 

	Job terminated of its own accord at 2023-06-12T07:33:19Z.
...
006 (310948.004.000) 2023-06-12 16:33:21 Image size of job updated: 689784
	184  -  MemoryUsage of job (MB)
	187924  -  ResidentSetSize of job (KB)
...
040 (310948.004.000) 2023-06-12 16:33:21 Started transferring output files
...
040 (310948.004.000) 2023-06-12 16:33:21 Finished transferring output files
...
005 (310948.004.000) 2023-06-12 16:33:21 Job terminated.
	(1) Normal termination (return value 0)
		Usr 0 00:02:12, Sys 0 00:00:01  -  Run Remote Usage
		Usr 0 00:00:00, Sys 0 00:00:00  -  Run Local Usage
		Usr 0 00:02:12, Sys 0 00:00:01  -  Total Remote Usage
		Usr 0 00:00:00, Sys 0 00:00:00  -  Total Local Usage
	5882  -  Run Bytes Sent By Job
	142  -  Run Bytes Received By Job
	5882  -  Total Bytes Sent By Job
	142  -  Total Bytes Received By Job
	Partitionable Resources :    Usage  Request Allocated 
	   Cpus                 :                 1         1 
	   Disk (KB)            :       51        1    127899 
	   Memory (MB)          :      184     3900      3968 

	Job terminated of its own accord at 2023-06-12T07:33:21Z.
...
006 (310948.006.000) 2023-06-12 16:33:29 Image size of job updated: 689780
	184  -  MemoryUsage of job (MB)
	187508  -  ResidentSetSize of job (KB)
...
040 (310948.006.000) 2023-06-12 16:33:29 Started transferring output files
...
040 (310948.006.000) 2023-06-12 16:33:29 Finished transferring output files
...
005 (310948.006.000) 2023-06-12 16:33:29 Job terminated.
	(1) Normal termination (return value 0)
		Usr 0 00:02:20, Sys 0 00:00:01  -  Run Remote Usage
		Usr 0 00:00:00, Sys 0 00:00:00  -  Run Local Usage
		Usr 0 00:02:20, Sys 0 00:00:01  -  Total Remote Usage
		Usr 0 00:00:00, Sys 0 00:00:00  -  Total Local Usage
	6751  -  Run Bytes Sent By Job
	142  -  Run Bytes Received By Job
	6751  -  Total Bytes Sent By Job
	142  -  Total Bytes Received By Job
	Partitionable Resources :    Usage  Request Allocated 
	   Cpus                 :                 1         1 
	   Disk (KB)            :       52        1    127899 
	   Memory (MB)          :      184     3900      3968 

	Job terminated of its own accord at 2023-06-12T07:33:29Z.
...
006 (310948.005.000) 2023-06-12 16:33:30 Image size of job updated: 693400
	184  -  MemoryUsage of job (MB)
	187536  -  ResidentSetSize of job (KB)
...
040 (310948.005.000) 2023-06-12 16:33:30 Started transferring output files
...
040 (310948.005.000) 2023-06-12 16:33:30 Finished transferring output files
...
005 (310948.005.000) 2023-06-12 16:33:30 Job terminated.
	(1) Normal termination (return value 0)
		Usr 0 00:02:21, Sys 0 00:00:01  -  Run Remote Usage
		Usr 0 00:00:00, Sys 0 00:00:00  -  Run Local Usage
		Usr 0 00:02:21, Sys 0 00:00:01  -  Total Remote Usage
		Usr 0 00:00:00, Sys 0 00:00:00  -  Total Local Usage
	6510  -  Run Bytes Sent By Job
	142  -  Run Bytes Received By Job
	6510  -  Total Bytes Sent By Job
	142  -  Total Bytes Received By Job
	Partitionable Resources :    Usage  Request Allocated 
	   Cpus                 :                 1         1 
	   Disk (KB)            :       51        1    127899 
	   Memory (MB)          :      184     3900      3968 

	Job terminated of its own accord at 2023-06-12T07:33:30Z.
...
006 (310948.003.000) 2023-06-12 16:33:47 Image size of job updated: 691528
	184  -  MemoryUsage of job (MB)
	187508  -  ResidentSetSize of job (KB)
...
040 (310948.003.000) 2023-06-12 16:33:47 Started transferring output files
...
040 (310948.003.000) 2023-06-12 16:33:47 Finished transferring output files
...
005 (310948.003.000) 2023-06-12 16:33:47 Job terminated.
	(1) Normal termination (return value 0)
		Usr 0 00:02:38, Sys 0 00:00:01  -  Run Remote Usage
		Usr 0 00:00:00, Sys 0 00:00:00  -  Run Local Usage
		Usr 0 00:02:38, Sys 0 00:00:01  -  Total Remote Usage
		Usr 0 00:00:00, Sys 0 00:00:00  -  Total Local Usage
	6974  -  Run Bytes Sent By Job
	142  -  Run Bytes Received By Job
	6974  -  Total Bytes Sent By Job
	142  -  Total Bytes Received By Job
	Partitionable Resources :    Usage  Request Allocated 
	   Cpus                 :                 1         1 
	   Disk (KB)            :       52        1    127899 
	   Memory (MB)          :      184     3900      3968 

	Job terminated of its own accord at 2023-06-12T07:33:47Z.
...
006 (310948.007.000) 2023-06-12 16:33:55 Image size of job updated: 689792
	184  -  MemoryUsage of job (MB)
	187740  -  ResidentSetSize of job (KB)
...
040 (310948.007.000) 2023-06-12 16:33:55 Started transferring output files
...
040 (310948.007.000) 2023-06-12 16:33:55 Finished transferring output files
...
005 (310948.007.000) 2023-06-12 16:33:55 Job terminated.
	(1) Normal termination (return value 0)
		Usr 0 00:02:43, Sys 0 00:00:01  -  Run Remote Usage
		Usr 0 00:00:00, Sys 0 00:00:00  -  Run Local Usage
		Usr 0 00:02:43, Sys 0 00:00:01  -  Total Remote Usage
		Usr 0 00:00:00, Sys 0 00:00:00  -  Total Local Usage
	5784  -  Run Bytes Sent By Job
	142  -  Run Bytes Received By Job
	5784  -  Total Bytes Sent By Job
	142  -  Total Bytes Received By Job
	Partitionable Resources :    Usage  Request Allocated 
	   Cpus                 :                 1         1 
	   Disk (KB)            :       51        1    127899 
	   Memory (MB)          :      184     3900      3968 

	Job terminated of its own accord at 2023-06-12T07:33:55Z.
...
006 (310948.001.000) 2023-06-12 16:33:56 Image size of job updated: 692604
	183  -  MemoryUsage of job (MB)
	187288  -  ResidentSetSize of job (KB)
...
005 (310948.001.000) 2023-06-12 16:33:56 Job terminated.
	(1) Normal termination (return value 0)
		Usr 0 00:02:46, Sys 0 00:00:02  -  Run Remote Usage
		Usr 0 00:00:00, Sys 0 00:00:00  -  Run Local Usage
		Usr 0 00:02:46, Sys 0 00:00:02  -  Total Remote Usage
		Usr 0 00:00:00, Sys 0 00:00:00  -  Total Local Usage
	0  -  Run Bytes Sent By Job
	0  -  Run Bytes Received By Job
	0  -  Total Bytes Sent By Job
	0  -  Total Bytes Received By Job
	Partitionable Resources :    Usage  Request Allocated 
	   Cpus                 :     0.99        1         1 
	   Disk (KB)            :     1           1    128913 
	   Memory (MB)          :   183        3900      3968 

	Job terminated of its own accord at 2023-06-12T07:33:56Z.
...
006 (310948.000.000) 2023-06-12 16:33:57 Image size of job updated: 692184
	184  -  MemoryUsage of job (MB)
	187496  -  ResidentSetSize of job (KB)
...
005 (310948.000.000) 2023-06-12 16:33:58 Job terminated.
	(1) Normal termination (return value 0)
		Usr 0 00:02:47, Sys 0 00:00:02  -  Run Remote Usage
		Usr 0 00:00:00, Sys 0 00:00:00  -  Run Local Usage
		Usr 0 00:02:47, Sys 0 00:00:02  -  Total Remote Usage
		Usr 0 00:00:00, Sys 0 00:00:00  -  Total Local Usage
	0  -  Run Bytes Sent By Job
	0  -  Run Bytes Received By Job
	0  -  Total Bytes Sent By Job
	0  -  Total Bytes Received By Job
	Partitionable Resources :    Usage  Request Allocated 
	   Cpus                 :     0.91        1         1 
	   Disk (KB)            :     1           1    128913 
	   Memory (MB)          :   184        3900      3968 

	Job terminated of its own accord at 2023-06-12T07:33:57Z.
...
006 (310948.002.000) 2023-06-12 16:34:21 Image size of job updated: 692196
	183  -  MemoryUsage of job (MB)
	187296  -  ResidentSetSize of job (KB)
...
040 (310948.002.000) 2023-06-12 16:34:21 Started transferring output files
...
040 (310948.002.000) 2023-06-12 16:34:21 Finished transferring output files
...
005 (310948.002.000) 2023-06-12 16:34:21 Job terminated.
	(1) Normal termination (return value 0)
		Usr 0 00:03:10, Sys 0 00:00:03  -  Run Remote Usage
		Usr 0 00:00:00, Sys 0 00:00:00  -  Run Local Usage
		Usr 0 00:03:10, Sys 0 00:00:03  -  Total Remote Usage
		Usr 0 00:00:00, Sys 0 00:00:00  -  Total Local Usage
	5254  -  Run Bytes Sent By Job
	142  -  Run Bytes Received By Job
	5254  -  Total Bytes Sent By Job
	142  -  Total Bytes Received By Job
	Partitionable Resources :    Usage  Request Allocated 
	   Cpus                 :     1.00        1         1 
	   Disk (KB)            :    56           1     61930 
	   Memory (MB)          :   183        3900      3968 

	Job terminated of its own accord at 2023-06-12T07:34:21Z.
...
