000 (330094.000.000) 2023-07-25 10:59:25 Job submitted from host: <172.30.1.200:9618?addrs=172.30.1.200-9618&alias=tamsa2.snu.ac.kr&noUDP&sock=schedd_3510_2582>
...
000 (330094.001.000) 2023-07-25 10:59:25 Job submitted from host: <172.30.1.200:9618?addrs=172.30.1.200-9618&alias=tamsa2.snu.ac.kr&noUDP&sock=schedd_3510_2582>
...
000 (330094.002.000) 2023-07-25 10:59:25 Job submitted from host: <172.30.1.200:9618?addrs=172.30.1.200-9618&alias=tamsa2.snu.ac.kr&noUDP&sock=schedd_3510_2582>
...
000 (330094.003.000) 2023-07-25 10:59:25 Job submitted from host: <172.30.1.200:9618?addrs=172.30.1.200-9618&alias=tamsa2.snu.ac.kr&noUDP&sock=schedd_3510_2582>
...
000 (330094.004.000) 2023-07-25 10:59:25 Job submitted from host: <172.30.1.200:9618?addrs=172.30.1.200-9618&alias=tamsa2.snu.ac.kr&noUDP&sock=schedd_3510_2582>
...
000 (330094.005.000) 2023-07-25 10:59:25 Job submitted from host: <172.30.1.200:9618?addrs=172.30.1.200-9618&alias=tamsa2.snu.ac.kr&noUDP&sock=schedd_3510_2582>
...
000 (330094.006.000) 2023-07-25 10:59:25 Job submitted from host: <172.30.1.200:9618?addrs=172.30.1.200-9618&alias=tamsa2.snu.ac.kr&noUDP&sock=schedd_3510_2582>
...
000 (330094.007.000) 2023-07-25 10:59:25 Job submitted from host: <172.30.1.200:9618?addrs=172.30.1.200-9618&alias=tamsa2.snu.ac.kr&noUDP&sock=schedd_3510_2582>
...
000 (330094.008.000) 2023-07-25 10:59:25 Job submitted from host: <172.30.1.200:9618?addrs=172.30.1.200-9618&alias=tamsa2.snu.ac.kr&noUDP&sock=schedd_3510_2582>
...
000 (330094.009.000) 2023-07-25 10:59:25 Job submitted from host: <172.30.1.200:9618?addrs=172.30.1.200-9618&alias=tamsa2.snu.ac.kr&noUDP&sock=schedd_3510_2582>
...
040 (330094.001.000) 2023-07-25 10:59:39 Started transferring input files
	Transferring to host: <172.30.1.101:9618?addrs=172.30.1.101-9618&alias=n1&noUDP&sock=slot1_6_3367_1b22_45675>
...
040 (330094.001.000) 2023-07-25 10:59:39 Finished transferring input files
...
040 (330094.003.000) 2023-07-25 10:59:39 Started transferring input files
	Transferring to host: <172.30.1.101:9618?addrs=172.30.1.101-9618&alias=n1&noUDP&sock=slot1_8_3367_1b22_45676>
...
040 (330094.003.000) 2023-07-25 10:59:39 Finished transferring input files
...
040 (330094.002.000) 2023-07-25 10:59:39 Started transferring input files
	Transferring to host: <172.30.1.101:9618?addrs=172.30.1.101-9618&alias=n1&noUDP&sock=slot1_7_3367_1b22_45677>
...
040 (330094.002.000) 2023-07-25 10:59:39 Finished transferring input files
...
040 (330094.004.000) 2023-07-25 10:59:39 Started transferring input files
	Transferring to host: <172.30.1.101:9618?addrs=172.30.1.101-9618&alias=n1&noUDP&sock=slot1_9_3367_1b22_45678>
...
040 (330094.004.000) 2023-07-25 10:59:39 Finished transferring input files
...
040 (330094.005.000) 2023-07-25 10:59:39 Started transferring input files
	Transferring to host: <172.30.1.101:9618?addrs=172.30.1.101-9618&alias=n1&noUDP&sock=slot1_10_3367_1b22_45679>
...
040 (330094.005.000) 2023-07-25 10:59:39 Finished transferring input files
...
040 (330094.006.000) 2023-07-25 10:59:39 Started transferring input files
	Transferring to host: <172.30.1.101:9618?addrs=172.30.1.101-9618&alias=n1&noUDP&sock=slot1_11_3367_1b22_45680>
...
040 (330094.006.000) 2023-07-25 10:59:39 Finished transferring input files
...
040 (330094.007.000) 2023-07-25 10:59:40 Started transferring input files
	Transferring to host: <172.30.1.101:9618?addrs=172.30.1.101-9618&alias=n1&noUDP&sock=slot1_12_3367_1b22_45681>
...
040 (330094.007.000) 2023-07-25 10:59:40 Finished transferring input files
...
040 (330094.008.000) 2023-07-25 10:59:40 Started transferring input files
	Transferring to host: <172.30.1.101:9618?addrs=172.30.1.101-9618&alias=n1&noUDP&sock=slot1_13_3367_1b22_45682>
...
040 (330094.008.000) 2023-07-25 10:59:40 Finished transferring input files
...
040 (330094.009.000) 2023-07-25 10:59:40 Started transferring input files
	Transferring to host: <172.30.1.101:9618?addrs=172.30.1.101-9618&alias=n1&noUDP&sock=slot1_14_3367_1b22_45683>
...
040 (330094.009.000) 2023-07-25 10:59:40 Finished transferring input files
...
001 (330094.001.000) 2023-07-25 10:59:40 Job executing on host: <172.30.1.101:9618?addrs=172.30.1.101-9618&alias=n1&noUDP&sock=startd_3332_0da7>
...
001 (330094.003.000) 2023-07-25 10:59:40 Job executing on host: <172.30.1.101:9618?addrs=172.30.1.101-9618&alias=n1&noUDP&sock=startd_3332_0da7>
...
040 (330094.000.000) 2023-07-25 10:59:40 Started transferring input files
	Transferring to host: <172.30.1.102:9618?addrs=172.30.1.102-9618&alias=n2&noUDP&sock=slot1_35_3347_03a1_57651>
...
040 (330094.000.000) 2023-07-25 10:59:40 Finished transferring input files
...
001 (330094.002.000) 2023-07-25 10:59:40 Job executing on host: <172.30.1.101:9618?addrs=172.30.1.101-9618&alias=n1&noUDP&sock=startd_3332_0da7>
...
001 (330094.004.000) 2023-07-25 10:59:40 Job executing on host: <172.30.1.101:9618?addrs=172.30.1.101-9618&alias=n1&noUDP&sock=startd_3332_0da7>
...
001 (330094.005.000) 2023-07-25 10:59:40 Job executing on host: <172.30.1.101:9618?addrs=172.30.1.101-9618&alias=n1&noUDP&sock=startd_3332_0da7>
...
001 (330094.006.000) 2023-07-25 10:59:40 Job executing on host: <172.30.1.101:9618?addrs=172.30.1.101-9618&alias=n1&noUDP&sock=startd_3332_0da7>
...
001 (330094.007.000) 2023-07-25 10:59:41 Job executing on host: <172.30.1.101:9618?addrs=172.30.1.101-9618&alias=n1&noUDP&sock=startd_3332_0da7>
...
001 (330094.008.000) 2023-07-25 10:59:41 Job executing on host: <172.30.1.101:9618?addrs=172.30.1.101-9618&alias=n1&noUDP&sock=startd_3332_0da7>
...
001 (330094.009.000) 2023-07-25 10:59:41 Job executing on host: <172.30.1.101:9618?addrs=172.30.1.101-9618&alias=n1&noUDP&sock=startd_3332_0da7>
...
001 (330094.000.000) 2023-07-25 10:59:41 Job executing on host: <172.30.1.102:9618?addrs=172.30.1.102-9618&alias=n2&noUDP&sock=startd_3313_055a>
...
006 (330094.004.000) 2023-07-25 10:59:49 Image size of job updated: 56140
	55  -  MemoryUsage of job (MB)
	56140  -  ResidentSetSize of job (KB)
...
006 (330094.005.000) 2023-07-25 10:59:49 Image size of job updated: 56144
	55  -  MemoryUsage of job (MB)
	56144  -  ResidentSetSize of job (KB)
...
006 (330094.006.000) 2023-07-25 10:59:49 Image size of job updated: 56144
	55  -  MemoryUsage of job (MB)
	56144  -  ResidentSetSize of job (KB)
...
006 (330094.007.000) 2023-07-25 10:59:49 Image size of job updated: 56144
	55  -  MemoryUsage of job (MB)
	56144  -  ResidentSetSize of job (KB)
...
006 (330094.008.000) 2023-07-25 10:59:49 Image size of job updated: 58848
	58  -  MemoryUsage of job (MB)
	58848  -  ResidentSetSize of job (KB)
...
006 (330094.001.000) 2023-07-25 10:59:49 Image size of job updated: 61824
	61  -  MemoryUsage of job (MB)
	61824  -  ResidentSetSize of job (KB)
...
006 (330094.003.000) 2023-07-25 10:59:49 Image size of job updated: 61824
	61  -  MemoryUsage of job (MB)
	61824  -  ResidentSetSize of job (KB)
...
006 (330094.002.000) 2023-07-25 10:59:49 Image size of job updated: 56140
	55  -  MemoryUsage of job (MB)
	56140  -  ResidentSetSize of job (KB)
...
006 (330094.009.000) 2023-07-25 10:59:50 Image size of job updated: 61820
	61  -  MemoryUsage of job (MB)
	61820  -  ResidentSetSize of job (KB)
...
006 (330094.000.000) 2023-07-25 10:59:50 Image size of job updated: 156520
	153  -  MemoryUsage of job (MB)
	156520  -  ResidentSetSize of job (KB)
...
006 (330094.007.000) 2023-07-25 11:00:11 Image size of job updated: 684184
	55  -  MemoryUsage of job (MB)
	56144  -  ResidentSetSize of job (KB)
...
040 (330094.007.000) 2023-07-25 11:00:11 Started transferring output files
...
040 (330094.007.000) 2023-07-25 11:00:11 Finished transferring output files
...
005 (330094.007.000) 2023-07-25 11:00:11 Job terminated.
	(1) Normal termination (return value 0)
		Usr 0 00:00:16, Sys 0 00:00:02  -  Run Remote Usage
		Usr 0 00:00:00, Sys 0 00:00:00  -  Run Local Usage
		Usr 0 00:00:16, Sys 0 00:00:02  -  Total Remote Usage
		Usr 0 00:00:00, Sys 0 00:00:00  -  Total Local Usage
	870  -  Run Bytes Sent By Job
	170  -  Run Bytes Received By Job
	870  -  Total Bytes Sent By Job
	170  -  Total Bytes Received By Job
	Partitionable Resources :    Usage  Request Allocated 
	   Cpus                 :     0.03        1         1 
	   Disk (KB)            :    52           1    127998 
	   Memory (MB)          :    55        3900      3968 

	Job terminated of its own accord at 2023-07-25T02:00:11Z.
...
006 (330094.009.000) 2023-07-25 11:00:12 Image size of job updated: 684292
	61  -  MemoryUsage of job (MB)
	61820  -  ResidentSetSize of job (KB)
...
040 (330094.009.000) 2023-07-25 11:00:12 Started transferring output files
...
040 (330094.009.000) 2023-07-25 11:00:12 Finished transferring output files
...
005 (330094.009.000) 2023-07-25 11:00:12 Job terminated.
	(1) Normal termination (return value 0)
		Usr 0 00:00:18, Sys 0 00:00:03  -  Run Remote Usage
		Usr 0 00:00:00, Sys 0 00:00:00  -  Run Local Usage
		Usr 0 00:00:18, Sys 0 00:00:03  -  Total Remote Usage
		Usr 0 00:00:00, Sys 0 00:00:00  -  Total Local Usage
	902  -  Run Bytes Sent By Job
	170  -  Run Bytes Received By Job
	902  -  Total Bytes Sent By Job
	170  -  Total Bytes Received By Job
	Partitionable Resources :    Usage  Request Allocated 
	   Cpus                 :     0.03        1         1 
	   Disk (KB)            :    52           1    127998 
	   Memory (MB)          :    61        3900      3968 

	Job terminated of its own accord at 2023-07-25T02:00:12Z.
...
006 (330094.001.000) 2023-07-25 11:00:19 Image size of job updated: 684156
	61  -  MemoryUsage of job (MB)
	61824  -  ResidentSetSize of job (KB)
...
040 (330094.001.000) 2023-07-25 11:00:19 Started transferring output files
...
040 (330094.001.000) 2023-07-25 11:00:19 Finished transferring output files
...
005 (330094.001.000) 2023-07-25 11:00:19 Job terminated.
	(1) Normal termination (return value 0)
		Usr 0 00:00:23, Sys 0 00:00:03  -  Run Remote Usage
		Usr 0 00:00:00, Sys 0 00:00:00  -  Run Local Usage
		Usr 0 00:00:23, Sys 0 00:00:03  -  Total Remote Usage
		Usr 0 00:00:00, Sys 0 00:00:00  -  Total Local Usage
	1128  -  Run Bytes Sent By Job
	170  -  Run Bytes Received By Job
	1128  -  Total Bytes Sent By Job
	170  -  Total Bytes Received By Job
	Partitionable Resources :    Usage  Request Allocated 
	   Cpus                 :     0.01        1         1 
	   Disk (KB)            :    52           1    127998 
	   Memory (MB)          :    61        3900      3968 

	Job terminated of its own accord at 2023-07-25T02:00:19Z.
...
006 (330094.002.000) 2023-07-25 11:00:20 Image size of job updated: 684408
	55  -  MemoryUsage of job (MB)
	56140  -  ResidentSetSize of job (KB)
...
006 (330094.006.000) 2023-07-25 11:00:21 Image size of job updated: 684284
	55  -  MemoryUsage of job (MB)
	56144  -  ResidentSetSize of job (KB)
...
040 (330094.002.000) 2023-07-25 11:00:21 Started transferring output files
...
040 (330094.002.000) 2023-07-25 11:00:21 Finished transferring output files
...
005 (330094.002.000) 2023-07-25 11:00:21 Job terminated.
	(1) Normal termination (return value 0)
		Usr 0 00:00:25, Sys 0 00:00:03  -  Run Remote Usage
		Usr 0 00:00:00, Sys 0 00:00:00  -  Run Local Usage
		Usr 0 00:00:25, Sys 0 00:00:03  -  Total Remote Usage
		Usr 0 00:00:00, Sys 0 00:00:00  -  Total Local Usage
	1129  -  Run Bytes Sent By Job
	170  -  Run Bytes Received By Job
	1129  -  Total Bytes Sent By Job
	170  -  Total Bytes Received By Job
	Partitionable Resources :    Usage  Request Allocated 
	   Cpus                 :     0.03        1         1 
	   Disk (KB)            :    52           1    127998 
	   Memory (MB)          :    55        3900      3968 

	Job terminated of its own accord at 2023-07-25T02:00:20Z.
...
040 (330094.006.000) 2023-07-25 11:00:21 Started transferring output files
...
040 (330094.006.000) 2023-07-25 11:00:21 Finished transferring output files
...
005 (330094.006.000) 2023-07-25 11:00:21 Job terminated.
	(1) Normal termination (return value 0)
		Usr 0 00:00:25, Sys 0 00:00:03  -  Run Remote Usage
		Usr 0 00:00:00, Sys 0 00:00:00  -  Run Local Usage
		Usr 0 00:00:25, Sys 0 00:00:03  -  Total Remote Usage
		Usr 0 00:00:00, Sys 0 00:00:00  -  Total Local Usage
	932  -  Run Bytes Sent By Job
	170  -  Run Bytes Received By Job
	932  -  Total Bytes Sent By Job
	170  -  Total Bytes Received By Job
	Partitionable Resources :    Usage  Request Allocated 
	   Cpus                 :     0.01        1         1 
	   Disk (KB)            :    52           1    127998 
	   Memory (MB)          :    55        3900      3968 

	Job terminated of its own accord at 2023-07-25T02:00:20Z.
...
006 (330094.008.000) 2023-07-25 11:00:21 Image size of job updated: 684524
	58  -  MemoryUsage of job (MB)
	59024  -  ResidentSetSize of job (KB)
...
040 (330094.008.000) 2023-07-25 11:00:21 Started transferring output files
...
040 (330094.008.000) 2023-07-25 11:00:21 Finished transferring output files
...
005 (330094.008.000) 2023-07-25 11:00:21 Job terminated.
	(1) Normal termination (return value 0)
		Usr 0 00:00:24, Sys 0 00:00:03  -  Run Remote Usage
		Usr 0 00:00:00, Sys 0 00:00:00  -  Run Local Usage
		Usr 0 00:00:24, Sys 0 00:00:03  -  Total Remote Usage
		Usr 0 00:00:00, Sys 0 00:00:00  -  Total Local Usage
	902  -  Run Bytes Sent By Job
	170  -  Run Bytes Received By Job
	902  -  Total Bytes Sent By Job
	170  -  Total Bytes Received By Job
	Partitionable Resources :    Usage  Request Allocated 
	   Cpus                 :     0.03        1         1 
	   Disk (KB)            :    52           1    127998 
	   Memory (MB)          :    58        3900      3968 

	Job terminated of its own accord at 2023-07-25T02:00:21Z.
...
006 (330094.005.000) 2023-07-25 11:00:26 Image size of job updated: 684840
	55  -  MemoryUsage of job (MB)
	56144  -  ResidentSetSize of job (KB)
...
040 (330094.005.000) 2023-07-25 11:00:26 Started transferring output files
...
040 (330094.005.000) 2023-07-25 11:00:26 Finished transferring output files
...
005 (330094.005.000) 2023-07-25 11:00:26 Job terminated.
	(1) Normal termination (return value 0)
		Usr 0 00:00:31, Sys 0 00:00:03  -  Run Remote Usage
		Usr 0 00:00:00, Sys 0 00:00:00  -  Run Local Usage
		Usr 0 00:00:31, Sys 0 00:00:03  -  Total Remote Usage
		Usr 0 00:00:00, Sys 0 00:00:00  -  Total Local Usage
	1191  -  Run Bytes Sent By Job
	170  -  Run Bytes Received By Job
	1191  -  Total Bytes Sent By Job
	170  -  Total Bytes Received By Job
	Partitionable Resources :    Usage  Request Allocated 
	   Cpus                 :     0.01        1         1 
	   Disk (KB)            :    52           1    127998 
	   Memory (MB)          :    55        3900      3968 

	Job terminated of its own accord at 2023-07-25T02:00:26Z.
...
006 (330094.003.000) 2023-07-25 11:00:26 Image size of job updated: 686120
	61  -  MemoryUsage of job (MB)
	61824  -  ResidentSetSize of job (KB)
...
040 (330094.003.000) 2023-07-25 11:00:26 Started transferring output files
...
040 (330094.003.000) 2023-07-25 11:00:26 Finished transferring output files
...
005 (330094.003.000) 2023-07-25 11:00:26 Job terminated.
	(1) Normal termination (return value 0)
		Usr 0 00:00:31, Sys 0 00:00:03  -  Run Remote Usage
		Usr 0 00:00:00, Sys 0 00:00:00  -  Run Local Usage
		Usr 0 00:00:31, Sys 0 00:00:03  -  Total Remote Usage
		Usr 0 00:00:00, Sys 0 00:00:00  -  Total Local Usage
	1219  -  Run Bytes Sent By Job
	170  -  Run Bytes Received By Job
	1219  -  Total Bytes Sent By Job
	170  -  Total Bytes Received By Job
	Partitionable Resources :    Usage  Request Allocated 
	   Cpus                 :        0        1         1 
	   Disk (KB)            :       52        1    127998 
	   Memory (MB)          :       61     3900      3968 

	Job terminated of its own accord at 2023-07-25T02:00:26Z.
...
006 (330094.000.000) 2023-07-25 11:00:31 Image size of job updated: 685504
	153  -  MemoryUsage of job (MB)
	156524  -  ResidentSetSize of job (KB)
...
040 (330094.000.000) 2023-07-25 11:00:31 Started transferring output files
...
040 (330094.000.000) 2023-07-25 11:00:31 Finished transferring output files
...
005 (330094.000.000) 2023-07-25 11:00:31 Job terminated.
	(1) Normal termination (return value 0)
		Usr 0 00:00:41, Sys 0 00:00:02  -  Run Remote Usage
		Usr 0 00:00:00, Sys 0 00:00:00  -  Run Local Usage
		Usr 0 00:00:41, Sys 0 00:00:02  -  Total Remote Usage
		Usr 0 00:00:00, Sys 0 00:00:00  -  Total Local Usage
	1221  -  Run Bytes Sent By Job
	170  -  Run Bytes Received By Job
	1221  -  Total Bytes Sent By Job
	170  -  Total Bytes Received By Job
	Partitionable Resources :    Usage  Request Allocated 
	   Cpus                 :                 1         1 
	   Disk (KB)            :       46        1    123869 
	   Memory (MB)          :      153     3900      3968 

	Job terminated of its own accord at 2023-07-25T02:00:31Z.
...
006 (330094.004.000) 2023-07-25 11:00:33 Image size of job updated: 685348
	55  -  MemoryUsage of job (MB)
	56140  -  ResidentSetSize of job (KB)
...
040 (330094.004.000) 2023-07-25 11:00:33 Started transferring output files
...
040 (330094.004.000) 2023-07-25 11:00:33 Finished transferring output files
...
005 (330094.004.000) 2023-07-25 11:00:33 Job terminated.
	(1) Normal termination (return value 0)
		Usr 0 00:00:38, Sys 0 00:00:03  -  Run Remote Usage
		Usr 0 00:00:00, Sys 0 00:00:00  -  Run Local Usage
		Usr 0 00:00:38, Sys 0 00:00:03  -  Total Remote Usage
		Usr 0 00:00:00, Sys 0 00:00:00  -  Total Local Usage
	1191  -  Run Bytes Sent By Job
	170  -  Run Bytes Received By Job
	1191  -  Total Bytes Sent By Job
	170  -  Total Bytes Received By Job
	Partitionable Resources :    Usage  Request Allocated 
	   Cpus                 :     0.03        1         1 
	   Disk (KB)            :    52           1    127998 
	   Memory (MB)          :    55        3900      3968 

	Job terminated of its own accord at 2023-07-25T02:00:33Z.
...
