000 (330120.000.000) 2023-07-25 11:47:28 Job submitted from host: <172.30.1.200:9618?addrs=172.30.1.200-9618&alias=tamsa2.snu.ac.kr&noUDP&sock=schedd_3510_2582>
...
000 (330120.001.000) 2023-07-25 11:47:28 Job submitted from host: <172.30.1.200:9618?addrs=172.30.1.200-9618&alias=tamsa2.snu.ac.kr&noUDP&sock=schedd_3510_2582>
...
000 (330120.002.000) 2023-07-25 11:47:28 Job submitted from host: <172.30.1.200:9618?addrs=172.30.1.200-9618&alias=tamsa2.snu.ac.kr&noUDP&sock=schedd_3510_2582>
...
000 (330120.003.000) 2023-07-25 11:47:28 Job submitted from host: <172.30.1.200:9618?addrs=172.30.1.200-9618&alias=tamsa2.snu.ac.kr&noUDP&sock=schedd_3510_2582>
...
000 (330120.004.000) 2023-07-25 11:47:28 Job submitted from host: <172.30.1.200:9618?addrs=172.30.1.200-9618&alias=tamsa2.snu.ac.kr&noUDP&sock=schedd_3510_2582>
...
000 (330120.005.000) 2023-07-25 11:47:28 Job submitted from host: <172.30.1.200:9618?addrs=172.30.1.200-9618&alias=tamsa2.snu.ac.kr&noUDP&sock=schedd_3510_2582>
...
000 (330120.006.000) 2023-07-25 11:47:28 Job submitted from host: <172.30.1.200:9618?addrs=172.30.1.200-9618&alias=tamsa2.snu.ac.kr&noUDP&sock=schedd_3510_2582>
...
000 (330120.007.000) 2023-07-25 11:47:28 Job submitted from host: <172.30.1.200:9618?addrs=172.30.1.200-9618&alias=tamsa2.snu.ac.kr&noUDP&sock=schedd_3510_2582>
...
000 (330120.008.000) 2023-07-25 11:47:28 Job submitted from host: <172.30.1.200:9618?addrs=172.30.1.200-9618&alias=tamsa2.snu.ac.kr&noUDP&sock=schedd_3510_2582>
...
000 (330120.009.000) 2023-07-25 11:47:28 Job submitted from host: <172.30.1.200:9618?addrs=172.30.1.200-9618&alias=tamsa2.snu.ac.kr&noUDP&sock=schedd_3510_2582>
...
001 (330120.007.000) 2023-07-25 11:47:42 Job executing on host: <172.30.1.202:9618?addrs=172.30.1.202-9618&alias=node2&noUDP&sock=startd_19693_56a6>
...
001 (330120.008.000) 2023-07-25 11:47:42 Job executing on host: <172.30.1.202:9618?addrs=172.30.1.202-9618&alias=node2&noUDP&sock=startd_19693_56a6>
...
001 (330120.009.000) 2023-07-25 11:47:42 Job executing on host: <172.30.1.202:9618?addrs=172.30.1.202-9618&alias=node2&noUDP&sock=startd_19693_56a6>
...
001 (330120.000.000) 2023-07-25 11:47:42 Job executing on host: <172.30.1.209:9618?addrs=172.30.1.209-9618&alias=node9&noUDP&sock=startd_3776_99b3>
...
001 (330120.001.000) 2023-07-25 11:47:42 Job executing on host: <172.30.1.209:9618?addrs=172.30.1.209-9618&alias=node9&noUDP&sock=startd_3776_99b3>
...
001 (330120.002.000) 2023-07-25 11:47:42 Job executing on host: <172.30.1.209:9618?addrs=172.30.1.209-9618&alias=node9&noUDP&sock=startd_3776_99b3>
...
001 (330120.003.000) 2023-07-25 11:47:42 Job executing on host: <172.30.1.209:9618?addrs=172.30.1.209-9618&alias=node9&noUDP&sock=startd_3776_99b3>
...
001 (330120.004.000) 2023-07-25 11:47:43 Job executing on host: <172.30.1.209:9618?addrs=172.30.1.209-9618&alias=node9&noUDP&sock=startd_3776_99b3>
...
001 (330120.005.000) 2023-07-25 11:47:43 Job executing on host: <172.30.1.209:9618?addrs=172.30.1.209-9618&alias=node9&noUDP&sock=startd_3776_99b3>
...
001 (330120.006.000) 2023-07-25 11:47:43 Job executing on host: <172.30.1.209:9618?addrs=172.30.1.209-9618&alias=node9&noUDP&sock=startd_3776_99b3>
...
006 (330120.007.000) 2023-07-25 11:47:50 Image size of job updated: 423904
	177  -  MemoryUsage of job (MB)
	181016  -  ResidentSetSize of job (KB)
...
006 (330120.008.000) 2023-07-25 11:47:50 Image size of job updated: 425564
	177  -  MemoryUsage of job (MB)
	180652  -  ResidentSetSize of job (KB)
...
006 (330120.009.000) 2023-07-25 11:47:50 Image size of job updated: 422032
	179  -  MemoryUsage of job (MB)
	182472  -  ResidentSetSize of job (KB)
...
006 (330120.001.000) 2023-07-25 11:47:51 Image size of job updated: 644576
	190  -  MemoryUsage of job (MB)
	193676  -  ResidentSetSize of job (KB)
...
006 (330120.002.000) 2023-07-25 11:47:51 Image size of job updated: 644576
	191  -  MemoryUsage of job (MB)
	194728  -  ResidentSetSize of job (KB)
...
006 (330120.003.000) 2023-07-25 11:47:51 Image size of job updated: 644576
	201  -  MemoryUsage of job (MB)
	205244  -  ResidentSetSize of job (KB)
...
006 (330120.004.000) 2023-07-25 11:47:51 Image size of job updated: 644580
	182  -  MemoryUsage of job (MB)
	186296  -  ResidentSetSize of job (KB)
...
006 (330120.005.000) 2023-07-25 11:47:51 Image size of job updated: 644576
	187  -  MemoryUsage of job (MB)
	190808  -  ResidentSetSize of job (KB)
...
006 (330120.006.000) 2023-07-25 11:47:51 Image size of job updated: 644580
	204  -  MemoryUsage of job (MB)
	208452  -  ResidentSetSize of job (KB)
...
006 (330120.000.000) 2023-07-25 11:47:51 Image size of job updated: 644576
	190  -  MemoryUsage of job (MB)
	194376  -  ResidentSetSize of job (KB)
...
006 (330120.004.000) 2023-07-25 11:48:01 Image size of job updated: 687708
	182  -  MemoryUsage of job (MB)
	186296  -  ResidentSetSize of job (KB)
...
005 (330120.004.000) 2023-07-25 11:48:01 Job terminated.
	(1) Normal termination (return value 0)
		Usr 0 00:00:17, Sys 0 00:00:00  -  Run Remote Usage
		Usr 0 00:00:00, Sys 0 00:00:00  -  Run Local Usage
		Usr 0 00:00:17, Sys 0 00:00:00  -  Total Remote Usage
		Usr 0 00:00:00, Sys 0 00:00:00  -  Total Local Usage
	0  -  Run Bytes Sent By Job
	0  -  Run Bytes Received By Job
	0  -  Total Bytes Sent By Job
	0  -  Total Bytes Received By Job
	Partitionable Resources :    Usage  Request Allocated 
	   Cpus                 :                 1         1 
	   Disk (KB)            :        1        1    128928 
	   Memory (MB)          :      182     3900      3968 

	Job terminated of its own accord at 2023-07-25T02:48:01Z.
...
006 (330120.007.000) 2023-07-25 11:48:02 Image size of job updated: 685832
	177  -  MemoryUsage of job (MB)
	181020  -  ResidentSetSize of job (KB)
...
005 (330120.007.000) 2023-07-25 11:48:02 Job terminated.
	(1) Normal termination (return value 0)
		Usr 0 00:00:14, Sys 0 00:00:01  -  Run Remote Usage
		Usr 0 00:00:00, Sys 0 00:00:00  -  Run Local Usage
		Usr 0 00:00:14, Sys 0 00:00:01  -  Total Remote Usage
		Usr 0 00:00:00, Sys 0 00:00:00  -  Total Local Usage
	0  -  Run Bytes Sent By Job
	0  -  Run Bytes Received By Job
	0  -  Total Bytes Sent By Job
	0  -  Total Bytes Received By Job
	Partitionable Resources :    Usage  Request Allocated 
	   Cpus                 :                 1         1 
	   Disk (KB)            :        1        1    128913 
	   Memory (MB)          :      177     3900      3968 

	Job terminated of its own accord at 2023-07-25T02:48:02Z.
...
006 (330120.003.000) 2023-07-25 11:48:02 Image size of job updated: 685876
	201  -  MemoryUsage of job (MB)
	205244  -  ResidentSetSize of job (KB)
...
005 (330120.003.000) 2023-07-25 11:48:02 Job terminated.
	(1) Normal termination (return value 0)
		Usr 0 00:00:17, Sys 0 00:00:00  -  Run Remote Usage
		Usr 0 00:00:00, Sys 0 00:00:00  -  Run Local Usage
		Usr 0 00:00:17, Sys 0 00:00:00  -  Total Remote Usage
		Usr 0 00:00:00, Sys 0 00:00:00  -  Total Local Usage
	0  -  Run Bytes Sent By Job
	0  -  Run Bytes Received By Job
	0  -  Total Bytes Sent By Job
	0  -  Total Bytes Received By Job
	Partitionable Resources :    Usage  Request Allocated 
	   Cpus                 :                 1         1 
	   Disk (KB)            :        1        1    128928 
	   Memory (MB)          :      201     3900      3968 

	Job terminated of its own accord at 2023-07-25T02:48:02Z.
...
006 (330120.009.000) 2023-07-25 11:48:02 Image size of job updated: 685848
	179  -  MemoryUsage of job (MB)
	182476  -  ResidentSetSize of job (KB)
...
005 (330120.009.000) 2023-07-25 11:48:02 Job terminated.
	(1) Normal termination (return value 0)
		Usr 0 00:00:14, Sys 0 00:00:01  -  Run Remote Usage
		Usr 0 00:00:00, Sys 0 00:00:00  -  Run Local Usage
		Usr 0 00:00:14, Sys 0 00:00:01  -  Total Remote Usage
		Usr 0 00:00:00, Sys 0 00:00:00  -  Total Local Usage
	0  -  Run Bytes Sent By Job
	0  -  Run Bytes Received By Job
	0  -  Total Bytes Sent By Job
	0  -  Total Bytes Received By Job
	Partitionable Resources :    Usage  Request Allocated 
	   Cpus                 :                 1         1 
	   Disk (KB)            :        1        1    128913 
	   Memory (MB)          :      179     3900      3968 

	Job terminated of its own accord at 2023-07-25T02:48:02Z.
...
006 (330120.006.000) 2023-07-25 11:48:03 Image size of job updated: 681984
	204  -  MemoryUsage of job (MB)
	208452  -  ResidentSetSize of job (KB)
...
005 (330120.006.000) 2023-07-25 11:48:03 Job terminated.
	(1) Normal termination (return value 0)
		Usr 0 00:00:17, Sys 0 00:00:00  -  Run Remote Usage
		Usr 0 00:00:00, Sys 0 00:00:00  -  Run Local Usage
		Usr 0 00:00:17, Sys 0 00:00:00  -  Total Remote Usage
		Usr 0 00:00:00, Sys 0 00:00:00  -  Total Local Usage
	0  -  Run Bytes Sent By Job
	0  -  Run Bytes Received By Job
	0  -  Total Bytes Sent By Job
	0  -  Total Bytes Received By Job
	Partitionable Resources :    Usage  Request Allocated 
	   Cpus                 :                 1         1 
	   Disk (KB)            :        1        1    128928 
	   Memory (MB)          :      204     3900      3968 

	Job terminated of its own accord at 2023-07-25T02:48:03Z.
...
006 (330120.005.000) 2023-07-25 11:48:04 Image size of job updated: 685844
	187  -  MemoryUsage of job (MB)
	190876  -  ResidentSetSize of job (KB)
...
005 (330120.005.000) 2023-07-25 11:48:04 Job terminated.
	(1) Normal termination (return value 0)
		Usr 0 00:00:19, Sys 0 00:00:00  -  Run Remote Usage
		Usr 0 00:00:00, Sys 0 00:00:00  -  Run Local Usage
		Usr 0 00:00:19, Sys 0 00:00:00  -  Total Remote Usage
		Usr 0 00:00:00, Sys 0 00:00:00  -  Total Local Usage
	0  -  Run Bytes Sent By Job
	0  -  Run Bytes Received By Job
	0  -  Total Bytes Sent By Job
	0  -  Total Bytes Received By Job
	Partitionable Resources :    Usage  Request Allocated 
	   Cpus                 :                 1         1 
	   Disk (KB)            :        1        1    128928 
	   Memory (MB)          :      187     3900      3968 

	Job terminated of its own accord at 2023-07-25T02:48:04Z.
...
006 (330120.001.000) 2023-07-25 11:48:05 Image size of job updated: 685884
	190  -  MemoryUsage of job (MB)
	193712  -  ResidentSetSize of job (KB)
...
005 (330120.001.000) 2023-07-25 11:48:05 Job terminated.
	(1) Normal termination (return value 0)
		Usr 0 00:00:20, Sys 0 00:00:00  -  Run Remote Usage
		Usr 0 00:00:00, Sys 0 00:00:00  -  Run Local Usage
		Usr 0 00:00:20, Sys 0 00:00:00  -  Total Remote Usage
		Usr 0 00:00:00, Sys 0 00:00:00  -  Total Local Usage
	0  -  Run Bytes Sent By Job
	0  -  Run Bytes Received By Job
	0  -  Total Bytes Sent By Job
	0  -  Total Bytes Received By Job
	Partitionable Resources :    Usage  Request Allocated 
	   Cpus                 :                 1         1 
	   Disk (KB)            :        1        1    128928 
	   Memory (MB)          :      190     3900      3968 

	Job terminated of its own accord at 2023-07-25T02:48:05Z.
...
006 (330120.000.000) 2023-07-25 11:48:06 Image size of job updated: 685876
	190  -  MemoryUsage of job (MB)
	194444  -  ResidentSetSize of job (KB)
...
005 (330120.000.000) 2023-07-25 11:48:06 Job terminated.
	(1) Normal termination (return value 0)
		Usr 0 00:00:22, Sys 0 00:00:00  -  Run Remote Usage
		Usr 0 00:00:00, Sys 0 00:00:00  -  Run Local Usage
		Usr 0 00:00:22, Sys 0 00:00:00  -  Total Remote Usage
		Usr 0 00:00:00, Sys 0 00:00:00  -  Total Local Usage
	0  -  Run Bytes Sent By Job
	0  -  Run Bytes Received By Job
	0  -  Total Bytes Sent By Job
	0  -  Total Bytes Received By Job
	Partitionable Resources :    Usage  Request Allocated 
	   Cpus                 :                 1         1 
	   Disk (KB)            :        1        1    128928 
	   Memory (MB)          :      190     3900      3968 

	Job terminated of its own accord at 2023-07-25T02:48:06Z.
...
006 (330120.008.000) 2023-07-25 11:48:06 Image size of job updated: 685736
	177  -  MemoryUsage of job (MB)
	180660  -  ResidentSetSize of job (KB)
...
005 (330120.008.000) 2023-07-25 11:48:06 Job terminated.
	(1) Normal termination (return value 0)
		Usr 0 00:00:19, Sys 0 00:00:01  -  Run Remote Usage
		Usr 0 00:00:00, Sys 0 00:00:00  -  Run Local Usage
		Usr 0 00:00:19, Sys 0 00:00:01  -  Total Remote Usage
		Usr 0 00:00:00, Sys 0 00:00:00  -  Total Local Usage
	0  -  Run Bytes Sent By Job
	0  -  Run Bytes Received By Job
	0  -  Total Bytes Sent By Job
	0  -  Total Bytes Received By Job
	Partitionable Resources :    Usage  Request Allocated 
	   Cpus                 :                 1         1 
	   Disk (KB)            :        1        1    128913 
	   Memory (MB)          :      177     3900      3968 

	Job terminated of its own accord at 2023-07-25T02:48:06Z.
...
006 (330120.002.000) 2023-07-25 11:48:08 Image size of job updated: 685800
	191  -  MemoryUsage of job (MB)
	194728  -  ResidentSetSize of job (KB)
...
005 (330120.002.000) 2023-07-25 11:48:08 Job terminated.
	(1) Normal termination (return value 0)
		Usr 0 00:00:23, Sys 0 00:00:00  -  Run Remote Usage
		Usr 0 00:00:00, Sys 0 00:00:00  -  Run Local Usage
		Usr 0 00:00:23, Sys 0 00:00:00  -  Total Remote Usage
		Usr 0 00:00:00, Sys 0 00:00:00  -  Total Local Usage
	0  -  Run Bytes Sent By Job
	0  -  Run Bytes Received By Job
	0  -  Total Bytes Sent By Job
	0  -  Total Bytes Received By Job
	Partitionable Resources :    Usage  Request Allocated 
	   Cpus                 :                 1         1 
	   Disk (KB)            :        1        1    128928 
	   Memory (MB)          :      191     3900      3968 

	Job terminated of its own accord at 2023-07-25T02:48:08Z.
...
