000 (311013.000.000) 2023-06-12 17:19:55 Job submitted from host: <172.30.1.200:9618?addrs=172.30.1.200-9618&alias=tamsa2.snu.ac.kr&noUDP&sock=schedd_3510_2582>
...
000 (311013.001.000) 2023-06-12 17:19:55 Job submitted from host: <172.30.1.200:9618?addrs=172.30.1.200-9618&alias=tamsa2.snu.ac.kr&noUDP&sock=schedd_3510_2582>
...
000 (311013.002.000) 2023-06-12 17:19:55 Job submitted from host: <172.30.1.200:9618?addrs=172.30.1.200-9618&alias=tamsa2.snu.ac.kr&noUDP&sock=schedd_3510_2582>
...
000 (311013.003.000) 2023-06-12 17:19:55 Job submitted from host: <172.30.1.200:9618?addrs=172.30.1.200-9618&alias=tamsa2.snu.ac.kr&noUDP&sock=schedd_3510_2582>
...
000 (311013.004.000) 2023-06-12 17:19:55 Job submitted from host: <172.30.1.200:9618?addrs=172.30.1.200-9618&alias=tamsa2.snu.ac.kr&noUDP&sock=schedd_3510_2582>
...
000 (311013.005.000) 2023-06-12 17:19:55 Job submitted from host: <172.30.1.200:9618?addrs=172.30.1.200-9618&alias=tamsa2.snu.ac.kr&noUDP&sock=schedd_3510_2582>
...
000 (311013.006.000) 2023-06-12 17:19:55 Job submitted from host: <172.30.1.200:9618?addrs=172.30.1.200-9618&alias=tamsa2.snu.ac.kr&noUDP&sock=schedd_3510_2582>
...
000 (311013.007.000) 2023-06-12 17:19:55 Job submitted from host: <172.30.1.200:9618?addrs=172.30.1.200-9618&alias=tamsa2.snu.ac.kr&noUDP&sock=schedd_3510_2582>
...
000 (311013.008.000) 2023-06-12 17:19:55 Job submitted from host: <172.30.1.200:9618?addrs=172.30.1.200-9618&alias=tamsa2.snu.ac.kr&noUDP&sock=schedd_3510_2582>
...
000 (311013.009.000) 2023-06-12 17:19:55 Job submitted from host: <172.30.1.200:9618?addrs=172.30.1.200-9618&alias=tamsa2.snu.ac.kr&noUDP&sock=schedd_3510_2582>
...
040 (311013.002.000) 2023-06-12 17:20:05 Started transferring input files
	Transferring to host: <172.30.1.111:9618?addrs=172.30.1.111-9618&alias=n11&noUDP&sock=slot1_1_4451_e1ce_13117>
...
040 (311013.002.000) 2023-06-12 17:20:05 Finished transferring input files
...
040 (311013.003.000) 2023-06-12 17:20:05 Started transferring input files
	Transferring to host: <172.30.1.105:9618?addrs=172.30.1.105-9618&alias=n5&noUDP&sock=slot1_13_3332_7201_9195>
...
040 (311013.003.000) 2023-06-12 17:20:05 Finished transferring input files
...
040 (311013.004.000) 2023-06-12 17:20:05 Started transferring input files
	Transferring to host: <172.30.1.105:9618?addrs=172.30.1.105-9618&alias=n5&noUDP&sock=slot1_14_3332_7201_9196>
...
040 (311013.004.000) 2023-06-12 17:20:05 Finished transferring input files
...
040 (311013.005.000) 2023-06-12 17:20:05 Started transferring input files
	Transferring to host: <172.30.1.105:9618?addrs=172.30.1.105-9618&alias=n5&noUDP&sock=slot1_15_3332_7201_9197>
...
040 (311013.005.000) 2023-06-12 17:20:05 Finished transferring input files
...
040 (311013.006.000) 2023-06-12 17:20:05 Started transferring input files
	Transferring to host: <172.30.1.105:9618?addrs=172.30.1.105-9618&alias=n5&noUDP&sock=slot1_16_3332_7201_9198>
...
040 (311013.007.000) 2023-06-12 17:20:05 Started transferring input files
	Transferring to host: <172.30.1.105:9618?addrs=172.30.1.105-9618&alias=n5&noUDP&sock=slot1_17_3332_7201_9199>
...
040 (311013.006.000) 2023-06-12 17:20:05 Finished transferring input files
...
040 (311013.007.000) 2023-06-12 17:20:05 Finished transferring input files
...
040 (311013.008.000) 2023-06-12 17:20:06 Started transferring input files
	Transferring to host: <172.30.1.105:9618?addrs=172.30.1.105-9618&alias=n5&noUDP&sock=slot1_18_3332_7201_9200>
...
040 (311013.009.000) 2023-06-12 17:20:06 Started transferring input files
	Transferring to host: <172.30.1.105:9618?addrs=172.30.1.105-9618&alias=n5&noUDP&sock=slot1_19_3332_7201_9201>
...
040 (311013.008.000) 2023-06-12 17:20:06 Finished transferring input files
...
040 (311013.009.000) 2023-06-12 17:20:06 Finished transferring input files
...
001 (311013.002.000) 2023-06-12 17:20:06 Job executing on host: <172.30.1.111:9618?addrs=172.30.1.111-9618&alias=n11&noUDP&sock=startd_4417_45e8>
...
001 (311013.003.000) 2023-06-12 17:20:06 Job executing on host: <172.30.1.105:9618?addrs=172.30.1.105-9618&alias=n5&noUDP&sock=startd_3298_bb6e>
...
001 (311013.004.000) 2023-06-12 17:20:06 Job executing on host: <172.30.1.105:9618?addrs=172.30.1.105-9618&alias=n5&noUDP&sock=startd_3298_bb6e>
...
001 (311013.005.000) 2023-06-12 17:20:06 Job executing on host: <172.30.1.105:9618?addrs=172.30.1.105-9618&alias=n5&noUDP&sock=startd_3298_bb6e>
...
001 (311013.006.000) 2023-06-12 17:20:06 Job executing on host: <172.30.1.105:9618?addrs=172.30.1.105-9618&alias=n5&noUDP&sock=startd_3298_bb6e>
...
001 (311013.007.000) 2023-06-12 17:20:06 Job executing on host: <172.30.1.105:9618?addrs=172.30.1.105-9618&alias=n5&noUDP&sock=startd_3298_bb6e>
...
001 (311013.008.000) 2023-06-12 17:20:07 Job executing on host: <172.30.1.105:9618?addrs=172.30.1.105-9618&alias=n5&noUDP&sock=startd_3298_bb6e>
...
001 (311013.009.000) 2023-06-12 17:20:07 Job executing on host: <172.30.1.105:9618?addrs=172.30.1.105-9618&alias=n5&noUDP&sock=startd_3298_bb6e>
...
040 (311013.000.000) 2023-06-12 17:20:08 Started transferring input files
	Transferring to host: <172.30.1.101:9618?addrs=172.30.1.101-9618&alias=n1&noUDP&sock=slot1_30_3367_1b22_14851>
...
040 (311013.000.000) 2023-06-12 17:20:08 Finished transferring input files
...
040 (311013.001.000) 2023-06-12 17:20:08 Started transferring input files
	Transferring to host: <172.30.1.101:9618?addrs=172.30.1.101-9618&alias=n1&noUDP&sock=slot1_32_3367_1b22_14852>
...
040 (311013.001.000) 2023-06-12 17:20:08 Finished transferring input files
...
001 (311013.000.000) 2023-06-12 17:20:09 Job executing on host: <172.30.1.101:9618?addrs=172.30.1.101-9618&alias=n1&noUDP&sock=startd_3332_0da7>
...
001 (311013.001.000) 2023-06-12 17:20:09 Job executing on host: <172.30.1.101:9618?addrs=172.30.1.101-9618&alias=n1&noUDP&sock=startd_3332_0da7>
...
006 (311013.008.000) 2023-06-12 17:20:15 Image size of job updated: 394724
	184  -  MemoryUsage of job (MB)
	187628  -  ResidentSetSize of job (KB)
...
006 (311013.009.000) 2023-06-12 17:20:15 Image size of job updated: 391532
	184  -  MemoryUsage of job (MB)
	187632  -  ResidentSetSize of job (KB)
...
006 (311013.002.000) 2023-06-12 17:20:15 Image size of job updated: 192240
	184  -  MemoryUsage of job (MB)
	188084  -  ResidentSetSize of job (KB)
...
006 (311013.003.000) 2023-06-12 17:20:15 Image size of job updated: 391844
	184  -  MemoryUsage of job (MB)
	187632  -  ResidentSetSize of job (KB)
...
006 (311013.004.000) 2023-06-12 17:20:15 Image size of job updated: 392416
	184  -  MemoryUsage of job (MB)
	187628  -  ResidentSetSize of job (KB)
...
006 (311013.005.000) 2023-06-12 17:20:15 Image size of job updated: 392052
	184  -  MemoryUsage of job (MB)
	187632  -  ResidentSetSize of job (KB)
...
006 (311013.006.000) 2023-06-12 17:20:15 Image size of job updated: 393480
	184  -  MemoryUsage of job (MB)
	187624  -  ResidentSetSize of job (KB)
...
006 (311013.007.000) 2023-06-12 17:20:15 Image size of job updated: 394724
	184  -  MemoryUsage of job (MB)
	187612  -  ResidentSetSize of job (KB)
...
006 (311013.000.000) 2023-06-12 17:20:18 Image size of job updated: 606276
	184  -  MemoryUsage of job (MB)
	187620  -  ResidentSetSize of job (KB)
...
006 (311013.001.000) 2023-06-12 17:20:18 Image size of job updated: 568452
	184  -  MemoryUsage of job (MB)
	187628  -  ResidentSetSize of job (KB)
...
006 (311013.002.000) 2023-06-12 17:22:23 Image size of job updated: 695244
	184  -  MemoryUsage of job (MB)
	188084  -  ResidentSetSize of job (KB)
...
040 (311013.002.000) 2023-06-12 17:22:23 Started transferring output files
...
040 (311013.002.000) 2023-06-12 17:22:23 Finished transferring output files
...
005 (311013.002.000) 2023-06-12 17:22:23 Job terminated.
	(1) Normal termination (return value 0)
		Usr 0 00:02:12, Sys 0 00:00:02  -  Run Remote Usage
		Usr 0 00:00:00, Sys 0 00:00:00  -  Run Local Usage
		Usr 0 00:02:12, Sys 0 00:00:02  -  Total Remote Usage
		Usr 0 00:00:00, Sys 0 00:00:00  -  Total Local Usage
	9367  -  Run Bytes Sent By Job
	148  -  Run Bytes Received By Job
	9367  -  Total Bytes Sent By Job
	148  -  Total Bytes Received By Job
	Partitionable Resources :    Usage  Request Allocated 
	   Cpus                 :     1.00        1         1 
	   Disk (KB)            :    61           1    127802 
	   GPUs                 :                           0 
	   Memory (MB)          :   184        3900      3968 

	Job terminated of its own accord at 2023-06-12T08:22:23Z.
...
006 (311013.006.000) 2023-06-12 17:22:52 Image size of job updated: 697540
	184  -  MemoryUsage of job (MB)
	187624  -  ResidentSetSize of job (KB)
...
040 (311013.006.000) 2023-06-12 17:22:52 Started transferring output files
...
040 (311013.006.000) 2023-06-12 17:22:52 Finished transferring output files
...
005 (311013.006.000) 2023-06-12 17:22:52 Job terminated.
	(1) Normal termination (return value 0)
		Usr 0 00:02:40, Sys 0 00:00:02  -  Run Remote Usage
		Usr 0 00:00:00, Sys 0 00:00:00  -  Run Local Usage
		Usr 0 00:02:40, Sys 0 00:00:02  -  Total Remote Usage
		Usr 0 00:00:00, Sys 0 00:00:00  -  Total Local Usage
	9347  -  Run Bytes Sent By Job
	148  -  Run Bytes Received By Job
	9347  -  Total Bytes Sent By Job
	148  -  Total Bytes Received By Job
	Partitionable Resources :    Usage  Request Allocated 
	   Cpus                 :                 1         1 
	   Disk (KB)            :       54        1     61930 
	   Memory (MB)          :      184     3900      3968 

	Job terminated of its own accord at 2023-06-12T08:22:52Z.
...
006 (311013.003.000) 2023-06-12 17:22:58 Image size of job updated: 697540
	184  -  MemoryUsage of job (MB)
	187632  -  ResidentSetSize of job (KB)
...
040 (311013.003.000) 2023-06-12 17:22:58 Started transferring output files
...
040 (311013.003.000) 2023-06-12 17:22:58 Finished transferring output files
...
005 (311013.003.000) 2023-06-12 17:22:58 Job terminated.
	(1) Normal termination (return value 0)
		Usr 0 00:02:47, Sys 0 00:00:02  -  Run Remote Usage
		Usr 0 00:00:00, Sys 0 00:00:00  -  Run Local Usage
		Usr 0 00:02:47, Sys 0 00:00:02  -  Total Remote Usage
		Usr 0 00:00:00, Sys 0 00:00:00  -  Total Local Usage
	9064  -  Run Bytes Sent By Job
	148  -  Run Bytes Received By Job
	9064  -  Total Bytes Sent By Job
	148  -  Total Bytes Received By Job
	Partitionable Resources :    Usage  Request Allocated 
	   Cpus                 :     1.01        1         1 
	   Disk (KB)            :    59           1     61930 
	   Memory (MB)          :   184        3900      3968 

	Job terminated of its own accord at 2023-06-12T08:22:58Z.
...
006 (311013.004.000) 2023-06-12 17:23:07 Image size of job updated: 697568
	184  -  MemoryUsage of job (MB)
	187628  -  ResidentSetSize of job (KB)
...
040 (311013.004.000) 2023-06-12 17:23:07 Started transferring output files
...
040 (311013.004.000) 2023-06-12 17:23:07 Finished transferring output files
...
005 (311013.004.000) 2023-06-12 17:23:07 Job terminated.
	(1) Normal termination (return value 0)
		Usr 0 00:02:55, Sys 0 00:00:02  -  Run Remote Usage
		Usr 0 00:00:00, Sys 0 00:00:00  -  Run Local Usage
		Usr 0 00:02:55, Sys 0 00:00:02  -  Total Remote Usage
		Usr 0 00:00:00, Sys 0 00:00:00  -  Total Local Usage
	9991  -  Run Bytes Sent By Job
	148  -  Run Bytes Received By Job
	9991  -  Total Bytes Sent By Job
	148  -  Total Bytes Received By Job
	Partitionable Resources :    Usage  Request Allocated 
	   Cpus                 :     1.01        1         1 
	   Disk (KB)            :    60           1     61930 
	   Memory (MB)          :   184        3900      3968 

	Job terminated of its own accord at 2023-06-12T08:23:07Z.
...
006 (311013.005.000) 2023-06-12 17:23:09 Image size of job updated: 697016
	184  -  MemoryUsage of job (MB)
	187632  -  ResidentSetSize of job (KB)
...
040 (311013.005.000) 2023-06-12 17:23:09 Started transferring output files
...
040 (311013.005.000) 2023-06-12 17:23:09 Finished transferring output files
...
005 (311013.005.000) 2023-06-12 17:23:09 Job terminated.
	(1) Normal termination (return value 0)
		Usr 0 00:02:57, Sys 0 00:00:02  -  Run Remote Usage
		Usr 0 00:00:00, Sys 0 00:00:00  -  Run Local Usage
		Usr 0 00:02:57, Sys 0 00:00:02  -  Total Remote Usage
		Usr 0 00:00:00, Sys 0 00:00:00  -  Total Local Usage
	9200  -  Run Bytes Sent By Job
	148  -  Run Bytes Received By Job
	9200  -  Total Bytes Sent By Job
	148  -  Total Bytes Received By Job
	Partitionable Resources :    Usage  Request Allocated 
	   Cpus                 :     1.00        1         1 
	   Disk (KB)            :    59           1     61930 
	   Memory (MB)          :   184        3900      3968 

	Job terminated of its own accord at 2023-06-12T08:23:09Z.
...
006 (311013.008.000) 2023-06-12 17:23:11 Image size of job updated: 697524
	184  -  MemoryUsage of job (MB)
	187628  -  ResidentSetSize of job (KB)
...
040 (311013.008.000) 2023-06-12 17:23:11 Started transferring output files
...
040 (311013.008.000) 2023-06-12 17:23:11 Finished transferring output files
...
005 (311013.008.000) 2023-06-12 17:23:11 Job terminated.
	(1) Normal termination (return value 0)
		Usr 0 00:03:00, Sys 0 00:00:02  -  Run Remote Usage
		Usr 0 00:00:00, Sys 0 00:00:00  -  Run Local Usage
		Usr 0 00:03:00, Sys 0 00:00:02  -  Total Remote Usage
		Usr 0 00:00:00, Sys 0 00:00:00  -  Total Local Usage
	10253  -  Run Bytes Sent By Job
	148  -  Run Bytes Received By Job
	10253  -  Total Bytes Sent By Job
	148  -  Total Bytes Received By Job
	Partitionable Resources :    Usage  Request Allocated 
	   Cpus                 :     1.00        1         1 
	   Disk (KB)            :    60           1     61930 
	   Memory (MB)          :   184        3900      3968 

	Job terminated of its own accord at 2023-06-12T08:23:11Z.
...
006 (311013.009.000) 2023-06-12 17:23:22 Image size of job updated: 697512
	184  -  MemoryUsage of job (MB)
	187632  -  ResidentSetSize of job (KB)
...
040 (311013.009.000) 2023-06-12 17:23:22 Started transferring output files
...
040 (311013.009.000) 2023-06-12 17:23:22 Finished transferring output files
...
005 (311013.009.000) 2023-06-12 17:23:22 Job terminated.
	(1) Normal termination (return value 0)
		Usr 0 00:03:08, Sys 0 00:00:02  -  Run Remote Usage
		Usr 0 00:00:00, Sys 0 00:00:00  -  Run Local Usage
		Usr 0 00:03:08, Sys 0 00:00:02  -  Total Remote Usage
		Usr 0 00:00:00, Sys 0 00:00:00  -  Total Local Usage
	10918  -  Run Bytes Sent By Job
	148  -  Run Bytes Received By Job
	10918  -  Total Bytes Sent By Job
	148  -  Total Bytes Received By Job
	Partitionable Resources :    Usage  Request Allocated 
	   Cpus                 :     1.00        1         1 
	   Disk (KB)            :    61           1     61930 
	   Memory (MB)          :   184        3900      3968 

	Job terminated of its own accord at 2023-06-12T08:23:22Z.
...
006 (311013.007.000) 2023-06-12 17:23:28 Image size of job updated: 697004
	184  -  MemoryUsage of job (MB)
	187612  -  ResidentSetSize of job (KB)
...
040 (311013.007.000) 2023-06-12 17:23:28 Started transferring output files
...
040 (311013.007.000) 2023-06-12 17:23:28 Finished transferring output files
...
005 (311013.007.000) 2023-06-12 17:23:28 Job terminated.
	(1) Normal termination (return value 0)
		Usr 0 00:03:15, Sys 0 00:00:02  -  Run Remote Usage
		Usr 0 00:00:00, Sys 0 00:00:00  -  Run Local Usage
		Usr 0 00:03:15, Sys 0 00:00:02  -  Total Remote Usage
		Usr 0 00:00:00, Sys 0 00:00:00  -  Total Local Usage
	9016  -  Run Bytes Sent By Job
	148  -  Run Bytes Received By Job
	9016  -  Total Bytes Sent By Job
	148  -  Total Bytes Received By Job
	Partitionable Resources :    Usage  Request Allocated 
	   Cpus                 :     1.01        1         1 
	   Disk (KB)            :    59           1     61930 
	   Memory (MB)          :   184        3900      3968 

	Job terminated of its own accord at 2023-06-12T08:23:28Z.
...
006 (311013.001.000) 2023-06-12 17:24:54 Image size of job updated: 696772
	184  -  MemoryUsage of job (MB)
	187628  -  ResidentSetSize of job (KB)
...
040 (311013.001.000) 2023-06-12 17:24:54 Started transferring output files
...
040 (311013.001.000) 2023-06-12 17:24:54 Finished transferring output files
...
005 (311013.001.000) 2023-06-12 17:24:54 Job terminated.
	(1) Normal termination (return value 0)
		Usr 0 00:04:38, Sys 0 00:00:03  -  Run Remote Usage
		Usr 0 00:00:00, Sys 0 00:00:00  -  Run Local Usage
		Usr 0 00:04:38, Sys 0 00:00:03  -  Total Remote Usage
		Usr 0 00:00:00, Sys 0 00:00:00  -  Total Local Usage
	10846  -  Run Bytes Sent By Job
	148  -  Run Bytes Received By Job
	10846  -  Total Bytes Sent By Job
	148  -  Total Bytes Received By Job
	Partitionable Resources :    Usage  Request Allocated 
	   Cpus                 :     0.98        1         1 
	   Disk (KB)            :    61           1    127998 
	   Memory (MB)          :   184        3900      3968 

	Job terminated of its own accord at 2023-06-12T08:24:54Z.
...
006 (311013.000.000) 2023-06-12 17:25:19 Image size of job updated: 695644
	219  -  MemoryUsage of job (MB)
	223696  -  ResidentSetSize of job (KB)
...
006 (311013.000.000) 2023-06-12 17:26:24 Image size of job updated: 696876
	219  -  MemoryUsage of job (MB)
	223696  -  ResidentSetSize of job (KB)
...
040 (311013.000.000) 2023-06-12 17:26:24 Started transferring output files
...
040 (311013.000.000) 2023-06-12 17:26:24 Finished transferring output files
...
005 (311013.000.000) 2023-06-12 17:26:24 Job terminated.
	(1) Normal termination (return value 0)
		Usr 0 00:06:06, Sys 0 00:00:04  -  Run Remote Usage
		Usr 0 00:00:00, Sys 0 00:00:00  -  Run Local Usage
		Usr 0 00:06:06, Sys 0 00:00:04  -  Total Remote Usage
		Usr 0 00:00:00, Sys 0 00:00:00  -  Total Local Usage
	9944  -  Run Bytes Sent By Job
	148  -  Run Bytes Received By Job
	9944  -  Total Bytes Sent By Job
	148  -  Total Bytes Received By Job
	Partitionable Resources :    Usage  Request Allocated 
	   Cpus                 :     0.99        1         1 
	   Disk (KB)            :    60           1    127998 
	   Memory (MB)          :   219        3900      3968 

	Job terminated of its own accord at 2023-06-12T08:26:24Z.
...
