000 (311029.000.000) 2023-06-12 17:36:59 Job submitted from host: <172.30.1.200:9618?addrs=172.30.1.200-9618&alias=tamsa2.snu.ac.kr&noUDP&sock=schedd_3510_2582>
...
000 (311029.001.000) 2023-06-12 17:36:59 Job submitted from host: <172.30.1.200:9618?addrs=172.30.1.200-9618&alias=tamsa2.snu.ac.kr&noUDP&sock=schedd_3510_2582>
...
000 (311029.002.000) 2023-06-12 17:36:59 Job submitted from host: <172.30.1.200:9618?addrs=172.30.1.200-9618&alias=tamsa2.snu.ac.kr&noUDP&sock=schedd_3510_2582>
...
000 (311029.003.000) 2023-06-12 17:36:59 Job submitted from host: <172.30.1.200:9618?addrs=172.30.1.200-9618&alias=tamsa2.snu.ac.kr&noUDP&sock=schedd_3510_2582>
...
000 (311029.004.000) 2023-06-12 17:36:59 Job submitted from host: <172.30.1.200:9618?addrs=172.30.1.200-9618&alias=tamsa2.snu.ac.kr&noUDP&sock=schedd_3510_2582>
...
000 (311029.005.000) 2023-06-12 17:36:59 Job submitted from host: <172.30.1.200:9618?addrs=172.30.1.200-9618&alias=tamsa2.snu.ac.kr&noUDP&sock=schedd_3510_2582>
...
000 (311029.006.000) 2023-06-12 17:36:59 Job submitted from host: <172.30.1.200:9618?addrs=172.30.1.200-9618&alias=tamsa2.snu.ac.kr&noUDP&sock=schedd_3510_2582>
...
000 (311029.007.000) 2023-06-12 17:36:59 Job submitted from host: <172.30.1.200:9618?addrs=172.30.1.200-9618&alias=tamsa2.snu.ac.kr&noUDP&sock=schedd_3510_2582>
...
000 (311029.008.000) 2023-06-12 17:36:59 Job submitted from host: <172.30.1.200:9618?addrs=172.30.1.200-9618&alias=tamsa2.snu.ac.kr&noUDP&sock=schedd_3510_2582>
...
000 (311029.009.000) 2023-06-12 17:36:59 Job submitted from host: <172.30.1.200:9618?addrs=172.30.1.200-9618&alias=tamsa2.snu.ac.kr&noUDP&sock=schedd_3510_2582>
...
040 (311029.003.000) 2023-06-12 17:37:14 Started transferring input files
	Transferring to host: <172.30.1.109:9618?addrs=172.30.1.109-9618&alias=n9&noUDP&sock=slot1_11_4265_d407_22871>
...
040 (311029.004.000) 2023-06-12 17:37:14 Started transferring input files
	Transferring to host: <172.30.1.107:9618?addrs=172.30.1.107-9618&alias=n7&noUDP&sock=slot1_33_4258_e566_16383>
...
040 (311029.005.000) 2023-06-12 17:37:14 Started transferring input files
	Transferring to host: <172.30.1.102:9618?addrs=172.30.1.102-9618&alias=n2&noUDP&sock=slot1_10_3347_03a1_18667>
...
040 (311029.000.000) 2023-06-12 17:37:14 Started transferring input files
	Transferring to host: <172.30.1.108:9618?addrs=172.30.1.108-9618&alias=n8&noUDP&sock=slot1_23_4278_fce7_21824>
...
040 (311029.003.000) 2023-06-12 17:37:14 Finished transferring input files
...
040 (311029.004.000) 2023-06-12 17:37:14 Finished transferring input files
...
040 (311029.005.000) 2023-06-12 17:37:14 Finished transferring input files
...
040 (311029.000.000) 2023-06-12 17:37:14 Finished transferring input files
...
040 (311029.001.000) 2023-06-12 17:37:15 Started transferring input files
	Transferring to host: <172.30.1.108:9618?addrs=172.30.1.108-9618&alias=n8&noUDP&sock=slot1_25_4278_fce7_21825>
...
040 (311029.001.000) 2023-06-12 17:37:15 Finished transferring input files
...
040 (311029.002.000) 2023-06-12 17:37:15 Started transferring input files
	Transferring to host: <172.30.1.108:9618?addrs=172.30.1.108-9618&alias=n8&noUDP&sock=slot1_29_4278_fce7_21826>
...
040 (311029.006.000) 2023-06-12 17:37:15 Started transferring input files
	Transferring to host: <172.30.1.102:9618?addrs=172.30.1.102-9618&alias=n2&noUDP&sock=slot1_28_3347_03a1_18668>
...
040 (311029.002.000) 2023-06-12 17:37:15 Finished transferring input files
...
040 (311029.006.000) 2023-06-12 17:37:15 Finished transferring input files
...
040 (311029.007.000) 2023-06-12 17:37:15 Started transferring input files
	Transferring to host: <172.30.1.102:9618?addrs=172.30.1.102-9618&alias=n2&noUDP&sock=slot1_42_3347_03a1_18669>
...
040 (311029.008.000) 2023-06-12 17:37:15 Started transferring input files
	Transferring to host: <172.30.1.102:9618?addrs=172.30.1.102-9618&alias=n2&noUDP&sock=slot1_43_3347_03a1_18670>
...
040 (311029.007.000) 2023-06-12 17:37:15 Finished transferring input files
...
040 (311029.009.000) 2023-06-12 17:37:15 Started transferring input files
	Transferring to host: <172.30.1.102:9618?addrs=172.30.1.102-9618&alias=n2&noUDP&sock=slot1_44_3347_03a1_18671>
...
040 (311029.009.000) 2023-06-12 17:37:15 Finished transferring input files
...
040 (311029.008.000) 2023-06-12 17:37:15 Finished transferring input files
...
001 (311029.004.000) 2023-06-12 17:37:15 Job executing on host: <172.30.1.107:9618?addrs=172.30.1.107-9618&alias=n7&noUDP&sock=startd_4224_e421>
...
001 (311029.003.000) 2023-06-12 17:37:15 Job executing on host: <172.30.1.109:9618?addrs=172.30.1.109-9618&alias=n9&noUDP&sock=startd_4231_b14b>
...
001 (311029.000.000) 2023-06-12 17:37:15 Job executing on host: <172.30.1.108:9618?addrs=172.30.1.108-9618&alias=n8&noUDP&sock=startd_4243_ec6e>
...
001 (311029.005.000) 2023-06-12 17:37:15 Job executing on host: <172.30.1.102:9618?addrs=172.30.1.102-9618&alias=n2&noUDP&sock=startd_3313_055a>
...
001 (311029.001.000) 2023-06-12 17:37:16 Job executing on host: <172.30.1.108:9618?addrs=172.30.1.108-9618&alias=n8&noUDP&sock=startd_4243_ec6e>
...
001 (311029.002.000) 2023-06-12 17:37:16 Job executing on host: <172.30.1.108:9618?addrs=172.30.1.108-9618&alias=n8&noUDP&sock=startd_4243_ec6e>
...
001 (311029.006.000) 2023-06-12 17:37:16 Job executing on host: <172.30.1.102:9618?addrs=172.30.1.102-9618&alias=n2&noUDP&sock=startd_3313_055a>
...
001 (311029.007.000) 2023-06-12 17:37:16 Job executing on host: <172.30.1.102:9618?addrs=172.30.1.102-9618&alias=n2&noUDP&sock=startd_3313_055a>
...
001 (311029.008.000) 2023-06-12 17:37:16 Job executing on host: <172.30.1.102:9618?addrs=172.30.1.102-9618&alias=n2&noUDP&sock=startd_3313_055a>
...
001 (311029.009.000) 2023-06-12 17:37:16 Job executing on host: <172.30.1.102:9618?addrs=172.30.1.102-9618&alias=n2&noUDP&sock=startd_3313_055a>
...
006 (311029.005.000) 2023-06-12 17:37:24 Image size of job updated: 294020
	150  -  MemoryUsage of job (MB)
	152720  -  ResidentSetSize of job (KB)
...
006 (311029.000.000) 2023-06-12 17:37:24 Image size of job updated: 399280
	152  -  MemoryUsage of job (MB)
	155596  -  ResidentSetSize of job (KB)
...
006 (311029.001.000) 2023-06-12 17:37:24 Image size of job updated: 399280
	151  -  MemoryUsage of job (MB)
	154088  -  ResidentSetSize of job (KB)
...
006 (311029.002.000) 2023-06-12 17:37:24 Image size of job updated: 399280
	151  -  MemoryUsage of job (MB)
	154516  -  ResidentSetSize of job (KB)
...
006 (311029.006.000) 2023-06-12 17:37:24 Image size of job updated: 300932
	151  -  MemoryUsage of job (MB)
	154080  -  ResidentSetSize of job (KB)
...
006 (311029.007.000) 2023-06-12 17:37:24 Image size of job updated: 300932
	151  -  MemoryUsage of job (MB)
	154084  -  ResidentSetSize of job (KB)
...
006 (311029.008.000) 2023-06-12 17:37:24 Image size of job updated: 300932
	151  -  MemoryUsage of job (MB)
	154084  -  ResidentSetSize of job (KB)
...
006 (311029.009.000) 2023-06-12 17:37:24 Image size of job updated: 300736
	151  -  MemoryUsage of job (MB)
	154096  -  ResidentSetSize of job (KB)
...
006 (311029.003.000) 2023-06-12 17:37:24 Image size of job updated: 220424
	184  -  MemoryUsage of job (MB)
	188172  -  ResidentSetSize of job (KB)
...
006 (311029.004.000) 2023-06-12 17:37:25 Image size of job updated: 473512
	151  -  MemoryUsage of job (MB)
	154544  -  ResidentSetSize of job (KB)
...
006 (311029.001.000) 2023-06-12 17:38:54 Image size of job updated: 690208
	151  -  MemoryUsage of job (MB)
	154088  -  ResidentSetSize of job (KB)
...
040 (311029.001.000) 2023-06-12 17:38:54 Started transferring output files
...
040 (311029.001.000) 2023-06-12 17:38:54 Finished transferring output files
...
005 (311029.001.000) 2023-06-12 17:38:54 Job terminated.
	(1) Normal termination (return value 0)
		Usr 0 00:01:32, Sys 0 00:00:01  -  Run Remote Usage
		Usr 0 00:00:00, Sys 0 00:00:00  -  Run Local Usage
		Usr 0 00:01:32, Sys 0 00:00:01  -  Total Remote Usage
		Usr 0 00:00:00, Sys 0 00:00:00  -  Total Local Usage
	7312  -  Run Bytes Sent By Job
	146  -  Run Bytes Received By Job
	7312  -  Total Bytes Sent By Job
	146  -  Total Bytes Received By Job
	Partitionable Resources :    Usage  Request Allocated 
	   Cpus                 :                 1         1 
	   Disk (KB)            :       52        1    127899 
	   Memory (MB)          :      151     3900      3968 

	Job terminated of its own accord at 2023-06-12T08:38:54Z.
...
006 (311029.000.000) 2023-06-12 17:38:57 Image size of job updated: 692088
	152  -  MemoryUsage of job (MB)
	155596  -  ResidentSetSize of job (KB)
...
040 (311029.000.000) 2023-06-12 17:38:58 Started transferring output files
...
040 (311029.000.000) 2023-06-12 17:38:58 Finished transferring output files
...
005 (311029.000.000) 2023-06-12 17:38:58 Job terminated.
	(1) Normal termination (return value 0)
		Usr 0 00:01:35, Sys 0 00:00:01  -  Run Remote Usage
		Usr 0 00:00:00, Sys 0 00:00:00  -  Run Local Usage
		Usr 0 00:01:35, Sys 0 00:00:01  -  Total Remote Usage
		Usr 0 00:00:00, Sys 0 00:00:00  -  Total Local Usage
	7399  -  Run Bytes Sent By Job
	146  -  Run Bytes Received By Job
	7399  -  Total Bytes Sent By Job
	146  -  Total Bytes Received By Job
	Partitionable Resources :    Usage  Request Allocated 
	   Cpus                 :                 1         1 
	   Disk (KB)            :       52        1    127899 
	   Memory (MB)          :      152     3900      3968 

	Job terminated of its own accord at 2023-06-12T08:38:57Z.
...
006 (311029.004.000) 2023-06-12 17:39:11 Image size of job updated: 690220
	151  -  MemoryUsage of job (MB)
	154544  -  ResidentSetSize of job (KB)
...
040 (311029.004.000) 2023-06-12 17:39:11 Started transferring output files
...
040 (311029.004.000) 2023-06-12 17:39:11 Finished transferring output files
...
005 (311029.004.000) 2023-06-12 17:39:11 Job terminated.
	(1) Normal termination (return value 0)
		Usr 0 00:01:48, Sys 0 00:00:01  -  Run Remote Usage
		Usr 0 00:00:00, Sys 0 00:00:00  -  Run Local Usage
		Usr 0 00:01:48, Sys 0 00:00:01  -  Total Remote Usage
		Usr 0 00:00:00, Sys 0 00:00:00  -  Total Local Usage
	7965  -  Run Bytes Sent By Job
	146  -  Run Bytes Received By Job
	7965  -  Total Bytes Sent By Job
	146  -  Total Bytes Received By Job
	Partitionable Resources :    Usage  Request Allocated 
	   Cpus                 :     1.00        1         1 
	   Disk (KB)            :    58           1    127899 
	   Memory (MB)          :   151        3900      3968 

	Job terminated of its own accord at 2023-06-12T08:39:11Z.
...
006 (311029.002.000) 2023-06-12 17:39:19 Image size of job updated: 692088
	151  -  MemoryUsage of job (MB)
	154516  -  ResidentSetSize of job (KB)
...
040 (311029.002.000) 2023-06-12 17:39:19 Started transferring output files
...
040 (311029.002.000) 2023-06-12 17:39:19 Finished transferring output files
...
005 (311029.002.000) 2023-06-12 17:39:19 Job terminated.
	(1) Normal termination (return value 0)
		Usr 0 00:01:57, Sys 0 00:00:01  -  Run Remote Usage
		Usr 0 00:00:00, Sys 0 00:00:00  -  Run Local Usage
		Usr 0 00:01:57, Sys 0 00:00:01  -  Total Remote Usage
		Usr 0 00:00:00, Sys 0 00:00:00  -  Total Local Usage
	7366  -  Run Bytes Sent By Job
	146  -  Run Bytes Received By Job
	7366  -  Total Bytes Sent By Job
	146  -  Total Bytes Received By Job
	Partitionable Resources :    Usage  Request Allocated 
	   Cpus                 :     1.00        1         1 
	   Disk (KB)            :    58           1    127899 
	   Memory (MB)          :   151        3900      3968 

	Job terminated of its own accord at 2023-06-12T08:39:19Z.
...
006 (311029.003.000) 2023-06-12 17:39:22 Image size of job updated: 692048
	184  -  MemoryUsage of job (MB)
	188172  -  ResidentSetSize of job (KB)
...
040 (311029.003.000) 2023-06-12 17:39:22 Started transferring output files
...
040 (311029.003.000) 2023-06-12 17:39:22 Finished transferring output files
...
005 (311029.003.000) 2023-06-12 17:39:22 Job terminated.
	(1) Normal termination (return value 0)
		Usr 0 00:02:03, Sys 0 00:00:01  -  Run Remote Usage
		Usr 0 00:00:00, Sys 0 00:00:00  -  Run Local Usage
		Usr 0 00:02:03, Sys 0 00:00:01  -  Total Remote Usage
		Usr 0 00:00:00, Sys 0 00:00:00  -  Total Local Usage
	8307  -  Run Bytes Sent By Job
	146  -  Run Bytes Received By Job
	8307  -  Total Bytes Sent By Job
	146  -  Total Bytes Received By Job
	Partitionable Resources :    Usage  Request Allocated 
	   Cpus                 :     1.00        1         1 
	   Disk (KB)            :    59           1    127899 
	   Memory (MB)          :   184        3900      3968 

	Job terminated of its own accord at 2023-06-12T08:39:22Z.
...
006 (311029.007.000) 2023-06-12 17:40:50 Image size of job updated: 691420
	151  -  MemoryUsage of job (MB)
	154084  -  ResidentSetSize of job (KB)
...
040 (311029.007.000) 2023-06-12 17:40:50 Started transferring output files
...
040 (311029.007.000) 2023-06-12 17:40:50 Finished transferring output files
...
005 (311029.007.000) 2023-06-12 17:40:50 Job terminated.
	(1) Normal termination (return value 0)
		Usr 0 00:03:25, Sys 0 00:00:04  -  Run Remote Usage
		Usr 0 00:00:00, Sys 0 00:00:00  -  Run Local Usage
		Usr 0 00:03:25, Sys 0 00:00:04  -  Total Remote Usage
		Usr 0 00:00:00, Sys 0 00:00:00  -  Total Local Usage
	7538  -  Run Bytes Sent By Job
	146  -  Run Bytes Received By Job
	7538  -  Total Bytes Sent By Job
	146  -  Total Bytes Received By Job
	Partitionable Resources :    Usage  Request Allocated 
	   Cpus                 :                 1         1 
	   Disk (KB)            :       52        1    123869 
	   Memory (MB)          :      151     3900      3968 

	Job terminated of its own accord at 2023-06-12T08:40:50Z.
...
006 (311029.009.000) 2023-06-12 17:40:52 Image size of job updated: 692196
	151  -  MemoryUsage of job (MB)
	154096  -  ResidentSetSize of job (KB)
...
040 (311029.009.000) 2023-06-12 17:40:52 Started transferring output files
...
040 (311029.009.000) 2023-06-12 17:40:52 Finished transferring output files
...
005 (311029.009.000) 2023-06-12 17:40:52 Job terminated.
	(1) Normal termination (return value 0)
		Usr 0 00:03:27, Sys 0 00:00:03  -  Run Remote Usage
		Usr 0 00:00:00, Sys 0 00:00:00  -  Run Local Usage
		Usr 0 00:03:27, Sys 0 00:00:03  -  Total Remote Usage
		Usr 0 00:00:00, Sys 0 00:00:00  -  Total Local Usage
	8022  -  Run Bytes Sent By Job
	146  -  Run Bytes Received By Job
	8022  -  Total Bytes Sent By Job
	146  -  Total Bytes Received By Job
	Partitionable Resources :    Usage  Request Allocated 
	   Cpus                 :                 1         1 
	   Disk (KB)            :       53        1    123869 
	   Memory (MB)          :      151     3900      3968 

	Job terminated of its own accord at 2023-06-12T08:40:52Z.
...
006 (311029.005.000) 2023-06-12 17:40:52 Image size of job updated: 692804
	150  -  MemoryUsage of job (MB)
	152720  -  ResidentSetSize of job (KB)
...
040 (311029.005.000) 2023-06-12 17:40:52 Started transferring output files
...
040 (311029.005.000) 2023-06-12 17:40:52 Finished transferring output files
...
005 (311029.005.000) 2023-06-12 17:40:52 Job terminated.
	(1) Normal termination (return value 0)
		Usr 0 00:03:26, Sys 0 00:00:06  -  Run Remote Usage
		Usr 0 00:00:00, Sys 0 00:00:00  -  Run Local Usage
		Usr 0 00:03:26, Sys 0 00:00:06  -  Total Remote Usage
		Usr 0 00:00:00, Sys 0 00:00:00  -  Total Local Usage
	7961  -  Run Bytes Sent By Job
	146  -  Run Bytes Received By Job
	7961  -  Total Bytes Sent By Job
	146  -  Total Bytes Received By Job
	Partitionable Resources :    Usage  Request Allocated 
	   Cpus                 :                 1         1 
	   Disk (KB)            :       53        1    123869 
	   Memory (MB)          :      150     3900      3968 

	Job terminated of its own accord at 2023-06-12T08:40:52Z.
...
006 (311029.006.000) 2023-06-12 17:41:29 Image size of job updated: 691460
	151  -  MemoryUsage of job (MB)
	154092  -  ResidentSetSize of job (KB)
...
040 (311029.006.000) 2023-06-12 17:41:29 Started transferring output files
...
040 (311029.006.000) 2023-06-12 17:41:29 Finished transferring output files
...
005 (311029.006.000) 2023-06-12 17:41:29 Job terminated.
	(1) Normal termination (return value 0)
		Usr 0 00:04:04, Sys 0 00:00:05  -  Run Remote Usage
		Usr 0 00:00:00, Sys 0 00:00:00  -  Run Local Usage
		Usr 0 00:04:04, Sys 0 00:00:05  -  Total Remote Usage
		Usr 0 00:00:00, Sys 0 00:00:00  -  Total Local Usage
	8653  -  Run Bytes Sent By Job
	146  -  Run Bytes Received By Job
	8653  -  Total Bytes Sent By Job
	146  -  Total Bytes Received By Job
	Partitionable Resources :    Usage  Request Allocated 
	   Cpus                 :     1.00        1         1 
	   Disk (KB)            :    59           1    123869 
	   Memory (MB)          :   151        3900      3968 

	Job terminated of its own accord at 2023-06-12T08:41:29Z.
...
006 (311029.008.000) 2023-06-12 17:42:16 Image size of job updated: 693688
	151  -  MemoryUsage of job (MB)
	154084  -  ResidentSetSize of job (KB)
...
040 (311029.008.000) 2023-06-12 17:42:16 Started transferring output files
...
040 (311029.008.000) 2023-06-12 17:42:16 Finished transferring output files
...
005 (311029.008.000) 2023-06-12 17:42:16 Job terminated.
	(1) Normal termination (return value 0)
		Usr 0 00:04:51, Sys 0 00:00:04  -  Run Remote Usage
		Usr 0 00:00:00, Sys 0 00:00:00  -  Run Local Usage
		Usr 0 00:04:51, Sys 0 00:00:04  -  Total Remote Usage
		Usr 0 00:00:00, Sys 0 00:00:00  -  Total Local Usage
	7841  -  Run Bytes Sent By Job
	146  -  Run Bytes Received By Job
	7841  -  Total Bytes Sent By Job
	146  -  Total Bytes Received By Job
	Partitionable Resources :    Usage  Request Allocated 
	   Cpus                 :     1.00        1         1 
	   Disk (KB)            :    58           1    123869 
	   Memory (MB)          :   151        3900      3968 

	Job terminated of its own accord at 2023-06-12T08:42:16Z.
...
