000 (310980.000.000) 2023-06-12 17:01:46 Job submitted from host: <172.30.1.200:9618?addrs=172.30.1.200-9618&alias=tamsa2.snu.ac.kr&noUDP&sock=schedd_3510_2582>
...
000 (310980.001.000) 2023-06-12 17:01:46 Job submitted from host: <172.30.1.200:9618?addrs=172.30.1.200-9618&alias=tamsa2.snu.ac.kr&noUDP&sock=schedd_3510_2582>
...
000 (310980.002.000) 2023-06-12 17:01:46 Job submitted from host: <172.30.1.200:9618?addrs=172.30.1.200-9618&alias=tamsa2.snu.ac.kr&noUDP&sock=schedd_3510_2582>
...
000 (310980.003.000) 2023-06-12 17:01:46 Job submitted from host: <172.30.1.200:9618?addrs=172.30.1.200-9618&alias=tamsa2.snu.ac.kr&noUDP&sock=schedd_3510_2582>
...
000 (310980.004.000) 2023-06-12 17:01:46 Job submitted from host: <172.30.1.200:9618?addrs=172.30.1.200-9618&alias=tamsa2.snu.ac.kr&noUDP&sock=schedd_3510_2582>
...
000 (310980.005.000) 2023-06-12 17:01:46 Job submitted from host: <172.30.1.200:9618?addrs=172.30.1.200-9618&alias=tamsa2.snu.ac.kr&noUDP&sock=schedd_3510_2582>
...
000 (310980.006.000) 2023-06-12 17:01:46 Job submitted from host: <172.30.1.200:9618?addrs=172.30.1.200-9618&alias=tamsa2.snu.ac.kr&noUDP&sock=schedd_3510_2582>
...
000 (310980.007.000) 2023-06-12 17:01:46 Job submitted from host: <172.30.1.200:9618?addrs=172.30.1.200-9618&alias=tamsa2.snu.ac.kr&noUDP&sock=schedd_3510_2582>
...
000 (310980.008.000) 2023-06-12 17:01:46 Job submitted from host: <172.30.1.200:9618?addrs=172.30.1.200-9618&alias=tamsa2.snu.ac.kr&noUDP&sock=schedd_3510_2582>
...
000 (310980.009.000) 2023-06-12 17:01:46 Job submitted from host: <172.30.1.200:9618?addrs=172.30.1.200-9618&alias=tamsa2.snu.ac.kr&noUDP&sock=schedd_3510_2582>
...
001 (310980.002.000) 2023-06-12 17:03:21 Job executing on host: <172.30.1.202:9618?addrs=172.30.1.202-9618&alias=node2&noUDP&sock=startd_19693_56a6>
...
040 (310980.007.000) 2023-06-12 17:03:21 Started transferring input files
	Transferring to host: <172.30.1.108:9618?addrs=172.30.1.108-9618&alias=n8&noUDP&sock=slot1_1_4278_fce7_21620>
...
040 (310980.007.000) 2023-06-12 17:03:21 Finished transferring input files
...
001 (310980.003.000) 2023-06-12 17:03:21 Job executing on host: <172.30.1.202:9618?addrs=172.30.1.202-9618&alias=node2&noUDP&sock=startd_19693_56a6>
...
040 (310980.008.000) 2023-06-12 17:03:21 Started transferring input files
	Transferring to host: <172.30.1.108:9618?addrs=172.30.1.108-9618&alias=n8&noUDP&sock=slot1_14_4278_fce7_21621>
...
040 (310980.008.000) 2023-06-12 17:03:21 Finished transferring input files
...
001 (310980.000.000) 2023-06-12 17:03:21 Job executing on host: <172.30.1.209:9618?addrs=172.30.1.209-9618&alias=node9&noUDP&sock=startd_3776_99b3>
...
040 (310980.009.000) 2023-06-12 17:03:21 Started transferring input files
	Transferring to host: <172.30.1.108:9618?addrs=172.30.1.108-9618&alias=n8&noUDP&sock=slot1_15_4278_fce7_21622>
...
040 (310980.009.000) 2023-06-12 17:03:21 Finished transferring input files
...
001 (310980.004.000) 2023-06-12 17:03:21 Job executing on host: <172.30.1.202:9618?addrs=172.30.1.202-9618&alias=node2&noUDP&sock=startd_19693_56a6>
...
001 (310980.001.000) 2023-06-12 17:03:21 Job executing on host: <172.30.1.202:9618?addrs=172.30.1.202-9618&alias=node2&noUDP&sock=startd_19693_56a6>
...
001 (310980.005.000) 2023-06-12 17:03:21 Job executing on host: <172.30.1.202:9618?addrs=172.30.1.202-9618&alias=node2&noUDP&sock=startd_19693_56a6>
...
001 (310980.006.000) 2023-06-12 17:03:21 Job executing on host: <172.30.1.202:9618?addrs=172.30.1.202-9618&alias=node2&noUDP&sock=startd_19693_56a6>
...
001 (310980.007.000) 2023-06-12 17:03:22 Job executing on host: <172.30.1.108:9618?addrs=172.30.1.108-9618&alias=n8&noUDP&sock=startd_4243_ec6e>
...
001 (310980.008.000) 2023-06-12 17:03:22 Job executing on host: <172.30.1.108:9618?addrs=172.30.1.108-9618&alias=n8&noUDP&sock=startd_4243_ec6e>
...
001 (310980.009.000) 2023-06-12 17:03:22 Job executing on host: <172.30.1.108:9618?addrs=172.30.1.108-9618&alias=n8&noUDP&sock=startd_4243_ec6e>
...
006 (310980.002.000) 2023-06-12 17:03:29 Image size of job updated: 188076
	184  -  MemoryUsage of job (MB)
	188076  -  ResidentSetSize of job (KB)
...
006 (310980.003.000) 2023-06-12 17:03:29 Image size of job updated: 187628
	184  -  MemoryUsage of job (MB)
	187628  -  ResidentSetSize of job (KB)
...
006 (310980.000.000) 2023-06-12 17:03:29 Image size of job updated: 615128
	184  -  MemoryUsage of job (MB)
	187840  -  ResidentSetSize of job (KB)
...
006 (310980.004.000) 2023-06-12 17:03:29 Image size of job updated: 187840
	184  -  MemoryUsage of job (MB)
	187840  -  ResidentSetSize of job (KB)
...
006 (310980.007.000) 2023-06-12 17:03:30 Image size of job updated: 520340
	184  -  MemoryUsage of job (MB)
	188072  -  ResidentSetSize of job (KB)
...
006 (310980.008.000) 2023-06-12 17:03:30 Image size of job updated: 516964
	184  -  MemoryUsage of job (MB)
	188196  -  ResidentSetSize of job (KB)
...
006 (310980.009.000) 2023-06-12 17:03:30 Image size of job updated: 520984
	184  -  MemoryUsage of job (MB)
	187632  -  ResidentSetSize of job (KB)
...
006 (310980.001.000) 2023-06-12 17:03:30 Image size of job updated: 188080
	184  -  MemoryUsage of job (MB)
	188080  -  ResidentSetSize of job (KB)
...
006 (310980.005.000) 2023-06-12 17:03:30 Image size of job updated: 188068
	184  -  MemoryUsage of job (MB)
	188068  -  ResidentSetSize of job (KB)
...
006 (310980.006.000) 2023-06-12 17:03:30 Image size of job updated: 187872
	184  -  MemoryUsage of job (MB)
	187872  -  ResidentSetSize of job (KB)
...
006 (310980.008.000) 2023-06-12 17:06:04 Image size of job updated: 697496
	184  -  MemoryUsage of job (MB)
	188196  -  ResidentSetSize of job (KB)
...
040 (310980.008.000) 2023-06-12 17:06:04 Started transferring output files
...
040 (310980.008.000) 2023-06-12 17:06:04 Finished transferring output files
...
005 (310980.008.000) 2023-06-12 17:06:04 Job terminated.
	(1) Normal termination (return value 0)
		Usr 0 00:02:38, Sys 0 00:00:02  -  Run Remote Usage
		Usr 0 00:00:00, Sys 0 00:00:00  -  Run Local Usage
		Usr 0 00:02:38, Sys 0 00:00:02  -  Total Remote Usage
		Usr 0 00:00:00, Sys 0 00:00:00  -  Total Local Usage
	10466  -  Run Bytes Sent By Job
	148  -  Run Bytes Received By Job
	10466  -  Total Bytes Sent By Job
	148  -  Total Bytes Received By Job
	Partitionable Resources :    Usage  Request Allocated 
	   Cpus                 :     1.00        1         1 
	   Disk (KB)            :    61           1    127899 
	   Memory (MB)          :   184        3900      3968 

	Job terminated of its own accord at 2023-06-12T08:06:04Z.
...
006 (310980.001.000) 2023-06-12 17:06:14 Image size of job updated: 697084
	184  -  MemoryUsage of job (MB)
	188080  -  ResidentSetSize of job (KB)
...
005 (310980.001.000) 2023-06-12 17:06:14 Job terminated.
	(1) Normal termination (return value 0)
		Usr 0 00:02:48, Sys 0 00:00:01  -  Run Remote Usage
		Usr 0 00:00:00, Sys 0 00:00:00  -  Run Local Usage
		Usr 0 00:02:48, Sys 0 00:00:01  -  Total Remote Usage
		Usr 0 00:00:00, Sys 0 00:00:00  -  Total Local Usage
	0  -  Run Bytes Sent By Job
	0  -  Run Bytes Received By Job
	0  -  Total Bytes Sent By Job
	0  -  Total Bytes Received By Job
	Partitionable Resources :    Usage  Request Allocated 
	   Cpus                 :                 1         1 
	   Disk (KB)            :        1        1    128913 
	   Memory (MB)          :      184     3900      3968 

	Job terminated of its own accord at 2023-06-12T08:06:14Z.
...
006 (310980.006.000) 2023-06-12 17:06:23 Image size of job updated: 697952
	184  -  MemoryUsage of job (MB)
	187872  -  ResidentSetSize of job (KB)
...
005 (310980.006.000) 2023-06-12 17:06:23 Job terminated.
	(1) Normal termination (return value 0)
		Usr 0 00:02:57, Sys 0 00:00:01  -  Run Remote Usage
		Usr 0 00:00:00, Sys 0 00:00:00  -  Run Local Usage
		Usr 0 00:02:57, Sys 0 00:00:01  -  Total Remote Usage
		Usr 0 00:00:00, Sys 0 00:00:00  -  Total Local Usage
	0  -  Run Bytes Sent By Job
	0  -  Run Bytes Received By Job
	0  -  Total Bytes Sent By Job
	0  -  Total Bytes Received By Job
	Partitionable Resources :    Usage  Request Allocated 
	   Cpus                 :                 1         1 
	   Disk (KB)            :        1        1    128913 
	   Memory (MB)          :      184     3900      3968 

	Job terminated of its own accord at 2023-06-12T08:06:23Z.
...
006 (310980.004.000) 2023-06-12 17:06:33 Image size of job updated: 694996
	184  -  MemoryUsage of job (MB)
	187840  -  ResidentSetSize of job (KB)
...
006 (310980.007.000) 2023-06-12 17:06:33 Image size of job updated: 697524
	184  -  MemoryUsage of job (MB)
	188072  -  ResidentSetSize of job (KB)
...
040 (310980.007.000) 2023-06-12 17:06:33 Started transferring output files
...
040 (310980.007.000) 2023-06-12 17:06:33 Finished transferring output files
...
005 (310980.004.000) 2023-06-12 17:06:33 Job terminated.
	(1) Normal termination (return value 0)
		Usr 0 00:03:06, Sys 0 00:00:02  -  Run Remote Usage
		Usr 0 00:00:00, Sys 0 00:00:00  -  Run Local Usage
		Usr 0 00:03:06, Sys 0 00:00:02  -  Total Remote Usage
		Usr 0 00:00:00, Sys 0 00:00:00  -  Total Local Usage
	0  -  Run Bytes Sent By Job
	0  -  Run Bytes Received By Job
	0  -  Total Bytes Sent By Job
	0  -  Total Bytes Received By Job
	Partitionable Resources :    Usage  Request Allocated 
	   Cpus                 :                 1         1 
	   Disk (KB)            :        1        1    128913 
	   Memory (MB)          :      184     3900      3968 

	Job terminated of its own accord at 2023-06-12T08:06:33Z.
...
005 (310980.007.000) 2023-06-12 17:06:33 Job terminated.
	(1) Normal termination (return value 0)
		Usr 0 00:03:04, Sys 0 00:00:02  -  Run Remote Usage
		Usr 0 00:00:00, Sys 0 00:00:00  -  Run Local Usage
		Usr 0 00:03:04, Sys 0 00:00:02  -  Total Remote Usage
		Usr 0 00:00:00, Sys 0 00:00:00  -  Total Local Usage
	8895  -  Run Bytes Sent By Job
	148  -  Run Bytes Received By Job
	8895  -  Total Bytes Sent By Job
	148  -  Total Bytes Received By Job
	Partitionable Resources :    Usage  Request Allocated 
	   Cpus                 :     1.00        1         1 
	   Disk (KB)            :    59           1    127899 
	   Memory (MB)          :   184        3900      3968 

	Job terminated of its own accord at 2023-06-12T08:06:33Z.
...
006 (310980.005.000) 2023-06-12 17:06:37 Image size of job updated: 704656
	184  -  MemoryUsage of job (MB)
	188068  -  ResidentSetSize of job (KB)
...
005 (310980.005.000) 2023-06-12 17:06:37 Job terminated.
	(1) Normal termination (return value 0)
		Usr 0 00:03:11, Sys 0 00:00:02  -  Run Remote Usage
		Usr 0 00:00:00, Sys 0 00:00:00  -  Run Local Usage
		Usr 0 00:03:11, Sys 0 00:00:02  -  Total Remote Usage
		Usr 0 00:00:00, Sys 0 00:00:00  -  Total Local Usage
	0  -  Run Bytes Sent By Job
	0  -  Run Bytes Received By Job
	0  -  Total Bytes Sent By Job
	0  -  Total Bytes Received By Job
	Partitionable Resources :    Usage  Request Allocated 
	   Cpus                 :                 1         1 
	   Disk (KB)            :        1        1    128913 
	   Memory (MB)          :      184     3900      3968 

	Job terminated of its own accord at 2023-06-12T08:06:37Z.
...
006 (310980.000.000) 2023-06-12 17:06:41 Image size of job updated: 698276
	184  -  MemoryUsage of job (MB)
	187840  -  ResidentSetSize of job (KB)
...
005 (310980.000.000) 2023-06-12 17:06:41 Job terminated.
	(1) Normal termination (return value 0)
		Usr 0 00:03:13, Sys 0 00:00:01  -  Run Remote Usage
		Usr 0 00:00:00, Sys 0 00:00:00  -  Run Local Usage
		Usr 0 00:03:13, Sys 0 00:00:01  -  Total Remote Usage
		Usr 0 00:00:00, Sys 0 00:00:00  -  Total Local Usage
	0  -  Run Bytes Sent By Job
	0  -  Run Bytes Received By Job
	0  -  Total Bytes Sent By Job
	0  -  Total Bytes Received By Job
	Partitionable Resources :    Usage  Request Allocated 
	   Cpus                 :     1.00        1         1 
	   Disk (KB)            :     1           1    128928 
	   Memory (MB)          :   184        3900      3968 

	Job terminated of its own accord at 2023-06-12T08:06:41Z.
...
006 (310980.002.000) 2023-06-12 17:06:49 Image size of job updated: 701112
	184  -  MemoryUsage of job (MB)
	188076  -  ResidentSetSize of job (KB)
...
005 (310980.002.000) 2023-06-12 17:06:49 Job terminated.
	(1) Normal termination (return value 0)
		Usr 0 00:03:23, Sys 0 00:00:02  -  Run Remote Usage
		Usr 0 00:00:00, Sys 0 00:00:00  -  Run Local Usage
		Usr 0 00:03:23, Sys 0 00:00:02  -  Total Remote Usage
		Usr 0 00:00:00, Sys 0 00:00:00  -  Total Local Usage
	0  -  Run Bytes Sent By Job
	0  -  Run Bytes Received By Job
	0  -  Total Bytes Sent By Job
	0  -  Total Bytes Received By Job
	Partitionable Resources :    Usage  Request Allocated 
	   Cpus                 :                 1         1 
	   Disk (KB)            :        1        1    128913 
	   Memory (MB)          :      184     3900      3968 

	Job terminated of its own accord at 2023-06-12T08:06:49Z.
...
006 (310980.003.000) 2023-06-12 17:07:01 Image size of job updated: 697008
	184  -  MemoryUsage of job (MB)
	187628  -  ResidentSetSize of job (KB)
...
005 (310980.003.000) 2023-06-12 17:07:01 Job terminated.
	(1) Normal termination (return value 0)
		Usr 0 00:03:35, Sys 0 00:00:01  -  Run Remote Usage
		Usr 0 00:00:00, Sys 0 00:00:00  -  Run Local Usage
		Usr 0 00:03:35, Sys 0 00:00:01  -  Total Remote Usage
		Usr 0 00:00:00, Sys 0 00:00:00  -  Total Local Usage
	0  -  Run Bytes Sent By Job
	0  -  Run Bytes Received By Job
	0  -  Total Bytes Sent By Job
	0  -  Total Bytes Received By Job
	Partitionable Resources :    Usage  Request Allocated 
	   Cpus                 :                 1         1 
	   Disk (KB)            :        1        1    128913 
	   Memory (MB)          :      184     3900      3968 

	Job terminated of its own accord at 2023-06-12T08:07:01Z.
...
006 (310980.009.000) 2023-06-12 17:07:18 Image size of job updated: 697108
	184  -  MemoryUsage of job (MB)
	187632  -  ResidentSetSize of job (KB)
...
040 (310980.009.000) 2023-06-12 17:07:18 Started transferring output files
...
040 (310980.009.000) 2023-06-12 17:07:18 Finished transferring output files
...
005 (310980.009.000) 2023-06-12 17:07:18 Job terminated.
	(1) Normal termination (return value 0)
		Usr 0 00:03:52, Sys 0 00:00:01  -  Run Remote Usage
		Usr 0 00:00:00, Sys 0 00:00:00  -  Run Local Usage
		Usr 0 00:03:52, Sys 0 00:00:01  -  Total Remote Usage
		Usr 0 00:00:00, Sys 0 00:00:00  -  Total Local Usage
	9018  -  Run Bytes Sent By Job
	148  -  Run Bytes Received By Job
	9018  -  Total Bytes Sent By Job
	148  -  Total Bytes Received By Job
	Partitionable Resources :    Usage  Request Allocated 
	   Cpus                 :     0.98        1         1 
	   Disk (KB)            :    59           1    127899 
	   Memory (MB)          :   184        3900      3968 

	Job terminated of its own accord at 2023-06-12T08:07:18Z.
...
