000 (330304.000.000) 2023-07-25 13:22:45 Job submitted from host: <172.30.1.200:9618?addrs=172.30.1.200-9618&alias=tamsa2.snu.ac.kr&noUDP&sock=schedd_3510_2582>
...
000 (330304.001.000) 2023-07-25 13:22:45 Job submitted from host: <172.30.1.200:9618?addrs=172.30.1.200-9618&alias=tamsa2.snu.ac.kr&noUDP&sock=schedd_3510_2582>
...
000 (330304.002.000) 2023-07-25 13:22:45 Job submitted from host: <172.30.1.200:9618?addrs=172.30.1.200-9618&alias=tamsa2.snu.ac.kr&noUDP&sock=schedd_3510_2582>
...
000 (330304.003.000) 2023-07-25 13:22:45 Job submitted from host: <172.30.1.200:9618?addrs=172.30.1.200-9618&alias=tamsa2.snu.ac.kr&noUDP&sock=schedd_3510_2582>
...
000 (330304.004.000) 2023-07-25 13:22:45 Job submitted from host: <172.30.1.200:9618?addrs=172.30.1.200-9618&alias=tamsa2.snu.ac.kr&noUDP&sock=schedd_3510_2582>
...
000 (330304.005.000) 2023-07-25 13:22:45 Job submitted from host: <172.30.1.200:9618?addrs=172.30.1.200-9618&alias=tamsa2.snu.ac.kr&noUDP&sock=schedd_3510_2582>
...
000 (330304.006.000) 2023-07-25 13:22:45 Job submitted from host: <172.30.1.200:9618?addrs=172.30.1.200-9618&alias=tamsa2.snu.ac.kr&noUDP&sock=schedd_3510_2582>
...
000 (330304.007.000) 2023-07-25 13:22:45 Job submitted from host: <172.30.1.200:9618?addrs=172.30.1.200-9618&alias=tamsa2.snu.ac.kr&noUDP&sock=schedd_3510_2582>
...
000 (330304.008.000) 2023-07-25 13:22:45 Job submitted from host: <172.30.1.200:9618?addrs=172.30.1.200-9618&alias=tamsa2.snu.ac.kr&noUDP&sock=schedd_3510_2582>
...
000 (330304.009.000) 2023-07-25 13:22:45 Job submitted from host: <172.30.1.200:9618?addrs=172.30.1.200-9618&alias=tamsa2.snu.ac.kr&noUDP&sock=schedd_3510_2582>
...
040 (330304.000.000) 2023-07-25 13:23:03 Started transferring input files
	Transferring to host: <172.30.1.109:9618?addrs=172.30.1.109-9618&alias=n9&noUDP&sock=slot1_19_4265_d407_73115>
...
040 (330304.000.000) 2023-07-25 13:23:03 Finished transferring input files
...
040 (330304.001.000) 2023-07-25 13:23:03 Started transferring input files
	Transferring to host: <172.30.1.109:9618?addrs=172.30.1.109-9618&alias=n9&noUDP&sock=slot1_20_4265_d407_73116>
...
040 (330304.001.000) 2023-07-25 13:23:03 Finished transferring input files
...
040 (330304.002.000) 2023-07-25 13:23:04 Started transferring input files
	Transferring to host: <172.30.1.109:9618?addrs=172.30.1.109-9618&alias=n9&noUDP&sock=slot1_21_4265_d407_73117>
...
040 (330304.002.000) 2023-07-25 13:23:04 Finished transferring input files
...
040 (330304.003.000) 2023-07-25 13:23:04 Started transferring input files
	Transferring to host: <172.30.1.109:9618?addrs=172.30.1.109-9618&alias=n9&noUDP&sock=slot1_22_4265_d407_73118>
...
040 (330304.004.000) 2023-07-25 13:23:04 Started transferring input files
	Transferring to host: <172.30.1.109:9618?addrs=172.30.1.109-9618&alias=n9&noUDP&sock=slot1_23_4265_d407_73119>
...
040 (330304.003.000) 2023-07-25 13:23:04 Finished transferring input files
...
040 (330304.004.000) 2023-07-25 13:23:04 Finished transferring input files
...
001 (330304.000.000) 2023-07-25 13:23:04 Job executing on host: <172.30.1.109:9618?addrs=172.30.1.109-9618&alias=n9&noUDP&sock=startd_4231_b14b>
...
001 (330304.001.000) 2023-07-25 13:23:04 Job executing on host: <172.30.1.109:9618?addrs=172.30.1.109-9618&alias=n9&noUDP&sock=startd_4231_b14b>
...
040 (330304.005.000) 2023-07-25 13:23:04 Started transferring input files
	Transferring to host: <172.30.1.109:9618?addrs=172.30.1.109-9618&alias=n9&noUDP&sock=slot1_24_4265_d407_73120>
...
040 (330304.005.000) 2023-07-25 13:23:05 Finished transferring input files
...
001 (330304.002.000) 2023-07-25 13:23:05 Job executing on host: <172.30.1.109:9618?addrs=172.30.1.109-9618&alias=n9&noUDP&sock=startd_4231_b14b>
...
040 (330304.006.000) 2023-07-25 13:23:05 Started transferring input files
	Transferring to host: <172.30.1.109:9618?addrs=172.30.1.109-9618&alias=n9&noUDP&sock=slot1_25_4265_d407_73121>
...
040 (330304.007.000) 2023-07-25 13:23:05 Started transferring input files
	Transferring to host: <172.30.1.109:9618?addrs=172.30.1.109-9618&alias=n9&noUDP&sock=slot1_26_4265_d407_73122>
...
040 (330304.006.000) 2023-07-25 13:23:05 Finished transferring input files
...
040 (330304.007.000) 2023-07-25 13:23:05 Finished transferring input files
...
040 (330304.008.000) 2023-07-25 13:23:05 Started transferring input files
	Transferring to host: <172.30.1.109:9618?addrs=172.30.1.109-9618&alias=n9&noUDP&sock=slot1_27_4265_d407_73123>
...
040 (330304.008.000) 2023-07-25 13:23:05 Finished transferring input files
...
040 (330304.009.000) 2023-07-25 13:23:05 Started transferring input files
	Transferring to host: <172.30.1.109:9618?addrs=172.30.1.109-9618&alias=n9&noUDP&sock=slot1_28_4265_d407_73124>
...
001 (330304.003.000) 2023-07-25 13:23:05 Job executing on host: <172.30.1.109:9618?addrs=172.30.1.109-9618&alias=n9&noUDP&sock=startd_4231_b14b>
...
001 (330304.004.000) 2023-07-25 13:23:05 Job executing on host: <172.30.1.109:9618?addrs=172.30.1.109-9618&alias=n9&noUDP&sock=startd_4231_b14b>
...
040 (330304.009.000) 2023-07-25 13:23:05 Finished transferring input files
...
001 (330304.005.000) 2023-07-25 13:23:05 Job executing on host: <172.30.1.109:9618?addrs=172.30.1.109-9618&alias=n9&noUDP&sock=startd_4231_b14b>
...
001 (330304.007.000) 2023-07-25 13:23:06 Job executing on host: <172.30.1.109:9618?addrs=172.30.1.109-9618&alias=n9&noUDP&sock=startd_4231_b14b>
...
001 (330304.006.000) 2023-07-25 13:23:06 Job executing on host: <172.30.1.109:9618?addrs=172.30.1.109-9618&alias=n9&noUDP&sock=startd_4231_b14b>
...
001 (330304.008.000) 2023-07-25 13:23:06 Job executing on host: <172.30.1.109:9618?addrs=172.30.1.109-9618&alias=n9&noUDP&sock=startd_4231_b14b>
...
001 (330304.009.000) 2023-07-25 13:23:06 Job executing on host: <172.30.1.109:9618?addrs=172.30.1.109-9618&alias=n9&noUDP&sock=startd_4231_b14b>
...
006 (330304.002.000) 2023-07-25 13:23:13 Image size of job updated: 385964
	174  -  MemoryUsage of job (MB)
	177728  -  ResidentSetSize of job (KB)
...
006 (330304.000.000) 2023-07-25 13:23:13 Image size of job updated: 385952
	179  -  MemoryUsage of job (MB)
	182876  -  ResidentSetSize of job (KB)
...
006 (330304.001.000) 2023-07-25 13:23:13 Image size of job updated: 385952
	182  -  MemoryUsage of job (MB)
	185972  -  ResidentSetSize of job (KB)
...
006 (330304.005.000) 2023-07-25 13:23:14 Image size of job updated: 385964
	182  -  MemoryUsage of job (MB)
	186196  -  ResidentSetSize of job (KB)
...
006 (330304.006.000) 2023-07-25 13:23:14 Image size of job updated: 385844
	182  -  MemoryUsage of job (MB)
	186224  -  ResidentSetSize of job (KB)
...
006 (330304.007.000) 2023-07-25 13:23:14 Image size of job updated: 385964
	182  -  MemoryUsage of job (MB)
	186216  -  ResidentSetSize of job (KB)
...
006 (330304.008.000) 2023-07-25 13:23:14 Image size of job updated: 385952
	183  -  MemoryUsage of job (MB)
	186600  -  ResidentSetSize of job (KB)
...
006 (330304.003.000) 2023-07-25 13:23:14 Image size of job updated: 385952
	183  -  MemoryUsage of job (MB)
	186684  -  ResidentSetSize of job (KB)
...
006 (330304.004.000) 2023-07-25 13:23:14 Image size of job updated: 385952
	183  -  MemoryUsage of job (MB)
	186588  -  ResidentSetSize of job (KB)
...
006 (330304.009.000) 2023-07-25 13:23:15 Image size of job updated: 385952
	183  -  MemoryUsage of job (MB)
	186684  -  ResidentSetSize of job (KB)
...
006 (330304.003.000) 2023-07-25 13:23:27 Image size of job updated: 682056
	183  -  MemoryUsage of job (MB)
	186684  -  ResidentSetSize of job (KB)
...
040 (330304.003.000) 2023-07-25 13:23:27 Started transferring output files
...
040 (330304.003.000) 2023-07-25 13:23:27 Finished transferring output files
...
005 (330304.003.000) 2023-07-25 13:23:27 Job terminated.
	(1) Normal termination (return value 0)
		Usr 0 00:00:16, Sys 0 00:00:01  -  Run Remote Usage
		Usr 0 00:00:00, Sys 0 00:00:00  -  Run Local Usage
		Usr 0 00:00:16, Sys 0 00:00:01  -  Total Remote Usage
		Usr 0 00:00:00, Sys 0 00:00:00  -  Total Local Usage
	1129  -  Run Bytes Sent By Job
	164  -  Run Bytes Received By Job
	1129  -  Total Bytes Sent By Job
	164  -  Total Bytes Received By Job
	Partitionable Resources :    Usage  Request Allocated 
	   Cpus                 :                 1         1 
	   Disk (KB)            :       46        1    127899 
	   Memory (MB)          :      183     3900      3968 

	Job terminated of its own accord at 2023-07-25T04:23:27Z.
...
006 (330304.009.000) 2023-07-25 13:23:27 Image size of job updated: 687124
	183  -  MemoryUsage of job (MB)
	186684  -  ResidentSetSize of job (KB)
...
040 (330304.009.000) 2023-07-25 13:23:28 Started transferring output files
...
040 (330304.009.000) 2023-07-25 13:23:28 Finished transferring output files
...
005 (330304.009.000) 2023-07-25 13:23:28 Job terminated.
	(1) Normal termination (return value 0)
		Usr 0 00:00:16, Sys 0 00:00:01  -  Run Remote Usage
		Usr 0 00:00:00, Sys 0 00:00:00  -  Run Local Usage
		Usr 0 00:00:16, Sys 0 00:00:01  -  Total Remote Usage
		Usr 0 00:00:00, Sys 0 00:00:00  -  Total Local Usage
	1189  -  Run Bytes Sent By Job
	164  -  Run Bytes Received By Job
	1189  -  Total Bytes Sent By Job
	164  -  Total Bytes Received By Job
	Partitionable Resources :    Usage  Request Allocated 
	   Cpus                 :                 1         1 
	   Disk (KB)            :       46        1    127899 
	   Memory (MB)          :      183     3900      3968 

	Job terminated of its own accord at 2023-07-25T04:23:27Z.
...
006 (330304.002.000) 2023-07-25 13:23:30 Image size of job updated: 688356
	174  -  MemoryUsage of job (MB)
	177728  -  ResidentSetSize of job (KB)
...
040 (330304.002.000) 2023-07-25 13:23:30 Started transferring output files
...
040 (330304.002.000) 2023-07-25 13:23:30 Finished transferring output files
...
005 (330304.002.000) 2023-07-25 13:23:30 Job terminated.
	(1) Normal termination (return value 0)
		Usr 0 00:00:19, Sys 0 00:00:01  -  Run Remote Usage
		Usr 0 00:00:00, Sys 0 00:00:00  -  Run Local Usage
		Usr 0 00:00:19, Sys 0 00:00:01  -  Total Remote Usage
		Usr 0 00:00:00, Sys 0 00:00:00  -  Total Local Usage
	1160  -  Run Bytes Sent By Job
	164  -  Run Bytes Received By Job
	1160  -  Total Bytes Sent By Job
	164  -  Total Bytes Received By Job
	Partitionable Resources :    Usage  Request Allocated 
	   Cpus                 :                 1         1 
	   Disk (KB)            :       46        1    127899 
	   Memory (MB)          :      174     3900      3968 

	Job terminated of its own accord at 2023-07-25T04:23:30Z.
...
006 (330304.005.000) 2023-07-25 13:23:31 Image size of job updated: 688320
	182  -  MemoryUsage of job (MB)
	186196  -  ResidentSetSize of job (KB)
...
040 (330304.005.000) 2023-07-25 13:23:31 Started transferring output files
...
040 (330304.005.000) 2023-07-25 13:23:31 Finished transferring output files
...
005 (330304.005.000) 2023-07-25 13:23:31 Job terminated.
	(1) Normal termination (return value 0)
		Usr 0 00:00:20, Sys 0 00:00:01  -  Run Remote Usage
		Usr 0 00:00:00, Sys 0 00:00:00  -  Run Local Usage
		Usr 0 00:00:20, Sys 0 00:00:01  -  Total Remote Usage
		Usr 0 00:00:00, Sys 0 00:00:00  -  Total Local Usage
	1098  -  Run Bytes Sent By Job
	164  -  Run Bytes Received By Job
	1098  -  Total Bytes Sent By Job
	164  -  Total Bytes Received By Job
	Partitionable Resources :    Usage  Request Allocated 
	   Cpus                 :                 1         1 
	   Disk (KB)            :       46        1    127899 
	   Memory (MB)          :      182     3900      3968 

	Job terminated of its own accord at 2023-07-25T04:23:31Z.
...
006 (330304.000.000) 2023-07-25 13:23:32 Image size of job updated: 688268
	179  -  MemoryUsage of job (MB)
	182876  -  ResidentSetSize of job (KB)
...
040 (330304.000.000) 2023-07-25 13:23:32 Started transferring output files
...
040 (330304.000.000) 2023-07-25 13:23:32 Finished transferring output files
...
005 (330304.000.000) 2023-07-25 13:23:32 Job terminated.
	(1) Normal termination (return value 0)
		Usr 0 00:00:21, Sys 0 00:00:01  -  Run Remote Usage
		Usr 0 00:00:00, Sys 0 00:00:00  -  Run Local Usage
		Usr 0 00:00:21, Sys 0 00:00:01  -  Total Remote Usage
		Usr 0 00:00:00, Sys 0 00:00:00  -  Total Local Usage
	1097  -  Run Bytes Sent By Job
	164  -  Run Bytes Received By Job
	1097  -  Total Bytes Sent By Job
	164  -  Total Bytes Received By Job
	Partitionable Resources :    Usage  Request Allocated 
	   Cpus                 :                 1         1 
	   Disk (KB)            :       46        1    127899 
	   Memory (MB)          :      179     3900      3968 

	Job terminated of its own accord at 2023-07-25T04:23:32Z.
...
006 (330304.008.000) 2023-07-25 13:23:33 Image size of job updated: 688476
	183  -  MemoryUsage of job (MB)
	186600  -  ResidentSetSize of job (KB)
...
040 (330304.008.000) 2023-07-25 13:23:33 Started transferring output files
...
040 (330304.008.000) 2023-07-25 13:23:33 Finished transferring output files
...
005 (330304.008.000) 2023-07-25 13:23:33 Job terminated.
	(1) Normal termination (return value 0)
		Usr 0 00:00:21, Sys 0 00:00:01  -  Run Remote Usage
		Usr 0 00:00:00, Sys 0 00:00:00  -  Run Local Usage
		Usr 0 00:00:21, Sys 0 00:00:01  -  Total Remote Usage
		Usr 0 00:00:00, Sys 0 00:00:00  -  Total Local Usage
	1192  -  Run Bytes Sent By Job
	164  -  Run Bytes Received By Job
	1192  -  Total Bytes Sent By Job
	164  -  Total Bytes Received By Job
	Partitionable Resources :    Usage  Request Allocated 
	   Cpus                 :                 1         1 
	   Disk (KB)            :       46        1    127899 
	   Memory (MB)          :      183     3900      3968 

	Job terminated of its own accord at 2023-07-25T04:23:33Z.
...
006 (330304.007.000) 2023-07-25 13:23:34 Image size of job updated: 686684
	182  -  MemoryUsage of job (MB)
	186216  -  ResidentSetSize of job (KB)
...
040 (330304.007.000) 2023-07-25 13:23:34 Started transferring output files
...
040 (330304.007.000) 2023-07-25 13:23:34 Finished transferring output files
...
005 (330304.007.000) 2023-07-25 13:23:34 Job terminated.
	(1) Normal termination (return value 0)
		Usr 0 00:00:23, Sys 0 00:00:01  -  Run Remote Usage
		Usr 0 00:00:00, Sys 0 00:00:00  -  Run Local Usage
		Usr 0 00:00:23, Sys 0 00:00:01  -  Total Remote Usage
		Usr 0 00:00:00, Sys 0 00:00:00  -  Total Local Usage
	1130  -  Run Bytes Sent By Job
	164  -  Run Bytes Received By Job
	1130  -  Total Bytes Sent By Job
	164  -  Total Bytes Received By Job
	Partitionable Resources :    Usage  Request Allocated 
	   Cpus                 :                 1         1 
	   Disk (KB)            :       46        1    127899 
	   Memory (MB)          :      182     3900      3968 

	Job terminated of its own accord at 2023-07-25T04:23:34Z.
...
006 (330304.001.000) 2023-07-25 13:23:34 Image size of job updated: 687244
	182  -  MemoryUsage of job (MB)
	185972  -  ResidentSetSize of job (KB)
...
006 (330304.006.000) 2023-07-25 13:23:34 Image size of job updated: 686704
	182  -  MemoryUsage of job (MB)
	186224  -  ResidentSetSize of job (KB)
...
040 (330304.001.000) 2023-07-25 13:23:34 Started transferring output files
...
040 (330304.001.000) 2023-07-25 13:23:34 Finished transferring output files
...
005 (330304.001.000) 2023-07-25 13:23:34 Job terminated.
	(1) Normal termination (return value 0)
		Usr 0 00:00:23, Sys 0 00:00:01  -  Run Remote Usage
		Usr 0 00:00:00, Sys 0 00:00:00  -  Run Local Usage
		Usr 0 00:00:23, Sys 0 00:00:01  -  Total Remote Usage
		Usr 0 00:00:00, Sys 0 00:00:00  -  Total Local Usage
	1128  -  Run Bytes Sent By Job
	164  -  Run Bytes Received By Job
	1128  -  Total Bytes Sent By Job
	164  -  Total Bytes Received By Job
	Partitionable Resources :    Usage  Request Allocated 
	   Cpus                 :                 1         1 
	   Disk (KB)            :       46        1    127899 
	   Memory (MB)          :      182     3900      3968 

	Job terminated of its own accord at 2023-07-25T04:23:34Z.
...
040 (330304.006.000) 2023-07-25 13:23:34 Started transferring output files
...
040 (330304.006.000) 2023-07-25 13:23:34 Finished transferring output files
...
005 (330304.006.000) 2023-07-25 13:23:34 Job terminated.
	(1) Normal termination (return value 0)
		Usr 0 00:00:23, Sys 0 00:00:01  -  Run Remote Usage
		Usr 0 00:00:00, Sys 0 00:00:00  -  Run Local Usage
		Usr 0 00:00:23, Sys 0 00:00:01  -  Total Remote Usage
		Usr 0 00:00:00, Sys 0 00:00:00  -  Total Local Usage
	1161  -  Run Bytes Sent By Job
	164  -  Run Bytes Received By Job
	1161  -  Total Bytes Sent By Job
	164  -  Total Bytes Received By Job
	Partitionable Resources :    Usage  Request Allocated 
	   Cpus                 :                 1         1 
	   Disk (KB)            :       46        1    127899 
	   Memory (MB)          :      182     3900      3968 

	Job terminated of its own accord at 2023-07-25T04:23:34Z.
...
006 (330304.004.000) 2023-07-25 13:23:35 Image size of job updated: 688360
	183  -  MemoryUsage of job (MB)
	186588  -  ResidentSetSize of job (KB)
...
040 (330304.004.000) 2023-07-25 13:23:35 Started transferring output files
...
040 (330304.004.000) 2023-07-25 13:23:35 Finished transferring output files
...
005 (330304.004.000) 2023-07-25 13:23:35 Job terminated.
	(1) Normal termination (return value 0)
		Usr 0 00:00:23, Sys 0 00:00:01  -  Run Remote Usage
		Usr 0 00:00:00, Sys 0 00:00:00  -  Run Local Usage
		Usr 0 00:00:23, Sys 0 00:00:01  -  Total Remote Usage
		Usr 0 00:00:00, Sys 0 00:00:00  -  Total Local Usage
	1160  -  Run Bytes Sent By Job
	164  -  Run Bytes Received By Job
	1160  -  Total Bytes Sent By Job
	164  -  Total Bytes Received By Job
	Partitionable Resources :    Usage  Request Allocated 
	   Cpus                 :                 1         1 
	   Disk (KB)            :       46        1    127899 
	   Memory (MB)          :      183     3900      3968 

	Job terminated of its own accord at 2023-07-25T04:23:35Z.
...
