000 (310964.000.000) 2023-06-12 16:55:22 Job submitted from host: <172.30.1.200:9618?addrs=172.30.1.200-9618&alias=tamsa2.snu.ac.kr&noUDP&sock=schedd_3510_2582>
...
000 (310964.001.000) 2023-06-12 16:55:22 Job submitted from host: <172.30.1.200:9618?addrs=172.30.1.200-9618&alias=tamsa2.snu.ac.kr&noUDP&sock=schedd_3510_2582>
...
000 (310964.002.000) 2023-06-12 16:55:22 Job submitted from host: <172.30.1.200:9618?addrs=172.30.1.200-9618&alias=tamsa2.snu.ac.kr&noUDP&sock=schedd_3510_2582>
...
000 (310964.003.000) 2023-06-12 16:55:22 Job submitted from host: <172.30.1.200:9618?addrs=172.30.1.200-9618&alias=tamsa2.snu.ac.kr&noUDP&sock=schedd_3510_2582>
...
000 (310964.004.000) 2023-06-12 16:55:22 Job submitted from host: <172.30.1.200:9618?addrs=172.30.1.200-9618&alias=tamsa2.snu.ac.kr&noUDP&sock=schedd_3510_2582>
...
000 (310964.005.000) 2023-06-12 16:55:22 Job submitted from host: <172.30.1.200:9618?addrs=172.30.1.200-9618&alias=tamsa2.snu.ac.kr&noUDP&sock=schedd_3510_2582>
...
000 (310964.006.000) 2023-06-12 16:55:22 Job submitted from host: <172.30.1.200:9618?addrs=172.30.1.200-9618&alias=tamsa2.snu.ac.kr&noUDP&sock=schedd_3510_2582>
...
000 (310964.007.000) 2023-06-12 16:55:22 Job submitted from host: <172.30.1.200:9618?addrs=172.30.1.200-9618&alias=tamsa2.snu.ac.kr&noUDP&sock=schedd_3510_2582>
...
000 (310964.008.000) 2023-06-12 16:55:22 Job submitted from host: <172.30.1.200:9618?addrs=172.30.1.200-9618&alias=tamsa2.snu.ac.kr&noUDP&sock=schedd_3510_2582>
...
000 (310964.009.000) 2023-06-12 16:55:22 Job submitted from host: <172.30.1.200:9618?addrs=172.30.1.200-9618&alias=tamsa2.snu.ac.kr&noUDP&sock=schedd_3510_2582>
...
040 (310964.001.000) 2023-06-12 16:56:54 Started transferring input files
	Transferring to host: <172.30.1.110:9618?addrs=172.30.1.110-9618&alias=n10&noUDP&sock=slot1_2_4288_08a7_22277>
...
040 (310964.001.000) 2023-06-12 16:56:54 Finished transferring input files
...
040 (310964.004.000) 2023-06-12 16:56:54 Started transferring input files
	Transferring to host: <172.30.1.110:9618?addrs=172.30.1.110-9618&alias=n10&noUDP&sock=slot1_39_4288_08a7_22278>
...
040 (310964.004.000) 2023-06-12 16:56:54 Finished transferring input files
...
040 (310964.000.000) 2023-06-12 16:56:54 Started transferring input files
	Transferring to host: <172.30.1.109:9618?addrs=172.30.1.109-9618&alias=n9&noUDP&sock=slot1_41_4265_d407_22660>
...
040 (310964.007.000) 2023-06-12 16:56:54 Started transferring input files
	Transferring to host: <172.30.1.107:9618?addrs=172.30.1.107-9618&alias=n7&noUDP&sock=slot1_9_4258_e566_16184>
...
040 (310964.000.000) 2023-06-12 16:56:54 Finished transferring input files
...
040 (310964.007.000) 2023-06-12 16:56:54 Finished transferring input files
...
040 (310964.002.000) 2023-06-12 16:56:54 Started transferring input files
	Transferring to host: <172.30.1.110:9618?addrs=172.30.1.110-9618&alias=n10&noUDP&sock=slot1_3_4288_08a7_22279>
...
040 (310964.002.000) 2023-06-12 16:56:54 Finished transferring input files
...
040 (310964.008.000) 2023-06-12 16:56:54 Started transferring input files
	Transferring to host: <172.30.1.107:9618?addrs=172.30.1.107-9618&alias=n7&noUDP&sock=slot1_10_4258_e566_16185>
...
040 (310964.008.000) 2023-06-12 16:56:54 Finished transferring input files
...
040 (310964.003.000) 2023-06-12 16:56:55 Started transferring input files
	Transferring to host: <172.30.1.110:9618?addrs=172.30.1.110-9618&alias=n10&noUDP&sock=slot1_8_4288_08a7_22280>
...
040 (310964.003.000) 2023-06-12 16:56:55 Finished transferring input files
...
040 (310964.006.000) 2023-06-12 16:56:55 Started transferring input files
	Transferring to host: <172.30.1.110:9618?addrs=172.30.1.110-9618&alias=n10&noUDP&sock=slot1_44_4288_08a7_22281>
...
040 (310964.006.000) 2023-06-12 16:56:55 Finished transferring input files
...
040 (310964.009.000) 2023-06-12 16:56:55 Started transferring input files
	Transferring to host: <172.30.1.107:9618?addrs=172.30.1.107-9618&alias=n7&noUDP&sock=slot1_11_4258_e566_16186>
...
040 (310964.009.000) 2023-06-12 16:56:55 Finished transferring input files
...
040 (310964.005.000) 2023-06-12 16:56:55 Started transferring input files
	Transferring to host: <172.30.1.110:9618?addrs=172.30.1.110-9618&alias=n10&noUDP&sock=slot1_43_4288_08a7_22282>
...
040 (310964.005.000) 2023-06-12 16:56:55 Finished transferring input files
...
001 (310964.001.000) 2023-06-12 16:56:55 Job executing on host: <172.30.1.110:9618?addrs=172.30.1.110-9618&alias=n10&noUDP&sock=startd_4254_77f9>
...
001 (310964.004.000) 2023-06-12 16:56:55 Job executing on host: <172.30.1.110:9618?addrs=172.30.1.110-9618&alias=n10&noUDP&sock=startd_4254_77f9>
...
001 (310964.000.000) 2023-06-12 16:56:55 Job executing on host: <172.30.1.109:9618?addrs=172.30.1.109-9618&alias=n9&noUDP&sock=startd_4231_b14b>
...
001 (310964.007.000) 2023-06-12 16:56:55 Job executing on host: <172.30.1.107:9618?addrs=172.30.1.107-9618&alias=n7&noUDP&sock=startd_4224_e421>
...
001 (310964.002.000) 2023-06-12 16:56:55 Job executing on host: <172.30.1.110:9618?addrs=172.30.1.110-9618&alias=n10&noUDP&sock=startd_4254_77f9>
...
001 (310964.008.000) 2023-06-12 16:56:55 Job executing on host: <172.30.1.107:9618?addrs=172.30.1.107-9618&alias=n7&noUDP&sock=startd_4224_e421>
...
001 (310964.003.000) 2023-06-12 16:56:56 Job executing on host: <172.30.1.110:9618?addrs=172.30.1.110-9618&alias=n10&noUDP&sock=startd_4254_77f9>
...
001 (310964.006.000) 2023-06-12 16:56:56 Job executing on host: <172.30.1.110:9618?addrs=172.30.1.110-9618&alias=n10&noUDP&sock=startd_4254_77f9>
...
001 (310964.009.000) 2023-06-12 16:56:56 Job executing on host: <172.30.1.107:9618?addrs=172.30.1.107-9618&alias=n7&noUDP&sock=startd_4224_e421>
...
001 (310964.005.000) 2023-06-12 16:56:56 Job executing on host: <172.30.1.110:9618?addrs=172.30.1.110-9618&alias=n10&noUDP&sock=startd_4254_77f9>
...
006 (310964.000.000) 2023-06-12 16:57:04 Image size of job updated: 399280
	184  -  MemoryUsage of job (MB)
	187864  -  ResidentSetSize of job (KB)
...
006 (310964.007.000) 2023-06-12 16:57:04 Image size of job updated: 187816
	184  -  MemoryUsage of job (MB)
	187816  -  ResidentSetSize of job (KB)
...
006 (310964.002.000) 2023-06-12 16:57:04 Image size of job updated: 515248
	184  -  MemoryUsage of job (MB)
	187880  -  ResidentSetSize of job (KB)
...
006 (310964.008.000) 2023-06-12 16:57:04 Image size of job updated: 187852
	184  -  MemoryUsage of job (MB)
	187852  -  ResidentSetSize of job (KB)
...
006 (310964.003.000) 2023-06-12 16:57:04 Image size of job updated: 514052
	184  -  MemoryUsage of job (MB)
	187828  -  ResidentSetSize of job (KB)
...
006 (310964.006.000) 2023-06-12 16:57:04 Image size of job updated: 512460
	184  -  MemoryUsage of job (MB)
	188024  -  ResidentSetSize of job (KB)
...
006 (310964.009.000) 2023-06-12 16:57:04 Image size of job updated: 187872
	184  -  MemoryUsage of job (MB)
	187872  -  ResidentSetSize of job (KB)
...
006 (310964.005.000) 2023-06-12 16:57:04 Image size of job updated: 514056
	184  -  MemoryUsage of job (MB)
	187892  -  ResidentSetSize of job (KB)
...
006 (310964.001.000) 2023-06-12 16:57:04 Image size of job updated: 510756
	184  -  MemoryUsage of job (MB)
	187908  -  ResidentSetSize of job (KB)
...
006 (310964.004.000) 2023-06-12 16:57:04 Image size of job updated: 515396
	194  -  MemoryUsage of job (MB)
	198492  -  ResidentSetSize of job (KB)
...
006 (310964.009.000) 2023-06-12 16:57:19 Image size of job updated: 654468
	184  -  MemoryUsage of job (MB)
	187872  -  ResidentSetSize of job (KB)
...
040 (310964.009.000) 2023-06-12 16:57:20 Started transferring output files
...
040 (310964.009.000) 2023-06-12 16:57:20 Finished transferring output files
...
005 (310964.009.000) 2023-06-12 16:57:20 Job terminated.
	(1) Normal termination (return value 0)
		Usr 0 00:00:20, Sys 0 00:00:01  -  Run Remote Usage
		Usr 0 00:00:00, Sys 0 00:00:00  -  Run Local Usage
		Usr 0 00:00:20, Sys 0 00:00:01  -  Total Remote Usage
		Usr 0 00:00:00, Sys 0 00:00:00  -  Total Local Usage
	4653  -  Run Bytes Sent By Job
	148  -  Run Bytes Received By Job
	4653  -  Total Bytes Sent By Job
	148  -  Total Bytes Received By Job
	Partitionable Resources :    Usage  Request Allocated 
	   Cpus                 :                 1         1 
	   Disk (KB)            :       49        1    127899 
	   Memory (MB)          :      184     3900      3968 

	Job terminated of its own accord at 2023-06-12T07:57:19Z.
...
006 (310964.001.000) 2023-06-12 16:57:20 Image size of job updated: 686652
	184  -  MemoryUsage of job (MB)
	187908  -  ResidentSetSize of job (KB)
...
040 (310964.001.000) 2023-06-12 16:57:20 Started transferring output files
...
040 (310964.001.000) 2023-06-12 16:57:20 Finished transferring output files
...
005 (310964.001.000) 2023-06-12 16:57:20 Job terminated.
	(1) Normal termination (return value 0)
		Usr 0 00:00:21, Sys 0 00:00:01  -  Run Remote Usage
		Usr 0 00:00:00, Sys 0 00:00:00  -  Run Local Usage
		Usr 0 00:00:21, Sys 0 00:00:01  -  Total Remote Usage
		Usr 0 00:00:00, Sys 0 00:00:00  -  Total Local Usage
	4694  -  Run Bytes Sent By Job
	148  -  Run Bytes Received By Job
	4694  -  Total Bytes Sent By Job
	148  -  Total Bytes Received By Job
	Partitionable Resources :    Usage  Request Allocated 
	   Cpus                 :                 1         1 
	   Disk (KB)            :       49        1    127899 
	   Memory (MB)          :      184     3900      3968 

	Job terminated of its own accord at 2023-06-12T07:57:20Z.
...
006 (310964.003.000) 2023-06-12 16:57:21 Image size of job updated: 688664
	184  -  MemoryUsage of job (MB)
	187828  -  ResidentSetSize of job (KB)
...
040 (310964.003.000) 2023-06-12 16:57:21 Started transferring output files
...
040 (310964.003.000) 2023-06-12 16:57:21 Finished transferring output files
...
005 (310964.003.000) 2023-06-12 16:57:21 Job terminated.
	(1) Normal termination (return value 0)
		Usr 0 00:00:23, Sys 0 00:00:01  -  Run Remote Usage
		Usr 0 00:00:00, Sys 0 00:00:00  -  Run Local Usage
		Usr 0 00:00:23, Sys 0 00:00:01  -  Total Remote Usage
		Usr 0 00:00:00, Sys 0 00:00:00  -  Total Local Usage
	4694  -  Run Bytes Sent By Job
	148  -  Run Bytes Received By Job
	4694  -  Total Bytes Sent By Job
	148  -  Total Bytes Received By Job
	Partitionable Resources :    Usage  Request Allocated 
	   Cpus                 :                 1         1 
	   Disk (KB)            :       49        1    127899 
	   Memory (MB)          :      184     3900      3968 

	Job terminated of its own accord at 2023-06-12T07:57:21Z.
...
006 (310964.005.000) 2023-06-12 16:57:23 Image size of job updated: 688412
	184  -  MemoryUsage of job (MB)
	187892  -  ResidentSetSize of job (KB)
...
006 (310964.002.000) 2023-06-12 16:57:23 Image size of job updated: 688604
	184  -  MemoryUsage of job (MB)
	187880  -  ResidentSetSize of job (KB)
...
040 (310964.005.000) 2023-06-12 16:57:23 Started transferring output files
...
040 (310964.005.000) 2023-06-12 16:57:23 Finished transferring output files
...
005 (310964.005.000) 2023-06-12 16:57:23 Job terminated.
	(1) Normal termination (return value 0)
		Usr 0 00:00:24, Sys 0 00:00:01  -  Run Remote Usage
		Usr 0 00:00:00, Sys 0 00:00:00  -  Run Local Usage
		Usr 0 00:00:24, Sys 0 00:00:01  -  Total Remote Usage
		Usr 0 00:00:00, Sys 0 00:00:00  -  Total Local Usage
	4777  -  Run Bytes Sent By Job
	148  -  Run Bytes Received By Job
	4777  -  Total Bytes Sent By Job
	148  -  Total Bytes Received By Job
	Partitionable Resources :    Usage  Request Allocated 
	   Cpus                 :                 1         1 
	   Disk (KB)            :       50        1    127899 
	   Memory (MB)          :      184     3900      3968 

	Job terminated of its own accord at 2023-06-12T07:57:23Z.
...
040 (310964.002.000) 2023-06-12 16:57:23 Started transferring output files
...
040 (310964.002.000) 2023-06-12 16:57:23 Finished transferring output files
...
005 (310964.002.000) 2023-06-12 16:57:23 Job terminated.
	(1) Normal termination (return value 0)
		Usr 0 00:00:24, Sys 0 00:00:01  -  Run Remote Usage
		Usr 0 00:00:00, Sys 0 00:00:00  -  Run Local Usage
		Usr 0 00:00:24, Sys 0 00:00:01  -  Total Remote Usage
		Usr 0 00:00:00, Sys 0 00:00:00  -  Total Local Usage
	4663  -  Run Bytes Sent By Job
	148  -  Run Bytes Received By Job
	4663  -  Total Bytes Sent By Job
	148  -  Total Bytes Received By Job
	Partitionable Resources :    Usage  Request Allocated 
	   Cpus                 :                 1         1 
	   Disk (KB)            :       49        1    127899 
	   Memory (MB)          :      184     3900      3968 

	Job terminated of its own accord at 2023-06-12T07:57:23Z.
...
006 (310964.006.000) 2023-06-12 16:57:24 Image size of job updated: 690116
	184  -  MemoryUsage of job (MB)
	188024  -  ResidentSetSize of job (KB)
...
040 (310964.006.000) 2023-06-12 16:57:24 Started transferring output files
...
040 (310964.006.000) 2023-06-12 16:57:24 Finished transferring output files
...
005 (310964.006.000) 2023-06-12 16:57:24 Job terminated.
	(1) Normal termination (return value 0)
		Usr 0 00:00:25, Sys 0 00:00:01  -  Run Remote Usage
		Usr 0 00:00:00, Sys 0 00:00:00  -  Run Local Usage
		Usr 0 00:00:25, Sys 0 00:00:01  -  Total Remote Usage
		Usr 0 00:00:00, Sys 0 00:00:00  -  Total Local Usage
	4808  -  Run Bytes Sent By Job
	148  -  Run Bytes Received By Job
	4808  -  Total Bytes Sent By Job
	148  -  Total Bytes Received By Job
	Partitionable Resources :    Usage  Request Allocated 
	   Cpus                 :                 1         1 
	   Disk (KB)            :       50        1    127899 
	   Memory (MB)          :      184     3900      3968 

	Job terminated of its own accord at 2023-06-12T07:57:24Z.
...
006 (310964.004.000) 2023-06-12 16:57:25 Image size of job updated: 690676
	194  -  MemoryUsage of job (MB)
	198492  -  ResidentSetSize of job (KB)
...
040 (310964.004.000) 2023-06-12 16:57:25 Started transferring output files
...
040 (310964.004.000) 2023-06-12 16:57:25 Finished transferring output files
...
005 (310964.004.000) 2023-06-12 16:57:25 Job terminated.
	(1) Normal termination (return value 0)
		Usr 0 00:00:26, Sys 0 00:00:01  -  Run Remote Usage
		Usr 0 00:00:00, Sys 0 00:00:00  -  Run Local Usage
		Usr 0 00:00:26, Sys 0 00:00:01  -  Total Remote Usage
		Usr 0 00:00:00, Sys 0 00:00:00  -  Total Local Usage
	4751  -  Run Bytes Sent By Job
	148  -  Run Bytes Received By Job
	4751  -  Total Bytes Sent By Job
	148  -  Total Bytes Received By Job
	Partitionable Resources :    Usage  Request Allocated 
	   Cpus                 :                 1         1 
	   Disk (KB)            :       49        1    127899 
	   Memory (MB)          :      194     3900      3968 

	Job terminated of its own accord at 2023-06-12T07:57:25Z.
...
006 (310964.008.000) 2023-06-12 16:57:25 Image size of job updated: 686048
	184  -  MemoryUsage of job (MB)
	187852  -  ResidentSetSize of job (KB)
...
040 (310964.008.000) 2023-06-12 16:57:25 Started transferring output files
...
040 (310964.008.000) 2023-06-12 16:57:25 Finished transferring output files
...
005 (310964.008.000) 2023-06-12 16:57:25 Job terminated.
	(1) Normal termination (return value 0)
		Usr 0 00:00:26, Sys 0 00:00:01  -  Run Remote Usage
		Usr 0 00:00:00, Sys 0 00:00:00  -  Run Local Usage
		Usr 0 00:00:26, Sys 0 00:00:01  -  Total Remote Usage
		Usr 0 00:00:00, Sys 0 00:00:00  -  Total Local Usage
	4684  -  Run Bytes Sent By Job
	148  -  Run Bytes Received By Job
	4684  -  Total Bytes Sent By Job
	148  -  Total Bytes Received By Job
	Partitionable Resources :    Usage  Request Allocated 
	   Cpus                 :                 1         1 
	   Disk (KB)            :       49        1    127899 
	   Memory (MB)          :      184     3900      3968 

	Job terminated of its own accord at 2023-06-12T07:57:25Z.
...
006 (310964.007.000) 2023-06-12 16:57:30 Image size of job updated: 686120
	184  -  MemoryUsage of job (MB)
	187816  -  ResidentSetSize of job (KB)
...
040 (310964.007.000) 2023-06-12 16:57:30 Started transferring output files
...
006 (310964.000.000) 2023-06-12 16:57:30 Image size of job updated: 686636
	184  -  MemoryUsage of job (MB)
	187864  -  ResidentSetSize of job (KB)
...
040 (310964.000.000) 2023-06-12 16:57:30 Started transferring output files
...
040 (310964.007.000) 2023-06-12 16:57:30 Finished transferring output files
...
040 (310964.000.000) 2023-06-12 16:57:30 Finished transferring output files
...
005 (310964.007.000) 2023-06-12 16:57:31 Job terminated.
	(1) Normal termination (return value 0)
		Usr 0 00:00:30, Sys 0 00:00:01  -  Run Remote Usage
		Usr 0 00:00:00, Sys 0 00:00:00  -  Run Local Usage
		Usr 0 00:00:30, Sys 0 00:00:01  -  Total Remote Usage
		Usr 0 00:00:00, Sys 0 00:00:00  -  Total Local Usage
	4684  -  Run Bytes Sent By Job
	148  -  Run Bytes Received By Job
	4684  -  Total Bytes Sent By Job
	148  -  Total Bytes Received By Job
	Partitionable Resources :    Usage  Request Allocated 
	   Cpus                 :                 1         1 
	   Disk (KB)            :       49        1    127899 
	   Memory (MB)          :      184     3900      3968 

	Job terminated of its own accord at 2023-06-12T07:57:30Z.
...
005 (310964.000.000) 2023-06-12 16:57:31 Job terminated.
	(1) Normal termination (return value 0)
		Usr 0 00:00:30, Sys 0 00:00:01  -  Run Remote Usage
		Usr 0 00:00:00, Sys 0 00:00:00  -  Run Local Usage
		Usr 0 00:00:30, Sys 0 00:00:01  -  Total Remote Usage
		Usr 0 00:00:00, Sys 0 00:00:00  -  Total Local Usage
	4725  -  Run Bytes Sent By Job
	148  -  Run Bytes Received By Job
	4725  -  Total Bytes Sent By Job
	148  -  Total Bytes Received By Job
	Partitionable Resources :    Usage  Request Allocated 
	   Cpus                 :                 1         1 
	   Disk (KB)            :       49        1    127899 
	   Memory (MB)          :      184     3900      3968 

	Job terminated of its own accord at 2023-06-12T07:57:30Z.
...
