000 (311102.000.000) 2023-06-12 18:55:11 Job submitted from host: <172.30.1.200:9618?addrs=172.30.1.200-9618&alias=tamsa2.snu.ac.kr&noUDP&sock=schedd_3510_2582>
...
000 (311102.001.000) 2023-06-12 18:55:11 Job submitted from host: <172.30.1.200:9618?addrs=172.30.1.200-9618&alias=tamsa2.snu.ac.kr&noUDP&sock=schedd_3510_2582>
...
000 (311102.002.000) 2023-06-12 18:55:11 Job submitted from host: <172.30.1.200:9618?addrs=172.30.1.200-9618&alias=tamsa2.snu.ac.kr&noUDP&sock=schedd_3510_2582>
...
000 (311102.003.000) 2023-06-12 18:55:11 Job submitted from host: <172.30.1.200:9618?addrs=172.30.1.200-9618&alias=tamsa2.snu.ac.kr&noUDP&sock=schedd_3510_2582>
...
000 (311102.004.000) 2023-06-12 18:55:11 Job submitted from host: <172.30.1.200:9618?addrs=172.30.1.200-9618&alias=tamsa2.snu.ac.kr&noUDP&sock=schedd_3510_2582>
...
000 (311102.005.000) 2023-06-12 18:55:11 Job submitted from host: <172.30.1.200:9618?addrs=172.30.1.200-9618&alias=tamsa2.snu.ac.kr&noUDP&sock=schedd_3510_2582>
...
000 (311102.006.000) 2023-06-12 18:55:11 Job submitted from host: <172.30.1.200:9618?addrs=172.30.1.200-9618&alias=tamsa2.snu.ac.kr&noUDP&sock=schedd_3510_2582>
...
000 (311102.007.000) 2023-06-12 18:55:11 Job submitted from host: <172.30.1.200:9618?addrs=172.30.1.200-9618&alias=tamsa2.snu.ac.kr&noUDP&sock=schedd_3510_2582>
...
000 (311102.008.000) 2023-06-12 18:55:11 Job submitted from host: <172.30.1.200:9618?addrs=172.30.1.200-9618&alias=tamsa2.snu.ac.kr&noUDP&sock=schedd_3510_2582>
...
000 (311102.009.000) 2023-06-12 18:55:11 Job submitted from host: <172.30.1.200:9618?addrs=172.30.1.200-9618&alias=tamsa2.snu.ac.kr&noUDP&sock=schedd_3510_2582>
...
040 (311102.009.000) 2023-06-12 18:56:19 Started transferring input files
	Transferring to host: <172.30.1.107:9618?addrs=172.30.1.107-9618&alias=n7&noUDP&sock=slot1_2_4258_e566_16747>
...
001 (311102.003.000) 2023-06-12 18:56:19 Job executing on host: <172.30.1.211:9618?addrs=172.30.1.211-9618&alias=node11&noUDP&sock=startd_3790_3407>
...
040 (311102.008.000) 2023-06-12 18:56:19 Started transferring input files
	Transferring to host: <172.30.1.105:9618?addrs=172.30.1.105-9618&alias=n5&noUDP&sock=slot1_1_3332_7201_9364>
...
001 (311102.001.000) 2023-06-12 18:56:19 Job executing on host: <172.30.1.205:9618?addrs=172.30.1.205-9618&alias=node5&noUDP&sock=startd_3770_7c22>
...
001 (311102.006.000) 2023-06-12 18:56:19 Job executing on host: <172.30.1.202:9618?addrs=172.30.1.202-9618&alias=node2&noUDP&sock=startd_19693_56a6>
...
001 (311102.000.000) 2023-06-12 18:56:19 Job executing on host: <172.30.1.205:9618?addrs=172.30.1.205-9618&alias=node5&noUDP&sock=startd_3770_7c22>
...
001 (311102.004.000) 2023-06-12 18:56:19 Job executing on host: <172.30.1.211:9618?addrs=172.30.1.211-9618&alias=node11&noUDP&sock=startd_3790_3407>
...
001 (311102.005.000) 2023-06-12 18:56:19 Job executing on host: <172.30.1.201:9618?addrs=172.30.1.201-9618&alias=node1&noUDP&sock=startd_4675_3d58>
...
001 (311102.007.000) 2023-06-12 18:56:19 Job executing on host: <172.30.1.202:9618?addrs=172.30.1.202-9618&alias=node2&noUDP&sock=startd_19693_56a6>
...
040 (311102.008.000) 2023-06-12 18:56:19 Finished transferring input files
...
040 (311102.009.000) 2023-06-12 18:56:19 Finished transferring input files
...
001 (311102.002.000) 2023-06-12 18:56:19 Job executing on host: <172.30.1.205:9618?addrs=172.30.1.205-9618&alias=node5&noUDP&sock=startd_3770_7c22>
...
001 (311102.009.000) 2023-06-12 18:56:20 Job executing on host: <172.30.1.107:9618?addrs=172.30.1.107-9618&alias=n7&noUDP&sock=startd_4224_e421>
...
001 (311102.008.000) 2023-06-12 18:56:20 Job executing on host: <172.30.1.105:9618?addrs=172.30.1.105-9618&alias=n5&noUDP&sock=startd_3298_bb6e>
...
006 (311102.005.000) 2023-06-12 18:56:27 Image size of job updated: 179612
	176  -  MemoryUsage of job (MB)
	179432  -  ResidentSetSize of job (KB)
...
006 (311102.003.000) 2023-06-12 18:56:27 Image size of job updated: 186240
	130  -  MemoryUsage of job (MB)
	132232  -  ResidentSetSize of job (KB)
...
006 (311102.006.000) 2023-06-12 18:56:27 Image size of job updated: 169308
	166  -  MemoryUsage of job (MB)
	169308  -  ResidentSetSize of job (KB)
...
006 (311102.004.000) 2023-06-12 18:56:27 Image size of job updated: 176360
	130  -  MemoryUsage of job (MB)
	132736  -  ResidentSetSize of job (KB)
...
006 (311102.007.000) 2023-06-12 18:56:27 Image size of job updated: 170084
	167  -  MemoryUsage of job (MB)
	170084  -  ResidentSetSize of job (KB)
...
006 (311102.001.000) 2023-06-12 18:56:27 Image size of job updated: 187872
	184  -  MemoryUsage of job (MB)
	187872  -  ResidentSetSize of job (KB)
...
006 (311102.008.000) 2023-06-12 18:56:28 Image size of job updated: 516964
	164  -  MemoryUsage of job (MB)
	167916  -  ResidentSetSize of job (KB)
...
006 (311102.009.000) 2023-06-12 18:56:28 Image size of job updated: 153784
	49  -  MemoryUsage of job (MB)
	49860  -  ResidentSetSize of job (KB)
...
006 (311102.000.000) 2023-06-12 18:56:28 Image size of job updated: 188080
	184  -  MemoryUsage of job (MB)
	188080  -  ResidentSetSize of job (KB)
...
006 (311102.002.000) 2023-06-12 18:56:28 Image size of job updated: 187844
	184  -  MemoryUsage of job (MB)
	187836  -  ResidentSetSize of job (KB)
...
006 (311102.002.000) 2023-06-12 18:59:39 Image size of job updated: 695284
	184  -  MemoryUsage of job (MB)
	187836  -  ResidentSetSize of job (KB)
...
005 (311102.002.000) 2023-06-12 18:59:40 Job terminated.
	(1) Normal termination (return value 0)
		Usr 0 00:03:13, Sys 0 00:00:02  -  Run Remote Usage
		Usr 0 00:00:00, Sys 0 00:00:00  -  Run Local Usage
		Usr 0 00:03:13, Sys 0 00:00:02  -  Total Remote Usage
		Usr 0 00:00:00, Sys 0 00:00:00  -  Total Local Usage
	0  -  Run Bytes Sent By Job
	0  -  Run Bytes Received By Job
	0  -  Total Bytes Sent By Job
	0  -  Total Bytes Received By Job
	Partitionable Resources :    Usage  Request Allocated 
	   Cpus                 :                 1         1 
	   Disk (KB)            :        1        1    128928 
	   Memory (MB)          :      184     3900      3968 

	Job terminated of its own accord at 2023-06-12T09:59:39Z.
...
006 (311102.003.000) 2023-06-12 18:59:44 Image size of job updated: 697832
	130  -  MemoryUsage of job (MB)
	132336  -  ResidentSetSize of job (KB)
...
005 (311102.003.000) 2023-06-12 18:59:44 Job terminated.
	(1) Normal termination (return value 0)
		Usr 0 00:03:14, Sys 0 00:00:02  -  Run Remote Usage
		Usr 0 00:00:00, Sys 0 00:00:00  -  Run Local Usage
		Usr 0 00:03:14, Sys 0 00:00:02  -  Total Remote Usage
		Usr 0 00:00:00, Sys 0 00:00:00  -  Total Local Usage
	0  -  Run Bytes Sent By Job
	0  -  Run Bytes Received By Job
	0  -  Total Bytes Sent By Job
	0  -  Total Bytes Received By Job
	Partitionable Resources :    Usage  Request Allocated 
	   Cpus                 :                 1         1 
	   Disk (KB)            :        1        1    128928 
	   Memory (MB)          :      130     3900      3968 

	Job terminated of its own accord at 2023-06-12T09:59:44Z.
...
006 (311102.001.000) 2023-06-12 18:59:50 Image size of job updated: 698372
	184  -  MemoryUsage of job (MB)
	187872  -  ResidentSetSize of job (KB)
...
005 (311102.001.000) 2023-06-12 18:59:50 Job terminated.
	(1) Normal termination (return value 0)
		Usr 0 00:03:22, Sys 0 00:00:02  -  Run Remote Usage
		Usr 0 00:00:00, Sys 0 00:00:00  -  Run Local Usage
		Usr 0 00:03:22, Sys 0 00:00:02  -  Total Remote Usage
		Usr 0 00:00:00, Sys 0 00:00:00  -  Total Local Usage
	0  -  Run Bytes Sent By Job
	0  -  Run Bytes Received By Job
	0  -  Total Bytes Sent By Job
	0  -  Total Bytes Received By Job
	Partitionable Resources :    Usage  Request Allocated 
	   Cpus                 :                 1         1 
	   Disk (KB)            :        1        1    128928 
	   Memory (MB)          :      184     3900      3968 

	Job terminated of its own accord at 2023-06-12T09:59:50Z.
...
006 (311102.000.000) 2023-06-12 18:59:53 Image size of job updated: 697112
	184  -  MemoryUsage of job (MB)
	188080  -  ResidentSetSize of job (KB)
...
005 (311102.000.000) 2023-06-12 18:59:54 Job terminated.
	(1) Normal termination (return value 0)
		Usr 0 00:03:24, Sys 0 00:00:03  -  Run Remote Usage
		Usr 0 00:00:00, Sys 0 00:00:00  -  Run Local Usage
		Usr 0 00:03:24, Sys 0 00:00:03  -  Total Remote Usage
		Usr 0 00:00:00, Sys 0 00:00:00  -  Total Local Usage
	0  -  Run Bytes Sent By Job
	0  -  Run Bytes Received By Job
	0  -  Total Bytes Sent By Job
	0  -  Total Bytes Received By Job
	Partitionable Resources :    Usage  Request Allocated 
	   Cpus                 :                 1         1 
	   Disk (KB)            :        1        1    128928 
	   Memory (MB)          :      184     3900      3968 

	Job terminated of its own accord at 2023-06-12T09:59:53Z.
...
006 (311102.004.000) 2023-06-12 18:59:56 Image size of job updated: 697528
	130  -  MemoryUsage of job (MB)
	132792  -  ResidentSetSize of job (KB)
...
005 (311102.004.000) 2023-06-12 18:59:56 Job terminated.
	(1) Normal termination (return value 0)
		Usr 0 00:03:23, Sys 0 00:00:02  -  Run Remote Usage
		Usr 0 00:00:00, Sys 0 00:00:00  -  Run Local Usage
		Usr 0 00:03:23, Sys 0 00:00:02  -  Total Remote Usage
		Usr 0 00:00:00, Sys 0 00:00:00  -  Total Local Usage
	0  -  Run Bytes Sent By Job
	0  -  Run Bytes Received By Job
	0  -  Total Bytes Sent By Job
	0  -  Total Bytes Received By Job
	Partitionable Resources :    Usage  Request Allocated 
	   Cpus                 :     1.00        1         1 
	   Disk (KB)            :     1           1    128928 
	   Memory (MB)          :   130        3900      3968 

	Job terminated of its own accord at 2023-06-12T09:59:56Z.
...
006 (311102.005.000) 2023-06-12 19:00:24 Image size of job updated: 698272
	176  -  MemoryUsage of job (MB)
	179432  -  ResidentSetSize of job (KB)
...
005 (311102.005.000) 2023-06-12 19:00:24 Job terminated.
	(1) Normal termination (return value 0)
		Usr 0 00:03:50, Sys 0 00:00:01  -  Run Remote Usage
		Usr 0 00:00:00, Sys 0 00:00:00  -  Run Local Usage
		Usr 0 00:03:50, Sys 0 00:00:01  -  Total Remote Usage
		Usr 0 00:00:00, Sys 0 00:00:00  -  Total Local Usage
	0  -  Run Bytes Sent By Job
	0  -  Run Bytes Received By Job
	0  -  Total Bytes Sent By Job
	0  -  Total Bytes Received By Job
	Partitionable Resources :    Usage  Request Allocated 
	   Cpus                 :     1.00        1         1 
	   Disk (KB)            :     1           1    128992 
	   Memory (MB)          :   176        3900      3968 

	Job terminated of its own accord at 2023-06-12T10:00:24Z.
...
006 (311102.006.000) 2023-06-12 19:00:31 Image size of job updated: 698236
	166  -  MemoryUsage of job (MB)
	169324  -  ResidentSetSize of job (KB)
...
005 (311102.006.000) 2023-06-12 19:00:31 Job terminated.
	(1) Normal termination (return value 0)
		Usr 0 00:04:02, Sys 0 00:00:03  -  Run Remote Usage
		Usr 0 00:00:00, Sys 0 00:00:00  -  Run Local Usage
		Usr 0 00:04:02, Sys 0 00:00:03  -  Total Remote Usage
		Usr 0 00:00:00, Sys 0 00:00:00  -  Total Local Usage
	0  -  Run Bytes Sent By Job
	0  -  Run Bytes Received By Job
	0  -  Total Bytes Sent By Job
	0  -  Total Bytes Received By Job
	Partitionable Resources :    Usage  Request Allocated 
	   Cpus                 :     0.98        1         1 
	   Disk (KB)            :     1           1    128913 
	   Memory (MB)          :   166        3900      3968 

	Job terminated of its own accord at 2023-06-12T10:00:31Z.
...
006 (311102.009.000) 2023-06-12 19:00:54 Image size of job updated: 695284
	49  -  MemoryUsage of job (MB)
	49864  -  ResidentSetSize of job (KB)
...
040 (311102.009.000) 2023-06-12 19:00:54 Started transferring output files
...
040 (311102.009.000) 2023-06-12 19:00:54 Finished transferring output files
...
005 (311102.009.000) 2023-06-12 19:00:54 Job terminated.
	(1) Normal termination (return value 0)
		Usr 0 00:04:16, Sys 0 00:00:02  -  Run Remote Usage
		Usr 0 00:00:00, Sys 0 00:00:00  -  Run Local Usage
		Usr 0 00:04:16, Sys 0 00:00:02  -  Total Remote Usage
		Usr 0 00:00:00, Sys 0 00:00:00  -  Total Local Usage
	10046  -  Run Bytes Sent By Job
	148  -  Run Bytes Received By Job
	10046  -  Total Bytes Sent By Job
	148  -  Total Bytes Received By Job
	Partitionable Resources :    Usage  Request Allocated 
	   Cpus                 :     0.99        1         1 
	   Disk (KB)            :    60           1    127899 
	   Memory (MB)          :    49        3900      3968 

	Job terminated of its own accord at 2023-06-12T10:00:54Z.
...
006 (311102.007.000) 2023-06-12 19:00:55 Image size of job updated: 697128
	167  -  MemoryUsage of job (MB)
	170084  -  ResidentSetSize of job (KB)
...
005 (311102.007.000) 2023-06-12 19:00:55 Job terminated.
	(1) Normal termination (return value 0)
		Usr 0 00:04:25, Sys 0 00:00:02  -  Run Remote Usage
		Usr 0 00:00:00, Sys 0 00:00:00  -  Run Local Usage
		Usr 0 00:04:25, Sys 0 00:00:02  -  Total Remote Usage
		Usr 0 00:00:00, Sys 0 00:00:00  -  Total Local Usage
	0  -  Run Bytes Sent By Job
	0  -  Run Bytes Received By Job
	0  -  Total Bytes Sent By Job
	0  -  Total Bytes Received By Job
	Partitionable Resources :    Usage  Request Allocated 
	   Cpus                 :     0.99        1         1 
	   Disk (KB)            :     1           1    128913 
	   Memory (MB)          :   167        3900      3968 

	Job terminated of its own accord at 2023-06-12T10:00:55Z.
...
006 (311102.008.000) 2023-06-12 19:01:28 Image size of job updated: 697088
	220  -  MemoryUsage of job (MB)
	224924  -  ResidentSetSize of job (KB)
...
040 (311102.008.000) 2023-06-12 19:02:10 Started transferring output files
...
040 (311102.008.000) 2023-06-12 19:02:10 Finished transferring output files
...
005 (311102.008.000) 2023-06-12 19:02:10 Job terminated.
	(1) Normal termination (return value 0)
		Usr 0 00:05:39, Sys 0 00:00:03  -  Run Remote Usage
		Usr 0 00:00:00, Sys 0 00:00:00  -  Run Local Usage
		Usr 0 00:05:39, Sys 0 00:00:03  -  Total Remote Usage
		Usr 0 00:00:00, Sys 0 00:00:00  -  Total Local Usage
	9593  -  Run Bytes Sent By Job
	148  -  Run Bytes Received By Job
	9593  -  Total Bytes Sent By Job
	148  -  Total Bytes Received By Job
	Partitionable Resources :    Usage  Request Allocated 
	   Cpus                 :     1.00        1         1 
	   Disk (KB)            :    60           1     61930 
	   Memory (MB)          :   220        3900      3968 

	Job terminated of its own accord at 2023-06-12T10:02:10Z.
...
