000 (330098.000.000) 2023-07-25 10:59:26 Job submitted from host: <172.30.1.200:9618?addrs=172.30.1.200-9618&alias=tamsa2.snu.ac.kr&noUDP&sock=schedd_3510_2582>
...
000 (330098.001.000) 2023-07-25 10:59:26 Job submitted from host: <172.30.1.200:9618?addrs=172.30.1.200-9618&alias=tamsa2.snu.ac.kr&noUDP&sock=schedd_3510_2582>
...
000 (330098.002.000) 2023-07-25 10:59:26 Job submitted from host: <172.30.1.200:9618?addrs=172.30.1.200-9618&alias=tamsa2.snu.ac.kr&noUDP&sock=schedd_3510_2582>
...
000 (330098.003.000) 2023-07-25 10:59:26 Job submitted from host: <172.30.1.200:9618?addrs=172.30.1.200-9618&alias=tamsa2.snu.ac.kr&noUDP&sock=schedd_3510_2582>
...
000 (330098.004.000) 2023-07-25 10:59:26 Job submitted from host: <172.30.1.200:9618?addrs=172.30.1.200-9618&alias=tamsa2.snu.ac.kr&noUDP&sock=schedd_3510_2582>
...
000 (330098.005.000) 2023-07-25 10:59:26 Job submitted from host: <172.30.1.200:9618?addrs=172.30.1.200-9618&alias=tamsa2.snu.ac.kr&noUDP&sock=schedd_3510_2582>
...
000 (330098.006.000) 2023-07-25 10:59:26 Job submitted from host: <172.30.1.200:9618?addrs=172.30.1.200-9618&alias=tamsa2.snu.ac.kr&noUDP&sock=schedd_3510_2582>
...
000 (330098.007.000) 2023-07-25 10:59:26 Job submitted from host: <172.30.1.200:9618?addrs=172.30.1.200-9618&alias=tamsa2.snu.ac.kr&noUDP&sock=schedd_3510_2582>
...
000 (330098.008.000) 2023-07-25 10:59:26 Job submitted from host: <172.30.1.200:9618?addrs=172.30.1.200-9618&alias=tamsa2.snu.ac.kr&noUDP&sock=schedd_3510_2582>
...
000 (330098.009.000) 2023-07-25 10:59:26 Job submitted from host: <172.30.1.200:9618?addrs=172.30.1.200-9618&alias=tamsa2.snu.ac.kr&noUDP&sock=schedd_3510_2582>
...
040 (330098.000.000) 2023-07-25 10:59:41 Started transferring input files
	Transferring to host: <172.30.1.111:9618?addrs=172.30.1.111-9618&alias=n11&noUDP&sock=slot1_25_4451_e1ce_37715>
...
040 (330098.000.000) 2023-07-25 10:59:41 Finished transferring input files
...
040 (330098.001.000) 2023-07-25 10:59:41 Started transferring input files
	Transferring to host: <172.30.1.111:9618?addrs=172.30.1.111-9618&alias=n11&noUDP&sock=slot1_26_4451_e1ce_37716>
...
040 (330098.001.000) 2023-07-25 10:59:41 Finished transferring input files
...
040 (330098.002.000) 2023-07-25 10:59:41 Started transferring input files
	Transferring to host: <172.30.1.111:9618?addrs=172.30.1.111-9618&alias=n11&noUDP&sock=slot1_27_4451_e1ce_37717>
...
040 (330098.002.000) 2023-07-25 10:59:41 Finished transferring input files
...
040 (330098.003.000) 2023-07-25 10:59:41 Started transferring input files
	Transferring to host: <172.30.1.111:9618?addrs=172.30.1.111-9618&alias=n11&noUDP&sock=slot1_28_4451_e1ce_37718>
...
040 (330098.003.000) 2023-07-25 10:59:41 Finished transferring input files
...
040 (330098.004.000) 2023-07-25 10:59:41 Started transferring input files
	Transferring to host: <172.30.1.111:9618?addrs=172.30.1.111-9618&alias=n11&noUDP&sock=slot1_29_4451_e1ce_37719>
...
040 (330098.004.000) 2023-07-25 10:59:41 Finished transferring input files
...
040 (330098.005.000) 2023-07-25 10:59:41 Started transferring input files
	Transferring to host: <172.30.1.111:9618?addrs=172.30.1.111-9618&alias=n11&noUDP&sock=slot1_30_4451_e1ce_37720>
...
040 (330098.005.000) 2023-07-25 10:59:41 Finished transferring input files
...
040 (330098.006.000) 2023-07-25 10:59:41 Started transferring input files
	Transferring to host: <172.30.1.111:9618?addrs=172.30.1.111-9618&alias=n11&noUDP&sock=slot1_31_4451_e1ce_37721>
...
040 (330098.006.000) 2023-07-25 10:59:41 Finished transferring input files
...
040 (330098.008.000) 2023-07-25 10:59:41 Started transferring input files
	Transferring to host: <172.30.1.111:9618?addrs=172.30.1.111-9618&alias=n11&noUDP&sock=slot1_33_4451_e1ce_37722>
...
040 (330098.008.000) 2023-07-25 10:59:41 Finished transferring input files
...
040 (330098.007.000) 2023-07-25 10:59:42 Started transferring input files
	Transferring to host: <172.30.1.111:9618?addrs=172.30.1.111-9618&alias=n11&noUDP&sock=slot1_32_4451_e1ce_37723>
...
040 (330098.007.000) 2023-07-25 10:59:42 Finished transferring input files
...
040 (330098.009.000) 2023-07-25 10:59:42 Started transferring input files
	Transferring to host: <172.30.1.111:9618?addrs=172.30.1.111-9618&alias=n11&noUDP&sock=slot1_34_4451_e1ce_37724>
...
040 (330098.009.000) 2023-07-25 10:59:42 Finished transferring input files
...
001 (330098.000.000) 2023-07-25 10:59:42 Job executing on host: <172.30.1.111:9618?addrs=172.30.1.111-9618&alias=n11&noUDP&sock=startd_4417_45e8>
...
001 (330098.001.000) 2023-07-25 10:59:42 Job executing on host: <172.30.1.111:9618?addrs=172.30.1.111-9618&alias=n11&noUDP&sock=startd_4417_45e8>
...
001 (330098.002.000) 2023-07-25 10:59:42 Job executing on host: <172.30.1.111:9618?addrs=172.30.1.111-9618&alias=n11&noUDP&sock=startd_4417_45e8>
...
001 (330098.003.000) 2023-07-25 10:59:42 Job executing on host: <172.30.1.111:9618?addrs=172.30.1.111-9618&alias=n11&noUDP&sock=startd_4417_45e8>
...
001 (330098.004.000) 2023-07-25 10:59:42 Job executing on host: <172.30.1.111:9618?addrs=172.30.1.111-9618&alias=n11&noUDP&sock=startd_4417_45e8>
...
001 (330098.005.000) 2023-07-25 10:59:42 Job executing on host: <172.30.1.111:9618?addrs=172.30.1.111-9618&alias=n11&noUDP&sock=startd_4417_45e8>
...
001 (330098.006.000) 2023-07-25 10:59:42 Job executing on host: <172.30.1.111:9618?addrs=172.30.1.111-9618&alias=n11&noUDP&sock=startd_4417_45e8>
...
001 (330098.008.000) 2023-07-25 10:59:42 Job executing on host: <172.30.1.111:9618?addrs=172.30.1.111-9618&alias=n11&noUDP&sock=startd_4417_45e8>
...
001 (330098.007.000) 2023-07-25 10:59:43 Job executing on host: <172.30.1.111:9618?addrs=172.30.1.111-9618&alias=n11&noUDP&sock=startd_4417_45e8>
...
001 (330098.009.000) 2023-07-25 10:59:43 Job executing on host: <172.30.1.111:9618?addrs=172.30.1.111-9618&alias=n11&noUDP&sock=startd_4417_45e8>
...
006 (330098.000.000) 2023-07-25 10:59:50 Image size of job updated: 394724
	206  -  MemoryUsage of job (MB)
	210364  -  ResidentSetSize of job (KB)
...
006 (330098.001.000) 2023-07-25 10:59:50 Image size of job updated: 391524
	206  -  MemoryUsage of job (MB)
	210372  -  ResidentSetSize of job (KB)
...
006 (330098.002.000) 2023-07-25 10:59:50 Image size of job updated: 392680
	206  -  MemoryUsage of job (MB)
	210352  -  ResidentSetSize of job (KB)
...
006 (330098.008.000) 2023-07-25 10:59:51 Image size of job updated: 203228
	199  -  MemoryUsage of job (MB)
	203228  -  ResidentSetSize of job (KB)
...
006 (330098.007.000) 2023-07-25 10:59:51 Image size of job updated: 208828
	204  -  MemoryUsage of job (MB)
	208828  -  ResidentSetSize of job (KB)
...
006 (330098.009.000) 2023-07-25 10:59:51 Image size of job updated: 210376
	206  -  MemoryUsage of job (MB)
	210376  -  ResidentSetSize of job (KB)
...
006 (330098.003.000) 2023-07-25 10:59:51 Image size of job updated: 398540
	208  -  MemoryUsage of job (MB)
	212128  -  ResidentSetSize of job (KB)
...
006 (330098.004.000) 2023-07-25 10:59:51 Image size of job updated: 391524
	206  -  MemoryUsage of job (MB)
	210364  -  ResidentSetSize of job (KB)
...
006 (330098.005.000) 2023-07-25 10:59:51 Image size of job updated: 385844
	208  -  MemoryUsage of job (MB)
	212128  -  ResidentSetSize of job (KB)
...
006 (330098.006.000) 2023-07-25 10:59:51 Image size of job updated: 282280
	206  -  MemoryUsage of job (MB)
	210480  -  ResidentSetSize of job (KB)
...
006 (330098.003.000) 2023-07-25 10:59:54 Image size of job updated: 685648
	208  -  MemoryUsage of job (MB)
	212128  -  ResidentSetSize of job (KB)
...
040 (330098.003.000) 2023-07-25 10:59:54 Started transferring output files
...
040 (330098.003.000) 2023-07-25 10:59:54 Finished transferring output files
...
005 (330098.003.000) 2023-07-25 10:59:54 Job terminated.
	(1) Normal termination (return value 0)
		Usr 0 00:00:10, Sys 0 00:00:00  -  Run Remote Usage
		Usr 0 00:00:00, Sys 0 00:00:00  -  Run Local Usage
		Usr 0 00:00:10, Sys 0 00:00:00  -  Total Remote Usage
		Usr 0 00:00:00, Sys 0 00:00:00  -  Total Local Usage
	1219  -  Run Bytes Sent By Job
	170  -  Run Bytes Received By Job
	1219  -  Total Bytes Sent By Job
	170  -  Total Bytes Received By Job
	Partitionable Resources :    Usage  Request Allocated 
	   Cpus                 :     0.05        1         1 
	   Disk (KB)            :    53           1    127802 
	   GPUs                 :                           0 
	   Memory (MB)          :   208        3900      3968 

	Job terminated of its own accord at 2023-07-25T01:59:54Z.
...
006 (330098.007.000) 2023-07-25 10:59:55 Image size of job updated: 681260
	204  -  MemoryUsage of job (MB)
	208828  -  ResidentSetSize of job (KB)
...
040 (330098.007.000) 2023-07-25 10:59:55 Started transferring output files
...
040 (330098.007.000) 2023-07-25 10:59:55 Finished transferring output files
...
005 (330098.007.000) 2023-07-25 10:59:55 Job terminated.
	(1) Normal termination (return value 0)
		Usr 0 00:00:11, Sys 0 00:00:00  -  Run Remote Usage
		Usr 0 00:00:00, Sys 0 00:00:00  -  Run Local Usage
		Usr 0 00:00:11, Sys 0 00:00:00  -  Total Remote Usage
		Usr 0 00:00:00, Sys 0 00:00:00  -  Total Local Usage
	901  -  Run Bytes Sent By Job
	170  -  Run Bytes Received By Job
	901  -  Total Bytes Sent By Job
	170  -  Total Bytes Received By Job
	Partitionable Resources :    Usage  Request Allocated 
	   Cpus                 :     0.04        1         1 
	   Disk (KB)            :    53           1    127802 
	   GPUs                 :                           0 
	   Memory (MB)          :   204        3900      3968 

	Job terminated of its own accord at 2023-07-25T01:59:55Z.
...
006 (330098.008.000) 2023-07-25 10:59:55 Image size of job updated: 685824
	199  -  MemoryUsage of job (MB)
	203288  -  ResidentSetSize of job (KB)
...
040 (330098.008.000) 2023-07-25 10:59:55 Started transferring output files
...
040 (330098.008.000) 2023-07-25 10:59:55 Finished transferring output files
...
005 (330098.008.000) 2023-07-25 10:59:55 Job terminated.
	(1) Normal termination (return value 0)
		Usr 0 00:00:11, Sys 0 00:00:00  -  Run Remote Usage
		Usr 0 00:00:00, Sys 0 00:00:00  -  Run Local Usage
		Usr 0 00:00:11, Sys 0 00:00:00  -  Total Remote Usage
		Usr 0 00:00:00, Sys 0 00:00:00  -  Total Local Usage
	933  -  Run Bytes Sent By Job
	170  -  Run Bytes Received By Job
	933  -  Total Bytes Sent By Job
	170  -  Total Bytes Received By Job
	Partitionable Resources :    Usage  Request Allocated 
	   Cpus                 :     0.05        1         1 
	   Disk (KB)            :    53           1    127802 
	   GPUs                 :                           0 
	   Memory (MB)          :   199        3900      3968 

	Job terminated of its own accord at 2023-07-25T01:59:55Z.
...
006 (330098.001.000) 2023-07-25 10:59:56 Image size of job updated: 687564
	206  -  MemoryUsage of job (MB)
	210372  -  ResidentSetSize of job (KB)
...
040 (330098.001.000) 2023-07-25 10:59:56 Started transferring output files
...
040 (330098.001.000) 2023-07-25 10:59:56 Finished transferring output files
...
005 (330098.001.000) 2023-07-25 10:59:56 Job terminated.
	(1) Normal termination (return value 0)
		Usr 0 00:00:12, Sys 0 00:00:00  -  Run Remote Usage
		Usr 0 00:00:00, Sys 0 00:00:00  -  Run Local Usage
		Usr 0 00:00:12, Sys 0 00:00:00  -  Total Remote Usage
		Usr 0 00:00:00, Sys 0 00:00:00  -  Total Local Usage
	1159  -  Run Bytes Sent By Job
	170  -  Run Bytes Received By Job
	1159  -  Total Bytes Sent By Job
	170  -  Total Bytes Received By Job
	Partitionable Resources :    Usage  Request Allocated 
	   Cpus                 :     0.04        1         1 
	   Disk (KB)            :    53           1    127802 
	   GPUs                 :                           0 
	   Memory (MB)          :   206        3900      3968 

	Job terminated of its own accord at 2023-07-25T01:59:56Z.
...
006 (330098.009.000) 2023-07-25 10:59:56 Image size of job updated: 694708
	206  -  MemoryUsage of job (MB)
	210376  -  ResidentSetSize of job (KB)
...
040 (330098.009.000) 2023-07-25 10:59:56 Started transferring output files
...
040 (330098.009.000) 2023-07-25 10:59:56 Finished transferring output files
...
005 (330098.009.000) 2023-07-25 10:59:56 Job terminated.
	(1) Normal termination (return value 0)
		Usr 0 00:00:11, Sys 0 00:00:00  -  Run Remote Usage
		Usr 0 00:00:00, Sys 0 00:00:00  -  Run Local Usage
		Usr 0 00:00:11, Sys 0 00:00:00  -  Total Remote Usage
		Usr 0 00:00:00, Sys 0 00:00:00  -  Total Local Usage
	932  -  Run Bytes Sent By Job
	170  -  Run Bytes Received By Job
	932  -  Total Bytes Sent By Job
	170  -  Total Bytes Received By Job
	Partitionable Resources :    Usage  Request Allocated 
	   Cpus                 :     0.06        1         1 
	   Disk (KB)            :    53           1    127802 
	   GPUs                 :                           0 
	   Memory (MB)          :   206        3900      3968 

	Job terminated of its own accord at 2023-07-25T01:59:56Z.
...
006 (330098.006.000) 2023-07-25 10:59:56 Image size of job updated: 685808
	206  -  MemoryUsage of job (MB)
	210480  -  ResidentSetSize of job (KB)
...
040 (330098.006.000) 2023-07-25 10:59:56 Started transferring output files
...
040 (330098.006.000) 2023-07-25 10:59:56 Finished transferring output files
...
005 (330098.006.000) 2023-07-25 10:59:56 Job terminated.
	(1) Normal termination (return value 0)
		Usr 0 00:00:12, Sys 0 00:00:00  -  Run Remote Usage
		Usr 0 00:00:00, Sys 0 00:00:00  -  Run Local Usage
		Usr 0 00:00:12, Sys 0 00:00:00  -  Total Remote Usage
		Usr 0 00:00:00, Sys 0 00:00:00  -  Total Local Usage
	963  -  Run Bytes Sent By Job
	170  -  Run Bytes Received By Job
	963  -  Total Bytes Sent By Job
	170  -  Total Bytes Received By Job
	Partitionable Resources :    Usage  Request Allocated 
	   Cpus                 :     0.04        1         1 
	   Disk (KB)            :    53           1    127802 
	   GPUs                 :                           0 
	   Memory (MB)          :   206        3900      3968 

	Job terminated of its own accord at 2023-07-25T01:59:56Z.
...
006 (330098.005.000) 2023-07-25 10:59:56 Image size of job updated: 685616
	208  -  MemoryUsage of job (MB)
	212128  -  ResidentSetSize of job (KB)
...
040 (330098.005.000) 2023-07-25 10:59:56 Started transferring output files
...
040 (330098.005.000) 2023-07-25 10:59:56 Finished transferring output files
...
005 (330098.005.000) 2023-07-25 10:59:57 Job terminated.
	(1) Normal termination (return value 0)
		Usr 0 00:00:12, Sys 0 00:00:00  -  Run Remote Usage
		Usr 0 00:00:00, Sys 0 00:00:00  -  Run Local Usage
		Usr 0 00:00:12, Sys 0 00:00:00  -  Total Remote Usage
		Usr 0 00:00:00, Sys 0 00:00:00  -  Total Local Usage
	1129  -  Run Bytes Sent By Job
	170  -  Run Bytes Received By Job
	1129  -  Total Bytes Sent By Job
	170  -  Total Bytes Received By Job
	Partitionable Resources :    Usage  Request Allocated 
	   Cpus                 :     0.04        1         1 
	   Disk (KB)            :    53           1    127802 
	   GPUs                 :                           0 
	   Memory (MB)          :   208        3900      3968 

	Job terminated of its own accord at 2023-07-25T01:59:56Z.
...
006 (330098.004.000) 2023-07-25 10:59:58 Image size of job updated: 694668
	206  -  MemoryUsage of job (MB)
	210364  -  ResidentSetSize of job (KB)
...
040 (330098.004.000) 2023-07-25 10:59:58 Started transferring output files
...
040 (330098.004.000) 2023-07-25 10:59:58 Finished transferring output files
...
005 (330098.004.000) 2023-07-25 10:59:58 Job terminated.
	(1) Normal termination (return value 0)
		Usr 0 00:00:14, Sys 0 00:00:00  -  Run Remote Usage
		Usr 0 00:00:00, Sys 0 00:00:00  -  Run Local Usage
		Usr 0 00:00:14, Sys 0 00:00:00  -  Total Remote Usage
		Usr 0 00:00:00, Sys 0 00:00:00  -  Total Local Usage
	1190  -  Run Bytes Sent By Job
	170  -  Run Bytes Received By Job
	1190  -  Total Bytes Sent By Job
	170  -  Total Bytes Received By Job
	Partitionable Resources :    Usage  Request Allocated 
	   Cpus                 :     0.05        1         1 
	   Disk (KB)            :    53           1    127802 
	   GPUs                 :                           0 
	   Memory (MB)          :   206        3900      3968 

	Job terminated of its own accord at 2023-07-25T01:59:58Z.
...
006 (330098.000.000) 2023-07-25 10:59:59 Image size of job updated: 694676
	206  -  MemoryUsage of job (MB)
	210364  -  ResidentSetSize of job (KB)
...
040 (330098.000.000) 2023-07-25 10:59:59 Started transferring output files
...
040 (330098.000.000) 2023-07-25 10:59:59 Finished transferring output files
...
005 (330098.000.000) 2023-07-25 10:59:59 Job terminated.
	(1) Normal termination (return value 0)
		Usr 0 00:00:15, Sys 0 00:00:00  -  Run Remote Usage
		Usr 0 00:00:00, Sys 0 00:00:00  -  Run Local Usage
		Usr 0 00:00:15, Sys 0 00:00:00  -  Total Remote Usage
		Usr 0 00:00:00, Sys 0 00:00:00  -  Total Local Usage
	1159  -  Run Bytes Sent By Job
	170  -  Run Bytes Received By Job
	1159  -  Total Bytes Sent By Job
	170  -  Total Bytes Received By Job
	Partitionable Resources :    Usage  Request Allocated 
	   Cpus                 :     0.01        1         1 
	   Disk (KB)            :    53           1    127802 
	   GPUs                 :                           0 
	   Memory (MB)          :   206        3900      3968 

	Job terminated of its own accord at 2023-07-25T01:59:59Z.
...
006 (330098.002.000) 2023-07-25 11:00:00 Image size of job updated: 685752
	206  -  MemoryUsage of job (MB)
	210352  -  ResidentSetSize of job (KB)
...
040 (330098.002.000) 2023-07-25 11:00:00 Started transferring output files
...
040 (330098.002.000) 2023-07-25 11:00:00 Finished transferring output files
...
005 (330098.002.000) 2023-07-25 11:00:00 Job terminated.
	(1) Normal termination (return value 0)
		Usr 0 00:00:16, Sys 0 00:00:00  -  Run Remote Usage
		Usr 0 00:00:00, Sys 0 00:00:00  -  Run Local Usage
		Usr 0 00:00:16, Sys 0 00:00:00  -  Total Remote Usage
		Usr 0 00:00:00, Sys 0 00:00:00  -  Total Local Usage
	1160  -  Run Bytes Sent By Job
	170  -  Run Bytes Received By Job
	1160  -  Total Bytes Sent By Job
	170  -  Total Bytes Received By Job
	Partitionable Resources :    Usage  Request Allocated 
	   Cpus                 :     0.03        1         1 
	   Disk (KB)            :    53           1    127802 
	   GPUs                 :                           0 
	   Memory (MB)          :   206        3900      3968 

	Job terminated of its own accord at 2023-07-25T02:00:00Z.
...
