000 (310685.000.000) 2023-06-12 12:52:00 Job submitted from host: <172.30.1.200:9618?addrs=172.30.1.200-9618&alias=tamsa2.snu.ac.kr&noUDP&sock=schedd_3510_2582>
...
000 (310685.001.000) 2023-06-12 12:52:00 Job submitted from host: <172.30.1.200:9618?addrs=172.30.1.200-9618&alias=tamsa2.snu.ac.kr&noUDP&sock=schedd_3510_2582>
...
000 (310685.002.000) 2023-06-12 12:52:00 Job submitted from host: <172.30.1.200:9618?addrs=172.30.1.200-9618&alias=tamsa2.snu.ac.kr&noUDP&sock=schedd_3510_2582>
...
000 (310685.003.000) 2023-06-12 12:52:00 Job submitted from host: <172.30.1.200:9618?addrs=172.30.1.200-9618&alias=tamsa2.snu.ac.kr&noUDP&sock=schedd_3510_2582>
...
000 (310685.004.000) 2023-06-12 12:52:00 Job submitted from host: <172.30.1.200:9618?addrs=172.30.1.200-9618&alias=tamsa2.snu.ac.kr&noUDP&sock=schedd_3510_2582>
...
000 (310685.005.000) 2023-06-12 12:52:00 Job submitted from host: <172.30.1.200:9618?addrs=172.30.1.200-9618&alias=tamsa2.snu.ac.kr&noUDP&sock=schedd_3510_2582>
...
000 (310685.006.000) 2023-06-12 12:52:00 Job submitted from host: <172.30.1.200:9618?addrs=172.30.1.200-9618&alias=tamsa2.snu.ac.kr&noUDP&sock=schedd_3510_2582>
...
000 (310685.007.000) 2023-06-12 12:52:00 Job submitted from host: <172.30.1.200:9618?addrs=172.30.1.200-9618&alias=tamsa2.snu.ac.kr&noUDP&sock=schedd_3510_2582>
...
000 (310685.008.000) 2023-06-12 12:52:00 Job submitted from host: <172.30.1.200:9618?addrs=172.30.1.200-9618&alias=tamsa2.snu.ac.kr&noUDP&sock=schedd_3510_2582>
...
000 (310685.009.000) 2023-06-12 12:52:00 Job submitted from host: <172.30.1.200:9618?addrs=172.30.1.200-9618&alias=tamsa2.snu.ac.kr&noUDP&sock=schedd_3510_2582>
...
001 (310685.000.000) 2023-06-12 12:52:12 Job executing on host: <172.30.1.208:9618?addrs=172.30.1.208-9618&alias=node8&noUDP&sock=startd_3802_6f2a>
...
001 (310685.001.000) 2023-06-12 12:52:13 Job executing on host: <172.30.1.208:9618?addrs=172.30.1.208-9618&alias=node8&noUDP&sock=startd_3802_6f2a>
...
001 (310685.006.000) 2023-06-12 12:52:13 Job executing on host: <172.30.1.209:9618?addrs=172.30.1.209-9618&alias=node9&noUDP&sock=startd_3776_99b3>
...
001 (310685.002.000) 2023-06-12 12:52:13 Job executing on host: <172.30.1.208:9618?addrs=172.30.1.208-9618&alias=node8&noUDP&sock=startd_3802_6f2a>
...
001 (310685.007.000) 2023-06-12 12:52:13 Job executing on host: <172.30.1.209:9618?addrs=172.30.1.209-9618&alias=node9&noUDP&sock=startd_3776_99b3>
...
001 (310685.008.000) 2023-06-12 12:52:13 Job executing on host: <172.30.1.209:9618?addrs=172.30.1.209-9618&alias=node9&noUDP&sock=startd_3776_99b3>
...
001 (310685.003.000) 2023-06-12 12:52:13 Job executing on host: <172.30.1.208:9618?addrs=172.30.1.208-9618&alias=node8&noUDP&sock=startd_3802_6f2a>
...
001 (310685.004.000) 2023-06-12 12:52:13 Job executing on host: <172.30.1.208:9618?addrs=172.30.1.208-9618&alias=node8&noUDP&sock=startd_3802_6f2a>
...
001 (310685.009.000) 2023-06-12 12:52:13 Job executing on host: <172.30.1.209:9618?addrs=172.30.1.209-9618&alias=node9&noUDP&sock=startd_3776_99b3>
...
001 (310685.005.000) 2023-06-12 12:52:13 Job executing on host: <172.30.1.208:9618?addrs=172.30.1.208-9618&alias=node8&noUDP&sock=startd_3802_6f2a>
...
006 (310685.000.000) 2023-06-12 12:52:21 Image size of job updated: 176708
	173  -  MemoryUsage of job (MB)
	176516  -  ResidentSetSize of job (KB)
...
006 (310685.006.000) 2023-06-12 12:52:21 Image size of job updated: 161644
	151  -  MemoryUsage of job (MB)
	154616  -  ResidentSetSize of job (KB)
...
006 (310685.001.000) 2023-06-12 12:52:21 Image size of job updated: 590564
	173  -  MemoryUsage of job (MB)
	176524  -  ResidentSetSize of job (KB)
...
006 (310685.007.000) 2023-06-12 12:52:21 Image size of job updated: 551524
	152  -  MemoryUsage of job (MB)
	155092  -  ResidentSetSize of job (KB)
...
006 (310685.002.000) 2023-06-12 12:52:21 Image size of job updated: 551524
	152  -  MemoryUsage of job (MB)
	155108  -  ResidentSetSize of job (KB)
...
006 (310685.003.000) 2023-06-12 12:52:21 Image size of job updated: 590564
	173  -  MemoryUsage of job (MB)
	176540  -  ResidentSetSize of job (KB)
...
006 (310685.008.000) 2023-06-12 12:52:21 Image size of job updated: 551080
	152  -  MemoryUsage of job (MB)
	154632  -  ResidentSetSize of job (KB)
...
006 (310685.004.000) 2023-06-12 12:52:21 Image size of job updated: 552748
	160  -  MemoryUsage of job (MB)
	162908  -  ResidentSetSize of job (KB)
...
006 (310685.009.000) 2023-06-12 12:52:21 Image size of job updated: 551084
	152  -  MemoryUsage of job (MB)
	154632  -  ResidentSetSize of job (KB)
...
006 (310685.005.000) 2023-06-12 12:52:21 Image size of job updated: 551508
	159  -  MemoryUsage of job (MB)
	162680  -  ResidentSetSize of job (KB)
...
005 (310685.003.000) 2023-06-12 12:52:33 Job terminated.
	(1) Normal termination (return value 0)
		Usr 0 00:00:15, Sys 0 00:00:01  -  Run Remote Usage
		Usr 0 00:00:00, Sys 0 00:00:00  -  Run Local Usage
		Usr 0 00:00:15, Sys 0 00:00:01  -  Total Remote Usage
		Usr 0 00:00:00, Sys 0 00:00:00  -  Total Local Usage
	0  -  Run Bytes Sent By Job
	0  -  Run Bytes Received By Job
	0  -  Total Bytes Sent By Job
	0  -  Total Bytes Received By Job
	Partitionable Resources :    Usage  Request Allocated 
	   Cpus                 :                 1         1 
	   Disk (KB)            :        1        1    128928 
	   Memory (MB)          :      173     3900      3968 

	Job terminated of its own accord at 2023-06-12T03:52:33Z.
...
006 (310685.004.000) 2023-06-12 12:52:34 Image size of job updated: 607040
	160  -  MemoryUsage of job (MB)
	163048  -  ResidentSetSize of job (KB)
...
005 (310685.004.000) 2023-06-12 12:52:34 Job terminated.
	(1) Normal termination (return value 0)
		Usr 0 00:00:17, Sys 0 00:00:01  -  Run Remote Usage
		Usr 0 00:00:00, Sys 0 00:00:00  -  Run Local Usage
		Usr 0 00:00:17, Sys 0 00:00:01  -  Total Remote Usage
		Usr 0 00:00:00, Sys 0 00:00:00  -  Total Local Usage
	0  -  Run Bytes Sent By Job
	0  -  Run Bytes Received By Job
	0  -  Total Bytes Sent By Job
	0  -  Total Bytes Received By Job
	Partitionable Resources :    Usage  Request Allocated 
	   Cpus                 :                 1         1 
	   Disk (KB)            :        1        1    128928 
	   Memory (MB)          :      160     3900      3968 

	Job terminated of its own accord at 2023-06-12T03:52:34Z.
...
006 (310685.001.000) 2023-06-12 12:52:35 Image size of job updated: 607068
	173  -  MemoryUsage of job (MB)
	176524  -  ResidentSetSize of job (KB)
...
005 (310685.001.000) 2023-06-12 12:52:35 Job terminated.
	(1) Normal termination (return value 0)
		Usr 0 00:00:17, Sys 0 00:00:01  -  Run Remote Usage
		Usr 0 00:00:00, Sys 0 00:00:00  -  Run Local Usage
		Usr 0 00:00:17, Sys 0 00:00:01  -  Total Remote Usage
		Usr 0 00:00:00, Sys 0 00:00:00  -  Total Local Usage
	0  -  Run Bytes Sent By Job
	0  -  Run Bytes Received By Job
	0  -  Total Bytes Sent By Job
	0  -  Total Bytes Received By Job
	Partitionable Resources :    Usage  Request Allocated 
	   Cpus                 :                 1         1 
	   Disk (KB)            :        1        1    128928 
	   Memory (MB)          :      173     3900      3968 

	Job terminated of its own accord at 2023-06-12T03:52:35Z.
...
006 (310685.000.000) 2023-06-12 12:52:35 Image size of job updated: 607056
	173  -  MemoryUsage of job (MB)
	176516  -  ResidentSetSize of job (KB)
...
005 (310685.000.000) 2023-06-12 12:52:35 Job terminated.
	(1) Normal termination (return value 0)
		Usr 0 00:00:17, Sys 0 00:00:01  -  Run Remote Usage
		Usr 0 00:00:00, Sys 0 00:00:00  -  Run Local Usage
		Usr 0 00:00:17, Sys 0 00:00:01  -  Total Remote Usage
		Usr 0 00:00:00, Sys 0 00:00:00  -  Total Local Usage
	0  -  Run Bytes Sent By Job
	0  -  Run Bytes Received By Job
	0  -  Total Bytes Sent By Job
	0  -  Total Bytes Received By Job
	Partitionable Resources :    Usage  Request Allocated 
	   Cpus                 :                 1         1 
	   Disk (KB)            :        1        1    128928 
	   Memory (MB)          :      173     3900      3968 

	Job terminated of its own accord at 2023-06-12T03:52:35Z.
...
006 (310685.009.000) 2023-06-12 12:52:37 Image size of job updated: 608800
	152  -  MemoryUsage of job (MB)
	154632  -  ResidentSetSize of job (KB)
...
006 (310685.008.000) 2023-06-12 12:52:37 Image size of job updated: 608756
	152  -  MemoryUsage of job (MB)
	154632  -  ResidentSetSize of job (KB)
...
005 (310685.009.000) 2023-06-12 12:52:37 Job terminated.
	(1) Normal termination (return value 0)
		Usr 0 00:00:17, Sys 0 00:00:01  -  Run Remote Usage
		Usr 0 00:00:00, Sys 0 00:00:00  -  Run Local Usage
		Usr 0 00:00:17, Sys 0 00:00:01  -  Total Remote Usage
		Usr 0 00:00:00, Sys 0 00:00:00  -  Total Local Usage
	0  -  Run Bytes Sent By Job
	0  -  Run Bytes Received By Job
	0  -  Total Bytes Sent By Job
	0  -  Total Bytes Received By Job
	Partitionable Resources :    Usage  Request Allocated 
	   Cpus                 :                 1         1 
	   Disk (KB)            :        1        1    128928 
	   Memory (MB)          :      152     3900      3968 

	Job terminated of its own accord at 2023-06-12T03:52:37Z.
...
005 (310685.008.000) 2023-06-12 12:52:37 Job terminated.
	(1) Normal termination (return value 0)
		Usr 0 00:00:17, Sys 0 00:00:01  -  Run Remote Usage
		Usr 0 00:00:00, Sys 0 00:00:00  -  Run Local Usage
		Usr 0 00:00:17, Sys 0 00:00:01  -  Total Remote Usage
		Usr 0 00:00:00, Sys 0 00:00:00  -  Total Local Usage
	0  -  Run Bytes Sent By Job
	0  -  Run Bytes Received By Job
	0  -  Total Bytes Sent By Job
	0  -  Total Bytes Received By Job
	Partitionable Resources :    Usage  Request Allocated 
	   Cpus                 :                 1         1 
	   Disk (KB)            :        1        1    128928 
	   Memory (MB)          :      152     3900      3968 

	Job terminated of its own accord at 2023-06-12T03:52:37Z.
...
006 (310685.006.000) 2023-06-12 12:52:37 Image size of job updated: 608796
	151  -  MemoryUsage of job (MB)
	154616  -  ResidentSetSize of job (KB)
...
006 (310685.005.000) 2023-06-12 12:52:37 Image size of job updated: 606952
	159  -  MemoryUsage of job (MB)
	162688  -  ResidentSetSize of job (KB)
...
005 (310685.006.000) 2023-06-12 12:52:37 Job terminated.
	(1) Normal termination (return value 0)
		Usr 0 00:00:17, Sys 0 00:00:01  -  Run Remote Usage
		Usr 0 00:00:00, Sys 0 00:00:00  -  Run Local Usage
		Usr 0 00:00:17, Sys 0 00:00:01  -  Total Remote Usage
		Usr 0 00:00:00, Sys 0 00:00:00  -  Total Local Usage
	0  -  Run Bytes Sent By Job
	0  -  Run Bytes Received By Job
	0  -  Total Bytes Sent By Job
	0  -  Total Bytes Received By Job
	Partitionable Resources :    Usage  Request Allocated 
	   Cpus                 :                 1         1 
	   Disk (KB)            :        1        1    128928 
	   Memory (MB)          :      151     3900      3968 

	Job terminated of its own accord at 2023-06-12T03:52:37Z.
...
005 (310685.005.000) 2023-06-12 12:52:37 Job terminated.
	(1) Normal termination (return value 0)
		Usr 0 00:00:20, Sys 0 00:00:01  -  Run Remote Usage
		Usr 0 00:00:00, Sys 0 00:00:00  -  Run Local Usage
		Usr 0 00:00:20, Sys 0 00:00:01  -  Total Remote Usage
		Usr 0 00:00:00, Sys 0 00:00:00  -  Total Local Usage
	0  -  Run Bytes Sent By Job
	0  -  Run Bytes Received By Job
	0  -  Total Bytes Sent By Job
	0  -  Total Bytes Received By Job
	Partitionable Resources :    Usage  Request Allocated 
	   Cpus                 :                 1         1 
	   Disk (KB)            :        1        1    128928 
	   Memory (MB)          :      159     3900      3968 

	Job terminated of its own accord at 2023-06-12T03:52:37Z.
...
006 (310685.007.000) 2023-06-12 12:53:12 Image size of job updated: 607948
	152  -  MemoryUsage of job (MB)
	155092  -  ResidentSetSize of job (KB)
...
005 (310685.007.000) 2023-06-12 12:53:12 Job terminated.
	(1) Normal termination (return value 0)
		Usr 0 00:00:53, Sys 0 00:00:01  -  Run Remote Usage
		Usr 0 00:00:00, Sys 0 00:00:00  -  Run Local Usage
		Usr 0 00:00:53, Sys 0 00:00:01  -  Total Remote Usage
		Usr 0 00:00:00, Sys 0 00:00:00  -  Total Local Usage
	0  -  Run Bytes Sent By Job
	0  -  Run Bytes Received By Job
	0  -  Total Bytes Sent By Job
	0  -  Total Bytes Received By Job
	Partitionable Resources :    Usage  Request Allocated 
	   Cpus                 :                 1         1 
	   Disk (KB)            :        1        1    128928 
	   Memory (MB)          :      152     3900      3968 

	Job terminated of its own accord at 2023-06-12T03:53:12Z.
...
006 (310685.002.000) 2023-06-12 12:53:45 Image size of job updated: 607900
	152  -  MemoryUsage of job (MB)
	155108  -  ResidentSetSize of job (KB)
...
005 (310685.002.000) 2023-06-12 12:53:45 Job terminated.
	(1) Normal termination (return value 0)
		Usr 0 00:01:28, Sys 0 00:00:01  -  Run Remote Usage
		Usr 0 00:00:00, Sys 0 00:00:00  -  Run Local Usage
		Usr 0 00:01:28, Sys 0 00:00:01  -  Total Remote Usage
		Usr 0 00:00:00, Sys 0 00:00:00  -  Total Local Usage
	0  -  Run Bytes Sent By Job
	0  -  Run Bytes Received By Job
	0  -  Total Bytes Sent By Job
	0  -  Total Bytes Received By Job
	Partitionable Resources :    Usage  Request Allocated 
	   Cpus                 :                 1         1 
	   Disk (KB)            :        1        1    128928 
	   Memory (MB)          :      152     3900      3968 

	Job terminated of its own accord at 2023-06-12T03:53:45Z.
...
000 (310910.000.000) 2023-06-12 15:21:29 Job submitted from host: <172.30.1.200:9618?addrs=172.30.1.200-9618&alias=tamsa2.snu.ac.kr&noUDP&sock=schedd_3510_2582>
...
000 (310910.001.000) 2023-06-12 15:21:29 Job submitted from host: <172.30.1.200:9618?addrs=172.30.1.200-9618&alias=tamsa2.snu.ac.kr&noUDP&sock=schedd_3510_2582>
...
000 (310910.002.000) 2023-06-12 15:21:29 Job submitted from host: <172.30.1.200:9618?addrs=172.30.1.200-9618&alias=tamsa2.snu.ac.kr&noUDP&sock=schedd_3510_2582>
...
000 (310910.003.000) 2023-06-12 15:21:29 Job submitted from host: <172.30.1.200:9618?addrs=172.30.1.200-9618&alias=tamsa2.snu.ac.kr&noUDP&sock=schedd_3510_2582>
...
000 (310910.004.000) 2023-06-12 15:21:29 Job submitted from host: <172.30.1.200:9618?addrs=172.30.1.200-9618&alias=tamsa2.snu.ac.kr&noUDP&sock=schedd_3510_2582>
...
000 (310910.005.000) 2023-06-12 15:21:29 Job submitted from host: <172.30.1.200:9618?addrs=172.30.1.200-9618&alias=tamsa2.snu.ac.kr&noUDP&sock=schedd_3510_2582>
...
000 (310910.006.000) 2023-06-12 15:21:29 Job submitted from host: <172.30.1.200:9618?addrs=172.30.1.200-9618&alias=tamsa2.snu.ac.kr&noUDP&sock=schedd_3510_2582>
...
000 (310910.007.000) 2023-06-12 15:21:29 Job submitted from host: <172.30.1.200:9618?addrs=172.30.1.200-9618&alias=tamsa2.snu.ac.kr&noUDP&sock=schedd_3510_2582>
...
000 (310910.008.000) 2023-06-12 15:21:29 Job submitted from host: <172.30.1.200:9618?addrs=172.30.1.200-9618&alias=tamsa2.snu.ac.kr&noUDP&sock=schedd_3510_2582>
...
000 (310910.009.000) 2023-06-12 15:21:29 Job submitted from host: <172.30.1.200:9618?addrs=172.30.1.200-9618&alias=tamsa2.snu.ac.kr&noUDP&sock=schedd_3510_2582>
...
040 (310910.000.000) 2023-06-12 15:24:23 Started transferring input files
	Transferring to host: <172.30.1.108:9618?addrs=172.30.1.108-9618&alias=n8&noUDP&sock=slot1_11_4278_fce7_21280>
...
040 (310910.000.000) 2023-06-12 15:24:23 Finished transferring input files
...
040 (310910.004.000) 2023-06-12 15:24:23 Started transferring input files
	Transferring to host: <172.30.1.110:9618?addrs=172.30.1.110-9618&alias=n10&noUDP&sock=slot1_4_4288_08a7_22105>
...
040 (310910.004.000) 2023-06-12 15:24:23 Finished transferring input files
...
040 (310910.003.000) 2023-06-12 15:24:23 Started transferring input files
	Transferring to host: <172.30.1.109:9618?addrs=172.30.1.109-9618&alias=n9&noUDP&sock=slot1_5_4265_d407_22433>
...
040 (310910.003.000) 2023-06-12 15:24:23 Finished transferring input files
...
040 (310910.005.000) 2023-06-12 15:24:23 Started transferring input files
	Transferring to host: <172.30.1.102:9618?addrs=172.30.1.102-9618&alias=n2&noUDP&sock=slot1_4_3347_03a1_18340>
...
040 (310910.005.000) 2023-06-12 15:24:23 Finished transferring input files
...
040 (310910.001.000) 2023-06-12 15:24:23 Started transferring input files
	Transferring to host: <172.30.1.108:9618?addrs=172.30.1.108-9618&alias=n8&noUDP&sock=slot1_18_4278_fce7_21281>
...
040 (310910.001.000) 2023-06-12 15:24:23 Finished transferring input files
...
040 (310910.008.000) 2023-06-12 15:24:23 Started transferring input files
	Transferring to host: <172.30.1.111:9618?addrs=172.30.1.111-9618&alias=n11&noUDP&sock=slot1_8_4451_e1ce_12936>
...
040 (310910.008.000) 2023-06-12 15:24:23 Finished transferring input files
...
040 (310910.002.000) 2023-06-12 15:24:23 Started transferring input files
	Transferring to host: <172.30.1.108:9618?addrs=172.30.1.108-9618&alias=n8&noUDP&sock=slot1_19_4278_fce7_21282>
...
040 (310910.002.000) 2023-06-12 15:24:23 Finished transferring input files
...
040 (310910.006.000) 2023-06-12 15:24:23 Started transferring input files
	Transferring to host: <172.30.1.102:9618?addrs=172.30.1.102-9618&alias=n2&noUDP&sock=slot1_36_3347_03a1_18341>
...
040 (310910.006.000) 2023-06-12 15:24:23 Finished transferring input files
...
040 (310910.009.000) 2023-06-12 15:24:23 Started transferring input files
	Transferring to host: <172.30.1.111:9618?addrs=172.30.1.111-9618&alias=n11&noUDP&sock=slot1_22_4451_e1ce_12937>
...
040 (310910.009.000) 2023-06-12 15:24:23 Finished transferring input files
...
040 (310910.007.000) 2023-06-12 15:24:23 Started transferring input files
	Transferring to host: <172.30.1.101:9618?addrs=172.30.1.101-9618&alias=n1&noUDP&sock=slot1_8_3367_1b22_14680>
...
040 (310910.007.000) 2023-06-12 15:24:23 Finished transferring input files
...
001 (310910.000.000) 2023-06-12 15:24:24 Job executing on host: <172.30.1.108:9618?addrs=172.30.1.108-9618&alias=n8&noUDP&sock=startd_4243_ec6e>
...
001 (310910.004.000) 2023-06-12 15:24:24 Job executing on host: <172.30.1.110:9618?addrs=172.30.1.110-9618&alias=n10&noUDP&sock=startd_4254_77f9>
...
001 (310910.003.000) 2023-06-12 15:24:24 Job executing on host: <172.30.1.109:9618?addrs=172.30.1.109-9618&alias=n9&noUDP&sock=startd_4231_b14b>
...
001 (310910.005.000) 2023-06-12 15:24:24 Job executing on host: <172.30.1.102:9618?addrs=172.30.1.102-9618&alias=n2&noUDP&sock=startd_3313_055a>
...
001 (310910.001.000) 2023-06-12 15:24:24 Job executing on host: <172.30.1.108:9618?addrs=172.30.1.108-9618&alias=n8&noUDP&sock=startd_4243_ec6e>
...
001 (310910.008.000) 2023-06-12 15:24:24 Job executing on host: <172.30.1.111:9618?addrs=172.30.1.111-9618&alias=n11&noUDP&sock=startd_4417_45e8>
...
001 (310910.002.000) 2023-06-12 15:24:24 Job executing on host: <172.30.1.108:9618?addrs=172.30.1.108-9618&alias=n8&noUDP&sock=startd_4243_ec6e>
...
001 (310910.006.000) 2023-06-12 15:24:24 Job executing on host: <172.30.1.102:9618?addrs=172.30.1.102-9618&alias=n2&noUDP&sock=startd_3313_055a>
...
001 (310910.009.000) 2023-06-12 15:24:24 Job executing on host: <172.30.1.111:9618?addrs=172.30.1.111-9618&alias=n11&noUDP&sock=startd_4417_45e8>
...
001 (310910.007.000) 2023-06-12 15:24:24 Job executing on host: <172.30.1.101:9618?addrs=172.30.1.101-9618&alias=n1&noUDP&sock=startd_3332_0da7>
...
006 (310910.004.000) 2023-06-12 15:24:32 Image size of job updated: 552564
	168  -  MemoryUsage of job (MB)
	171492  -  ResidentSetSize of job (KB)
...
006 (310910.003.000) 2023-06-12 15:24:32 Image size of job updated: 348252
	153  -  MemoryUsage of job (MB)
	156312  -  ResidentSetSize of job (KB)
...
006 (310910.000.000) 2023-06-12 15:24:32 Image size of job updated: 188756
	179  -  MemoryUsage of job (MB)
	182888  -  ResidentSetSize of job (KB)
...
006 (310910.005.000) 2023-06-12 15:24:32 Image size of job updated: 161736
	153  -  MemoryUsage of job (MB)
	155956  -  ResidentSetSize of job (KB)
...
006 (310910.008.000) 2023-06-12 15:24:32 Image size of job updated: 435156
	179  -  MemoryUsage of job (MB)
	182824  -  ResidentSetSize of job (KB)
...
006 (310910.006.000) 2023-06-12 15:24:32 Image size of job updated: 162436
	153  -  MemoryUsage of job (MB)
	155968  -  ResidentSetSize of job (KB)
...
006 (310910.007.000) 2023-06-12 15:24:33 Image size of job updated: 104688
	39  -  MemoryUsage of job (MB)
	39908  -  ResidentSetSize of job (KB)
...
006 (310910.009.000) 2023-06-12 15:24:33 Image size of job updated: 424608
	181  -  MemoryUsage of job (MB)
	184756  -  ResidentSetSize of job (KB)
...
006 (310910.001.000) 2023-06-12 15:24:33 Image size of job updated: 200208
	181  -  MemoryUsage of job (MB)
	184840  -  ResidentSetSize of job (KB)
...
006 (310910.002.000) 2023-06-12 15:24:33 Image size of job updated: 189232
	181  -  MemoryUsage of job (MB)
	184856  -  ResidentSetSize of job (KB)
...
006 (310910.002.000) 2023-06-12 15:24:40 Image size of job updated: 606484
	181  -  MemoryUsage of job (MB)
	184856  -  ResidentSetSize of job (KB)
...
006 (310910.001.000) 2023-06-12 15:24:40 Image size of job updated: 606508
	181  -  MemoryUsage of job (MB)
	184840  -  ResidentSetSize of job (KB)
...
040 (310910.002.000) 2023-06-12 15:24:40 Started transferring output files
...
040 (310910.002.000) 2023-06-12 15:24:40 Finished transferring output files
...
005 (310910.002.000) 2023-06-12 15:24:40 Job terminated.
	(1) Normal termination (return value 0)
		Usr 0 00:00:14, Sys 0 00:00:00  -  Run Remote Usage
		Usr 0 00:00:00, Sys 0 00:00:00  -  Run Local Usage
		Usr 0 00:00:14, Sys 0 00:00:00  -  Total Remote Usage
		Usr 0 00:00:00, Sys 0 00:00:00  -  Total Local Usage
	7211  -  Run Bytes Sent By Job
	142  -  Run Bytes Received By Job
	7211  -  Total Bytes Sent By Job
	142  -  Total Bytes Received By Job
	Partitionable Resources :    Usage  Request Allocated 
	   Cpus                 :                 1         1 
	   Disk (KB)            :       52        1    127899 
	   Memory (MB)          :      181     3900      3968 

	Job terminated of its own accord at 2023-06-12T06:24:40Z.
...
040 (310910.001.000) 2023-06-12 15:24:40 Started transferring output files
...
040 (310910.001.000) 2023-06-12 15:24:40 Finished transferring output files
...
005 (310910.001.000) 2023-06-12 15:24:40 Job terminated.
	(1) Normal termination (return value 0)
		Usr 0 00:00:14, Sys 0 00:00:01  -  Run Remote Usage
		Usr 0 00:00:00, Sys 0 00:00:00  -  Run Local Usage
		Usr 0 00:00:14, Sys 0 00:00:01  -  Total Remote Usage
		Usr 0 00:00:00, Sys 0 00:00:00  -  Total Local Usage
	6759  -  Run Bytes Sent By Job
	142  -  Run Bytes Received By Job
	6759  -  Total Bytes Sent By Job
	142  -  Total Bytes Received By Job
	Partitionable Resources :    Usage  Request Allocated 
	   Cpus                 :                 1         1 
	   Disk (KB)            :       52        1    127899 
	   Memory (MB)          :      181     3900      3968 

	Job terminated of its own accord at 2023-06-12T06:24:40Z.
...
006 (310910.000.000) 2023-06-12 15:24:41 Image size of job updated: 610148
	179  -  MemoryUsage of job (MB)
	182888  -  ResidentSetSize of job (KB)
...
040 (310910.000.000) 2023-06-12 15:24:41 Started transferring output files
...
040 (310910.000.000) 2023-06-12 15:24:41 Finished transferring output files
...
005 (310910.000.000) 2023-06-12 15:24:41 Job terminated.
	(1) Normal termination (return value 0)
		Usr 0 00:00:14, Sys 0 00:00:00  -  Run Remote Usage
		Usr 0 00:00:00, Sys 0 00:00:00  -  Run Local Usage
		Usr 0 00:00:14, Sys 0 00:00:00  -  Total Remote Usage
		Usr 0 00:00:00, Sys 0 00:00:00  -  Total Local Usage
	7784  -  Run Bytes Sent By Job
	142  -  Run Bytes Received By Job
	7784  -  Total Bytes Sent By Job
	142  -  Total Bytes Received By Job
	Partitionable Resources :    Usage  Request Allocated 
	   Cpus                 :                 1         1 
	   Disk (KB)            :       53        1    127899 
	   Memory (MB)          :      179     3900      3968 

	Job terminated of its own accord at 2023-06-12T06:24:41Z.
...
040 (310910.008.000) 2023-06-12 15:24:42 Started transferring output files
...
040 (310910.008.000) 2023-06-12 15:24:42 Finished transferring output files
...
005 (310910.008.000) 2023-06-12 15:24:42 Job terminated.
	(1) Normal termination (return value 0)
		Usr 0 00:00:13, Sys 0 00:00:01  -  Run Remote Usage
		Usr 0 00:00:00, Sys 0 00:00:00  -  Run Local Usage
		Usr 0 00:00:13, Sys 0 00:00:01  -  Total Remote Usage
		Usr 0 00:00:00, Sys 0 00:00:00  -  Total Local Usage
	6207  -  Run Bytes Sent By Job
	142  -  Run Bytes Received By Job
	6207  -  Total Bytes Sent By Job
	142  -  Total Bytes Received By Job
	Partitionable Resources :    Usage  Request Allocated 
	   Cpus                 :                 1         1 
	   Disk (KB)            :       52        1    127802 
	   GPUs                 :                           0 
	   Memory (MB)          :      179     3900      3968 

	Job terminated of its own accord at 2023-06-12T06:24:42Z.
...
006 (310910.009.000) 2023-06-12 15:24:43 Image size of job updated: 608404
	181  -  MemoryUsage of job (MB)
	184756  -  ResidentSetSize of job (KB)
...
040 (310910.009.000) 2023-06-12 15:24:43 Started transferring output files
...
040 (310910.009.000) 2023-06-12 15:24:43 Finished transferring output files
...
005 (310910.009.000) 2023-06-12 15:24:43 Job terminated.
	(1) Normal termination (return value 0)
		Usr 0 00:00:14, Sys 0 00:00:01  -  Run Remote Usage
		Usr 0 00:00:00, Sys 0 00:00:00  -  Run Local Usage
		Usr 0 00:00:14, Sys 0 00:00:01  -  Total Remote Usage
		Usr 0 00:00:00, Sys 0 00:00:00  -  Total Local Usage
	7468  -  Run Bytes Sent By Job
	142  -  Run Bytes Received By Job
	7468  -  Total Bytes Sent By Job
	142  -  Total Bytes Received By Job
	Partitionable Resources :    Usage  Request Allocated 
	   Cpus                 :                 1         1 
	   Disk (KB)            :       53        1    127802 
	   GPUs                 :                           0 
	   Memory (MB)          :      181     3900      3968 

	Job terminated of its own accord at 2023-06-12T06:24:43Z.
...
006 (310910.004.000) 2023-06-12 15:24:44 Image size of job updated: 552564
	168  -  MemoryUsage of job (MB)
	171504  -  ResidentSetSize of job (KB)
...
040 (310910.004.000) 2023-06-12 15:24:44 Started transferring output files
...
040 (310910.004.000) 2023-06-12 15:24:46 Finished transferring output files
...
005 (310910.004.000) 2023-06-12 15:24:46 Job terminated.
	(1) Normal termination (return value 0)
		Usr 0 00:00:16, Sys 0 00:00:01  -  Run Remote Usage
		Usr 0 00:00:00, Sys 0 00:00:00  -  Run Local Usage
		Usr 0 00:00:16, Sys 0 00:00:01  -  Total Remote Usage
		Usr 0 00:00:00, Sys 0 00:00:00  -  Total Local Usage
	7657  -  Run Bytes Sent By Job
	142  -  Run Bytes Received By Job
	7657  -  Total Bytes Sent By Job
	142  -  Total Bytes Received By Job
	Partitionable Resources :    Usage  Request Allocated 
	   Cpus                 :                 1         1 
	   Disk (KB)            :       53        1    127899 
	   Memory (MB)          :      168     3900      3968 

	Job terminated of its own accord at 2023-06-12T06:24:44Z.
...
006 (310910.003.000) 2023-06-12 15:24:46 Image size of job updated: 606588
	153  -  MemoryUsage of job (MB)
	156312  -  ResidentSetSize of job (KB)
...
040 (310910.003.000) 2023-06-12 15:24:46 Started transferring output files
...
040 (310910.003.000) 2023-06-12 15:24:46 Finished transferring output files
...
005 (310910.003.000) 2023-06-12 15:24:46 Job terminated.
	(1) Normal termination (return value 0)
		Usr 0 00:00:16, Sys 0 00:00:01  -  Run Remote Usage
		Usr 0 00:00:00, Sys 0 00:00:00  -  Run Local Usage
		Usr 0 00:00:16, Sys 0 00:00:01  -  Total Remote Usage
		Usr 0 00:00:00, Sys 0 00:00:00  -  Total Local Usage
	7514  -  Run Bytes Sent By Job
	142  -  Run Bytes Received By Job
	7514  -  Total Bytes Sent By Job
	142  -  Total Bytes Received By Job
	Partitionable Resources :    Usage  Request Allocated 
	   Cpus                 :                 1         1 
	   Disk (KB)            :       52        1    127899 
	   Memory (MB)          :      153     3900      3968 

	Job terminated of its own accord at 2023-06-12T06:24:46Z.
...
006 (310910.006.000) 2023-06-12 15:24:55 Image size of job updated: 606544
	153  -  MemoryUsage of job (MB)
	155968  -  ResidentSetSize of job (KB)
...
040 (310910.006.000) 2023-06-12 15:24:55 Started transferring output files
...
040 (310910.006.000) 2023-06-12 15:24:55 Finished transferring output files
...
005 (310910.006.000) 2023-06-12 15:24:55 Job terminated.
	(1) Normal termination (return value 0)
		Usr 0 00:00:24, Sys 0 00:00:02  -  Run Remote Usage
		Usr 0 00:00:00, Sys 0 00:00:00  -  Run Local Usage
		Usr 0 00:00:24, Sys 0 00:00:02  -  Total Remote Usage
		Usr 0 00:00:00, Sys 0 00:00:00  -  Total Local Usage
	7956  -  Run Bytes Sent By Job
	142  -  Run Bytes Received By Job
	7956  -  Total Bytes Sent By Job
	142  -  Total Bytes Received By Job
	Partitionable Resources :    Usage  Request Allocated 
	   Cpus                 :                 1         1 
	   Disk (KB)            :       53        1    123869 
	   Memory (MB)          :      153     3900      3968 

	Job terminated of its own accord at 2023-06-12T06:24:55Z.
...
006 (310910.005.000) 2023-06-12 15:25:02 Image size of job updated: 606420
	153  -  MemoryUsage of job (MB)
	155956  -  ResidentSetSize of job (KB)
...
040 (310910.005.000) 2023-06-12 15:25:02 Started transferring output files
...
040 (310910.005.000) 2023-06-12 15:25:02 Finished transferring output files
...
005 (310910.005.000) 2023-06-12 15:25:02 Job terminated.
	(1) Normal termination (return value 0)
		Usr 0 00:00:32, Sys 0 00:00:02  -  Run Remote Usage
		Usr 0 00:00:00, Sys 0 00:00:00  -  Run Local Usage
		Usr 0 00:00:32, Sys 0 00:00:02  -  Total Remote Usage
		Usr 0 00:00:00, Sys 0 00:00:00  -  Total Local Usage
	7258  -  Run Bytes Sent By Job
	142  -  Run Bytes Received By Job
	7258  -  Total Bytes Sent By Job
	142  -  Total Bytes Received By Job
	Partitionable Resources :    Usage  Request Allocated 
	   Cpus                 :                 1         1 
	   Disk (KB)            :       52        1    123869 
	   Memory (MB)          :      153     3900      3968 

	Job terminated of its own accord at 2023-06-12T06:25:02Z.
...
006 (310910.007.000) 2023-06-12 15:25:11 Image size of job updated: 606464
	39  -  MemoryUsage of job (MB)
	39908  -  ResidentSetSize of job (KB)
...
040 (310910.007.000) 2023-06-12 15:25:11 Started transferring output files
...
040 (310910.007.000) 2023-06-12 15:25:11 Finished transferring output files
...
005 (310910.007.000) 2023-06-12 15:25:11 Job terminated.
	(1) Normal termination (return value 0)
		Usr 0 00:00:27, Sys 0 00:00:03  -  Run Remote Usage
		Usr 0 00:00:00, Sys 0 00:00:00  -  Run Local Usage
		Usr 0 00:00:27, Sys 0 00:00:03  -  Total Remote Usage
		Usr 0 00:00:00, Sys 0 00:00:00  -  Total Local Usage
	7800  -  Run Bytes Sent By Job
	142  -  Run Bytes Received By Job
	7800  -  Total Bytes Sent By Job
	142  -  Total Bytes Received By Job
	Partitionable Resources :    Usage  Request Allocated 
	   Cpus                 :                 1         1 
	   Disk (KB)            :       53        1    127998 
	   Memory (MB)          :       39     3900      3968 

	Job terminated of its own accord at 2023-06-12T06:25:11Z.
...
000 (310942.000.000) 2023-06-12 16:27:50 Job submitted from host: <172.30.1.200:9618?addrs=172.30.1.200-9618&alias=tamsa2.snu.ac.kr&noUDP&sock=schedd_3510_2582>
...
000 (310942.001.000) 2023-06-12 16:27:51 Job submitted from host: <172.30.1.200:9618?addrs=172.30.1.200-9618&alias=tamsa2.snu.ac.kr&noUDP&sock=schedd_3510_2582>
...
000 (310942.002.000) 2023-06-12 16:27:51 Job submitted from host: <172.30.1.200:9618?addrs=172.30.1.200-9618&alias=tamsa2.snu.ac.kr&noUDP&sock=schedd_3510_2582>
...
000 (310942.003.000) 2023-06-12 16:27:51 Job submitted from host: <172.30.1.200:9618?addrs=172.30.1.200-9618&alias=tamsa2.snu.ac.kr&noUDP&sock=schedd_3510_2582>
...
000 (310942.004.000) 2023-06-12 16:27:51 Job submitted from host: <172.30.1.200:9618?addrs=172.30.1.200-9618&alias=tamsa2.snu.ac.kr&noUDP&sock=schedd_3510_2582>
...
000 (310942.005.000) 2023-06-12 16:27:51 Job submitted from host: <172.30.1.200:9618?addrs=172.30.1.200-9618&alias=tamsa2.snu.ac.kr&noUDP&sock=schedd_3510_2582>
...
000 (310942.006.000) 2023-06-12 16:27:51 Job submitted from host: <172.30.1.200:9618?addrs=172.30.1.200-9618&alias=tamsa2.snu.ac.kr&noUDP&sock=schedd_3510_2582>
...
000 (310942.007.000) 2023-06-12 16:27:51 Job submitted from host: <172.30.1.200:9618?addrs=172.30.1.200-9618&alias=tamsa2.snu.ac.kr&noUDP&sock=schedd_3510_2582>
...
000 (310942.008.000) 2023-06-12 16:27:51 Job submitted from host: <172.30.1.200:9618?addrs=172.30.1.200-9618&alias=tamsa2.snu.ac.kr&noUDP&sock=schedd_3510_2582>
...
000 (310942.009.000) 2023-06-12 16:27:51 Job submitted from host: <172.30.1.200:9618?addrs=172.30.1.200-9618&alias=tamsa2.snu.ac.kr&noUDP&sock=schedd_3510_2582>
...
040 (310942.004.000) 2023-06-12 16:29:04 Started transferring input files
	Transferring to host: <172.30.1.110:9618?addrs=172.30.1.110-9618&alias=n10&noUDP&sock=slot1_12_4288_08a7_22180>
...
040 (310942.004.000) 2023-06-12 16:29:04 Finished transferring input files
...
040 (310942.007.000) 2023-06-12 16:29:04 Started transferring input files
	Transferring to host: <172.30.1.107:9618?addrs=172.30.1.107-9618&alias=n7&noUDP&sock=slot1_4_4258_e566_16023>
...
040 (310942.007.000) 2023-06-12 16:29:04 Finished transferring input files
...
040 (310942.005.000) 2023-06-12 16:29:04 Started transferring input files
	Transferring to host: <172.30.1.110:9618?addrs=172.30.1.110-9618&alias=n10&noUDP&sock=slot1_14_4288_08a7_22181>
...
040 (310942.002.000) 2023-06-12 16:29:04 Started transferring input files
	Transferring to host: <172.30.1.109:9618?addrs=172.30.1.109-9618&alias=n9&noUDP&sock=slot1_11_4265_d407_22511>
...
040 (310942.005.000) 2023-06-12 16:29:04 Finished transferring input files
...
040 (310942.002.000) 2023-06-12 16:29:04 Finished transferring input files
...
040 (310942.006.000) 2023-06-12 16:29:04 Started transferring input files
	Transferring to host: <172.30.1.110:9618?addrs=172.30.1.110-9618&alias=n10&noUDP&sock=slot1_15_4288_08a7_22182>
...
040 (310942.006.000) 2023-06-12 16:29:04 Finished transferring input files
...
040 (310942.008.000) 2023-06-12 16:29:04 Started transferring input files
	Transferring to host: <172.30.1.107:9618?addrs=172.30.1.107-9618&alias=n7&noUDP&sock=slot1_5_4258_e566_16024>
...
040 (310942.008.000) 2023-06-12 16:29:04 Finished transferring input files
...
040 (310942.003.000) 2023-06-12 16:29:04 Started transferring input files
	Transferring to host: <172.30.1.109:9618?addrs=172.30.1.109-9618&alias=n9&noUDP&sock=slot1_32_4265_d407_22512>
...
040 (310942.003.000) 2023-06-12 16:29:04 Finished transferring input files
...
040 (310942.000.000) 2023-06-12 16:29:04 Started transferring input files
	Transferring to host: <172.30.1.108:9618?addrs=172.30.1.108-9618&alias=n8&noUDP&sock=slot1_34_4278_fce7_21406>
...
040 (310942.000.000) 2023-06-12 16:29:04 Finished transferring input files
...
040 (310942.009.000) 2023-06-12 16:29:04 Started transferring input files
	Transferring to host: <172.30.1.107:9618?addrs=172.30.1.107-9618&alias=n7&noUDP&sock=slot1_9_4258_e566_16025>
...
040 (310942.009.000) 2023-06-12 16:29:04 Finished transferring input files
...
040 (310942.001.000) 2023-06-12 16:29:04 Started transferring input files
	Transferring to host: <172.30.1.108:9618?addrs=172.30.1.108-9618&alias=n8&noUDP&sock=slot1_42_4278_fce7_21407>
...
040 (310942.001.000) 2023-06-12 16:29:04 Finished transferring input files
...
001 (310942.004.000) 2023-06-12 16:29:05 Job executing on host: <172.30.1.110:9618?addrs=172.30.1.110-9618&alias=n10&noUDP&sock=startd_4254_77f9>
...
001 (310942.007.000) 2023-06-12 16:29:05 Job executing on host: <172.30.1.107:9618?addrs=172.30.1.107-9618&alias=n7&noUDP&sock=startd_4224_e421>
...
001 (310942.005.000) 2023-06-12 16:29:05 Job executing on host: <172.30.1.110:9618?addrs=172.30.1.110-9618&alias=n10&noUDP&sock=startd_4254_77f9>
...
001 (310942.002.000) 2023-06-12 16:29:05 Job executing on host: <172.30.1.109:9618?addrs=172.30.1.109-9618&alias=n9&noUDP&sock=startd_4231_b14b>
...
001 (310942.006.000) 2023-06-12 16:29:05 Job executing on host: <172.30.1.110:9618?addrs=172.30.1.110-9618&alias=n10&noUDP&sock=startd_4254_77f9>
...
001 (310942.008.000) 2023-06-12 16:29:05 Job executing on host: <172.30.1.107:9618?addrs=172.30.1.107-9618&alias=n7&noUDP&sock=startd_4224_e421>
...
001 (310942.003.000) 2023-06-12 16:29:05 Job executing on host: <172.30.1.109:9618?addrs=172.30.1.109-9618&alias=n9&noUDP&sock=startd_4231_b14b>
...
001 (310942.000.000) 2023-06-12 16:29:05 Job executing on host: <172.30.1.108:9618?addrs=172.30.1.108-9618&alias=n8&noUDP&sock=startd_4243_ec6e>
...
001 (310942.009.000) 2023-06-12 16:29:05 Job executing on host: <172.30.1.107:9618?addrs=172.30.1.107-9618&alias=n7&noUDP&sock=startd_4224_e421>
...
001 (310942.001.000) 2023-06-12 16:29:05 Job executing on host: <172.30.1.108:9618?addrs=172.30.1.108-9618&alias=n8&noUDP&sock=startd_4243_ec6e>
...
006 (310942.004.000) 2023-06-12 16:29:14 Image size of job updated: 184836
	181  -  MemoryUsage of job (MB)
	184836  -  ResidentSetSize of job (KB)
...
006 (310942.007.000) 2023-06-12 16:29:14 Image size of job updated: 552400
	182  -  MemoryUsage of job (MB)
	186132  -  ResidentSetSize of job (KB)
...
006 (310942.005.000) 2023-06-12 16:29:14 Image size of job updated: 184784
	181  -  MemoryUsage of job (MB)
	184784  -  ResidentSetSize of job (KB)
...
006 (310942.002.000) 2023-06-12 16:29:14 Image size of job updated: 175332
	172  -  MemoryUsage of job (MB)
	175256  -  ResidentSetSize of job (KB)
...
006 (310942.008.000) 2023-06-12 16:29:14 Image size of job updated: 552560
	182  -  MemoryUsage of job (MB)
	186080  -  ResidentSetSize of job (KB)
...
006 (310942.006.000) 2023-06-12 16:29:14 Image size of job updated: 184768
	181  -  MemoryUsage of job (MB)
	184768  -  ResidentSetSize of job (KB)
...
006 (310942.009.000) 2023-06-12 16:29:14 Image size of job updated: 552396
	181  -  MemoryUsage of job (MB)
	184764  -  ResidentSetSize of job (KB)
...
006 (310942.000.000) 2023-06-12 16:29:14 Image size of job updated: 179312
	172  -  MemoryUsage of job (MB)
	175120  -  ResidentSetSize of job (KB)
...
006 (310942.003.000) 2023-06-12 16:29:14 Image size of job updated: 175328
	172  -  MemoryUsage of job (MB)
	175328  -  ResidentSetSize of job (KB)
...
006 (310942.001.000) 2023-06-12 16:29:14 Image size of job updated: 176884
	172  -  MemoryUsage of job (MB)
	175248  -  ResidentSetSize of job (KB)
...
040 (310942.007.000) 2023-06-12 16:29:19 Started transferring output files
...
040 (310942.007.000) 2023-06-12 16:29:19 Finished transferring output files
...
005 (310942.007.000) 2023-06-12 16:29:19 Job terminated.
	(1) Normal termination (return value 0)
		Usr 0 00:00:11, Sys 0 00:00:00  -  Run Remote Usage
		Usr 0 00:00:00, Sys 0 00:00:00  -  Run Local Usage
		Usr 0 00:00:11, Sys 0 00:00:00  -  Total Remote Usage
		Usr 0 00:00:00, Sys 0 00:00:00  -  Total Local Usage
	7799  -  Run Bytes Sent By Job
	142  -  Run Bytes Received By Job
	7799  -  Total Bytes Sent By Job
	142  -  Total Bytes Received By Job
	Partitionable Resources :    Usage  Request Allocated 
	   Cpus                 :                 1         1 
	   Disk (KB)            :       53        1    127899 
	   Memory (MB)          :      182     3900      3968 

	Job terminated of its own accord at 2023-06-12T07:29:19Z.
...
006 (310942.008.000) 2023-06-12 16:29:21 Image size of job updated: 608348
	182  -  MemoryUsage of job (MB)
	186080  -  ResidentSetSize of job (KB)
...
040 (310942.008.000) 2023-06-12 16:29:21 Started transferring output files
...
040 (310942.008.000) 2023-06-12 16:29:21 Finished transferring output files
...
005 (310942.008.000) 2023-06-12 16:29:21 Job terminated.
	(1) Normal termination (return value 0)
		Usr 0 00:00:13, Sys 0 00:00:00  -  Run Remote Usage
		Usr 0 00:00:00, Sys 0 00:00:00  -  Run Local Usage
		Usr 0 00:00:13, Sys 0 00:00:00  -  Total Remote Usage
		Usr 0 00:00:00, Sys 0 00:00:00  -  Total Local Usage
	6207  -  Run Bytes Sent By Job
	142  -  Run Bytes Received By Job
	6207  -  Total Bytes Sent By Job
	142  -  Total Bytes Received By Job
	Partitionable Resources :    Usage  Request Allocated 
	   Cpus                 :                 1         1 
	   Disk (KB)            :       51        1    127899 
	   Memory (MB)          :      182     3900      3968 

	Job terminated of its own accord at 2023-06-12T07:29:21Z.
...
006 (310942.006.000) 2023-06-12 16:29:21 Image size of job updated: 608368
	181  -  MemoryUsage of job (MB)
	184768  -  ResidentSetSize of job (KB)
...
040 (310942.006.000) 2023-06-12 16:29:21 Started transferring output files
...
040 (310942.006.000) 2023-06-12 16:29:21 Finished transferring output files
...
005 (310942.006.000) 2023-06-12 16:29:21 Job terminated.
	(1) Normal termination (return value 0)
		Usr 0 00:00:12, Sys 0 00:00:00  -  Run Remote Usage
		Usr 0 00:00:00, Sys 0 00:00:00  -  Run Local Usage
		Usr 0 00:00:12, Sys 0 00:00:00  -  Total Remote Usage
		Usr 0 00:00:00, Sys 0 00:00:00  -  Total Local Usage
	7956  -  Run Bytes Sent By Job
	142  -  Run Bytes Received By Job
	7956  -  Total Bytes Sent By Job
	142  -  Total Bytes Received By Job
	Partitionable Resources :    Usage  Request Allocated 
	   Cpus                 :                 1         1 
	   Disk (KB)            :       53        1    127899 
	   Memory (MB)          :      181     3900      3968 

	Job terminated of its own accord at 2023-06-12T07:29:21Z.
...
006 (310942.009.000) 2023-06-12 16:29:21 Image size of job updated: 608380
	181  -  MemoryUsage of job (MB)
	184764  -  ResidentSetSize of job (KB)
...
040 (310942.009.000) 2023-06-12 16:29:21 Started transferring output files
...
040 (310942.009.000) 2023-06-12 16:29:21 Finished transferring output files
...
005 (310942.009.000) 2023-06-12 16:29:21 Job terminated.
	(1) Normal termination (return value 0)
		Usr 0 00:00:12, Sys 0 00:00:00  -  Run Remote Usage
		Usr 0 00:00:00, Sys 0 00:00:00  -  Run Local Usage
		Usr 0 00:00:12, Sys 0 00:00:00  -  Total Remote Usage
		Usr 0 00:00:00, Sys 0 00:00:00  -  Total Local Usage
	7469  -  Run Bytes Sent By Job
	142  -  Run Bytes Received By Job
	7469  -  Total Bytes Sent By Job
	142  -  Total Bytes Received By Job
	Partitionable Resources :    Usage  Request Allocated 
	   Cpus                 :                 1         1 
	   Disk (KB)            :       52        1    127899 
	   Memory (MB)          :      181     3900      3968 

	Job terminated of its own accord at 2023-06-12T07:29:21Z.
...
006 (310942.004.000) 2023-06-12 16:29:21 Image size of job updated: 608344
	181  -  MemoryUsage of job (MB)
	184836  -  ResidentSetSize of job (KB)
...
040 (310942.004.000) 2023-06-12 16:29:21 Started transferring output files
...
040 (310942.004.000) 2023-06-12 16:29:21 Finished transferring output files
...
005 (310942.004.000) 2023-06-12 16:29:21 Job terminated.
	(1) Normal termination (return value 0)
		Usr 0 00:00:13, Sys 0 00:00:00  -  Run Remote Usage
		Usr 0 00:00:00, Sys 0 00:00:00  -  Run Local Usage
		Usr 0 00:00:13, Sys 0 00:00:00  -  Total Remote Usage
		Usr 0 00:00:00, Sys 0 00:00:00  -  Total Local Usage
	7657  -  Run Bytes Sent By Job
	142  -  Run Bytes Received By Job
	7657  -  Total Bytes Sent By Job
	142  -  Total Bytes Received By Job
	Partitionable Resources :    Usage  Request Allocated 
	   Cpus                 :                 1         1 
	   Disk (KB)            :       53        1    127899 
	   Memory (MB)          :      181     3900      3968 

	Job terminated of its own accord at 2023-06-12T07:29:21Z.
...
006 (310942.005.000) 2023-06-12 16:29:23 Image size of job updated: 608256
	181  -  MemoryUsage of job (MB)
	184784  -  ResidentSetSize of job (KB)
...
040 (310942.005.000) 2023-06-12 16:29:23 Started transferring output files
...
040 (310942.005.000) 2023-06-12 16:29:23 Finished transferring output files
...
005 (310942.005.000) 2023-06-12 16:29:23 Job terminated.
	(1) Normal termination (return value 0)
		Usr 0 00:00:15, Sys 0 00:00:00  -  Run Remote Usage
		Usr 0 00:00:00, Sys 0 00:00:00  -  Run Local Usage
		Usr 0 00:00:15, Sys 0 00:00:00  -  Total Remote Usage
		Usr 0 00:00:00, Sys 0 00:00:00  -  Total Local Usage
	7258  -  Run Bytes Sent By Job
	142  -  Run Bytes Received By Job
	7258  -  Total Bytes Sent By Job
	142  -  Total Bytes Received By Job
	Partitionable Resources :    Usage  Request Allocated 
	   Cpus                 :                 1         1 
	   Disk (KB)            :       52        1    127899 
	   Memory (MB)          :      181     3900      3968 

	Job terminated of its own accord at 2023-06-12T07:29:23Z.
...
006 (310942.002.000) 2023-06-12 16:29:26 Image size of job updated: 605408
	172  -  MemoryUsage of job (MB)
	175256  -  ResidentSetSize of job (KB)
...
040 (310942.002.000) 2023-06-12 16:29:26 Started transferring output files
...
040 (310942.002.000) 2023-06-12 16:29:26 Finished transferring output files
...
005 (310942.002.000) 2023-06-12 16:29:26 Job terminated.
	(1) Normal termination (return value 0)
		Usr 0 00:00:17, Sys 0 00:00:01  -  Run Remote Usage
		Usr 0 00:00:00, Sys 0 00:00:00  -  Run Local Usage
		Usr 0 00:00:17, Sys 0 00:00:01  -  Total Remote Usage
		Usr 0 00:00:00, Sys 0 00:00:00  -  Total Local Usage
	7211  -  Run Bytes Sent By Job
	142  -  Run Bytes Received By Job
	7211  -  Total Bytes Sent By Job
	142  -  Total Bytes Received By Job
	Partitionable Resources :    Usage  Request Allocated 
	   Cpus                 :                 1         1 
	   Disk (KB)            :       52        1    127899 
	   Memory (MB)          :      172     3900      3968 

	Job terminated of its own accord at 2023-06-12T07:29:26Z.
...
006 (310942.000.000) 2023-06-12 16:29:29 Image size of job updated: 605436
	172  -  MemoryUsage of job (MB)
	175120  -  ResidentSetSize of job (KB)
...
040 (310942.000.000) 2023-06-12 16:29:29 Started transferring output files
...
040 (310942.000.000) 2023-06-12 16:29:29 Finished transferring output files
...
005 (310942.000.000) 2023-06-12 16:29:29 Job terminated.
	(1) Normal termination (return value 0)
		Usr 0 00:00:19, Sys 0 00:00:01  -  Run Remote Usage
		Usr 0 00:00:00, Sys 0 00:00:00  -  Run Local Usage
		Usr 0 00:00:19, Sys 0 00:00:01  -  Total Remote Usage
		Usr 0 00:00:00, Sys 0 00:00:00  -  Total Local Usage
	7784  -  Run Bytes Sent By Job
	142  -  Run Bytes Received By Job
	7784  -  Total Bytes Sent By Job
	142  -  Total Bytes Received By Job
	Partitionable Resources :    Usage  Request Allocated 
	   Cpus                 :     0.34        1         1 
	   Disk (KB)            :    58           1    127899 
	   Memory (MB)          :   172        3900      3968 

	Job terminated of its own accord at 2023-06-12T07:29:29Z.
...
006 (310942.003.000) 2023-06-12 16:29:30 Image size of job updated: 606572
	172  -  MemoryUsage of job (MB)
	175348  -  ResidentSetSize of job (KB)
...
040 (310942.003.000) 2023-06-12 16:29:30 Started transferring output files
...
040 (310942.003.000) 2023-06-12 16:29:30 Finished transferring output files
...
005 (310942.003.000) 2023-06-12 16:29:30 Job terminated.
	(1) Normal termination (return value 0)
		Usr 0 00:00:20, Sys 0 00:00:01  -  Run Remote Usage
		Usr 0 00:00:00, Sys 0 00:00:00  -  Run Local Usage
		Usr 0 00:00:20, Sys 0 00:00:01  -  Total Remote Usage
		Usr 0 00:00:00, Sys 0 00:00:00  -  Total Local Usage
	7514  -  Run Bytes Sent By Job
	142  -  Run Bytes Received By Job
	7514  -  Total Bytes Sent By Job
	142  -  Total Bytes Received By Job
	Partitionable Resources :    Usage  Request Allocated 
	   Cpus                 :                 1         1 
	   Disk (KB)            :       52        1    127899 
	   Memory (MB)          :      172     3900      3968 

	Job terminated of its own accord at 2023-06-12T07:29:30Z.
...
006 (310942.001.000) 2023-06-12 16:29:30 Image size of job updated: 608404
	172  -  MemoryUsage of job (MB)
	175248  -  ResidentSetSize of job (KB)
...
040 (310942.001.000) 2023-06-12 16:29:30 Started transferring output files
...
040 (310942.001.000) 2023-06-12 16:29:30 Finished transferring output files
...
005 (310942.001.000) 2023-06-12 16:29:30 Job terminated.
	(1) Normal termination (return value 0)
		Usr 0 00:00:20, Sys 0 00:00:01  -  Run Remote Usage
		Usr 0 00:00:00, Sys 0 00:00:00  -  Run Local Usage
		Usr 0 00:00:20, Sys 0 00:00:01  -  Total Remote Usage
		Usr 0 00:00:00, Sys 0 00:00:00  -  Total Local Usage
	6759  -  Run Bytes Sent By Job
	142  -  Run Bytes Received By Job
	6759  -  Total Bytes Sent By Job
	142  -  Total Bytes Received By Job
	Partitionable Resources :    Usage  Request Allocated 
	   Cpus                 :     0.33        1         1 
	   Disk (KB)            :    57           1    127899 
	   Memory (MB)          :   172        3900      3968 

	Job terminated of its own accord at 2023-06-12T07:29:30Z.
...
