000 (330110.000.000) 2023-07-25 11:47:26 Job submitted from host: <172.30.1.200:9618?addrs=172.30.1.200-9618&alias=tamsa2.snu.ac.kr&noUDP&sock=schedd_3510_2582>
...
000 (330110.001.000) 2023-07-25 11:47:26 Job submitted from host: <172.30.1.200:9618?addrs=172.30.1.200-9618&alias=tamsa2.snu.ac.kr&noUDP&sock=schedd_3510_2582>
...
000 (330110.002.000) 2023-07-25 11:47:26 Job submitted from host: <172.30.1.200:9618?addrs=172.30.1.200-9618&alias=tamsa2.snu.ac.kr&noUDP&sock=schedd_3510_2582>
...
000 (330110.003.000) 2023-07-25 11:47:26 Job submitted from host: <172.30.1.200:9618?addrs=172.30.1.200-9618&alias=tamsa2.snu.ac.kr&noUDP&sock=schedd_3510_2582>
...
000 (330110.004.000) 2023-07-25 11:47:26 Job submitted from host: <172.30.1.200:9618?addrs=172.30.1.200-9618&alias=tamsa2.snu.ac.kr&noUDP&sock=schedd_3510_2582>
...
000 (330110.005.000) 2023-07-25 11:47:26 Job submitted from host: <172.30.1.200:9618?addrs=172.30.1.200-9618&alias=tamsa2.snu.ac.kr&noUDP&sock=schedd_3510_2582>
...
000 (330110.006.000) 2023-07-25 11:47:26 Job submitted from host: <172.30.1.200:9618?addrs=172.30.1.200-9618&alias=tamsa2.snu.ac.kr&noUDP&sock=schedd_3510_2582>
...
000 (330110.007.000) 2023-07-25 11:47:26 Job submitted from host: <172.30.1.200:9618?addrs=172.30.1.200-9618&alias=tamsa2.snu.ac.kr&noUDP&sock=schedd_3510_2582>
...
000 (330110.008.000) 2023-07-25 11:47:26 Job submitted from host: <172.30.1.200:9618?addrs=172.30.1.200-9618&alias=tamsa2.snu.ac.kr&noUDP&sock=schedd_3510_2582>
...
000 (330110.009.000) 2023-07-25 11:47:26 Job submitted from host: <172.30.1.200:9618?addrs=172.30.1.200-9618&alias=tamsa2.snu.ac.kr&noUDP&sock=schedd_3510_2582>
...
001 (330110.000.000) 2023-07-25 11:47:40 Job executing on host: <172.30.1.207:9618?addrs=172.30.1.207-9618&alias=node7&noUDP&sock=startd_3802_6f2a>
...
001 (330110.001.000) 2023-07-25 11:47:41 Job executing on host: <172.30.1.207:9618?addrs=172.30.1.207-9618&alias=node7&noUDP&sock=startd_3802_6f2a>
...
001 (330110.003.000) 2023-07-25 11:47:41 Job executing on host: <172.30.1.207:9618?addrs=172.30.1.207-9618&alias=node7&noUDP&sock=startd_3802_6f2a>
...
001 (330110.004.000) 2023-07-25 11:47:41 Job executing on host: <172.30.1.207:9618?addrs=172.30.1.207-9618&alias=node7&noUDP&sock=startd_3802_6f2a>
...
001 (330110.002.000) 2023-07-25 11:47:41 Job executing on host: <172.30.1.207:9618?addrs=172.30.1.207-9618&alias=node7&noUDP&sock=startd_3802_6f2a>
...
001 (330110.005.000) 2023-07-25 11:47:41 Job executing on host: <172.30.1.207:9618?addrs=172.30.1.207-9618&alias=node7&noUDP&sock=startd_3802_6f2a>
...
001 (330110.006.000) 2023-07-25 11:47:41 Job executing on host: <172.30.1.207:9618?addrs=172.30.1.207-9618&alias=node7&noUDP&sock=startd_3802_6f2a>
...
001 (330110.007.000) 2023-07-25 11:47:41 Job executing on host: <172.30.1.207:9618?addrs=172.30.1.207-9618&alias=node7&noUDP&sock=startd_3802_6f2a>
...
001 (330110.008.000) 2023-07-25 11:47:41 Job executing on host: <172.30.1.207:9618?addrs=172.30.1.207-9618&alias=node7&noUDP&sock=startd_3802_6f2a>
...
001 (330110.009.000) 2023-07-25 11:47:41 Job executing on host: <172.30.1.207:9618?addrs=172.30.1.207-9618&alias=node7&noUDP&sock=startd_3802_6f2a>
...
006 (330110.000.000) 2023-07-25 11:47:49 Image size of job updated: 644616
	206  -  MemoryUsage of job (MB)
	210296  -  ResidentSetSize of job (KB)
...
006 (330110.001.000) 2023-07-25 11:47:49 Image size of job updated: 644612
	206  -  MemoryUsage of job (MB)
	210504  -  ResidentSetSize of job (KB)
...
006 (330110.003.000) 2023-07-25 11:47:49 Image size of job updated: 644612
	204  -  MemoryUsage of job (MB)
	208816  -  ResidentSetSize of job (KB)
...
006 (330110.004.000) 2023-07-25 11:47:49 Image size of job updated: 644608
	206  -  MemoryUsage of job (MB)
	210408  -  ResidentSetSize of job (KB)
...
006 (330110.002.000) 2023-07-25 11:47:49 Image size of job updated: 644612
	206  -  MemoryUsage of job (MB)
	210492  -  ResidentSetSize of job (KB)
...
006 (330110.005.000) 2023-07-25 11:47:49 Image size of job updated: 644612
	206  -  MemoryUsage of job (MB)
	210520  -  ResidentSetSize of job (KB)
...
006 (330110.006.000) 2023-07-25 11:47:49 Image size of job updated: 644608
	206  -  MemoryUsage of job (MB)
	210500  -  ResidentSetSize of job (KB)
...
006 (330110.007.000) 2023-07-25 11:47:49 Image size of job updated: 644620
	206  -  MemoryUsage of job (MB)
	210376  -  ResidentSetSize of job (KB)
...
006 (330110.008.000) 2023-07-25 11:47:50 Image size of job updated: 644608
	208  -  MemoryUsage of job (MB)
	212308  -  ResidentSetSize of job (KB)
...
006 (330110.009.000) 2023-07-25 11:47:50 Image size of job updated: 644608
	208  -  MemoryUsage of job (MB)
	212284  -  ResidentSetSize of job (KB)
...
006 (330110.009.000) 2023-07-25 11:47:51 Image size of job updated: 685724
	208  -  MemoryUsage of job (MB)
	212284  -  ResidentSetSize of job (KB)
...
005 (330110.009.000) 2023-07-25 11:47:51 Job terminated.
	(1) Normal termination (return value 0)
		Usr 0 00:00:09, Sys 0 00:00:00  -  Run Remote Usage
		Usr 0 00:00:00, Sys 0 00:00:00  -  Run Local Usage
		Usr 0 00:00:09, Sys 0 00:00:00  -  Total Remote Usage
		Usr 0 00:00:00, Sys 0 00:00:00  -  Total Local Usage
	0  -  Run Bytes Sent By Job
	0  -  Run Bytes Received By Job
	0  -  Total Bytes Sent By Job
	0  -  Total Bytes Received By Job
	Partitionable Resources :    Usage  Request Allocated 
	   Cpus                 :     0.99        1         1 
	   Disk (KB)            :     1           1    128928 
	   Memory (MB)          :   208        3900      3968 

	Job terminated of its own accord at 2023-07-25T02:47:51Z.
...
006 (330110.007.000) 2023-07-25 11:47:52 Image size of job updated: 685752
	206  -  MemoryUsage of job (MB)
	210376  -  ResidentSetSize of job (KB)
...
005 (330110.007.000) 2023-07-25 11:47:52 Job terminated.
	(1) Normal termination (return value 0)
		Usr 0 00:00:09, Sys 0 00:00:00  -  Run Remote Usage
		Usr 0 00:00:00, Sys 0 00:00:00  -  Run Local Usage
		Usr 0 00:00:09, Sys 0 00:00:00  -  Total Remote Usage
		Usr 0 00:00:00, Sys 0 00:00:00  -  Total Local Usage
	0  -  Run Bytes Sent By Job
	0  -  Run Bytes Received By Job
	0  -  Total Bytes Sent By Job
	0  -  Total Bytes Received By Job
	Partitionable Resources :    Usage  Request Allocated 
	   Cpus                 :     0.98        1         1 
	   Disk (KB)            :     1           1    128928 
	   Memory (MB)          :   206        3900      3968 

	Job terminated of its own accord at 2023-07-25T02:47:52Z.
...
006 (330110.008.000) 2023-07-25 11:47:52 Image size of job updated: 685756
	208  -  MemoryUsage of job (MB)
	212308  -  ResidentSetSize of job (KB)
...
005 (330110.008.000) 2023-07-25 11:47:52 Job terminated.
	(1) Normal termination (return value 0)
		Usr 0 00:00:09, Sys 0 00:00:00  -  Run Remote Usage
		Usr 0 00:00:00, Sys 0 00:00:00  -  Run Local Usage
		Usr 0 00:00:09, Sys 0 00:00:00  -  Total Remote Usage
		Usr 0 00:00:00, Sys 0 00:00:00  -  Total Local Usage
	0  -  Run Bytes Sent By Job
	0  -  Run Bytes Received By Job
	0  -  Total Bytes Sent By Job
	0  -  Total Bytes Received By Job
	Partitionable Resources :    Usage  Request Allocated 
	   Cpus                 :     0.98        1         1 
	   Disk (KB)            :     1           1    128928 
	   Memory (MB)          :   208        3900      3968 

	Job terminated of its own accord at 2023-07-25T02:47:52Z.
...
006 (330110.000.000) 2023-07-25 11:47:54 Image size of job updated: 685724
	206  -  MemoryUsage of job (MB)
	210296  -  ResidentSetSize of job (KB)
...
005 (330110.000.000) 2023-07-25 11:47:54 Job terminated.
	(1) Normal termination (return value 0)
		Usr 0 00:00:11, Sys 0 00:00:00  -  Run Remote Usage
		Usr 0 00:00:00, Sys 0 00:00:00  -  Run Local Usage
		Usr 0 00:00:11, Sys 0 00:00:00  -  Total Remote Usage
		Usr 0 00:00:00, Sys 0 00:00:00  -  Total Local Usage
	0  -  Run Bytes Sent By Job
	0  -  Run Bytes Received By Job
	0  -  Total Bytes Sent By Job
	0  -  Total Bytes Received By Job
	Partitionable Resources :    Usage  Request Allocated 
	   Cpus                 :     0.97        1         1 
	   Disk (KB)            :     1           1    128928 
	   Memory (MB)          :   206        3900      3968 

	Job terminated of its own accord at 2023-07-25T02:47:54Z.
...
006 (330110.006.000) 2023-07-25 11:47:54 Image size of job updated: 685836
	206  -  MemoryUsage of job (MB)
	210500  -  ResidentSetSize of job (KB)
...
005 (330110.006.000) 2023-07-25 11:47:54 Job terminated.
	(1) Normal termination (return value 0)
		Usr 0 00:00:12, Sys 0 00:00:00  -  Run Remote Usage
		Usr 0 00:00:00, Sys 0 00:00:00  -  Run Local Usage
		Usr 0 00:00:12, Sys 0 00:00:00  -  Total Remote Usage
		Usr 0 00:00:00, Sys 0 00:00:00  -  Total Local Usage
	0  -  Run Bytes Sent By Job
	0  -  Run Bytes Received By Job
	0  -  Total Bytes Sent By Job
	0  -  Total Bytes Received By Job
	Partitionable Resources :    Usage  Request Allocated 
	   Cpus                 :     0.99        1         1 
	   Disk (KB)            :     1           1    128928 
	   Memory (MB)          :   206        3900      3968 

	Job terminated of its own accord at 2023-07-25T02:47:54Z.
...
006 (330110.004.000) 2023-07-25 11:47:55 Image size of job updated: 685808
	206  -  MemoryUsage of job (MB)
	210408  -  ResidentSetSize of job (KB)
...
005 (330110.004.000) 2023-07-25 11:47:55 Job terminated.
	(1) Normal termination (return value 0)
		Usr 0 00:00:12, Sys 0 00:00:00  -  Run Remote Usage
		Usr 0 00:00:00, Sys 0 00:00:00  -  Run Local Usage
		Usr 0 00:00:12, Sys 0 00:00:00  -  Total Remote Usage
		Usr 0 00:00:00, Sys 0 00:00:00  -  Total Local Usage
	0  -  Run Bytes Sent By Job
	0  -  Run Bytes Received By Job
	0  -  Total Bytes Sent By Job
	0  -  Total Bytes Received By Job
	Partitionable Resources :    Usage  Request Allocated 
	   Cpus                 :     0.98        1         1 
	   Disk (KB)            :     1           1    128928 
	   Memory (MB)          :   206        3900      3968 

	Job terminated of its own accord at 2023-07-25T02:47:55Z.
...
006 (330110.001.000) 2023-07-25 11:47:55 Image size of job updated: 687716
	206  -  MemoryUsage of job (MB)
	210504  -  ResidentSetSize of job (KB)
...
005 (330110.001.000) 2023-07-25 11:47:56 Job terminated.
	(1) Normal termination (return value 0)
		Usr 0 00:00:13, Sys 0 00:00:00  -  Run Remote Usage
		Usr 0 00:00:00, Sys 0 00:00:00  -  Run Local Usage
		Usr 0 00:00:13, Sys 0 00:00:00  -  Total Remote Usage
		Usr 0 00:00:00, Sys 0 00:00:00  -  Total Local Usage
	0  -  Run Bytes Sent By Job
	0  -  Run Bytes Received By Job
	0  -  Total Bytes Sent By Job
	0  -  Total Bytes Received By Job
	Partitionable Resources :    Usage  Request Allocated 
	   Cpus                 :     0.98        1         1 
	   Disk (KB)            :     1           1    128928 
	   Memory (MB)          :   206        3900      3968 

	Job terminated of its own accord at 2023-07-25T02:47:55Z.
...
006 (330110.002.000) 2023-07-25 11:47:56 Image size of job updated: 687720
	206  -  MemoryUsage of job (MB)
	210492  -  ResidentSetSize of job (KB)
...
005 (330110.002.000) 2023-07-25 11:47:56 Job terminated.
	(1) Normal termination (return value 0)
		Usr 0 00:00:13, Sys 0 00:00:00  -  Run Remote Usage
		Usr 0 00:00:00, Sys 0 00:00:00  -  Run Local Usage
		Usr 0 00:00:13, Sys 0 00:00:00  -  Total Remote Usage
		Usr 0 00:00:00, Sys 0 00:00:00  -  Total Local Usage
	0  -  Run Bytes Sent By Job
	0  -  Run Bytes Received By Job
	0  -  Total Bytes Sent By Job
	0  -  Total Bytes Received By Job
	Partitionable Resources :    Usage  Request Allocated 
	   Cpus                 :     0.98        1         1 
	   Disk (KB)            :     1           1    128928 
	   Memory (MB)          :   206        3900      3968 

	Job terminated of its own accord at 2023-07-25T02:47:56Z.
...
006 (330110.003.000) 2023-07-25 11:47:56 Image size of job updated: 686464
	204  -  MemoryUsage of job (MB)
	208816  -  ResidentSetSize of job (KB)
...
005 (330110.003.000) 2023-07-25 11:47:56 Job terminated.
	(1) Normal termination (return value 0)
		Usr 0 00:00:13, Sys 0 00:00:01  -  Run Remote Usage
		Usr 0 00:00:00, Sys 0 00:00:00  -  Run Local Usage
		Usr 0 00:00:13, Sys 0 00:00:01  -  Total Remote Usage
		Usr 0 00:00:00, Sys 0 00:00:00  -  Total Local Usage
	0  -  Run Bytes Sent By Job
	0  -  Run Bytes Received By Job
	0  -  Total Bytes Sent By Job
	0  -  Total Bytes Received By Job
	Partitionable Resources :    Usage  Request Allocated 
	   Cpus                 :     0.98        1         1 
	   Disk (KB)            :     1           1    128928 
	   Memory (MB)          :   204        3900      3968 

	Job terminated of its own accord at 2023-07-25T02:47:56Z.
...
006 (330110.005.000) 2023-07-25 11:47:58 Image size of job updated: 685912
	206  -  MemoryUsage of job (MB)
	210520  -  ResidentSetSize of job (KB)
...
005 (330110.005.000) 2023-07-25 11:47:58 Job terminated.
	(1) Normal termination (return value 0)
		Usr 0 00:00:15, Sys 0 00:00:00  -  Run Remote Usage
		Usr 0 00:00:00, Sys 0 00:00:00  -  Run Local Usage
		Usr 0 00:00:15, Sys 0 00:00:00  -  Total Remote Usage
		Usr 0 00:00:00, Sys 0 00:00:00  -  Total Local Usage
	0  -  Run Bytes Sent By Job
	0  -  Run Bytes Received By Job
	0  -  Total Bytes Sent By Job
	0  -  Total Bytes Received By Job
	Partitionable Resources :    Usage  Request Allocated 
	   Cpus                 :     0.99        1         1 
	   Disk (KB)            :     1           1    128928 
	   Memory (MB)          :   206        3900      3968 

	Job terminated of its own accord at 2023-07-25T02:47:58Z.
...
