000 (311009.000.000) 2023-06-12 17:19:54 Job submitted from host: <172.30.1.200:9618?addrs=172.30.1.200-9618&alias=tamsa2.snu.ac.kr&noUDP&sock=schedd_3510_2582>
...
000 (311009.001.000) 2023-06-12 17:19:54 Job submitted from host: <172.30.1.200:9618?addrs=172.30.1.200-9618&alias=tamsa2.snu.ac.kr&noUDP&sock=schedd_3510_2582>
...
000 (311009.002.000) 2023-06-12 17:19:54 Job submitted from host: <172.30.1.200:9618?addrs=172.30.1.200-9618&alias=tamsa2.snu.ac.kr&noUDP&sock=schedd_3510_2582>
...
000 (311009.003.000) 2023-06-12 17:19:54 Job submitted from host: <172.30.1.200:9618?addrs=172.30.1.200-9618&alias=tamsa2.snu.ac.kr&noUDP&sock=schedd_3510_2582>
...
000 (311009.004.000) 2023-06-12 17:19:54 Job submitted from host: <172.30.1.200:9618?addrs=172.30.1.200-9618&alias=tamsa2.snu.ac.kr&noUDP&sock=schedd_3510_2582>
...
000 (311009.005.000) 2023-06-12 17:19:54 Job submitted from host: <172.30.1.200:9618?addrs=172.30.1.200-9618&alias=tamsa2.snu.ac.kr&noUDP&sock=schedd_3510_2582>
...
000 (311009.006.000) 2023-06-12 17:19:54 Job submitted from host: <172.30.1.200:9618?addrs=172.30.1.200-9618&alias=tamsa2.snu.ac.kr&noUDP&sock=schedd_3510_2582>
...
000 (311009.007.000) 2023-06-12 17:19:54 Job submitted from host: <172.30.1.200:9618?addrs=172.30.1.200-9618&alias=tamsa2.snu.ac.kr&noUDP&sock=schedd_3510_2582>
...
000 (311009.008.000) 2023-06-12 17:19:54 Job submitted from host: <172.30.1.200:9618?addrs=172.30.1.200-9618&alias=tamsa2.snu.ac.kr&noUDP&sock=schedd_3510_2582>
...
000 (311009.009.000) 2023-06-12 17:19:54 Job submitted from host: <172.30.1.200:9618?addrs=172.30.1.200-9618&alias=tamsa2.snu.ac.kr&noUDP&sock=schedd_3510_2582>
...
040 (311009.008.000) 2023-06-12 17:20:05 Started transferring input files
	Transferring to host: <172.30.1.102:9618?addrs=172.30.1.102-9618&alias=n2&noUDP&sock=slot1_1_3347_03a1_18579>
...
040 (311009.008.000) 2023-06-12 17:20:05 Finished transferring input files
...
040 (311009.009.000) 2023-06-12 17:20:05 Started transferring input files
	Transferring to host: <172.30.1.102:9618?addrs=172.30.1.102-9618&alias=n2&noUDP&sock=slot1_2_3347_03a1_18580>
...
040 (311009.009.000) 2023-06-12 17:20:05 Finished transferring input files
...
001 (311009.008.000) 2023-06-12 17:20:06 Job executing on host: <172.30.1.102:9618?addrs=172.30.1.102-9618&alias=n2&noUDP&sock=startd_3313_055a>
...
001 (311009.009.000) 2023-06-12 17:20:06 Job executing on host: <172.30.1.102:9618?addrs=172.30.1.102-9618&alias=n2&noUDP&sock=startd_3313_055a>
...
040 (311009.000.000) 2023-06-12 17:20:07 Started transferring input files
	Transferring to host: <172.30.1.107:9618?addrs=172.30.1.107-9618&alias=n7&noUDP&sock=slot1_23_4258_e566_16315>
...
040 (311009.000.000) 2023-06-12 17:20:07 Finished transferring input files
...
040 (311009.001.000) 2023-06-12 17:20:07 Started transferring input files
	Transferring to host: <172.30.1.107:9618?addrs=172.30.1.107-9618&alias=n7&noUDP&sock=slot1_30_4258_e566_16316>
...
040 (311009.002.000) 2023-06-12 17:20:07 Started transferring input files
	Transferring to host: <172.30.1.107:9618?addrs=172.30.1.107-9618&alias=n7&noUDP&sock=slot1_31_4258_e566_16317>
...
040 (311009.001.000) 2023-06-12 17:20:07 Finished transferring input files
...
040 (311009.002.000) 2023-06-12 17:20:07 Finished transferring input files
...
040 (311009.003.000) 2023-06-12 17:20:07 Started transferring input files
	Transferring to host: <172.30.1.107:9618?addrs=172.30.1.107-9618&alias=n7&noUDP&sock=slot1_32_4258_e566_16318>
...
040 (311009.003.000) 2023-06-12 17:20:07 Finished transferring input files
...
040 (311009.004.000) 2023-06-12 17:20:07 Started transferring input files
	Transferring to host: <172.30.1.107:9618?addrs=172.30.1.107-9618&alias=n7&noUDP&sock=slot1_33_4258_e566_16319>
...
040 (311009.004.000) 2023-06-12 17:20:07 Finished transferring input files
...
040 (311009.005.000) 2023-06-12 17:20:07 Started transferring input files
	Transferring to host: <172.30.1.107:9618?addrs=172.30.1.107-9618&alias=n7&noUDP&sock=slot1_34_4258_e566_16320>
...
040 (311009.005.000) 2023-06-12 17:20:07 Finished transferring input files
...
040 (311009.006.000) 2023-06-12 17:20:08 Started transferring input files
	Transferring to host: <172.30.1.107:9618?addrs=172.30.1.107-9618&alias=n7&noUDP&sock=slot1_35_4258_e566_16321>
...
001 (311009.000.000) 2023-06-12 17:20:08 Job executing on host: <172.30.1.107:9618?addrs=172.30.1.107-9618&alias=n7&noUDP&sock=startd_4224_e421>
...
040 (311009.006.000) 2023-06-12 17:20:08 Finished transferring input files
...
001 (311009.001.000) 2023-06-12 17:20:08 Job executing on host: <172.30.1.107:9618?addrs=172.30.1.107-9618&alias=n7&noUDP&sock=startd_4224_e421>
...
001 (311009.002.000) 2023-06-12 17:20:08 Job executing on host: <172.30.1.107:9618?addrs=172.30.1.107-9618&alias=n7&noUDP&sock=startd_4224_e421>
...
040 (311009.007.000) 2023-06-12 17:20:08 Started transferring input files
	Transferring to host: <172.30.1.107:9618?addrs=172.30.1.107-9618&alias=n7&noUDP&sock=slot1_36_4258_e566_16322>
...
001 (311009.003.000) 2023-06-12 17:20:08 Job executing on host: <172.30.1.107:9618?addrs=172.30.1.107-9618&alias=n7&noUDP&sock=startd_4224_e421>
...
040 (311009.007.000) 2023-06-12 17:20:08 Finished transferring input files
...
001 (311009.004.000) 2023-06-12 17:20:08 Job executing on host: <172.30.1.107:9618?addrs=172.30.1.107-9618&alias=n7&noUDP&sock=startd_4224_e421>
...
001 (311009.005.000) 2023-06-12 17:20:08 Job executing on host: <172.30.1.107:9618?addrs=172.30.1.107-9618&alias=n7&noUDP&sock=startd_4224_e421>
...
001 (311009.006.000) 2023-06-12 17:20:09 Job executing on host: <172.30.1.107:9618?addrs=172.30.1.107-9618&alias=n7&noUDP&sock=startd_4224_e421>
...
001 (311009.007.000) 2023-06-12 17:20:09 Job executing on host: <172.30.1.107:9618?addrs=172.30.1.107-9618&alias=n7&noUDP&sock=startd_4224_e421>
...
006 (311009.008.000) 2023-06-12 17:20:15 Image size of job updated: 552668
	153  -  MemoryUsage of job (MB)
	156496  -  ResidentSetSize of job (KB)
...
006 (311009.009.000) 2023-06-12 17:20:15 Image size of job updated: 552664
	153  -  MemoryUsage of job (MB)
	156512  -  ResidentSetSize of job (KB)
...
006 (311009.000.000) 2023-06-12 17:20:16 Image size of job updated: 422360
	179  -  MemoryUsage of job (MB)
	183212  -  ResidentSetSize of job (KB)
...
006 (311009.001.000) 2023-06-12 17:20:16 Image size of job updated: 403924
	179  -  MemoryUsage of job (MB)
	183216  -  ResidentSetSize of job (KB)
...
006 (311009.002.000) 2023-06-12 17:20:16 Image size of job updated: 401124
	181  -  MemoryUsage of job (MB)
	185124  -  ResidentSetSize of job (KB)
...
006 (311009.006.000) 2023-06-12 17:20:17 Image size of job updated: 185116
	181  -  MemoryUsage of job (MB)
	185116  -  ResidentSetSize of job (KB)
...
006 (311009.003.000) 2023-06-12 17:20:17 Image size of job updated: 402736
	181  -  MemoryUsage of job (MB)
	185052  -  ResidentSetSize of job (KB)
...
006 (311009.004.000) 2023-06-12 17:20:17 Image size of job updated: 382480
	179  -  MemoryUsage of job (MB)
	183228  -  ResidentSetSize of job (KB)
...
006 (311009.005.000) 2023-06-12 17:20:17 Image size of job updated: 375292
	179  -  MemoryUsage of job (MB)
	183220  -  ResidentSetSize of job (KB)
...
006 (311009.007.000) 2023-06-12 17:20:18 Image size of job updated: 185124
	181  -  MemoryUsage of job (MB)
	185124  -  ResidentSetSize of job (KB)
...
006 (311009.002.000) 2023-06-12 17:20:31 Image size of job updated: 612300
	181  -  MemoryUsage of job (MB)
	185124  -  ResidentSetSize of job (KB)
...
040 (311009.002.000) 2023-06-12 17:20:31 Started transferring output files
...
040 (311009.002.000) 2023-06-12 17:20:31 Finished transferring output files
...
005 (311009.002.000) 2023-06-12 17:20:31 Job terminated.
	(1) Normal termination (return value 0)
		Usr 0 00:00:21, Sys 0 00:00:01  -  Run Remote Usage
		Usr 0 00:00:00, Sys 0 00:00:00  -  Run Local Usage
		Usr 0 00:00:21, Sys 0 00:00:01  -  Total Remote Usage
		Usr 0 00:00:00, Sys 0 00:00:00  -  Total Local Usage
	11138  -  Run Bytes Sent By Job
	148  -  Run Bytes Received By Job
	11138  -  Total Bytes Sent By Job
	148  -  Total Bytes Received By Job
	Partitionable Resources :    Usage  Request Allocated 
	   Cpus                 :                 1         1 
	   Disk (KB)            :       56        1    127899 
	   Memory (MB)          :      181     3900      3968 

	Job terminated of its own accord at 2023-06-12T08:20:31Z.
...
006 (311009.001.000) 2023-06-12 17:20:32 Image size of job updated: 614040
	179  -  MemoryUsage of job (MB)
	183216  -  ResidentSetSize of job (KB)
...
040 (311009.001.000) 2023-06-12 17:20:32 Started transferring output files
...
040 (311009.001.000) 2023-06-12 17:20:32 Finished transferring output files
...
005 (311009.001.000) 2023-06-12 17:20:32 Job terminated.
	(1) Normal termination (return value 0)
		Usr 0 00:00:22, Sys 0 00:00:01  -  Run Remote Usage
		Usr 0 00:00:00, Sys 0 00:00:00  -  Run Local Usage
		Usr 0 00:00:22, Sys 0 00:00:01  -  Total Remote Usage
		Usr 0 00:00:00, Sys 0 00:00:00  -  Total Local Usage
	10026  -  Run Bytes Sent By Job
	148  -  Run Bytes Received By Job
	10026  -  Total Bytes Sent By Job
	148  -  Total Bytes Received By Job
	Partitionable Resources :    Usage  Request Allocated 
	   Cpus                 :                 1         1 
	   Disk (KB)            :       55        1    127899 
	   Memory (MB)          :      179     3900      3968 

	Job terminated of its own accord at 2023-06-12T08:20:32Z.
...
006 (311009.006.000) 2023-06-12 17:20:36 Image size of job updated: 614264
	181  -  MemoryUsage of job (MB)
	185116  -  ResidentSetSize of job (KB)
...
040 (311009.006.000) 2023-06-12 17:20:36 Started transferring output files
...
006 (311009.007.000) 2023-06-12 17:20:36 Image size of job updated: 614128
	181  -  MemoryUsage of job (MB)
	185124  -  ResidentSetSize of job (KB)
...
040 (311009.006.000) 2023-06-12 17:20:36 Finished transferring output files
...
005 (311009.006.000) 2023-06-12 17:20:36 Job terminated.
	(1) Normal termination (return value 0)
		Usr 0 00:00:22, Sys 0 00:00:01  -  Run Remote Usage
		Usr 0 00:00:00, Sys 0 00:00:00  -  Run Local Usage
		Usr 0 00:00:22, Sys 0 00:00:01  -  Total Remote Usage
		Usr 0 00:00:00, Sys 0 00:00:00  -  Total Local Usage
	11394  -  Run Bytes Sent By Job
	148  -  Run Bytes Received By Job
	11394  -  Total Bytes Sent By Job
	148  -  Total Bytes Received By Job
	Partitionable Resources :    Usage  Request Allocated 
	   Cpus                 :                 1         1 
	   Disk (KB)            :       56        1    127899 
	   Memory (MB)          :      181     3900      3968 

	Job terminated of its own accord at 2023-06-12T08:20:36Z.
...
006 (311009.003.000) 2023-06-12 17:20:36 Image size of job updated: 613232
	181  -  MemoryUsage of job (MB)
	185052  -  ResidentSetSize of job (KB)
...
006 (311009.000.000) 2023-06-12 17:20:36 Image size of job updated: 614200
	179  -  MemoryUsage of job (MB)
	183212  -  ResidentSetSize of job (KB)
...
040 (311009.007.000) 2023-06-12 17:20:36 Started transferring output files
...
040 (311009.007.000) 2023-06-12 17:20:36 Finished transferring output files
...
005 (311009.007.000) 2023-06-12 17:20:36 Job terminated.
	(1) Normal termination (return value 0)
		Usr 0 00:00:23, Sys 0 00:00:01  -  Run Remote Usage
		Usr 0 00:00:00, Sys 0 00:00:00  -  Run Local Usage
		Usr 0 00:00:23, Sys 0 00:00:01  -  Total Remote Usage
		Usr 0 00:00:00, Sys 0 00:00:00  -  Total Local Usage
	12991  -  Run Bytes Sent By Job
	148  -  Run Bytes Received By Job
	12991  -  Total Bytes Sent By Job
	148  -  Total Bytes Received By Job
	Partitionable Resources :    Usage  Request Allocated 
	   Cpus                 :                 1         1 
	   Disk (KB)            :       58        1    127899 
	   Memory (MB)          :      181     3900      3968 

	Job terminated of its own accord at 2023-06-12T08:20:36Z.
...
040 (311009.003.000) 2023-06-12 17:20:36 Started transferring output files
...
040 (311009.000.000) 2023-06-12 17:20:36 Started transferring output files
...
040 (311009.003.000) 2023-06-12 17:20:36 Finished transferring output files
...
040 (311009.000.000) 2023-06-12 17:20:36 Finished transferring output files
...
005 (311009.003.000) 2023-06-12 17:20:36 Job terminated.
	(1) Normal termination (return value 0)
		Usr 0 00:00:22, Sys 0 00:00:01  -  Run Remote Usage
		Usr 0 00:00:00, Sys 0 00:00:00  -  Run Local Usage
		Usr 0 00:00:22, Sys 0 00:00:01  -  Total Remote Usage
		Usr 0 00:00:00, Sys 0 00:00:00  -  Total Local Usage
	12013  -  Run Bytes Sent By Job
	148  -  Run Bytes Received By Job
	12013  -  Total Bytes Sent By Job
	148  -  Total Bytes Received By Job
	Partitionable Resources :    Usage  Request Allocated 
	   Cpus                 :                 1         1 
	   Disk (KB)            :       57        1    127899 
	   Memory (MB)          :      181     3900      3968 

	Job terminated of its own accord at 2023-06-12T08:20:36Z.
...
005 (311009.000.000) 2023-06-12 17:20:36 Job terminated.
	(1) Normal termination (return value 0)
		Usr 0 00:00:23, Sys 0 00:00:01  -  Run Remote Usage
		Usr 0 00:00:00, Sys 0 00:00:00  -  Run Local Usage
		Usr 0 00:00:23, Sys 0 00:00:01  -  Total Remote Usage
		Usr 0 00:00:00, Sys 0 00:00:00  -  Total Local Usage
	11023  -  Run Bytes Sent By Job
	148  -  Run Bytes Received By Job
	11023  -  Total Bytes Sent By Job
	148  -  Total Bytes Received By Job
	Partitionable Resources :    Usage  Request Allocated 
	   Cpus                 :                 1         1 
	   Disk (KB)            :       56        1    127899 
	   Memory (MB)          :      179     3900      3968 

	Job terminated of its own accord at 2023-06-12T08:20:36Z.
...
006 (311009.004.000) 2023-06-12 17:20:38 Image size of job updated: 614084
	179  -  MemoryUsage of job (MB)
	183228  -  ResidentSetSize of job (KB)
...
040 (311009.004.000) 2023-06-12 17:20:38 Started transferring output files
...
040 (311009.004.000) 2023-06-12 17:20:38 Finished transferring output files
...
005 (311009.004.000) 2023-06-12 17:20:38 Job terminated.
	(1) Normal termination (return value 0)
		Usr 0 00:00:24, Sys 0 00:00:01  -  Run Remote Usage
		Usr 0 00:00:00, Sys 0 00:00:00  -  Run Local Usage
		Usr 0 00:00:24, Sys 0 00:00:01  -  Total Remote Usage
		Usr 0 00:00:00, Sys 0 00:00:00  -  Total Local Usage
	9805  -  Run Bytes Sent By Job
	148  -  Run Bytes Received By Job
	9805  -  Total Bytes Sent By Job
	148  -  Total Bytes Received By Job
	Partitionable Resources :    Usage  Request Allocated 
	   Cpus                 :                 1         1 
	   Disk (KB)            :       54        1    127899 
	   Memory (MB)          :      179     3900      3968 

	Job terminated of its own accord at 2023-06-12T08:20:38Z.
...
006 (311009.005.000) 2023-06-12 17:20:39 Image size of job updated: 615236
	179  -  MemoryUsage of job (MB)
	183220  -  ResidentSetSize of job (KB)
...
040 (311009.005.000) 2023-06-12 17:20:39 Started transferring output files
...
040 (311009.005.000) 2023-06-12 17:20:39 Finished transferring output files
...
005 (311009.005.000) 2023-06-12 17:20:39 Job terminated.
	(1) Normal termination (return value 0)
		Usr 0 00:00:24, Sys 0 00:00:01  -  Run Remote Usage
		Usr 0 00:00:00, Sys 0 00:00:00  -  Run Local Usage
		Usr 0 00:00:24, Sys 0 00:00:01  -  Total Remote Usage
		Usr 0 00:00:00, Sys 0 00:00:00  -  Total Local Usage
	10612  -  Run Bytes Sent By Job
	148  -  Run Bytes Received By Job
	10612  -  Total Bytes Sent By Job
	148  -  Total Bytes Received By Job
	Partitionable Resources :    Usage  Request Allocated 
	   Cpus                 :                 1         1 
	   Disk (KB)            :       55        1    127899 
	   Memory (MB)          :      179     3900      3968 

	Job terminated of its own accord at 2023-06-12T08:20:39Z.
...
006 (311009.009.000) 2023-06-12 17:20:59 Image size of job updated: 614284
	153  -  MemoryUsage of job (MB)
	156512  -  ResidentSetSize of job (KB)
...
040 (311009.009.000) 2023-06-12 17:20:59 Started transferring output files
...
040 (311009.009.000) 2023-06-12 17:20:59 Finished transferring output files
...
005 (311009.009.000) 2023-06-12 17:20:59 Job terminated.
	(1) Normal termination (return value 0)
		Usr 0 00:00:46, Sys 0 00:00:03  -  Run Remote Usage
		Usr 0 00:00:00, Sys 0 00:00:00  -  Run Local Usage
		Usr 0 00:00:46, Sys 0 00:00:03  -  Total Remote Usage
		Usr 0 00:00:00, Sys 0 00:00:00  -  Total Local Usage
	11336  -  Run Bytes Sent By Job
	148  -  Run Bytes Received By Job
	11336  -  Total Bytes Sent By Job
	148  -  Total Bytes Received By Job
	Partitionable Resources :    Usage  Request Allocated 
	   Cpus                 :     0.92        1         1 
	   Disk (KB)            :    62           1    123869 
	   Memory (MB)          :   153        3900      3968 

	Job terminated of its own accord at 2023-06-12T08:20:59Z.
...
006 (311009.008.000) 2023-06-12 17:21:02 Image size of job updated: 614196
	153  -  MemoryUsage of job (MB)
	156496  -  ResidentSetSize of job (KB)
...
040 (311009.008.000) 2023-06-12 17:21:02 Started transferring output files
...
040 (311009.008.000) 2023-06-12 17:21:02 Finished transferring output files
...
005 (311009.008.000) 2023-06-12 17:21:02 Job terminated.
	(1) Normal termination (return value 0)
		Usr 0 00:00:47, Sys 0 00:00:03  -  Run Remote Usage
		Usr 0 00:00:00, Sys 0 00:00:00  -  Run Local Usage
		Usr 0 00:00:47, Sys 0 00:00:03  -  Total Remote Usage
		Usr 0 00:00:00, Sys 0 00:00:00  -  Total Local Usage
	11005  -  Run Bytes Sent By Job
	148  -  Run Bytes Received By Job
	11005  -  Total Bytes Sent By Job
	148  -  Total Bytes Received By Job
	Partitionable Resources :    Usage  Request Allocated 
	   Cpus                 :     0.82        1         1 
	   Disk (KB)            :    61           1    123869 
	   Memory (MB)          :   153        3900      3968 

	Job terminated of its own accord at 2023-06-12T08:21:02Z.
...
