000 (330109.000.000) 2023-07-25 11:47:25 Job submitted from host: <172.30.1.200:9618?addrs=172.30.1.200-9618&alias=tamsa2.snu.ac.kr&noUDP&sock=schedd_3510_2582>
...
000 (330109.001.000) 2023-07-25 11:47:25 Job submitted from host: <172.30.1.200:9618?addrs=172.30.1.200-9618&alias=tamsa2.snu.ac.kr&noUDP&sock=schedd_3510_2582>
...
000 (330109.002.000) 2023-07-25 11:47:25 Job submitted from host: <172.30.1.200:9618?addrs=172.30.1.200-9618&alias=tamsa2.snu.ac.kr&noUDP&sock=schedd_3510_2582>
...
000 (330109.003.000) 2023-07-25 11:47:25 Job submitted from host: <172.30.1.200:9618?addrs=172.30.1.200-9618&alias=tamsa2.snu.ac.kr&noUDP&sock=schedd_3510_2582>
...
000 (330109.004.000) 2023-07-25 11:47:25 Job submitted from host: <172.30.1.200:9618?addrs=172.30.1.200-9618&alias=tamsa2.snu.ac.kr&noUDP&sock=schedd_3510_2582>
...
000 (330109.005.000) 2023-07-25 11:47:25 Job submitted from host: <172.30.1.200:9618?addrs=172.30.1.200-9618&alias=tamsa2.snu.ac.kr&noUDP&sock=schedd_3510_2582>
...
000 (330109.006.000) 2023-07-25 11:47:25 Job submitted from host: <172.30.1.200:9618?addrs=172.30.1.200-9618&alias=tamsa2.snu.ac.kr&noUDP&sock=schedd_3510_2582>
...
000 (330109.007.000) 2023-07-25 11:47:25 Job submitted from host: <172.30.1.200:9618?addrs=172.30.1.200-9618&alias=tamsa2.snu.ac.kr&noUDP&sock=schedd_3510_2582>
...
000 (330109.008.000) 2023-07-25 11:47:25 Job submitted from host: <172.30.1.200:9618?addrs=172.30.1.200-9618&alias=tamsa2.snu.ac.kr&noUDP&sock=schedd_3510_2582>
...
000 (330109.009.000) 2023-07-25 11:47:25 Job submitted from host: <172.30.1.200:9618?addrs=172.30.1.200-9618&alias=tamsa2.snu.ac.kr&noUDP&sock=schedd_3510_2582>
...
001 (330109.006.000) 2023-07-25 11:47:40 Job executing on host: <172.30.1.207:9618?addrs=172.30.1.207-9618&alias=node7&noUDP&sock=startd_3802_6f2a>
...
001 (330109.007.000) 2023-07-25 11:47:40 Job executing on host: <172.30.1.207:9618?addrs=172.30.1.207-9618&alias=node7&noUDP&sock=startd_3802_6f2a>
...
001 (330109.008.000) 2023-07-25 11:47:40 Job executing on host: <172.30.1.207:9618?addrs=172.30.1.207-9618&alias=node7&noUDP&sock=startd_3802_6f2a>
...
001 (330109.009.000) 2023-07-25 11:47:40 Job executing on host: <172.30.1.207:9618?addrs=172.30.1.207-9618&alias=node7&noUDP&sock=startd_3802_6f2a>
...
001 (330109.000.000) 2023-07-25 11:47:41 Job executing on host: <172.30.1.206:9618?addrs=172.30.1.206-9618&alias=node6&noUDP&sock=startd_3777_494c>
...
001 (330109.001.000) 2023-07-25 11:47:41 Job executing on host: <172.30.1.206:9618?addrs=172.30.1.206-9618&alias=node6&noUDP&sock=startd_3777_494c>
...
001 (330109.002.000) 2023-07-25 11:47:41 Job executing on host: <172.30.1.206:9618?addrs=172.30.1.206-9618&alias=node6&noUDP&sock=startd_3777_494c>
...
001 (330109.003.000) 2023-07-25 11:47:41 Job executing on host: <172.30.1.206:9618?addrs=172.30.1.206-9618&alias=node6&noUDP&sock=startd_3777_494c>
...
001 (330109.004.000) 2023-07-25 11:47:41 Job executing on host: <172.30.1.206:9618?addrs=172.30.1.206-9618&alias=node6&noUDP&sock=startd_3777_494c>
...
001 (330109.005.000) 2023-07-25 11:47:41 Job executing on host: <172.30.1.206:9618?addrs=172.30.1.206-9618&alias=node6&noUDP&sock=startd_3777_494c>
...
006 (330109.000.000) 2023-07-25 11:47:49 Image size of job updated: 210676
	206  -  MemoryUsage of job (MB)
	210260  -  ResidentSetSize of job (KB)
...
006 (330109.001.000) 2023-07-25 11:47:49 Image size of job updated: 210340
	204  -  MemoryUsage of job (MB)
	208744  -  ResidentSetSize of job (KB)
...
006 (330109.002.000) 2023-07-25 11:47:49 Image size of job updated: 210436
	206  -  MemoryUsage of job (MB)
	210436  -  ResidentSetSize of job (KB)
...
006 (330109.003.000) 2023-07-25 11:47:49 Image size of job updated: 210404
	206  -  MemoryUsage of job (MB)
	210404  -  ResidentSetSize of job (KB)
...
006 (330109.004.000) 2023-07-25 11:47:49 Image size of job updated: 210456
	206  -  MemoryUsage of job (MB)
	210456  -  ResidentSetSize of job (KB)
...
006 (330109.005.000) 2023-07-25 11:47:49 Image size of job updated: 210400
	206  -  MemoryUsage of job (MB)
	210400  -  ResidentSetSize of job (KB)
...
006 (330109.006.000) 2023-07-25 11:47:49 Image size of job updated: 644616
	206  -  MemoryUsage of job (MB)
	210508  -  ResidentSetSize of job (KB)
...
006 (330109.007.000) 2023-07-25 11:47:49 Image size of job updated: 654444
	208  -  MemoryUsage of job (MB)
	212112  -  ResidentSetSize of job (KB)
...
006 (330109.008.000) 2023-07-25 11:47:49 Image size of job updated: 644612
	206  -  MemoryUsage of job (MB)
	210396  -  ResidentSetSize of job (KB)
...
006 (330109.009.000) 2023-07-25 11:47:49 Image size of job updated: 644612
	206  -  MemoryUsage of job (MB)
	210420  -  ResidentSetSize of job (KB)
...
005 (330109.007.000) 2023-07-25 11:47:51 Job terminated.
	(1) Normal termination (return value 0)
		Usr 0 00:00:08, Sys 0 00:00:00  -  Run Remote Usage
		Usr 0 00:00:00, Sys 0 00:00:00  -  Run Local Usage
		Usr 0 00:00:08, Sys 0 00:00:00  -  Total Remote Usage
		Usr 0 00:00:00, Sys 0 00:00:00  -  Total Local Usage
	0  -  Run Bytes Sent By Job
	0  -  Run Bytes Received By Job
	0  -  Total Bytes Sent By Job
	0  -  Total Bytes Received By Job
	Partitionable Resources :    Usage  Request Allocated 
	   Cpus                 :                 1         1 
	   Disk (KB)            :        1        1    128928 
	   Memory (MB)          :      208     3900      3968 

	Job terminated of its own accord at 2023-07-25T02:47:51Z.
...
006 (330109.008.000) 2023-07-25 11:47:52 Image size of job updated: 685732
	206  -  MemoryUsage of job (MB)
	210396  -  ResidentSetSize of job (KB)
...
005 (330109.008.000) 2023-07-25 11:47:52 Job terminated.
	(1) Normal termination (return value 0)
		Usr 0 00:00:09, Sys 0 00:00:00  -  Run Remote Usage
		Usr 0 00:00:00, Sys 0 00:00:00  -  Run Local Usage
		Usr 0 00:00:09, Sys 0 00:00:00  -  Total Remote Usage
		Usr 0 00:00:00, Sys 0 00:00:00  -  Total Local Usage
	0  -  Run Bytes Sent By Job
	0  -  Run Bytes Received By Job
	0  -  Total Bytes Sent By Job
	0  -  Total Bytes Received By Job
	Partitionable Resources :    Usage  Request Allocated 
	   Cpus                 :     0.98        1         1 
	   Disk (KB)            :     1           1    128928 
	   Memory (MB)          :   206        3900      3968 

	Job terminated of its own accord at 2023-07-25T02:47:52Z.
...
006 (330109.009.000) 2023-07-25 11:47:53 Image size of job updated: 685756
	206  -  MemoryUsage of job (MB)
	210420  -  ResidentSetSize of job (KB)
...
005 (330109.009.000) 2023-07-25 11:47:53 Job terminated.
	(1) Normal termination (return value 0)
		Usr 0 00:00:10, Sys 0 00:00:00  -  Run Remote Usage
		Usr 0 00:00:00, Sys 0 00:00:00  -  Run Local Usage
		Usr 0 00:00:10, Sys 0 00:00:00  -  Total Remote Usage
		Usr 0 00:00:00, Sys 0 00:00:00  -  Total Local Usage
	0  -  Run Bytes Sent By Job
	0  -  Run Bytes Received By Job
	0  -  Total Bytes Sent By Job
	0  -  Total Bytes Received By Job
	Partitionable Resources :    Usage  Request Allocated 
	   Cpus                 :     0.98        1         1 
	   Disk (KB)            :     1           1    128928 
	   Memory (MB)          :   206        3900      3968 

	Job terminated of its own accord at 2023-07-25T02:47:53Z.
...
006 (330109.001.000) 2023-07-25 11:47:53 Image size of job updated: 210428
	204  -  MemoryUsage of job (MB)
	208744  -  ResidentSetSize of job (KB)
...
006 (330109.006.000) 2023-07-25 11:47:53 Image size of job updated: 685844
	206  -  MemoryUsage of job (MB)
	210508  -  ResidentSetSize of job (KB)
...
005 (330109.006.000) 2023-07-25 11:47:53 Job terminated.
	(1) Normal termination (return value 0)
		Usr 0 00:00:10, Sys 0 00:00:00  -  Run Remote Usage
		Usr 0 00:00:00, Sys 0 00:00:00  -  Run Local Usage
		Usr 0 00:00:10, Sys 0 00:00:00  -  Total Remote Usage
		Usr 0 00:00:00, Sys 0 00:00:00  -  Total Local Usage
	0  -  Run Bytes Sent By Job
	0  -  Run Bytes Received By Job
	0  -  Total Bytes Sent By Job
	0  -  Total Bytes Received By Job
	Partitionable Resources :    Usage  Request Allocated 
	   Cpus                 :     0.98        1         1 
	   Disk (KB)            :     1           1    128928 
	   Memory (MB)          :   206        3900      3968 

	Job terminated of its own accord at 2023-07-25T02:47:53Z.
...
005 (330109.001.000) 2023-07-25 11:47:53 Job terminated.
	(1) Normal termination (return value 0)
		Usr 0 00:00:09, Sys 0 00:00:00  -  Run Remote Usage
		Usr 0 00:00:00, Sys 0 00:00:00  -  Run Local Usage
		Usr 0 00:00:09, Sys 0 00:00:00  -  Total Remote Usage
		Usr 0 00:00:00, Sys 0 00:00:00  -  Total Local Usage
	0  -  Run Bytes Sent By Job
	0  -  Run Bytes Received By Job
	0  -  Total Bytes Sent By Job
	0  -  Total Bytes Received By Job
	Partitionable Resources :    Usage  Request Allocated 
	   Cpus                 :                 1         1 
	   Disk (KB)            :        1        1     95898 
	   Memory (MB)          :      204     3900      3968 

	Job terminated of its own accord at 2023-07-25T02:47:53Z.
...
006 (330109.002.000) 2023-07-25 11:47:54 Image size of job updated: 685808
	206  -  MemoryUsage of job (MB)
	210436  -  ResidentSetSize of job (KB)
...
005 (330109.002.000) 2023-07-25 11:47:54 Job terminated.
	(1) Normal termination (return value 0)
		Usr 0 00:00:10, Sys 0 00:00:00  -  Run Remote Usage
		Usr 0 00:00:00, Sys 0 00:00:00  -  Run Local Usage
		Usr 0 00:00:10, Sys 0 00:00:00  -  Total Remote Usage
		Usr 0 00:00:00, Sys 0 00:00:00  -  Total Local Usage
	0  -  Run Bytes Sent By Job
	0  -  Run Bytes Received By Job
	0  -  Total Bytes Sent By Job
	0  -  Total Bytes Received By Job
	Partitionable Resources :    Usage  Request Allocated 
	   Cpus                 :                 1         1 
	   Disk (KB)            :        1        1     95898 
	   Memory (MB)          :      206     3900      3968 

	Job terminated of its own accord at 2023-07-25T02:47:54Z.
...
006 (330109.000.000) 2023-07-25 11:47:54 Image size of job updated: 685672
	206  -  MemoryUsage of job (MB)
	210260  -  ResidentSetSize of job (KB)
...
005 (330109.000.000) 2023-07-25 11:47:54 Job terminated.
	(1) Normal termination (return value 0)
		Usr 0 00:00:11, Sys 0 00:00:00  -  Run Remote Usage
		Usr 0 00:00:00, Sys 0 00:00:00  -  Run Local Usage
		Usr 0 00:00:11, Sys 0 00:00:00  -  Total Remote Usage
		Usr 0 00:00:00, Sys 0 00:00:00  -  Total Local Usage
	0  -  Run Bytes Sent By Job
	0  -  Run Bytes Received By Job
	0  -  Total Bytes Sent By Job
	0  -  Total Bytes Received By Job
	Partitionable Resources :    Usage  Request Allocated 
	   Cpus                 :                 1         1 
	   Disk (KB)            :        1        1     95898 
	   Memory (MB)          :      206     3900      3968 

	Job terminated of its own accord at 2023-07-25T02:47:54Z.
...
006 (330109.003.000) 2023-07-25 11:47:55 Image size of job updated: 685744
	206  -  MemoryUsage of job (MB)
	210404  -  ResidentSetSize of job (KB)
...
005 (330109.003.000) 2023-07-25 11:47:55 Job terminated.
	(1) Normal termination (return value 0)
		Usr 0 00:00:11, Sys 0 00:00:00  -  Run Remote Usage
		Usr 0 00:00:00, Sys 0 00:00:00  -  Run Local Usage
		Usr 0 00:00:11, Sys 0 00:00:00  -  Total Remote Usage
		Usr 0 00:00:00, Sys 0 00:00:00  -  Total Local Usage
	0  -  Run Bytes Sent By Job
	0  -  Run Bytes Received By Job
	0  -  Total Bytes Sent By Job
	0  -  Total Bytes Received By Job
	Partitionable Resources :    Usage  Request Allocated 
	   Cpus                 :                 1         1 
	   Disk (KB)            :        1        1     95898 
	   Memory (MB)          :      206     3900      3968 

	Job terminated of its own accord at 2023-07-25T02:47:55Z.
...
006 (330109.004.000) 2023-07-25 11:47:55 Image size of job updated: 685888
	206  -  MemoryUsage of job (MB)
	210456  -  ResidentSetSize of job (KB)
...
005 (330109.004.000) 2023-07-25 11:47:55 Job terminated.
	(1) Normal termination (return value 0)
		Usr 0 00:00:11, Sys 0 00:00:00  -  Run Remote Usage
		Usr 0 00:00:00, Sys 0 00:00:00  -  Run Local Usage
		Usr 0 00:00:11, Sys 0 00:00:00  -  Total Remote Usage
		Usr 0 00:00:00, Sys 0 00:00:00  -  Total Local Usage
	0  -  Run Bytes Sent By Job
	0  -  Run Bytes Received By Job
	0  -  Total Bytes Sent By Job
	0  -  Total Bytes Received By Job
	Partitionable Resources :    Usage  Request Allocated 
	   Cpus                 :                 1         1 
	   Disk (KB)            :        1        1     95898 
	   Memory (MB)          :      206     3900      3968 

	Job terminated of its own accord at 2023-07-25T02:47:55Z.
...
006 (330109.005.000) 2023-07-25 11:47:55 Image size of job updated: 687600
	206  -  MemoryUsage of job (MB)
	210400  -  ResidentSetSize of job (KB)
...
005 (330109.005.000) 2023-07-25 11:47:55 Job terminated.
	(1) Normal termination (return value 0)
		Usr 0 00:00:12, Sys 0 00:00:00  -  Run Remote Usage
		Usr 0 00:00:00, Sys 0 00:00:00  -  Run Local Usage
		Usr 0 00:00:12, Sys 0 00:00:00  -  Total Remote Usage
		Usr 0 00:00:00, Sys 0 00:00:00  -  Total Local Usage
	0  -  Run Bytes Sent By Job
	0  -  Run Bytes Received By Job
	0  -  Total Bytes Sent By Job
	0  -  Total Bytes Received By Job
	Partitionable Resources :    Usage  Request Allocated 
	   Cpus                 :                 1         1 
	   Disk (KB)            :        1        1     95898 
	   Memory (MB)          :      206     3900      3968 

	Job terminated of its own accord at 2023-07-25T02:47:55Z.
...
