000 (330195.000.000) 2023-07-25 13:00:42 Job submitted from host: <172.30.1.200:9618?addrs=172.30.1.200-9618&alias=tamsa2.snu.ac.kr&noUDP&sock=schedd_3510_2582>
...
000 (330195.001.000) 2023-07-25 13:00:42 Job submitted from host: <172.30.1.200:9618?addrs=172.30.1.200-9618&alias=tamsa2.snu.ac.kr&noUDP&sock=schedd_3510_2582>
...
000 (330195.002.000) 2023-07-25 13:00:42 Job submitted from host: <172.30.1.200:9618?addrs=172.30.1.200-9618&alias=tamsa2.snu.ac.kr&noUDP&sock=schedd_3510_2582>
...
000 (330195.003.000) 2023-07-25 13:00:42 Job submitted from host: <172.30.1.200:9618?addrs=172.30.1.200-9618&alias=tamsa2.snu.ac.kr&noUDP&sock=schedd_3510_2582>
...
000 (330195.004.000) 2023-07-25 13:00:42 Job submitted from host: <172.30.1.200:9618?addrs=172.30.1.200-9618&alias=tamsa2.snu.ac.kr&noUDP&sock=schedd_3510_2582>
...
000 (330195.005.000) 2023-07-25 13:00:42 Job submitted from host: <172.30.1.200:9618?addrs=172.30.1.200-9618&alias=tamsa2.snu.ac.kr&noUDP&sock=schedd_3510_2582>
...
000 (330195.006.000) 2023-07-25 13:00:42 Job submitted from host: <172.30.1.200:9618?addrs=172.30.1.200-9618&alias=tamsa2.snu.ac.kr&noUDP&sock=schedd_3510_2582>
...
000 (330195.007.000) 2023-07-25 13:00:42 Job submitted from host: <172.30.1.200:9618?addrs=172.30.1.200-9618&alias=tamsa2.snu.ac.kr&noUDP&sock=schedd_3510_2582>
...
000 (330195.008.000) 2023-07-25 13:00:42 Job submitted from host: <172.30.1.200:9618?addrs=172.30.1.200-9618&alias=tamsa2.snu.ac.kr&noUDP&sock=schedd_3510_2582>
...
000 (330195.009.000) 2023-07-25 13:00:42 Job submitted from host: <172.30.1.200:9618?addrs=172.30.1.200-9618&alias=tamsa2.snu.ac.kr&noUDP&sock=schedd_3510_2582>
...
001 (330195.000.000) 2023-07-25 13:00:56 Job executing on host: <172.30.1.206:9618?addrs=172.30.1.206-9618&alias=node6&noUDP&sock=startd_3777_494c>
...
001 (330195.001.000) 2023-07-25 13:00:56 Job executing on host: <172.30.1.206:9618?addrs=172.30.1.206-9618&alias=node6&noUDP&sock=startd_3777_494c>
...
001 (330195.002.000) 2023-07-25 13:00:56 Job executing on host: <172.30.1.206:9618?addrs=172.30.1.206-9618&alias=node6&noUDP&sock=startd_3777_494c>
...
001 (330195.003.000) 2023-07-25 13:00:57 Job executing on host: <172.30.1.206:9618?addrs=172.30.1.206-9618&alias=node6&noUDP&sock=startd_3777_494c>
...
001 (330195.004.000) 2023-07-25 13:00:57 Job executing on host: <172.30.1.206:9618?addrs=172.30.1.206-9618&alias=node6&noUDP&sock=startd_3777_494c>
...
001 (330195.005.000) 2023-07-25 13:00:57 Job executing on host: <172.30.1.206:9618?addrs=172.30.1.206-9618&alias=node6&noUDP&sock=startd_3777_494c>
...
001 (330195.006.000) 2023-07-25 13:00:57 Job executing on host: <172.30.1.206:9618?addrs=172.30.1.206-9618&alias=node6&noUDP&sock=startd_3777_494c>
...
001 (330195.007.000) 2023-07-25 13:00:57 Job executing on host: <172.30.1.206:9618?addrs=172.30.1.206-9618&alias=node6&noUDP&sock=startd_3777_494c>
...
001 (330195.008.000) 2023-07-25 13:00:57 Job executing on host: <172.30.1.206:9618?addrs=172.30.1.206-9618&alias=node6&noUDP&sock=startd_3777_494c>
...
001 (330195.009.000) 2023-07-25 13:00:57 Job executing on host: <172.30.1.206:9618?addrs=172.30.1.206-9618&alias=node6&noUDP&sock=startd_3777_494c>
...
006 (330195.003.000) 2023-07-25 13:01:05 Image size of job updated: 187560
	183  -  MemoryUsage of job (MB)
	186932  -  ResidentSetSize of job (KB)
...
006 (330195.004.000) 2023-07-25 13:01:05 Image size of job updated: 209932
	200  -  MemoryUsage of job (MB)
	204000  -  ResidentSetSize of job (KB)
...
006 (330195.005.000) 2023-07-25 13:01:05 Image size of job updated: 211640
	206  -  MemoryUsage of job (MB)
	210804  -  ResidentSetSize of job (KB)
...
006 (330195.006.000) 2023-07-25 13:01:05 Image size of job updated: 217808
	207  -  MemoryUsage of job (MB)
	210992  -  ResidentSetSize of job (KB)
...
006 (330195.007.000) 2023-07-25 13:01:05 Image size of job updated: 206164
	202  -  MemoryUsage of job (MB)
	206152  -  ResidentSetSize of job (KB)
...
006 (330195.008.000) 2023-07-25 13:01:05 Image size of job updated: 197320
	192  -  MemoryUsage of job (MB)
	195812  -  ResidentSetSize of job (KB)
...
006 (330195.009.000) 2023-07-25 13:01:05 Image size of job updated: 209452
	205  -  MemoryUsage of job (MB)
	209444  -  ResidentSetSize of job (KB)
...
006 (330195.000.000) 2023-07-25 13:01:05 Image size of job updated: 216668
	207  -  MemoryUsage of job (MB)
	211032  -  ResidentSetSize of job (KB)
...
006 (330195.001.000) 2023-07-25 13:01:05 Image size of job updated: 217680
	207  -  MemoryUsage of job (MB)
	211000  -  ResidentSetSize of job (KB)
...
006 (330195.002.000) 2023-07-25 13:01:06 Image size of job updated: 216028
	206  -  MemoryUsage of job (MB)
	210868  -  ResidentSetSize of job (KB)
...
006 (330195.007.000) 2023-07-25 13:01:10 Image size of job updated: 688376
	202  -  MemoryUsage of job (MB)
	206200  -  ResidentSetSize of job (KB)
...
005 (330195.007.000) 2023-07-25 13:01:10 Job terminated.
	(1) Normal termination (return value 0)
		Usr 0 00:00:10, Sys 0 00:00:00  -  Run Remote Usage
		Usr 0 00:00:00, Sys 0 00:00:00  -  Run Local Usage
		Usr 0 00:00:10, Sys 0 00:00:00  -  Total Remote Usage
		Usr 0 00:00:00, Sys 0 00:00:00  -  Total Local Usage
	0  -  Run Bytes Sent By Job
	0  -  Run Bytes Received By Job
	0  -  Total Bytes Sent By Job
	0  -  Total Bytes Received By Job
	Partitionable Resources :    Usage  Request Allocated 
	   Cpus                 :                 1         1 
	   Disk (KB)            :        1        1     95898 
	   Memory (MB)          :      202     3900      3968 

	Job terminated of its own accord at 2023-07-25T04:01:10Z.
...
006 (330195.009.000) 2023-07-25 13:01:11 Image size of job updated: 687252
	205  -  MemoryUsage of job (MB)
	209444  -  ResidentSetSize of job (KB)
...
005 (330195.009.000) 2023-07-25 13:01:11 Job terminated.
	(1) Normal termination (return value 0)
		Usr 0 00:00:10, Sys 0 00:00:00  -  Run Remote Usage
		Usr 0 00:00:00, Sys 0 00:00:00  -  Run Local Usage
		Usr 0 00:00:10, Sys 0 00:00:00  -  Total Remote Usage
		Usr 0 00:00:00, Sys 0 00:00:00  -  Total Local Usage
	0  -  Run Bytes Sent By Job
	0  -  Run Bytes Received By Job
	0  -  Total Bytes Sent By Job
	0  -  Total Bytes Received By Job
	Partitionable Resources :    Usage  Request Allocated 
	   Cpus                 :                 1         1 
	   Disk (KB)            :        1        1     95898 
	   Memory (MB)          :      205     3900      3968 

	Job terminated of its own accord at 2023-07-25T04:01:11Z.
...
006 (330195.004.000) 2023-07-25 13:01:11 Image size of job updated: 688408
	200  -  MemoryUsage of job (MB)
	204028  -  ResidentSetSize of job (KB)
...
005 (330195.004.000) 2023-07-25 13:01:11 Job terminated.
	(1) Normal termination (return value 0)
		Usr 0 00:00:11, Sys 0 00:00:00  -  Run Remote Usage
		Usr 0 00:00:00, Sys 0 00:00:00  -  Run Local Usage
		Usr 0 00:00:11, Sys 0 00:00:00  -  Total Remote Usage
		Usr 0 00:00:00, Sys 0 00:00:00  -  Total Local Usage
	0  -  Run Bytes Sent By Job
	0  -  Run Bytes Received By Job
	0  -  Total Bytes Sent By Job
	0  -  Total Bytes Received By Job
	Partitionable Resources :    Usage  Request Allocated 
	   Cpus                 :                 1         1 
	   Disk (KB)            :        1        1     95898 
	   Memory (MB)          :      200     3900      3968 

	Job terminated of its own accord at 2023-07-25T04:01:11Z.
...
006 (330195.006.000) 2023-07-25 13:01:11 Image size of job updated: 686600
	207  -  MemoryUsage of job (MB)
	210992  -  ResidentSetSize of job (KB)
...
005 (330195.006.000) 2023-07-25 13:01:11 Job terminated.
	(1) Normal termination (return value 0)
		Usr 0 00:00:11, Sys 0 00:00:00  -  Run Remote Usage
		Usr 0 00:00:00, Sys 0 00:00:00  -  Run Local Usage
		Usr 0 00:00:11, Sys 0 00:00:00  -  Total Remote Usage
		Usr 0 00:00:00, Sys 0 00:00:00  -  Total Local Usage
	0  -  Run Bytes Sent By Job
	0  -  Run Bytes Received By Job
	0  -  Total Bytes Sent By Job
	0  -  Total Bytes Received By Job
	Partitionable Resources :    Usage  Request Allocated 
	   Cpus                 :                 1         1 
	   Disk (KB)            :        1        1     95898 
	   Memory (MB)          :      207     3900      3968 

	Job terminated of its own accord at 2023-07-25T04:01:11Z.
...
006 (330195.005.000) 2023-07-25 13:01:11 Image size of job updated: 686540
	206  -  MemoryUsage of job (MB)
	210804  -  ResidentSetSize of job (KB)
...
005 (330195.005.000) 2023-07-25 13:01:11 Job terminated.
	(1) Normal termination (return value 0)
		Usr 0 00:00:11, Sys 0 00:00:00  -  Run Remote Usage
		Usr 0 00:00:00, Sys 0 00:00:00  -  Run Local Usage
		Usr 0 00:00:11, Sys 0 00:00:00  -  Total Remote Usage
		Usr 0 00:00:00, Sys 0 00:00:00  -  Total Local Usage
	0  -  Run Bytes Sent By Job
	0  -  Run Bytes Received By Job
	0  -  Total Bytes Sent By Job
	0  -  Total Bytes Received By Job
	Partitionable Resources :    Usage  Request Allocated 
	   Cpus                 :                 1         1 
	   Disk (KB)            :        1        1     95898 
	   Memory (MB)          :      206     3900      3968 

	Job terminated of its own accord at 2023-07-25T04:01:11Z.
...
006 (330195.000.000) 2023-07-25 13:01:13 Image size of job updated: 686632
	207  -  MemoryUsage of job (MB)
	211032  -  ResidentSetSize of job (KB)
...
005 (330195.000.000) 2023-07-25 13:01:13 Job terminated.
	(1) Normal termination (return value 0)
		Usr 0 00:00:12, Sys 0 00:00:00  -  Run Remote Usage
		Usr 0 00:00:00, Sys 0 00:00:00  -  Run Local Usage
		Usr 0 00:00:12, Sys 0 00:00:00  -  Total Remote Usage
		Usr 0 00:00:00, Sys 0 00:00:00  -  Total Local Usage
	0  -  Run Bytes Sent By Job
	0  -  Run Bytes Received By Job
	0  -  Total Bytes Sent By Job
	0  -  Total Bytes Received By Job
	Partitionable Resources :    Usage  Request Allocated 
	   Cpus                 :                 1         1 
	   Disk (KB)            :        1        1     95898 
	   Memory (MB)          :      207     3900      3968 

	Job terminated of its own accord at 2023-07-25T04:01:13Z.
...
006 (330195.001.000) 2023-07-25 13:01:13 Image size of job updated: 686620
	207  -  MemoryUsage of job (MB)
	211000  -  ResidentSetSize of job (KB)
...
005 (330195.001.000) 2023-07-25 13:01:13 Job terminated.
	(1) Normal termination (return value 0)
		Usr 0 00:00:12, Sys 0 00:00:00  -  Run Remote Usage
		Usr 0 00:00:00, Sys 0 00:00:00  -  Run Local Usage
		Usr 0 00:00:12, Sys 0 00:00:00  -  Total Remote Usage
		Usr 0 00:00:00, Sys 0 00:00:00  -  Total Local Usage
	0  -  Run Bytes Sent By Job
	0  -  Run Bytes Received By Job
	0  -  Total Bytes Sent By Job
	0  -  Total Bytes Received By Job
	Partitionable Resources :    Usage  Request Allocated 
	   Cpus                 :                 1         1 
	   Disk (KB)            :        1        1     95898 
	   Memory (MB)          :      207     3900      3968 

	Job terminated of its own accord at 2023-07-25T04:01:13Z.
...
006 (330195.008.000) 2023-07-25 13:01:13 Image size of job updated: 688424
	192  -  MemoryUsage of job (MB)
	195896  -  ResidentSetSize of job (KB)
...
005 (330195.008.000) 2023-07-25 13:01:13 Job terminated.
	(1) Normal termination (return value 0)
		Usr 0 00:00:13, Sys 0 00:00:00  -  Run Remote Usage
		Usr 0 00:00:00, Sys 0 00:00:00  -  Run Local Usage
		Usr 0 00:00:13, Sys 0 00:00:00  -  Total Remote Usage
		Usr 0 00:00:00, Sys 0 00:00:00  -  Total Local Usage
	0  -  Run Bytes Sent By Job
	0  -  Run Bytes Received By Job
	0  -  Total Bytes Sent By Job
	0  -  Total Bytes Received By Job
	Partitionable Resources :    Usage  Request Allocated 
	   Cpus                 :                 1         1 
	   Disk (KB)            :        1        1     95898 
	   Memory (MB)          :      192     3900      3968 

	Job terminated of its own accord at 2023-07-25T04:01:13Z.
...
006 (330195.002.000) 2023-07-25 13:01:14 Image size of job updated: 686484
	206  -  MemoryUsage of job (MB)
	210868  -  ResidentSetSize of job (KB)
...
005 (330195.002.000) 2023-07-25 13:01:14 Job terminated.
	(1) Normal termination (return value 0)
		Usr 0 00:00:14, Sys 0 00:00:00  -  Run Remote Usage
		Usr 0 00:00:00, Sys 0 00:00:00  -  Run Local Usage
		Usr 0 00:00:14, Sys 0 00:00:00  -  Total Remote Usage
		Usr 0 00:00:00, Sys 0 00:00:00  -  Total Local Usage
	0  -  Run Bytes Sent By Job
	0  -  Run Bytes Received By Job
	0  -  Total Bytes Sent By Job
	0  -  Total Bytes Received By Job
	Partitionable Resources :    Usage  Request Allocated 
	   Cpus                 :                 1         1 
	   Disk (KB)            :        1        1     95898 
	   Memory (MB)          :      206     3900      3968 

	Job terminated of its own accord at 2023-07-25T04:01:14Z.
...
006 (330195.003.000) 2023-07-25 13:01:14 Image size of job updated: 686596
	183  -  MemoryUsage of job (MB)
	186972  -  ResidentSetSize of job (KB)
...
005 (330195.003.000) 2023-07-25 13:01:14 Job terminated.
	(1) Normal termination (return value 0)
		Usr 0 00:00:14, Sys 0 00:00:00  -  Run Remote Usage
		Usr 0 00:00:00, Sys 0 00:00:00  -  Run Local Usage
		Usr 0 00:00:14, Sys 0 00:00:00  -  Total Remote Usage
		Usr 0 00:00:00, Sys 0 00:00:00  -  Total Local Usage
	0  -  Run Bytes Sent By Job
	0  -  Run Bytes Received By Job
	0  -  Total Bytes Sent By Job
	0  -  Total Bytes Received By Job
	Partitionable Resources :    Usage  Request Allocated 
	   Cpus                 :                 1         1 
	   Disk (KB)            :        1        1     95898 
	   Memory (MB)          :      183     3900      3968 

	Job terminated of its own accord at 2023-07-25T04:01:14Z.
...
