000 (310926.000.000) 2023-06-12 15:35:20 Job submitted from host: <172.30.1.200:9618?addrs=172.30.1.200-9618&alias=tamsa2.snu.ac.kr&noUDP&sock=schedd_3510_2582>
...
000 (310926.001.000) 2023-06-12 15:35:20 Job submitted from host: <172.30.1.200:9618?addrs=172.30.1.200-9618&alias=tamsa2.snu.ac.kr&noUDP&sock=schedd_3510_2582>
...
000 (310926.002.000) 2023-06-12 15:35:20 Job submitted from host: <172.30.1.200:9618?addrs=172.30.1.200-9618&alias=tamsa2.snu.ac.kr&noUDP&sock=schedd_3510_2582>
...
000 (310926.003.000) 2023-06-12 15:35:20 Job submitted from host: <172.30.1.200:9618?addrs=172.30.1.200-9618&alias=tamsa2.snu.ac.kr&noUDP&sock=schedd_3510_2582>
...
000 (310926.004.000) 2023-06-12 15:35:20 Job submitted from host: <172.30.1.200:9618?addrs=172.30.1.200-9618&alias=tamsa2.snu.ac.kr&noUDP&sock=schedd_3510_2582>
...
000 (310926.005.000) 2023-06-12 15:35:20 Job submitted from host: <172.30.1.200:9618?addrs=172.30.1.200-9618&alias=tamsa2.snu.ac.kr&noUDP&sock=schedd_3510_2582>
...
000 (310926.006.000) 2023-06-12 15:35:20 Job submitted from host: <172.30.1.200:9618?addrs=172.30.1.200-9618&alias=tamsa2.snu.ac.kr&noUDP&sock=schedd_3510_2582>
...
000 (310926.007.000) 2023-06-12 15:35:20 Job submitted from host: <172.30.1.200:9618?addrs=172.30.1.200-9618&alias=tamsa2.snu.ac.kr&noUDP&sock=schedd_3510_2582>
...
000 (310926.008.000) 2023-06-12 15:35:20 Job submitted from host: <172.30.1.200:9618?addrs=172.30.1.200-9618&alias=tamsa2.snu.ac.kr&noUDP&sock=schedd_3510_2582>
...
000 (310926.009.000) 2023-06-12 15:35:20 Job submitted from host: <172.30.1.200:9618?addrs=172.30.1.200-9618&alias=tamsa2.snu.ac.kr&noUDP&sock=schedd_3510_2582>
...
001 (310926.000.000) 2023-06-12 15:40:33 Job executing on host: <172.30.1.209:9618?addrs=172.30.1.209-9618&alias=node9&noUDP&sock=startd_3776_99b3>
...
040 (310926.002.000) 2023-06-12 15:40:33 Started transferring input files
	Transferring to host: <172.30.1.109:9618?addrs=172.30.1.109-9618&alias=n9&noUDP&sock=slot1_8_4265_d407_22448>
...
001 (310926.001.000) 2023-06-12 15:40:33 Job executing on host: <172.30.1.202:9618?addrs=172.30.1.202-9618&alias=node2&noUDP&sock=startd_19693_56a6>
...
040 (310926.002.000) 2023-06-12 15:40:33 Finished transferring input files
...
040 (310926.006.000) 2023-06-12 15:40:33 Started transferring input files
	Transferring to host: <172.30.1.111:9618?addrs=172.30.1.111-9618&alias=n11&noUDP&sock=slot1_40_4451_e1ce_12955>
...
040 (310926.006.000) 2023-06-12 15:40:33 Finished transferring input files
...
040 (310926.003.000) 2023-06-12 15:40:33 Started transferring input files
	Transferring to host: <172.30.1.109:9618?addrs=172.30.1.109-9618&alias=n9&noUDP&sock=slot1_27_4265_d407_22449>
...
040 (310926.003.000) 2023-06-12 15:40:33 Finished transferring input files
...
040 (310926.004.000) 2023-06-12 15:40:33 Started transferring input files
	Transferring to host: <172.30.1.102:9618?addrs=172.30.1.102-9618&alias=n2&noUDP&sock=slot1_42_3347_03a1_18352>
...
040 (310926.004.000) 2023-06-12 15:40:33 Finished transferring input files
...
040 (310926.007.000) 2023-06-12 15:40:33 Started transferring input files
	Transferring to host: <172.30.1.111:9618?addrs=172.30.1.111-9618&alias=n11&noUDP&sock=slot1_41_4451_e1ce_12956>
...
040 (310926.007.000) 2023-06-12 15:40:34 Finished transferring input files
...
040 (310926.005.000) 2023-06-12 15:40:34 Started transferring input files
	Transferring to host: <172.30.1.101:9618?addrs=172.30.1.101-9618&alias=n1&noUDP&sock=slot1_58_3367_1b22_14689>
...
040 (310926.005.000) 2023-06-12 15:40:34 Finished transferring input files
...
001 (310926.002.000) 2023-06-12 15:40:34 Job executing on host: <172.30.1.109:9618?addrs=172.30.1.109-9618&alias=n9&noUDP&sock=startd_4231_b14b>
...
001 (310926.006.000) 2023-06-12 15:40:34 Job executing on host: <172.30.1.111:9618?addrs=172.30.1.111-9618&alias=n11&noUDP&sock=startd_4417_45e8>
...
001 (310926.003.000) 2023-06-12 15:40:34 Job executing on host: <172.30.1.109:9618?addrs=172.30.1.109-9618&alias=n9&noUDP&sock=startd_4231_b14b>
...
001 (310926.004.000) 2023-06-12 15:40:34 Job executing on host: <172.30.1.102:9618?addrs=172.30.1.102-9618&alias=n2&noUDP&sock=startd_3313_055a>
...
001 (310926.007.000) 2023-06-12 15:40:35 Job executing on host: <172.30.1.111:9618?addrs=172.30.1.111-9618&alias=n11&noUDP&sock=startd_4417_45e8>
...
001 (310926.005.000) 2023-06-12 15:40:35 Job executing on host: <172.30.1.101:9618?addrs=172.30.1.101-9618&alias=n1&noUDP&sock=startd_3332_0da7>
...
006 (310926.000.000) 2023-06-12 15:40:42 Image size of job updated: 187388
	183  -  MemoryUsage of job (MB)
	187388  -  ResidentSetSize of job (KB)
...
006 (310926.001.000) 2023-06-12 15:40:42 Image size of job updated: 187892
	184  -  MemoryUsage of job (MB)
	187892  -  ResidentSetSize of job (KB)
...
006 (310926.003.000) 2023-06-12 15:40:43 Image size of job updated: 220372
	184  -  MemoryUsage of job (MB)
	187888  -  ResidentSetSize of job (KB)
...
006 (310926.004.000) 2023-06-12 15:40:43 Image size of job updated: 192168
	162  -  MemoryUsage of job (MB)
	165088  -  ResidentSetSize of job (KB)
...
006 (310926.007.000) 2023-06-12 15:40:43 Image size of job updated: 211504
	207  -  MemoryUsage of job (MB)
	211504  -  ResidentSetSize of job (KB)
...
006 (310926.005.000) 2023-06-12 15:40:43 Image size of job updated: 400228
	121  -  MemoryUsage of job (MB)
	123092  -  ResidentSetSize of job (KB)
...
006 (310926.006.000) 2023-06-12 15:40:43 Image size of job updated: 213204
	209  -  MemoryUsage of job (MB)
	213204  -  ResidentSetSize of job (KB)
...
006 (310926.002.000) 2023-06-12 15:40:44 Image size of job updated: 247884
	184  -  MemoryUsage of job (MB)
	187940  -  ResidentSetSize of job (KB)
...
006 (310926.006.000) 2023-06-12 15:40:58 Image size of job updated: 695680
	209  -  MemoryUsage of job (MB)
	213204  -  ResidentSetSize of job (KB)
...
040 (310926.006.000) 2023-06-12 15:40:58 Started transferring output files
...
040 (310926.006.000) 2023-06-12 15:40:58 Finished transferring output files
...
005 (310926.006.000) 2023-06-12 15:40:58 Job terminated.
	(1) Normal termination (return value 0)
		Usr 0 00:00:19, Sys 0 00:00:01  -  Run Remote Usage
		Usr 0 00:00:00, Sys 0 00:00:00  -  Run Local Usage
		Usr 0 00:00:19, Sys 0 00:00:01  -  Total Remote Usage
		Usr 0 00:00:00, Sys 0 00:00:00  -  Total Local Usage
	7450  -  Run Bytes Sent By Job
	144  -  Run Bytes Received By Job
	7450  -  Total Bytes Sent By Job
	144  -  Total Bytes Received By Job
	Partitionable Resources :    Usage  Request Allocated 
	   Cpus                 :                 1         1 
	   Disk (KB)            :       53        1    127802 
	   GPUs                 :                           0 
	   Memory (MB)          :      209     3900      3968 

	Job terminated of its own accord at 2023-06-12T06:40:58Z.
...
006 (310926.003.000) 2023-06-12 15:41:05 Image size of job updated: 694952
	184  -  MemoryUsage of job (MB)
	187888  -  ResidentSetSize of job (KB)
...
040 (310926.003.000) 2023-06-12 15:41:05 Started transferring output files
...
040 (310926.003.000) 2023-06-12 15:41:05 Finished transferring output files
...
005 (310926.003.000) 2023-06-12 15:41:05 Job terminated.
	(1) Normal termination (return value 0)
		Usr 0 00:00:25, Sys 0 00:00:02  -  Run Remote Usage
		Usr 0 00:00:00, Sys 0 00:00:00  -  Run Local Usage
		Usr 0 00:00:25, Sys 0 00:00:02  -  Total Remote Usage
		Usr 0 00:00:00, Sys 0 00:00:00  -  Total Local Usage
	7470  -  Run Bytes Sent By Job
	144  -  Run Bytes Received By Job
	7470  -  Total Bytes Sent By Job
	144  -  Total Bytes Received By Job
	Partitionable Resources :    Usage  Request Allocated 
	   Cpus                 :                 1         1 
	   Disk (KB)            :       52        1    127899 
	   Memory (MB)          :      184     3900      3968 

	Job terminated of its own accord at 2023-06-12T06:41:05Z.
...
006 (310926.007.000) 2023-06-12 15:41:08 Image size of job updated: 691908
	207  -  MemoryUsage of job (MB)
	211504  -  ResidentSetSize of job (KB)
...
040 (310926.007.000) 2023-06-12 15:41:08 Started transferring output files
...
040 (310926.007.000) 2023-06-12 15:41:08 Finished transferring output files
...
005 (310926.007.000) 2023-06-12 15:41:08 Job terminated.
	(1) Normal termination (return value 0)
		Usr 0 00:00:27, Sys 0 00:00:01  -  Run Remote Usage
		Usr 0 00:00:00, Sys 0 00:00:00  -  Run Local Usage
		Usr 0 00:00:27, Sys 0 00:00:01  -  Total Remote Usage
		Usr 0 00:00:00, Sys 0 00:00:00  -  Total Local Usage
	7481  -  Run Bytes Sent By Job
	144  -  Run Bytes Received By Job
	7481  -  Total Bytes Sent By Job
	144  -  Total Bytes Received By Job
	Partitionable Resources :    Usage  Request Allocated 
	   Cpus                 :                 1         1 
	   Disk (KB)            :       53        1    127802 
	   GPUs                 :                           0 
	   Memory (MB)          :      207     3900      3968 

	Job terminated of its own accord at 2023-06-12T06:41:08Z.
...
006 (310926.002.000) 2023-06-12 15:41:08 Image size of job updated: 690012
	184  -  MemoryUsage of job (MB)
	187940  -  ResidentSetSize of job (KB)
...
040 (310926.002.000) 2023-06-12 15:41:08 Started transferring output files
...
040 (310926.002.000) 2023-06-12 15:41:08 Finished transferring output files
...
005 (310926.002.000) 2023-06-12 15:41:08 Job terminated.
	(1) Normal termination (return value 0)
		Usr 0 00:00:27, Sys 0 00:00:01  -  Run Remote Usage
		Usr 0 00:00:00, Sys 0 00:00:00  -  Run Local Usage
		Usr 0 00:00:27, Sys 0 00:00:01  -  Total Remote Usage
		Usr 0 00:00:00, Sys 0 00:00:00  -  Total Local Usage
	7470  -  Run Bytes Sent By Job
	144  -  Run Bytes Received By Job
	7470  -  Total Bytes Sent By Job
	144  -  Total Bytes Received By Job
	Partitionable Resources :    Usage  Request Allocated 
	   Cpus                 :                 1         1 
	   Disk (KB)            :       52        1    127899 
	   Memory (MB)          :      184     3900      3968 

	Job terminated of its own accord at 2023-06-12T06:41:08Z.
...
006 (310926.000.000) 2023-06-12 15:41:19 Image size of job updated: 703976
	184  -  MemoryUsage of job (MB)
	187416  -  ResidentSetSize of job (KB)
...
005 (310926.000.000) 2023-06-12 15:41:19 Job terminated.
	(1) Normal termination (return value 0)
		Usr 0 00:00:33, Sys 0 00:00:02  -  Run Remote Usage
		Usr 0 00:00:00, Sys 0 00:00:00  -  Run Local Usage
		Usr 0 00:00:33, Sys 0 00:00:02  -  Total Remote Usage
		Usr 0 00:00:00, Sys 0 00:00:00  -  Total Local Usage
	0  -  Run Bytes Sent By Job
	0  -  Run Bytes Received By Job
	0  -  Total Bytes Sent By Job
	0  -  Total Bytes Received By Job
	Partitionable Resources :    Usage  Request Allocated 
	   Cpus                 :                 1         1 
	   Disk (KB)            :        1        1    128928 
	   Memory (MB)          :      184     3900      3968 

	Job terminated of its own accord at 2023-06-12T06:41:19Z.
...
006 (310926.001.000) 2023-06-12 15:41:19 Image size of job updated: 692068
	184  -  MemoryUsage of job (MB)
	187892  -  ResidentSetSize of job (KB)
...
005 (310926.001.000) 2023-06-12 15:41:19 Job terminated.
	(1) Normal termination (return value 0)
		Usr 0 00:00:37, Sys 0 00:00:01  -  Run Remote Usage
		Usr 0 00:00:00, Sys 0 00:00:00  -  Run Local Usage
		Usr 0 00:00:37, Sys 0 00:00:01  -  Total Remote Usage
		Usr 0 00:00:00, Sys 0 00:00:00  -  Total Local Usage
	0  -  Run Bytes Sent By Job
	0  -  Run Bytes Received By Job
	0  -  Total Bytes Sent By Job
	0  -  Total Bytes Received By Job
	Partitionable Resources :    Usage  Request Allocated 
	   Cpus                 :                 1         1 
	   Disk (KB)            :        1        1    128913 
	   Memory (MB)          :      184     3900      3968 

	Job terminated of its own accord at 2023-06-12T06:41:19Z.
...
006 (310926.004.000) 2023-06-12 15:41:23 Image size of job updated: 693576
	162  -  MemoryUsage of job (MB)
	165140  -  ResidentSetSize of job (KB)
...
040 (310926.004.000) 2023-06-12 15:41:23 Started transferring output files
...
040 (310926.004.000) 2023-06-12 15:41:23 Finished transferring output files
...
005 (310926.004.000) 2023-06-12 15:41:23 Job terminated.
	(1) Normal termination (return value 0)
		Usr 0 00:00:38, Sys 0 00:00:03  -  Run Remote Usage
		Usr 0 00:00:00, Sys 0 00:00:00  -  Run Local Usage
		Usr 0 00:00:38, Sys 0 00:00:03  -  Total Remote Usage
		Usr 0 00:00:00, Sys 0 00:00:00  -  Total Local Usage
	7491  -  Run Bytes Sent By Job
	144  -  Run Bytes Received By Job
	7491  -  Total Bytes Sent By Job
	144  -  Total Bytes Received By Job
	Partitionable Resources :    Usage  Request Allocated 
	   Cpus                 :     0.56        1         1 
	   Disk (KB)            :    58           1    123869 
	   Memory (MB)          :   162        3900      3968 

	Job terminated of its own accord at 2023-06-12T06:41:23Z.
...
001 (310926.008.000) 2023-06-12 15:41:34 Job executing on host: <172.30.1.205:9618?addrs=172.30.1.205-9618&alias=node5&noUDP&sock=startd_3770_7c22>
...
001 (310926.009.000) 2023-06-12 15:41:34 Job executing on host: <172.30.1.206:9618?addrs=172.30.1.206-9618&alias=node6&noUDP&sock=startd_3777_494c>
...
006 (310926.005.000) 2023-06-12 15:41:36 Image size of job updated: 694484
	121  -  MemoryUsage of job (MB)
	123240  -  ResidentSetSize of job (KB)
...
040 (310926.005.000) 2023-06-12 15:41:36 Started transferring output files
...
040 (310926.005.000) 2023-06-12 15:41:36 Finished transferring output files
...
005 (310926.005.000) 2023-06-12 15:41:36 Job terminated.
	(1) Normal termination (return value 0)
		Usr 0 00:00:48, Sys 0 00:00:03  -  Run Remote Usage
		Usr 0 00:00:00, Sys 0 00:00:00  -  Run Local Usage
		Usr 0 00:00:48, Sys 0 00:00:03  -  Total Remote Usage
		Usr 0 00:00:00, Sys 0 00:00:00  -  Total Local Usage
	7540  -  Run Bytes Sent By Job
	144  -  Run Bytes Received By Job
	7540  -  Total Bytes Sent By Job
	144  -  Total Bytes Received By Job
	Partitionable Resources :    Usage  Request Allocated 
	   Cpus                 :     0.34        1         1 
	   Disk (KB)            :    58           1    127998 
	   Memory (MB)          :   121        3900      3968 

	Job terminated of its own accord at 2023-06-12T06:41:36Z.
...
006 (310926.008.000) 2023-06-12 15:41:42 Image size of job updated: 187628
	184  -  MemoryUsage of job (MB)
	187628  -  ResidentSetSize of job (KB)
...
006 (310926.009.000) 2023-06-12 15:41:42 Image size of job updated: 187612
	184  -  MemoryUsage of job (MB)
	187612  -  ResidentSetSize of job (KB)
...
006 (310926.009.000) 2023-06-12 15:42:08 Image size of job updated: 692104
	184  -  MemoryUsage of job (MB)
	187612  -  ResidentSetSize of job (KB)
...
005 (310926.009.000) 2023-06-12 15:42:08 Job terminated.
	(1) Normal termination (return value 0)
		Usr 0 00:00:27, Sys 0 00:00:01  -  Run Remote Usage
		Usr 0 00:00:00, Sys 0 00:00:00  -  Run Local Usage
		Usr 0 00:00:27, Sys 0 00:00:01  -  Total Remote Usage
		Usr 0 00:00:00, Sys 0 00:00:00  -  Total Local Usage
	0  -  Run Bytes Sent By Job
	0  -  Run Bytes Received By Job
	0  -  Total Bytes Sent By Job
	0  -  Total Bytes Received By Job
	Partitionable Resources :    Usage  Request Allocated 
	   Cpus                 :                 1         1 
	   Disk (KB)            :        1        1     95898 
	   Memory (MB)          :      184     3900      3968 

	Job terminated of its own accord at 2023-06-12T06:42:08Z.
...
006 (310926.008.000) 2023-06-12 15:42:11 Image size of job updated: 694872
	184  -  MemoryUsage of job (MB)
	187628  -  ResidentSetSize of job (KB)
...
005 (310926.008.000) 2023-06-12 15:42:11 Job terminated.
	(1) Normal termination (return value 0)
		Usr 0 00:00:29, Sys 0 00:00:01  -  Run Remote Usage
		Usr 0 00:00:00, Sys 0 00:00:00  -  Run Local Usage
		Usr 0 00:00:29, Sys 0 00:00:01  -  Total Remote Usage
		Usr 0 00:00:00, Sys 0 00:00:00  -  Total Local Usage
	0  -  Run Bytes Sent By Job
	0  -  Run Bytes Received By Job
	0  -  Total Bytes Sent By Job
	0  -  Total Bytes Received By Job
	Partitionable Resources :    Usage  Request Allocated 
	   Cpus                 :                 1         1 
	   Disk (KB)            :        1        1    128928 
	   Memory (MB)          :      184     3900      3968 

	Job terminated of its own accord at 2023-06-12T06:42:11Z.
...
