000 (330076.000.000) 2023-07-25 10:56:46 Job submitted from host: <172.30.1.200:9618?addrs=172.30.1.200-9618&alias=tamsa2.snu.ac.kr&noUDP&sock=schedd_3510_2582>
...
000 (330076.001.000) 2023-07-25 10:56:46 Job submitted from host: <172.30.1.200:9618?addrs=172.30.1.200-9618&alias=tamsa2.snu.ac.kr&noUDP&sock=schedd_3510_2582>
...
000 (330076.002.000) 2023-07-25 10:56:46 Job submitted from host: <172.30.1.200:9618?addrs=172.30.1.200-9618&alias=tamsa2.snu.ac.kr&noUDP&sock=schedd_3510_2582>
...
000 (330076.003.000) 2023-07-25 10:56:46 Job submitted from host: <172.30.1.200:9618?addrs=172.30.1.200-9618&alias=tamsa2.snu.ac.kr&noUDP&sock=schedd_3510_2582>
...
000 (330076.004.000) 2023-07-25 10:56:46 Job submitted from host: <172.30.1.200:9618?addrs=172.30.1.200-9618&alias=tamsa2.snu.ac.kr&noUDP&sock=schedd_3510_2582>
...
000 (330076.005.000) 2023-07-25 10:56:46 Job submitted from host: <172.30.1.200:9618?addrs=172.30.1.200-9618&alias=tamsa2.snu.ac.kr&noUDP&sock=schedd_3510_2582>
...
000 (330076.006.000) 2023-07-25 10:56:46 Job submitted from host: <172.30.1.200:9618?addrs=172.30.1.200-9618&alias=tamsa2.snu.ac.kr&noUDP&sock=schedd_3510_2582>
...
000 (330076.007.000) 2023-07-25 10:56:46 Job submitted from host: <172.30.1.200:9618?addrs=172.30.1.200-9618&alias=tamsa2.snu.ac.kr&noUDP&sock=schedd_3510_2582>
...
000 (330076.008.000) 2023-07-25 10:56:46 Job submitted from host: <172.30.1.200:9618?addrs=172.30.1.200-9618&alias=tamsa2.snu.ac.kr&noUDP&sock=schedd_3510_2582>
...
000 (330076.009.000) 2023-07-25 10:56:46 Job submitted from host: <172.30.1.200:9618?addrs=172.30.1.200-9618&alias=tamsa2.snu.ac.kr&noUDP&sock=schedd_3510_2582>
...
040 (330076.000.000) 2023-07-25 10:56:54 Started transferring input files
	Transferring to host: <172.30.1.101:9618?addrs=172.30.1.101-9618&alias=n1&noUDP&sock=slot1_7_3367_1b22_45656>
...
040 (330076.000.000) 2023-07-25 10:56:54 Finished transferring input files
...
040 (330076.001.000) 2023-07-25 10:56:54 Started transferring input files
	Transferring to host: <172.30.1.101:9618?addrs=172.30.1.101-9618&alias=n1&noUDP&sock=slot1_8_3367_1b22_45657>
...
040 (330076.001.000) 2023-07-25 10:56:54 Finished transferring input files
...
040 (330076.002.000) 2023-07-25 10:56:54 Started transferring input files
	Transferring to host: <172.30.1.101:9618?addrs=172.30.1.101-9618&alias=n1&noUDP&sock=slot1_10_3367_1b22_45658>
...
040 (330076.002.000) 2023-07-25 10:56:54 Finished transferring input files
...
040 (330076.003.000) 2023-07-25 10:56:54 Started transferring input files
	Transferring to host: <172.30.1.101:9618?addrs=172.30.1.101-9618&alias=n1&noUDP&sock=slot1_11_3367_1b22_45659>
...
040 (330076.003.000) 2023-07-25 10:56:54 Finished transferring input files
...
040 (330076.004.000) 2023-07-25 10:56:54 Started transferring input files
	Transferring to host: <172.30.1.101:9618?addrs=172.30.1.101-9618&alias=n1&noUDP&sock=slot1_12_3367_1b22_45660>
...
040 (330076.004.000) 2023-07-25 10:56:54 Finished transferring input files
...
040 (330076.005.000) 2023-07-25 10:56:55 Started transferring input files
	Transferring to host: <172.30.1.101:9618?addrs=172.30.1.101-9618&alias=n1&noUDP&sock=slot1_13_3367_1b22_45661>
...
040 (330076.005.000) 2023-07-25 10:56:55 Finished transferring input files
...
040 (330076.006.000) 2023-07-25 10:56:55 Started transferring input files
	Transferring to host: <172.30.1.101:9618?addrs=172.30.1.101-9618&alias=n1&noUDP&sock=slot1_14_3367_1b22_45662>
...
040 (330076.006.000) 2023-07-25 10:56:55 Finished transferring input files
...
040 (330076.007.000) 2023-07-25 10:56:55 Started transferring input files
	Transferring to host: <172.30.1.101:9618?addrs=172.30.1.101-9618&alias=n1&noUDP&sock=slot1_46_3367_1b22_45663>
...
040 (330076.007.000) 2023-07-25 10:56:55 Finished transferring input files
...
040 (330076.008.000) 2023-07-25 10:56:55 Started transferring input files
	Transferring to host: <172.30.1.101:9618?addrs=172.30.1.101-9618&alias=n1&noUDP&sock=slot1_47_3367_1b22_45664>
...
040 (330076.008.000) 2023-07-25 10:56:55 Finished transferring input files
...
040 (330076.009.000) 2023-07-25 10:56:55 Started transferring input files
	Transferring to host: <172.30.1.101:9618?addrs=172.30.1.101-9618&alias=n1&noUDP&sock=slot1_48_3367_1b22_45665>
...
040 (330076.009.000) 2023-07-25 10:56:55 Finished transferring input files
...
001 (330076.000.000) 2023-07-25 10:56:55 Job executing on host: <172.30.1.101:9618?addrs=172.30.1.101-9618&alias=n1&noUDP&sock=startd_3332_0da7>
...
001 (330076.001.000) 2023-07-25 10:56:55 Job executing on host: <172.30.1.101:9618?addrs=172.30.1.101-9618&alias=n1&noUDP&sock=startd_3332_0da7>
...
001 (330076.002.000) 2023-07-25 10:56:55 Job executing on host: <172.30.1.101:9618?addrs=172.30.1.101-9618&alias=n1&noUDP&sock=startd_3332_0da7>
...
001 (330076.003.000) 2023-07-25 10:56:55 Job executing on host: <172.30.1.101:9618?addrs=172.30.1.101-9618&alias=n1&noUDP&sock=startd_3332_0da7>
...
001 (330076.004.000) 2023-07-25 10:56:55 Job executing on host: <172.30.1.101:9618?addrs=172.30.1.101-9618&alias=n1&noUDP&sock=startd_3332_0da7>
...
001 (330076.005.000) 2023-07-25 10:56:56 Job executing on host: <172.30.1.101:9618?addrs=172.30.1.101-9618&alias=n1&noUDP&sock=startd_3332_0da7>
...
001 (330076.006.000) 2023-07-25 10:56:56 Job executing on host: <172.30.1.101:9618?addrs=172.30.1.101-9618&alias=n1&noUDP&sock=startd_3332_0da7>
...
001 (330076.007.000) 2023-07-25 10:56:56 Job executing on host: <172.30.1.101:9618?addrs=172.30.1.101-9618&alias=n1&noUDP&sock=startd_3332_0da7>
...
001 (330076.008.000) 2023-07-25 10:56:56 Job executing on host: <172.30.1.101:9618?addrs=172.30.1.101-9618&alias=n1&noUDP&sock=startd_3332_0da7>
...
001 (330076.009.000) 2023-07-25 10:56:56 Job executing on host: <172.30.1.101:9618?addrs=172.30.1.101-9618&alias=n1&noUDP&sock=startd_3332_0da7>
...
006 (330076.003.000) 2023-07-25 10:57:04 Image size of job updated: 50100
	24  -  MemoryUsage of job (MB)
	24004  -  ResidentSetSize of job (KB)
...
006 (330076.004.000) 2023-07-25 10:57:04 Image size of job updated: 50096
	30  -  MemoryUsage of job (MB)
	30328  -  ResidentSetSize of job (KB)
...
006 (330076.005.000) 2023-07-25 10:57:04 Image size of job updated: 50100
	31  -  MemoryUsage of job (MB)
	30928  -  ResidentSetSize of job (KB)
...
006 (330076.000.000) 2023-07-25 10:57:04 Image size of job updated: 33360
	33  -  MemoryUsage of job (MB)
	33360  -  ResidentSetSize of job (KB)
...
006 (330076.001.000) 2023-07-25 10:57:04 Image size of job updated: 50100
	34  -  MemoryUsage of job (MB)
	34648  -  ResidentSetSize of job (KB)
...
006 (330076.002.000) 2023-07-25 10:57:04 Image size of job updated: 50100
	35  -  MemoryUsage of job (MB)
	35244  -  ResidentSetSize of job (KB)
...
006 (330076.006.000) 2023-07-25 10:57:05 Image size of job updated: 50100
	44  -  MemoryUsage of job (MB)
	44260  -  ResidentSetSize of job (KB)
...
006 (330076.007.000) 2023-07-25 10:57:05 Image size of job updated: 50100
	44  -  MemoryUsage of job (MB)
	44968  -  ResidentSetSize of job (KB)
...
006 (330076.008.000) 2023-07-25 10:57:05 Image size of job updated: 50100
	48  -  MemoryUsage of job (MB)
	48672  -  ResidentSetSize of job (KB)
...
006 (330076.009.000) 2023-07-25 10:57:05 Image size of job updated: 51164
	50  -  MemoryUsage of job (MB)
	51164  -  ResidentSetSize of job (KB)
...
006 (330076.008.000) 2023-07-25 10:58:30 Image size of job updated: 684536
	48  -  MemoryUsage of job (MB)
	48764  -  ResidentSetSize of job (KB)
...
006 (330076.009.000) 2023-07-25 10:58:30 Image size of job updated: 684532
	51  -  MemoryUsage of job (MB)
	51236  -  ResidentSetSize of job (KB)
...
006 (330076.006.000) 2023-07-25 10:58:30 Image size of job updated: 684476
	44  -  MemoryUsage of job (MB)
	44260  -  ResidentSetSize of job (KB)
...
006 (330076.005.000) 2023-07-25 10:58:30 Image size of job updated: 684736
	31  -  MemoryUsage of job (MB)
	30952  -  ResidentSetSize of job (KB)
...
006 (330076.007.000) 2023-07-25 10:58:30 Image size of job updated: 684544
	45  -  MemoryUsage of job (MB)
	45100  -  ResidentSetSize of job (KB)
...
006 (330076.004.000) 2023-07-25 10:58:31 Image size of job updated: 685828
	30  -  MemoryUsage of job (MB)
	30348  -  ResidentSetSize of job (KB)
...
040 (330076.008.000) 2023-07-25 10:58:31 Started transferring output files
...
040 (330076.006.000) 2023-07-25 10:58:31 Started transferring output files
...
040 (330076.007.000) 2023-07-25 10:58:31 Started transferring output files
...
040 (330076.009.000) 2023-07-25 10:58:31 Started transferring output files
...
040 (330076.005.000) 2023-07-25 10:58:31 Started transferring output files
...
040 (330076.008.000) 2023-07-25 10:58:31 Finished transferring output files
...
040 (330076.006.000) 2023-07-25 10:58:31 Finished transferring output files
...
040 (330076.007.000) 2023-07-25 10:58:31 Finished transferring output files
...
040 (330076.005.000) 2023-07-25 10:58:31 Finished transferring output files
...
040 (330076.009.000) 2023-07-25 10:58:31 Finished transferring output files
...
040 (330076.004.000) 2023-07-25 10:58:31 Started transferring output files
...
040 (330076.004.000) 2023-07-25 10:58:31 Finished transferring output files
...
005 (330076.008.000) 2023-07-25 10:58:31 Job terminated.
	(1) Normal termination (return value 0)
		Usr 0 00:00:52, Sys 0 00:00:03  -  Run Remote Usage
		Usr 0 00:00:00, Sys 0 00:00:00  -  Run Local Usage
		Usr 0 00:00:52, Sys 0 00:00:03  -  Total Remote Usage
		Usr 0 00:00:00, Sys 0 00:00:00  -  Total Local Usage
	961  -  Run Bytes Sent By Job
	169  -  Run Bytes Received By Job
	961  -  Total Bytes Sent By Job
	169  -  Total Bytes Received By Job
	Partitionable Resources :    Usage  Request Allocated 
	   Cpus                 :                 1         1 
	   Disk (KB)            :       46        1    127998 
	   Memory (MB)          :       48     3900      3968 

	Job terminated of its own accord at 2023-07-25T01:58:30Z.
...
005 (330076.006.000) 2023-07-25 10:58:31 Job terminated.
	(1) Normal termination (return value 0)
		Usr 0 00:00:57, Sys 0 00:00:03  -  Run Remote Usage
		Usr 0 00:00:00, Sys 0 00:00:00  -  Run Local Usage
		Usr 0 00:00:57, Sys 0 00:00:03  -  Total Remote Usage
		Usr 0 00:00:00, Sys 0 00:00:00  -  Total Local Usage
	960  -  Run Bytes Sent By Job
	169  -  Run Bytes Received By Job
	960  -  Total Bytes Sent By Job
	169  -  Total Bytes Received By Job
	Partitionable Resources :    Usage  Request Allocated 
	   Cpus                 :                 1         1 
	   Disk (KB)            :       46        1    127998 
	   Memory (MB)          :       44     3900      3968 

	Job terminated of its own accord at 2023-07-25T01:58:30Z.
...
005 (330076.007.000) 2023-07-25 10:58:31 Job terminated.
	(1) Normal termination (return value 0)
		Usr 0 00:01:06, Sys 0 00:00:04  -  Run Remote Usage
		Usr 0 00:00:00, Sys 0 00:00:00  -  Run Local Usage
		Usr 0 00:01:06, Sys 0 00:00:04  -  Total Remote Usage
		Usr 0 00:00:00, Sys 0 00:00:00  -  Total Local Usage
	991  -  Run Bytes Sent By Job
	169  -  Run Bytes Received By Job
	991  -  Total Bytes Sent By Job
	169  -  Total Bytes Received By Job
	Partitionable Resources :    Usage  Request Allocated 
	   Cpus                 :                 1         1 
	   Disk (KB)            :       46        1    127998 
	   Memory (MB)          :       45     3900      3968 

	Job terminated of its own accord at 2023-07-25T01:58:30Z.
...
006 (330076.001.000) 2023-07-25 10:58:31 Image size of job updated: 686676
	34  -  MemoryUsage of job (MB)
	34660  -  ResidentSetSize of job (KB)
...
040 (330076.001.000) 2023-07-25 10:58:31 Started transferring output files
...
040 (330076.001.000) 2023-07-25 10:58:31 Finished transferring output files
...
005 (330076.005.000) 2023-07-25 10:58:32 Job terminated.
	(1) Normal termination (return value 0)
		Usr 0 00:00:54, Sys 0 00:00:03  -  Run Remote Usage
		Usr 0 00:00:00, Sys 0 00:00:00  -  Run Local Usage
		Usr 0 00:00:54, Sys 0 00:00:03  -  Total Remote Usage
		Usr 0 00:00:00, Sys 0 00:00:00  -  Total Local Usage
	1124  -  Run Bytes Sent By Job
	169  -  Run Bytes Received By Job
	1124  -  Total Bytes Sent By Job
	169  -  Total Bytes Received By Job
	Partitionable Resources :    Usage  Request Allocated 
	   Cpus                 :                 1         1 
	   Disk (KB)            :       46        1    127998 
	   Memory (MB)          :       31     3900      3968 

	Job terminated of its own accord at 2023-07-25T01:58:30Z.
...
005 (330076.009.000) 2023-07-25 10:58:32 Job terminated.
	(1) Normal termination (return value 0)
		Usr 0 00:00:55, Sys 0 00:00:03  -  Run Remote Usage
		Usr 0 00:00:00, Sys 0 00:00:00  -  Run Local Usage
		Usr 0 00:00:55, Sys 0 00:00:03  -  Total Remote Usage
		Usr 0 00:00:00, Sys 0 00:00:00  -  Total Local Usage
	961  -  Run Bytes Sent By Job
	169  -  Run Bytes Received By Job
	961  -  Total Bytes Sent By Job
	169  -  Total Bytes Received By Job
	Partitionable Resources :    Usage  Request Allocated 
	   Cpus                 :                 1         1 
	   Disk (KB)            :       46        1    127998 
	   Memory (MB)          :       51     3900      3968 

	Job terminated of its own accord at 2023-07-25T01:58:30Z.
...
005 (330076.004.000) 2023-07-25 10:58:32 Job terminated.
	(1) Normal termination (return value 0)
		Usr 0 00:01:12, Sys 0 00:00:03  -  Run Remote Usage
		Usr 0 00:00:00, Sys 0 00:00:00  -  Run Local Usage
		Usr 0 00:01:12, Sys 0 00:00:03  -  Total Remote Usage
		Usr 0 00:00:00, Sys 0 00:00:00  -  Total Local Usage
	1249  -  Run Bytes Sent By Job
	169  -  Run Bytes Received By Job
	1249  -  Total Bytes Sent By Job
	169  -  Total Bytes Received By Job
	Partitionable Resources :    Usage  Request Allocated 
	   Cpus                 :                 1         1 
	   Disk (KB)            :       46        1    127998 
	   Memory (MB)          :       30     3900      3968 

	Job terminated of its own accord at 2023-07-25T01:58:30Z.
...
005 (330076.001.000) 2023-07-25 10:58:32 Job terminated.
	(1) Normal termination (return value 0)
		Usr 0 00:01:13, Sys 0 00:00:03  -  Run Remote Usage
		Usr 0 00:00:00, Sys 0 00:00:00  -  Run Local Usage
		Usr 0 00:01:13, Sys 0 00:00:03  -  Total Remote Usage
		Usr 0 00:00:00, Sys 0 00:00:00  -  Total Local Usage
	1155  -  Run Bytes Sent By Job
	169  -  Run Bytes Received By Job
	1155  -  Total Bytes Sent By Job
	169  -  Total Bytes Received By Job
	Partitionable Resources :    Usage  Request Allocated 
	   Cpus                 :                 1         1 
	   Disk (KB)            :       46        1    127998 
	   Memory (MB)          :       34     3900      3968 

	Job terminated of its own accord at 2023-07-25T01:58:31Z.
...
006 (330076.003.000) 2023-07-25 10:58:37 Image size of job updated: 686596
	24  -  MemoryUsage of job (MB)
	24284  -  ResidentSetSize of job (KB)
...
040 (330076.003.000) 2023-07-25 10:58:37 Started transferring output files
...
040 (330076.003.000) 2023-07-25 10:58:37 Finished transferring output files
...
005 (330076.003.000) 2023-07-25 10:58:37 Job terminated.
	(1) Normal termination (return value 0)
		Usr 0 00:01:16, Sys 0 00:00:03  -  Run Remote Usage
		Usr 0 00:00:00, Sys 0 00:00:00  -  Run Local Usage
		Usr 0 00:01:16, Sys 0 00:00:03  -  Total Remote Usage
		Usr 0 00:00:00, Sys 0 00:00:00  -  Total Local Usage
	1246  -  Run Bytes Sent By Job
	169  -  Run Bytes Received By Job
	1246  -  Total Bytes Sent By Job
	169  -  Total Bytes Received By Job
	Partitionable Resources :    Usage  Request Allocated 
	   Cpus                 :                 1         1 
	   Disk (KB)            :       46        1    127998 
	   Memory (MB)          :       24     3900      3968 

	Job terminated of its own accord at 2023-07-25T01:58:37Z.
...
006 (330076.002.000) 2023-07-25 10:58:41 Image size of job updated: 685932
	35  -  MemoryUsage of job (MB)
	35252  -  ResidentSetSize of job (KB)
...
040 (330076.002.000) 2023-07-25 10:58:41 Started transferring output files
...
040 (330076.002.000) 2023-07-25 10:58:41 Finished transferring output files
...
005 (330076.002.000) 2023-07-25 10:58:41 Job terminated.
	(1) Normal termination (return value 0)
		Usr 0 00:01:24, Sys 0 00:00:04  -  Run Remote Usage
		Usr 0 00:00:00, Sys 0 00:00:00  -  Run Local Usage
		Usr 0 00:01:24, Sys 0 00:00:04  -  Total Remote Usage
		Usr 0 00:00:00, Sys 0 00:00:00  -  Total Local Usage
	1249  -  Run Bytes Sent By Job
	169  -  Run Bytes Received By Job
	1249  -  Total Bytes Sent By Job
	169  -  Total Bytes Received By Job
	Partitionable Resources :    Usage  Request Allocated 
	   Cpus                 :                 1         1 
	   Disk (KB)            :       46        1    127998 
	   Memory (MB)          :       35     3900      3968 

	Job terminated of its own accord at 2023-07-25T01:58:41Z.
...
006 (330076.000.000) 2023-07-25 10:58:46 Image size of job updated: 687060
	33  -  MemoryUsage of job (MB)
	33384  -  ResidentSetSize of job (KB)
...
040 (330076.000.000) 2023-07-25 10:58:46 Started transferring output files
...
040 (330076.000.000) 2023-07-25 10:58:46 Finished transferring output files
...
005 (330076.000.000) 2023-07-25 10:58:46 Job terminated.
	(1) Normal termination (return value 0)
		Usr 0 00:01:28, Sys 0 00:00:03  -  Run Remote Usage
		Usr 0 00:00:00, Sys 0 00:00:00  -  Run Local Usage
		Usr 0 00:01:28, Sys 0 00:00:03  -  Total Remote Usage
		Usr 0 00:00:00, Sys 0 00:00:00  -  Total Local Usage
	1217  -  Run Bytes Sent By Job
	169  -  Run Bytes Received By Job
	1217  -  Total Bytes Sent By Job
	169  -  Total Bytes Received By Job
	Partitionable Resources :    Usage  Request Allocated 
	   Cpus                 :                 1         1 
	   Disk (KB)            :       46        1    127998 
	   Memory (MB)          :       33     3900      3968 

	Job terminated of its own accord at 2023-07-25T01:58:46Z.
...
