000 (330074.000.000) 2023-07-25 10:56:45 Job submitted from host: <172.30.1.200:9618?addrs=172.30.1.200-9618&alias=tamsa2.snu.ac.kr&noUDP&sock=schedd_3510_2582>
...
000 (330074.001.000) 2023-07-25 10:56:45 Job submitted from host: <172.30.1.200:9618?addrs=172.30.1.200-9618&alias=tamsa2.snu.ac.kr&noUDP&sock=schedd_3510_2582>
...
000 (330074.002.000) 2023-07-25 10:56:45 Job submitted from host: <172.30.1.200:9618?addrs=172.30.1.200-9618&alias=tamsa2.snu.ac.kr&noUDP&sock=schedd_3510_2582>
...
000 (330074.003.000) 2023-07-25 10:56:45 Job submitted from host: <172.30.1.200:9618?addrs=172.30.1.200-9618&alias=tamsa2.snu.ac.kr&noUDP&sock=schedd_3510_2582>
...
000 (330074.004.000) 2023-07-25 10:56:45 Job submitted from host: <172.30.1.200:9618?addrs=172.30.1.200-9618&alias=tamsa2.snu.ac.kr&noUDP&sock=schedd_3510_2582>
...
000 (330074.005.000) 2023-07-25 10:56:45 Job submitted from host: <172.30.1.200:9618?addrs=172.30.1.200-9618&alias=tamsa2.snu.ac.kr&noUDP&sock=schedd_3510_2582>
...
000 (330074.006.000) 2023-07-25 10:56:45 Job submitted from host: <172.30.1.200:9618?addrs=172.30.1.200-9618&alias=tamsa2.snu.ac.kr&noUDP&sock=schedd_3510_2582>
...
000 (330074.007.000) 2023-07-25 10:56:45 Job submitted from host: <172.30.1.200:9618?addrs=172.30.1.200-9618&alias=tamsa2.snu.ac.kr&noUDP&sock=schedd_3510_2582>
...
000 (330074.008.000) 2023-07-25 10:56:45 Job submitted from host: <172.30.1.200:9618?addrs=172.30.1.200-9618&alias=tamsa2.snu.ac.kr&noUDP&sock=schedd_3510_2582>
...
000 (330074.009.000) 2023-07-25 10:56:45 Job submitted from host: <172.30.1.200:9618?addrs=172.30.1.200-9618&alias=tamsa2.snu.ac.kr&noUDP&sock=schedd_3510_2582>
...
040 (330074.000.000) 2023-07-25 10:56:54 Started transferring input files
	Transferring to host: <172.30.1.107:9618?addrs=172.30.1.107-9618&alias=n7&noUDP&sock=slot1_9_4258_e566_60735>
...
040 (330074.000.000) 2023-07-25 10:56:54 Finished transferring input files
...
040 (330074.001.000) 2023-07-25 10:56:54 Started transferring input files
	Transferring to host: <172.30.1.107:9618?addrs=172.30.1.107-9618&alias=n7&noUDP&sock=slot1_10_4258_e566_60736>
...
040 (330074.001.000) 2023-07-25 10:56:54 Finished transferring input files
...
040 (330074.002.000) 2023-07-25 10:56:54 Started transferring input files
	Transferring to host: <172.30.1.107:9618?addrs=172.30.1.107-9618&alias=n7&noUDP&sock=slot1_12_4258_e566_60737>
...
040 (330074.002.000) 2023-07-25 10:56:54 Finished transferring input files
...
040 (330074.003.000) 2023-07-25 10:56:54 Started transferring input files
	Transferring to host: <172.30.1.107:9618?addrs=172.30.1.107-9618&alias=n7&noUDP&sock=slot1_13_4258_e566_60738>
...
040 (330074.003.000) 2023-07-25 10:56:54 Finished transferring input files
...
040 (330074.004.000) 2023-07-25 10:56:54 Started transferring input files
	Transferring to host: <172.30.1.107:9618?addrs=172.30.1.107-9618&alias=n7&noUDP&sock=slot1_24_4258_e566_60739>
...
040 (330074.004.000) 2023-07-25 10:56:54 Finished transferring input files
...
040 (330074.005.000) 2023-07-25 10:56:54 Started transferring input files
	Transferring to host: <172.30.1.107:9618?addrs=172.30.1.107-9618&alias=n7&noUDP&sock=slot1_25_4258_e566_60740>
...
040 (330074.005.000) 2023-07-25 10:56:54 Finished transferring input files
...
040 (330074.006.000) 2023-07-25 10:56:54 Started transferring input files
	Transferring to host: <172.30.1.107:9618?addrs=172.30.1.107-9618&alias=n7&noUDP&sock=slot1_26_4258_e566_60741>
...
040 (330074.006.000) 2023-07-25 10:56:54 Finished transferring input files
...
040 (330074.007.000) 2023-07-25 10:56:54 Started transferring input files
	Transferring to host: <172.30.1.107:9618?addrs=172.30.1.107-9618&alias=n7&noUDP&sock=slot1_27_4258_e566_60742>
...
040 (330074.007.000) 2023-07-25 10:56:54 Finished transferring input files
...
040 (330074.008.000) 2023-07-25 10:56:54 Started transferring input files
	Transferring to host: <172.30.1.107:9618?addrs=172.30.1.107-9618&alias=n7&noUDP&sock=slot1_28_4258_e566_60743>
...
040 (330074.008.000) 2023-07-25 10:56:54 Finished transferring input files
...
040 (330074.009.000) 2023-07-25 10:56:54 Started transferring input files
	Transferring to host: <172.30.1.107:9618?addrs=172.30.1.107-9618&alias=n7&noUDP&sock=slot1_29_4258_e566_60744>
...
040 (330074.009.000) 2023-07-25 10:56:54 Finished transferring input files
...
001 (330074.000.000) 2023-07-25 10:56:55 Job executing on host: <172.30.1.107:9618?addrs=172.30.1.107-9618&alias=n7&noUDP&sock=startd_4224_e421>
...
001 (330074.001.000) 2023-07-25 10:56:55 Job executing on host: <172.30.1.107:9618?addrs=172.30.1.107-9618&alias=n7&noUDP&sock=startd_4224_e421>
...
001 (330074.002.000) 2023-07-25 10:56:55 Job executing on host: <172.30.1.107:9618?addrs=172.30.1.107-9618&alias=n7&noUDP&sock=startd_4224_e421>
...
001 (330074.003.000) 2023-07-25 10:56:55 Job executing on host: <172.30.1.107:9618?addrs=172.30.1.107-9618&alias=n7&noUDP&sock=startd_4224_e421>
...
001 (330074.004.000) 2023-07-25 10:56:55 Job executing on host: <172.30.1.107:9618?addrs=172.30.1.107-9618&alias=n7&noUDP&sock=startd_4224_e421>
...
001 (330074.005.000) 2023-07-25 10:56:55 Job executing on host: <172.30.1.107:9618?addrs=172.30.1.107-9618&alias=n7&noUDP&sock=startd_4224_e421>
...
001 (330074.006.000) 2023-07-25 10:56:55 Job executing on host: <172.30.1.107:9618?addrs=172.30.1.107-9618&alias=n7&noUDP&sock=startd_4224_e421>
...
001 (330074.007.000) 2023-07-25 10:56:55 Job executing on host: <172.30.1.107:9618?addrs=172.30.1.107-9618&alias=n7&noUDP&sock=startd_4224_e421>
...
001 (330074.008.000) 2023-07-25 10:56:55 Job executing on host: <172.30.1.107:9618?addrs=172.30.1.107-9618&alias=n7&noUDP&sock=startd_4224_e421>
...
001 (330074.009.000) 2023-07-25 10:56:55 Job executing on host: <172.30.1.107:9618?addrs=172.30.1.107-9618&alias=n7&noUDP&sock=startd_4224_e421>
...
006 (330074.001.000) 2023-07-25 10:57:04 Image size of job updated: 471496
	182  -  MemoryUsage of job (MB)
	185660  -  ResidentSetSize of job (KB)
...
006 (330074.002.000) 2023-07-25 10:57:04 Image size of job updated: 472844
	182  -  MemoryUsage of job (MB)
	186040  -  ResidentSetSize of job (KB)
...
006 (330074.003.000) 2023-07-25 10:57:04 Image size of job updated: 473044
	182  -  MemoryUsage of job (MB)
	186052  -  ResidentSetSize of job (KB)
...
006 (330074.004.000) 2023-07-25 10:57:04 Image size of job updated: 473044
	182  -  MemoryUsage of job (MB)
	186048  -  ResidentSetSize of job (KB)
...
006 (330074.005.000) 2023-07-25 10:57:04 Image size of job updated: 473048
	182  -  MemoryUsage of job (MB)
	186056  -  ResidentSetSize of job (KB)
...
006 (330074.006.000) 2023-07-25 10:57:04 Image size of job updated: 473048
	182  -  MemoryUsage of job (MB)
	186044  -  ResidentSetSize of job (KB)
...
006 (330074.007.000) 2023-07-25 10:57:04 Image size of job updated: 473044
	182  -  MemoryUsage of job (MB)
	186136  -  ResidentSetSize of job (KB)
...
006 (330074.008.000) 2023-07-25 10:57:04 Image size of job updated: 473048
	182  -  MemoryUsage of job (MB)
	186048  -  ResidentSetSize of job (KB)
...
006 (330074.009.000) 2023-07-25 10:57:04 Image size of job updated: 473048
	182  -  MemoryUsage of job (MB)
	186044  -  ResidentSetSize of job (KB)
...
006 (330074.000.000) 2023-07-25 10:57:04 Image size of job updated: 472584
	182  -  MemoryUsage of job (MB)
	186144  -  ResidentSetSize of job (KB)
...
006 (330074.007.000) 2023-07-25 10:57:20 Image size of job updated: 685848
	182  -  MemoryUsage of job (MB)
	186136  -  ResidentSetSize of job (KB)
...
040 (330074.007.000) 2023-07-25 10:57:20 Started transferring output files
...
040 (330074.007.000) 2023-07-25 10:57:20 Finished transferring output files
...
005 (330074.007.000) 2023-07-25 10:57:20 Job terminated.
	(1) Normal termination (return value 0)
		Usr 0 00:00:19, Sys 0 00:00:01  -  Run Remote Usage
		Usr 0 00:00:00, Sys 0 00:00:00  -  Run Local Usage
		Usr 0 00:00:19, Sys 0 00:00:01  -  Total Remote Usage
		Usr 0 00:00:00, Sys 0 00:00:00  -  Total Local Usage
	960  -  Run Bytes Sent By Job
	169  -  Run Bytes Received By Job
	960  -  Total Bytes Sent By Job
	169  -  Total Bytes Received By Job
	Partitionable Resources :    Usage  Request Allocated 
	   Cpus                 :                 1         1 
	   Disk (KB)            :       46        1    127899 
	   Memory (MB)          :      182     3900      3968 

	Job terminated of its own accord at 2023-07-25T01:57:20Z.
...
006 (330074.002.000) 2023-07-25 10:57:23 Image size of job updated: 687280
	182  -  MemoryUsage of job (MB)
	186040  -  ResidentSetSize of job (KB)
...
040 (330074.002.000) 2023-07-25 10:57:23 Started transferring output files
...
040 (330074.002.000) 2023-07-25 10:57:23 Finished transferring output files
...
005 (330074.002.000) 2023-07-25 10:57:23 Job terminated.
	(1) Normal termination (return value 0)
		Usr 0 00:00:22, Sys 0 00:00:01  -  Run Remote Usage
		Usr 0 00:00:00, Sys 0 00:00:00  -  Run Local Usage
		Usr 0 00:00:22, Sys 0 00:00:01  -  Total Remote Usage
		Usr 0 00:00:00, Sys 0 00:00:00  -  Total Local Usage
	1187  -  Run Bytes Sent By Job
	169  -  Run Bytes Received By Job
	1187  -  Total Bytes Sent By Job
	169  -  Total Bytes Received By Job
	Partitionable Resources :    Usage  Request Allocated 
	   Cpus                 :                 1         1 
	   Disk (KB)            :       46        1    127899 
	   Memory (MB)          :      182     3900      3968 

	Job terminated of its own accord at 2023-07-25T01:57:23Z.
...
006 (330074.000.000) 2023-07-25 10:57:24 Image size of job updated: 686536
	182  -  MemoryUsage of job (MB)
	186144  -  ResidentSetSize of job (KB)
...
040 (330074.000.000) 2023-07-25 10:57:24 Started transferring output files
...
040 (330074.000.000) 2023-07-25 10:57:24 Finished transferring output files
...
005 (330074.000.000) 2023-07-25 10:57:24 Job terminated.
	(1) Normal termination (return value 0)
		Usr 0 00:00:22, Sys 0 00:00:01  -  Run Remote Usage
		Usr 0 00:00:00, Sys 0 00:00:00  -  Run Local Usage
		Usr 0 00:00:22, Sys 0 00:00:01  -  Total Remote Usage
		Usr 0 00:00:00, Sys 0 00:00:00  -  Total Local Usage
	1124  -  Run Bytes Sent By Job
	169  -  Run Bytes Received By Job
	1124  -  Total Bytes Sent By Job
	169  -  Total Bytes Received By Job
	Partitionable Resources :    Usage  Request Allocated 
	   Cpus                 :                 1         1 
	   Disk (KB)            :       46        1    127899 
	   Memory (MB)          :      182     3900      3968 

	Job terminated of its own accord at 2023-07-25T01:57:24Z.
...
006 (330074.009.000) 2023-07-25 10:57:25 Image size of job updated: 685288
	182  -  MemoryUsage of job (MB)
	186044  -  ResidentSetSize of job (KB)
...
040 (330074.009.000) 2023-07-25 10:57:25 Started transferring output files
...
040 (330074.009.000) 2023-07-25 10:57:25 Finished transferring output files
...
005 (330074.009.000) 2023-07-25 10:57:25 Job terminated.
	(1) Normal termination (return value 0)
		Usr 0 00:00:24, Sys 0 00:00:01  -  Run Remote Usage
		Usr 0 00:00:00, Sys 0 00:00:00  -  Run Local Usage
		Usr 0 00:00:24, Sys 0 00:00:01  -  Total Remote Usage
		Usr 0 00:00:00, Sys 0 00:00:00  -  Total Local Usage
	930  -  Run Bytes Sent By Job
	169  -  Run Bytes Received By Job
	930  -  Total Bytes Sent By Job
	169  -  Total Bytes Received By Job
	Partitionable Resources :    Usage  Request Allocated 
	   Cpus                 :                 1         1 
	   Disk (KB)            :       46        1    127899 
	   Memory (MB)          :      182     3900      3968 

	Job terminated of its own accord at 2023-07-25T01:57:25Z.
...
006 (330074.006.000) 2023-07-25 10:57:28 Image size of job updated: 685836
	182  -  MemoryUsage of job (MB)
	186044  -  ResidentSetSize of job (KB)
...
040 (330074.006.000) 2023-07-25 10:57:28 Started transferring output files
...
040 (330074.006.000) 2023-07-25 10:57:28 Finished transferring output files
...
005 (330074.006.000) 2023-07-25 10:57:28 Job terminated.
	(1) Normal termination (return value 0)
		Usr 0 00:00:27, Sys 0 00:00:01  -  Run Remote Usage
		Usr 0 00:00:00, Sys 0 00:00:00  -  Run Local Usage
		Usr 0 00:00:27, Sys 0 00:00:01  -  Total Remote Usage
		Usr 0 00:00:00, Sys 0 00:00:00  -  Total Local Usage
	960  -  Run Bytes Sent By Job
	169  -  Run Bytes Received By Job
	960  -  Total Bytes Sent By Job
	169  -  Total Bytes Received By Job
	Partitionable Resources :    Usage  Request Allocated 
	   Cpus                 :                 1         1 
	   Disk (KB)            :       46        1    127899 
	   Memory (MB)          :      182     3900      3968 

	Job terminated of its own accord at 2023-07-25T01:57:28Z.
...
006 (330074.005.000) 2023-07-25 10:57:28 Image size of job updated: 686824
	182  -  MemoryUsage of job (MB)
	186056  -  ResidentSetSize of job (KB)
...
040 (330074.005.000) 2023-07-25 10:57:28 Started transferring output files
...
040 (330074.005.000) 2023-07-25 10:57:28 Finished transferring output files
...
005 (330074.005.000) 2023-07-25 10:57:28 Job terminated.
	(1) Normal termination (return value 0)
		Usr 0 00:00:27, Sys 0 00:00:01  -  Run Remote Usage
		Usr 0 00:00:00, Sys 0 00:00:00  -  Run Local Usage
		Usr 0 00:00:27, Sys 0 00:00:01  -  Total Remote Usage
		Usr 0 00:00:00, Sys 0 00:00:00  -  Total Local Usage
	1217  -  Run Bytes Sent By Job
	169  -  Run Bytes Received By Job
	1217  -  Total Bytes Sent By Job
	169  -  Total Bytes Received By Job
	Partitionable Resources :    Usage  Request Allocated 
	   Cpus                 :                 1         1 
	   Disk (KB)            :       46        1    127899 
	   Memory (MB)          :      182     3900      3968 

	Job terminated of its own accord at 2023-07-25T01:57:28Z.
...
006 (330074.008.000) 2023-07-25 10:57:29 Image size of job updated: 685768
	182  -  MemoryUsage of job (MB)
	186048  -  ResidentSetSize of job (KB)
...
040 (330074.008.000) 2023-07-25 10:57:29 Started transferring output files
...
040 (330074.008.000) 2023-07-25 10:57:29 Finished transferring output files
...
005 (330074.008.000) 2023-07-25 10:57:29 Job terminated.
	(1) Normal termination (return value 0)
		Usr 0 00:00:28, Sys 0 00:00:01  -  Run Remote Usage
		Usr 0 00:00:00, Sys 0 00:00:00  -  Run Local Usage
		Usr 0 00:00:28, Sys 0 00:00:01  -  Total Remote Usage
		Usr 0 00:00:00, Sys 0 00:00:00  -  Total Local Usage
	961  -  Run Bytes Sent By Job
	169  -  Run Bytes Received By Job
	961  -  Total Bytes Sent By Job
	169  -  Total Bytes Received By Job
	Partitionable Resources :    Usage  Request Allocated 
	   Cpus                 :                 1         1 
	   Disk (KB)            :       46        1    127899 
	   Memory (MB)          :      182     3900      3968 

	Job terminated of its own accord at 2023-07-25T01:57:29Z.
...
006 (330074.003.000) 2023-07-25 10:57:31 Image size of job updated: 687324
	182  -  MemoryUsage of job (MB)
	186052  -  ResidentSetSize of job (KB)
...
006 (330074.001.000) 2023-07-25 10:57:31 Image size of job updated: 685904
	182  -  MemoryUsage of job (MB)
	185660  -  ResidentSetSize of job (KB)
...
040 (330074.003.000) 2023-07-25 10:57:31 Started transferring output files
...
040 (330074.003.000) 2023-07-25 10:57:31 Finished transferring output files
...
005 (330074.003.000) 2023-07-25 10:57:31 Job terminated.
	(1) Normal termination (return value 0)
		Usr 0 00:00:29, Sys 0 00:00:01  -  Run Remote Usage
		Usr 0 00:00:00, Sys 0 00:00:00  -  Run Local Usage
		Usr 0 00:00:29, Sys 0 00:00:01  -  Total Remote Usage
		Usr 0 00:00:00, Sys 0 00:00:00  -  Total Local Usage
	1187  -  Run Bytes Sent By Job
	169  -  Run Bytes Received By Job
	1187  -  Total Bytes Sent By Job
	169  -  Total Bytes Received By Job
	Partitionable Resources :    Usage  Request Allocated 
	   Cpus                 :                 1         1 
	   Disk (KB)            :       46        1    127899 
	   Memory (MB)          :      182     3900      3968 

	Job terminated of its own accord at 2023-07-25T01:57:31Z.
...
040 (330074.001.000) 2023-07-25 10:57:31 Started transferring output files
...
040 (330074.001.000) 2023-07-25 10:57:31 Finished transferring output files
...
005 (330074.001.000) 2023-07-25 10:57:31 Job terminated.
	(1) Normal termination (return value 0)
		Usr 0 00:00:29, Sys 0 00:00:01  -  Run Remote Usage
		Usr 0 00:00:00, Sys 0 00:00:00  -  Run Local Usage
		Usr 0 00:00:29, Sys 0 00:00:01  -  Total Remote Usage
		Usr 0 00:00:00, Sys 0 00:00:00  -  Total Local Usage
	1185  -  Run Bytes Sent By Job
	169  -  Run Bytes Received By Job
	1185  -  Total Bytes Sent By Job
	169  -  Total Bytes Received By Job
	Partitionable Resources :    Usage  Request Allocated 
	   Cpus                 :                 1         1 
	   Disk (KB)            :       46        1    127899 
	   Memory (MB)          :      182     3900      3968 

	Job terminated of its own accord at 2023-07-25T01:57:31Z.
...
006 (330074.004.000) 2023-07-25 10:57:33 Image size of job updated: 686936
	182  -  MemoryUsage of job (MB)
	186048  -  ResidentSetSize of job (KB)
...
040 (330074.004.000) 2023-07-25 10:57:33 Started transferring output files
...
040 (330074.004.000) 2023-07-25 10:57:33 Finished transferring output files
...
005 (330074.004.000) 2023-07-25 10:57:33 Job terminated.
	(1) Normal termination (return value 0)
		Usr 0 00:00:32, Sys 0 00:00:01  -  Run Remote Usage
		Usr 0 00:00:00, Sys 0 00:00:00  -  Run Local Usage
		Usr 0 00:00:32, Sys 0 00:00:01  -  Total Remote Usage
		Usr 0 00:00:00, Sys 0 00:00:00  -  Total Local Usage
	1249  -  Run Bytes Sent By Job
	169  -  Run Bytes Received By Job
	1249  -  Total Bytes Sent By Job
	169  -  Total Bytes Received By Job
	Partitionable Resources :    Usage  Request Allocated 
	   Cpus                 :                 1         1 
	   Disk (KB)            :       46        1    127899 
	   Memory (MB)          :      182     3900      3968 

	Job terminated of its own accord at 2023-07-25T01:57:33Z.
...
