000 (310975.000.000) 2023-06-12 17:01:45 Job submitted from host: <172.30.1.200:9618?addrs=172.30.1.200-9618&alias=tamsa2.snu.ac.kr&noUDP&sock=schedd_3510_2582>
...
000 (310975.001.000) 2023-06-12 17:01:45 Job submitted from host: <172.30.1.200:9618?addrs=172.30.1.200-9618&alias=tamsa2.snu.ac.kr&noUDP&sock=schedd_3510_2582>
...
000 (310975.002.000) 2023-06-12 17:01:45 Job submitted from host: <172.30.1.200:9618?addrs=172.30.1.200-9618&alias=tamsa2.snu.ac.kr&noUDP&sock=schedd_3510_2582>
...
000 (310975.003.000) 2023-06-12 17:01:45 Job submitted from host: <172.30.1.200:9618?addrs=172.30.1.200-9618&alias=tamsa2.snu.ac.kr&noUDP&sock=schedd_3510_2582>
...
000 (310975.004.000) 2023-06-12 17:01:45 Job submitted from host: <172.30.1.200:9618?addrs=172.30.1.200-9618&alias=tamsa2.snu.ac.kr&noUDP&sock=schedd_3510_2582>
...
000 (310975.005.000) 2023-06-12 17:01:45 Job submitted from host: <172.30.1.200:9618?addrs=172.30.1.200-9618&alias=tamsa2.snu.ac.kr&noUDP&sock=schedd_3510_2582>
...
000 (310975.006.000) 2023-06-12 17:01:45 Job submitted from host: <172.30.1.200:9618?addrs=172.30.1.200-9618&alias=tamsa2.snu.ac.kr&noUDP&sock=schedd_3510_2582>
...
000 (310975.007.000) 2023-06-12 17:01:45 Job submitted from host: <172.30.1.200:9618?addrs=172.30.1.200-9618&alias=tamsa2.snu.ac.kr&noUDP&sock=schedd_3510_2582>
...
000 (310975.008.000) 2023-06-12 17:01:45 Job submitted from host: <172.30.1.200:9618?addrs=172.30.1.200-9618&alias=tamsa2.snu.ac.kr&noUDP&sock=schedd_3510_2582>
...
000 (310975.009.000) 2023-06-12 17:01:45 Job submitted from host: <172.30.1.200:9618?addrs=172.30.1.200-9618&alias=tamsa2.snu.ac.kr&noUDP&sock=schedd_3510_2582>
...
040 (310975.000.000) 2023-06-12 17:01:59 Started transferring input files
	Transferring to host: <172.30.1.108:9618?addrs=172.30.1.108-9618&alias=n8&noUDP&sock=slot1_29_4278_fce7_21613>
...
040 (310975.000.000) 2023-06-12 17:01:59 Finished transferring input files
...
040 (310975.004.000) 2023-06-12 17:01:59 Started transferring input files
	Transferring to host: <172.30.1.109:9618?addrs=172.30.1.109-9618&alias=n9&noUDP&sock=slot1_39_4265_d407_22689>
...
040 (310975.006.000) 2023-06-12 17:01:59 Started transferring input files
	Transferring to host: <172.30.1.110:9618?addrs=172.30.1.110-9618&alias=n10&noUDP&sock=slot1_44_4288_08a7_22311>
...
040 (310975.004.000) 2023-06-12 17:01:59 Finished transferring input files
...
040 (310975.006.000) 2023-06-12 17:01:59 Finished transferring input files
...
040 (310975.001.000) 2023-06-12 17:01:59 Started transferring input files
	Transferring to host: <172.30.1.108:9618?addrs=172.30.1.108-9618&alias=n8&noUDP&sock=slot1_31_4278_fce7_21614>
...
040 (310975.007.000) 2023-06-12 17:01:59 Started transferring input files
	Transferring to host: <172.30.1.107:9618?addrs=172.30.1.107-9618&alias=n7&noUDP&sock=slot1_31_4258_e566_16203>
...
040 (310975.001.000) 2023-06-12 17:01:59 Finished transferring input files
...
040 (310975.007.000) 2023-06-12 17:01:59 Finished transferring input files
...
040 (310975.002.000) 2023-06-12 17:01:59 Started transferring input files
	Transferring to host: <172.30.1.108:9618?addrs=172.30.1.108-9618&alias=n8&noUDP&sock=slot1_39_4278_fce7_21615>
...
040 (310975.002.000) 2023-06-12 17:01:59 Finished transferring input files
...
040 (310975.008.000) 2023-06-12 17:01:59 Started transferring input files
	Transferring to host: <172.30.1.102:9618?addrs=172.30.1.102-9618&alias=n2&noUDP&sock=slot1_58_3347_03a1_18543>
...
040 (310975.008.000) 2023-06-12 17:01:59 Finished transferring input files
...
040 (310975.005.000) 2023-06-12 17:01:59 Started transferring input files
	Transferring to host: <172.30.1.109:9618?addrs=172.30.1.109-9618&alias=n9&noUDP&sock=slot1_43_4265_d407_22690>
...
040 (310975.005.000) 2023-06-12 17:01:59 Finished transferring input files
...
040 (310975.003.000) 2023-06-12 17:01:59 Started transferring input files
	Transferring to host: <172.30.1.108:9618?addrs=172.30.1.108-9618&alias=n8&noUDP&sock=slot1_41_4278_fce7_21616>
...
040 (310975.003.000) 2023-06-12 17:01:59 Finished transferring input files
...
040 (310975.009.000) 2023-06-12 17:01:59 Started transferring input files
	Transferring to host: <172.30.1.101:9618?addrs=172.30.1.101-9618&alias=n1&noUDP&sock=slot1_5_3367_1b22_14835>
...
040 (310975.009.000) 2023-06-12 17:01:59 Finished transferring input files
...
001 (310975.000.000) 2023-06-12 17:02:00 Job executing on host: <172.30.1.108:9618?addrs=172.30.1.108-9618&alias=n8&noUDP&sock=startd_4243_ec6e>
...
001 (310975.004.000) 2023-06-12 17:02:00 Job executing on host: <172.30.1.109:9618?addrs=172.30.1.109-9618&alias=n9&noUDP&sock=startd_4231_b14b>
...
001 (310975.006.000) 2023-06-12 17:02:00 Job executing on host: <172.30.1.110:9618?addrs=172.30.1.110-9618&alias=n10&noUDP&sock=startd_4254_77f9>
...
001 (310975.001.000) 2023-06-12 17:02:00 Job executing on host: <172.30.1.108:9618?addrs=172.30.1.108-9618&alias=n8&noUDP&sock=startd_4243_ec6e>
...
001 (310975.007.000) 2023-06-12 17:02:00 Job executing on host: <172.30.1.107:9618?addrs=172.30.1.107-9618&alias=n7&noUDP&sock=startd_4224_e421>
...
001 (310975.002.000) 2023-06-12 17:02:00 Job executing on host: <172.30.1.108:9618?addrs=172.30.1.108-9618&alias=n8&noUDP&sock=startd_4243_ec6e>
...
001 (310975.008.000) 2023-06-12 17:02:00 Job executing on host: <172.30.1.102:9618?addrs=172.30.1.102-9618&alias=n2&noUDP&sock=startd_3313_055a>
...
001 (310975.005.000) 2023-06-12 17:02:00 Job executing on host: <172.30.1.109:9618?addrs=172.30.1.109-9618&alias=n9&noUDP&sock=startd_4231_b14b>
...
001 (310975.003.000) 2023-06-12 17:02:00 Job executing on host: <172.30.1.108:9618?addrs=172.30.1.108-9618&alias=n8&noUDP&sock=startd_4243_ec6e>
...
001 (310975.009.000) 2023-06-12 17:02:00 Job executing on host: <172.30.1.101:9618?addrs=172.30.1.101-9618&alias=n1&noUDP&sock=startd_3332_0da7>
...
006 (310975.009.000) 2023-06-12 17:02:09 Image size of job updated: 294020
	112  -  MemoryUsage of job (MB)
	113704  -  ResidentSetSize of job (KB)
...
006 (310975.000.000) 2023-06-12 17:02:09 Image size of job updated: 553652
	181  -  MemoryUsage of job (MB)
	185096  -  ResidentSetSize of job (KB)
...
006 (310975.004.000) 2023-06-12 17:02:09 Image size of job updated: 185012
	181  -  MemoryUsage of job (MB)
	185012  -  ResidentSetSize of job (KB)
...
006 (310975.007.000) 2023-06-12 17:02:09 Image size of job updated: 602260
	179  -  MemoryUsage of job (MB)
	183164  -  ResidentSetSize of job (KB)
...
006 (310975.002.000) 2023-06-12 17:02:09 Image size of job updated: 562220
	181  -  MemoryUsage of job (MB)
	185004  -  ResidentSetSize of job (KB)
...
006 (310975.001.000) 2023-06-12 17:02:09 Image size of job updated: 602188
	181  -  MemoryUsage of job (MB)
	185024  -  ResidentSetSize of job (KB)
...
006 (310975.008.000) 2023-06-12 17:02:09 Image size of job updated: 390864
	127  -  MemoryUsage of job (MB)
	129860  -  ResidentSetSize of job (KB)
...
006 (310975.005.000) 2023-06-12 17:02:09 Image size of job updated: 185004
	181  -  MemoryUsage of job (MB)
	185004  -  ResidentSetSize of job (KB)
...
006 (310975.003.000) 2023-06-12 17:02:09 Image size of job updated: 553508
	181  -  MemoryUsage of job (MB)
	185116  -  ResidentSetSize of job (KB)
...
006 (310975.006.000) 2023-06-12 17:02:10 Image size of job updated: 440020
	181  -  MemoryUsage of job (MB)
	185032  -  ResidentSetSize of job (KB)
...
040 (310975.001.000) 2023-06-12 17:02:17 Started transferring output files
...
040 (310975.001.000) 2023-06-12 17:02:17 Finished transferring output files
...
005 (310975.001.000) 2023-06-12 17:02:17 Job terminated.
	(1) Normal termination (return value 0)
		Usr 0 00:00:13, Sys 0 00:00:01  -  Run Remote Usage
		Usr 0 00:00:00, Sys 0 00:00:00  -  Run Local Usage
		Usr 0 00:00:13, Sys 0 00:00:01  -  Total Remote Usage
		Usr 0 00:00:00, Sys 0 00:00:00  -  Total Local Usage
	6917  -  Run Bytes Sent By Job
	149  -  Run Bytes Received By Job
	6917  -  Total Bytes Sent By Job
	149  -  Total Bytes Received By Job
	Partitionable Resources :    Usage  Request Allocated 
	   Cpus                 :                 1         1 
	   Disk (KB)            :       52        1    127899 
	   Memory (MB)          :      181     3900      3968 

	Job terminated of its own accord at 2023-06-12T08:02:17Z.
...
006 (310975.004.000) 2023-06-12 17:02:18 Image size of job updated: 605416
	181  -  MemoryUsage of job (MB)
	185012  -  ResidentSetSize of job (KB)
...
006 (310975.003.000) 2023-06-12 17:02:18 Image size of job updated: 611664
	181  -  MemoryUsage of job (MB)
	185116  -  ResidentSetSize of job (KB)
...
040 (310975.004.000) 2023-06-12 17:02:18 Started transferring output files
...
040 (310975.004.000) 2023-06-12 17:02:18 Finished transferring output files
...
005 (310975.004.000) 2023-06-12 17:02:18 Job terminated.
	(1) Normal termination (return value 0)
		Usr 0 00:00:14, Sys 0 00:00:01  -  Run Remote Usage
		Usr 0 00:00:00, Sys 0 00:00:00  -  Run Local Usage
		Usr 0 00:00:14, Sys 0 00:00:01  -  Total Remote Usage
		Usr 0 00:00:00, Sys 0 00:00:00  -  Total Local Usage
	6424  -  Run Bytes Sent By Job
	149  -  Run Bytes Received By Job
	6424  -  Total Bytes Sent By Job
	149  -  Total Bytes Received By Job
	Partitionable Resources :    Usage  Request Allocated 
	   Cpus                 :                 1         1 
	   Disk (KB)            :       51        1    127899 
	   Memory (MB)          :      181     3900      3968 

	Job terminated of its own accord at 2023-06-12T08:02:18Z.
...
040 (310975.003.000) 2023-06-12 17:02:18 Started transferring output files
...
040 (310975.003.000) 2023-06-12 17:02:18 Finished transferring output files
...
005 (310975.003.000) 2023-06-12 17:02:18 Job terminated.
	(1) Normal termination (return value 0)
		Usr 0 00:00:14, Sys 0 00:00:01  -  Run Remote Usage
		Usr 0 00:00:00, Sys 0 00:00:00  -  Run Local Usage
		Usr 0 00:00:14, Sys 0 00:00:01  -  Total Remote Usage
		Usr 0 00:00:00, Sys 0 00:00:00  -  Total Local Usage
	7431  -  Run Bytes Sent By Job
	149  -  Run Bytes Received By Job
	7431  -  Total Bytes Sent By Job
	149  -  Total Bytes Received By Job
	Partitionable Resources :    Usage  Request Allocated 
	   Cpus                 :                 1         1 
	   Disk (KB)            :       52        1    127899 
	   Memory (MB)          :      181     3900      3968 

	Job terminated of its own accord at 2023-06-12T08:02:18Z.
...
006 (310975.006.000) 2023-06-12 17:02:18 Image size of job updated: 610572
	181  -  MemoryUsage of job (MB)
	185032  -  ResidentSetSize of job (KB)
...
040 (310975.006.000) 2023-06-12 17:02:18 Started transferring output files
...
040 (310975.006.000) 2023-06-12 17:02:18 Finished transferring output files
...
005 (310975.006.000) 2023-06-12 17:02:18 Job terminated.
	(1) Normal termination (return value 0)
		Usr 0 00:00:13, Sys 0 00:00:01  -  Run Remote Usage
		Usr 0 00:00:00, Sys 0 00:00:00  -  Run Local Usage
		Usr 0 00:00:13, Sys 0 00:00:01  -  Total Remote Usage
		Usr 0 00:00:00, Sys 0 00:00:00  -  Total Local Usage
	6897  -  Run Bytes Sent By Job
	149  -  Run Bytes Received By Job
	6897  -  Total Bytes Sent By Job
	149  -  Total Bytes Received By Job
	Partitionable Resources :    Usage  Request Allocated 
	   Cpus                 :                 1         1 
	   Disk (KB)            :       52        1    127899 
	   Memory (MB)          :      181     3900      3968 

	Job terminated of its own accord at 2023-06-12T08:02:18Z.
...
006 (310975.000.000) 2023-06-12 17:02:20 Image size of job updated: 613424
	181  -  MemoryUsage of job (MB)
	185096  -  ResidentSetSize of job (KB)
...
040 (310975.000.000) 2023-06-12 17:02:20 Started transferring output files
...
040 (310975.000.000) 2023-06-12 17:02:20 Finished transferring output files
...
005 (310975.000.000) 2023-06-12 17:02:20 Job terminated.
	(1) Normal termination (return value 0)
		Usr 0 00:00:16, Sys 0 00:00:01  -  Run Remote Usage
		Usr 0 00:00:00, Sys 0 00:00:00  -  Run Local Usage
		Usr 0 00:00:16, Sys 0 00:00:01  -  Total Remote Usage
		Usr 0 00:00:00, Sys 0 00:00:00  -  Total Local Usage
	7461  -  Run Bytes Sent By Job
	149  -  Run Bytes Received By Job
	7461  -  Total Bytes Sent By Job
	149  -  Total Bytes Received By Job
	Partitionable Resources :    Usage  Request Allocated 
	   Cpus                 :                 1         1 
	   Disk (KB)            :       52        1    127899 
	   Memory (MB)          :      181     3900      3968 

	Job terminated of its own accord at 2023-06-12T08:02:20Z.
...
006 (310975.007.000) 2023-06-12 17:02:20 Image size of job updated: 612624
	179  -  MemoryUsage of job (MB)
	183164  -  ResidentSetSize of job (KB)
...
040 (310975.007.000) 2023-06-12 17:02:20 Started transferring output files
...
040 (310975.007.000) 2023-06-12 17:02:20 Finished transferring output files
...
005 (310975.007.000) 2023-06-12 17:02:20 Job terminated.
	(1) Normal termination (return value 0)
		Usr 0 00:00:16, Sys 0 00:00:01  -  Run Remote Usage
		Usr 0 00:00:00, Sys 0 00:00:00  -  Run Local Usage
		Usr 0 00:00:16, Sys 0 00:00:01  -  Total Remote Usage
		Usr 0 00:00:00, Sys 0 00:00:00  -  Total Local Usage
	7501  -  Run Bytes Sent By Job
	149  -  Run Bytes Received By Job
	7501  -  Total Bytes Sent By Job
	149  -  Total Bytes Received By Job
	Partitionable Resources :    Usage  Request Allocated 
	   Cpus                 :                 1         1 
	   Disk (KB)            :       52        1    127899 
	   Memory (MB)          :      179     3900      3968 

	Job terminated of its own accord at 2023-06-12T08:02:20Z.
...
006 (310975.002.000) 2023-06-12 17:02:20 Image size of job updated: 612552
	181  -  MemoryUsage of job (MB)
	185004  -  ResidentSetSize of job (KB)
...
040 (310975.002.000) 2023-06-12 17:02:20 Started transferring output files
...
040 (310975.002.000) 2023-06-12 17:02:20 Finished transferring output files
...
005 (310975.002.000) 2023-06-12 17:02:20 Job terminated.
	(1) Normal termination (return value 0)
		Usr 0 00:00:16, Sys 0 00:00:01  -  Run Remote Usage
		Usr 0 00:00:00, Sys 0 00:00:00  -  Run Local Usage
		Usr 0 00:00:16, Sys 0 00:00:01  -  Total Remote Usage
		Usr 0 00:00:00, Sys 0 00:00:00  -  Total Local Usage
	7882  -  Run Bytes Sent By Job
	149  -  Run Bytes Received By Job
	7882  -  Total Bytes Sent By Job
	149  -  Total Bytes Received By Job
	Partitionable Resources :    Usage  Request Allocated 
	   Cpus                 :                 1         1 
	   Disk (KB)            :       53        1    127899 
	   Memory (MB)          :      181     3900      3968 

	Job terminated of its own accord at 2023-06-12T08:02:20Z.
...
006 (310975.005.000) 2023-06-12 17:02:21 Image size of job updated: 611544
	181  -  MemoryUsage of job (MB)
	185004  -  ResidentSetSize of job (KB)
...
040 (310975.005.000) 2023-06-12 17:02:21 Started transferring output files
...
040 (310975.005.000) 2023-06-12 17:02:21 Finished transferring output files
...
005 (310975.005.000) 2023-06-12 17:02:21 Job terminated.
	(1) Normal termination (return value 0)
		Usr 0 00:00:17, Sys 0 00:00:01  -  Run Remote Usage
		Usr 0 00:00:00, Sys 0 00:00:00  -  Run Local Usage
		Usr 0 00:00:17, Sys 0 00:00:01  -  Total Remote Usage
		Usr 0 00:00:00, Sys 0 00:00:00  -  Total Local Usage
	6566  -  Run Bytes Sent By Job
	149  -  Run Bytes Received By Job
	6566  -  Total Bytes Sent By Job
	149  -  Total Bytes Received By Job
	Partitionable Resources :    Usage  Request Allocated 
	   Cpus                 :                 1         1 
	   Disk (KB)            :       51        1    127899 
	   Memory (MB)          :      181     3900      3968 

	Job terminated of its own accord at 2023-06-12T08:02:21Z.
...
006 (310975.009.000) 2023-06-12 17:02:34 Image size of job updated: 604084
	112  -  MemoryUsage of job (MB)
	113704  -  ResidentSetSize of job (KB)
...
040 (310975.009.000) 2023-06-12 17:02:35 Started transferring output files
...
040 (310975.009.000) 2023-06-12 17:02:35 Finished transferring output files
...
005 (310975.009.000) 2023-06-12 17:02:35 Job terminated.
	(1) Normal termination (return value 0)
		Usr 0 00:00:23, Sys 0 00:00:03  -  Run Remote Usage
		Usr 0 00:00:00, Sys 0 00:00:00  -  Run Local Usage
		Usr 0 00:00:23, Sys 0 00:00:03  -  Total Remote Usage
		Usr 0 00:00:00, Sys 0 00:00:00  -  Total Local Usage
	6625  -  Run Bytes Sent By Job
	149  -  Run Bytes Received By Job
	6625  -  Total Bytes Sent By Job
	149  -  Total Bytes Received By Job
	Partitionable Resources :    Usage  Request Allocated 
	   Cpus                 :                 1         1 
	   Disk (KB)            :       51        1    127998 
	   Memory (MB)          :      112     3900      3968 

	Job terminated of its own accord at 2023-06-12T08:02:34Z.
...
006 (310975.008.000) 2023-06-12 17:02:39 Image size of job updated: 610832
	127  -  MemoryUsage of job (MB)
	129880  -  ResidentSetSize of job (KB)
...
040 (310975.008.000) 2023-06-12 17:02:39 Started transferring output files
...
040 (310975.008.000) 2023-06-12 17:02:39 Finished transferring output files
...
005 (310975.008.000) 2023-06-12 17:02:39 Job terminated.
	(1) Normal termination (return value 0)
		Usr 0 00:00:28, Sys 0 00:00:03  -  Run Remote Usage
		Usr 0 00:00:00, Sys 0 00:00:00  -  Run Local Usage
		Usr 0 00:00:28, Sys 0 00:00:03  -  Total Remote Usage
		Usr 0 00:00:00, Sys 0 00:00:00  -  Total Local Usage
	6928  -  Run Bytes Sent By Job
	149  -  Run Bytes Received By Job
	6928  -  Total Bytes Sent By Job
	149  -  Total Bytes Received By Job
	Partitionable Resources :    Usage  Request Allocated 
	   Cpus                 :                 1         1 
	   Disk (KB)            :       52        1    123869 
	   Memory (MB)          :      127     3900      3968 

	Job terminated of its own accord at 2023-06-12T08:02:39Z.
...
