Starts at Mon Jun 12 17:02:05 2023
[tnp_tamsa] Use Configs["HLTEl23_2016a"] from config/ele_TopHNT_v1.py
Fit ibin = 6
['HistPdf::sigPhysPass(x,histPass_genmatching,2)', 'HistPdf::sigPhysFail(x,histFail_genmatching,2)', 'Gaussian::sigResPass(x,meanP[-0.0,-5.0,5.0],sigmaP[0.02,0.02,4.0])', 'Gaussian::sigResFail(x,meanF[-0.0,-5.0,5.0],sigmaF[0.02,0.02,4.0])', 'FCONV::sigPass(x, sigPhysPass , sigResPass)', 'FCONV::sigFail(x, sigPhysFail , sigResFail)', 'Exponential::bkgPass(x, alphaP[0.,-5.,5.])', 'Exponential::bkgFail(x, alphaF[0.,-5.,5.])']
Fit ibin = 16
['HistPdf::sigPhysPass(x,histPass_genmatching,2)', 'HistPdf::sigPhysFail(x,histFail_genmatching,2)', 'Gaussian::sigResPass(x,meanP[-0.0,-5.0,5.0],sigmaP[0.02,0.02,4.0])', 'Gaussian::sigResFail(x,meanF[-0.0,-5.0,5.0],sigmaF[0.02,0.02,4.0])', 'FCONV::sigPass(x, sigPhysPass , sigResPass)', 'FCONV::sigFail(x, sigPhysFail , sigResFail)', 'Exponential::bkgPass(x, alphaP[0.,-5.,5.])', 'Exponential::bkgFail(x, alphaF[0.,-5.,5.])']
Fit ibin = 26
['HistPdf::sigPhysPass(x,histPass_genmatching,2)', 'HistPdf::sigPhysFail(x,histFail_genmatching,2)', 'Gaussian::sigResPass(x,meanP[-0.0,-5.0,5.0],sigmaP[0.02,0.02,4.0])', 'Gaussian::sigResFail(x,meanF[-0.0,-5.0,5.0],sigmaF[0.02,0.02,4.0])', 'FCONV::sigPass(x, sigPhysPass , sigResPass)', 'FCONV::sigFail(x, sigPhysFail , sigResFail)', 'Exponential::bkgPass(x, alphaP[0.,-5.,5.])', 'Exponential::bkgFail(x, alphaF[0.,-5.,5.])']
Fit ibin = 36
['HistPdf::sigPhysPass(x,histPass_genmatching,2)', 'HistPdf::sigPhysFail(x,histFail_genmatching,2)', 'Gaussian::sigResPass(x,meanP[-0.0,-5.0,5.0],sigmaP[0.02,0.02,4.0])', 'Gaussian::sigResFail(x,meanF[-0.0,-5.0,5.0],sigmaF[0.02,0.02,4.0])', 'FCONV::sigPass(x, sigPhysPass , sigResPass)', 'FCONV::sigFail(x, sigPhysFail , sigResFail)', 'Exponential::bkgPass(x, alphaP[0.,-5.,5.])', 'Exponential::bkgFail(x, alphaF[0.,-5.,5.])']
Fit ibin = 46
['HistPdf::sigPhysPass(x,histPass_genmatching,2)', 'HistPdf::sigPhysFail(x,histFail_genmatching,2)', 'Gaussian::sigResPass(x,meanP[-0.0,-5.0,5.0],sigmaP[0.02,0.02,4.0])', 'Gaussian::sigResFail(x,meanF[-0.0,-5.0,5.0],sigmaF[0.02,0.02,4.0])', 'FCONV::sigPass(x, sigPhysPass , sigResPass)', 'FCONV::sigFail(x, sigPhysFail , sigResFail)', 'Exponential::bkgPass(x, alphaP[0.,-5.,5.])', 'Exponential::bkgFail(x, alphaF[0.,-5.,5.])']
Fit ibin = 56
['HistPdf::sigPhysPass(x,histPass_genmatching,2)', 'HistPdf::sigPhysFail(x,histFail_genmatching,2)', 'Gaussian::sigResPass(x,meanP[-0.0,-5.0,5.0],sigmaP[0.02,0.02,4.0])', 'Gaussian::sigResFail(x,meanF[-0.0,-5.0,5.0],sigmaF[0.02,0.02,4.0])', 'FCONV::sigPass(x, sigPhysPass , sigResPass)', 'FCONV::sigFail(x, sigPhysFail , sigResFail)', 'Exponential::bkgPass(x, alphaP[0.,-5.,5.])', 'Exponential::bkgFail(x, alphaF[0.,-5.,5.])']
Fit ibin = 66
['HistPdf::sigPhysPass(x,histPass_genmatching,2)', 'HistPdf::sigPhysFail(x,histFail_genmatching,2)', 'Gaussian::sigResPass(x,meanP[-0.0,-5.0,5.0],sigmaP[0.02,0.02,4.0])', 'Gaussian::sigResFail(x,meanF[-0.0,-5.0,5.0],sigmaF[0.02,0.02,4.0])', 'FCONV::sigPass(x, sigPhysPass , sigResPass)', 'FCONV::sigFail(x, sigPhysFail , sigResFail)', 'Exponential::bkgPass(x, alphaP[0.,-5.,5.])', 'Exponential::bkgFail(x, alphaF[0.,-5.,5.])']
Fit ibin = 76
['HistPdf::sigPhysPass(x,histPass_genmatching,2)', 'HistPdf::sigPhysFail(x,histFail_genmatching,2)', 'Gaussian::sigResPass(x,meanP[-0.0,-5.0,5.0],sigmaP[0.02,0.02,4.0])', 'Gaussian::sigResFail(x,meanF[-0.0,-5.0,5.0],sigmaF[0.02,0.02,4.0])', 'FCONV::sigPass(x, sigPhysPass , sigResPass)', 'FCONV::sigFail(x, sigPhysFail , sigResFail)', 'Exponential::bkgPass(x, alphaP[0.,-5.,5.])', 'Exponential::bkgFail(x, alphaF[0.,-5.,5.])']
Warning: non-zero fit status 302
Fit ibin = 86
['HistPdf::sigPhysPass(x,histPass_genmatching,2)', 'HistPdf::sigPhysFail(x,histFail_genmatching,2)', 'Gaussian::sigResPass(x,meanP[-0.0,-5.0,5.0],sigmaP[0.02,0.02,4.0])', 'Gaussian::sigResFail(x,meanF[-0.0,-5.0,5.0],sigmaF[0.02,0.02,4.0])', 'FCONV::sigPass(x, sigPhysPass , sigResPass)', 'FCONV::sigFail(x, sigPhysFail , sigResFail)', 'Exponential::bkgPass(x, alphaP[0.,-5.,5.])', 'Exponential::bkgFail(x, alphaF[0.,-5.,5.])']
Fit ibin = 96
['HistPdf::sigPhysPass(x,histPass_genmatching,2)', 'HistPdf::sigPhysFail(x,histFail_genmatching,2)', 'Gaussian::sigResPass(x,meanP[-0.0,-5.0,5.0],sigmaP[0.02,0.02,4.0])', 'Gaussian::sigResFail(x,meanF[-0.0,-5.0,5.0],sigmaF[0.02,0.02,4.0])', 'FCONV::sigPass(x, sigPhysPass , sigResPass)', 'FCONV::sigFail(x, sigPhysFail , sigResFail)', 'Exponential::bkgPass(x, alphaP[0.,-5.,5.])', 'Exponential::bkgFail(x, alphaF[0.,-5.,5.])']
Ends at  Mon Jun 12 17:02:18 2023
Time took 13.1708080769 seconds.
