000 (330273.000.000) 2023-07-25 13:21:18 Job submitted from host: <172.30.1.200:9618?addrs=172.30.1.200-9618&alias=tamsa2.snu.ac.kr&noUDP&sock=schedd_3510_2582>
...
000 (330273.001.000) 2023-07-25 13:21:18 Job submitted from host: <172.30.1.200:9618?addrs=172.30.1.200-9618&alias=tamsa2.snu.ac.kr&noUDP&sock=schedd_3510_2582>
...
000 (330273.002.000) 2023-07-25 13:21:18 Job submitted from host: <172.30.1.200:9618?addrs=172.30.1.200-9618&alias=tamsa2.snu.ac.kr&noUDP&sock=schedd_3510_2582>
...
000 (330273.003.000) 2023-07-25 13:21:18 Job submitted from host: <172.30.1.200:9618?addrs=172.30.1.200-9618&alias=tamsa2.snu.ac.kr&noUDP&sock=schedd_3510_2582>
...
000 (330273.004.000) 2023-07-25 13:21:18 Job submitted from host: <172.30.1.200:9618?addrs=172.30.1.200-9618&alias=tamsa2.snu.ac.kr&noUDP&sock=schedd_3510_2582>
...
000 (330273.005.000) 2023-07-25 13:21:18 Job submitted from host: <172.30.1.200:9618?addrs=172.30.1.200-9618&alias=tamsa2.snu.ac.kr&noUDP&sock=schedd_3510_2582>
...
000 (330273.006.000) 2023-07-25 13:21:18 Job submitted from host: <172.30.1.200:9618?addrs=172.30.1.200-9618&alias=tamsa2.snu.ac.kr&noUDP&sock=schedd_3510_2582>
...
000 (330273.007.000) 2023-07-25 13:21:18 Job submitted from host: <172.30.1.200:9618?addrs=172.30.1.200-9618&alias=tamsa2.snu.ac.kr&noUDP&sock=schedd_3510_2582>
...
000 (330273.008.000) 2023-07-25 13:21:18 Job submitted from host: <172.30.1.200:9618?addrs=172.30.1.200-9618&alias=tamsa2.snu.ac.kr&noUDP&sock=schedd_3510_2582>
...
000 (330273.009.000) 2023-07-25 13:21:18 Job submitted from host: <172.30.1.200:9618?addrs=172.30.1.200-9618&alias=tamsa2.snu.ac.kr&noUDP&sock=schedd_3510_2582>
...
001 (330273.006.000) 2023-07-25 13:21:33 Job executing on host: <172.30.1.210:9618?addrs=172.30.1.210-9618&alias=node10&noUDP&sock=startd_3787_253e>
...
001 (330273.007.000) 2023-07-25 13:21:33 Job executing on host: <172.30.1.210:9618?addrs=172.30.1.210-9618&alias=node10&noUDP&sock=startd_3787_253e>
...
001 (330273.008.000) 2023-07-25 13:21:33 Job executing on host: <172.30.1.209:9618?addrs=172.30.1.209-9618&alias=node9&noUDP&sock=startd_3776_99b3>
...
001 (330273.009.000) 2023-07-25 13:21:33 Job executing on host: <172.30.1.209:9618?addrs=172.30.1.209-9618&alias=node9&noUDP&sock=startd_3776_99b3>
...
001 (330273.000.000) 2023-07-25 13:21:34 Job executing on host: <172.30.1.201:9618?addrs=172.30.1.201-9618&alias=node1&noUDP&sock=startd_40439_5e70>
...
001 (330273.001.000) 2023-07-25 13:21:34 Job executing on host: <172.30.1.201:9618?addrs=172.30.1.201-9618&alias=node1&noUDP&sock=startd_40439_5e70>
...
001 (330273.003.000) 2023-07-25 13:21:34 Job executing on host: <172.30.1.201:9618?addrs=172.30.1.201-9618&alias=node1&noUDP&sock=startd_40439_5e70>
...
001 (330273.002.000) 2023-07-25 13:21:34 Job executing on host: <172.30.1.201:9618?addrs=172.30.1.201-9618&alias=node1&noUDP&sock=startd_40439_5e70>
...
001 (330273.004.000) 2023-07-25 13:21:34 Job executing on host: <172.30.1.201:9618?addrs=172.30.1.201-9618&alias=node1&noUDP&sock=startd_40439_5e70>
...
001 (330273.005.000) 2023-07-25 13:21:34 Job executing on host: <172.30.1.201:9618?addrs=172.30.1.201-9618&alias=node1&noUDP&sock=startd_40439_5e70>
...
006 (330273.009.000) 2023-07-25 13:21:42 Image size of job updated: 645128
	183  -  MemoryUsage of job (MB)
	186720  -  ResidentSetSize of job (KB)
...
006 (330273.000.000) 2023-07-25 13:21:42 Image size of job updated: 186864
	183  -  MemoryUsage of job (MB)
	186864  -  ResidentSetSize of job (KB)
...
006 (330273.001.000) 2023-07-25 13:21:42 Image size of job updated: 186728
	183  -  MemoryUsage of job (MB)
	186728  -  ResidentSetSize of job (KB)
...
006 (330273.003.000) 2023-07-25 13:21:42 Image size of job updated: 186596
	183  -  MemoryUsage of job (MB)
	186596  -  ResidentSetSize of job (KB)
...
006 (330273.006.000) 2023-07-25 13:21:42 Image size of job updated: 385952
	190  -  MemoryUsage of job (MB)
	194476  -  ResidentSetSize of job (KB)
...
006 (330273.007.000) 2023-07-25 13:21:42 Image size of job updated: 385964
	183  -  MemoryUsage of job (MB)
	186768  -  ResidentSetSize of job (KB)
...
006 (330273.008.000) 2023-07-25 13:21:42 Image size of job updated: 645128
	183  -  MemoryUsage of job (MB)
	186728  -  ResidentSetSize of job (KB)
...
006 (330273.002.000) 2023-07-25 13:21:43 Image size of job updated: 186700
	183  -  MemoryUsage of job (MB)
	186700  -  ResidentSetSize of job (KB)
...
006 (330273.004.000) 2023-07-25 13:21:43 Image size of job updated: 188324
	184  -  MemoryUsage of job (MB)
	188324  -  ResidentSetSize of job (KB)
...
006 (330273.005.000) 2023-07-25 13:21:43 Image size of job updated: 186792
	183  -  MemoryUsage of job (MB)
	186792  -  ResidentSetSize of job (KB)
...
006 (330273.000.000) 2023-07-25 13:21:59 Image size of job updated: 686664
	183  -  MemoryUsage of job (MB)
	186864  -  ResidentSetSize of job (KB)
...
005 (330273.000.000) 2023-07-25 13:21:59 Job terminated.
	(1) Normal termination (return value 0)
		Usr 0 00:00:21, Sys 0 00:00:01  -  Run Remote Usage
		Usr 0 00:00:00, Sys 0 00:00:00  -  Run Local Usage
		Usr 0 00:00:21, Sys 0 00:00:01  -  Total Remote Usage
		Usr 0 00:00:00, Sys 0 00:00:00  -  Total Local Usage
	0  -  Run Bytes Sent By Job
	0  -  Run Bytes Received By Job
	0  -  Total Bytes Sent By Job
	0  -  Total Bytes Received By Job
	Partitionable Resources :    Usage  Request Allocated 
	   Cpus                 :                 1         1 
	   Disk (KB)            :        1        1    128947 
	   Memory (MB)          :      183     3900      3968 

	Job terminated of its own accord at 2023-07-25T04:21:59Z.
...
006 (330273.007.000) 2023-07-25 13:22:00 Image size of job updated: 688356
	183  -  MemoryUsage of job (MB)
	186768  -  ResidentSetSize of job (KB)
...
005 (330273.007.000) 2023-07-25 13:22:00 Job terminated.
	(1) Normal termination (return value 0)
		Usr 0 00:00:23, Sys 0 00:00:01  -  Run Remote Usage
		Usr 0 00:00:00, Sys 0 00:00:00  -  Run Local Usage
		Usr 0 00:00:23, Sys 0 00:00:01  -  Total Remote Usage
		Usr 0 00:00:00, Sys 0 00:00:00  -  Total Local Usage
	0  -  Run Bytes Sent By Job
	0  -  Run Bytes Received By Job
	0  -  Total Bytes Sent By Job
	0  -  Total Bytes Received By Job
	Partitionable Resources :    Usage  Request Allocated 
	   Cpus                 :                 1         1 
	   Disk (KB)            :        1        1    128928 
	   Memory (MB)          :      183     3900      3968 

	Job terminated of its own accord at 2023-07-25T04:22:00Z.
...
006 (330273.006.000) 2023-07-25 13:22:00 Image size of job updated: 688240
	190  -  MemoryUsage of job (MB)
	194528  -  ResidentSetSize of job (KB)
...
005 (330273.006.000) 2023-07-25 13:22:00 Job terminated.
	(1) Normal termination (return value 0)
		Usr 0 00:00:24, Sys 0 00:00:01  -  Run Remote Usage
		Usr 0 00:00:00, Sys 0 00:00:00  -  Run Local Usage
		Usr 0 00:00:24, Sys 0 00:00:01  -  Total Remote Usage
		Usr 0 00:00:00, Sys 0 00:00:00  -  Total Local Usage
	0  -  Run Bytes Sent By Job
	0  -  Run Bytes Received By Job
	0  -  Total Bytes Sent By Job
	0  -  Total Bytes Received By Job
	Partitionable Resources :    Usage  Request Allocated 
	   Cpus                 :                 1         1 
	   Disk (KB)            :        1        1    128928 
	   Memory (MB)          :      190     3900      3968 

	Job terminated of its own accord at 2023-07-25T04:22:00Z.
...
006 (330273.009.000) 2023-07-25 13:22:01 Image size of job updated: 688376
	183  -  MemoryUsage of job (MB)
	186720  -  ResidentSetSize of job (KB)
...
005 (330273.009.000) 2023-07-25 13:22:01 Job terminated.
	(1) Normal termination (return value 0)
		Usr 0 00:00:24, Sys 0 00:00:01  -  Run Remote Usage
		Usr 0 00:00:00, Sys 0 00:00:00  -  Run Local Usage
		Usr 0 00:00:24, Sys 0 00:00:01  -  Total Remote Usage
		Usr 0 00:00:00, Sys 0 00:00:00  -  Total Local Usage
	0  -  Run Bytes Sent By Job
	0  -  Run Bytes Received By Job
	0  -  Total Bytes Sent By Job
	0  -  Total Bytes Received By Job
	Partitionable Resources :    Usage  Request Allocated 
	   Cpus                 :                 1         1 
	   Disk (KB)            :        1        1    128928 
	   Memory (MB)          :      183     3900      3968 

	Job terminated of its own accord at 2023-07-25T04:22:01Z.
...
006 (330273.003.000) 2023-07-25 13:22:01 Image size of job updated: 688352
	183  -  MemoryUsage of job (MB)
	186596  -  ResidentSetSize of job (KB)
...
005 (330273.003.000) 2023-07-25 13:22:01 Job terminated.
	(1) Normal termination (return value 0)
		Usr 0 00:00:24, Sys 0 00:00:01  -  Run Remote Usage
		Usr 0 00:00:00, Sys 0 00:00:00  -  Run Local Usage
		Usr 0 00:00:24, Sys 0 00:00:01  -  Total Remote Usage
		Usr 0 00:00:00, Sys 0 00:00:00  -  Total Local Usage
	0  -  Run Bytes Sent By Job
	0  -  Run Bytes Received By Job
	0  -  Total Bytes Sent By Job
	0  -  Total Bytes Received By Job
	Partitionable Resources :    Usage  Request Allocated 
	   Cpus                 :                 1         1 
	   Disk (KB)            :        1        1    128947 
	   Memory (MB)          :      183     3900      3968 

	Job terminated of its own accord at 2023-07-25T04:22:01Z.
...
006 (330273.005.000) 2023-07-25 13:22:02 Image size of job updated: 686576
	183  -  MemoryUsage of job (MB)
	186792  -  ResidentSetSize of job (KB)
...
005 (330273.005.000) 2023-07-25 13:22:02 Job terminated.
	(1) Normal termination (return value 0)
		Usr 0 00:00:25, Sys 0 00:00:00  -  Run Remote Usage
		Usr 0 00:00:00, Sys 0 00:00:00  -  Run Local Usage
		Usr 0 00:00:25, Sys 0 00:00:00  -  Total Remote Usage
		Usr 0 00:00:00, Sys 0 00:00:00  -  Total Local Usage
	0  -  Run Bytes Sent By Job
	0  -  Run Bytes Received By Job
	0  -  Total Bytes Sent By Job
	0  -  Total Bytes Received By Job
	Partitionable Resources :    Usage  Request Allocated 
	   Cpus                 :                 1         1 
	   Disk (KB)            :        1        1    128947 
	   Memory (MB)          :      183     3900      3968 

	Job terminated of its own accord at 2023-07-25T04:22:02Z.
...
006 (330273.001.000) 2023-07-25 13:22:02 Image size of job updated: 686584
	183  -  MemoryUsage of job (MB)
	186728  -  ResidentSetSize of job (KB)
...
005 (330273.001.000) 2023-07-25 13:22:02 Job terminated.
	(1) Normal termination (return value 0)
		Usr 0 00:00:25, Sys 0 00:00:01  -  Run Remote Usage
		Usr 0 00:00:00, Sys 0 00:00:00  -  Run Local Usage
		Usr 0 00:00:25, Sys 0 00:00:01  -  Total Remote Usage
		Usr 0 00:00:00, Sys 0 00:00:00  -  Total Local Usage
	0  -  Run Bytes Sent By Job
	0  -  Run Bytes Received By Job
	0  -  Total Bytes Sent By Job
	0  -  Total Bytes Received By Job
	Partitionable Resources :    Usage  Request Allocated 
	   Cpus                 :                 1         1 
	   Disk (KB)            :        1        1    128947 
	   Memory (MB)          :      183     3900      3968 

	Job terminated of its own accord at 2023-07-25T04:22:02Z.
...
006 (330273.002.000) 2023-07-25 13:22:04 Image size of job updated: 686576
	183  -  MemoryUsage of job (MB)
	186700  -  ResidentSetSize of job (KB)
...
005 (330273.002.000) 2023-07-25 13:22:04 Job terminated.
	(1) Normal termination (return value 0)
		Usr 0 00:00:26, Sys 0 00:00:01  -  Run Remote Usage
		Usr 0 00:00:00, Sys 0 00:00:00  -  Run Local Usage
		Usr 0 00:00:26, Sys 0 00:00:01  -  Total Remote Usage
		Usr 0 00:00:00, Sys 0 00:00:00  -  Total Local Usage
	0  -  Run Bytes Sent By Job
	0  -  Run Bytes Received By Job
	0  -  Total Bytes Sent By Job
	0  -  Total Bytes Received By Job
	Partitionable Resources :    Usage  Request Allocated 
	   Cpus                 :                 1         1 
	   Disk (KB)            :        1        1    128947 
	   Memory (MB)          :      183     3900      3968 

	Job terminated of its own accord at 2023-07-25T04:22:04Z.
...
006 (330273.004.000) 2023-07-25 13:22:05 Image size of job updated: 686396
	184  -  MemoryUsage of job (MB)
	188396  -  ResidentSetSize of job (KB)
...
005 (330273.004.000) 2023-07-25 13:22:05 Job terminated.
	(1) Normal termination (return value 0)
		Usr 0 00:00:27, Sys 0 00:00:01  -  Run Remote Usage
		Usr 0 00:00:00, Sys 0 00:00:00  -  Run Local Usage
		Usr 0 00:00:27, Sys 0 00:00:01  -  Total Remote Usage
		Usr 0 00:00:00, Sys 0 00:00:00  -  Total Local Usage
	0  -  Run Bytes Sent By Job
	0  -  Run Bytes Received By Job
	0  -  Total Bytes Sent By Job
	0  -  Total Bytes Received By Job
	Partitionable Resources :    Usage  Request Allocated 
	   Cpus                 :                 1         1 
	   Disk (KB)            :        1        1    128947 
	   Memory (MB)          :      184     3900      3968 

	Job terminated of its own accord at 2023-07-25T04:22:05Z.
...
006 (330273.008.000) 2023-07-25 13:22:06 Image size of job updated: 686668
	183  -  MemoryUsage of job (MB)
	186728  -  ResidentSetSize of job (KB)
...
005 (330273.008.000) 2023-07-25 13:22:06 Job terminated.
	(1) Normal termination (return value 0)
		Usr 0 00:00:29, Sys 0 00:00:01  -  Run Remote Usage
		Usr 0 00:00:00, Sys 0 00:00:00  -  Run Local Usage
		Usr 0 00:00:29, Sys 0 00:00:01  -  Total Remote Usage
		Usr 0 00:00:00, Sys 0 00:00:00  -  Total Local Usage
	0  -  Run Bytes Sent By Job
	0  -  Run Bytes Received By Job
	0  -  Total Bytes Sent By Job
	0  -  Total Bytes Received By Job
	Partitionable Resources :    Usage  Request Allocated 
	   Cpus                 :                 1         1 
	   Disk (KB)            :        1        1    128928 
	   Memory (MB)          :      183     3900      3968 

	Job terminated of its own accord at 2023-07-25T04:22:06Z.
...
