000 (310978.000.000) 2023-06-12 17:01:46 Job submitted from host: <172.30.1.200:9618?addrs=172.30.1.200-9618&alias=tamsa2.snu.ac.kr&noUDP&sock=schedd_3510_2582>
...
000 (310978.001.000) 2023-06-12 17:01:46 Job submitted from host: <172.30.1.200:9618?addrs=172.30.1.200-9618&alias=tamsa2.snu.ac.kr&noUDP&sock=schedd_3510_2582>
...
000 (310978.002.000) 2023-06-12 17:01:46 Job submitted from host: <172.30.1.200:9618?addrs=172.30.1.200-9618&alias=tamsa2.snu.ac.kr&noUDP&sock=schedd_3510_2582>
...
000 (310978.003.000) 2023-06-12 17:01:46 Job submitted from host: <172.30.1.200:9618?addrs=172.30.1.200-9618&alias=tamsa2.snu.ac.kr&noUDP&sock=schedd_3510_2582>
...
000 (310978.004.000) 2023-06-12 17:01:46 Job submitted from host: <172.30.1.200:9618?addrs=172.30.1.200-9618&alias=tamsa2.snu.ac.kr&noUDP&sock=schedd_3510_2582>
...
000 (310978.005.000) 2023-06-12 17:01:46 Job submitted from host: <172.30.1.200:9618?addrs=172.30.1.200-9618&alias=tamsa2.snu.ac.kr&noUDP&sock=schedd_3510_2582>
...
000 (310978.006.000) 2023-06-12 17:01:46 Job submitted from host: <172.30.1.200:9618?addrs=172.30.1.200-9618&alias=tamsa2.snu.ac.kr&noUDP&sock=schedd_3510_2582>
...
000 (310978.007.000) 2023-06-12 17:01:46 Job submitted from host: <172.30.1.200:9618?addrs=172.30.1.200-9618&alias=tamsa2.snu.ac.kr&noUDP&sock=schedd_3510_2582>
...
000 (310978.008.000) 2023-06-12 17:01:46 Job submitted from host: <172.30.1.200:9618?addrs=172.30.1.200-9618&alias=tamsa2.snu.ac.kr&noUDP&sock=schedd_3510_2582>
...
000 (310978.009.000) 2023-06-12 17:01:46 Job submitted from host: <172.30.1.200:9618?addrs=172.30.1.200-9618&alias=tamsa2.snu.ac.kr&noUDP&sock=schedd_3510_2582>
...
040 (310978.000.000) 2023-06-12 17:02:24 Started transferring input files
	Transferring to host: <172.30.1.102:9618?addrs=172.30.1.102-9618&alias=n2&noUDP&sock=slot1_2_3347_03a1_18544>
...
040 (310978.000.000) 2023-06-12 17:02:24 Finished transferring input files
...
040 (310978.001.000) 2023-06-12 17:02:24 Started transferring input files
	Transferring to host: <172.30.1.102:9618?addrs=172.30.1.102-9618&alias=n2&noUDP&sock=slot1_55_3347_03a1_18545>
...
040 (310978.001.000) 2023-06-12 17:02:24 Finished transferring input files
...
001 (310978.000.000) 2023-06-12 17:02:25 Job executing on host: <172.30.1.102:9618?addrs=172.30.1.102-9618&alias=n2&noUDP&sock=startd_3313_055a>
...
001 (310978.001.000) 2023-06-12 17:02:25 Job executing on host: <172.30.1.102:9618?addrs=172.30.1.102-9618&alias=n2&noUDP&sock=startd_3313_055a>
...
006 (310978.000.000) 2023-06-12 17:02:33 Image size of job updated: 154816
	152  -  MemoryUsage of job (MB)
	154816  -  ResidentSetSize of job (KB)
...
006 (310978.001.000) 2023-06-12 17:02:33 Image size of job updated: 154856
	152  -  MemoryUsage of job (MB)
	154856  -  ResidentSetSize of job (KB)
...
001 (310978.002.000) 2023-06-12 17:03:20 Job executing on host: <172.30.1.205:9618?addrs=172.30.1.205-9618&alias=node5&noUDP&sock=startd_3770_7c22>
...
001 (310978.003.000) 2023-06-12 17:03:20 Job executing on host: <172.30.1.206:9618?addrs=172.30.1.206-9618&alias=node6&noUDP&sock=startd_3777_494c>
...
001 (310978.007.000) 2023-06-12 17:03:20 Job executing on host: <172.30.1.207:9618?addrs=172.30.1.207-9618&alias=node7&noUDP&sock=startd_3802_6f2a>
...
001 (310978.008.000) 2023-06-12 17:03:21 Job executing on host: <172.30.1.210:9618?addrs=172.30.1.210-9618&alias=node10&noUDP&sock=startd_3787_253e>
...
001 (310978.004.000) 2023-06-12 17:03:21 Job executing on host: <172.30.1.206:9618?addrs=172.30.1.206-9618&alias=node6&noUDP&sock=startd_3777_494c>
...
001 (310978.009.000) 2023-06-12 17:03:21 Job executing on host: <172.30.1.210:9618?addrs=172.30.1.210-9618&alias=node10&noUDP&sock=startd_3787_253e>
...
001 (310978.005.000) 2023-06-12 17:03:21 Job executing on host: <172.30.1.206:9618?addrs=172.30.1.206-9618&alias=node6&noUDP&sock=startd_3777_494c>
...
001 (310978.006.000) 2023-06-12 17:03:21 Job executing on host: <172.30.1.206:9618?addrs=172.30.1.206-9618&alias=node6&noUDP&sock=startd_3777_494c>
...
006 (310978.002.000) 2023-06-12 17:03:29 Image size of job updated: 152988
	150  -  MemoryUsage of job (MB)
	152976  -  ResidentSetSize of job (KB)
...
006 (310978.003.000) 2023-06-12 17:03:29 Image size of job updated: 400420
	184  -  MemoryUsage of job (MB)
	188224  -  ResidentSetSize of job (KB)
...
006 (310978.007.000) 2023-06-12 17:03:29 Image size of job updated: 400236
	70  -  MemoryUsage of job (MB)
	71452  -  ResidentSetSize of job (KB)
...
006 (310978.008.000) 2023-06-12 17:03:29 Image size of job updated: 216168
	184  -  MemoryUsage of job (MB)
	188240  -  ResidentSetSize of job (KB)
...
006 (310978.004.000) 2023-06-12 17:03:29 Image size of job updated: 400416
	184  -  MemoryUsage of job (MB)
	188224  -  ResidentSetSize of job (KB)
...
006 (310978.009.000) 2023-06-12 17:03:29 Image size of job updated: 205056
	184  -  MemoryUsage of job (MB)
	188228  -  ResidentSetSize of job (KB)
...
006 (310978.005.000) 2023-06-12 17:03:29 Image size of job updated: 400412
	184  -  MemoryUsage of job (MB)
	188216  -  ResidentSetSize of job (KB)
...
006 (310978.006.000) 2023-06-12 17:03:29 Image size of job updated: 400420
	184  -  MemoryUsage of job (MB)
	188212  -  ResidentSetSize of job (KB)
...
006 (310978.004.000) 2023-06-12 17:06:40 Image size of job updated: 699532
	184  -  MemoryUsage of job (MB)
	188224  -  ResidentSetSize of job (KB)
...
005 (310978.004.000) 2023-06-12 17:06:40 Job terminated.
	(1) Normal termination (return value 0)
		Usr 0 00:03:14, Sys 0 00:00:02  -  Run Remote Usage
		Usr 0 00:00:00, Sys 0 00:00:00  -  Run Local Usage
		Usr 0 00:03:14, Sys 0 00:00:02  -  Total Remote Usage
		Usr 0 00:00:00, Sys 0 00:00:00  -  Total Local Usage
	0  -  Run Bytes Sent By Job
	0  -  Run Bytes Received By Job
	0  -  Total Bytes Sent By Job
	0  -  Total Bytes Received By Job
	Partitionable Resources :    Usage  Request Allocated 
	   Cpus                 :     1.00        1         1 
	   Disk (KB)            :     1           1     95898 
	   Memory (MB)          :   184        3900      3968 

	Job terminated of its own accord at 2023-06-12T08:06:40Z.
...
006 (310978.005.000) 2023-06-12 17:06:41 Image size of job updated: 698860
	184  -  MemoryUsage of job (MB)
	188216  -  ResidentSetSize of job (KB)
...
005 (310978.005.000) 2023-06-12 17:06:41 Job terminated.
	(1) Normal termination (return value 0)
		Usr 0 00:03:13, Sys 0 00:00:03  -  Run Remote Usage
		Usr 0 00:00:00, Sys 0 00:00:00  -  Run Local Usage
		Usr 0 00:03:13, Sys 0 00:00:03  -  Total Remote Usage
		Usr 0 00:00:00, Sys 0 00:00:00  -  Total Local Usage
	0  -  Run Bytes Sent By Job
	0  -  Run Bytes Received By Job
	0  -  Total Bytes Sent By Job
	0  -  Total Bytes Received By Job
	Partitionable Resources :    Usage  Request Allocated 
	   Cpus                 :     1.00        1         1 
	   Disk (KB)            :     1           1     95898 
	   Memory (MB)          :   184        3900      3968 

	Job terminated of its own accord at 2023-06-12T08:06:41Z.
...
006 (310978.008.000) 2023-06-12 17:06:52 Image size of job updated: 696424
	184  -  MemoryUsage of job (MB)
	188240  -  ResidentSetSize of job (KB)
...
005 (310978.008.000) 2023-06-12 17:06:52 Job terminated.
	(1) Normal termination (return value 0)
		Usr 0 00:03:24, Sys 0 00:00:01  -  Run Remote Usage
		Usr 0 00:00:00, Sys 0 00:00:00  -  Run Local Usage
		Usr 0 00:03:24, Sys 0 00:00:01  -  Total Remote Usage
		Usr 0 00:00:00, Sys 0 00:00:00  -  Total Local Usage
	0  -  Run Bytes Sent By Job
	0  -  Run Bytes Received By Job
	0  -  Total Bytes Sent By Job
	0  -  Total Bytes Received By Job
	Partitionable Resources :    Usage  Request Allocated 
	   Cpus                 :     1.00        1         1 
	   Disk (KB)            :     1           1    128928 
	   Memory (MB)          :   184        3900      3968 

	Job terminated of its own accord at 2023-06-12T08:06:52Z.
...
006 (310978.007.000) 2023-06-12 17:07:08 Image size of job updated: 699608
	70  -  MemoryUsage of job (MB)
	71452  -  ResidentSetSize of job (KB)
...
005 (310978.007.000) 2023-06-12 17:07:09 Job terminated.
	(1) Normal termination (return value 0)
		Usr 0 00:03:31, Sys 0 00:00:02  -  Run Remote Usage
		Usr 0 00:00:00, Sys 0 00:00:00  -  Run Local Usage
		Usr 0 00:03:31, Sys 0 00:00:02  -  Total Remote Usage
		Usr 0 00:00:00, Sys 0 00:00:00  -  Total Local Usage
	0  -  Run Bytes Sent By Job
	0  -  Run Bytes Received By Job
	0  -  Total Bytes Sent By Job
	0  -  Total Bytes Received By Job
	Partitionable Resources :    Usage  Request Allocated 
	   Cpus                 :     1.00        1         1 
	   Disk (KB)            :     1           1    128928 
	   Memory (MB)          :    70        3900      3968 

	Job terminated of its own accord at 2023-06-12T08:07:08Z.
...
006 (310978.006.000) 2023-06-12 17:07:14 Image size of job updated: 697164
	184  -  MemoryUsage of job (MB)
	188212  -  ResidentSetSize of job (KB)
...
005 (310978.006.000) 2023-06-12 17:07:15 Job terminated.
	(1) Normal termination (return value 0)
		Usr 0 00:03:48, Sys 0 00:00:02  -  Run Remote Usage
		Usr 0 00:00:00, Sys 0 00:00:00  -  Run Local Usage
		Usr 0 00:03:48, Sys 0 00:00:02  -  Total Remote Usage
		Usr 0 00:00:00, Sys 0 00:00:00  -  Total Local Usage
	0  -  Run Bytes Sent By Job
	0  -  Run Bytes Received By Job
	0  -  Total Bytes Sent By Job
	0  -  Total Bytes Received By Job
	Partitionable Resources :    Usage  Request Allocated 
	   Cpus                 :     1.00        1         1 
	   Disk (KB)            :     1           1     95898 
	   Memory (MB)          :   184        3900      3968 

	Job terminated of its own accord at 2023-06-12T08:07:14Z.
...
006 (310978.009.000) 2023-06-12 17:07:19 Image size of job updated: 699844
	184  -  MemoryUsage of job (MB)
	188228  -  ResidentSetSize of job (KB)
...
005 (310978.009.000) 2023-06-12 17:07:19 Job terminated.
	(1) Normal termination (return value 0)
		Usr 0 00:03:46, Sys 0 00:00:02  -  Run Remote Usage
		Usr 0 00:00:00, Sys 0 00:00:00  -  Run Local Usage
		Usr 0 00:03:46, Sys 0 00:00:02  -  Total Remote Usage
		Usr 0 00:00:00, Sys 0 00:00:00  -  Total Local Usage
	0  -  Run Bytes Sent By Job
	0  -  Run Bytes Received By Job
	0  -  Total Bytes Sent By Job
	0  -  Total Bytes Received By Job
	Partitionable Resources :    Usage  Request Allocated 
	   Cpus                 :     1.00        1         1 
	   Disk (KB)            :     1           1    128928 
	   Memory (MB)          :   184        3900      3968 

	Job terminated of its own accord at 2023-06-12T08:07:19Z.
...
006 (310978.003.000) 2023-06-12 17:07:20 Image size of job updated: 699924
	184  -  MemoryUsage of job (MB)
	188224  -  ResidentSetSize of job (KB)
...
005 (310978.003.000) 2023-06-12 17:07:20 Job terminated.
	(1) Normal termination (return value 0)
		Usr 0 00:03:54, Sys 0 00:00:02  -  Run Remote Usage
		Usr 0 00:00:00, Sys 0 00:00:00  -  Run Local Usage
		Usr 0 00:03:54, Sys 0 00:00:02  -  Total Remote Usage
		Usr 0 00:00:00, Sys 0 00:00:00  -  Total Local Usage
	0  -  Run Bytes Sent By Job
	0  -  Run Bytes Received By Job
	0  -  Total Bytes Sent By Job
	0  -  Total Bytes Received By Job
	Partitionable Resources :    Usage  Request Allocated 
	   Cpus                 :     1.00        1         1 
	   Disk (KB)            :     1           1     95898 
	   Memory (MB)          :   184        3900      3968 

	Job terminated of its own accord at 2023-06-12T08:07:20Z.
...
006 (310978.002.000) 2023-06-12 17:07:32 Image size of job updated: 699728
	150  -  MemoryUsage of job (MB)
	153000  -  ResidentSetSize of job (KB)
...
005 (310978.002.000) 2023-06-12 17:07:32 Job terminated.
	(1) Normal termination (return value 0)
		Usr 0 00:03:58, Sys 0 00:00:02  -  Run Remote Usage
		Usr 0 00:00:00, Sys 0 00:00:00  -  Run Local Usage
		Usr 0 00:03:58, Sys 0 00:00:02  -  Total Remote Usage
		Usr 0 00:00:00, Sys 0 00:00:00  -  Total Local Usage
	0  -  Run Bytes Sent By Job
	0  -  Run Bytes Received By Job
	0  -  Total Bytes Sent By Job
	0  -  Total Bytes Received By Job
	Partitionable Resources :    Usage  Request Allocated 
	   Cpus                 :     0.99        1         1 
	   Disk (KB)            :     1           1    128928 
	   Memory (MB)          :   150        3900      3968 

	Job terminated of its own accord at 2023-06-12T08:07:32Z.
...
006 (310978.000.000) 2023-06-12 17:07:33 Image size of job updated: 698468
	222  -  MemoryUsage of job (MB)
	226500  -  ResidentSetSize of job (KB)
...
006 (310978.001.000) 2023-06-12 17:07:33 Image size of job updated: 694876
	218  -  MemoryUsage of job (MB)
	222900  -  ResidentSetSize of job (KB)
...
040 (310978.000.000) 2023-06-12 17:07:58 Started transferring output files
...
040 (310978.000.000) 2023-06-12 17:07:58 Finished transferring output files
...
005 (310978.000.000) 2023-06-12 17:07:58 Job terminated.
	(1) Normal termination (return value 0)
		Usr 0 00:05:24, Sys 0 00:00:04  -  Run Remote Usage
		Usr 0 00:00:00, Sys 0 00:00:00  -  Run Local Usage
		Usr 0 00:05:24, Sys 0 00:00:04  -  Total Remote Usage
		Usr 0 00:00:00, Sys 0 00:00:00  -  Total Local Usage
	12884  -  Run Bytes Sent By Job
	148  -  Run Bytes Received By Job
	12884  -  Total Bytes Sent By Job
	148  -  Total Bytes Received By Job
	Partitionable Resources :    Usage  Request Allocated 
	   Cpus                 :     1.00        1         1 
	   Disk (KB)            :    63           1    123869 
	   Memory (MB)          :   222        3900      3968 

	Job terminated of its own accord at 2023-06-12T08:07:58Z.
...
006 (310978.001.000) 2023-06-12 17:09:34 Image size of job updated: 698348
	218  -  MemoryUsage of job (MB)
	222900  -  ResidentSetSize of job (KB)
...
040 (310978.001.000) 2023-06-12 17:09:34 Started transferring output files
...
040 (310978.001.000) 2023-06-12 17:09:34 Finished transferring output files
...
005 (310978.001.000) 2023-06-12 17:09:34 Job terminated.
	(1) Normal termination (return value 0)
		Usr 0 00:06:59, Sys 0 00:00:05  -  Run Remote Usage
		Usr 0 00:00:00, Sys 0 00:00:00  -  Run Local Usage
		Usr 0 00:06:59, Sys 0 00:00:05  -  Total Remote Usage
		Usr 0 00:00:00, Sys 0 00:00:00  -  Total Local Usage
	12305  -  Run Bytes Sent By Job
	148  -  Run Bytes Received By Job
	12305  -  Total Bytes Sent By Job
	148  -  Total Bytes Received By Job
	Partitionable Resources :    Usage  Request Allocated 
	   Cpus                 :     0.98        1         1 
	   Disk (KB)            :    63           1    123869 
	   Memory (MB)          :   218        3900      3968 

	Job terminated of its own accord at 2023-06-12T08:09:34Z.
...
