000 (330327.000.000) 2023-07-25 13:47:23 Job submitted from host: <172.30.1.200:9618?addrs=172.30.1.200-9618&alias=tamsa2.snu.ac.kr&noUDP&sock=schedd_3510_2582>
...
000 (330327.001.000) 2023-07-25 13:47:23 Job submitted from host: <172.30.1.200:9618?addrs=172.30.1.200-9618&alias=tamsa2.snu.ac.kr&noUDP&sock=schedd_3510_2582>
...
000 (330327.002.000) 2023-07-25 13:47:23 Job submitted from host: <172.30.1.200:9618?addrs=172.30.1.200-9618&alias=tamsa2.snu.ac.kr&noUDP&sock=schedd_3510_2582>
...
000 (330327.003.000) 2023-07-25 13:47:23 Job submitted from host: <172.30.1.200:9618?addrs=172.30.1.200-9618&alias=tamsa2.snu.ac.kr&noUDP&sock=schedd_3510_2582>
...
000 (330327.004.000) 2023-07-25 13:47:23 Job submitted from host: <172.30.1.200:9618?addrs=172.30.1.200-9618&alias=tamsa2.snu.ac.kr&noUDP&sock=schedd_3510_2582>
...
000 (330327.005.000) 2023-07-25 13:47:23 Job submitted from host: <172.30.1.200:9618?addrs=172.30.1.200-9618&alias=tamsa2.snu.ac.kr&noUDP&sock=schedd_3510_2582>
...
000 (330327.006.000) 2023-07-25 13:47:23 Job submitted from host: <172.30.1.200:9618?addrs=172.30.1.200-9618&alias=tamsa2.snu.ac.kr&noUDP&sock=schedd_3510_2582>
...
000 (330327.007.000) 2023-07-25 13:47:23 Job submitted from host: <172.30.1.200:9618?addrs=172.30.1.200-9618&alias=tamsa2.snu.ac.kr&noUDP&sock=schedd_3510_2582>
...
000 (330327.008.000) 2023-07-25 13:47:23 Job submitted from host: <172.30.1.200:9618?addrs=172.30.1.200-9618&alias=tamsa2.snu.ac.kr&noUDP&sock=schedd_3510_2582>
...
000 (330327.009.000) 2023-07-25 13:47:23 Job submitted from host: <172.30.1.200:9618?addrs=172.30.1.200-9618&alias=tamsa2.snu.ac.kr&noUDP&sock=schedd_3510_2582>
...
040 (330327.004.000) 2023-07-25 13:47:36 Started transferring input files
	Transferring to host: <172.30.1.110:9618?addrs=172.30.1.110-9618&alias=n10&noUDP&sock=slot1_37_4288_08a7_70263>
...
040 (330327.004.000) 2023-07-25 13:47:36 Finished transferring input files
...
040 (330327.005.000) 2023-07-25 13:47:36 Started transferring input files
	Transferring to host: <172.30.1.110:9618?addrs=172.30.1.110-9618&alias=n10&noUDP&sock=slot1_38_4288_08a7_70264>
...
040 (330327.005.000) 2023-07-25 13:47:36 Finished transferring input files
...
040 (330327.006.000) 2023-07-25 13:47:36 Started transferring input files
	Transferring to host: <172.30.1.110:9618?addrs=172.30.1.110-9618&alias=n10&noUDP&sock=slot1_39_4288_08a7_70265>
...
040 (330327.006.000) 2023-07-25 13:47:36 Finished transferring input files
...
040 (330327.007.000) 2023-07-25 13:47:36 Started transferring input files
	Transferring to host: <172.30.1.110:9618?addrs=172.30.1.110-9618&alias=n10&noUDP&sock=slot1_40_4288_08a7_70266>
...
040 (330327.007.000) 2023-07-25 13:47:36 Finished transferring input files
...
040 (330327.008.000) 2023-07-25 13:47:36 Started transferring input files
	Transferring to host: <172.30.1.110:9618?addrs=172.30.1.110-9618&alias=n10&noUDP&sock=slot1_41_4288_08a7_70267>
...
040 (330327.009.000) 2023-07-25 13:47:36 Started transferring input files
	Transferring to host: <172.30.1.110:9618?addrs=172.30.1.110-9618&alias=n10&noUDP&sock=slot1_42_4288_08a7_70268>
...
040 (330327.008.000) 2023-07-25 13:47:36 Finished transferring input files
...
040 (330327.009.000) 2023-07-25 13:47:36 Finished transferring input files
...
001 (330327.004.000) 2023-07-25 13:47:37 Job executing on host: <172.30.1.110:9618?addrs=172.30.1.110-9618&alias=n10&noUDP&sock=startd_4254_77f9>
...
001 (330327.005.000) 2023-07-25 13:47:37 Job executing on host: <172.30.1.110:9618?addrs=172.30.1.110-9618&alias=n10&noUDP&sock=startd_4254_77f9>
...
001 (330327.006.000) 2023-07-25 13:47:37 Job executing on host: <172.30.1.110:9618?addrs=172.30.1.110-9618&alias=n10&noUDP&sock=startd_4254_77f9>
...
040 (330327.000.000) 2023-07-25 13:47:37 Started transferring input files
	Transferring to host: <172.30.1.109:9618?addrs=172.30.1.109-9618&alias=n9&noUDP&sock=slot1_41_4265_d407_73198>
...
001 (330327.007.000) 2023-07-25 13:47:37 Job executing on host: <172.30.1.110:9618?addrs=172.30.1.110-9618&alias=n10&noUDP&sock=startd_4254_77f9>
...
001 (330327.008.000) 2023-07-25 13:47:37 Job executing on host: <172.30.1.110:9618?addrs=172.30.1.110-9618&alias=n10&noUDP&sock=startd_4254_77f9>
...
040 (330327.000.000) 2023-07-25 13:47:37 Finished transferring input files
...
001 (330327.009.000) 2023-07-25 13:47:37 Job executing on host: <172.30.1.110:9618?addrs=172.30.1.110-9618&alias=n10&noUDP&sock=startd_4254_77f9>
...
040 (330327.001.000) 2023-07-25 13:47:38 Started transferring input files
	Transferring to host: <172.30.1.109:9618?addrs=172.30.1.109-9618&alias=n9&noUDP&sock=slot1_42_4265_d407_73199>
...
040 (330327.001.000) 2023-07-25 13:47:38 Finished transferring input files
...
040 (330327.002.000) 2023-07-25 13:47:38 Started transferring input files
	Transferring to host: <172.30.1.109:9618?addrs=172.30.1.109-9618&alias=n9&noUDP&sock=slot1_43_4265_d407_73200>
...
040 (330327.003.000) 2023-07-25 13:47:38 Started transferring input files
	Transferring to host: <172.30.1.109:9618?addrs=172.30.1.109-9618&alias=n9&noUDP&sock=slot1_44_4265_d407_73201>
...
040 (330327.002.000) 2023-07-25 13:47:38 Finished transferring input files
...
040 (330327.003.000) 2023-07-25 13:47:38 Finished transferring input files
...
001 (330327.000.000) 2023-07-25 13:47:38 Job executing on host: <172.30.1.109:9618?addrs=172.30.1.109-9618&alias=n9&noUDP&sock=startd_4231_b14b>
...
001 (330327.001.000) 2023-07-25 13:47:39 Job executing on host: <172.30.1.109:9618?addrs=172.30.1.109-9618&alias=n9&noUDP&sock=startd_4231_b14b>
...
001 (330327.002.000) 2023-07-25 13:47:39 Job executing on host: <172.30.1.109:9618?addrs=172.30.1.109-9618&alias=n9&noUDP&sock=startd_4231_b14b>
...
001 (330327.003.000) 2023-07-25 13:47:39 Job executing on host: <172.30.1.109:9618?addrs=172.30.1.109-9618&alias=n9&noUDP&sock=startd_4231_b14b>
...
006 (330327.004.000) 2023-07-25 13:47:45 Image size of job updated: 404528
	78  -  MemoryUsage of job (MB)
	79576  -  ResidentSetSize of job (KB)
...
040 (330327.004.000) 2023-07-25 13:47:45 Started transferring output files
...
040 (330327.004.000) 2023-07-25 13:47:45 Finished transferring output files
...
005 (330327.004.000) 2023-07-25 13:47:45 Job terminated.
	(1) Normal termination (return value 1)
		Usr 0 00:00:03, Sys 0 00:00:00  -  Run Remote Usage
		Usr 0 00:00:00, Sys 0 00:00:00  -  Run Local Usage
		Usr 0 00:00:03, Sys 0 00:00:00  -  Total Remote Usage
		Usr 0 00:00:00, Sys 0 00:00:00  -  Total Local Usage
	1261  -  Run Bytes Sent By Job
	164  -  Run Bytes Received By Job
	1261  -  Total Bytes Sent By Job
	164  -  Total Bytes Received By Job
	Partitionable Resources :    Usage  Request Allocated 
	   Cpus                 :                 1         1 
	   Disk (KB)            :       46        1    127899 
	   Memory (MB)          :       78     3900      3968 

	Job terminated of its own accord at 2023-07-25T04:47:45Z.
...
006 (330327.000.000) 2023-07-25 13:47:46 Image size of job updated: 650188
	0  -  MemoryUsage of job (MB)
	0  -  ResidentSetSize of job (KB)
...
040 (330327.000.000) 2023-07-25 13:47:46 Started transferring output files
...
040 (330327.000.000) 2023-07-25 13:47:46 Finished transferring output files
...
005 (330327.000.000) 2023-07-25 13:47:46 Job terminated.
	(1) Normal termination (return value 1)
		Usr 0 00:00:05, Sys 0 00:00:00  -  Run Remote Usage
		Usr 0 00:00:00, Sys 0 00:00:00  -  Run Local Usage
		Usr 0 00:00:05, Sys 0 00:00:00  -  Total Remote Usage
		Usr 0 00:00:00, Sys 0 00:00:00  -  Total Local Usage
	1261  -  Run Bytes Sent By Job
	164  -  Run Bytes Received By Job
	1261  -  Total Bytes Sent By Job
	164  -  Total Bytes Received By Job
	Partitionable Resources :    Usage  Request Allocated 
	   Cpus                 :                 1         1 
	   Disk (KB)            :       46        1    127899 
	   Memory (MB)          :        0     3900      3968 

	Job terminated of its own accord at 2023-07-25T04:47:46Z.
...
006 (330327.005.000) 2023-07-25 13:47:46 Image size of job updated: 645128
	183  -  MemoryUsage of job (MB)
	186788  -  ResidentSetSize of job (KB)
...
006 (330327.006.000) 2023-07-25 13:47:46 Image size of job updated: 645120
	183  -  MemoryUsage of job (MB)
	186800  -  ResidentSetSize of job (KB)
...
006 (330327.007.000) 2023-07-25 13:47:46 Image size of job updated: 645116
	183  -  MemoryUsage of job (MB)
	186756  -  ResidentSetSize of job (KB)
...
006 (330327.008.000) 2023-07-25 13:47:46 Image size of job updated: 645124
	183  -  MemoryUsage of job (MB)
	186804  -  ResidentSetSize of job (KB)
...
006 (330327.009.000) 2023-07-25 13:47:46 Image size of job updated: 645116
	183  -  MemoryUsage of job (MB)
	186784  -  ResidentSetSize of job (KB)
...
006 (330327.001.000) 2023-07-25 13:47:47 Image size of job updated: 645128
	186  -  MemoryUsage of job (MB)
	189476  -  ResidentSetSize of job (KB)
...
006 (330327.002.000) 2023-07-25 13:47:47 Image size of job updated: 645128
	183  -  MemoryUsage of job (MB)
	186808  -  ResidentSetSize of job (KB)
...
006 (330327.001.000) 2023-07-25 13:47:47 Image size of job updated: 645128
	186  -  MemoryUsage of job (MB)
	189644  -  ResidentSetSize of job (KB)
...
040 (330327.001.000) 2023-07-25 13:47:47 Started transferring output files
...
040 (330327.001.000) 2023-07-25 13:47:47 Finished transferring output files
...
006 (330327.003.000) 2023-07-25 13:47:47 Image size of job updated: 645124
	184  -  MemoryUsage of job (MB)
	187624  -  ResidentSetSize of job (KB)
...
005 (330327.001.000) 2023-07-25 13:47:47 Job terminated.
	(1) Normal termination (return value 1)
		Usr 0 00:00:06, Sys 0 00:00:00  -  Run Remote Usage
		Usr 0 00:00:00, Sys 0 00:00:00  -  Run Local Usage
		Usr 0 00:00:06, Sys 0 00:00:00  -  Total Remote Usage
		Usr 0 00:00:00, Sys 0 00:00:00  -  Total Local Usage
	1292  -  Run Bytes Sent By Job
	164  -  Run Bytes Received By Job
	1292  -  Total Bytes Sent By Job
	164  -  Total Bytes Received By Job
	Partitionable Resources :    Usage  Request Allocated 
	   Cpus                 :                 1         1 
	   Disk (KB)            :       46        1    127899 
	   Memory (MB)          :      186     3900      3968 

	Job terminated of its own accord at 2023-07-25T04:47:47Z.
...
040 (330327.005.000) 2023-07-25 13:47:56 Started transferring output files
...
040 (330327.005.000) 2023-07-25 13:47:56 Finished transferring output files
...
005 (330327.005.000) 2023-07-25 13:47:56 Job terminated.
	(1) Normal termination (return value 0)
		Usr 0 00:00:14, Sys 0 00:00:01  -  Run Remote Usage
		Usr 0 00:00:00, Sys 0 00:00:00  -  Run Local Usage
		Usr 0 00:00:14, Sys 0 00:00:01  -  Total Remote Usage
		Usr 0 00:00:00, Sys 0 00:00:00  -  Total Local Usage
	1158  -  Run Bytes Sent By Job
	164  -  Run Bytes Received By Job
	1158  -  Total Bytes Sent By Job
	164  -  Total Bytes Received By Job
	Partitionable Resources :    Usage  Request Allocated 
	   Cpus                 :                 1         1 
	   Disk (KB)            :       46        1    127899 
	   Memory (MB)          :      183     3900      3968 

	Job terminated of its own accord at 2023-07-25T04:47:56Z.
...
006 (330327.008.000) 2023-07-25 13:47:57 Image size of job updated: 688376
	183  -  MemoryUsage of job (MB)
	186804  -  ResidentSetSize of job (KB)
...
040 (330327.008.000) 2023-07-25 13:47:57 Started transferring output files
...
040 (330327.008.000) 2023-07-25 13:47:57 Finished transferring output files
...
005 (330327.008.000) 2023-07-25 13:47:57 Job terminated.
	(1) Normal termination (return value 0)
		Usr 0 00:00:14, Sys 0 00:00:01  -  Run Remote Usage
		Usr 0 00:00:00, Sys 0 00:00:00  -  Run Local Usage
		Usr 0 00:00:14, Sys 0 00:00:01  -  Total Remote Usage
		Usr 0 00:00:00, Sys 0 00:00:00  -  Total Local Usage
	1131  -  Run Bytes Sent By Job
	164  -  Run Bytes Received By Job
	1131  -  Total Bytes Sent By Job
	164  -  Total Bytes Received By Job
	Partitionable Resources :    Usage  Request Allocated 
	   Cpus                 :                 1         1 
	   Disk (KB)            :       46        1    127899 
	   Memory (MB)          :      183     3900      3968 

	Job terminated of its own accord at 2023-07-25T04:47:57Z.
...
006 (330327.007.000) 2023-07-25 13:48:00 Image size of job updated: 686472
	183  -  MemoryUsage of job (MB)
	186756  -  ResidentSetSize of job (KB)
...
040 (330327.007.000) 2023-07-25 13:48:01 Started transferring output files
...
040 (330327.007.000) 2023-07-25 13:48:01 Finished transferring output files
...
005 (330327.007.000) 2023-07-25 13:48:01 Job terminated.
	(1) Normal termination (return value 0)
		Usr 0 00:00:19, Sys 0 00:00:00  -  Run Remote Usage
		Usr 0 00:00:00, Sys 0 00:00:00  -  Run Local Usage
		Usr 0 00:00:19, Sys 0 00:00:00  -  Total Remote Usage
		Usr 0 00:00:00, Sys 0 00:00:00  -  Total Local Usage
	1100  -  Run Bytes Sent By Job
	164  -  Run Bytes Received By Job
	1100  -  Total Bytes Sent By Job
	164  -  Total Bytes Received By Job
	Partitionable Resources :    Usage  Request Allocated 
	   Cpus                 :                 1         1 
	   Disk (KB)            :       46        1    127899 
	   Memory (MB)          :      183     3900      3968 

	Job terminated of its own accord at 2023-07-25T04:48:00Z.
...
006 (330327.009.000) 2023-07-25 13:48:01 Image size of job updated: 686552
	183  -  MemoryUsage of job (MB)
	186784  -  ResidentSetSize of job (KB)
...
040 (330327.009.000) 2023-07-25 13:48:01 Started transferring output files
...
040 (330327.009.000) 2023-07-25 13:48:01 Finished transferring output files
...
005 (330327.009.000) 2023-07-25 13:48:01 Job terminated.
	(1) Normal termination (return value 0)
		Usr 0 00:00:19, Sys 0 00:00:00  -  Run Remote Usage
		Usr 0 00:00:00, Sys 0 00:00:00  -  Run Local Usage
		Usr 0 00:00:19, Sys 0 00:00:00  -  Total Remote Usage
		Usr 0 00:00:00, Sys 0 00:00:00  -  Total Local Usage
	1131  -  Run Bytes Sent By Job
	164  -  Run Bytes Received By Job
	1131  -  Total Bytes Sent By Job
	164  -  Total Bytes Received By Job
	Partitionable Resources :    Usage  Request Allocated 
	   Cpus                 :                 1         1 
	   Disk (KB)            :       46        1    127899 
	   Memory (MB)          :      183     3900      3968 

	Job terminated of its own accord at 2023-07-25T04:48:01Z.
...
006 (330327.003.000) 2023-07-25 13:48:02 Image size of job updated: 686692
	184  -  MemoryUsage of job (MB)
	187624  -  ResidentSetSize of job (KB)
...
040 (330327.003.000) 2023-07-25 13:48:02 Started transferring output files
...
040 (330327.003.000) 2023-07-25 13:48:02 Finished transferring output files
...
005 (330327.003.000) 2023-07-25 13:48:02 Job terminated.
	(1) Normal termination (return value 0)
		Usr 0 00:00:20, Sys 0 00:00:01  -  Run Remote Usage
		Usr 0 00:00:00, Sys 0 00:00:00  -  Run Local Usage
		Usr 0 00:00:20, Sys 0 00:00:01  -  Total Remote Usage
		Usr 0 00:00:00, Sys 0 00:00:00  -  Total Local Usage
	4582  -  Run Bytes Sent By Job
	164  -  Run Bytes Received By Job
	4582  -  Total Bytes Sent By Job
	164  -  Total Bytes Received By Job
	Partitionable Resources :    Usage  Request Allocated 
	   Cpus                 :                 1         1 
	   Disk (KB)            :       50        1    127899 
	   Memory (MB)          :      184     3900      3968 

	Job terminated of its own accord at 2023-07-25T04:48:02Z.
...
006 (330327.002.000) 2023-07-25 13:48:02 Image size of job updated: 686548
	183  -  MemoryUsage of job (MB)
	186808  -  ResidentSetSize of job (KB)
...
040 (330327.002.000) 2023-07-25 13:48:02 Started transferring output files
...
040 (330327.002.000) 2023-07-25 13:48:02 Finished transferring output files
...
005 (330327.002.000) 2023-07-25 13:48:02 Job terminated.
	(1) Normal termination (return value 0)
		Usr 0 00:00:20, Sys 0 00:00:00  -  Run Remote Usage
		Usr 0 00:00:00, Sys 0 00:00:00  -  Run Local Usage
		Usr 0 00:00:20, Sys 0 00:00:00  -  Total Remote Usage
		Usr 0 00:00:00, Sys 0 00:00:00  -  Total Local Usage
	1251  -  Run Bytes Sent By Job
	164  -  Run Bytes Received By Job
	1251  -  Total Bytes Sent By Job
	164  -  Total Bytes Received By Job
	Partitionable Resources :    Usage  Request Allocated 
	   Cpus                 :                 1         1 
	   Disk (KB)            :       46        1    127899 
	   Memory (MB)          :      183     3900      3968 

	Job terminated of its own accord at 2023-07-25T04:48:02Z.
...
006 (330327.006.000) 2023-07-25 13:48:05 Image size of job updated: 686484
	183  -  MemoryUsage of job (MB)
	186800  -  ResidentSetSize of job (KB)
...
040 (330327.006.000) 2023-07-25 13:48:05 Started transferring output files
...
040 (330327.006.000) 2023-07-25 13:48:05 Finished transferring output files
...
005 (330327.006.000) 2023-07-25 13:48:05 Job terminated.
	(1) Normal termination (return value 0)
		Usr 0 00:00:23, Sys 0 00:00:01  -  Run Remote Usage
		Usr 0 00:00:00, Sys 0 00:00:00  -  Run Local Usage
		Usr 0 00:00:23, Sys 0 00:00:01  -  Total Remote Usage
		Usr 0 00:00:00, Sys 0 00:00:00  -  Total Local Usage
	1224  -  Run Bytes Sent By Job
	164  -  Run Bytes Received By Job
	1224  -  Total Bytes Sent By Job
	164  -  Total Bytes Received By Job
	Partitionable Resources :    Usage  Request Allocated 
	   Cpus                 :                 1         1 
	   Disk (KB)            :       46        1    127899 
	   Memory (MB)          :      183     3900      3968 

	Job terminated of its own accord at 2023-07-25T04:48:05Z.
...
