000 (311137.000.000) 2023-06-12 19:37:34 Job submitted from host: <172.30.1.200:9618?addrs=172.30.1.200-9618&alias=tamsa2.snu.ac.kr&noUDP&sock=schedd_3510_2582>
...
000 (311137.001.000) 2023-06-12 19:37:34 Job submitted from host: <172.30.1.200:9618?addrs=172.30.1.200-9618&alias=tamsa2.snu.ac.kr&noUDP&sock=schedd_3510_2582>
...
000 (311137.002.000) 2023-06-12 19:37:34 Job submitted from host: <172.30.1.200:9618?addrs=172.30.1.200-9618&alias=tamsa2.snu.ac.kr&noUDP&sock=schedd_3510_2582>
...
000 (311137.003.000) 2023-06-12 19:37:34 Job submitted from host: <172.30.1.200:9618?addrs=172.30.1.200-9618&alias=tamsa2.snu.ac.kr&noUDP&sock=schedd_3510_2582>
...
000 (311137.004.000) 2023-06-12 19:37:34 Job submitted from host: <172.30.1.200:9618?addrs=172.30.1.200-9618&alias=tamsa2.snu.ac.kr&noUDP&sock=schedd_3510_2582>
...
000 (311137.005.000) 2023-06-12 19:37:34 Job submitted from host: <172.30.1.200:9618?addrs=172.30.1.200-9618&alias=tamsa2.snu.ac.kr&noUDP&sock=schedd_3510_2582>
...
000 (311137.006.000) 2023-06-12 19:37:34 Job submitted from host: <172.30.1.200:9618?addrs=172.30.1.200-9618&alias=tamsa2.snu.ac.kr&noUDP&sock=schedd_3510_2582>
...
000 (311137.007.000) 2023-06-12 19:37:34 Job submitted from host: <172.30.1.200:9618?addrs=172.30.1.200-9618&alias=tamsa2.snu.ac.kr&noUDP&sock=schedd_3510_2582>
...
000 (311137.008.000) 2023-06-12 19:37:34 Job submitted from host: <172.30.1.200:9618?addrs=172.30.1.200-9618&alias=tamsa2.snu.ac.kr&noUDP&sock=schedd_3510_2582>
...
000 (311137.009.000) 2023-06-12 19:37:34 Job submitted from host: <172.30.1.200:9618?addrs=172.30.1.200-9618&alias=tamsa2.snu.ac.kr&noUDP&sock=schedd_3510_2582>
...
040 (311137.001.000) 2023-06-12 19:38:57 Started transferring input files
	Transferring to host: <172.30.1.104:9618?addrs=172.30.1.104-9618&alias=n4&noUDP&sock=slot1_19_3701_7070_7072>
...
040 (311137.002.000) 2023-06-12 19:38:57 Started transferring input files
	Transferring to host: <172.30.1.108:9618?addrs=172.30.1.108-9618&alias=n8&noUDP&sock=slot1_2_4278_fce7_22261>
...
040 (311137.001.000) 2023-06-12 19:38:57 Finished transferring input files
...
040 (311137.002.000) 2023-06-12 19:38:57 Finished transferring input files
...
040 (311137.008.000) 2023-06-12 19:38:57 Started transferring input files
	Transferring to host: <172.30.1.110:9618?addrs=172.30.1.110-9618&alias=n10&noUDP&sock=slot1_15_4288_08a7_22838>
...
040 (311137.003.000) 2023-06-12 19:38:57 Started transferring input files
	Transferring to host: <172.30.1.108:9618?addrs=172.30.1.108-9618&alias=n8&noUDP&sock=slot1_8_4278_fce7_22262>
...
040 (311137.008.000) 2023-06-12 19:38:57 Finished transferring input files
...
040 (311137.003.000) 2023-06-12 19:38:57 Finished transferring input files
...
040 (311137.004.000) 2023-06-12 19:38:57 Started transferring input files
	Transferring to host: <172.30.1.108:9618?addrs=172.30.1.108-9618&alias=n8&noUDP&sock=slot1_15_4278_fce7_22263>
...
040 (311137.004.000) 2023-06-12 19:38:57 Finished transferring input files
...
040 (311137.005.000) 2023-06-12 19:38:57 Started transferring input files
	Transferring to host: <172.30.1.108:9618?addrs=172.30.1.108-9618&alias=n8&noUDP&sock=slot1_32_4278_fce7_22264>
...
040 (311137.000.000) 2023-06-12 19:38:57 Started transferring input files
	Transferring to host: <172.30.1.106:9618?addrs=172.30.1.106-9618&alias=n6&noUDP&sock=slot1_20_3308_8900_8160>
...
040 (311137.000.000) 2023-06-12 19:38:57 Finished transferring input files
...
040 (311137.005.000) 2023-06-12 19:38:57 Finished transferring input files
...
040 (311137.009.000) 2023-06-12 19:38:57 Started transferring input files
	Transferring to host: <172.30.1.102:9618?addrs=172.30.1.102-9618&alias=n2&noUDP&sock=slot1_5_3347_03a1_18964>
...
040 (311137.009.000) 2023-06-12 19:38:57 Finished transferring input files
...
040 (311137.006.000) 2023-06-12 19:38:57 Started transferring input files
	Transferring to host: <172.30.1.108:9618?addrs=172.30.1.108-9618&alias=n8&noUDP&sock=slot1_33_4278_fce7_22265>
...
040 (311137.007.000) 2023-06-12 19:38:57 Started transferring input files
	Transferring to host: <172.30.1.108:9618?addrs=172.30.1.108-9618&alias=n8&noUDP&sock=slot1_34_4278_fce7_22266>
...
040 (311137.007.000) 2023-06-12 19:38:57 Finished transferring input files
...
040 (311137.006.000) 2023-06-12 19:38:57 Finished transferring input files
...
001 (311137.002.000) 2023-06-12 19:38:58 Job executing on host: <172.30.1.108:9618?addrs=172.30.1.108-9618&alias=n8&noUDP&sock=startd_4243_ec6e>
...
001 (311137.001.000) 2023-06-12 19:38:58 Job executing on host: <172.30.1.104:9618?addrs=172.30.1.104-9618&alias=n4&noUDP&sock=startd_3667_d5e1>
...
001 (311137.008.000) 2023-06-12 19:38:58 Job executing on host: <172.30.1.110:9618?addrs=172.30.1.110-9618&alias=n10&noUDP&sock=startd_4254_77f9>
...
001 (311137.003.000) 2023-06-12 19:38:58 Job executing on host: <172.30.1.108:9618?addrs=172.30.1.108-9618&alias=n8&noUDP&sock=startd_4243_ec6e>
...
001 (311137.004.000) 2023-06-12 19:38:58 Job executing on host: <172.30.1.108:9618?addrs=172.30.1.108-9618&alias=n8&noUDP&sock=startd_4243_ec6e>
...
001 (311137.005.000) 2023-06-12 19:38:58 Job executing on host: <172.30.1.108:9618?addrs=172.30.1.108-9618&alias=n8&noUDP&sock=startd_4243_ec6e>
...
001 (311137.000.000) 2023-06-12 19:38:58 Job executing on host: <172.30.1.106:9618?addrs=172.30.1.106-9618&alias=n6&noUDP&sock=startd_3274_4528>
...
001 (311137.009.000) 2023-06-12 19:38:58 Job executing on host: <172.30.1.102:9618?addrs=172.30.1.102-9618&alias=n2&noUDP&sock=startd_3313_055a>
...
001 (311137.006.000) 2023-06-12 19:38:58 Job executing on host: <172.30.1.108:9618?addrs=172.30.1.108-9618&alias=n8&noUDP&sock=startd_4243_ec6e>
...
001 (311137.007.000) 2023-06-12 19:38:58 Job executing on host: <172.30.1.108:9618?addrs=172.30.1.108-9618&alias=n8&noUDP&sock=startd_4243_ec6e>
...
006 (311137.001.000) 2023-06-12 19:39:06 Image size of job updated: 503460
	184  -  MemoryUsage of job (MB)
	188248  -  ResidentSetSize of job (KB)
...
006 (311137.002.000) 2023-06-12 19:39:06 Image size of job updated: 550980
	184  -  MemoryUsage of job (MB)
	188216  -  ResidentSetSize of job (KB)
...
006 (311137.008.000) 2023-06-12 19:39:06 Image size of job updated: 188244
	184  -  MemoryUsage of job (MB)
	188244  -  ResidentSetSize of job (KB)
...
006 (311137.003.000) 2023-06-12 19:39:06 Image size of job updated: 550644
	185  -  MemoryUsage of job (MB)
	188544  -  ResidentSetSize of job (KB)
...
006 (311137.004.000) 2023-06-12 19:39:06 Image size of job updated: 550688
	184  -  MemoryUsage of job (MB)
	188284  -  ResidentSetSize of job (KB)
...
006 (311137.005.000) 2023-06-12 19:39:06 Image size of job updated: 550716
	184  -  MemoryUsage of job (MB)
	188220  -  ResidentSetSize of job (KB)
...
006 (311137.000.000) 2023-06-12 19:39:06 Image size of job updated: 504556
	179  -  MemoryUsage of job (MB)
	182888  -  ResidentSetSize of job (KB)
...
006 (311137.009.000) 2023-06-12 19:39:07 Image size of job updated: 120444
	118  -  MemoryUsage of job (MB)
	120444  -  ResidentSetSize of job (KB)
...
006 (311137.006.000) 2023-06-12 19:39:07 Image size of job updated: 550692
	185  -  MemoryUsage of job (MB)
	188516  -  ResidentSetSize of job (KB)
...
006 (311137.007.000) 2023-06-12 19:39:07 Image size of job updated: 550716
	184  -  MemoryUsage of job (MB)
	188248  -  ResidentSetSize of job (KB)
...
006 (311137.005.000) 2023-06-12 19:42:36 Image size of job updated: 697944
	184  -  MemoryUsage of job (MB)
	188220  -  ResidentSetSize of job (KB)
...
040 (311137.005.000) 2023-06-12 19:42:36 Started transferring output files
...
040 (311137.005.000) 2023-06-12 19:42:36 Finished transferring output files
...
005 (311137.005.000) 2023-06-12 19:42:36 Job terminated.
	(1) Normal termination (return value 0)
		Usr 0 00:03:34, Sys 0 00:00:01  -  Run Remote Usage
		Usr 0 00:00:00, Sys 0 00:00:00  -  Run Local Usage
		Usr 0 00:03:34, Sys 0 00:00:01  -  Total Remote Usage
		Usr 0 00:00:00, Sys 0 00:00:00  -  Total Local Usage
	12816  -  Run Bytes Sent By Job
	147  -  Run Bytes Received By Job
	12816  -  Total Bytes Sent By Job
	147  -  Total Bytes Received By Job
	Partitionable Resources :    Usage  Request Allocated 
	   Cpus                 :     0.80        1         1 
	   Disk (KB)            :    63           1    127899 
	   Memory (MB)          :   184        3900      3968 

	Job terminated of its own accord at 2023-06-12T10:42:36Z.
...
006 (311137.004.000) 2023-06-12 19:42:39 Image size of job updated: 696664
	184  -  MemoryUsage of job (MB)
	188284  -  ResidentSetSize of job (KB)
...
040 (311137.004.000) 2023-06-12 19:42:39 Started transferring output files
...
040 (311137.004.000) 2023-06-12 19:42:39 Finished transferring output files
...
005 (311137.004.000) 2023-06-12 19:42:39 Job terminated.
	(1) Normal termination (return value 0)
		Usr 0 00:03:37, Sys 0 00:00:02  -  Run Remote Usage
		Usr 0 00:00:00, Sys 0 00:00:00  -  Run Local Usage
		Usr 0 00:03:37, Sys 0 00:00:02  -  Total Remote Usage
		Usr 0 00:00:00, Sys 0 00:00:00  -  Total Local Usage
	12616  -  Run Bytes Sent By Job
	147  -  Run Bytes Received By Job
	12616  -  Total Bytes Sent By Job
	147  -  Total Bytes Received By Job
	Partitionable Resources :    Usage  Request Allocated 
	   Cpus                 :     0.78        1         1 
	   Disk (KB)            :    63           1    127899 
	   Memory (MB)          :   184        3900      3968 

	Job terminated of its own accord at 2023-06-12T10:42:39Z.
...
006 (311137.008.000) 2023-06-12 19:42:39 Image size of job updated: 698072
	184  -  MemoryUsage of job (MB)
	188244  -  ResidentSetSize of job (KB)
...
040 (311137.008.000) 2023-06-12 19:42:39 Started transferring output files
...
040 (311137.008.000) 2023-06-12 19:42:39 Finished transferring output files
...
005 (311137.008.000) 2023-06-12 19:42:39 Job terminated.
	(1) Normal termination (return value 0)
		Usr 0 00:03:37, Sys 0 00:00:02  -  Run Remote Usage
		Usr 0 00:00:00, Sys 0 00:00:00  -  Run Local Usage
		Usr 0 00:03:37, Sys 0 00:00:02  -  Total Remote Usage
		Usr 0 00:00:00, Sys 0 00:00:00  -  Total Local Usage
	11976  -  Run Bytes Sent By Job
	147  -  Run Bytes Received By Job
	11976  -  Total Bytes Sent By Job
	147  -  Total Bytes Received By Job
	Partitionable Resources :    Usage  Request Allocated 
	   Cpus                 :                 1         1 
	   Disk (KB)            :       57        1    127899 
	   Memory (MB)          :      184     3900      3968 

	Job terminated of its own accord at 2023-06-12T10:42:39Z.
...
006 (311137.007.000) 2023-06-12 19:42:46 Image size of job updated: 696372
	184  -  MemoryUsage of job (MB)
	188248  -  ResidentSetSize of job (KB)
...
040 (311137.007.000) 2023-06-12 19:42:46 Started transferring output files
...
040 (311137.007.000) 2023-06-12 19:42:46 Finished transferring output files
...
005 (311137.007.000) 2023-06-12 19:42:46 Job terminated.
	(1) Normal termination (return value 0)
		Usr 0 00:03:44, Sys 0 00:00:01  -  Run Remote Usage
		Usr 0 00:00:00, Sys 0 00:00:00  -  Run Local Usage
		Usr 0 00:03:44, Sys 0 00:00:01  -  Total Remote Usage
		Usr 0 00:00:00, Sys 0 00:00:00  -  Total Local Usage
	11792  -  Run Bytes Sent By Job
	147  -  Run Bytes Received By Job
	11792  -  Total Bytes Sent By Job
	147  -  Total Bytes Received By Job
	Partitionable Resources :    Usage  Request Allocated 
	   Cpus                 :     0.74        1         1 
	   Disk (KB)            :    62           1    127899 
	   Memory (MB)          :   184        3900      3968 

	Job terminated of its own accord at 2023-06-12T10:42:46Z.
...
006 (311137.006.000) 2023-06-12 19:43:04 Image size of job updated: 698024
	185  -  MemoryUsage of job (MB)
	188516  -  ResidentSetSize of job (KB)
...
040 (311137.006.000) 2023-06-12 19:43:04 Started transferring output files
...
040 (311137.006.000) 2023-06-12 19:43:05 Finished transferring output files
...
005 (311137.006.000) 2023-06-12 19:43:05 Job terminated.
	(1) Normal termination (return value 0)
		Usr 0 00:04:02, Sys 0 00:00:02  -  Run Remote Usage
		Usr 0 00:00:00, Sys 0 00:00:00  -  Run Local Usage
		Usr 0 00:04:02, Sys 0 00:00:02  -  Total Remote Usage
		Usr 0 00:00:00, Sys 0 00:00:00  -  Total Local Usage
	13273  -  Run Bytes Sent By Job
	147  -  Run Bytes Received By Job
	13273  -  Total Bytes Sent By Job
	147  -  Total Bytes Received By Job
	Partitionable Resources :    Usage  Request Allocated 
	   Cpus                 :     0.77        1         1 
	   Disk (KB)            :    63           1    127899 
	   Memory (MB)          :   185        3900      3968 

	Job terminated of its own accord at 2023-06-12T10:43:04Z.
...
006 (311137.000.000) 2023-06-12 19:43:26 Image size of job updated: 698860
	179  -  MemoryUsage of job (MB)
	182928  -  ResidentSetSize of job (KB)
...
040 (311137.000.000) 2023-06-12 19:43:26 Started transferring output files
...
040 (311137.000.000) 2023-06-12 19:43:26 Finished transferring output files
...
005 (311137.000.000) 2023-06-12 19:43:26 Job terminated.
	(1) Normal termination (return value 0)
		Usr 0 00:04:22, Sys 0 00:00:03  -  Run Remote Usage
		Usr 0 00:00:00, Sys 0 00:00:00  -  Run Local Usage
		Usr 0 00:04:22, Sys 0 00:00:03  -  Total Remote Usage
		Usr 0 00:00:00, Sys 0 00:00:00  -  Total Local Usage
	12060  -  Run Bytes Sent By Job
	147  -  Run Bytes Received By Job
	12060  -  Total Bytes Sent By Job
	147  -  Total Bytes Received By Job
	Partitionable Resources :    Usage  Request Allocated 
	   Cpus                 :     0.99        1         1 
	   Disk (KB)            :    62           1     61930 
	   Memory (MB)          :   179        3900      3968 

	Job terminated of its own accord at 2023-06-12T10:43:26Z.
...
006 (311137.003.000) 2023-06-12 19:43:29 Image size of job updated: 699656
	185  -  MemoryUsage of job (MB)
	188544  -  ResidentSetSize of job (KB)
...
040 (311137.003.000) 2023-06-12 19:43:29 Started transferring output files
...
040 (311137.003.000) 2023-06-12 19:43:29 Finished transferring output files
...
005 (311137.003.000) 2023-06-12 19:43:29 Job terminated.
	(1) Normal termination (return value 0)
		Usr 0 00:04:27, Sys 0 00:00:02  -  Run Remote Usage
		Usr 0 00:00:00, Sys 0 00:00:00  -  Run Local Usage
		Usr 0 00:04:27, Sys 0 00:00:02  -  Total Remote Usage
		Usr 0 00:00:00, Sys 0 00:00:00  -  Total Local Usage
	11689  -  Run Bytes Sent By Job
	147  -  Run Bytes Received By Job
	11689  -  Total Bytes Sent By Job
	147  -  Total Bytes Received By Job
	Partitionable Resources :    Usage  Request Allocated 
	   Cpus                 :     0.77        1         1 
	   Disk (KB)            :    62           1    127899 
	   Memory (MB)          :   185        3900      3968 

	Job terminated of its own accord at 2023-06-12T10:43:29Z.
...
006 (311137.001.000) 2023-06-12 19:44:06 Image size of job updated: 699288
	220  -  MemoryUsage of job (MB)
	225196  -  ResidentSetSize of job (KB)
...
006 (311137.002.000) 2023-06-12 19:44:06 Image size of job updated: 699876
	222  -  MemoryUsage of job (MB)
	226512  -  ResidentSetSize of job (KB)
...
006 (311137.009.000) 2023-06-12 19:44:08 Image size of job updated: 697488
	221  -  MemoryUsage of job (MB)
	225516  -  ResidentSetSize of job (KB)
...
040 (311137.002.000) 2023-06-12 19:44:18 Started transferring output files
...
040 (311137.002.000) 2023-06-12 19:44:18 Finished transferring output files
...
005 (311137.002.000) 2023-06-12 19:44:18 Job terminated.
	(1) Normal termination (return value 0)
		Usr 0 00:05:12, Sys 0 00:00:01  -  Run Remote Usage
		Usr 0 00:00:00, Sys 0 00:00:00  -  Run Local Usage
		Usr 0 00:05:12, Sys 0 00:00:01  -  Total Remote Usage
		Usr 0 00:00:00, Sys 0 00:00:00  -  Total Local Usage
	12235  -  Run Bytes Sent By Job
	147  -  Run Bytes Received By Job
	12235  -  Total Bytes Sent By Job
	147  -  Total Bytes Received By Job
	Partitionable Resources :    Usage  Request Allocated 
	   Cpus                 :     1.00        1         1 
	   Disk (KB)            :    62           1    127899 
	   Memory (MB)          :   222        3900      3968 

	Job terminated of its own accord at 2023-06-12T10:44:17Z.
...
040 (311137.001.000) 2023-06-12 19:44:30 Started transferring output files
...
040 (311137.001.000) 2023-06-12 19:44:30 Finished transferring output files
...
005 (311137.001.000) 2023-06-12 19:44:30 Job terminated.
	(1) Normal termination (return value 0)
		Usr 0 00:05:25, Sys 0 00:00:03  -  Run Remote Usage
		Usr 0 00:00:00, Sys 0 00:00:00  -  Run Local Usage
		Usr 0 00:05:25, Sys 0 00:00:03  -  Total Remote Usage
		Usr 0 00:00:00, Sys 0 00:00:00  -  Total Local Usage
	12748  -  Run Bytes Sent By Job
	147  -  Run Bytes Received By Job
	12748  -  Total Bytes Sent By Job
	147  -  Total Bytes Received By Job
	Partitionable Resources :    Usage  Request Allocated 
	   Cpus                 :     0.97        1         1 
	   Disk (KB)            :    63           1     61930 
	   Memory (MB)          :   220        3900      3968 

	Job terminated of its own accord at 2023-06-12T10:44:30Z.
...
006 (311137.009.000) 2023-06-12 19:45:33 Image size of job updated: 698840
	221  -  MemoryUsage of job (MB)
	225516  -  ResidentSetSize of job (KB)
...
040 (311137.009.000) 2023-06-12 19:45:33 Started transferring output files
...
040 (311137.009.000) 2023-06-12 19:45:33 Finished transferring output files
...
005 (311137.009.000) 2023-06-12 19:45:33 Job terminated.
	(1) Normal termination (return value 0)
		Usr 0 00:06:21, Sys 0 00:00:04  -  Run Remote Usage
		Usr 0 00:00:00, Sys 0 00:00:00  -  Run Local Usage
		Usr 0 00:06:21, Sys 0 00:00:04  -  Total Remote Usage
		Usr 0 00:00:00, Sys 0 00:00:00  -  Total Local Usage
	12245  -  Run Bytes Sent By Job
	147  -  Run Bytes Received By Job
	12245  -  Total Bytes Sent By Job
	147  -  Total Bytes Received By Job
	Partitionable Resources :    Usage  Request Allocated 
	   Cpus                 :     0.99        1         1 
	   Disk (KB)            :    62           1    123869 
	   Memory (MB)          :   221        3900      3968 

	Job terminated of its own accord at 2023-06-12T10:45:33Z.
...
