000 (330281.000.000) 2023-07-25 13:21:20 Job submitted from host: <172.30.1.200:9618?addrs=172.30.1.200-9618&alias=tamsa2.snu.ac.kr&noUDP&sock=schedd_3510_2582>
...
000 (330281.001.000) 2023-07-25 13:21:20 Job submitted from host: <172.30.1.200:9618?addrs=172.30.1.200-9618&alias=tamsa2.snu.ac.kr&noUDP&sock=schedd_3510_2582>
...
000 (330281.002.000) 2023-07-25 13:21:20 Job submitted from host: <172.30.1.200:9618?addrs=172.30.1.200-9618&alias=tamsa2.snu.ac.kr&noUDP&sock=schedd_3510_2582>
...
000 (330281.003.000) 2023-07-25 13:21:20 Job submitted from host: <172.30.1.200:9618?addrs=172.30.1.200-9618&alias=tamsa2.snu.ac.kr&noUDP&sock=schedd_3510_2582>
...
000 (330281.004.000) 2023-07-25 13:21:20 Job submitted from host: <172.30.1.200:9618?addrs=172.30.1.200-9618&alias=tamsa2.snu.ac.kr&noUDP&sock=schedd_3510_2582>
...
000 (330281.005.000) 2023-07-25 13:21:20 Job submitted from host: <172.30.1.200:9618?addrs=172.30.1.200-9618&alias=tamsa2.snu.ac.kr&noUDP&sock=schedd_3510_2582>
...
000 (330281.006.000) 2023-07-25 13:21:20 Job submitted from host: <172.30.1.200:9618?addrs=172.30.1.200-9618&alias=tamsa2.snu.ac.kr&noUDP&sock=schedd_3510_2582>
...
000 (330281.007.000) 2023-07-25 13:21:20 Job submitted from host: <172.30.1.200:9618?addrs=172.30.1.200-9618&alias=tamsa2.snu.ac.kr&noUDP&sock=schedd_3510_2582>
...
000 (330281.008.000) 2023-07-25 13:21:20 Job submitted from host: <172.30.1.200:9618?addrs=172.30.1.200-9618&alias=tamsa2.snu.ac.kr&noUDP&sock=schedd_3510_2582>
...
000 (330281.009.000) 2023-07-25 13:21:20 Job submitted from host: <172.30.1.200:9618?addrs=172.30.1.200-9618&alias=tamsa2.snu.ac.kr&noUDP&sock=schedd_3510_2582>
...
001 (330281.005.000) 2023-07-25 13:21:34 Job executing on host: <172.30.1.201:9618?addrs=172.30.1.201-9618&alias=node1&noUDP&sock=startd_40439_5e70>
...
001 (330281.007.000) 2023-07-25 13:21:34 Job executing on host: <172.30.1.203:9618?addrs=172.30.1.203-9618&alias=node3&noUDP&sock=startd_3773_8aeb>
...
001 (330281.009.000) 2023-07-25 13:21:34 Job executing on host: <172.30.1.204:9618?addrs=172.30.1.204-9618&alias=node4&noUDP&sock=startd_3843_8e8c>
...
001 (330281.006.000) 2023-07-25 13:21:34 Job executing on host: <172.30.1.201:9618?addrs=172.30.1.201-9618&alias=node1&noUDP&sock=startd_40439_5e70>
...
001 (330281.008.000) 2023-07-25 13:21:34 Job executing on host: <172.30.1.203:9618?addrs=172.30.1.203-9618&alias=node3&noUDP&sock=startd_3773_8aeb>
...
001 (330281.000.000) 2023-07-25 13:21:34 Job executing on host: <172.30.1.211:9618?addrs=172.30.1.211-9618&alias=node11&noUDP&sock=startd_3790_3407>
...
001 (330281.001.000) 2023-07-25 13:21:35 Job executing on host: <172.30.1.211:9618?addrs=172.30.1.211-9618&alias=node11&noUDP&sock=startd_3790_3407>
...
001 (330281.002.000) 2023-07-25 13:21:35 Job executing on host: <172.30.1.211:9618?addrs=172.30.1.211-9618&alias=node11&noUDP&sock=startd_3790_3407>
...
001 (330281.003.000) 2023-07-25 13:21:35 Job executing on host: <172.30.1.211:9618?addrs=172.30.1.211-9618&alias=node11&noUDP&sock=startd_3790_3407>
...
001 (330281.004.000) 2023-07-25 13:21:35 Job executing on host: <172.30.1.211:9618?addrs=172.30.1.211-9618&alias=node11&noUDP&sock=startd_3790_3407>
...
006 (330281.000.000) 2023-07-25 13:21:43 Image size of job updated: 385952
	183  -  MemoryUsage of job (MB)
	187016  -  ResidentSetSize of job (KB)
...
006 (330281.001.000) 2023-07-25 13:21:43 Image size of job updated: 300876
	183  -  MemoryUsage of job (MB)
	186724  -  ResidentSetSize of job (KB)
...
006 (330281.002.000) 2023-07-25 13:21:43 Image size of job updated: 186824
	183  -  MemoryUsage of job (MB)
	186824  -  ResidentSetSize of job (KB)
...
006 (330281.005.000) 2023-07-25 13:21:43 Image size of job updated: 186812
	183  -  MemoryUsage of job (MB)
	186812  -  ResidentSetSize of job (KB)
...
006 (330281.007.000) 2023-07-25 13:21:43 Image size of job updated: 385952
	183  -  MemoryUsage of job (MB)
	186728  -  ResidentSetSize of job (KB)
...
006 (330281.009.000) 2023-07-25 13:21:43 Image size of job updated: 645488
	183  -  MemoryUsage of job (MB)
	186872  -  ResidentSetSize of job (KB)
...
006 (330281.006.000) 2023-07-25 13:21:43 Image size of job updated: 186856
	183  -  MemoryUsage of job (MB)
	186856  -  ResidentSetSize of job (KB)
...
006 (330281.008.000) 2023-07-25 13:21:43 Image size of job updated: 385844
	183  -  MemoryUsage of job (MB)
	186844  -  ResidentSetSize of job (KB)
...
006 (330281.003.000) 2023-07-25 13:21:44 Image size of job updated: 186820
	183  -  MemoryUsage of job (MB)
	186820  -  ResidentSetSize of job (KB)
...
006 (330281.004.000) 2023-07-25 13:21:44 Image size of job updated: 186868
	183  -  MemoryUsage of job (MB)
	186868  -  ResidentSetSize of job (KB)
...
006 (330281.006.000) 2023-07-25 13:22:09 Image size of job updated: 687016
	183  -  MemoryUsage of job (MB)
	186856  -  ResidentSetSize of job (KB)
...
006 (330281.009.000) 2023-07-25 13:22:09 Image size of job updated: 696496
	183  -  MemoryUsage of job (MB)
	186872  -  ResidentSetSize of job (KB)
...
005 (330281.006.000) 2023-07-25 13:22:09 Job terminated.
	(1) Normal termination (return value 0)
		Usr 0 00:00:30, Sys 0 00:00:01  -  Run Remote Usage
		Usr 0 00:00:00, Sys 0 00:00:00  -  Run Local Usage
		Usr 0 00:00:30, Sys 0 00:00:01  -  Total Remote Usage
		Usr 0 00:00:00, Sys 0 00:00:00  -  Total Local Usage
	0  -  Run Bytes Sent By Job
	0  -  Run Bytes Received By Job
	0  -  Total Bytes Sent By Job
	0  -  Total Bytes Received By Job
	Partitionable Resources :    Usage  Request Allocated 
	   Cpus                 :                 1         1 
	   Disk (KB)            :        1        1    128947 
	   Memory (MB)          :      183     3900      3968 

	Job terminated of its own accord at 2023-07-25T04:22:09Z.
...
005 (330281.009.000) 2023-07-25 13:22:09 Job terminated.
	(1) Normal termination (return value 0)
		Usr 0 00:00:30, Sys 0 00:00:01  -  Run Remote Usage
		Usr 0 00:00:00, Sys 0 00:00:00  -  Run Local Usage
		Usr 0 00:00:30, Sys 0 00:00:01  -  Total Remote Usage
		Usr 0 00:00:00, Sys 0 00:00:00  -  Total Local Usage
	0  -  Run Bytes Sent By Job
	0  -  Run Bytes Received By Job
	0  -  Total Bytes Sent By Job
	0  -  Total Bytes Received By Job
	Partitionable Resources :    Usage  Request Allocated 
	   Cpus                 :                 1         1 
	   Disk (KB)            :        1        1    128928 
	   Memory (MB)          :      183     3900      3968 

	Job terminated of its own accord at 2023-07-25T04:22:09Z.
...
006 (330281.000.000) 2023-07-25 13:22:17 Image size of job updated: 686804
	183  -  MemoryUsage of job (MB)
	187016  -  ResidentSetSize of job (KB)
...
005 (330281.000.000) 2023-07-25 13:22:17 Job terminated.
	(1) Normal termination (return value 0)
		Usr 0 00:00:37, Sys 0 00:00:02  -  Run Remote Usage
		Usr 0 00:00:00, Sys 0 00:00:00  -  Run Local Usage
		Usr 0 00:00:37, Sys 0 00:00:02  -  Total Remote Usage
		Usr 0 00:00:00, Sys 0 00:00:00  -  Total Local Usage
	0  -  Run Bytes Sent By Job
	0  -  Run Bytes Received By Job
	0  -  Total Bytes Sent By Job
	0  -  Total Bytes Received By Job
	Partitionable Resources :    Usage  Request Allocated 
	   Cpus                 :     1.00        1         1 
	   Disk (KB)            :     1           1    128928 
	   Memory (MB)          :   183        3900      3968 

	Job terminated of its own accord at 2023-07-25T04:22:17Z.
...
006 (330281.005.000) 2023-07-25 13:22:17 Image size of job updated: 696896
	183  -  MemoryUsage of job (MB)
	186812  -  ResidentSetSize of job (KB)
...
005 (330281.005.000) 2023-07-25 13:22:17 Job terminated.
	(1) Normal termination (return value 0)
		Usr 0 00:00:39, Sys 0 00:00:01  -  Run Remote Usage
		Usr 0 00:00:00, Sys 0 00:00:00  -  Run Local Usage
		Usr 0 00:00:39, Sys 0 00:00:01  -  Total Remote Usage
		Usr 0 00:00:00, Sys 0 00:00:00  -  Total Local Usage
	0  -  Run Bytes Sent By Job
	0  -  Run Bytes Received By Job
	0  -  Total Bytes Sent By Job
	0  -  Total Bytes Received By Job
	Partitionable Resources :    Usage  Request Allocated 
	   Cpus                 :                 1         1 
	   Disk (KB)            :        1        1    128947 
	   Memory (MB)          :      183     3900      3968 

	Job terminated of its own accord at 2023-07-25T04:22:17Z.
...
006 (330281.002.000) 2023-07-25 13:22:18 Image size of job updated: 687972
	183  -  MemoryUsage of job (MB)
	186824  -  ResidentSetSize of job (KB)
...
005 (330281.002.000) 2023-07-25 13:22:18 Job terminated.
	(1) Normal termination (return value 0)
		Usr 0 00:00:40, Sys 0 00:00:01  -  Run Remote Usage
		Usr 0 00:00:00, Sys 0 00:00:00  -  Run Local Usage
		Usr 0 00:00:40, Sys 0 00:00:01  -  Total Remote Usage
		Usr 0 00:00:00, Sys 0 00:00:00  -  Total Local Usage
	0  -  Run Bytes Sent By Job
	0  -  Run Bytes Received By Job
	0  -  Total Bytes Sent By Job
	0  -  Total Bytes Received By Job
	Partitionable Resources :    Usage  Request Allocated 
	   Cpus                 :     0.98        1         1 
	   Disk (KB)            :     1           1    128928 
	   Memory (MB)          :   183        3900      3968 

	Job terminated of its own accord at 2023-07-25T04:22:18Z.
...
006 (330281.003.000) 2023-07-25 13:22:18 Image size of job updated: 688848
	183  -  MemoryUsage of job (MB)
	186820  -  ResidentSetSize of job (KB)
...
005 (330281.003.000) 2023-07-25 13:22:18 Job terminated.
	(1) Normal termination (return value 0)
		Usr 0 00:00:39, Sys 0 00:00:01  -  Run Remote Usage
		Usr 0 00:00:00, Sys 0 00:00:00  -  Run Local Usage
		Usr 0 00:00:39, Sys 0 00:00:01  -  Total Remote Usage
		Usr 0 00:00:00, Sys 0 00:00:00  -  Total Local Usage
	0  -  Run Bytes Sent By Job
	0  -  Run Bytes Received By Job
	0  -  Total Bytes Sent By Job
	0  -  Total Bytes Received By Job
	Partitionable Resources :    Usage  Request Allocated 
	   Cpus                 :     1.00        1         1 
	   Disk (KB)            :     1           1    128928 
	   Memory (MB)          :   183        3900      3968 

	Job terminated of its own accord at 2023-07-25T04:22:18Z.
...
006 (330281.001.000) 2023-07-25 13:22:20 Image size of job updated: 687796
	183  -  MemoryUsage of job (MB)
	186724  -  ResidentSetSize of job (KB)
...
005 (330281.001.000) 2023-07-25 13:22:20 Job terminated.
	(1) Normal termination (return value 0)
		Usr 0 00:00:43, Sys 0 00:00:01  -  Run Remote Usage
		Usr 0 00:00:00, Sys 0 00:00:00  -  Run Local Usage
		Usr 0 00:00:43, Sys 0 00:00:01  -  Total Remote Usage
		Usr 0 00:00:00, Sys 0 00:00:00  -  Total Local Usage
	0  -  Run Bytes Sent By Job
	0  -  Run Bytes Received By Job
	0  -  Total Bytes Sent By Job
	0  -  Total Bytes Received By Job
	Partitionable Resources :    Usage  Request Allocated 
	   Cpus                 :     0.98        1         1 
	   Disk (KB)            :     1           1    128928 
	   Memory (MB)          :   183        3900      3968 

	Job terminated of its own accord at 2023-07-25T04:22:20Z.
...
006 (330281.008.000) 2023-07-25 13:22:23 Image size of job updated: 686500
	183  -  MemoryUsage of job (MB)
	186844  -  ResidentSetSize of job (KB)
...
005 (330281.008.000) 2023-07-25 13:22:23 Job terminated.
	(1) Normal termination (return value 0)
		Usr 0 00:00:46, Sys 0 00:00:01  -  Run Remote Usage
		Usr 0 00:00:00, Sys 0 00:00:00  -  Run Local Usage
		Usr 0 00:00:46, Sys 0 00:00:01  -  Total Remote Usage
		Usr 0 00:00:00, Sys 0 00:00:00  -  Total Local Usage
	0  -  Run Bytes Sent By Job
	0  -  Run Bytes Received By Job
	0  -  Total Bytes Sent By Job
	0  -  Total Bytes Received By Job
	Partitionable Resources :    Usage  Request Allocated 
	   Cpus                 :                 1         1 
	   Disk (KB)            :        1        1    128928 
	   Memory (MB)          :      183     3900      3968 

	Job terminated of its own accord at 2023-07-25T04:22:23Z.
...
006 (330281.007.000) 2023-07-25 13:22:27 Image size of job updated: 687964
	183  -  MemoryUsage of job (MB)
	186728  -  ResidentSetSize of job (KB)
...
005 (330281.007.000) 2023-07-25 13:22:27 Job terminated.
	(1) Normal termination (return value 0)
		Usr 0 00:00:50, Sys 0 00:00:01  -  Run Remote Usage
		Usr 0 00:00:00, Sys 0 00:00:00  -  Run Local Usage
		Usr 0 00:00:50, Sys 0 00:00:01  -  Total Remote Usage
		Usr 0 00:00:00, Sys 0 00:00:00  -  Total Local Usage
	0  -  Run Bytes Sent By Job
	0  -  Run Bytes Received By Job
	0  -  Total Bytes Sent By Job
	0  -  Total Bytes Received By Job
	Partitionable Resources :    Usage  Request Allocated 
	   Cpus                 :                 1         1 
	   Disk (KB)            :        1        1    128928 
	   Memory (MB)          :      183     3900      3968 

	Job terminated of its own accord at 2023-07-25T04:22:27Z.
...
006 (330281.004.000) 2023-07-25 13:22:29 Image size of job updated: 687968
	183  -  MemoryUsage of job (MB)
	186868  -  ResidentSetSize of job (KB)
...
005 (330281.004.000) 2023-07-25 13:22:29 Job terminated.
	(1) Normal termination (return value 0)
		Usr 0 00:00:52, Sys 0 00:00:01  -  Run Remote Usage
		Usr 0 00:00:00, Sys 0 00:00:00  -  Run Local Usage
		Usr 0 00:00:52, Sys 0 00:00:01  -  Total Remote Usage
		Usr 0 00:00:00, Sys 0 00:00:00  -  Total Local Usage
	0  -  Run Bytes Sent By Job
	0  -  Run Bytes Received By Job
	0  -  Total Bytes Sent By Job
	0  -  Total Bytes Received By Job
	Partitionable Resources :    Usage  Request Allocated 
	   Cpus                 :     1.00        1         1 
	   Disk (KB)            :     1           1    128928 
	   Memory (MB)          :   183        3900      3968 

	Job terminated of its own accord at 2023-07-25T04:22:29Z.
...
